54.6788 	DATA 	Keypress: o
54.6800 	Level start key press 	25
56.6916 	DATA 	Keypress: o
58.6813 	DATA 	Keypress: o
60.6925 	DATA 	Keypress: o
62.7065 	DATA 	Keypress: o
62.7218 	Level image=waterlogo.jpg 	25
63.6525 	Level injecting via pump at address 0 	25
69.6446 	DATA 	Keypress: o
69.6458 	DATA 	Keypress: o
69.6469 	DATA 	Keypress: o
69.6548 	Level WAIT 	25
70.6496 	Level RINSE 	25
72.6518 	DATA 	Keypress: o
72.6550 	Level jitter 	25
74.6393 	Level finished 	25
74.6404 	DATA 	Keypress: o
74.6556 	Level image=tasty.jpg 	25
75.6416 	DATA 	Keypress: o
75.6556 	Level injecting via pump at address 1 	25
81.6439 	DATA 	Keypress: o
81.6449 	DATA 	Keypress: o
81.6458 	DATA 	Keypress: o
81.6558 	Level WAIT 	25
82.6525 	Level RINSE 	25
84.6447 	DATA 	Keypress: o
84.6565 	Level jitter 	25
86.6392 	Level finished 	25
86.6404 	DATA 	Keypress: o
86.6493 	Level image=tasty.jpg 	25
87.6416 	DATA 	Keypress: o
87.6566 	Level injecting via pump at address 0 	25
93.6456 	DATA 	Keypress: o
93.6470 	DATA 	Keypress: o
93.6481 	DATA 	Keypress: o
93.6569 	Level WAIT 	25
94.6565 	Level RINSE 	25
96.6441 	DATA 	Keypress: o
96.6565 	Level jitter 	25
101.6393 	Level finished 	25
101.6405 	DATA 	Keypress: o
101.6415 	DATA 	Keypress: o
101.6425 	DATA 	Keypress: o
101.6526 	Level image=tasty.jpg 	25
102.6476 	Level injecting via pump at address 1 	25
108.6445 	DATA 	Keypress: o
108.6456 	DATA 	Keypress: o
108.6465 	DATA 	Keypress: o
108.6578 	Level WAIT 	25
109.6418 	DATA 	Keypress: o
109.6575 	Level RINSE 	25
111.6441 	DATA 	Keypress: o
111.6494 	Level jitter 	25
117.6393 	Level finished 	25
117.6406 	DATA 	Keypress: o
117.6419 	DATA 	Keypress: o
117.6431 	DATA 	Keypress: o
117.6516 	Level image=tasty.jpg 	25
118.6470 	Level injecting via pump at address 0 	25
124.6448 	DATA 	Keypress: o
124.6460 	DATA 	Keypress: o
124.6470 	DATA 	Keypress: o
124.6585 	Level WAIT 	25
125.6420 	DATA 	Keypress: o
125.6585 	Level RINSE 	25
127.6436 	DATA 	Keypress: o
127.6487 	Level jitter 	25
129.6393 	Level finished 	25
129.6404 	DATA 	Keypress: o
129.6548 	Level image=waterlogo.jpg 	25
130.6497 	Level injecting via pump at address 0 	25
136.6445 	DATA 	Keypress: o
136.6456 	DATA 	Keypress: o
136.6468 	DATA 	Keypress: o
136.6512 	Level WAIT 	25
137.6416 	DATA 	Keypress: o
137.6465 	Level RINSE 	25
139.6445 	DATA 	Keypress: o
139.6532 	Level jitter 	25
148.6392 	Level finished 	25
148.6406 	DATA 	Keypress: o
148.6419 	DATA 	Keypress: o
148.6431 	DATA 	Keypress: o
148.6443 	DATA 	Keypress: o
148.6545 	Level image=tasty.jpg 	25
149.6415 	DATA 	Keypress: o
149.6449 	Level injecting via pump at address 0 	25
155.6447 	DATA 	Keypress: o
155.6461 	DATA 	Keypress: o
155.6473 	DATA 	Keypress: o
155.6515 	Level WAIT 	25
156.6445 	Level RINSE 	25
158.6441 	DATA 	Keypress: o
158.6525 	Level jitter 	25
159.6393 	Level finished 	25
159.6404 	DATA 	Keypress: o
159.6621 	Level image=waterlogo.jpg 	25
160.6444 	Level injecting via pump at address 0 	25
166.6445 	DATA 	Keypress: o
166.6456 	DATA 	Keypress: o
166.6468 	DATA 	Keypress: o
166.6595 	Level WAIT 	25
167.6418 	DATA 	Keypress: o
167.6449 	Level RINSE 	25
169.6440 	DATA 	Keypress: o
169.6609 	Level jitter 	25
175.6392 	Level finished 	25
175.6406 	DATA 	Keypress: o
175.6417 	DATA 	Keypress: o
175.6429 	DATA 	Keypress: o
175.6626 	Level image=tasty.jpg 	25
176.6455 	Level injecting via pump at address 0 	25
182.6440 	DATA 	Keypress: o
182.6450 	DATA 	Keypress: o
182.6461 	DATA 	Keypress: o
182.6588 	Level WAIT 	25
183.6416 	DATA 	Keypress: o
183.6466 	Level RINSE 	25
185.6447 	DATA 	Keypress: o
185.6595 	Level jitter 	25
193.6393 	Level finished 	25
193.6405 	DATA 	Keypress: o
193.6414 	DATA 	Keypress: o
193.6424 	DATA 	Keypress: o
193.6433 	DATA 	Keypress: o
193.6519 	Level image=tasty.jpg 	25
194.6453 	Level injecting via pump at address 1 	25
200.6440 	DATA 	Keypress: o
200.6450 	DATA 	Keypress: o
200.6459 	DATA 	Keypress: o
200.6635 	Level WAIT 	25
201.6418 	DATA 	Keypress: o
201.6474 	Level RINSE 	25
203.6436 	DATA 	Keypress: o
203.6481 	Level jitter 	25
208.6393 	Level finished 	25
208.6406 	DATA 	Keypress: o
208.6419 	DATA 	Keypress: o
208.6555 	Level image=tasty.jpg 	25
209.6418 	DATA 	Keypress: o
209.6485 	Level injecting via pump at address 0 	25
215.6445 	DATA 	Keypress: o
215.6455 	DATA 	Keypress: o
215.6467 	DATA 	Keypress: o
215.6527 	Level WAIT 	25
216.6466 	Level RINSE 	25
218.6447 	DATA 	Keypress: o
218.6492 	Level jitter 	25
225.6393 	Level finished 	25
225.6406 	DATA 	Keypress: o
225.6418 	DATA 	Keypress: o
225.6429 	DATA 	Keypress: o
225.6439 	DATA 	Keypress: o
225.6661 	Level image=waterlogo.jpg 	25
226.6435 	Level injecting via pump at address 0 	25
232.6442 	DATA 	Keypress: o
232.6453 	DATA 	Keypress: o
232.6465 	DATA 	Keypress: o
232.6497 	Level WAIT 	25
233.6421 	DATA 	Keypress: o
233.6495 	Level RINSE 	25
235.6440 	DATA 	Keypress: o
235.6498 	Level jitter 	25
241.6393 	Level finished 	25
241.6406 	DATA 	Keypress: o
241.6418 	DATA 	Keypress: o
241.6429 	DATA 	Keypress: o
241.6504 	Level image=waterlogo.jpg 	25
242.6506 	Level injecting via pump at address 0 	25
248.6439 	DATA 	Keypress: o
248.6451 	DATA 	Keypress: o
248.6463 	DATA 	Keypress: o
248.6509 	Level WAIT 	25
249.6416 	DATA 	Keypress: o
249.6511 	Level RINSE 	25
251.6441 	DATA 	Keypress: o
251.6505 	Level jitter 	25
253.6392 	Level finished 	25
253.6404 	DATA 	Keypress: o
253.6515 	Level image=tasty.jpg 	25
254.6466 	Level injecting via pump at address 0 	25
260.6444 	DATA 	Keypress: o
260.6455 	DATA 	Keypress: o
260.6465 	DATA 	Keypress: o
260.6524 	Level WAIT 	25
261.6418 	DATA 	Keypress: o
261.6515 	Level RINSE 	25
263.6444 	DATA 	Keypress: o
263.6485 	Level jitter 	25
270.6392 	Level finished 	25
270.6406 	DATA 	Keypress: o
270.6417 	DATA 	Keypress: o
270.6427 	DATA 	Keypress: o
270.6523 	Level image=tasty.jpg 	25
271.6418 	DATA 	Keypress: o
271.6518 	Level injecting via pump at address 1 	25
277.6441 	DATA 	Keypress: o
277.6453 	DATA 	Keypress: o
277.6461 	DATA 	Keypress: o
277.6525 	Level WAIT 	25
278.6525 	Level RINSE 	25
280.6448 	DATA 	Keypress: o
280.6529 	Level jitter 	25
288.6393 	Level finished 	25
288.6406 	DATA 	Keypress: o
288.6417 	DATA 	Keypress: o
288.6427 	DATA 	Keypress: o
288.6436 	DATA 	Keypress: o
288.6538 	Level image=waterlogo.jpg 	25
289.6415 	DATA 	Keypress: o
289.6447 	Level injecting via pump at address 0 	25
295.6446 	DATA 	Keypress: o
295.6463 	DATA 	Keypress: o
295.6479 	DATA 	Keypress: o
295.6538 	Level WAIT 	25
296.6536 	Level RINSE 	25
298.6445 	DATA 	Keypress: o
298.6474 	Level jitter 	25
306.6393 	Level finished 	25
306.6406 	DATA 	Keypress: o
306.6419 	DATA 	Keypress: o
306.6431 	DATA 	Keypress: o
306.6442 	DATA 	Keypress: o
306.6549 	Level image=tasty.jpg 	25
307.6418 	DATA 	Keypress: o
307.6496 	Level injecting via pump at address 1 	25
313.6438 	DATA 	Keypress: o
313.6448 	DATA 	Keypress: o
313.6457 	DATA 	Keypress: o
313.6513 	Level WAIT 	25
314.6467 	Level RINSE 	25
316.6444 	DATA 	Keypress: o
316.6529 	Level jitter 	25
318.6393 	Level finished 	25
318.6406 	DATA 	Keypress: o
318.6555 	Level image=tasty.jpg 	25
319.6420 	DATA 	Keypress: o
319.6536 	Level injecting via pump at address 0 	25
325.6438 	DATA 	Keypress: o
325.6448 	DATA 	Keypress: o
325.6458 	DATA 	Keypress: o
325.6545 	Level WAIT 	25
326.6499 	Level RINSE 	25
328.6441 	DATA 	Keypress: o
328.6555 	Level jitter 	25
332.6393 	Level finished 	25
332.6405 	DATA 	Keypress: o
332.6415 	DATA 	Keypress: o
332.6518 	Level image=tasty.jpg 	25
333.6415 	DATA 	Keypress: o
333.6460 	Level injecting via pump at address 1 	25
339.6449 	DATA 	Keypress: o
339.6462 	DATA 	Keypress: o
339.6474 	DATA 	Keypress: o
339.6579 	Level WAIT 	25
340.6434 	Level RINSE 	25
342.6441 	DATA 	Keypress: o
342.6484 	Level jitter 	25
345.6393 	Level finished 	25
345.6406 	DATA 	Keypress: o
345.6419 	DATA 	Keypress: o
345.6501 	Level image=tasty.jpg 	25
346.6446 	Level injecting via pump at address 0 	25
352.6446 	DATA 	Keypress: o
352.6456 	DATA 	Keypress: o
352.6466 	DATA 	Keypress: o
352.6581 	Level WAIT 	25
353.6416 	DATA 	Keypress: o
353.6576 	Level RINSE 	25
355.6440 	DATA 	Keypress: o
355.6472 	Level jitter 	25
363.6392 	Level finished 	25
363.6406 	DATA 	Keypress: o
363.6417 	DATA 	Keypress: o
363.6429 	DATA 	Keypress: o
363.6440 	DATA 	Keypress: o
363.6557 	Level image=waterlogo.jpg 	25
364.6496 	Level injecting via pump at address 0 	25
370.6445 	DATA 	Keypress: o
370.6455 	DATA 	Keypress: o
370.6467 	DATA 	Keypress: o
370.6514 	Level WAIT 	25
371.6418 	DATA 	Keypress: o
371.6463 	Level RINSE 	25
373.6446 	DATA 	Keypress: o
373.6528 	Level jitter 	25
378.6393 	Level finished 	25
378.6406 	DATA 	Keypress: o
378.6419 	DATA 	Keypress: o
378.6585 	Level image=tasty.jpg 	25
379.6418 	DATA 	Keypress: o
379.6535 	Level injecting via pump at address 1 	25
385.6436 	DATA 	Keypress: o
385.6447 	DATA 	Keypress: o
385.6459 	DATA 	Keypress: o
385.6560 	Level WAIT 	25
386.6436 	Level RINSE 	25
388.6439 	DATA 	Keypress: o
388.6565 	Level jitter 	25
395.6393 	Level finished 	25
395.6406 	DATA 	Keypress: o
395.6419 	DATA 	Keypress: o
395.6430 	DATA 	Keypress: o
395.6440 	DATA 	Keypress: o
395.6537 	Level image=tasty.jpg 	25
396.6443 	Level injecting via pump at address 0 	25
402.6448 	DATA 	Keypress: o
402.6461 	DATA 	Keypress: o
402.6473 	DATA 	Keypress: o
402.6616 	Level WAIT 	25
403.6419 	DATA 	Keypress: o
403.6450 	Level RINSE 	25
405.6436 	DATA 	Keypress: o
405.6507 	Level jitter 	25
413.6392 	Level finished 	25
413.6406 	DATA 	Keypress: o
413.6416 	DATA 	Keypress: o
413.6428 	DATA 	Keypress: o
413.6437 	DATA 	Keypress: o
413.6575 	Level image=tasty.jpg 	25
414.6455 	Level injecting via pump at address 0 	25
420.6444 	DATA 	Keypress: o
420.6456 	DATA 	Keypress: o
420.6466 	DATA 	Keypress: o
420.6547 	Level WAIT 	25
421.6418 	DATA 	Keypress: o
421.6462 	Level RINSE 	25
423.6444 	DATA 	Keypress: o
423.6545 	Level jitter 	25
430.6392 	Level finished 	25
