59.2419 	DATA 	Keypress: o
59.2428 	Level start key press 	25
61.2410 	DATA 	Keypress: o
63.2401 	DATA 	Keypress: o
65.2538 	DATA 	Keypress: o
67.2570 	DATA 	Keypress: o
68.0194 	Level image=waterlogo.jpg 	25
68.9651 	Level injecting via pump at address 0 	25
74.9590 	DATA 	Keypress: o
74.9603 	DATA 	Keypress: o
74.9615 	DATA 	Keypress: o
74.9826 	Level WAIT 	25
75.9565 	DATA 	Keypress: o
75.9616 	Level RINSE 	25
77.9687 	DATA 	Keypress: o
77.9835 	Level jitter 	25
84.9537 	Level finished 	25
84.9552 	DATA 	Keypress: o
84.9565 	DATA 	Keypress: o
84.9577 	DATA 	Keypress: o
84.9816 	Level image=waterlogo.jpg 	25
85.9567 	DATA 	Keypress: o
85.9690 	Level injecting via pump at address 0 	25
91.9592 	DATA 	Keypress: o
91.9608 	DATA 	Keypress: o
91.9620 	DATA 	Keypress: o
91.9768 	Level WAIT 	25
92.9714 	Level RINSE 	25
94.9591 	DATA 	Keypress: o
94.9776 	Level jitter 	25
99.9537 	Level finished 	25
99.9553 	DATA 	Keypress: o
99.9566 	DATA 	Keypress: o
99.9578 	DATA 	Keypress: o
99.9842 	Level image=tasty.jpg 	25
100.9629 	Level injecting via pump at address 1 	25
106.9595 	DATA 	Keypress: o
106.9609 	DATA 	Keypress: o
106.9621 	DATA 	Keypress: o
106.9810 	Level WAIT 	25
107.9565 	DATA 	Keypress: o
107.9595 	Level RINSE 	25
109.9593 	DATA 	Keypress: o
109.9656 	Level jitter 	25
112.9537 	Level finished 	25
112.9553 	DATA 	Keypress: o
112.9665 	Level image=tasty.jpg 	25
113.9566 	DATA 	Keypress: o
113.9613 	Level injecting via pump at address 0 	25
119.9603 	DATA 	Keypress: o
119.9619 	DATA 	Keypress: o
119.9631 	DATA 	Keypress: o
119.9720 	Level WAIT 	25
120.9734 	Level RINSE 	25
122.9591 	DATA 	Keypress: o
122.9796 	Level jitter 	25
128.9537 	Level finished 	25
128.9554 	DATA 	Keypress: o
128.9567 	DATA 	Keypress: o
128.9579 	DATA 	Keypress: o
128.9654 	Level image=tasty.jpg 	25
129.9566 	DATA 	Keypress: o
129.9764 	Level injecting via pump at address 0 	25
135.9587 	DATA 	Keypress: o
135.9597 	DATA 	Keypress: o
135.9609 	DATA 	Keypress: o
135.9727 	Level WAIT 	25
136.9726 	Level RINSE 	25
138.9604 	DATA 	Keypress: o
138.9735 	Level jitter 	25
147.9537 	Level finished 	25
147.9551 	DATA 	Keypress: o
147.9565 	DATA 	Keypress: o
147.9577 	DATA 	Keypress: o
147.9587 	DATA 	Keypress: o
147.9597 	DATA 	Keypress: o
147.9814 	Level image=tasty.jpg 	25
148.9594 	Level injecting via pump at address 1 	25
154.9593 	DATA 	Keypress: o
154.9606 	DATA 	Keypress: o
154.9618 	DATA 	Keypress: o
154.9782 	Level WAIT 	25
155.9568 	DATA 	Keypress: o
155.9723 	Level RINSE 	25
157.9600 	DATA 	Keypress: o
157.9750 	Level jitter 	25
163.9537 	Level finished 	25
163.9549 	DATA 	Keypress: o
163.9560 	DATA 	Keypress: o
163.9571 	DATA 	Keypress: o
163.9800 	Level image=tasty.jpg 	25
164.9757 	Level injecting via pump at address 0 	25
170.9595 	DATA 	Keypress: o
170.9607 	DATA 	Keypress: o
170.9619 	DATA 	Keypress: o
170.9760 	Level WAIT 	25
171.9567 	DATA 	Keypress: o
171.9720 	Level RINSE 	25
173.9597 	DATA 	Keypress: o
173.9749 	Level jitter 	25
176.9537 	Level finished 	25
176.9552 	DATA 	Keypress: o
176.9793 	Level image=tasty.jpg 	25
177.9567 	DATA 	Keypress: o
177.9737 	Level injecting via pump at address 1 	25
183.9597 	DATA 	Keypress: o
183.9610 	DATA 	Keypress: o
183.9620 	DATA 	Keypress: o
183.9917 	Level WAIT 	25
184.9695 	Level RINSE 	25
186.9595 	DATA 	Keypress: o
186.9756 	Level jitter 	25
191.9537 	Level finished 	25
191.9550 	DATA 	Keypress: o
191.9560 	DATA 	Keypress: o
191.9570 	DATA 	Keypress: o
191.9666 	Level image=tasty.jpg 	25
192.9764 	Level injecting via pump at address 0 	25
198.9602 	DATA 	Keypress: o
198.9616 	DATA 	Keypress: o
198.9628 	DATA 	Keypress: o
198.9770 	Level WAIT 	25
199.9562 	DATA 	Keypress: o
199.9607 	Level RINSE 	25
201.9594 	DATA 	Keypress: o
201.9637 	Level jitter 	25
202.9537 	Level finished 	25
202.9749 	Level image=waterlogo.jpg 	25
203.9569 	DATA 	Keypress: o
203.9696 	Level injecting via pump at address 0 	25
209.9596 	DATA 	Keypress: o
209.9609 	DATA 	Keypress: o
209.9621 	DATA 	Keypress: o
209.9717 	Level WAIT 	25
210.9664 	Level RINSE 	25
212.9598 	DATA 	Keypress: o
212.9725 	Level jitter 	25
217.9537 	Level finished 	25
217.9553 	DATA 	Keypress: o
217.9566 	DATA 	Keypress: o
217.9578 	DATA 	Keypress: o
217.9794 	Level image=waterlogo.jpg 	25
218.9735 	Level injecting via pump at address 0 	25
224.9595 	DATA 	Keypress: o
224.9609 	DATA 	Keypress: o
224.9624 	DATA 	Keypress: o
224.9756 	Level WAIT 	25
225.9567 	DATA 	Keypress: o
225.9625 	Level RINSE 	25
227.9599 	DATA 	Keypress: o
227.9760 	Level jitter 	25
230.9537 	Level finished 	25
230.9550 	DATA 	Keypress: o
230.9777 	Level image=tasty.jpg 	25
231.9567 	DATA 	Keypress: o
231.9716 	Level injecting via pump at address 0 	25
237.9596 	DATA 	Keypress: o
237.9609 	DATA 	Keypress: o
237.9623 	DATA 	Keypress: o
237.9739 	Level WAIT 	25
238.9689 	Level RINSE 	25
240.9592 	DATA 	Keypress: o
240.9743 	Level jitter 	25
246.9537 	Level finished 	25
246.9550 	DATA 	Keypress: o
246.9561 	DATA 	Keypress: o
246.9573 	DATA 	Keypress: o
246.9766 	Level image=waterlogo.jpg 	25
247.9569 	DATA 	Keypress: o
247.9713 	Level injecting via pump at address 0 	25
253.9595 	DATA 	Keypress: o
253.9608 	DATA 	Keypress: o
253.9620 	DATA 	Keypress: o
253.9733 	Level WAIT 	25
254.9642 	Level RINSE 	25
256.9593 	DATA 	Keypress: o
256.9640 	Level jitter 	25
258.9537 	Level finished 	25
258.9551 	DATA 	Keypress: o
258.9647 	Level image=waterlogo.jpg 	25
259.9562 	DATA 	Keypress: o
259.9744 	Level injecting via pump at address 0 	25
265.9598 	DATA 	Keypress: o
265.9611 	DATA 	Keypress: o
265.9622 	DATA 	Keypress: o
265.9757 	Level WAIT 	25
266.9705 	Level RINSE 	25
268.9587 	DATA 	Keypress: o
268.9779 	Level jitter 	25
276.9537 	Level finished 	25
276.9551 	DATA 	Keypress: o
276.9564 	DATA 	Keypress: o
276.9574 	DATA 	Keypress: o
276.9583 	DATA 	Keypress: o
276.9679 	Level image=tasty.jpg 	25
277.9564 	DATA 	Keypress: o
277.9635 	Level injecting via pump at address 0 	25
283.9594 	DATA 	Keypress: o
283.9604 	DATA 	Keypress: o
283.9613 	DATA 	Keypress: o
283.9820 	Level WAIT 	25
284.9756 	Level RINSE 	25
286.9588 	DATA 	Keypress: o
286.9816 	Level jitter 	25
291.9537 	Level finished 	25
291.9549 	DATA 	Keypress: o
291.9564 	DATA 	Keypress: o
291.9575 	DATA 	Keypress: o
291.9727 	Level image=waterlogo.jpg 	25
292.9676 	Level injecting via pump at address 0 	25
298.9591 	DATA 	Keypress: o
298.9603 	DATA 	Keypress: o
298.9615 	DATA 	Keypress: o
298.9866 	Level WAIT 	25
299.9563 	DATA 	Keypress: o
299.9636 	Level RINSE 	25
301.9595 	DATA 	Keypress: o
301.9700 	Level jitter 	25
306.9537 	Level finished 	25
306.9552 	DATA 	Keypress: o
306.9566 	DATA 	Keypress: o
306.9763 	Level image=tasty.jpg 	25
307.9568 	DATA 	Keypress: o
307.9710 	Level injecting via pump at address 0 	25
313.9595 	DATA 	Keypress: o
313.9607 	DATA 	Keypress: o
313.9619 	DATA 	Keypress: o
313.9693 	Level WAIT 	25
314.9842 	Level RINSE 	25
316.9594 	DATA 	Keypress: o
316.9746 	Level jitter 	25
323.9537 	Level finished 	25
323.9552 	DATA 	Keypress: o
323.9565 	DATA 	Keypress: o
323.9578 	DATA 	Keypress: o
323.9590 	DATA 	Keypress: o
323.9690 	Level image=tasty.jpg 	25
324.9647 	Level injecting via pump at address 1 	25
330.9592 	DATA 	Keypress: o
330.9605 	DATA 	Keypress: o
330.9616 	DATA 	Keypress: o
330.9837 	Level WAIT 	25
331.9566 	DATA 	Keypress: o
331.9624 	Level RINSE 	25
333.9589 	DATA 	Keypress: o
333.9852 	Level jitter 	25
337.9537 	Level finished 	25
337.9550 	DATA 	Keypress: o
337.9563 	DATA 	Keypress: o
337.9806 	Level image=tasty.jpg 	25
338.9584 	Level injecting via pump at address 0 	25
344.9591 	DATA 	Keypress: o
344.9605 	DATA 	Keypress: o
344.9617 	DATA 	Keypress: o
344.9762 	Level WAIT 	25
345.9565 	DATA 	Keypress: o
345.9873 	Level RINSE 	25
347.9588 	DATA 	Keypress: o
347.9777 	Level jitter 	25
350.9537 	Level finished 	25
350.9551 	DATA 	Keypress: o
350.9780 	Level image=tasty.jpg 	25
351.9566 	DATA 	Keypress: o
351.9714 	Level injecting via pump at address 1 	25
357.9588 	DATA 	Keypress: o
357.9600 	DATA 	Keypress: o
357.9610 	DATA 	Keypress: o
357.9753 	Level WAIT 	25
358.9690 	Level RINSE 	25
360.9594 	DATA 	Keypress: o
360.9713 	Level jitter 	25
365.9537 	Level finished 	25
365.9554 	DATA 	Keypress: o
365.9569 	DATA 	Keypress: o
365.9583 	DATA 	Keypress: o
365.9661 	Level image=tasty.jpg 	25
366.9600 	Level injecting via pump at address 0 	25
372.9595 	DATA 	Keypress: o
372.9608 	DATA 	Keypress: o
372.9619 	DATA 	Keypress: o
372.9789 	Level WAIT 	25
373.9567 	DATA 	Keypress: o
373.9726 	Level RINSE 	25
375.9604 	DATA 	Keypress: o
375.9731 	Level jitter 	25
376.9537 	Level finished 	25
376.9724 	Level image=tasty.jpg 	25
377.9568 	DATA 	Keypress: o
377.9686 	Level injecting via pump at address 1 	25
383.9597 	DATA 	Keypress: o
383.9610 	DATA 	Keypress: o
383.9621 	DATA 	Keypress: o
383.9710 	Level WAIT 	25
384.9652 	Level RINSE 	25
386.9592 	DATA 	Keypress: o
386.9887 	Level jitter 	25
395.9537 	Level finished 	25
395.9554 	DATA 	Keypress: o
395.9570 	DATA 	Keypress: o
395.9584 	DATA 	Keypress: o
395.9596 	DATA 	Keypress: o
395.9608 	DATA 	Keypress: o
395.9911 	Level image=tasty.jpg 	25
396.9685 	Level injecting via pump at address 1 	25
402.9596 	DATA 	Keypress: o
402.9608 	DATA 	Keypress: o
402.9619 	DATA 	Keypress: o
402.9707 	Level WAIT 	25
403.9566 	DATA 	Keypress: o
403.9816 	Level RINSE 	25
405.9591 	DATA 	Keypress: o
405.9720 	Level jitter 	25
414.9537 	Level finished 	25
414.9550 	DATA 	Keypress: o
414.9561 	DATA 	Keypress: o
414.9571 	DATA 	Keypress: o
414.9582 	DATA 	Keypress: o
414.9907 	Level image=tasty.jpg 	25
415.9562 	DATA 	Keypress: o
415.9693 	Level injecting via pump at address 0 	25
421.9595 	DATA 	Keypress: o
421.9607 	DATA 	Keypress: o
421.9617 	DATA 	Keypress: o
421.9867 	Level WAIT 	25
422.9654 	Level RINSE 	25
424.9595 	DATA 	Keypress: o
424.9716 	Level jitter 	25
426.9537 	Level finished 	25
