55.7299 	DATA 	Keypress: o
55.7307 	Level start key press 	25
57.7293 	DATA 	Keypress: o
59.7363 	DATA 	Keypress: o
61.7303 	DATA 	Keypress: o
63.7569 	DATA 	Keypress: o
63.7603 	Level image=waterlogo.jpg 	25
64.7074 	Level injecting via pump at address 0 	25
70.7003 	DATA 	Keypress: o
70.7017 	DATA 	Keypress: o
70.7030 	DATA 	Keypress: o
70.7101 	Level WAIT 	25
71.7048 	Level RINSE 	25
73.7075 	DATA 	Keypress: o
73.7108 	Level jitter 	25
82.6943 	Level finished 	25
82.6960 	DATA 	Keypress: o
82.6974 	DATA 	Keypress: o
82.6986 	DATA 	Keypress: o
82.6997 	DATA 	Keypress: o
82.7007 	DATA 	Keypress: o
82.7131 	Level image=waterlogo.jpg 	25
83.7086 	Level injecting via pump at address 0 	25
89.6996 	DATA 	Keypress: o
89.7008 	DATA 	Keypress: o
89.7018 	DATA 	Keypress: o
89.7106 	Level WAIT 	25
90.6969 	DATA 	Keypress: o
90.7047 	Level RINSE 	25
92.6995 	DATA 	Keypress: o
92.7121 	Level jitter 	25
97.6943 	Level finished 	25
97.6955 	DATA 	Keypress: o
97.6965 	DATA 	Keypress: o
97.7139 	Level image=tasty.jpg 	25
98.6983 	DATA 	Keypress: o
98.7131 	Level injecting via pump at address 0 	25
104.6997 	DATA 	Keypress: o
104.7009 	DATA 	Keypress: o
104.7019 	DATA 	Keypress: o
104.7146 	Level WAIT 	25
105.6985 	Level RINSE 	25
107.6987 	DATA 	Keypress: o
107.7155 	Level jitter 	25
108.6943 	Level finished 	25
108.6954 	DATA 	Keypress: o
108.7116 	Level image=tasty.jpg 	25
109.6988 	Level injecting via pump at address 1 	25
115.6992 	DATA 	Keypress: o
115.7002 	DATA 	Keypress: o
115.7011 	DATA 	Keypress: o
115.7082 	Level WAIT 	25
116.6971 	DATA 	Keypress: o
116.7029 	Level RINSE 	25
118.6991 	DATA 	Keypress: o
118.7090 	Level jitter 	25
123.6943 	Level finished 	25
123.6956 	DATA 	Keypress: o
123.6971 	DATA 	Keypress: o
123.7163 	Level image=tasty.jpg 	25
124.6967 	DATA 	Keypress: o
124.7012 	Level injecting via pump at address 0 	25
130.6995 	DATA 	Keypress: o
130.7007 	DATA 	Keypress: o
130.7017 	DATA 	Keypress: o
130.7129 	Level WAIT 	25
131.7017 	Level RINSE 	25
133.6991 	DATA 	Keypress: o
133.7137 	Level jitter 	25
137.6943 	Level finished 	25
137.6956 	DATA 	Keypress: o
137.6967 	DATA 	Keypress: o
137.7100 	Level image=waterlogo.jpg 	25
138.6968 	DATA 	Keypress: o
138.7022 	Level injecting via pump at address 0 	25
144.6994 	DATA 	Keypress: o
144.7007 	DATA 	Keypress: o
144.7020 	DATA 	Keypress: o
144.7069 	Level WAIT 	25
145.7010 	Level RINSE 	25
147.6991 	DATA 	Keypress: o
147.7034 	Level jitter 	25
149.6943 	Level finished 	25
149.6956 	DATA 	Keypress: o
149.7034 	Level image=tasty.jpg 	25
150.6968 	DATA 	Keypress: o
150.7036 	Level injecting via pump at address 0 	25
156.6992 	DATA 	Keypress: o
156.7004 	DATA 	Keypress: o
156.7016 	DATA 	Keypress: o
156.7111 	Level WAIT 	25
157.7039 	Level RINSE 	25
159.7012 	DATA 	Keypress: o
159.7048 	Level jitter 	25
167.6943 	Level finished 	25
167.6957 	DATA 	Keypress: o
167.6972 	DATA 	Keypress: o
167.6984 	DATA 	Keypress: o
167.6997 	DATA 	Keypress: o
167.7197 	Level image=waterlogo.jpg 	25
168.6973 	DATA 	Keypress: o
168.7054 	Level injecting via pump at address 0 	25
174.6994 	DATA 	Keypress: o
174.7006 	DATA 	Keypress: o
174.7016 	DATA 	Keypress: o
174.7066 	Level WAIT 	25
175.7068 	Level RINSE 	25
177.6992 	DATA 	Keypress: o
177.7072 	Level jitter 	25
182.6943 	Level finished 	25
182.6957 	DATA 	Keypress: o
182.6969 	DATA 	Keypress: o
182.6983 	DATA 	Keypress: o
182.7073 	Level image=tasty.jpg 	25
183.7031 	Level injecting via pump at address 1 	25
189.6995 	DATA 	Keypress: o
189.7006 	DATA 	Keypress: o
189.7018 	DATA 	Keypress: o
189.7055 	Level WAIT 	25
190.6970 	DATA 	Keypress: o
190.7085 	Level RINSE 	25
192.6995 	DATA 	Keypress: o
192.7058 	Level jitter 	25
194.6943 	Level finished 	25
194.6955 	DATA 	Keypress: o
194.7087 	Level image=tasty.jpg 	25
195.7067 	Level injecting via pump at address 0 	25
201.6999 	DATA 	Keypress: o
201.7012 	DATA 	Keypress: o
201.7024 	DATA 	Keypress: o
201.7093 	Level WAIT 	25
202.6971 	DATA 	Keypress: o
202.7033 	Level RINSE 	25
204.6994 	DATA 	Keypress: o
204.7090 	Level jitter 	25
207.6943 	Level finished 	25
207.6954 	DATA 	Keypress: o
207.7103 	Level image=waterlogo.jpg 	25
208.6967 	DATA 	Keypress: o
208.7054 	Level injecting via pump at address 0 	25
214.7003 	DATA 	Keypress: o
214.7017 	DATA 	Keypress: o
214.7029 	DATA 	Keypress: o
214.7079 	Level WAIT 	25
215.7027 	Level RINSE 	25
217.7004 	DATA 	Keypress: o
217.7087 	Level jitter 	25
225.6943 	Level finished 	25
225.6957 	DATA 	Keypress: o
225.6970 	DATA 	Keypress: o
225.6983 	DATA 	Keypress: o
225.6995 	DATA 	Keypress: o
225.7125 	Level image=tasty.jpg 	25
226.6969 	DATA 	Keypress: o
226.7112 	Level injecting via pump at address 0 	25
232.7000 	DATA 	Keypress: o
232.7012 	DATA 	Keypress: o
232.7022 	DATA 	Keypress: o
232.7135 	Level WAIT 	25
233.7087 	Level RINSE 	25
235.6989 	DATA 	Keypress: o
235.7140 	Level jitter 	25
237.6943 	Level finished 	25
237.6955 	DATA 	Keypress: o
237.7045 	Level image=tasty.jpg 	25
238.6970 	DATA 	Keypress: o
238.7138 	Level injecting via pump at address 1 	25
244.7002 	DATA 	Keypress: o
244.7016 	DATA 	Keypress: o
244.7029 	DATA 	Keypress: o
244.7143 	Level WAIT 	25
245.7124 	Level RINSE 	25
247.6989 	DATA 	Keypress: o
247.7020 	Level jitter 	25
256.6943 	Level finished 	25
256.6957 	DATA 	Keypress: o
256.6969 	DATA 	Keypress: o
256.6981 	DATA 	Keypress: o
256.6994 	DATA 	Keypress: o
256.7005 	DATA 	Keypress: o
256.7160 	Level image=waterlogo.jpg 	25
257.6996 	Level injecting via pump at address 0 	25
263.7000 	DATA 	Keypress: o
263.7011 	DATA 	Keypress: o
263.7021 	DATA 	Keypress: o
263.7172 	Level WAIT 	25
264.6968 	DATA 	Keypress: o
264.6999 	Level RINSE 	25
266.6986 	DATA 	Keypress: o
266.7022 	Level jitter 	25
274.6943 	Level finished 	25
274.6957 	DATA 	Keypress: o
274.6970 	DATA 	Keypress: o
274.6984 	DATA 	Keypress: o
274.6993 	DATA 	Keypress: o
274.7105 	Level image=tasty.jpg 	25
275.7015 	Level injecting via pump at address 0 	25
281.6995 	DATA 	Keypress: o
281.7007 	DATA 	Keypress: o
281.7018 	DATA 	Keypress: o
281.7081 	Level WAIT 	25
282.6967 	DATA 	Keypress: o
282.7019 	Level RINSE 	25
284.6994 	DATA 	Keypress: o
284.7027 	Level jitter 	25
286.6943 	Level finished 	25
286.6955 	DATA 	Keypress: o
286.7034 	Level image=waterlogo.jpg 	25
287.7031 	Level injecting via pump at address 0 	25
293.7001 	DATA 	Keypress: o
293.7015 	DATA 	Keypress: o
293.7027 	DATA 	Keypress: o
293.7117 	Level WAIT 	25
294.6967 	DATA 	Keypress: o
294.7033 	Level RINSE 	25
296.6993 	DATA 	Keypress: o
296.7034 	Level jitter 	25
303.6943 	Level finished 	25
303.6957 	DATA 	Keypress: o
303.6969 	DATA 	Keypress: o
303.6980 	DATA 	Keypress: o
303.7058 	Level image=tasty.jpg 	25
304.6971 	DATA 	Keypress: o
304.7038 	Level injecting via pump at address 1 	25
310.6990 	DATA 	Keypress: o
310.7000 	DATA 	Keypress: o
310.7009 	DATA 	Keypress: o
310.7051 	Level WAIT 	25
311.7012 	Level RINSE 	25
313.6993 	DATA 	Keypress: o
313.7065 	Level jitter 	25
318.6943 	Level finished 	25
318.6955 	DATA 	Keypress: o
318.6967 	DATA 	Keypress: o
318.6978 	DATA 	Keypress: o
318.7068 	Level image=tasty.jpg 	25
319.7067 	Level injecting via pump at address 0 	25
325.6993 	DATA 	Keypress: o
325.7006 	DATA 	Keypress: o
325.7016 	DATA 	Keypress: o
325.7072 	Level WAIT 	25
326.6971 	DATA 	Keypress: o
326.7062 	Level RINSE 	25
328.7001 	DATA 	Keypress: o
328.7079 	Level jitter 	25
330.6943 	Level finished 	25
330.6955 	DATA 	Keypress: o
330.7080 	Level image=tasty.jpg 	25
331.7080 	Level injecting via pump at address 1 	25
337.7000 	DATA 	Keypress: o
337.7013 	DATA 	Keypress: o
337.7023 	DATA 	Keypress: o
337.7089 	Level WAIT 	25
338.6967 	DATA 	Keypress: o
338.7085 	Level RINSE 	25
340.6988 	DATA 	Keypress: o
340.7086 	Level jitter 	25
343.6943 	Level finished 	25
343.6956 	DATA 	Keypress: o
343.7098 	Level image=tasty.jpg 	25
344.6968 	DATA 	Keypress: o
344.7099 	Level injecting via pump at address 0 	25
350.6992 	DATA 	Keypress: o
350.7004 	DATA 	Keypress: o
350.7014 	DATA 	Keypress: o
350.7104 	Level WAIT 	25
351.7079 	Level RINSE 	25
353.6997 	DATA 	Keypress: o
353.7102 	Level jitter 	25
355.6943 	Level finished 	25
355.6954 	DATA 	Keypress: o
355.7041 	Level image=tasty.jpg 	25
356.6968 	DATA 	Keypress: o
356.7114 	Level injecting via pump at address 1 	25
362.7002 	DATA 	Keypress: o
362.7017 	DATA 	Keypress: o
362.7029 	DATA 	Keypress: o
362.7120 	Level WAIT 	25
363.7118 	Level RINSE 	25
365.7003 	DATA 	Keypress: o
365.7118 	Level jitter 	25
369.6943 	Level finished 	25
369.6955 	DATA 	Keypress: o
369.6965 	DATA 	Keypress: o
369.7120 	Level image=tasty.jpg 	25
370.6971 	DATA 	Keypress: o
370.7094 	Level injecting via pump at address 0 	25
376.6993 	DATA 	Keypress: o
376.7005 	DATA 	Keypress: o
376.7015 	DATA 	Keypress: o
376.7116 	Level WAIT 	25
377.7066 	Level RINSE 	25
379.6993 	DATA 	Keypress: o
379.7125 	Level jitter 	25
381.6943 	Level finished 	25
381.6956 	DATA 	Keypress: o
381.7144 	Level image=tasty.jpg 	25
382.6974 	DATA 	Keypress: o
382.7127 	Level injecting via pump at address 1 	25
388.6995 	DATA 	Keypress: o
388.7009 	DATA 	Keypress: o
388.7020 	DATA 	Keypress: o
388.7153 	Level WAIT 	25
389.6987 	Level RINSE 	25
391.6992 	DATA 	Keypress: o
391.7151 	Level jitter 	25
399.6943 	Level finished 	25
399.6957 	DATA 	Keypress: o
399.6969 	DATA 	Keypress: o
399.6981 	DATA 	Keypress: o
399.6991 	DATA 	Keypress: o
399.7083 	Level image=tasty.jpg 	25
400.6968 	DATA 	Keypress: o
400.7025 	Level injecting via pump at address 0 	25
406.7005 	DATA 	Keypress: o
406.7019 	DATA 	Keypress: o
406.7031 	DATA 	Keypress: o
406.7168 	Level WAIT 	25
407.6998 	Level RINSE 	25
409.6989 	DATA 	Keypress: o
409.7052 	Level jitter 	25
416.6943 	Level finished 	25
