233.2588 	DATA 	Keypress: o
233.2595 	Level start key press 	25
235.2808 	DATA 	Keypress: o
237.2643 	DATA 	Keypress: o
239.2645 	DATA 	Keypress: o
241.2647 	DATA 	Keypress: o
241.7791 	Level image=waterlogo.jpg 	25
242.7297 	Level injecting via pump at address 0 	25
248.7172 	DATA 	Keypress: o
248.7184 	DATA 	Keypress: o
248.7194 	DATA 	Keypress: o
248.7299 	Level WAIT 	25
249.7151 	DATA 	Keypress: o
249.7300 	Level RINSE 	25
251.7242 	DATA 	Keypress: o
251.7301 	Level jitter 	25
257.7123 	Level finished 	25
257.7135 	DATA 	Keypress: o
257.7145 	DATA 	Keypress: o
257.7155 	DATA 	Keypress: o
257.7314 	Level image=tasty.jpg 	25
258.7312 	Level injecting via pump at address 1 	25
264.7175 	DATA 	Keypress: o
264.7187 	DATA 	Keypress: o
264.7197 	DATA 	Keypress: o
264.7318 	Level WAIT 	25
265.7148 	DATA 	Keypress: o
265.7319 	Level RINSE 	25
267.7173 	DATA 	Keypress: o
267.7325 	Level jitter 	25
273.7123 	Level finished 	25
273.7135 	DATA 	Keypress: o
273.7144 	DATA 	Keypress: o
273.7153 	DATA 	Keypress: o
273.7330 	Level image=tasty.jpg 	25
274.7330 	Level injecting via pump at address 1 	25
280.7169 	DATA 	Keypress: o
280.7179 	DATA 	Keypress: o
280.7190 	DATA 	Keypress: o
280.7341 	Level WAIT 	25
281.7147 	DATA 	Keypress: o
281.7338 	Level RINSE 	25
283.7172 	DATA 	Keypress: o
283.7340 	Level jitter 	25
285.7123 	Level finished 	25
285.7135 	DATA 	Keypress: o
285.7343 	Level image=waterlogo.jpg 	25
286.7345 	Level injecting via pump at address 0 	25
292.7175 	DATA 	Keypress: o
292.7186 	DATA 	Keypress: o
292.7195 	DATA 	Keypress: o
292.7354 	Level WAIT 	25
293.7148 	DATA 	Keypress: o
293.7352 	Level RINSE 	25
295.7167 	DATA 	Keypress: o
295.7353 	Level jitter 	25
301.7123 	Level finished 	25
301.7137 	DATA 	Keypress: o
301.7148 	DATA 	Keypress: o
301.7161 	DATA 	Keypress: o
301.7362 	Level image=tasty.jpg 	25
302.7368 	Level injecting via pump at address 1 	25
308.7173 	DATA 	Keypress: o
308.7183 	DATA 	Keypress: o
308.7193 	DATA 	Keypress: o
308.7369 	Level WAIT 	25
309.7151 	DATA 	Keypress: o
309.7370 	Level RINSE 	25
311.7173 	DATA 	Keypress: o
311.7373 	Level jitter 	25
316.7123 	Level finished 	25
316.7135 	DATA 	Keypress: o
316.7144 	DATA 	Keypress: o
316.7384 	Level image=waterlogo.jpg 	25
317.7147 	DATA 	Keypress: o
317.7381 	Level injecting via pump at address 0 	25
323.7173 	DATA 	Keypress: o
323.7186 	DATA 	Keypress: o
323.7201 	DATA 	Keypress: o
323.7387 	Level WAIT 	25
324.7388 	Level RINSE 	25
326.7169 	DATA 	Keypress: o
326.7395 	Level jitter 	25
331.7123 	Level finished 	25
331.7137 	DATA 	Keypress: o
331.7149 	DATA 	Keypress: o
331.7161 	DATA 	Keypress: o
331.7398 	Level image=tasty.jpg 	25
332.7231 	Level injecting via pump at address 1 	25
338.7172 	DATA 	Keypress: o
338.7182 	DATA 	Keypress: o
338.7192 	DATA 	Keypress: o
338.7242 	Level WAIT 	25
339.7150 	DATA 	Keypress: o
339.7240 	Level RINSE 	25
341.7178 	DATA 	Keypress: o
341.7242 	Level jitter 	25
347.7123 	Level finished 	25
347.7137 	DATA 	Keypress: o
347.7149 	DATA 	Keypress: o
347.7160 	DATA 	Keypress: o
347.7415 	Level image=waterlogo.jpg 	25
348.7254 	Level injecting via pump at address 0 	25
354.7177 	DATA 	Keypress: o
354.7189 	DATA 	Keypress: o
354.7199 	DATA 	Keypress: o
354.7257 	Level WAIT 	25
355.7148 	DATA 	Keypress: o
355.7258 	Level RINSE 	25
357.7173 	DATA 	Keypress: o
357.7260 	Level jitter 	25
360.7123 	Level finished 	25
360.7134 	DATA 	Keypress: o
360.7268 	Level image=tasty.jpg 	25
361.7148 	DATA 	Keypress: o
361.7265 	Level injecting via pump at address 1 	25
367.7175 	DATA 	Keypress: o
367.7186 	DATA 	Keypress: o
367.7195 	DATA 	Keypress: o
367.7438 	Level WAIT 	25
368.7274 	Level RINSE 	25
370.7176 	DATA 	Keypress: o
370.7280 	Level jitter 	25
378.7123 	Level finished 	25
378.7135 	DATA 	Keypress: o
378.7145 	DATA 	Keypress: o
378.7154 	DATA 	Keypress: o
378.7164 	DATA 	Keypress: o
378.7451 	Level image=waterlogo.jpg 	25
379.7150 	DATA 	Keypress: o
379.7286 	Level injecting via pump at address 0 	25
385.7176 	DATA 	Keypress: o
385.7188 	DATA 	Keypress: o
385.7200 	DATA 	Keypress: o
385.7297 	Level WAIT 	25
386.7294 	Level RINSE 	25
388.7172 	DATA 	Keypress: o
388.7296 	Level jitter 	25
390.7123 	Level finished 	25
390.7135 	DATA 	Keypress: o
390.7466 	Level image=tasty.jpg 	25
391.7152 	DATA 	Keypress: o
391.7300 	Level injecting via pump at address 1 	25
397.7176 	DATA 	Keypress: o
397.7188 	DATA 	Keypress: o
397.7199 	DATA 	Keypress: o
397.7312 	Level WAIT 	25
398.7309 	Level RINSE 	25
400.7172 	DATA 	Keypress: o
400.7477 	Level jitter 	25
409.7123 	Level finished 	25
409.7137 	DATA 	Keypress: o
409.7149 	DATA 	Keypress: o
409.7161 	DATA 	Keypress: o
409.7174 	DATA 	Keypress: o
409.7187 	DATA 	Keypress: o
409.7491 	Level image=waterlogo.jpg 	25
410.7323 	Level injecting via pump at address 0 	25
416.7180 	DATA 	Keypress: o
416.7195 	DATA 	Keypress: o
416.7207 	DATA 	Keypress: o
416.7329 	Level WAIT 	25
417.7153 	DATA 	Keypress: o
417.7330 	Level RINSE 	25
419.7173 	DATA 	Keypress: o
419.7336 	Level jitter 	25
421.7123 	Level finished 	25
421.7136 	DATA 	Keypress: o
421.7335 	Level image=tasty.jpg 	25
422.7171 	Level injecting via pump at address 1 	25
428.7174 	DATA 	Keypress: o
428.7186 	DATA 	Keypress: o
428.7196 	DATA 	Keypress: o
428.7509 	Level WAIT 	25
429.7147 	DATA 	Keypress: o
429.7348 	Level RINSE 	25
431.7172 	DATA 	Keypress: o
431.7346 	Level jitter 	25
434.7123 	Level finished 	25
434.7135 	DATA 	Keypress: o
434.7350 	Level image=waterlogo.jpg 	25
435.7148 	DATA 	Keypress: o
435.7352 	Level injecting via pump at address 0 	25
441.7179 	DATA 	Keypress: o
441.7189 	DATA 	Keypress: o
441.7197 	DATA 	Keypress: o
441.7363 	Level WAIT 	25
442.7360 	Level RINSE 	25
444.7174 	DATA 	Keypress: o
444.7361 	Level jitter 	25
448.7123 	Level finished 	25
448.7136 	DATA 	Keypress: o
448.7148 	DATA 	Keypress: o
448.7366 	Level image=tasty.jpg 	25
449.7149 	DATA 	Keypress: o
449.7368 	Level injecting via pump at address 1 	25
455.7171 	DATA 	Keypress: o
455.7181 	DATA 	Keypress: o
455.7191 	DATA 	Keypress: o
455.7379 	Level WAIT 	25
456.7377 	Level RINSE 	25
458.7168 	DATA 	Keypress: o
458.7378 	Level jitter 	25
459.7123 	Level finished 	25
459.7137 	DATA 	Keypress: o
459.7379 	Level image=waterlogo.jpg 	25
460.7214 	Level injecting via pump at address 0 	25
466.7174 	DATA 	Keypress: o
466.7186 	DATA 	Keypress: o
466.7198 	DATA 	Keypress: o
466.7391 	Level WAIT 	25
467.7154 	DATA 	Keypress: o
467.7388 	Level RINSE 	25
469.7172 	DATA 	Keypress: o
469.7224 	Level jitter 	25
472.7123 	Level finished 	25
472.7135 	DATA 	Keypress: o
472.7227 	Level image=tasty.jpg 	25
473.7148 	DATA 	Keypress: o
473.7229 	Level injecting via pump at address 1 	25
479.7170 	DATA 	Keypress: o
479.7180 	DATA 	Keypress: o
479.7189 	DATA 	Keypress: o
479.7405 	Level WAIT 	25
480.7403 	Level RINSE 	25
482.7173 	DATA 	Keypress: o
482.7240 	Level jitter 	25
490.7123 	Level finished 	25
490.7137 	DATA 	Keypress: o
490.7150 	DATA 	Keypress: o
490.7162 	DATA 	Keypress: o
490.7174 	DATA 	Keypress: o
490.7419 	Level image=tasty.jpg 	25
491.7148 	DATA 	Keypress: o
491.7251 	Level injecting via pump at address 1 	25
497.7170 	DATA 	Keypress: o
497.7185 	DATA 	Keypress: o
497.7195 	DATA 	Keypress: o
497.7256 	Level WAIT 	25
498.7258 	Level RINSE 	25
500.7165 	DATA 	Keypress: o
500.7264 	Level jitter 	25
504.7123 	Level finished 	25
504.7135 	DATA 	Keypress: o
504.7145 	DATA 	Keypress: o
504.7265 	Level image=waterlogo.jpg 	25
505.7150 	DATA 	Keypress: o
505.7433 	Level injecting via pump at address 0 	25
511.7175 	DATA 	Keypress: o
511.7186 	DATA 	Keypress: o
511.7197 	DATA 	Keypress: o
511.7444 	Level WAIT 	25
512.7441 	Level RINSE 	25
514.7170 	DATA 	Keypress: o
514.7277 	Level jitter 	25
517.7123 	Level finished 	25
517.7138 	DATA 	Keypress: o
517.7149 	DATA 	Keypress: o
517.7447 	Level image=tasty.jpg 	25
518.7282 	Level injecting via pump at address 1 	25
524.7177 	DATA 	Keypress: o
524.7191 	DATA 	Keypress: o
524.7204 	DATA 	Keypress: o
524.7459 	Level WAIT 	25
525.7146 	DATA 	Keypress: o
525.7290 	Level RINSE 	25
527.7176 	DATA 	Keypress: o
527.7458 	Level jitter 	25
532.7123 	Level finished 	25
532.7135 	DATA 	Keypress: o
532.7146 	DATA 	Keypress: o
532.7298 	Level image=waterlogo.jpg 	25
533.7147 	DATA 	Keypress: o
533.7299 	Level injecting via pump at address 0 	25
539.7178 	DATA 	Keypress: o
539.7190 	DATA 	Keypress: o
539.7202 	DATA 	Keypress: o
539.7310 	Level WAIT 	25
540.7308 	Level RINSE 	25
542.7180 	DATA 	Keypress: o
542.7309 	Level jitter 	25
547.7123 	Level finished 	25
547.7135 	DATA 	Keypress: o
547.7147 	DATA 	Keypress: o
547.7158 	DATA 	Keypress: o
547.7315 	Level image=waterlogo.jpg 	25
548.7316 	Level injecting via pump at address 0 	25
554.7169 	DATA 	Keypress: o
554.7180 	DATA 	Keypress: o
554.7189 	DATA 	Keypress: o
554.7327 	Level WAIT 	25
555.7147 	DATA 	Keypress: o
555.7325 	Level RINSE 	25
557.7169 	DATA 	Keypress: o
557.7327 	Level jitter 	25
566.7123 	Level finished 	25
566.7135 	DATA 	Keypress: o
566.7145 	DATA 	Keypress: o
566.7154 	DATA 	Keypress: o
566.7163 	DATA 	Keypress: o
566.7342 	Level image=tasty.jpg 	25
567.7146 	DATA 	Keypress: o
567.7340 	Level injecting via pump at address 1 	25
573.7177 	DATA 	Keypress: o
573.7192 	DATA 	Keypress: o
573.7204 	DATA 	Keypress: o
573.7346 	Level WAIT 	25
574.7347 	Level RINSE 	25
576.7166 	DATA 	Keypress: o
576.7353 	Level jitter 	25
578.7123 	Level finished 	25
578.7136 	DATA 	Keypress: o
578.7351 	Level image=waterlogo.jpg 	25
579.7147 	DATA 	Keypress: o
579.7353 	Level injecting via pump at address 0 	25
585.7184 	DATA 	Keypress: o
585.7194 	DATA 	Keypress: o
585.7204 	DATA 	Keypress: o
585.7359 	Level WAIT 	25
586.7364 	Level RINSE 	25
588.7173 	DATA 	Keypress: o
588.7362 	Level jitter 	25
591.7123 	Level finished 	25
591.7135 	DATA 	Keypress: o
591.7145 	DATA 	Keypress: o
591.7367 	Level image=waterlogo.jpg 	25
592.7368 	Level injecting via pump at address 0 	25
598.7175 	DATA 	Keypress: o
598.7188 	DATA 	Keypress: o
598.7201 	DATA 	Keypress: o
598.7379 	Level WAIT 	25
599.7149 	DATA 	Keypress: o
599.7376 	Level RINSE 	25
601.7174 	DATA 	Keypress: o
601.7378 	Level jitter 	25
606.7123 	Level finished 	25
606.7135 	DATA 	Keypress: o
606.7145 	DATA 	Keypress: o
606.7384 	Level image=tasty.jpg 	25
607.7147 	DATA 	Keypress: o
607.7220 	Level injecting via pump at address 1 	25
613.7175 	DATA 	Keypress: o
613.7186 	DATA 	Keypress: o
613.7196 	DATA 	Keypress: o
613.7396 	Level WAIT 	25
614.7393 	Level RINSE 	25
616.7174 	DATA 	Keypress: o
616.7229 	Level jitter 	25
618.7123 	Level finished 	25
618.7135 	DATA 	Keypress: o
618.7398 	Level image=tasty.jpg 	25
619.7151 	DATA 	Keypress: o
619.7234 	Level injecting via pump at address 1 	25
625.7180 	DATA 	Keypress: o
625.7193 	DATA 	Keypress: o
625.7205 	DATA 	Keypress: o
625.7243 	Level WAIT 	25
626.7240 	Level RINSE 	25
628.7178 	DATA 	Keypress: o
628.7242 	Level jitter 	25
635.7123 	Level finished 	25
635.7135 	DATA 	Keypress: o
635.7146 	DATA 	Keypress: o
635.7156 	DATA 	Keypress: o
635.7166 	DATA 	Keypress: o
635.7423 	Level image=waterlogo.jpg 	25
636.7253 	Level injecting via pump at address 0 	25
642.7178 	DATA 	Keypress: o
642.7191 	DATA 	Keypress: o
642.7205 	DATA 	Keypress: o
642.7426 	Level WAIT 	25
643.7150 	DATA 	Keypress: o
643.7427 	Level RINSE 	25
645.7173 	DATA 	Keypress: o
645.7434 	Level jitter 	25
648.7123 	Level finished 	25
648.7134 	DATA 	Keypress: o
648.7268 	Level image=tasty.jpg 	25
649.7150 	DATA 	Keypress: o
649.7435 	Level injecting via pump at address 1 	25
655.7179 	DATA 	Keypress: o
655.7190 	DATA 	Keypress: o
655.7199 	DATA 	Keypress: o
655.7446 	Level WAIT 	25
656.7275 	Level RINSE 	25
658.7174 	DATA 	Keypress: o
658.7444 	Level jitter 	25
660.7123 	Level finished 	25
660.7136 	DATA 	Keypress: o
660.7281 	Level image=waterlogo.jpg 	25
661.7148 	DATA 	Keypress: o
661.7283 	Level injecting via pump at address 0 	25
667.7178 	DATA 	Keypress: o
667.7191 	DATA 	Keypress: o
667.7203 	DATA 	Keypress: o
667.7460 	Level WAIT 	25
668.7458 	Level RINSE 	25
670.7166 	DATA 	Keypress: o
670.7292 	Level jitter 	25
678.7123 	Level finished 	25
678.7135 	DATA 	Keypress: o
678.7145 	DATA 	Keypress: o
678.7155 	DATA 	Keypress: o
678.7165 	DATA 	Keypress: o
678.7306 	Level image=tasty.jpg 	25
679.7149 	DATA 	Keypress: o
679.7304 	Level injecting via pump at address 1 	25
685.7173 	DATA 	Keypress: o
685.7185 	DATA 	Keypress: o
685.7194 	DATA 	Keypress: o
685.7309 	Level WAIT 	25
686.7311 	Level RINSE 	25
688.7180 	DATA 	Keypress: o
688.7318 	Level jitter 	25
690.7123 	Level finished 	25
690.7134 	DATA 	Keypress: o
690.7482 	Level image=waterlogo.jpg 	25
691.7147 	DATA 	Keypress: o
691.7317 	Level injecting via pump at address 0 	25
697.7173 	DATA 	Keypress: o
697.7183 	DATA 	Keypress: o
697.7193 	DATA 	Keypress: o
697.7323 	Level WAIT 	25
698.7329 	Level RINSE 	25
700.7168 	DATA 	Keypress: o
700.7327 	Level jitter 	25
707.7123 	Level finished 	25
