68.0136 	DATA 	Keypress: o
68.0144 	Level start key press 	25
70.0209 	DATA 	Keypress: o
72.0211 	DATA 	Keypress: o
74.0213 	DATA 	Keypress: o
76.0214 	DATA 	Keypress: o
76.5524 	Level image=tasty.jpg 	25
77.4857 	Level injecting via pump at address 1 	25
83.4745 	DATA 	Keypress: o
83.4760 	DATA 	Keypress: o
83.4774 	DATA 	Keypress: o
83.5033 	Level WAIT 	25
84.4719 	DATA 	Keypress: o
84.4862 	Level RINSE 	25
86.4825 	DATA 	Keypress: o
86.5031 	Level jitter 	25
95.4691 	Level finished 	25
95.4705 	DATA 	Keypress: o
95.4717 	DATA 	Keypress: o
95.4728 	DATA 	Keypress: o
95.4738 	DATA 	Keypress: o
95.5040 	Level image=waterlogo.jpg 	25
96.4717 	DATA 	Keypress: o
96.5037 	Level injecting via pump at address 0 	25
102.4748 	DATA 	Keypress: o
102.4761 	DATA 	Keypress: o
102.4772 	DATA 	Keypress: o
102.5041 	Level WAIT 	25
103.4875 	Level RINSE 	25
105.4737 	DATA 	Keypress: o
105.4880 	Level jitter 	25
109.4691 	Level finished 	25
109.4705 	DATA 	Keypress: o
109.4718 	DATA 	Keypress: o
109.4881 	Level image=tasty.jpg 	25
110.4721 	DATA 	Keypress: o
110.4881 	Level injecting via pump at address 1 	25
116.4745 	DATA 	Keypress: o
116.4759 	DATA 	Keypress: o
116.4771 	DATA 	Keypress: o
116.4888 	Level WAIT 	25
117.4885 	Level RINSE 	25
119.4738 	DATA 	Keypress: o
119.4886 	Level jitter 	25
123.4691 	Level finished 	25
123.4705 	DATA 	Keypress: o
123.4718 	DATA 	Keypress: o
123.4890 	Level image=waterlogo.jpg 	25
124.4717 	DATA 	Keypress: o
124.4891 	Level injecting via pump at address 0 	25
130.4747 	DATA 	Keypress: o
130.4760 	DATA 	Keypress: o
130.4772 	DATA 	Keypress: o
130.5066 	Level WAIT 	25
131.4728 	Level RINSE 	25
133.4746 	DATA 	Keypress: o
133.4896 	Level jitter 	25
137.4691 	Level finished 	25
137.4707 	DATA 	Keypress: o
137.4721 	DATA 	Keypress: o
137.5066 	Level image=waterlogo.jpg 	25
138.4717 	DATA 	Keypress: o
138.4901 	Level injecting via pump at address 0 	25
144.4744 	DATA 	Keypress: o
144.4756 	DATA 	Keypress: o
144.4769 	DATA 	Keypress: o
144.4907 	Level WAIT 	25
145.4904 	Level RINSE 	25
147.4741 	DATA 	Keypress: o
147.4905 	Level jitter 	25
151.4691 	Level finished 	25
151.4703 	DATA 	Keypress: o
151.4714 	DATA 	Keypress: o
151.4909 	Level image=tasty.jpg 	25
152.4716 	DATA 	Keypress: o
152.4911 	Level injecting via pump at address 1 	25
158.4745 	DATA 	Keypress: o
158.4758 	DATA 	Keypress: o
158.4770 	DATA 	Keypress: o
158.4917 	Level WAIT 	25
159.4747 	Level RINSE 	25
161.4743 	DATA 	Keypress: o
161.4915 	Level jitter 	25
167.4691 	Level finished 	25
167.4703 	DATA 	Keypress: o
167.4714 	DATA 	Keypress: o
167.4724 	DATA 	Keypress: o
167.4921 	Level image=waterlogo.jpg 	25
168.4715 	DATA 	Keypress: o
168.4925 	Level injecting via pump at address 0 	25
174.4744 	DATA 	Keypress: o
174.4756 	DATA 	Keypress: o
174.4768 	DATA 	Keypress: o
174.4924 	Level WAIT 	25
175.4758 	Level RINSE 	25
177.4740 	DATA 	Keypress: o
177.4926 	Level jitter 	25
180.4691 	Level finished 	25
180.4705 	DATA 	Keypress: o
180.4718 	DATA 	Keypress: o
180.4933 	Level image=tasty.jpg 	25
181.4763 	Level injecting via pump at address 1 	25
187.4745 	DATA 	Keypress: o
187.4757 	DATA 	Keypress: o
187.4768 	DATA 	Keypress: o
187.4932 	Level WAIT 	25
188.4721 	DATA 	Keypress: o
188.4934 	Level RINSE 	25
190.4737 	DATA 	Keypress: o
190.4939 	Level jitter 	25
193.4691 	Level finished 	25
193.4705 	DATA 	Keypress: o
193.4937 	Level image=waterlogo.jpg 	25
194.4722 	DATA 	Keypress: o
194.4939 	Level injecting via pump at address 0 	25
200.4751 	DATA 	Keypress: o
200.4764 	DATA 	Keypress: o
200.4776 	DATA 	Keypress: o
200.4946 	Level WAIT 	25
201.4943 	Level RINSE 	25
203.4745 	DATA 	Keypress: o
203.4944 	Level jitter 	25
207.4691 	Level finished 	25
207.4705 	DATA 	Keypress: o
207.4718 	DATA 	Keypress: o
207.4947 	Level image=waterlogo.jpg 	25
208.4715 	DATA 	Keypress: o
208.4949 	Level injecting via pump at address 0 	25
214.4752 	DATA 	Keypress: o
214.4765 	DATA 	Keypress: o
214.4777 	DATA 	Keypress: o
214.4955 	Level WAIT 	25
215.4953 	Level RINSE 	25
217.4738 	DATA 	Keypress: o
217.4954 	Level jitter 	25
222.4691 	Level finished 	25
222.4703 	DATA 	Keypress: o
222.4713 	DATA 	Keypress: o
222.4723 	DATA 	Keypress: o
222.4957 	Level image=tasty.jpg 	25
223.4958 	Level injecting via pump at address 1 	25
229.4737 	DATA 	Keypress: o
229.4750 	DATA 	Keypress: o
229.4763 	DATA 	Keypress: o
229.4966 	Level WAIT 	25
230.4715 	DATA 	Keypress: o
230.4963 	Level RINSE 	25
232.4745 	DATA 	Keypress: o
232.4964 	Level jitter 	25
235.4691 	Level finished 	25
235.4704 	DATA 	Keypress: o
235.4966 	Level image=waterlogo.jpg 	25
236.4718 	DATA 	Keypress: o
236.4967 	Level injecting via pump at address 0 	25
242.4737 	DATA 	Keypress: o
242.4748 	DATA 	Keypress: o
242.4760 	DATA 	Keypress: o
242.4976 	Level WAIT 	25
243.4972 	Level RINSE 	25
245.4741 	DATA 	Keypress: o
245.4973 	Level jitter 	25
253.4691 	Level finished 	25
253.4705 	DATA 	Keypress: o
253.4718 	DATA 	Keypress: o
253.4729 	DATA 	Keypress: o
253.4739 	DATA 	Keypress: o
253.4984 	Level image=tasty.jpg 	25
254.4722 	DATA 	Keypress: o
254.4981 	Level injecting via pump at address 1 	25
260.4748 	DATA 	Keypress: o
260.4762 	DATA 	Keypress: o
260.4775 	DATA 	Keypress: o
260.4983 	Level WAIT 	25
261.4984 	Level RINSE 	25
263.4735 	DATA 	Keypress: o
263.4824 	Level jitter 	25
265.4691 	Level finished 	25
265.4703 	DATA 	Keypress: o
265.4821 	Level image=tasty.jpg 	25
266.4715 	DATA 	Keypress: o
266.4822 	Level injecting via pump at address 1 	25
272.4752 	DATA 	Keypress: o
272.4763 	DATA 	Keypress: o
272.4775 	DATA 	Keypress: o
272.4992 	Level WAIT 	25
273.4830 	Level RINSE 	25
275.4735 	DATA 	Keypress: o
275.4827 	Level jitter 	25
277.4691 	Level finished 	25
277.4702 	DATA 	Keypress: o
277.4995 	Level image=waterlogo.jpg 	25
278.4715 	DATA 	Keypress: o
278.4831 	Level injecting via pump at address 0 	25
284.4739 	DATA 	Keypress: o
284.4753 	DATA 	Keypress: o
284.4764 	DATA 	Keypress: o
284.4837 	Level WAIT 	25
285.4834 	Level RINSE 	25
287.4739 	DATA 	Keypress: o
287.4835 	Level jitter 	25
290.4691 	Level finished 	25
290.4703 	DATA 	Keypress: o
290.4715 	DATA 	Keypress: o
290.4838 	Level image=tasty.jpg 	25
291.4839 	Level injecting via pump at address 1 	25
297.4746 	DATA 	Keypress: o
297.4759 	DATA 	Keypress: o
297.4771 	DATA 	Keypress: o
297.4847 	Level WAIT 	25
298.4719 	DATA 	Keypress: o
298.4843 	Level RINSE 	25
300.4747 	DATA 	Keypress: o
300.4844 	Level jitter 	25
302.4691 	Level finished 	25
302.4704 	DATA 	Keypress: o
302.5013 	Level image=waterlogo.jpg 	25
303.4847 	Level injecting via pump at address 0 	25
309.4737 	DATA 	Keypress: o
309.4748 	DATA 	Keypress: o
309.4758 	DATA 	Keypress: o
309.4855 	Level WAIT 	25
310.4727 	DATA 	Keypress: o
310.4851 	Level RINSE 	25
312.4736 	DATA 	Keypress: o
312.4852 	Level jitter 	25
313.4691 	Level finished 	25
313.4853 	Level image=tasty.jpg 	25
314.4718 	DATA 	Keypress: o
314.4855 	Level injecting via pump at address 1 	25
320.4742 	DATA 	Keypress: o
320.4755 	DATA 	Keypress: o
320.4767 	DATA 	Keypress: o
320.5028 	Level WAIT 	25
321.5025 	Level RINSE 	25
323.4741 	DATA 	Keypress: o
323.4861 	Level jitter 	25
325.4691 	Level finished 	25
325.4704 	DATA 	Keypress: o
325.4862 	Level image=waterlogo.jpg 	25
326.4717 	DATA 	Keypress: o
326.4863 	Level injecting via pump at address 0 	25
332.4748 	DATA 	Keypress: o
332.4761 	DATA 	Keypress: o
332.4774 	DATA 	Keypress: o
332.5037 	Level WAIT 	25
333.4867 	Level RINSE 	25
335.4741 	DATA 	Keypress: o
335.4869 	Level jitter 	25
341.4691 	Level finished 	25
341.4703 	DATA 	Keypress: o
341.4715 	DATA 	Keypress: o
341.4725 	DATA 	Keypress: o
341.4873 	Level image=waterlogo.jpg 	25
342.4718 	DATA 	Keypress: o
342.4878 	Level injecting via pump at address 0 	25
348.4746 	DATA 	Keypress: o
348.4759 	DATA 	Keypress: o
348.4772 	DATA 	Keypress: o
348.5044 	Level WAIT 	25
349.4879 	Level RINSE 	25
351.4743 	DATA 	Keypress: o
351.4880 	Level jitter 	25
354.4691 	Level finished 	25
354.4707 	DATA 	Keypress: o
354.4721 	DATA 	Keypress: o
354.4886 	Level image=tasty.jpg 	25
355.4883 	Level injecting via pump at address 1 	25
361.4744 	DATA 	Keypress: o
361.4756 	DATA 	Keypress: o
361.4769 	DATA 	Keypress: o
361.5053 	Level WAIT 	25
362.4719 	DATA 	Keypress: o
362.4887 	Level RINSE 	25
364.4743 	DATA 	Keypress: o
364.4893 	Level jitter 	25
372.4691 	Level finished 	25
372.4703 	DATA 	Keypress: o
372.4714 	DATA 	Keypress: o
372.4725 	DATA 	Keypress: o
372.4734 	DATA 	Keypress: o
372.4894 	Level image=waterlogo.jpg 	25
373.4895 	Level injecting via pump at address 0 	25
379.4737 	DATA 	Keypress: o
379.4747 	DATA 	Keypress: o
379.4757 	DATA 	Keypress: o
379.4904 	Level WAIT 	25
380.4715 	DATA 	Keypress: o
380.4901 	Level RINSE 	25
382.4741 	DATA 	Keypress: o
382.4901 	Level jitter 	25
387.4691 	Level finished 	25
387.4703 	DATA 	Keypress: o
387.4714 	DATA 	Keypress: o
387.4905 	Level image=tasty.jpg 	25
388.4715 	DATA 	Keypress: o
388.4906 	Level injecting via pump at address 1 	25
394.4746 	DATA 	Keypress: o
394.4761 	DATA 	Keypress: o
394.4773 	DATA 	Keypress: o
394.4914 	Level WAIT 	25
395.4911 	Level RINSE 	25
397.4742 	DATA 	Keypress: o
397.4911 	Level jitter 	25
401.4691 	Level finished 	25
401.4708 	DATA 	Keypress: o
401.4718 	DATA 	Keypress: o
401.4914 	Level image=waterlogo.jpg 	25
402.4716 	DATA 	Keypress: o
402.4915 	Level injecting via pump at address 0 	25
408.4747 	DATA 	Keypress: o
408.4761 	DATA 	Keypress: o
408.4771 	DATA 	Keypress: o
408.5090 	Level WAIT 	25
409.4753 	Level RINSE 	25
411.4741 	DATA 	Keypress: o
411.4921 	Level jitter 	25
416.4691 	Level finished 	25
416.4703 	DATA 	Keypress: o
416.4715 	DATA 	Keypress: o
416.4725 	DATA 	Keypress: o
416.4925 	Level image=tasty.jpg 	25
417.4925 	Level injecting via pump at address 1 	25
423.4743 	DATA 	Keypress: o
423.4755 	DATA 	Keypress: o
423.4768 	DATA 	Keypress: o
423.4934 	Level WAIT 	25
424.4717 	DATA 	Keypress: o
424.4931 	Level RINSE 	25
426.4735 	DATA 	Keypress: o
426.4931 	Level jitter 	25
435.4691 	Level finished 	25
435.4703 	DATA 	Keypress: o
435.4714 	DATA 	Keypress: o
435.4724 	DATA 	Keypress: o
435.4734 	DATA 	Keypress: o
435.4943 	Level image=waterlogo.jpg 	25
436.4714 	DATA 	Keypress: o
436.4939 	Level injecting via pump at address 0 	25
442.4746 	DATA 	Keypress: o
442.4758 	DATA 	Keypress: o
442.4769 	DATA 	Keypress: o
442.4942 	Level WAIT 	25
443.4776 	Level RINSE 	25
445.4743 	DATA 	Keypress: o
445.4948 	Level jitter 	25
454.4691 	Level finished 	25
454.4707 	DATA 	Keypress: o
454.4721 	DATA 	Keypress: o
454.4734 	DATA 	Keypress: o
454.4746 	DATA 	Keypress: o
454.4756 	DATA 	Keypress: o
454.4952 	Level image=tasty.jpg 	25
455.4956 	Level injecting via pump at address 1 	25
461.4746 	DATA 	Keypress: o
461.4759 	DATA 	Keypress: o
461.4772 	DATA 	Keypress: o
461.4955 	Level WAIT 	25
462.4715 	DATA 	Keypress: o
462.4791 	Level RINSE 	25
464.4745 	DATA 	Keypress: o
464.4958 	Level jitter 	25
468.4691 	Level finished 	25
468.4703 	DATA 	Keypress: o
468.4714 	DATA 	Keypress: o
468.4798 	Level image=tasty.jpg 	25
469.4794 	Level injecting via pump at address 1 	25
475.4746 	DATA 	Keypress: o
475.4760 	DATA 	Keypress: o
475.4771 	DATA 	Keypress: o
475.4964 	Level WAIT 	25
476.4719 	DATA 	Keypress: o
476.4966 	Level RINSE 	25
478.4745 	DATA 	Keypress: o
478.4972 	Level jitter 	25
481.4691 	Level finished 	25
481.4702 	DATA 	Keypress: o
481.4971 	Level image=waterlogo.jpg 	25
482.4719 	DATA 	Keypress: o
482.4971 	Level injecting via pump at address 0 	25
488.4746 	DATA 	Keypress: o
488.4758 	DATA 	Keypress: o
488.4771 	DATA 	Keypress: o
488.4978 	Level WAIT 	25
489.4975 	Level RINSE 	25
491.4737 	DATA 	Keypress: o
491.4976 	Level jitter 	25
492.4691 	Level finished 	25
492.4702 	DATA 	Keypress: o
492.4977 	Level image=tasty.jpg 	25
493.4812 	Level injecting via pump at address 1 	25
499.4750 	DATA 	Keypress: o
499.4763 	DATA 	Keypress: o
499.4775 	DATA 	Keypress: o
499.4986 	Level WAIT 	25
500.4719 	DATA 	Keypress: o
500.4815 	Level RINSE 	25
502.4745 	DATA 	Keypress: o
502.4983 	Level jitter 	25
509.4691 	Level finished 	25
509.4709 	DATA 	Keypress: o
509.4722 	DATA 	Keypress: o
509.4734 	DATA 	Keypress: o
509.4994 	Level image=waterlogo.jpg 	25
510.4717 	DATA 	Keypress: o
510.4823 	Level injecting via pump at address 0 	25
516.4756 	DATA 	Keypress: o
516.4769 	DATA 	Keypress: o
516.4781 	DATA 	Keypress: o
516.4992 	Level WAIT 	25
517.4994 	Level RINSE 	25
519.4752 	DATA 	Keypress: o
519.4999 	Level jitter 	25
520.4691 	Level finished 	25
520.4708 	DATA 	Keypress: o
520.4996 	Level image=tasty.jpg 	25
521.4831 	Level injecting via pump at address 1 	25
527.4747 	DATA 	Keypress: o
527.4761 	DATA 	Keypress: o
527.4773 	DATA 	Keypress: o
527.5001 	Level WAIT 	25
528.4715 	DATA 	Keypress: o
528.4835 	Level RINSE 	25
530.4747 	DATA 	Keypress: o
530.5007 	Level jitter 	25
536.4691 	Level finished 	25
