48.7275 	DATA 	Keypress: o
48.7285 	Level start key press 	25
50.7318 	DATA 	Keypress: o
52.7317 	DATA 	Keypress: o
54.7319 	DATA 	Keypress: o
56.7323 	DATA 	Keypress: o
57.1464 	Level image=tasty.jpg 	25
58.0799 	Level injecting via pump at address 1 	25
64.0678 	DATA 	Keypress: o
64.0689 	DATA 	Keypress: o
64.0698 	DATA 	Keypress: o
64.0806 	Level WAIT 	25
65.0655 	DATA 	Keypress: o
65.0803 	Level RINSE 	25
67.0767 	DATA 	Keypress: o
67.0804 	Level jitter 	25
76.0632 	Level finished 	25
76.0647 	DATA 	Keypress: o
76.0660 	DATA 	Keypress: o
76.0672 	DATA 	Keypress: o
76.0684 	DATA 	Keypress: o
76.0981 	Level image=waterlogo.jpg 	25
77.0659 	DATA 	Keypress: o
77.0812 	Level injecting via pump at address 0 	25
83.0683 	DATA 	Keypress: o
83.0696 	DATA 	Keypress: o
83.0708 	DATA 	Keypress: o
83.0815 	Level WAIT 	25
84.0816 	Level RINSE 	25
86.0677 	DATA 	Keypress: o
86.0822 	Level jitter 	25
90.0632 	Level finished 	25
90.0645 	DATA 	Keypress: o
90.0658 	DATA 	Keypress: o
90.0821 	Level image=tasty.jpg 	25
91.0660 	DATA 	Keypress: o
91.0822 	Level injecting via pump at address 1 	25
97.0678 	DATA 	Keypress: o
97.0689 	DATA 	Keypress: o
97.0698 	DATA 	Keypress: o
97.0995 	Level WAIT 	25
98.0658 	Level RINSE 	25
100.0686 	DATA 	Keypress: o
100.0827 	Level jitter 	25
104.0632 	Level finished 	25
104.0645 	DATA 	Keypress: o
104.0657 	DATA 	Keypress: o
104.0997 	Level image=waterlogo.jpg 	25
105.0659 	DATA 	Keypress: o
105.0832 	Level injecting via pump at address 0 	25
111.0692 	DATA 	Keypress: o
111.0704 	DATA 	Keypress: o
111.0716 	DATA 	Keypress: o
111.0838 	Level WAIT 	25
112.0835 	Level RINSE 	25
114.0686 	DATA 	Keypress: o
114.0837 	Level jitter 	25
118.0632 	Level finished 	25
118.0644 	DATA 	Keypress: o
118.0656 	DATA 	Keypress: o
118.0838 	Level image=waterlogo.jpg 	25
119.0667 	DATA 	Keypress: o
119.0841 	Level injecting via pump at address 0 	25
125.0686 	DATA 	Keypress: o
125.0700 	DATA 	Keypress: o
125.0712 	DATA 	Keypress: o
125.0848 	Level WAIT 	25
126.0845 	Level RINSE 	25
128.0682 	DATA 	Keypress: o
128.0846 	Level jitter 	25
132.0632 	Level finished 	25
132.0648 	DATA 	Keypress: o
132.0662 	DATA 	Keypress: o
132.1016 	Level image=tasty.jpg 	25
133.0657 	DATA 	Keypress: o
133.0851 	Level injecting via pump at address 1 	25
139.0689 	DATA 	Keypress: o
139.0701 	DATA 	Keypress: o
139.0712 	DATA 	Keypress: o
139.0858 	Level WAIT 	25
140.0854 	Level RINSE 	25
142.0680 	DATA 	Keypress: o
142.0856 	Level jitter 	25
148.0632 	Level finished 	25
148.0645 	DATA 	Keypress: o
148.0657 	DATA 	Keypress: o
148.0672 	DATA 	Keypress: o
148.0862 	Level image=waterlogo.jpg 	25
149.0659 	DATA 	Keypress: o
149.0867 	Level injecting via pump at address 0 	25
155.0685 	DATA 	Keypress: o
155.0696 	DATA 	Keypress: o
155.0706 	DATA 	Keypress: o
155.0865 	Level WAIT 	25
156.0865 	Level RINSE 	25
158.0683 	DATA 	Keypress: o
158.0867 	Level jitter 	25
161.0632 	Level finished 	25
161.0644 	DATA 	Keypress: o
161.0656 	DATA 	Keypress: o
161.0874 	Level image=tasty.jpg 	25
162.0871 	Level injecting via pump at address 1 	25
168.0689 	DATA 	Keypress: o
168.0701 	DATA 	Keypress: o
168.0712 	DATA 	Keypress: o
168.0873 	Level WAIT 	25
169.0658 	DATA 	Keypress: o
169.0875 	Level RINSE 	25
171.0686 	DATA 	Keypress: o
171.0880 	Level jitter 	25
174.0632 	Level finished 	25
174.0643 	DATA 	Keypress: o
174.0879 	Level image=waterlogo.jpg 	25
175.0660 	DATA 	Keypress: o
175.0880 	Level injecting via pump at address 0 	25
181.0682 	DATA 	Keypress: o
181.0692 	DATA 	Keypress: o
181.0702 	DATA 	Keypress: o
181.0887 	Level WAIT 	25
182.0884 	Level RINSE 	25
184.0692 	DATA 	Keypress: o
184.0885 	Level jitter 	25
188.0632 	Level finished 	25
188.0644 	DATA 	Keypress: o
188.0655 	DATA 	Keypress: o
188.0888 	Level image=waterlogo.jpg 	25
189.0661 	DATA 	Keypress: o
189.0722 	Level injecting via pump at address 0 	25
195.0688 	DATA 	Keypress: o
195.0701 	DATA 	Keypress: o
195.0713 	DATA 	Keypress: o
195.0896 	Level WAIT 	25
196.0894 	Level RINSE 	25
198.0679 	DATA 	Keypress: o
198.0728 	Level jitter 	25
203.0632 	Level finished 	25
203.0646 	DATA 	Keypress: o
203.0658 	DATA 	Keypress: o
203.0668 	DATA 	Keypress: o
203.0898 	Level image=tasty.jpg 	25
204.0900 	Level injecting via pump at address 1 	25
210.0683 	DATA 	Keypress: o
210.0696 	DATA 	Keypress: o
210.0709 	DATA 	Keypress: o
210.0907 	Level WAIT 	25
211.0660 	DATA 	Keypress: o
211.0737 	Level RINSE 	25
213.0694 	DATA 	Keypress: o
213.0905 	Level jitter 	25
216.0632 	Level finished 	25
216.0643 	DATA 	Keypress: o
216.0907 	Level image=waterlogo.jpg 	25
217.0659 	DATA 	Keypress: o
217.0742 	Level injecting via pump at address 0 	25
223.0684 	DATA 	Keypress: o
223.0696 	DATA 	Keypress: o
223.0707 	DATA 	Keypress: o
223.0750 	Level WAIT 	25
224.0746 	Level RINSE 	25
226.0681 	DATA 	Keypress: o
226.0747 	Level jitter 	25
234.0632 	Level finished 	25
234.0651 	DATA 	Keypress: o
234.0668 	DATA 	Keypress: o
234.0681 	DATA 	Keypress: o
234.0694 	DATA 	Keypress: o
234.0925 	Level image=tasty.jpg 	25
235.0663 	DATA 	Keypress: o
235.0922 	Level injecting via pump at address 1 	25
241.0687 	DATA 	Keypress: o
241.0701 	DATA 	Keypress: o
241.0716 	DATA 	Keypress: o
241.0924 	Level WAIT 	25
242.0758 	Level RINSE 	25
244.0682 	DATA 	Keypress: o
244.0931 	Level jitter 	25
246.0632 	Level finished 	25
246.0645 	DATA 	Keypress: o
246.0928 	Level image=tasty.jpg 	25
247.0656 	DATA 	Keypress: o
247.0929 	Level injecting via pump at address 1 	25
253.0692 	DATA 	Keypress: o
253.0704 	DATA 	Keypress: o
253.0717 	DATA 	Keypress: o
253.0932 	Level WAIT 	25
254.0771 	Level RINSE 	25
256.0679 	DATA 	Keypress: o
256.0934 	Level jitter 	25
258.0632 	Level finished 	25
258.0645 	DATA 	Keypress: o
258.0771 	Level image=waterlogo.jpg 	25
259.0660 	DATA 	Keypress: o
259.0937 	Level injecting via pump at address 0 	25
265.0677 	DATA 	Keypress: o
265.0687 	DATA 	Keypress: o
265.0697 	DATA 	Keypress: o
265.0945 	Level WAIT 	25
266.0941 	Level RINSE 	25
268.0684 	DATA 	Keypress: o
268.0943 	Level jitter 	25
271.0632 	Level finished 	25
271.0648 	DATA 	Keypress: o
271.0661 	DATA 	Keypress: o
271.0945 	Level image=tasty.jpg 	25
272.0947 	Level injecting via pump at address 1 	25
278.0686 	DATA 	Keypress: o
278.0700 	DATA 	Keypress: o
278.0713 	DATA 	Keypress: o
278.0955 	Level WAIT 	25
279.0655 	DATA 	Keypress: o
279.0784 	Level RINSE 	25
281.0684 	DATA 	Keypress: o
281.0952 	Level jitter 	25
283.0632 	Level finished 	25
283.0645 	DATA 	Keypress: o
283.0787 	Level image=waterlogo.jpg 	25
284.0787 	Level injecting via pump at address 0 	25
290.0686 	DATA 	Keypress: o
290.0699 	DATA 	Keypress: o
290.0714 	DATA 	Keypress: o
290.0963 	Level WAIT 	25
291.0660 	DATA 	Keypress: o
291.0959 	Level RINSE 	25
293.0683 	DATA 	Keypress: o
293.0794 	Level jitter 	25
294.0632 	Level finished 	25
294.0962 	Level image=tasty.jpg 	25
295.0661 	DATA 	Keypress: o
295.0795 	Level injecting via pump at address 1 	25
301.0689 	DATA 	Keypress: o
301.0703 	DATA 	Keypress: o
301.0715 	DATA 	Keypress: o
301.0804 	Level WAIT 	25
302.0801 	Level RINSE 	25
304.0688 	DATA 	Keypress: o
304.0801 	Level jitter 	25
306.0632 	Level finished 	25
306.0645 	DATA 	Keypress: o
306.0970 	Level image=waterlogo.jpg 	25
307.0655 	DATA 	Keypress: o
307.0972 	Level injecting via pump at address 0 	25
313.0691 	DATA 	Keypress: o
313.0704 	DATA 	Keypress: o
313.0717 	DATA 	Keypress: o
313.0978 	Level WAIT 	25
314.0808 	Level RINSE 	25
316.0689 	DATA 	Keypress: o
316.0976 	Level jitter 	25
322.0632 	Level finished 	25
322.0644 	DATA 	Keypress: o
322.0655 	DATA 	Keypress: o
322.0668 	DATA 	Keypress: o
322.0982 	Level image=waterlogo.jpg 	25
323.0657 	DATA 	Keypress: o
323.0819 	Level injecting via pump at address 0 	25
329.0683 	DATA 	Keypress: o
329.0696 	DATA 	Keypress: o
329.0708 	DATA 	Keypress: o
329.0819 	Level WAIT 	25
330.0820 	Level RINSE 	25
332.0693 	DATA 	Keypress: o
332.0987 	Level jitter 	25
335.0632 	Level finished 	25
335.0645 	DATA 	Keypress: o
335.0658 	DATA 	Keypress: o
335.0994 	Level image=tasty.jpg 	25
336.0824 	Level injecting via pump at address 1 	25
342.0689 	DATA 	Keypress: o
342.0707 	DATA 	Keypress: o
342.0723 	DATA 	Keypress: o
342.0827 	Level WAIT 	25
343.0663 	DATA 	Keypress: o
343.0828 	Level RINSE 	25
345.0690 	DATA 	Keypress: o
345.0834 	Level jitter 	25
353.0632 	Level finished 	25
353.0644 	DATA 	Keypress: o
353.0656 	DATA 	Keypress: o
353.0668 	DATA 	Keypress: o
353.0680 	DATA 	Keypress: o
353.1002 	Level image=waterlogo.jpg 	25
354.0670 	Level injecting via pump at address 0 	25
360.0678 	DATA 	Keypress: o
360.0688 	DATA 	Keypress: o
360.0698 	DATA 	Keypress: o
360.1010 	Level WAIT 	25
361.0655 	DATA 	Keypress: o
361.0841 	Level RINSE 	25
363.0686 	DATA 	Keypress: o
363.1009 	Level jitter 	25
368.0632 	Level finished 	25
368.0646 	DATA 	Keypress: o
368.0658 	DATA 	Keypress: o
368.0845 	Level image=tasty.jpg 	25
369.0655 	DATA 	Keypress: o
369.0846 	Level injecting via pump at address 1 	25
375.0677 	DATA 	Keypress: o
375.0687 	DATA 	Keypress: o
375.0697 	DATA 	Keypress: o
375.0855 	Level WAIT 	25
376.0684 	Level RINSE 	25
378.0686 	DATA 	Keypress: o
378.0852 	Level jitter 	25
382.0632 	Level finished 	25
382.0644 	DATA 	Keypress: o
382.0655 	DATA 	Keypress: o
382.0855 	Level image=waterlogo.jpg 	25
383.0661 	DATA 	Keypress: o
383.0856 	Level injecting via pump at address 0 	25
389.0683 	DATA 	Keypress: o
389.0693 	DATA 	Keypress: o
389.0703 	DATA 	Keypress: o
389.0865 	Level WAIT 	25
390.0861 	Level RINSE 	25
392.0683 	DATA 	Keypress: o
392.0861 	Level jitter 	25
397.0632 	Level finished 	25
397.0646 	DATA 	Keypress: o
397.0659 	DATA 	Keypress: o
397.0672 	DATA 	Keypress: o
397.1032 	Level image=tasty.jpg 	25
398.0701 	Level injecting via pump at address 1 	25
404.0687 	DATA 	Keypress: o
404.0700 	DATA 	Keypress: o
404.0711 	DATA 	Keypress: o
404.0876 	Level WAIT 	25
405.0657 	DATA 	Keypress: o
405.0871 	Level RINSE 	25
407.0684 	DATA 	Keypress: o
407.0705 	Level jitter 	25
416.0632 	Level finished 	25
416.0646 	DATA 	Keypress: o
416.0659 	DATA 	Keypress: o
416.0671 	DATA 	Keypress: o
416.0683 	DATA 	Keypress: o
416.1049 	Level image=waterlogo.jpg 	25
417.0657 	DATA 	Keypress: o
417.0713 	Level injecting via pump at address 0 	25
423.0693 	DATA 	Keypress: o
423.0707 	DATA 	Keypress: o
423.0719 	DATA 	Keypress: o
423.0883 	Level WAIT 	25
424.0884 	Level RINSE 	25
426.0681 	DATA 	Keypress: o
426.0723 	Level jitter 	25
435.0632 	Level finished 	25
435.0644 	DATA 	Keypress: o
435.0655 	DATA 	Keypress: o
435.0667 	DATA 	Keypress: o
435.0677 	DATA 	Keypress: o
435.0687 	DATA 	Keypress: o
435.0892 	Level image=tasty.jpg 	25
436.0731 	Level injecting via pump at address 1 	25
442.0684 	DATA 	Keypress: o
442.0696 	DATA 	Keypress: o
442.0706 	DATA 	Keypress: o
442.0896 	Level WAIT 	25
443.0656 	DATA 	Keypress: o
443.0897 	Level RINSE 	25
445.0677 	DATA 	Keypress: o
445.0731 	Level jitter 	25
449.0632 	Level finished 	25
449.0646 	DATA 	Keypress: o
449.0659 	DATA 	Keypress: o
449.0907 	Level image=tasty.jpg 	25
450.0902 	Level injecting via pump at address 1 	25
456.0688 	DATA 	Keypress: o
456.0702 	DATA 	Keypress: o
456.0715 	DATA 	Keypress: o
456.0906 	Level WAIT 	25
457.0658 	DATA 	Keypress: o
457.0741 	Level RINSE 	25
459.0681 	DATA 	Keypress: o
459.0913 	Level jitter 	25
462.0632 	Level finished 	25
462.0643 	DATA 	Keypress: o
462.0911 	Level image=waterlogo.jpg 	25
463.0661 	DATA 	Keypress: o
463.0912 	Level injecting via pump at address 0 	25
469.0690 	DATA 	Keypress: o
469.0703 	DATA 	Keypress: o
469.0715 	DATA 	Keypress: o
469.0919 	Level WAIT 	25
470.0749 	Level RINSE 	25
472.0686 	DATA 	Keypress: o
472.0917 	Level jitter 	25
473.0632 	Level finished 	25
473.0643 	DATA 	Keypress: o
473.0751 	Level image=tasty.jpg 	25
474.0752 	Level injecting via pump at address 1 	25
480.0681 	DATA 	Keypress: o
480.0692 	DATA 	Keypress: o
480.0702 	DATA 	Keypress: o
480.0926 	Level WAIT 	25
481.0658 	DATA 	Keypress: o
481.0923 	Level RINSE 	25
483.0690 	DATA 	Keypress: o
483.0924 	Level jitter 	25
490.0632 	Level finished 	25
490.0644 	DATA 	Keypress: o
490.0655 	DATA 	Keypress: o
490.0667 	DATA 	Keypress: o
490.0935 	Level image=waterlogo.jpg 	25
491.0655 	DATA 	Keypress: o
491.0932 	Level injecting via pump at address 0 	25
497.0683 	DATA 	Keypress: o
497.0695 	DATA 	Keypress: o
497.0705 	DATA 	Keypress: o
497.0934 	Level WAIT 	25
498.0768 	Level RINSE 	25
500.0692 	DATA 	Keypress: o
500.0941 	Level jitter 	25
501.0632 	Level finished 	25
501.0643 	DATA 	Keypress: o
501.0771 	Level image=tasty.jpg 	25
502.0772 	Level injecting via pump at address 1 	25
508.0679 	DATA 	Keypress: o
508.0691 	DATA 	Keypress: o
508.0703 	DATA 	Keypress: o
508.0941 	Level WAIT 	25
509.0658 	DATA 	Keypress: o
509.0943 	Level RINSE 	25
511.0686 	DATA 	Keypress: o
511.0781 	Level jitter 	25
517.0632 	Level finished 	25
