124.8394 	DATA 	Keypress: o
124.8404 	Level start key press 	25
126.8479 	DATA 	Keypress: o
128.8481 	DATA 	Keypress: o
130.8485 	DATA 	Keypress: o
132.8486 	DATA 	Keypress: o
133.2464 	Level image=waterlogo.jpg 	25
134.1798 	Level injecting via pump at address 0 	25
140.1683 	DATA 	Keypress: o
140.1694 	DATA 	Keypress: o
140.1703 	DATA 	Keypress: o
140.1809 	Level WAIT 	25
141.1658 	DATA 	Keypress: o
141.1807 	Level RINSE 	25
143.1766 	DATA 	Keypress: o
143.1809 	Level jitter 	25
149.1630 	Level finished 	25
149.1642 	DATA 	Keypress: o
149.1652 	DATA 	Keypress: o
149.1662 	DATA 	Keypress: o
149.1982 	Level image=tasty.jpg 	25
150.1821 	Level injecting via pump at address 1 	25
156.1677 	DATA 	Keypress: o
156.1687 	DATA 	Keypress: o
156.1698 	DATA 	Keypress: o
156.1824 	Level WAIT 	25
157.1658 	DATA 	Keypress: o
157.1826 	Level RINSE 	25
159.1674 	DATA 	Keypress: o
159.1827 	Level jitter 	25
165.1630 	Level finished 	25
165.1642 	DATA 	Keypress: o
165.1653 	DATA 	Keypress: o
165.1666 	DATA 	Keypress: o
165.1838 	Level image=tasty.jpg 	25
166.1835 	Level injecting via pump at address 1 	25
172.1685 	DATA 	Keypress: o
172.1698 	DATA 	Keypress: o
172.1709 	DATA 	Keypress: o
172.1842 	Level WAIT 	25
173.1653 	DATA 	Keypress: o
173.1843 	Level RINSE 	25
175.1679 	DATA 	Keypress: o
175.1849 	Level jitter 	25
177.1630 	Level finished 	25
177.1641 	DATA 	Keypress: o
177.2015 	Level image=waterlogo.jpg 	25
178.1849 	Level injecting via pump at address 0 	25
184.1686 	DATA 	Keypress: o
184.1696 	DATA 	Keypress: o
184.1705 	DATA 	Keypress: o
184.1856 	Level WAIT 	25
185.1654 	DATA 	Keypress: o
185.1861 	Level RINSE 	25
187.1683 	DATA 	Keypress: o
187.1859 	Level jitter 	25
193.1630 	Level finished 	25
193.1645 	DATA 	Keypress: o
193.1658 	DATA 	Keypress: o
193.1667 	DATA 	Keypress: o
193.1867 	Level image=tasty.jpg 	25
194.1868 	Level injecting via pump at address 1 	25
200.1680 	DATA 	Keypress: o
200.1690 	DATA 	Keypress: o
200.1699 	DATA 	Keypress: o
200.1878 	Level WAIT 	25
201.1658 	DATA 	Keypress: o
201.1876 	Level RINSE 	25
203.1674 	DATA 	Keypress: o
203.1878 	Level jitter 	25
208.1630 	Level finished 	25
208.1641 	DATA 	Keypress: o
208.1652 	DATA 	Keypress: o
208.1884 	Level image=waterlogo.jpg 	25
209.1663 	DATA 	Keypress: o
209.1720 	Level injecting via pump at address 0 	25
215.1681 	DATA 	Keypress: o
215.1691 	DATA 	Keypress: o
215.1701 	DATA 	Keypress: o
215.1897 	Level WAIT 	25
216.1727 	Level RINSE 	25
218.1688 	DATA 	Keypress: o
218.1729 	Level jitter 	25
223.1630 	Level finished 	25
223.1644 	DATA 	Keypress: o
223.1657 	DATA 	Keypress: o
223.1671 	DATA 	Keypress: o
223.1902 	Level image=tasty.jpg 	25
224.1903 	Level injecting via pump at address 1 	25
230.1681 	DATA 	Keypress: o
230.1694 	DATA 	Keypress: o
230.1705 	DATA 	Keypress: o
230.1915 	Level WAIT 	25
231.1655 	DATA 	Keypress: o
231.1744 	Level RINSE 	25
233.1681 	DATA 	Keypress: o
233.1913 	Level jitter 	25
239.1630 	Level finished 	25
239.1641 	DATA 	Keypress: o
239.1651 	DATA 	Keypress: o
239.1661 	DATA 	Keypress: o
239.1921 	Level image=waterlogo.jpg 	25
240.1760 	Level injecting via pump at address 0 	25
246.1676 	DATA 	Keypress: o
246.1686 	DATA 	Keypress: o
246.1695 	DATA 	Keypress: o
246.1762 	Level WAIT 	25
247.1658 	DATA 	Keypress: o
247.1763 	Level RINSE 	25
249.1679 	DATA 	Keypress: o
249.1932 	Level jitter 	25
252.1630 	Level finished 	25
252.1643 	DATA 	Keypress: o
252.1940 	Level image=tasty.jpg 	25
253.1662 	DATA 	Keypress: o
253.1772 	Level injecting via pump at address 1 	25
259.1678 	DATA 	Keypress: o
259.1688 	DATA 	Keypress: o
259.1698 	DATA 	Keypress: o
259.1777 	Level WAIT 	25
260.1778 	Level RINSE 	25
262.1676 	DATA 	Keypress: o
262.1785 	Level jitter 	25
270.1630 	Level finished 	25
270.1642 	DATA 	Keypress: o
270.1654 	DATA 	Keypress: o
270.1666 	DATA 	Keypress: o
270.1677 	DATA 	Keypress: o
270.1957 	Level image=waterlogo.jpg 	25
271.1655 	DATA 	Keypress: o
271.1791 	Level injecting via pump at address 0 	25
277.1683 	DATA 	Keypress: o
277.1695 	DATA 	Keypress: o
277.1705 	DATA 	Keypress: o
277.1969 	Level WAIT 	25
278.1799 	Level RINSE 	25
280.1678 	DATA 	Keypress: o
280.1968 	Level jitter 	25
282.1630 	Level finished 	25
282.1642 	DATA 	Keypress: o
282.1805 	Level image=tasty.jpg 	25
283.1654 	DATA 	Keypress: o
283.1973 	Level injecting via pump at address 1 	25
289.1684 	DATA 	Keypress: o
289.1697 	DATA 	Keypress: o
289.1709 	DATA 	Keypress: o
289.1983 	Level WAIT 	25
290.1813 	Level RINSE 	25
292.1688 	DATA 	Keypress: o
292.1982 	Level jitter 	25
301.1630 	Level finished 	25
301.1644 	DATA 	Keypress: o
301.1657 	DATA 	Keypress: o
301.1669 	DATA 	Keypress: o
301.1681 	DATA 	Keypress: o
301.1692 	DATA 	Keypress: o
301.1998 	Level image=waterlogo.jpg 	25
302.1828 	Level injecting via pump at address 0 	25
308.1679 	DATA 	Keypress: o
308.1689 	DATA 	Keypress: o
308.1698 	DATA 	Keypress: o
308.2001 	Level WAIT 	25
309.1656 	DATA 	Keypress: o
309.1836 	Level RINSE 	25
311.1686 	DATA 	Keypress: o
311.2010 	Level jitter 	25
313.1630 	Level finished 	25
313.1644 	DATA 	Keypress: o
313.1840 	Level image=tasty.jpg 	25
314.1842 	Level injecting via pump at address 1 	25
320.1679 	DATA 	Keypress: o
320.1691 	DATA 	Keypress: o
320.1702 	DATA 	Keypress: o
320.1848 	Level WAIT 	25
321.1657 	DATA 	Keypress: o
321.1688 	Level RINSE 	25
323.1674 	DATA 	Keypress: o
323.1852 	Level jitter 	25
326.1630 	Level finished 	25
326.1641 	DATA 	Keypress: o
326.1857 	Level image=waterlogo.jpg 	25
327.1658 	DATA 	Keypress: o
327.1858 	Level injecting via pump at address 0 	25
333.1676 	DATA 	Keypress: o
333.1686 	DATA 	Keypress: o
333.1696 	DATA 	Keypress: o
333.1868 	Level WAIT 	25
334.1699 	Level RINSE 	25
336.1675 	DATA 	Keypress: o
336.1867 	Level jitter 	25
340.1630 	Level finished 	25
340.1644 	DATA 	Keypress: o
340.1656 	DATA 	Keypress: o
340.1873 	Level image=tasty.jpg 	25
341.1654 	DATA 	Keypress: o
341.1874 	Level injecting via pump at address 1 	25
347.1683 	DATA 	Keypress: o
347.1696 	DATA 	Keypress: o
347.1706 	DATA 	Keypress: o
347.1884 	Level WAIT 	25
348.1881 	Level RINSE 	25
350.1681 	DATA 	Keypress: o
350.1884 	Level jitter 	25
351.1630 	Level finished 	25
351.1641 	DATA 	Keypress: o
351.1886 	Level image=waterlogo.jpg 	25
352.1887 	Level injecting via pump at address 0 	25
358.1677 	DATA 	Keypress: o
358.1687 	DATA 	Keypress: o
358.1697 	DATA 	Keypress: o
358.1897 	Level WAIT 	25
359.1658 	DATA 	Keypress: o
359.1727 	Level RINSE 	25
361.1684 	DATA 	Keypress: o
361.1896 	Level jitter 	25
364.1630 	Level finished 	25
364.1642 	DATA 	Keypress: o
364.1900 	Level image=tasty.jpg 	25
365.1658 	DATA 	Keypress: o
365.1736 	Level injecting via pump at address 1 	25
371.1683 	DATA 	Keypress: o
371.1695 	DATA 	Keypress: o
371.1707 	DATA 	Keypress: o
371.1746 	Level WAIT 	25
372.1742 	Level RINSE 	25
374.1687 	DATA 	Keypress: o
374.1745 	Level jitter 	25
382.1630 	Level finished 	25
382.1644 	DATA 	Keypress: o
382.1657 	DATA 	Keypress: o
382.1668 	DATA 	Keypress: o
382.1680 	DATA 	Keypress: o
382.1926 	Level image=tasty.jpg 	25
383.1654 	DATA 	Keypress: o
383.1924 	Level injecting via pump at address 1 	25
389.1676 	DATA 	Keypress: o
389.1687 	DATA 	Keypress: o
389.1699 	DATA 	Keypress: o
389.1929 	Level WAIT 	25
390.1763 	Level RINSE 	25
392.1678 	DATA 	Keypress: o
392.1935 	Level jitter 	25
396.1630 	Level finished 	25
396.1642 	DATA 	Keypress: o
396.1652 	DATA 	Keypress: o
396.1771 	Level image=waterlogo.jpg 	25
397.1655 	DATA 	Keypress: o
397.1773 	Level injecting via pump at address 0 	25
403.1684 	DATA 	Keypress: o
403.1695 	DATA 	Keypress: o
403.1704 	DATA 	Keypress: o
403.1783 	Level WAIT 	25
404.1781 	Level RINSE 	25
406.1680 	DATA 	Keypress: o
406.1783 	Level jitter 	25
409.1630 	Level finished 	25
409.1645 	DATA 	Keypress: o
409.1658 	DATA 	Keypress: o
409.1787 	Level image=tasty.jpg 	25
410.1788 	Level injecting via pump at address 1 	25
416.1692 	DATA 	Keypress: o
416.1709 	DATA 	Keypress: o
416.1722 	DATA 	Keypress: o
416.1964 	Level WAIT 	25
417.1653 	DATA 	Keypress: o
417.1962 	Level RINSE 	25
419.1677 	DATA 	Keypress: o
419.1798 	Level jitter 	25
424.1630 	Level finished 	25
424.1641 	DATA 	Keypress: o
424.1652 	DATA 	Keypress: o
424.1804 	Level image=waterlogo.jpg 	25
425.1658 	DATA 	Keypress: o
425.1805 	Level injecting via pump at address 0 	25
431.1695 	DATA 	Keypress: o
431.1710 	DATA 	Keypress: o
431.1721 	DATA 	Keypress: o
431.1816 	Level WAIT 	25
432.1813 	Level RINSE 	25
434.1676 	DATA 	Keypress: o
434.1815 	Level jitter 	25
439.1630 	Level finished 	25
439.1642 	DATA 	Keypress: o
439.1653 	DATA 	Keypress: o
439.1663 	DATA 	Keypress: o
439.1988 	Level image=waterlogo.jpg 	25
440.1823 	Level injecting via pump at address 0 	25
446.1687 	DATA 	Keypress: o
446.1701 	DATA 	Keypress: o
446.1713 	DATA 	Keypress: o
446.1834 	Level WAIT 	25
447.1655 	DATA 	Keypress: o
447.1831 	Level RINSE 	25
449.1682 	DATA 	Keypress: o
449.1833 	Level jitter 	25
458.1630 	Level finished 	25
458.1642 	DATA 	Keypress: o
458.1652 	DATA 	Keypress: o
458.1663 	DATA 	Keypress: o
458.1674 	DATA 	Keypress: o
458.2014 	Level image=tasty.jpg 	25
459.1654 	DATA 	Keypress: o
459.1845 	Level injecting via pump at address 1 	25
465.1682 	DATA 	Keypress: o
465.1693 	DATA 	Keypress: o
465.1702 	DATA 	Keypress: o
465.1852 	Level WAIT 	25
466.1854 	Level RINSE 	25
468.1681 	DATA 	Keypress: o
468.1859 	Level jitter 	25
470.1630 	Level finished 	25
470.1641 	DATA 	Keypress: o
470.1858 	Level image=waterlogo.jpg 	25
471.1656 	DATA 	Keypress: o
471.1693 	Level injecting via pump at address 0 	25
477.1683 	DATA 	Keypress: o
477.1693 	DATA 	Keypress: o
477.1703 	DATA 	Keypress: o
477.1866 	Level WAIT 	25
478.1872 	Level RINSE 	25
480.1679 	DATA 	Keypress: o
480.1702 	Level jitter 	25
483.1630 	Level finished 	25
483.1645 	DATA 	Keypress: o
483.1658 	DATA 	Keypress: o
483.2041 	Level image=waterlogo.jpg 	25
484.1707 	Level injecting via pump at address 0 	25
490.1674 	DATA 	Keypress: o
490.1685 	DATA 	Keypress: o
490.1694 	DATA 	Keypress: o
490.1885 	Level WAIT 	25
491.1658 	DATA 	Keypress: o
491.1882 	Level RINSE 	25
493.1674 	DATA 	Keypress: o
493.1717 	Level jitter 	25
498.1630 	Level finished 	25
498.1642 	DATA 	Keypress: o
498.1651 	DATA 	Keypress: o
498.1890 	Level image=tasty.jpg 	25
499.1655 	DATA 	Keypress: o
499.1725 	Level injecting via pump at address 1 	25
505.1676 	DATA 	Keypress: o
505.1688 	DATA 	Keypress: o
505.1699 	DATA 	Keypress: o
505.1737 	Level WAIT 	25
506.1735 	Level RINSE 	25
508.1687 	DATA 	Keypress: o
508.1904 	Level jitter 	25
510.1630 	Level finished 	25
510.1642 	DATA 	Keypress: o
510.1905 	Level image=tasty.jpg 	25
511.1657 	DATA 	Keypress: o
511.1906 	Level injecting via pump at address 1 	25
517.1684 	DATA 	Keypress: o
517.1695 	DATA 	Keypress: o
517.1710 	DATA 	Keypress: o
517.1916 	Level WAIT 	25
518.1748 	Level RINSE 	25
520.1673 	DATA 	Keypress: o
520.1916 	Level jitter 	25
527.1630 	Level finished 	25
527.1642 	DATA 	Keypress: o
527.1653 	DATA 	Keypress: o
527.1663 	DATA 	Keypress: o
527.1671 	DATA 	Keypress: o
527.1762 	Level image=waterlogo.jpg 	25
528.1759 	Level injecting via pump at address 0 	25
534.1683 	DATA 	Keypress: o
534.1694 	DATA 	Keypress: o
534.1705 	DATA 	Keypress: o
534.1932 	Level WAIT 	25
535.1654 	DATA 	Keypress: o
535.1934 	Level RINSE 	25
537.1681 	DATA 	Keypress: o
537.1773 	Level jitter 	25
540.1630 	Level finished 	25
540.1641 	DATA 	Keypress: o
540.1773 	Level image=tasty.jpg 	25
541.1658 	DATA 	Keypress: o
541.1775 	Level injecting via pump at address 1 	25
547.1678 	DATA 	Keypress: o
547.1690 	DATA 	Keypress: o
547.1701 	DATA 	Keypress: o
547.1952 	Level WAIT 	25
548.1949 	Level RINSE 	25
550.1685 	DATA 	Keypress: o
550.1785 	Level jitter 	25
552.1630 	Level finished 	25
552.1642 	DATA 	Keypress: o
552.1787 	Level image=waterlogo.jpg 	25
553.1658 	DATA 	Keypress: o
553.1789 	Level injecting via pump at address 0 	25
559.1675 	DATA 	Keypress: o
559.1686 	DATA 	Keypress: o
559.1695 	DATA 	Keypress: o
559.1800 	Level WAIT 	25
560.1797 	Level RINSE 	25
562.1683 	DATA 	Keypress: o
562.1799 	Level jitter 	25
570.1630 	Level finished 	25
570.1642 	DATA 	Keypress: o
570.1651 	DATA 	Keypress: o
570.1663 	DATA 	Keypress: o
570.1674 	DATA 	Keypress: o
570.1979 	Level image=tasty.jpg 	25
571.1657 	DATA 	Keypress: o
571.1810 	Level injecting via pump at address 1 	25
577.1680 	DATA 	Keypress: o
577.1690 	DATA 	Keypress: o
577.1700 	DATA 	Keypress: o
577.1817 	Level WAIT 	25
578.1818 	Level RINSE 	25
580.1692 	DATA 	Keypress: o
580.1824 	Level jitter 	25
582.1630 	Level finished 	25
582.1641 	DATA 	Keypress: o
582.1823 	Level image=waterlogo.jpg 	25
583.1658 	DATA 	Keypress: o
583.1824 	Level injecting via pump at address 0 	25
589.1675 	DATA 	Keypress: o
589.1686 	DATA 	Keypress: o
589.1698 	DATA 	Keypress: o
589.1997 	Level WAIT 	25
590.1837 	Level RINSE 	25
592.1679 	DATA 	Keypress: o
592.2000 	Level jitter 	25
599.1630 	Level finished 	25
