66.3185 	DATA 	Keypress: o
66.3192 	Level start key press 	25
68.3322 	DATA 	Keypress: o
70.3325 	DATA 	Keypress: o
72.3326 	DATA 	Keypress: o
74.3163 	DATA 	Keypress: o
74.6973 	Level image=tasty.jpg 	25
75.6474 	Level injecting via pump at address 1 	25
81.6183 	DATA 	Keypress: o
81.6193 	DATA 	Keypress: o
81.6203 	DATA 	Keypress: o
81.6484 	Level WAIT 	25
82.6162 	DATA 	Keypress: o
82.6315 	Level RINSE 	25
84.6273 	DATA 	Keypress: o
84.6484 	Level jitter 	25
93.6138 	Level finished 	25
93.6150 	DATA 	Keypress: o
93.6160 	DATA 	Keypress: o
93.6170 	DATA 	Keypress: o
93.6181 	DATA 	Keypress: o
93.6498 	Level image=waterlogo.jpg 	25
94.6165 	DATA 	Keypress: o
94.6329 	Level injecting via pump at address 0 	25
100.6182 	DATA 	Keypress: o
100.6193 	DATA 	Keypress: o
100.6204 	DATA 	Keypress: o
100.6502 	Level WAIT 	25
101.6338 	Level RINSE 	25
103.6187 	DATA 	Keypress: o
103.6510 	Level jitter 	25
107.6138 	Level finished 	25
107.6152 	DATA 	Keypress: o
107.6163 	DATA 	Keypress: o
107.6344 	Level image=tasty.jpg 	25
108.6162 	DATA 	Keypress: o
108.6346 	Level injecting via pump at address 1 	25
114.6183 	DATA 	Keypress: o
114.6193 	DATA 	Keypress: o
114.6203 	DATA 	Keypress: o
114.6357 	Level WAIT 	25
115.6354 	Level RINSE 	25
117.6189 	DATA 	Keypress: o
117.6356 	Level jitter 	25
121.6138 	Level finished 	25
121.6150 	DATA 	Keypress: o
121.6162 	DATA 	Keypress: o
121.6528 	Level image=waterlogo.jpg 	25
122.6164 	DATA 	Keypress: o
122.6196 	Level injecting via pump at address 0 	25
128.6184 	DATA 	Keypress: o
128.6194 	DATA 	Keypress: o
128.6204 	DATA 	Keypress: o
128.6539 	Level WAIT 	25
129.6370 	Level RINSE 	25
131.6182 	DATA 	Keypress: o
131.6372 	Level jitter 	25
135.6138 	Level finished 	25
135.6152 	DATA 	Keypress: o
135.6165 	DATA 	Keypress: o
135.6377 	Level image=waterlogo.jpg 	25
136.6165 	DATA 	Keypress: o
136.6378 	Level injecting via pump at address 0 	25
142.6188 	DATA 	Keypress: o
142.6201 	DATA 	Keypress: o
142.6213 	DATA 	Keypress: o
142.6389 	Level WAIT 	25
143.6387 	Level RINSE 	25
145.6191 	DATA 	Keypress: o
145.6388 	Level jitter 	25
149.6138 	Level finished 	25
149.6151 	DATA 	Keypress: o
149.6161 	DATA 	Keypress: o
149.6394 	Level image=tasty.jpg 	25
150.6168 	DATA 	Keypress: o
150.6228 	Level injecting via pump at address 1 	25
156.6182 	DATA 	Keypress: o
156.6195 	DATA 	Keypress: o
156.6206 	DATA 	Keypress: o
156.6406 	Level WAIT 	25
157.6236 	Level RINSE 	25
159.6186 	DATA 	Keypress: o
159.6405 	Level jitter 	25
165.6138 	Level finished 	25
165.6150 	DATA 	Keypress: o
165.6160 	DATA 	Keypress: o
165.6170 	DATA 	Keypress: o
165.6412 	Level image=waterlogo.jpg 	25
166.6161 	DATA 	Keypress: o
166.6251 	Level injecting via pump at address 0 	25
172.6182 	DATA 	Keypress: o
172.6194 	DATA 	Keypress: o
172.6205 	DATA 	Keypress: o
172.6254 	Level WAIT 	25
173.6255 	Level RINSE 	25
175.6181 	DATA 	Keypress: o
175.6256 	Level jitter 	25
178.6138 	Level finished 	25
178.6151 	DATA 	Keypress: o
178.6163 	DATA 	Keypress: o
178.6431 	Level image=tasty.jpg 	25
179.6262 	Level injecting via pump at address 1 	25
185.6185 	DATA 	Keypress: o
185.6195 	DATA 	Keypress: o
185.6205 	DATA 	Keypress: o
185.6268 	Level WAIT 	25
186.6161 	DATA 	Keypress: o
186.6270 	Level RINSE 	25
188.6189 	DATA 	Keypress: o
188.6276 	Level jitter 	25
191.6138 	Level finished 	25
191.6152 	DATA 	Keypress: o
191.6276 	Level image=waterlogo.jpg 	25
192.6162 	DATA 	Keypress: o
192.6277 	Level injecting via pump at address 0 	25
198.6186 	DATA 	Keypress: o
198.6198 	DATA 	Keypress: o
198.6210 	DATA 	Keypress: o
198.6454 	Level WAIT 	25
199.6285 	Level RINSE 	25
201.6182 	DATA 	Keypress: o
201.6286 	Level jitter 	25
205.6138 	Level finished 	25
205.6150 	DATA 	Keypress: o
205.6162 	DATA 	Keypress: o
205.6459 	Level image=waterlogo.jpg 	25
206.6161 	DATA 	Keypress: o
206.6460 	Level injecting via pump at address 0 	25
212.6193 	DATA 	Keypress: o
212.6205 	DATA 	Keypress: o
212.6216 	DATA 	Keypress: o
212.6471 	Level WAIT 	25
213.6302 	Level RINSE 	25
215.6190 	DATA 	Keypress: o
215.6471 	Level jitter 	25
220.6138 	Level finished 	25
220.6150 	DATA 	Keypress: o
220.6162 	DATA 	Keypress: o
220.6174 	DATA 	Keypress: o
220.6309 	Level image=tasty.jpg 	25
221.6311 	Level injecting via pump at address 1 	25
227.6190 	DATA 	Keypress: o
227.6203 	DATA 	Keypress: o
227.6215 	DATA 	Keypress: o
227.6488 	Level WAIT 	25
228.6166 	DATA 	Keypress: o
228.6319 	Level RINSE 	25
230.6196 	DATA 	Keypress: o
230.6321 	Level jitter 	25
233.6138 	Level finished 	25
233.6151 	DATA 	Keypress: o
233.6325 	Level image=waterlogo.jpg 	25
234.6166 	DATA 	Keypress: o
234.6493 	Level injecting via pump at address 0 	25
240.6192 	DATA 	Keypress: o
240.6205 	DATA 	Keypress: o
240.6216 	DATA 	Keypress: o
240.6503 	Level WAIT 	25
241.6334 	Level RINSE 	25
243.6189 	DATA 	Keypress: o
243.6503 	Level jitter 	25
251.6138 	Level finished 	25
251.6153 	DATA 	Keypress: o
251.6164 	DATA 	Keypress: o
251.6174 	DATA 	Keypress: o
251.6184 	DATA 	Keypress: o
251.6350 	Level image=tasty.jpg 	25
252.6161 	DATA 	Keypress: o
252.6348 	Level injecting via pump at address 1 	25
258.6184 	DATA 	Keypress: o
258.6195 	DATA 	Keypress: o
258.6207 	DATA 	Keypress: o
258.6353 	Level WAIT 	25
259.6354 	Level RINSE 	25
261.6182 	DATA 	Keypress: o
261.6360 	Level jitter 	25
263.6138 	Level finished 	25
263.6150 	DATA 	Keypress: o
263.6360 	Level image=tasty.jpg 	25
264.6162 	DATA 	Keypress: o
264.6361 	Level injecting via pump at address 1 	25
270.6185 	DATA 	Keypress: o
270.6195 	DATA 	Keypress: o
270.6205 	DATA 	Keypress: o
270.6368 	Level WAIT 	25
271.6373 	Level RINSE 	25
273.6187 	DATA 	Keypress: o
273.6371 	Level jitter 	25
275.6138 	Level finished 	25
275.6150 	DATA 	Keypress: o
275.6374 	Level image=waterlogo.jpg 	25
276.6166 	DATA 	Keypress: o
276.6375 	Level injecting via pump at address 0 	25
282.6190 	DATA 	Keypress: o
282.6202 	DATA 	Keypress: o
282.6213 	DATA 	Keypress: o
282.6386 	Level WAIT 	25
283.6383 	Level RINSE 	25
285.6182 	DATA 	Keypress: o
285.6386 	Level jitter 	25
288.6138 	Level finished 	25
288.6150 	DATA 	Keypress: o
288.6161 	DATA 	Keypress: o
288.6389 	Level image=tasty.jpg 	25
289.6390 	Level injecting via pump at address 1 	25
295.6189 	DATA 	Keypress: o
295.6199 	DATA 	Keypress: o
295.6210 	DATA 	Keypress: o
295.6401 	Level WAIT 	25
296.6167 	DATA 	Keypress: o
296.6398 	Level RINSE 	25
298.6185 	DATA 	Keypress: o
298.6401 	Level jitter 	25
300.6138 	Level finished 	25
300.6151 	DATA 	Keypress: o
300.6236 	Level image=waterlogo.jpg 	25
301.6238 	Level injecting via pump at address 0 	25
307.6182 	DATA 	Keypress: o
307.6195 	DATA 	Keypress: o
307.6206 	DATA 	Keypress: o
307.6415 	Level WAIT 	25
308.6162 	DATA 	Keypress: o
308.6412 	Level RINSE 	25
310.6191 	DATA 	Keypress: o
310.6414 	Level jitter 	25
311.6138 	Level finished 	25
311.6416 	Level image=tasty.jpg 	25
312.6163 	DATA 	Keypress: o
312.6418 	Level injecting via pump at address 1 	25
318.6182 	DATA 	Keypress: o
318.6192 	DATA 	Keypress: o
318.6204 	DATA 	Keypress: o
318.6428 	Level WAIT 	25
319.6258 	Level RINSE 	25
321.6188 	DATA 	Keypress: o
321.6427 	Level jitter 	25
323.6138 	Level finished 	25
323.6149 	DATA 	Keypress: o
323.6430 	Level image=waterlogo.jpg 	25
324.6163 	DATA 	Keypress: o
324.6432 	Level injecting via pump at address 0 	25
330.6192 	DATA 	Keypress: o
330.6202 	DATA 	Keypress: o
330.6212 	DATA 	Keypress: o
330.6441 	Level WAIT 	25
331.6272 	Level RINSE 	25
333.6192 	DATA 	Keypress: o
333.6441 	Level jitter 	25
339.6138 	Level finished 	25
339.6152 	DATA 	Keypress: o
339.6163 	DATA 	Keypress: o
339.6174 	DATA 	Keypress: o
339.6449 	Level image=waterlogo.jpg 	25
340.6166 	DATA 	Keypress: o
340.6455 	Level injecting via pump at address 0 	25
346.6192 	DATA 	Keypress: o
346.6205 	DATA 	Keypress: o
346.6217 	DATA 	Keypress: o
346.6457 	Level WAIT 	25
347.6291 	Level RINSE 	25
349.6182 	DATA 	Keypress: o
349.6460 	Level jitter 	25
352.6138 	Level finished 	25
352.6150 	DATA 	Keypress: o
352.6160 	DATA 	Keypress: o
352.6468 	Level image=tasty.jpg 	25
353.6299 	Level injecting via pump at address 1 	25
359.6184 	DATA 	Keypress: o
359.6194 	DATA 	Keypress: o
359.6203 	DATA 	Keypress: o
359.6472 	Level WAIT 	25
360.6162 	DATA 	Keypress: o
360.6306 	Level RINSE 	25
362.6195 	DATA 	Keypress: o
362.6479 	Level jitter 	25
370.6138 	Level finished 	25
370.6150 	DATA 	Keypress: o
370.6160 	DATA 	Keypress: o
370.6170 	DATA 	Keypress: o
370.6179 	DATA 	Keypress: o
370.6486 	Level image=waterlogo.jpg 	25
371.6319 	Level injecting via pump at address 0 	25
377.6184 	DATA 	Keypress: o
377.6194 	DATA 	Keypress: o
377.6204 	DATA 	Keypress: o
377.6496 	Level WAIT 	25
378.6163 	DATA 	Keypress: o
378.6328 	Level RINSE 	25
380.6192 	DATA 	Keypress: o
380.6330 	Level jitter 	25
385.6138 	Level finished 	25
385.6150 	DATA 	Keypress: o
385.6162 	DATA 	Keypress: o
385.6336 	Level image=tasty.jpg 	25
386.6162 	DATA 	Keypress: o
386.6338 	Level injecting via pump at address 1 	25
392.6188 	DATA 	Keypress: o
392.6198 	DATA 	Keypress: o
392.6208 	DATA 	Keypress: o
392.6347 	Level WAIT 	25
393.6345 	Level RINSE 	25
395.6189 	DATA 	Keypress: o
395.6348 	Level jitter 	25
399.6138 	Level finished 	25
399.6153 	DATA 	Keypress: o
399.6165 	DATA 	Keypress: o
399.6520 	Level image=waterlogo.jpg 	25
400.6166 	DATA 	Keypress: o
400.6354 	Level injecting via pump at address 0 	25
406.6185 	DATA 	Keypress: o
406.6196 	DATA 	Keypress: o
406.6207 	DATA 	Keypress: o
406.6364 	Level WAIT 	25
407.6362 	Level RINSE 	25
409.6184 	DATA 	Keypress: o
409.6364 	Level jitter 	25
414.6138 	Level finished 	25
414.6150 	DATA 	Keypress: o
414.6160 	DATA 	Keypress: o
414.6170 	DATA 	Keypress: o
414.6369 	Level image=tasty.jpg 	25
415.6371 	Level injecting via pump at address 1 	25
421.6194 	DATA 	Keypress: o
421.6207 	DATA 	Keypress: o
421.6218 	DATA 	Keypress: o
421.6381 	Level WAIT 	25
422.6166 	DATA 	Keypress: o
422.6212 	Level RINSE 	25
424.6186 	DATA 	Keypress: o
424.6382 	Level jitter 	25
433.6138 	Level finished 	25
433.6150 	DATA 	Keypress: o
433.6160 	DATA 	Keypress: o
433.6169 	DATA 	Keypress: o
433.6178 	DATA 	Keypress: o
433.6396 	Level image=waterlogo.jpg 	25
434.6164 	DATA 	Keypress: o
434.6228 	Level injecting via pump at address 0 	25
440.6196 	DATA 	Keypress: o
440.6208 	DATA 	Keypress: o
440.6220 	DATA 	Keypress: o
440.6400 	Level WAIT 	25
441.6234 	Level RINSE 	25
443.6188 	DATA 	Keypress: o
443.6406 	Level jitter 	25
452.6138 	Level finished 	25
452.6150 	DATA 	Keypress: o
452.6162 	DATA 	Keypress: o
452.6174 	DATA 	Keypress: o
452.6186 	DATA 	Keypress: o
452.6196 	DATA 	Keypress: o
452.6415 	Level image=tasty.jpg 	25
453.6253 	Level injecting via pump at address 1 	25
459.6190 	DATA 	Keypress: o
459.6204 	DATA 	Keypress: o
459.6215 	DATA 	Keypress: o
459.6255 	Level WAIT 	25
460.6165 	DATA 	Keypress: o
460.6256 	Level RINSE 	25
462.6188 	DATA 	Keypress: o
462.6425 	Level jitter 	25
466.6138 	Level finished 	25
466.6152 	DATA 	Keypress: o
466.6162 	DATA 	Keypress: o
466.6267 	Level image=tasty.jpg 	25
467.6265 	Level injecting via pump at address 1 	25
473.6182 	DATA 	Keypress: o
473.6192 	DATA 	Keypress: o
473.6203 	DATA 	Keypress: o
473.6438 	Level WAIT 	25
474.6165 	DATA 	Keypress: o
474.6440 	Level RINSE 	25
476.6188 	DATA 	Keypress: o
476.6446 	Level jitter 	25
479.6138 	Level finished 	25
479.6150 	DATA 	Keypress: o
479.6446 	Level image=waterlogo.jpg 	25
480.6165 	DATA 	Keypress: o
480.6448 	Level injecting via pump at address 0 	25
486.6195 	DATA 	Keypress: o
486.6207 	DATA 	Keypress: o
486.6219 	DATA 	Keypress: o
486.6457 	Level WAIT 	25
487.6288 	Level RINSE 	25
489.6187 	DATA 	Keypress: o
489.6457 	Level jitter 	25
490.6138 	Level finished 	25
490.6150 	DATA 	Keypress: o
490.6458 	Level image=tasty.jpg 	25
491.6294 	Level injecting via pump at address 1 	25
497.6184 	DATA 	Keypress: o
497.6194 	DATA 	Keypress: o
497.6202 	DATA 	Keypress: o
497.6304 	Level WAIT 	25
498.6167 	DATA 	Keypress: o
498.6301 	Level RINSE 	25
500.6187 	DATA 	Keypress: o
500.6303 	Level jitter 	25
507.6138 	Level finished 	25
507.6152 	DATA 	Keypress: o
507.6164 	DATA 	Keypress: o
507.6176 	DATA 	Keypress: o
507.6482 	Level image=waterlogo.jpg 	25
508.6166 	DATA 	Keypress: o
508.6313 	Level injecting via pump at address 0 	25
514.6182 	DATA 	Keypress: o
514.6193 	DATA 	Keypress: o
514.6203 	DATA 	Keypress: o
514.6486 	Level WAIT 	25
515.6487 	Level RINSE 	25
517.6194 	DATA 	Keypress: o
517.6327 	Level jitter 	25
518.6138 	Level finished 	25
518.6149 	DATA 	Keypress: o
518.6491 	Level image=tasty.jpg 	25
519.6326 	Level injecting via pump at address 1 	25
525.6188 	DATA 	Keypress: o
525.6200 	DATA 	Keypress: o
525.6210 	DATA 	Keypress: o
525.6332 	Level WAIT 	25
526.6166 	DATA 	Keypress: o
526.6334 	Level RINSE 	25
528.6188 	DATA 	Keypress: o
528.6340 	Level jitter 	25
534.6138 	Level finished 	25
