62.5412 	DATA 	Keypress: o
62.5419 	Level start key press 	25
64.5504 	DATA 	Keypress: o
66.5505 	DATA 	Keypress: o
68.5507 	DATA 	Keypress: o
70.5510 	DATA 	Keypress: o
71.0988 	Level image=waterlogo.jpg 	25
72.0489 	Level injecting via pump at address 0 	25
78.0378 	DATA 	Keypress: o
78.0392 	DATA 	Keypress: o
78.0405 	DATA 	Keypress: o
78.0665 	Level WAIT 	25
79.0343 	DATA 	Keypress: o
79.0663 	Level RINSE 	25
81.0452 	DATA 	Keypress: o
81.0665 	Level jitter 	25
87.0321 	Level finished 	25
87.0335 	DATA 	Keypress: o
87.0348 	DATA 	Keypress: o
87.0361 	DATA 	Keypress: o
87.0673 	Level image=tasty.jpg 	25
88.0511 	Level injecting via pump at address 1 	25
94.0373 	DATA 	Keypress: o
94.0383 	DATA 	Keypress: o
94.0393 	DATA 	Keypress: o
94.0681 	Level WAIT 	25
95.0354 	DATA 	Keypress: o
95.0516 	Level RINSE 	25
97.0374 	DATA 	Keypress: o
97.0517 	Level jitter 	25
103.0321 	Level finished 	25
103.0333 	DATA 	Keypress: o
103.0344 	DATA 	Keypress: o
103.0353 	DATA 	Keypress: o
103.0529 	Level image=tasty.jpg 	25
104.0526 	Level injecting via pump at address 1 	25
110.0380 	DATA 	Keypress: o
110.0394 	DATA 	Keypress: o
110.0406 	DATA 	Keypress: o
110.0699 	Level WAIT 	25
111.0346 	DATA 	Keypress: o
111.0534 	Level RINSE 	25
113.0368 	DATA 	Keypress: o
113.0540 	Level jitter 	25
115.0321 	Level finished 	25
115.0332 	DATA 	Keypress: o
115.0539 	Level image=waterlogo.jpg 	25
116.0540 	Level injecting via pump at address 0 	25
122.0383 	DATA 	Keypress: o
122.0396 	DATA 	Keypress: o
122.0408 	DATA 	Keypress: o
122.0547 	Level WAIT 	25
123.0344 	DATA 	Keypress: o
123.0554 	Level RINSE 	25
125.0374 	DATA 	Keypress: o
125.0551 	Level jitter 	25
131.0321 	Level finished 	25
131.0336 	DATA 	Keypress: o
131.0349 	DATA 	Keypress: o
131.0361 	DATA 	Keypress: o
131.0558 	Level image=tasty.jpg 	25
132.0559 	Level injecting via pump at address 1 	25
138.0378 	DATA 	Keypress: o
138.0391 	DATA 	Keypress: o
138.0402 	DATA 	Keypress: o
138.0571 	Level WAIT 	25
139.0344 	DATA 	Keypress: o
139.0400 	Level RINSE 	25
141.0375 	DATA 	Keypress: o
141.0569 	Level jitter 	25
146.0321 	Level finished 	25
146.0335 	DATA 	Keypress: o
146.0347 	DATA 	Keypress: o
146.0575 	Level image=waterlogo.jpg 	25
147.0352 	DATA 	Keypress: o
147.0577 	Level injecting via pump at address 0 	25
153.0377 	DATA 	Keypress: o
153.0388 	DATA 	Keypress: o
153.0398 	DATA 	Keypress: o
153.0588 	Level WAIT 	25
154.0586 	Level RINSE 	25
156.0378 	DATA 	Keypress: o
156.0587 	Level jitter 	25
161.0321 	Level finished 	25
161.0333 	DATA 	Keypress: o
161.0347 	DATA 	Keypress: o
161.0358 	DATA 	Keypress: o
161.0592 	Level image=tasty.jpg 	25
162.0428 	Level injecting via pump at address 1 	25
168.0373 	DATA 	Keypress: o
168.0385 	DATA 	Keypress: o
168.0395 	DATA 	Keypress: o
168.0605 	Level WAIT 	25
169.0348 	DATA 	Keypress: o
169.0602 	Level RINSE 	25
171.0367 	DATA 	Keypress: o
171.0604 	Level jitter 	25
177.0321 	Level finished 	25
177.0334 	DATA 	Keypress: o
177.0347 	DATA 	Keypress: o
177.0359 	DATA 	Keypress: o
177.0612 	Level image=waterlogo.jpg 	25
178.0451 	Level injecting via pump at address 0 	25
184.0373 	DATA 	Keypress: o
184.0386 	DATA 	Keypress: o
184.0399 	DATA 	Keypress: o
184.0619 	Level WAIT 	25
185.0347 	DATA 	Keypress: o
185.0621 	Level RINSE 	25
187.0368 	DATA 	Keypress: o
187.0623 	Level jitter 	25
190.0321 	Level finished 	25
190.0334 	DATA 	Keypress: o
190.0631 	Level image=tasty.jpg 	25
191.0347 	DATA 	Keypress: o
191.0628 	Level injecting via pump at address 1 	25
197.0386 	DATA 	Keypress: o
197.0399 	DATA 	Keypress: o
197.0411 	DATA 	Keypress: o
197.0636 	Level WAIT 	25
198.0469 	Level RINSE 	25
200.0372 	DATA 	Keypress: o
200.0643 	Level jitter 	25
208.0321 	Level finished 	25
208.0336 	DATA 	Keypress: o
208.0349 	DATA 	Keypress: o
208.0362 	DATA 	Keypress: o
208.0374 	DATA 	Keypress: o
208.0482 	Level image=waterlogo.jpg 	25
209.0344 	DATA 	Keypress: o
209.0482 	Level injecting via pump at address 0 	25
215.0376 	DATA 	Keypress: o
215.0388 	DATA 	Keypress: o
215.0401 	DATA 	Keypress: o
215.0660 	Level WAIT 	25
216.0491 	Level RINSE 	25
218.0382 	DATA 	Keypress: o
218.0493 	Level jitter 	25
220.0321 	Level finished 	25
220.0335 	DATA 	Keypress: o
220.0496 	Level image=tasty.jpg 	25
221.0344 	DATA 	Keypress: o
221.0498 	Level injecting via pump at address 1 	25
227.0378 	DATA 	Keypress: o
227.0391 	DATA 	Keypress: o
227.0403 	DATA 	Keypress: o
227.0507 	Level WAIT 	25
228.0505 	Level RINSE 	25
230.0378 	DATA 	Keypress: o
230.0507 	Level jitter 	25
239.0321 	Level finished 	25
239.0334 	DATA 	Keypress: o
239.0348 	DATA 	Keypress: o
239.0362 	DATA 	Keypress: o
239.0375 	DATA 	Keypress: o
239.0386 	DATA 	Keypress: o
239.0522 	Level image=waterlogo.jpg 	25
240.0519 	Level injecting via pump at address 0 	25
246.0380 	DATA 	Keypress: o
246.0393 	DATA 	Keypress: o
246.0408 	DATA 	Keypress: o
246.0526 	Level WAIT 	25
247.0347 	DATA 	Keypress: o
247.0527 	Level RINSE 	25
249.0374 	DATA 	Keypress: o
249.0534 	Level jitter 	25
251.0321 	Level finished 	25
251.0332 	DATA 	Keypress: o
251.0698 	Level image=tasty.jpg 	25
252.0533 	Level injecting via pump at address 1 	25
258.0376 	DATA 	Keypress: o
258.0388 	DATA 	Keypress: o
258.0400 	DATA 	Keypress: o
258.0539 	Level WAIT 	25
259.0348 	DATA 	Keypress: o
259.0545 	Level RINSE 	25
261.0374 	DATA 	Keypress: o
261.0543 	Level jitter 	25
264.0321 	Level finished 	25
264.0332 	DATA 	Keypress: o
264.0548 	Level image=waterlogo.jpg 	25
265.0352 	DATA 	Keypress: o
265.0549 	Level injecting via pump at address 0 	25
271.0386 	DATA 	Keypress: o
271.0399 	DATA 	Keypress: o
271.0412 	DATA 	Keypress: o
271.0558 	Level WAIT 	25
272.0556 	Level RINSE 	25
274.0374 	DATA 	Keypress: o
274.0558 	Level jitter 	25
278.0321 	Level finished 	25
278.0336 	DATA 	Keypress: o
278.0348 	DATA 	Keypress: o
278.0564 	Level image=tasty.jpg 	25
279.0346 	DATA 	Keypress: o
279.0566 	Level injecting via pump at address 1 	25
285.0374 	DATA 	Keypress: o
285.0386 	DATA 	Keypress: o
285.0398 	DATA 	Keypress: o
285.0575 	Level WAIT 	25
286.0406 	Level RINSE 	25
288.0379 	DATA 	Keypress: o
288.0574 	Level jitter 	25
289.0321 	Level finished 	25
289.0332 	DATA 	Keypress: o
289.0576 	Level image=waterlogo.jpg 	25
290.0578 	Level injecting via pump at address 0 	25
296.0379 	DATA 	Keypress: o
296.0392 	DATA 	Keypress: o
296.0406 	DATA 	Keypress: o
296.0588 	Level WAIT 	25
297.0351 	DATA 	Keypress: o
297.0585 	Level RINSE 	25
299.0378 	DATA 	Keypress: o
299.0588 	Level jitter 	25
302.0321 	Level finished 	25
302.0332 	DATA 	Keypress: o
302.0592 	Level image=tasty.jpg 	25
303.0345 	DATA 	Keypress: o
303.0592 	Level injecting via pump at address 1 	25
309.0377 	DATA 	Keypress: o
309.0391 	DATA 	Keypress: o
309.0403 	DATA 	Keypress: o
309.0604 	Level WAIT 	25
310.0600 	Level RINSE 	25
312.0371 	DATA 	Keypress: o
312.0603 	Level jitter 	25
320.0321 	Level finished 	25
320.0335 	DATA 	Keypress: o
320.0350 	DATA 	Keypress: o
320.0362 	DATA 	Keypress: o
320.0374 	DATA 	Keypress: o
320.0617 	Level image=tasty.jpg 	25
321.0348 	DATA 	Keypress: o
321.0447 	Level injecting via pump at address 1 	25
327.0382 	DATA 	Keypress: o
327.0395 	DATA 	Keypress: o
327.0407 	DATA 	Keypress: o
327.0620 	Level WAIT 	25
328.0621 	Level RINSE 	25
330.0371 	DATA 	Keypress: o
330.0462 	Level jitter 	25
334.0321 	Level finished 	25
334.0332 	DATA 	Keypress: o
334.0342 	DATA 	Keypress: o
334.0629 	Level image=waterlogo.jpg 	25
335.0344 	DATA 	Keypress: o
335.0631 	Level injecting via pump at address 0 	25
341.0384 	DATA 	Keypress: o
341.0397 	DATA 	Keypress: o
341.0409 	DATA 	Keypress: o
341.0640 	Level WAIT 	25
342.0471 	Level RINSE 	25
344.0372 	DATA 	Keypress: o
344.0640 	Level jitter 	25
347.0321 	Level finished 	25
347.0332 	DATA 	Keypress: o
347.0342 	DATA 	Keypress: o
347.0644 	Level image=tasty.jpg 	25
348.0478 	Level injecting via pump at address 1 	25
354.0376 	DATA 	Keypress: o
354.0388 	DATA 	Keypress: o
354.0400 	DATA 	Keypress: o
354.0489 	Level WAIT 	25
355.0346 	DATA 	Keypress: o
355.0486 	Level RINSE 	25
357.0374 	DATA 	Keypress: o
357.0655 	Level jitter 	25
362.0321 	Level finished 	25
362.0336 	DATA 	Keypress: o
362.0349 	DATA 	Keypress: o
362.0661 	Level image=waterlogo.jpg 	25
363.0348 	DATA 	Keypress: o
363.0664 	Level injecting via pump at address 0 	25
369.0373 	DATA 	Keypress: o
369.0386 	DATA 	Keypress: o
369.0399 	DATA 	Keypress: o
369.0673 	Level WAIT 	25
370.0504 	Level RINSE 	25
372.0378 	DATA 	Keypress: o
372.0672 	Level jitter 	25
377.0321 	Level finished 	25
377.0333 	DATA 	Keypress: o
377.0342 	DATA 	Keypress: o
377.0351 	DATA 	Keypress: o
377.0512 	Level image=waterlogo.jpg 	25
378.0514 	Level injecting via pump at address 0 	25
384.0377 	DATA 	Keypress: o
384.0391 	DATA 	Keypress: o
384.0409 	DATA 	Keypress: o
384.0691 	Level WAIT 	25
385.0349 	DATA 	Keypress: o
385.0522 	Level RINSE 	25
387.0374 	DATA 	Keypress: o
387.0524 	Level jitter 	25
396.0321 	Level finished 	25
396.0337 	DATA 	Keypress: o
396.0350 	DATA 	Keypress: o
396.0362 	DATA 	Keypress: o
396.0375 	DATA 	Keypress: o
396.0538 	Level image=tasty.jpg 	25
397.0346 	DATA 	Keypress: o
397.0536 	Level injecting via pump at address 1 	25
403.0380 	DATA 	Keypress: o
403.0394 	DATA 	Keypress: o
403.0408 	DATA 	Keypress: o
403.0543 	Level WAIT 	25
404.0377 	Level RINSE 	25
406.0376 	DATA 	Keypress: o
406.0550 	Level jitter 	25
408.0321 	Level finished 	25
408.0333 	DATA 	Keypress: o
408.0549 	Level image=waterlogo.jpg 	25
409.0348 	DATA 	Keypress: o
409.0549 	Level injecting via pump at address 0 	25
415.0382 	DATA 	Keypress: o
415.0401 	DATA 	Keypress: o
415.0414 	DATA 	Keypress: o
415.0556 	Level WAIT 	25
416.0562 	Level RINSE 	25
418.0376 	DATA 	Keypress: o
418.0560 	Level jitter 	25
421.0321 	Level finished 	25
421.0333 	DATA 	Keypress: o
421.0343 	DATA 	Keypress: o
421.0564 	Level image=waterlogo.jpg 	25
422.0565 	Level injecting via pump at address 0 	25
428.0373 	DATA 	Keypress: o
428.0383 	DATA 	Keypress: o
428.0394 	DATA 	Keypress: o
428.0576 	Level WAIT 	25
429.0349 	DATA 	Keypress: o
429.0407 	Level RINSE 	25
431.0371 	DATA 	Keypress: o
431.0576 	Level jitter 	25
436.0321 	Level finished 	25
436.0332 	DATA 	Keypress: o
436.0344 	DATA 	Keypress: o
436.0581 	Level image=tasty.jpg 	25
437.0345 	DATA 	Keypress: o
437.0582 	Level injecting via pump at address 1 	25
443.0380 	DATA 	Keypress: o
443.0393 	DATA 	Keypress: o
443.0403 	DATA 	Keypress: o
443.0593 	Level WAIT 	25
444.0591 	Level RINSE 	25
446.0367 	DATA 	Keypress: o
446.0593 	Level jitter 	25
448.0321 	Level finished 	25
448.0333 	DATA 	Keypress: o
448.0429 	Level image=tasty.jpg 	25
449.0350 	DATA 	Keypress: o
449.0597 	Level injecting via pump at address 1 	25
455.0365 	DATA 	Keypress: o
455.0375 	DATA 	Keypress: o
455.0384 	DATA 	Keypress: o
455.0606 	Level WAIT 	25
456.0604 	Level RINSE 	25
458.0366 	DATA 	Keypress: o
458.0440 	Level jitter 	25
465.0321 	Level finished 	25
465.0336 	DATA 	Keypress: o
465.0350 	DATA 	Keypress: o
465.0361 	DATA 	Keypress: o
465.0374 	DATA 	Keypress: o
465.0619 	Level image=waterlogo.jpg 	25
466.0617 	Level injecting via pump at address 0 	25
472.0375 	DATA 	Keypress: o
472.0387 	DATA 	Keypress: o
472.0397 	DATA 	Keypress: o
472.0623 	Level WAIT 	25
473.0345 	DATA 	Keypress: o
473.0459 	Level RINSE 	25
475.0370 	DATA 	Keypress: o
475.0632 	Level jitter 	25
478.0321 	Level finished 	25
478.0332 	DATA 	Keypress: o
478.0631 	Level image=tasty.jpg 	25
479.0351 	DATA 	Keypress: o
479.0465 	Level injecting via pump at address 1 	25
485.0380 	DATA 	Keypress: o
485.0393 	DATA 	Keypress: o
485.0404 	DATA 	Keypress: o
485.0642 	Level WAIT 	25
486.0474 	Level RINSE 	25
488.0372 	DATA 	Keypress: o
488.0642 	Level jitter 	25
490.0321 	Level finished 	25
490.0333 	DATA 	Keypress: o
490.0645 	Level image=waterlogo.jpg 	25
491.0348 	DATA 	Keypress: o
491.0647 	Level injecting via pump at address 0 	25
497.0375 	DATA 	Keypress: o
497.0384 	DATA 	Keypress: o
497.0393 	DATA 	Keypress: o
497.0656 	Level WAIT 	25
498.0487 	Level RINSE 	25
500.0370 	DATA 	Keypress: o
500.0656 	Level jitter 	25
508.0321 	Level finished 	25
508.0335 	DATA 	Keypress: o
508.0350 	DATA 	Keypress: o
508.0362 	DATA 	Keypress: o
508.0374 	DATA 	Keypress: o
508.0502 	Level image=tasty.jpg 	25
509.0348 	DATA 	Keypress: o
509.0500 	Level injecting via pump at address 1 	25
515.0372 	DATA 	Keypress: o
515.0385 	DATA 	Keypress: o
515.0398 	DATA 	Keypress: o
515.0673 	Level WAIT 	25
516.0509 	Level RINSE 	25
518.0382 	DATA 	Keypress: o
518.0514 	Level jitter 	25
520.0321 	Level finished 	25
520.0337 	DATA 	Keypress: o
520.0512 	Level image=waterlogo.jpg 	25
521.0348 	DATA 	Keypress: o
521.0514 	Level injecting via pump at address 0 	25
527.0375 	DATA 	Keypress: o
527.0388 	DATA 	Keypress: o
527.0399 	DATA 	Keypress: o
527.0521 	Level WAIT 	25
528.0526 	Level RINSE 	25
530.0374 	DATA 	Keypress: o
530.0525 	Level jitter 	25
537.0321 	Level finished 	25
