54.9900 	DATA 	Keypress: o
54.9911 	Level start key press 	25
56.9980 	DATA 	Keypress: o
58.9982 	DATA 	Keypress: o
60.9983 	DATA 	Keypress: o
62.9986 	DATA 	Keypress: o
63.5298 	Level image=tasty.jpg 	25
64.4632 	Level injecting via pump at address 1 	25
70.4521 	DATA 	Keypress: o
70.4536 	DATA 	Keypress: o
70.4548 	DATA 	Keypress: o
70.4808 	Level WAIT 	25
71.4491 	DATA 	Keypress: o
71.4639 	Level RINSE 	25
73.4589 	DATA 	Keypress: o
73.4807 	Level jitter 	25
82.4463 	Level finished 	25
82.4477 	DATA 	Keypress: o
82.4488 	DATA 	Keypress: o
82.4498 	DATA 	Keypress: o
82.4507 	DATA 	Keypress: o
82.4655 	Level image=waterlogo.jpg 	25
83.4487 	DATA 	Keypress: o
83.4652 	Level injecting via pump at address 0 	25
89.4522 	DATA 	Keypress: o
89.4537 	DATA 	Keypress: o
89.4550 	DATA 	Keypress: o
89.4659 	Level WAIT 	25
90.4659 	Level RINSE 	25
92.4519 	DATA 	Keypress: o
92.4665 	Level jitter 	25
96.4463 	Level finished 	25
96.4475 	DATA 	Keypress: o
96.4487 	DATA 	Keypress: o
96.4832 	Level image=tasty.jpg 	25
97.4486 	DATA 	Keypress: o
97.4668 	Level injecting via pump at address 1 	25
103.4521 	DATA 	Keypress: o
103.4535 	DATA 	Keypress: o
103.4547 	DATA 	Keypress: o
103.4679 	Level WAIT 	25
104.4675 	Level RINSE 	25
106.4517 	DATA 	Keypress: o
106.4844 	Level jitter 	25
110.4463 	Level finished 	25
110.4476 	DATA 	Keypress: o
110.4489 	DATA 	Keypress: o
110.4681 	Level image=waterlogo.jpg 	25
111.4492 	DATA 	Keypress: o
111.4683 	Level injecting via pump at address 0 	25
117.4512 	DATA 	Keypress: o
117.4524 	DATA 	Keypress: o
117.4534 	DATA 	Keypress: o
117.4694 	Level WAIT 	25
118.4691 	Level RINSE 	25
120.4516 	DATA 	Keypress: o
120.4692 	Level jitter 	25
124.4463 	Level finished 	25
124.4475 	DATA 	Keypress: o
124.4486 	DATA 	Keypress: o
124.4697 	Level image=waterlogo.jpg 	25
125.4488 	DATA 	Keypress: o
125.4532 	Level injecting via pump at address 0 	25
131.4518 	DATA 	Keypress: o
131.4532 	DATA 	Keypress: o
131.4545 	DATA 	Keypress: o
131.4708 	Level WAIT 	25
132.4707 	Level RINSE 	25
134.4510 	DATA 	Keypress: o
134.4707 	Level jitter 	25
138.4463 	Level finished 	25
138.4478 	DATA 	Keypress: o
138.4491 	DATA 	Keypress: o
138.4712 	Level image=tasty.jpg 	25
139.4485 	DATA 	Keypress: o
139.4713 	Level injecting via pump at address 1 	25
145.4519 	DATA 	Keypress: o
145.4532 	DATA 	Keypress: o
145.4544 	DATA 	Keypress: o
145.4724 	Level WAIT 	25
146.4721 	Level RINSE 	25
148.4526 	DATA 	Keypress: o
148.4723 	Level jitter 	25
154.4463 	Level finished 	25
154.4477 	DATA 	Keypress: o
154.4490 	DATA 	Keypress: o
154.4503 	DATA 	Keypress: o
154.4729 	Level image=waterlogo.jpg 	25
155.4491 	DATA 	Keypress: o
155.4735 	Level injecting via pump at address 0 	25
161.4518 	DATA 	Keypress: o
161.4531 	DATA 	Keypress: o
161.4543 	DATA 	Keypress: o
161.4737 	Level WAIT 	25
162.4738 	Level RINSE 	25
164.4508 	DATA 	Keypress: o
164.4740 	Level jitter 	25
167.4463 	Level finished 	25
167.4478 	DATA 	Keypress: o
167.4491 	DATA 	Keypress: o
167.4747 	Level image=tasty.jpg 	25
168.4744 	Level injecting via pump at address 1 	25
174.4523 	DATA 	Keypress: o
174.4537 	DATA 	Keypress: o
174.4549 	DATA 	Keypress: o
174.4751 	Level WAIT 	25
175.4489 	DATA 	Keypress: o
175.4585 	Level RINSE 	25
177.4517 	DATA 	Keypress: o
177.4759 	Level jitter 	25
180.4463 	Level finished 	25
180.4477 	DATA 	Keypress: o
180.4758 	Level image=waterlogo.jpg 	25
181.4491 	DATA 	Keypress: o
181.4593 	Level injecting via pump at address 0 	25
187.4512 	DATA 	Keypress: o
187.4523 	DATA 	Keypress: o
187.4532 	DATA 	Keypress: o
187.4770 	Level WAIT 	25
188.4599 	Level RINSE 	25
190.4519 	DATA 	Keypress: o
190.4769 	Level jitter 	25
194.4463 	Level finished 	25
194.4476 	DATA 	Keypress: o
194.4488 	DATA 	Keypress: o
194.4606 	Level image=waterlogo.jpg 	25
195.4488 	DATA 	Keypress: o
195.4608 	Level injecting via pump at address 0 	25
201.4519 	DATA 	Keypress: o
201.4531 	DATA 	Keypress: o
201.4544 	DATA 	Keypress: o
201.4785 	Level WAIT 	25
202.4782 	Level RINSE 	25
204.4518 	DATA 	Keypress: o
204.4617 	Level jitter 	25
209.4463 	Level finished 	25
209.4476 	DATA 	Keypress: o
209.4486 	DATA 	Keypress: o
209.4496 	DATA 	Keypress: o
209.4789 	Level image=tasty.jpg 	25
210.4624 	Level injecting via pump at address 1 	25
216.4512 	DATA 	Keypress: o
216.4523 	DATA 	Keypress: o
216.4533 	DATA 	Keypress: o
216.4634 	Level WAIT 	25
217.4491 	DATA 	Keypress: o
217.4631 	Level RINSE 	25
219.4522 	DATA 	Keypress: o
219.4633 	Level jitter 	25
222.4463 	Level finished 	25
222.4475 	DATA 	Keypress: o
222.4637 	Level image=waterlogo.jpg 	25
223.4495 	DATA 	Keypress: o
223.4638 	Level injecting via pump at address 0 	25
229.4518 	DATA 	Keypress: o
229.4530 	DATA 	Keypress: o
229.4540 	DATA 	Keypress: o
229.4649 	Level WAIT 	25
230.4646 	Level RINSE 	25
232.4518 	DATA 	Keypress: o
232.4647 	Level jitter 	25
240.4463 	Level finished 	25
240.4477 	DATA 	Keypress: o
240.4490 	DATA 	Keypress: o
240.4501 	DATA 	Keypress: o
240.4511 	DATA 	Keypress: o
240.4828 	Level image=tasty.jpg 	25
241.4491 	DATA 	Keypress: o
241.4659 	Level injecting via pump at address 1 	25
247.4520 	DATA 	Keypress: o
247.4534 	DATA 	Keypress: o
247.4547 	DATA 	Keypress: o
247.4664 	Level WAIT 	25
248.4665 	Level RINSE 	25
250.4511 	DATA 	Keypress: o
250.4671 	Level jitter 	25
252.4463 	Level finished 	25
252.4476 	DATA 	Keypress: o
252.4669 	Level image=tasty.jpg 	25
253.4489 	DATA 	Keypress: o
253.4671 	Level injecting via pump at address 1 	25
259.4520 	DATA 	Keypress: o
259.4533 	DATA 	Keypress: o
259.4543 	DATA 	Keypress: o
259.4677 	Level WAIT 	25
260.4682 	Level RINSE 	25
262.4516 	DATA 	Keypress: o
262.4848 	Level jitter 	25
264.4463 	Level finished 	25
264.4475 	DATA 	Keypress: o
264.4682 	Level image=waterlogo.jpg 	25
265.4492 	DATA 	Keypress: o
265.4684 	Level injecting via pump at address 0 	25
271.4521 	DATA 	Keypress: o
271.4534 	DATA 	Keypress: o
271.4546 	DATA 	Keypress: o
271.4861 	Level WAIT 	25
272.4525 	Level RINSE 	25
274.4518 	DATA 	Keypress: o
274.4693 	Level jitter 	25
277.4463 	Level finished 	25
277.4476 	DATA 	Keypress: o
277.4486 	DATA 	Keypress: o
277.4697 	Level image=tasty.jpg 	25
278.4532 	Level injecting via pump at address 1 	25
284.4509 	DATA 	Keypress: o
284.4520 	DATA 	Keypress: o
284.4529 	DATA 	Keypress: o
284.4709 	Level WAIT 	25
285.4491 	DATA 	Keypress: o
285.4707 	Level RINSE 	25
287.4527 	DATA 	Keypress: o
287.4709 	Level jitter 	25
289.4463 	Level finished 	25
289.4476 	DATA 	Keypress: o
289.4709 	Level image=waterlogo.jpg 	25
290.4711 	Level injecting via pump at address 0 	25
296.4520 	DATA 	Keypress: o
296.4533 	DATA 	Keypress: o
296.4546 	DATA 	Keypress: o
296.4721 	Level WAIT 	25
297.4487 	DATA 	Keypress: o
297.4552 	Level RINSE 	25
299.4519 	DATA 	Keypress: o
299.4720 	Level jitter 	25
300.4463 	Level finished 	25
300.4556 	Level image=tasty.jpg 	25
301.4486 	DATA 	Keypress: o
301.4724 	Level injecting via pump at address 1 	25
307.4521 	DATA 	Keypress: o
307.4534 	DATA 	Keypress: o
307.4546 	DATA 	Keypress: o
307.4733 	Level WAIT 	25
308.4730 	Level RINSE 	25
310.4518 	DATA 	Keypress: o
310.4733 	Level jitter 	25
312.4463 	Level finished 	25
312.4476 	DATA 	Keypress: o
312.4736 	Level image=waterlogo.jpg 	25
313.4489 	DATA 	Keypress: o
313.4569 	Level injecting via pump at address 0 	25
319.4529 	DATA 	Keypress: o
319.4542 	DATA 	Keypress: o
319.4558 	DATA 	Keypress: o
319.4746 	Level WAIT 	25
320.4744 	Level RINSE 	25
322.4517 	DATA 	Keypress: o
322.4579 	Level jitter 	25
328.4463 	Level finished 	25
328.4477 	DATA 	Keypress: o
328.4490 	DATA 	Keypress: o
328.4502 	DATA 	Keypress: o
328.4754 	Level image=waterlogo.jpg 	25
329.4486 	DATA 	Keypress: o
329.4591 	Level injecting via pump at address 0 	25
335.4518 	DATA 	Keypress: o
335.4530 	DATA 	Keypress: o
335.4541 	DATA 	Keypress: o
335.4760 	Level WAIT 	25
336.4760 	Level RINSE 	25
338.4513 	DATA 	Keypress: o
338.4596 	Level jitter 	25
341.4463 	Level finished 	25
341.4477 	DATA 	Keypress: o
341.4490 	DATA 	Keypress: o
341.4772 	Level image=tasty.jpg 	25
342.4601 	Level injecting via pump at address 1 	25
348.4516 	DATA 	Keypress: o
348.4528 	DATA 	Keypress: o
348.4539 	DATA 	Keypress: o
348.4773 	Level WAIT 	25
349.4487 	DATA 	Keypress: o
349.4777 	Level RINSE 	25
351.4513 	DATA 	Keypress: o
351.4616 	Level jitter 	25
359.4463 	Level finished 	25
359.4475 	DATA 	Keypress: o
359.4485 	DATA 	Keypress: o
359.4499 	DATA 	Keypress: o
359.4510 	DATA 	Keypress: o
359.4620 	Level image=waterlogo.jpg 	25
360.4621 	Level injecting via pump at address 0 	25
366.4526 	DATA 	Keypress: o
366.4539 	DATA 	Keypress: o
366.4551 	DATA 	Keypress: o
366.4632 	Level WAIT 	25
367.4490 	DATA 	Keypress: o
367.4630 	Level RINSE 	25
369.4514 	DATA 	Keypress: o
369.4631 	Level jitter 	25
374.4463 	Level finished 	25
374.4477 	DATA 	Keypress: o
374.4490 	DATA 	Keypress: o
374.4803 	Level image=tasty.jpg 	25
375.4491 	DATA 	Keypress: o
375.4637 	Level injecting via pump at address 1 	25
381.4529 	DATA 	Keypress: o
381.4542 	DATA 	Keypress: o
381.4555 	DATA 	Keypress: o
381.4648 	Level WAIT 	25
382.4646 	Level RINSE 	25
384.4510 	DATA 	Keypress: o
384.4647 	Level jitter 	25
388.4463 	Level finished 	25
388.4475 	DATA 	Keypress: o
388.4488 	DATA 	Keypress: o
388.4652 	Level image=waterlogo.jpg 	25
389.4488 	DATA 	Keypress: o
389.4652 	Level injecting via pump at address 0 	25
395.4514 	DATA 	Keypress: o
395.4524 	DATA 	Keypress: o
395.4534 	DATA 	Keypress: o
395.4663 	Level WAIT 	25
396.4661 	Level RINSE 	25
398.4513 	DATA 	Keypress: o
398.4663 	Level jitter 	25
403.4463 	Level finished 	25
403.4477 	DATA 	Keypress: o
403.4490 	DATA 	Keypress: o
403.4502 	DATA 	Keypress: o
403.4667 	Level image=tasty.jpg 	25
404.4669 	Level injecting via pump at address 1 	25
410.4519 	DATA 	Keypress: o
410.4532 	DATA 	Keypress: o
410.4545 	DATA 	Keypress: o
410.4680 	Level WAIT 	25
411.4491 	DATA 	Keypress: o
411.4677 	Level RINSE 	25
413.4509 	DATA 	Keypress: o
413.4679 	Level jitter 	25
422.4463 	Level finished 	25
422.4478 	DATA 	Keypress: o
422.4494 	DATA 	Keypress: o
422.4507 	DATA 	Keypress: o
422.4519 	DATA 	Keypress: o
422.4692 	Level image=waterlogo.jpg 	25
423.4489 	DATA 	Keypress: o
423.4690 	Level injecting via pump at address 0 	25
429.4514 	DATA 	Keypress: o
429.4527 	DATA 	Keypress: o
429.4540 	DATA 	Keypress: o
429.4695 	Level WAIT 	25
430.4697 	Level RINSE 	25
432.4521 	DATA 	Keypress: o
432.4703 	Level jitter 	25
441.4463 	Level finished 	25
441.4476 	DATA 	Keypress: o
441.4489 	DATA 	Keypress: o
441.4500 	DATA 	Keypress: o
441.4510 	DATA 	Keypress: o
441.4520 	DATA 	Keypress: o
441.4710 	Level image=tasty.jpg 	25
442.4716 	Level injecting via pump at address 1 	25
448.4512 	DATA 	Keypress: o
448.4525 	DATA 	Keypress: o
448.4539 	DATA 	Keypress: o
448.4716 	Level WAIT 	25
449.4487 	DATA 	Keypress: o
449.4718 	Level RINSE 	25
451.4520 	DATA 	Keypress: o
451.4720 	Level jitter 	25
455.4463 	Level finished 	25
455.4476 	DATA 	Keypress: o
455.4485 	DATA 	Keypress: o
455.4730 	Level image=tasty.jpg 	25
456.4559 	Level injecting via pump at address 1 	25
462.4516 	DATA 	Keypress: o
462.4529 	DATA 	Keypress: o
462.4540 	DATA 	Keypress: o
462.4565 	Level WAIT 	25
463.4492 	DATA 	Keypress: o
463.4732 	Level RINSE 	25
465.4514 	DATA 	Keypress: o
465.4573 	Level jitter 	25
468.4463 	Level finished 	25
468.4475 	DATA 	Keypress: o
468.4738 	Level image=waterlogo.jpg 	25
469.4490 	DATA 	Keypress: o
469.4574 	Level injecting via pump at address 0 	25
475.4521 	DATA 	Keypress: o
475.4533 	DATA 	Keypress: o
475.4543 	DATA 	Keypress: o
475.4749 	Level WAIT 	25
476.4580 	Level RINSE 	25
478.4512 	DATA 	Keypress: o
478.4583 	Level jitter 	25
479.4463 	Level finished 	25
479.4475 	DATA 	Keypress: o
479.4750 	Level image=tasty.jpg 	25
480.4752 	Level injecting via pump at address 1 	25
486.4521 	DATA 	Keypress: o
486.4534 	DATA 	Keypress: o
486.4548 	DATA 	Keypress: o
486.4762 	Level WAIT 	25
487.4491 	DATA 	Keypress: o
487.4592 	Level RINSE 	25
489.4518 	DATA 	Keypress: o
489.4760 	Level jitter 	25
496.4463 	Level finished 	25
496.4478 	DATA 	Keypress: o
496.4488 	DATA 	Keypress: o
496.4497 	DATA 	Keypress: o
496.4774 	Level image=waterlogo.jpg 	25
497.4494 	DATA 	Keypress: o
497.4604 	Level injecting via pump at address 0 	25
503.4521 	DATA 	Keypress: o
503.4537 	DATA 	Keypress: o
503.4551 	DATA 	Keypress: o
503.4609 	Level WAIT 	25
504.4610 	Level RINSE 	25
506.4520 	DATA 	Keypress: o
506.4618 	Level jitter 	25
507.4463 	Level finished 	25
507.4478 	DATA 	Keypress: o
507.4781 	Level image=tasty.jpg 	25
508.4782 	Level injecting via pump at address 1 	25
514.4521 	DATA 	Keypress: o
514.4534 	DATA 	Keypress: o
514.4546 	DATA 	Keypress: o
514.4789 	Level WAIT 	25
515.4488 	DATA 	Keypress: o
515.4623 	Level RINSE 	25
517.4517 	DATA 	Keypress: o
517.4796 	Level jitter 	25
523.4463 	Level finished 	25
