58.1559 	DATA 	Keypress: o
58.1568 	Level start key press 	25
60.1564 	DATA 	Keypress: o
62.1619 	DATA 	Keypress: o
64.1611 	DATA 	Keypress: o
66.1622 	DATA 	Keypress: o
66.8553 	Level image=waterlogo.jpg 	25
67.7968 	Level injecting via pump at address 0 	25
73.7849 	DATA 	Keypress: o
73.7861 	DATA 	Keypress: o
73.7872 	DATA 	Keypress: o
74.7816 	DATA 	Keypress: o
76.7933 	DATA 	Keypress: o
85.7786 	Level finished 	25
85.7801 	DATA 	Keypress: o
85.7816 	DATA 	Keypress: o
85.7828 	DATA 	Keypress: o
85.7839 	DATA 	Keypress: o
85.7923 	Level image=waterlogo.jpg 	25
86.7817 	DATA 	Keypress: o
86.7964 	Level injecting via pump at address 0 	25
92.7842 	DATA 	Keypress: o
92.7855 	DATA 	Keypress: o
92.7867 	DATA 	Keypress: o
95.7845 	DATA 	Keypress: o
100.7786 	Level finished 	25
100.7800 	DATA 	Keypress: o
100.7812 	DATA 	Keypress: o
100.7821 	DATA 	Keypress: o
100.7863 	Level image=tasty.jpg 	25
101.8009 	Level injecting via pump at address 0 	25
107.7842 	DATA 	Keypress: o
107.7856 	DATA 	Keypress: o
107.7870 	DATA 	Keypress: o
108.7815 	DATA 	Keypress: o
110.7841 	DATA 	Keypress: o
111.7786 	Level finished 	25
111.7829 	Level image=tasty.jpg 	25
112.7814 	DATA 	Keypress: o
112.7936 	Level injecting via pump at address 1 	25
118.7848 	DATA 	Keypress: o
118.7860 	DATA 	Keypress: o
118.7873 	DATA 	Keypress: o
121.7836 	DATA 	Keypress: o
126.7786 	Level finished 	25
126.7800 	DATA 	Keypress: o
126.7812 	DATA 	Keypress: o
126.7824 	DATA 	Keypress: o
126.7869 	Level image=tasty.jpg 	25
127.7970 	Level injecting via pump at address 0 	25
133.7846 	DATA 	Keypress: o
133.7862 	DATA 	Keypress: o
133.7874 	DATA 	Keypress: o
134.7812 	DATA 	Keypress: o
136.7840 	DATA 	Keypress: o
140.7786 	Level finished 	25
140.7801 	DATA 	Keypress: o
140.7813 	DATA 	Keypress: o
140.7876 	Level image=waterlogo.jpg 	25
141.7898 	Level injecting via pump at address 0 	25
147.7844 	DATA 	Keypress: o
147.7857 	DATA 	Keypress: o
147.7867 	DATA 	Keypress: o
148.7823 	DATA 	Keypress: o
150.7845 	DATA 	Keypress: o
152.7786 	Level finished 	25
152.7801 	DATA 	Keypress: o
152.7849 	Level image=tasty.jpg 	25
153.7939 	Level injecting via pump at address 0 	25
159.7839 	DATA 	Keypress: o
159.7853 	DATA 	Keypress: o
159.7866 	DATA 	Keypress: o
160.7815 	DATA 	Keypress: o
162.7840 	DATA 	Keypress: o
170.7786 	Level finished 	25
170.7799 	DATA 	Keypress: o
170.7813 	DATA 	Keypress: o
170.7824 	DATA 	Keypress: o
170.7836 	DATA 	Keypress: o
170.7896 	Level image=waterlogo.jpg 	25
171.7983 	Level injecting via pump at address 0 	25
177.7841 	DATA 	Keypress: o
177.7856 	DATA 	Keypress: o
177.7866 	DATA 	Keypress: o
178.7815 	DATA 	Keypress: o
180.7840 	DATA 	Keypress: o
185.7786 	Level finished 	25
185.7802 	DATA 	Keypress: o
185.7818 	DATA 	Keypress: o
185.7863 	Level image=tasty.jpg 	25
186.7815 	DATA 	Keypress: o
186.7859 	Level injecting via pump at address 1 	25
192.7841 	DATA 	Keypress: o
192.7854 	DATA 	Keypress: o
192.7866 	DATA 	Keypress: o
195.7837 	DATA 	Keypress: o
197.7786 	Level finished 	25
197.7799 	DATA 	Keypress: o
197.7846 	Level image=tasty.jpg 	25
198.7813 	DATA 	Keypress: o
198.7901 	Level injecting via pump at address 0 	25
204.7849 	DATA 	Keypress: o
204.7861 	DATA 	Keypress: o
204.7873 	DATA 	Keypress: o
207.7845 	DATA 	Keypress: o
210.7786 	Level finished 	25
210.7801 	DATA 	Keypress: o
210.7814 	DATA 	Keypress: o
210.7871 	Level image=waterlogo.jpg 	25
211.7886 	Level injecting via pump at address 0 	25
217.7839 	DATA 	Keypress: o
217.7855 	DATA 	Keypress: o
217.7865 	DATA 	Keypress: o
218.7820 	DATA 	Keypress: o
220.7836 	DATA 	Keypress: o
228.7786 	Level finished 	25
228.7800 	DATA 	Keypress: o
228.7813 	DATA 	Keypress: o
228.7826 	DATA 	Keypress: o
228.7837 	DATA 	Keypress: o
228.7892 	Level image=tasty.jpg 	25
229.7926 	Level injecting via pump at address 0 	25
235.7841 	DATA 	Keypress: o
235.7854 	DATA 	Keypress: o
235.7868 	DATA 	Keypress: o
236.7815 	DATA 	Keypress: o
238.7844 	DATA 	Keypress: o
240.7786 	Level finished 	25
240.7798 	DATA 	Keypress: o
240.7846 	Level image=tasty.jpg 	25
241.7968 	Level injecting via pump at address 1 	25
247.7841 	DATA 	Keypress: o
247.7855 	DATA 	Keypress: o
247.7865 	DATA 	Keypress: o
248.7821 	DATA 	Keypress: o
250.7840 	DATA 	Keypress: o
259.7786 	Level finished 	25
259.7800 	DATA 	Keypress: o
259.7812 	DATA 	Keypress: o
259.7826 	DATA 	Keypress: o
259.7836 	DATA 	Keypress: o
259.7895 	Level image=waterlogo.jpg 	25
260.7817 	DATA 	Keypress: o
260.7969 	Level injecting via pump at address 0 	25
266.7841 	DATA 	Keypress: o
266.7855 	DATA 	Keypress: o
266.7867 	DATA 	Keypress: o
269.7847 	DATA 	Keypress: o
277.7786 	Level finished 	25
277.7799 	DATA 	Keypress: o
277.7809 	DATA 	Keypress: o
277.7821 	DATA 	Keypress: o
277.7832 	DATA 	Keypress: o
277.7880 	Level image=tasty.jpg 	25
278.7817 	DATA 	Keypress: o
278.8009 	Level injecting via pump at address 0 	25
284.7838 	DATA 	Keypress: o
284.7851 	DATA 	Keypress: o
284.7865 	DATA 	Keypress: o
287.7837 	DATA 	Keypress: o
289.7786 	Level finished 	25
289.7801 	DATA 	Keypress: o
289.7855 	Level image=waterlogo.jpg 	25
290.7812 	DATA 	Keypress: o
290.8048 	Level injecting via pump at address 0 	25
296.7843 	DATA 	Keypress: o
296.7859 	DATA 	Keypress: o
296.7872 	DATA 	Keypress: o
299.7839 	DATA 	Keypress: o
306.7786 	Level finished 	25
306.7800 	DATA 	Keypress: o
306.7813 	DATA 	Keypress: o
306.7824 	DATA 	Keypress: o
306.7835 	DATA 	Keypress: o
306.7878 	Level image=tasty.jpg 	25
307.7912 	Level injecting via pump at address 1 	25
313.7845 	DATA 	Keypress: o
313.7856 	DATA 	Keypress: o
313.7865 	DATA 	Keypress: o
314.7814 	DATA 	Keypress: o
316.7841 	DATA 	Keypress: o
321.7786 	Level finished 	25
321.7800 	DATA 	Keypress: o
321.7813 	DATA 	Keypress: o
321.7870 	Level image=tasty.jpg 	25
322.7816 	DATA 	Keypress: o
322.8030 	Level injecting via pump at address 0 	25
328.7843 	DATA 	Keypress: o
328.7856 	DATA 	Keypress: o
328.7870 	DATA 	Keypress: o
331.7842 	DATA 	Keypress: o
333.7786 	Level finished 	25
333.7800 	DATA 	Keypress: o
333.7849 	Level image=tasty.jpg 	25
334.7812 	DATA 	Keypress: o
334.7899 	Level injecting via pump at address 1 	25
340.7843 	DATA 	Keypress: o
340.7858 	DATA 	Keypress: o
340.7869 	DATA 	Keypress: o
343.7837 	DATA 	Keypress: o
346.7786 	Level finished 	25
346.7803 	DATA 	Keypress: o
346.7816 	DATA 	Keypress: o
346.7863 	Level image=tasty.jpg 	25
347.8039 	Level injecting via pump at address 0 	25
353.7841 	DATA 	Keypress: o
353.7852 	DATA 	Keypress: o
353.7862 	DATA 	Keypress: o
354.7815 	DATA 	Keypress: o
356.7843 	DATA 	Keypress: o
358.7786 	Level finished 	25
358.7800 	DATA 	Keypress: o
358.7843 	Level image=tasty.jpg 	25
359.7912 	Level injecting via pump at address 1 	25
365.7841 	DATA 	Keypress: o
365.7855 	DATA 	Keypress: o
365.7868 	DATA 	Keypress: o
366.7815 	DATA 	Keypress: o
368.7836 	DATA 	Keypress: o
372.7786 	Level finished 	25
372.7799 	DATA 	Keypress: o
372.7809 	DATA 	Keypress: o
372.7853 	Level image=tasty.jpg 	25
373.7839 	Level injecting via pump at address 0 	25
379.7843 	DATA 	Keypress: o
379.7857 	DATA 	Keypress: o
379.7868 	DATA 	Keypress: o
380.7816 	DATA 	Keypress: o
382.7843 	DATA 	Keypress: o
384.7786 	Level finished 	25
384.7800 	DATA 	Keypress: o
384.7847 	Level image=tasty.jpg 	25
385.8040 	Level injecting via pump at address 1 	25
391.7842 	DATA 	Keypress: o
391.7854 	DATA 	Keypress: o
391.7863 	DATA 	Keypress: o
392.7827 	DATA 	Keypress: o
394.7842 	DATA 	Keypress: o
402.7786 	Level finished 	25
402.7799 	DATA 	Keypress: o
402.7813 	DATA 	Keypress: o
402.7825 	DATA 	Keypress: o
402.7840 	DATA 	Keypress: o
402.7881 	Level image=tasty.jpg 	25
403.7919 	Level injecting via pump at address 0 	25
409.7848 	DATA 	Keypress: o
409.7865 	DATA 	Keypress: o
409.7880 	DATA 	Keypress: o
410.7820 	DATA 	Keypress: o
412.7841 	DATA 	Keypress: o
419.7786 	Level finished 	25
