102.0893 	DATA 	Keypress: o
102.0899 	Level start key press 	25
104.1035 	DATA 	Keypress: o
106.1037 	DATA 	Keypress: o
108.1039 	DATA 	Keypress: o
110.0877 	DATA 	Keypress: o
110.6519 	Level image=waterlogo.jpg 	25
111.5687 	Level injecting via pump at address 0 	25
117.5570 	DATA 	Keypress: o
117.5580 	DATA 	Keypress: o
117.5590 	DATA 	Keypress: o
117.5698 	Level WAIT 	25
118.5543 	DATA 	Keypress: o
118.5696 	Level RINSE 	25
120.5650 	DATA 	Keypress: o
120.5864 	Level jitter 	25
126.5519 	Level finished 	25
126.5533 	DATA 	Keypress: o
126.5544 	DATA 	Keypress: o
126.5555 	DATA 	Keypress: o
126.5705 	Level image=tasty.jpg 	25
127.5710 	Level injecting via pump at address 1 	25
133.5563 	DATA 	Keypress: o
133.5574 	DATA 	Keypress: o
133.5583 	DATA 	Keypress: o
133.5713 	Level WAIT 	25
134.5542 	DATA 	Keypress: o
134.5715 	Level RINSE 	25
136.5566 	DATA 	Keypress: o
136.5716 	Level jitter 	25
142.5519 	Level finished 	25
142.5531 	DATA 	Keypress: o
142.5542 	DATA 	Keypress: o
142.5554 	DATA 	Keypress: o
142.5728 	Level image=tasty.jpg 	25
143.5725 	Level injecting via pump at address 1 	25
149.5573 	DATA 	Keypress: o
149.5585 	DATA 	Keypress: o
149.5595 	DATA 	Keypress: o
149.5732 	Level WAIT 	25
150.5547 	DATA 	Keypress: o
150.5733 	Level RINSE 	25
152.5564 	DATA 	Keypress: o
152.5739 	Level jitter 	25
154.5519 	Level finished 	25
154.5530 	DATA 	Keypress: o
154.5737 	Level image=waterlogo.jpg 	25
155.5739 	Level injecting via pump at address 0 	25
161.5568 	DATA 	Keypress: o
161.5578 	DATA 	Keypress: o
161.5587 	DATA 	Keypress: o
161.5746 	Level WAIT 	25
162.5542 	DATA 	Keypress: o
162.5752 	Level RINSE 	25
164.5563 	DATA 	Keypress: o
164.5750 	Level jitter 	25
170.5519 	Level finished 	25
170.5531 	DATA 	Keypress: o
170.5540 	DATA 	Keypress: o
170.5550 	DATA 	Keypress: o
170.5756 	Level image=tasty.jpg 	25
171.5758 	Level injecting via pump at address 1 	25
177.5572 	DATA 	Keypress: o
177.5588 	DATA 	Keypress: o
177.5600 	DATA 	Keypress: o
177.5769 	Level WAIT 	25
178.5546 	DATA 	Keypress: o
178.5767 	Level RINSE 	25
180.5569 	DATA 	Keypress: o
180.5767 	Level jitter 	25
185.5519 	Level finished 	25
185.5531 	DATA 	Keypress: o
185.5541 	DATA 	Keypress: o
185.5774 	Level image=waterlogo.jpg 	25
186.5542 	DATA 	Keypress: o
186.5776 	Level injecting via pump at address 0 	25
192.5564 	DATA 	Keypress: o
192.5573 	DATA 	Keypress: o
192.5582 	DATA 	Keypress: o
192.5786 	Level WAIT 	25
193.5784 	Level RINSE 	25
195.5571 	DATA 	Keypress: o
195.5785 	Level jitter 	25
200.5519 	Level finished 	25
200.5530 	DATA 	Keypress: o
200.5540 	DATA 	Keypress: o
200.5550 	DATA 	Keypress: o
200.5791 	Level image=tasty.jpg 	25
201.5627 	Level injecting via pump at address 1 	25
207.5571 	DATA 	Keypress: o
207.5581 	DATA 	Keypress: o
207.5590 	DATA 	Keypress: o
207.5636 	Level WAIT 	25
208.5542 	DATA 	Keypress: o
208.5634 	Level RINSE 	25
210.5568 	DATA 	Keypress: o
210.5636 	Level jitter 	25
216.5519 	Level finished 	25
216.5531 	DATA 	Keypress: o
216.5543 	DATA 	Keypress: o
216.5554 	DATA 	Keypress: o
216.5810 	Level image=waterlogo.jpg 	25
217.5650 	Level injecting via pump at address 0 	25
223.5564 	DATA 	Keypress: o
223.5576 	DATA 	Keypress: o
223.5586 	DATA 	Keypress: o
223.5651 	Level WAIT 	25
224.5544 	DATA 	Keypress: o
224.5653 	Level RINSE 	25
226.5568 	DATA 	Keypress: o
226.5655 	Level jitter 	25
229.5519 	Level finished 	25
229.5531 	DATA 	Keypress: o
229.5663 	Level image=tasty.jpg 	25
230.5544 	DATA 	Keypress: o
230.5661 	Level injecting via pump at address 1 	25
236.5566 	DATA 	Keypress: o
236.5576 	DATA 	Keypress: o
236.5586 	DATA 	Keypress: o
236.5666 	Level WAIT 	25
237.5668 	Level RINSE 	25
239.5571 	DATA 	Keypress: o
239.5674 	Level jitter 	25
247.5519 	Level finished 	25
247.5531 	DATA 	Keypress: o
247.5541 	DATA 	Keypress: o
247.5550 	DATA 	Keypress: o
247.5559 	DATA 	Keypress: o
247.5846 	Level image=waterlogo.jpg 	25
248.5542 	DATA 	Keypress: o
248.5681 	Level injecting via pump at address 0 	25
254.5573 	DATA 	Keypress: o
254.5586 	DATA 	Keypress: o
254.5597 	DATA 	Keypress: o
254.5691 	Level WAIT 	25
255.5688 	Level RINSE 	25
257.5568 	DATA 	Keypress: o
257.5691 	Level jitter 	25
259.5519 	Level finished 	25
259.5530 	DATA 	Keypress: o
259.5860 	Level image=tasty.jpg 	25
260.5545 	DATA 	Keypress: o
260.5696 	Level injecting via pump at address 1 	25
266.5569 	DATA 	Keypress: o
266.5581 	DATA 	Keypress: o
266.5596 	DATA 	Keypress: o
266.5705 	Level WAIT 	25
267.5703 	Level RINSE 	25
269.5567 	DATA 	Keypress: o
269.5871 	Level jitter 	25
278.5519 	Level finished 	25
278.5533 	DATA 	Keypress: o
278.5545 	DATA 	Keypress: o
278.5557 	DATA 	Keypress: o
278.5567 	DATA 	Keypress: o
278.5577 	DATA 	Keypress: o
278.5887 	Level image=waterlogo.jpg 	25
279.5717 	Level injecting via pump at address 0 	25
285.5570 	DATA 	Keypress: o
285.5580 	DATA 	Keypress: o
285.5591 	DATA 	Keypress: o
285.5723 	Level WAIT 	25
286.5542 	DATA 	Keypress: o
286.5726 	Level RINSE 	25
288.5569 	DATA 	Keypress: o
288.5732 	Level jitter 	25
290.5519 	Level finished 	25
290.5531 	DATA 	Keypress: o
290.5731 	Level image=tasty.jpg 	25
291.5565 	Level injecting via pump at address 1 	25
297.5565 	DATA 	Keypress: o
297.5575 	DATA 	Keypress: o
297.5585 	DATA 	Keypress: o
297.5904 	Level WAIT 	25
298.5553 	DATA 	Keypress: o
298.5743 	Level RINSE 	25
300.5569 	DATA 	Keypress: o
300.5741 	Level jitter 	25
303.5519 	Level finished 	25
303.5530 	DATA 	Keypress: o
303.5746 	Level image=waterlogo.jpg 	25
304.5546 	DATA 	Keypress: o
304.5747 	Level injecting via pump at address 0 	25
310.5575 	DATA 	Keypress: o
310.5588 	DATA 	Keypress: o
310.5599 	DATA 	Keypress: o
310.5756 	Level WAIT 	25
311.5754 	Level RINSE 	25
313.5569 	DATA 	Keypress: o
313.5756 	Level jitter 	25
317.5519 	Level finished 	25
317.5530 	DATA 	Keypress: o
317.5541 	DATA 	Keypress: o
317.5763 	Level image=tasty.jpg 	25
318.5546 	DATA 	Keypress: o
318.5764 	Level injecting via pump at address 1 	25
324.5569 	DATA 	Keypress: o
324.5581 	DATA 	Keypress: o
324.5591 	DATA 	Keypress: o
324.5773 	Level WAIT 	25
325.5770 	Level RINSE 	25
327.5562 	DATA 	Keypress: o
327.5772 	Level jitter 	25
328.5519 	Level finished 	25
328.5530 	DATA 	Keypress: o
328.5774 	Level image=waterlogo.jpg 	25
329.5609 	Level injecting via pump at address 0 	25
335.5572 	DATA 	Keypress: o
335.5585 	DATA 	Keypress: o
335.5596 	DATA 	Keypress: o
335.5786 	Level WAIT 	25
336.5547 	DATA 	Keypress: o
336.5784 	Level RINSE 	25
338.5572 	DATA 	Keypress: o
338.5619 	Level jitter 	25
341.5519 	Level finished 	25
341.5530 	DATA 	Keypress: o
341.5624 	Level image=tasty.jpg 	25
342.5543 	DATA 	Keypress: o
342.5625 	Level injecting via pump at address 1 	25
348.5569 	DATA 	Keypress: o
348.5580 	DATA 	Keypress: o
348.5590 	DATA 	Keypress: o
348.5802 	Level WAIT 	25
349.5799 	Level RINSE 	25
351.5565 	DATA 	Keypress: o
351.5634 	Level jitter 	25
359.5519 	Level finished 	25
359.5531 	DATA 	Keypress: o
359.5544 	DATA 	Keypress: o
359.5555 	DATA 	Keypress: o
359.5568 	DATA 	Keypress: o
359.5815 	Level image=tasty.jpg 	25
360.5546 	DATA 	Keypress: o
360.5645 	Level injecting via pump at address 1 	25
366.5572 	DATA 	Keypress: o
366.5585 	DATA 	Keypress: o
366.5597 	DATA 	Keypress: o
366.5652 	Level WAIT 	25
367.5653 	Level RINSE 	25
369.5568 	DATA 	Keypress: o
369.5660 	Level jitter 	25
373.5519 	Level finished 	25
373.5531 	DATA 	Keypress: o
373.5544 	DATA 	Keypress: o
373.5660 	Level image=waterlogo.jpg 	25
374.5543 	DATA 	Keypress: o
374.5662 	Level injecting via pump at address 0 	25
380.5567 	DATA 	Keypress: o
380.5578 	DATA 	Keypress: o
380.5587 	DATA 	Keypress: o
380.5838 	Level WAIT 	25
381.5837 	Level RINSE 	25
383.5564 	DATA 	Keypress: o
383.5672 	Level jitter 	25
386.5519 	Level finished 	25
386.5531 	DATA 	Keypress: o
386.5542 	DATA 	Keypress: o
386.5842 	Level image=tasty.jpg 	25
387.5678 	Level injecting via pump at address 1 	25
393.5571 	DATA 	Keypress: o
393.5583 	DATA 	Keypress: o
393.5595 	DATA 	Keypress: o
393.5854 	Level WAIT 	25
394.5543 	DATA 	Keypress: o
394.5684 	Level RINSE 	25
396.5570 	DATA 	Keypress: o
396.5854 	Level jitter 	25
401.5519 	Level finished 	25
401.5530 	DATA 	Keypress: o
401.5540 	DATA 	Keypress: o
401.5694 	Level image=waterlogo.jpg 	25
402.5546 	DATA 	Keypress: o
402.5694 	Level injecting via pump at address 0 	25
408.5569 	DATA 	Keypress: o
408.5580 	DATA 	Keypress: o
408.5590 	DATA 	Keypress: o
408.5704 	Level WAIT 	25
409.5702 	Level RINSE 	25
411.5571 	DATA 	Keypress: o
411.5704 	Level jitter 	25
416.5519 	Level finished 	25
416.5531 	DATA 	Keypress: o
416.5541 	DATA 	Keypress: o
416.5550 	DATA 	Keypress: o
416.5711 	Level image=waterlogo.jpg 	25
417.5712 	Level injecting via pump at address 0 	25
423.5577 	DATA 	Keypress: o
423.5587 	DATA 	Keypress: o
423.5597 	DATA 	Keypress: o
423.5722 	Level WAIT 	25
424.5545 	DATA 	Keypress: o
424.5720 	Level RINSE 	25
426.5569 	DATA 	Keypress: o
426.5722 	Level jitter 	25
435.5519 	Level finished 	25
435.5531 	DATA 	Keypress: o
435.5541 	DATA 	Keypress: o
435.5552 	DATA 	Keypress: o
435.5564 	DATA 	Keypress: o
435.5736 	Level image=tasty.jpg 	25
436.5546 	DATA 	Keypress: o
436.5734 	Level injecting via pump at address 1 	25
442.5574 	DATA 	Keypress: o
442.5586 	DATA 	Keypress: o
442.5601 	DATA 	Keypress: o
442.5741 	Level WAIT 	25
443.5743 	Level RINSE 	25
445.5568 	DATA 	Keypress: o
445.5749 	Level jitter 	25
447.5519 	Level finished 	25
447.5531 	DATA 	Keypress: o
447.5746 	Level image=waterlogo.jpg 	25
448.5547 	DATA 	Keypress: o
448.5749 	Level injecting via pump at address 0 	25
454.5576 	DATA 	Keypress: o
454.5589 	DATA 	Keypress: o
454.5600 	DATA 	Keypress: o
454.5754 	Level WAIT 	25
455.5760 	Level RINSE 	25
457.5567 	DATA 	Keypress: o
457.5758 	Level jitter 	25
460.5519 	Level finished 	25
460.5534 	DATA 	Keypress: o
460.5549 	DATA 	Keypress: o
460.5762 	Level image=waterlogo.jpg 	25
461.5763 	Level injecting via pump at address 0 	25
467.5571 	DATA 	Keypress: o
467.5585 	DATA 	Keypress: o
467.5596 	DATA 	Keypress: o
467.5774 	Level WAIT 	25
468.5547 	DATA 	Keypress: o
468.5771 	Level RINSE 	25
470.5572 	DATA 	Keypress: o
470.5773 	Level jitter 	25
475.5519 	Level finished 	25
475.5531 	DATA 	Keypress: o
475.5541 	DATA 	Keypress: o
475.5779 	Level image=tasty.jpg 	25
476.5542 	DATA 	Keypress: o
476.5614 	Level injecting via pump at address 1 	25
482.5562 	DATA 	Keypress: o
482.5572 	DATA 	Keypress: o
482.5582 	DATA 	Keypress: o
482.5792 	Level WAIT 	25
483.5789 	Level RINSE 	25
485.5566 	DATA 	Keypress: o
485.5624 	Level jitter 	25
487.5519 	Level finished 	25
487.5530 	DATA 	Keypress: o
487.5795 	Level image=tasty.jpg 	25
488.5546 	DATA 	Keypress: o
488.5628 	Level injecting via pump at address 1 	25
494.5569 	DATA 	Keypress: o
494.5581 	DATA 	Keypress: o
494.5594 	DATA 	Keypress: o
494.5639 	Level WAIT 	25
495.5636 	Level RINSE 	25
497.5566 	DATA 	Keypress: o
497.5639 	Level jitter 	25
504.5519 	Level finished 	25
504.5532 	DATA 	Keypress: o
504.5544 	DATA 	Keypress: o
504.5556 	DATA 	Keypress: o
504.5565 	DATA 	Keypress: o
504.5817 	Level image=waterlogo.jpg 	25
505.5648 	Level injecting via pump at address 0 	25
511.5570 	DATA 	Keypress: o
511.5579 	DATA 	Keypress: o
511.5589 	DATA 	Keypress: o
511.5821 	Level WAIT 	25
512.5547 	DATA 	Keypress: o
512.5823 	Level RINSE 	25
514.5571 	DATA 	Keypress: o
514.5829 	Level jitter 	25
517.5519 	Level finished 	25
517.5530 	DATA 	Keypress: o
517.5662 	Level image=tasty.jpg 	25
518.5542 	DATA 	Keypress: o
518.5830 	Level injecting via pump at address 1 	25
524.5574 	DATA 	Keypress: o
524.5585 	DATA 	Keypress: o
524.5594 	DATA 	Keypress: o
524.5840 	Level WAIT 	25
525.5670 	Level RINSE 	25
527.5565 	DATA 	Keypress: o
527.5840 	Level jitter 	25
529.5519 	Level finished 	25
529.5531 	DATA 	Keypress: o
529.5676 	Level image=waterlogo.jpg 	25
530.5542 	DATA 	Keypress: o
530.5677 	Level injecting via pump at address 0 	25
536.5564 	DATA 	Keypress: o
536.5574 	DATA 	Keypress: o
536.5584 	DATA 	Keypress: o
536.5854 	Level WAIT 	25
537.5685 	Level RINSE 	25
539.5569 	DATA 	Keypress: o
539.5687 	Level jitter 	25
547.5519 	Level finished 	25
547.5530 	DATA 	Keypress: o
547.5541 	DATA 	Keypress: o
547.5550 	DATA 	Keypress: o
547.5560 	DATA 	Keypress: o
547.5700 	Level image=tasty.jpg 	25
548.5546 	DATA 	Keypress: o
548.5698 	Level injecting via pump at address 1 	25
554.5563 	DATA 	Keypress: o
554.5573 	DATA 	Keypress: o
554.5582 	DATA 	Keypress: o
554.5705 	Level WAIT 	25
555.5707 	Level RINSE 	25
557.5581 	DATA 	Keypress: o
557.5712 	Level jitter 	25
559.5519 	Level finished 	25
559.5531 	DATA 	Keypress: o
559.5878 	Level image=waterlogo.jpg 	25
560.5544 	DATA 	Keypress: o
560.5712 	Level injecting via pump at address 0 	25
566.5569 	DATA 	Keypress: o
566.5579 	DATA 	Keypress: o
566.5590 	DATA 	Keypress: o
566.5719 	Level WAIT 	25
567.5725 	Level RINSE 	25
569.5568 	DATA 	Keypress: o
569.5723 	Level jitter 	25
576.5519 	Level finished 	25
