42.7639 	DATA 	Keypress: o
42.7649 	Level start key press 	25
44.7654 	DATA 	Keypress: o
46.7657 	DATA 	Keypress: o
48.7660 	DATA 	Keypress: o
50.7661 	DATA 	Keypress: o
51.2971 	Level image=waterlogo.jpg 	25
52.2305 	Level injecting via pump at address 0 	25
58.2192 	DATA 	Keypress: o
58.2205 	DATA 	Keypress: o
58.2215 	DATA 	Keypress: o
58.2313 	Level WAIT 	25
59.2163 	DATA 	Keypress: o
59.2309 	Level RINSE 	25
61.2276 	DATA 	Keypress: o
61.2477 	Level jitter 	25
70.2137 	Level finished 	25
70.2150 	DATA 	Keypress: o
70.2160 	DATA 	Keypress: o
70.2172 	DATA 	Keypress: o
70.2184 	DATA 	Keypress: o
70.2322 	Level image=waterlogo.jpg 	25
71.2161 	DATA 	Keypress: o
71.2318 	Level injecting via pump at address 0 	25
77.2198 	DATA 	Keypress: o
77.2212 	DATA 	Keypress: o
77.2224 	DATA 	Keypress: o
77.2488 	Level WAIT 	25
78.2323 	Level RINSE 	25
80.2198 	DATA 	Keypress: o
80.2328 	Level jitter 	25
85.2137 	Level finished 	25
85.2150 	DATA 	Keypress: o
85.2166 	DATA 	Keypress: o
85.2179 	DATA 	Keypress: o
85.2328 	Level image=tasty.jpg 	25
86.2329 	Level injecting via pump at address 0 	25
92.2198 	DATA 	Keypress: o
92.2211 	DATA 	Keypress: o
92.2224 	DATA 	Keypress: o
92.2337 	Level WAIT 	25
93.2161 	DATA 	Keypress: o
93.2334 	Level RINSE 	25
95.2185 	DATA 	Keypress: o
95.2334 	Level jitter 	25
96.2137 	Level finished 	25
96.2335 	Level image=tasty.jpg 	25
97.2161 	DATA 	Keypress: o
97.2336 	Level injecting via pump at address 1 	25
103.2191 	DATA 	Keypress: o
103.2202 	DATA 	Keypress: o
103.2212 	DATA 	Keypress: o
103.2511 	Level WAIT 	25
104.2341 	Level RINSE 	25
106.2185 	DATA 	Keypress: o
106.2342 	Level jitter 	25
111.2137 	Level finished 	25
111.2152 	DATA 	Keypress: o
111.2168 	DATA 	Keypress: o
111.2180 	DATA 	Keypress: o
111.2346 	Level image=tasty.jpg 	25
112.2346 	Level injecting via pump at address 0 	25
118.2196 	DATA 	Keypress: o
118.2210 	DATA 	Keypress: o
118.2224 	DATA 	Keypress: o
118.2521 	Level WAIT 	25
119.2166 	DATA 	Keypress: o
119.2351 	Level RINSE 	25
121.2182 	DATA 	Keypress: o
121.2353 	Level jitter 	25
125.2137 	Level finished 	25
125.2149 	DATA 	Keypress: o
125.2159 	DATA 	Keypress: o
125.2522 	Level image=waterlogo.jpg 	25
126.2356 	Level injecting via pump at address 0 	25
132.2189 	DATA 	Keypress: o
132.2200 	DATA 	Keypress: o
132.2211 	DATA 	Keypress: o
132.2364 	Level WAIT 	25
133.2166 	DATA 	Keypress: o
133.2361 	Level RINSE 	25
135.2200 	DATA 	Keypress: o
135.2362 	Level jitter 	25
137.2137 	Level finished 	25
137.2154 	DATA 	Keypress: o
137.2365 	Level image=tasty.jpg 	25
138.2197 	Level injecting via pump at address 0 	25
144.2194 	DATA 	Keypress: o
144.2206 	DATA 	Keypress: o
144.2218 	DATA 	Keypress: o
144.2371 	Level WAIT 	25
145.2163 	DATA 	Keypress: o
145.2368 	Level RINSE 	25
147.2191 	DATA 	Keypress: o
147.2370 	Level jitter 	25
155.2137 	Level finished 	25
155.2152 	DATA 	Keypress: o
155.2167 	DATA 	Keypress: o
155.2180 	DATA 	Keypress: o
155.2192 	DATA 	Keypress: o
155.2380 	Level image=waterlogo.jpg 	25
156.2377 	Level injecting via pump at address 0 	25
162.2183 	DATA 	Keypress: o
162.2193 	DATA 	Keypress: o
162.2203 	DATA 	Keypress: o
162.2381 	Level WAIT 	25
163.2166 	DATA 	Keypress: o
163.2214 	Level RINSE 	25
165.2189 	DATA 	Keypress: o
165.2388 	Level jitter 	25
170.2137 	Level finished 	25
170.2149 	DATA 	Keypress: o
170.2161 	DATA 	Keypress: o
170.2386 	Level image=tasty.jpg 	25
171.2165 	DATA 	Keypress: o
171.2388 	Level injecting via pump at address 1 	25
177.2200 	DATA 	Keypress: o
177.2213 	DATA 	Keypress: o
177.2225 	DATA 	Keypress: o
177.2395 	Level WAIT 	25
178.2392 	Level RINSE 	25
180.2183 	DATA 	Keypress: o
180.2394 	Level jitter 	25
182.2137 	Level finished 	25
182.2149 	DATA 	Keypress: o
182.2395 	Level image=tasty.jpg 	25
183.2166 	DATA 	Keypress: o
183.2396 	Level injecting via pump at address 0 	25
189.2190 	DATA 	Keypress: o
189.2202 	DATA 	Keypress: o
189.2214 	DATA 	Keypress: o
189.2403 	Level WAIT 	25
190.2400 	Level RINSE 	25
192.2185 	DATA 	Keypress: o
192.2400 	Level jitter 	25
195.2137 	Level finished 	25
195.2149 	DATA 	Keypress: o
195.2161 	DATA 	Keypress: o
195.2405 	Level image=waterlogo.jpg 	25
196.2405 	Level injecting via pump at address 0 	25
202.2196 	DATA 	Keypress: o
202.2209 	DATA 	Keypress: o
202.2220 	DATA 	Keypress: o
202.2412 	Level WAIT 	25
203.2162 	DATA 	Keypress: o
203.2409 	Level RINSE 	25
205.2199 	DATA 	Keypress: o
205.2410 	Level jitter 	25
213.2137 	Level finished 	25
213.2150 	DATA 	Keypress: o
213.2161 	DATA 	Keypress: o
213.2171 	DATA 	Keypress: o
213.2181 	DATA 	Keypress: o
213.2420 	Level image=tasty.jpg 	25
214.2250 	Level injecting via pump at address 0 	25
220.2191 	DATA 	Keypress: o
220.2206 	DATA 	Keypress: o
220.2220 	DATA 	Keypress: o
220.2421 	Level WAIT 	25
221.2162 	DATA 	Keypress: o
221.2422 	Level RINSE 	25
223.2185 	DATA 	Keypress: o
223.2260 	Level jitter 	25
225.2137 	Level finished 	25
225.2151 	DATA 	Keypress: o
225.2425 	Level image=tasty.jpg 	25
226.2259 	Level injecting via pump at address 1 	25
232.2190 	DATA 	Keypress: o
232.2204 	DATA 	Keypress: o
232.2216 	DATA 	Keypress: o
232.2429 	Level WAIT 	25
233.2161 	DATA 	Keypress: o
233.2268 	Level RINSE 	25
235.2188 	DATA 	Keypress: o
235.2264 	Level jitter 	25
244.2137 	Level finished 	25
244.2150 	DATA 	Keypress: o
244.2162 	DATA 	Keypress: o
244.2172 	DATA 	Keypress: o
244.2184 	DATA 	Keypress: o
244.2276 	Level image=waterlogo.jpg 	25
245.2162 	DATA 	Keypress: o
245.2272 	Level injecting via pump at address 0 	25
251.2198 	DATA 	Keypress: o
251.2211 	DATA 	Keypress: o
251.2224 	DATA 	Keypress: o
251.2442 	Level WAIT 	25
252.2276 	Level RINSE 	25
254.2192 	DATA 	Keypress: o
254.2281 	Level jitter 	25
262.2137 	Level finished 	25
262.2151 	DATA 	Keypress: o
262.2164 	DATA 	Keypress: o
262.2175 	DATA 	Keypress: o
262.2185 	DATA 	Keypress: o
262.2450 	Level image=tasty.jpg 	25
263.2161 	DATA 	Keypress: o
263.2285 	Level injecting via pump at address 0 	25
269.2193 	DATA 	Keypress: o
269.2206 	DATA 	Keypress: o
269.2218 	DATA 	Keypress: o
269.2291 	Level WAIT 	25
270.2288 	Level RINSE 	25
272.2182 	DATA 	Keypress: o
272.2289 	Level jitter 	25
274.2137 	Level finished 	25
274.2152 	DATA 	Keypress: o
274.2458 	Level image=waterlogo.jpg 	25
275.2167 	DATA 	Keypress: o
275.2459 	Level injecting via pump at address 0 	25
281.2191 	DATA 	Keypress: o
281.2205 	DATA 	Keypress: o
281.2218 	DATA 	Keypress: o
281.2468 	Level WAIT 	25
282.2297 	Level RINSE 	25
284.2191 	DATA 	Keypress: o
284.2465 	Level jitter 	25
291.2137 	Level finished 	25
291.2151 	DATA 	Keypress: o
291.2165 	DATA 	Keypress: o
291.2177 	DATA 	Keypress: o
291.2187 	DATA 	Keypress: o
291.2308 	Level image=tasty.jpg 	25
292.2305 	Level injecting via pump at address 1 	25
298.2190 	DATA 	Keypress: o
298.2201 	DATA 	Keypress: o
298.2211 	DATA 	Keypress: o
298.2307 	Level WAIT 	25
299.2161 	DATA 	Keypress: o
299.2309 	Level RINSE 	25
301.2188 	DATA 	Keypress: o
301.2314 	Level jitter 	25
306.2137 	Level finished 	25
306.2151 	DATA 	Keypress: o
306.2162 	DATA 	Keypress: o
306.2480 	Level image=tasty.jpg 	25
307.2167 	DATA 	Keypress: o
307.2315 	Level injecting via pump at address 0 	25
313.2185 	DATA 	Keypress: o
313.2196 	DATA 	Keypress: o
313.2205 	DATA 	Keypress: o
313.2321 	Level WAIT 	25
314.2318 	Level RINSE 	25
316.2192 	DATA 	Keypress: o
316.2320 	Level jitter 	25
318.2137 	Level finished 	25
318.2149 	DATA 	Keypress: o
318.2488 	Level image=tasty.jpg 	25
319.2162 	DATA 	Keypress: o
319.2323 	Level injecting via pump at address 1 	25
325.2192 	DATA 	Keypress: o
325.2205 	DATA 	Keypress: o
325.2216 	DATA 	Keypress: o
325.2330 	Level WAIT 	25
326.2327 	Level RINSE 	25
328.2184 	DATA 	Keypress: o
328.2495 	Level jitter 	25
331.2137 	Level finished 	25
331.2154 	DATA 	Keypress: o
331.2171 	DATA 	Keypress: o
331.2497 	Level image=tasty.jpg 	25
332.2332 	Level injecting via pump at address 0 	25
338.2189 	DATA 	Keypress: o
338.2200 	DATA 	Keypress: o
338.2210 	DATA 	Keypress: o
338.2339 	Level WAIT 	25
339.2168 	DATA 	Keypress: o
339.2336 	Level RINSE 	25
341.2196 	DATA 	Keypress: o
341.2337 	Level jitter 	25
343.2137 	Level finished 	25
343.2149 	DATA 	Keypress: o
343.2339 	Level image=tasty.jpg 	25
344.2340 	Level injecting via pump at address 1 	25
350.2200 	DATA 	Keypress: o
350.2213 	DATA 	Keypress: o
350.2225 	DATA 	Keypress: o
350.2348 	Level WAIT 	25
351.2165 	DATA 	Keypress: o
351.2345 	Level RINSE 	25
353.2189 	DATA 	Keypress: o
353.2512 	Level jitter 	25
357.2137 	Level finished 	25
357.2151 	DATA 	Keypress: o
357.2167 	DATA 	Keypress: o
357.2348 	Level image=tasty.jpg 	25
358.2350 	Level injecting via pump at address 0 	25
364.2191 	DATA 	Keypress: o
364.2204 	DATA 	Keypress: o
364.2214 	DATA 	Keypress: o
364.2359 	Level WAIT 	25
365.2169 	DATA 	Keypress: o
365.2355 	Level RINSE 	25
367.2198 	DATA 	Keypress: o
367.2355 	Level jitter 	25
369.2137 	Level finished 	25
369.2151 	DATA 	Keypress: o
369.2357 	Level image=tasty.jpg 	25
370.2358 	Level injecting via pump at address 1 	25
376.2193 	DATA 	Keypress: o
376.2207 	DATA 	Keypress: o
376.2218 	DATA 	Keypress: o
376.2366 	Level WAIT 	25
377.2165 	DATA 	Keypress: o
377.2363 	Level RINSE 	25
379.2188 	DATA 	Keypress: o
379.2364 	Level jitter 	25
387.2137 	Level finished 	25
387.2152 	DATA 	Keypress: o
387.2166 	DATA 	Keypress: o
387.2179 	DATA 	Keypress: o
387.2190 	DATA 	Keypress: o
387.2540 	Level image=tasty.jpg 	25
388.2205 	Level injecting via pump at address 0 	25
394.2202 	DATA 	Keypress: o
394.2220 	DATA 	Keypress: o
394.2238 	DATA 	Keypress: o
394.2374 	Level WAIT 	25
395.2170 	DATA 	Keypress: o
395.2375 	Level RINSE 	25
397.2185 	DATA 	Keypress: o
397.2380 	Level jitter 	25
404.2137 	Level finished 	25
