84.2046 	DATA 	Keypress: o
84.2053 	Level start key press 	25
86.2172 	DATA 	Keypress: o
88.2064 	DATA 	Keypress: o
90.2180 	DATA 	Keypress: o
92.2187 	DATA 	Keypress: o
92.9303 	Level image=waterlogo.jpg 	25
93.8758 	Level injecting via pump at address 0 	25
99.8570 	DATA 	Keypress: o
99.8584 	DATA 	Keypress: o
99.8598 	DATA 	Keypress: o
99.8760 	Level WAIT 	25
100.8538 	DATA 	Keypress: o
100.8649 	Level RINSE 	25
102.8657 	DATA 	Keypress: o
102.8771 	Level jitter 	25
108.8510 	Level finished 	25
108.8528 	DATA 	Keypress: o
108.8541 	DATA 	Keypress: o
108.8551 	DATA 	Keypress: o
108.8790 	Level image=tasty.jpg 	25
109.8741 	Level injecting via pump at address 1 	25
115.8559 	DATA 	Keypress: o
115.8570 	DATA 	Keypress: o
115.8580 	DATA 	Keypress: o
115.8650 	Level WAIT 	25
116.8541 	DATA 	Keypress: o
116.8707 	Level RINSE 	25
118.8566 	DATA 	Keypress: o
118.8771 	Level jitter 	25
124.8510 	Level finished 	25
124.8524 	DATA 	Keypress: o
124.8536 	DATA 	Keypress: o
124.8548 	DATA 	Keypress: o
124.8671 	Level image=tasty.jpg 	25
125.8564 	Level injecting via pump at address 1 	25
131.8566 	DATA 	Keypress: o
131.8583 	DATA 	Keypress: o
131.8594 	DATA 	Keypress: o
131.8752 	Level WAIT 	25
132.8538 	DATA 	Keypress: o
132.8670 	Level RINSE 	25
134.8565 	DATA 	Keypress: o
134.8669 	Level jitter 	25
136.8510 	Level finished 	25
136.8525 	DATA 	Keypress: o
136.8810 	Level image=waterlogo.jpg 	25
137.8600 	Level injecting via pump at address 0 	25
143.8572 	DATA 	Keypress: o
143.8586 	DATA 	Keypress: o
143.8598 	DATA 	Keypress: o
143.8683 	Level WAIT 	25
144.8539 	DATA 	Keypress: o
144.8727 	Level RINSE 	25
146.8564 	DATA 	Keypress: o
146.8619 	Level jitter 	25
152.8510 	Level finished 	25
152.8525 	DATA 	Keypress: o
152.8537 	DATA 	Keypress: o
152.8547 	DATA 	Keypress: o
152.8800 	Level image=tasty.jpg 	25
153.8593 	Level injecting via pump at address 1 	25
159.8565 	DATA 	Keypress: o
159.8577 	DATA 	Keypress: o
159.8590 	DATA 	Keypress: o
159.8687 	Level WAIT 	25
160.8541 	DATA 	Keypress: o
160.8684 	Level RINSE 	25
162.8567 	DATA 	Keypress: o
162.8609 	Level jitter 	25
167.8510 	Level finished 	25
167.8526 	DATA 	Keypress: o
167.8539 	DATA 	Keypress: o
167.8689 	Level image=waterlogo.jpg 	25
168.8541 	DATA 	Keypress: o
168.8790 	Level injecting via pump at address 0 	25
174.8564 	DATA 	Keypress: o
174.8576 	DATA 	Keypress: o
174.8586 	DATA 	Keypress: o
174.8640 	Level WAIT 	25
175.8588 	Level RINSE 	25
177.8570 	DATA 	Keypress: o
177.8655 	Level jitter 	25
182.8510 	Level finished 	25
182.8525 	DATA 	Keypress: o
182.8540 	DATA 	Keypress: o
182.8553 	DATA 	Keypress: o
182.8698 	Level image=tasty.jpg 	25
183.8671 	Level injecting via pump at address 1 	25
189.8572 	DATA 	Keypress: o
189.8586 	DATA 	Keypress: o
189.8598 	DATA 	Keypress: o
189.8693 	Level WAIT 	25
190.8542 	DATA 	Keypress: o
190.8638 	Level RINSE 	25
192.8575 	DATA 	Keypress: o
192.8857 	Level jitter 	25
198.8510 	Level finished 	25
198.8529 	DATA 	Keypress: o
198.8549 	DATA 	Keypress: o
198.8561 	DATA 	Keypress: o
198.8708 	Level image=waterlogo.jpg 	25
199.8660 	Level injecting via pump at address 0 	25
205.8565 	DATA 	Keypress: o
205.8577 	DATA 	Keypress: o
205.8587 	DATA 	Keypress: o
205.8672 	Level WAIT 	25
206.8537 	DATA 	Keypress: o
206.8630 	Level RINSE 	25
208.8564 	DATA 	Keypress: o
208.8688 	Level jitter 	25
211.8510 	Level finished 	25
211.8524 	DATA 	Keypress: o
211.8864 	Level image=tasty.jpg 	25
212.8535 	DATA 	Keypress: o
212.8638 	Level injecting via pump at address 1 	25
218.8573 	DATA 	Keypress: o
218.8586 	DATA 	Keypress: o
218.8598 	DATA 	Keypress: o
218.8663 	Level WAIT 	25
219.8608 	Level RINSE 	25
221.8572 	DATA 	Keypress: o
221.8673 	Level jitter 	25
229.8510 	Level finished 	25
229.8526 	DATA 	Keypress: o
229.8538 	DATA 	Keypress: o
229.8549 	DATA 	Keypress: o
229.8559 	DATA 	Keypress: o
229.8741 	Level image=waterlogo.jpg 	25
230.8544 	DATA 	Keypress: o
230.8690 	Level injecting via pump at address 0 	25
236.8562 	DATA 	Keypress: o
236.8574 	DATA 	Keypress: o
236.8585 	DATA 	Keypress: o
236.8708 	Level WAIT 	25
237.8661 	Level RINSE 	25
239.8566 	DATA 	Keypress: o
239.8878 	Level jitter 	25
241.8510 	Level finished 	25
241.8523 	DATA 	Keypress: o
241.8608 	Level image=tasty.jpg 	25
242.8539 	DATA 	Keypress: o
242.8732 	Level injecting via pump at address 1 	25
248.8558 	DATA 	Keypress: o
248.8572 	DATA 	Keypress: o
248.8583 	DATA 	Keypress: o
248.8751 	Level WAIT 	25
249.8691 	Level RINSE 	25
251.8570 	DATA 	Keypress: o
251.8757 	Level jitter 	25
260.8510 	Level finished 	25
260.8525 	DATA 	Keypress: o
260.8538 	DATA 	Keypress: o
260.8552 	DATA 	Keypress: o
260.8564 	DATA 	Keypress: o
260.8578 	DATA 	Keypress: o
260.8754 	Level image=waterlogo.jpg 	25
261.8721 	Level injecting via pump at address 0 	25
267.8556 	DATA 	Keypress: o
267.8569 	DATA 	Keypress: o
267.8581 	DATA 	Keypress: o
267.8738 	Level WAIT 	25
268.8539 	DATA 	Keypress: o
268.8693 	Level RINSE 	25
270.8566 	DATA 	Keypress: o
270.8756 	Level jitter 	25
272.8510 	Level finished 	25
272.8524 	DATA 	Keypress: o
272.8641 	Level image=tasty.jpg 	25
273.8591 	Level injecting via pump at address 1 	25
279.8565 	DATA 	Keypress: o
279.8578 	DATA 	Keypress: o
279.8590 	DATA 	Keypress: o
279.8775 	Level WAIT 	25
280.8539 	DATA 	Keypress: o
280.8733 	Level RINSE 	25
282.8564 	DATA 	Keypress: o
282.8619 	Level jitter 	25
285.8510 	Level finished 	25
285.8521 	DATA 	Keypress: o
285.8630 	Level image=waterlogo.jpg 	25
286.8539 	DATA 	Keypress: o
286.8570 	Level injecting via pump at address 0 	25
292.8560 	DATA 	Keypress: o
292.8571 	DATA 	Keypress: o
292.8584 	DATA 	Keypress: o
292.8764 	Level WAIT 	25
293.8708 	Level RINSE 	25
295.8562 	DATA 	Keypress: o
295.8760 	Level jitter 	25
299.8510 	Level finished 	25
299.8524 	DATA 	Keypress: o
299.8537 	DATA 	Keypress: o
299.8720 	Level image=tasty.jpg 	25
300.8538 	DATA 	Keypress: o
300.8620 	Level injecting via pump at address 1 	25
306.8567 	DATA 	Keypress: o
306.8580 	DATA 	Keypress: o
306.8592 	DATA 	Keypress: o
306.8690 	Level WAIT 	25
307.8621 	Level RINSE 	25
309.8566 	DATA 	Keypress: o
309.8690 	Level jitter 	25
310.8510 	Level finished 	25
310.8522 	DATA 	Keypress: o
310.8642 	Level image=waterlogo.jpg 	25
311.8591 	Level injecting via pump at address 0 	25
317.8567 	DATA 	Keypress: o
317.8581 	DATA 	Keypress: o
317.8593 	DATA 	Keypress: o
317.8774 	Level WAIT 	25
318.8539 	DATA 	Keypress: o
318.8715 	Level RINSE 	25
320.8568 	DATA 	Keypress: o
320.8780 	Level jitter 	25
323.8510 	Level finished 	25
323.8525 	DATA 	Keypress: o
323.8784 	Level image=tasty.jpg 	25
324.8538 	DATA 	Keypress: o
324.8569 	Level injecting via pump at address 1 	25
330.8565 	DATA 	Keypress: o
330.8578 	DATA 	Keypress: o
330.8592 	DATA 	Keypress: o
330.8753 	Level WAIT 	25
331.8695 	Level RINSE 	25
333.8558 	DATA 	Keypress: o
333.8758 	Level jitter 	25
341.8510 	Level finished 	25
341.8525 	DATA 	Keypress: o
341.8539 	DATA 	Keypress: o
341.8553 	DATA 	Keypress: o
341.8566 	DATA 	Keypress: o
341.8681 	Level image=tasty.jpg 	25
342.8538 	DATA 	Keypress: o
342.8620 	Level injecting via pump at address 1 	25
348.8561 	DATA 	Keypress: o
348.8571 	DATA 	Keypress: o
348.8581 	DATA 	Keypress: o
348.8799 	Level WAIT 	25
349.8583 	Level RINSE 	25
351.8563 	DATA 	Keypress: o
351.8644 	Level jitter 	25
355.8510 	Level finished 	25
355.8524 	DATA 	Keypress: o
355.8538 	DATA 	Keypress: o
355.8652 	Level image=waterlogo.jpg 	25
356.8540 	DATA 	Keypress: o
356.8653 	Level injecting via pump at address 0 	25
362.8571 	DATA 	Keypress: o
362.8585 	DATA 	Keypress: o
362.8598 	DATA 	Keypress: o
362.8743 	Level WAIT 	25
363.8680 	Level RINSE 	25
365.8564 	DATA 	Keypress: o
365.8737 	Level jitter 	25
368.8510 	Level finished 	25
368.8523 	DATA 	Keypress: o
368.8535 	DATA 	Keypress: o
368.8751 	Level image=tasty.jpg 	25
369.8692 	Level injecting via pump at address 1 	25
375.8565 	DATA 	Keypress: o
375.8580 	DATA 	Keypress: o
375.8593 	DATA 	Keypress: o
375.8715 	Level WAIT 	25
376.8542 	DATA 	Keypress: o
376.8831 	Level RINSE 	25
378.8565 	DATA 	Keypress: o
378.8730 	Level jitter 	25
383.8510 	Level finished 	25
383.8525 	DATA 	Keypress: o
383.8539 	DATA 	Keypress: o
383.8789 	Level image=waterlogo.jpg 	25
384.8544 	DATA 	Keypress: o
384.8578 	Level injecting via pump at address 0 	25
390.8569 	DATA 	Keypress: o
390.8581 	DATA 	Keypress: o
390.8592 	DATA 	Keypress: o
390.8764 	Level WAIT 	25
391.8673 	Level RINSE 	25
393.8570 	DATA 	Keypress: o
393.8603 	Level jitter 	25
398.8510 	Level finished 	25
398.8525 	DATA 	Keypress: o
398.8540 	DATA 	Keypress: o
398.8551 	DATA 	Keypress: o
398.8671 	Level image=waterlogo.jpg 	25
399.8618 	Level injecting via pump at address 0 	25
405.8567 	DATA 	Keypress: o
405.8581 	DATA 	Keypress: o
405.8593 	DATA 	Keypress: o
405.8798 	Level WAIT 	25
406.8538 	DATA 	Keypress: o
406.8750 	Level RINSE 	25
408.8569 	DATA 	Keypress: o
408.8803 	Level jitter 	25
417.8510 	Level finished 	25
417.8524 	DATA 	Keypress: o
417.8537 	DATA 	Keypress: o
417.8549 	DATA 	Keypress: o
417.8561 	DATA 	Keypress: o
417.8833 	Level image=tasty.jpg 	25
418.8541 	DATA 	Keypress: o
418.8620 	Level injecting via pump at address 1 	25
424.8577 	DATA 	Keypress: o
424.8594 	DATA 	Keypress: o
424.8608 	DATA 	Keypress: o
424.8698 	Level WAIT 	25
425.8580 	Level RINSE 	25
427.8565 	DATA 	Keypress: o
427.8648 	Level jitter 	25
429.8510 	Level finished 	25
429.8522 	DATA 	Keypress: o
429.8698 	Level image=waterlogo.jpg 	25
430.8540 	DATA 	Keypress: o
430.8651 	Level injecting via pump at address 0 	25
436.8572 	DATA 	Keypress: o
436.8583 	DATA 	Keypress: o
436.8592 	DATA 	Keypress: o
436.8669 	Level WAIT 	25
437.8617 	Level RINSE 	25
439.8566 	DATA 	Keypress: o
439.8679 	Level jitter 	25
442.8510 	Level finished 	25
442.8526 	DATA 	Keypress: o
442.8541 	DATA 	Keypress: o
442.8684 	Level image=waterlogo.jpg 	25
443.8633 	Level injecting via pump at address 0 	25
449.8571 	DATA 	Keypress: o
449.8584 	DATA 	Keypress: o
449.8598 	DATA 	Keypress: o
449.8656 	Level WAIT 	25
450.8541 	DATA 	Keypress: o
450.8597 	Level RINSE 	25
452.8568 	DATA 	Keypress: o
452.8818 	Level jitter 	25
457.8510 	Level finished 	25
457.8524 	DATA 	Keypress: o
457.8536 	DATA 	Keypress: o
457.8887 	Level image=tasty.jpg 	25
458.8540 	DATA 	Keypress: o
458.8670 	Level injecting via pump at address 1 	25
464.8561 	DATA 	Keypress: o
464.8573 	DATA 	Keypress: o
464.8584 	DATA 	Keypress: o
464.8853 	Level WAIT 	25
465.8637 	Level RINSE 	25
467.8571 	DATA 	Keypress: o
467.8701 	Level jitter 	25
469.8510 	Level finished 	25
469.8521 	DATA 	Keypress: o
469.8593 	Level image=tasty.jpg 	25
470.8540 	DATA 	Keypress: o
470.8708 	Level injecting via pump at address 1 	25
476.8566 	DATA 	Keypress: o
476.8578 	DATA 	Keypress: o
476.8589 	DATA 	Keypress: o
476.8898 	Level WAIT 	25
477.8673 	Level RINSE 	25
479.8567 	DATA 	Keypress: o
479.8738 	Level jitter 	25
486.8510 	Level finished 	25
486.8524 	DATA 	Keypress: o
486.8537 	DATA 	Keypress: o
486.8547 	DATA 	Keypress: o
486.8556 	DATA 	Keypress: o
486.8704 	Level image=waterlogo.jpg 	25
487.8643 	Level injecting via pump at address 0 	25
493.8563 	DATA 	Keypress: o
493.8578 	DATA 	Keypress: o
493.8590 	DATA 	Keypress: o
493.8832 	Level WAIT 	25
494.8542 	DATA 	Keypress: o
494.8612 	Level RINSE 	25
496.8565 	DATA 	Keypress: o
496.8674 	Level jitter 	25
499.8510 	Level finished 	25
499.8524 	DATA 	Keypress: o
499.8681 	Level image=tasty.jpg 	25
500.8539 	DATA 	Keypress: o
500.8582 	Level injecting via pump at address 1 	25
506.8571 	DATA 	Keypress: o
506.8589 	DATA 	Keypress: o
506.8602 	DATA 	Keypress: o
506.8650 	Level WAIT 	25
507.8751 	Level RINSE 	25
509.8565 	DATA 	Keypress: o
509.8649 	Level jitter 	25
511.8510 	Level finished 	25
511.8524 	DATA 	Keypress: o
511.8708 	Level image=waterlogo.jpg 	25
512.8539 	DATA 	Keypress: o
512.8666 	Level injecting via pump at address 0 	25
518.8567 	DATA 	Keypress: o
518.8583 	DATA 	Keypress: o
518.8595 	DATA 	Keypress: o
518.8681 	Level WAIT 	25
519.8601 	Level RINSE 	25
521.8565 	DATA 	Keypress: o
521.8680 	Level jitter 	25
529.8510 	Level finished 	25
529.8525 	DATA 	Keypress: o
529.8538 	DATA 	Keypress: o
529.8551 	DATA 	Keypress: o
529.8562 	DATA 	Keypress: o
529.8764 	Level image=tasty.jpg 	25
530.8541 	DATA 	Keypress: o
530.8610 	Level injecting via pump at address 1 	25
536.8569 	DATA 	Keypress: o
536.8582 	DATA 	Keypress: o
536.8594 	DATA 	Keypress: o
536.8731 	Level WAIT 	25
537.8670 	Level RINSE 	25
539.8578 	DATA 	Keypress: o
539.8741 	Level jitter 	25
541.8510 	Level finished 	25
541.8524 	DATA 	Keypress: o
541.8611 	Level image=waterlogo.jpg 	25
542.8538 	DATA 	Keypress: o
542.8584 	Level injecting via pump at address 0 	25
548.8568 	DATA 	Keypress: o
548.8582 	DATA 	Keypress: o
548.8594 	DATA 	Keypress: o
548.8761 	Level WAIT 	25
549.8621 	Level RINSE 	25
551.8564 	DATA 	Keypress: o
551.8609 	Level jitter 	25
558.8510 	Level finished 	25
