46.8222 	DATA 	Keypress: o
46.8230 	Level start key press 	25
48.8267 	DATA 	Keypress: o
50.8270 	DATA 	Keypress: o
52.8272 	DATA 	Keypress: o
54.8274 	DATA 	Keypress: o
55.3584 	Level image=waterlogo.jpg 	25
56.3084 	Level injecting via pump at address 0 	25
62.2807 	DATA 	Keypress: o
62.2820 	DATA 	Keypress: o
62.2833 	DATA 	Keypress: o
62.3092 	Level WAIT 	25
63.2779 	DATA 	Keypress: o
63.2923 	Level RINSE 	25
65.2892 	DATA 	Keypress: o
65.3090 	Level jitter 	25
67.2750 	Level finished 	25
67.2764 	DATA 	Keypress: o
67.2925 	Level image=tasty.jpg 	25
68.2926 	Level injecting via pump at address 1 	25
74.2797 	DATA 	Keypress: o
74.2807 	DATA 	Keypress: o
74.2817 	DATA 	Keypress: o
74.3100 	Level WAIT 	25
75.2776 	DATA 	Keypress: o
75.2930 	Level RINSE 	25
77.2797 	DATA 	Keypress: o
77.2932 	Level jitter 	25
79.2750 	Level finished 	25
79.2764 	DATA 	Keypress: o
79.2934 	Level image=tasty.jpg 	25
80.2934 	Level injecting via pump at address 0 	25
86.2803 	DATA 	Keypress: o
86.2815 	DATA 	Keypress: o
86.2828 	DATA 	Keypress: o
86.2942 	Level WAIT 	25
87.2779 	DATA 	Keypress: o
87.2939 	Level RINSE 	25
89.2797 	DATA 	Keypress: o
89.2940 	Level jitter 	25
94.2750 	Level finished 	25
94.2768 	DATA 	Keypress: o
94.2783 	DATA 	Keypress: o
94.2944 	Level image=tasty.jpg 	25
95.2780 	DATA 	Keypress: o
95.2944 	Level injecting via pump at address 1 	25
101.2801 	DATA 	Keypress: o
101.2812 	DATA 	Keypress: o
101.2822 	DATA 	Keypress: o
101.2952 	Level WAIT 	25
102.2949 	Level RINSE 	25
104.2804 	DATA 	Keypress: o
104.2950 	Level jitter 	25
110.2750 	Level finished 	25
110.2763 	DATA 	Keypress: o
110.2775 	DATA 	Keypress: o
110.2787 	DATA 	Keypress: o
110.2954 	Level image=tasty.jpg 	25
111.2774 	DATA 	Keypress: o
111.2960 	Level injecting via pump at address 0 	25
117.2808 	DATA 	Keypress: o
117.2821 	DATA 	Keypress: o
117.2835 	DATA 	Keypress: o
117.2959 	Level WAIT 	25
118.2960 	Level RINSE 	25
120.2805 	DATA 	Keypress: o
120.2961 	Level jitter 	25
122.2750 	Level finished 	25
122.2762 	DATA 	Keypress: o
122.2968 	Level image=waterlogo.jpg 	25
123.2774 	DATA 	Keypress: o
123.2964 	Level injecting via pump at address 0 	25
129.2806 	DATA 	Keypress: o
129.2820 	DATA 	Keypress: o
129.2833 	DATA 	Keypress: o
129.2967 	Level WAIT 	25
130.2968 	Level RINSE 	25
132.2809 	DATA 	Keypress: o
132.2974 	Level jitter 	25
141.2750 	Level finished 	25
141.2765 	DATA 	Keypress: o
141.2778 	DATA 	Keypress: o
141.2790 	DATA 	Keypress: o
141.2803 	DATA 	Keypress: o
141.2817 	DATA 	Keypress: o
141.2976 	Level image=tasty.jpg 	25
142.2981 	Level injecting via pump at address 0 	25
148.2806 	DATA 	Keypress: o
148.2820 	DATA 	Keypress: o
148.2832 	DATA 	Keypress: o
148.2981 	Level WAIT 	25
149.2778 	DATA 	Keypress: o
149.2982 	Level RINSE 	25
151.2799 	DATA 	Keypress: o
151.2983 	Level jitter 	25
152.2750 	Level finished 	25
152.2988 	Level image=waterlogo.jpg 	25
153.2774 	DATA 	Keypress: o
153.2817 	Level injecting via pump at address 0 	25
159.2797 	DATA 	Keypress: o
159.2808 	DATA 	Keypress: o
159.2818 	DATA 	Keypress: o
159.2988 	Level WAIT 	25
160.2823 	Level RINSE 	25
162.2797 	DATA 	Keypress: o
162.2995 	Level jitter 	25
168.2750 	Level finished 	25
168.2765 	DATA 	Keypress: o
168.2778 	DATA 	Keypress: o
168.2791 	DATA 	Keypress: o
168.2995 	Level image=tasty.jpg 	25
169.2779 	DATA 	Keypress: o
169.2829 	Level injecting via pump at address 0 	25
175.2798 	DATA 	Keypress: o
175.2809 	DATA 	Keypress: o
175.2819 	DATA 	Keypress: o
175.3003 	Level WAIT 	25
176.3000 	Level RINSE 	25
178.2794 	DATA 	Keypress: o
178.2834 	Level jitter 	25
186.2750 	Level finished 	25
186.2765 	DATA 	Keypress: o
186.2778 	DATA 	Keypress: o
186.2790 	DATA 	Keypress: o
186.2802 	DATA 	Keypress: o
186.3011 	Level image=tasty.jpg 	25
187.2779 	DATA 	Keypress: o
187.3008 	Level injecting via pump at address 1 	25
193.2803 	DATA 	Keypress: o
193.2816 	DATA 	Keypress: o
193.2829 	DATA 	Keypress: o
193.3012 	Level WAIT 	25
194.2846 	Level RINSE 	25
196.2798 	DATA 	Keypress: o
196.3017 	Level jitter 	25
201.2750 	Level finished 	25
201.2763 	DATA 	Keypress: o
201.2775 	DATA 	Keypress: o
201.2786 	DATA 	Keypress: o
201.3017 	Level image=tasty.jpg 	25
202.3018 	Level injecting via pump at address 0 	25
208.2805 	DATA 	Keypress: o
208.2818 	DATA 	Keypress: o
208.2831 	DATA 	Keypress: o
208.3027 	Level WAIT 	25
209.2780 	DATA 	Keypress: o
209.3024 	Level RINSE 	25
211.2814 	DATA 	Keypress: o
211.3024 	Level jitter 	25
218.2750 	Level finished 	25
218.2767 	DATA 	Keypress: o
218.2787 	DATA 	Keypress: o
218.2799 	DATA 	Keypress: o
218.3034 	Level image=waterlogo.jpg 	25
219.2778 	DATA 	Keypress: o
219.2864 	Level injecting via pump at address 0 	25
225.2811 	DATA 	Keypress: o
225.2825 	DATA 	Keypress: o
225.2837 	DATA 	Keypress: o
225.2866 	Level WAIT 	25
226.2867 	Level RINSE 	25
228.2803 	DATA 	Keypress: o
228.2873 	Level jitter 	25
234.2750 	Level finished 	25
234.2764 	DATA 	Keypress: o
234.2776 	DATA 	Keypress: o
234.2786 	DATA 	Keypress: o
234.3040 	Level image=waterlogo.jpg 	25
235.2780 	DATA 	Keypress: o
235.2874 	Level injecting via pump at address 0 	25
241.2800 	DATA 	Keypress: o
241.2814 	DATA 	Keypress: o
241.2825 	DATA 	Keypress: o
241.2882 	Level WAIT 	25
242.2879 	Level RINSE 	25
244.2796 	DATA 	Keypress: o
244.2880 	Level jitter 	25
246.2750 	Level finished 	25
246.2768 	DATA 	Keypress: o
246.3048 	Level image=tasty.jpg 	25
247.2778 	DATA 	Keypress: o
247.2884 	Level injecting via pump at address 0 	25
253.2809 	DATA 	Keypress: o
253.2823 	DATA 	Keypress: o
253.2835 	DATA 	Keypress: o
253.2890 	Level WAIT 	25
254.2887 	Level RINSE 	25
256.2797 	DATA 	Keypress: o
256.2888 	Level jitter 	25
263.2750 	Level finished 	25
263.2766 	DATA 	Keypress: o
263.2781 	DATA 	Keypress: o
263.2799 	DATA 	Keypress: o
263.2812 	DATA 	Keypress: o
263.3065 	Level image=tasty.jpg 	25
264.2894 	Level injecting via pump at address 1 	25
270.2806 	DATA 	Keypress: o
270.2820 	DATA 	Keypress: o
270.2833 	DATA 	Keypress: o
270.3064 	Level WAIT 	25
271.2775 	DATA 	Keypress: o
271.3066 	Level RINSE 	25
273.2809 	DATA 	Keypress: o
273.3070 	Level jitter 	25
281.2750 	Level finished 	25
281.2765 	DATA 	Keypress: o
281.2777 	DATA 	Keypress: o
281.2790 	DATA 	Keypress: o
281.2801 	DATA 	Keypress: o
281.2906 	Level image=waterlogo.jpg 	25
282.2906 	Level injecting via pump at address 0 	25
288.2806 	DATA 	Keypress: o
288.2820 	DATA 	Keypress: o
288.2832 	DATA 	Keypress: o
288.2915 	Level WAIT 	25
289.2780 	DATA 	Keypress: o
289.2912 	Level RINSE 	25
291.2799 	DATA 	Keypress: o
291.2913 	Level jitter 	25
299.2750 	Level finished 	25
299.2765 	DATA 	Keypress: o
299.2779 	DATA 	Keypress: o
299.2791 	DATA 	Keypress: o
299.2804 	DATA 	Keypress: o
299.3089 	Level image=tasty.jpg 	25
300.2919 	Level injecting via pump at address 1 	25
306.2801 	DATA 	Keypress: o
306.2819 	DATA 	Keypress: o
306.2829 	DATA 	Keypress: o
306.2923 	Level WAIT 	25
307.2774 	DATA 	Keypress: o
307.2924 	Level RINSE 	25
309.2795 	DATA 	Keypress: o
309.2929 	Level jitter 	25
311.2750 	Level finished 	25
311.2764 	DATA 	Keypress: o
311.3094 	Level image=tasty.jpg 	25
312.3094 	Level injecting via pump at address 0 	25
318.2802 	DATA 	Keypress: o
318.2813 	DATA 	Keypress: o
318.2824 	DATA 	Keypress: o
318.3097 	Level WAIT 	25
319.2778 	DATA 	Keypress: o
319.2937 	Level RINSE 	25
321.2810 	DATA 	Keypress: o
321.3100 	Level jitter 	25
325.2750 	Level finished 	25
325.2763 	DATA 	Keypress: o
325.2773 	DATA 	Keypress: o
325.2936 	Level image=tasty.jpg 	25
326.2937 	Level injecting via pump at address 1 	25
332.2813 	DATA 	Keypress: o
332.2827 	DATA 	Keypress: o
332.2840 	DATA 	Keypress: o
332.2946 	Level WAIT 	25
333.2778 	DATA 	Keypress: o
333.2943 	Level RINSE 	25
335.2803 	DATA 	Keypress: o
335.2944 	Level jitter 	25
338.2750 	Level finished 	25
338.2766 	DATA 	Keypress: o
338.2945 	Level image=tasty.jpg 	25
339.2783 	DATA 	Keypress: o
339.2946 	Level injecting via pump at address 0 	25
345.2812 	DATA 	Keypress: o
345.2826 	DATA 	Keypress: o
345.2838 	DATA 	Keypress: o
345.2955 	Level WAIT 	25
346.2951 	Level RINSE 	25
348.2815 	DATA 	Keypress: o
348.2953 	Level jitter 	25
356.2750 	Level finished 	25
356.2765 	DATA 	Keypress: o
356.2780 	DATA 	Keypress: o
356.2795 	DATA 	Keypress: o
356.2808 	DATA 	Keypress: o
356.2962 	Level image=waterlogo.jpg 	25
357.2774 	DATA 	Keypress: o
357.2959 	Level injecting via pump at address 0 	25
363.2819 	DATA 	Keypress: o
363.2833 	DATA 	Keypress: o
363.2845 	DATA 	Keypress: o
363.2962 	Level WAIT 	25
364.2964 	Level RINSE 	25
366.2809 	DATA 	Keypress: o
366.2968 	Level jitter 	25
371.2750 	Level finished 	25
371.2763 	DATA 	Keypress: o
371.2774 	DATA 	Keypress: o
371.2785 	DATA 	Keypress: o
371.3134 	Level image=tasty.jpg 	25
372.2969 	Level injecting via pump at address 1 	25
378.2801 	DATA 	Keypress: o
378.2814 	DATA 	Keypress: o
378.2826 	DATA 	Keypress: o
378.2977 	Level WAIT 	25
379.2774 	DATA 	Keypress: o
379.2974 	Level RINSE 	25
381.2797 	DATA 	Keypress: o
381.2974 	Level jitter 	25
388.2750 	Level finished 	25
388.2765 	DATA 	Keypress: o
388.2779 	DATA 	Keypress: o
388.2790 	DATA 	Keypress: o
388.2984 	Level image=tasty.jpg 	25
389.2779 	DATA 	Keypress: o
389.2981 	Level injecting via pump at address 0 	25
395.2802 	DATA 	Keypress: o
395.2815 	DATA 	Keypress: o
395.2828 	DATA 	Keypress: o
395.2984 	Level WAIT 	25
396.2985 	Level RINSE 	25
398.2810 	DATA 	Keypress: o
398.2990 	Level jitter 	25
406.2750 	Level finished 	25
406.2765 	DATA 	Keypress: o
406.2778 	DATA 	Keypress: o
406.2791 	DATA 	Keypress: o
406.2806 	DATA 	Keypress: o
406.2993 	Level image=tasty.jpg 	25
407.2779 	DATA 	Keypress: o
407.2994 	Level injecting via pump at address 0 	25
413.2804 	DATA 	Keypress: o
413.2818 	DATA 	Keypress: o
413.2828 	DATA 	Keypress: o
413.3000 	Level WAIT 	25
414.2997 	Level RINSE 	25
416.2797 	DATA 	Keypress: o
416.2998 	Level jitter 	25
423.2750 	Level finished 	25
