59.4104 	DATA 	Keypress: o
59.4112 	Level start key press 	25
61.4093 	DATA 	Keypress: o
63.4113 	DATA 	Keypress: o
65.4092 	DATA 	Keypress: o
67.4551 	DATA 	Keypress: o
67.4705 	Level image=tasty.jpg 	25
68.3999 	Level injecting via pump at address 1 	25
74.3966 	DATA 	Keypress: o
74.3979 	DATA 	Keypress: o
74.3991 	DATA 	Keypress: o
74.4085 	Level WAIT 	25
75.4072 	Level RINSE 	25
77.4053 	DATA 	Keypress: o
77.4068 	DATA 	Keypress: o
77.4179 	Level jitter 	25
86.3919 	Level finished 	25
86.3937 	DATA 	Keypress: o
86.3950 	DATA 	Keypress: o
86.3962 	DATA 	Keypress: o
86.3974 	DATA 	Keypress: o
86.4092 	Level image=waterlogo.jpg 	25
87.3991 	Level injecting via pump at address 0 	25
93.3965 	DATA 	Keypress: o
93.3975 	DATA 	Keypress: o
93.3985 	DATA 	Keypress: o
93.4097 	Level WAIT 	25
94.3947 	DATA 	Keypress: o
94.4092 	Level RINSE 	25
96.3970 	DATA 	Keypress: o
96.4015 	Level jitter 	25
100.3919 	Level finished 	25
100.3931 	DATA 	Keypress: o
100.3942 	DATA 	Keypress: o
100.4100 	Level image=tasty.jpg 	25
101.4086 	Level injecting via pump at address 1 	25
107.3970 	DATA 	Keypress: o
107.3983 	DATA 	Keypress: o
107.3995 	DATA 	Keypress: o
107.4101 	Level WAIT 	25
108.3948 	DATA 	Keypress: o
108.4051 	Level RINSE 	25
110.3984 	DATA 	Keypress: o
110.4099 	Level jitter 	25
114.3919 	Level finished 	25
114.3932 	DATA 	Keypress: o
114.3944 	DATA 	Keypress: o
114.4069 	Level image=waterlogo.jpg 	25
115.4009 	Level injecting via pump at address 0 	25
121.3968 	DATA 	Keypress: o
121.3978 	DATA 	Keypress: o
121.3988 	DATA 	Keypress: o
121.4034 	Level WAIT 	25
122.3948 	DATA 	Keypress: o
122.3980 	Level RINSE 	25
124.3972 	DATA 	Keypress: o
124.4039 	Level jitter 	25
128.3919 	Level finished 	25
128.3932 	DATA 	Keypress: o
128.3945 	DATA 	Keypress: o
128.4113 	Level image=waterlogo.jpg 	25
129.4109 	Level injecting via pump at address 0 	25
135.3982 	DATA 	Keypress: o
135.3999 	DATA 	Keypress: o
135.4014 	DATA 	Keypress: o
135.4123 	Level WAIT 	25
136.3947 	DATA 	Keypress: o
136.4069 	Level RINSE 	25
138.3968 	DATA 	Keypress: o
138.4119 	Level jitter 	25
142.3919 	Level finished 	25
142.3932 	DATA 	Keypress: o
142.3945 	DATA 	Keypress: o
142.4089 	Level image=tasty.jpg 	25
143.3965 	Level injecting via pump at address 1 	25
149.3974 	DATA 	Keypress: o
149.3988 	DATA 	Keypress: o
149.4000 	DATA 	Keypress: o
149.4054 	Level WAIT 	25
150.3948 	DATA 	Keypress: o
150.3999 	Level RINSE 	25
152.3979 	DATA 	Keypress: o
152.4068 	Level jitter 	25
158.3919 	Level finished 	25
158.3931 	DATA 	Keypress: o
158.3943 	DATA 	Keypress: o
158.3956 	DATA 	Keypress: o
158.4080 	Level image=waterlogo.jpg 	25
159.3976 	Level injecting via pump at address 0 	25
165.3972 	DATA 	Keypress: o
165.3985 	DATA 	Keypress: o
165.3999 	DATA 	Keypress: o
165.4040 	Level WAIT 	25
166.3948 	DATA 	Keypress: o
166.3979 	Level RINSE 	25
168.3976 	DATA 	Keypress: o
168.4049 	Level jitter 	25
171.3919 	Level finished 	25
171.3932 	DATA 	Keypress: o
171.4071 	Level image=tasty.jpg 	25
172.3948 	DATA 	Keypress: o
172.3979 	Level injecting via pump at address 1 	25
178.3972 	DATA 	Keypress: o
178.3983 	DATA 	Keypress: o
178.3993 	DATA 	Keypress: o
178.4024 	Level WAIT 	25
179.3977 	Level RINSE 	25
181.3964 	DATA 	Keypress: o
181.4032 	Level jitter 	25
184.3919 	Level finished 	25
184.3936 	DATA 	Keypress: o
184.3949 	DATA 	Keypress: o
184.4040 	Level image=waterlogo.jpg 	25
185.3988 	Level injecting via pump at address 0 	25
191.3981 	DATA 	Keypress: o
191.3994 	DATA 	Keypress: o
191.4007 	DATA 	Keypress: o
191.4022 	DATA 	Keypress: o
191.4163 	Level WAIT 	25
192.3988 	Level RINSE 	25
194.3973 	DATA 	Keypress: o
194.4018 	Level jitter 	25
198.3919 	Level finished 	25
198.3935 	DATA 	Keypress: o
198.3947 	DATA 	Keypress: o
198.4139 	Level image=waterlogo.jpg 	25
199.4000 	Level injecting via pump at address 0 	25
205.3975 	DATA 	Keypress: o
205.3989 	DATA 	Keypress: o
205.4001 	DATA 	Keypress: o
205.4103 	Level WAIT 	25
206.3948 	DATA 	Keypress: o
206.4000 	Level RINSE 	25
208.3973 	DATA 	Keypress: o
208.4007 	Level jitter 	25
213.3919 	Level finished 	25
213.3935 	DATA 	Keypress: o
213.3948 	DATA 	Keypress: o
213.4021 	Level image=tasty.jpg 	25
214.3945 	DATA 	Keypress: o
214.4010 	Level injecting via pump at address 1 	25
220.3976 	DATA 	Keypress: o
220.3989 	DATA 	Keypress: o
220.4001 	DATA 	Keypress: o
220.4153 	Level WAIT 	25
221.4011 	Level RINSE 	25
223.3977 	DATA 	Keypress: o
223.4008 	Level jitter 	25
226.3919 	Level finished 	25
226.3933 	DATA 	Keypress: o
226.3947 	DATA 	Keypress: o
226.4159 	Level image=waterlogo.jpg 	25
227.4011 	Level injecting via pump at address 0 	25
233.3980 	DATA 	Keypress: o
233.3991 	DATA 	Keypress: o
233.4003 	DATA 	Keypress: o
233.4015 	DATA 	Keypress: o
233.4133 	Level WAIT 	25
234.4019 	Level RINSE 	25
236.3973 	DATA 	Keypress: o
236.4018 	Level jitter 	25
244.3919 	Level finished 	25
244.3931 	DATA 	Keypress: o
244.3943 	DATA 	Keypress: o
244.3955 	DATA 	Keypress: o
244.3967 	DATA 	Keypress: o
244.4052 	Level image=tasty.jpg 	25
245.3989 	Level injecting via pump at address 1 	25
251.3975 	DATA 	Keypress: o
251.3988 	DATA 	Keypress: o
251.4001 	DATA 	Keypress: o
251.4014 	DATA 	Keypress: o
251.4179 	Level WAIT 	25
252.3963 	Level RINSE 	25
254.3967 	DATA 	Keypress: o
254.4023 	Level jitter 	25
256.3919 	Level finished 	25
256.3932 	DATA 	Keypress: o
256.4039 	Level image=tasty.jpg 	25
257.4025 	Level injecting via pump at address 1 	25
263.3980 	DATA 	Keypress: o
263.3996 	DATA 	Keypress: o
263.4009 	DATA 	Keypress: o
263.4021 	DATA 	Keypress: o
263.4209 	Level WAIT 	25
264.4003 	Level RINSE 	25
266.3973 	DATA 	Keypress: o
266.4039 	Level jitter 	25
268.3919 	Level finished 	25
268.3930 	DATA 	Keypress: o
268.4039 	Level image=waterlogo.jpg 	25
269.4049 	Level injecting via pump at address 0 	25
275.3973 	DATA 	Keypress: o
275.3988 	DATA 	Keypress: o
275.4001 	DATA 	Keypress: o
275.4013 	DATA 	Keypress: o
275.4051 	Level WAIT 	25
276.4030 	Level RINSE 	25
278.3972 	DATA 	Keypress: o
278.4049 	Level jitter 	25
281.3919 	Level finished 	25
281.3931 	DATA 	Keypress: o
281.4049 	Level image=tasty.jpg 	25
282.3948 	DATA 	Keypress: o
282.4042 	Level injecting via pump at address 1 	25
288.3974 	DATA 	Keypress: o
288.3984 	DATA 	Keypress: o
288.3994 	DATA 	Keypress: o
288.4063 	Level WAIT 	25
289.4004 	Level RINSE 	25
291.3979 	DATA 	Keypress: o
291.3995 	DATA 	Keypress: o
291.4059 	Level jitter 	25
293.3919 	Level finished 	25
293.3988 	DATA 	Keypress: o
293.4059 	Level image=waterlogo.jpg 	25
294.4060 	Level injecting via pump at address 0 	25
300.3974 	DATA 	Keypress: o
300.3987 	DATA 	Keypress: o
300.3997 	DATA 	Keypress: o
300.4074 	Level WAIT 	25
301.4040 	Level RINSE 	25
303.3977 	DATA 	Keypress: o
303.3990 	DATA 	Keypress: o
303.4069 	Level jitter 	25
304.3919 	Level finished 	25
304.4050 	Level image=tasty.jpg 	25
305.3992 	Level injecting via pump at address 1 	25
311.3979 	DATA 	Keypress: o
311.3991 	DATA 	Keypress: o
311.4003 	DATA 	Keypress: o
311.4015 	DATA 	Keypress: o
311.4076 	Level WAIT 	25
312.3963 	Level RINSE 	25
314.3973 	DATA 	Keypress: o
314.4018 	Level jitter 	25
316.3919 	Level finished 	25
316.3931 	DATA 	Keypress: o
316.4079 	Level image=waterlogo.jpg 	25
317.4029 	Level injecting via pump at address 0 	25
323.3980 	DATA 	Keypress: o
323.3993 	DATA 	Keypress: o
323.4005 	DATA 	Keypress: o
323.4017 	DATA 	Keypress: o
323.4055 	Level WAIT 	25
324.3999 	Level RINSE 	25
326.3975 	DATA 	Keypress: o
326.4059 	Level jitter 	25
332.3919 	Level finished 	25
332.3933 	DATA 	Keypress: o
332.3945 	DATA 	Keypress: o
332.3958 	DATA 	Keypress: o
332.4069 	Level image=waterlogo.jpg 	25
333.4022 	Level injecting via pump at address 0 	25
339.3969 	DATA 	Keypress: o
339.3981 	DATA 	Keypress: o
339.3992 	DATA 	Keypress: o
339.4002 	DATA 	Keypress: o
339.4036 	Level WAIT 	25
340.3989 	Level RINSE 	25
342.3974 	DATA 	Keypress: o
342.4049 	Level jitter 	25
345.3919 	Level finished 	25
345.3933 	DATA 	Keypress: o
345.4004 	DATA 	Keypress: o
345.4063 	Level image=tasty.jpg 	25
346.4000 	Level injecting via pump at address 1 	25
352.3966 	DATA 	Keypress: o
352.3978 	DATA 	Keypress: o
352.3988 	DATA 	Keypress: o
352.4019 	Level WAIT 	25
353.3971 	Level RINSE 	25
355.3981 	DATA 	Keypress: o
355.3994 	DATA 	Keypress: o
355.4031 	Level jitter 	25
363.3919 	Level finished 	25
363.3934 	DATA 	Keypress: o
363.3950 	DATA 	Keypress: o
363.3965 	DATA 	Keypress: o
363.3976 	DATA 	Keypress: o
363.4110 	Level image=waterlogo.jpg 	25
364.4050 	Level injecting via pump at address 0 	25
370.3979 	DATA 	Keypress: o
370.3992 	DATA 	Keypress: o
370.4004 	DATA 	Keypress: o
370.4072 	Level WAIT 	25
371.3949 	DATA 	Keypress: o
371.4017 	Level RINSE 	25
373.3979 	DATA 	Keypress: o
373.4079 	Level jitter 	25
378.3919 	Level finished 	25
378.3931 	DATA 	Keypress: o
378.3941 	DATA 	Keypress: o
378.4119 	Level image=tasty.jpg 	25
379.3944 	DATA 	Keypress: o
379.4100 	Level injecting via pump at address 1 	25
385.3968 	DATA 	Keypress: o
385.3980 	DATA 	Keypress: o
385.3990 	DATA 	Keypress: o
385.4116 	Level WAIT 	25
386.3965 	Level RINSE 	25
388.3972 	DATA 	Keypress: o
388.4118 	Level jitter 	25
392.3919 	Level finished 	25
392.3931 	DATA 	Keypress: o
392.3942 	DATA 	Keypress: o
392.4079 	Level image=waterlogo.jpg 	25
393.3948 	DATA 	Keypress: o
393.4019 	Level injecting via pump at address 0 	25
399.3974 	DATA 	Keypress: o
399.3986 	DATA 	Keypress: o
399.3998 	DATA 	Keypress: o
399.4048 	Level WAIT 	25
400.3963 	Level RINSE 	25
402.3971 	DATA 	Keypress: o
402.4050 	Level jitter 	25
407.3919 	Level finished 	25
407.3934 	DATA 	Keypress: o
407.3948 	DATA 	Keypress: o
407.3960 	DATA 	Keypress: o
407.4119 	Level image=tasty.jpg 	25
408.3976 	Level injecting via pump at address 1 	25
414.3971 	DATA 	Keypress: o
414.3983 	DATA 	Keypress: o
414.3996 	DATA 	Keypress: o
414.4083 	Level WAIT 	25
415.3949 	DATA 	Keypress: o
415.3980 	Level RINSE 	25
417.3981 	DATA 	Keypress: o
417.4088 	Level jitter 	25
426.3919 	Level finished 	25
426.3932 	DATA 	Keypress: o
426.3945 	DATA 	Keypress: o
426.3959 	DATA 	Keypress: o
426.3972 	DATA 	Keypress: o
426.4125 	Level image=waterlogo.jpg 	25
427.3946 	DATA 	Keypress: o
427.3989 	Level injecting via pump at address 0 	25
433.3974 	DATA 	Keypress: o
433.3987 	DATA 	Keypress: o
433.3999 	DATA 	Keypress: o
433.4078 	Level WAIT 	25
434.3988 	Level RINSE 	25
436.3973 	DATA 	Keypress: o
436.4093 	Level jitter 	25
445.3919 	Level finished 	25
445.3932 	DATA 	Keypress: o
445.3946 	DATA 	Keypress: o
445.3959 	DATA 	Keypress: o
445.3971 	DATA 	Keypress: o
445.3984 	DATA 	Keypress: o
445.4119 	Level image=tasty.jpg 	25
446.4004 	Level injecting via pump at address 1 	25
452.3979 	DATA 	Keypress: o
452.3991 	DATA 	Keypress: o
452.4001 	DATA 	Keypress: o
452.4078 	Level WAIT 	25
453.3948 	DATA 	Keypress: o
453.4010 	Level RINSE 	25
455.3967 	DATA 	Keypress: o
455.4009 	Level jitter 	25
459.3919 	Level finished 	25
459.3932 	DATA 	Keypress: o
459.3942 	DATA 	Keypress: o
459.4015 	Level image=tasty.jpg 	25
460.3999 	Level injecting via pump at address 1 	25
466.3967 	DATA 	Keypress: o
466.3977 	DATA 	Keypress: o
466.3987 	DATA 	Keypress: o
466.4018 	Level WAIT 	25
467.3953 	DATA 	Keypress: o
467.4019 	Level RINSE 	25
469.3980 	DATA 	Keypress: o
469.4017 	Level jitter 	25
472.3919 	Level finished 	25
472.3932 	DATA 	Keypress: o
472.4018 	Level image=waterlogo.jpg 	25
473.3945 	DATA 	Keypress: o
473.3978 	Level injecting via pump at address 0 	25
479.3986 	DATA 	Keypress: o
479.4000 	DATA 	Keypress: o
479.4013 	DATA 	Keypress: o
479.4163 	Level WAIT 	25
480.4019 	Level RINSE 	25
482.3974 	DATA 	Keypress: o
482.4029 	Level jitter 	25
483.3919 	Level finished 	25
483.3932 	DATA 	Keypress: o
483.4027 	Level image=tasty.jpg 	25
484.4030 	Level injecting via pump at address 1 	25
490.3967 	DATA 	Keypress: o
490.3978 	DATA 	Keypress: o
490.3987 	DATA 	Keypress: o
490.4032 	Level WAIT 	25
491.3952 	DATA 	Keypress: o
491.4032 	Level RINSE 	25
493.3970 	DATA 	Keypress: o
493.4037 	Level jitter 	25
500.3919 	Level finished 	25
500.3938 	DATA 	Keypress: o
500.3951 	DATA 	Keypress: o
500.3961 	DATA 	Keypress: o
500.4061 	Level image=waterlogo.jpg 	25
501.3951 	DATA 	Keypress: o
501.3995 	Level injecting via pump at address 0 	25
507.3974 	DATA 	Keypress: o
507.3992 	DATA 	Keypress: o
507.4004 	DATA 	Keypress: o
507.4037 	Level WAIT 	25
508.3965 	Level RINSE 	25
510.3986 	DATA 	Keypress: o
510.4022 	Level jitter 	25
511.3919 	Level finished 	25
511.3932 	DATA 	Keypress: o
511.4051 	Level image=tasty.jpg 	25
512.4049 	Level injecting via pump at address 1 	25
518.3974 	DATA 	Keypress: o
518.3987 	DATA 	Keypress: o
518.3999 	DATA 	Keypress: o
518.4044 	Level WAIT 	25
519.3949 	DATA 	Keypress: o
519.4051 	Level RINSE 	25
521.3963 	DATA 	Keypress: o
521.4053 	Level jitter 	25
527.3919 	Level finished 	25
