66.7491 	DATA 	Keypress: o
66.7500 	Level start key press 	25
68.7545 	DATA 	Keypress: o
70.7548 	DATA 	Keypress: o
72.7551 	DATA 	Keypress: o
74.7554 	DATA 	Keypress: o
75.2696 	Level image=waterlogo.jpg 	25
76.2201 	Level injecting via pump at address 0 	25
82.2080 	DATA 	Keypress: o
82.2090 	DATA 	Keypress: o
82.2099 	DATA 	Keypress: o
82.2205 	Level WAIT 	25
83.2054 	DATA 	Keypress: o
83.2205 	Level RINSE 	25
85.2147 	DATA 	Keypress: o
85.2375 	Level jitter 	25
87.2029 	Level finished 	25
87.2046 	DATA 	Keypress: o
87.2214 	Level image=tasty.jpg 	25
88.2211 	Level injecting via pump at address 1 	25
94.2080 	DATA 	Keypress: o
94.2093 	DATA 	Keypress: o
94.2103 	DATA 	Keypress: o
94.2218 	Level WAIT 	25
95.2054 	DATA 	Keypress: o
95.2220 	Level RINSE 	25
97.2074 	DATA 	Keypress: o
97.2226 	Level jitter 	25
99.2029 	Level finished 	25
99.2043 	DATA 	Keypress: o
99.2391 	Level image=tasty.jpg 	25
100.2225 	Level injecting via pump at address 0 	25
106.2076 	DATA 	Keypress: o
106.2086 	DATA 	Keypress: o
106.2095 	DATA 	Keypress: o
106.2232 	Level WAIT 	25
107.2054 	DATA 	Keypress: o
107.2238 	Level RINSE 	25
109.2073 	DATA 	Keypress: o
109.2236 	Level jitter 	25
114.2029 	Level finished 	25
114.2041 	DATA 	Keypress: o
114.2052 	DATA 	Keypress: o
114.2242 	Level image=tasty.jpg 	25
115.2055 	DATA 	Keypress: o
115.2243 	Level injecting via pump at address 1 	25
121.2091 	DATA 	Keypress: o
121.2104 	DATA 	Keypress: o
121.2116 	DATA 	Keypress: o
121.2420 	Level WAIT 	25
122.2251 	Level RINSE 	25
124.2081 	DATA 	Keypress: o
124.2254 	Level jitter 	25
130.2029 	Level finished 	25
130.2043 	DATA 	Keypress: o
130.2053 	DATA 	Keypress: o
130.2065 	DATA 	Keypress: o
130.2428 	Level image=tasty.jpg 	25
131.2052 	DATA 	Keypress: o
131.2100 	Level injecting via pump at address 0 	25
137.2080 	DATA 	Keypress: o
137.2090 	DATA 	Keypress: o
137.2099 	DATA 	Keypress: o
137.2268 	Level WAIT 	25
138.2269 	Level RINSE 	25
140.2075 	DATA 	Keypress: o
140.2105 	Level jitter 	25
142.2029 	Level finished 	25
142.2042 	DATA 	Keypress: o
142.2277 	Level image=waterlogo.jpg 	25
143.2058 	DATA 	Keypress: o
143.2275 	Level injecting via pump at address 0 	25
149.2086 	DATA 	Keypress: o
149.2097 	DATA 	Keypress: o
149.2107 	DATA 	Keypress: o
149.2282 	Level WAIT 	25
150.2118 	Level RINSE 	25
152.2091 	DATA 	Keypress: o
152.2290 	Level jitter 	25
161.2029 	Level finished 	25
161.2044 	DATA 	Keypress: o
161.2056 	DATA 	Keypress: o
161.2068 	DATA 	Keypress: o
161.2080 	DATA 	Keypress: o
161.2092 	DATA 	Keypress: o
161.2297 	Level image=tasty.jpg 	25
162.2136 	Level injecting via pump at address 0 	25
168.2083 	DATA 	Keypress: o
168.2096 	DATA 	Keypress: o
168.2105 	DATA 	Keypress: o
168.2305 	Level WAIT 	25
169.2056 	DATA 	Keypress: o
169.2139 	Level RINSE 	25
171.2077 	DATA 	Keypress: o
171.2308 	Level jitter 	25
172.2029 	Level finished 	25
172.2147 	Level image=waterlogo.jpg 	25
173.2053 	DATA 	Keypress: o
173.2311 	Level injecting via pump at address 0 	25
179.2081 	DATA 	Keypress: o
179.2093 	DATA 	Keypress: o
179.2106 	DATA 	Keypress: o
179.2318 	Level WAIT 	25
180.2319 	Level RINSE 	25
182.2079 	DATA 	Keypress: o
182.2326 	Level jitter 	25
188.2029 	Level finished 	25
188.2043 	DATA 	Keypress: o
188.2055 	DATA 	Keypress: o
188.2065 	DATA 	Keypress: o
188.2328 	Level image=tasty.jpg 	25
189.2058 	DATA 	Keypress: o
189.2329 	Level injecting via pump at address 0 	25
195.2079 	DATA 	Keypress: o
195.2089 	DATA 	Keypress: o
195.2098 	DATA 	Keypress: o
195.2341 	Level WAIT 	25
196.2339 	Level RINSE 	25
198.2078 	DATA 	Keypress: o
198.2340 	Level jitter 	25
206.2029 	Level finished 	25
206.2042 	DATA 	Keypress: o
206.2053 	DATA 	Keypress: o
206.2061 	DATA 	Keypress: o
206.2071 	DATA 	Keypress: o
206.2188 	Level image=tasty.jpg 	25
207.2057 	DATA 	Keypress: o
207.2186 	Level injecting via pump at address 1 	25
213.2077 	DATA 	Keypress: o
213.2086 	DATA 	Keypress: o
213.2095 	DATA 	Keypress: o
213.2190 	Level WAIT 	25
214.2192 	Level RINSE 	25
216.2077 	DATA 	Keypress: o
216.2198 	Level jitter 	25
221.2029 	Level finished 	25
221.2043 	DATA 	Keypress: o
221.2054 	DATA 	Keypress: o
221.2065 	DATA 	Keypress: o
221.2367 	Level image=tasty.jpg 	25
222.2202 	Level injecting via pump at address 0 	25
228.2085 	DATA 	Keypress: o
228.2098 	DATA 	Keypress: o
228.2110 	DATA 	Keypress: o
228.2211 	Level WAIT 	25
229.2054 	DATA 	Keypress: o
229.2209 	Level RINSE 	25
231.2082 	DATA 	Keypress: o
231.2211 	Level jitter 	25
238.2029 	Level finished 	25
238.2042 	DATA 	Keypress: o
238.2053 	DATA 	Keypress: o
238.2065 	DATA 	Keypress: o
238.2224 	Level image=waterlogo.jpg 	25
239.2054 	DATA 	Keypress: o
239.2221 	Level injecting via pump at address 0 	25
245.2080 	DATA 	Keypress: o
245.2090 	DATA 	Keypress: o
245.2099 	DATA 	Keypress: o
245.2228 	Level WAIT 	25
246.2230 	Level RINSE 	25
248.2075 	DATA 	Keypress: o
248.2236 	Level jitter 	25
254.2029 	Level finished 	25
254.2042 	DATA 	Keypress: o
254.2054 	DATA 	Keypress: o
254.2066 	DATA 	Keypress: o
254.2238 	Level image=waterlogo.jpg 	25
255.2058 	DATA 	Keypress: o
255.2240 	Level injecting via pump at address 0 	25
261.2081 	DATA 	Keypress: o
261.2091 	DATA 	Keypress: o
261.2103 	DATA 	Keypress: o
261.2417 	Level WAIT 	25
262.2081 	Level RINSE 	25
264.2079 	DATA 	Keypress: o
264.2251 	Level jitter 	25
266.2029 	Level finished 	25
266.2040 	DATA 	Keypress: o
266.2253 	Level image=tasty.jpg 	25
267.2053 	DATA 	Keypress: o
267.2254 	Level injecting via pump at address 0 	25
273.2078 	DATA 	Keypress: o
273.2089 	DATA 	Keypress: o
273.2098 	DATA 	Keypress: o
273.2264 	Level WAIT 	25
274.2262 	Level RINSE 	25
276.2074 	DATA 	Keypress: o
276.2264 	Level jitter 	25
283.2029 	Level finished 	25
283.2042 	DATA 	Keypress: o
283.2052 	DATA 	Keypress: o
283.2062 	DATA 	Keypress: o
283.2071 	DATA 	Keypress: o
283.2276 	Level image=tasty.jpg 	25
284.2107 	Level injecting via pump at address 1 	25
290.2081 	DATA 	Keypress: o
290.2092 	DATA 	Keypress: o
290.2101 	DATA 	Keypress: o
290.2280 	Level WAIT 	25
291.2052 	DATA 	Keypress: o
291.2282 	Level RINSE 	25
293.2074 	DATA 	Keypress: o
293.2121 	Level jitter 	25
301.2029 	Level finished 	25
301.2042 	DATA 	Keypress: o
301.2052 	DATA 	Keypress: o
301.2061 	DATA 	Keypress: o
301.2070 	DATA 	Keypress: o
301.2293 	Level image=waterlogo.jpg 	25
302.2295 	Level injecting via pump at address 0 	25
308.2074 	DATA 	Keypress: o
308.2084 	DATA 	Keypress: o
308.2093 	DATA 	Keypress: o
308.2306 	Level WAIT 	25
309.2057 	DATA 	Keypress: o
309.2137 	Level RINSE 	25
311.2083 	DATA 	Keypress: o
311.2305 	Level jitter 	25
319.2029 	Level finished 	25
319.2042 	DATA 	Keypress: o
319.2052 	DATA 	Keypress: o
319.2063 	DATA 	Keypress: o
319.2078 	DATA 	Keypress: o
319.2319 	Level image=tasty.jpg 	25
320.2316 	Level injecting via pump at address 1 	25
326.2075 	DATA 	Keypress: o
326.2086 	DATA 	Keypress: o
326.2096 	DATA 	Keypress: o
326.2322 	Level WAIT 	25
327.2064 	DATA 	Keypress: o
327.2324 	Level RINSE 	25
329.2076 	DATA 	Keypress: o
329.2330 	Level jitter 	25
331.2029 	Level finished 	25
331.2041 	DATA 	Keypress: o
331.2163 	Level image=tasty.jpg 	25
332.2164 	Level injecting via pump at address 0 	25
338.2083 	DATA 	Keypress: o
338.2098 	DATA 	Keypress: o
338.2110 	DATA 	Keypress: o
338.2337 	Level WAIT 	25
339.2054 	DATA 	Keypress: o
339.2343 	Level RINSE 	25
341.2074 	DATA 	Keypress: o
341.2173 	Level jitter 	25
345.2029 	Level finished 	25
345.2042 	DATA 	Keypress: o
345.2052 	DATA 	Keypress: o
345.2345 	Level image=tasty.jpg 	25
346.2181 	Level injecting via pump at address 1 	25
352.2081 	DATA 	Keypress: o
352.2091 	DATA 	Keypress: o
352.2101 	DATA 	Keypress: o
352.2358 	Level WAIT 	25
353.2056 	DATA 	Keypress: o
353.2187 	Level RINSE 	25
355.2076 	DATA 	Keypress: o
355.2356 	Level jitter 	25
358.2029 	Level finished 	25
358.2041 	DATA 	Keypress: o
358.2360 	Level image=tasty.jpg 	25
359.2053 	DATA 	Keypress: o
359.2195 	Level injecting via pump at address 0 	25
365.2082 	DATA 	Keypress: o
365.2094 	DATA 	Keypress: o
365.2106 	DATA 	Keypress: o
365.2205 	Level WAIT 	25
366.2203 	Level RINSE 	25
368.2074 	DATA 	Keypress: o
368.2205 	Level jitter 	25
376.2029 	Level finished 	25
376.2042 	DATA 	Keypress: o
376.2056 	DATA 	Keypress: o
376.2069 	DATA 	Keypress: o
376.2079 	DATA 	Keypress: o
376.2385 	Level image=waterlogo.jpg 	25
377.2056 	DATA 	Keypress: o
377.2382 	Level injecting via pump at address 0 	25
383.2082 	DATA 	Keypress: o
383.2093 	DATA 	Keypress: o
383.2103 	DATA 	Keypress: o
383.2389 	Level WAIT 	25
384.2224 	Level RINSE 	25
386.2077 	DATA 	Keypress: o
386.2396 	Level jitter 	25
391.2029 	Level finished 	25
391.2044 	DATA 	Keypress: o
391.2058 	DATA 	Keypress: o
391.2071 	DATA 	Keypress: o
391.2233 	Level image=tasty.jpg 	25
392.2234 	Level injecting via pump at address 1 	25
398.2083 	DATA 	Keypress: o
398.2096 	DATA 	Keypress: o
398.2106 	DATA 	Keypress: o
398.2243 	Level WAIT 	25
399.2053 	DATA 	Keypress: o
399.2241 	Level RINSE 	25
401.2079 	DATA 	Keypress: o
401.2243 	Level jitter 	25
408.2029 	Level finished 	25
408.2043 	DATA 	Keypress: o
408.2055 	DATA 	Keypress: o
408.2066 	DATA 	Keypress: o
408.2423 	Level image=tasty.jpg 	25
409.2053 	DATA 	Keypress: o
409.2253 	Level injecting via pump at address 0 	25
415.2080 	DATA 	Keypress: o
415.2090 	DATA 	Keypress: o
415.2099 	DATA 	Keypress: o
415.2260 	Level WAIT 	25
416.2262 	Level RINSE 	25
418.2082 	DATA 	Keypress: o
418.2267 	Level jitter 	25
426.2029 	Level finished 	25
426.2041 	DATA 	Keypress: o
426.2052 	DATA 	Keypress: o
426.2064 	DATA 	Keypress: o
426.2076 	DATA 	Keypress: o
426.2273 	Level image=tasty.jpg 	25
427.2052 	DATA 	Keypress: o
427.2274 	Level injecting via pump at address 0 	25
433.2077 	DATA 	Keypress: o
433.2089 	DATA 	Keypress: o
433.2098 	DATA 	Keypress: o
433.2285 	Level WAIT 	25
434.2116 	Level RINSE 	25
436.2079 	DATA 	Keypress: o
436.2284 	Level jitter 	25
443.2029 	Level finished 	25
