62.5092 	DATA 	Keypress: o
62.5101 	Level start key press 	25
64.5111 	DATA 	Keypress: o
66.5111 	DATA 	Keypress: o
68.5114 	DATA 	Keypress: o
70.5117 	DATA 	Keypress: o
71.0762 	Level image=waterlogo.jpg 	25
71.9766 	Level injecting via pump at address 0 	25
77.9646 	DATA 	Keypress: o
77.9657 	DATA 	Keypress: o
77.9669 	DATA 	Keypress: o
77.9936 	Level WAIT 	25
78.9617 	DATA 	Keypress: o
78.9937 	Level RINSE 	25
80.9728 	DATA 	Keypress: o
80.9939 	Level jitter 	25
86.9594 	Level finished 	25
86.9608 	DATA 	Keypress: o
86.9623 	DATA 	Keypress: o
86.9634 	DATA 	Keypress: o
86.9951 	Level image=tasty.jpg 	25
87.9782 	Level injecting via pump at address 1 	25
93.9646 	DATA 	Keypress: o
93.9659 	DATA 	Keypress: o
93.9670 	DATA 	Keypress: o
93.9954 	Level WAIT 	25
94.9621 	DATA 	Keypress: o
94.9789 	Level RINSE 	25
96.9648 	DATA 	Keypress: o
96.9796 	Level jitter 	25
102.9594 	Level finished 	25
102.9607 	DATA 	Keypress: o
102.9617 	DATA 	Keypress: o
102.9628 	DATA 	Keypress: o
102.9798 	Level image=tasty.jpg 	25
103.9800 	Level injecting via pump at address 1 	25
109.9637 	DATA 	Keypress: o
109.9647 	DATA 	Keypress: o
109.9657 	DATA 	Keypress: o
109.9977 	Level WAIT 	25
110.9621 	DATA 	Keypress: o
110.9808 	Level RINSE 	25
112.9639 	DATA 	Keypress: o
112.9811 	Level jitter 	25
114.9594 	Level finished 	25
114.9605 	DATA 	Keypress: o
114.9813 	Level image=waterlogo.jpg 	25
115.9814 	Level injecting via pump at address 0 	25
121.9645 	DATA 	Keypress: o
121.9655 	DATA 	Keypress: o
121.9667 	DATA 	Keypress: o
121.9824 	Level WAIT 	25
122.9617 	DATA 	Keypress: o
122.9656 	Level RINSE 	25
124.9640 	DATA 	Keypress: o
124.9824 	Level jitter 	25
130.9594 	Level finished 	25
130.9606 	DATA 	Keypress: o
130.9615 	DATA 	Keypress: o
130.9624 	DATA 	Keypress: o
130.9831 	Level image=tasty.jpg 	25
131.9837 	Level injecting via pump at address 1 	25
137.9645 	DATA 	Keypress: o
137.9655 	DATA 	Keypress: o
137.9665 	DATA 	Keypress: o
137.9839 	Level WAIT 	25
138.9620 	DATA 	Keypress: o
138.9674 	Level RINSE 	25
140.9644 	DATA 	Keypress: o
140.9843 	Level jitter 	25
145.9594 	Level finished 	25
145.9608 	DATA 	Keypress: o
145.9621 	DATA 	Keypress: o
145.9854 	Level image=waterlogo.jpg 	25
146.9621 	DATA 	Keypress: o
146.9850 	Level injecting via pump at address 0 	25
152.9641 	DATA 	Keypress: o
152.9651 	DATA 	Keypress: o
152.9660 	DATA 	Keypress: o
152.9857 	Level WAIT 	25
153.9859 	Level RINSE 	25
155.9643 	DATA 	Keypress: o
155.9865 	Level jitter 	25
160.9594 	Level finished 	25
160.9607 	DATA 	Keypress: o
160.9618 	DATA 	Keypress: o
160.9627 	DATA 	Keypress: o
160.9866 	Level image=tasty.jpg 	25
161.9868 	Level injecting via pump at address 1 	25
167.9639 	DATA 	Keypress: o
167.9648 	DATA 	Keypress: o
167.9658 	DATA 	Keypress: o
167.9878 	Level WAIT 	25
168.9622 	DATA 	Keypress: o
168.9876 	Level RINSE 	25
170.9640 	DATA 	Keypress: o
170.9879 	Level jitter 	25
176.9594 	Level finished 	25
176.9606 	DATA 	Keypress: o
176.9616 	DATA 	Keypress: o
176.9626 	DATA 	Keypress: o
176.9885 	Level image=waterlogo.jpg 	25
177.9891 	Level injecting via pump at address 0 	25
183.9644 	DATA 	Keypress: o
183.9654 	DATA 	Keypress: o
183.9663 	DATA 	Keypress: o
183.9893 	Level WAIT 	25
184.9618 	DATA 	Keypress: o
184.9895 	Level RINSE 	25
186.9640 	DATA 	Keypress: o
186.9897 	Level jitter 	25
189.9594 	Level finished 	25
189.9607 	DATA 	Keypress: o
189.9904 	Level image=tasty.jpg 	25
190.9622 	DATA 	Keypress: o
190.9902 	Level injecting via pump at address 1 	25
196.9648 	DATA 	Keypress: o
196.9658 	DATA 	Keypress: o
196.9668 	DATA 	Keypress: o
196.9908 	Level WAIT 	25
197.9743 	Level RINSE 	25
199.9638 	DATA 	Keypress: o
199.9916 	Level jitter 	25
207.9594 	Level finished 	25
207.9607 	DATA 	Keypress: o
207.9617 	DATA 	Keypress: o
207.9626 	DATA 	Keypress: o
207.9635 	DATA 	Keypress: o
207.9754 	Level image=waterlogo.jpg 	25
208.9619 	DATA 	Keypress: o
208.9757 	Level injecting via pump at address 0 	25
214.9652 	DATA 	Keypress: o
214.9664 	DATA 	Keypress: o
214.9676 	DATA 	Keypress: o
214.9934 	Level WAIT 	25
215.9764 	Level RINSE 	25
217.9647 	DATA 	Keypress: o
217.9766 	Level jitter 	25
219.9594 	Level finished 	25
219.9605 	DATA 	Keypress: o
219.9768 	Level image=tasty.jpg 	25
220.9620 	DATA 	Keypress: o
220.9770 	Level injecting via pump at address 1 	25
226.9646 	DATA 	Keypress: o
226.9658 	DATA 	Keypress: o
226.9670 	DATA 	Keypress: o
226.9780 	Level WAIT 	25
227.9778 	Level RINSE 	25
229.9643 	DATA 	Keypress: o
229.9780 	Level jitter 	25
238.9594 	Level finished 	25
238.9607 	DATA 	Keypress: o
238.9619 	DATA 	Keypress: o
238.9631 	DATA 	Keypress: o
238.9642 	DATA 	Keypress: o
238.9652 	DATA 	Keypress: o
238.9796 	Level image=waterlogo.jpg 	25
239.9793 	Level injecting via pump at address 0 	25
245.9643 	DATA 	Keypress: o
245.9655 	DATA 	Keypress: o
245.9664 	DATA 	Keypress: o
245.9798 	Level WAIT 	25
246.9618 	DATA 	Keypress: o
246.9800 	Level RINSE 	25
248.9644 	DATA 	Keypress: o
248.9806 	Level jitter 	25
250.9594 	Level finished 	25
250.9605 	DATA 	Keypress: o
250.9805 	Level image=tasty.jpg 	25
251.9807 	Level injecting via pump at address 1 	25
257.9645 	DATA 	Keypress: o
257.9655 	DATA 	Keypress: o
257.9665 	DATA 	Keypress: o
257.9812 	Level WAIT 	25
258.9623 	DATA 	Keypress: o
258.9818 	Level RINSE 	25
260.9638 	DATA 	Keypress: o
260.9815 	Level jitter 	25
263.9594 	Level finished 	25
263.9605 	DATA 	Keypress: o
263.9820 	Level image=waterlogo.jpg 	25
264.9620 	DATA 	Keypress: o
264.9822 	Level injecting via pump at address 0 	25
270.9644 	DATA 	Keypress: o
270.9657 	DATA 	Keypress: o
270.9669 	DATA 	Keypress: o
270.9832 	Level WAIT 	25
271.9829 	Level RINSE 	25
273.9642 	DATA 	Keypress: o
273.9831 	Level jitter 	25
277.9594 	Level finished 	25
277.9606 	DATA 	Keypress: o
277.9617 	DATA 	Keypress: o
277.9836 	Level image=tasty.jpg 	25
278.9618 	DATA 	Keypress: o
278.9837 	Level injecting via pump at address 1 	25
284.9649 	DATA 	Keypress: o
284.9662 	DATA 	Keypress: o
284.9674 	DATA 	Keypress: o
284.9848 	Level WAIT 	25
285.9679 	Level RINSE 	25
287.9639 	DATA 	Keypress: o
287.9848 	Level jitter 	25
288.9594 	Level finished 	25
288.9605 	DATA 	Keypress: o
288.9849 	Level image=waterlogo.jpg 	25
289.9851 	Level injecting via pump at address 0 	25
295.9648 	DATA 	Keypress: o
295.9661 	DATA 	Keypress: o
295.9672 	DATA 	Keypress: o
295.9862 	Level WAIT 	25
296.9621 	DATA 	Keypress: o
296.9859 	Level RINSE 	25
298.9641 	DATA 	Keypress: o
298.9860 	Level jitter 	25
301.9594 	Level finished 	25
301.9605 	DATA 	Keypress: o
301.9864 	Level image=tasty.jpg 	25
302.9618 	DATA 	Keypress: o
302.9865 	Level injecting via pump at address 1 	25
308.9644 	DATA 	Keypress: o
308.9654 	DATA 	Keypress: o
308.9663 	DATA 	Keypress: o
308.9877 	Level WAIT 	25
309.9874 	Level RINSE 	25
311.9647 	DATA 	Keypress: o
311.9876 	Level jitter 	25
319.9594 	Level finished 	25
319.9606 	DATA 	Keypress: o
319.9615 	DATA 	Keypress: o
319.9625 	DATA 	Keypress: o
319.9634 	DATA 	Keypress: o
319.9723 	Level image=tasty.jpg 	25
320.9622 	DATA 	Keypress: o
320.9721 	Level injecting via pump at address 1 	25
326.9648 	DATA 	Keypress: o
326.9662 	DATA 	Keypress: o
326.9674 	DATA 	Keypress: o
326.9894 	Level WAIT 	25
327.9894 	Level RINSE 	25
329.9637 	DATA 	Keypress: o
329.9734 	Level jitter 	25
333.9594 	Level finished 	25
333.9606 	DATA 	Keypress: o
333.9616 	DATA 	Keypress: o
333.9902 	Level image=waterlogo.jpg 	25
334.9618 	DATA 	Keypress: o
334.9903 	Level injecting via pump at address 0 	25
340.9642 	DATA 	Keypress: o
340.9653 	DATA 	Keypress: o
340.9663 	DATA 	Keypress: o
340.9915 	Level WAIT 	25
341.9744 	Level RINSE 	25
343.9640 	DATA 	Keypress: o
343.9913 	Level jitter 	25
346.9594 	Level finished 	25
346.9606 	DATA 	Keypress: o
346.9617 	DATA 	Keypress: o
346.9917 	Level image=tasty.jpg 	25
347.9752 	Level injecting via pump at address 1 	25
353.9644 	DATA 	Keypress: o
353.9655 	DATA 	Keypress: o
353.9664 	DATA 	Keypress: o
353.9762 	Level WAIT 	25
354.9622 	DATA 	Keypress: o
354.9760 	Level RINSE 	25
356.9645 	DATA 	Keypress: o
356.9928 	Level jitter 	25
361.9594 	Level finished 	25
361.9608 	DATA 	Keypress: o
361.9620 	DATA 	Keypress: o
361.9934 	Level image=waterlogo.jpg 	25
362.9619 	DATA 	Keypress: o
362.9936 	Level injecting via pump at address 0 	25
368.9639 	DATA 	Keypress: o
368.9650 	DATA 	Keypress: o
368.9659 	DATA 	Keypress: o
368.9946 	Level WAIT 	25
369.9777 	Level RINSE 	25
371.9647 	DATA 	Keypress: o
371.9945 	Level jitter 	25
376.9594 	Level finished 	25
376.9607 	DATA 	Keypress: o
376.9618 	DATA 	Keypress: o
376.9627 	DATA 	Keypress: o
376.9786 	Level image=waterlogo.jpg 	25
377.9788 	Level injecting via pump at address 0 	25
383.9646 	DATA 	Keypress: o
383.9657 	DATA 	Keypress: o
383.9666 	DATA 	Keypress: o
383.9797 	Level WAIT 	25
384.9618 	DATA 	Keypress: o
384.9794 	Level RINSE 	25
386.9641 	DATA 	Keypress: o
386.9796 	Level jitter 	25
395.9594 	Level finished 	25
395.9607 	DATA 	Keypress: o
395.9617 	DATA 	Keypress: o
395.9627 	DATA 	Keypress: o
395.9635 	DATA 	Keypress: o
395.9811 	Level image=tasty.jpg 	25
396.9622 	DATA 	Keypress: o
396.9809 	Level injecting via pump at address 1 	25
402.9638 	DATA 	Keypress: o
402.9648 	DATA 	Keypress: o
402.9658 	DATA 	Keypress: o
402.9815 	Level WAIT 	25
403.9651 	Level RINSE 	25
405.9644 	DATA 	Keypress: o
405.9823 	Level jitter 	25
407.9594 	Level finished 	25
407.9605 	DATA 	Keypress: o
407.9822 	Level image=waterlogo.jpg 	25
408.9620 	DATA 	Keypress: o
408.9823 	Level injecting via pump at address 0 	25
414.9643 	DATA 	Keypress: o
414.9653 	DATA 	Keypress: o
414.9662 	DATA 	Keypress: o
414.9829 	Level WAIT 	25
415.9834 	Level RINSE 	25
417.9643 	DATA 	Keypress: o
417.9833 	Level jitter 	25
420.9594 	Level finished 	25
420.9606 	DATA 	Keypress: o
420.9616 	DATA 	Keypress: o
420.9837 	Level image=waterlogo.jpg 	25
421.9839 	Level injecting via pump at address 0 	25
427.9642 	DATA 	Keypress: o
427.9656 	DATA 	Keypress: o
427.9666 	DATA 	Keypress: o
427.9848 	Level WAIT 	25
428.9620 	DATA 	Keypress: o
428.9680 	Level RINSE 	25
430.9640 	DATA 	Keypress: o
430.9848 	Level jitter 	25
435.9594 	Level finished 	25
435.9607 	DATA 	Keypress: o
435.9616 	DATA 	Keypress: o
435.9855 	Level image=tasty.jpg 	25
436.9620 	DATA 	Keypress: o
436.9856 	Level injecting via pump at address 1 	25
442.9639 	DATA 	Keypress: o
442.9648 	DATA 	Keypress: o
442.9656 	DATA 	Keypress: o
442.9866 	Level WAIT 	25
443.9863 	Level RINSE 	25
445.9645 	DATA 	Keypress: o
445.9865 	Level jitter 	25
447.9594 	Level finished 	25
447.9606 	DATA 	Keypress: o
447.9702 	Level image=tasty.jpg 	25
448.9616 	DATA 	Keypress: o
448.9870 	Level injecting via pump at address 1 	25
454.9645 	DATA 	Keypress: o
454.9656 	DATA 	Keypress: o
454.9666 	DATA 	Keypress: o
454.9880 	Level WAIT 	25
455.9877 	Level RINSE 	25
457.9643 	DATA 	Keypress: o
457.9879 	Level jitter 	25
464.9594 	Level finished 	25
464.9606 	DATA 	Keypress: o
464.9616 	DATA 	Keypress: o
464.9627 	DATA 	Keypress: o
464.9639 	DATA 	Keypress: o
464.9893 	Level image=waterlogo.jpg 	25
465.9891 	Level injecting via pump at address 0 	25
471.9646 	DATA 	Keypress: o
471.9658 	DATA 	Keypress: o
471.9668 	DATA 	Keypress: o
471.9896 	Level WAIT 	25
472.9618 	DATA 	Keypress: o
472.9731 	Level RINSE 	25
474.9642 	DATA 	Keypress: o
474.9903 	Level jitter 	25
477.9594 	Level finished 	25
477.9606 	DATA 	Keypress: o
477.9904 	Level image=tasty.jpg 	25
478.9618 	DATA 	Keypress: o
478.9738 	Level injecting via pump at address 1 	25
484.9642 	DATA 	Keypress: o
484.9652 	DATA 	Keypress: o
484.9662 	DATA 	Keypress: o
484.9748 	Level WAIT 	25
485.9746 	Level RINSE 	25
487.9639 	DATA 	Keypress: o
487.9915 	Level jitter 	25
489.9594 	Level finished 	25
489.9606 	DATA 	Keypress: o
489.9917 	Level image=waterlogo.jpg 	25
490.9618 	DATA 	Keypress: o
490.9919 	Level injecting via pump at address 0 	25
496.9645 	DATA 	Keypress: o
496.9655 	DATA 	Keypress: o
496.9664 	DATA 	Keypress: o
496.9929 	Level WAIT 	25
497.9760 	Level RINSE 	25
499.9640 	DATA 	Keypress: o
499.9928 	Level jitter 	25
507.9594 	Level finished 	25
507.9606 	DATA 	Keypress: o
507.9616 	DATA 	Keypress: o
507.9627 	DATA 	Keypress: o
507.9638 	DATA 	Keypress: o
507.9775 	Level image=tasty.jpg 	25
508.9617 	DATA 	Keypress: o
508.9773 	Level injecting via pump at address 1 	25
514.9644 	DATA 	Keypress: o
514.9654 	DATA 	Keypress: o
514.9663 	DATA 	Keypress: o
514.9780 	Level WAIT 	25
515.9781 	Level RINSE 	25
517.9652 	DATA 	Keypress: o
517.9787 	Level jitter 	25
519.9594 	Level finished 	25
519.9608 	DATA 	Keypress: o
519.9786 	Level image=waterlogo.jpg 	25
520.9622 	DATA 	Keypress: o
520.9787 	Level injecting via pump at address 0 	25
526.9645 	DATA 	Keypress: o
526.9655 	DATA 	Keypress: o
526.9664 	DATA 	Keypress: o
526.9793 	Level WAIT 	25
527.9799 	Level RINSE 	25
529.9643 	DATA 	Keypress: o
529.9797 	Level jitter 	25
536.9594 	Level finished 	25
