120.5080 	DATA 	Keypress: o
120.5110 	Level start key press 	25
122.5242 	DATA 	Keypress: o
124.5075 	DATA 	Keypress: o
126.5076 	DATA 	Keypress: o
128.5245 	DATA 	Keypress: o
129.5260 	Level image=tasty.jpg 	25
130.3706 	Level injecting via pump at address 1 	25
136.3706 	DATA 	Keypress: o
136.3747 	DATA 	Keypress: o
136.3788 	DATA 	Keypress: o
137.3619 	DATA 	Keypress: o
139.3920 	DATA 	Keypress: o
148.3530 	Level finished 	25
148.3571 	DATA 	Keypress: o
148.3613 	DATA 	Keypress: o
148.3654 	DATA 	Keypress: o
148.3692 	DATA 	Keypress: o
148.3891 	Level image=waterlogo.jpg 	25
149.3614 	DATA 	Keypress: o
149.3878 	Level injecting via pump at address 0 	25
155.3702 	DATA 	Keypress: o
155.3744 	DATA 	Keypress: o
155.3784 	DATA 	Keypress: o
158.3706 	DATA 	Keypress: o
162.3530 	Level finished 	25
162.3570 	DATA 	Keypress: o
162.3614 	DATA 	Keypress: o
162.3770 	Level image=tasty.jpg 	25
163.3619 	DATA 	Keypress: o
163.3721 	Level injecting via pump at address 1 	25
169.3702 	DATA 	Keypress: o
169.3745 	DATA 	Keypress: o
169.3786 	DATA 	Keypress: o
172.3707 	DATA 	Keypress: o
176.3530 	Level finished 	25
176.3571 	DATA 	Keypress: o
176.3612 	DATA 	Keypress: o
176.3790 	Level image=waterlogo.jpg 	25
177.3612 	DATA 	Keypress: o
177.3898 	Level injecting via pump at address 0 	25
183.3721 	DATA 	Keypress: o
183.3765 	DATA 	Keypress: o
183.3808 	DATA 	Keypress: o
186.3707 	DATA 	Keypress: o
190.3530 	Level finished 	25
190.3571 	DATA 	Keypress: o
190.3611 	DATA 	Keypress: o
190.3796 	Level image=waterlogo.jpg 	25
191.3615 	DATA 	Keypress: o
191.3741 	Level injecting via pump at address 0 	25
197.3712 	DATA 	Keypress: o
197.3752 	DATA 	Keypress: o
197.3793 	DATA 	Keypress: o
200.3697 	DATA 	Keypress: o
204.3530 	Level finished 	25
204.3574 	DATA 	Keypress: o
204.3618 	DATA 	Keypress: o
204.3768 	Level image=tasty.jpg 	25
205.3616 	DATA 	Keypress: o
205.3750 	Level injecting via pump at address 1 	25
211.3712 	DATA 	Keypress: o
211.3752 	DATA 	Keypress: o
211.3792 	DATA 	Keypress: o
214.3706 	DATA 	Keypress: o
220.3530 	Level finished 	25
220.3572 	DATA 	Keypress: o
220.3614 	DATA 	Keypress: o
220.3654 	DATA 	Keypress: o
220.3831 	Level image=waterlogo.jpg 	25
221.3617 	DATA 	Keypress: o
221.3770 	Level injecting via pump at address 0 	25
227.3714 	DATA 	Keypress: o
227.3758 	DATA 	Keypress: o
227.3799 	DATA 	Keypress: o
230.3706 	DATA 	Keypress: o
233.3530 	Level finished 	25
233.3571 	DATA 	Keypress: o
233.3611 	DATA 	Keypress: o
233.3759 	Level image=tasty.jpg 	25
234.3770 	Level injecting via pump at address 1 	25
240.3705 	DATA 	Keypress: o
240.3747 	DATA 	Keypress: o
240.3790 	DATA 	Keypress: o
241.3621 	DATA 	Keypress: o
243.3698 	DATA 	Keypress: o
246.3530 	Level finished 	25
246.3568 	DATA 	Keypress: o
246.3741 	Level image=waterlogo.jpg 	25
247.3615 	DATA 	Keypress: o
247.3946 	Level injecting via pump at address 0 	25
253.3712 	DATA 	Keypress: o
253.3751 	DATA 	Keypress: o
253.3790 	DATA 	Keypress: o
256.3702 	DATA 	Keypress: o
260.3530 	Level finished 	25
260.3570 	DATA 	Keypress: o
260.3615 	DATA 	Keypress: o
260.3795 	Level image=waterlogo.jpg 	25
261.3616 	DATA 	Keypress: o
261.3789 	Level injecting via pump at address 0 	25
267.3711 	DATA 	Keypress: o
267.3757 	DATA 	Keypress: o
267.3798 	DATA 	Keypress: o
270.3704 	DATA 	Keypress: o
275.3530 	Level finished 	25
275.3570 	DATA 	Keypress: o
275.3613 	DATA 	Keypress: o
275.3654 	DATA 	Keypress: o
275.3807 	Level image=tasty.jpg 	25
276.3799 	Level injecting via pump at address 1 	25
282.3710 	DATA 	Keypress: o
282.3751 	DATA 	Keypress: o
282.3790 	DATA 	Keypress: o
283.3615 	DATA 	Keypress: o
285.3704 	DATA 	Keypress: o
288.3530 	Level finished 	25
288.3568 	DATA 	Keypress: o
288.3740 	Level image=waterlogo.jpg 	25
289.3620 	DATA 	Keypress: o
289.3809 	Level injecting via pump at address 0 	25
295.3707 	DATA 	Keypress: o
295.3747 	DATA 	Keypress: o
295.3786 	DATA 	Keypress: o
298.3705 	DATA 	Keypress: o
306.3530 	Level finished 	25
306.3572 	DATA 	Keypress: o
306.3615 	DATA 	Keypress: o
306.3655 	DATA 	Keypress: o
306.3692 	DATA 	Keypress: o
306.3847 	Level image=tasty.jpg 	25
307.3612 	DATA 	Keypress: o
307.3821 	Level injecting via pump at address 1 	25
313.3711 	DATA 	Keypress: o
313.3756 	DATA 	Keypress: o
313.3796 	DATA 	Keypress: o
316.3706 	DATA 	Keypress: o
318.3530 	Level finished 	25
318.3567 	DATA 	Keypress: o
318.3724 	Level image=tasty.jpg 	25
319.3619 	DATA 	Keypress: o
319.3829 	Level injecting via pump at address 1 	25
325.3709 	DATA 	Keypress: o
325.3750 	DATA 	Keypress: o
325.3788 	DATA 	Keypress: o
328.3722 	DATA 	Keypress: o
330.3530 	Level finished 	25
330.3568 	DATA 	Keypress: o
330.3744 	Level image=waterlogo.jpg 	25
331.3618 	DATA 	Keypress: o
331.3837 	Level injecting via pump at address 0 	25
337.3706 	DATA 	Keypress: o
337.3748 	DATA 	Keypress: o
337.3787 	DATA 	Keypress: o
340.3707 	DATA 	Keypress: o
343.3530 	Level finished 	25
343.3570 	DATA 	Keypress: o
343.3611 	DATA 	Keypress: o
343.3762 	Level image=tasty.jpg 	25
344.3680 	Level injecting via pump at address 1 	25
350.3710 	DATA 	Keypress: o
350.3752 	DATA 	Keypress: o
350.3795 	DATA 	Keypress: o
351.3615 	DATA 	Keypress: o
353.3695 	DATA 	Keypress: o
355.3530 	Level finished 	25
355.3568 	DATA 	Keypress: o
355.3739 	Level image=waterlogo.jpg 	25
356.3856 	Level injecting via pump at address 0 	25
362.3707 	DATA 	Keypress: o
362.3747 	DATA 	Keypress: o
362.3787 	DATA 	Keypress: o
363.3617 	DATA 	Keypress: o
365.3716 	DATA 	Keypress: o
366.3530 	Level finished 	25
366.3676 	Level image=tasty.jpg 	25
367.3612 	DATA 	Keypress: o
367.3862 	Level injecting via pump at address 1 	25
373.3708 	DATA 	Keypress: o
373.3748 	DATA 	Keypress: o
373.3786 	DATA 	Keypress: o
376.3713 	DATA 	Keypress: o
378.3530 	Level finished 	25
378.3569 	DATA 	Keypress: o
378.3746 	Level image=waterlogo.jpg 	25
379.3615 	DATA 	Keypress: o
379.3705 	Level injecting via pump at address 0 	25
385.3709 	DATA 	Keypress: o
385.3748 	DATA 	Keypress: o
385.3787 	DATA 	Keypress: o
388.3695 	DATA 	Keypress: o
394.3530 	Level finished 	25
394.3572 	DATA 	Keypress: o
394.3614 	DATA 	Keypress: o
394.3655 	DATA 	Keypress: o
394.3834 	Level image=waterlogo.jpg 	25
395.3614 	DATA 	Keypress: o
395.3889 	Level injecting via pump at address 0 	25
401.3716 	DATA 	Keypress: o
401.3757 	DATA 	Keypress: o
401.3797 	DATA 	Keypress: o
404.3702 	DATA 	Keypress: o
407.3530 	Level finished 	25
407.3571 	DATA 	Keypress: o
407.3615 	DATA 	Keypress: o
407.3767 	Level image=tasty.jpg 	25
408.3725 	Level injecting via pump at address 1 	25
414.3714 	DATA 	Keypress: o
414.3756 	DATA 	Keypress: o
414.3795 	DATA 	Keypress: o
415.3616 	DATA 	Keypress: o
417.3710 	DATA 	Keypress: o
425.3530 	Level finished 	25
425.3572 	DATA 	Keypress: o
425.3612 	DATA 	Keypress: o
425.3651 	DATA 	Keypress: o
425.3690 	DATA 	Keypress: o
425.3868 	Level image=waterlogo.jpg 	25
426.3736 	Level injecting via pump at address 0 	25
432.3715 	DATA 	Keypress: o
432.3758 	DATA 	Keypress: o
432.3797 	DATA 	Keypress: o
433.3614 	DATA 	Keypress: o
435.3696 	DATA 	Keypress: o
440.3530 	Level finished 	25
440.3571 	DATA 	Keypress: o
440.3612 	DATA 	Keypress: o
440.3765 	Level image=tasty.jpg 	25
441.3631 	DATA 	Keypress: o
441.3747 	Level injecting via pump at address 1 	25
447.3706 	DATA 	Keypress: o
447.3747 	DATA 	Keypress: o
447.3787 	DATA 	Keypress: o
450.3697 	DATA 	Keypress: o
454.3530 	Level finished 	25
454.3570 	DATA 	Keypress: o
454.3611 	DATA 	Keypress: o
454.3790 	Level image=waterlogo.jpg 	25
455.3621 	DATA 	Keypress: o
455.3923 	Level injecting via pump at address 0 	25
461.3711 	DATA 	Keypress: o
461.3756 	DATA 	Keypress: o
461.3798 	DATA 	Keypress: o
464.3695 	DATA 	Keypress: o
469.3530 	Level finished 	25
469.3570 	DATA 	Keypress: o
469.3610 	DATA 	Keypress: o
469.3649 	DATA 	Keypress: o
469.3802 	Level image=tasty.jpg 	25
470.3767 	Level injecting via pump at address 1 	25
476.3707 	DATA 	Keypress: o
476.3748 	DATA 	Keypress: o
476.3787 	DATA 	Keypress: o
477.3619 	DATA 	Keypress: o
479.3718 	DATA 	Keypress: o
488.3530 	Level finished 	25
488.3572 	DATA 	Keypress: o
488.3613 	DATA 	Keypress: o
488.3652 	DATA 	Keypress: o
488.3691 	DATA 	Keypress: o
488.3877 	Level image=waterlogo.jpg 	25
489.3612 	DATA 	Keypress: o
489.3780 	Level injecting via pump at address 0 	25
495.3705 	DATA 	Keypress: o
495.3748 	DATA 	Keypress: o
495.3788 	DATA 	Keypress: o
498.3706 	DATA 	Keypress: o
507.3530 	Level finished 	25
507.3572 	DATA 	Keypress: o
507.3612 	DATA 	Keypress: o
507.3652 	DATA 	Keypress: o
507.3692 	DATA 	Keypress: o
507.3731 	DATA 	Keypress: o
507.3889 	Level image=tasty.jpg 	25
508.3800 	Level injecting via pump at address 1 	25
514.3710 	DATA 	Keypress: o
514.3750 	DATA 	Keypress: o
514.3790 	DATA 	Keypress: o
515.3619 	DATA 	Keypress: o
517.3697 	DATA 	Keypress: o
521.3530 	Level finished 	25
521.3571 	DATA 	Keypress: o
521.3614 	DATA 	Keypress: o
521.3776 	Level image=tasty.jpg 	25
522.3636 	Level injecting via pump at address 1 	25
528.3702 	DATA 	Keypress: o
528.3745 	DATA 	Keypress: o
528.3789 	DATA 	Keypress: o
529.3615 	DATA 	Keypress: o
531.3705 	DATA 	Keypress: o
534.3530 	Level finished 	25
534.3570 	DATA 	Keypress: o
534.3741 	Level image=waterlogo.jpg 	25
535.3616 	DATA 	Keypress: o
535.3811 	Level injecting via pump at address 0 	25
541.3711 	DATA 	Keypress: o
541.3752 	DATA 	Keypress: o
541.3791 	DATA 	Keypress: o
544.3706 	DATA 	Keypress: o
545.3530 	Level finished 	25
545.3568 	DATA 	Keypress: o
545.3722 	Level image=tasty.jpg 	25
546.3819 	Level injecting via pump at address 1 	25
552.3579 	DATA 	Keypress: o
552.3589 	DATA 	Keypress: o
552.3599 	DATA 	Keypress: o
553.3555 	DATA 	Keypress: o
555.3577 	DATA 	Keypress: o
562.3530 	Level finished 	25
562.3543 	DATA 	Keypress: o
562.3552 	DATA 	Keypress: o
562.3563 	DATA 	Keypress: o
562.3614 	Level image=waterlogo.jpg 	25
563.3558 	DATA 	Keypress: o
563.3662 	Level injecting via pump at address 0 	25
569.3590 	DATA 	Keypress: o
569.3604 	DATA 	Keypress: o
569.3616 	DATA 	Keypress: o
572.3583 	DATA 	Keypress: o
573.3530 	Level finished 	25
573.3541 	DATA 	Keypress: o
573.3586 	Level image=tasty.jpg 	25
574.3835 	Level injecting via pump at address 1 	25
580.3577 	DATA 	Keypress: o
580.3587 	DATA 	Keypress: o
580.3596 	DATA 	Keypress: o
581.3558 	DATA 	Keypress: o
583.3579 	DATA 	Keypress: o
589.3530 	Level finished 	25
