48.1615 	DATA 	Keypress: o
48.1624 	Level start key press 	25
50.1622 	DATA 	Keypress: o
52.1623 	DATA 	Keypress: o
54.1625 	DATA 	Keypress: o
56.1628 	DATA 	Keypress: o
56.7105 	Level image=tasty.jpg 	25
57.6440 	Level injecting via pump at address 1 	25
63.6319 	DATA 	Keypress: o
63.6329 	DATA 	Keypress: o
63.6340 	DATA 	Keypress: o
63.6617 	Level WAIT 	25
64.6300 	DATA 	Keypress: o
64.6448 	Level RINSE 	25
66.6402 	DATA 	Keypress: o
66.6617 	Level jitter 	25
75.6272 	Level finished 	25
75.6285 	DATA 	Keypress: o
75.6296 	DATA 	Keypress: o
75.6308 	DATA 	Keypress: o
75.6319 	DATA 	Keypress: o
75.6632 	Level image=waterlogo.jpg 	25
76.6300 	DATA 	Keypress: o
76.6629 	Level injecting via pump at address 0 	25
82.6322 	DATA 	Keypress: o
82.6333 	DATA 	Keypress: o
82.6343 	DATA 	Keypress: o
82.6635 	Level WAIT 	25
83.6470 	Level RINSE 	25
85.6323 	DATA 	Keypress: o
85.6477 	Level jitter 	25
89.6272 	Level finished 	25
89.6286 	DATA 	Keypress: o
89.6296 	DATA 	Keypress: o
89.6478 	Level image=tasty.jpg 	25
90.6297 	DATA 	Keypress: o
90.6480 	Level injecting via pump at address 1 	25
96.6327 	DATA 	Keypress: o
96.6340 	DATA 	Keypress: o
96.6352 	DATA 	Keypress: o
96.6490 	Level WAIT 	25
97.6487 	Level RINSE 	25
99.6322 	DATA 	Keypress: o
99.6489 	Level jitter 	25
103.6272 	Level finished 	25
103.6287 	DATA 	Keypress: o
103.6301 	DATA 	Keypress: o
103.6494 	Level image=waterlogo.jpg 	25
104.6300 	DATA 	Keypress: o
104.6496 	Level injecting via pump at address 0 	25
110.6322 	DATA 	Keypress: o
110.6332 	DATA 	Keypress: o
110.6341 	DATA 	Keypress: o
110.6505 	Level WAIT 	25
111.6337 	Level RINSE 	25
113.6321 	DATA 	Keypress: o
113.6505 	Level jitter 	25
117.6272 	Level finished 	25
117.6285 	DATA 	Keypress: o
117.6294 	DATA 	Keypress: o
117.6511 	Level image=waterlogo.jpg 	25
118.6299 	DATA 	Keypress: o
118.6513 	Level injecting via pump at address 0 	25
124.6323 	DATA 	Keypress: o
124.6336 	DATA 	Keypress: o
124.6350 	DATA 	Keypress: o
124.6522 	Level WAIT 	25
125.6520 	Level RINSE 	25
127.6322 	DATA 	Keypress: o
127.6521 	Level jitter 	25
131.6272 	Level finished 	25
131.6284 	DATA 	Keypress: o
131.6294 	DATA 	Keypress: o
131.6527 	Level image=tasty.jpg 	25
132.6298 	DATA 	Keypress: o
132.6529 	Level injecting via pump at address 1 	25
138.6322 	DATA 	Keypress: o
138.6335 	DATA 	Keypress: o
138.6347 	DATA 	Keypress: o
138.6539 	Level WAIT 	25
139.6369 	Level RINSE 	25
141.6332 	DATA 	Keypress: o
141.6538 	Level jitter 	25
147.6272 	Level finished 	25
147.6284 	DATA 	Keypress: o
147.6294 	DATA 	Keypress: o
147.6305 	DATA 	Keypress: o
147.6546 	Level image=waterlogo.jpg 	25
148.6300 	DATA 	Keypress: o
148.6552 	Level injecting via pump at address 0 	25
154.6330 	DATA 	Keypress: o
154.6342 	DATA 	Keypress: o
154.6351 	DATA 	Keypress: o
154.6553 	Level WAIT 	25
155.6388 	Level RINSE 	25
157.6322 	DATA 	Keypress: o
157.6557 	Level jitter 	25
160.6272 	Level finished 	25
160.6285 	DATA 	Keypress: o
160.6296 	DATA 	Keypress: o
160.6565 	Level image=tasty.jpg 	25
161.6395 	Level injecting via pump at address 1 	25
167.6325 	DATA 	Keypress: o
167.6338 	DATA 	Keypress: o
167.6350 	DATA 	Keypress: o
167.6401 	Level WAIT 	25
168.6300 	DATA 	Keypress: o
168.6403 	Level RINSE 	25
170.6321 	DATA 	Keypress: o
170.6410 	Level jitter 	25
173.6272 	Level finished 	25
173.6286 	DATA 	Keypress: o
173.6576 	Level image=waterlogo.jpg 	25
174.6299 	DATA 	Keypress: o
174.6411 	Level injecting via pump at address 0 	25
180.6327 	DATA 	Keypress: o
180.6339 	DATA 	Keypress: o
180.6351 	DATA 	Keypress: o
180.6421 	Level WAIT 	25
181.6418 	Level RINSE 	25
183.6319 	DATA 	Keypress: o
183.6420 	Level jitter 	25
187.6272 	Level finished 	25
187.6284 	DATA 	Keypress: o
187.6295 	DATA 	Keypress: o
187.6592 	Level image=waterlogo.jpg 	25
188.6296 	DATA 	Keypress: o
188.6594 	Level injecting via pump at address 0 	25
194.6325 	DATA 	Keypress: o
194.6336 	DATA 	Keypress: o
194.6346 	DATA 	Keypress: o
194.6604 	Level WAIT 	25
195.6435 	Level RINSE 	25
197.6319 	DATA 	Keypress: o
197.6603 	Level jitter 	25
202.6272 	Level finished 	25
202.6285 	DATA 	Keypress: o
202.6295 	DATA 	Keypress: o
202.6305 	DATA 	Keypress: o
202.6444 	Level image=tasty.jpg 	25
203.6445 	Level injecting via pump at address 1 	25
209.6325 	DATA 	Keypress: o
209.6335 	DATA 	Keypress: o
209.6344 	DATA 	Keypress: o
209.6454 	Level WAIT 	25
210.6301 	DATA 	Keypress: o
210.6619 	Level RINSE 	25
212.6322 	DATA 	Keypress: o
212.6454 	Level jitter 	25
215.6272 	Level finished 	25
215.6284 	DATA 	Keypress: o
215.6459 	Level image=waterlogo.jpg 	25
216.6298 	DATA 	Keypress: o
216.6461 	Level injecting via pump at address 0 	25
222.6324 	DATA 	Keypress: o
222.6335 	DATA 	Keypress: o
222.6344 	DATA 	Keypress: o
222.6638 	Level WAIT 	25
223.6301 	Level RINSE 	25
225.6322 	DATA 	Keypress: o
225.6470 	Level jitter 	25
233.6272 	Level finished 	25
233.6285 	DATA 	Keypress: o
233.6295 	DATA 	Keypress: o
233.6304 	DATA 	Keypress: o
233.6314 	DATA 	Keypress: o
233.6483 	Level image=tasty.jpg 	25
234.6295 	DATA 	Keypress: o
234.6481 	Level injecting via pump at address 1 	25
240.6322 	DATA 	Keypress: o
240.6334 	DATA 	Keypress: o
240.6348 	DATA 	Keypress: o
240.6487 	Level WAIT 	25
241.6489 	Level RINSE 	25
243.6325 	DATA 	Keypress: o
243.6495 	Level jitter 	25
245.6272 	Level finished 	25
245.6284 	DATA 	Keypress: o
245.6494 	Level image=tasty.jpg 	25
246.6300 	DATA 	Keypress: o
246.6496 	Level injecting via pump at address 1 	25
252.6321 	DATA 	Keypress: o
252.6331 	DATA 	Keypress: o
252.6340 	DATA 	Keypress: o
252.6501 	Level WAIT 	25
253.6506 	Level RINSE 	25
255.6326 	DATA 	Keypress: o
255.6504 	Level jitter 	25
257.6272 	Level finished 	25
257.6284 	DATA 	Keypress: o
257.6508 	Level image=waterlogo.jpg 	25
258.6299 	DATA 	Keypress: o
258.6509 	Level injecting via pump at address 0 	25
264.6338 	DATA 	Keypress: o
264.6354 	DATA 	Keypress: o
264.6370 	DATA 	Keypress: o
264.6519 	Level WAIT 	25
265.6517 	Level RINSE 	25
267.6324 	DATA 	Keypress: o
267.6519 	Level jitter 	25
270.6272 	Level finished 	25
270.6284 	DATA 	Keypress: o
270.6294 	DATA 	Keypress: o
270.6523 	Level image=tasty.jpg 	25
271.6524 	Level injecting via pump at address 1 	25
277.6326 	DATA 	Keypress: o
277.6340 	DATA 	Keypress: o
277.6352 	DATA 	Keypress: o
277.6534 	Level WAIT 	25
278.6295 	DATA 	Keypress: o
278.6532 	Level RINSE 	25
280.6325 	DATA 	Keypress: o
280.6534 	Level jitter 	25
282.6272 	Level finished 	25
282.6284 	DATA 	Keypress: o
282.6536 	Level image=waterlogo.jpg 	25
283.6372 	Level injecting via pump at address 0 	25
289.6326 	DATA 	Keypress: o
289.6339 	DATA 	Keypress: o
289.6351 	DATA 	Keypress: o
289.6549 	Level WAIT 	25
290.6296 	DATA 	Keypress: o
290.6547 	Level RINSE 	25
292.6326 	DATA 	Keypress: o
292.6381 	Level jitter 	25
293.6272 	Level finished 	25
293.6550 	Level image=tasty.jpg 	25
294.6299 	DATA 	Keypress: o
294.6551 	Level injecting via pump at address 1 	25
300.6323 	DATA 	Keypress: o
300.6333 	DATA 	Keypress: o
300.6342 	DATA 	Keypress: o
300.6562 	Level WAIT 	25
301.6392 	Level RINSE 	25
303.6317 	DATA 	Keypress: o
303.6562 	Level jitter 	25
305.6272 	Level finished 	25
305.6283 	DATA 	Keypress: o
305.6564 	Level image=waterlogo.jpg 	25
306.6295 	DATA 	Keypress: o
306.6565 	Level injecting via pump at address 0 	25
312.6321 	DATA 	Keypress: o
312.6331 	DATA 	Keypress: o
312.6341 	DATA 	Keypress: o
312.6576 	Level WAIT 	25
313.6573 	Level RINSE 	25
315.6325 	DATA 	Keypress: o
315.6575 	Level jitter 	25
321.6272 	Level finished 	25
321.6285 	DATA 	Keypress: o
321.6295 	DATA 	Keypress: o
321.6304 	DATA 	Keypress: o
321.6582 	Level image=waterlogo.jpg 	25
322.6298 	DATA 	Keypress: o
322.6587 	Level injecting via pump at address 0 	25
328.6325 	DATA 	Keypress: o
328.6335 	DATA 	Keypress: o
328.6345 	DATA 	Keypress: o
328.6590 	Level WAIT 	25
329.6592 	Level RINSE 	25
331.6320 	DATA 	Keypress: o
331.6594 	Level jitter 	25
334.6272 	Level finished 	25
334.6284 	DATA 	Keypress: o
334.6294 	DATA 	Keypress: o
334.6602 	Level image=tasty.jpg 	25
335.6599 	Level injecting via pump at address 1 	25
341.6318 	DATA 	Keypress: o
341.6328 	DATA 	Keypress: o
341.6337 	DATA 	Keypress: o
341.6605 	Level WAIT 	25
342.6298 	DATA 	Keypress: o
342.6441 	Level RINSE 	25
344.6325 	DATA 	Keypress: o
344.6613 	Level jitter 	25
352.6272 	Level finished 	25
352.6284 	DATA 	Keypress: o
352.6295 	DATA 	Keypress: o
352.6303 	DATA 	Keypress: o
352.6316 	DATA 	Keypress: o
352.6452 	Level image=waterlogo.jpg 	25
353.6454 	Level injecting via pump at address 0 	25
359.6317 	DATA 	Keypress: o
359.6327 	DATA 	Keypress: o
359.6337 	DATA 	Keypress: o
359.6464 	Level WAIT 	25
360.6298 	DATA 	Keypress: o
360.6628 	Level RINSE 	25
362.6322 	DATA 	Keypress: o
362.6463 	Level jitter 	25
367.6272 	Level finished 	25
367.6286 	DATA 	Keypress: o
367.6298 	DATA 	Keypress: o
367.6469 	Level image=tasty.jpg 	25
368.6298 	DATA 	Keypress: o
368.6471 	Level injecting via pump at address 1 	25
374.6321 	DATA 	Keypress: o
374.6332 	DATA 	Keypress: o
374.6343 	DATA 	Keypress: o
374.6481 	Level WAIT 	25
375.6479 	Level RINSE 	25
377.6320 	DATA 	Keypress: o
377.6481 	Level jitter 	25
381.6272 	Level finished 	25
381.6284 	DATA 	Keypress: o
381.6296 	DATA 	Keypress: o
381.6485 	Level image=waterlogo.jpg 	25
382.6296 	DATA 	Keypress: o
382.6487 	Level injecting via pump at address 0 	25
388.6321 	DATA 	Keypress: o
388.6331 	DATA 	Keypress: o
388.6340 	DATA 	Keypress: o
388.6664 	Level WAIT 	25
389.6495 	Level RINSE 	25
391.6326 	DATA 	Keypress: o
391.6497 	Level jitter 	25
396.6272 	Level finished 	25
396.6286 	DATA 	Keypress: o
396.6299 	DATA 	Keypress: o
396.6311 	DATA 	Keypress: o
396.6503 	Level image=tasty.jpg 	25
397.6505 	Level injecting via pump at address 1 	25
403.6325 	DATA 	Keypress: o
403.6335 	DATA 	Keypress: o
403.6345 	DATA 	Keypress: o
403.6515 	Level WAIT 	25
404.6299 	DATA 	Keypress: o
404.6346 	Level RINSE 	25
406.6323 	DATA 	Keypress: o
406.6514 	Level jitter 	25
415.6272 	Level finished 	25
415.6285 	DATA 	Keypress: o
415.6296 	DATA 	Keypress: o
415.6308 	DATA 	Keypress: o
415.6319 	DATA 	Keypress: o
415.6531 	Level image=waterlogo.jpg 	25
416.6297 	DATA 	Keypress: o
416.6528 	Level injecting via pump at address 0 	25
422.6317 	DATA 	Keypress: o
422.6328 	DATA 	Keypress: o
422.6337 	DATA 	Keypress: o
422.6533 	Level WAIT 	25
423.6369 	Level RINSE 	25
425.6325 	DATA 	Keypress: o
425.6541 	Level jitter 	25
434.6272 	Level finished 	25
434.6285 	DATA 	Keypress: o
434.6295 	DATA 	Keypress: o
434.6303 	DATA 	Keypress: o
434.6312 	DATA 	Keypress: o
434.6322 	DATA 	Keypress: o
434.6547 	Level image=tasty.jpg 	25
435.6553 	Level injecting via pump at address 1 	25
441.6325 	DATA 	Keypress: o
441.6339 	DATA 	Keypress: o
441.6353 	DATA 	Keypress: o
441.6556 	Level WAIT 	25
442.6298 	DATA 	Keypress: o
442.6390 	Level RINSE 	25
444.6323 	DATA 	Keypress: o
444.6560 	Level jitter 	25
448.6272 	Level finished 	25
448.6285 	DATA 	Keypress: o
448.6296 	DATA 	Keypress: o
448.6401 	Level image=tasty.jpg 	25
449.6398 	Level injecting via pump at address 1 	25
455.6322 	DATA 	Keypress: o
455.6336 	DATA 	Keypress: o
455.6348 	DATA 	Keypress: o
455.6572 	Level WAIT 	25
456.6302 	DATA 	Keypress: o
456.6573 	Level RINSE 	25
458.6317 	DATA 	Keypress: o
458.6413 	Level jitter 	25
461.6272 	Level finished 	25
461.6284 	DATA 	Keypress: o
461.6412 	Level image=waterlogo.jpg 	25
462.6298 	DATA 	Keypress: o
462.6414 	Level injecting via pump at address 0 	25
468.6322 	DATA 	Keypress: o
468.6331 	DATA 	Keypress: o
468.6341 	DATA 	Keypress: o
468.6591 	Level WAIT 	25
469.6589 	Level RINSE 	25
471.6321 	DATA 	Keypress: o
471.6423 	Level jitter 	25
472.6272 	Level finished 	25
472.6283 	DATA 	Keypress: o
472.6593 	Level image=tasty.jpg 	25
473.6427 	Level injecting via pump at address 1 	25
479.6322 	DATA 	Keypress: o
479.6334 	DATA 	Keypress: o
479.6344 	DATA 	Keypress: o
479.6437 	Level WAIT 	25
480.6297 	DATA 	Keypress: o
480.6435 	Level RINSE 	25
482.6320 	DATA 	Keypress: o
482.6437 	Level jitter 	25
489.6272 	Level finished 	25
489.6284 	DATA 	Keypress: o
489.6296 	DATA 	Keypress: o
489.6308 	DATA 	Keypress: o
489.6449 	Level image=waterlogo.jpg 	25
490.6296 	DATA 	Keypress: o
490.6447 	Level injecting via pump at address 0 	25
496.6319 	DATA 	Keypress: o
496.6331 	DATA 	Keypress: o
496.6343 	DATA 	Keypress: o
496.6453 	Level WAIT 	25
497.6456 	Level RINSE 	25
499.6329 	DATA 	Keypress: o
499.6460 	Level jitter 	25
500.6272 	Level finished 	25
500.6283 	DATA 	Keypress: o
500.6625 	Level image=tasty.jpg 	25
501.6459 	Level injecting via pump at address 1 	25
507.6316 	DATA 	Keypress: o
507.6327 	DATA 	Keypress: o
507.6338 	DATA 	Keypress: o
507.6466 	Level WAIT 	25
508.6299 	DATA 	Keypress: o
508.6468 	Level RINSE 	25
510.6325 	DATA 	Keypress: o
510.6640 	Level jitter 	25
516.6272 	Level finished 	25
