79.6658 	DATA 	Keypress: o
79.6667 	Level start key press 	25
81.6731 	DATA 	Keypress: o
83.6732 	DATA 	Keypress: o
85.6734 	DATA 	Keypress: o
87.6737 	DATA 	Keypress: o
88.0879 	Level image=waterlogo.jpg 	25
89.0213 	Level injecting via pump at address 0 	25
95.0105 	DATA 	Keypress: o
95.0119 	DATA 	Keypress: o
95.0131 	DATA 	Keypress: o
95.0221 	Level WAIT 	25
96.0075 	DATA 	Keypress: o
96.0218 	Level RINSE 	25
98.0192 	DATA 	Keypress: o
98.0386 	Level jitter 	25
105.0047 	Level finished 	25
105.0059 	DATA 	Keypress: o
105.0068 	DATA 	Keypress: o
105.0078 	DATA 	Keypress: o
105.0229 	Level image=waterlogo.jpg 	25
106.0076 	DATA 	Keypress: o
106.0226 	Level injecting via pump at address 0 	25
112.0101 	DATA 	Keypress: o
112.0114 	DATA 	Keypress: o
112.0126 	DATA 	Keypress: o
112.0396 	Level WAIT 	25
113.0230 	Level RINSE 	25
115.0100 	DATA 	Keypress: o
115.0235 	Level jitter 	25
120.0047 	Level finished 	25
120.0061 	DATA 	Keypress: o
120.0073 	DATA 	Keypress: o
120.0085 	DATA 	Keypress: o
120.0235 	Level image=tasty.jpg 	25
121.0236 	Level injecting via pump at address 1 	25
127.0099 	DATA 	Keypress: o
127.0109 	DATA 	Keypress: o
127.0119 	DATA 	Keypress: o
127.0243 	Level WAIT 	25
128.0071 	DATA 	Keypress: o
128.0240 	Level RINSE 	25
130.0100 	DATA 	Keypress: o
130.0241 	Level jitter 	25
133.0047 	Level finished 	25
133.0060 	DATA 	Keypress: o
133.0244 	Level image=tasty.jpg 	25
134.0078 	DATA 	Keypress: o
134.0245 	Level injecting via pump at address 0 	25
140.0106 	DATA 	Keypress: o
140.0119 	DATA 	Keypress: o
140.0133 	DATA 	Keypress: o
140.0252 	Level WAIT 	25
141.0249 	Level RINSE 	25
143.0095 	DATA 	Keypress: o
143.0250 	Level jitter 	25
149.0047 	Level finished 	25
149.0062 	DATA 	Keypress: o
149.0074 	DATA 	Keypress: o
149.0087 	DATA 	Keypress: o
149.0255 	Level image=tasty.jpg 	25
150.0077 	DATA 	Keypress: o
150.0261 	Level injecting via pump at address 0 	25
156.0101 	DATA 	Keypress: o
156.0114 	DATA 	Keypress: o
156.0125 	DATA 	Keypress: o
156.0259 	Level WAIT 	25
157.0093 	Level RINSE 	25
159.0108 	DATA 	Keypress: o
159.0261 	Level jitter 	25
168.0047 	Level finished 	25
168.0061 	DATA 	Keypress: o
168.0074 	DATA 	Keypress: o
168.0086 	DATA 	Keypress: o
168.0099 	DATA 	Keypress: o
168.0111 	DATA 	Keypress: o
168.0439 	Level image=tasty.jpg 	25
169.0269 	Level injecting via pump at address 1 	25
175.0099 	DATA 	Keypress: o
175.0111 	DATA 	Keypress: o
175.0122 	DATA 	Keypress: o
175.0272 	Level WAIT 	25
176.0075 	DATA 	Keypress: o
176.0107 	Level RINSE 	25
178.0094 	DATA 	Keypress: o
178.0279 	Level jitter 	25
184.0047 	Level finished 	25
184.0061 	DATA 	Keypress: o
184.0074 	DATA 	Keypress: o
184.0085 	DATA 	Keypress: o
184.0279 	Level image=tasty.jpg 	25
185.0280 	Level injecting via pump at address 0 	25
191.0100 	DATA 	Keypress: o
191.0115 	DATA 	Keypress: o
191.0130 	DATA 	Keypress: o
191.0454 	Level WAIT 	25
192.0071 	DATA 	Keypress: o
192.0284 	Level RINSE 	25
194.0100 	DATA 	Keypress: o
194.0286 	Level jitter 	25
197.0047 	Level finished 	25
197.0059 	DATA 	Keypress: o
197.0288 	Level image=tasty.jpg 	25
198.0073 	DATA 	Keypress: o
198.0121 	Level injecting via pump at address 1 	25
204.0104 	DATA 	Keypress: o
204.0117 	DATA 	Keypress: o
204.0129 	DATA 	Keypress: o
204.0296 	Level WAIT 	25
205.0293 	Level RINSE 	25
207.0095 	DATA 	Keypress: o
207.0127 	Level jitter 	25
212.0047 	Level finished 	25
212.0063 	DATA 	Keypress: o
212.0076 	DATA 	Keypress: o
212.0088 	DATA 	Keypress: o
212.0298 	Level image=tasty.jpg 	25
213.0299 	Level injecting via pump at address 0 	25
219.0106 	DATA 	Keypress: o
219.0118 	DATA 	Keypress: o
219.0131 	DATA 	Keypress: o
219.0307 	Level WAIT 	25
220.0076 	DATA 	Keypress: o
220.0137 	Level RINSE 	25
222.0093 	DATA 	Keypress: o
222.0305 	Level jitter 	25
223.0047 	Level finished 	25
223.0307 	Level image=waterlogo.jpg 	25
224.0073 	DATA 	Keypress: o
224.0308 	Level injecting via pump at address 0 	25
230.0103 	DATA 	Keypress: o
230.0116 	DATA 	Keypress: o
230.0129 	DATA 	Keypress: o
230.0314 	Level WAIT 	25
231.0311 	Level RINSE 	25
233.0100 	DATA 	Keypress: o
233.0312 	Level jitter 	25
238.0047 	Level finished 	25
238.0060 	DATA 	Keypress: o
238.0073 	DATA 	Keypress: o
238.0084 	DATA 	Keypress: o
238.0317 	Level image=waterlogo.jpg 	25
239.0150 	Level injecting via pump at address 0 	25
245.0093 	DATA 	Keypress: o
245.0103 	DATA 	Keypress: o
245.0113 	DATA 	Keypress: o
245.0324 	Level WAIT 	25
246.0079 	DATA 	Keypress: o
246.0321 	Level RINSE 	25
248.0104 	DATA 	Keypress: o
248.0156 	Level jitter 	25
251.0047 	Level finished 	25
251.0060 	DATA 	Keypress: o
251.0158 	Level image=tasty.jpg 	25
252.0074 	DATA 	Keypress: o
252.0327 	Level injecting via pump at address 0 	25
258.0102 	DATA 	Keypress: o
258.0114 	DATA 	Keypress: o
258.0126 	DATA 	Keypress: o
258.0334 	Level WAIT 	25
259.0330 	Level RINSE 	25
261.0099 	DATA 	Keypress: o
261.0331 	Level jitter 	25
267.0047 	Level finished 	25
267.0060 	DATA 	Keypress: o
267.0072 	DATA 	Keypress: o
267.0082 	DATA 	Keypress: o
267.0337 	Level image=waterlogo.jpg 	25
268.0071 	DATA 	Keypress: o
268.0341 	Level injecting via pump at address 0 	25
274.0098 	DATA 	Keypress: o
274.0110 	DATA 	Keypress: o
274.0122 	DATA 	Keypress: o
274.0340 	Level WAIT 	25
275.0341 	Level RINSE 	25
277.0099 	DATA 	Keypress: o
277.0342 	Level jitter 	25
279.0047 	Level finished 	25
279.0059 	DATA 	Keypress: o
279.0182 	Level image=waterlogo.jpg 	25
280.0075 	DATA 	Keypress: o
280.0178 	Level injecting via pump at address 0 	25
286.0106 	DATA 	Keypress: o
286.0119 	DATA 	Keypress: o
286.0133 	DATA 	Keypress: o
286.0348 	Level WAIT 	25
287.0349 	Level RINSE 	25
289.0102 	DATA 	Keypress: o
289.0189 	Level jitter 	25
297.0047 	Level finished 	25
297.0059 	DATA 	Keypress: o
297.0070 	DATA 	Keypress: o
297.0082 	DATA 	Keypress: o
297.0094 	DATA 	Keypress: o
297.0357 	Level image=tasty.jpg 	25
298.0082 	DATA 	Keypress: o
298.0191 	Level injecting via pump at address 0 	25
304.0099 	DATA 	Keypress: o
304.0112 	DATA 	Keypress: o
304.0124 	DATA 	Keypress: o
304.0199 	Level WAIT 	25
305.0197 	Level RINSE 	25
307.0102 	DATA 	Keypress: o
307.0197 	Level jitter 	25
312.0047 	Level finished 	25
312.0059 	DATA 	Keypress: o
312.0071 	DATA 	Keypress: o
312.0083 	DATA 	Keypress: o
312.0367 	Level image=waterlogo.jpg 	25
313.0201 	Level injecting via pump at address 0 	25
319.0101 	DATA 	Keypress: o
319.0115 	DATA 	Keypress: o
319.0128 	DATA 	Keypress: o
319.0376 	Level WAIT 	25
320.0075 	DATA 	Keypress: o
320.0207 	Level RINSE 	25
322.0103 	DATA 	Keypress: o
322.0374 	Level jitter 	25
327.0047 	Level finished 	25
327.0060 	DATA 	Keypress: o
327.0072 	DATA 	Keypress: o
327.0210 	Level image=tasty.jpg 	25
328.0075 	DATA 	Keypress: o
328.0378 	Level injecting via pump at address 0 	25
334.0103 	DATA 	Keypress: o
334.0117 	DATA 	Keypress: o
334.0130 	DATA 	Keypress: o
334.0386 	Level WAIT 	25
335.0217 	Level RINSE 	25
337.0098 	DATA 	Keypress: o
337.0384 	Level jitter 	25
344.0047 	Level finished 	25
344.0061 	DATA 	Keypress: o
344.0073 	DATA 	Keypress: o
344.0085 	DATA 	Keypress: o
344.0097 	DATA 	Keypress: o
344.0393 	Level image=tasty.jpg 	25
345.0223 	Level injecting via pump at address 1 	25
351.0100 	DATA 	Keypress: o
351.0113 	DATA 	Keypress: o
351.0124 	DATA 	Keypress: o
351.0227 	Level WAIT 	25
352.0075 	DATA 	Keypress: o
352.0228 	Level RINSE 	25
354.0097 	DATA 	Keypress: o
354.0233 	Level jitter 	25
358.0047 	Level finished 	25
358.0063 	DATA 	Keypress: o
358.0075 	DATA 	Keypress: o
358.0232 	Level image=tasty.jpg 	25
359.0233 	Level injecting via pump at address 0 	25
365.0112 	DATA 	Keypress: o
365.0125 	DATA 	Keypress: o
365.0137 	DATA 	Keypress: o
365.0408 	Level WAIT 	25
366.0079 	DATA 	Keypress: o
366.0404 	Level RINSE 	25
368.0111 	DATA 	Keypress: o
368.0238 	Level jitter 	25
371.0047 	Level finished 	25
371.0061 	DATA 	Keypress: o
371.0241 	Level image=tasty.jpg 	25
372.0073 	DATA 	Keypress: o
372.0242 	Level injecting via pump at address 1 	25
378.0104 	DATA 	Keypress: o
378.0118 	DATA 	Keypress: o
378.0130 	DATA 	Keypress: o
378.0416 	Level WAIT 	25
379.0247 	Level RINSE 	25
381.0102 	DATA 	Keypress: o
381.0415 	Level jitter 	25
386.0047 	Level finished 	25
386.0060 	DATA 	Keypress: o
386.0072 	DATA 	Keypress: o
386.0083 	DATA 	Keypress: o
386.0251 	Level image=tasty.jpg 	25
387.0252 	Level injecting via pump at address 0 	25
393.0103 	DATA 	Keypress: o
393.0116 	DATA 	Keypress: o
393.0128 	DATA 	Keypress: o
393.0261 	Level WAIT 	25
394.0071 	DATA 	Keypress: o
394.0257 	Level RINSE 	25
396.0106 	DATA 	Keypress: o
396.0258 	Level jitter 	25
397.0047 	Level finished 	25
397.0259 	Level image=tasty.jpg 	25
398.0073 	DATA 	Keypress: o
398.0260 	Level injecting via pump at address 1 	25
404.0102 	DATA 	Keypress: o
404.0115 	DATA 	Keypress: o
404.0128 	DATA 	Keypress: o
404.0268 	Level WAIT 	25
405.0265 	Level RINSE 	25
407.0099 	DATA 	Keypress: o
407.0266 	Level jitter 	25
416.0047 	Level finished 	25
416.0060 	DATA 	Keypress: o
416.0072 	DATA 	Keypress: o
416.0083 	DATA 	Keypress: o
416.0092 	DATA 	Keypress: o
416.0102 	DATA 	Keypress: o
416.0276 	Level image=tasty.jpg 	25
417.0273 	Level injecting via pump at address 1 	25
423.0104 	DATA 	Keypress: o
423.0118 	DATA 	Keypress: o
423.0131 	DATA 	Keypress: o
423.0277 	Level WAIT 	25
424.0074 	DATA 	Keypress: o
424.0277 	Level RINSE 	25
426.0106 	DATA 	Keypress: o
426.0282 	Level jitter 	25
435.0047 	Level finished 	25
435.0060 	DATA 	Keypress: o
435.0070 	DATA 	Keypress: o
435.0079 	DATA 	Keypress: o
435.0089 	DATA 	Keypress: o
435.0286 	Level image=tasty.jpg 	25
436.0076 	DATA 	Keypress: o
436.0292 	Level injecting via pump at address 0 	25
442.0103 	DATA 	Keypress: o
442.0116 	DATA 	Keypress: o
442.0129 	DATA 	Keypress: o
442.0289 	Level WAIT 	25
443.0291 	Level RINSE 	25
445.0100 	DATA 	Keypress: o
445.0291 	Level jitter 	25
447.0047 	Level finished 	25
