227.2160 	DATA 	Keypress: o
227.2167 	Level start key press 	25
229.2210 	DATA 	Keypress: o
231.2211 	DATA 	Keypress: o
233.2214 	DATA 	Keypress: o
235.2217 	DATA 	Keypress: o
235.6527 	Level image=tasty.jpg 	25
236.5695 	Level injecting via pump at address 1 	25
242.5572 	DATA 	Keypress: o
242.5581 	DATA 	Keypress: o
242.5592 	DATA 	Keypress: o
242.5706 	Level WAIT 	25
243.5550 	DATA 	Keypress: o
243.5704 	Level RINSE 	25
245.5661 	DATA 	Keypress: o
245.5706 	Level jitter 	25
254.5527 	Level finished 	25
254.5539 	DATA 	Keypress: o
254.5550 	DATA 	Keypress: o
254.5561 	DATA 	Keypress: o
254.5573 	DATA 	Keypress: o
254.5886 	Level image=waterlogo.jpg 	25
255.5554 	DATA 	Keypress: o
255.5717 	Level injecting via pump at address 0 	25
261.5581 	DATA 	Keypress: o
261.5594 	DATA 	Keypress: o
261.5606 	DATA 	Keypress: o
261.5724 	Level WAIT 	25
262.5725 	Level RINSE 	25
264.5576 	DATA 	Keypress: o
264.5731 	Level jitter 	25
268.5527 	Level finished 	25
268.5540 	DATA 	Keypress: o
268.5552 	DATA 	Keypress: o
268.5732 	Level image=tasty.jpg 	25
269.5550 	DATA 	Keypress: o
269.5734 	Level injecting via pump at address 1 	25
275.5577 	DATA 	Keypress: o
275.5590 	DATA 	Keypress: o
275.5600 	DATA 	Keypress: o
275.5744 	Level WAIT 	25
276.5575 	Level RINSE 	25
278.5574 	DATA 	Keypress: o
278.5743 	Level jitter 	25
282.5527 	Level finished 	25
282.5539 	DATA 	Keypress: o
282.5550 	DATA 	Keypress: o
282.5915 	Level image=waterlogo.jpg 	25
283.5549 	DATA 	Keypress: o
283.5750 	Level injecting via pump at address 0 	25
289.5581 	DATA 	Keypress: o
289.5593 	DATA 	Keypress: o
289.5605 	DATA 	Keypress: o
289.5761 	Level WAIT 	25
290.5758 	Level RINSE 	25
292.5571 	DATA 	Keypress: o
292.5760 	Level jitter 	25
296.5527 	Level finished 	25
296.5540 	DATA 	Keypress: o
296.5550 	DATA 	Keypress: o
296.5765 	Level image=waterlogo.jpg 	25
297.5554 	DATA 	Keypress: o
297.5767 	Level injecting via pump at address 0 	25
303.5577 	DATA 	Keypress: o
303.5586 	DATA 	Keypress: o
303.5595 	DATA 	Keypress: o
303.5777 	Level WAIT 	25
304.5608 	Level RINSE 	25
306.5569 	DATA 	Keypress: o
306.5776 	Level jitter 	25
310.5527 	Level finished 	25
310.5538 	DATA 	Keypress: o
310.5548 	DATA 	Keypress: o
310.5781 	Level image=tasty.jpg 	25
311.5551 	DATA 	Keypress: o
311.5617 	Level injecting via pump at address 1 	25
317.5576 	DATA 	Keypress: o
317.5586 	DATA 	Keypress: o
317.5596 	DATA 	Keypress: o
317.5795 	Level WAIT 	25
318.5791 	Level RINSE 	25
320.5578 	DATA 	Keypress: o
320.5626 	Level jitter 	25
326.5527 	Level finished 	25
326.5541 	DATA 	Keypress: o
326.5553 	DATA 	Keypress: o
326.5565 	DATA 	Keypress: o
326.5800 	Level image=waterlogo.jpg 	25
327.5555 	DATA 	Keypress: o
327.5639 	Level injecting via pump at address 0 	25
333.5573 	DATA 	Keypress: o
333.5582 	DATA 	Keypress: o
333.5592 	DATA 	Keypress: o
333.5808 	Level WAIT 	25
334.5810 	Level RINSE 	25
336.5579 	DATA 	Keypress: o
336.5645 	Level jitter 	25
339.5527 	Level finished 	25
339.5538 	DATA 	Keypress: o
339.5548 	DATA 	Keypress: o
339.5653 	Level image=tasty.jpg 	25
340.5651 	Level injecting via pump at address 1 	25
346.5576 	DATA 	Keypress: o
346.5586 	DATA 	Keypress: o
346.5597 	DATA 	Keypress: o
346.5824 	Level WAIT 	25
347.5550 	DATA 	Keypress: o
347.5825 	Level RINSE 	25
349.5573 	DATA 	Keypress: o
349.5664 	Level jitter 	25
352.5527 	Level finished 	25
352.5538 	DATA 	Keypress: o
352.5664 	Level image=waterlogo.jpg 	25
353.5549 	DATA 	Keypress: o
353.5832 	Level injecting via pump at address 0 	25
359.5581 	DATA 	Keypress: o
359.5591 	DATA 	Keypress: o
359.5600 	DATA 	Keypress: o
359.5842 	Level WAIT 	25
360.5841 	Level RINSE 	25
362.5578 	DATA 	Keypress: o
362.5842 	Level jitter 	25
366.5527 	Level finished 	25
366.5538 	DATA 	Keypress: o
366.5548 	DATA 	Keypress: o
366.5847 	Level image=waterlogo.jpg 	25
367.5553 	DATA 	Keypress: o
367.5682 	Level injecting via pump at address 0 	25
373.5574 	DATA 	Keypress: o
373.5585 	DATA 	Keypress: o
373.5596 	DATA 	Keypress: o
373.5692 	Level WAIT 	25
374.5689 	Level RINSE 	25
376.5571 	DATA 	Keypress: o
376.5691 	Level jitter 	25
381.5527 	Level finished 	25
381.5538 	DATA 	Keypress: o
381.5549 	DATA 	Keypress: o
381.5560 	DATA 	Keypress: o
381.5865 	Level image=tasty.jpg 	25
382.5699 	Level injecting via pump at address 1 	25
388.5581 	DATA 	Keypress: o
388.5594 	DATA 	Keypress: o
388.5605 	DATA 	Keypress: o
388.5875 	Level WAIT 	25
389.5554 	DATA 	Keypress: o
389.5707 	Level RINSE 	25
391.5574 	DATA 	Keypress: o
391.5876 	Level jitter 	25
394.5527 	Level finished 	25
394.5540 	DATA 	Keypress: o
394.5880 	Level image=waterlogo.jpg 	25
395.5552 	DATA 	Keypress: o
395.5715 	Level injecting via pump at address 0 	25
401.5577 	DATA 	Keypress: o
401.5588 	DATA 	Keypress: o
401.5600 	DATA 	Keypress: o
401.5725 	Level WAIT 	25
402.5722 	Level RINSE 	25
404.5569 	DATA 	Keypress: o
404.5724 	Level jitter 	25
412.5527 	Level finished 	25
412.5541 	DATA 	Keypress: o
412.5553 	DATA 	Keypress: o
412.5566 	DATA 	Keypress: o
412.5578 	DATA 	Keypress: o
412.5905 	Level image=tasty.jpg 	25
413.5554 	DATA 	Keypress: o
413.5736 	Level injecting via pump at address 1 	25
419.5582 	DATA 	Keypress: o
419.5594 	DATA 	Keypress: o
419.5606 	DATA 	Keypress: o
419.5909 	Level WAIT 	25
420.5743 	Level RINSE 	25
422.5570 	DATA 	Keypress: o
422.5749 	Level jitter 	25
424.5527 	Level finished 	25
424.5538 	DATA 	Keypress: o
424.5748 	Level image=tasty.jpg 	25
425.5552 	DATA 	Keypress: o
425.5750 	Level injecting via pump at address 1 	25
431.5574 	DATA 	Keypress: o
431.5586 	DATA 	Keypress: o
431.5600 	DATA 	Keypress: o
431.5756 	Level WAIT 	25
432.5594 	Level RINSE 	25
434.5571 	DATA 	Keypress: o
434.5759 	Level jitter 	25
436.5527 	Level finished 	25
436.5538 	DATA 	Keypress: o
436.5762 	Level image=waterlogo.jpg 	25
437.5552 	DATA 	Keypress: o
437.5763 	Level injecting via pump at address 0 	25
443.5575 	DATA 	Keypress: o
443.5587 	DATA 	Keypress: o
443.5598 	DATA 	Keypress: o
443.5776 	Level WAIT 	25
444.5771 	Level RINSE 	25
446.5569 	DATA 	Keypress: o
446.5773 	Level jitter 	25
449.5527 	Level finished 	25
449.5540 	DATA 	Keypress: o
449.5553 	DATA 	Keypress: o
449.5777 	Level image=tasty.jpg 	25
450.5779 	Level injecting via pump at address 1 	25
456.5579 	DATA 	Keypress: o
456.5592 	DATA 	Keypress: o
456.5603 	DATA 	Keypress: o
456.5790 	Level WAIT 	25
457.5550 	DATA 	Keypress: o
457.5620 	Level RINSE 	25
459.5582 	DATA 	Keypress: o
459.5789 	Level jitter 	25
461.5527 	Level finished 	25
461.5539 	DATA 	Keypress: o
461.5791 	Level image=waterlogo.jpg 	25
462.5793 	Level injecting via pump at address 0 	25
468.5577 	DATA 	Keypress: o
468.5587 	DATA 	Keypress: o
468.5598 	DATA 	Keypress: o
468.5804 	Level WAIT 	25
469.5553 	DATA 	Keypress: o
469.5801 	Level RINSE 	25
471.5570 	DATA 	Keypress: o
471.5804 	Level jitter 	25
472.5526 	Level finished 	25
472.5805 	Level image=tasty.jpg 	25
473.5552 	DATA 	Keypress: o
473.5638 	Level injecting via pump at address 1 	25
479.5581 	DATA 	Keypress: o
479.5592 	DATA 	Keypress: o
479.5601 	DATA 	Keypress: o
479.5650 	Level WAIT 	25
480.5648 	Level RINSE 	25
482.5573 	DATA 	Keypress: o
482.5649 	Level jitter 	25
484.5527 	Level finished 	25
484.5537 	DATA 	Keypress: o
484.5819 	Level image=waterlogo.jpg 	25
485.5554 	DATA 	Keypress: o
485.5653 	Level injecting via pump at address 0 	25
491.5580 	DATA 	Keypress: o
491.5592 	DATA 	Keypress: o
491.5603 	DATA 	Keypress: o
491.5831 	Level WAIT 	25
492.5661 	Level RINSE 	25
494.5569 	DATA 	Keypress: o
494.5829 	Level jitter 	25
500.5527 	Level finished 	25
500.5542 	DATA 	Keypress: o
500.5553 	DATA 	Keypress: o
500.5565 	DATA 	Keypress: o
500.5838 	Level image=waterlogo.jpg 	25
501.5553 	DATA 	Keypress: o
501.5676 	Level injecting via pump at address 0 	25
507.5577 	DATA 	Keypress: o
507.5587 	DATA 	Keypress: o
507.5596 	DATA 	Keypress: o
507.5678 	Level WAIT 	25
508.5680 	Level RINSE 	25
510.5576 	DATA 	Keypress: o
510.5683 	Level jitter 	25
513.5527 	Level finished 	25
513.5540 	DATA 	Keypress: o
513.5552 	DATA 	Keypress: o
513.5857 	Level image=tasty.jpg 	25
514.5687 	Level injecting via pump at address 1 	25
520.5579 	DATA 	Keypress: o
520.5591 	DATA 	Keypress: o
520.5603 	DATA 	Keypress: o
520.5693 	Level WAIT 	25
521.5552 	DATA 	Keypress: o
521.5694 	Level RINSE 	25
523.5587 	DATA 	Keypress: o
523.5701 	Level jitter 	25
531.5527 	Level finished 	25
531.5539 	DATA 	Keypress: o
531.5550 	DATA 	Keypress: o
531.5562 	DATA 	Keypress: o
531.5574 	DATA 	Keypress: o
531.5873 	Level image=waterlogo.jpg 	25
532.5708 	Level injecting via pump at address 0 	25
538.5578 	DATA 	Keypress: o
538.5590 	DATA 	Keypress: o
538.5602 	DATA 	Keypress: o
538.5884 	Level WAIT 	25
539.5552 	DATA 	Keypress: o
539.5717 	Level RINSE 	25
541.5581 	DATA 	Keypress: o
541.5885 	Level jitter 	25
546.5527 	Level finished 	25
546.5540 	DATA 	Keypress: o
546.5551 	DATA 	Keypress: o
546.5724 	Level image=tasty.jpg 	25
547.5554 	DATA 	Keypress: o
547.5726 	Level injecting via pump at address 1 	25
553.5579 	DATA 	Keypress: o
553.5595 	DATA 	Keypress: o
553.5606 	DATA 	Keypress: o
553.5903 	Level WAIT 	25
554.5734 	Level RINSE 	25
556.5577 	DATA 	Keypress: o
556.5735 	Level jitter 	25
560.5527 	Level finished 	25
560.5539 	DATA 	Keypress: o
560.5549 	DATA 	Keypress: o
560.5740 	Level image=waterlogo.jpg 	25
561.5551 	DATA 	Keypress: o
561.5742 	Level injecting via pump at address 0 	25
567.5580 	DATA 	Keypress: o
567.5590 	DATA 	Keypress: o
567.5599 	DATA 	Keypress: o
567.5753 	Level WAIT 	25
568.5751 	Level RINSE 	25
570.5583 	DATA 	Keypress: o
570.5752 	Level jitter 	25
575.5527 	Level finished 	25
575.5539 	DATA 	Keypress: o
575.5548 	DATA 	Keypress: o
575.5558 	DATA 	Keypress: o
575.5758 	Level image=tasty.jpg 	25
576.5593 	Level injecting via pump at address 1 	25
582.5578 	DATA 	Keypress: o
582.5590 	DATA 	Keypress: o
582.5602 	DATA 	Keypress: o
582.5770 	Level WAIT 	25
583.5555 	DATA 	Keypress: o
583.5768 	Level RINSE 	25
585.5573 	DATA 	Keypress: o
585.5602 	Level jitter 	25
594.5527 	Level finished 	25
594.5539 	DATA 	Keypress: o
594.5549 	DATA 	Keypress: o
594.5560 	DATA 	Keypress: o
594.5572 	DATA 	Keypress: o
594.5950 	Level image=waterlogo.jpg 	25
595.5553 	DATA 	Keypress: o
595.5614 	Level injecting via pump at address 0 	25
601.5570 	DATA 	Keypress: o
601.5582 	DATA 	Keypress: o
601.5593 	DATA 	Keypress: o
601.5787 	Level WAIT 	25
602.5789 	Level RINSE 	25
604.5579 	DATA 	Keypress: o
604.5629 	Level jitter 	25
613.5527 	Level finished 	25
613.5539 	DATA 	Keypress: o
613.5549 	DATA 	Keypress: o
613.5561 	DATA 	Keypress: o
613.5571 	DATA 	Keypress: o
613.5580 	DATA 	Keypress: o
613.5803 	Level image=tasty.jpg 	25
614.5641 	Level injecting via pump at address 1 	25
620.5578 	DATA 	Keypress: o
620.5589 	DATA 	Keypress: o
620.5598 	DATA 	Keypress: o
620.5810 	Level WAIT 	25
621.5550 	DATA 	Keypress: o
621.5811 	Level RINSE 	25
623.5578 	DATA 	Keypress: o
623.5647 	Level jitter 	25
627.5527 	Level finished 	25
627.5539 	DATA 	Keypress: o
627.5548 	DATA 	Keypress: o
627.5823 	Level image=tasty.jpg 	25
628.5820 	Level injecting via pump at address 1 	25
634.5577 	DATA 	Keypress: o
634.5587 	DATA 	Keypress: o
634.5596 	DATA 	Keypress: o
634.5827 	Level WAIT 	25
635.5550 	DATA 	Keypress: o
635.5662 	Level RINSE 	25
637.5577 	DATA 	Keypress: o
637.5834 	Level jitter 	25
640.5527 	Level finished 	25
640.5538 	DATA 	Keypress: o
640.5834 	Level image=waterlogo.jpg 	25
641.5550 	DATA 	Keypress: o
641.5667 	Level injecting via pump at address 0 	25
647.5580 	DATA 	Keypress: o
647.5593 	DATA 	Keypress: o
647.5605 	DATA 	Keypress: o
647.5845 	Level WAIT 	25
648.5677 	Level RINSE 	25
650.5578 	DATA 	Keypress: o
650.5845 	Level jitter 	25
651.5527 	Level finished 	25
651.5539 	DATA 	Keypress: o
651.5681 	Level image=tasty.jpg 	25
652.5681 	Level injecting via pump at address 1 	25
658.5570 	DATA 	Keypress: o
658.5579 	DATA 	Keypress: o
658.5589 	DATA 	Keypress: o
658.5692 	Level WAIT 	25
659.5554 	DATA 	Keypress: o
659.5856 	Level RINSE 	25
661.5577 	DATA 	Keypress: o
661.5691 	Level jitter 	25
668.5527 	Level finished 	25
668.5539 	DATA 	Keypress: o
668.5549 	DATA 	Keypress: o
668.5559 	DATA 	Keypress: o
668.5872 	Level image=waterlogo.jpg 	25
669.5551 	DATA 	Keypress: o
669.5869 	Level injecting via pump at address 0 	25
675.5577 	DATA 	Keypress: o
675.5590 	DATA 	Keypress: o
675.5603 	DATA 	Keypress: o
675.5874 	Level WAIT 	25
676.5709 	Level RINSE 	25
678.5586 	DATA 	Keypress: o
678.5882 	Level jitter 	25
679.5526 	Level finished 	25
679.5537 	DATA 	Keypress: o
679.5714 	Level image=tasty.jpg 	25
680.5715 	Level injecting via pump at address 1 	25
686.5580 	DATA 	Keypress: o
686.5592 	DATA 	Keypress: o
686.5602 	DATA 	Keypress: o
686.5720 	Level WAIT 	25
687.5551 	DATA 	Keypress: o
687.5722 	Level RINSE 	25
689.5582 	DATA 	Keypress: o
689.5728 	Level jitter 	25
695.5527 	Level finished 	25
