46.9316 	DATA 	Keypress: o
46.9323 	Level start key press 	25
48.9355 	DATA 	Keypress: o
50.9305 	DATA 	Keypress: o
52.9459 	DATA 	Keypress: o
54.9813 	DATA 	Keypress: o
54.9846 	Level image=waterlogo.jpg 	25
55.9277 	Level injecting via pump at address 0 	25
61.9169 	DATA 	Keypress: o
61.9181 	DATA 	Keypress: o
61.9194 	DATA 	Keypress: o
61.9280 	Level WAIT 	25
62.9267 	Level RINSE 	25
64.9250 	DATA 	Keypress: o
64.9285 	Level jitter 	25
73.9114 	Level finished 	25
73.9128 	DATA 	Keypress: o
73.9140 	DATA 	Keypress: o
73.9150 	DATA 	Keypress: o
73.9160 	DATA 	Keypress: o
73.9170 	DATA 	Keypress: o
73.9295 	Level image=waterlogo.jpg 	25
74.9283 	Level injecting via pump at address 0 	25
80.9172 	DATA 	Keypress: o
80.9186 	DATA 	Keypress: o
80.9198 	DATA 	Keypress: o
80.9286 	Level WAIT 	25
81.9144 	DATA 	Keypress: o
81.9267 	Level RINSE 	25
83.9186 	DATA 	Keypress: o
83.9300 	Level jitter 	25
88.9114 	Level finished 	25
88.9130 	DATA 	Keypress: o
88.9142 	DATA 	Keypress: o
88.9226 	Level image=tasty.jpg 	25
89.9142 	DATA 	Keypress: o
89.9175 	Level injecting via pump at address 0 	25
95.9173 	DATA 	Keypress: o
95.9185 	DATA 	Keypress: o
95.9196 	DATA 	Keypress: o
95.9298 	Level WAIT 	25
96.9302 	Level RINSE 	25
98.9166 	DATA 	Keypress: o
98.9199 	Level jitter 	25
99.9114 	Level finished 	25
99.9130 	DATA 	Keypress: o
99.9308 	Level image=tasty.jpg 	25
100.9257 	Level injecting via pump at address 1 	25
106.9168 	DATA 	Keypress: o
106.9181 	DATA 	Keypress: o
106.9194 	DATA 	Keypress: o
106.9279 	Level WAIT 	25
107.9138 	DATA 	Keypress: o
107.9226 	Level RINSE 	25
109.9168 	DATA 	Keypress: o
109.9286 	Level jitter 	25
114.9114 	Level finished 	25
114.9128 	DATA 	Keypress: o
114.9141 	DATA 	Keypress: o
114.9314 	Level image=tasty.jpg 	25
115.9141 	DATA 	Keypress: o
115.9307 	Level injecting via pump at address 0 	25
121.9168 	DATA 	Keypress: o
121.9181 	DATA 	Keypress: o
121.9193 	DATA 	Keypress: o
121.9321 	Level WAIT 	25
122.9160 	Level RINSE 	25
124.9164 	DATA 	Keypress: o
124.9325 	Level jitter 	25
128.9114 	Level finished 	25
128.9129 	DATA 	Keypress: o
128.9142 	DATA 	Keypress: o
128.9292 	Level image=waterlogo.jpg 	25
129.9144 	DATA 	Keypress: o
129.9238 	Level injecting via pump at address 0 	25
135.9159 	DATA 	Keypress: o
135.9170 	DATA 	Keypress: o
135.9180 	DATA 	Keypress: o
135.9250 	Level WAIT 	25
136.9159 	Level RINSE 	25
138.9177 	DATA 	Keypress: o
138.9256 	Level jitter 	25
140.9114 	Level finished 	25
140.9127 	DATA 	Keypress: o
140.9316 	Level image=tasty.jpg 	25
141.9147 	DATA 	Keypress: o
141.9267 	Level injecting via pump at address 0 	25
147.9172 	DATA 	Keypress: o
147.9185 	DATA 	Keypress: o
147.9197 	DATA 	Keypress: o
147.9290 	Level WAIT 	25
148.9177 	Level RINSE 	25
150.9164 	DATA 	Keypress: o
150.9294 	Level jitter 	25
158.9114 	Level finished 	25
158.9127 	DATA 	Keypress: o
158.9137 	DATA 	Keypress: o
158.9150 	DATA 	Keypress: o
158.9162 	DATA 	Keypress: o
158.9350 	Level image=waterlogo.jpg 	25
159.9142 	DATA 	Keypress: o
159.9174 	Level injecting via pump at address 0 	25
165.9170 	DATA 	Keypress: o
165.9185 	DATA 	Keypress: o
165.9197 	DATA 	Keypress: o
165.9337 	Level WAIT 	25
166.9183 	Level RINSE 	25
168.9165 	DATA 	Keypress: o
168.9350 	Level jitter 	25
173.9114 	Level finished 	25
173.9128 	DATA 	Keypress: o
173.9140 	DATA 	Keypress: o
173.9151 	DATA 	Keypress: o
173.9247 	Level image=tasty.jpg 	25
174.9189 	Level injecting via pump at address 1 	25
180.9173 	DATA 	Keypress: o
180.9186 	DATA 	Keypress: o
180.9197 	DATA 	Keypress: o
180.9370 	Level WAIT 	25
181.9139 	DATA 	Keypress: o
181.9194 	Level RINSE 	25
183.9171 	DATA 	Keypress: o
183.9217 	Level jitter 	25
185.9114 	Level finished 	25
185.9126 	DATA 	Keypress: o
185.9202 	Level image=tasty.jpg 	25
186.9197 	Level injecting via pump at address 0 	25
192.9172 	DATA 	Keypress: o
192.9185 	DATA 	Keypress: o
192.9196 	DATA 	Keypress: o
192.9241 	Level WAIT 	25
193.9143 	DATA 	Keypress: o
193.9197 	Level RINSE 	25
195.9165 	DATA 	Keypress: o
195.9206 	Level jitter 	25
198.9114 	Level finished 	25
198.9131 	DATA 	Keypress: o
198.9264 	Level image=waterlogo.jpg 	25
199.9146 	DATA 	Keypress: o
199.9207 	Level injecting via pump at address 0 	25
205.9172 	DATA 	Keypress: o
205.9186 	DATA 	Keypress: o
205.9199 	DATA 	Keypress: o
205.9377 	Level WAIT 	25
206.9176 	Level RINSE 	25
208.9162 	DATA 	Keypress: o
208.9216 	Level jitter 	25
216.9114 	Level finished 	25
216.9127 	DATA 	Keypress: o
216.9139 	DATA 	Keypress: o
216.9148 	DATA 	Keypress: o
216.9158 	DATA 	Keypress: o
216.9321 	Level image=tasty.jpg 	25
217.9137 	DATA 	Keypress: o
217.9220 	Level injecting via pump at address 0 	25
223.9170 	DATA 	Keypress: o
223.9182 	DATA 	Keypress: o
223.9194 	DATA 	Keypress: o
223.9227 	Level WAIT 	25
224.9226 	Level RINSE 	25
226.9159 	DATA 	Keypress: o
226.9229 	Level jitter 	25
228.9114 	Level finished 	25
228.9125 	DATA 	Keypress: o
228.9224 	Level image=tasty.jpg 	25
229.9141 	DATA 	Keypress: o
229.9227 	Level injecting via pump at address 1 	25
235.9162 	DATA 	Keypress: o
235.9173 	DATA 	Keypress: o
235.9183 	DATA 	Keypress: o
235.9236 	Level WAIT 	25
236.9231 	Level RINSE 	25
238.9161 	DATA 	Keypress: o
238.9228 	Level jitter 	25
247.9114 	Level finished 	25
247.9130 	DATA 	Keypress: o
247.9144 	DATA 	Keypress: o
247.9156 	DATA 	Keypress: o
247.9165 	DATA 	Keypress: o
247.9175 	DATA 	Keypress: o
247.9350 	Level image=waterlogo.jpg 	25
248.9242 	Level injecting via pump at address 0 	25
254.9175 	DATA 	Keypress: o
254.9188 	DATA 	Keypress: o
254.9202 	DATA 	Keypress: o
254.9216 	DATA 	Keypress: o
254.9251 	Level WAIT 	25
255.9246 	Level RINSE 	25
257.9167 	DATA 	Keypress: o
257.9250 	Level jitter 	25
265.9114 	Level finished 	25
265.9128 	DATA 	Keypress: o
265.9140 	DATA 	Keypress: o
265.9152 	DATA 	Keypress: o
265.9162 	DATA 	Keypress: o
265.9235 	Level image=tasty.jpg 	25
266.9178 	Level injecting via pump at address 0 	25
272.9169 	DATA 	Keypress: o
272.9182 	DATA 	Keypress: o
272.9195 	DATA 	Keypress: o
272.9211 	DATA 	Keypress: o
272.9260 	Level WAIT 	25
273.9255 	Level RINSE 	25
275.9164 	DATA 	Keypress: o
275.9206 	Level jitter 	25
277.9114 	Level finished 	25
277.9127 	DATA 	Keypress: o
277.9266 	Level image=waterlogo.jpg 	25
278.9208 	Level injecting via pump at address 0 	25
284.9163 	DATA 	Keypress: o
284.9177 	DATA 	Keypress: o
284.9190 	DATA 	Keypress: o
284.9201 	DATA 	Keypress: o
284.9270 	Level WAIT 	25
285.9171 	Level RINSE 	25
287.9174 	DATA 	Keypress: o
287.9238 	Level jitter 	25
294.9114 	Level finished 	25
294.9132 	DATA 	Keypress: o
294.9147 	DATA 	Keypress: o
294.9159 	DATA 	Keypress: o
294.9227 	DATA 	Keypress: o
294.9279 	Level image=tasty.jpg 	25
295.9277 	Level injecting via pump at address 1 	25
301.9175 	DATA 	Keypress: o
301.9189 	DATA 	Keypress: o
301.9201 	DATA 	Keypress: o
301.9276 	Level WAIT 	25
302.9276 	Level RINSE 	25
304.9163 	DATA 	Keypress: o
304.9287 	Level jitter 	25
309.9114 	Level finished 	25
309.9130 	DATA 	Keypress: o
309.9142 	DATA 	Keypress: o
309.9160 	DATA 	Keypress: o
309.9239 	Level image=tasty.jpg 	25
310.9186 	Level injecting via pump at address 0 	25
316.9168 	DATA 	Keypress: o
316.9183 	DATA 	Keypress: o
316.9199 	DATA 	Keypress: o
316.9211 	DATA 	Keypress: o
316.9291 	Level WAIT 	25
317.9160 	Level RINSE 	25
319.9169 	DATA 	Keypress: o
319.9214 	Level jitter 	25
321.9114 	Level finished 	25
321.9127 	DATA 	Keypress: o
321.9277 	Level image=tasty.jpg 	25
322.9225 	Level injecting via pump at address 1 	25
328.9171 	DATA 	Keypress: o
328.9184 	DATA 	Keypress: o
328.9196 	DATA 	Keypress: o
328.9209 	DATA 	Keypress: o
328.9247 	Level WAIT 	25
329.9186 	Level RINSE 	25
331.9168 	DATA 	Keypress: o
331.9246 	Level jitter 	25
334.9114 	Level finished 	25
334.9127 	DATA 	Keypress: o
334.9180 	DATA 	Keypress: o
334.9256 	Level image=tasty.jpg 	25
335.9205 	Level injecting via pump at address 0 	25
341.9164 	DATA 	Keypress: o
341.9177 	DATA 	Keypress: o
341.9188 	DATA 	Keypress: o
341.9226 	Level WAIT 	25
342.9166 	Level RINSE 	25
344.9186 	DATA 	Keypress: o
344.9205 	DATA 	Keypress: o
344.9312 	Level jitter 	25
346.9114 	Level finished 	25
346.9297 	Level image=tasty.jpg 	25
347.9142 	DATA 	Keypress: o
347.9237 	Level injecting via pump at address 1 	25
353.9170 	DATA 	Keypress: o
353.9184 	DATA 	Keypress: o
353.9196 	DATA 	Keypress: o
353.9258 	Level WAIT 	25
354.9205 	Level RINSE 	25
356.9173 	DATA 	Keypress: o
356.9187 	DATA 	Keypress: o
356.9265 	Level jitter 	25
360.9114 	Level finished 	25
360.9126 	DATA 	Keypress: o
360.9185 	DATA 	Keypress: o
360.9216 	Level image=tasty.jpg 	25
361.9156 	Level injecting via pump at address 0 	25
367.9160 	DATA 	Keypress: o
367.9173 	DATA 	Keypress: o
367.9186 	DATA 	Keypress: o
367.9331 	Level WAIT 	25
368.9156 	Level RINSE 	25
370.9177 	DATA 	Keypress: o
370.9190 	DATA 	Keypress: o
370.9326 	Level jitter 	25
372.9114 	Level finished 	25
372.9177 	DATA 	Keypress: o
372.9255 	Level image=tasty.jpg 	25
373.9162 	Level injecting via pump at address 1 	25
379.9177 	DATA 	Keypress: o
379.9190 	DATA 	Keypress: o
379.9202 	DATA 	Keypress: o
379.9328 	Level WAIT 	25
380.9168 	Level RINSE 	25
382.9167 	DATA 	Keypress: o
382.9178 	DATA 	Keypress: o
382.9233 	Level jitter 	25
390.9114 	Level finished 	25
390.9129 	DATA 	Keypress: o
390.9141 	DATA 	Keypress: o
390.9152 	DATA 	Keypress: o
390.9164 	DATA 	Keypress: o
390.9313 	Level image=tasty.jpg 	25
391.9175 	Level injecting via pump at address 0 	25
397.9175 	DATA 	Keypress: o
397.9190 	DATA 	Keypress: o
397.9202 	DATA 	Keypress: o
397.9266 	Level WAIT 	25
398.9184 	Level RINSE 	25
400.9176 	DATA 	Keypress: o
400.9188 	DATA 	Keypress: o
400.9280 	Level jitter 	25
407.9114 	Level finished 	25
