51.0784 	DATA 	Keypress: o
51.0794 	Level start key press 	25
53.0921 	DATA 	Keypress: o
55.0922 	DATA 	Keypress: o
57.0924 	DATA 	Keypress: o
59.0926 	DATA 	Keypress: o
59.6402 	Level image=waterlogo.jpg 	25
60.5742 	Level injecting via pump at address 0 	25
66.5626 	DATA 	Keypress: o
66.5640 	DATA 	Keypress: o
66.5652 	DATA 	Keypress: o
66.5907 	Level WAIT 	25
67.5596 	DATA 	Keypress: o
67.5740 	Level RINSE 	25
69.5702 	DATA 	Keypress: o
69.5909 	Level jitter 	25
78.5568 	Level finished 	25
78.5582 	DATA 	Keypress: o
78.5593 	DATA 	Keypress: o
78.5602 	DATA 	Keypress: o
78.5611 	DATA 	Keypress: o
78.5921 	Level image=waterlogo.jpg 	25
79.5597 	DATA 	Keypress: o
79.5917 	Level injecting via pump at address 0 	25
85.5622 	DATA 	Keypress: o
85.5635 	DATA 	Keypress: o
85.5648 	DATA 	Keypress: o
85.5920 	Level WAIT 	25
86.5754 	Level RINSE 	25
88.5622 	DATA 	Keypress: o
88.5926 	Level jitter 	25
93.5568 	Level finished 	25
93.5582 	DATA 	Keypress: o
93.5592 	DATA 	Keypress: o
93.5602 	DATA 	Keypress: o
93.5759 	Level image=tasty.jpg 	25
94.5760 	Level injecting via pump at address 0 	25
100.5623 	DATA 	Keypress: o
100.5637 	DATA 	Keypress: o
100.5649 	DATA 	Keypress: o
100.5769 	Level WAIT 	25
101.5593 	DATA 	Keypress: o
101.5764 	Level RINSE 	25
103.5618 	DATA 	Keypress: o
103.5766 	Level jitter 	25
104.5568 	Level finished 	25
104.5933 	Level image=tasty.jpg 	25
105.5597 	DATA 	Keypress: o
105.5768 	Level injecting via pump at address 1 	25
111.5632 	DATA 	Keypress: o
111.5646 	DATA 	Keypress: o
111.5658 	DATA 	Keypress: o
111.5775 	Level WAIT 	25
112.5772 	Level RINSE 	25
114.5619 	DATA 	Keypress: o
114.5773 	Level jitter 	25
119.5568 	Level finished 	25
119.5582 	DATA 	Keypress: o
119.5594 	DATA 	Keypress: o
119.5605 	DATA 	Keypress: o
119.5944 	Level image=tasty.jpg 	25
120.5778 	Level injecting via pump at address 0 	25
126.5620 	DATA 	Keypress: o
126.5632 	DATA 	Keypress: o
126.5642 	DATA 	Keypress: o
126.5952 	Level WAIT 	25
127.5601 	DATA 	Keypress: o
127.5782 	Level RINSE 	25
129.5623 	DATA 	Keypress: o
129.5784 	Level jitter 	25
133.5568 	Level finished 	25
133.5581 	DATA 	Keypress: o
133.5592 	DATA 	Keypress: o
133.5787 	Level image=waterlogo.jpg 	25
134.5787 	Level injecting via pump at address 0 	25
140.5626 	DATA 	Keypress: o
140.5640 	DATA 	Keypress: o
140.5652 	DATA 	Keypress: o
140.5795 	Level WAIT 	25
141.5594 	DATA 	Keypress: o
141.5792 	Level RINSE 	25
143.5627 	DATA 	Keypress: o
143.5793 	Level jitter 	25
145.5568 	Level finished 	25
145.5581 	DATA 	Keypress: o
145.5794 	Level image=tasty.jpg 	25
146.5797 	Level injecting via pump at address 0 	25
152.5628 	DATA 	Keypress: o
152.5641 	DATA 	Keypress: o
152.5653 	DATA 	Keypress: o
152.5804 	Level WAIT 	25
153.5597 	DATA 	Keypress: o
153.5800 	Level RINSE 	25
155.5614 	DATA 	Keypress: o
155.5801 	Level jitter 	25
163.5568 	Level finished 	25
163.5584 	DATA 	Keypress: o
163.5598 	DATA 	Keypress: o
163.5609 	DATA 	Keypress: o
163.5618 	DATA 	Keypress: o
163.5979 	Level image=waterlogo.jpg 	25
164.5641 	Level injecting via pump at address 0 	25
170.5617 	DATA 	Keypress: o
170.5627 	DATA 	Keypress: o
170.5637 	DATA 	Keypress: o
170.5811 	Level WAIT 	25
171.5593 	DATA 	Keypress: o
171.5813 	Level RINSE 	25
173.5615 	DATA 	Keypress: o
173.5818 	Level jitter 	25
178.5568 	Level finished 	25
178.5583 	DATA 	Keypress: o
178.5595 	DATA 	Keypress: o
178.5817 	Level image=tasty.jpg 	25
179.5593 	DATA 	Keypress: o
179.5818 	Level injecting via pump at address 1 	25
185.5625 	DATA 	Keypress: o
185.5638 	DATA 	Keypress: o
185.5650 	DATA 	Keypress: o
185.5826 	Level WAIT 	25
186.5657 	Level RINSE 	25
188.5616 	DATA 	Keypress: o
188.5824 	Level jitter 	25
190.5568 	Level finished 	25
190.5580 	DATA 	Keypress: o
190.5827 	Level image=tasty.jpg 	25
191.5597 	DATA 	Keypress: o
191.5828 	Level injecting via pump at address 0 	25
197.5620 	DATA 	Keypress: o
197.5631 	DATA 	Keypress: o
197.5641 	DATA 	Keypress: o
197.5835 	Level WAIT 	25
198.5831 	Level RINSE 	25
200.5615 	DATA 	Keypress: o
200.5832 	Level jitter 	25
203.5568 	Level finished 	25
203.5581 	DATA 	Keypress: o
203.5591 	DATA 	Keypress: o
203.5835 	Level image=waterlogo.jpg 	25
204.5837 	Level injecting via pump at address 0 	25
210.5621 	DATA 	Keypress: o
210.5631 	DATA 	Keypress: o
210.5641 	DATA 	Keypress: o
210.5844 	Level WAIT 	25
211.5598 	DATA 	Keypress: o
211.5673 	Level RINSE 	25
213.5627 	DATA 	Keypress: o
213.5841 	Level jitter 	25
221.5568 	Level finished 	25
221.5584 	DATA 	Keypress: o
221.5598 	DATA 	Keypress: o
221.5610 	DATA 	Keypress: o
221.5622 	DATA 	Keypress: o
221.5852 	Level image=tasty.jpg 	25
222.5848 	Level injecting via pump at address 0 	25
228.5620 	DATA 	Keypress: o
228.5630 	DATA 	Keypress: o
228.5640 	DATA 	Keypress: o
228.5852 	Level WAIT 	25
229.5593 	DATA 	Keypress: o
229.5853 	Level RINSE 	25
231.5624 	DATA 	Keypress: o
231.5858 	Level jitter 	25
233.5568 	Level finished 	25
233.5580 	DATA 	Keypress: o
233.5689 	Level image=tasty.jpg 	25
234.5690 	Level injecting via pump at address 1 	25
240.5614 	DATA 	Keypress: o
240.5626 	DATA 	Keypress: o
240.5639 	DATA 	Keypress: o
240.5860 	Level WAIT 	25
241.5596 	DATA 	Keypress: o
241.5865 	Level RINSE 	25
243.5623 	DATA 	Keypress: o
243.5862 	Level jitter 	25
252.5568 	Level finished 	25
252.5582 	DATA 	Keypress: o
252.5593 	DATA 	Keypress: o
252.5604 	DATA 	Keypress: o
252.5613 	DATA 	Keypress: o
252.5873 	Level image=waterlogo.jpg 	25
253.5594 	DATA 	Keypress: o
253.5870 	Level injecting via pump at address 0 	25
259.5628 	DATA 	Keypress: o
259.5641 	DATA 	Keypress: o
259.5656 	DATA 	Keypress: o
259.5873 	Level WAIT 	25
260.5874 	Level RINSE 	25
262.5616 	DATA 	Keypress: o
262.5880 	Level jitter 	25
270.5568 	Level finished 	25
270.5583 	DATA 	Keypress: o
270.5595 	DATA 	Keypress: o
270.5606 	DATA 	Keypress: o
270.5616 	DATA 	Keypress: o
270.5715 	Level image=tasty.jpg 	25
271.5595 	DATA 	Keypress: o
271.5716 	Level injecting via pump at address 0 	25
277.5618 	DATA 	Keypress: o
277.5628 	DATA 	Keypress: o
277.5637 	DATA 	Keypress: o
277.5723 	Level WAIT 	25
278.5720 	Level RINSE 	25
280.5618 	DATA 	Keypress: o
280.5721 	Level jitter 	25
282.5568 	Level finished 	25
282.5582 	DATA 	Keypress: o
282.5889 	Level image=waterlogo.jpg 	25
283.5597 	DATA 	Keypress: o
283.5724 	Level injecting via pump at address 0 	25
289.5622 	DATA 	Keypress: o
289.5634 	DATA 	Keypress: o
289.5647 	DATA 	Keypress: o
289.5731 	Level WAIT 	25
290.5728 	Level RINSE 	25
292.5634 	DATA 	Keypress: o
292.5729 	Level jitter 	25
299.5568 	Level finished 	25
299.5581 	DATA 	Keypress: o
299.5596 	DATA 	Keypress: o
299.5608 	DATA 	Keypress: o
299.5620 	DATA 	Keypress: o
299.5906 	Level image=tasty.jpg 	25
300.5736 	Level injecting via pump at address 1 	25
306.5626 	DATA 	Keypress: o
306.5640 	DATA 	Keypress: o
306.5653 	DATA 	Keypress: o
306.5906 	Level WAIT 	25
307.5593 	DATA 	Keypress: o
307.5908 	Level RINSE 	25
309.5623 	DATA 	Keypress: o
309.5745 	Level jitter 	25
314.5568 	Level finished 	25
314.5581 	DATA 	Keypress: o
314.5592 	DATA 	Keypress: o
314.5745 	Level image=tasty.jpg 	25
315.5597 	DATA 	Keypress: o
315.5747 	Level injecting via pump at address 0 	25
321.5614 	DATA 	Keypress: o
321.5624 	DATA 	Keypress: o
321.5634 	DATA 	Keypress: o
321.5754 	Level WAIT 	25
322.5750 	Level RINSE 	25
324.5616 	DATA 	Keypress: o
324.5751 	Level jitter 	25
326.5568 	Level finished 	25
326.5582 	DATA 	Keypress: o
326.5753 	Level image=tasty.jpg 	25
327.5592 	DATA 	Keypress: o
327.5754 	Level injecting via pump at address 1 	25
333.5622 	DATA 	Keypress: o
333.5635 	DATA 	Keypress: o
333.5645 	DATA 	Keypress: o
333.5761 	Level WAIT 	25
334.5758 	Level RINSE 	25
336.5615 	DATA 	Keypress: o
336.5759 	Level jitter 	25
339.5568 	Level finished 	25
339.5582 	DATA 	Keypress: o
339.5593 	DATA 	Keypress: o
339.5762 	Level image=tasty.jpg 	25
340.5763 	Level injecting via pump at address 0 	25
346.5622 	DATA 	Keypress: o
346.5633 	DATA 	Keypress: o
346.5642 	DATA 	Keypress: o
346.5772 	Level WAIT 	25
347.5595 	DATA 	Keypress: o
347.5768 	Level RINSE 	25
349.5623 	DATA 	Keypress: o
349.5768 	Level jitter 	25
351.5568 	Level finished 	25
351.5581 	DATA 	Keypress: o
351.5770 	Level image=tasty.jpg 	25
352.5771 	Level injecting via pump at address 1 	25
358.5624 	DATA 	Keypress: o
358.5637 	DATA 	Keypress: o
358.5649 	DATA 	Keypress: o
358.5780 	Level WAIT 	25
359.5594 	DATA 	Keypress: o
359.5777 	Level RINSE 	25
361.5630 	DATA 	Keypress: o
361.5777 	Level jitter 	25
365.5568 	Level finished 	25
365.5581 	DATA 	Keypress: o
365.5593 	DATA 	Keypress: o
365.5780 	Level image=tasty.jpg 	25
366.5781 	Level injecting via pump at address 0 	25
372.5625 	DATA 	Keypress: o
372.5638 	DATA 	Keypress: o
372.5651 	DATA 	Keypress: o
372.5955 	Level WAIT 	25
373.5598 	DATA 	Keypress: o
373.5785 	Level RINSE 	25
375.5613 	DATA 	Keypress: o
375.5787 	Level jitter 	25
377.5568 	Level finished 	25
377.5582 	DATA 	Keypress: o
377.5788 	Level image=tasty.jpg 	25
378.5789 	Level injecting via pump at address 1 	25
384.5623 	DATA 	Keypress: o
384.5635 	DATA 	Keypress: o
384.5645 	DATA 	Keypress: o
384.5797 	Level WAIT 	25
385.5592 	DATA 	Keypress: o
385.5794 	Level RINSE 	25
387.5615 	DATA 	Keypress: o
387.5795 	Level jitter 	25
395.5568 	Level finished 	25
395.5582 	DATA 	Keypress: o
395.5594 	DATA 	Keypress: o
395.5604 	DATA 	Keypress: o
395.5613 	DATA 	Keypress: o
395.5805 	Level image=tasty.jpg 	25
396.5801 	Level injecting via pump at address 0 	25
402.5623 	DATA 	Keypress: o
402.5633 	DATA 	Keypress: o
402.5643 	DATA 	Keypress: o
402.5806 	Level WAIT 	25
403.5597 	DATA 	Keypress: o
403.5807 	Level RINSE 	25
405.5624 	DATA 	Keypress: o
405.5811 	Level jitter 	25
412.5568 	Level finished 	25
