68.5359 	DATA 	Keypress: o
68.5367 	Level start key press 	25
70.5451 	DATA 	Keypress: o
72.5617 	DATA 	Keypress: o
74.5453 	DATA 	Keypress: o
76.5456 	DATA 	Keypress: o
77.1098 	Level image=waterlogo.jpg 	25
78.0099 	Level injecting via pump at address 0 	25
83.9982 	DATA 	Keypress: o
83.9996 	DATA 	Keypress: o
84.0007 	DATA 	Keypress: o
84.0273 	Level WAIT 	25
84.9959 	DATA 	Keypress: o
85.0270 	Level RINSE 	25
87.0065 	DATA 	Keypress: o
87.0271 	Level jitter 	25
92.9931 	Level finished 	25
92.9945 	DATA 	Keypress: o
92.9957 	DATA 	Keypress: o
92.9969 	DATA 	Keypress: o
93.0275 	Level image=tasty.jpg 	25
94.0114 	Level injecting via pump at address 1 	25
99.9990 	DATA 	Keypress: o
100.0006 	DATA 	Keypress: o
100.0020 	DATA 	Keypress: o
100.0280 	Level WAIT 	25
100.9955 	DATA 	Keypress: o
101.0115 	Level RINSE 	25
102.9977 	DATA 	Keypress: o
103.0282 	Level jitter 	25
108.9931 	Level finished 	25
108.9944 	DATA 	Keypress: o
108.9954 	DATA 	Keypress: o
108.9964 	DATA 	Keypress: o
109.0290 	Level image=tasty.jpg 	25
110.0288 	Level injecting via pump at address 1 	25
115.9982 	DATA 	Keypress: o
115.9995 	DATA 	Keypress: o
116.0007 	DATA 	Keypress: o
116.0291 	Level WAIT 	25
116.9956 	DATA 	Keypress: o
117.0125 	Level RINSE 	25
118.9975 	DATA 	Keypress: o
119.0298 	Level jitter 	25
120.9931 	Level finished 	25
120.9950 	DATA 	Keypress: o
121.0128 	Level image=waterlogo.jpg 	25
122.0129 	Level injecting via pump at address 0 	25
127.9979 	DATA 	Keypress: o
127.9989 	DATA 	Keypress: o
128.0000 	DATA 	Keypress: o
128.0299 	Level WAIT 	25
128.9959 	DATA 	Keypress: o
129.0138 	Level RINSE 	25
130.9982 	DATA 	Keypress: o
131.0135 	Level jitter 	25
136.9931 	Level finished 	25
136.9946 	DATA 	Keypress: o
136.9959 	DATA 	Keypress: o
136.9971 	DATA 	Keypress: o
137.0306 	Level image=tasty.jpg 	25
138.0140 	Level injecting via pump at address 1 	25
143.9987 	DATA 	Keypress: o
144.0001 	DATA 	Keypress: o
144.0014 	DATA 	Keypress: o
144.0314 	Level WAIT 	25
144.9959 	DATA 	Keypress: o
145.0145 	Level RINSE 	25
146.9977 	DATA 	Keypress: o
147.0145 	Level jitter 	25
151.9931 	Level finished 	25
151.9944 	DATA 	Keypress: o
151.9953 	DATA 	Keypress: o
152.0150 	Level image=waterlogo.jpg 	25
152.9959 	DATA 	Keypress: o
153.0150 	Level injecting via pump at address 0 	25
158.9989 	DATA 	Keypress: o
159.0002 	DATA 	Keypress: o
159.0015 	DATA 	Keypress: o
159.0159 	Level WAIT 	25
159.9988 	Level RINSE 	25
161.9985 	DATA 	Keypress: o
162.0156 	Level jitter 	25
166.9931 	Level finished 	25
166.9944 	DATA 	Keypress: o
166.9954 	DATA 	Keypress: o
166.9964 	DATA 	Keypress: o
167.0160 	Level image=tasty.jpg 	25
168.0161 	Level injecting via pump at address 1 	25
173.9984 	DATA 	Keypress: o
173.9994 	DATA 	Keypress: o
174.0005 	DATA 	Keypress: o
174.0169 	Level WAIT 	25
174.9960 	DATA 	Keypress: o
175.0165 	Level RINSE 	25
176.9986 	DATA 	Keypress: o
177.0167 	Level jitter 	25
182.9931 	Level finished 	25
182.9945 	DATA 	Keypress: o
182.9958 	DATA 	Keypress: o
182.9970 	DATA 	Keypress: o
183.0171 	Level image=waterlogo.jpg 	25
184.0177 	Level injecting via pump at address 0 	25
189.9990 	DATA 	Keypress: o
190.0005 	DATA 	Keypress: o
190.0017 	DATA 	Keypress: o
190.0175 	Level WAIT 	25
190.9955 	DATA 	Keypress: o
191.0177 	Level RINSE 	25
192.9987 	DATA 	Keypress: o
193.0177 	Level jitter 	25
195.9931 	Level finished 	25
195.9944 	DATA 	Keypress: o
196.0184 	Level image=tasty.jpg 	25
196.9955 	DATA 	Keypress: o
197.0181 	Level injecting via pump at address 1 	25
202.9986 	DATA 	Keypress: o
202.9997 	DATA 	Keypress: o
203.0008 	DATA 	Keypress: o
203.0184 	Level WAIT 	25
204.0019 	Level RINSE 	25
205.9982 	DATA 	Keypress: o
206.0191 	Level jitter 	25
213.9931 	Level finished 	25
213.9946 	DATA 	Keypress: o
213.9961 	DATA 	Keypress: o
213.9974 	DATA 	Keypress: o
213.9986 	DATA 	Keypress: o
214.0193 	Level image=waterlogo.jpg 	25
214.9959 	DATA 	Keypress: o
215.0194 	Level injecting via pump at address 0 	25
220.9990 	DATA 	Keypress: o
221.0004 	DATA 	Keypress: o
221.0013 	DATA 	Keypress: o
221.0201 	Level WAIT 	25
222.0198 	Level RINSE 	25
223.9994 	DATA 	Keypress: o
224.0198 	Level jitter 	25
225.9931 	Level finished 	25
225.9944 	DATA 	Keypress: o
226.0034 	Level image=tasty.jpg 	25
226.9959 	DATA 	Keypress: o
227.0202 	Level injecting via pump at address 1 	25
232.9986 	DATA 	Keypress: o
233.0001 	DATA 	Keypress: o
233.0015 	DATA 	Keypress: o
233.0209 	Level WAIT 	25
234.0206 	Level RINSE 	25
235.9991 	DATA 	Keypress: o
236.0207 	Level jitter 	25
244.9931 	Level finished 	25
244.9945 	DATA 	Keypress: o
244.9958 	DATA 	Keypress: o
244.9971 	DATA 	Keypress: o
244.9983 	DATA 	Keypress: o
244.9996 	DATA 	Keypress: o
245.0218 	Level image=waterlogo.jpg 	25
246.0215 	Level injecting via pump at address 0 	25
251.9987 	DATA 	Keypress: o
252.0001 	DATA 	Keypress: o
252.0013 	DATA 	Keypress: o
252.0218 	Level WAIT 	25
252.9959 	DATA 	Keypress: o
253.0219 	Level RINSE 	25
254.9980 	DATA 	Keypress: o
255.0224 	Level jitter 	25
256.9931 	Level finished 	25
256.9942 	DATA 	Keypress: o
257.0055 	Level image=tasty.jpg 	25
258.0056 	Level injecting via pump at address 1 	25
263.9978 	DATA 	Keypress: o
263.9989 	DATA 	Keypress: o
264.0000 	DATA 	Keypress: o
264.0227 	Level WAIT 	25
264.9959 	DATA 	Keypress: o
265.0231 	Level RINSE 	25
266.9985 	DATA 	Keypress: o
267.0062 	Level jitter 	25
269.9931 	Level finished 	25
269.9945 	DATA 	Keypress: o
270.0065 	Level image=waterlogo.jpg 	25
270.9959 	DATA 	Keypress: o
271.0232 	Level injecting via pump at address 0 	25
276.9986 	DATA 	Keypress: o
276.9999 	DATA 	Keypress: o
277.0012 	DATA 	Keypress: o
277.0240 	Level WAIT 	25
278.0236 	Level RINSE 	25
279.9976 	DATA 	Keypress: o
280.0070 	Level jitter 	25
283.9931 	Level finished 	25
283.9946 	DATA 	Keypress: o
283.9959 	DATA 	Keypress: o
284.0240 	Level image=tasty.jpg 	25
284.9960 	DATA 	Keypress: o
285.0075 	Level injecting via pump at address 1 	25
290.9978 	DATA 	Keypress: o
290.9988 	DATA 	Keypress: o
290.9999 	DATA 	Keypress: o
291.0249 	Level WAIT 	25
292.0079 	Level RINSE 	25
293.9985 	DATA 	Keypress: o
294.0247 	Level jitter 	25
294.9931 	Level finished 	25
294.9945 	DATA 	Keypress: o
295.0082 	Level image=waterlogo.jpg 	25
296.0083 	Level injecting via pump at address 0 	25
301.9992 	DATA 	Keypress: o
302.0006 	DATA 	Keypress: o
302.0025 	DATA 	Keypress: o
302.0257 	Level WAIT 	25
302.9955 	DATA 	Keypress: o
303.0255 	Level RINSE 	25
304.9995 	DATA 	Keypress: o
305.0088 	Level jitter 	25
307.9931 	Level finished 	25
307.9942 	DATA 	Keypress: o
308.0090 	Level image=tasty.jpg 	25
308.9959 	DATA 	Keypress: o
309.0258 	Level injecting via pump at address 1 	25
314.9978 	DATA 	Keypress: o
314.9989 	DATA 	Keypress: o
315.0000 	DATA 	Keypress: o
315.0267 	Level WAIT 	25
316.0095 	Level RINSE 	25
317.9986 	DATA 	Keypress: o
318.0265 	Level jitter 	25
325.9931 	Level finished 	25
325.9944 	DATA 	Keypress: o
325.9954 	DATA 	Keypress: o
325.9964 	DATA 	Keypress: o
325.9974 	DATA 	Keypress: o
326.0108 	Level image=tasty.jpg 	25
326.9959 	DATA 	Keypress: o
327.0105 	Level injecting via pump at address 1 	25
332.9987 	DATA 	Keypress: o
333.0000 	DATA 	Keypress: o
333.0012 	DATA 	Keypress: o
333.0107 	Level WAIT 	25
334.0108 	Level RINSE 	25
335.9982 	DATA 	Keypress: o
336.0113 	Level jitter 	25
339.9931 	Level finished 	25
339.9945 	DATA 	Keypress: o
339.9958 	DATA 	Keypress: o
340.0279 	Level image=waterlogo.jpg 	25
340.9967 	DATA 	Keypress: o
341.0115 	Level injecting via pump at address 0 	25
346.9991 	DATA 	Keypress: o
347.0004 	DATA 	Keypress: o
347.0015 	DATA 	Keypress: o
347.0289 	Level WAIT 	25
348.0118 	Level RINSE 	25
349.9984 	DATA 	Keypress: o
350.0286 	Level jitter 	25
352.9931 	Level finished 	25
352.9945 	DATA 	Keypress: o
352.9958 	DATA 	Keypress: o
353.0288 	Level image=tasty.jpg 	25
354.0123 	Level injecting via pump at address 1 	25
359.9989 	DATA 	Keypress: o
360.0002 	DATA 	Keypress: o
360.0012 	DATA 	Keypress: o
360.0130 	Level WAIT 	25
360.9955 	DATA 	Keypress: o
361.0128 	Level RINSE 	25
362.9976 	DATA 	Keypress: o
363.0128 	Level jitter 	25
367.9931 	Level finished 	25
367.9944 	DATA 	Keypress: o
367.9954 	DATA 	Keypress: o
368.0132 	Level image=waterlogo.jpg 	25
368.9955 	DATA 	Keypress: o
369.0134 	Level injecting via pump at address 0 	25
374.9978 	DATA 	Keypress: o
374.9989 	DATA 	Keypress: o
375.0000 	DATA 	Keypress: o
375.0308 	Level WAIT 	25
376.0138 	Level RINSE 	25
377.9990 	DATA 	Keypress: o
378.0305 	Level jitter 	25
382.9931 	Level finished 	25
382.9946 	DATA 	Keypress: o
382.9959 	DATA 	Keypress: o
382.9972 	DATA 	Keypress: o
383.0142 	Level image=waterlogo.jpg 	25
384.0144 	Level injecting via pump at address 0 	25
389.9978 	DATA 	Keypress: o
389.9989 	DATA 	Keypress: o
390.0000 	DATA 	Keypress: o
390.0151 	Level WAIT 	25
390.9959 	DATA 	Keypress: o
390.9982 	Level RINSE 	25
392.9985 	DATA 	Keypress: o
393.0149 	Level jitter 	25
401.9931 	Level finished 	25
401.9950 	DATA 	Keypress: o
401.9967 	DATA 	Keypress: o
401.9981 	DATA 	Keypress: o
401.9996 	DATA 	Keypress: o
402.0327 	Level image=tasty.jpg 	25
402.9959 	DATA 	Keypress: o
403.0156 	Level injecting via pump at address 1 	25
408.9981 	DATA 	Keypress: o
408.9994 	DATA 	Keypress: o
409.0006 	DATA 	Keypress: o
409.0160 	Level WAIT 	25
409.9995 	Level RINSE 	25
411.9983 	DATA 	Keypress: o
412.0164 	Level jitter 	25
413.9931 	Level finished 	25
413.9945 	DATA 	Keypress: o
414.0165 	Level image=waterlogo.jpg 	25
414.9956 	DATA 	Keypress: o
415.0165 	Level injecting via pump at address 0 	25
420.9993 	DATA 	Keypress: o
421.0007 	DATA 	Keypress: o
421.0019 	DATA 	Keypress: o
421.0168 	Level WAIT 	25
422.0173 	Level RINSE 	25
423.9987 	DATA 	Keypress: o
424.0170 	Level jitter 	25
426.9931 	Level finished 	25
426.9944 	DATA 	Keypress: o
426.9953 	DATA 	Keypress: o
427.0173 	Level image=waterlogo.jpg 	25
428.0174 	Level injecting via pump at address 0 	25
433.9976 	DATA 	Keypress: o
433.9987 	DATA 	Keypress: o
434.0000 	DATA 	Keypress: o
434.0181 	Level WAIT 	25
434.9957 	DATA 	Keypress: o
435.0012 	Level RINSE 	25
436.9987 	DATA 	Keypress: o
437.0179 	Level jitter 	25
441.9931 	Level finished 	25
441.9946 	DATA 	Keypress: o
441.9959 	DATA 	Keypress: o
442.0184 	Level image=tasty.jpg 	25
442.9959 	DATA 	Keypress: o
443.0185 	Level injecting via pump at address 1 	25
448.9987 	DATA 	Keypress: o
449.0000 	DATA 	Keypress: o
449.0014 	DATA 	Keypress: o
449.0191 	Level WAIT 	25
450.0188 	Level RINSE 	25
451.9989 	DATA 	Keypress: o
452.0190 	Level jitter 	25
453.9931 	Level finished 	25
453.9942 	DATA 	Keypress: o
454.0191 	Level image=tasty.jpg 	25
454.9956 	DATA 	Keypress: o
455.0192 	Level injecting via pump at address 1 	25
460.9988 	DATA 	Keypress: o
461.0001 	DATA 	Keypress: o
461.0014 	DATA 	Keypress: o
461.0200 	Level WAIT 	25
462.0197 	Level RINSE 	25
463.9988 	DATA 	Keypress: o
464.0198 	Level jitter 	25
470.9931 	Level finished 	25
470.9944 	DATA 	Keypress: o
470.9954 	DATA 	Keypress: o
470.9963 	DATA 	Keypress: o
470.9973 	DATA 	Keypress: o
471.0208 	Level image=waterlogo.jpg 	25
472.0205 	Level injecting via pump at address 0 	25
477.9982 	DATA 	Keypress: o
477.9995 	DATA 	Keypress: o
478.0006 	DATA 	Keypress: o
478.0207 	Level WAIT 	25
478.9959 	DATA 	Keypress: o
479.0042 	Level RINSE 	25
480.9977 	DATA 	Keypress: o
481.0213 	Level jitter 	25
483.9931 	Level finished 	25
483.9945 	DATA 	Keypress: o
484.0212 	Level image=tasty.jpg 	25
484.9955 	DATA 	Keypress: o
485.0046 	Level injecting via pump at address 1 	25
490.9983 	DATA 	Keypress: o
490.9994 	DATA 	Keypress: o
491.0006 	DATA 	Keypress: o
491.0054 	Level WAIT 	25
492.0051 	Level RINSE 	25
493.9976 	DATA 	Keypress: o
494.0052 	Level jitter 	25
495.9931 	Level finished 	25
495.9944 	DATA 	Keypress: o
496.0220 	Level image=waterlogo.jpg 	25
496.9956 	DATA 	Keypress: o
497.0055 	Level injecting via pump at address 0 	25
502.9989 	DATA 	Keypress: o
503.0004 	DATA 	Keypress: o
503.0017 	DATA 	Keypress: o
503.0229 	Level WAIT 	25
504.0058 	Level RINSE 	25
505.9985 	DATA 	Keypress: o
506.0227 	Level jitter 	25
513.9931 	Level finished 	25
513.9950 	DATA 	Keypress: o
513.9964 	DATA 	Keypress: o
513.9976 	DATA 	Keypress: o
513.9988 	DATA 	Keypress: o
514.0237 	Level image=tasty.jpg 	25
514.9959 	DATA 	Keypress: o
515.0234 	Level injecting via pump at address 1 	25
520.9978 	DATA 	Keypress: o
520.9988 	DATA 	Keypress: o
520.9999 	DATA 	Keypress: o
521.0237 	Level WAIT 	25
522.0071 	Level RINSE 	25
524.0001 	DATA 	Keypress: o
524.0241 	Level jitter 	25
525.9931 	Level finished 	25
525.9944 	DATA 	Keypress: o
526.0075 	Level image=waterlogo.jpg 	25
526.9955 	DATA 	Keypress: o
527.0075 	Level injecting via pump at address 0 	25
532.9989 	DATA 	Keypress: o
533.0003 	DATA 	Keypress: o
533.0015 	DATA 	Keypress: o
533.0245 	Level WAIT 	25
534.0250 	Level RINSE 	25
535.9985 	DATA 	Keypress: o
536.0247 	Level jitter 	25
542.9931 	Level finished 	25
