45.8039 	DATA 	Keypress: o
45.8046 	Level start key press 	25
47.8045 	DATA 	Keypress: o
49.8045 	DATA 	Keypress: o
51.8214 	DATA 	Keypress: o
53.8050 	DATA 	Keypress: o
54.1859 	Level image=waterlogo.jpg 	25
55.1360 	Level injecting via pump at address 0 	25
61.1079 	DATA 	Keypress: o
61.1090 	DATA 	Keypress: o
61.1104 	DATA 	Keypress: o
61.1368 	Level WAIT 	25
62.1050 	DATA 	Keypress: o
62.1199 	Level RINSE 	25
64.1146 	DATA 	Keypress: o
64.1366 	Level jitter 	25
66.1027 	Level finished 	25
66.1039 	DATA 	Keypress: o
66.1202 	Level image=tasty.jpg 	25
67.1202 	Level injecting via pump at address 1 	25
73.1073 	DATA 	Keypress: o
73.1083 	DATA 	Keypress: o
73.1092 	DATA 	Keypress: o
73.1376 	Level WAIT 	25
74.1051 	DATA 	Keypress: o
74.1207 	Level RINSE 	25
76.1080 	DATA 	Keypress: o
76.1375 	Level jitter 	25
78.1026 	Level finished 	25
78.1038 	DATA 	Keypress: o
78.1209 	Level image=tasty.jpg 	25
79.1210 	Level injecting via pump at address 0 	25
85.1078 	DATA 	Keypress: o
85.1091 	DATA 	Keypress: o
85.1101 	DATA 	Keypress: o
85.1218 	Level WAIT 	25
86.1052 	DATA 	Keypress: o
86.1382 	Level RINSE 	25
88.1075 	DATA 	Keypress: o
88.1216 	Level jitter 	25
93.1027 	Level finished 	25
93.1040 	DATA 	Keypress: o
93.1049 	DATA 	Keypress: o
93.1220 	Level image=tasty.jpg 	25
94.1050 	DATA 	Keypress: o
94.1221 	Level injecting via pump at address 1 	25
100.1080 	DATA 	Keypress: o
100.1093 	DATA 	Keypress: o
100.1104 	DATA 	Keypress: o
100.1229 	Level WAIT 	25
101.1225 	Level RINSE 	25
103.1072 	DATA 	Keypress: o
103.1227 	Level jitter 	25
109.1027 	Level finished 	25
109.1040 	DATA 	Keypress: o
109.1049 	DATA 	Keypress: o
109.1059 	DATA 	Keypress: o
109.1231 	Level image=tasty.jpg 	25
110.1052 	DATA 	Keypress: o
110.1236 	Level injecting via pump at address 0 	25
116.1072 	DATA 	Keypress: o
116.1082 	DATA 	Keypress: o
116.1092 	DATA 	Keypress: o
116.1236 	Level WAIT 	25
117.1237 	Level RINSE 	25
119.1072 	DATA 	Keypress: o
119.1238 	Level jitter 	25
121.1026 	Level finished 	25
121.1038 	DATA 	Keypress: o
121.1243 	Level image=waterlogo.jpg 	25
122.1050 	DATA 	Keypress: o
122.1240 	Level injecting via pump at address 0 	25
128.1078 	DATA 	Keypress: o
128.1090 	DATA 	Keypress: o
128.1102 	DATA 	Keypress: o
128.1244 	Level WAIT 	25
129.1245 	Level RINSE 	25
131.1076 	DATA 	Keypress: o
131.1250 	Level jitter 	25
140.1026 	Level finished 	25
140.1039 	DATA 	Keypress: o
140.1049 	DATA 	Keypress: o
140.1058 	DATA 	Keypress: o
140.1067 	DATA 	Keypress: o
140.1076 	DATA 	Keypress: o
140.1252 	Level image=tasty.jpg 	25
141.1257 	Level injecting via pump at address 0 	25
147.1077 	DATA 	Keypress: o
147.1089 	DATA 	Keypress: o
147.1099 	DATA 	Keypress: o
147.1258 	Level WAIT 	25
148.1052 	DATA 	Keypress: o
148.1259 	Level RINSE 	25
150.1080 	DATA 	Keypress: o
150.1259 	Level jitter 	25
151.1026 	Level finished 	25
151.1264 	Level image=waterlogo.jpg 	25
152.1054 	DATA 	Keypress: o
152.1094 	Level injecting via pump at address 0 	25
158.1079 	DATA 	Keypress: o
158.1089 	DATA 	Keypress: o
158.1098 	DATA 	Keypress: o
158.1264 	Level WAIT 	25
159.1265 	Level RINSE 	25
161.1081 	DATA 	Keypress: o
161.1271 	Level jitter 	25
167.1027 	Level finished 	25
167.1039 	DATA 	Keypress: o
167.1049 	DATA 	Keypress: o
167.1059 	DATA 	Keypress: o
167.1439 	Level image=tasty.jpg 	25
168.1052 	DATA 	Keypress: o
168.1106 	Level injecting via pump at address 0 	25
174.1076 	DATA 	Keypress: o
174.1090 	DATA 	Keypress: o
174.1104 	DATA 	Keypress: o
174.1280 	Level WAIT 	25
175.1277 	Level RINSE 	25
177.1070 	DATA 	Keypress: o
177.1111 	Level jitter 	25
185.1027 	Level finished 	25
185.1039 	DATA 	Keypress: o
185.1049 	DATA 	Keypress: o
185.1058 	DATA 	Keypress: o
185.1067 	DATA 	Keypress: o
185.1287 	Level image=tasty.jpg 	25
186.1051 	DATA 	Keypress: o
186.1285 	Level injecting via pump at address 1 	25
192.1071 	DATA 	Keypress: o
192.1081 	DATA 	Keypress: o
192.1090 	DATA 	Keypress: o
192.1289 	Level WAIT 	25
193.1122 	Level RINSE 	25
195.1072 	DATA 	Keypress: o
195.1294 	Level jitter 	25
200.1027 	Level finished 	25
200.1039 	DATA 	Keypress: o
200.1049 	DATA 	Keypress: o
200.1059 	DATA 	Keypress: o
200.1294 	Level image=tasty.jpg 	25
201.1295 	Level injecting via pump at address 0 	25
207.1078 	DATA 	Keypress: o
207.1089 	DATA 	Keypress: o
207.1101 	DATA 	Keypress: o
207.1303 	Level WAIT 	25
208.1050 	DATA 	Keypress: o
208.1132 	Level RINSE 	25
210.1073 	DATA 	Keypress: o
210.1300 	Level jitter 	25
217.1027 	Level finished 	25
217.1041 	DATA 	Keypress: o
217.1051 	DATA 	Keypress: o
217.1063 	DATA 	Keypress: o
217.1310 	Level image=waterlogo.jpg 	25
218.1051 	DATA 	Keypress: o
218.1140 	Level injecting via pump at address 0 	25
224.1081 	DATA 	Keypress: o
224.1093 	DATA 	Keypress: o
224.1106 	DATA 	Keypress: o
224.1310 	Level WAIT 	25
225.1144 	Level RINSE 	25
227.1078 	DATA 	Keypress: o
227.1150 	Level jitter 	25
233.1027 	Level finished 	25
233.1041 	DATA 	Keypress: o
233.1053 	DATA 	Keypress: o
233.1064 	DATA 	Keypress: o
233.1150 	Level image=waterlogo.jpg 	25
234.1050 	DATA 	Keypress: o
234.1151 	Level injecting via pump at address 0 	25
240.1073 	DATA 	Keypress: o
240.1082 	DATA 	Keypress: o
240.1092 	DATA 	Keypress: o
240.1159 	Level WAIT 	25
241.1155 	Level RINSE 	25
243.1075 	DATA 	Keypress: o
243.1157 	Level jitter 	25
245.1027 	Level finished 	25
245.1040 	DATA 	Keypress: o
245.1325 	Level image=tasty.jpg 	25
246.1052 	DATA 	Keypress: o
246.1159 	Level injecting via pump at address 0 	25
252.1081 	DATA 	Keypress: o
252.1093 	DATA 	Keypress: o
252.1104 	DATA 	Keypress: o
252.1166 	Level WAIT 	25
253.1163 	Level RINSE 	25
255.1077 	DATA 	Keypress: o
255.1164 	Level jitter 	25
262.1027 	Level finished 	25
262.1040 	DATA 	Keypress: o
262.1052 	DATA 	Keypress: o
262.1061 	DATA 	Keypress: o
262.1071 	DATA 	Keypress: o
262.1341 	Level image=tasty.jpg 	25
263.1171 	Level injecting via pump at address 1 	25
269.1078 	DATA 	Keypress: o
269.1090 	DATA 	Keypress: o
269.1100 	DATA 	Keypress: o
269.1341 	Level WAIT 	25
270.1051 	DATA 	Keypress: o
270.1342 	Level RINSE 	25
272.1073 	DATA 	Keypress: o
272.1181 	Level jitter 	25
280.1027 	Level finished 	25
280.1039 	DATA 	Keypress: o
280.1049 	DATA 	Keypress: o
280.1058 	DATA 	Keypress: o
280.1066 	DATA 	Keypress: o
280.1182 	Level image=waterlogo.jpg 	25
281.1183 	Level injecting via pump at address 0 	25
287.1076 	DATA 	Keypress: o
287.1090 	DATA 	Keypress: o
287.1101 	DATA 	Keypress: o
287.1192 	Level WAIT 	25
288.1052 	DATA 	Keypress: o
288.1188 	Level RINSE 	25
290.1076 	DATA 	Keypress: o
290.1189 	Level jitter 	25
298.1027 	Level finished 	25
298.1039 	DATA 	Keypress: o
298.1049 	DATA 	Keypress: o
298.1060 	DATA 	Keypress: o
298.1072 	DATA 	Keypress: o
298.1365 	Level image=tasty.jpg 	25
299.1196 	Level injecting via pump at address 1 	25
305.1079 	DATA 	Keypress: o
305.1090 	DATA 	Keypress: o
305.1100 	DATA 	Keypress: o
305.1199 	Level WAIT 	25
306.1052 	DATA 	Keypress: o
306.1200 	Level RINSE 	25
308.1076 	DATA 	Keypress: o
308.1205 	Level jitter 	25
310.1027 	Level finished 	25
310.1040 	DATA 	Keypress: o
310.1370 	Level image=tasty.jpg 	25
311.1204 	Level injecting via pump at address 0 	25
317.1076 	DATA 	Keypress: o
317.1086 	DATA 	Keypress: o
317.1098 	DATA 	Keypress: o
317.1374 	Level WAIT 	25
318.1051 	DATA 	Keypress: o
318.1213 	Level RINSE 	25
320.1075 	DATA 	Keypress: o
320.1377 	Level jitter 	25
324.1027 	Level finished 	25
324.1043 	DATA 	Keypress: o
324.1061 	DATA 	Keypress: o
324.1212 	Level image=tasty.jpg 	25
325.1213 	Level injecting via pump at address 1 	25
331.1082 	DATA 	Keypress: o
331.1095 	DATA 	Keypress: o
331.1106 	DATA 	Keypress: o
331.1222 	Level WAIT 	25
332.1052 	DATA 	Keypress: o
332.1219 	Level RINSE 	25
334.1072 	DATA 	Keypress: o
334.1219 	Level jitter 	25
337.1027 	Level finished 	25
337.1038 	DATA 	Keypress: o
337.1222 	Level image=tasty.jpg 	25
338.1052 	DATA 	Keypress: o
338.1222 	Level injecting via pump at address 0 	25
344.1078 	DATA 	Keypress: o
344.1090 	DATA 	Keypress: o
344.1100 	DATA 	Keypress: o
344.1231 	Level WAIT 	25
345.1228 	Level RINSE 	25
347.1071 	DATA 	Keypress: o
347.1229 	Level jitter 	25
355.1027 	Level finished 	25
355.1039 	DATA 	Keypress: o
355.1049 	DATA 	Keypress: o
355.1059 	DATA 	Keypress: o
355.1069 	DATA 	Keypress: o
355.1238 	Level image=waterlogo.jpg 	25
356.1050 	DATA 	Keypress: o
356.1235 	Level injecting via pump at address 0 	25
362.1078 	DATA 	Keypress: o
362.1088 	DATA 	Keypress: o
362.1096 	DATA 	Keypress: o
362.1239 	Level WAIT 	25
363.1240 	Level RINSE 	25
365.1083 	DATA 	Keypress: o
365.1244 	Level jitter 	25
370.1027 	Level finished 	25
370.1039 	DATA 	Keypress: o
370.1049 	DATA 	Keypress: o
370.1059 	DATA 	Keypress: o
370.1411 	Level image=tasty.jpg 	25
371.1245 	Level injecting via pump at address 1 	25
377.1073 	DATA 	Keypress: o
377.1084 	DATA 	Keypress: o
377.1096 	DATA 	Keypress: o
377.1253 	Level WAIT 	25
378.1064 	DATA 	Keypress: o
378.1250 	Level RINSE 	25
380.1073 	DATA 	Keypress: o
380.1251 	Level jitter 	25
387.1027 	Level finished 	25
387.1039 	DATA 	Keypress: o
387.1051 	DATA 	Keypress: o
387.1062 	DATA 	Keypress: o
387.1261 	Level image=tasty.jpg 	25
388.1050 	DATA 	Keypress: o
388.1258 	Level injecting via pump at address 0 	25
394.1078 	DATA 	Keypress: o
394.1090 	DATA 	Keypress: o
394.1100 	DATA 	Keypress: o
394.1261 	Level WAIT 	25
395.1262 	Level RINSE 	25
397.1072 	DATA 	Keypress: o
397.1267 	Level jitter 	25
405.1027 	Level finished 	25
405.1040 	DATA 	Keypress: o
405.1050 	DATA 	Keypress: o
405.1060 	DATA 	Keypress: o
405.1069 	DATA 	Keypress: o
405.1269 	Level image=tasty.jpg 	25
406.1053 	DATA 	Keypress: o
406.1269 	Level injecting via pump at address 0 	25
412.1077 	DATA 	Keypress: o
412.1089 	DATA 	Keypress: o
412.1100 	DATA 	Keypress: o
412.1277 	Level WAIT 	25
413.1274 	Level RINSE 	25
415.1081 	DATA 	Keypress: o
415.1275 	Level jitter 	25
422.1027 	Level finished 	25
