47.0054 	DATA 	Keypress: o
47.0063 	Level start key press 	25
49.0117 	DATA 	Keypress: o
51.0117 	DATA 	Keypress: o
53.0119 	DATA 	Keypress: o
55.0120 	DATA 	Keypress: o
55.5597 	Level image=tasty.jpg 	25
56.5101 	Level injecting via pump at address 1 	25
62.4981 	DATA 	Keypress: o
62.4993 	DATA 	Keypress: o
62.5003 	DATA 	Keypress: o
62.5267 	Level WAIT 	25
63.4956 	DATA 	Keypress: o
63.5268 	Level RINSE 	25
65.5046 	DATA 	Keypress: o
65.5269 	Level jitter 	25
74.4929 	Level finished 	25
74.4943 	DATA 	Keypress: o
74.4956 	DATA 	Keypress: o
74.4968 	DATA 	Keypress: o
74.4979 	DATA 	Keypress: o
74.5113 	Level image=waterlogo.jpg 	25
75.4956 	DATA 	Keypress: o
75.5111 	Level injecting via pump at address 0 	25
81.4979 	DATA 	Keypress: o
81.4991 	DATA 	Keypress: o
81.5003 	DATA 	Keypress: o
81.5281 	Level WAIT 	25
82.5116 	Level RINSE 	25
84.4974 	DATA 	Keypress: o
84.5121 	Level jitter 	25
88.4929 	Level finished 	25
88.4942 	DATA 	Keypress: o
88.4953 	DATA 	Keypress: o
88.5287 	Level image=tasty.jpg 	25
89.4956 	DATA 	Keypress: o
89.5120 	Level injecting via pump at address 1 	25
95.4974 	DATA 	Keypress: o
95.4983 	DATA 	Keypress: o
95.4993 	DATA 	Keypress: o
95.5128 	Level WAIT 	25
96.5124 	Level RINSE 	25
98.4977 	DATA 	Keypress: o
98.5127 	Level jitter 	25
102.4929 	Level finished 	25
102.4942 	DATA 	Keypress: o
102.4954 	DATA 	Keypress: o
102.5129 	Level image=waterlogo.jpg 	25
103.4956 	DATA 	Keypress: o
103.5130 	Level injecting via pump at address 0 	25
109.4983 	DATA 	Keypress: o
109.4997 	DATA 	Keypress: o
109.5008 	DATA 	Keypress: o
109.5138 	Level WAIT 	25
110.5135 	Level RINSE 	25
112.4974 	DATA 	Keypress: o
112.5136 	Level jitter 	25
116.4929 	Level finished 	25
116.4942 	DATA 	Keypress: o
116.4953 	DATA 	Keypress: o
116.5307 	Level image=waterlogo.jpg 	25
117.4954 	DATA 	Keypress: o
117.5140 	Level injecting via pump at address 0 	25
123.4982 	DATA 	Keypress: o
123.4994 	DATA 	Keypress: o
123.5006 	DATA 	Keypress: o
123.5147 	Level WAIT 	25
124.5144 	Level RINSE 	25
126.4977 	DATA 	Keypress: o
126.5145 	Level jitter 	25
130.4929 	Level finished 	25
130.4943 	DATA 	Keypress: o
130.4955 	DATA 	Keypress: o
130.5148 	Level image=tasty.jpg 	25
131.4956 	DATA 	Keypress: o
131.5149 	Level injecting via pump at address 1 	25
137.4980 	DATA 	Keypress: o
137.4992 	DATA 	Keypress: o
137.5004 	DATA 	Keypress: o
137.5156 	Level WAIT 	25
138.5154 	Level RINSE 	25
140.4982 	DATA 	Keypress: o
140.5155 	Level jitter 	25
146.4929 	Level finished 	25
146.4942 	DATA 	Keypress: o
146.4952 	DATA 	Keypress: o
146.4961 	DATA 	Keypress: o
146.5159 	Level image=waterlogo.jpg 	25
147.4953 	DATA 	Keypress: o
147.5164 	Level injecting via pump at address 0 	25
153.4978 	DATA 	Keypress: o
153.4989 	DATA 	Keypress: o
153.4999 	DATA 	Keypress: o
153.5164 	Level WAIT 	25
154.5165 	Level RINSE 	25
156.4993 	DATA 	Keypress: o
156.5165 	Level jitter 	25
159.4929 	Level finished 	25
159.4942 	DATA 	Keypress: o
159.4951 	DATA 	Keypress: o
159.5172 	Level image=tasty.jpg 	25
160.5169 	Level injecting via pump at address 1 	25
166.4981 	DATA 	Keypress: o
166.4993 	DATA 	Keypress: o
166.5004 	DATA 	Keypress: o
166.5173 	Level WAIT 	25
167.4953 	DATA 	Keypress: o
167.5007 	Level RINSE 	25
169.4985 	DATA 	Keypress: o
169.5179 	Level jitter 	25
172.4929 	Level finished 	25
172.4941 	DATA 	Keypress: o
172.5177 	Level image=waterlogo.jpg 	25
173.4954 	DATA 	Keypress: o
173.5011 	Level injecting via pump at address 0 	25
179.4986 	DATA 	Keypress: o
179.4998 	DATA 	Keypress: o
179.5010 	DATA 	Keypress: o
179.5186 	Level WAIT 	25
180.5017 	Level RINSE 	25
182.4974 	DATA 	Keypress: o
182.5184 	Level jitter 	25
186.4929 	Level finished 	25
186.4945 	DATA 	Keypress: o
186.4959 	DATA 	Keypress: o
186.5187 	Level image=waterlogo.jpg 	25
187.4957 	DATA 	Keypress: o
187.5188 	Level injecting via pump at address 0 	25
193.4981 	DATA 	Keypress: o
193.4991 	DATA 	Keypress: o
193.5001 	DATA 	Keypress: o
193.5196 	Level WAIT 	25
194.5192 	Level RINSE 	25
196.4983 	DATA 	Keypress: o
196.5194 	Level jitter 	25
201.4929 	Level finished 	25
201.4944 	DATA 	Keypress: o
201.4957 	DATA 	Keypress: o
201.4967 	DATA 	Keypress: o
201.5030 	Level image=tasty.jpg 	25
202.5031 	Level injecting via pump at address 1 	25
208.4984 	DATA 	Keypress: o
208.4996 	DATA 	Keypress: o
208.5005 	DATA 	Keypress: o
208.5206 	Level WAIT 	25
209.4957 	DATA 	Keypress: o
209.5202 	Level RINSE 	25
211.4982 	DATA 	Keypress: o
211.5204 	Level jitter 	25
214.4929 	Level finished 	25
214.4941 	DATA 	Keypress: o
214.5207 	Level image=waterlogo.jpg 	25
215.4957 	DATA 	Keypress: o
215.5208 	Level injecting via pump at address 0 	25
221.4979 	DATA 	Keypress: o
221.4991 	DATA 	Keypress: o
221.5003 	DATA 	Keypress: o
221.5214 	Level WAIT 	25
222.5212 	Level RINSE 	25
224.4973 	DATA 	Keypress: o
224.5213 	Level jitter 	25
232.4929 	Level finished 	25
232.4943 	DATA 	Keypress: o
232.4956 	DATA 	Keypress: o
232.4967 	DATA 	Keypress: o
232.4977 	DATA 	Keypress: o
232.5222 	Level image=tasty.jpg 	25
233.4954 	DATA 	Keypress: o
233.5052 	Level injecting via pump at address 1 	25
239.4983 	DATA 	Keypress: o
239.4996 	DATA 	Keypress: o
239.5008 	DATA 	Keypress: o
239.5223 	Level WAIT 	25
240.5058 	Level RINSE 	25
242.4980 	DATA 	Keypress: o
242.5062 	Level jitter 	25
244.4929 	Level finished 	25
244.4941 	DATA 	Keypress: o
244.5228 	Level image=tasty.jpg 	25
245.4954 	DATA 	Keypress: o
245.5061 	Level injecting via pump at address 1 	25
251.4983 	DATA 	Keypress: o
251.4995 	DATA 	Keypress: o
251.5005 	DATA 	Keypress: o
251.5065 	Level WAIT 	25
252.5070 	Level RINSE 	25
254.4979 	DATA 	Keypress: o
254.5067 	Level jitter 	25
256.4929 	Level finished 	25
256.4941 	DATA 	Keypress: o
256.5236 	Level image=waterlogo.jpg 	25
257.4954 	DATA 	Keypress: o
257.5238 	Level injecting via pump at address 0 	25
263.4981 	DATA 	Keypress: o
263.4992 	DATA 	Keypress: o
263.5001 	DATA 	Keypress: o
263.5243 	Level WAIT 	25
264.5074 	Level RINSE 	25
266.4973 	DATA 	Keypress: o
266.5241 	Level jitter 	25
269.4929 	Level finished 	25
269.4941 	DATA 	Keypress: o
269.4953 	DATA 	Keypress: o
269.5245 	Level image=tasty.jpg 	25
270.5078 	Level injecting via pump at address 1 	25
276.4991 	DATA 	Keypress: o
276.5006 	DATA 	Keypress: o
276.5019 	DATA 	Keypress: o
276.5084 	Level WAIT 	25
277.4956 	DATA 	Keypress: o
277.5083 	Level RINSE 	25
279.4978 	DATA 	Keypress: o
279.5084 	Level jitter 	25
281.4929 	Level finished 	25
281.4941 	DATA 	Keypress: o
281.5252 	Level image=waterlogo.jpg 	25
282.5087 	Level injecting via pump at address 0 	25
288.4981 	DATA 	Keypress: o
288.4992 	DATA 	Keypress: o
288.5002 	DATA 	Keypress: o
288.5261 	Level WAIT 	25
289.4954 	DATA 	Keypress: o
289.5091 	Level RINSE 	25
291.4980 	DATA 	Keypress: o
291.5259 	Level jitter 	25
292.4929 	Level finished 	25
292.5093 	Level image=tasty.jpg 	25
293.4953 	DATA 	Keypress: o
293.5095 	Level injecting via pump at address 1 	25
299.4977 	DATA 	Keypress: o
299.4988 	DATA 	Keypress: o
299.4999 	DATA 	Keypress: o
299.5102 	Level WAIT 	25
300.5099 	Level RINSE 	25
302.4979 	DATA 	Keypress: o
302.5100 	Level jitter 	25
304.4929 	Level finished 	25
304.4941 	DATA 	Keypress: o
304.5102 	Level image=waterlogo.jpg 	25
305.4956 	DATA 	Keypress: o
305.5102 	Level injecting via pump at address 0 	25
311.4984 	DATA 	Keypress: o
311.4994 	DATA 	Keypress: o
311.5004 	DATA 	Keypress: o
311.5111 	Level WAIT 	25
312.5107 	Level RINSE 	25
314.4976 	DATA 	Keypress: o
314.5109 	Level jitter 	25
320.4929 	Level finished 	25
320.4943 	DATA 	Keypress: o
320.4955 	DATA 	Keypress: o
320.4966 	DATA 	Keypress: o
320.5113 	Level image=waterlogo.jpg 	25
321.4956 	DATA 	Keypress: o
321.5117 	Level injecting via pump at address 0 	25
327.4981 	DATA 	Keypress: o
327.4990 	DATA 	Keypress: o
327.5000 	DATA 	Keypress: o
327.5117 	Level WAIT 	25
328.5118 	Level RINSE 	25
330.4972 	DATA 	Keypress: o
330.5119 	Level jitter 	25
333.4929 	Level finished 	25
333.4941 	DATA 	Keypress: o
333.4951 	DATA 	Keypress: o
333.5126 	Level image=tasty.jpg 	25
334.5122 	Level injecting via pump at address 1 	25
340.4981 	DATA 	Keypress: o
340.4994 	DATA 	Keypress: o
340.5006 	DATA 	Keypress: o
340.5127 	Level WAIT 	25
341.4957 	DATA 	Keypress: o
341.5127 	Level RINSE 	25
343.4981 	DATA 	Keypress: o
343.5132 	Level jitter 	25
351.4929 	Level finished 	25
351.4944 	DATA 	Keypress: o
351.4960 	DATA 	Keypress: o
351.4972 	DATA 	Keypress: o
351.4984 	DATA 	Keypress: o
351.5134 	Level image=waterlogo.jpg 	25
352.5136 	Level injecting via pump at address 0 	25
358.4975 	DATA 	Keypress: o
358.4985 	DATA 	Keypress: o
358.4995 	DATA 	Keypress: o
358.5143 	Level WAIT 	25
359.4953 	DATA 	Keypress: o
359.5140 	Level RINSE 	25
361.4981 	DATA 	Keypress: o
361.5140 	Level jitter 	25
366.4929 	Level finished 	25
366.4946 	DATA 	Keypress: o
366.4963 	DATA 	Keypress: o
366.5311 	Level image=tasty.jpg 	25
367.4956 	DATA 	Keypress: o
367.5147 	Level injecting via pump at address 1 	25
373.4981 	DATA 	Keypress: o
373.4991 	DATA 	Keypress: o
373.5001 	DATA 	Keypress: o
373.5153 	Level WAIT 	25
374.5150 	Level RINSE 	25
376.4974 	DATA 	Keypress: o
376.5151 	Level jitter 	25
380.4929 	Level finished 	25
380.4942 	DATA 	Keypress: o
380.4953 	DATA 	Keypress: o
380.5154 	Level image=waterlogo.jpg 	25
381.4955 	DATA 	Keypress: o
381.5156 	Level injecting via pump at address 0 	25
387.4984 	DATA 	Keypress: o
387.4997 	DATA 	Keypress: o
387.5008 	DATA 	Keypress: o
387.5162 	Level WAIT 	25
388.5159 	Level RINSE 	25
390.4977 	DATA 	Keypress: o
390.5161 	Level jitter 	25
395.4929 	Level finished 	25
395.4942 	DATA 	Keypress: o
395.4952 	DATA 	Keypress: o
395.4962 	DATA 	Keypress: o
395.5165 	Level image=tasty.jpg 	25
396.5165 	Level injecting via pump at address 1 	25
402.4984 	DATA 	Keypress: o
402.4996 	DATA 	Keypress: o
402.5008 	DATA 	Keypress: o
402.5172 	Level WAIT 	25
403.4956 	DATA 	Keypress: o
403.5170 	Level RINSE 	25
405.4980 	DATA 	Keypress: o
405.5171 	Level jitter 	25
414.4929 	Level finished 	25
414.4943 	DATA 	Keypress: o
414.4960 	DATA 	Keypress: o
414.4972 	DATA 	Keypress: o
414.4984 	DATA 	Keypress: o
414.5181 	Level image=waterlogo.jpg 	25
415.4956 	DATA 	Keypress: o
415.5178 	Level injecting via pump at address 0 	25
421.4982 	DATA 	Keypress: o
421.4993 	DATA 	Keypress: o
421.5003 	DATA 	Keypress: o
421.5182 	Level WAIT 	25
422.5183 	Level RINSE 	25
424.4991 	DATA 	Keypress: o
424.5189 	Level jitter 	25
433.4929 	Level finished 	25
433.4942 	DATA 	Keypress: o
433.4953 	DATA 	Keypress: o
433.4962 	DATA 	Keypress: o
433.4972 	DATA 	Keypress: o
433.4981 	DATA 	Keypress: o
433.5191 	Level image=tasty.jpg 	25
434.5195 	Level injecting via pump at address 1 	25
440.4981 	DATA 	Keypress: o
440.4991 	DATA 	Keypress: o
440.5001 	DATA 	Keypress: o
440.5196 	Level WAIT 	25
441.4955 	DATA 	Keypress: o
441.5197 	Level RINSE 	25
443.4979 	DATA 	Keypress: o
443.5197 	Level jitter 	25
447.4929 	Level finished 	25
447.4941 	DATA 	Keypress: o
447.4952 	DATA 	Keypress: o
447.5204 	Level image=tasty.jpg 	25
448.5035 	Level injecting via pump at address 1 	25
454.4983 	DATA 	Keypress: o
454.4996 	DATA 	Keypress: o
454.5008 	DATA 	Keypress: o
454.5205 	Level WAIT 	25
455.4957 	DATA 	Keypress: o
455.5207 	Level RINSE 	25
457.4976 	DATA 	Keypress: o
457.5044 	Level jitter 	25
460.4929 	Level finished 	25
460.4941 	DATA 	Keypress: o
460.5042 	Level image=waterlogo.jpg 	25
461.4958 	DATA 	Keypress: o
461.5044 	Level injecting via pump at address 0 	25
467.4985 	DATA 	Keypress: o
467.4998 	DATA 	Keypress: o
467.5009 	DATA 	Keypress: o
467.5218 	Level WAIT 	25
468.5215 	Level RINSE 	25
470.4973 	DATA 	Keypress: o
470.5049 	Level jitter 	25
471.4929 	Level finished 	25
471.4941 	DATA 	Keypress: o
471.5217 	Level image=tasty.jpg 	25
472.5218 	Level injecting via pump at address 1 	25
478.4981 	DATA 	Keypress: o
478.4993 	DATA 	Keypress: o
478.5005 	DATA 	Keypress: o
478.5225 	Level WAIT 	25
479.4957 	DATA 	Keypress: o
479.5057 	Level RINSE 	25
481.4974 	DATA 	Keypress: o
481.5224 	Level jitter 	25
488.4929 	Level finished 	25
488.4942 	DATA 	Keypress: o
488.4951 	DATA 	Keypress: o
488.4961 	DATA 	Keypress: o
488.5066 	Level image=waterlogo.jpg 	25
489.4957 	DATA 	Keypress: o
489.5063 	Level injecting via pump at address 0 	25
495.4978 	DATA 	Keypress: o
495.4988 	DATA 	Keypress: o
495.4998 	DATA 	Keypress: o
495.5067 	Level WAIT 	25
496.5067 	Level RINSE 	25
498.4986 	DATA 	Keypress: o
498.5072 	Level jitter 	25
499.4929 	Level finished 	25
499.4940 	DATA 	Keypress: o
499.5237 	Level image=tasty.jpg 	25
500.5237 	Level injecting via pump at address 1 	25
506.4979 	DATA 	Keypress: o
506.4990 	DATA 	Keypress: o
506.5000 	DATA 	Keypress: o
506.5240 	Level WAIT 	25
507.4957 	DATA 	Keypress: o
507.5076 	Level RINSE 	25
509.4979 	DATA 	Keypress: o
509.5246 	Level jitter 	25
515.4929 	Level finished 	25
