88.4257 	DATA 	Keypress: o
88.4266 	Level start key press 	25
90.4315 	DATA 	Keypress: o
92.4371 	DATA 	Keypress: o
94.4362 	DATA 	Keypress: o
96.4917 	DATA 	Keypress: o
96.4965 	Level image=waterlogo.jpg 	25
97.4091 	Level injecting via pump at address 0 	25
103.4027 	DATA 	Keypress: o
103.4040 	DATA 	Keypress: o
103.4052 	DATA 	Keypress: o
103.4114 	Level WAIT 	25
104.4051 	Level RINSE 	25
106.4100 	DATA 	Keypress: o
106.4145 	Level jitter 	25
112.3971 	Level finished 	25
112.3983 	DATA 	Keypress: o
112.3993 	DATA 	Keypress: o
112.4003 	DATA 	Keypress: o
112.4131 	Level image=tasty.jpg 	25
113.3997 	DATA 	Keypress: o
113.4086 	Level injecting via pump at address 1 	25
119.4026 	DATA 	Keypress: o
119.4039 	DATA 	Keypress: o
119.4053 	DATA 	Keypress: o
119.4100 	Level WAIT 	25
120.4039 	Level RINSE 	25
122.4021 	DATA 	Keypress: o
122.4101 	Level jitter 	25
128.3971 	Level finished 	25
128.3984 	DATA 	Keypress: o
128.3994 	DATA 	Keypress: o
128.4004 	DATA 	Keypress: o
128.4129 	Level image=tasty.jpg 	25
129.3995 	DATA 	Keypress: o
129.4070 	Level injecting via pump at address 1 	25
135.4021 	DATA 	Keypress: o
135.4034 	DATA 	Keypress: o
135.4046 	DATA 	Keypress: o
135.4090 	Level WAIT 	25
136.4033 	Level RINSE 	25
138.4022 	DATA 	Keypress: o
138.4104 	Level jitter 	25
140.3971 	Level finished 	25
140.3983 	DATA 	Keypress: o
140.4151 	Level image=waterlogo.jpg 	25
141.3996 	DATA 	Keypress: o
141.4102 	Level injecting via pump at address 0 	25
147.4027 	DATA 	Keypress: o
147.4037 	DATA 	Keypress: o
147.4047 	DATA 	Keypress: o
147.4121 	Level WAIT 	25
148.4075 	Level RINSE 	25
150.4015 	DATA 	Keypress: o
150.4131 	Level jitter 	25
156.3971 	Level finished 	25
156.3983 	DATA 	Keypress: o
156.3994 	DATA 	Keypress: o
156.4007 	DATA 	Keypress: o
156.4144 	Level image=tasty.jpg 	25
157.3997 	DATA 	Keypress: o
157.4091 	Level injecting via pump at address 1 	25
163.4017 	DATA 	Keypress: o
163.4027 	DATA 	Keypress: o
163.4037 	DATA 	Keypress: o
163.4115 	Level WAIT 	25
164.4017 	Level RINSE 	25
166.4019 	DATA 	Keypress: o
166.4122 	Level jitter 	25
171.3971 	Level finished 	25
171.3985 	DATA 	Keypress: o
171.3997 	DATA 	Keypress: o
171.4007 	DATA 	Keypress: o
171.4181 	Level image=waterlogo.jpg 	25
172.4015 	Level injecting via pump at address 0 	25
178.4024 	DATA 	Keypress: o
178.4035 	DATA 	Keypress: o
178.4045 	DATA 	Keypress: o
178.4155 	Level WAIT 	25
179.3999 	DATA 	Keypress: o
179.4102 	Level RINSE 	25
181.4025 	DATA 	Keypress: o
181.4161 	Level jitter 	25
186.3971 	Level finished 	25
186.3983 	DATA 	Keypress: o
186.3994 	DATA 	Keypress: o
186.4065 	Level image=tasty.jpg 	25
187.4000 	DATA 	Keypress: o
187.4032 	Level injecting via pump at address 1 	25
193.4029 	DATA 	Keypress: o
193.4039 	DATA 	Keypress: o
193.4049 	DATA 	Keypress: o
193.4195 	Level WAIT 	25
194.4030 	Level RINSE 	25
196.4022 	DATA 	Keypress: o
196.4206 	Level jitter 	25
202.3971 	Level finished 	25
202.3982 	DATA 	Keypress: o
202.3993 	DATA 	Keypress: o
202.4004 	DATA 	Keypress: o
202.4209 	Level image=waterlogo.jpg 	25
203.4005 	DATA 	Keypress: o
203.4044 	Level injecting via pump at address 0 	25
209.4024 	DATA 	Keypress: o
209.4035 	DATA 	Keypress: o
209.4045 	DATA 	Keypress: o
209.4181 	Level WAIT 	25
210.4051 	Level RINSE 	25
212.4026 	DATA 	Keypress: o
212.4195 	Level jitter 	25
215.3971 	Level finished 	25
215.3983 	DATA 	Keypress: o
215.3993 	DATA 	Keypress: o
215.4209 	Level image=tasty.jpg 	25
216.4051 	Level injecting via pump at address 1 	25
222.4029 	DATA 	Keypress: o
222.4042 	DATA 	Keypress: o
222.4055 	DATA 	Keypress: o
222.4160 	Level WAIT 	25
223.3999 	DATA 	Keypress: o
223.4056 	Level RINSE 	25
225.4016 	DATA 	Keypress: o
225.4064 	Level jitter 	25
233.3971 	Level finished 	25
233.3985 	DATA 	Keypress: o
233.3999 	DATA 	Keypress: o
233.4012 	DATA 	Keypress: o
233.4023 	DATA 	Keypress: o
233.4232 	Level image=waterlogo.jpg 	25
234.4041 	Level injecting via pump at address 0 	25
240.4023 	DATA 	Keypress: o
240.4037 	DATA 	Keypress: o
240.4050 	DATA 	Keypress: o
240.4225 	Level WAIT 	25
241.4004 	DATA 	Keypress: o
241.4071 	Level RINSE 	25
243.4031 	DATA 	Keypress: o
243.4063 	Level jitter 	25
245.3971 	Level finished 	25
245.3985 	DATA 	Keypress: o
245.4077 	Level image=tasty.jpg 	25
246.4076 	Level injecting via pump at address 1 	25
252.4027 	DATA 	Keypress: o
252.4042 	DATA 	Keypress: o
252.4055 	DATA 	Keypress: o
252.4093 	Level WAIT 	25
253.4002 	DATA 	Keypress: o
253.4035 	Level RINSE 	25
255.4025 	DATA 	Keypress: o
255.4081 	Level jitter 	25
264.3971 	Level finished 	25
264.3983 	DATA 	Keypress: o
264.3994 	DATA 	Keypress: o
264.4005 	DATA 	Keypress: o
264.4016 	DATA 	Keypress: o
264.4128 	Level image=waterlogo.jpg 	25
265.3995 	DATA 	Keypress: o
265.4072 	Level injecting via pump at address 0 	25
271.4031 	DATA 	Keypress: o
271.4044 	DATA 	Keypress: o
271.4056 	DATA 	Keypress: o
271.4090 	Level WAIT 	25
272.4033 	Level RINSE 	25
274.4025 	DATA 	Keypress: o
274.4097 	Level jitter 	25
276.3971 	Level finished 	25
276.3982 	DATA 	Keypress: o
276.4091 	Level image=tasty.jpg 	25
277.3995 	DATA 	Keypress: o
277.4092 	Level injecting via pump at address 1 	25
283.4024 	DATA 	Keypress: o
283.4035 	DATA 	Keypress: o
283.4045 	DATA 	Keypress: o
283.4100 	Level WAIT 	25
284.4065 	Level RINSE 	25
286.4025 	DATA 	Keypress: o
286.4093 	Level jitter 	25
289.3971 	Level finished 	25
289.3985 	DATA 	Keypress: o
289.3999 	DATA 	Keypress: o
289.4098 	Level image=waterlogo.jpg 	25
290.4082 	Level injecting via pump at address 0 	25
296.4026 	DATA 	Keypress: o
296.4037 	DATA 	Keypress: o
296.4047 	DATA 	Keypress: o
296.4105 	Level WAIT 	25
297.3998 	DATA 	Keypress: o
297.4041 	Level RINSE 	25
299.4023 	DATA 	Keypress: o
299.4111 	Level jitter 	25
303.3971 	Level finished 	25
303.3985 	DATA 	Keypress: o
303.3997 	DATA 	Keypress: o
303.4110 	Level image=tasty.jpg 	25
304.4015 	Level injecting via pump at address 1 	25
310.4020 	DATA 	Keypress: o
310.4033 	DATA 	Keypress: o
310.4046 	DATA 	Keypress: o
310.4115 	Level WAIT 	25
311.3999 	DATA 	Keypress: o
311.4111 	Level RINSE 	25
313.4015 	DATA 	Keypress: o
313.4121 	Level jitter 	25
314.3971 	Level finished 	25
314.4121 	Level image=waterlogo.jpg 	25
315.3999 	DATA 	Keypress: o
315.4103 	Level injecting via pump at address 0 	25
321.4031 	DATA 	Keypress: o
321.4043 	DATA 	Keypress: o
321.4054 	DATA 	Keypress: o
321.4113 	Level WAIT 	25
322.4066 	Level RINSE 	25
324.4021 	DATA 	Keypress: o
324.4128 	Level jitter 	25
327.3971 	Level finished 	25
327.3983 	DATA 	Keypress: o
327.3993 	DATA 	Keypress: o
327.4121 	Level image=tasty.jpg 	25
328.4086 	Level injecting via pump at address 1 	25
334.4027 	DATA 	Keypress: o
334.4040 	DATA 	Keypress: o
334.4053 	DATA 	Keypress: o
334.4103 	Level WAIT 	25
335.4005 	DATA 	Keypress: o
335.4039 	Level RINSE 	25
337.4028 	DATA 	Keypress: o
337.4101 	Level jitter 	25
345.3971 	Level finished 	25
345.3984 	DATA 	Keypress: o
345.3996 	DATA 	Keypress: o
345.4006 	DATA 	Keypress: o
345.4018 	DATA 	Keypress: o
345.4146 	Level image=tasty.jpg 	25
346.4123 	Level injecting via pump at address 1 	25
352.4030 	DATA 	Keypress: o
352.4044 	DATA 	Keypress: o
352.4057 	DATA 	Keypress: o
352.4150 	Level WAIT 	25
353.4000 	DATA 	Keypress: o
353.4091 	Level RINSE 	25
355.4026 	DATA 	Keypress: o
355.4145 	Level jitter 	25
359.3971 	Level finished 	25
359.3985 	DATA 	Keypress: o
359.3998 	DATA 	Keypress: o
359.4109 	Level image=waterlogo.jpg 	25
360.4062 	Level injecting via pump at address 0 	25
366.4032 	DATA 	Keypress: o
366.4046 	DATA 	Keypress: o
366.4060 	DATA 	Keypress: o
366.4153 	Level WAIT 	25
367.3995 	DATA 	Keypress: o
367.4029 	Level RINSE 	25
369.4024 	DATA 	Keypress: o
369.4081 	Level jitter 	25
372.3971 	Level finished 	25
372.3984 	DATA 	Keypress: o
372.4093 	Level image=tasty.jpg 	25
373.3999 	DATA 	Keypress: o
373.4044 	Level injecting via pump at address 1 	25
379.4027 	DATA 	Keypress: o
379.4040 	DATA 	Keypress: o
379.4052 	DATA 	Keypress: o
379.4165 	Level WAIT 	25
380.4161 	Level RINSE 	25
382.4022 	DATA 	Keypress: o
382.4066 	Level jitter 	25
387.3971 	Level finished 	25
387.3983 	DATA 	Keypress: o
387.3995 	DATA 	Keypress: o
387.4009 	DATA 	Keypress: o
387.4131 	Level image=waterlogo.jpg 	25
388.4082 	Level injecting via pump at address 0 	25
394.4026 	DATA 	Keypress: o
394.4038 	DATA 	Keypress: o
394.4051 	DATA 	Keypress: o
394.4097 	Level WAIT 	25
395.3997 	DATA 	Keypress: o
395.4041 	Level RINSE 	25
397.4026 	DATA 	Keypress: o
397.4111 	Level jitter 	25
402.3971 	Level finished 	25
402.3987 	DATA 	Keypress: o
402.4000 	DATA 	Keypress: o
402.4171 	Level image=waterlogo.jpg 	25
403.3999 	DATA 	Keypress: o
403.4122 	Level injecting via pump at address 0 	25
409.4028 	DATA 	Keypress: o
409.4042 	DATA 	Keypress: o
409.4055 	DATA 	Keypress: o
409.4146 	Level WAIT 	25
410.4019 	Level RINSE 	25
412.4026 	DATA 	Keypress: o
412.4151 	Level jitter 	25
421.3971 	Level finished 	25
421.3986 	DATA 	Keypress: o
421.4000 	DATA 	Keypress: o
421.4012 	DATA 	Keypress: o
421.4022 	DATA 	Keypress: o
421.4032 	DATA 	Keypress: o
421.4179 	Level image=tasty.jpg 	25
422.4026 	Level injecting via pump at address 1 	25
428.4029 	DATA 	Keypress: o
428.4041 	DATA 	Keypress: o
428.4052 	DATA 	Keypress: o
428.4141 	Level WAIT 	25
429.4002 	DATA 	Keypress: o
429.4035 	Level RINSE 	25
431.4024 	DATA 	Keypress: o
431.4156 	Level jitter 	25
433.3971 	Level finished 	25
433.3984 	DATA 	Keypress: o
433.4202 	Level image=waterlogo.jpg 	25
434.4039 	Level injecting via pump at address 0 	25
440.4027 	DATA 	Keypress: o
440.4040 	DATA 	Keypress: o
440.4051 	DATA 	Keypress: o
440.4062 	DATA 	Keypress: o
440.4171 	Level WAIT 	25
441.4045 	Level RINSE 	25
443.4026 	DATA 	Keypress: o
443.4179 	Level jitter 	25
446.3971 	Level finished 	25
446.3985 	DATA 	Keypress: o
446.4191 	Level image=waterlogo.jpg 	25
447.4000 	DATA 	Keypress: o
447.4045 	Level injecting via pump at address 0 	25
453.4022 	DATA 	Keypress: o
453.4032 	DATA 	Keypress: o
453.4042 	DATA 	Keypress: o
453.4155 	Level WAIT 	25
454.4050 	Level RINSE 	25
456.4025 	DATA 	Keypress: o
456.4161 	Level jitter 	25
461.3971 	Level finished 	25
461.3985 	DATA 	Keypress: o
461.3999 	DATA 	Keypress: o
461.4011 	DATA 	Keypress: o
461.4222 	Level image=tasty.jpg 	25
462.4018 	Level injecting via pump at address 1 	25
468.4027 	DATA 	Keypress: o
468.4042 	DATA 	Keypress: o
468.4056 	DATA 	Keypress: o
468.4071 	DATA 	Keypress: o
468.4196 	Level WAIT 	25
469.4062 	Level RINSE 	25
471.4029 	DATA 	Keypress: o
471.4062 	Level jitter 	25
473.3971 	Level finished 	25
473.3988 	DATA 	Keypress: o
473.4102 	Level image=tasty.jpg 	25
474.4047 	Level injecting via pump at address 1 	25
480.4017 	DATA 	Keypress: o
480.4028 	DATA 	Keypress: o
480.4038 	DATA 	Keypress: o
480.4050 	DATA 	Keypress: o
480.4238 	Level WAIT 	25
481.4017 	Level RINSE 	25
483.4029 	DATA 	Keypress: o
483.4071 	Level jitter 	25
490.3971 	Level finished 	25
490.3988 	DATA 	Keypress: o
490.4002 	DATA 	Keypress: o
490.4015 	DATA 	Keypress: o
490.4086 	DATA 	Keypress: o
490.4205 	Level image=waterlogo.jpg 	25
491.4074 	Level injecting via pump at address 0 	25
497.4034 	DATA 	Keypress: o
497.4048 	DATA 	Keypress: o
497.4061 	DATA 	Keypress: o
497.4171 	Level WAIT 	25
498.4079 	Level RINSE 	25
500.4021 	DATA 	Keypress: o
500.4080 	Level jitter 	25
503.3971 	Level finished 	25
503.3988 	DATA 	Keypress: o
503.4004 	DATA 	Keypress: o
503.4088 	Level image=tasty.jpg 	25
504.4080 	Level injecting via pump at address 1 	25
510.4039 	DATA 	Keypress: o
510.4054 	DATA 	Keypress: o
510.4069 	DATA 	Keypress: o
510.4085 	DATA 	Keypress: o
510.4156 	Level WAIT 	25
511.4091 	Level RINSE 	25
513.4019 	DATA 	Keypress: o
513.4091 	Level jitter 	25
515.3971 	Level finished 	25
515.3984 	DATA 	Keypress: o
515.4093 	Level image=waterlogo.jpg 	25
516.4091 	Level injecting via pump at address 0 	25
522.4024 	DATA 	Keypress: o
522.4036 	DATA 	Keypress: o
522.4046 	DATA 	Keypress: o
522.4056 	DATA 	Keypress: o
522.4094 	Level WAIT 	25
523.4093 	Level RINSE 	25
525.4028 	DATA 	Keypress: o
525.4090 	Level jitter 	25
533.3971 	Level finished 	25
533.3988 	DATA 	Keypress: o
533.4002 	DATA 	Keypress: o
533.4014 	DATA 	Keypress: o
533.4026 	DATA 	Keypress: o
533.4114 	Level image=tasty.jpg 	25
534.4060 	Level injecting via pump at address 1 	25
540.4021 	DATA 	Keypress: o
540.4032 	DATA 	Keypress: o
540.4041 	DATA 	Keypress: o
540.4051 	DATA 	Keypress: o
540.4109 	Level WAIT 	25
541.4018 	Level RINSE 	25
543.4036 	DATA 	Keypress: o
543.4085 	Level jitter 	25
545.3971 	Level finished 	25
545.3984 	DATA 	Keypress: o
545.4112 	Level image=waterlogo.jpg 	25
546.4082 	Level injecting via pump at address 0 	25
552.4032 	DATA 	Keypress: o
552.4045 	DATA 	Keypress: o
552.4058 	DATA 	Keypress: o
552.4070 	DATA 	Keypress: o
552.4105 	Level WAIT 	25
553.4055 	Level RINSE 	25
555.4022 	DATA 	Keypress: o
555.4111 	Level jitter 	25
562.3971 	Level finished 	25
