50.8654 	DATA 	Keypress: o
50.8661 	Level start key press 	25
52.8758 	DATA 	Keypress: o
54.8759 	DATA 	Keypress: o
56.8763 	DATA 	Keypress: o
58.8765 	DATA 	Keypress: o
59.3242 	Level image=tasty.jpg 	25
60.2910 	Level injecting via pump at address 1 	25
66.2622 	DATA 	Keypress: o
66.2631 	DATA 	Keypress: o
66.2639 	DATA 	Keypress: o
66.2920 	Level WAIT 	25
67.2607 	DATA 	Keypress: o
67.2752 	Level RINSE 	25
69.2713 	DATA 	Keypress: o
69.2919 	Level jitter 	25
78.2575 	Level finished 	25
78.2590 	DATA 	Keypress: o
78.2603 	DATA 	Keypress: o
78.2614 	DATA 	Keypress: o
78.2626 	DATA 	Keypress: o
78.2934 	Level image=waterlogo.jpg 	25
79.2601 	DATA 	Keypress: o
79.2766 	Level injecting via pump at address 0 	25
85.2628 	DATA 	Keypress: o
85.2638 	DATA 	Keypress: o
85.2648 	DATA 	Keypress: o
85.2938 	Level WAIT 	25
86.2773 	Level RINSE 	25
88.2620 	DATA 	Keypress: o
88.2946 	Level jitter 	25
92.2575 	Level finished 	25
92.2589 	DATA 	Keypress: o
92.2600 	DATA 	Keypress: o
92.2781 	Level image=tasty.jpg 	25
93.2601 	DATA 	Keypress: o
93.2782 	Level injecting via pump at address 1 	25
99.2625 	DATA 	Keypress: o
99.2637 	DATA 	Keypress: o
99.2649 	DATA 	Keypress: o
99.2792 	Level WAIT 	25
100.2790 	Level RINSE 	25
102.2625 	DATA 	Keypress: o
102.2792 	Level jitter 	25
106.2575 	Level finished 	25
106.2589 	DATA 	Keypress: o
106.2600 	DATA 	Keypress: o
106.2797 	Level image=waterlogo.jpg 	25
107.2603 	DATA 	Keypress: o
107.2632 	Level injecting via pump at address 0 	25
113.2628 	DATA 	Keypress: o
113.2639 	DATA 	Keypress: o
113.2649 	DATA 	Keypress: o
113.2976 	Level WAIT 	25
114.2806 	Level RINSE 	25
116.2624 	DATA 	Keypress: o
116.2809 	Level jitter 	25
120.2575 	Level finished 	25
120.2590 	DATA 	Keypress: o
120.2601 	DATA 	Keypress: o
120.2813 	Level image=waterlogo.jpg 	25
121.2603 	DATA 	Keypress: o
121.2815 	Level injecting via pump at address 0 	25
127.2628 	DATA 	Keypress: o
127.2639 	DATA 	Keypress: o
127.2649 	DATA 	Keypress: o
127.2825 	Level WAIT 	25
128.2823 	Level RINSE 	25
130.2619 	DATA 	Keypress: o
130.2825 	Level jitter 	25
134.2575 	Level finished 	25
134.2588 	DATA 	Keypress: o
134.2597 	DATA 	Keypress: o
134.2830 	Level image=tasty.jpg 	25
135.2599 	DATA 	Keypress: o
135.2831 	Level injecting via pump at address 1 	25
141.2633 	DATA 	Keypress: o
141.2646 	DATA 	Keypress: o
141.2658 	DATA 	Keypress: o
141.2842 	Level WAIT 	25
142.2673 	Level RINSE 	25
144.2625 	DATA 	Keypress: o
144.2842 	Level jitter 	25
150.2575 	Level finished 	25
150.2592 	DATA 	Keypress: o
150.2605 	DATA 	Keypress: o
150.2616 	DATA 	Keypress: o
150.2849 	Level image=waterlogo.jpg 	25
151.2603 	DATA 	Keypress: o
151.2687 	Level injecting via pump at address 0 	25
157.2630 	DATA 	Keypress: o
157.2640 	DATA 	Keypress: o
157.2652 	DATA 	Keypress: o
157.2690 	Level WAIT 	25
158.2692 	Level RINSE 	25
160.2626 	DATA 	Keypress: o
160.2693 	Level jitter 	25
163.2575 	Level finished 	25
163.2589 	DATA 	Keypress: o
163.2600 	DATA 	Keypress: o
163.2867 	Level image=tasty.jpg 	25
164.2700 	Level injecting via pump at address 1 	25
170.2630 	DATA 	Keypress: o
170.2643 	DATA 	Keypress: o
170.2656 	DATA 	Keypress: o
170.2705 	Level WAIT 	25
171.2603 	DATA 	Keypress: o
171.2707 	Level RINSE 	25
173.2629 	DATA 	Keypress: o
173.2713 	Level jitter 	25
176.2575 	Level finished 	25
176.2588 	DATA 	Keypress: o
176.2713 	Level image=waterlogo.jpg 	25
177.2600 	DATA 	Keypress: o
177.2715 	Level injecting via pump at address 0 	25
183.2632 	DATA 	Keypress: o
183.2641 	DATA 	Keypress: o
183.2651 	DATA 	Keypress: o
183.2892 	Level WAIT 	25
184.2722 	Level RINSE 	25
186.2620 	DATA 	Keypress: o
186.2723 	Level jitter 	25
190.2575 	Level finished 	25
190.2587 	DATA 	Keypress: o
190.2598 	DATA 	Keypress: o
190.2895 	Level image=waterlogo.jpg 	25
191.2602 	DATA 	Keypress: o
191.2897 	Level injecting via pump at address 0 	25
197.2627 	DATA 	Keypress: o
197.2637 	DATA 	Keypress: o
197.2646 	DATA 	Keypress: o
197.2908 	Level WAIT 	25
198.2739 	Level RINSE 	25
200.2626 	DATA 	Keypress: o
200.2907 	Level jitter 	25
205.2575 	Level finished 	25
205.2589 	DATA 	Keypress: o
205.2602 	DATA 	Keypress: o
205.2614 	DATA 	Keypress: o
205.2747 	Level image=tasty.jpg 	25
206.2749 	Level injecting via pump at address 1 	25
212.2629 	DATA 	Keypress: o
212.2641 	DATA 	Keypress: o
212.2654 	DATA 	Keypress: o
212.2925 	Level WAIT 	25
213.2603 	DATA 	Keypress: o
213.2923 	Level RINSE 	25
215.2641 	DATA 	Keypress: o
215.2924 	Level jitter 	25
218.2575 	Level finished 	25
218.2587 	DATA 	Keypress: o
218.2762 	Level image=waterlogo.jpg 	25
219.2601 	DATA 	Keypress: o
219.2930 	Level injecting via pump at address 0 	25
225.2631 	DATA 	Keypress: o
225.2644 	DATA 	Keypress: o
225.2654 	DATA 	Keypress: o
225.2941 	Level WAIT 	25
226.2771 	Level RINSE 	25
228.2630 	DATA 	Keypress: o
228.2940 	Level jitter 	25
236.2575 	Level finished 	25
236.2589 	DATA 	Keypress: o
236.2602 	DATA 	Keypress: o
236.2614 	DATA 	Keypress: o
236.2625 	DATA 	Keypress: o
236.2788 	Level image=tasty.jpg 	25
237.2599 	DATA 	Keypress: o
237.2785 	Level injecting via pump at address 1 	25
243.2624 	DATA 	Keypress: o
243.2634 	DATA 	Keypress: o
243.2643 	DATA 	Keypress: o
243.2791 	Level WAIT 	25
244.2792 	Level RINSE 	25
246.2620 	DATA 	Keypress: o
246.2799 	Level jitter 	25
248.2575 	Level finished 	25
248.2588 	DATA 	Keypress: o
248.2797 	Level image=tasty.jpg 	25
249.2599 	DATA 	Keypress: o
249.2799 	Level injecting via pump at address 1 	25
255.2627 	DATA 	Keypress: o
255.2638 	DATA 	Keypress: o
255.2650 	DATA 	Keypress: o
255.2805 	Level WAIT 	25
256.2810 	Level RINSE 	25
258.2624 	DATA 	Keypress: o
258.2808 	Level jitter 	25
260.2575 	Level finished 	25
260.2587 	DATA 	Keypress: o
260.2811 	Level image=waterlogo.jpg 	25
261.2601 	DATA 	Keypress: o
261.2813 	Level injecting via pump at address 0 	25
267.2628 	DATA 	Keypress: o
267.2639 	DATA 	Keypress: o
267.2649 	DATA 	Keypress: o
267.2822 	Level WAIT 	25
268.2820 	Level RINSE 	25
270.2628 	DATA 	Keypress: o
270.2822 	Level jitter 	25
273.2575 	Level finished 	25
273.2588 	DATA 	Keypress: o
273.2601 	DATA 	Keypress: o
273.2826 	Level image=tasty.jpg 	25
274.2828 	Level injecting via pump at address 1 	25
280.2622 	DATA 	Keypress: o
280.2634 	DATA 	Keypress: o
280.2645 	DATA 	Keypress: o
280.2837 	Level WAIT 	25
281.2600 	DATA 	Keypress: o
281.2836 	Level RINSE 	25
283.2623 	DATA 	Keypress: o
283.2839 	Level jitter 	25
285.2575 	Level finished 	25
285.2587 	DATA 	Keypress: o
285.2673 	Level image=waterlogo.jpg 	25
286.2675 	Level injecting via pump at address 0 	25
292.2627 	DATA 	Keypress: o
292.2640 	DATA 	Keypress: o
292.2649 	DATA 	Keypress: o
292.2852 	Level WAIT 	25
293.2604 	DATA 	Keypress: o
293.2851 	Level RINSE 	25
295.2619 	DATA 	Keypress: o
295.2685 	Level jitter 	25
296.2575 	Level finished 	25
296.2853 	Level image=tasty.jpg 	25
297.2600 	DATA 	Keypress: o
297.2854 	Level injecting via pump at address 1 	25
303.2621 	DATA 	Keypress: o
303.2632 	DATA 	Keypress: o
303.2642 	DATA 	Keypress: o
303.2865 	Level WAIT 	25
304.2697 	Level RINSE 	25
306.2629 	DATA 	Keypress: o
306.2865 	Level jitter 	25
308.2575 	Level finished 	25
308.2589 	DATA 	Keypress: o
308.2869 	Level image=waterlogo.jpg 	25
309.2603 	DATA 	Keypress: o
309.2870 	Level injecting via pump at address 0 	25
315.2634 	DATA 	Keypress: o
315.2647 	DATA 	Keypress: o
315.2661 	DATA 	Keypress: o
315.2879 	Level WAIT 	25
316.2876 	Level RINSE 	25
318.2627 	DATA 	Keypress: o
318.2878 	Level jitter 	25
324.2575 	Level finished 	25
324.2588 	DATA 	Keypress: o
324.2599 	DATA 	Keypress: o
324.2610 	DATA 	Keypress: o
324.2887 	Level image=waterlogo.jpg 	25
325.2601 	DATA 	Keypress: o
325.2891 	Level injecting via pump at address 0 	25
331.2631 	DATA 	Keypress: o
331.2643 	DATA 	Keypress: o
331.2655 	DATA 	Keypress: o
331.2894 	Level WAIT 	25
332.2729 	Level RINSE 	25
334.2625 	DATA 	Keypress: o
334.2897 	Level jitter 	25
337.2575 	Level finished 	25
337.2587 	DATA 	Keypress: o
337.2597 	DATA 	Keypress: o
337.2906 	Level image=tasty.jpg 	25
338.2736 	Level injecting via pump at address 1 	25
344.2633 	DATA 	Keypress: o
344.2647 	DATA 	Keypress: o
344.2659 	DATA 	Keypress: o
344.2909 	Level WAIT 	25
345.2603 	DATA 	Keypress: o
345.2744 	Level RINSE 	25
347.2632 	DATA 	Keypress: o
347.2917 	Level jitter 	25
355.2575 	Level finished 	25
355.2587 	DATA 	Keypress: o
355.2598 	DATA 	Keypress: o
355.2607 	DATA 	Keypress: o
355.2618 	DATA 	Keypress: o
355.2922 	Level image=waterlogo.jpg 	25
356.2757 	Level injecting via pump at address 0 	25
362.2621 	DATA 	Keypress: o
362.2632 	DATA 	Keypress: o
362.2641 	DATA 	Keypress: o
362.2934 	Level WAIT 	25
363.2599 	DATA 	Keypress: o
363.2765 	Level RINSE 	25
365.2627 	DATA 	Keypress: o
365.2767 	Level jitter 	25
370.2575 	Level finished 	25
370.2590 	DATA 	Keypress: o
370.2604 	DATA 	Keypress: o
370.2773 	Level image=tasty.jpg 	25
371.2601 	DATA 	Keypress: o
371.2774 	Level injecting via pump at address 1 	25
377.2624 	DATA 	Keypress: o
377.2636 	DATA 	Keypress: o
377.2648 	DATA 	Keypress: o
377.2786 	Level WAIT 	25
378.2783 	Level RINSE 	25
380.2628 	DATA 	Keypress: o
380.2784 	Level jitter 	25
384.2575 	Level finished 	25
384.2587 	DATA 	Keypress: o
384.2597 	DATA 	Keypress: o
384.2790 	Level image=waterlogo.jpg 	25
385.2599 	DATA 	Keypress: o
385.2791 	Level injecting via pump at address 0 	25
391.2629 	DATA 	Keypress: o
391.2639 	DATA 	Keypress: o
391.2648 	DATA 	Keypress: o
391.2800 	Level WAIT 	25
392.2799 	Level RINSE 	25
394.2625 	DATA 	Keypress: o
394.2969 	Level jitter 	25
399.2575 	Level finished 	25
399.2589 	DATA 	Keypress: o
399.2601 	DATA 	Keypress: o
399.2610 	DATA 	Keypress: o
399.2807 	Level image=tasty.jpg 	25
400.2809 	Level injecting via pump at address 1 	25
406.2627 	DATA 	Keypress: o
406.2637 	DATA 	Keypress: o
406.2649 	DATA 	Keypress: o
406.2819 	Level WAIT 	25
407.2600 	DATA 	Keypress: o
407.2650 	Level RINSE 	25
409.2626 	DATA 	Keypress: o
409.2819 	Level jitter 	25
418.2575 	Level finished 	25
418.2588 	DATA 	Keypress: o
418.2602 	DATA 	Keypress: o
418.2613 	DATA 	Keypress: o
418.2624 	DATA 	Keypress: o
418.2834 	Level image=waterlogo.jpg 	25
419.2599 	DATA 	Keypress: o
419.2831 	Level injecting via pump at address 0 	25
425.2620 	DATA 	Keypress: o
425.2631 	DATA 	Keypress: o
425.2641 	DATA 	Keypress: o
425.2838 	Level WAIT 	25
426.2672 	Level RINSE 	25
428.2630 	DATA 	Keypress: o
428.2845 	Level jitter 	25
437.2575 	Level finished 	25
437.2588 	DATA 	Keypress: o
437.2601 	DATA 	Keypress: o
437.2611 	DATA 	Keypress: o
437.2621 	DATA 	Keypress: o
437.2630 	DATA 	Keypress: o
437.2852 	Level image=tasty.jpg 	25
438.2691 	Level injecting via pump at address 1 	25
444.2628 	DATA 	Keypress: o
444.2638 	DATA 	Keypress: o
444.2647 	DATA 	Keypress: o
444.2693 	Level WAIT 	25
445.2599 	DATA 	Keypress: o
445.2695 	Level RINSE 	25
447.2625 	DATA 	Keypress: o
447.2863 	Level jitter 	25
451.2575 	Level finished 	25
451.2588 	DATA 	Keypress: o
451.2600 	DATA 	Keypress: o
451.2705 	Level image=tasty.jpg 	25
452.2703 	Level injecting via pump at address 1 	25
458.2627 	DATA 	Keypress: o
458.2638 	DATA 	Keypress: o
458.2651 	DATA 	Keypress: o
458.2876 	Level WAIT 	25
459.2606 	DATA 	Keypress: o
459.2878 	Level RINSE 	25
461.2625 	DATA 	Keypress: o
461.2717 	Level jitter 	25
464.2575 	Level finished 	25
464.2586 	DATA 	Keypress: o
464.2717 	Level image=waterlogo.jpg 	25
465.2599 	DATA 	Keypress: o
465.2885 	Level injecting via pump at address 0 	25
471.2633 	DATA 	Keypress: o
471.2648 	DATA 	Keypress: o
471.2660 	DATA 	Keypress: o
471.2895 	Level WAIT 	25
472.2892 	Level RINSE 	25
474.2619 	DATA 	Keypress: o
474.2895 	Level jitter 	25
475.2575 	Level finished 	25
475.2588 	DATA 	Keypress: o
475.2897 	Level image=tasty.jpg 	25
476.2731 	Level injecting via pump at address 1 	25
482.2631 	DATA 	Keypress: o
482.2644 	DATA 	Keypress: o
482.2657 	DATA 	Keypress: o
482.2740 	Level WAIT 	25
483.2601 	DATA 	Keypress: o
483.2739 	Level RINSE 	25
485.2622 	DATA 	Keypress: o
485.2741 	Level jitter 	25
492.2575 	Level finished 	25
492.2590 	DATA 	Keypress: o
492.2604 	DATA 	Keypress: o
492.2617 	DATA 	Keypress: o
492.2752 	Level image=waterlogo.jpg 	25
493.2600 	DATA 	Keypress: o
493.2751 	Level injecting via pump at address 0 	25
499.2627 	DATA 	Keypress: o
499.2640 	DATA 	Keypress: o
499.2651 	DATA 	Keypress: o
499.2924 	Level WAIT 	25
500.2759 	Level RINSE 	25
502.2632 	DATA 	Keypress: o
502.2766 	Level jitter 	25
503.2575 	Level finished 	25
503.2587 	DATA 	Keypress: o
503.2930 	Level image=tasty.jpg 	25
504.2764 	Level injecting via pump at address 1 	25
510.2623 	DATA 	Keypress: o
510.2634 	DATA 	Keypress: o
510.2646 	DATA 	Keypress: o
510.2770 	Level WAIT 	25
511.2601 	DATA 	Keypress: o
511.2772 	Level RINSE 	25
513.2627 	DATA 	Keypress: o
513.2778 	Level jitter 	25
519.2575 	Level finished 	25
