62.9784 	DATA 	Keypress: o
62.9793 	Level start key press 	25
64.9807 	DATA 	Keypress: o
66.9810 	DATA 	Keypress: o
68.9812 	DATA 	Keypress: o
70.9815 	DATA 	Keypress: o
71.5293 	Level image=waterlogo.jpg 	25
72.4798 	Level injecting via pump at address 0 	25
78.4676 	DATA 	Keypress: o
78.4687 	DATA 	Keypress: o
78.4696 	DATA 	Keypress: o
78.4800 	Level WAIT 	25
79.4654 	DATA 	Keypress: o
79.4969 	Level RINSE 	25
81.4756 	DATA 	Keypress: o
81.4971 	Level jitter 	25
90.4626 	Level finished 	25
90.4640 	DATA 	Keypress: o
90.4651 	DATA 	Keypress: o
90.4661 	DATA 	Keypress: o
90.4671 	DATA 	Keypress: o
90.4819 	Level image=waterlogo.jpg 	25
91.4650 	DATA 	Keypress: o
91.4816 	Level injecting via pump at address 0 	25
97.4690 	DATA 	Keypress: o
97.4704 	DATA 	Keypress: o
97.4715 	DATA 	Keypress: o
97.4989 	Level WAIT 	25
98.4824 	Level RINSE 	25
100.4676 	DATA 	Keypress: o
100.4830 	Level jitter 	25
105.4626 	Level finished 	25
105.4638 	DATA 	Keypress: o
105.4648 	DATA 	Keypress: o
105.4657 	DATA 	Keypress: o
105.4833 	Level image=tasty.jpg 	25
106.4834 	Level injecting via pump at address 0 	25
112.4679 	DATA 	Keypress: o
112.4691 	DATA 	Keypress: o
112.4701 	DATA 	Keypress: o
112.4843 	Level WAIT 	25
113.4651 	DATA 	Keypress: o
113.4841 	Level RINSE 	25
115.4680 	DATA 	Keypress: o
115.4843 	Level jitter 	25
116.4626 	Level finished 	25
116.4845 	Level image=tasty.jpg 	25
117.4653 	DATA 	Keypress: o
117.4847 	Level injecting via pump at address 1 	25
123.4678 	DATA 	Keypress: o
123.4689 	DATA 	Keypress: o
123.4701 	DATA 	Keypress: o
123.5024 	Level WAIT 	25
124.4854 	Level RINSE 	25
126.4677 	DATA 	Keypress: o
126.4856 	Level jitter 	25
131.4626 	Level finished 	25
131.4640 	DATA 	Keypress: o
131.4653 	DATA 	Keypress: o
131.4663 	DATA 	Keypress: o
131.4863 	Level image=tasty.jpg 	25
132.4865 	Level injecting via pump at address 0 	25
138.4678 	DATA 	Keypress: o
138.4691 	DATA 	Keypress: o
138.4703 	DATA 	Keypress: o
138.4874 	Level WAIT 	25
139.4651 	DATA 	Keypress: o
139.4705 	Level RINSE 	25
141.4674 	DATA 	Keypress: o
141.4874 	Level jitter 	25
145.4626 	Level finished 	25
145.4639 	DATA 	Keypress: o
145.4651 	DATA 	Keypress: o
145.5046 	Level image=waterlogo.jpg 	25
146.4714 	Level injecting via pump at address 0 	25
152.4684 	DATA 	Keypress: o
152.4698 	DATA 	Keypress: o
152.4711 	DATA 	Keypress: o
152.4890 	Level WAIT 	25
153.4651 	DATA 	Keypress: o
153.4888 	Level RINSE 	25
155.4676 	DATA 	Keypress: o
155.4724 	Level jitter 	25
157.4626 	Level finished 	25
157.4638 	DATA 	Keypress: o
157.4893 	Level image=tasty.jpg 	25
158.4728 	Level injecting via pump at address 0 	25
164.4678 	DATA 	Keypress: o
164.4691 	DATA 	Keypress: o
164.4701 	DATA 	Keypress: o
164.4738 	Level WAIT 	25
165.4651 	DATA 	Keypress: o
165.4735 	Level RINSE 	25
167.4671 	DATA 	Keypress: o
167.4737 	Level jitter 	25
175.4626 	Level finished 	25
175.4639 	DATA 	Keypress: o
175.4651 	DATA 	Keypress: o
175.4661 	DATA 	Keypress: o
175.4673 	DATA 	Keypress: o
175.4919 	Level image=waterlogo.jpg 	25
176.4917 	Level injecting via pump at address 0 	25
182.4681 	DATA 	Keypress: o
182.4693 	DATA 	Keypress: o
182.4704 	DATA 	Keypress: o
182.4922 	Level WAIT 	25
183.4651 	DATA 	Keypress: o
183.4756 	Level RINSE 	25
185.4676 	DATA 	Keypress: o
185.4929 	Level jitter 	25
190.4626 	Level finished 	25
190.4640 	DATA 	Keypress: o
190.4651 	DATA 	Keypress: o
190.4932 	Level image=tasty.jpg 	25
191.4650 	DATA 	Keypress: o
191.4934 	Level injecting via pump at address 1 	25
197.4684 	DATA 	Keypress: o
197.4698 	DATA 	Keypress: o
197.4712 	DATA 	Keypress: o
197.4944 	Level WAIT 	25
198.4940 	Level RINSE 	25
200.4675 	DATA 	Keypress: o
200.4943 	Level jitter 	25
202.4626 	Level finished 	25
202.4639 	DATA 	Keypress: o
202.4780 	Level image=tasty.jpg 	25
203.4656 	DATA 	Keypress: o
203.4780 	Level injecting via pump at address 0 	25
209.4676 	DATA 	Keypress: o
209.4688 	DATA 	Keypress: o
209.4698 	DATA 	Keypress: o
209.4957 	Level WAIT 	25
210.4788 	Level RINSE 	25
212.4677 	DATA 	Keypress: o
212.4790 	Level jitter 	25
215.4626 	Level finished 	25
215.4641 	DATA 	Keypress: o
215.4656 	DATA 	Keypress: o
215.4795 	Level image=waterlogo.jpg 	25
216.4796 	Level injecting via pump at address 0 	25
222.4681 	DATA 	Keypress: o
222.4693 	DATA 	Keypress: o
222.4703 	DATA 	Keypress: o
222.4973 	Level WAIT 	25
223.4650 	DATA 	Keypress: o
223.4970 	Level RINSE 	25
225.4675 	DATA 	Keypress: o
225.4805 	Level jitter 	25
233.4626 	Level finished 	25
233.4640 	DATA 	Keypress: o
233.4651 	DATA 	Keypress: o
233.4661 	DATA 	Keypress: o
233.4670 	DATA 	Keypress: o
233.4819 	Level image=tasty.jpg 	25
234.4817 	Level injecting via pump at address 0 	25
240.4683 	DATA 	Keypress: o
240.4703 	DATA 	Keypress: o
240.4718 	DATA 	Keypress: o
240.4823 	Level WAIT 	25
241.4653 	DATA 	Keypress: o
241.4825 	Level RINSE 	25
243.4677 	DATA 	Keypress: o
243.4831 	Level jitter 	25
245.4626 	Level finished 	25
245.4639 	DATA 	Keypress: o
245.4830 	Level image=tasty.jpg 	25
246.4831 	Level injecting via pump at address 1 	25
252.4683 	DATA 	Keypress: o
252.4695 	DATA 	Keypress: o
252.4706 	DATA 	Keypress: o
252.4837 	Level WAIT 	25
253.4650 	DATA 	Keypress: o
253.4842 	Level RINSE 	25
255.4669 	DATA 	Keypress: o
255.4840 	Level jitter 	25
264.4626 	Level finished 	25
264.4642 	DATA 	Keypress: o
264.4656 	DATA 	Keypress: o
264.4668 	DATA 	Keypress: o
264.4680 	DATA 	Keypress: o
264.4855 	Level image=waterlogo.jpg 	25
265.4651 	DATA 	Keypress: o
265.4853 	Level injecting via pump at address 0 	25
271.4680 	DATA 	Keypress: o
271.4693 	DATA 	Keypress: o
271.4704 	DATA 	Keypress: o
271.4859 	Level WAIT 	25
272.4861 	Level RINSE 	25
274.4670 	DATA 	Keypress: o
274.4867 	Level jitter 	25
282.4626 	Level finished 	25
282.4640 	DATA 	Keypress: o
282.4652 	DATA 	Keypress: o
282.4661 	DATA 	Keypress: o
282.4670 	DATA 	Keypress: o
282.4872 	Level image=tasty.jpg 	25
283.4652 	DATA 	Keypress: o
283.4708 	Level injecting via pump at address 0 	25
289.4676 	DATA 	Keypress: o
289.4688 	DATA 	Keypress: o
289.4698 	DATA 	Keypress: o
289.4885 	Level WAIT 	25
290.4882 	Level RINSE 	25
292.4670 	DATA 	Keypress: o
292.4717 	Level jitter 	25
294.4626 	Level finished 	25
294.4640 	DATA 	Keypress: o
294.4886 	Level image=waterlogo.jpg 	25
295.4653 	DATA 	Keypress: o
295.4721 	Level injecting via pump at address 0 	25
301.4682 	DATA 	Keypress: o
301.4696 	DATA 	Keypress: o
301.4708 	DATA 	Keypress: o
301.4899 	Level WAIT 	25
302.4730 	Level RINSE 	25
304.4679 	DATA 	Keypress: o
304.4898 	Level jitter 	25
311.4626 	Level finished 	25
311.4638 	DATA 	Keypress: o
311.4648 	DATA 	Keypress: o
311.4657 	DATA 	Keypress: o
311.4667 	DATA 	Keypress: o
311.4910 	Level image=tasty.jpg 	25
312.4742 	Level injecting via pump at address 1 	25
318.4678 	DATA 	Keypress: o
318.4688 	DATA 	Keypress: o
318.4698 	DATA 	Keypress: o
318.4915 	Level WAIT 	25
319.4657 	DATA 	Keypress: o
319.4916 	Level RINSE 	25
321.4676 	DATA 	Keypress: o
321.4755 	Level jitter 	25
326.4626 	Level finished 	25
326.4641 	DATA 	Keypress: o
326.4655 	DATA 	Keypress: o
326.4924 	Level image=tasty.jpg 	25
327.4650 	DATA 	Keypress: o
327.4760 	Level injecting via pump at address 0 	25
333.4681 	DATA 	Keypress: o
333.4693 	DATA 	Keypress: o
333.4704 	DATA 	Keypress: o
333.4769 	Level WAIT 	25
334.4766 	Level RINSE 	25
336.4680 	DATA 	Keypress: o
336.4768 	Level jitter 	25
338.4626 	Level finished 	25
338.4639 	DATA 	Keypress: o
338.4938 	Level image=tasty.jpg 	25
339.4655 	DATA 	Keypress: o
339.4773 	Level injecting via pump at address 1 	25
345.4689 	DATA 	Keypress: o
345.4704 	DATA 	Keypress: o
345.4717 	DATA 	Keypress: o
345.4783 	Level WAIT 	25
346.4781 	Level RINSE 	25
348.4672 	DATA 	Keypress: o
348.4782 	Level jitter 	25
351.4626 	Level finished 	25
351.4641 	DATA 	Keypress: o
351.4655 	DATA 	Keypress: o
351.4954 	Level image=tasty.jpg 	25
352.4788 	Level injecting via pump at address 0 	25
358.4688 	DATA 	Keypress: o
358.4704 	DATA 	Keypress: o
358.4716 	DATA 	Keypress: o
358.4798 	Level WAIT 	25
359.4655 	DATA 	Keypress: o
359.4796 	Level RINSE 	25
361.4676 	DATA 	Keypress: o
361.4797 	Level jitter 	25
363.4626 	Level finished 	25
363.4638 	DATA 	Keypress: o
363.4967 	Level image=tasty.jpg 	25
364.4802 	Level injecting via pump at address 1 	25
370.4675 	DATA 	Keypress: o
370.4687 	DATA 	Keypress: o
370.4697 	DATA 	Keypress: o
370.4814 	Level WAIT 	25
371.4651 	DATA 	Keypress: o
371.4811 	Level RINSE 	25
373.4678 	DATA 	Keypress: o
373.4813 	Level jitter 	25
377.4626 	Level finished 	25
377.4639 	DATA 	Keypress: o
377.4651 	DATA 	Keypress: o
377.4817 	Level image=tasty.jpg 	25
378.4818 	Level injecting via pump at address 0 	25
384.4683 	DATA 	Keypress: o
384.4697 	DATA 	Keypress: o
384.4710 	DATA 	Keypress: o
384.4829 	Level WAIT 	25
385.4651 	DATA 	Keypress: o
385.4827 	Level RINSE 	25
387.4672 	DATA 	Keypress: o
387.4828 	Level jitter 	25
389.4626 	Level finished 	25
389.4640 	DATA 	Keypress: o
389.4831 	Level image=tasty.jpg 	25
390.4833 	Level injecting via pump at address 1 	25
396.4672 	DATA 	Keypress: o
396.4683 	DATA 	Keypress: o
396.4692 	DATA 	Keypress: o
396.4844 	Level WAIT 	25
397.4653 	DATA 	Keypress: o
397.4840 	Level RINSE 	25
399.4674 	DATA 	Keypress: o
399.4843 	Level jitter 	25
407.4626 	Level finished 	25
407.4639 	DATA 	Keypress: o
407.4653 	DATA 	Keypress: o
407.4665 	DATA 	Keypress: o
407.4676 	DATA 	Keypress: o
407.5022 	Level image=tasty.jpg 	25
408.4853 	Level injecting via pump at address 0 	25
414.4684 	DATA 	Keypress: o
414.4696 	DATA 	Keypress: o
414.4706 	DATA 	Keypress: o
414.4861 	Level WAIT 	25
415.4654 	DATA 	Keypress: o
415.4862 	Level RINSE 	25
417.4669 	DATA 	Keypress: o
417.4867 	Level jitter 	25
424.4626 	Level finished 	25
