66.5495 	DATA 	Keypress: o
66.5506 	Level start key press 	25
68.5546 	DATA 	Keypress: o
70.5544 	DATA 	Keypress: o
72.5546 	DATA 	Keypress: o
74.5548 	DATA 	Keypress: o
75.0858 	Level image=waterlogo.jpg 	25
76.0359 	Level injecting via pump at address 0 	25
82.0244 	DATA 	Keypress: o
82.0256 	DATA 	Keypress: o
82.0267 	DATA 	Keypress: o
82.0366 	Level WAIT 	25
83.0220 	DATA 	Keypress: o
83.0530 	Level RINSE 	25
85.0322 	DATA 	Keypress: o
85.0530 	Level jitter 	25
92.0190 	Level finished 	25
92.0204 	DATA 	Keypress: o
92.0214 	DATA 	Keypress: o
92.0223 	DATA 	Keypress: o
92.0541 	Level image=tasty.jpg 	25
93.0219 	DATA 	Keypress: o
93.0370 	Level injecting via pump at address 0 	25
99.0242 	DATA 	Keypress: o
99.0252 	DATA 	Keypress: o
99.0262 	DATA 	Keypress: o
99.0540 	Level WAIT 	25
100.0374 	Level RINSE 	25
102.0242 	DATA 	Keypress: o
102.0546 	Level jitter 	25
106.0190 	Level finished 	25
106.0206 	DATA 	Keypress: o
106.0218 	DATA 	Keypress: o
106.0380 	Level image=tasty.jpg 	25
107.0215 	DATA 	Keypress: o
107.0380 	Level injecting via pump at address 1 	25
113.0248 	DATA 	Keypress: o
113.0263 	DATA 	Keypress: o
113.0275 	DATA 	Keypress: o
113.0387 	Level WAIT 	25
114.0384 	Level RINSE 	25
116.0235 	DATA 	Keypress: o
116.0385 	Level jitter 	25
117.0190 	Level finished 	25
117.0202 	DATA 	Keypress: o
117.0386 	Level image=tasty.jpg 	25
118.0389 	Level injecting via pump at address 0 	25
124.0260 	DATA 	Keypress: o
124.0276 	DATA 	Keypress: o
124.0289 	DATA 	Keypress: o
124.0563 	Level WAIT 	25
125.0219 	DATA 	Keypress: o
125.0392 	Level RINSE 	25
127.0246 	DATA 	Keypress: o
127.0559 	Level jitter 	25
135.0190 	Level finished 	25
135.0206 	DATA 	Keypress: o
135.0221 	DATA 	Keypress: o
135.0234 	DATA 	Keypress: o
135.0247 	DATA 	Keypress: o
135.0404 	Level image=waterlogo.jpg 	25
136.0400 	Level injecting via pump at address 0 	25
142.0241 	DATA 	Keypress: o
142.0253 	DATA 	Keypress: o
142.0265 	DATA 	Keypress: o
142.0403 	Level WAIT 	25
143.0214 	DATA 	Keypress: o
143.0239 	Level RINSE 	25
145.0235 	DATA 	Keypress: o
145.0410 	Level jitter 	25
153.0190 	Level finished 	25
153.0204 	DATA 	Keypress: o
153.0216 	DATA 	Keypress: o
153.0228 	DATA 	Keypress: o
153.0241 	DATA 	Keypress: o
153.0411 	Level image=waterlogo.jpg 	25
154.0412 	Level injecting via pump at address 0 	25
160.0242 	DATA 	Keypress: o
160.0252 	DATA 	Keypress: o
160.0261 	DATA 	Keypress: o
160.0420 	Level WAIT 	25
161.0214 	DATA 	Keypress: o
161.0417 	Level RINSE 	25
163.0243 	DATA 	Keypress: o
163.0419 	Level jitter 	25
169.0190 	Level finished 	25
169.0203 	DATA 	Keypress: o
169.0214 	DATA 	Keypress: o
169.0226 	DATA 	Keypress: o
169.0422 	Level image=tasty.jpg 	25
170.0428 	Level injecting via pump at address 1 	25
176.0243 	DATA 	Keypress: o
176.0253 	DATA 	Keypress: o
176.0263 	DATA 	Keypress: o
176.0427 	Level WAIT 	25
177.0215 	DATA 	Keypress: o
177.0429 	Level RINSE 	25
179.0235 	DATA 	Keypress: o
179.0429 	Level jitter 	25
181.0190 	Level finished 	25
181.0203 	DATA 	Keypress: o
181.0435 	Level image=tasty.jpg 	25
182.0432 	Level injecting via pump at address 0 	25
188.0242 	DATA 	Keypress: o
188.0254 	DATA 	Keypress: o
188.0264 	DATA 	Keypress: o
188.0435 	Level WAIT 	25
189.0215 	DATA 	Keypress: o
189.0436 	Level RINSE 	25
191.0236 	DATA 	Keypress: o
191.0442 	Level jitter 	25
197.0190 	Level finished 	25
197.0204 	DATA 	Keypress: o
197.0216 	DATA 	Keypress: o
197.0226 	DATA 	Keypress: o
197.0442 	Level image=waterlogo.jpg 	25
198.0442 	Level injecting via pump at address 0 	25
204.0253 	DATA 	Keypress: o
204.0267 	DATA 	Keypress: o
204.0280 	DATA 	Keypress: o
204.0450 	Level WAIT 	25
205.0221 	DATA 	Keypress: o
205.0448 	Level RINSE 	25
207.0256 	DATA 	Keypress: o
207.0449 	Level jitter 	25
209.0190 	Level finished 	25
209.0204 	DATA 	Keypress: o
209.0450 	Level image=waterlogo.jpg 	25
210.0451 	Level injecting via pump at address 0 	25
216.0246 	DATA 	Keypress: o
216.0259 	DATA 	Keypress: o
216.0271 	DATA 	Keypress: o
216.0459 	Level WAIT 	25
217.0219 	DATA 	Keypress: o
217.0455 	Level RINSE 	25
219.0246 	DATA 	Keypress: o
219.0457 	Level jitter 	25
228.0190 	Level finished 	25
228.0206 	DATA 	Keypress: o
228.0219 	DATA 	Keypress: o
228.0229 	DATA 	Keypress: o
228.0239 	DATA 	Keypress: o
228.0467 	Level image=tasty.jpg 	25
229.0216 	DATA 	Keypress: o
229.0464 	Level injecting via pump at address 1 	25
235.0244 	DATA 	Keypress: o
235.0257 	DATA 	Keypress: o
235.0269 	DATA 	Keypress: o
235.0468 	Level WAIT 	25
236.0469 	Level RINSE 	25
238.0250 	DATA 	Keypress: o
238.0473 	Level jitter 	25
245.0190 	Level finished 	25
245.0204 	DATA 	Keypress: o
245.0217 	DATA 	Keypress: o
245.0227 	DATA 	Keypress: o
245.0238 	DATA 	Keypress: o
245.0475 	Level image=tasty.jpg 	25
246.0310 	Level injecting via pump at address 0 	25
252.0245 	DATA 	Keypress: o
252.0260 	DATA 	Keypress: o
252.0273 	DATA 	Keypress: o
252.0483 	Level WAIT 	25
253.0223 	DATA 	Keypress: o
253.0313 	Level RINSE 	25
255.0241 	DATA 	Keypress: o
255.0481 	Level jitter 	25
262.0190 	Level finished 	25
262.0204 	DATA 	Keypress: o
262.0217 	DATA 	Keypress: o
262.0227 	DATA 	Keypress: o
262.0491 	Level image=waterlogo.jpg 	25
263.0219 	DATA 	Keypress: o
263.0321 	Level injecting via pump at address 0 	25
269.0250 	DATA 	Keypress: o
269.0264 	DATA 	Keypress: o
269.0276 	DATA 	Keypress: o
269.0490 	Level WAIT 	25
270.0492 	Level RINSE 	25
272.0237 	DATA 	Keypress: o
272.0331 	Level jitter 	25
277.0190 	Level finished 	25
277.0204 	DATA 	Keypress: o
277.0214 	DATA 	Keypress: o
277.0224 	DATA 	Keypress: o
277.0497 	Level image=tasty.jpg 	25
278.0331 	Level injecting via pump at address 0 	25
284.0247 	DATA 	Keypress: o
284.0261 	DATA 	Keypress: o
284.0274 	DATA 	Keypress: o
284.0339 	Level WAIT 	25
285.0217 	DATA 	Keypress: o
285.0336 	Level RINSE 	25
287.0241 	DATA 	Keypress: o
287.0337 	Level jitter 	25
288.0190 	Level finished 	25
288.0339 	Level image=tasty.jpg 	25
289.0216 	DATA 	Keypress: o
289.0505 	Level injecting via pump at address 1 	25
295.0244 	DATA 	Keypress: o
295.0256 	DATA 	Keypress: o
295.0268 	DATA 	Keypress: o
295.0514 	Level WAIT 	25
296.0343 	Level RINSE 	25
298.0241 	DATA 	Keypress: o
298.0511 	Level jitter 	25
301.0190 	Level finished 	25
301.0205 	DATA 	Keypress: o
301.0219 	DATA 	Keypress: o
301.0513 	Level image=tasty.jpg 	25
302.0514 	Level injecting via pump at address 0 	25
308.0247 	DATA 	Keypress: o
308.0260 	DATA 	Keypress: o
308.0272 	DATA 	Keypress: o
308.0523 	Level WAIT 	25
309.0217 	DATA 	Keypress: o
309.0352 	Level RINSE 	25
311.0249 	DATA 	Keypress: o
311.0520 	Level jitter 	25
313.0190 	Level finished 	25
313.0204 	DATA 	Keypress: o
313.0522 	Level image=tasty.jpg 	25
314.0356 	Level injecting via pump at address 1 	25
320.0245 	DATA 	Keypress: o
320.0258 	DATA 	Keypress: o
320.0270 	DATA 	Keypress: o
320.0531 	Level WAIT 	25
321.0219 	DATA 	Keypress: o
321.0360 	Level RINSE 	25
323.0240 	DATA 	Keypress: o
323.0529 	Level jitter 	25
325.0190 	Level finished 	25
325.0202 	DATA 	Keypress: o
325.0363 	Level image=tasty.jpg 	25
326.0364 	Level injecting via pump at address 0 	25
332.0246 	DATA 	Keypress: o
332.0260 	DATA 	Keypress: o
332.0272 	DATA 	Keypress: o
332.0539 	Level WAIT 	25
333.0216 	DATA 	Keypress: o
333.0536 	Level RINSE 	25
335.0240 	DATA 	Keypress: o
335.0370 	Level jitter 	25
336.0190 	Level finished 	25
336.0539 	Level image=waterlogo.jpg 	25
337.0219 	DATA 	Keypress: o
337.0372 	Level injecting via pump at address 0 	25
343.0242 	DATA 	Keypress: o
343.0252 	DATA 	Keypress: o
343.0262 	DATA 	Keypress: o
343.0380 	Level WAIT 	25
344.0376 	Level RINSE 	25
346.0254 	DATA 	Keypress: o
346.0377 	Level jitter 	25
352.0190 	Level finished 	25
352.0203 	DATA 	Keypress: o
352.0214 	DATA 	Keypress: o
352.0226 	DATA 	Keypress: o
352.0381 	Level image=tasty.jpg 	25
353.0215 	DATA 	Keypress: o
353.0387 	Level injecting via pump at address 1 	25
359.0243 	DATA 	Keypress: o
359.0253 	DATA 	Keypress: o
359.0263 	DATA 	Keypress: o
359.0386 	Level WAIT 	25
360.0388 	Level RINSE 	25
362.0241 	DATA 	Keypress: o
362.0389 	Level jitter 	25
365.0190 	Level finished 	25
365.0205 	DATA 	Keypress: o
365.0218 	DATA 	Keypress: o
365.0395 	Level image=tasty.jpg 	25
366.0392 	Level injecting via pump at address 0 	25
372.0243 	DATA 	Keypress: o
372.0254 	DATA 	Keypress: o
372.0263 	DATA 	Keypress: o
372.0396 	Level WAIT 	25
373.0217 	DATA 	Keypress: o
373.0397 	Level RINSE 	25
375.0249 	DATA 	Keypress: o
375.0403 	Level jitter 	25
377.0190 	Level finished 	25
377.0203 	DATA 	Keypress: o
377.0399 	Level image=tasty.jpg 	25
378.0400 	Level injecting via pump at address 1 	25
384.0236 	DATA 	Keypress: o
384.0246 	DATA 	Keypress: o
384.0256 	DATA 	Keypress: o
384.0403 	Level WAIT 	25
385.0215 	DATA 	Keypress: o
385.0410 	Level RINSE 	25
387.0235 	DATA 	Keypress: o
387.0406 	Level jitter 	25
391.0190 	Level finished 	25
391.0203 	DATA 	Keypress: o
391.0213 	DATA 	Keypress: o
391.0409 	Level image=tasty.jpg 	25
392.0410 	Level injecting via pump at address 0 	25
398.0241 	DATA 	Keypress: o
398.0255 	DATA 	Keypress: o
398.0267 	DATA 	Keypress: o
398.0417 	Level WAIT 	25
399.0218 	DATA 	Keypress: o
399.0249 	Level RINSE 	25
401.0235 	DATA 	Keypress: o
401.0415 	Level jitter 	25
408.0190 	Level finished 	25
408.0205 	DATA 	Keypress: o
408.0215 	DATA 	Keypress: o
408.0227 	DATA 	Keypress: o
408.0592 	Level image=tasty.jpg 	25
409.0219 	DATA 	Keypress: o
409.0421 	Level injecting via pump at address 0 	25
415.0252 	DATA 	Keypress: o
415.0273 	DATA 	Keypress: o
415.0285 	DATA 	Keypress: o
415.0425 	Level WAIT 	25
416.0426 	Level RINSE 	25
418.0245 	DATA 	Keypress: o
418.0432 	Level jitter 	25
422.0190 	Level finished 	25
