61.8524 	DATA 	Keypress: o
61.8532 	Level start key press 	25
63.8621 	DATA 	Keypress: o
65.8622 	DATA 	Keypress: o
67.8625 	DATA 	Keypress: o
69.8629 	DATA 	Keypress: o
70.3771 	Level image=waterlogo.jpg 	25
71.3273 	Level injecting via pump at address 0 	25
77.3156 	DATA 	Keypress: o
77.3168 	DATA 	Keypress: o
77.3180 	DATA 	Keypress: o
77.3449 	Level WAIT 	25
78.3131 	DATA 	Keypress: o
78.3281 	Level RINSE 	25
80.3244 	DATA 	Keypress: o
80.3449 	Level jitter 	25
82.3104 	Level finished 	25
82.3115 	DATA 	Keypress: o
82.3286 	Level image=tasty.jpg 	25
83.3287 	Level injecting via pump at address 1 	25
89.3155 	DATA 	Keypress: o
89.3164 	DATA 	Keypress: o
89.3176 	DATA 	Keypress: o
89.3298 	Level WAIT 	25
90.3133 	DATA 	Keypress: o
90.3462 	Level RINSE 	25
92.3148 	DATA 	Keypress: o
92.3297 	Level jitter 	25
94.3104 	Level finished 	25
94.3115 	DATA 	Keypress: o
94.3300 	Level image=tasty.jpg 	25
95.3302 	Level injecting via pump at address 0 	25
101.3156 	DATA 	Keypress: o
101.3170 	DATA 	Keypress: o
101.3181 	DATA 	Keypress: o
101.3311 	Level WAIT 	25
102.3128 	DATA 	Keypress: o
102.3308 	Level RINSE 	25
104.3154 	DATA 	Keypress: o
104.3311 	Level jitter 	25
109.3104 	Level finished 	25
109.3119 	DATA 	Keypress: o
109.3130 	DATA 	Keypress: o
109.3319 	Level image=tasty.jpg 	25
110.3132 	DATA 	Keypress: o
110.3319 	Level injecting via pump at address 1 	25
116.3161 	DATA 	Keypress: o
116.3173 	DATA 	Keypress: o
116.3185 	DATA 	Keypress: o
116.3328 	Level WAIT 	25
117.3326 	Level RINSE 	25
119.3157 	DATA 	Keypress: o
119.3328 	Level jitter 	25
125.3104 	Level finished 	25
125.3117 	DATA 	Keypress: o
125.3128 	DATA 	Keypress: o
125.3141 	DATA 	Keypress: o
125.3336 	Level image=tasty.jpg 	25
126.3129 	DATA 	Keypress: o
126.3341 	Level injecting via pump at address 0 	25
132.3160 	DATA 	Keypress: o
132.3171 	DATA 	Keypress: o
132.3182 	DATA 	Keypress: o
132.3343 	Level WAIT 	25
133.3345 	Level RINSE 	25
135.3153 	DATA 	Keypress: o
135.3347 	Level jitter 	25
137.3104 	Level finished 	25
137.3117 	DATA 	Keypress: o
137.3520 	Level image=waterlogo.jpg 	25
138.3129 	DATA 	Keypress: o
138.3352 	Level injecting via pump at address 0 	25
144.3155 	DATA 	Keypress: o
144.3167 	DATA 	Keypress: o
144.3179 	DATA 	Keypress: o
144.3357 	Level WAIT 	25
145.3359 	Level RINSE 	25
147.3157 	DATA 	Keypress: o
147.3365 	Level jitter 	25
156.3104 	Level finished 	25
156.3117 	DATA 	Keypress: o
156.3130 	DATA 	Keypress: o
156.3141 	DATA 	Keypress: o
156.3152 	DATA 	Keypress: o
156.3163 	DATA 	Keypress: o
156.3371 	Level image=tasty.jpg 	25
157.3210 	Level injecting via pump at address 0 	25
163.3156 	DATA 	Keypress: o
163.3170 	DATA 	Keypress: o
163.3181 	DATA 	Keypress: o
163.3380 	Level WAIT 	25
164.3130 	DATA 	Keypress: o
164.3381 	Level RINSE 	25
166.3148 	DATA 	Keypress: o
166.3216 	Level jitter 	25
167.3104 	Level finished 	25
167.3389 	Level image=waterlogo.jpg 	25
168.3130 	DATA 	Keypress: o
168.3387 	Level injecting via pump at address 0 	25
174.3157 	DATA 	Keypress: o
174.3170 	DATA 	Keypress: o
174.3181 	DATA 	Keypress: o
174.3392 	Level WAIT 	25
175.3228 	Level RINSE 	25
177.3152 	DATA 	Keypress: o
177.3401 	Level jitter 	25
183.3104 	Level finished 	25
183.3118 	DATA 	Keypress: o
183.3130 	DATA 	Keypress: o
183.3141 	DATA 	Keypress: o
183.3404 	Level image=tasty.jpg 	25
184.3133 	DATA 	Keypress: o
184.3238 	Level injecting via pump at address 0 	25
190.3166 	DATA 	Keypress: o
190.3180 	DATA 	Keypress: o
190.3193 	DATA 	Keypress: o
190.3415 	Level WAIT 	25
191.3247 	Level RINSE 	25
193.3154 	DATA 	Keypress: o
193.3415 	Level jitter 	25
201.3104 	Level finished 	25
201.3120 	DATA 	Keypress: o
201.3132 	DATA 	Keypress: o
201.3142 	DATA 	Keypress: o
201.3151 	DATA 	Keypress: o
201.3428 	Level image=tasty.jpg 	25
202.3130 	DATA 	Keypress: o
202.3426 	Level injecting via pump at address 1 	25
208.3156 	DATA 	Keypress: o
208.3166 	DATA 	Keypress: o
208.3175 	DATA 	Keypress: o
208.3432 	Level WAIT 	25
209.3267 	Level RINSE 	25
211.3153 	DATA 	Keypress: o
211.3441 	Level jitter 	25
216.3104 	Level finished 	25
216.3116 	DATA 	Keypress: o
216.3129 	DATA 	Keypress: o
216.3140 	DATA 	Keypress: o
216.3276 	Level image=tasty.jpg 	25
217.3277 	Level injecting via pump at address 0 	25
223.3155 	DATA 	Keypress: o
223.3167 	DATA 	Keypress: o
223.3177 	DATA 	Keypress: o
223.3287 	Level WAIT 	25
224.3132 	DATA 	Keypress: o
224.3452 	Level RINSE 	25
226.3154 	DATA 	Keypress: o
226.3287 	Level jitter 	25
233.3104 	Level finished 	25
233.3119 	DATA 	Keypress: o
233.3132 	DATA 	Keypress: o
233.3144 	DATA 	Keypress: o
233.3467 	Level image=waterlogo.jpg 	25
234.3128 	DATA 	Keypress: o
234.3298 	Level injecting via pump at address 0 	25
240.3175 	DATA 	Keypress: o
240.3192 	DATA 	Keypress: o
240.3209 	DATA 	Keypress: o
240.3471 	Level WAIT 	25
241.3304 	Level RINSE 	25
243.3154 	DATA 	Keypress: o
243.3477 	Level jitter 	25
249.3104 	Level finished 	25
249.3116 	DATA 	Keypress: o
249.3126 	DATA 	Keypress: o
249.3137 	DATA 	Keypress: o
249.3481 	Level image=waterlogo.jpg 	25
250.3143 	DATA 	Keypress: o
250.3317 	Level injecting via pump at address 0 	25
256.3152 	DATA 	Keypress: o
256.3164 	DATA 	Keypress: o
256.3176 	DATA 	Keypress: o
256.3325 	Level WAIT 	25
257.3323 	Level RINSE 	25
259.3155 	DATA 	Keypress: o
259.3325 	Level jitter 	25
261.3104 	Level finished 	25
261.3117 	DATA 	Keypress: o
261.3328 	Level image=tasty.jpg 	25
262.3129 	DATA 	Keypress: o
262.3163 	Level injecting via pump at address 0 	25
268.3161 	DATA 	Keypress: o
268.3174 	DATA 	Keypress: o
268.3185 	DATA 	Keypress: o
268.3507 	Level WAIT 	25
269.3338 	Level RINSE 	25
271.3157 	DATA 	Keypress: o
271.3339 	Level jitter 	25
278.3104 	Level finished 	25
278.3116 	DATA 	Keypress: o
278.3126 	DATA 	Keypress: o
278.3136 	DATA 	Keypress: o
278.3145 	DATA 	Keypress: o
278.3353 	Level image=tasty.jpg 	25
279.3350 	Level injecting via pump at address 1 	25
285.3162 	DATA 	Keypress: o
285.3174 	DATA 	Keypress: o
285.3187 	DATA 	Keypress: o
285.3355 	Level WAIT 	25
286.3130 	DATA 	Keypress: o
286.3357 	Level RINSE 	25
288.3155 	DATA 	Keypress: o
288.3364 	Level jitter 	25
296.3104 	Level finished 	25
296.3120 	DATA 	Keypress: o
296.3133 	DATA 	Keypress: o
296.3145 	DATA 	Keypress: o
296.3157 	DATA 	Keypress: o
296.3536 	Level image=waterlogo.jpg 	25
297.3204 	Level injecting via pump at address 0 	25
303.3154 	DATA 	Keypress: o
303.3166 	DATA 	Keypress: o
303.3177 	DATA 	Keypress: o
303.3381 	Level WAIT 	25
304.3129 	DATA 	Keypress: o
304.3379 	Level RINSE 	25
306.3157 	DATA 	Keypress: o
306.3213 	Level jitter 	25
314.3104 	Level finished 	25
314.3120 	DATA 	Keypress: o
314.3132 	DATA 	Keypress: o
314.3143 	DATA 	Keypress: o
314.3154 	DATA 	Keypress: o
314.3394 	Level image=tasty.jpg 	25
315.3225 	Level injecting via pump at address 1 	25
321.3153 	DATA 	Keypress: o
321.3167 	DATA 	Keypress: o
321.3180 	DATA 	Keypress: o
321.3398 	Level WAIT 	25
322.3128 	DATA 	Keypress: o
322.3233 	Level RINSE 	25
324.3148 	DATA 	Keypress: o
324.3405 	Level jitter 	25
326.3104 	Level finished 	25
326.3115 	DATA 	Keypress: o
326.3404 	Level image=tasty.jpg 	25
327.3406 	Level injecting via pump at address 0 	25
333.3157 	DATA 	Keypress: o
333.3170 	DATA 	Keypress: o
333.3182 	DATA 	Keypress: o
333.3412 	Level WAIT 	25
334.3130 	DATA 	Keypress: o
334.3251 	Level RINSE 	25
336.3153 	DATA 	Keypress: o
336.3416 	Level jitter 	25
340.3104 	Level finished 	25
340.3117 	DATA 	Keypress: o
340.3130 	DATA 	Keypress: o
340.3253 	Level image=tasty.jpg 	25
341.3254 	Level injecting via pump at address 1 	25
347.3158 	DATA 	Keypress: o
347.3168 	DATA 	Keypress: o
347.3178 	DATA 	Keypress: o
347.3267 	Level WAIT 	25
348.3130 	DATA 	Keypress: o
348.3263 	Level RINSE 	25
350.3153 	DATA 	Keypress: o
350.3265 	Level jitter 	25
353.3104 	Level finished 	25
353.3119 	DATA 	Keypress: o
353.3269 	Level image=tasty.jpg 	25
354.3129 	DATA 	Keypress: o
354.3270 	Level injecting via pump at address 0 	25
360.3155 	DATA 	Keypress: o
360.3168 	DATA 	Keypress: o
360.3179 	DATA 	Keypress: o
360.3282 	Level WAIT 	25
361.3278 	Level RINSE 	25
363.3152 	DATA 	Keypress: o
363.3280 	Level jitter 	25
371.3104 	Level finished 	25
371.3116 	DATA 	Keypress: o
371.3128 	DATA 	Keypress: o
371.3138 	DATA 	Keypress: o
371.3150 	DATA 	Keypress: o
371.3461 	Level image=waterlogo.jpg 	25
372.3132 	DATA 	Keypress: o
372.3291 	Level injecting via pump at address 0 	25
378.3165 	DATA 	Keypress: o
378.3178 	DATA 	Keypress: o
378.3190 	DATA 	Keypress: o
378.3298 	Level WAIT 	25
379.3299 	Level RINSE 	25
381.3155 	DATA 	Keypress: o
381.3305 	Level jitter 	25
386.3104 	Level finished 	25
386.3117 	DATA 	Keypress: o
386.3129 	DATA 	Keypress: o
386.3139 	DATA 	Keypress: o
386.3474 	Level image=tasty.jpg 	25
387.3309 	Level injecting via pump at address 1 	25
393.3160 	DATA 	Keypress: o
393.3175 	DATA 	Keypress: o
393.3191 	DATA 	Keypress: o
393.3319 	Level WAIT 	25
394.3130 	DATA 	Keypress: o
394.3317 	Level RINSE 	25
396.3151 	DATA 	Keypress: o
396.3486 	Level jitter 	25
403.3104 	Level finished 	25
403.3118 	DATA 	Keypress: o
403.3130 	DATA 	Keypress: o
403.3143 	DATA 	Keypress: o
403.3332 	Level image=tasty.jpg 	25
404.3132 	DATA 	Keypress: o
404.3329 	Level injecting via pump at address 0 	25
410.3155 	DATA 	Keypress: o
410.3165 	DATA 	Keypress: o
410.3174 	DATA 	Keypress: o
410.3335 	Level WAIT 	25
411.3336 	Level RINSE 	25
413.3148 	DATA 	Keypress: o
413.3343 	Level jitter 	25
421.3104 	Level finished 	25
421.3117 	DATA 	Keypress: o
421.3128 	DATA 	Keypress: o
421.3137 	DATA 	Keypress: o
421.3147 	DATA 	Keypress: o
421.3515 	Level image=tasty.jpg 	25
422.3131 	DATA 	Keypress: o
422.3350 	Level injecting via pump at address 0 	25
428.3151 	DATA 	Keypress: o
428.3161 	DATA 	Keypress: o
428.3170 	DATA 	Keypress: o
428.3360 	Level WAIT 	25
429.3357 	Level RINSE 	25
431.3156 	DATA 	Keypress: o
431.3360 	Level jitter 	25
438.3104 	Level finished 	25
