53.0548 	DATA 	Keypress: o
53.0556 	Level start key press 	25
55.0805 	DATA 	Keypress: o
57.0690 	DATA 	Keypress: o
59.0680 	DATA 	Keypress: o
61.0653 	DATA 	Keypress: o
61.8589 	Level image=tasty.jpg 	25
62.8042 	Level injecting via pump at address 1 	25
68.8045 	DATA 	Keypress: o
68.8059 	DATA 	Keypress: o
68.8071 	DATA 	Keypress: o
69.8012 	DATA 	Keypress: o
71.8126 	DATA 	Keypress: o
80.7982 	Level finished 	25
80.8000 	DATA 	Keypress: o
80.8012 	DATA 	Keypress: o
80.8024 	DATA 	Keypress: o
80.8034 	DATA 	Keypress: o
80.8088 	Level image=waterlogo.jpg 	25
81.8011 	DATA 	Keypress: o
81.8140 	Level injecting via pump at address 0 	25
87.8033 	DATA 	Keypress: o
87.8048 	DATA 	Keypress: o
87.8058 	DATA 	Keypress: o
90.8036 	DATA 	Keypress: o
94.7982 	Level finished 	25
94.7998 	DATA 	Keypress: o
94.8010 	DATA 	Keypress: o
94.8059 	Level image=tasty.jpg 	25
95.8015 	DATA 	Keypress: o
95.8290 	Level injecting via pump at address 1 	25
101.8039 	DATA 	Keypress: o
101.8052 	DATA 	Keypress: o
101.8064 	DATA 	Keypress: o
104.8040 	DATA 	Keypress: o
108.7982 	Level finished 	25
108.7997 	DATA 	Keypress: o
108.8009 	DATA 	Keypress: o
108.8058 	Level image=waterlogo.jpg 	25
109.8016 	DATA 	Keypress: o
109.8059 	Level injecting via pump at address 0 	25
115.8041 	DATA 	Keypress: o
115.8053 	DATA 	Keypress: o
115.8066 	DATA 	Keypress: o
118.8033 	DATA 	Keypress: o
122.7982 	Level finished 	25
122.7997 	DATA 	Keypress: o
122.8008 	DATA 	Keypress: o
122.8171 	Level image=waterlogo.jpg 	25
123.8009 	DATA 	Keypress: o
123.8148 	Level injecting via pump at address 0 	25
129.8039 	DATA 	Keypress: o
129.8050 	DATA 	Keypress: o
129.8061 	DATA 	Keypress: o
132.8039 	DATA 	Keypress: o
136.7982 	Level finished 	25
136.7997 	DATA 	Keypress: o
136.8010 	DATA 	Keypress: o
136.8051 	Level image=tasty.jpg 	25
137.8011 	DATA 	Keypress: o
137.8080 	Level injecting via pump at address 1 	25
143.8042 	DATA 	Keypress: o
143.8056 	DATA 	Keypress: o
143.8070 	DATA 	Keypress: o
146.8036 	DATA 	Keypress: o
152.7982 	Level finished 	25
152.7997 	DATA 	Keypress: o
152.8009 	DATA 	Keypress: o
152.8020 	DATA 	Keypress: o
152.8072 	Level image=waterlogo.jpg 	25
153.8014 	DATA 	Keypress: o
153.8073 	Level injecting via pump at address 0 	25
159.8041 	DATA 	Keypress: o
159.8054 	DATA 	Keypress: o
159.8067 	DATA 	Keypress: o
162.8036 	DATA 	Keypress: o
165.7982 	Level finished 	25
165.7996 	DATA 	Keypress: o
165.8006 	DATA 	Keypress: o
165.8051 	Level image=tasty.jpg 	25
166.8039 	Level injecting via pump at address 1 	25
172.8037 	DATA 	Keypress: o
172.8049 	DATA 	Keypress: o
172.8062 	DATA 	Keypress: o
173.8009 	DATA 	Keypress: o
175.8047 	DATA 	Keypress: o
178.7982 	Level finished 	25
178.7997 	DATA 	Keypress: o
178.8054 	Level image=waterlogo.jpg 	25
179.8011 	DATA 	Keypress: o
179.8200 	Level injecting via pump at address 0 	25
185.8053 	DATA 	Keypress: o
185.8069 	DATA 	Keypress: o
185.8086 	DATA 	Keypress: o
188.8032 	DATA 	Keypress: o
192.7982 	Level finished 	25
192.7996 	DATA 	Keypress: o
192.8009 	DATA 	Keypress: o
192.8183 	Level image=waterlogo.jpg 	25
193.8010 	DATA 	Keypress: o
193.8125 	Level injecting via pump at address 0 	25
199.8031 	DATA 	Keypress: o
199.8047 	DATA 	Keypress: o
199.8063 	DATA 	Keypress: o
202.8033 	DATA 	Keypress: o
207.7982 	Level finished 	25
207.7995 	DATA 	Keypress: o
207.8006 	DATA 	Keypress: o
207.8016 	DATA 	Keypress: o
207.8060 	Level image=tasty.jpg 	25
208.8168 	Level injecting via pump at address 1 	25
214.8042 	DATA 	Keypress: o
214.8057 	DATA 	Keypress: o
214.8069 	DATA 	Keypress: o
215.8013 	DATA 	Keypress: o
217.8037 	DATA 	Keypress: o
220.7982 	Level finished 	25
220.7996 	DATA 	Keypress: o
220.8049 	Level image=waterlogo.jpg 	25
221.8008 	DATA 	Keypress: o
221.8159 	Level injecting via pump at address 0 	25
227.8044 	DATA 	Keypress: o
227.8056 	DATA 	Keypress: o
227.8069 	DATA 	Keypress: o
230.8035 	DATA 	Keypress: o
238.7982 	Level finished 	25
238.7995 	DATA 	Keypress: o
238.8005 	DATA 	Keypress: o
238.8014 	DATA 	Keypress: o
238.8023 	DATA 	Keypress: o
238.8067 	Level image=tasty.jpg 	25
239.8011 	DATA 	Keypress: o
239.8200 	Level injecting via pump at address 1 	25
245.8039 	DATA 	Keypress: o
245.8053 	DATA 	Keypress: o
245.8064 	DATA 	Keypress: o
248.8034 	DATA 	Keypress: o
250.7982 	Level finished 	25
250.7996 	DATA 	Keypress: o
250.8044 	Level image=tasty.jpg 	25
251.8010 	DATA 	Keypress: o
251.8241 	Level injecting via pump at address 1 	25
257.8040 	DATA 	Keypress: o
257.8053 	DATA 	Keypress: o
257.8066 	DATA 	Keypress: o
260.8039 	DATA 	Keypress: o
262.7983 	Level finished 	25
262.7997 	DATA 	Keypress: o
262.8048 	Level image=waterlogo.jpg 	25
263.8010 	DATA 	Keypress: o
263.8101 	Level injecting via pump at address 0 	25
269.8031 	DATA 	Keypress: o
269.8042 	DATA 	Keypress: o
269.8052 	DATA 	Keypress: o
272.8037 	DATA 	Keypress: o
275.7982 	Level finished 	25
275.7994 	DATA 	Keypress: o
275.8008 	DATA 	Keypress: o
275.8061 	Level image=tasty.jpg 	25
276.8248 	Level injecting via pump at address 1 	25
282.8040 	DATA 	Keypress: o
282.8053 	DATA 	Keypress: o
282.8063 	DATA 	Keypress: o
283.8008 	DATA 	Keypress: o
285.8036 	DATA 	Keypress: o
287.7982 	Level finished 	25
287.8001 	DATA 	Keypress: o
287.8058 	Level image=waterlogo.jpg 	25
288.8120 	Level injecting via pump at address 0 	25
294.8039 	DATA 	Keypress: o
294.8051 	DATA 	Keypress: o
294.8063 	DATA 	Keypress: o
295.8012 	DATA 	Keypress: o
297.8054 	DATA 	Keypress: o
298.7982 	Level finished 	25
298.8022 	Level image=tasty.jpg 	25
299.8016 	DATA 	Keypress: o
299.8120 	Level injecting via pump at address 1 	25
305.8032 	DATA 	Keypress: o
305.8044 	DATA 	Keypress: o
305.8057 	DATA 	Keypress: o
308.8037 	DATA 	Keypress: o
310.7982 	Level finished 	25
310.7996 	DATA 	Keypress: o
310.8052 	Level image=waterlogo.jpg 	25
311.8011 	DATA 	Keypress: o
311.8237 	Level injecting via pump at address 0 	25
317.8039 	DATA 	Keypress: o
317.8053 	DATA 	Keypress: o
317.8063 	DATA 	Keypress: o
320.8028 	DATA 	Keypress: o
326.7982 	Level finished 	25
326.7997 	DATA 	Keypress: o
326.8009 	DATA 	Keypress: o
326.8021 	DATA 	Keypress: o
326.8079 	Level image=waterlogo.jpg 	25
327.8013 	DATA 	Keypress: o
327.8073 	Level injecting via pump at address 0 	25
333.8041 	DATA 	Keypress: o
333.8054 	DATA 	Keypress: o
333.8067 	DATA 	Keypress: o
336.8045 	DATA 	Keypress: o
339.7982 	Level finished 	25
339.7997 	DATA 	Keypress: o
339.8009 	DATA 	Keypress: o
339.8054 	Level image=tasty.jpg 	25
340.8208 	Level injecting via pump at address 1 	25
346.8041 	DATA 	Keypress: o
346.8052 	DATA 	Keypress: o
346.8063 	DATA 	Keypress: o
347.8014 	DATA 	Keypress: o
349.8047 	DATA 	Keypress: o
357.7982 	Level finished 	25
357.8000 	DATA 	Keypress: o
357.8011 	DATA 	Keypress: o
357.8021 	DATA 	Keypress: o
357.8031 	DATA 	Keypress: o
357.8083 	Level image=waterlogo.jpg 	25
358.8098 	Level injecting via pump at address 0 	25
364.8036 	DATA 	Keypress: o
364.8048 	DATA 	Keypress: o
364.8060 	DATA 	Keypress: o
365.8013 	DATA 	Keypress: o
367.8055 	DATA 	Keypress: o
372.7982 	Level finished 	25
372.7996 	DATA 	Keypress: o
372.8010 	DATA 	Keypress: o
372.8052 	Level image=tasty.jpg 	25
373.8010 	DATA 	Keypress: o
373.8310 	Level injecting via pump at address 1 	25
379.8038 	DATA 	Keypress: o
379.8049 	DATA 	Keypress: o
379.8059 	DATA 	Keypress: o
382.8038 	DATA 	Keypress: o
386.7982 	Level finished 	25
386.7997 	DATA 	Keypress: o
386.8009 	DATA 	Keypress: o
386.8065 	Level image=waterlogo.jpg 	25
387.8021 	DATA 	Keypress: o
387.8066 	Level injecting via pump at address 0 	25
393.8041 	DATA 	Keypress: o
393.8054 	DATA 	Keypress: o
393.8066 	DATA 	Keypress: o
396.8034 	DATA 	Keypress: o
401.7982 	Level finished 	25
401.8001 	DATA 	Keypress: o
401.8013 	DATA 	Keypress: o
401.8026 	DATA 	Keypress: o
401.8076 	Level image=tasty.jpg 	25
402.8116 	Level injecting via pump at address 1 	25
408.8039 	DATA 	Keypress: o
408.8052 	DATA 	Keypress: o
408.8064 	DATA 	Keypress: o
409.8012 	DATA 	Keypress: o
411.8044 	DATA 	Keypress: o
420.7982 	Level finished 	25
420.7998 	DATA 	Keypress: o
420.8011 	DATA 	Keypress: o
420.8023 	DATA 	Keypress: o
420.8036 	DATA 	Keypress: o
420.8091 	Level image=waterlogo.jpg 	25
421.8008 	DATA 	Keypress: o
421.8104 	Level injecting via pump at address 0 	25
427.8042 	DATA 	Keypress: o
427.8055 	DATA 	Keypress: o
427.8067 	DATA 	Keypress: o
430.8037 	DATA 	Keypress: o
439.7982 	Level finished 	25
439.7998 	DATA 	Keypress: o
439.8011 	DATA 	Keypress: o
439.8024 	DATA 	Keypress: o
439.8036 	DATA 	Keypress: o
439.8047 	DATA 	Keypress: o
439.8090 	Level image=tasty.jpg 	25
440.8116 	Level injecting via pump at address 1 	25
446.8040 	DATA 	Keypress: o
446.8055 	DATA 	Keypress: o
446.8065 	DATA 	Keypress: o
447.8011 	DATA 	Keypress: o
449.8038 	DATA 	Keypress: o
453.7982 	Level finished 	25
453.7997 	DATA 	Keypress: o
453.8010 	DATA 	Keypress: o
453.8051 	Level image=tasty.jpg 	25
454.8198 	Level injecting via pump at address 1 	25
460.8039 	DATA 	Keypress: o
460.8055 	DATA 	Keypress: o
460.8068 	DATA 	Keypress: o
461.8013 	DATA 	Keypress: o
463.8033 	DATA 	Keypress: o
466.7982 	Level finished 	25
466.7995 	DATA 	Keypress: o
466.8050 	Level image=waterlogo.jpg 	25
467.8007 	DATA 	Keypress: o
467.8073 	Level injecting via pump at address 0 	25
473.8040 	DATA 	Keypress: o
473.8053 	DATA 	Keypress: o
473.8066 	DATA 	Keypress: o
476.8031 	DATA 	Keypress: o
477.7982 	Level finished 	25
477.7999 	DATA 	Keypress: o
477.8049 	Level image=tasty.jpg 	25
478.8108 	Level injecting via pump at address 1 	25
484.8040 	DATA 	Keypress: o
484.8053 	DATA 	Keypress: o
484.8066 	DATA 	Keypress: o
485.8011 	DATA 	Keypress: o
487.8039 	DATA 	Keypress: o
494.7982 	Level finished 	25
494.7997 	DATA 	Keypress: o
494.8009 	DATA 	Keypress: o
494.8021 	DATA 	Keypress: o
494.8078 	Level image=waterlogo.jpg 	25
495.8008 	DATA 	Keypress: o
495.8040 	Level injecting via pump at address 0 	25
501.8044 	DATA 	Keypress: o
501.8057 	DATA 	Keypress: o
501.8069 	DATA 	Keypress: o
504.8043 	DATA 	Keypress: o
505.7982 	Level finished 	25
505.7996 	DATA 	Keypress: o
505.8045 	Level image=tasty.jpg 	25
506.8123 	Level injecting via pump at address 1 	25
512.8037 	DATA 	Keypress: o
512.8050 	DATA 	Keypress: o
512.8065 	DATA 	Keypress: o
513.8011 	DATA 	Keypress: o
515.8036 	DATA 	Keypress: o
521.7982 	Level finished 	25
