48.0223 	DATA 	Keypress: o
48.0229 	Level start key press 	25
50.0242 	DATA 	Keypress: o
52.0244 	DATA 	Keypress: o
54.0245 	DATA 	Keypress: o
56.0246 	DATA 	Keypress: o
56.5389 	Level image=tasty.jpg 	25
57.4895 	Level injecting via pump at address 1 	25
63.4768 	DATA 	Keypress: o
63.4779 	DATA 	Keypress: o
63.4789 	DATA 	Keypress: o
63.5060 	Level WAIT 	25
64.4750 	DATA 	Keypress: o
64.4894 	Level RINSE 	25
66.4863 	DATA 	Keypress: o
66.5063 	Level jitter 	25
75.4722 	Level finished 	25
75.4735 	DATA 	Keypress: o
75.4747 	DATA 	Keypress: o
75.4758 	DATA 	Keypress: o
75.4770 	DATA 	Keypress: o
75.5073 	Level image=waterlogo.jpg 	25
76.4749 	DATA 	Keypress: o
76.5070 	Level injecting via pump at address 0 	25
82.4778 	DATA 	Keypress: o
82.4792 	DATA 	Keypress: o
82.4804 	DATA 	Keypress: o
82.5073 	Level WAIT 	25
83.4907 	Level RINSE 	25
85.4774 	DATA 	Keypress: o
85.5079 	Level jitter 	25
89.4721 	Level finished 	25
89.4734 	DATA 	Keypress: o
89.4745 	DATA 	Keypress: o
89.4912 	Level image=tasty.jpg 	25
90.4750 	DATA 	Keypress: o
90.4914 	Level injecting via pump at address 1 	25
96.4775 	DATA 	Keypress: o
96.4789 	DATA 	Keypress: o
96.4801 	DATA 	Keypress: o
96.4920 	Level WAIT 	25
97.4917 	Level RINSE 	25
99.4775 	DATA 	Keypress: o
99.4918 	Level jitter 	25
103.4721 	Level finished 	25
103.4734 	DATA 	Keypress: o
103.4744 	DATA 	Keypress: o
103.4922 	Level image=waterlogo.jpg 	25
104.4751 	DATA 	Keypress: o
104.4924 	Level injecting via pump at address 0 	25
110.4780 	DATA 	Keypress: o
110.4793 	DATA 	Keypress: o
110.4805 	DATA 	Keypress: o
110.5096 	Level WAIT 	25
111.4927 	Level RINSE 	25
113.4768 	DATA 	Keypress: o
113.4928 	Level jitter 	25
117.4721 	Level finished 	25
117.4736 	DATA 	Keypress: o
117.4749 	DATA 	Keypress: o
117.4932 	Level image=waterlogo.jpg 	25
118.4745 	DATA 	Keypress: o
118.4933 	Level injecting via pump at address 0 	25
124.4775 	DATA 	Keypress: o
124.4788 	DATA 	Keypress: o
124.4800 	DATA 	Keypress: o
124.4939 	Level WAIT 	25
125.4936 	Level RINSE 	25
127.4772 	DATA 	Keypress: o
127.4937 	Level jitter 	25
131.4721 	Level finished 	25
131.4735 	DATA 	Keypress: o
131.4749 	DATA 	Keypress: o
131.4941 	Level image=tasty.jpg 	25
132.4744 	DATA 	Keypress: o
132.4943 	Level injecting via pump at address 1 	25
138.4778 	DATA 	Keypress: o
138.4791 	DATA 	Keypress: o
138.4803 	DATA 	Keypress: o
138.4949 	Level WAIT 	25
139.4780 	Level RINSE 	25
141.4775 	DATA 	Keypress: o
141.4947 	Level jitter 	25
147.4721 	Level finished 	25
147.4735 	DATA 	Keypress: o
147.4748 	DATA 	Keypress: o
147.4761 	DATA 	Keypress: o
147.4953 	Level image=waterlogo.jpg 	25
148.4747 	DATA 	Keypress: o
148.4958 	Level injecting via pump at address 0 	25
154.4774 	DATA 	Keypress: o
154.4786 	DATA 	Keypress: o
154.4797 	DATA 	Keypress: o
154.5123 	Level WAIT 	25
155.4791 	Level RINSE 	25
157.4774 	DATA 	Keypress: o
157.4958 	Level jitter 	25
160.4721 	Level finished 	25
160.4735 	DATA 	Keypress: o
160.4748 	DATA 	Keypress: o
160.4965 	Level image=tasty.jpg 	25
161.4795 	Level injecting via pump at address 1 	25
167.4776 	DATA 	Keypress: o
167.4789 	DATA 	Keypress: o
167.4801 	DATA 	Keypress: o
167.4965 	Level WAIT 	25
168.4745 	DATA 	Keypress: o
168.4966 	Level RINSE 	25
170.4776 	DATA 	Keypress: o
170.4804 	Level jitter 	25
173.4721 	Level finished 	25
173.4735 	DATA 	Keypress: o
173.4970 	Level image=waterlogo.jpg 	25
174.4746 	DATA 	Keypress: o
174.4971 	Level injecting via pump at address 0 	25
180.4777 	DATA 	Keypress: o
180.4788 	DATA 	Keypress: o
180.4799 	DATA 	Keypress: o
180.4978 	Level WAIT 	25
181.4975 	Level RINSE 	25
183.4767 	DATA 	Keypress: o
183.4810 	Level jitter 	25
187.4721 	Level finished 	25
187.4734 	DATA 	Keypress: o
187.4746 	DATA 	Keypress: o
187.4980 	Level image=waterlogo.jpg 	25
188.4758 	DATA 	Keypress: o
188.4981 	Level injecting via pump at address 0 	25
194.4776 	DATA 	Keypress: o
194.4789 	DATA 	Keypress: o
194.4801 	DATA 	Keypress: o
194.4988 	Level WAIT 	25
195.4818 	Level RINSE 	25
197.4779 	DATA 	Keypress: o
197.4986 	Level jitter 	25
202.4721 	Level finished 	25
202.4734 	DATA 	Keypress: o
202.4744 	DATA 	Keypress: o
202.4753 	DATA 	Keypress: o
202.4990 	Level image=tasty.jpg 	25
203.4991 	Level injecting via pump at address 1 	25
209.4767 	DATA 	Keypress: o
209.4779 	DATA 	Keypress: o
209.4790 	DATA 	Keypress: o
209.4998 	Level WAIT 	25
210.4750 	DATA 	Keypress: o
210.4995 	Level RINSE 	25
212.4776 	DATA 	Keypress: o
212.4996 	Level jitter 	25
215.4721 	Level finished 	25
215.4735 	DATA 	Keypress: o
215.4999 	Level image=waterlogo.jpg 	25
216.4755 	DATA 	Keypress: o
216.5000 	Level injecting via pump at address 0 	25
222.4767 	DATA 	Keypress: o
222.4780 	DATA 	Keypress: o
222.4792 	DATA 	Keypress: o
222.5008 	Level WAIT 	25
223.5004 	Level RINSE 	25
225.4768 	DATA 	Keypress: o
225.5005 	Level jitter 	25
233.4722 	Level finished 	25
233.4734 	DATA 	Keypress: o
233.4744 	DATA 	Keypress: o
233.4754 	DATA 	Keypress: o
233.4764 	DATA 	Keypress: o
233.5016 	Level image=tasty.jpg 	25
234.4750 	DATA 	Keypress: o
234.5013 	Level injecting via pump at address 1 	25
240.4779 	DATA 	Keypress: o
240.4792 	DATA 	Keypress: o
240.4804 	DATA 	Keypress: o
240.5015 	Level WAIT 	25
241.5016 	Level RINSE 	25
243.4768 	DATA 	Keypress: o
243.4856 	Level jitter 	25
245.4721 	Level finished 	25
245.4735 	DATA 	Keypress: o
245.4853 	Level image=tasty.jpg 	25
246.4750 	DATA 	Keypress: o
246.4853 	Level injecting via pump at address 1 	25
252.4773 	DATA 	Keypress: o
252.4783 	DATA 	Keypress: o
252.4792 	DATA 	Keypress: o
252.4857 	Level WAIT 	25
253.4862 	Level RINSE 	25
255.4775 	DATA 	Keypress: o
255.4859 	Level jitter 	25
257.4721 	Level finished 	25
257.4733 	DATA 	Keypress: o
257.5027 	Level image=waterlogo.jpg 	25
258.4748 	DATA 	Keypress: o
258.4863 	Level injecting via pump at address 0 	25
264.4777 	DATA 	Keypress: o
264.4789 	DATA 	Keypress: o
264.4802 	DATA 	Keypress: o
264.4870 	Level WAIT 	25
265.4866 	Level RINSE 	25
267.4776 	DATA 	Keypress: o
267.4867 	Level jitter 	25
270.4721 	Level finished 	25
270.4735 	DATA 	Keypress: o
270.4748 	DATA 	Keypress: o
270.4870 	Level image=tasty.jpg 	25
271.4872 	Level injecting via pump at address 1 	25
277.4767 	DATA 	Keypress: o
277.4778 	DATA 	Keypress: o
277.4787 	DATA 	Keypress: o
277.4878 	Level WAIT 	25
278.4747 	DATA 	Keypress: o
278.4876 	Level RINSE 	25
280.4780 	DATA 	Keypress: o
280.4876 	Level jitter 	25
282.4721 	Level finished 	25
282.4735 	DATA 	Keypress: o
282.5045 	Level image=waterlogo.jpg 	25
283.4879 	Level injecting via pump at address 0 	25
289.4773 	DATA 	Keypress: o
289.4786 	DATA 	Keypress: o
289.4796 	DATA 	Keypress: o
289.4886 	Level WAIT 	25
290.4747 	DATA 	Keypress: o
290.4883 	Level RINSE 	25
292.4776 	DATA 	Keypress: o
292.4885 	Level jitter 	25
293.4721 	Level finished 	25
293.4885 	Level image=tasty.jpg 	25
294.4750 	DATA 	Keypress: o
294.5054 	Level injecting via pump at address 1 	25
300.4772 	DATA 	Keypress: o
300.4782 	DATA 	Keypress: o
300.4793 	DATA 	Keypress: o
300.5061 	Level WAIT 	25
301.5058 	Level RINSE 	25
303.4773 	DATA 	Keypress: o
303.4892 	Level jitter 	25
305.4721 	Level finished 	25
305.4735 	DATA 	Keypress: o
305.4894 	Level image=waterlogo.jpg 	25
306.4750 	DATA 	Keypress: o
306.4895 	Level injecting via pump at address 0 	25
312.4774 	DATA 	Keypress: o
312.4790 	DATA 	Keypress: o
312.4803 	DATA 	Keypress: o
312.5069 	Level WAIT 	25
313.4900 	Level RINSE 	25
315.4773 	DATA 	Keypress: o
315.4901 	Level jitter 	25
321.4721 	Level finished 	25
321.4734 	DATA 	Keypress: o
321.4744 	DATA 	Keypress: o
321.4755 	DATA 	Keypress: o
321.4906 	Level image=waterlogo.jpg 	25
322.4749 	DATA 	Keypress: o
322.4910 	Level injecting via pump at address 0 	25
328.4777 	DATA 	Keypress: o
328.4791 	DATA 	Keypress: o
328.4803 	DATA 	Keypress: o
328.5076 	Level WAIT 	25
329.4911 	Level RINSE 	25
331.4770 	DATA 	Keypress: o
331.4913 	Level jitter 	25
334.4721 	Level finished 	25
334.4733 	DATA 	Keypress: o
334.4743 	DATA 	Keypress: o
334.4918 	Level image=tasty.jpg 	25
335.4916 	Level injecting via pump at address 1 	25
341.4779 	DATA 	Keypress: o
341.4792 	DATA 	Keypress: o
341.4804 	DATA 	Keypress: o
341.5085 	Level WAIT 	25
342.4747 	DATA 	Keypress: o
342.4920 	Level RINSE 	25
344.4784 	DATA 	Keypress: o
344.5092 	Level jitter 	25
352.4721 	Level finished 	25
352.4735 	DATA 	Keypress: o
352.4747 	DATA 	Keypress: o
352.4759 	DATA 	Keypress: o
352.4772 	DATA 	Keypress: o
352.4926 	Level image=waterlogo.jpg 	25
353.4927 	Level injecting via pump at address 0 	25
359.4776 	DATA 	Keypress: o
359.4790 	DATA 	Keypress: o
359.4803 	DATA 	Keypress: o
359.4936 	Level WAIT 	25
360.4754 	DATA 	Keypress: o
360.4933 	Level RINSE 	25
362.4775 	DATA 	Keypress: o
362.4933 	Level jitter 	25
367.4721 	Level finished 	25
367.4737 	DATA 	Keypress: o
367.4750 	DATA 	Keypress: o
367.4937 	Level image=tasty.jpg 	25
368.4750 	DATA 	Keypress: o
368.4938 	Level injecting via pump at address 1 	25
374.4777 	DATA 	Keypress: o
374.4790 	DATA 	Keypress: o
374.4802 	DATA 	Keypress: o
374.4946 	Level WAIT 	25
375.4943 	Level RINSE 	25
377.4776 	DATA 	Keypress: o
377.4944 	Level jitter 	25
381.4721 	Level finished 	25
381.4735 	DATA 	Keypress: o
381.4748 	DATA 	Keypress: o
381.4946 	Level image=waterlogo.jpg 	25
382.4749 	DATA 	Keypress: o
382.4947 	Level injecting via pump at address 0 	25
388.4777 	DATA 	Keypress: o
388.4788 	DATA 	Keypress: o
388.4798 	DATA 	Keypress: o
388.5122 	Level WAIT 	25
389.4785 	Level RINSE 	25
391.4775 	DATA 	Keypress: o
391.4953 	Level jitter 	25
396.4721 	Level finished 	25
396.4735 	DATA 	Keypress: o
396.4747 	DATA 	Keypress: o
396.4759 	DATA 	Keypress: o
396.4957 	Level image=tasty.jpg 	25
397.4958 	Level injecting via pump at address 1 	25
403.4780 	DATA 	Keypress: o
403.4794 	DATA 	Keypress: o
403.4805 	DATA 	Keypress: o
403.4967 	Level WAIT 	25
404.4749 	DATA 	Keypress: o
404.4963 	Level RINSE 	25
406.4772 	DATA 	Keypress: o
406.4963 	Level jitter 	25
415.4721 	Level finished 	25
415.4735 	DATA 	Keypress: o
415.4747 	DATA 	Keypress: o
415.4762 	DATA 	Keypress: o
415.4775 	DATA 	Keypress: o
415.4975 	Level image=waterlogo.jpg 	25
416.4750 	DATA 	Keypress: o
416.4972 	Level injecting via pump at address 0 	25
422.4777 	DATA 	Keypress: o
422.4790 	DATA 	Keypress: o
422.4802 	DATA 	Keypress: o
422.4974 	Level WAIT 	25
423.4809 	Level RINSE 	25
425.4780 	DATA 	Keypress: o
425.4980 	Level jitter 	25
434.4721 	Level finished 	25
434.4737 	DATA 	Keypress: o
434.4748 	DATA 	Keypress: o
434.4758 	DATA 	Keypress: o
434.4768 	DATA 	Keypress: o
434.4778 	DATA 	Keypress: o
434.4983 	Level image=tasty.jpg 	25
435.4988 	Level injecting via pump at address 1 	25
441.4777 	DATA 	Keypress: o
441.4790 	DATA 	Keypress: o
441.4802 	DATA 	Keypress: o
441.4987 	Level WAIT 	25
442.4752 	DATA 	Keypress: o
442.4823 	Level RINSE 	25
444.4767 	DATA 	Keypress: o
444.4990 	Level jitter 	25
448.4721 	Level finished 	25
448.4734 	DATA 	Keypress: o
448.4745 	DATA 	Keypress: o
448.4830 	Level image=tasty.jpg 	25
449.4826 	Level injecting via pump at address 1 	25
455.4777 	DATA 	Keypress: o
455.4790 	DATA 	Keypress: o
455.4802 	DATA 	Keypress: o
455.4997 	Level WAIT 	25
456.4749 	DATA 	Keypress: o
456.4998 	Level RINSE 	25
458.4776 	DATA 	Keypress: o
458.5004 	Level jitter 	25
461.4721 	Level finished 	25
461.4733 	DATA 	Keypress: o
461.5003 	Level image=waterlogo.jpg 	25
462.4747 	DATA 	Keypress: o
462.5004 	Level injecting via pump at address 0 	25
468.4773 	DATA 	Keypress: o
468.4783 	DATA 	Keypress: o
468.4793 	DATA 	Keypress: o
468.5010 	Level WAIT 	25
469.5007 	Level RINSE 	25
471.4772 	DATA 	Keypress: o
471.5008 	Level jitter 	25
472.4721 	Level finished 	25
472.4733 	DATA 	Keypress: o
472.5010 	Level image=tasty.jpg 	25
473.4844 	Level injecting via pump at address 1 	25
479.4777 	DATA 	Keypress: o
479.4789 	DATA 	Keypress: o
479.4802 	DATA 	Keypress: o
479.4851 	Level WAIT 	25
480.4750 	DATA 	Keypress: o
480.4848 	Level RINSE 	25
482.4769 	DATA 	Keypress: o
482.5016 	Level jitter 	25
489.4721 	Level finished 	25
489.4735 	DATA 	Keypress: o
489.4752 	DATA 	Keypress: o
489.4767 	DATA 	Keypress: o
489.5026 	Level image=waterlogo.jpg 	25
490.4747 	DATA 	Keypress: o
490.4855 	Level injecting via pump at address 0 	25
496.4777 	DATA 	Keypress: o
496.4789 	DATA 	Keypress: o
496.4799 	DATA 	Keypress: o
496.5025 	Level WAIT 	25
497.5026 	Level RINSE 	25
499.4796 	DATA 	Keypress: o
499.5032 	Level jitter 	25
500.4721 	Level finished 	25
500.4734 	DATA 	Keypress: o
500.5029 	Level image=tasty.jpg 	25
501.4863 	Level injecting via pump at address 1 	25
507.4776 	DATA 	Keypress: o
507.4792 	DATA 	Keypress: o
507.4804 	DATA 	Keypress: o
507.5033 	Level WAIT 	25
508.4747 	DATA 	Keypress: o
508.4867 	Level RINSE 	25
510.4775 	DATA 	Keypress: o
510.5039 	Level jitter 	25
516.4721 	Level finished 	25
