73.2701 	DATA 	Keypress: o
73.2709 	Level start key press 	25
75.2693 	DATA 	Keypress: o
77.2694 	DATA 	Keypress: o
79.2696 	DATA 	Keypress: o
81.2699 	DATA 	Keypress: o
81.8007 	Level image=waterlogo.jpg 	25
82.7513 	Level injecting via pump at address 0 	25
88.7392 	DATA 	Keypress: o
88.7407 	DATA 	Keypress: o
88.7420 	DATA 	Keypress: o
88.7515 	Level WAIT 	25
89.7368 	DATA 	Keypress: o
89.7518 	Level RINSE 	25
91.7461 	DATA 	Keypress: o
91.7519 	Level jitter 	25
98.7340 	Level finished 	25
98.7354 	DATA 	Keypress: o
98.7367 	DATA 	Keypress: o
98.7378 	DATA 	Keypress: o
98.7532 	Level image=waterlogo.jpg 	25
99.7364 	DATA 	Keypress: o
99.7529 	Level injecting via pump at address 0 	25
105.7392 	DATA 	Keypress: o
105.7402 	DATA 	Keypress: o
105.7411 	DATA 	Keypress: o
105.7702 	Level WAIT 	25
106.7370 	Level RINSE 	25
108.7393 	DATA 	Keypress: o
108.7542 	Level jitter 	25
113.7340 	Level finished 	25
113.7355 	DATA 	Keypress: o
113.7366 	DATA 	Keypress: o
113.7377 	DATA 	Keypress: o
113.7545 	Level image=tasty.jpg 	25
114.7547 	Level injecting via pump at address 1 	25
120.7397 	DATA 	Keypress: o
120.7410 	DATA 	Keypress: o
120.7422 	DATA 	Keypress: o
120.7558 	Level WAIT 	25
121.7366 	DATA 	Keypress: o
121.7555 	Level RINSE 	25
123.7392 	DATA 	Keypress: o
123.7556 	Level jitter 	25
126.7339 	Level finished 	25
126.7353 	DATA 	Keypress: o
126.7560 	Level image=tasty.jpg 	25
127.7371 	DATA 	Keypress: o
127.7562 	Level injecting via pump at address 0 	25
133.7396 	DATA 	Keypress: o
133.7411 	DATA 	Keypress: o
133.7422 	DATA 	Keypress: o
133.7573 	Level WAIT 	25
134.7570 	Level RINSE 	25
136.7394 	DATA 	Keypress: o
136.7571 	Level jitter 	25
142.7340 	Level finished 	25
142.7354 	DATA 	Keypress: o
142.7366 	DATA 	Keypress: o
142.7378 	DATA 	Keypress: o
142.7579 	Level image=tasty.jpg 	25
143.7363 	DATA 	Keypress: o
143.7585 	Level injecting via pump at address 0 	25
149.7386 	DATA 	Keypress: o
149.7399 	DATA 	Keypress: o
149.7411 	DATA 	Keypress: o
149.7587 	Level WAIT 	25
150.7421 	Level RINSE 	25
152.7391 	DATA 	Keypress: o
152.7590 	Level jitter 	25
161.7339 	Level finished 	25
161.7353 	DATA 	Keypress: o
161.7363 	DATA 	Keypress: o
161.7371 	DATA 	Keypress: o
161.7383 	DATA 	Keypress: o
161.7393 	DATA 	Keypress: o
161.7606 	Level image=tasty.jpg 	25
162.7604 	Level injecting via pump at address 1 	25
168.7387 	DATA 	Keypress: o
168.7397 	DATA 	Keypress: o
168.7406 	DATA 	Keypress: o
168.7609 	Level WAIT 	25
169.7364 	DATA 	Keypress: o
169.7444 	Level RINSE 	25
171.7390 	DATA 	Keypress: o
171.7617 	Level jitter 	25
177.7340 	Level finished 	25
177.7353 	DATA 	Keypress: o
177.7365 	DATA 	Keypress: o
177.7376 	DATA 	Keypress: o
177.7620 	Level image=tasty.jpg 	25
178.7454 	Level injecting via pump at address 0 	25
184.7390 	DATA 	Keypress: o
184.7402 	DATA 	Keypress: o
184.7411 	DATA 	Keypress: o
184.7465 	Level WAIT 	25
185.7367 	DATA 	Keypress: o
185.7463 	Level RINSE 	25
187.7395 	DATA 	Keypress: o
187.7631 	Level jitter 	25
190.7339 	Level finished 	25
190.7352 	DATA 	Keypress: o
190.7636 	Level image=tasty.jpg 	25
191.7363 	DATA 	Keypress: o
191.7470 	Level injecting via pump at address 1 	25
197.7393 	DATA 	Keypress: o
197.7407 	DATA 	Keypress: o
197.7417 	DATA 	Keypress: o
197.7481 	Level WAIT 	25
198.7478 	Level RINSE 	25
200.7393 	DATA 	Keypress: o
200.7480 	Level jitter 	25
205.7339 	Level finished 	25
205.7351 	DATA 	Keypress: o
205.7361 	DATA 	Keypress: o
205.7371 	DATA 	Keypress: o
205.7654 	Level image=tasty.jpg 	25
206.7488 	Level injecting via pump at address 0 	25
212.7393 	DATA 	Keypress: o
212.7406 	DATA 	Keypress: o
212.7418 	DATA 	Keypress: o
212.7665 	Level WAIT 	25
213.7364 	DATA 	Keypress: o
213.7495 	Level RINSE 	25
215.7390 	DATA 	Keypress: o
215.7664 	Level jitter 	25
216.7339 	Level finished 	25
216.7500 	Level image=waterlogo.jpg 	25
217.7364 	DATA 	Keypress: o
217.7501 	Level injecting via pump at address 0 	25
223.7390 	DATA 	Keypress: o
223.7400 	DATA 	Keypress: o
223.7411 	DATA 	Keypress: o
223.7678 	Level WAIT 	25
224.7508 	Level RINSE 	25
226.7389 	DATA 	Keypress: o
226.7510 	Level jitter 	25
231.7339 	Level finished 	25
231.7351 	DATA 	Keypress: o
231.7364 	DATA 	Keypress: o
231.7376 	DATA 	Keypress: o
231.7517 	Level image=waterlogo.jpg 	25
232.7518 	Level injecting via pump at address 0 	25
238.7385 	DATA 	Keypress: o
238.7397 	DATA 	Keypress: o
238.7408 	DATA 	Keypress: o
238.7528 	Level WAIT 	25
239.7365 	DATA 	Keypress: o
239.7526 	Level RINSE 	25
241.7393 	DATA 	Keypress: o
241.7528 	Level jitter 	25
244.7339 	Level finished 	25
244.7351 	DATA 	Keypress: o
244.7533 	Level image=tasty.jpg 	25
245.7367 	DATA 	Keypress: o
245.7534 	Level injecting via pump at address 0 	25
251.7392 	DATA 	Keypress: o
251.7407 	DATA 	Keypress: o
251.7419 	DATA 	Keypress: o
251.7544 	Level WAIT 	25
252.7541 	Level RINSE 	25
254.7389 	DATA 	Keypress: o
254.7543 	Level jitter 	25
260.7340 	Level finished 	25
260.7352 	DATA 	Keypress: o
260.7363 	DATA 	Keypress: o
260.7374 	DATA 	Keypress: o
260.7551 	Level image=waterlogo.jpg 	25
261.7363 	DATA 	Keypress: o
261.7556 	Level injecting via pump at address 0 	25
267.7388 	DATA 	Keypress: o
267.7399 	DATA 	Keypress: o
267.7411 	DATA 	Keypress: o
267.7558 	Level WAIT 	25
268.7560 	Level RINSE 	25
270.7382 	DATA 	Keypress: o
270.7562 	Level jitter 	25
272.7339 	Level finished 	25
272.7351 	DATA 	Keypress: o
272.7569 	Level image=waterlogo.jpg 	25
273.7367 	DATA 	Keypress: o
273.7567 	Level injecting via pump at address 0 	25
279.7389 	DATA 	Keypress: o
279.7400 	DATA 	Keypress: o
279.7411 	DATA 	Keypress: o
279.7572 	Level WAIT 	25
280.7573 	Level RINSE 	25
282.7389 	DATA 	Keypress: o
282.7579 	Level jitter 	25
290.7339 	Level finished 	25
290.7352 	DATA 	Keypress: o
290.7363 	DATA 	Keypress: o
290.7372 	DATA 	Keypress: o
290.7384 	DATA 	Keypress: o
290.7753 	Level image=tasty.jpg 	25
291.7362 	DATA 	Keypress: o
291.7587 	Level injecting via pump at address 0 	25
297.7392 	DATA 	Keypress: o
297.7405 	DATA 	Keypress: o
297.7416 	DATA 	Keypress: o
297.7598 	Level WAIT 	25
298.7595 	Level RINSE 	25
300.7382 	DATA 	Keypress: o
300.7430 	Level jitter 	25
305.7340 	Level finished 	25
305.7353 	DATA 	Keypress: o
305.7366 	DATA 	Keypress: o
305.7379 	DATA 	Keypress: o
305.7603 	Level image=waterlogo.jpg 	25
306.7438 	Level injecting via pump at address 0 	25
312.7387 	DATA 	Keypress: o
312.7397 	DATA 	Keypress: o
312.7407 	DATA 	Keypress: o
312.7450 	Level WAIT 	25
313.7363 	DATA 	Keypress: o
313.7447 	Level RINSE 	25
315.7392 	DATA 	Keypress: o
315.7615 	Level jitter 	25
320.7339 	Level finished 	25
320.7352 	DATA 	Keypress: o
320.7362 	DATA 	Keypress: o
320.7621 	Level image=tasty.jpg 	25
321.7365 	DATA 	Keypress: o
321.7622 	Level injecting via pump at address 0 	25
327.7395 	DATA 	Keypress: o
327.7408 	DATA 	Keypress: o
327.7422 	DATA 	Keypress: o
327.7633 	Level WAIT 	25
328.7463 	Level RINSE 	25
330.7384 	DATA 	Keypress: o
330.7632 	Level jitter 	25
337.7339 	Level finished 	25
337.7352 	DATA 	Keypress: o
337.7363 	DATA 	Keypress: o
337.7375 	DATA 	Keypress: o
337.7388 	DATA 	Keypress: o
337.7478 	Level image=tasty.jpg 	25
338.7476 	Level injecting via pump at address 1 	25
344.7389 	DATA 	Keypress: o
344.7402 	DATA 	Keypress: o
344.7413 	DATA 	Keypress: o
344.7482 	Level WAIT 	25
345.7365 	DATA 	Keypress: o
345.7483 	Level RINSE 	25
347.7387 	DATA 	Keypress: o
347.7490 	Level jitter 	25
351.7339 	Level finished 	25
351.7351 	DATA 	Keypress: o
351.7361 	DATA 	Keypress: o
351.7658 	Level image=tasty.jpg 	25
352.7659 	Level injecting via pump at address 0 	25
358.7393 	DATA 	Keypress: o
358.7403 	DATA 	Keypress: o
358.7412 	DATA 	Keypress: o
358.7670 	Level WAIT 	25
359.7367 	DATA 	Keypress: o
359.7500 	Level RINSE 	25
361.7386 	DATA 	Keypress: o
361.7670 	Level jitter 	25
364.7340 	Level finished 	25
364.7351 	DATA 	Keypress: o
364.7672 	Level image=tasty.jpg 	25
365.7372 	DATA 	Keypress: o
365.7507 	Level injecting via pump at address 1 	25
371.7397 	DATA 	Keypress: o
371.7410 	DATA 	Keypress: o
371.7422 	DATA 	Keypress: o
371.7685 	Level WAIT 	25
372.7516 	Level RINSE 	25
374.7394 	DATA 	Keypress: o
374.7684 	Level jitter 	25
379.7339 	Level finished 	25
379.7352 	DATA 	Keypress: o
379.7362 	DATA 	Keypress: o
379.7372 	DATA 	Keypress: o
379.7523 	Level image=tasty.jpg 	25
380.7524 	Level injecting via pump at address 0 	25
386.7390 	DATA 	Keypress: o
386.7403 	DATA 	Keypress: o
386.7414 	DATA 	Keypress: o
386.7702 	Level WAIT 	25
387.7368 	DATA 	Keypress: o
387.7533 	Level RINSE 	25
389.7387 	DATA 	Keypress: o
389.7534 	Level jitter 	25
390.7339 	Level finished 	25
390.7536 	Level image=tasty.jpg 	25
391.7367 	DATA 	Keypress: o
391.7537 	Level injecting via pump at address 1 	25
397.7384 	DATA 	Keypress: o
397.7395 	DATA 	Keypress: o
397.7405 	DATA 	Keypress: o
397.7548 	Level WAIT 	25
398.7546 	Level RINSE 	25
400.7394 	DATA 	Keypress: o
400.7548 	Level jitter 	25
409.7339 	Level finished 	25
409.7352 	DATA 	Keypress: o
409.7362 	DATA 	Keypress: o
409.7371 	DATA 	Keypress: o
409.7382 	DATA 	Keypress: o
409.7391 	DATA 	Keypress: o
409.7563 	Level image=tasty.jpg 	25
410.7560 	Level injecting via pump at address 1 	25
416.7385 	DATA 	Keypress: o
416.7395 	DATA 	Keypress: o
416.7404 	DATA 	Keypress: o
416.7566 	Level WAIT 	25
417.7363 	DATA 	Keypress: o
417.7569 	Level RINSE 	25
419.7391 	DATA 	Keypress: o
419.7574 	Level jitter 	25
428.7340 	Level finished 	25
428.7356 	DATA 	Keypress: o
428.7368 	DATA 	Keypress: o
428.7380 	DATA 	Keypress: o
428.7392 	DATA 	Keypress: o
428.7582 	Level image=tasty.jpg 	25
429.7365 	DATA 	Keypress: o
429.7587 	Level injecting via pump at address 0 	25
435.7399 	DATA 	Keypress: o
435.7413 	DATA 	Keypress: o
435.7425 	DATA 	Keypress: o
435.7588 	Level WAIT 	25
436.7590 	Level RINSE 	25
438.7389 	DATA 	Keypress: o
438.7592 	Level jitter 	25
440.7340 	Level finished 	25
