73.1574 	DATA 	Keypress: o
73.1583 	Level start key press 	25
75.1568 	DATA 	Keypress: o
77.1567 	DATA 	Keypress: o
79.1569 	DATA 	Keypress: o
81.1739 	DATA 	Keypress: o
81.6881 	Level image=waterlogo.jpg 	25
82.6216 	Level injecting via pump at address 0 	25
88.6099 	DATA 	Keypress: o
88.6109 	DATA 	Keypress: o
88.6118 	DATA 	Keypress: o
88.6224 	Level WAIT 	25
89.6078 	DATA 	Keypress: o
89.6221 	Level RINSE 	25
91.6186 	DATA 	Keypress: o
91.6388 	Level jitter 	25
97.6048 	Level finished 	25
97.6061 	DATA 	Keypress: o
97.6071 	DATA 	Keypress: o
97.6083 	DATA 	Keypress: o
97.6226 	Level image=tasty.jpg 	25
98.6231 	Level injecting via pump at address 1 	25
104.6098 	DATA 	Keypress: o
104.6108 	DATA 	Keypress: o
104.6118 	DATA 	Keypress: o
104.6232 	Level WAIT 	25
105.6072 	DATA 	Keypress: o
105.6233 	Level RINSE 	25
107.6096 	DATA 	Keypress: o
107.6233 	Level jitter 	25
113.6048 	Level finished 	25
113.6060 	DATA 	Keypress: o
113.6070 	DATA 	Keypress: o
113.6079 	DATA 	Keypress: o
113.6242 	Level image=tasty.jpg 	25
114.6238 	Level injecting via pump at address 1 	25
120.6104 	DATA 	Keypress: o
120.6116 	DATA 	Keypress: o
120.6128 	DATA 	Keypress: o
120.6409 	Level WAIT 	25
121.6072 	DATA 	Keypress: o
121.6243 	Level RINSE 	25
123.6099 	DATA 	Keypress: o
123.6248 	Level jitter 	25
125.6048 	Level finished 	25
125.6059 	DATA 	Keypress: o
125.6245 	Level image=waterlogo.jpg 	25
126.6246 	Level injecting via pump at address 0 	25
132.6101 	DATA 	Keypress: o
132.6114 	DATA 	Keypress: o
132.6125 	DATA 	Keypress: o
132.6250 	Level WAIT 	25
133.6072 	DATA 	Keypress: o
133.6256 	Level RINSE 	25
135.6092 	DATA 	Keypress: o
135.6252 	Level jitter 	25
141.6048 	Level finished 	25
141.6061 	DATA 	Keypress: o
141.6076 	DATA 	Keypress: o
141.6088 	DATA 	Keypress: o
141.6256 	Level image=tasty.jpg 	25
142.6258 	Level injecting via pump at address 1 	25
148.6093 	DATA 	Keypress: o
148.6104 	DATA 	Keypress: o
148.6113 	DATA 	Keypress: o
148.6266 	Level WAIT 	25
149.6072 	DATA 	Keypress: o
149.6263 	Level RINSE 	25
151.6093 	DATA 	Keypress: o
151.6263 	Level jitter 	25
156.6048 	Level finished 	25
156.6061 	DATA 	Keypress: o
156.6073 	DATA 	Keypress: o
156.6267 	Level image=waterlogo.jpg 	25
157.6072 	DATA 	Keypress: o
157.6268 	Level injecting via pump at address 0 	25
163.6092 	DATA 	Keypress: o
163.6102 	DATA 	Keypress: o
163.6111 	DATA 	Keypress: o
163.6276 	Level WAIT 	25
164.6273 	Level RINSE 	25
166.6096 	DATA 	Keypress: o
166.6273 	Level jitter 	25
171.6048 	Level finished 	25
171.6061 	DATA 	Keypress: o
171.6076 	DATA 	Keypress: o
171.6088 	DATA 	Keypress: o
171.6444 	Level image=tasty.jpg 	25
172.6278 	Level injecting via pump at address 1 	25
178.6098 	DATA 	Keypress: o
178.6108 	DATA 	Keypress: o
178.6117 	DATA 	Keypress: o
178.6286 	Level WAIT 	25
179.6076 	DATA 	Keypress: o
179.6283 	Level RINSE 	25
181.6094 	DATA 	Keypress: o
181.6284 	Level jitter 	25
187.6048 	Level finished 	25
187.6060 	DATA 	Keypress: o
187.6070 	DATA 	Keypress: o
187.6081 	DATA 	Keypress: o
187.6288 	Level image=waterlogo.jpg 	25
188.6294 	Level injecting via pump at address 0 	25
194.6102 	DATA 	Keypress: o
194.6116 	DATA 	Keypress: o
194.6127 	DATA 	Keypress: o
194.6293 	Level WAIT 	25
195.6072 	DATA 	Keypress: o
195.6294 	Level RINSE 	25
197.6093 	DATA 	Keypress: o
197.6295 	Level jitter 	25
200.6048 	Level finished 	25
200.6059 	DATA 	Keypress: o
200.6301 	Level image=tasty.jpg 	25
201.6076 	DATA 	Keypress: o
201.6298 	Level injecting via pump at address 1 	25
207.6095 	DATA 	Keypress: o
207.6105 	DATA 	Keypress: o
207.6118 	DATA 	Keypress: o
207.6302 	Level WAIT 	25
208.6303 	Level RINSE 	25
210.6105 	DATA 	Keypress: o
210.6308 	Level jitter 	25
218.6048 	Level finished 	25
218.6061 	DATA 	Keypress: o
218.6073 	DATA 	Keypress: o
218.6084 	DATA 	Keypress: o
218.6093 	DATA 	Keypress: o
218.6310 	Level image=waterlogo.jpg 	25
219.6076 	DATA 	Keypress: o
219.6312 	Level injecting via pump at address 0 	25
225.6104 	DATA 	Keypress: o
225.6117 	DATA 	Keypress: o
225.6129 	DATA 	Keypress: o
225.6318 	Level WAIT 	25
226.6315 	Level RINSE 	25
228.6099 	DATA 	Keypress: o
228.6150 	Level jitter 	25
230.6048 	Level finished 	25
230.6061 	DATA 	Keypress: o
230.6318 	Level image=tasty.jpg 	25
231.6077 	DATA 	Keypress: o
231.6153 	Level injecting via pump at address 1 	25
237.6105 	DATA 	Keypress: o
237.6117 	DATA 	Keypress: o
237.6129 	DATA 	Keypress: o
237.6326 	Level WAIT 	25
238.6157 	Level RINSE 	25
240.6102 	DATA 	Keypress: o
240.6158 	Level jitter 	25
249.6048 	Level finished 	25
249.6060 	DATA 	Keypress: o
249.6071 	DATA 	Keypress: o
249.6080 	DATA 	Keypress: o
249.6089 	DATA 	Keypress: o
249.6099 	DATA 	Keypress: o
249.6336 	Level image=waterlogo.jpg 	25
250.6166 	Level injecting via pump at address 0 	25
256.6103 	DATA 	Keypress: o
256.6115 	DATA 	Keypress: o
256.6130 	DATA 	Keypress: o
256.6336 	Level WAIT 	25
257.6076 	DATA 	Keypress: o
257.6337 	Level RINSE 	25
259.6094 	DATA 	Keypress: o
259.6176 	Level jitter 	25
261.6048 	Level finished 	25
261.6062 	DATA 	Keypress: o
261.6340 	Level image=tasty.jpg 	25
262.6174 	Level injecting via pump at address 1 	25
268.6104 	DATA 	Keypress: o
268.6116 	DATA 	Keypress: o
268.6125 	DATA 	Keypress: o
268.6177 	Level WAIT 	25
269.6076 	DATA 	Keypress: o
269.6181 	Level RINSE 	25
271.6098 	DATA 	Keypress: o
271.6346 	Level jitter 	25
274.6048 	Level finished 	25
274.6062 	DATA 	Keypress: o
274.6348 	Level image=waterlogo.jpg 	25
275.6076 	DATA 	Keypress: o
275.6183 	Level injecting via pump at address 0 	25
281.6095 	DATA 	Keypress: o
281.6105 	DATA 	Keypress: o
281.6117 	DATA 	Keypress: o
281.6190 	Level WAIT 	25
282.6187 	Level RINSE 	25
284.6091 	DATA 	Keypress: o
284.6188 	Level jitter 	25
288.6048 	Level finished 	25
288.6063 	DATA 	Keypress: o
288.6077 	DATA 	Keypress: o
288.6358 	Level image=tasty.jpg 	25
289.6076 	DATA 	Keypress: o
289.6359 	Level injecting via pump at address 1 	25
295.6099 	DATA 	Keypress: o
295.6110 	DATA 	Keypress: o
295.6119 	DATA 	Keypress: o
295.6366 	Level WAIT 	25
296.6197 	Level RINSE 	25
298.6101 	DATA 	Keypress: o
298.6364 	Level jitter 	25
299.6048 	Level finished 	25
299.6061 	DATA 	Keypress: o
299.6366 	Level image=waterlogo.jpg 	25
300.6200 	Level injecting via pump at address 0 	25
306.6092 	DATA 	Keypress: o
306.6102 	DATA 	Keypress: o
306.6111 	DATA 	Keypress: o
306.6208 	Level WAIT 	25
307.6072 	DATA 	Keypress: o
307.6205 	Level RINSE 	25
309.6108 	DATA 	Keypress: o
309.6205 	Level jitter 	25
312.6048 	Level finished 	25
312.6062 	DATA 	Keypress: o
312.6208 	Level image=tasty.jpg 	25
313.6077 	DATA 	Keypress: o
313.6209 	Level injecting via pump at address 1 	25
319.6094 	DATA 	Keypress: o
319.6107 	DATA 	Keypress: o
319.6117 	DATA 	Keypress: o
319.6216 	Level WAIT 	25
320.6213 	Level RINSE 	25
322.6101 	DATA 	Keypress: o
322.6214 	Level jitter 	25
330.6048 	Level finished 	25
330.6062 	DATA 	Keypress: o
330.6074 	DATA 	Keypress: o
330.6085 	DATA 	Keypress: o
330.6096 	DATA 	Keypress: o
330.6391 	Level image=tasty.jpg 	25
331.6076 	DATA 	Keypress: o
331.6222 	Level injecting via pump at address 1 	25
337.6102 	DATA 	Keypress: o
337.6112 	DATA 	Keypress: o
337.6124 	DATA 	Keypress: o
337.6225 	Level WAIT 	25
338.6226 	Level RINSE 	25
340.6107 	DATA 	Keypress: o
340.6231 	Level jitter 	25
344.6048 	Level finished 	25
344.6064 	DATA 	Keypress: o
344.6077 	DATA 	Keypress: o
344.6230 	Level image=waterlogo.jpg 	25
345.6076 	DATA 	Keypress: o
345.6232 	Level injecting via pump at address 0 	25
351.6096 	DATA 	Keypress: o
351.6106 	DATA 	Keypress: o
351.6115 	DATA 	Keypress: o
351.6239 	Level WAIT 	25
352.6236 	Level RINSE 	25
354.6097 	DATA 	Keypress: o
354.6236 	Level jitter 	25
357.6048 	Level finished 	25
357.6064 	DATA 	Keypress: o
357.6079 	DATA 	Keypress: o
357.6239 	Level image=tasty.jpg 	25
358.6240 	Level injecting via pump at address 1 	25
364.6106 	DATA 	Keypress: o
364.6118 	DATA 	Keypress: o
364.6130 	DATA 	Keypress: o
364.6415 	Level WAIT 	25
365.6072 	DATA 	Keypress: o
365.6244 	Level RINSE 	25
367.6105 	DATA 	Keypress: o
367.6412 	Level jitter 	25
372.6048 	Level finished 	25
372.6062 	DATA 	Keypress: o
372.6072 	DATA 	Keypress: o
372.6250 	Level image=waterlogo.jpg 	25
373.6076 	DATA 	Keypress: o
373.6251 	Level injecting via pump at address 0 	25
379.6092 	DATA 	Keypress: o
379.6102 	DATA 	Keypress: o
379.6112 	DATA 	Keypress: o
379.6257 	Level WAIT 	25
380.6255 	Level RINSE 	25
382.6096 	DATA 	Keypress: o
382.6256 	Level jitter 	25
387.6048 	Level finished 	25
387.6060 	DATA 	Keypress: o
387.6071 	DATA 	Keypress: o
387.6080 	DATA 	Keypress: o
387.6260 	Level image=waterlogo.jpg 	25
388.6262 	Level injecting via pump at address 0 	25
394.6098 	DATA 	Keypress: o
394.6108 	DATA 	Keypress: o
394.6117 	DATA 	Keypress: o
394.6268 	Level WAIT 	25
395.6076 	DATA 	Keypress: o
395.6265 	Level RINSE 	25
397.6098 	DATA 	Keypress: o
397.6266 	Level jitter 	25
406.6048 	Level finished 	25
406.6060 	DATA 	Keypress: o
406.6070 	DATA 	Keypress: o
406.6082 	DATA 	Keypress: o
406.6093 	DATA 	Keypress: o
406.6277 	Level image=tasty.jpg 	25
407.6073 	DATA 	Keypress: o
407.6274 	Level injecting via pump at address 1 	25
413.6093 	DATA 	Keypress: o
413.6104 	DATA 	Keypress: o
413.6115 	DATA 	Keypress: o
413.6277 	Level WAIT 	25
414.6278 	Level RINSE 	25
416.6098 	DATA 	Keypress: o
416.6284 	Level jitter 	25
418.6048 	Level finished 	25
418.6061 	DATA 	Keypress: o
418.6281 	Level image=waterlogo.jpg 	25
419.6072 	DATA 	Keypress: o
419.6283 	Level injecting via pump at address 0 	25
425.6103 	DATA 	Keypress: o
425.6113 	DATA 	Keypress: o
425.6122 	DATA 	Keypress: o
425.6286 	Level WAIT 	25
426.6291 	Level RINSE 	25
428.6099 	DATA 	Keypress: o
428.6288 	Level jitter 	25
431.6048 	Level finished 	25
431.6060 	DATA 	Keypress: o
431.6071 	DATA 	Keypress: o
431.6290 	Level image=waterlogo.jpg 	25
432.6292 	Level injecting via pump at address 0 	25
438.6094 	DATA 	Keypress: o
438.6104 	DATA 	Keypress: o
438.6116 	DATA 	Keypress: o
438.6299 	Level WAIT 	25
439.6076 	DATA 	Keypress: o
439.6296 	Level RINSE 	25
441.6098 	DATA 	Keypress: o
441.6296 	Level jitter 	25
446.6048 	Level finished 	25
446.6060 	DATA 	Keypress: o
446.6069 	DATA 	Keypress: o
446.6301 	Level image=tasty.jpg 	25
447.6072 	DATA 	Keypress: o
447.6302 	Level injecting via pump at address 1 	25
453.6103 	DATA 	Keypress: o
453.6117 	DATA 	Keypress: o
453.6129 	DATA 	Keypress: o
453.6309 	Level WAIT 	25
454.6306 	Level RINSE 	25
456.6102 	DATA 	Keypress: o
456.6307 	Level jitter 	25
458.6048 	Level finished 	25
458.6059 	DATA 	Keypress: o
458.6309 	Level image=tasty.jpg 	25
459.6076 	DATA 	Keypress: o
459.6143 	Level injecting via pump at address 1 	25
465.6092 	DATA 	Keypress: o
465.6102 	DATA 	Keypress: o
465.6112 	DATA 	Keypress: o
465.6318 	Level WAIT 	25
466.6314 	Level RINSE 	25
468.6093 	DATA 	Keypress: o
468.6148 	Level jitter 	25
475.6048 	Level finished 	25
475.6060 	DATA 	Keypress: o
475.6071 	DATA 	Keypress: o
475.6080 	DATA 	Keypress: o
475.6089 	DATA 	Keypress: o
475.6325 	Level image=waterlogo.jpg 	25
476.6322 	Level injecting via pump at address 0 	25
482.6099 	DATA 	Keypress: o
482.6109 	DATA 	Keypress: o
482.6118 	DATA 	Keypress: o
482.6325 	Level WAIT 	25
483.6078 	DATA 	Keypress: o
483.6326 	Level RINSE 	25
485.6104 	DATA 	Keypress: o
485.6331 	Level jitter 	25
488.6048 	Level finished 	25
488.6059 	DATA 	Keypress: o
488.6330 	Level image=tasty.jpg 	25
489.6072 	DATA 	Keypress: o
489.6331 	Level injecting via pump at address 1 	25
495.6102 	DATA 	Keypress: o
495.6112 	DATA 	Keypress: o
495.6121 	DATA 	Keypress: o
495.6338 	Level WAIT 	25
496.6168 	Level RINSE 	25
498.6099 	DATA 	Keypress: o
498.6336 	Level jitter 	25
500.6048 	Level finished 	25
500.6059 	DATA 	Keypress: o
500.6338 	Level image=waterlogo.jpg 	25
501.6072 	DATA 	Keypress: o
501.6339 	Level injecting via pump at address 0 	25
507.6099 	DATA 	Keypress: o
507.6109 	DATA 	Keypress: o
507.6120 	DATA 	Keypress: o
507.6346 	Level WAIT 	25
508.6343 	Level RINSE 	25
510.6092 	DATA 	Keypress: o
510.6344 	Level jitter 	25
518.6048 	Level finished 	25
518.6060 	DATA 	Keypress: o
518.6070 	DATA 	Keypress: o
518.6081 	DATA 	Keypress: o
518.6090 	DATA 	Keypress: o
518.6187 	Level image=tasty.jpg 	25
519.6076 	DATA 	Keypress: o
519.6184 	Level injecting via pump at address 1 	25
525.6098 	DATA 	Keypress: o
525.6108 	DATA 	Keypress: o
525.6117 	DATA 	Keypress: o
525.6355 	Level WAIT 	25
526.6356 	Level RINSE 	25
528.6115 	DATA 	Keypress: o
528.6194 	Level jitter 	25
530.6048 	Level finished 	25
530.6061 	DATA 	Keypress: o
530.6358 	Level image=waterlogo.jpg 	25
531.6072 	DATA 	Keypress: o
531.6193 	Level injecting via pump at address 0 	25
537.6098 	DATA 	Keypress: o
537.6108 	DATA 	Keypress: o
537.6117 	DATA 	Keypress: o
537.6196 	Level WAIT 	25
538.6201 	Level RINSE 	25
540.6103 	DATA 	Keypress: o
540.6198 	Level jitter 	25
547.6048 	Level finished 	25
