50.2250 	DATA 	Keypress: o
50.2260 	Level start key press 	25
52.2499 	DATA 	Keypress: o
54.2333 	DATA 	Keypress: o
56.2335 	DATA 	Keypress: o
58.2503 	DATA 	Keypress: o
58.7814 	Level image=waterlogo.jpg 	25
59.7319 	Level injecting via pump at address 0 	25
65.7201 	DATA 	Keypress: o
65.7214 	DATA 	Keypress: o
65.7226 	DATA 	Keypress: o
65.7317 	Level WAIT 	25
66.7176 	DATA 	Keypress: o
66.7318 	Level RINSE 	25
68.7281 	DATA 	Keypress: o
68.7486 	Level jitter 	25
75.7146 	Level finished 	25
75.7158 	DATA 	Keypress: o
75.7170 	DATA 	Keypress: o
75.7182 	DATA 	Keypress: o
75.7496 	Level image=waterlogo.jpg 	25
76.7170 	DATA 	Keypress: o
76.7326 	Level injecting via pump at address 0 	25
82.7199 	DATA 	Keypress: o
82.7212 	DATA 	Keypress: o
82.7222 	DATA 	Keypress: o
82.7496 	Level WAIT 	25
83.7330 	Level RINSE 	25
85.7199 	DATA 	Keypress: o
85.7502 	Level jitter 	25
90.7146 	Level finished 	25
90.7158 	DATA 	Keypress: o
90.7170 	DATA 	Keypress: o
90.7182 	DATA 	Keypress: o
90.7335 	Level image=tasty.jpg 	25
91.7336 	Level injecting via pump at address 1 	25
97.7194 	DATA 	Keypress: o
97.7204 	DATA 	Keypress: o
97.7214 	DATA 	Keypress: o
97.7344 	Level WAIT 	25
98.7170 	DATA 	Keypress: o
98.7340 	Level RINSE 	25
100.7192 	DATA 	Keypress: o
100.7342 	Level jitter 	25
103.7146 	Level finished 	25
103.7159 	DATA 	Keypress: o
103.7344 	Level image=tasty.jpg 	25
104.7184 	DATA 	Keypress: o
104.7345 	Level injecting via pump at address 0 	25
110.7206 	DATA 	Keypress: o
110.7219 	DATA 	Keypress: o
110.7231 	DATA 	Keypress: o
110.7519 	Level WAIT 	25
111.7349 	Level RINSE 	25
113.7198 	DATA 	Keypress: o
113.7351 	Level jitter 	25
119.7146 	Level finished 	25
119.7160 	DATA 	Keypress: o
119.7170 	DATA 	Keypress: o
119.7180 	DATA 	Keypress: o
119.7355 	Level image=tasty.jpg 	25
120.7175 	DATA 	Keypress: o
120.7360 	Level injecting via pump at address 0 	25
126.7202 	DATA 	Keypress: o
126.7215 	DATA 	Keypress: o
126.7227 	DATA 	Keypress: o
126.7527 	Level WAIT 	25
127.7360 	Level RINSE 	25
129.7205 	DATA 	Keypress: o
129.7362 	Level jitter 	25
138.7146 	Level finished 	25
138.7160 	DATA 	Keypress: o
138.7173 	DATA 	Keypress: o
138.7186 	DATA 	Keypress: o
138.7199 	DATA 	Keypress: o
138.7211 	DATA 	Keypress: o
138.7539 	Level image=tasty.jpg 	25
139.7203 	Level injecting via pump at address 1 	25
145.7191 	DATA 	Keypress: o
145.7201 	DATA 	Keypress: o
145.7214 	DATA 	Keypress: o
145.7539 	Level WAIT 	25
146.7170 	DATA 	Keypress: o
146.7375 	Level RINSE 	25
148.7199 	DATA 	Keypress: o
148.7379 	Level jitter 	25
154.7146 	Level finished 	25
154.7158 	DATA 	Keypress: o
154.7168 	DATA 	Keypress: o
154.7177 	DATA 	Keypress: o
154.7379 	Level image=tasty.jpg 	25
155.7215 	Level injecting via pump at address 0 	25
161.7205 	DATA 	Keypress: o
161.7220 	DATA 	Keypress: o
161.7232 	DATA 	Keypress: o
161.7388 	Level WAIT 	25
162.7171 	DATA 	Keypress: o
162.7385 	Level RINSE 	25
164.7193 	DATA 	Keypress: o
164.7219 	Level jitter 	25
167.7146 	Level finished 	25
167.7158 	DATA 	Keypress: o
167.7388 	Level image=tasty.jpg 	25
168.7171 	DATA 	Keypress: o
168.7389 	Level injecting via pump at address 1 	25
174.7202 	DATA 	Keypress: o
174.7216 	DATA 	Keypress: o
174.7228 	DATA 	Keypress: o
174.7397 	Level WAIT 	25
175.7395 	Level RINSE 	25
177.7197 	DATA 	Keypress: o
177.7395 	Level jitter 	25
182.7146 	Level finished 	25
182.7162 	DATA 	Keypress: o
182.7176 	DATA 	Keypress: o
182.7188 	DATA 	Keypress: o
182.7399 	Level image=tasty.jpg 	25
183.7234 	Level injecting via pump at address 0 	25
189.7206 	DATA 	Keypress: o
189.7219 	DATA 	Keypress: o
189.7231 	DATA 	Keypress: o
189.7408 	Level WAIT 	25
190.7175 	DATA 	Keypress: o
190.7405 	Level RINSE 	25
192.7203 	DATA 	Keypress: o
192.7238 	Level jitter 	25
193.7146 	Level finished 	25
193.7406 	Level image=waterlogo.jpg 	25
194.7174 	DATA 	Keypress: o
194.7407 	Level injecting via pump at address 0 	25
200.7193 	DATA 	Keypress: o
200.7205 	DATA 	Keypress: o
200.7214 	DATA 	Keypress: o
200.7415 	Level WAIT 	25
201.7412 	Level RINSE 	25
203.7191 	DATA 	Keypress: o
203.7413 	Level jitter 	25
208.7146 	Level finished 	25
208.7160 	DATA 	Keypress: o
208.7174 	DATA 	Keypress: o
208.7186 	DATA 	Keypress: o
208.7416 	Level image=waterlogo.jpg 	25
209.7250 	Level injecting via pump at address 0 	25
215.7202 	DATA 	Keypress: o
215.7215 	DATA 	Keypress: o
215.7227 	DATA 	Keypress: o
215.7425 	Level WAIT 	25
216.7170 	DATA 	Keypress: o
216.7422 	Level RINSE 	25
218.7202 	DATA 	Keypress: o
218.7424 	Level jitter 	25
221.7146 	Level finished 	25
221.7159 	DATA 	Keypress: o
221.7425 	Level image=tasty.jpg 	25
222.7175 	DATA 	Keypress: o
222.7426 	Level injecting via pump at address 0 	25
228.7204 	DATA 	Keypress: o
228.7217 	DATA 	Keypress: o
228.7229 	DATA 	Keypress: o
228.7434 	Level WAIT 	25
229.7431 	Level RINSE 	25
231.7200 	DATA 	Keypress: o
231.7432 	Level jitter 	25
237.7146 	Level finished 	25
237.7158 	DATA 	Keypress: o
237.7169 	DATA 	Keypress: o
237.7182 	DATA 	Keypress: o
237.7437 	Level image=waterlogo.jpg 	25
238.7170 	DATA 	Keypress: o
238.7441 	Level injecting via pump at address 0 	25
244.7194 	DATA 	Keypress: o
244.7205 	DATA 	Keypress: o
244.7215 	DATA 	Keypress: o
244.7441 	Level WAIT 	25
245.7443 	Level RINSE 	25
247.7192 	DATA 	Keypress: o
247.7444 	Level jitter 	25
249.7146 	Level finished 	25
249.7159 	DATA 	Keypress: o
249.7449 	Level image=waterlogo.jpg 	25
250.7170 	DATA 	Keypress: o
250.7445 	Level injecting via pump at address 0 	25
256.7208 	DATA 	Keypress: o
256.7222 	DATA 	Keypress: o
256.7235 	DATA 	Keypress: o
256.7449 	Level WAIT 	25
257.7450 	Level RINSE 	25
259.7197 	DATA 	Keypress: o
259.7456 	Level jitter 	25
267.7146 	Level finished 	25
267.7160 	DATA 	Keypress: o
267.7173 	DATA 	Keypress: o
267.7185 	DATA 	Keypress: o
267.7198 	DATA 	Keypress: o
267.7290 	Level image=tasty.jpg 	25
268.7174 	DATA 	Keypress: o
268.7292 	Level injecting via pump at address 0 	25
274.7210 	DATA 	Keypress: o
274.7225 	DATA 	Keypress: o
274.7236 	DATA 	Keypress: o
274.7466 	Level WAIT 	25
275.7296 	Level RINSE 	25
277.7199 	DATA 	Keypress: o
277.7297 	Level jitter 	25
282.7146 	Level finished 	25
282.7160 	DATA 	Keypress: o
282.7174 	DATA 	Keypress: o
282.7186 	DATA 	Keypress: o
282.7468 	Level image=waterlogo.jpg 	25
283.7302 	Level injecting via pump at address 0 	25
289.7191 	DATA 	Keypress: o
289.7202 	DATA 	Keypress: o
289.7212 	DATA 	Keypress: o
289.7309 	Level WAIT 	25
290.7171 	DATA 	Keypress: o
290.7306 	Level RINSE 	25
292.7194 	DATA 	Keypress: o
292.7307 	Level jitter 	25
297.7146 	Level finished 	25
297.7158 	DATA 	Keypress: o
297.7170 	DATA 	Keypress: o
297.7478 	Level image=tasty.jpg 	25
298.7175 	DATA 	Keypress: o
298.7479 	Level injecting via pump at address 0 	25
304.7202 	DATA 	Keypress: o
304.7215 	DATA 	Keypress: o
304.7227 	DATA 	Keypress: o
304.7487 	Level WAIT 	25
305.7316 	Level RINSE 	25
307.7201 	DATA 	Keypress: o
307.7484 	Level jitter 	25
314.7146 	Level finished 	25
314.7160 	DATA 	Keypress: o
314.7172 	DATA 	Keypress: o
314.7182 	DATA 	Keypress: o
314.7195 	DATA 	Keypress: o
314.7328 	Level image=tasty.jpg 	25
315.7325 	Level injecting via pump at address 1 	25
321.7200 	DATA 	Keypress: o
321.7215 	DATA 	Keypress: o
321.7227 	DATA 	Keypress: o
321.7327 	Level WAIT 	25
322.7174 	DATA 	Keypress: o
322.7328 	Level RINSE 	25
324.7200 	DATA 	Keypress: o
324.7333 	Level jitter 	25
328.7146 	Level finished 	25
328.7158 	DATA 	Keypress: o
328.7170 	DATA 	Keypress: o
328.7333 	Level image=tasty.jpg 	25
329.7334 	Level injecting via pump at address 0 	25
335.7201 	DATA 	Keypress: o
335.7215 	DATA 	Keypress: o
335.7226 	DATA 	Keypress: o
335.7508 	Level WAIT 	25
336.7171 	DATA 	Keypress: o
336.7338 	Level RINSE 	25
338.7207 	DATA 	Keypress: o
338.7506 	Level jitter 	25
341.7146 	Level finished 	25
341.7159 	DATA 	Keypress: o
341.7508 	Level image=tasty.jpg 	25
342.7169 	DATA 	Keypress: o
342.7343 	Level injecting via pump at address 1 	25
348.7195 	DATA 	Keypress: o
348.7205 	DATA 	Keypress: o
348.7218 	DATA 	Keypress: o
348.7518 	Level WAIT 	25
349.7348 	Level RINSE 	25
351.7198 	DATA 	Keypress: o
351.7515 	Level jitter 	25
356.7146 	Level finished 	25
356.7161 	DATA 	Keypress: o
356.7171 	DATA 	Keypress: o
356.7181 	DATA 	Keypress: o
356.7352 	Level image=tasty.jpg 	25
357.7354 	Level injecting via pump at address 0 	25
363.7208 	DATA 	Keypress: o
363.7221 	DATA 	Keypress: o
363.7232 	DATA 	Keypress: o
363.7528 	Level WAIT 	25
364.7175 	DATA 	Keypress: o
364.7357 	Level RINSE 	25
366.7204 	DATA 	Keypress: o
366.7358 	Level jitter 	25
367.7146 	Level finished 	25
367.7359 	Level image=tasty.jpg 	25
368.7175 	DATA 	Keypress: o
368.7360 	Level injecting via pump at address 1 	25
374.7205 	DATA 	Keypress: o
374.7218 	DATA 	Keypress: o
374.7228 	DATA 	Keypress: o
374.7368 	Level WAIT 	25
375.7365 	Level RINSE 	25
377.7196 	DATA 	Keypress: o
377.7366 	Level jitter 	25
386.7146 	Level finished 	25
386.7162 	DATA 	Keypress: o
386.7174 	DATA 	Keypress: o
386.7184 	DATA 	Keypress: o
386.7193 	DATA 	Keypress: o
386.7203 	DATA 	Keypress: o
386.7377 	Level image=tasty.jpg 	25
387.7375 	Level injecting via pump at address 1 	25
393.7195 	DATA 	Keypress: o
393.7205 	DATA 	Keypress: o
393.7215 	DATA 	Keypress: o
393.7377 	Level WAIT 	25
394.7170 	DATA 	Keypress: o
394.7378 	Level RINSE 	25
396.7206 	DATA 	Keypress: o
396.7383 	Level jitter 	25
405.7146 	Level finished 	25
405.7158 	DATA 	Keypress: o
405.7170 	DATA 	Keypress: o
405.7181 	DATA 	Keypress: o
405.7194 	DATA 	Keypress: o
405.7386 	Level image=tasty.jpg 	25
406.7174 	DATA 	Keypress: o
406.7391 	Level injecting via pump at address 0 	25
412.7204 	DATA 	Keypress: o
412.7215 	DATA 	Keypress: o
412.7227 	DATA 	Keypress: o
412.7390 	Level WAIT 	25
413.7391 	Level RINSE 	25
415.7201 	DATA 	Keypress: o
415.7393 	Level jitter 	25
417.7146 	Level finished 	25
