66.0953 	DATA 	Keypress: o
66.0963 	Level start key press 	25
68.1093 	DATA 	Keypress: o
70.1093 	DATA 	Keypress: o
72.0931 	DATA 	Keypress: o
74.0933 	DATA 	Keypress: o
74.5574 	Level image=waterlogo.jpg 	25
75.4745 	Level injecting via pump at address 0 	25
81.4626 	DATA 	Keypress: o
81.4636 	DATA 	Keypress: o
81.4646 	DATA 	Keypress: o
81.4744 	Level WAIT 	25
82.4599 	DATA 	Keypress: o
82.4747 	Level RINSE 	25
84.4720 	DATA 	Keypress: o
84.4913 	Level jitter 	25
90.4573 	Level finished 	25
90.4586 	DATA 	Keypress: o
90.4597 	DATA 	Keypress: o
90.4609 	DATA 	Keypress: o
90.4756 	Level image=tasty.jpg 	25
91.4752 	Level injecting via pump at address 1 	25
97.4642 	DATA 	Keypress: o
97.4660 	DATA 	Keypress: o
97.4677 	DATA 	Keypress: o
97.4756 	Level WAIT 	25
98.4601 	DATA 	Keypress: o
98.4757 	Level RINSE 	25
100.4627 	DATA 	Keypress: o
100.4763 	Level jitter 	25
106.4573 	Level finished 	25
106.4586 	DATA 	Keypress: o
106.4596 	DATA 	Keypress: o
106.4605 	DATA 	Keypress: o
106.4763 	Level image=tasty.jpg 	25
107.4763 	Level injecting via pump at address 1 	25
113.4620 	DATA 	Keypress: o
113.4631 	DATA 	Keypress: o
113.4642 	DATA 	Keypress: o
113.4772 	Level WAIT 	25
114.4599 	DATA 	Keypress: o
114.4769 	Level RINSE 	25
116.4618 	DATA 	Keypress: o
116.4770 	Level jitter 	25
118.4573 	Level finished 	25
118.4587 	DATA 	Keypress: o
118.4938 	Level image=waterlogo.jpg 	25
119.4772 	Level injecting via pump at address 0 	25
125.4640 	DATA 	Keypress: o
125.4653 	DATA 	Keypress: o
125.4665 	DATA 	Keypress: o
125.4779 	Level WAIT 	25
126.4598 	DATA 	Keypress: o
126.4776 	Level RINSE 	25
128.4626 	DATA 	Keypress: o
128.4777 	Level jitter 	25
134.4573 	Level finished 	25
134.4587 	DATA 	Keypress: o
134.4600 	DATA 	Keypress: o
134.4610 	DATA 	Keypress: o
134.4781 	Level image=tasty.jpg 	25
135.4787 	Level injecting via pump at address 1 	25
141.4636 	DATA 	Keypress: o
141.4650 	DATA 	Keypress: o
141.4661 	DATA 	Keypress: o
141.4786 	Level WAIT 	25
142.4601 	DATA 	Keypress: o
142.4788 	Level RINSE 	25
144.4620 	DATA 	Keypress: o
144.4789 	Level jitter 	25
149.4573 	Level finished 	25
149.4587 	DATA 	Keypress: o
149.4600 	DATA 	Keypress: o
149.4964 	Level image=waterlogo.jpg 	25
150.4601 	DATA 	Keypress: o
150.4793 	Level injecting via pump at address 0 	25
156.4630 	DATA 	Keypress: o
156.4642 	DATA 	Keypress: o
156.4655 	DATA 	Keypress: o
156.4797 	Level WAIT 	25
157.4798 	Level RINSE 	25
159.4632 	DATA 	Keypress: o
159.4804 	Level jitter 	25
164.4573 	Level finished 	25
164.4586 	DATA 	Keypress: o
164.4597 	DATA 	Keypress: o
164.4606 	DATA 	Keypress: o
164.4803 	Level image=tasty.jpg 	25
165.4637 	Level injecting via pump at address 1 	25
171.4631 	DATA 	Keypress: o
171.4643 	DATA 	Keypress: o
171.4655 	DATA 	Keypress: o
171.4978 	Level WAIT 	25
172.4601 	DATA 	Keypress: o
172.4809 	Level RINSE 	25
174.4618 	DATA 	Keypress: o
174.4810 	Level jitter 	25
180.4573 	Level finished 	25
180.4585 	DATA 	Keypress: o
180.4595 	DATA 	Keypress: o
180.4604 	DATA 	Keypress: o
180.4813 	Level image=waterlogo.jpg 	25
181.4653 	Level injecting via pump at address 0 	25
187.4629 	DATA 	Keypress: o
187.4641 	DATA 	Keypress: o
187.4653 	DATA 	Keypress: o
187.4819 	Level WAIT 	25
188.4598 	DATA 	Keypress: o
188.4820 	Level RINSE 	25
190.4628 	DATA 	Keypress: o
190.4653 	Level jitter 	25
193.4573 	Level finished 	25
193.4585 	DATA 	Keypress: o
193.4661 	Level image=tasty.jpg 	25
194.4599 	DATA 	Keypress: o
194.4823 	Level injecting via pump at address 1 	25
200.4627 	DATA 	Keypress: o
200.4637 	DATA 	Keypress: o
200.4646 	DATA 	Keypress: o
200.4827 	Level WAIT 	25
201.4829 	Level RINSE 	25
203.4628 	DATA 	Keypress: o
203.4834 	Level jitter 	25
211.4573 	Level finished 	25
211.4586 	DATA 	Keypress: o
211.4597 	DATA 	Keypress: o
211.4607 	DATA 	Keypress: o
211.4616 	DATA 	Keypress: o
211.4835 	Level image=waterlogo.jpg 	25
212.4598 	DATA 	Keypress: o
212.4670 	Level injecting via pump at address 0 	25
218.4619 	DATA 	Keypress: o
218.4629 	DATA 	Keypress: o
218.4639 	DATA 	Keypress: o
218.4677 	Level WAIT 	25
219.4674 	Level RINSE 	25
221.4629 	DATA 	Keypress: o
221.4675 	Level jitter 	25
223.4573 	Level finished 	25
223.4585 	DATA 	Keypress: o
223.4843 	Level image=tasty.jpg 	25
224.4608 	DATA 	Keypress: o
224.4844 	Level injecting via pump at address 1 	25
230.4623 	DATA 	Keypress: o
230.4634 	DATA 	Keypress: o
230.4644 	DATA 	Keypress: o
230.4853 	Level WAIT 	25
231.4682 	Level RINSE 	25
233.4626 	DATA 	Keypress: o
233.4850 	Level jitter 	25
242.4573 	Level finished 	25
242.4588 	DATA 	Keypress: o
242.4603 	DATA 	Keypress: o
242.4616 	DATA 	Keypress: o
242.4628 	DATA 	Keypress: o
242.4641 	DATA 	Keypress: o
242.4861 	Level image=waterlogo.jpg 	25
243.4690 	Level injecting via pump at address 0 	25
249.4617 	DATA 	Keypress: o
249.4627 	DATA 	Keypress: o
249.4637 	DATA 	Keypress: o
249.4861 	Level WAIT 	25
250.4602 	DATA 	Keypress: o
250.4695 	Level RINSE 	25
252.4618 	DATA 	Keypress: o
252.4867 	Level jitter 	25
254.4573 	Level finished 	25
254.4587 	DATA 	Keypress: o
254.4864 	Level image=tasty.jpg 	25
255.4865 	Level injecting via pump at address 1 	25
261.4630 	DATA 	Keypress: o
261.4645 	DATA 	Keypress: o
261.4656 	DATA 	Keypress: o
261.4870 	Level WAIT 	25
262.4596 	DATA 	Keypress: o
262.4707 	Level RINSE 	25
264.4623 	DATA 	Keypress: o
264.4871 	Level jitter 	25
267.4573 	Level finished 	25
267.4585 	DATA 	Keypress: o
267.4874 	Level image=waterlogo.jpg 	25
268.4601 	DATA 	Keypress: o
268.4709 	Level injecting via pump at address 0 	25
274.4622 	DATA 	Keypress: o
274.4634 	DATA 	Keypress: o
274.4644 	DATA 	Keypress: o
274.4883 	Level WAIT 	25
275.4712 	Level RINSE 	25
277.4626 	DATA 	Keypress: o
277.4880 	Level jitter 	25
281.4573 	Level finished 	25
281.4589 	DATA 	Keypress: o
281.4601 	DATA 	Keypress: o
281.4717 	Level image=tasty.jpg 	25
282.4596 	DATA 	Keypress: o
282.4718 	Level injecting via pump at address 1 	25
288.4620 	DATA 	Keypress: o
288.4630 	DATA 	Keypress: o
288.4640 	DATA 	Keypress: o
288.4892 	Level WAIT 	25
289.4890 	Level RINSE 	25
291.4626 	DATA 	Keypress: o
291.4723 	Level jitter 	25
292.4573 	Level finished 	25
292.4587 	DATA 	Keypress: o
292.4891 	Level image=waterlogo.jpg 	25
293.4725 	Level injecting via pump at address 0 	25
299.4622 	DATA 	Keypress: o
299.4634 	DATA 	Keypress: o
299.4646 	DATA 	Keypress: o
299.4900 	Level WAIT 	25
300.4609 	DATA 	Keypress: o
300.4730 	Level RINSE 	25
302.4640 	DATA 	Keypress: o
302.4898 	Level jitter 	25
305.4573 	Level finished 	25
305.4586 	DATA 	Keypress: o
305.4900 	Level image=tasty.jpg 	25
306.4602 	DATA 	Keypress: o
306.4734 	Level injecting via pump at address 1 	25
312.4626 	DATA 	Keypress: o
312.4636 	DATA 	Keypress: o
312.4649 	DATA 	Keypress: o
312.4742 	Level WAIT 	25
313.4740 	Level RINSE 	25
315.4624 	DATA 	Keypress: o
315.4740 	Level jitter 	25
323.4573 	Level finished 	25
323.4589 	DATA 	Keypress: o
323.4601 	DATA 	Keypress: o
323.4614 	DATA 	Keypress: o
323.4626 	DATA 	Keypress: o
323.4917 	Level image=tasty.jpg 	25
324.4602 	DATA 	Keypress: o
324.4746 	Level injecting via pump at address 1 	25
330.4628 	DATA 	Keypress: o
330.4641 	DATA 	Keypress: o
330.4653 	DATA 	Keypress: o
330.4917 	Level WAIT 	25
331.4751 	Level RINSE 	25
333.4640 	DATA 	Keypress: o
333.4924 	Level jitter 	25
337.4573 	Level finished 	25
337.4586 	DATA 	Keypress: o
337.4596 	DATA 	Keypress: o
337.4755 	Level image=waterlogo.jpg 	25
338.4601 	DATA 	Keypress: o
338.4756 	Level injecting via pump at address 0 	25
344.4631 	DATA 	Keypress: o
344.4643 	DATA 	Keypress: o
344.4654 	DATA 	Keypress: o
344.4764 	Level WAIT 	25
345.4760 	Level RINSE 	25
347.4627 	DATA 	Keypress: o
347.4762 	Level jitter 	25
350.4573 	Level finished 	25
350.4586 	DATA 	Keypress: o
350.4596 	DATA 	Keypress: o
350.4764 	Level image=tasty.jpg 	25
351.4765 	Level injecting via pump at address 1 	25
357.4621 	DATA 	Keypress: o
357.4636 	DATA 	Keypress: o
357.4650 	DATA 	Keypress: o
357.4774 	Level WAIT 	25
358.4602 	DATA 	Keypress: o
358.4770 	Level RINSE 	25
360.4633 	DATA 	Keypress: o
360.4770 	Level jitter 	25
365.4573 	Level finished 	25
365.4586 	DATA 	Keypress: o
365.4596 	DATA 	Keypress: o
365.4775 	Level image=waterlogo.jpg 	25
366.4597 	DATA 	Keypress: o
366.4776 	Level injecting via pump at address 0 	25
372.4627 	DATA 	Keypress: o
372.4637 	DATA 	Keypress: o
372.4647 	DATA 	Keypress: o
372.4784 	Level WAIT 	25
373.4780 	Level RINSE 	25
375.4626 	DATA 	Keypress: o
375.4781 	Level jitter 	25
380.4573 	Level finished 	25
380.4586 	DATA 	Keypress: o
380.4596 	DATA 	Keypress: o
380.4606 	DATA 	Keypress: o
380.4951 	Level image=waterlogo.jpg 	25
381.4786 	Level injecting via pump at address 0 	25
387.4631 	DATA 	Keypress: o
387.4644 	DATA 	Keypress: o
387.4656 	DATA 	Keypress: o
387.4794 	Level WAIT 	25
388.4599 	DATA 	Keypress: o
388.4790 	Level RINSE 	25
390.4627 	DATA 	Keypress: o
390.4791 	Level jitter 	25
399.4573 	Level finished 	25
399.4589 	DATA 	Keypress: o
399.4601 	DATA 	Keypress: o
399.4611 	DATA 	Keypress: o
399.4621 	DATA 	Keypress: o
399.4803 	Level image=tasty.jpg 	25
400.4602 	DATA 	Keypress: o
400.4800 	Level injecting via pump at address 1 	25
406.4629 	DATA 	Keypress: o
406.4642 	DATA 	Keypress: o
406.4654 	DATA 	Keypress: o
406.4802 	Level WAIT 	25
407.4803 	Level RINSE 	25
409.4626 	DATA 	Keypress: o
409.4809 	Level jitter 	25
411.4573 	Level finished 	25
411.4586 	DATA 	Keypress: o
411.4973 	Level image=waterlogo.jpg 	25
412.4601 	DATA 	Keypress: o
412.4807 	Level injecting via pump at address 0 	25
418.4631 	DATA 	Keypress: o
418.4644 	DATA 	Keypress: o
418.4656 	DATA 	Keypress: o
418.4811 	Level WAIT 	25
419.4815 	Level RINSE 	25
421.4628 	DATA 	Keypress: o
421.4813 	Level jitter 	25
424.4573 	Level finished 	25
424.4587 	DATA 	Keypress: o
424.4599 	DATA 	Keypress: o
424.4815 	Level image=waterlogo.jpg 	25
425.4816 	Level injecting via pump at address 0 	25
431.4630 	DATA 	Keypress: o
431.4646 	DATA 	Keypress: o
431.4661 	DATA 	Keypress: o
431.4824 	Level WAIT 	25
432.4609 	DATA 	Keypress: o
432.4820 	Level RINSE 	25
434.4619 	DATA 	Keypress: o
434.4821 	Level jitter 	25
439.4573 	Level finished 	25
439.4588 	DATA 	Keypress: o
439.4600 	DATA 	Keypress: o
439.4825 	Level image=tasty.jpg 	25
440.4600 	DATA 	Keypress: o
440.4660 	Level injecting via pump at address 1 	25
446.4620 	DATA 	Keypress: o
446.4631 	DATA 	Keypress: o
446.4641 	DATA 	Keypress: o
446.4834 	Level WAIT 	25
447.4831 	Level RINSE 	25
449.4626 	DATA 	Keypress: o
449.4665 	Level jitter 	25
451.4573 	Level finished 	25
451.4585 	DATA 	Keypress: o
451.4834 	Level image=tasty.jpg 	25
452.4601 	DATA 	Keypress: o
452.4669 	Level injecting via pump at address 1 	25
458.4624 	DATA 	Keypress: o
458.4635 	DATA 	Keypress: o
458.4646 	DATA 	Keypress: o
458.4844 	Level WAIT 	25
459.4673 	Level RINSE 	25
461.4627 	DATA 	Keypress: o
461.4840 	Level jitter 	25
468.4573 	Level finished 	25
468.4586 	DATA 	Keypress: o
468.4597 	DATA 	Keypress: o
468.4608 	DATA 	Keypress: o
468.4620 	DATA 	Keypress: o
468.4850 	Level image=waterlogo.jpg 	25
469.4680 	Level injecting via pump at address 0 	25
475.4620 	DATA 	Keypress: o
475.4629 	DATA 	Keypress: o
475.4639 	DATA 	Keypress: o
475.4850 	Level WAIT 	25
476.4603 	DATA 	Keypress: o
476.4851 	Level RINSE 	25
478.4623 	DATA 	Keypress: o
478.4856 	Level jitter 	25
481.4573 	Level finished 	25
481.4589 	DATA 	Keypress: o
481.4855 	Level image=tasty.jpg 	25
482.4600 	DATA 	Keypress: o
482.4856 	Level injecting via pump at address 1 	25
488.4632 	DATA 	Keypress: o
488.4645 	DATA 	Keypress: o
488.4657 	DATA 	Keypress: o
488.4864 	Level WAIT 	25
489.4860 	Level RINSE 	25
491.4626 	DATA 	Keypress: o
491.4861 	Level jitter 	25
493.4573 	Level finished 	25
493.4584 	DATA 	Keypress: o
493.4696 	Level image=waterlogo.jpg 	25
494.4602 	DATA 	Keypress: o
494.4697 	Level injecting via pump at address 0 	25
500.4620 	DATA 	Keypress: o
500.4631 	DATA 	Keypress: o
500.4641 	DATA 	Keypress: o
500.4872 	Level WAIT 	25
501.4869 	Level RINSE 	25
503.4630 	DATA 	Keypress: o
503.4870 	Level jitter 	25
511.4573 	Level finished 	25
511.4586 	DATA 	Keypress: o
511.4597 	DATA 	Keypress: o
511.4606 	DATA 	Keypress: o
511.4616 	DATA 	Keypress: o
511.4880 	Level image=tasty.jpg 	25
512.4601 	DATA 	Keypress: o
512.4711 	Level injecting via pump at address 1 	25
518.4630 	DATA 	Keypress: o
518.4643 	DATA 	Keypress: o
518.4655 	DATA 	Keypress: o
518.4713 	Level WAIT 	25
519.4714 	Level RINSE 	25
521.4642 	DATA 	Keypress: o
521.4720 	Level jitter 	25
523.4573 	Level finished 	25
523.4585 	DATA 	Keypress: o
523.4883 	Level image=waterlogo.jpg 	25
524.4598 	DATA 	Keypress: o
524.4719 	Level injecting via pump at address 0 	25
530.4629 	DATA 	Keypress: o
530.4641 	DATA 	Keypress: o
530.4654 	DATA 	Keypress: o
530.4722 	Level WAIT 	25
531.4726 	Level RINSE 	25
533.4621 	DATA 	Keypress: o
533.4890 	Level jitter 	25
540.4573 	Level finished 	25
