62.6588 	DATA 	Keypress: o
62.6596 	Level start key press 	25
64.6580 	DATA 	Keypress: o
66.6590 	DATA 	Keypress: o
68.6752 	DATA 	Keypress: o
70.7367 	DATA 	Keypress: o
70.7483 	Level image=waterlogo.jpg 	25
71.6551 	Level injecting via pump at address 0 	25
77.6455 	DATA 	Keypress: o
77.6466 	DATA 	Keypress: o
77.6476 	DATA 	Keypress: o
77.6557 	Level WAIT 	25
78.6556 	Level RINSE 	25
80.6551 	DATA 	Keypress: o
80.6634 	Level jitter 	25
86.6409 	Level finished 	25
86.6422 	DATA 	Keypress: o
86.6432 	DATA 	Keypress: o
86.6442 	DATA 	Keypress: o
86.6569 	Level image=tasty.jpg 	25
87.6438 	DATA 	Keypress: o
87.6575 	Level injecting via pump at address 1 	25
93.6462 	DATA 	Keypress: o
93.6475 	DATA 	Keypress: o
93.6486 	DATA 	Keypress: o
93.6570 	Level WAIT 	25
94.6562 	Level RINSE 	25
96.6466 	DATA 	Keypress: o
96.6577 	Level jitter 	25
102.6409 	Level finished 	25
102.6423 	DATA 	Keypress: o
102.6436 	DATA 	Keypress: o
102.6447 	DATA 	Keypress: o
102.6586 	Level image=tasty.jpg 	25
103.6439 	DATA 	Keypress: o
103.6586 	Level injecting via pump at address 1 	25
109.6460 	DATA 	Keypress: o
109.6471 	DATA 	Keypress: o
109.6480 	DATA 	Keypress: o
109.6588 	Level WAIT 	25
110.6559 	Level RINSE 	25
112.6464 	DATA 	Keypress: o
112.6599 	Level jitter 	25
114.6409 	Level finished 	25
114.6421 	DATA 	Keypress: o
114.6521 	Level image=waterlogo.jpg 	25
115.6437 	DATA 	Keypress: o
115.6471 	Level injecting via pump at address 0 	25
121.6459 	DATA 	Keypress: o
121.6470 	DATA 	Keypress: o
121.6480 	DATA 	Keypress: o
121.6604 	Level WAIT 	25
122.6607 	Level RINSE 	25
124.6460 	DATA 	Keypress: o
124.6505 	Level jitter 	25
130.6409 	Level finished 	25
130.6423 	DATA 	Keypress: o
130.6436 	DATA 	Keypress: o
130.6449 	DATA 	Keypress: o
130.6617 	Level image=tasty.jpg 	25
131.6434 	DATA 	Keypress: o
131.6467 	Level injecting via pump at address 1 	25
137.6462 	DATA 	Keypress: o
137.6473 	DATA 	Keypress: o
137.6483 	DATA 	Keypress: o
137.6626 	Level WAIT 	25
138.6462 	Level RINSE 	25
140.6464 	DATA 	Keypress: o
140.6496 	Level jitter 	25
145.6409 	Level finished 	25
145.6424 	DATA 	Keypress: o
145.6437 	DATA 	Keypress: o
145.6449 	DATA 	Keypress: o
145.6566 	Level image=waterlogo.jpg 	25
146.6465 	Level injecting via pump at address 0 	25
152.6468 	DATA 	Keypress: o
152.6480 	DATA 	Keypress: o
152.6493 	DATA 	Keypress: o
152.6543 	Level WAIT 	25
153.6438 	DATA 	Keypress: o
153.6481 	Level RINSE 	25
155.6467 	DATA 	Keypress: o
155.6540 	Level jitter 	25
160.6409 	Level finished 	25
160.6423 	DATA 	Keypress: o
160.6434 	DATA 	Keypress: o
160.6622 	Level image=tasty.jpg 	25
161.6434 	DATA 	Keypress: o
161.6492 	Level injecting via pump at address 1 	25
167.6467 	DATA 	Keypress: o
167.6484 	DATA 	Keypress: o
167.6496 	DATA 	Keypress: o
167.6590 	Level WAIT 	25
168.6498 	Level RINSE 	25
170.6464 	DATA 	Keypress: o
170.6498 	Level jitter 	25
176.6409 	Level finished 	25
176.6422 	DATA 	Keypress: o
176.6433 	DATA 	Keypress: o
176.6443 	DATA 	Keypress: o
176.6620 	Level image=waterlogo.jpg 	25
177.6434 	DATA 	Keypress: o
177.6504 	Level injecting via pump at address 0 	25
183.6464 	DATA 	Keypress: o
183.6477 	DATA 	Keypress: o
183.6489 	DATA 	Keypress: o
183.6584 	Level WAIT 	25
184.6516 	Level RINSE 	25
186.6456 	DATA 	Keypress: o
186.6512 	Level jitter 	25
189.6409 	Level finished 	25
189.6424 	DATA 	Keypress: o
189.6437 	DATA 	Keypress: o
189.6524 	Level image=tasty.jpg 	25
190.6518 	Level injecting via pump at address 1 	25
196.6470 	DATA 	Keypress: o
196.6484 	DATA 	Keypress: o
196.6496 	DATA 	Keypress: o
196.6530 	Level WAIT 	25
197.6446 	DATA 	Keypress: o
197.6518 	Level RINSE 	25
199.6460 	DATA 	Keypress: o
199.6537 	Level jitter 	25
207.6409 	Level finished 	25
207.6421 	DATA 	Keypress: o
207.6431 	DATA 	Keypress: o
207.6441 	DATA 	Keypress: o
207.6450 	DATA 	Keypress: o
207.6545 	Level image=waterlogo.jpg 	25
208.6536 	Level injecting via pump at address 0 	25
214.6466 	DATA 	Keypress: o
214.6480 	DATA 	Keypress: o
214.6492 	DATA 	Keypress: o
214.6553 	Level WAIT 	25
215.6433 	DATA 	Keypress: o
215.6549 	Level RINSE 	25
217.6460 	DATA 	Keypress: o
217.6552 	Level jitter 	25
219.6409 	Level finished 	25
219.6421 	DATA 	Keypress: o
219.6531 	Level image=tasty.jpg 	25
220.6480 	Level injecting via pump at address 1 	25
226.6467 	DATA 	Keypress: o
226.6480 	DATA 	Keypress: o
226.6492 	DATA 	Keypress: o
226.6568 	Level WAIT 	25
227.6433 	DATA 	Keypress: o
227.6565 	Level RINSE 	25
229.6467 	DATA 	Keypress: o
229.6511 	Level jitter 	25
238.6409 	Level finished 	25
238.6422 	DATA 	Keypress: o
238.6433 	DATA 	Keypress: o
238.6443 	DATA 	Keypress: o
238.6454 	DATA 	Keypress: o
238.6553 	Level image=waterlogo.jpg 	25
239.6436 	DATA 	Keypress: o
239.6492 	Level injecting via pump at address 0 	25
245.6467 	DATA 	Keypress: o
245.6480 	DATA 	Keypress: o
245.6493 	DATA 	Keypress: o
245.6588 	Level WAIT 	25
246.6454 	Level RINSE 	25
248.6463 	DATA 	Keypress: o
248.6525 	Level jitter 	25
250.6409 	Level finished 	25
250.6424 	DATA 	Keypress: o
250.6578 	Level image=tasty.jpg 	25
251.6434 	DATA 	Keypress: o
251.6527 	Level injecting via pump at address 1 	25
257.6470 	DATA 	Keypress: o
257.6483 	DATA 	Keypress: o
257.6495 	DATA 	Keypress: o
257.6549 	Level WAIT 	25
258.6505 	Level RINSE 	25
260.6459 	DATA 	Keypress: o
260.6561 	Level jitter 	25
263.6409 	Level finished 	25
263.6422 	DATA 	Keypress: o
263.6432 	DATA 	Keypress: o
263.6573 	Level image=waterlogo.jpg 	25
264.6525 	Level injecting via pump at address 0 	25
270.6475 	DATA 	Keypress: o
270.6492 	DATA 	Keypress: o
270.6510 	DATA 	Keypress: o
270.6548 	Level WAIT 	25
271.6435 	DATA 	Keypress: o
271.6489 	Level RINSE 	25
273.6463 	DATA 	Keypress: o
273.6547 	Level jitter 	25
277.6409 	Level finished 	25
277.6423 	DATA 	Keypress: o
277.6436 	DATA 	Keypress: o
277.6618 	Level image=tasty.jpg 	25
278.6453 	Level injecting via pump at address 1 	25
284.6468 	DATA 	Keypress: o
284.6483 	DATA 	Keypress: o
284.6499 	DATA 	Keypress: o
284.6636 	Level WAIT 	25
285.6438 	DATA 	Keypress: o
285.6593 	Level RINSE 	25
287.6463 	DATA 	Keypress: o
287.6636 	Level jitter 	25
288.6409 	Level finished 	25
288.6600 	Level image=waterlogo.jpg 	25
289.6433 	DATA 	Keypress: o
289.6464 	Level injecting via pump at address 0 	25
295.6466 	DATA 	Keypress: o
295.6481 	DATA 	Keypress: o
295.6495 	DATA 	Keypress: o
295.6574 	Level WAIT 	25
296.6471 	Level RINSE 	25
298.6465 	DATA 	Keypress: o
298.6579 	Level jitter 	25
301.6409 	Level finished 	25
301.6425 	DATA 	Keypress: o
301.6440 	DATA 	Keypress: o
301.6580 	Level image=tasty.jpg 	25
302.6483 	Level injecting via pump at address 1 	25
308.6467 	DATA 	Keypress: o
308.6479 	DATA 	Keypress: o
308.6490 	DATA 	Keypress: o
308.6558 	Level WAIT 	25
309.6434 	DATA 	Keypress: o
309.6494 	Level RINSE 	25
311.6464 	DATA 	Keypress: o
311.6496 	Level jitter 	25
319.6409 	Level finished 	25
319.6424 	DATA 	Keypress: o
319.6438 	DATA 	Keypress: o
319.6451 	DATA 	Keypress: o
319.6463 	DATA 	Keypress: o
319.6653 	Level image=tasty.jpg 	25
320.6502 	Level injecting via pump at address 1 	25
326.6468 	DATA 	Keypress: o
326.6485 	DATA 	Keypress: o
326.6500 	DATA 	Keypress: o
326.6609 	Level WAIT 	25
327.6438 	DATA 	Keypress: o
327.6513 	Level RINSE 	25
329.6466 	DATA 	Keypress: o
329.6526 	Level jitter 	25
333.6409 	Level finished 	25
333.6424 	DATA 	Keypress: o
333.6437 	DATA 	Keypress: o
333.6523 	Level image=waterlogo.jpg 	25
334.6517 	Level injecting via pump at address 0 	25
340.6461 	DATA 	Keypress: o
340.6472 	DATA 	Keypress: o
340.6481 	DATA 	Keypress: o
340.6530 	Level WAIT 	25
341.6441 	DATA 	Keypress: o
341.6497 	Level RINSE 	25
343.6463 	DATA 	Keypress: o
343.6530 	Level jitter 	25
346.6409 	Level finished 	25
346.6423 	DATA 	Keypress: o
346.6532 	Level image=tasty.jpg 	25
347.6443 	DATA 	Keypress: o
347.6519 	Level injecting via pump at address 1 	25
353.6464 	DATA 	Keypress: o
353.6475 	DATA 	Keypress: o
353.6485 	DATA 	Keypress: o
353.6545 	Level WAIT 	25
354.6486 	Level RINSE 	25
356.6460 	DATA 	Keypress: o
356.6546 	Level jitter 	25
361.6409 	Level finished 	25
361.6425 	DATA 	Keypress: o
361.6439 	DATA 	Keypress: o
361.6453 	DATA 	Keypress: o
361.6554 	Level image=waterlogo.jpg 	25
362.6552 	Level injecting via pump at address 0 	25
368.6468 	DATA 	Keypress: o
368.6483 	DATA 	Keypress: o
368.6494 	DATA 	Keypress: o
368.6564 	Level WAIT 	25
369.6437 	DATA 	Keypress: o
369.6533 	Level RINSE 	25
371.6459 	DATA 	Keypress: o
371.6563 	Level jitter 	25
376.6409 	Level finished 	25
376.6421 	DATA 	Keypress: o
376.6431 	DATA 	Keypress: o
376.6506 	Level image=waterlogo.jpg 	25
377.6435 	DATA 	Keypress: o
377.6567 	Level injecting via pump at address 0 	25
383.6465 	DATA 	Keypress: o
383.6479 	DATA 	Keypress: o
383.6491 	DATA 	Keypress: o
383.6583 	Level WAIT 	25
384.6580 	Level RINSE 	25
386.6464 	DATA 	Keypress: o
386.6581 	Level jitter 	25
395.6409 	Level finished 	25
395.6423 	DATA 	Keypress: o
395.6433 	DATA 	Keypress: o
395.6443 	DATA 	Keypress: o
395.6453 	DATA 	Keypress: o
395.6463 	DATA 	Keypress: o
395.6600 	Level image=tasty.jpg 	25
396.6455 	Level injecting via pump at address 1 	25
402.6465 	DATA 	Keypress: o
402.6482 	DATA 	Keypress: o
402.6494 	DATA 	Keypress: o
402.6604 	Level WAIT 	25
403.6439 	DATA 	Keypress: o
403.6588 	Level RINSE 	25
405.6463 	DATA 	Keypress: o
405.6602 	Level jitter 	25
407.6409 	Level finished 	25
407.6421 	DATA 	Keypress: o
407.6551 	Level image=waterlogo.jpg 	25
408.6501 	Level injecting via pump at address 0 	25
414.6460 	DATA 	Keypress: o
414.6470 	DATA 	Keypress: o
414.6480 	DATA 	Keypress: o
414.6512 	Level WAIT 	25
415.6435 	DATA 	Keypress: o
415.6472 	Level RINSE 	25
417.6457 	DATA 	Keypress: o
417.6523 	Level jitter 	25
420.6409 	Level finished 	25
420.6428 	DATA 	Keypress: o
420.6537 	Level image=waterlogo.jpg 	25
421.6437 	DATA 	Keypress: o
421.6481 	Level injecting via pump at address 0 	25
427.6460 	DATA 	Keypress: o
427.6472 	DATA 	Keypress: o
427.6483 	DATA 	Keypress: o
427.6634 	Level WAIT 	25
428.6455 	Level RINSE 	25
430.6454 	DATA 	Keypress: o
430.6509 	Level jitter 	25
435.6409 	Level finished 	25
435.6424 	DATA 	Keypress: o
435.6435 	DATA 	Keypress: o
435.6448 	DATA 	Keypress: o
435.6584 	Level image=tasty.jpg 	25
436.6475 	Level injecting via pump at address 1 	25
442.6464 	DATA 	Keypress: o
442.6477 	DATA 	Keypress: o
442.6493 	DATA 	Keypress: o
442.6561 	Level WAIT 	25
443.6437 	DATA 	Keypress: o
443.6480 	Level RINSE 	25
445.6471 	DATA 	Keypress: o
445.6558 	Level jitter 	25
447.6409 	Level finished 	25
447.6423 	DATA 	Keypress: o
447.6622 	Level image=tasty.jpg 	25
448.6491 	Level injecting via pump at address 1 	25
454.6464 	DATA 	Keypress: o
454.6477 	DATA 	Keypress: o
454.6490 	DATA 	Keypress: o
454.6598 	Level WAIT 	25
455.6438 	DATA 	Keypress: o
455.6493 	Level RINSE 	25
457.6464 	DATA 	Keypress: o
457.6497 	Level jitter 	25
464.6409 	Level finished 	25
464.6421 	DATA 	Keypress: o
464.6432 	DATA 	Keypress: o
464.6441 	DATA 	Keypress: o
464.6580 	Level image=waterlogo.jpg 	25
465.6433 	DATA 	Keypress: o
465.6509 	Level injecting via pump at address 0 	25
471.6456 	DATA 	Keypress: o
471.6468 	DATA 	Keypress: o
471.6478 	DATA 	Keypress: o
471.6509 	Level WAIT 	25
472.6491 	Level RINSE 	25
474.6455 	DATA 	Keypress: o
474.6525 	Level jitter 	25
477.6409 	Level finished 	25
477.6425 	DATA 	Keypress: o
477.6436 	DATA 	Keypress: o
477.6522 	Level image=tasty.jpg 	25
478.6505 	Level injecting via pump at address 1 	25
484.6471 	DATA 	Keypress: o
484.6484 	DATA 	Keypress: o
484.6497 	DATA 	Keypress: o
484.6534 	Level WAIT 	25
485.6435 	DATA 	Keypress: o
485.6477 	Level RINSE 	25
487.6467 	DATA 	Keypress: o
487.6529 	Level jitter 	25
489.6409 	Level finished 	25
489.6423 	DATA 	Keypress: o
489.6536 	Level image=waterlogo.jpg 	25
490.6537 	Level injecting via pump at address 0 	25
496.6465 	DATA 	Keypress: o
496.6479 	DATA 	Keypress: o
496.6492 	DATA 	Keypress: o
496.6541 	Level WAIT 	25
497.6438 	DATA 	Keypress: o
497.6513 	Level RINSE 	25
499.6455 	DATA 	Keypress: o
499.6543 	Level jitter 	25
507.6409 	Level finished 	25
507.6424 	DATA 	Keypress: o
507.6437 	DATA 	Keypress: o
507.6449 	DATA 	Keypress: o
507.6460 	DATA 	Keypress: o
507.6562 	Level image=tasty.jpg 	25
508.6561 	Level injecting via pump at address 1 	25
514.6467 	DATA 	Keypress: o
514.6481 	DATA 	Keypress: o
514.6493 	DATA 	Keypress: o
514.6560 	Level WAIT 	25
515.6437 	DATA 	Keypress: o
515.6561 	Level RINSE 	25
517.6476 	DATA 	Keypress: o
517.6566 	Level jitter 	25
519.6409 	Level finished 	25
519.6423 	DATA 	Keypress: o
519.6533 	Level image=waterlogo.jpg 	25
520.6474 	Level injecting via pump at address 0 	25
526.6457 	DATA 	Keypress: o
526.6467 	DATA 	Keypress: o
526.6477 	DATA 	Keypress: o
526.6576 	Level WAIT 	25
527.6438 	DATA 	Keypress: o
527.6581 	Level RINSE 	25
529.6462 	DATA 	Keypress: o
529.6506 	Level jitter 	25
536.6409 	Level finished 	25
