82.2881 	DATA 	Keypress: o
82.2890 	Level start key press 	25
84.2973 	DATA 	Keypress: o
86.2974 	DATA 	Keypress: o
88.2975 	DATA 	Keypress: o
90.2976 	DATA 	Keypress: o
90.8348 	Level image=waterlogo.jpg 	25
91.7956 	Level injecting via pump at address 0 	25
97.7675 	DATA 	Keypress: o
97.7688 	DATA 	Keypress: o
97.7700 	DATA 	Keypress: o
98.7645 	DATA 	Keypress: o
100.7755 	DATA 	Keypress: o
109.7621 	Level finished 	25
109.7634 	DATA 	Keypress: o
109.7646 	DATA 	Keypress: o
109.7656 	DATA 	Keypress: o
109.7666 	DATA 	Keypress: o
109.7720 	Level image=waterlogo.jpg 	25
110.7646 	DATA 	Keypress: o
110.7969 	Level injecting via pump at address 0 	25
116.7676 	DATA 	Keypress: o
116.7688 	DATA 	Keypress: o
116.7700 	DATA 	Keypress: o
119.7673 	DATA 	Keypress: o
124.7621 	Level finished 	25
124.7633 	DATA 	Keypress: o
124.7643 	DATA 	Keypress: o
124.7652 	DATA 	Keypress: o
124.7693 	Level image=tasty.jpg 	25
125.7812 	Level injecting via pump at address 0 	25
131.7679 	DATA 	Keypress: o
131.7692 	DATA 	Keypress: o
131.7703 	DATA 	Keypress: o
132.7650 	DATA 	Keypress: o
134.7673 	DATA 	Keypress: o
135.7621 	Level finished 	25
135.7666 	Level image=tasty.jpg 	25
136.7647 	DATA 	Keypress: o
136.7820 	Level injecting via pump at address 1 	25
142.7675 	DATA 	Keypress: o
142.7685 	DATA 	Keypress: o
142.7694 	DATA 	Keypress: o
145.7672 	DATA 	Keypress: o
150.7621 	Level finished 	25
150.7635 	DATA 	Keypress: o
150.7648 	DATA 	Keypress: o
150.7659 	DATA 	Keypress: o
150.7699 	Level image=tasty.jpg 	25
151.7830 	Level injecting via pump at address 0 	25
157.7675 	DATA 	Keypress: o
157.7688 	DATA 	Keypress: o
157.7699 	DATA 	Keypress: o
158.7649 	DATA 	Keypress: o
160.7675 	DATA 	Keypress: o
164.7621 	Level finished 	25
164.7634 	DATA 	Keypress: o
164.7646 	DATA 	Keypress: o
164.7693 	Level image=waterlogo.jpg 	25
165.7840 	Level injecting via pump at address 0 	25
171.7676 	DATA 	Keypress: o
171.7689 	DATA 	Keypress: o
171.7700 	DATA 	Keypress: o
172.7648 	DATA 	Keypress: o
174.7674 	DATA 	Keypress: o
176.7621 	Level finished 	25
176.7633 	DATA 	Keypress: o
176.7679 	Level image=tasty.jpg 	25
177.7849 	Level injecting via pump at address 0 	25
183.7673 	DATA 	Keypress: o
183.7686 	DATA 	Keypress: o
183.7699 	DATA 	Keypress: o
184.7651 	DATA 	Keypress: o
186.7672 	DATA 	Keypress: o
194.7621 	Level finished 	25
194.7634 	DATA 	Keypress: o
194.7644 	DATA 	Keypress: o
194.7653 	DATA 	Keypress: o
194.7662 	DATA 	Keypress: o
194.7709 	Level image=waterlogo.jpg 	25
195.7694 	Level injecting via pump at address 0 	25
201.7675 	DATA 	Keypress: o
201.7689 	DATA 	Keypress: o
201.7701 	DATA 	Keypress: o
202.7649 	DATA 	Keypress: o
204.7670 	DATA 	Keypress: o
209.7621 	Level finished 	25
209.7634 	DATA 	Keypress: o
209.7646 	DATA 	Keypress: o
209.7686 	Level image=tasty.jpg 	25
210.7646 	DATA 	Keypress: o
210.7704 	Level injecting via pump at address 1 	25
216.7681 	DATA 	Keypress: o
216.7696 	DATA 	Keypress: o
216.7708 	DATA 	Keypress: o
219.7671 	DATA 	Keypress: o
221.7621 	Level finished 	25
221.7633 	DATA 	Keypress: o
221.7678 	Level image=tasty.jpg 	25
222.7648 	DATA 	Keypress: o
222.7879 	Level injecting via pump at address 0 	25
228.7668 	DATA 	Keypress: o
228.7677 	DATA 	Keypress: o
228.7686 	DATA 	Keypress: o
231.7665 	DATA 	Keypress: o
234.7621 	Level finished 	25
234.7635 	DATA 	Keypress: o
234.7649 	DATA 	Keypress: o
234.7705 	Level image=waterlogo.jpg 	25
235.7722 	Level injecting via pump at address 0 	25
241.7674 	DATA 	Keypress: o
241.7685 	DATA 	Keypress: o
241.7694 	DATA 	Keypress: o
242.7648 	DATA 	Keypress: o
244.7674 	DATA 	Keypress: o
252.7621 	Level finished 	25
252.7633 	DATA 	Keypress: o
252.7642 	DATA 	Keypress: o
252.7652 	DATA 	Keypress: o
252.7661 	DATA 	Keypress: o
252.7701 	Level image=tasty.jpg 	25
253.7901 	Level injecting via pump at address 0 	25
259.7679 	DATA 	Keypress: o
259.7692 	DATA 	Keypress: o
259.7704 	DATA 	Keypress: o
260.7646 	DATA 	Keypress: o
262.7667 	DATA 	Keypress: o
264.7621 	Level finished 	25
264.7633 	DATA 	Keypress: o
264.7673 	Level image=tasty.jpg 	25
265.7909 	Level injecting via pump at address 1 	25
271.7673 	DATA 	Keypress: o
271.7684 	DATA 	Keypress: o
271.7695 	DATA 	Keypress: o
272.7649 	DATA 	Keypress: o
274.7674 	DATA 	Keypress: o
283.7621 	Level finished 	25
283.7634 	DATA 	Keypress: o
283.7646 	DATA 	Keypress: o
283.7656 	DATA 	Keypress: o
283.7665 	DATA 	Keypress: o
283.7721 	Level image=waterlogo.jpg 	25
284.7649 	DATA 	Keypress: o
284.7922 	Level injecting via pump at address 0 	25
290.7669 	DATA 	Keypress: o
290.7682 	DATA 	Keypress: o
290.7692 	DATA 	Keypress: o
293.7685 	DATA 	Keypress: o
301.7621 	Level finished 	25
301.7633 	DATA 	Keypress: o
301.7643 	DATA 	Keypress: o
301.7653 	DATA 	Keypress: o
301.7663 	DATA 	Keypress: o
301.7702 	Level image=tasty.jpg 	25
302.7648 	DATA 	Keypress: o
302.7769 	Level injecting via pump at address 0 	25
308.7669 	DATA 	Keypress: o
308.7678 	DATA 	Keypress: o
308.7687 	DATA 	Keypress: o
311.7675 	DATA 	Keypress: o
313.7621 	Level finished 	25
313.7632 	DATA 	Keypress: o
313.7686 	Level image=waterlogo.jpg 	25
314.7651 	DATA 	Keypress: o
314.7776 	Level injecting via pump at address 0 	25
320.7679 	DATA 	Keypress: o
320.7692 	DATA 	Keypress: o
320.7704 	DATA 	Keypress: o
323.7669 	DATA 	Keypress: o
330.7621 	Level finished 	25
330.7634 	DATA 	Keypress: o
330.7646 	DATA 	Keypress: o
330.7656 	DATA 	Keypress: o
330.7666 	DATA 	Keypress: o
330.7707 	Level image=tasty.jpg 	25
331.7789 	Level injecting via pump at address 1 	25
337.7673 	DATA 	Keypress: o
337.7687 	DATA 	Keypress: o
337.7699 	DATA 	Keypress: o
338.7648 	DATA 	Keypress: o
340.7672 	DATA 	Keypress: o
345.7621 	Level finished 	25
345.7634 	DATA 	Keypress: o
345.7646 	DATA 	Keypress: o
345.7686 	Level image=tasty.jpg 	25
346.7648 	DATA 	Keypress: o
346.7799 	Level injecting via pump at address 0 	25
352.7675 	DATA 	Keypress: o
352.7688 	DATA 	Keypress: o
352.7700 	DATA 	Keypress: o
355.7668 	DATA 	Keypress: o
357.7621 	Level finished 	25
357.7636 	DATA 	Keypress: o
357.7688 	Level image=tasty.jpg 	25
358.7649 	DATA 	Keypress: o
358.7807 	Level injecting via pump at address 1 	25
364.7678 	DATA 	Keypress: o
364.7691 	DATA 	Keypress: o
364.7702 	DATA 	Keypress: o
367.7672 	DATA 	Keypress: o
370.7621 	Level finished 	25
370.7635 	DATA 	Keypress: o
370.7649 	DATA 	Keypress: o
370.7693 	Level image=tasty.jpg 	25
371.7816 	Level injecting via pump at address 0 	25
377.7681 	DATA 	Keypress: o
377.7694 	DATA 	Keypress: o
377.7705 	DATA 	Keypress: o
378.7650 	DATA 	Keypress: o
380.7673 	DATA 	Keypress: o
382.7621 	Level finished 	25
382.7634 	DATA 	Keypress: o
382.7691 	Level image=tasty.jpg 	25
383.7824 	Level injecting via pump at address 1 	25
389.7673 	DATA 	Keypress: o
389.7685 	DATA 	Keypress: o
389.7697 	DATA 	Keypress: o
390.7649 	DATA 	Keypress: o
392.7672 	DATA 	Keypress: o
396.7621 	Level finished 	25
396.7635 	DATA 	Keypress: o
396.7646 	DATA 	Keypress: o
396.7686 	Level image=tasty.jpg 	25
397.7834 	Level injecting via pump at address 0 	25
403.7674 	DATA 	Keypress: o
403.7688 	DATA 	Keypress: o
403.7700 	DATA 	Keypress: o
404.7649 	DATA 	Keypress: o
406.7675 	DATA 	Keypress: o
408.7621 	Level finished 	25
408.7633 	DATA 	Keypress: o
408.7673 	Level image=tasty.jpg 	25
409.7842 	Level injecting via pump at address 1 	25
415.7674 	DATA 	Keypress: o
415.7686 	DATA 	Keypress: o
415.7697 	DATA 	Keypress: o
416.7649 	DATA 	Keypress: o
418.7671 	DATA 	Keypress: o
426.7621 	Level finished 	25
426.7637 	DATA 	Keypress: o
426.7651 	DATA 	Keypress: o
426.7663 	DATA 	Keypress: o
426.7674 	DATA 	Keypress: o
426.7724 	Level image=tasty.jpg 	25
427.7854 	Level injecting via pump at address 0 	25
433.7665 	DATA 	Keypress: o
433.7675 	DATA 	Keypress: o
433.7685 	DATA 	Keypress: o
434.7648 	DATA 	Keypress: o
436.7671 	DATA 	Keypress: o
443.7621 	Level finished 	25
