40.4733 	DATA 	Keypress: o
40.4739 	Level start key press 	25
42.4836 	DATA 	Keypress: o
44.4837 	DATA 	Keypress: o
46.4839 	DATA 	Keypress: o
48.4840 	DATA 	Keypress: o
48.9651 	Level image=waterlogo.jpg 	25
49.8985 	Level injecting via pump at address 0 	25
55.8875 	DATA 	Keypress: o
55.8889 	DATA 	Keypress: o
55.8905 	DATA 	Keypress: o
55.8993 	Level WAIT 	25
56.8846 	DATA 	Keypress: o
56.8989 	Level RINSE 	25
58.8953 	DATA 	Keypress: o
58.9157 	Level jitter 	25
67.8817 	Level finished 	25
67.8833 	DATA 	Keypress: o
67.8847 	DATA 	Keypress: o
67.8857 	DATA 	Keypress: o
67.8867 	DATA 	Keypress: o
67.9001 	Level image=waterlogo.jpg 	25
68.8845 	DATA 	Keypress: o
68.8997 	Level injecting via pump at address 0 	25
74.8875 	DATA 	Keypress: o
74.8886 	DATA 	Keypress: o
74.8897 	DATA 	Keypress: o
74.9002 	Level WAIT 	25
75.9002 	Level RINSE 	25
77.8869 	DATA 	Keypress: o
77.9007 	Level jitter 	25
82.8817 	Level finished 	25
82.8829 	DATA 	Keypress: o
82.8839 	DATA 	Keypress: o
82.8849 	DATA 	Keypress: o
82.9174 	Level image=tasty.jpg 	25
83.9008 	Level injecting via pump at address 0 	25
89.8866 	DATA 	Keypress: o
89.8877 	DATA 	Keypress: o
89.8887 	DATA 	Keypress: o
89.9016 	Level WAIT 	25
90.8843 	DATA 	Keypress: o
90.9012 	Level RINSE 	25
92.8876 	DATA 	Keypress: o
92.9013 	Level jitter 	25
93.8817 	Level finished 	25
93.9015 	Level image=tasty.jpg 	25
94.8843 	DATA 	Keypress: o
94.9015 	Level injecting via pump at address 1 	25
100.8886 	DATA 	Keypress: o
100.8901 	DATA 	Keypress: o
100.8914 	DATA 	Keypress: o
100.9189 	Level WAIT 	25
101.9021 	Level RINSE 	25
103.8871 	DATA 	Keypress: o
103.9022 	Level jitter 	25
108.8817 	Level finished 	25
108.8833 	DATA 	Keypress: o
108.8844 	DATA 	Keypress: o
108.8854 	DATA 	Keypress: o
108.9025 	Level image=tasty.jpg 	25
109.9026 	Level injecting via pump at address 0 	25
115.8865 	DATA 	Keypress: o
115.8877 	DATA 	Keypress: o
115.8887 	DATA 	Keypress: o
115.9035 	Level WAIT 	25
116.8843 	DATA 	Keypress: o
116.9032 	Level RINSE 	25
118.8863 	DATA 	Keypress: o
118.9032 	Level jitter 	25
122.8817 	Level finished 	25
122.8831 	DATA 	Keypress: o
122.8844 	DATA 	Keypress: o
122.9035 	Level image=waterlogo.jpg 	25
123.9035 	Level injecting via pump at address 0 	25
129.8873 	DATA 	Keypress: o
129.8886 	DATA 	Keypress: o
129.8897 	DATA 	Keypress: o
129.9210 	Level WAIT 	25
130.8841 	DATA 	Keypress: o
130.9041 	Level RINSE 	25
132.8866 	DATA 	Keypress: o
132.9042 	Level jitter 	25
134.8817 	Level finished 	25
134.8831 	DATA 	Keypress: o
134.9043 	Level image=tasty.jpg 	25
135.9043 	Level injecting via pump at address 0 	25
141.8877 	DATA 	Keypress: o
141.8891 	DATA 	Keypress: o
141.8902 	DATA 	Keypress: o
141.9051 	Level WAIT 	25
142.8851 	DATA 	Keypress: o
142.8882 	Level RINSE 	25
144.8867 	DATA 	Keypress: o
144.9049 	Level jitter 	25
152.8817 	Level finished 	25
152.8829 	DATA 	Keypress: o
152.8839 	DATA 	Keypress: o
152.8848 	DATA 	Keypress: o
152.8857 	DATA 	Keypress: o
152.9059 	Level image=waterlogo.jpg 	25
153.9056 	Level injecting via pump at address 0 	25
159.8873 	DATA 	Keypress: o
159.8886 	DATA 	Keypress: o
159.8898 	DATA 	Keypress: o
159.9060 	Level WAIT 	25
160.8845 	DATA 	Keypress: o
160.9062 	Level RINSE 	25
162.8873 	DATA 	Keypress: o
162.9066 	Level jitter 	25
167.8817 	Level finished 	25
167.8832 	DATA 	Keypress: o
167.8845 	DATA 	Keypress: o
167.9065 	Level image=tasty.jpg 	25
168.8846 	DATA 	Keypress: o
168.9066 	Level injecting via pump at address 1 	25
174.8882 	DATA 	Keypress: o
174.8896 	DATA 	Keypress: o
174.8909 	DATA 	Keypress: o
174.9075 	Level WAIT 	25
175.9072 	Level RINSE 	25
177.8871 	DATA 	Keypress: o
177.9072 	Level jitter 	25
179.8817 	Level finished 	25
179.8828 	DATA 	Keypress: o
179.9074 	Level image=tasty.jpg 	25
180.8848 	DATA 	Keypress: o
180.8908 	Level injecting via pump at address 0 	25
186.8873 	DATA 	Keypress: o
186.8886 	DATA 	Keypress: o
186.8897 	DATA 	Keypress: o
186.9084 	Level WAIT 	25
187.9080 	Level RINSE 	25
189.8872 	DATA 	Keypress: o
189.8914 	Level jitter 	25
192.8817 	Level finished 	25
192.8831 	DATA 	Keypress: o
192.8845 	DATA 	Keypress: o
192.9083 	Level image=waterlogo.jpg 	25
193.8917 	Level injecting via pump at address 0 	25
199.8872 	DATA 	Keypress: o
199.8883 	DATA 	Keypress: o
199.8893 	DATA 	Keypress: o
199.9092 	Level WAIT 	25
200.8847 	DATA 	Keypress: o
200.9089 	Level RINSE 	25
202.8871 	DATA 	Keypress: o
202.9090 	Level jitter 	25
210.8817 	Level finished 	25
210.8829 	DATA 	Keypress: o
210.8839 	DATA 	Keypress: o
210.8849 	DATA 	Keypress: o
210.8861 	DATA 	Keypress: o
210.9099 	Level image=tasty.jpg 	25
211.8930 	Level injecting via pump at address 0 	25
217.8872 	DATA 	Keypress: o
217.8886 	DATA 	Keypress: o
217.8898 	DATA 	Keypress: o
217.8933 	Level WAIT 	25
218.8845 	DATA 	Keypress: o
218.8934 	Level RINSE 	25
220.8866 	DATA 	Keypress: o
220.8939 	Level jitter 	25
222.8817 	Level finished 	25
222.8828 	DATA 	Keypress: o
222.9104 	Level image=tasty.jpg 	25
223.8938 	Level injecting via pump at address 1 	25
229.8864 	DATA 	Keypress: o
229.8875 	DATA 	Keypress: o
229.8884 	DATA 	Keypress: o
229.9108 	Level WAIT 	25
230.8841 	DATA 	Keypress: o
230.8946 	Level RINSE 	25
232.8870 	DATA 	Keypress: o
232.9111 	Level jitter 	25
241.8817 	Level finished 	25
241.8828 	DATA 	Keypress: o
241.8838 	DATA 	Keypress: o
241.8848 	DATA 	Keypress: o
241.8858 	DATA 	Keypress: o
241.9121 	Level image=waterlogo.jpg 	25
242.8845 	DATA 	Keypress: o
242.8952 	Level injecting via pump at address 0 	25
248.8879 	DATA 	Keypress: o
248.8891 	DATA 	Keypress: o
248.8903 	DATA 	Keypress: o
248.8954 	Level WAIT 	25
249.8955 	Level RINSE 	25
251.8874 	DATA 	Keypress: o
251.8961 	Level jitter 	25
259.8817 	Level finished 	25
259.8835 	DATA 	Keypress: o
259.8846 	DATA 	Keypress: o
259.8856 	DATA 	Keypress: o
259.8866 	DATA 	Keypress: o
259.9129 	Level image=tasty.jpg 	25
260.8846 	DATA 	Keypress: o
260.9131 	Level injecting via pump at address 0 	25
266.8878 	DATA 	Keypress: o
266.8891 	DATA 	Keypress: o
266.8902 	DATA 	Keypress: o
266.9137 	Level WAIT 	25
267.8968 	Level RINSE 	25
269.8876 	DATA 	Keypress: o
269.9135 	Level jitter 	25
271.8817 	Level finished 	25
271.8830 	DATA 	Keypress: o
271.8972 	Level image=waterlogo.jpg 	25
272.8845 	DATA 	Keypress: o
272.9139 	Level injecting via pump at address 0 	25
278.8874 	DATA 	Keypress: o
278.8886 	DATA 	Keypress: o
278.8896 	DATA 	Keypress: o
278.9146 	Level WAIT 	25
279.9143 	Level RINSE 	25
281.8876 	DATA 	Keypress: o
281.9144 	Level jitter 	25
288.8817 	Level finished 	25
288.8831 	DATA 	Keypress: o
288.8843 	DATA 	Keypress: o
288.8855 	DATA 	Keypress: o
288.8867 	DATA 	Keypress: o
288.9154 	Level image=tasty.jpg 	25
289.8983 	Level injecting via pump at address 1 	25
295.8877 	DATA 	Keypress: o
295.8891 	DATA 	Keypress: o
295.8903 	DATA 	Keypress: o
295.8987 	Level WAIT 	25
296.8844 	DATA 	Keypress: o
296.8988 	Level RINSE 	25
298.8862 	DATA 	Keypress: o
298.8994 	Level jitter 	25
303.8817 	Level finished 	25
303.8833 	DATA 	Keypress: o
303.8846 	DATA 	Keypress: o
303.9160 	Level image=tasty.jpg 	25
304.8846 	DATA 	Keypress: o
304.9162 	Level injecting via pump at address 0 	25
310.8865 	DATA 	Keypress: o
310.8875 	DATA 	Keypress: o
310.8885 	DATA 	Keypress: o
310.9168 	Level WAIT 	25
311.8998 	Level RINSE 	25
313.8875 	DATA 	Keypress: o
313.9166 	Level jitter 	25
315.8817 	Level finished 	25
315.8830 	DATA 	Keypress: o
315.9001 	Level image=tasty.jpg 	25
316.8847 	DATA 	Keypress: o
316.9003 	Level injecting via pump at address 1 	25
322.8878 	DATA 	Keypress: o
322.8889 	DATA 	Keypress: o
322.8898 	DATA 	Keypress: o
322.9176 	Level WAIT 	25
323.9006 	Level RINSE 	25
325.8863 	DATA 	Keypress: o
325.9007 	Level jitter 	25
328.8817 	Level finished 	25
328.8831 	DATA 	Keypress: o
328.8844 	DATA 	Keypress: o
328.9177 	Level image=tasty.jpg 	25
329.9012 	Level injecting via pump at address 0 	25
335.8865 	DATA 	Keypress: o
335.8874 	DATA 	Keypress: o
335.8884 	DATA 	Keypress: o
335.9186 	Level WAIT 	25
336.8851 	DATA 	Keypress: o
336.9016 	Level RINSE 	25
338.8872 	DATA 	Keypress: o
338.9183 	Level jitter 	25
340.8817 	Level finished 	25
340.8829 	DATA 	Keypress: o
340.9019 	Level image=tasty.jpg 	25
341.9020 	Level injecting via pump at address 1 	25
347.8872 	DATA 	Keypress: o
347.8887 	DATA 	Keypress: o
347.8899 	DATA 	Keypress: o
347.9194 	Level WAIT 	25
348.8846 	DATA 	Keypress: o
348.9024 	Level RINSE 	25
350.8872 	DATA 	Keypress: o
350.9025 	Level jitter 	25
354.8817 	Level finished 	25
354.8831 	DATA 	Keypress: o
354.8846 	DATA 	Keypress: o
354.9028 	Level image=tasty.jpg 	25
355.9029 	Level injecting via pump at address 0 	25
361.8868 	DATA 	Keypress: o
361.8883 	DATA 	Keypress: o
361.8895 	DATA 	Keypress: o
361.9036 	Level WAIT 	25
362.8851 	DATA 	Keypress: o
362.9033 	Level RINSE 	25
364.8868 	DATA 	Keypress: o
364.9034 	Level jitter 	25
366.8817 	Level finished 	25
366.8828 	DATA 	Keypress: o
366.9036 	Level image=tasty.jpg 	25
367.9037 	Level injecting via pump at address 1 	25
373.8874 	DATA 	Keypress: o
373.8887 	DATA 	Keypress: o
373.8898 	DATA 	Keypress: o
373.9046 	Level WAIT 	25
374.8842 	DATA 	Keypress: o
374.9043 	Level RINSE 	25
376.8868 	DATA 	Keypress: o
376.9043 	Level jitter 	25
384.8817 	Level finished 	25
384.8831 	DATA 	Keypress: o
384.8844 	DATA 	Keypress: o
384.8857 	DATA 	Keypress: o
384.8868 	DATA 	Keypress: o
384.9054 	Level image=tasty.jpg 	25
385.9050 	Level injecting via pump at address 0 	25
391.8876 	DATA 	Keypress: o
391.8889 	DATA 	Keypress: o
391.8901 	DATA 	Keypress: o
391.9220 	Level WAIT 	25
392.8842 	DATA 	Keypress: o
392.8888 	Level RINSE 	25
394.8868 	DATA 	Keypress: o
394.9059 	Level jitter 	25
401.8817 	Level finished 	25
