65.3677 	DATA 	Keypress: o
65.3685 	Level start key press 	25
67.3661 	DATA 	Keypress: o
69.3767 	DATA 	Keypress: o
71.3750 	DATA 	Keypress: o
73.4022 	DATA 	Keypress: o
73.4056 	Level image=waterlogo.jpg 	25
74.3558 	Level injecting via pump at address 0 	25
80.3464 	DATA 	Keypress: o
80.3475 	DATA 	Keypress: o
80.3487 	DATA 	Keypress: o
80.3560 	Level WAIT 	25
81.3557 	Level RINSE 	25
83.3545 	DATA 	Keypress: o
83.3627 	Level jitter 	25
90.3417 	Level finished 	25
90.3430 	DATA 	Keypress: o
90.3442 	DATA 	Keypress: o
90.3455 	DATA 	Keypress: o
90.3467 	DATA 	Keypress: o
90.3578 	Level image=waterlogo.jpg 	25
91.3538 	Level injecting via pump at address 0 	25
97.3474 	DATA 	Keypress: o
97.3488 	DATA 	Keypress: o
97.3500 	DATA 	Keypress: o
97.3556 	Level WAIT 	25
98.3445 	DATA 	Keypress: o
98.3508 	Level RINSE 	25
100.3472 	DATA 	Keypress: o
100.3571 	Level jitter 	25
105.3417 	Level finished 	25
105.3430 	DATA 	Keypress: o
105.3441 	DATA 	Keypress: o
105.3582 	Level image=tasty.jpg 	25
106.3443 	DATA 	Keypress: o
106.3579 	Level injecting via pump at address 1 	25
112.3463 	DATA 	Keypress: o
112.3473 	DATA 	Keypress: o
112.3483 	DATA 	Keypress: o
112.3581 	Level WAIT 	25
113.3550 	Level RINSE 	25
115.3466 	DATA 	Keypress: o
115.3577 	Level jitter 	25
118.3417 	Level finished 	25
118.3430 	DATA 	Keypress: o
118.3442 	DATA 	Keypress: o
118.3588 	Level image=tasty.jpg 	25
119.3571 	Level injecting via pump at address 0 	25
125.3468 	DATA 	Keypress: o
125.3479 	DATA 	Keypress: o
125.3489 	DATA 	Keypress: o
125.3582 	Level WAIT 	25
126.3442 	DATA 	Keypress: o
126.3527 	Level RINSE 	25
128.3464 	DATA 	Keypress: o
128.3587 	Level jitter 	25
134.3417 	Level finished 	25
134.3431 	DATA 	Keypress: o
134.3444 	DATA 	Keypress: o
134.3456 	DATA 	Keypress: o
134.3598 	Level image=tasty.jpg 	25
135.3566 	Level injecting via pump at address 0 	25
141.3462 	DATA 	Keypress: o
141.3473 	DATA 	Keypress: o
141.3484 	DATA 	Keypress: o
141.3567 	Level WAIT 	25
142.3446 	DATA 	Keypress: o
142.3517 	Level RINSE 	25
144.3468 	DATA 	Keypress: o
144.3580 	Level jitter 	25
153.3417 	Level finished 	25
153.3431 	DATA 	Keypress: o
153.3442 	DATA 	Keypress: o
153.3452 	DATA 	Keypress: o
153.3463 	DATA 	Keypress: o
153.3603 	Level image=tasty.jpg 	25
154.3442 	DATA 	Keypress: o
154.3560 	Level injecting via pump at address 1 	25
160.3472 	DATA 	Keypress: o
160.3483 	DATA 	Keypress: o
160.3493 	DATA 	Keypress: o
160.3567 	Level WAIT 	25
161.3519 	Level RINSE 	25
163.3475 	DATA 	Keypress: o
163.3582 	Level jitter 	25
169.3417 	Level finished 	25
169.3431 	DATA 	Keypress: o
169.3442 	DATA 	Keypress: o
169.3452 	DATA 	Keypress: o
169.3597 	Level image=tasty.jpg 	25
170.3444 	DATA 	Keypress: o
170.3548 	Level injecting via pump at address 0 	25
176.3468 	DATA 	Keypress: o
176.3482 	DATA 	Keypress: o
176.3494 	DATA 	Keypress: o
176.3561 	Level WAIT 	25
177.3463 	Level RINSE 	25
179.3473 	DATA 	Keypress: o
179.3568 	Level jitter 	25
182.3417 	Level finished 	25
182.3431 	DATA 	Keypress: o
182.3444 	DATA 	Keypress: o
182.3578 	Level image=tasty.jpg 	25
183.3458 	Level injecting via pump at address 1 	25
189.3466 	DATA 	Keypress: o
189.3479 	DATA 	Keypress: o
189.3490 	DATA 	Keypress: o
189.3550 	Level WAIT 	25
190.3446 	DATA 	Keypress: o
190.3488 	Level RINSE 	25
192.3467 	DATA 	Keypress: o
192.3547 	Level jitter 	25
197.3417 	Level finished 	25
197.3432 	DATA 	Keypress: o
197.3446 	DATA 	Keypress: o
197.3615 	Level image=tasty.jpg 	25
198.3446 	DATA 	Keypress: o
198.3478 	Level injecting via pump at address 0 	25
204.3467 	DATA 	Keypress: o
204.3478 	DATA 	Keypress: o
204.3488 	DATA 	Keypress: o
204.3591 	Level WAIT 	25
205.3480 	Level RINSE 	25
207.3471 	DATA 	Keypress: o
207.3589 	Level jitter 	25
208.3417 	Level finished 	25
208.3431 	DATA 	Keypress: o
208.3535 	Level image=waterlogo.jpg 	25
209.3486 	Level injecting via pump at address 0 	25
215.3469 	DATA 	Keypress: o
215.3482 	DATA 	Keypress: o
215.3493 	DATA 	Keypress: o
215.3651 	Level WAIT 	25
216.3442 	DATA 	Keypress: o
216.3486 	Level RINSE 	25
218.3463 	DATA 	Keypress: o
218.3518 	Level jitter 	25
223.3417 	Level finished 	25
223.3430 	DATA 	Keypress: o
223.3442 	DATA 	Keypress: o
223.3579 	Level image=waterlogo.jpg 	25
224.3442 	DATA 	Keypress: o
224.3497 	Level injecting via pump at address 0 	25
230.3471 	DATA 	Keypress: o
230.3482 	DATA 	Keypress: o
230.3492 	DATA 	Keypress: o
230.3551 	Level WAIT 	25
231.3498 	Level RINSE 	25
233.3476 	DATA 	Keypress: o
233.3560 	Level jitter 	25
236.3417 	Level finished 	25
236.3431 	DATA 	Keypress: o
236.3444 	DATA 	Keypress: o
236.3568 	Level image=tasty.jpg 	25
237.3501 	Level injecting via pump at address 0 	25
243.3464 	DATA 	Keypress: o
243.3476 	DATA 	Keypress: o
243.3485 	DATA 	Keypress: o
243.3531 	Level WAIT 	25
244.3446 	DATA 	Keypress: o
244.3477 	Level RINSE 	25
246.3470 	DATA 	Keypress: o
246.3501 	Level jitter 	25
252.3417 	Level finished 	25
252.3432 	DATA 	Keypress: o
252.3442 	DATA 	Keypress: o
252.3452 	DATA 	Keypress: o
252.3552 	Level image=waterlogo.jpg 	25
253.3501 	Level injecting via pump at address 0 	25
259.3474 	DATA 	Keypress: o
259.3487 	DATA 	Keypress: o
259.3499 	DATA 	Keypress: o
259.3677 	Level WAIT 	25
260.3442 	DATA 	Keypress: o
260.3518 	Level RINSE 	25
262.3468 	DATA 	Keypress: o
262.3517 	Level jitter 	25
264.3417 	Level finished 	25
264.3436 	DATA 	Keypress: o
264.3595 	Level image=waterlogo.jpg 	25
265.3517 	Level injecting via pump at address 0 	25
271.3488 	DATA 	Keypress: o
271.3502 	DATA 	Keypress: o
271.3515 	DATA 	Keypress: o
271.3547 	Level WAIT 	25
272.3446 	DATA 	Keypress: o
272.3498 	Level RINSE 	25
274.3470 	DATA 	Keypress: o
274.3532 	Level jitter 	25
282.3417 	Level finished 	25
282.3432 	DATA 	Keypress: o
282.3445 	DATA 	Keypress: o
282.3457 	DATA 	Keypress: o
282.3470 	DATA 	Keypress: o
282.3638 	Level image=tasty.jpg 	25
283.3529 	Level injecting via pump at address 0 	25
289.3465 	DATA 	Keypress: o
289.3475 	DATA 	Keypress: o
289.3485 	DATA 	Keypress: o
289.3541 	Level WAIT 	25
290.3446 	DATA 	Keypress: o
290.3538 	Level RINSE 	25
292.3466 	DATA 	Keypress: o
292.3537 	Level jitter 	25
297.3417 	Level finished 	25
297.3432 	DATA 	Keypress: o
297.3444 	DATA 	Keypress: o
297.3538 	Level image=waterlogo.jpg 	25
298.3443 	DATA 	Keypress: o
298.3539 	Level injecting via pump at address 0 	25
304.3472 	DATA 	Keypress: o
304.3485 	DATA 	Keypress: o
304.3501 	DATA 	Keypress: o
304.3555 	Level WAIT 	25
305.3551 	Level RINSE 	25
307.3469 	DATA 	Keypress: o
307.3549 	Level jitter 	25
312.3417 	Level finished 	25
312.3432 	DATA 	Keypress: o
312.3446 	DATA 	Keypress: o
312.3458 	DATA 	Keypress: o
312.3557 	Level image=tasty.jpg 	25
313.3508 	Level injecting via pump at address 0 	25
319.3476 	DATA 	Keypress: o
319.3493 	DATA 	Keypress: o
319.3505 	DATA 	Keypress: o
319.3557 	Level WAIT 	25
320.3442 	DATA 	Keypress: o
320.3475 	Level RINSE 	25
322.3467 	DATA 	Keypress: o
322.3529 	Level jitter 	25
329.3417 	Level finished 	25
329.3430 	DATA 	Keypress: o
329.3441 	DATA 	Keypress: o
329.3450 	DATA 	Keypress: o
329.3570 	Level image=tasty.jpg 	25
330.3442 	DATA 	Keypress: o
330.3569 	Level injecting via pump at address 1 	25
336.3472 	DATA 	Keypress: o
336.3482 	DATA 	Keypress: o
336.3494 	DATA 	Keypress: o
336.3568 	Level WAIT 	25
337.3577 	Level RINSE 	25
339.3466 	DATA 	Keypress: o
339.3580 	Level jitter 	25
343.3417 	Level finished 	25
343.3431 	DATA 	Keypress: o
343.3444 	DATA 	Keypress: o
343.3573 	Level image=tasty.jpg 	25
344.3442 	DATA 	Keypress: o
344.3539 	Level injecting via pump at address 0 	25
350.3482 	DATA 	Keypress: o
350.3496 	DATA 	Keypress: o
350.3506 	DATA 	Keypress: o
350.3562 	Level WAIT 	25
351.3497 	Level RINSE 	25
353.3465 	DATA 	Keypress: o
353.3566 	Level jitter 	25
356.3417 	Level finished 	25
356.3431 	DATA 	Keypress: o
356.3442 	DATA 	Keypress: o
356.3568 	Level image=tasty.jpg 	25
357.3518 	Level injecting via pump at address 1 	25
363.3463 	DATA 	Keypress: o
363.3474 	DATA 	Keypress: o
363.3483 	DATA 	Keypress: o
363.3536 	Level WAIT 	25
364.3447 	DATA 	Keypress: o
364.3477 	Level RINSE 	25
366.3462 	DATA 	Keypress: o
366.3545 	Level jitter 	25
371.3417 	Level finished 	25
371.3430 	DATA 	Keypress: o
371.3442 	DATA 	Keypress: o
371.3512 	DATA 	Keypress: o
371.3588 	Level image=tasty.jpg 	25
372.3558 	Level injecting via pump at address 0 	25
378.3469 	DATA 	Keypress: o
378.3481 	DATA 	Keypress: o
378.3492 	DATA 	Keypress: o
378.3581 	Level WAIT 	25
379.3519 	Level RINSE 	25
381.3479 	DATA 	Keypress: o
381.3588 	Level jitter 	25
382.3417 	Level finished 	25
382.3431 	DATA 	Keypress: o
382.3538 	Level image=tasty.jpg 	25
383.3486 	Level injecting via pump at address 1 	25
389.3475 	DATA 	Keypress: o
389.3491 	DATA 	Keypress: o
389.3506 	DATA 	Keypress: o
389.3519 	DATA 	Keypress: o
389.3611 	Level WAIT 	25
390.3610 	Level RINSE 	25
392.3474 	DATA 	Keypress: o
392.3507 	Level jitter 	25
401.3417 	Level finished 	25
401.3433 	DATA 	Keypress: o
401.3446 	DATA 	Keypress: o
401.3458 	DATA 	Keypress: o
401.3470 	DATA 	Keypress: o
401.3529 	DATA 	Keypress: o
401.3622 	Level image=tasty.jpg 	25
402.3476 	Level injecting via pump at address 1 	25
408.3466 	DATA 	Keypress: o
408.3478 	DATA 	Keypress: o
408.3489 	DATA 	Keypress: o
408.3617 	Level WAIT 	25
409.3608 	Level RINSE 	25
411.3469 	DATA 	Keypress: o
411.3502 	Level jitter 	25
420.3417 	Level finished 	25
420.3430 	DATA 	Keypress: o
420.3443 	DATA 	Keypress: o
420.3456 	DATA 	Keypress: o
420.3468 	DATA 	Keypress: o
420.3480 	DATA 	Keypress: o
420.3628 	Level image=tasty.jpg 	25
421.3462 	Level injecting via pump at address 0 	25
427.3473 	DATA 	Keypress: o
427.3488 	DATA 	Keypress: o
427.3501 	DATA 	Keypress: o
427.3514 	DATA 	Keypress: o
427.3627 	Level WAIT 	25
428.3463 	Level RINSE 	25
430.3462 	DATA 	Keypress: o
430.3507 	Level jitter 	25
432.3417 	Level finished 	25
