55.6521 	DATA 	Keypress: o
55.6531 	Level start key press 	25
57.6580 	DATA 	Keypress: o
59.6579 	DATA 	Keypress: o
61.6581 	DATA 	Keypress: o
63.6582 	DATA 	Keypress: o
64.1892 	Level image=waterlogo.jpg 	25
65.1396 	Level injecting via pump at address 0 	25
71.1281 	DATA 	Keypress: o
71.1294 	DATA 	Keypress: o
71.1306 	DATA 	Keypress: o
71.1563 	Level WAIT 	25
72.1251 	DATA 	Keypress: o
72.1399 	Level RINSE 	25
74.1357 	DATA 	Keypress: o
74.1566 	Level jitter 	25
81.1226 	Level finished 	25
81.1240 	DATA 	Keypress: o
81.1250 	DATA 	Keypress: o
81.1261 	DATA 	Keypress: o
81.1574 	Level image=waterlogo.jpg 	25
82.1250 	DATA 	Keypress: o
82.1405 	Level injecting via pump at address 0 	25
88.1279 	DATA 	Keypress: o
88.1291 	DATA 	Keypress: o
88.1304 	DATA 	Keypress: o
88.1575 	Level WAIT 	25
89.1410 	Level RINSE 	25
91.1271 	DATA 	Keypress: o
91.1582 	Level jitter 	25
96.1226 	Level finished 	25
96.1239 	DATA 	Keypress: o
96.1251 	DATA 	Keypress: o
96.1263 	DATA 	Keypress: o
96.1414 	Level image=tasty.jpg 	25
97.1415 	Level injecting via pump at address 1 	25
103.1276 	DATA 	Keypress: o
103.1288 	DATA 	Keypress: o
103.1298 	DATA 	Keypress: o
103.1590 	Level WAIT 	25
104.1250 	DATA 	Keypress: o
104.1420 	Level RINSE 	25
106.1279 	DATA 	Keypress: o
106.1421 	Level jitter 	25
109.1226 	Level finished 	25
109.1244 	DATA 	Keypress: o
109.1589 	Level image=tasty.jpg 	25
110.1250 	DATA 	Keypress: o
110.1424 	Level injecting via pump at address 0 	25
116.1281 	DATA 	Keypress: o
116.1292 	DATA 	Keypress: o
116.1301 	DATA 	Keypress: o
116.1598 	Level WAIT 	25
117.1429 	Level RINSE 	25
119.1278 	DATA 	Keypress: o
119.1597 	Level jitter 	25
125.1226 	Level finished 	25
125.1241 	DATA 	Keypress: o
125.1257 	DATA 	Keypress: o
125.1272 	DATA 	Keypress: o
125.1601 	Level image=tasty.jpg 	25
126.1249 	DATA 	Keypress: o
126.1439 	Level injecting via pump at address 0 	25
132.1271 	DATA 	Keypress: o
132.1283 	DATA 	Keypress: o
132.1295 	DATA 	Keypress: o
132.1439 	Level WAIT 	25
133.1440 	Level RINSE 	25
135.1276 	DATA 	Keypress: o
135.1609 	Level jitter 	25
144.1226 	Level finished 	25
144.1239 	DATA 	Keypress: o
144.1248 	DATA 	Keypress: o
144.1257 	DATA 	Keypress: o
144.1266 	DATA 	Keypress: o
144.1275 	DATA 	Keypress: o
144.1618 	Level image=tasty.jpg 	25
145.1449 	Level injecting via pump at address 1 	25
151.1281 	DATA 	Keypress: o
151.1293 	DATA 	Keypress: o
151.1304 	DATA 	Keypress: o
151.1452 	Level WAIT 	25
152.1250 	DATA 	Keypress: o
152.1453 	Level RINSE 	25
154.1280 	DATA 	Keypress: o
154.1458 	Level jitter 	25
160.1226 	Level finished 	25
160.1241 	DATA 	Keypress: o
160.1255 	DATA 	Keypress: o
160.1268 	DATA 	Keypress: o
160.1625 	Level image=tasty.jpg 	25
161.1459 	Level injecting via pump at address 0 	25
167.1287 	DATA 	Keypress: o
167.1301 	DATA 	Keypress: o
167.1314 	DATA 	Keypress: o
167.1467 	Level WAIT 	25
168.1254 	DATA 	Keypress: o
168.1464 	Level RINSE 	25
170.1270 	DATA 	Keypress: o
170.1465 	Level jitter 	25
173.1226 	Level finished 	25
173.1239 	DATA 	Keypress: o
173.1468 	Level image=tasty.jpg 	25
174.1252 	DATA 	Keypress: o
174.1469 	Level injecting via pump at address 1 	25
180.1277 	DATA 	Keypress: o
180.1289 	DATA 	Keypress: o
180.1298 	DATA 	Keypress: o
180.1475 	Level WAIT 	25
181.1473 	Level RINSE 	25
183.1273 	DATA 	Keypress: o
183.1474 	Level jitter 	25
188.1226 	Level finished 	25
188.1240 	DATA 	Keypress: o
188.1251 	DATA 	Keypress: o
188.1260 	DATA 	Keypress: o
188.1479 	Level image=tasty.jpg 	25
189.1312 	Level injecting via pump at address 0 	25
195.1283 	DATA 	Keypress: o
195.1295 	DATA 	Keypress: o
195.1307 	DATA 	Keypress: o
195.1486 	Level WAIT 	25
196.1255 	DATA 	Keypress: o
196.1483 	Level RINSE 	25
198.1278 	DATA 	Keypress: o
198.1484 	Level jitter 	25
199.1226 	Level finished 	25
199.1485 	Level image=waterlogo.jpg 	25
200.1253 	DATA 	Keypress: o
200.1487 	Level injecting via pump at address 0 	25
206.1285 	DATA 	Keypress: o
206.1298 	DATA 	Keypress: o
206.1309 	DATA 	Keypress: o
206.1494 	Level WAIT 	25
207.1324 	Level RINSE 	25
209.1278 	DATA 	Keypress: o
209.1492 	Level jitter 	25
214.1226 	Level finished 	25
214.1239 	DATA 	Keypress: o
214.1250 	DATA 	Keypress: o
214.1263 	DATA 	Keypress: o
214.1496 	Level image=waterlogo.jpg 	25
215.1497 	Level injecting via pump at address 0 	25
221.1280 	DATA 	Keypress: o
221.1292 	DATA 	Keypress: o
221.1301 	DATA 	Keypress: o
221.1504 	Level WAIT 	25
222.1250 	DATA 	Keypress: o
222.1501 	Level RINSE 	25
224.1283 	DATA 	Keypress: o
224.1502 	Level jitter 	25
227.1226 	Level finished 	25
227.1239 	DATA 	Keypress: o
227.1505 	Level image=tasty.jpg 	25
228.1250 	DATA 	Keypress: o
228.1505 	Level injecting via pump at address 0 	25
234.1282 	DATA 	Keypress: o
234.1295 	DATA 	Keypress: o
234.1307 	DATA 	Keypress: o
234.1513 	Level WAIT 	25
235.1343 	Level RINSE 	25
237.1276 	DATA 	Keypress: o
237.1511 	Level jitter 	25
243.1226 	Level finished 	25
243.1239 	DATA 	Keypress: o
243.1248 	DATA 	Keypress: o
243.1258 	DATA 	Keypress: o
243.1516 	Level image=waterlogo.jpg 	25
244.1253 	DATA 	Keypress: o
244.1521 	Level injecting via pump at address 0 	25
250.1281 	DATA 	Keypress: o
250.1294 	DATA 	Keypress: o
250.1305 	DATA 	Keypress: o
250.1521 	Level WAIT 	25
251.1354 	Level RINSE 	25
253.1272 	DATA 	Keypress: o
253.1522 	Level jitter 	25
255.1226 	Level finished 	25
255.1239 	DATA 	Keypress: o
255.1528 	Level image=waterlogo.jpg 	25
256.1254 	DATA 	Keypress: o
256.1525 	Level injecting via pump at address 0 	25
262.1286 	DATA 	Keypress: o
262.1298 	DATA 	Keypress: o
262.1310 	DATA 	Keypress: o
262.1529 	Level WAIT 	25
263.1362 	Level RINSE 	25
265.1279 	DATA 	Keypress: o
265.1534 	Level jitter 	25
273.1226 	Level finished 	25
273.1242 	DATA 	Keypress: o
273.1253 	DATA 	Keypress: o
273.1263 	DATA 	Keypress: o
273.1273 	DATA 	Keypress: o
273.1370 	Level image=tasty.jpg 	25
274.1254 	DATA 	Keypress: o
274.1370 	Level injecting via pump at address 0 	25
280.1274 	DATA 	Keypress: o
280.1284 	DATA 	Keypress: o
280.1294 	DATA 	Keypress: o
280.1544 	Level WAIT 	25
281.1542 	Level RINSE 	25
283.1274 	DATA 	Keypress: o
283.1377 	Level jitter 	25
288.1226 	Level finished 	25
288.1240 	DATA 	Keypress: o
288.1252 	DATA 	Keypress: o
288.1264 	DATA 	Keypress: o
288.1380 	Level image=waterlogo.jpg 	25
289.1381 	Level injecting via pump at address 0 	25
295.1272 	DATA 	Keypress: o
295.1282 	DATA 	Keypress: o
295.1292 	DATA 	Keypress: o
295.1389 	Level WAIT 	25
296.1254 	DATA 	Keypress: o
296.1386 	Level RINSE 	25
298.1280 	DATA 	Keypress: o
298.1387 	Level jitter 	25
303.1226 	Level finished 	25
303.1240 	DATA 	Keypress: o
303.1251 	DATA 	Keypress: o
303.1558 	Level image=tasty.jpg 	25
304.1250 	DATA 	Keypress: o
304.1392 	Level injecting via pump at address 0 	25
310.1279 	DATA 	Keypress: o
310.1291 	DATA 	Keypress: o
310.1303 	DATA 	Keypress: o
310.1399 	Level WAIT 	25
311.1396 	Level RINSE 	25
313.1276 	DATA 	Keypress: o
313.1398 	Level jitter 	25
320.1226 	Level finished 	25
320.1240 	DATA 	Keypress: o
320.1250 	DATA 	Keypress: o
320.1260 	DATA 	Keypress: o
320.1269 	DATA 	Keypress: o
320.1406 	Level image=tasty.jpg 	25
321.1403 	Level injecting via pump at address 1 	25
327.1290 	DATA 	Keypress: o
327.1306 	DATA 	Keypress: o
327.1320 	DATA 	Keypress: o
327.1573 	Level WAIT 	25
328.1252 	DATA 	Keypress: o
328.1409 	Level RINSE 	25
330.1275 	DATA 	Keypress: o
330.1413 	Level jitter 	25
334.1226 	Level finished 	25
334.1239 	DATA 	Keypress: o
334.1248 	DATA 	Keypress: o
334.1579 	Level image=tasty.jpg 	25
335.1413 	Level injecting via pump at address 0 	25
341.1283 	DATA 	Keypress: o
341.1296 	DATA 	Keypress: o
341.1308 	DATA 	Keypress: o
341.1419 	Level WAIT 	25
342.1252 	DATA 	Keypress: o
342.1418 	Level RINSE 	25
344.1279 	DATA 	Keypress: o
344.1585 	Level jitter 	25
347.1226 	Level finished 	25
347.1237 	DATA 	Keypress: o
347.1588 	Level image=tasty.jpg 	25
348.1254 	DATA 	Keypress: o
348.1421 	Level injecting via pump at address 1 	25
354.1275 	DATA 	Keypress: o
354.1286 	DATA 	Keypress: o
354.1296 	DATA 	Keypress: o
354.1429 	Level WAIT 	25
355.1427 	Level RINSE 	25
357.1279 	DATA 	Keypress: o
357.1428 	Level jitter 	25
362.1226 	Level finished 	25
362.1240 	DATA 	Keypress: o
362.1252 	DATA 	Keypress: o
362.1264 	DATA 	Keypress: o
362.1599 	Level image=tasty.jpg 	25
363.1266 	Level injecting via pump at address 0 	25
369.1274 	DATA 	Keypress: o
369.1286 	DATA 	Keypress: o
369.1297 	DATA 	Keypress: o
369.1606 	Level WAIT 	25
370.1250 	DATA 	Keypress: o
370.1437 	Level RINSE 	25
372.1276 	DATA 	Keypress: o
372.1604 	Level jitter 	25
373.1226 	Level finished 	25
373.1439 	Level image=tasty.jpg 	25
374.1253 	DATA 	Keypress: o
374.1440 	Level injecting via pump at address 1 	25
380.1276 	DATA 	Keypress: o
380.1289 	DATA 	Keypress: o
380.1299 	DATA 	Keypress: o
380.1447 	Level WAIT 	25
381.1444 	Level RINSE 	25
383.1276 	DATA 	Keypress: o
383.1446 	Level jitter 	25
392.1226 	Level finished 	25
392.1242 	DATA 	Keypress: o
392.1254 	DATA 	Keypress: o
392.1264 	DATA 	Keypress: o
392.1274 	DATA 	Keypress: o
392.1283 	DATA 	Keypress: o
392.1456 	Level image=tasty.jpg 	25
393.1453 	Level injecting via pump at address 1 	25
399.1274 	DATA 	Keypress: o
399.1289 	DATA 	Keypress: o
399.1301 	DATA 	Keypress: o
399.1457 	Level WAIT 	25
400.1255 	DATA 	Keypress: o
400.1458 	Level RINSE 	25
402.1272 	DATA 	Keypress: o
402.1463 	Level jitter 	25
411.1226 	Level finished 	25
411.1241 	DATA 	Keypress: o
411.1254 	DATA 	Keypress: o
411.1266 	DATA 	Keypress: o
411.1278 	DATA 	Keypress: o
411.1465 	Level image=tasty.jpg 	25
412.1254 	DATA 	Keypress: o
412.1471 	Level injecting via pump at address 0 	25
418.1294 	DATA 	Keypress: o
418.1311 	DATA 	Keypress: o
418.1322 	DATA 	Keypress: o
418.1469 	Level WAIT 	25
419.1470 	Level RINSE 	25
421.1274 	DATA 	Keypress: o
421.1472 	Level jitter 	25
423.1226 	Level finished 	25
