104.6499 	DATA 	Keypress: o
104.6508 	Level start key press 	25
106.6536 	DATA 	Keypress: o
108.6536 	DATA 	Keypress: o
110.6538 	DATA 	Keypress: o
112.6539 	DATA 	Keypress: o
113.1183 	Level image=waterlogo.jpg 	25
114.0184 	Level injecting via pump at address 0 	25
120.0068 	DATA 	Keypress: o
120.0079 	DATA 	Keypress: o
120.0089 	DATA 	Keypress: o
120.0191 	Level WAIT 	25
121.0045 	DATA 	Keypress: o
121.0188 	Level RINSE 	25
123.0142 	DATA 	Keypress: o
123.0190 	Level jitter 	25
129.0016 	Level finished 	25
129.0027 	DATA 	Keypress: o
129.0037 	DATA 	Keypress: o
129.0047 	DATA 	Keypress: o
129.0194 	Level image=tasty.jpg 	25
130.0199 	Level injecting via pump at address 1 	25
136.0064 	DATA 	Keypress: o
136.0074 	DATA 	Keypress: o
136.0085 	DATA 	Keypress: o
136.0198 	Level WAIT 	25
137.0046 	DATA 	Keypress: o
137.0200 	Level RINSE 	25
139.0066 	DATA 	Keypress: o
139.0201 	Level jitter 	25
145.0016 	Level finished 	25
145.0036 	DATA 	Keypress: o
145.0049 	DATA 	Keypress: o
145.0061 	DATA 	Keypress: o
145.0209 	Level image=tasty.jpg 	25
146.0206 	Level injecting via pump at address 1 	25
152.0062 	DATA 	Keypress: o
152.0072 	DATA 	Keypress: o
152.0082 	DATA 	Keypress: o
152.0210 	Level WAIT 	25
153.0044 	DATA 	Keypress: o
153.0211 	Level RINSE 	25
155.0070 	DATA 	Keypress: o
155.0216 	Level jitter 	25
157.0016 	Level finished 	25
157.0027 	DATA 	Keypress: o
157.0214 	Level image=waterlogo.jpg 	25
158.0214 	Level injecting via pump at address 0 	25
164.0074 	DATA 	Keypress: o
164.0087 	DATA 	Keypress: o
164.0099 	DATA 	Keypress: o
164.0217 	Level WAIT 	25
165.0043 	DATA 	Keypress: o
165.0223 	Level RINSE 	25
167.0069 	DATA 	Keypress: o
167.0220 	Level jitter 	25
173.0016 	Level finished 	25
173.0028 	DATA 	Keypress: o
173.0039 	DATA 	Keypress: o
173.0052 	DATA 	Keypress: o
173.0224 	Level image=tasty.jpg 	25
174.0225 	Level injecting via pump at address 1 	25
180.0062 	DATA 	Keypress: o
180.0072 	DATA 	Keypress: o
180.0082 	DATA 	Keypress: o
180.0233 	Level WAIT 	25
181.0043 	DATA 	Keypress: o
181.0230 	Level RINSE 	25
183.0069 	DATA 	Keypress: o
183.0232 	Level jitter 	25
188.0016 	Level finished 	25
188.0029 	DATA 	Keypress: o
188.0039 	DATA 	Keypress: o
188.0402 	Level image=waterlogo.jpg 	25
189.0043 	DATA 	Keypress: o
189.0236 	Level injecting via pump at address 0 	25
195.0070 	DATA 	Keypress: o
195.0087 	DATA 	Keypress: o
195.0100 	DATA 	Keypress: o
195.0243 	Level WAIT 	25
196.0240 	Level RINSE 	25
198.0069 	DATA 	Keypress: o
198.0242 	Level jitter 	25
203.0016 	Level finished 	25
203.0030 	DATA 	Keypress: o
203.0042 	DATA 	Keypress: o
203.0054 	DATA 	Keypress: o
203.0245 	Level image=tasty.jpg 	25
204.0079 	Level injecting via pump at address 1 	25
210.0074 	DATA 	Keypress: o
210.0088 	DATA 	Keypress: o
210.0103 	DATA 	Keypress: o
210.0254 	Level WAIT 	25
211.0048 	DATA 	Keypress: o
211.0251 	Level RINSE 	25
213.0061 	DATA 	Keypress: o
213.0252 	Level jitter 	25
219.0016 	Level finished 	25
219.0027 	DATA 	Keypress: o
219.0037 	DATA 	Keypress: o
219.0047 	DATA 	Keypress: o
219.0427 	Level image=waterlogo.jpg 	25
220.0091 	Level injecting via pump at address 0 	25
226.0071 	DATA 	Keypress: o
226.0084 	DATA 	Keypress: o
226.0097 	DATA 	Keypress: o
226.0261 	Level WAIT 	25
227.0043 	DATA 	Keypress: o
227.0263 	Level RINSE 	25
229.0061 	DATA 	Keypress: o
229.0096 	Level jitter 	25
232.0016 	Level finished 	25
232.0033 	DATA 	Keypress: o
232.0268 	Level image=tasty.jpg 	25
233.0045 	DATA 	Keypress: o
233.0266 	Level injecting via pump at address 1 	25
239.0068 	DATA 	Keypress: o
239.0081 	DATA 	Keypress: o
239.0095 	DATA 	Keypress: o
239.0270 	Level WAIT 	25
240.0271 	Level RINSE 	25
242.0059 	DATA 	Keypress: o
242.0277 	Level jitter 	25
250.0016 	Level finished 	25
250.0028 	DATA 	Keypress: o
250.0038 	DATA 	Keypress: o
250.0048 	DATA 	Keypress: o
250.0058 	DATA 	Keypress: o
250.0277 	Level image=waterlogo.jpg 	25
251.0044 	DATA 	Keypress: o
251.0112 	Level injecting via pump at address 0 	25
257.0069 	DATA 	Keypress: o
257.0081 	DATA 	Keypress: o
257.0090 	DATA 	Keypress: o
257.0118 	Level WAIT 	25
258.0116 	Level RINSE 	25
260.0066 	DATA 	Keypress: o
260.0116 	Level jitter 	25
262.0016 	Level finished 	25
262.0027 	DATA 	Keypress: o
262.0286 	Level image=tasty.jpg 	25
263.0044 	DATA 	Keypress: o
263.0287 	Level injecting via pump at address 1 	25
269.0062 	DATA 	Keypress: o
269.0074 	DATA 	Keypress: o
269.0086 	DATA 	Keypress: o
269.0295 	Level WAIT 	25
270.0124 	Level RINSE 	25
272.0063 	DATA 	Keypress: o
272.0293 	Level jitter 	25
281.0016 	Level finished 	25
281.0028 	DATA 	Keypress: o
281.0039 	DATA 	Keypress: o
281.0050 	DATA 	Keypress: o
281.0061 	DATA 	Keypress: o
281.0070 	DATA 	Keypress: o
281.0303 	Level image=waterlogo.jpg 	25
282.0133 	Level injecting via pump at address 0 	25
288.0071 	DATA 	Keypress: o
288.0085 	DATA 	Keypress: o
288.0097 	DATA 	Keypress: o
288.0136 	Level WAIT 	25
289.0039 	DATA 	Keypress: o
289.0137 	Level RINSE 	25
291.0069 	DATA 	Keypress: o
291.0309 	Level jitter 	25
293.0016 	Level finished 	25
293.0029 	DATA 	Keypress: o
293.0307 	Level image=tasty.jpg 	25
294.0308 	Level injecting via pump at address 1 	25
300.0062 	DATA 	Keypress: o
300.0072 	DATA 	Keypress: o
300.0082 	DATA 	Keypress: o
300.0313 	Level WAIT 	25
301.0043 	DATA 	Keypress: o
301.0150 	Level RINSE 	25
303.0060 	DATA 	Keypress: o
303.0313 	Level jitter 	25
306.0016 	Level finished 	25
306.0027 	DATA 	Keypress: o
306.0316 	Level image=waterlogo.jpg 	25
307.0040 	DATA 	Keypress: o
307.0151 	Level injecting via pump at address 0 	25
313.0074 	DATA 	Keypress: o
313.0087 	DATA 	Keypress: o
313.0099 	DATA 	Keypress: o
313.0157 	Level WAIT 	25
314.0155 	Level RINSE 	25
316.0062 	DATA 	Keypress: o
316.0323 	Level jitter 	25
320.0016 	Level finished 	25
320.0028 	DATA 	Keypress: o
320.0040 	DATA 	Keypress: o
320.0159 	Level image=tasty.jpg 	25
321.0044 	DATA 	Keypress: o
321.0160 	Level injecting via pump at address 1 	25
327.0063 	DATA 	Keypress: o
327.0074 	DATA 	Keypress: o
327.0083 	DATA 	Keypress: o
327.0335 	Level WAIT 	25
328.0332 	Level RINSE 	25
330.0066 	DATA 	Keypress: o
330.0166 	Level jitter 	25
331.0016 	Level finished 	25
331.0028 	DATA 	Keypress: o
331.0333 	Level image=waterlogo.jpg 	25
332.0167 	Level injecting via pump at address 0 	25
338.0063 	DATA 	Keypress: o
338.0074 	DATA 	Keypress: o
338.0084 	DATA 	Keypress: o
338.0177 	Level WAIT 	25
339.0042 	DATA 	Keypress: o
339.0173 	Level RINSE 	25
341.0069 	DATA 	Keypress: o
341.0340 	Level jitter 	25
344.0016 	Level finished 	25
344.0028 	DATA 	Keypress: o
344.0343 	Level image=tasty.jpg 	25
345.0041 	DATA 	Keypress: o
345.0176 	Level injecting via pump at address 1 	25
351.0068 	DATA 	Keypress: o
351.0078 	DATA 	Keypress: o
351.0088 	DATA 	Keypress: o
351.0185 	Level WAIT 	25
352.0182 	Level RINSE 	25
354.0067 	DATA 	Keypress: o
354.0183 	Level jitter 	25
362.0016 	Level finished 	25
362.0029 	DATA 	Keypress: o
362.0042 	DATA 	Keypress: o
362.0052 	DATA 	Keypress: o
362.0062 	DATA 	Keypress: o
362.0358 	Level image=tasty.jpg 	25
363.0044 	DATA 	Keypress: o
363.0189 	Level injecting via pump at address 1 	25
369.0060 	DATA 	Keypress: o
369.0072 	DATA 	Keypress: o
369.0081 	DATA 	Keypress: o
369.0359 	Level WAIT 	25
370.0193 	Level RINSE 	25
372.0070 	DATA 	Keypress: o
372.0366 	Level jitter 	25
376.0016 	Level finished 	25
376.0028 	DATA 	Keypress: o
376.0040 	DATA 	Keypress: o
376.0198 	Level image=waterlogo.jpg 	25
377.0044 	DATA 	Keypress: o
377.0199 	Level injecting via pump at address 0 	25
383.0069 	DATA 	Keypress: o
383.0079 	DATA 	Keypress: o
383.0089 	DATA 	Keypress: o
383.0207 	Level WAIT 	25
384.0203 	Level RINSE 	25
386.0066 	DATA 	Keypress: o
386.0204 	Level jitter 	25
389.0016 	Level finished 	25
389.0030 	DATA 	Keypress: o
389.0043 	DATA 	Keypress: o
389.0207 	Level image=tasty.jpg 	25
390.0208 	Level injecting via pump at address 1 	25
396.0066 	DATA 	Keypress: o
396.0077 	DATA 	Keypress: o
396.0087 	DATA 	Keypress: o
396.0217 	Level WAIT 	25
397.0042 	DATA 	Keypress: o
397.0213 	Level RINSE 	25
399.0064 	DATA 	Keypress: o
399.0213 	Level jitter 	25
404.0016 	Level finished 	25
404.0029 	DATA 	Keypress: o
404.0042 	DATA 	Keypress: o
404.0217 	Level image=waterlogo.jpg 	25
405.0039 	DATA 	Keypress: o
405.0218 	Level injecting via pump at address 0 	25
411.0074 	DATA 	Keypress: o
411.0087 	DATA 	Keypress: o
411.0098 	DATA 	Keypress: o
411.0227 	Level WAIT 	25
412.0223 	Level RINSE 	25
414.0070 	DATA 	Keypress: o
414.0223 	Level jitter 	25
419.0016 	Level finished 	25
419.0029 	DATA 	Keypress: o
419.0039 	DATA 	Keypress: o
419.0049 	DATA 	Keypress: o
419.0394 	Level image=waterlogo.jpg 	25
420.0228 	Level injecting via pump at address 0 	25
426.0069 	DATA 	Keypress: o
426.0082 	DATA 	Keypress: o
426.0094 	DATA 	Keypress: o
426.0237 	Level WAIT 	25
427.0042 	DATA 	Keypress: o
427.0233 	Level RINSE 	25
429.0066 	DATA 	Keypress: o
429.0234 	Level jitter 	25
438.0016 	Level finished 	25
438.0029 	DATA 	Keypress: o
438.0042 	DATA 	Keypress: o
438.0052 	DATA 	Keypress: o
438.0061 	DATA 	Keypress: o
438.0245 	Level image=tasty.jpg 	25
439.0044 	DATA 	Keypress: o
439.0243 	Level injecting via pump at address 1 	25
445.0075 	DATA 	Keypress: o
445.0089 	DATA 	Keypress: o
445.0101 	DATA 	Keypress: o
445.0245 	Level WAIT 	25
446.0246 	Level RINSE 	25
448.0072 	DATA 	Keypress: o
448.0251 	Level jitter 	25
450.0016 	Level finished 	25
450.0027 	DATA 	Keypress: o
450.0415 	Level image=waterlogo.jpg 	25
451.0044 	DATA 	Keypress: o
451.0250 	Level injecting via pump at address 0 	25
457.0076 	DATA 	Keypress: o
457.0088 	DATA 	Keypress: o
457.0100 	DATA 	Keypress: o
457.0253 	Level WAIT 	25
458.0258 	Level RINSE 	25
460.0063 	DATA 	Keypress: o
460.0255 	Level jitter 	25
463.0016 	Level finished 	25
463.0028 	DATA 	Keypress: o
463.0038 	DATA 	Keypress: o
463.0258 	Level image=waterlogo.jpg 	25
464.0259 	Level injecting via pump at address 0 	25
470.0067 	DATA 	Keypress: o
470.0080 	DATA 	Keypress: o
470.0092 	DATA 	Keypress: o
470.0267 	Level WAIT 	25
471.0045 	DATA 	Keypress: o
471.0263 	Level RINSE 	25
473.0060 	DATA 	Keypress: o
473.0264 	Level jitter 	25
478.0016 	Level finished 	25
478.0028 	DATA 	Keypress: o
478.0038 	DATA 	Keypress: o
478.0268 	Level image=tasty.jpg 	25
479.0047 	DATA 	Keypress: o
479.0104 	Level injecting via pump at address 1 	25
485.0067 	DATA 	Keypress: o
485.0077 	DATA 	Keypress: o
485.0087 	DATA 	Keypress: o
485.0277 	Level WAIT 	25
486.0273 	Level RINSE 	25
488.0069 	DATA 	Keypress: o
488.0108 	Level jitter 	25
490.0016 	Level finished 	25
490.0033 	DATA 	Keypress: o
490.0276 	Level image=tasty.jpg 	25
491.0041 	DATA 	Keypress: o
491.0110 	Level injecting via pump at address 1 	25
497.0068 	DATA 	Keypress: o
497.0078 	DATA 	Keypress: o
497.0088 	DATA 	Keypress: o
497.0286 	Level WAIT 	25
498.0115 	Level RINSE 	25
500.0069 	DATA 	Keypress: o
500.0283 	Level jitter 	25
507.0016 	Level finished 	25
507.0028 	DATA 	Keypress: o
507.0040 	DATA 	Keypress: o
507.0053 	DATA 	Keypress: o
507.0064 	DATA 	Keypress: o
507.0292 	Level image=waterlogo.jpg 	25
508.0289 	Level injecting via pump at address 0 	25
514.0070 	DATA 	Keypress: o
514.0083 	DATA 	Keypress: o
514.0095 	DATA 	Keypress: o
514.0292 	Level WAIT 	25
515.0043 	DATA 	Keypress: o
515.0294 	Level RINSE 	25
517.0071 	DATA 	Keypress: o
517.0298 	Level jitter 	25
520.0016 	Level finished 	25
520.0028 	DATA 	Keypress: o
520.0297 	Level image=tasty.jpg 	25
521.0040 	DATA 	Keypress: o
521.0298 	Level injecting via pump at address 1 	25
527.0073 	DATA 	Keypress: o
527.0086 	DATA 	Keypress: o
527.0098 	DATA 	Keypress: o
527.0306 	Level WAIT 	25
528.0303 	Level RINSE 	25
530.0066 	DATA 	Keypress: o
530.0303 	Level jitter 	25
532.0016 	Level finished 	25
532.0029 	DATA 	Keypress: o
532.0138 	Level image=waterlogo.jpg 	25
533.0047 	DATA 	Keypress: o
533.0306 	Level injecting via pump at address 0 	25
539.0066 	DATA 	Keypress: o
539.0077 	DATA 	Keypress: o
539.0087 	DATA 	Keypress: o
539.0315 	Level WAIT 	25
540.0312 	Level RINSE 	25
542.0070 	DATA 	Keypress: o
542.0313 	Level jitter 	25
550.0016 	Level finished 	25
550.0028 	DATA 	Keypress: o
550.0040 	DATA 	Keypress: o
550.0052 	DATA 	Keypress: o
550.0064 	DATA 	Keypress: o
550.0322 	Level image=tasty.jpg 	25
551.0039 	DATA 	Keypress: o
551.0153 	Level injecting via pump at address 1 	25
557.0062 	DATA 	Keypress: o
557.0072 	DATA 	Keypress: o
557.0081 	DATA 	Keypress: o
557.0155 	Level WAIT 	25
558.0156 	Level RINSE 	25
560.0083 	DATA 	Keypress: o
560.0162 	Level jitter 	25
562.0016 	Level finished 	25
562.0032 	DATA 	Keypress: o
562.0326 	Level image=waterlogo.jpg 	25
563.0044 	DATA 	Keypress: o
563.0161 	Level injecting via pump at address 0 	25
569.0066 	DATA 	Keypress: o
569.0076 	DATA 	Keypress: o
569.0086 	DATA 	Keypress: o
569.0164 	Level WAIT 	25
570.0169 	Level RINSE 	25
572.0060 	DATA 	Keypress: o
572.0166 	Level jitter 	25
579.0016 	Level finished 	25
