134.1232 	DATA 	Keypress: o
134.1239 	Level start key press 	25
136.1299 	DATA 	Keypress: o
138.1299 	DATA 	Keypress: o
140.1302 	DATA 	Keypress: o
142.1304 	DATA 	Keypress: o
142.6449 	Level image=waterlogo.jpg 	25
143.5951 	Level injecting via pump at address 0 	25
149.5837 	DATA 	Keypress: o
149.5850 	DATA 	Keypress: o
149.5861 	DATA 	Keypress: o
149.5962 	Level WAIT 	25
150.5810 	DATA 	Keypress: o
150.5958 	Level RINSE 	25
152.5917 	DATA 	Keypress: o
152.6127 	Level jitter 	25
154.5782 	Level finished 	25
154.5793 	DATA 	Keypress: o
154.6130 	Level image=tasty.jpg 	25
155.5965 	Level injecting via pump at address 1 	25
161.5833 	DATA 	Keypress: o
161.5846 	DATA 	Keypress: o
161.5857 	DATA 	Keypress: o
161.5975 	Level WAIT 	25
162.5807 	DATA 	Keypress: o
162.5972 	Level RINSE 	25
164.5832 	DATA 	Keypress: o
164.5974 	Level jitter 	25
166.5782 	Level finished 	25
166.5793 	DATA 	Keypress: o
166.6144 	Level image=tasty.jpg 	25
167.5979 	Level injecting via pump at address 0 	25
173.5833 	DATA 	Keypress: o
173.5843 	DATA 	Keypress: o
173.5852 	DATA 	Keypress: o
173.5989 	Level WAIT 	25
174.5805 	DATA 	Keypress: o
174.5986 	Level RINSE 	25
176.5825 	DATA 	Keypress: o
176.6155 	Level jitter 	25
181.5782 	Level finished 	25
181.5795 	DATA 	Keypress: o
181.5804 	DATA 	Keypress: o
181.5995 	Level image=tasty.jpg 	25
182.5812 	DATA 	Keypress: o
182.5996 	Level injecting via pump at address 1 	25
188.5834 	DATA 	Keypress: o
188.5845 	DATA 	Keypress: o
188.5856 	DATA 	Keypress: o
188.6173 	Level WAIT 	25
189.5838 	Level RINSE 	25
191.5826 	DATA 	Keypress: o
191.6006 	Level jitter 	25
197.5782 	Level finished 	25
197.5794 	DATA 	Keypress: o
197.5804 	DATA 	Keypress: o
197.5813 	DATA 	Keypress: o
197.6014 	Level image=tasty.jpg 	25
198.5807 	DATA 	Keypress: o
198.5852 	Level injecting via pump at address 0 	25
204.5833 	DATA 	Keypress: o
204.5843 	DATA 	Keypress: o
204.5852 	DATA 	Keypress: o
204.6188 	Level WAIT 	25
205.5857 	Level RINSE 	25
207.5825 	DATA 	Keypress: o
207.6025 	Level jitter 	25
209.5782 	Level finished 	25
209.5795 	DATA 	Keypress: o
209.6032 	Level image=waterlogo.jpg 	25
210.5806 	DATA 	Keypress: o
210.6030 	Level injecting via pump at address 0 	25
216.5831 	DATA 	Keypress: o
216.5842 	DATA 	Keypress: o
216.5852 	DATA 	Keypress: o
216.6035 	Level WAIT 	25
217.5870 	Level RINSE 	25
219.5841 	DATA 	Keypress: o
219.6043 	Level jitter 	25
228.5782 	Level finished 	25
228.5794 	DATA 	Keypress: o
228.5807 	DATA 	Keypress: o
228.5818 	DATA 	Keypress: o
228.5827 	DATA 	Keypress: o
228.5836 	DATA 	Keypress: o
228.6049 	Level image=tasty.jpg 	25
229.6055 	Level injecting via pump at address 0 	25
235.5827 	DATA 	Keypress: o
235.5837 	DATA 	Keypress: o
235.5846 	DATA 	Keypress: o
235.6057 	Level WAIT 	25
236.5806 	DATA 	Keypress: o
236.5892 	Level RINSE 	25
238.5825 	DATA 	Keypress: o
238.6062 	Level jitter 	25
239.5782 	Level finished 	25
239.5900 	Level image=waterlogo.jpg 	25
240.5808 	DATA 	Keypress: o
240.6065 	Level injecting via pump at address 0 	25
246.5833 	DATA 	Keypress: o
246.5842 	DATA 	Keypress: o
246.5852 	DATA 	Keypress: o
246.6070 	Level WAIT 	25
247.6072 	Level RINSE 	25
249.5832 	DATA 	Keypress: o
249.6077 	Level jitter 	25
255.5782 	Level finished 	25
255.5794 	DATA 	Keypress: o
255.5804 	DATA 	Keypress: o
255.5814 	DATA 	Keypress: o
255.6081 	Level image=tasty.jpg 	25
256.5805 	DATA 	Keypress: o
256.6083 	Level injecting via pump at address 0 	25
262.5832 	DATA 	Keypress: o
262.5844 	DATA 	Keypress: o
262.5854 	DATA 	Keypress: o
262.6093 	Level WAIT 	25
263.6090 	Level RINSE 	25
265.5831 	DATA 	Keypress: o
265.6093 	Level jitter 	25
273.5782 	Level finished 	25
273.5794 	DATA 	Keypress: o
273.5806 	DATA 	Keypress: o
273.5817 	DATA 	Keypress: o
273.5829 	DATA 	Keypress: o
273.5939 	Level image=tasty.jpg 	25
274.5805 	DATA 	Keypress: o
274.5937 	Level injecting via pump at address 1 	25
280.5827 	DATA 	Keypress: o
280.5837 	DATA 	Keypress: o
280.5847 	DATA 	Keypress: o
280.5943 	Level WAIT 	25
281.5945 	Level RINSE 	25
283.5834 	DATA 	Keypress: o
283.5951 	Level jitter 	25
288.5782 	Level finished 	25
288.5795 	DATA 	Keypress: o
288.5804 	DATA 	Keypress: o
288.5815 	DATA 	Keypress: o
288.6120 	Level image=tasty.jpg 	25
289.5954 	Level injecting via pump at address 0 	25
295.5833 	DATA 	Keypress: o
295.5845 	DATA 	Keypress: o
295.5857 	DATA 	Keypress: o
295.5965 	Level WAIT 	25
296.5811 	DATA 	Keypress: o
296.5962 	Level RINSE 	25
298.5834 	DATA 	Keypress: o
298.5964 	Level jitter 	25
305.5782 	Level finished 	25
305.5794 	DATA 	Keypress: o
305.5803 	DATA 	Keypress: o
305.5812 	DATA 	Keypress: o
305.5977 	Level image=waterlogo.jpg 	25
306.5810 	DATA 	Keypress: o
306.5976 	Level injecting via pump at address 0 	25
312.5834 	DATA 	Keypress: o
312.5846 	DATA 	Keypress: o
312.5855 	DATA 	Keypress: o
312.5981 	Level WAIT 	25
313.5982 	Level RINSE 	25
315.5825 	DATA 	Keypress: o
315.5988 	Level jitter 	25
321.5782 	Level finished 	25
321.5794 	DATA 	Keypress: o
321.5807 	DATA 	Keypress: o
321.5819 	DATA 	Keypress: o
321.5993 	Level image=waterlogo.jpg 	25
322.5809 	DATA 	Keypress: o
322.5994 	Level injecting via pump at address 0 	25
328.5832 	DATA 	Keypress: o
328.5844 	DATA 	Keypress: o
328.5855 	DATA 	Keypress: o
328.6002 	Level WAIT 	25
329.5834 	Level RINSE 	25
331.5832 	DATA 	Keypress: o
331.6003 	Level jitter 	25
333.5782 	Level finished 	25
333.5794 	DATA 	Keypress: o
333.6006 	Level image=tasty.jpg 	25
334.5805 	DATA 	Keypress: o
334.6008 	Level injecting via pump at address 0 	25
340.5837 	DATA 	Keypress: o
340.5849 	DATA 	Keypress: o
340.5860 	DATA 	Keypress: o
340.6017 	Level WAIT 	25
341.6015 	Level RINSE 	25
343.5835 	DATA 	Keypress: o
343.6017 	Level jitter 	25
350.5782 	Level finished 	25
350.5793 	DATA 	Keypress: o
350.5805 	DATA 	Keypress: o
350.5816 	DATA 	Keypress: o
350.5825 	DATA 	Keypress: o
350.6031 	Level image=tasty.jpg 	25
351.5860 	Level injecting via pump at address 1 	25
357.5836 	DATA 	Keypress: o
357.5848 	DATA 	Keypress: o
357.5860 	DATA 	Keypress: o
357.6200 	Level WAIT 	25
358.5805 	DATA 	Keypress: o
358.5868 	Level RINSE 	25
360.5828 	DATA 	Keypress: o
360.6041 	Level jitter 	25
368.5782 	Level finished 	25
368.5796 	DATA 	Keypress: o
368.5808 	DATA 	Keypress: o
368.5819 	DATA 	Keypress: o
368.5830 	DATA 	Keypress: o
368.6047 	Level image=waterlogo.jpg 	25
369.6048 	Level injecting via pump at address 0 	25
375.5833 	DATA 	Keypress: o
375.5847 	DATA 	Keypress: o
375.5858 	DATA 	Keypress: o
375.6058 	Level WAIT 	25
376.5805 	DATA 	Keypress: o
376.5889 	Level RINSE 	25
378.5834 	DATA 	Keypress: o
378.6058 	Level jitter 	25
386.5782 	Level finished 	25
386.5794 	DATA 	Keypress: o
386.5808 	DATA 	Keypress: o
386.5821 	DATA 	Keypress: o
386.5833 	DATA 	Keypress: o
386.6071 	Level image=tasty.jpg 	25
387.6069 	Level injecting via pump at address 1 	25
393.5835 	DATA 	Keypress: o
393.5847 	DATA 	Keypress: o
393.5859 	DATA 	Keypress: o
393.6076 	Level WAIT 	25
394.5810 	DATA 	Keypress: o
394.6078 	Level RINSE 	25
396.5836 	DATA 	Keypress: o
396.6082 	Level jitter 	25
398.5782 	Level finished 	25
398.5793 	DATA 	Keypress: o
398.5915 	Level image=tasty.jpg 	25
399.5916 	Level injecting via pump at address 0 	25
405.5830 	DATA 	Keypress: o
405.5842 	DATA 	Keypress: o
405.5854 	DATA 	Keypress: o
405.6090 	Level WAIT 	25
406.5806 	DATA 	Keypress: o
406.6095 	Level RINSE 	25
408.5831 	DATA 	Keypress: o
408.5927 	Level jitter 	25
412.5782 	Level finished 	25
412.5795 	DATA 	Keypress: o
412.5807 	DATA 	Keypress: o
412.6098 	Level image=tasty.jpg 	25
413.6100 	Level injecting via pump at address 1 	25
419.5830 	DATA 	Keypress: o
419.5840 	DATA 	Keypress: o
419.5849 	DATA 	Keypress: o
419.6110 	Level WAIT 	25
420.5809 	DATA 	Keypress: o
420.5940 	Level RINSE 	25
422.5825 	DATA 	Keypress: o
422.6110 	Level jitter 	25
425.5782 	Level finished 	25
425.5795 	DATA 	Keypress: o
425.6113 	Level image=tasty.jpg 	25
426.5812 	DATA 	Keypress: o
426.5948 	Level injecting via pump at address 0 	25
432.5827 	DATA 	Keypress: o
432.5840 	DATA 	Keypress: o
432.5851 	DATA 	Keypress: o
432.5959 	Level WAIT 	25
433.5956 	Level RINSE 	25
435.5827 	DATA 	Keypress: o
435.6124 	Level jitter 	25
443.5782 	Level finished 	25
443.5794 	DATA 	Keypress: o
443.5804 	DATA 	Keypress: o
443.5813 	DATA 	Keypress: o
443.5823 	DATA 	Keypress: o
443.6138 	Level image=waterlogo.jpg 	25
444.5808 	DATA 	Keypress: o
444.5969 	Level injecting via pump at address 0 	25
450.5836 	DATA 	Keypress: o
450.5846 	DATA 	Keypress: o
450.5855 	DATA 	Keypress: o
450.6142 	Level WAIT 	25
451.5977 	Level RINSE 	25
453.5835 	DATA 	Keypress: o
453.5982 	Level jitter 	25
458.5782 	Level finished 	25
458.5794 	DATA 	Keypress: o
458.5804 	DATA 	Keypress: o
458.5815 	DATA 	Keypress: o
458.5985 	Level image=tasty.jpg 	25
459.5987 	Level injecting via pump at address 1 	25
465.5826 	DATA 	Keypress: o
465.5836 	DATA 	Keypress: o
465.5846 	DATA 	Keypress: o
465.5996 	Level WAIT 	25
466.5805 	DATA 	Keypress: o
466.5994 	Level RINSE 	25
468.5830 	DATA 	Keypress: o
468.5996 	Level jitter 	25
475.5782 	Level finished 	25
475.5796 	DATA 	Keypress: o
475.5809 	DATA 	Keypress: o
475.5821 	DATA 	Keypress: o
475.6175 	Level image=tasty.jpg 	25
476.5806 	DATA 	Keypress: o
476.5840 	Level injecting via pump at address 0 	25
482.5825 	DATA 	Keypress: o
482.5837 	DATA 	Keypress: o
482.5848 	DATA 	Keypress: o
482.6012 	Level WAIT 	25
483.6014 	Level RINSE 	25
485.5831 	DATA 	Keypress: o
485.5852 	Level jitter 	25
493.5782 	Level finished 	25
493.5796 	DATA 	Keypress: o
493.5808 	DATA 	Keypress: o
493.5820 	DATA 	Keypress: o
493.5832 	DATA 	Keypress: o
493.6025 	Level image=tasty.jpg 	25
494.5805 	DATA 	Keypress: o
494.6028 	Level injecting via pump at address 0 	25
500.5829 	DATA 	Keypress: o
500.5840 	DATA 	Keypress: o
500.5849 	DATA 	Keypress: o
500.6038 	Level WAIT 	25
501.5869 	Level RINSE 	25
503.5839 	DATA 	Keypress: o
503.6037 	Level jitter 	25
510.5782 	Level finished 	25
