62.7123 	DATA 	Keypress: o
62.7133 	Level start key press 	25
64.7155 	DATA 	Keypress: o
66.7220 	DATA 	Keypress: o
68.7217 	DATA 	Keypress: o
70.7225 	DATA 	Keypress: o
71.5399 	Level image=waterlogo.jpg 	25
72.4859 	Level injecting via pump at address 0 	25
78.4773 	DATA 	Keypress: o
78.4786 	DATA 	Keypress: o
78.4798 	DATA 	Keypress: o
79.4739 	DATA 	Keypress: o
81.4843 	DATA 	Keypress: o
83.4711 	Level finished 	25
83.4723 	DATA 	Keypress: o
83.4771 	Level image=tasty.jpg 	25
84.4759 	Level injecting via pump at address 1 	25
90.4757 	DATA 	Keypress: o
90.4770 	DATA 	Keypress: o
90.4781 	DATA 	Keypress: o
91.4743 	DATA 	Keypress: o
93.4765 	DATA 	Keypress: o
95.4711 	Level finished 	25
95.4728 	DATA 	Keypress: o
95.4776 	Level image=tasty.jpg 	25
96.4795 	Level injecting via pump at address 0 	25
102.4762 	DATA 	Keypress: o
102.4773 	DATA 	Keypress: o
102.4783 	DATA 	Keypress: o
103.4736 	DATA 	Keypress: o
105.4764 	DATA 	Keypress: o
110.4711 	Level finished 	25
110.4731 	DATA 	Keypress: o
110.4745 	DATA 	Keypress: o
110.4792 	Level image=tasty.jpg 	25
111.4738 	DATA 	Keypress: o
111.5005 	Level injecting via pump at address 1 	25
117.4768 	DATA 	Keypress: o
117.4781 	DATA 	Keypress: o
117.4793 	DATA 	Keypress: o
120.4764 	DATA 	Keypress: o
126.4711 	Level finished 	25
126.4727 	DATA 	Keypress: o
126.4739 	DATA 	Keypress: o
126.4751 	DATA 	Keypress: o
126.4799 	Level image=tasty.jpg 	25
127.4737 	DATA 	Keypress: o
127.4826 	Level injecting via pump at address 0 	25
133.4764 	DATA 	Keypress: o
133.4775 	DATA 	Keypress: o
133.4787 	DATA 	Keypress: o
136.4763 	DATA 	Keypress: o
138.4711 	Level finished 	25
138.4725 	DATA 	Keypress: o
138.4782 	Level image=waterlogo.jpg 	25
139.4740 	DATA 	Keypress: o
139.4863 	Level injecting via pump at address 0 	25
145.4766 	DATA 	Keypress: o
145.4778 	DATA 	Keypress: o
145.4788 	DATA 	Keypress: o
148.4771 	DATA 	Keypress: o
157.4711 	Level finished 	25
157.4725 	DATA 	Keypress: o
157.4738 	DATA 	Keypress: o
157.4753 	DATA 	Keypress: o
157.4765 	DATA 	Keypress: o
157.4776 	DATA 	Keypress: o
157.4826 	Level image=tasty.jpg 	25
158.4858 	Level injecting via pump at address 0 	25
164.4769 	DATA 	Keypress: o
164.4785 	DATA 	Keypress: o
164.4799 	DATA 	Keypress: o
165.4741 	DATA 	Keypress: o
167.4766 	DATA 	Keypress: o
168.4711 	Level finished 	25
168.4769 	Level image=waterlogo.jpg 	25
169.4741 	DATA 	Keypress: o
169.4779 	Level injecting via pump at address 0 	25
175.4774 	DATA 	Keypress: o
175.4786 	DATA 	Keypress: o
175.4796 	DATA 	Keypress: o
178.4762 	DATA 	Keypress: o
184.4711 	Level finished 	25
184.4730 	DATA 	Keypress: o
184.4743 	DATA 	Keypress: o
184.4758 	DATA 	Keypress: o
184.4810 	Level image=tasty.jpg 	25
185.4746 	DATA 	Keypress: o
185.4938 	Level injecting via pump at address 0 	25
191.4768 	DATA 	Keypress: o
191.4780 	DATA 	Keypress: o
191.4790 	DATA 	Keypress: o
194.4761 	DATA 	Keypress: o
202.4711 	Level finished 	25
202.4725 	DATA 	Keypress: o
202.4737 	DATA 	Keypress: o
202.4748 	DATA 	Keypress: o
202.4758 	DATA 	Keypress: o
202.4808 	Level image=tasty.jpg 	25
203.4738 	DATA 	Keypress: o
203.4818 	Level injecting via pump at address 1 	25
209.4767 	DATA 	Keypress: o
209.4784 	DATA 	Keypress: o
209.4796 	DATA 	Keypress: o
212.4761 	DATA 	Keypress: o
217.4711 	Level finished 	25
217.4724 	DATA 	Keypress: o
217.4738 	DATA 	Keypress: o
217.4753 	DATA 	Keypress: o
217.4797 	Level image=tasty.jpg 	25
218.4865 	Level injecting via pump at address 0 	25
224.4766 	DATA 	Keypress: o
224.4781 	DATA 	Keypress: o
224.4794 	DATA 	Keypress: o
225.4741 	DATA 	Keypress: o
227.4766 	DATA 	Keypress: o
234.4711 	Level finished 	25
234.4726 	DATA 	Keypress: o
234.4739 	DATA 	Keypress: o
234.4751 	DATA 	Keypress: o
234.4810 	Level image=waterlogo.jpg 	25
235.4736 	DATA 	Keypress: o
235.4796 	Level injecting via pump at address 0 	25
241.4767 	DATA 	Keypress: o
241.4779 	DATA 	Keypress: o
241.4795 	DATA 	Keypress: o
244.4762 	DATA 	Keypress: o
250.4711 	Level finished 	25
250.4725 	DATA 	Keypress: o
250.4736 	DATA 	Keypress: o
250.4746 	DATA 	Keypress: o
250.4797 	Level image=waterlogo.jpg 	25
251.4736 	DATA 	Keypress: o
251.4795 	Level injecting via pump at address 0 	25
257.4763 	DATA 	Keypress: o
257.4776 	DATA 	Keypress: o
257.4788 	DATA 	Keypress: o
260.4766 	DATA 	Keypress: o
262.4711 	Level finished 	25
262.4726 	DATA 	Keypress: o
262.4772 	Level image=tasty.jpg 	25
263.4739 	DATA 	Keypress: o
263.4828 	Level injecting via pump at address 0 	25
269.4757 	DATA 	Keypress: o
269.4767 	DATA 	Keypress: o
269.4777 	DATA 	Keypress: o
272.4765 	DATA 	Keypress: o
279.4711 	Level finished 	25
279.4724 	DATA 	Keypress: o
279.4734 	DATA 	Keypress: o
279.4743 	DATA 	Keypress: o
279.4753 	DATA 	Keypress: o
279.4791 	Level image=tasty.jpg 	25
280.4764 	Level injecting via pump at address 1 	25
286.4779 	DATA 	Keypress: o
286.4795 	DATA 	Keypress: o
286.4811 	DATA 	Keypress: o
287.4738 	DATA 	Keypress: o
289.4777 	DATA 	Keypress: o
297.4711 	Level finished 	25
297.4726 	DATA 	Keypress: o
297.4739 	DATA 	Keypress: o
297.4751 	DATA 	Keypress: o
297.4760 	DATA 	Keypress: o
297.4811 	Level image=waterlogo.jpg 	25
298.4977 	Level injecting via pump at address 0 	25
304.4765 	DATA 	Keypress: o
304.4778 	DATA 	Keypress: o
304.4790 	DATA 	Keypress: o
305.4739 	DATA 	Keypress: o
307.4776 	DATA 	Keypress: o
315.4711 	Level finished 	25
315.4727 	DATA 	Keypress: o
315.4741 	DATA 	Keypress: o
315.4755 	DATA 	Keypress: o
315.4767 	DATA 	Keypress: o
315.4817 	Level image=tasty.jpg 	25
316.4858 	Level injecting via pump at address 1 	25
322.4766 	DATA 	Keypress: o
322.4778 	DATA 	Keypress: o
322.4789 	DATA 	Keypress: o
323.4739 	DATA 	Keypress: o
325.4768 	DATA 	Keypress: o
327.4711 	Level finished 	25
327.4723 	DATA 	Keypress: o
327.4762 	Level image=tasty.jpg 	25
328.4865 	Level injecting via pump at address 0 	25
334.4766 	DATA 	Keypress: o
334.4778 	DATA 	Keypress: o
334.4789 	DATA 	Keypress: o
335.4742 	DATA 	Keypress: o
337.4761 	DATA 	Keypress: o
341.4711 	Level finished 	25
341.4725 	DATA 	Keypress: o
341.4737 	DATA 	Keypress: o
341.4782 	Level image=tasty.jpg 	25
342.4821 	Level injecting via pump at address 1 	25
348.4765 	DATA 	Keypress: o
348.4777 	DATA 	Keypress: o
348.4788 	DATA 	Keypress: o
349.4741 	DATA 	Keypress: o
351.4768 	DATA 	Keypress: o
354.4711 	Level finished 	25
354.4726 	DATA 	Keypress: o
354.4783 	Level image=tasty.jpg 	25
355.4740 	DATA 	Keypress: o
355.4812 	Level injecting via pump at address 0 	25
361.4772 	DATA 	Keypress: o
361.4785 	DATA 	Keypress: o
361.4796 	DATA 	Keypress: o
364.4770 	DATA 	Keypress: o
372.4711 	Level finished 	25
372.4728 	DATA 	Keypress: o
372.4741 	DATA 	Keypress: o
372.4752 	DATA 	Keypress: o
372.4762 	DATA 	Keypress: o
372.4808 	Level image=waterlogo.jpg 	25
373.4743 	DATA 	Keypress: o
373.4857 	Level injecting via pump at address 0 	25
379.4768 	DATA 	Keypress: o
379.4780 	DATA 	Keypress: o
379.4794 	DATA 	Keypress: o
382.4764 	DATA 	Keypress: o
387.4711 	Level finished 	25
387.4725 	DATA 	Keypress: o
387.4738 	DATA 	Keypress: o
387.4748 	DATA 	Keypress: o
387.4793 	Level image=tasty.jpg 	25
388.4905 	Level injecting via pump at address 1 	25
394.4768 	DATA 	Keypress: o
394.4780 	DATA 	Keypress: o
394.4791 	DATA 	Keypress: o
395.4738 	DATA 	Keypress: o
397.4786 	DATA 	Keypress: o
404.4711 	Level finished 	25
404.4729 	DATA 	Keypress: o
404.4743 	DATA 	Keypress: o
404.4756 	DATA 	Keypress: o
404.4807 	Level image=tasty.jpg 	25
405.4738 	DATA 	Keypress: o
405.4836 	Level injecting via pump at address 0 	25
411.4774 	DATA 	Keypress: o
411.4788 	DATA 	Keypress: o
411.4803 	DATA 	Keypress: o
414.4767 	DATA 	Keypress: o
422.4711 	Level finished 	25
422.4723 	DATA 	Keypress: o
422.4734 	DATA 	Keypress: o
422.4745 	DATA 	Keypress: o
422.4757 	DATA 	Keypress: o
422.4802 	Level image=tasty.jpg 	25
423.4739 	DATA 	Keypress: o
423.4885 	Level injecting via pump at address 0 	25
429.4773 	DATA 	Keypress: o
429.4786 	DATA 	Keypress: o
429.4798 	DATA 	Keypress: o
432.4764 	DATA 	Keypress: o
439.4711 	Level finished 	25
