52.1173 	DATA 	Keypress: o
52.1181 	Level start key press 	25
54.1218 	DATA 	Keypress: o
56.1221 	DATA 	Keypress: o
58.1224 	DATA 	Keypress: o
60.1226 	DATA 	Keypress: o
60.6369 	Level image=waterlogo.jpg 	25
61.5537 	Level injecting via pump at address 0 	25
67.5254 	DATA 	Keypress: o
67.5264 	DATA 	Keypress: o
67.5273 	DATA 	Keypress: o
67.5547 	Level WAIT 	25
68.5231 	DATA 	Keypress: o
68.5378 	Level RINSE 	25
70.5337 	DATA 	Keypress: o
70.5548 	Level jitter 	25
76.5203 	Level finished 	25
76.5215 	DATA 	Keypress: o
76.5225 	DATA 	Keypress: o
76.5234 	DATA 	Keypress: o
76.5554 	Level image=tasty.jpg 	25
77.5393 	Level injecting via pump at address 1 	25
83.5256 	DATA 	Keypress: o
83.5271 	DATA 	Keypress: o
83.5284 	DATA 	Keypress: o
83.5395 	Level WAIT 	25
84.5227 	DATA 	Keypress: o
84.5396 	Level RINSE 	25
86.5251 	DATA 	Keypress: o
86.5566 	Level jitter 	25
92.5203 	Level finished 	25
92.5216 	DATA 	Keypress: o
92.5226 	DATA 	Keypress: o
92.5235 	DATA 	Keypress: o
92.5577 	Level image=tasty.jpg 	25
93.5409 	Level injecting via pump at address 1 	25
99.5255 	DATA 	Keypress: o
99.5268 	DATA 	Keypress: o
99.5280 	DATA 	Keypress: o
99.5414 	Level WAIT 	25
100.5228 	DATA 	Keypress: o
100.5416 	Level RINSE 	25
102.5252 	DATA 	Keypress: o
102.5422 	Level jitter 	25
104.5203 	Level finished 	25
104.5215 	DATA 	Keypress: o
104.5420 	Level image=waterlogo.jpg 	25
105.5256 	Level injecting via pump at address 0 	25
111.5260 	DATA 	Keypress: o
111.5272 	DATA 	Keypress: o
111.5283 	DATA 	Keypress: o
111.5595 	Level WAIT 	25
112.5226 	DATA 	Keypress: o
112.5433 	Level RINSE 	25
114.5246 	DATA 	Keypress: o
114.5432 	Level jitter 	25
120.5203 	Level finished 	25
120.5219 	DATA 	Keypress: o
120.5231 	DATA 	Keypress: o
120.5240 	DATA 	Keypress: o
120.5439 	Level image=tasty.jpg 	25
121.5274 	Level injecting via pump at address 1 	25
127.5248 	DATA 	Keypress: o
127.5258 	DATA 	Keypress: o
127.5267 	DATA 	Keypress: o
127.5452 	Level WAIT 	25
128.5230 	DATA 	Keypress: o
128.5449 	Level RINSE 	25
130.5252 	DATA 	Keypress: o
130.5284 	Level jitter 	25
135.5203 	Level finished 	25
135.5215 	DATA 	Keypress: o
135.5226 	DATA 	Keypress: o
135.5457 	Level image=waterlogo.jpg 	25
136.5227 	DATA 	Keypress: o
136.5458 	Level injecting via pump at address 0 	25
142.5248 	DATA 	Keypress: o
142.5259 	DATA 	Keypress: o
142.5270 	DATA 	Keypress: o
142.5468 	Level WAIT 	25
143.5299 	Level RINSE 	25
145.5254 	DATA 	Keypress: o
145.5468 	Level jitter 	25
150.5203 	Level finished 	25
150.5214 	DATA 	Keypress: o
150.5227 	DATA 	Keypress: o
150.5239 	DATA 	Keypress: o
150.5474 	Level image=tasty.jpg 	25
151.5477 	Level injecting via pump at address 1 	25
157.5254 	DATA 	Keypress: o
157.5265 	DATA 	Keypress: o
157.5274 	DATA 	Keypress: o
157.5486 	Level WAIT 	25
158.5233 	DATA 	Keypress: o
158.5317 	Level RINSE 	25
160.5252 	DATA 	Keypress: o
160.5485 	Level jitter 	25
166.5203 	Level finished 	25
166.5215 	DATA 	Keypress: o
166.5225 	DATA 	Keypress: o
166.5236 	DATA 	Keypress: o
166.5494 	Level image=waterlogo.jpg 	25
167.5499 	Level injecting via pump at address 0 	25
173.5248 	DATA 	Keypress: o
173.5259 	DATA 	Keypress: o
173.5269 	DATA 	Keypress: o
173.5500 	Level WAIT 	25
174.5231 	DATA 	Keypress: o
174.5336 	Level RINSE 	25
176.5252 	DATA 	Keypress: o
176.5504 	Level jitter 	25
179.5203 	Level finished 	25
179.5214 	DATA 	Keypress: o
179.5513 	Level image=tasty.jpg 	25
180.5229 	DATA 	Keypress: o
180.5343 	Level injecting via pump at address 1 	25
186.5254 	DATA 	Keypress: o
186.5265 	DATA 	Keypress: o
186.5274 	DATA 	Keypress: o
186.5349 	Level WAIT 	25
187.5351 	Level RINSE 	25
189.5254 	DATA 	Keypress: o
189.5523 	Level jitter 	25
197.5203 	Level finished 	25
197.5215 	DATA 	Keypress: o
197.5225 	DATA 	Keypress: o
197.5236 	DATA 	Keypress: o
197.5247 	DATA 	Keypress: o
197.5530 	Level image=waterlogo.jpg 	25
198.5230 	DATA 	Keypress: o
198.5531 	Level injecting via pump at address 0 	25
204.5252 	DATA 	Keypress: o
204.5263 	DATA 	Keypress: o
204.5272 	DATA 	Keypress: o
204.5541 	Level WAIT 	25
205.5373 	Level RINSE 	25
207.5252 	DATA 	Keypress: o
207.5541 	Level jitter 	25
209.5203 	Level finished 	25
209.5213 	DATA 	Keypress: o
209.5377 	Level image=tasty.jpg 	25
210.5231 	DATA 	Keypress: o
210.5379 	Level injecting via pump at address 1 	25
216.5253 	DATA 	Keypress: o
216.5264 	DATA 	Keypress: o
216.5273 	DATA 	Keypress: o
216.5555 	Level WAIT 	25
217.5552 	Level RINSE 	25
219.5250 	DATA 	Keypress: o
219.5389 	Level jitter 	25
228.5203 	Level finished 	25
228.5215 	DATA 	Keypress: o
228.5226 	DATA 	Keypress: o
228.5236 	DATA 	Keypress: o
228.5245 	DATA 	Keypress: o
228.5255 	DATA 	Keypress: o
228.5403 	Level image=waterlogo.jpg 	25
229.5400 	Level injecting via pump at address 0 	25
235.5247 	DATA 	Keypress: o
235.5258 	DATA 	Keypress: o
235.5267 	DATA 	Keypress: o
235.5408 	Level WAIT 	25
236.5231 	DATA 	Keypress: o
236.5409 	Level RINSE 	25
238.5256 	DATA 	Keypress: o
238.5414 	Level jitter 	25
240.5203 	Level finished 	25
240.5214 	DATA 	Keypress: o
240.5413 	Level image=tasty.jpg 	25
241.5414 	Level injecting via pump at address 1 	25
247.5246 	DATA 	Keypress: o
247.5256 	DATA 	Keypress: o
247.5265 	DATA 	Keypress: o
247.5421 	Level WAIT 	25
248.5230 	DATA 	Keypress: o
248.5427 	Level RINSE 	25
250.5256 	DATA 	Keypress: o
250.5425 	Level jitter 	25
253.5203 	Level finished 	25
253.5216 	DATA 	Keypress: o
253.5428 	Level image=waterlogo.jpg 	25
254.5226 	DATA 	Keypress: o
254.5430 	Level injecting via pump at address 0 	25
260.5253 	DATA 	Keypress: o
260.5262 	DATA 	Keypress: o
260.5272 	DATA 	Keypress: o
260.5440 	Level WAIT 	25
261.5271 	Level RINSE 	25
263.5254 	DATA 	Keypress: o
263.5440 	Level jitter 	25
267.5203 	Level finished 	25
267.5217 	DATA 	Keypress: o
267.5229 	DATA 	Keypress: o
267.5612 	Level image=tasty.jpg 	25
268.5228 	DATA 	Keypress: o
268.5447 	Level injecting via pump at address 1 	25
274.5253 	DATA 	Keypress: o
274.5263 	DATA 	Keypress: o
274.5273 	DATA 	Keypress: o
274.5457 	Level WAIT 	25
275.5454 	Level RINSE 	25
277.5256 	DATA 	Keypress: o
277.5457 	Level jitter 	25
278.5203 	Level finished 	25
278.5213 	DATA 	Keypress: o
278.5459 	Level image=waterlogo.jpg 	25
279.5459 	Level injecting via pump at address 0 	25
285.5247 	DATA 	Keypress: o
285.5258 	DATA 	Keypress: o
285.5269 	DATA 	Keypress: o
285.5470 	Level WAIT 	25
286.5232 	DATA 	Keypress: o
286.5301 	Level RINSE 	25
288.5257 	DATA 	Keypress: o
288.5469 	Level jitter 	25
291.5203 	Level finished 	25
291.5215 	DATA 	Keypress: o
291.5474 	Level image=tasty.jpg 	25
292.5229 	DATA 	Keypress: o
292.5475 	Level injecting via pump at address 1 	25
298.5255 	DATA 	Keypress: o
298.5268 	DATA 	Keypress: o
298.5279 	DATA 	Keypress: o
298.5484 	Level WAIT 	25
299.5316 	Level RINSE 	25
301.5247 	DATA 	Keypress: o
301.5484 	Level jitter 	25
309.5203 	Level finished 	25
309.5214 	DATA 	Keypress: o
309.5224 	DATA 	Keypress: o
309.5234 	DATA 	Keypress: o
309.5245 	DATA 	Keypress: o
309.5498 	Level image=tasty.jpg 	25
310.5226 	DATA 	Keypress: o
310.5495 	Level injecting via pump at address 1 	25
316.5247 	DATA 	Keypress: o
316.5257 	DATA 	Keypress: o
316.5266 	DATA 	Keypress: o
316.5502 	Level WAIT 	25
317.5503 	Level RINSE 	25
319.5252 	DATA 	Keypress: o
319.5510 	Level jitter 	25
323.5203 	Level finished 	25
323.5215 	DATA 	Keypress: o
323.5227 	DATA 	Keypress: o
323.5511 	Level image=waterlogo.jpg 	25
324.5227 	DATA 	Keypress: o
324.5345 	Level injecting via pump at address 0 	25
330.5256 	DATA 	Keypress: o
330.5266 	DATA 	Keypress: o
330.5275 	DATA 	Keypress: o
330.5356 	Level WAIT 	25
331.5354 	Level RINSE 	25
333.5252 	DATA 	Keypress: o
333.5355 	Level jitter 	25
336.5203 	Level finished 	25
336.5216 	DATA 	Keypress: o
336.5226 	DATA 	Keypress: o
336.5358 	Level image=tasty.jpg 	25
337.5360 	Level injecting via pump at address 1 	25
343.5257 	DATA 	Keypress: o
343.5271 	DATA 	Keypress: o
343.5282 	DATA 	Keypress: o
343.5370 	Level WAIT 	25
344.5226 	DATA 	Keypress: o
344.5369 	Level RINSE 	25
346.5247 	DATA 	Keypress: o
346.5371 	Level jitter 	25
351.5203 	Level finished 	25
351.5214 	DATA 	Keypress: o
351.5225 	DATA 	Keypress: o
351.5544 	Level image=waterlogo.jpg 	25
352.5226 	DATA 	Keypress: o
352.5378 	Level injecting via pump at address 0 	25
358.5253 	DATA 	Keypress: o
358.5264 	DATA 	Keypress: o
358.5276 	DATA 	Keypress: o
358.5388 	Level WAIT 	25
359.5386 	Level RINSE 	25
361.5255 	DATA 	Keypress: o
361.5387 	Level jitter 	25
366.5203 	Level finished 	25
366.5215 	DATA 	Keypress: o
366.5225 	DATA 	Keypress: o
366.5235 	DATA 	Keypress: o
366.5561 	Level image=waterlogo.jpg 	25
367.5395 	Level injecting via pump at address 0 	25
373.5250 	DATA 	Keypress: o
373.5261 	DATA 	Keypress: o
373.5273 	DATA 	Keypress: o
373.5572 	Level WAIT 	25
374.5228 	DATA 	Keypress: o
374.5403 	Level RINSE 	25
376.5256 	DATA 	Keypress: o
376.5572 	Level jitter 	25
385.5203 	Level finished 	25
385.5216 	DATA 	Keypress: o
385.5228 	DATA 	Keypress: o
385.5240 	DATA 	Keypress: o
385.5250 	DATA 	Keypress: o
385.5588 	Level image=tasty.jpg 	25
386.5226 	DATA 	Keypress: o
386.5418 	Level injecting via pump at address 1 	25
392.5257 	DATA 	Keypress: o
392.5269 	DATA 	Keypress: o
392.5281 	DATA 	Keypress: o
392.5424 	Level WAIT 	25
393.5425 	Level RINSE 	25
395.5245 	DATA 	Keypress: o
395.5431 	Level jitter 	25
397.5203 	Level finished 	25
397.5216 	DATA 	Keypress: o
397.5430 	Level image=waterlogo.jpg 	25
398.5227 	DATA 	Keypress: o
398.5432 	Level injecting via pump at address 0 	25
404.5250 	DATA 	Keypress: o
404.5261 	DATA 	Keypress: o
404.5270 	DATA 	Keypress: o
404.5439 	Level WAIT 	25
405.5277 	Level RINSE 	25
407.5247 	DATA 	Keypress: o
407.5442 	Level jitter 	25
410.5203 	Level finished 	25
410.5214 	DATA 	Keypress: o
410.5224 	DATA 	Keypress: o
410.5446 	Level image=waterlogo.jpg 	25
411.5281 	Level injecting via pump at address 0 	25
417.5253 	DATA 	Keypress: o
417.5263 	DATA 	Keypress: o
417.5273 	DATA 	Keypress: o
417.5458 	Level WAIT 	25
418.5231 	DATA 	Keypress: o
418.5456 	Level RINSE 	25
420.5247 	DATA 	Keypress: o
420.5457 	Level jitter 	25
425.5203 	Level finished 	25
425.5217 	DATA 	Keypress: o
425.5226 	DATA 	Keypress: o
425.5463 	Level image=tasty.jpg 	25
426.5231 	DATA 	Keypress: o
426.5464 	Level injecting via pump at address 1 	25
432.5256 	DATA 	Keypress: o
432.5271 	DATA 	Keypress: o
432.5283 	DATA 	Keypress: o
432.5475 	Level WAIT 	25
433.5306 	Level RINSE 	25
435.5256 	DATA 	Keypress: o
435.5474 	Level jitter 	25
437.5203 	Level finished 	25
437.5214 	DATA 	Keypress: o
437.5477 	Level image=tasty.jpg 	25
438.5231 	DATA 	Keypress: o
438.5479 	Level injecting via pump at address 1 	25
444.5260 	DATA 	Keypress: o
444.5274 	DATA 	Keypress: o
444.5285 	DATA 	Keypress: o
444.5490 	Level WAIT 	25
445.5320 	Level RINSE 	25
447.5253 	DATA 	Keypress: o
447.5489 	Level jitter 	25
454.5203 	Level finished 	25
454.5216 	DATA 	Keypress: o
454.5228 	DATA 	Keypress: o
454.5240 	DATA 	Keypress: o
454.5251 	DATA 	Keypress: o
454.5501 	Level image=waterlogo.jpg 	25
455.5332 	Level injecting via pump at address 0 	25
461.5248 	DATA 	Keypress: o
461.5258 	DATA 	Keypress: o
461.5267 	DATA 	Keypress: o
461.5338 	Level WAIT 	25
462.5227 	DATA 	Keypress: o
462.5340 	Level RINSE 	25
464.5253 	DATA 	Keypress: o
464.5345 	Level jitter 	25
467.5203 	Level finished 	25
467.5214 	DATA 	Keypress: o
467.5345 	Level image=tasty.jpg 	25
468.5231 	DATA 	Keypress: o
468.5347 	Level injecting via pump at address 1 	25
474.5249 	DATA 	Keypress: o
474.5260 	DATA 	Keypress: o
474.5269 	DATA 	Keypress: o
474.5358 	Level WAIT 	25
475.5355 	Level RINSE 	25
477.5254 	DATA 	Keypress: o
477.5357 	Level jitter 	25
479.5203 	Level finished 	25
479.5214 	DATA 	Keypress: o
479.5526 	Level image=waterlogo.jpg 	25
480.5226 	DATA 	Keypress: o
480.5361 	Level injecting via pump at address 0 	25
486.5256 	DATA 	Keypress: o
486.5268 	DATA 	Keypress: o
486.5279 	DATA 	Keypress: o
486.5373 	Level WAIT 	25
487.5369 	Level RINSE 	25
489.5251 	DATA 	Keypress: o
489.5371 	Level jitter 	25
497.5203 	Level finished 	25
497.5215 	DATA 	Keypress: o
497.5224 	DATA 	Keypress: o
497.5234 	DATA 	Keypress: o
497.5243 	DATA 	Keypress: o
497.5551 	Level image=tasty.jpg 	25
498.5231 	DATA 	Keypress: o
498.5549 	Level injecting via pump at address 1 	25
504.5257 	DATA 	Keypress: o
504.5270 	DATA 	Keypress: o
504.5283 	DATA 	Keypress: o
504.5556 	Level WAIT 	25
505.5391 	Level RINSE 	25
507.5267 	DATA 	Keypress: o
507.5563 	Level jitter 	25
509.5203 	Level finished 	25
509.5215 	DATA 	Keypress: o
509.5395 	Level image=waterlogo.jpg 	25
510.5229 	DATA 	Keypress: o
510.5397 	Level injecting via pump at address 0 	25
516.5247 	DATA 	Keypress: o
516.5256 	DATA 	Keypress: o
516.5266 	DATA 	Keypress: o
516.5569 	Level WAIT 	25
517.5408 	Level RINSE 	25
519.5256 	DATA 	Keypress: o
519.5406 	Level jitter 	25
526.5203 	Level finished 	25
