55.4874 	DATA 	Keypress: o
55.4880 	Level start key press 	25
57.4880 	DATA 	Keypress: o
59.4880 	DATA 	Keypress: o
61.4882 	DATA 	Keypress: o
63.4885 	DATA 	Keypress: o
64.0362 	Level image=tasty.jpg 	25
64.9864 	Level injecting via pump at address 1 	25
70.9749 	DATA 	Keypress: o
70.9762 	DATA 	Keypress: o
70.9773 	DATA 	Keypress: o
70.9875 	Level WAIT 	25
71.9722 	DATA 	Keypress: o
71.9873 	Level RINSE 	25
73.9828 	DATA 	Keypress: o
74.0040 	Level jitter 	25
82.9695 	Level finished 	25
82.9709 	DATA 	Keypress: o
82.9719 	DATA 	Keypress: o
82.9728 	DATA 	Keypress: o
82.9737 	DATA 	Keypress: o
82.9890 	Level image=waterlogo.jpg 	25
83.9725 	DATA 	Keypress: o
83.9887 	Level injecting via pump at address 0 	25
89.9739 	DATA 	Keypress: o
89.9748 	DATA 	Keypress: o
89.9758 	DATA 	Keypress: o
89.9893 	Level WAIT 	25
90.9894 	Level RINSE 	25
92.9740 	DATA 	Keypress: o
92.9900 	Level jitter 	25
96.9695 	Level finished 	25
96.9708 	DATA 	Keypress: o
96.9719 	DATA 	Keypress: o
96.9901 	Level image=tasty.jpg 	25
97.9718 	DATA 	Keypress: o
97.9903 	Level injecting via pump at address 1 	25
103.9763 	DATA 	Keypress: o
103.9780 	DATA 	Keypress: o
103.9793 	DATA 	Keypress: o
104.0079 	Level WAIT 	25
104.9910 	Level RINSE 	25
106.9743 	DATA 	Keypress: o
106.9912 	Level jitter 	25
110.9695 	Level finished 	25
110.9707 	DATA 	Keypress: o
110.9717 	DATA 	Keypress: o
110.9917 	Level image=waterlogo.jpg 	25
111.9722 	DATA 	Keypress: o
111.9919 	Level injecting via pump at address 0 	25
117.9749 	DATA 	Keypress: o
117.9760 	DATA 	Keypress: o
117.9769 	DATA 	Keypress: o
117.9930 	Level WAIT 	25
118.9927 	Level RINSE 	25
120.9742 	DATA 	Keypress: o
120.9929 	Level jitter 	25
124.9695 	Level finished 	25
124.9711 	DATA 	Keypress: o
124.9723 	DATA 	Keypress: o
124.9934 	Level image=waterlogo.jpg 	25
125.9723 	DATA 	Keypress: o
125.9936 	Level injecting via pump at address 0 	25
131.9748 	DATA 	Keypress: o
131.9761 	DATA 	Keypress: o
131.9771 	DATA 	Keypress: o
131.9946 	Level WAIT 	25
132.9776 	Level RINSE 	25
134.9753 	DATA 	Keypress: o
134.9946 	Level jitter 	25
138.9695 	Level finished 	25
138.9707 	DATA 	Keypress: o
138.9717 	DATA 	Keypress: o
138.9785 	Level image=tasty.jpg 	25
139.9723 	DATA 	Keypress: o
139.9952 	Level injecting via pump at address 1 	25
145.9754 	DATA 	Keypress: o
145.9768 	DATA 	Keypress: o
145.9780 	DATA 	Keypress: o
145.9963 	Level WAIT 	25
146.9960 	Level RINSE 	25
148.9749 	DATA 	Keypress: o
148.9962 	Level jitter 	25
154.9695 	Level finished 	25
154.9708 	DATA 	Keypress: o
154.9718 	DATA 	Keypress: o
154.9728 	DATA 	Keypress: o
154.9970 	Level image=waterlogo.jpg 	25
155.9723 	DATA 	Keypress: o
155.9976 	Level injecting via pump at address 0 	25
161.9746 	DATA 	Keypress: o
161.9756 	DATA 	Keypress: o
161.9764 	DATA 	Keypress: o
161.9977 	Level WAIT 	25
162.9979 	Level RINSE 	25
164.9762 	DATA 	Keypress: o
164.9981 	Level jitter 	25
167.9695 	Level finished 	25
167.9710 	DATA 	Keypress: o
167.9722 	DATA 	Keypress: o
167.9988 	Level image=tasty.jpg 	25
168.9986 	Level injecting via pump at address 1 	25
174.9766 	DATA 	Keypress: o
174.9784 	DATA 	Keypress: o
174.9799 	DATA 	Keypress: o
174.9992 	Level WAIT 	25
175.9722 	DATA 	Keypress: o
175.9994 	Level RINSE 	25
177.9743 	DATA 	Keypress: o
178.0000 	Level jitter 	25
180.9695 	Level finished 	25
180.9709 	DATA 	Keypress: o
181.0000 	Level image=waterlogo.jpg 	25
181.9718 	DATA 	Keypress: o
182.0001 	Level injecting via pump at address 0 	25
187.9749 	DATA 	Keypress: o
187.9759 	DATA 	Keypress: o
187.9768 	DATA 	Keypress: o
188.0012 	Level WAIT 	25
188.9842 	Level RINSE 	25
190.9751 	DATA 	Keypress: o
191.0011 	Level jitter 	25
194.9695 	Level finished 	25
194.9708 	DATA 	Keypress: o
194.9719 	DATA 	Keypress: o
195.0016 	Level image=waterlogo.jpg 	25
195.9725 	DATA 	Keypress: o
195.9852 	Level injecting via pump at address 0 	25
201.9751 	DATA 	Keypress: o
201.9761 	DATA 	Keypress: o
201.9771 	DATA 	Keypress: o
201.9861 	Level WAIT 	25
202.9859 	Level RINSE 	25
204.9770 	DATA 	Keypress: o
204.9860 	Level jitter 	25
209.9695 	Level finished 	25
209.9710 	DATA 	Keypress: o
209.9723 	DATA 	Keypress: o
209.9739 	DATA 	Keypress: o
210.0033 	Level image=tasty.jpg 	25
210.9869 	Level injecting via pump at address 1 	25
216.9754 	DATA 	Keypress: o
216.9767 	DATA 	Keypress: o
216.9777 	DATA 	Keypress: o
216.9879 	Level WAIT 	25
217.9719 	DATA 	Keypress: o
217.9877 	Level RINSE 	25
219.9751 	DATA 	Keypress: o
219.9878 	Level jitter 	25
222.9695 	Level finished 	25
222.9707 	DATA 	Keypress: o
223.0048 	Level image=waterlogo.jpg 	25
223.9718 	DATA 	Keypress: o
223.9883 	Level injecting via pump at address 0 	25
229.9747 	DATA 	Keypress: o
229.9759 	DATA 	Keypress: o
229.9769 	DATA 	Keypress: o
229.9894 	Level WAIT 	25
230.9891 	Level RINSE 	25
232.9745 	DATA 	Keypress: o
232.9893 	Level jitter 	25
240.9695 	Level finished 	25
240.9708 	DATA 	Keypress: o
240.9719 	DATA 	Keypress: o
240.9731 	DATA 	Keypress: o
240.9743 	DATA 	Keypress: o
241.0073 	Level image=tasty.jpg 	25
241.9721 	DATA 	Keypress: o
241.9905 	Level injecting via pump at address 1 	25
247.9752 	DATA 	Keypress: o
247.9764 	DATA 	Keypress: o
247.9774 	DATA 	Keypress: o
248.0077 	Level WAIT 	25
248.9912 	Level RINSE 	25
250.9744 	DATA 	Keypress: o
251.0085 	Level jitter 	25
252.9695 	Level finished 	25
252.9707 	DATA 	Keypress: o
252.9917 	Level image=tasty.jpg 	25
253.9722 	DATA 	Keypress: o
253.9919 	Level injecting via pump at address 1 	25
259.9744 	DATA 	Keypress: o
259.9754 	DATA 	Keypress: o
259.9763 	DATA 	Keypress: o
259.9925 	Level WAIT 	25
260.9764 	Level RINSE 	25
262.9747 	DATA 	Keypress: o
262.9928 	Level jitter 	25
264.9695 	Level finished 	25
264.9707 	DATA 	Keypress: o
264.9931 	Level image=waterlogo.jpg 	25
265.9731 	DATA 	Keypress: o
265.9933 	Level injecting via pump at address 0 	25
271.9746 	DATA 	Keypress: o
271.9756 	DATA 	Keypress: o
271.9765 	DATA 	Keypress: o
271.9943 	Level WAIT 	25
272.9940 	Level RINSE 	25
274.9745 	DATA 	Keypress: o
274.9942 	Level jitter 	25
277.9695 	Level finished 	25
277.9707 	DATA 	Keypress: o
277.9717 	DATA 	Keypress: o
277.9946 	Level image=tasty.jpg 	25
278.9947 	Level injecting via pump at address 1 	25
284.9744 	DATA 	Keypress: o
284.9754 	DATA 	Keypress: o
284.9764 	DATA 	Keypress: o
284.9958 	Level WAIT 	25
285.9732 	DATA 	Keypress: o
285.9788 	Level RINSE 	25
287.9749 	DATA 	Keypress: o
287.9958 	Level jitter 	25
289.9695 	Level finished 	25
289.9707 	DATA 	Keypress: o
289.9961 	Level image=waterlogo.jpg 	25
290.9962 	Level injecting via pump at address 0 	25
296.9753 	DATA 	Keypress: o
296.9769 	DATA 	Keypress: o
296.9783 	DATA 	Keypress: o
296.9972 	Level WAIT 	25
297.9723 	DATA 	Keypress: o
297.9970 	Level RINSE 	25
299.9750 	DATA 	Keypress: o
299.9972 	Level jitter 	25
300.9695 	Level finished 	25
300.9973 	Level image=tasty.jpg 	25
301.9722 	DATA 	Keypress: o
301.9808 	Level injecting via pump at address 1 	25
307.9755 	DATA 	Keypress: o
307.9768 	DATA 	Keypress: o
307.9780 	DATA 	Keypress: o
307.9985 	Level WAIT 	25
308.9817 	Level RINSE 	25
310.9740 	DATA 	Keypress: o
310.9818 	Level jitter 	25
312.9695 	Level finished 	25
312.9709 	DATA 	Keypress: o
312.9988 	Level image=waterlogo.jpg 	25
313.9723 	DATA 	Keypress: o
313.9822 	Level injecting via pump at address 0 	25
319.9755 	DATA 	Keypress: o
319.9768 	DATA 	Keypress: o
319.9780 	DATA 	Keypress: o
319.9833 	Level WAIT 	25
320.9830 	Level RINSE 	25
322.9749 	DATA 	Keypress: o
322.9831 	Level jitter 	25
328.9695 	Level finished 	25
328.9709 	DATA 	Keypress: o
328.9720 	DATA 	Keypress: o
328.9730 	DATA 	Keypress: o
329.0006 	Level image=waterlogo.jpg 	25
329.9721 	DATA 	Keypress: o
329.9844 	Level injecting via pump at address 0 	25
335.9745 	DATA 	Keypress: o
335.9756 	DATA 	Keypress: o
335.9766 	DATA 	Keypress: o
335.9847 	Level WAIT 	25
336.9849 	Level RINSE 	25
338.9743 	DATA 	Keypress: o
338.9850 	Level jitter 	25
341.9695 	Level finished 	25
341.9707 	DATA 	Keypress: o
341.9718 	DATA 	Keypress: o
341.9858 	Level image=tasty.jpg 	25
342.9855 	Level injecting via pump at address 1 	25
348.9751 	DATA 	Keypress: o
348.9765 	DATA 	Keypress: o
348.9777 	DATA 	Keypress: o
348.9862 	Level WAIT 	25
349.9720 	DATA 	Keypress: o
349.9864 	Level RINSE 	25
351.9744 	DATA 	Keypress: o
351.9870 	Level jitter 	25
359.9695 	Level finished 	25
359.9707 	DATA 	Keypress: o
359.9716 	DATA 	Keypress: o
359.9728 	DATA 	Keypress: o
359.9740 	DATA 	Keypress: o
360.0042 	Level image=waterlogo.jpg 	25
360.9876 	Level injecting via pump at address 0 	25
366.9744 	DATA 	Keypress: o
366.9757 	DATA 	Keypress: o
366.9770 	DATA 	Keypress: o
366.9888 	Level WAIT 	25
367.9721 	DATA 	Keypress: o
367.9885 	Level RINSE 	25
369.9744 	DATA 	Keypress: o
369.9886 	Level jitter 	25
374.9695 	Level finished 	25
374.9708 	DATA 	Keypress: o
374.9718 	DATA 	Keypress: o
374.9893 	Level image=tasty.jpg 	25
375.9721 	DATA 	Keypress: o
376.0061 	Level injecting via pump at address 1 	25
381.9749 	DATA 	Keypress: o
381.9760 	DATA 	Keypress: o
381.9769 	DATA 	Keypress: o
382.0071 	Level WAIT 	25
382.9902 	Level RINSE 	25
384.9742 	DATA 	Keypress: o
384.9904 	Level jitter 	25
388.9695 	Level finished 	25
388.9708 	DATA 	Keypress: o
388.9718 	DATA 	Keypress: o
388.9909 	Level image=waterlogo.jpg 	25
389.9721 	DATA 	Keypress: o
389.9910 	Level injecting via pump at address 0 	25
395.9748 	DATA 	Keypress: o
395.9759 	DATA 	Keypress: o
395.9768 	DATA 	Keypress: o
395.9921 	Level WAIT 	25
396.9918 	Level RINSE 	25
398.9746 	DATA 	Keypress: o
398.9920 	Level jitter 	25
403.9695 	Level finished 	25
403.9709 	DATA 	Keypress: o
403.9722 	DATA 	Keypress: o
403.9734 	DATA 	Keypress: o
404.0093 	Level image=tasty.jpg 	25
404.9928 	Level injecting via pump at address 1 	25
410.9753 	DATA 	Keypress: o
410.9767 	DATA 	Keypress: o
410.9779 	DATA 	Keypress: o
410.9939 	Level WAIT 	25
411.9721 	DATA 	Keypress: o
411.9936 	Level RINSE 	25
413.9746 	DATA 	Keypress: o
413.9938 	Level jitter 	25
422.9695 	Level finished 	25
422.9708 	DATA 	Keypress: o
422.9717 	DATA 	Keypress: o
422.9727 	DATA 	Keypress: o
422.9736 	DATA 	Keypress: o
422.9953 	Level image=waterlogo.jpg 	25
423.9718 	DATA 	Keypress: o
423.9951 	Level injecting via pump at address 0 	25
429.9758 	DATA 	Keypress: o
429.9771 	DATA 	Keypress: o
429.9783 	DATA 	Keypress: o
429.9957 	Level WAIT 	25
430.9958 	Level RINSE 	25
432.9747 	DATA 	Keypress: o
432.9964 	Level jitter 	25
441.9695 	Level finished 	25
441.9710 	DATA 	Keypress: o
441.9722 	DATA 	Keypress: o
441.9734 	DATA 	Keypress: o
441.9745 	DATA 	Keypress: o
441.9755 	DATA 	Keypress: o
441.9971 	Level image=tasty.jpg 	25
442.9810 	Level injecting via pump at address 1 	25
448.9745 	DATA 	Keypress: o
448.9758 	DATA 	Keypress: o
448.9770 	DATA 	Keypress: o
448.9979 	Level WAIT 	25
449.9719 	DATA 	Keypress: o
449.9981 	Level RINSE 	25
451.9741 	DATA 	Keypress: o
451.9815 	Level jitter 	25
455.9695 	Level finished 	25
455.9709 	DATA 	Keypress: o
455.9722 	DATA 	Keypress: o
455.9991 	Level image=tasty.jpg 	25
456.9989 	Level injecting via pump at address 1 	25
462.9746 	DATA 	Keypress: o
462.9757 	DATA 	Keypress: o
462.9766 	DATA 	Keypress: o
462.9995 	Level WAIT 	25
463.9723 	DATA 	Keypress: o
463.9831 	Level RINSE 	25
465.9745 	DATA 	Keypress: o
466.0003 	Level jitter 	25
468.9695 	Level finished 	25
468.9710 	DATA 	Keypress: o
469.0003 	Level image=waterlogo.jpg 	25
469.9718 	DATA 	Keypress: o
469.9837 	Level injecting via pump at address 0 	25
475.9749 	DATA 	Keypress: o
475.9759 	DATA 	Keypress: o
475.9769 	DATA 	Keypress: o
475.9849 	Level WAIT 	25
476.9846 	Level RINSE 	25
478.9743 	DATA 	Keypress: o
479.0014 	Level jitter 	25
479.9695 	Level finished 	25
479.9707 	DATA 	Keypress: o
479.9848 	Level image=tasty.jpg 	25
480.9850 	Level injecting via pump at address 1 	25
486.9740 	DATA 	Keypress: o
486.9752 	DATA 	Keypress: o
486.9762 	DATA 	Keypress: o
487.0028 	Level WAIT 	25
487.9723 	DATA 	Keypress: o
488.0025 	Level RINSE 	25
489.9748 	DATA 	Keypress: o
489.9860 	Level jitter 	25
496.9695 	Level finished 	25
496.9708 	DATA 	Keypress: o
496.9721 	DATA 	Keypress: o
496.9732 	DATA 	Keypress: o
497.0040 	Level image=waterlogo.jpg 	25
497.9724 	DATA 	Keypress: o
497.9869 	Level injecting via pump at address 0 	25
503.9742 	DATA 	Keypress: o
503.9753 	DATA 	Keypress: o
503.9764 	DATA 	Keypress: o
503.9876 	Level WAIT 	25
504.9878 	Level RINSE 	25
506.9755 	DATA 	Keypress: o
507.0051 	Level jitter 	25
507.9695 	Level finished 	25
507.9709 	DATA 	Keypress: o
507.9881 	Level image=tasty.jpg 	25
508.9883 	Level injecting via pump at address 1 	25
514.9749 	DATA 	Keypress: o
514.9761 	DATA 	Keypress: o
514.9770 	DATA 	Keypress: o
514.9889 	Level WAIT 	25
515.9722 	DATA 	Keypress: o
515.9891 	Level RINSE 	25
517.9741 	DATA 	Keypress: o
517.9896 	Level jitter 	25
523.9695 	Level finished 	25
