68.9900 	DATA 	Keypress: o
68.9909 	Level start key press 	25
70.9966 	DATA 	Keypress: o
72.9968 	DATA 	Keypress: o
74.9971 	DATA 	Keypress: o
76.9975 	DATA 	Keypress: o
77.4451 	Level image=waterlogo.jpg 	25
78.3457 	Level injecting via pump at address 0 	25
84.3345 	DATA 	Keypress: o
84.3362 	DATA 	Keypress: o
84.3374 	DATA 	Keypress: o
84.3459 	Level WAIT 	25
85.3308 	DATA 	Keypress: o
85.3461 	Level RINSE 	25
87.3415 	DATA 	Keypress: o
87.3462 	Level jitter 	25
93.3284 	Level finished 	25
93.3297 	DATA 	Keypress: o
93.3309 	DATA 	Keypress: o
93.3319 	DATA 	Keypress: o
93.3474 	Level image=tasty.jpg 	25
94.3472 	Level injecting via pump at address 1 	25
100.3342 	DATA 	Keypress: o
100.3356 	DATA 	Keypress: o
100.3369 	DATA 	Keypress: o
100.3477 	Level WAIT 	25
101.3309 	DATA 	Keypress: o
101.3479 	Level RINSE 	25
103.3333 	DATA 	Keypress: o
103.3485 	Level jitter 	25
109.3284 	Level finished 	25
109.3298 	DATA 	Keypress: o
109.3310 	DATA 	Keypress: o
109.3323 	DATA 	Keypress: o
109.3489 	Level image=tasty.jpg 	25
110.3491 	Level injecting via pump at address 1 	25
116.3336 	DATA 	Keypress: o
116.3347 	DATA 	Keypress: o
116.3356 	DATA 	Keypress: o
116.3500 	Level WAIT 	25
117.3310 	DATA 	Keypress: o
117.3497 	Level RINSE 	25
119.3341 	DATA 	Keypress: o
119.3500 	Level jitter 	25
121.3284 	Level finished 	25
121.3296 	DATA 	Keypress: o
121.3669 	Level image=waterlogo.jpg 	25
122.3505 	Level injecting via pump at address 0 	25
128.3342 	DATA 	Keypress: o
128.3353 	DATA 	Keypress: o
128.3363 	DATA 	Keypress: o
128.3514 	Level WAIT 	25
129.3319 	DATA 	Keypress: o
129.3511 	Level RINSE 	25
131.3342 	DATA 	Keypress: o
131.3514 	Level jitter 	25
137.3284 	Level finished 	25
137.3296 	DATA 	Keypress: o
137.3307 	DATA 	Keypress: o
137.3318 	DATA 	Keypress: o
137.3522 	Level image=tasty.jpg 	25
138.3527 	Level injecting via pump at address 1 	25
144.3341 	DATA 	Keypress: o
144.3353 	DATA 	Keypress: o
144.3364 	DATA 	Keypress: o
144.3529 	Level WAIT 	25
145.3310 	DATA 	Keypress: o
145.3530 	Level RINSE 	25
147.3338 	DATA 	Keypress: o
147.3532 	Level jitter 	25
152.3284 	Level finished 	25
152.3297 	DATA 	Keypress: o
152.3310 	DATA 	Keypress: o
152.3544 	Level image=waterlogo.jpg 	25
153.3311 	DATA 	Keypress: o
153.3374 	Level injecting via pump at address 0 	25
159.3337 	DATA 	Keypress: o
159.3347 	DATA 	Keypress: o
159.3357 	DATA 	Keypress: o
159.3547 	Level WAIT 	25
160.3548 	Level RINSE 	25
162.3339 	DATA 	Keypress: o
162.3388 	Level jitter 	25
167.3284 	Level finished 	25
167.3297 	DATA 	Keypress: o
167.3306 	DATA 	Keypress: o
167.3316 	DATA 	Keypress: o
167.3557 	Level image=tasty.jpg 	25
168.3391 	Level injecting via pump at address 1 	25
174.3343 	DATA 	Keypress: o
174.3360 	DATA 	Keypress: o
174.3374 	DATA 	Keypress: o
174.3568 	Level WAIT 	25
175.3310 	DATA 	Keypress: o
175.3400 	Level RINSE 	25
177.3332 	DATA 	Keypress: o
177.3568 	Level jitter 	25
183.3284 	Level finished 	25
183.3297 	DATA 	Keypress: o
183.3309 	DATA 	Keypress: o
183.3321 	DATA 	Keypress: o
183.3575 	Level image=waterlogo.jpg 	25
184.3413 	Level injecting via pump at address 0 	25
190.3335 	DATA 	Keypress: o
190.3348 	DATA 	Keypress: o
190.3358 	DATA 	Keypress: o
190.3416 	Level WAIT 	25
191.3308 	DATA 	Keypress: o
191.3419 	Level RINSE 	25
193.3335 	DATA 	Keypress: o
193.3420 	Level jitter 	25
196.3284 	Level finished 	25
196.3297 	DATA 	Keypress: o
196.3428 	Level image=tasty.jpg 	25
197.3311 	DATA 	Keypress: o
197.3425 	Level injecting via pump at address 1 	25
203.3340 	DATA 	Keypress: o
203.3352 	DATA 	Keypress: o
203.3363 	DATA 	Keypress: o
203.3431 	Level WAIT 	25
204.3434 	Level RINSE 	25
206.3334 	DATA 	Keypress: o
206.3439 	Level jitter 	25
214.3284 	Level finished 	25
214.3298 	DATA 	Keypress: o
214.3311 	DATA 	Keypress: o
214.3324 	DATA 	Keypress: o
214.3336 	DATA 	Keypress: o
214.3611 	Level image=waterlogo.jpg 	25
215.3311 	DATA 	Keypress: o
215.3446 	Level injecting via pump at address 0 	25
221.3341 	DATA 	Keypress: o
221.3356 	DATA 	Keypress: o
221.3370 	DATA 	Keypress: o
221.3456 	Level WAIT 	25
222.3454 	Level RINSE 	25
224.3333 	DATA 	Keypress: o
224.3624 	Level jitter 	25
226.3284 	Level finished 	25
226.3295 	DATA 	Keypress: o
226.3458 	Level image=tasty.jpg 	25
227.3310 	DATA 	Keypress: o
227.3626 	Level injecting via pump at address 1 	25
233.3340 	DATA 	Keypress: o
233.3352 	DATA 	Keypress: o
233.3363 	DATA 	Keypress: o
233.3637 	Level WAIT 	25
234.3469 	Level RINSE 	25
236.3334 	DATA 	Keypress: o
236.3637 	Level jitter 	25
245.3284 	Level finished 	25
245.3298 	DATA 	Keypress: o
245.3313 	DATA 	Keypress: o
245.3327 	DATA 	Keypress: o
245.3340 	DATA 	Keypress: o
245.3355 	DATA 	Keypress: o
245.3651 	Level image=waterlogo.jpg 	25
246.3482 	Level injecting via pump at address 0 	25
252.3335 	DATA 	Keypress: o
252.3348 	DATA 	Keypress: o
252.3358 	DATA 	Keypress: o
252.3656 	Level WAIT 	25
253.3308 	DATA 	Keypress: o
253.3490 	Level RINSE 	25
255.3334 	DATA 	Keypress: o
255.3663 	Level jitter 	25
257.3284 	Level finished 	25
257.3295 	DATA 	Keypress: o
257.3495 	Level image=tasty.jpg 	25
258.3496 	Level injecting via pump at address 1 	25
264.3336 	DATA 	Keypress: o
264.3349 	DATA 	Keypress: o
264.3361 	DATA 	Keypress: o
264.3670 	Level WAIT 	25
265.3309 	DATA 	Keypress: o
265.3508 	Level RINSE 	25
267.3333 	DATA 	Keypress: o
267.3506 	Level jitter 	25
270.3284 	Level finished 	25
270.3296 	DATA 	Keypress: o
270.3510 	Level image=waterlogo.jpg 	25
271.3314 	DATA 	Keypress: o
271.3345 	Level injecting via pump at address 0 	25
277.3340 	DATA 	Keypress: o
277.3351 	DATA 	Keypress: o
277.3361 	DATA 	Keypress: o
277.3689 	Level WAIT 	25
278.3521 	Level RINSE 	25
280.3334 	DATA 	Keypress: o
280.3521 	Level jitter 	25
284.3284 	Level finished 	25
284.3298 	DATA 	Keypress: o
284.3312 	DATA 	Keypress: o
284.3526 	Level image=tasty.jpg 	25
285.3308 	DATA 	Keypress: o
285.3528 	Level injecting via pump at address 1 	25
291.3341 	DATA 	Keypress: o
291.3354 	DATA 	Keypress: o
291.3364 	DATA 	Keypress: o
291.3539 	Level WAIT 	25
292.3537 	Level RINSE 	25
294.3327 	DATA 	Keypress: o
294.3537 	Level jitter 	25
295.3284 	Level finished 	25
295.3297 	DATA 	Keypress: o
295.3539 	Level image=waterlogo.jpg 	25
296.3374 	Level injecting via pump at address 0 	25
302.3340 	DATA 	Keypress: o
302.3354 	DATA 	Keypress: o
302.3366 	DATA 	Keypress: o
302.3551 	Level WAIT 	25
303.3308 	DATA 	Keypress: o
303.3382 	Level RINSE 	25
305.3337 	DATA 	Keypress: o
305.3551 	Level jitter 	25
308.3284 	Level finished 	25
308.3296 	DATA 	Keypress: o
308.3555 	Level image=tasty.jpg 	25
309.3314 	DATA 	Keypress: o
309.3389 	Level injecting via pump at address 1 	25
315.3339 	DATA 	Keypress: o
315.3352 	DATA 	Keypress: o
315.3364 	DATA 	Keypress: o
315.3566 	Level WAIT 	25
316.3398 	Level RINSE 	25
318.3332 	DATA 	Keypress: o
318.3399 	Level jitter 	25
326.3284 	Level finished 	25
326.3298 	DATA 	Keypress: o
326.3313 	DATA 	Keypress: o
326.3325 	DATA 	Keypress: o
326.3337 	DATA 	Keypress: o
326.3579 	Level image=tasty.jpg 	25
327.3309 	DATA 	Keypress: o
327.3410 	Level injecting via pump at address 1 	25
333.3334 	DATA 	Keypress: o
333.3347 	DATA 	Keypress: o
333.3359 	DATA 	Keypress: o
333.3584 	Level WAIT 	25
334.3418 	Level RINSE 	25
336.3328 	DATA 	Keypress: o
336.3592 	Level jitter 	25
340.3284 	Level finished 	25
340.3297 	DATA 	Keypress: o
340.3310 	DATA 	Keypress: o
340.3425 	Level image=waterlogo.jpg 	25
341.3311 	DATA 	Keypress: o
341.3426 	Level injecting via pump at address 0 	25
347.3343 	DATA 	Keypress: o
347.3357 	DATA 	Keypress: o
347.3370 	DATA 	Keypress: o
347.3604 	Level WAIT 	25
348.3434 	Level RINSE 	25
350.3334 	DATA 	Keypress: o
350.3437 	Level jitter 	25
353.3284 	Level finished 	25
353.3298 	DATA 	Keypress: o
353.3310 	DATA 	Keypress: o
353.3440 	Level image=tasty.jpg 	25
354.3442 	Level injecting via pump at address 1 	25
360.3332 	DATA 	Keypress: o
360.3347 	DATA 	Keypress: o
360.3359 	DATA 	Keypress: o
360.3619 	Level WAIT 	25
361.3310 	DATA 	Keypress: o
361.3617 	Level RINSE 	25
363.3342 	DATA 	Keypress: o
363.3451 	Level jitter 	25
368.3284 	Level finished 	25
368.3296 	DATA 	Keypress: o
368.3307 	DATA 	Keypress: o
368.3458 	Level image=waterlogo.jpg 	25
369.3311 	DATA 	Keypress: o
369.3460 	Level injecting via pump at address 0 	25
375.3341 	DATA 	Keypress: o
375.3355 	DATA 	Keypress: o
375.3368 	DATA 	Keypress: o
375.3471 	Level WAIT 	25
376.3467 	Level RINSE 	25
378.3342 	DATA 	Keypress: o
378.3470 	Level jitter 	25
383.3284 	Level finished 	25
383.3299 	DATA 	Keypress: o
383.3313 	DATA 	Keypress: o
383.3325 	DATA 	Keypress: o
383.3641 	Level image=waterlogo.jpg 	25
384.3477 	Level injecting via pump at address 0 	25
390.3338 	DATA 	Keypress: o
390.3350 	DATA 	Keypress: o
390.3362 	DATA 	Keypress: o
390.3488 	Level WAIT 	25
391.3312 	DATA 	Keypress: o
391.3485 	Level RINSE 	25
393.3333 	DATA 	Keypress: o
393.3487 	Level jitter 	25
402.3284 	Level finished 	25
402.3297 	DATA 	Keypress: o
402.3310 	DATA 	Keypress: o
402.3322 	DATA 	Keypress: o
402.3333 	DATA 	Keypress: o
402.3502 	Level image=tasty.jpg 	25
403.3307 	DATA 	Keypress: o
403.3500 	Level injecting via pump at address 1 	25
409.3334 	DATA 	Keypress: o
409.3344 	DATA 	Keypress: o
409.3353 	DATA 	Keypress: o
409.3505 	Level WAIT 	25
410.3507 	Level RINSE 	25
412.3339 	DATA 	Keypress: o
412.3512 	Level jitter 	25
414.3284 	Level finished 	25
414.3297 	DATA 	Keypress: o
414.3678 	Level image=waterlogo.jpg 	25
415.3307 	DATA 	Keypress: o
415.3514 	Level injecting via pump at address 0 	25
421.3331 	DATA 	Keypress: o
421.3344 	DATA 	Keypress: o
421.3355 	DATA 	Keypress: o
421.3519 	Level WAIT 	25
422.3523 	Level RINSE 	25
424.3335 	DATA 	Keypress: o
424.3522 	Level jitter 	25
427.3284 	Level finished 	25
427.3299 	DATA 	Keypress: o
427.3313 	DATA 	Keypress: o
427.3527 	Level image=waterlogo.jpg 	25
428.3528 	Level injecting via pump at address 0 	25
434.3339 	DATA 	Keypress: o
434.3351 	DATA 	Keypress: o
434.3362 	DATA 	Keypress: o
434.3539 	Level WAIT 	25
435.3310 	DATA 	Keypress: o
435.3536 	Level RINSE 	25
437.3337 	DATA 	Keypress: o
437.3538 	Level jitter 	25
442.3284 	Level finished 	25
442.3295 	DATA 	Keypress: o
442.3305 	DATA 	Keypress: o
442.3544 	Level image=tasty.jpg 	25
443.3310 	DATA 	Keypress: o
443.3380 	Level injecting via pump at address 1 	25
449.3338 	DATA 	Keypress: o
449.3350 	DATA 	Keypress: o
449.3362 	DATA 	Keypress: o
449.3556 	Level WAIT 	25
450.3387 	Level RINSE 	25
452.3330 	DATA 	Keypress: o
452.3389 	Level jitter 	25
454.3284 	Level finished 	25
454.3296 	DATA 	Keypress: o
454.3558 	Level image=tasty.jpg 	25
455.3310 	DATA 	Keypress: o
455.3394 	Level injecting via pump at address 1 	25
461.3338 	DATA 	Keypress: o
461.3350 	DATA 	Keypress: o
461.3362 	DATA 	Keypress: o
461.3571 	Level WAIT 	25
462.3400 	Level RINSE 	25
464.3341 	DATA 	Keypress: o
464.3569 	Level jitter 	25
471.3284 	Level finished 	25
471.3296 	DATA 	Keypress: o
471.3307 	DATA 	Keypress: o
471.3316 	DATA 	Keypress: o
471.3326 	DATA 	Keypress: o
471.3582 	Level image=waterlogo.jpg 	25
472.3413 	Level injecting via pump at address 0 	25
478.3339 	DATA 	Keypress: o
478.3352 	DATA 	Keypress: o
478.3362 	DATA 	Keypress: o
478.3586 	Level WAIT 	25
479.3310 	DATA 	Keypress: o
479.3588 	Level RINSE 	25
481.3338 	DATA 	Keypress: o
481.3427 	Level jitter 	25
484.3284 	Level finished 	25
484.3298 	DATA 	Keypress: o
484.3427 	Level image=tasty.jpg 	25
485.3308 	DATA 	Keypress: o
485.3429 	Level injecting via pump at address 1 	25
491.3343 	DATA 	Keypress: o
491.3355 	DATA 	Keypress: o
491.3367 	DATA 	Keypress: o
491.3606 	Level WAIT 	25
492.3603 	Level RINSE 	25
494.3345 	DATA 	Keypress: o
494.3605 	Level jitter 	25
496.3284 	Level finished 	25
496.3296 	DATA 	Keypress: o
496.3441 	Level image=waterlogo.jpg 	25
497.3309 	DATA 	Keypress: o
497.3443 	Level injecting via pump at address 0 	25
503.3336 	DATA 	Keypress: o
503.3348 	DATA 	Keypress: o
503.3358 	DATA 	Keypress: o
503.3452 	Level WAIT 	25
504.3451 	Level RINSE 	25
506.3334 	DATA 	Keypress: o
506.3451 	Level jitter 	25
514.3284 	Level finished 	25
514.3298 	DATA 	Keypress: o
514.3310 	DATA 	Keypress: o
514.3326 	DATA 	Keypress: o
514.3339 	DATA 	Keypress: o
514.3632 	Level image=tasty.jpg 	25
515.3310 	DATA 	Keypress: o
515.3464 	Level injecting via pump at address 1 	25
521.3330 	DATA 	Keypress: o
521.3342 	DATA 	Keypress: o
521.3354 	DATA 	Keypress: o
521.3469 	Level WAIT 	25
522.3471 	Level RINSE 	25
524.3353 	DATA 	Keypress: o
524.3477 	Level jitter 	25
526.3284 	Level finished 	25
526.3295 	DATA 	Keypress: o
526.3642 	Level image=waterlogo.jpg 	25
527.3312 	DATA 	Keypress: o
527.3478 	Level injecting via pump at address 0 	25
533.3336 	DATA 	Keypress: o
533.3347 	DATA 	Keypress: o
533.3358 	DATA 	Keypress: o
533.3483 	Level WAIT 	25
534.3489 	Level RINSE 	25
536.3333 	DATA 	Keypress: o
536.3654 	Level jitter 	25
543.3284 	Level finished 	25
