34.3962 	DATA 	Keypress: o
34.3972 	Level start key press 	25
36.4073 	DATA 	Keypress: o
38.4072 	DATA 	Keypress: o
40.4075 	DATA 	Keypress: o
42.4075 	DATA 	Keypress: o
43.0053 	Level image=waterlogo.jpg 	25
43.9058 	Level injecting via pump at address 0 	25
49.8948 	DATA 	Keypress: o
49.8959 	DATA 	Keypress: o
49.8970 	DATA 	Keypress: o
49.9224 	Level WAIT 	25
50.8912 	DATA 	Keypress: o
50.9225 	Level RINSE 	25
52.9024 	DATA 	Keypress: o
52.9226 	Level jitter 	25
58.8886 	Level finished 	25
58.8899 	DATA 	Keypress: o
58.8910 	DATA 	Keypress: o
58.8923 	DATA 	Keypress: o
58.9234 	Level image=tasty.jpg 	25
59.9065 	Level injecting via pump at address 1 	25
65.8942 	DATA 	Keypress: o
65.8955 	DATA 	Keypress: o
65.8967 	DATA 	Keypress: o
65.9235 	Level WAIT 	25
66.8914 	DATA 	Keypress: o
66.9236 	Level RINSE 	25
68.8940 	DATA 	Keypress: o
68.9075 	Level jitter 	25
74.8886 	Level finished 	25
74.8899 	DATA 	Keypress: o
74.8909 	DATA 	Keypress: o
74.8918 	DATA 	Keypress: o
74.9075 	Level image=tasty.jpg 	25
75.9076 	Level injecting via pump at address 1 	25
81.8933 	DATA 	Keypress: o
81.8944 	DATA 	Keypress: o
81.8957 	DATA 	Keypress: o
81.9250 	Level WAIT 	25
82.8915 	DATA 	Keypress: o
82.9080 	Level RINSE 	25
84.8937 	DATA 	Keypress: o
84.9081 	Level jitter 	25
86.8886 	Level finished 	25
86.8898 	DATA 	Keypress: o
86.9083 	Level image=waterlogo.jpg 	25
87.9084 	Level injecting via pump at address 0 	25
93.8946 	DATA 	Keypress: o
93.8959 	DATA 	Keypress: o
93.8972 	DATA 	Keypress: o
93.9258 	Level WAIT 	25
94.8910 	DATA 	Keypress: o
94.9088 	Level RINSE 	25
96.8944 	DATA 	Keypress: o
96.9089 	Level jitter 	25
102.8886 	Level finished 	25
102.8900 	DATA 	Keypress: o
102.8910 	DATA 	Keypress: o
102.8920 	DATA 	Keypress: o
102.9094 	Level image=tasty.jpg 	25
103.9100 	Level injecting via pump at address 1 	25
109.8934 	DATA 	Keypress: o
109.8944 	DATA 	Keypress: o
109.8954 	DATA 	Keypress: o
109.9098 	Level WAIT 	25
110.8912 	DATA 	Keypress: o
110.9099 	Level RINSE 	25
112.8936 	DATA 	Keypress: o
112.9101 	Level jitter 	25
117.8886 	Level finished 	25
117.8899 	DATA 	Keypress: o
117.8910 	DATA 	Keypress: o
117.9109 	Level image=waterlogo.jpg 	25
118.8914 	DATA 	Keypress: o
118.9106 	Level injecting via pump at address 0 	25
124.8941 	DATA 	Keypress: o
124.8954 	DATA 	Keypress: o
124.8968 	DATA 	Keypress: o
124.9108 	Level WAIT 	25
125.9110 	Level RINSE 	25
127.8945 	DATA 	Keypress: o
127.9115 	Level jitter 	25
132.8886 	Level finished 	25
132.8903 	DATA 	Keypress: o
132.8919 	DATA 	Keypress: o
132.8935 	DATA 	Keypress: o
132.9115 	Level image=tasty.jpg 	25
133.9116 	Level injecting via pump at address 1 	25
139.8937 	DATA 	Keypress: o
139.8948 	DATA 	Keypress: o
139.8958 	DATA 	Keypress: o
139.9123 	Level WAIT 	25
140.8910 	DATA 	Keypress: o
140.9120 	Level RINSE 	25
142.8938 	DATA 	Keypress: o
142.9121 	Level jitter 	25
148.8886 	Level finished 	25
148.8901 	DATA 	Keypress: o
148.8913 	DATA 	Keypress: o
148.8925 	DATA 	Keypress: o
148.9126 	Level image=waterlogo.jpg 	25
149.9132 	Level injecting via pump at address 0 	25
155.8933 	DATA 	Keypress: o
155.8943 	DATA 	Keypress: o
155.8954 	DATA 	Keypress: o
155.9130 	Level WAIT 	25
156.8920 	DATA 	Keypress: o
156.9131 	Level RINSE 	25
158.8943 	DATA 	Keypress: o
158.9132 	Level jitter 	25
161.8886 	Level finished 	25
161.8900 	DATA 	Keypress: o
161.9140 	Level image=tasty.jpg 	25
162.8915 	DATA 	Keypress: o
162.9136 	Level injecting via pump at address 1 	25
168.8939 	DATA 	Keypress: o
168.8950 	DATA 	Keypress: o
168.8960 	DATA 	Keypress: o
168.9139 	Level WAIT 	25
169.9140 	Level RINSE 	25
171.8932 	DATA 	Keypress: o
171.9145 	Level jitter 	25
179.8886 	Level finished 	25
179.8899 	DATA 	Keypress: o
179.8910 	DATA 	Keypress: o
179.8922 	DATA 	Keypress: o
179.8934 	DATA 	Keypress: o
179.9148 	Level image=waterlogo.jpg 	25
180.8920 	DATA 	Keypress: o
180.9149 	Level injecting via pump at address 0 	25
186.8942 	DATA 	Keypress: o
186.8956 	DATA 	Keypress: o
186.8969 	DATA 	Keypress: o
186.9155 	Level WAIT 	25
187.9152 	Level RINSE 	25
189.8937 	DATA 	Keypress: o
189.9154 	Level jitter 	25
191.8886 	Level finished 	25
191.8900 	DATA 	Keypress: o
191.8988 	Level image=tasty.jpg 	25
192.8915 	DATA 	Keypress: o
192.8989 	Level injecting via pump at address 1 	25
198.8932 	DATA 	Keypress: o
198.8944 	DATA 	Keypress: o
198.8956 	DATA 	Keypress: o
198.9164 	Level WAIT 	25
199.9161 	Level RINSE 	25
201.8937 	DATA 	Keypress: o
201.8995 	Level jitter 	25
210.8886 	Level finished 	25
210.8899 	DATA 	Keypress: o
210.8910 	DATA 	Keypress: o
210.8922 	DATA 	Keypress: o
210.8934 	DATA 	Keypress: o
210.8947 	DATA 	Keypress: o
210.9172 	Level image=waterlogo.jpg 	25
211.9003 	Level injecting via pump at address 0 	25
217.8937 	DATA 	Keypress: o
217.8950 	DATA 	Keypress: o
217.8960 	DATA 	Keypress: o
217.9173 	Level WAIT 	25
218.8915 	DATA 	Keypress: o
218.9174 	Level RINSE 	25
220.8939 	DATA 	Keypress: o
220.9012 	Level jitter 	25
222.8886 	Level finished 	25
222.8904 	DATA 	Keypress: o
222.9176 	Level image=tasty.jpg 	25
223.9011 	Level injecting via pump at address 1 	25
229.8941 	DATA 	Keypress: o
229.8954 	DATA 	Keypress: o
229.8965 	DATA 	Keypress: o
229.9015 	Level WAIT 	25
230.8911 	DATA 	Keypress: o
230.9020 	Level RINSE 	25
232.8940 	DATA 	Keypress: o
232.9017 	Level jitter 	25
235.8886 	Level finished 	25
235.8900 	DATA 	Keypress: o
235.9019 	Level image=waterlogo.jpg 	25
236.8910 	DATA 	Keypress: o
236.9020 	Level injecting via pump at address 0 	25
242.8937 	DATA 	Keypress: o
242.8948 	DATA 	Keypress: o
242.8958 	DATA 	Keypress: o
242.9194 	Level WAIT 	25
243.9191 	Level RINSE 	25
245.8934 	DATA 	Keypress: o
245.9026 	Level jitter 	25
249.8886 	Level finished 	25
249.8899 	DATA 	Keypress: o
249.8909 	DATA 	Keypress: o
249.9196 	Level image=tasty.jpg 	25
250.8914 	DATA 	Keypress: o
250.9197 	Level injecting via pump at address 1 	25
256.8943 	DATA 	Keypress: o
256.8957 	DATA 	Keypress: o
256.8969 	DATA 	Keypress: o
256.9204 	Level WAIT 	25
257.9034 	Level RINSE 	25
259.8935 	DATA 	Keypress: o
259.9202 	Level jitter 	25
260.8886 	Level finished 	25
260.8898 	DATA 	Keypress: o
260.9037 	Level image=waterlogo.jpg 	25
261.9038 	Level injecting via pump at address 0 	25
267.8933 	DATA 	Keypress: o
267.8944 	DATA 	Keypress: o
267.8955 	DATA 	Keypress: o
267.9045 	Level WAIT 	25
268.8912 	DATA 	Keypress: o
268.9208 	Level RINSE 	25
270.8945 	DATA 	Keypress: o
270.9043 	Level jitter 	25
273.8886 	Level finished 	25
273.8900 	DATA 	Keypress: o
273.9045 	Level image=tasty.jpg 	25
274.8914 	DATA 	Keypress: o
274.9047 	Level injecting via pump at address 1 	25
280.8938 	DATA 	Keypress: o
280.8950 	DATA 	Keypress: o
280.8963 	DATA 	Keypress: o
280.9221 	Level WAIT 	25
281.9218 	Level RINSE 	25
283.8939 	DATA 	Keypress: o
283.9052 	Level jitter 	25
291.8886 	Level finished 	25
291.8901 	DATA 	Keypress: o
291.8913 	DATA 	Keypress: o
291.8924 	DATA 	Keypress: o
291.8933 	DATA 	Keypress: o
291.9063 	Level image=tasty.jpg 	25
292.8913 	DATA 	Keypress: o
292.9058 	Level injecting via pump at address 1 	25
298.8941 	DATA 	Keypress: o
298.8954 	DATA 	Keypress: o
298.8967 	DATA 	Keypress: o
298.9062 	Level WAIT 	25
299.9063 	Level RINSE 	25
301.8939 	DATA 	Keypress: o
301.9069 	Level jitter 	25
305.8886 	Level finished 	25
305.8899 	DATA 	Keypress: o
305.8909 	DATA 	Keypress: o
305.9069 	Level image=waterlogo.jpg 	25
306.8912 	DATA 	Keypress: o
306.9235 	Level injecting via pump at address 0 	25
312.8945 	DATA 	Keypress: o
312.8959 	DATA 	Keypress: o
312.8969 	DATA 	Keypress: o
312.9242 	Level WAIT 	25
313.9073 	Level RINSE 	25
315.8939 	DATA 	Keypress: o
315.9240 	Level jitter 	25
318.8886 	Level finished 	25
318.8899 	DATA 	Keypress: o
318.8909 	DATA 	Keypress: o
318.9243 	Level image=tasty.jpg 	25
319.9078 	Level injecting via pump at address 1 	25
325.8932 	DATA 	Keypress: o
325.8943 	DATA 	Keypress: o
325.8954 	DATA 	Keypress: o
325.9252 	Level WAIT 	25
326.8915 	DATA 	Keypress: o
326.9082 	Level RINSE 	25
328.8939 	DATA 	Keypress: o
328.9249 	Level jitter 	25
333.8886 	Level finished 	25
333.8901 	DATA 	Keypress: o
333.8914 	DATA 	Keypress: o
333.9088 	Level image=waterlogo.jpg 	25
334.8911 	DATA 	Keypress: o
334.9089 	Level injecting via pump at address 0 	25
340.8938 	DATA 	Keypress: o
340.8952 	DATA 	Keypress: o
340.8964 	DATA 	Keypress: o
340.9262 	Level WAIT 	25
341.9092 	Level RINSE 	25
343.8948 	DATA 	Keypress: o
343.9093 	Level jitter 	25
348.8886 	Level finished 	25
348.8900 	DATA 	Keypress: o
348.8913 	DATA 	Keypress: o
348.8924 	DATA 	Keypress: o
348.9098 	Level image=waterlogo.jpg 	25
349.9099 	Level injecting via pump at address 0 	25
355.8933 	DATA 	Keypress: o
355.8943 	DATA 	Keypress: o
355.8952 	DATA 	Keypress: o
355.9106 	Level WAIT 	25
356.8910 	DATA 	Keypress: o
356.9102 	Level RINSE 	25
358.8939 	DATA 	Keypress: o
358.9103 	Level jitter 	25
367.8886 	Level finished 	25
367.8899 	DATA 	Keypress: o
367.8909 	DATA 	Keypress: o
367.8918 	DATA 	Keypress: o
367.8928 	DATA 	Keypress: o
367.9114 	Level image=tasty.jpg 	25
368.8913 	DATA 	Keypress: o
368.9112 	Level injecting via pump at address 1 	25
374.8939 	DATA 	Keypress: o
374.8950 	DATA 	Keypress: o
374.8960 	DATA 	Keypress: o
374.9115 	Level WAIT 	25
375.9116 	Level RINSE 	25
377.8934 	DATA 	Keypress: o
377.9122 	Level jitter 	25
379.8886 	Level finished 	25
379.8899 	DATA 	Keypress: o
379.9118 	Level image=waterlogo.jpg 	25
380.8912 	DATA 	Keypress: o
380.9119 	Level injecting via pump at address 0 	25
386.8946 	DATA 	Keypress: o
386.8960 	DATA 	Keypress: o
386.8972 	DATA 	Keypress: o
386.9122 	Level WAIT 	25
387.9128 	Level RINSE 	25
389.8941 	DATA 	Keypress: o
389.9125 	Level jitter 	25
392.8886 	Level finished 	25
392.8899 	DATA 	Keypress: o
392.8910 	DATA 	Keypress: o
392.9129 	Level image=waterlogo.jpg 	25
393.9129 	Level injecting via pump at address 0 	25
399.8940 	DATA 	Keypress: o
399.8952 	DATA 	Keypress: o
399.8962 	DATA 	Keypress: o
399.9135 	Level WAIT 	25
400.8911 	DATA 	Keypress: o
400.8966 	Level RINSE 	25
402.8941 	DATA 	Keypress: o
402.9134 	Level jitter 	25
407.8886 	Level finished 	25
407.8900 	DATA 	Keypress: o
407.8913 	DATA 	Keypress: o
407.9139 	Level image=tasty.jpg 	25
408.8911 	DATA 	Keypress: o
408.9138 	Level injecting via pump at address 1 	25
414.8932 	DATA 	Keypress: o
414.8942 	DATA 	Keypress: o
414.8952 	DATA 	Keypress: o
414.9147 	Level WAIT 	25
415.9143 	Level RINSE 	25
417.8945 	DATA 	Keypress: o
417.9145 	Level jitter 	25
419.8886 	Level finished 	25
419.8904 	DATA 	Keypress: o
419.9147 	Level image=tasty.jpg 	25
420.8914 	DATA 	Keypress: o
420.9148 	Level injecting via pump at address 1 	25
426.8934 	DATA 	Keypress: o
426.8947 	DATA 	Keypress: o
426.8960 	DATA 	Keypress: o
426.9155 	Level WAIT 	25
427.9151 	Level RINSE 	25
429.8940 	DATA 	Keypress: o
429.9152 	Level jitter 	25
436.8886 	Level finished 	25
436.8899 	DATA 	Keypress: o
436.8910 	DATA 	Keypress: o
436.8924 	DATA 	Keypress: o
436.8936 	DATA 	Keypress: o
436.9163 	Level image=waterlogo.jpg 	25
437.9158 	Level injecting via pump at address 0 	25
443.8943 	DATA 	Keypress: o
443.8957 	DATA 	Keypress: o
443.8970 	DATA 	Keypress: o
443.9162 	Level WAIT 	25
444.8910 	DATA 	Keypress: o
444.8997 	Level RINSE 	25
446.8936 	DATA 	Keypress: o
446.9169 	Level jitter 	25
449.8886 	Level finished 	25
449.8898 	DATA 	Keypress: o
449.9168 	Level image=tasty.jpg 	25
450.8911 	DATA 	Keypress: o
450.9001 	Level injecting via pump at address 1 	25
456.8937 	DATA 	Keypress: o
456.8947 	DATA 	Keypress: o
456.8957 	DATA 	Keypress: o
456.9175 	Level WAIT 	25
457.9006 	Level RINSE 	25
459.8933 	DATA 	Keypress: o
459.9173 	Level jitter 	25
461.8886 	Level finished 	25
461.8899 	DATA 	Keypress: o
461.9175 	Level image=waterlogo.jpg 	25
462.8914 	DATA 	Keypress: o
462.9176 	Level injecting via pump at address 0 	25
468.8948 	DATA 	Keypress: o
468.8961 	DATA 	Keypress: o
468.8972 	DATA 	Keypress: o
468.9184 	Level WAIT 	25
469.9014 	Level RINSE 	25
471.8931 	DATA 	Keypress: o
471.9181 	Level jitter 	25
479.8886 	Level finished 	25
479.8899 	DATA 	Keypress: o
479.8909 	DATA 	Keypress: o
479.8919 	DATA 	Keypress: o
479.8929 	DATA 	Keypress: o
479.9193 	Level image=tasty.jpg 	25
480.8914 	DATA 	Keypress: o
480.9188 	Level injecting via pump at address 1 	25
486.8934 	DATA 	Keypress: o
486.8945 	DATA 	Keypress: o
486.8955 	DATA 	Keypress: o
486.9192 	Level WAIT 	25
487.9193 	Level RINSE 	25
489.8943 	DATA 	Keypress: o
489.9198 	Level jitter 	25
491.8886 	Level finished 	25
491.8898 	DATA 	Keypress: o
491.9029 	Level image=waterlogo.jpg 	25
492.8910 	DATA 	Keypress: o
492.9030 	Level injecting via pump at address 0 	25
498.8941 	DATA 	Keypress: o
498.8955 	DATA 	Keypress: o
498.8968 	DATA 	Keypress: o
498.9200 	Level WAIT 	25
499.9039 	Level RINSE 	25
501.8936 	DATA 	Keypress: o
501.9036 	Level jitter 	25
508.8886 	Level finished 	25
