59.7370 	DATA 	Keypress: o
59.7376 	Level start key press 	25
61.7455 	DATA 	Keypress: o
63.7456 	DATA 	Keypress: o
65.7624 	DATA 	Keypress: o
67.7461 	DATA 	Keypress: o
68.1437 	Level image=waterlogo.jpg 	25
69.0942 	Level injecting via pump at address 0 	25
75.0652 	DATA 	Keypress: o
75.0667 	DATA 	Keypress: o
75.0676 	DATA 	Keypress: o
75.0941 	Level WAIT 	25
76.0630 	DATA 	Keypress: o
76.0776 	Level RINSE 	25
78.0746 	DATA 	Keypress: o
78.0943 	Level jitter 	25
87.0603 	Level finished 	25
87.0616 	DATA 	Keypress: o
87.0629 	DATA 	Keypress: o
87.0641 	DATA 	Keypress: o
87.0652 	DATA 	Keypress: o
87.0953 	Level image=waterlogo.jpg 	25
88.0626 	DATA 	Keypress: o
88.0784 	Level injecting via pump at address 0 	25
94.0657 	DATA 	Keypress: o
94.0671 	DATA 	Keypress: o
94.0683 	DATA 	Keypress: o
94.0954 	Level WAIT 	25
95.0789 	Level RINSE 	25
97.0656 	DATA 	Keypress: o
97.0961 	Level jitter 	25
102.0603 	Level finished 	25
102.0615 	DATA 	Keypress: o
102.0628 	DATA 	Keypress: o
102.0639 	DATA 	Keypress: o
102.0960 	Level image=tasty.jpg 	25
103.0794 	Level injecting via pump at address 0 	25
109.0656 	DATA 	Keypress: o
109.0668 	DATA 	Keypress: o
109.0678 	DATA 	Keypress: o
109.0969 	Level WAIT 	25
110.0630 	DATA 	Keypress: o
110.0799 	Level RINSE 	25
112.0650 	DATA 	Keypress: o
112.0800 	Level jitter 	25
113.0603 	Level finished 	25
113.0801 	Level image=tasty.jpg 	25
114.0632 	DATA 	Keypress: o
114.0802 	Level injecting via pump at address 1 	25
120.0654 	DATA 	Keypress: o
120.0664 	DATA 	Keypress: o
120.0674 	DATA 	Keypress: o
120.0810 	Level WAIT 	25
121.0807 	Level RINSE 	25
123.0652 	DATA 	Keypress: o
123.0809 	Level jitter 	25
128.0603 	Level finished 	25
128.0614 	DATA 	Keypress: o
128.0625 	DATA 	Keypress: o
128.0637 	DATA 	Keypress: o
128.0979 	Level image=tasty.jpg 	25
129.0812 	Level injecting via pump at address 0 	25
135.0655 	DATA 	Keypress: o
135.0668 	DATA 	Keypress: o
135.0682 	DATA 	Keypress: o
135.0821 	Level WAIT 	25
136.0630 	DATA 	Keypress: o
136.0818 	Level RINSE 	25
138.0645 	DATA 	Keypress: o
138.0819 	Level jitter 	25
142.0603 	Level finished 	25
142.0615 	DATA 	Keypress: o
142.0626 	DATA 	Keypress: o
142.0821 	Level image=waterlogo.jpg 	25
143.0822 	Level injecting via pump at address 0 	25
149.0651 	DATA 	Keypress: o
149.0661 	DATA 	Keypress: o
149.0670 	DATA 	Keypress: o
149.0830 	Level WAIT 	25
150.0627 	DATA 	Keypress: o
150.0827 	Level RINSE 	25
152.0659 	DATA 	Keypress: o
152.0828 	Level jitter 	25
154.0603 	Level finished 	25
154.0614 	DATA 	Keypress: o
154.0829 	Level image=tasty.jpg 	25
155.0830 	Level injecting via pump at address 0 	25
161.0649 	DATA 	Keypress: o
161.0658 	DATA 	Keypress: o
161.0668 	DATA 	Keypress: o
161.0838 	Level WAIT 	25
162.0628 	DATA 	Keypress: o
162.0835 	Level RINSE 	25
164.0653 	DATA 	Keypress: o
164.0836 	Level jitter 	25
172.0603 	Level finished 	25
172.0614 	DATA 	Keypress: o
172.0624 	DATA 	Keypress: o
172.0634 	DATA 	Keypress: o
172.0646 	DATA 	Keypress: o
172.1013 	Level image=waterlogo.jpg 	25
173.0842 	Level injecting via pump at address 0 	25
179.0650 	DATA 	Keypress: o
179.0662 	DATA 	Keypress: o
179.0672 	DATA 	Keypress: o
179.0846 	Level WAIT 	25
180.0626 	DATA 	Keypress: o
180.0848 	Level RINSE 	25
182.0649 	DATA 	Keypress: o
182.0852 	Level jitter 	25
187.0603 	Level finished 	25
187.0615 	DATA 	Keypress: o
187.0627 	DATA 	Keypress: o
187.0852 	Level image=tasty.jpg 	25
188.0631 	DATA 	Keypress: o
188.0687 	Level injecting via pump at address 1 	25
194.0660 	DATA 	Keypress: o
194.0672 	DATA 	Keypress: o
194.0681 	DATA 	Keypress: o
194.0862 	Level WAIT 	25
195.0691 	Level RINSE 	25
197.0653 	DATA 	Keypress: o
197.0859 	Level jitter 	25
199.0603 	Level finished 	25
199.0614 	DATA 	Keypress: o
199.0860 	Level image=tasty.jpg 	25
200.0631 	DATA 	Keypress: o
200.0861 	Level injecting via pump at address 0 	25
206.0658 	DATA 	Keypress: o
206.0670 	DATA 	Keypress: o
206.0682 	DATA 	Keypress: o
206.0870 	Level WAIT 	25
207.0699 	Level RINSE 	25
209.0653 	DATA 	Keypress: o
209.0868 	Level jitter 	25
212.0603 	Level finished 	25
212.0614 	DATA 	Keypress: o
212.0625 	DATA 	Keypress: o
212.0869 	Level image=waterlogo.jpg 	25
213.0703 	Level injecting via pump at address 0 	25
219.0651 	DATA 	Keypress: o
219.0665 	DATA 	Keypress: o
219.0676 	DATA 	Keypress: o
219.0712 	Level WAIT 	25
220.0630 	DATA 	Keypress: o
220.0709 	Level RINSE 	25
222.0653 	DATA 	Keypress: o
222.0876 	Level jitter 	25
230.0603 	Level finished 	25
230.0614 	DATA 	Keypress: o
230.0624 	DATA 	Keypress: o
230.0633 	DATA 	Keypress: o
230.0642 	DATA 	Keypress: o
230.0886 	Level image=tasty.jpg 	25
231.0882 	Level injecting via pump at address 0 	25
237.0649 	DATA 	Keypress: o
237.0659 	DATA 	Keypress: o
237.0668 	DATA 	Keypress: o
237.0887 	Level WAIT 	25
238.0630 	DATA 	Keypress: o
238.0720 	Level RINSE 	25
240.0649 	DATA 	Keypress: o
240.0893 	Level jitter 	25
242.0603 	Level finished 	25
242.0616 	DATA 	Keypress: o
242.0890 	Level image=tasty.jpg 	25
243.0891 	Level injecting via pump at address 1 	25
249.0655 	DATA 	Keypress: o
249.0665 	DATA 	Keypress: o
249.0675 	DATA 	Keypress: o
249.0894 	Level WAIT 	25
250.0628 	DATA 	Keypress: o
250.0900 	Level RINSE 	25
252.0655 	DATA 	Keypress: o
252.0897 	Level jitter 	25
261.0603 	Level finished 	25
261.0614 	DATA 	Keypress: o
261.0623 	DATA 	Keypress: o
261.0634 	DATA 	Keypress: o
261.0645 	DATA 	Keypress: o
261.0907 	Level image=waterlogo.jpg 	25
262.0630 	DATA 	Keypress: o
262.0904 	Level injecting via pump at address 0 	25
268.0652 	DATA 	Keypress: o
268.0662 	DATA 	Keypress: o
268.0671 	DATA 	Keypress: o
268.0908 	Level WAIT 	25
269.0742 	Level RINSE 	25
271.0652 	DATA 	Keypress: o
271.0913 	Level jitter 	25
279.0603 	Level finished 	25
279.0615 	DATA 	Keypress: o
279.0625 	DATA 	Keypress: o
279.0635 	DATA 	Keypress: o
279.0644 	DATA 	Keypress: o
279.0749 	Level image=tasty.jpg 	25
280.0628 	DATA 	Keypress: o
280.0750 	Level injecting via pump at address 0 	25
286.0651 	DATA 	Keypress: o
286.0663 	DATA 	Keypress: o
286.0675 	DATA 	Keypress: o
286.0924 	Level WAIT 	25
287.0921 	Level RINSE 	25
289.0652 	DATA 	Keypress: o
289.0756 	Level jitter 	25
291.0603 	Level finished 	25
291.0614 	DATA 	Keypress: o
291.0758 	Level image=waterlogo.jpg 	25
292.0626 	DATA 	Keypress: o
292.0759 	Level injecting via pump at address 0 	25
298.0657 	DATA 	Keypress: o
298.0670 	DATA 	Keypress: o
298.0682 	DATA 	Keypress: o
298.0766 	Level WAIT 	25
299.0762 	Level RINSE 	25
301.0655 	DATA 	Keypress: o
301.0763 	Level jitter 	25
308.0603 	Level finished 	25
308.0614 	DATA 	Keypress: o
308.0624 	DATA 	Keypress: o
308.0635 	DATA 	Keypress: o
308.0646 	DATA 	Keypress: o
308.0940 	Level image=tasty.jpg 	25
309.0937 	Level injecting via pump at address 1 	25
315.0649 	DATA 	Keypress: o
315.0659 	DATA 	Keypress: o
315.0668 	DATA 	Keypress: o
315.0940 	Level WAIT 	25
316.0631 	DATA 	Keypress: o
316.0774 	Level RINSE 	25
318.0652 	DATA 	Keypress: o
318.0946 	Level jitter 	25
323.0603 	Level finished 	25
323.0616 	DATA 	Keypress: o
323.0629 	DATA 	Keypress: o
323.0779 	Level image=tasty.jpg 	25
324.0631 	DATA 	Keypress: o
324.0780 	Level injecting via pump at address 0 	25
330.0656 	DATA 	Keypress: o
330.0669 	DATA 	Keypress: o
330.0680 	DATA 	Keypress: o
330.0954 	Level WAIT 	25
331.0784 	Level RINSE 	25
333.0656 	DATA 	Keypress: o
333.0786 	Level jitter 	25
335.0603 	Level finished 	25
335.0616 	DATA 	Keypress: o
335.0788 	Level image=tasty.jpg 	25
336.0628 	DATA 	Keypress: o
336.0789 	Level injecting via pump at address 1 	25
342.0661 	DATA 	Keypress: o
342.0677 	DATA 	Keypress: o
342.0689 	DATA 	Keypress: o
342.0795 	Level WAIT 	25
343.0793 	Level RINSE 	25
345.0654 	DATA 	Keypress: o
345.0794 	Level jitter 	25
348.0603 	Level finished 	25
348.0614 	DATA 	Keypress: o
348.0624 	DATA 	Keypress: o
348.0797 	Level image=tasty.jpg 	25
349.0798 	Level injecting via pump at address 0 	25
355.0655 	DATA 	Keypress: o
355.0668 	DATA 	Keypress: o
355.0678 	DATA 	Keypress: o
355.0805 	Level WAIT 	25
356.0630 	DATA 	Keypress: o
356.0801 	Level RINSE 	25
358.0653 	DATA 	Keypress: o
358.0803 	Level jitter 	25
360.0603 	Level finished 	25
360.0614 	DATA 	Keypress: o
360.0805 	Level image=tasty.jpg 	25
361.0806 	Level injecting via pump at address 1 	25
367.0648 	DATA 	Keypress: o
367.0658 	DATA 	Keypress: o
367.0666 	DATA 	Keypress: o
367.0813 	Level WAIT 	25
368.0627 	DATA 	Keypress: o
368.0810 	Level RINSE 	25
370.0658 	DATA 	Keypress: o
370.0811 	Level jitter 	25
374.0603 	Level finished 	25
374.0616 	DATA 	Keypress: o
374.0626 	DATA 	Keypress: o
374.0814 	Level image=tasty.jpg 	25
375.0649 	Level injecting via pump at address 0 	25
381.0650 	DATA 	Keypress: o
381.0661 	DATA 	Keypress: o
381.0671 	DATA 	Keypress: o
381.0990 	Level WAIT 	25
382.0630 	DATA 	Keypress: o
382.0819 	Level RINSE 	25
384.0653 	DATA 	Keypress: o
384.0821 	Level jitter 	25
386.0603 	Level finished 	25
386.0614 	DATA 	Keypress: o
386.0822 	Level image=tasty.jpg 	25
387.0824 	Level injecting via pump at address 1 	25
393.0648 	DATA 	Keypress: o
393.0658 	DATA 	Keypress: o
393.0666 	DATA 	Keypress: o
393.0832 	Level WAIT 	25
394.0627 	DATA 	Keypress: o
394.0661 	Level RINSE 	25
396.0652 	DATA 	Keypress: o
396.0829 	Level jitter 	25
404.0603 	Level finished 	25
404.0614 	DATA 	Keypress: o
404.0624 	DATA 	Keypress: o
404.0634 	DATA 	Keypress: o
404.0643 	DATA 	Keypress: o
404.0840 	Level image=tasty.jpg 	25
405.0837 	Level injecting via pump at address 0 	25
411.0654 	DATA 	Keypress: o
411.0664 	DATA 	Keypress: o
411.0674 	DATA 	Keypress: o
411.0839 	Level WAIT 	25
412.0630 	DATA 	Keypress: o
412.0840 	Level RINSE 	25
414.0654 	DATA 	Keypress: o
414.0845 	Level jitter 	25
421.0603 	Level finished 	25
