84.3688 	DATA 	Keypress: o
84.3698 	Level start key press 	25
86.3724 	DATA 	Keypress: o
88.3723 	DATA 	Keypress: o
90.3724 	DATA 	Keypress: o
92.3726 	DATA 	Keypress: o
92.9036 	Level image=waterlogo.jpg 	25
93.8208 	Level injecting via pump at address 0 	25
99.7926 	DATA 	Keypress: o
99.7941 	DATA 	Keypress: o
99.7953 	DATA 	Keypress: o
99.8207 	Level WAIT 	25
100.7894 	DATA 	Keypress: o
100.8041 	Level RINSE 	25
102.8001 	DATA 	Keypress: o
102.8210 	Level jitter 	25
108.7870 	Level finished 	25
108.7882 	DATA 	Keypress: o
108.7892 	DATA 	Keypress: o
108.7905 	DATA 	Keypress: o
108.8217 	Level image=tasty.jpg 	25
109.8048 	Level injecting via pump at address 1 	25
115.7915 	DATA 	Keypress: o
115.7927 	DATA 	Keypress: o
115.7940 	DATA 	Keypress: o
115.8051 	Level WAIT 	25
116.7898 	DATA 	Keypress: o
116.8053 	Level RINSE 	25
118.7917 	DATA 	Keypress: o
118.8225 	Level jitter 	25
124.7870 	Level finished 	25
124.7883 	DATA 	Keypress: o
124.7896 	DATA 	Keypress: o
124.7907 	DATA 	Keypress: o
124.8225 	Level image=tasty.jpg 	25
125.8060 	Level injecting via pump at address 1 	25
131.7915 	DATA 	Keypress: o
131.7925 	DATA 	Keypress: o
131.7935 	DATA 	Keypress: o
131.8066 	Level WAIT 	25
132.7895 	DATA 	Keypress: o
132.8063 	Level RINSE 	25
134.7921 	DATA 	Keypress: o
134.8064 	Level jitter 	25
136.7870 	Level finished 	25
136.7882 	DATA 	Keypress: o
136.8233 	Level image=waterlogo.jpg 	25
137.8067 	Level injecting via pump at address 0 	25
143.7923 	DATA 	Keypress: o
143.7936 	DATA 	Keypress: o
143.7947 	DATA 	Keypress: o
143.8242 	Level WAIT 	25
144.7894 	DATA 	Keypress: o
144.8071 	Level RINSE 	25
146.7914 	DATA 	Keypress: o
146.8240 	Level jitter 	25
152.7870 	Level finished 	25
152.7884 	DATA 	Keypress: o
152.7896 	DATA 	Keypress: o
152.7908 	DATA 	Keypress: o
152.8244 	Level image=tasty.jpg 	25
153.8083 	Level injecting via pump at address 1 	25
159.7923 	DATA 	Keypress: o
159.7942 	DATA 	Keypress: o
159.7957 	DATA 	Keypress: o
159.8082 	Level WAIT 	25
160.7898 	DATA 	Keypress: o
160.8083 	Level RINSE 	25
162.7924 	DATA 	Keypress: o
162.8084 	Level jitter 	25
167.7870 	Level finished 	25
167.7882 	DATA 	Keypress: o
167.7892 	DATA 	Keypress: o
167.8093 	Level image=waterlogo.jpg 	25
168.7895 	DATA 	Keypress: o
168.8089 	Level injecting via pump at address 0 	25
174.7922 	DATA 	Keypress: o
174.7932 	DATA 	Keypress: o
174.7943 	DATA 	Keypress: o
174.8259 	Level WAIT 	25
175.8093 	Level RINSE 	25
177.7928 	DATA 	Keypress: o
177.8098 	Level jitter 	25
182.7870 	Level finished 	25
182.7884 	DATA 	Keypress: o
182.7896 	DATA 	Keypress: o
182.7908 	DATA 	Keypress: o
182.8098 	Level image=tasty.jpg 	25
183.8100 	Level injecting via pump at address 1 	25
189.7932 	DATA 	Keypress: o
189.7945 	DATA 	Keypress: o
189.7964 	DATA 	Keypress: o
189.8106 	Level WAIT 	25
190.7898 	DATA 	Keypress: o
190.7937 	Level RINSE 	25
192.7923 	DATA 	Keypress: o
192.8104 	Level jitter 	25
198.7870 	Level finished 	25
198.7882 	DATA 	Keypress: o
198.7892 	DATA 	Keypress: o
198.7901 	DATA 	Keypress: o
198.8110 	Level image=waterlogo.jpg 	25
199.8115 	Level injecting via pump at address 0 	25
205.7925 	DATA 	Keypress: o
205.7938 	DATA 	Keypress: o
205.7951 	DATA 	Keypress: o
205.8113 	Level WAIT 	25
206.7894 	DATA 	Keypress: o
206.7948 	Level RINSE 	25
208.7915 	DATA 	Keypress: o
208.8115 	Level jitter 	25
211.7870 	Level finished 	25
211.7883 	DATA 	Keypress: o
211.8123 	Level image=tasty.jpg 	25
212.7893 	DATA 	Keypress: o
212.7952 	Level injecting via pump at address 1 	25
218.7926 	DATA 	Keypress: o
218.7940 	DATA 	Keypress: o
218.7953 	DATA 	Keypress: o
218.8122 	Level WAIT 	25
219.7957 	Level RINSE 	25
221.7927 	DATA 	Keypress: o
221.8128 	Level jitter 	25
229.7870 	Level finished 	25
229.7886 	DATA 	Keypress: o
229.7900 	DATA 	Keypress: o
229.7912 	DATA 	Keypress: o
229.7924 	DATA 	Keypress: o
229.8131 	Level image=waterlogo.jpg 	25
230.7898 	DATA 	Keypress: o
230.8131 	Level injecting via pump at address 0 	25
236.7921 	DATA 	Keypress: o
236.7935 	DATA 	Keypress: o
236.7945 	DATA 	Keypress: o
236.8139 	Level WAIT 	25
237.7970 	Level RINSE 	25
239.7923 	DATA 	Keypress: o
239.8137 	Level jitter 	25
241.7870 	Level finished 	25
241.7881 	DATA 	Keypress: o
241.8139 	Level image=tasty.jpg 	25
242.7897 	DATA 	Keypress: o
242.8140 	Level injecting via pump at address 1 	25
248.7921 	DATA 	Keypress: o
248.7934 	DATA 	Keypress: o
248.7950 	DATA 	Keypress: o
248.8147 	Level WAIT 	25
249.8144 	Level RINSE 	25
251.7932 	DATA 	Keypress: o
251.8145 	Level jitter 	25
260.7870 	Level finished 	25
260.7883 	DATA 	Keypress: o
260.7895 	DATA 	Keypress: o
260.7907 	DATA 	Keypress: o
260.7919 	DATA 	Keypress: o
260.7931 	DATA 	Keypress: o
260.8156 	Level image=waterlogo.jpg 	25
261.8153 	Level injecting via pump at address 0 	25
267.7924 	DATA 	Keypress: o
267.7937 	DATA 	Keypress: o
267.7949 	DATA 	Keypress: o
267.8156 	Level WAIT 	25
268.7898 	DATA 	Keypress: o
268.7991 	Level RINSE 	25
270.7926 	DATA 	Keypress: o
270.8163 	Level jitter 	25
272.7870 	Level finished 	25
272.7883 	DATA 	Keypress: o
272.8161 	Level image=tasty.jpg 	25
273.8161 	Level injecting via pump at address 1 	25
279.7927 	DATA 	Keypress: o
279.7940 	DATA 	Keypress: o
279.7952 	DATA 	Keypress: o
279.8164 	Level WAIT 	25
280.7898 	DATA 	Keypress: o
280.8170 	Level RINSE 	25
282.7924 	DATA 	Keypress: o
282.8167 	Level jitter 	25
285.7870 	Level finished 	25
285.7883 	DATA 	Keypress: o
285.8170 	Level image=waterlogo.jpg 	25
286.7895 	DATA 	Keypress: o
286.8171 	Level injecting via pump at address 0 	25
292.7918 	DATA 	Keypress: o
292.7930 	DATA 	Keypress: o
292.7940 	DATA 	Keypress: o
292.8178 	Level WAIT 	25
293.8008 	Level RINSE 	25
295.7916 	DATA 	Keypress: o
295.8175 	Level jitter 	25
299.7870 	Level finished 	25
299.7884 	DATA 	Keypress: o
299.7896 	DATA 	Keypress: o
299.8180 	Level image=tasty.jpg 	25
300.7895 	DATA 	Keypress: o
300.8013 	Level injecting via pump at address 1 	25
306.7917 	DATA 	Keypress: o
306.7927 	DATA 	Keypress: o
306.7937 	DATA 	Keypress: o
306.8021 	Level WAIT 	25
307.8018 	Level RINSE 	25
309.7925 	DATA 	Keypress: o
309.8019 	Level jitter 	25
310.7870 	Level finished 	25
310.7884 	DATA 	Keypress: o
310.8186 	Level image=waterlogo.jpg 	25
311.8188 	Level injecting via pump at address 0 	25
317.7920 	DATA 	Keypress: o
317.7933 	DATA 	Keypress: o
317.7945 	DATA 	Keypress: o
317.8195 	Level WAIT 	25
318.7904 	DATA 	Keypress: o
318.8025 	Level RINSE 	25
320.7917 	DATA 	Keypress: o
320.8193 	Level jitter 	25
323.7870 	Level finished 	25
323.7882 	DATA 	Keypress: o
323.8195 	Level image=tasty.jpg 	25
324.7898 	DATA 	Keypress: o
324.8196 	Level injecting via pump at address 1 	25
330.7924 	DATA 	Keypress: o
330.7936 	DATA 	Keypress: o
330.7947 	DATA 	Keypress: o
330.8205 	Level WAIT 	25
331.8034 	Level RINSE 	25
333.7914 	DATA 	Keypress: o
333.8202 	Level jitter 	25
341.7870 	Level finished 	25
341.7883 	DATA 	Keypress: o
341.7895 	DATA 	Keypress: o
341.7905 	DATA 	Keypress: o
341.7918 	DATA 	Keypress: o
341.8213 	Level image=tasty.jpg 	25
342.7894 	DATA 	Keypress: o
342.8042 	Level injecting via pump at address 1 	25
348.7921 	DATA 	Keypress: o
348.7932 	DATA 	Keypress: o
348.7944 	DATA 	Keypress: o
348.8212 	Level WAIT 	25
349.8046 	Level RINSE 	25
351.7924 	DATA 	Keypress: o
351.8053 	Level jitter 	25
355.7870 	Level finished 	25
355.7884 	DATA 	Keypress: o
355.7896 	DATA 	Keypress: o
355.8217 	Level image=waterlogo.jpg 	25
356.7895 	DATA 	Keypress: o
356.8051 	Level injecting via pump at address 0 	25
362.7927 	DATA 	Keypress: o
362.7940 	DATA 	Keypress: o
362.7953 	DATA 	Keypress: o
362.8060 	Level WAIT 	25
363.8056 	Level RINSE 	25
365.7923 	DATA 	Keypress: o
365.8057 	Level jitter 	25
368.7870 	Level finished 	25
368.7882 	DATA 	Keypress: o
368.7894 	DATA 	Keypress: o
368.8061 	Level image=tasty.jpg 	25
369.8061 	Level injecting via pump at address 1 	25
375.7921 	DATA 	Keypress: o
375.7933 	DATA 	Keypress: o
375.7946 	DATA 	Keypress: o
375.8068 	Level WAIT 	25
376.7898 	DATA 	Keypress: o
376.8065 	Level RINSE 	25
378.7920 	DATA 	Keypress: o
378.8066 	Level jitter 	25
383.7870 	Level finished 	25
383.7884 	DATA 	Keypress: o
383.7897 	DATA 	Keypress: o
383.8236 	Level image=waterlogo.jpg 	25
384.7893 	DATA 	Keypress: o
384.8071 	Level injecting via pump at address 0 	25
390.7925 	DATA 	Keypress: o
390.7938 	DATA 	Keypress: o
390.7953 	DATA 	Keypress: o
390.8078 	Level WAIT 	25
391.8075 	Level RINSE 	25
393.7923 	DATA 	Keypress: o
393.8076 	Level jitter 	25
398.7870 	Level finished 	25
398.7882 	DATA 	Keypress: o
398.7892 	DATA 	Keypress: o
398.7902 	DATA 	Keypress: o
398.8247 	Level image=waterlogo.jpg 	25
399.7914 	Level injecting via pump at address 0 	25
405.7921 	DATA 	Keypress: o
405.7933 	DATA 	Keypress: o
405.7946 	DATA 	Keypress: o
405.8255 	Level WAIT 	25
406.7896 	DATA 	Keypress: o
406.8085 	Level RINSE 	25
408.7925 	DATA 	Keypress: o
408.8253 	Level jitter 	25
417.7870 	Level finished 	25
417.7883 	DATA 	Keypress: o
417.7897 	DATA 	Keypress: o
417.7910 	DATA 	Keypress: o
417.7923 	DATA 	Keypress: o
417.8265 	Level image=tasty.jpg 	25
418.7893 	DATA 	Keypress: o
418.7928 	Level injecting via pump at address 1 	25
424.7923 	DATA 	Keypress: o
424.7933 	DATA 	Keypress: o
424.7943 	DATA 	Keypress: o
424.8099 	Level WAIT 	25
425.8100 	Level RINSE 	25
427.7920 	DATA 	Keypress: o
427.8105 	Level jitter 	25
429.7870 	Level finished 	25
429.7881 	DATA 	Keypress: o
429.8102 	Level image=waterlogo.jpg 	25
430.7895 	DATA 	Keypress: o
430.8103 	Level injecting via pump at address 0 	25
436.7934 	DATA 	Keypress: o
436.7947 	DATA 	Keypress: o
436.7959 	DATA 	Keypress: o
436.8273 	Level WAIT 	25
437.7945 	Level RINSE 	25
439.7923 	DATA 	Keypress: o
439.8109 	Level jitter 	25
442.7870 	Level finished 	25
442.7882 	DATA 	Keypress: o
442.7893 	DATA 	Keypress: o
442.8111 	Level image=waterlogo.jpg 	25
443.7945 	Level injecting via pump at address 0 	25
449.7917 	DATA 	Keypress: o
449.7931 	DATA 	Keypress: o
449.7944 	DATA 	Keypress: o
449.8119 	Level WAIT 	25
450.7903 	DATA 	Keypress: o
450.8116 	Level RINSE 	25
452.7923 	DATA 	Keypress: o
452.7950 	Level jitter 	25
457.7870 	Level finished 	25
457.7882 	DATA 	Keypress: o
457.7893 	DATA 	Keypress: o
457.8121 	Level image=tasty.jpg 	25
458.7893 	DATA 	Keypress: o
458.8122 	Level injecting via pump at address 1 	25
464.7925 	DATA 	Keypress: o
464.7938 	DATA 	Keypress: o
464.7950 	DATA 	Keypress: o
464.8129 	Level WAIT 	25
465.7961 	Level RINSE 	25
467.7923 	DATA 	Keypress: o
467.8128 	Level jitter 	25
469.7870 	Level finished 	25
469.7883 	DATA 	Keypress: o
469.8130 	Level image=tasty.jpg 	25
470.7900 	DATA 	Keypress: o
470.8132 	Level injecting via pump at address 1 	25
476.7927 	DATA 	Keypress: o
476.7941 	DATA 	Keypress: o
476.7953 	DATA 	Keypress: o
476.8138 	Level WAIT 	25
477.7968 	Level RINSE 	25
479.7922 	DATA 	Keypress: o
479.8136 	Level jitter 	25
486.7870 	Level finished 	25
486.7884 	DATA 	Keypress: o
486.7897 	DATA 	Keypress: o
486.7910 	DATA 	Keypress: o
486.7922 	DATA 	Keypress: o
486.8313 	Level image=waterlogo.jpg 	25
487.7975 	Level injecting via pump at address 0 	25
493.7918 	DATA 	Keypress: o
493.7931 	DATA 	Keypress: o
493.7941 	DATA 	Keypress: o
493.7979 	Level WAIT 	25
494.7897 	DATA 	Keypress: o
494.8146 	Level RINSE 	25
496.7919 	DATA 	Keypress: o
496.7985 	Level jitter 	25
499.7870 	Level finished 	25
499.7881 	DATA 	Keypress: o
499.7983 	Level image=tasty.jpg 	25
500.7893 	DATA 	Keypress: o
500.7984 	Level injecting via pump at address 1 	25
506.7930 	DATA 	Keypress: o
506.7942 	DATA 	Keypress: o
506.7955 	DATA 	Keypress: o
506.8158 	Level WAIT 	25
507.8156 	Level RINSE 	25
509.7925 	DATA 	Keypress: o
509.7991 	Level jitter 	25
511.7870 	Level finished 	25
511.7883 	DATA 	Keypress: o
511.8158 	Level image=waterlogo.jpg 	25
512.7893 	DATA 	Keypress: o
512.7993 	Level injecting via pump at address 0 	25
518.7925 	DATA 	Keypress: o
518.7939 	DATA 	Keypress: o
518.7951 	DATA 	Keypress: o
518.8000 	Level WAIT 	25
519.7997 	Level RINSE 	25
521.7914 	DATA 	Keypress: o
521.7998 	Level jitter 	25
529.7870 	Level finished 	25
529.7882 	DATA 	Keypress: o
529.7893 	DATA 	Keypress: o
529.7903 	DATA 	Keypress: o
529.7913 	DATA 	Keypress: o
529.8175 	Level image=tasty.jpg 	25
530.7897 	DATA 	Keypress: o
530.8004 	Level injecting via pump at address 1 	25
536.7917 	DATA 	Keypress: o
536.7928 	DATA 	Keypress: o
536.7938 	DATA 	Keypress: o
536.8175 	Level WAIT 	25
537.8010 	Level RINSE 	25
539.7940 	DATA 	Keypress: o
539.8182 	Level jitter 	25
541.7870 	Level finished 	25
541.7881 	DATA 	Keypress: o
541.8180 	Level image=waterlogo.jpg 	25
542.7902 	DATA 	Keypress: o
542.8181 	Level injecting via pump at address 0 	25
548.7922 	DATA 	Keypress: o
548.7933 	DATA 	Keypress: o
548.7945 	DATA 	Keypress: o
548.8183 	Level WAIT 	25
549.8023 	Level RINSE 	25
551.7916 	DATA 	Keypress: o
551.8185 	Level jitter 	25
558.7870 	Level finished 	25
