47.1787 	DATA 	Keypress: o
47.1795 	Level start key press 	25
49.1903 	DATA 	Keypress: o
51.1848 	DATA 	Keypress: o
53.1849 	DATA 	Keypress: o
55.2276 	DATA 	Keypress: o
55.2323 	Level image=waterlogo.jpg 	25
56.1826 	Level injecting via pump at address 0 	25
62.1709 	DATA 	Keypress: o
62.1721 	DATA 	Keypress: o
62.1731 	DATA 	Keypress: o
62.1830 	Level WAIT 	25
63.1815 	Level RINSE 	25
65.1807 	DATA 	Keypress: o
65.1820 	DATA 	Keypress: o
65.1875 	Level jitter 	25
72.1663 	Level finished 	25
72.1677 	DATA 	Keypress: o
72.1688 	DATA 	Keypress: o
72.1699 	DATA 	Keypress: o
72.1841 	Level image=waterlogo.jpg 	25
73.1784 	Level injecting via pump at address 0 	25
79.1710 	DATA 	Keypress: o
79.1722 	DATA 	Keypress: o
79.1734 	DATA 	Keypress: o
79.1804 	Level WAIT 	25
80.1692 	DATA 	Keypress: o
80.1745 	Level RINSE 	25
82.1712 	DATA 	Keypress: o
82.1820 	Level jitter 	25
87.1663 	Level finished 	25
87.1676 	DATA 	Keypress: o
87.1686 	DATA 	Keypress: o
87.1846 	Level image=tasty.jpg 	25
88.1688 	DATA 	Keypress: o
88.1826 	Level injecting via pump at address 1 	25
94.1714 	DATA 	Keypress: o
94.1725 	DATA 	Keypress: o
94.1735 	DATA 	Keypress: o
94.1849 	Level WAIT 	25
95.1795 	Level RINSE 	25
97.1716 	DATA 	Keypress: o
97.1845 	Level jitter 	25
100.1663 	Level finished 	25
100.1675 	DATA 	Keypress: o
100.1686 	DATA 	Keypress: o
100.1856 	Level image=tasty.jpg 	25
101.1806 	Level injecting via pump at address 0 	25
107.1727 	DATA 	Keypress: o
107.1744 	DATA 	Keypress: o
107.1758 	DATA 	Keypress: o
107.1774 	DATA 	Keypress: o
107.1835 	Level WAIT 	25
108.1776 	Level RINSE 	25
110.1709 	DATA 	Keypress: o
110.1831 	Level jitter 	25
116.1663 	Level finished 	25
116.1676 	DATA 	Keypress: o
116.1688 	DATA 	Keypress: o
116.1699 	DATA 	Keypress: o
116.1856 	Level image=tasty.jpg 	25
117.1800 	Level injecting via pump at address 0 	25
123.1718 	DATA 	Keypress: o
123.1730 	DATA 	Keypress: o
123.1743 	DATA 	Keypress: o
123.1753 	DATA 	Keypress: o
123.1816 	Level WAIT 	25
124.1765 	Level RINSE 	25
126.1712 	DATA 	Keypress: o
126.1826 	Level jitter 	25
135.1663 	Level finished 	25
135.1676 	DATA 	Keypress: o
135.1687 	DATA 	Keypress: o
135.1697 	DATA 	Keypress: o
135.1707 	DATA 	Keypress: o
135.1761 	DATA 	Keypress: o
135.1848 	Level image=tasty.jpg 	25
136.1706 	Level injecting via pump at address 1 	25
142.1718 	DATA 	Keypress: o
142.1731 	DATA 	Keypress: o
142.1744 	DATA 	Keypress: o
142.1820 	Level WAIT 	25
143.1716 	Level RINSE 	25
145.1712 	DATA 	Keypress: o
145.1726 	DATA 	Keypress: o
145.1829 	Level jitter 	25
151.1663 	Level finished 	25
151.1675 	DATA 	Keypress: o
151.1687 	DATA 	Keypress: o
151.1747 	DATA 	Keypress: o
151.1836 	Level image=tasty.jpg 	25
152.1723 	Level injecting via pump at address 0 	25
158.1714 	DATA 	Keypress: o
158.1724 	DATA 	Keypress: o
158.1734 	DATA 	Keypress: o
158.1810 	Level WAIT 	25
159.1726 	Level RINSE 	25
161.1718 	DATA 	Keypress: o
161.1734 	DATA 	Keypress: o
161.1815 	Level jitter 	25
164.1663 	Level finished 	25
164.1676 	DATA 	Keypress: o
164.1826 	Level image=tasty.jpg 	25
165.1728 	Level injecting via pump at address 1 	25
171.1717 	DATA 	Keypress: o
171.1727 	DATA 	Keypress: o
171.1737 	DATA 	Keypress: o
171.1747 	DATA 	Keypress: o
171.1797 	Level WAIT 	25
172.1736 	Level RINSE 	25
174.1713 	DATA 	Keypress: o
174.1796 	Level jitter 	25
179.1663 	Level finished 	25
179.1676 	DATA 	Keypress: o
179.1688 	DATA 	Keypress: o
179.1750 	DATA 	Keypress: o
179.1866 	Level image=tasty.jpg 	25
180.1736 	Level injecting via pump at address 0 	25
186.1725 	DATA 	Keypress: o
186.1739 	DATA 	Keypress: o
186.1751 	DATA 	Keypress: o
186.1829 	Level WAIT 	25
187.1743 	Level RINSE 	25
189.1719 	DATA 	Keypress: o
189.1730 	DATA 	Keypress: o
189.1836 	Level jitter 	25
190.1663 	Level finished 	25
190.1746 	Level image=waterlogo.jpg 	25
191.1732 	Level injecting via pump at address 0 	25
197.1716 	DATA 	Keypress: o
197.1727 	DATA 	Keypress: o
197.1738 	DATA 	Keypress: o
197.1747 	DATA 	Keypress: o
197.1920 	Level WAIT 	25
198.1758 	Level RINSE 	25
200.1724 	DATA 	Keypress: o
200.1755 	Level jitter 	25
205.1663 	Level finished 	25
205.1676 	DATA 	Keypress: o
205.1687 	DATA 	Keypress: o
205.1761 	DATA 	Keypress: o
205.1826 	Level image=waterlogo.jpg 	25
206.1756 	Level injecting via pump at address 0 	25
212.1718 	DATA 	Keypress: o
212.1730 	DATA 	Keypress: o
212.1743 	DATA 	Keypress: o
212.1799 	Level WAIT 	25
213.1745 	Level RINSE 	25
215.1716 	DATA 	Keypress: o
215.1726 	DATA 	Keypress: o
215.1767 	Level jitter 	25
218.1663 	Level finished 	25
218.1675 	DATA 	Keypress: o
218.1764 	Level image=tasty.jpg 	25
219.1755 	Level injecting via pump at address 0 	25
225.1721 	DATA 	Keypress: o
225.1735 	DATA 	Keypress: o
225.1747 	DATA 	Keypress: o
225.1759 	DATA 	Keypress: o
225.1939 	Level WAIT 	25
226.1722 	Level RINSE 	25
228.1717 	DATA 	Keypress: o
228.1775 	Level jitter 	25
234.1663 	Level finished 	25
234.1677 	DATA 	Keypress: o
234.1690 	DATA 	Keypress: o
234.1702 	DATA 	Keypress: o
234.1798 	Level image=waterlogo.jpg 	25
235.1695 	DATA 	Keypress: o
235.1751 	Level injecting via pump at address 0 	25
241.1716 	DATA 	Keypress: o
241.1729 	DATA 	Keypress: o
241.1742 	DATA 	Keypress: o
241.1785 	Level WAIT 	25
242.1706 	Level RINSE 	25
244.1718 	DATA 	Keypress: o
244.1775 	Level jitter 	25
246.1663 	Level finished 	25
246.1676 	DATA 	Keypress: o
246.1789 	Level image=waterlogo.jpg 	25
247.1693 	DATA 	Keypress: o
247.1778 	Level injecting via pump at address 0 	25
253.1729 	DATA 	Keypress: o
253.1741 	DATA 	Keypress: o
253.1753 	DATA 	Keypress: o
253.1786 	Level WAIT 	25
254.1746 	Level RINSE 	25
256.1709 	DATA 	Keypress: o
256.1800 	Level jitter 	25
264.1663 	Level finished 	25
264.1675 	DATA 	Keypress: o
264.1686 	DATA 	Keypress: o
264.1695 	DATA 	Keypress: o
264.1705 	DATA 	Keypress: o
264.1796 	Level image=tasty.jpg 	25
265.1688 	DATA 	Keypress: o
265.1803 	Level injecting via pump at address 0 	25
271.1724 	DATA 	Keypress: o
271.1737 	DATA 	Keypress: o
271.1750 	DATA 	Keypress: o
271.1810 	Level WAIT 	25
272.1799 	Level RINSE 	25
274.1708 	DATA 	Keypress: o
274.1805 	Level jitter 	25
279.1663 	Level finished 	25
279.1676 	DATA 	Keypress: o
279.1687 	DATA 	Keypress: o
279.1697 	DATA 	Keypress: o
279.1809 	Level image=waterlogo.jpg 	25
280.1706 	Level injecting via pump at address 0 	25
286.1713 	DATA 	Keypress: o
286.1723 	DATA 	Keypress: o
286.1732 	DATA 	Keypress: o
286.1820 	Level WAIT 	25
287.1692 	DATA 	Keypress: o
287.1816 	Level RINSE 	25
289.1711 	DATA 	Keypress: o
289.1816 	Level jitter 	25
294.1663 	Level finished 	25
294.1675 	DATA 	Keypress: o
294.1685 	DATA 	Keypress: o
294.1806 	Level image=tasty.jpg 	25
295.1691 	DATA 	Keypress: o
295.1746 	Level injecting via pump at address 0 	25
301.1718 	DATA 	Keypress: o
301.1732 	DATA 	Keypress: o
301.1744 	DATA 	Keypress: o
301.1827 	Level WAIT 	25
302.1710 	Level RINSE 	25
304.1718 	DATA 	Keypress: o
304.1775 	Level jitter 	25
311.1663 	Level finished 	25
311.1679 	DATA 	Keypress: o
311.1694 	DATA 	Keypress: o
311.1707 	DATA 	Keypress: o
311.1719 	DATA 	Keypress: o
311.1830 	Level image=tasty.jpg 	25
312.1836 	Level injecting via pump at address 1 	25
318.1715 	DATA 	Keypress: o
318.1729 	DATA 	Keypress: o
318.1741 	DATA 	Keypress: o
318.1836 	Level WAIT 	25
319.1691 	DATA 	Keypress: o
319.1816 	Level RINSE 	25
321.1708 	DATA 	Keypress: o
321.1839 	Level jitter 	25
325.1663 	Level finished 	25
325.1675 	DATA 	Keypress: o
325.1685 	DATA 	Keypress: o
325.1838 	Level image=tasty.jpg 	25
326.1786 	Level injecting via pump at address 0 	25
332.1727 	DATA 	Keypress: o
332.1741 	DATA 	Keypress: o
332.1754 	DATA 	Keypress: o
332.1802 	Level WAIT 	25
333.1688 	DATA 	Keypress: o
333.1745 	Level RINSE 	25
335.1720 	DATA 	Keypress: o
335.1805 	Level jitter 	25
338.1663 	Level finished 	25
338.1675 	DATA 	Keypress: o
338.1816 	Level image=tasty.jpg 	25
339.1691 	DATA 	Keypress: o
339.1766 	Level injecting via pump at address 1 	25
345.1724 	DATA 	Keypress: o
345.1737 	DATA 	Keypress: o
345.1750 	DATA 	Keypress: o
345.1788 	Level WAIT 	25
346.1734 	Level RINSE 	25
348.1714 	DATA 	Keypress: o
348.1786 	Level jitter 	25
353.1663 	Level finished 	25
353.1677 	DATA 	Keypress: o
353.1689 	DATA 	Keypress: o
353.1701 	DATA 	Keypress: o
353.1855 	Level image=tasty.jpg 	25
354.1809 	Level injecting via pump at address 0 	25
360.1720 	DATA 	Keypress: o
360.1736 	DATA 	Keypress: o
360.1749 	DATA 	Keypress: o
360.1829 	Level WAIT 	25
361.1691 	DATA 	Keypress: o
361.1766 	Level RINSE 	25
363.1723 	DATA 	Keypress: o
363.1825 	Level jitter 	25
364.1663 	Level finished 	25
364.1783 	Level image=tasty.jpg 	25
365.1698 	DATA 	Keypress: o
365.1733 	Level injecting via pump at address 1 	25
371.1715 	DATA 	Keypress: o
371.1726 	DATA 	Keypress: o
371.1737 	DATA 	Keypress: o
371.1879 	Level WAIT 	25
372.1706 	Level RINSE 	25
374.1719 	DATA 	Keypress: o
374.1753 	Level jitter 	25
383.1663 	Level finished 	25
383.1677 	DATA 	Keypress: o
383.1690 	DATA 	Keypress: o
383.1703 	DATA 	Keypress: o
383.1715 	DATA 	Keypress: o
383.1727 	DATA 	Keypress: o
383.1882 	Level image=tasty.jpg 	25
384.1716 	Level injecting via pump at address 1 	25
390.1714 	DATA 	Keypress: o
390.1724 	DATA 	Keypress: o
390.1734 	DATA 	Keypress: o
390.1886 	Level WAIT 	25
391.1691 	DATA 	Keypress: o
391.1724 	Level RINSE 	25
393.1715 	DATA 	Keypress: o
393.1752 	Level jitter 	25
402.1663 	Level finished 	25
402.1677 	DATA 	Keypress: o
402.1687 	DATA 	Keypress: o
402.1698 	DATA 	Keypress: o
402.1711 	DATA 	Keypress: o
402.1899 	Level image=tasty.jpg 	25
403.1697 	DATA 	Keypress: o
403.1734 	Level injecting via pump at address 0 	25
409.1714 	DATA 	Keypress: o
409.1724 	DATA 	Keypress: o
409.1733 	DATA 	Keypress: o
409.1896 	Level WAIT 	25
410.1734 	Level RINSE 	25
412.1718 	DATA 	Keypress: o
412.1753 	Level jitter 	25
414.1663 	Level finished 	25
