53.1628 	DATA 	Keypress: o
53.1636 	Level start key press 	25
55.1730 	DATA 	Keypress: o
57.1727 	DATA 	Keypress: o
59.1718 	DATA 	Keypress: o
61.1719 	DATA 	Keypress: o
62.0177 	Level image=waterlogo.jpg 	25
62.9464 	Level injecting via pump at address 0 	25
68.9400 	DATA 	Keypress: o
68.9414 	DATA 	Keypress: o
68.9424 	DATA 	Keypress: o
68.9644 	Level WAIT 	25
69.9376 	DATA 	Keypress: o
69.9433 	Level RINSE 	25
71.9471 	DATA 	Keypress: o
71.9656 	Level jitter 	25
78.9346 	Level finished 	25
78.9362 	DATA 	Keypress: o
78.9376 	DATA 	Keypress: o
78.9388 	DATA 	Keypress: o
78.9632 	Level image=waterlogo.jpg 	25
79.9377 	DATA 	Keypress: o
79.9524 	Level injecting via pump at address 0 	25
85.9404 	DATA 	Keypress: o
85.9418 	DATA 	Keypress: o
85.9429 	DATA 	Keypress: o
85.9584 	Level WAIT 	25
86.9536 	Level RINSE 	25
88.9401 	DATA 	Keypress: o
88.9528 	Level jitter 	25
93.9346 	Level finished 	25
93.9361 	DATA 	Keypress: o
93.9371 	DATA 	Keypress: o
93.9381 	DATA 	Keypress: o
93.9667 	Level image=tasty.jpg 	25
94.9440 	Level injecting via pump at address 1 	25
100.9404 	DATA 	Keypress: o
100.9417 	DATA 	Keypress: o
100.9429 	DATA 	Keypress: o
100.9628 	Level WAIT 	25
101.9377 	DATA 	Keypress: o
101.9408 	Level RINSE 	25
103.9400 	DATA 	Keypress: o
103.9466 	Level jitter 	25
106.9346 	Level finished 	25
106.9360 	DATA 	Keypress: o
106.9475 	Level image=tasty.jpg 	25
107.9382 	DATA 	Keypress: o
107.9596 	Level injecting via pump at address 0 	25
113.9408 	DATA 	Keypress: o
113.9420 	DATA 	Keypress: o
113.9432 	DATA 	Keypress: o
113.9549 	Level WAIT 	25
114.9394 	Level RINSE 	25
116.9404 	DATA 	Keypress: o
116.9613 	Level jitter 	25
122.9346 	Level finished 	25
122.9360 	DATA 	Keypress: o
122.9375 	DATA 	Keypress: o
122.9387 	DATA 	Keypress: o
122.9466 	Level image=tasty.jpg 	25
123.9374 	DATA 	Keypress: o
123.9588 	Level injecting via pump at address 0 	25
129.9399 	DATA 	Keypress: o
129.9410 	DATA 	Keypress: o
129.9421 	DATA 	Keypress: o
129.9550 	Level WAIT 	25
130.9547 	Level RINSE 	25
132.9410 	DATA 	Keypress: o
132.9444 	Level jitter 	25
141.9346 	Level finished 	25
141.9360 	DATA 	Keypress: o
141.9372 	DATA 	Keypress: o
141.9384 	DATA 	Keypress: o
141.9396 	DATA 	Keypress: o
141.9408 	DATA 	Keypress: o
141.9640 	Level image=tasty.jpg 	25
142.9414 	Level injecting via pump at address 1 	25
148.9405 	DATA 	Keypress: o
148.9421 	DATA 	Keypress: o
148.9434 	DATA 	Keypress: o
148.9598 	Level WAIT 	25
149.9377 	DATA 	Keypress: o
149.9540 	Level RINSE 	25
151.9410 	DATA 	Keypress: o
151.9446 	Level jitter 	25
157.9346 	Level finished 	25
157.9360 	DATA 	Keypress: o
157.9370 	DATA 	Keypress: o
157.9379 	DATA 	Keypress: o
157.9455 	Level image=tasty.jpg 	25
158.9409 	Level injecting via pump at address 0 	25
164.9404 	DATA 	Keypress: o
164.9417 	DATA 	Keypress: o
164.9428 	DATA 	Keypress: o
164.9575 	Level WAIT 	25
165.9373 	DATA 	Keypress: o
165.9406 	Level RINSE 	25
167.9402 	DATA 	Keypress: o
167.9435 	Level jitter 	25
170.9346 	Level finished 	25
170.9360 	DATA 	Keypress: o
170.9440 	Level image=tasty.jpg 	25
171.9372 	DATA 	Keypress: o
171.9556 	Level injecting via pump at address 1 	25
177.9400 	DATA 	Keypress: o
177.9415 	DATA 	Keypress: o
177.9429 	DATA 	Keypress: o
177.9568 	Level WAIT 	25
178.9512 	Level RINSE 	25
180.9400 	DATA 	Keypress: o
180.9573 	Level jitter 	25
185.9346 	Level finished 	25
185.9360 	DATA 	Keypress: o
185.9373 	DATA 	Keypress: o
185.9385 	DATA 	Keypress: o
185.9484 	Level image=tasty.jpg 	25
186.9596 	Level injecting via pump at address 0 	25
192.9408 	DATA 	Keypress: o
192.9423 	DATA 	Keypress: o
192.9437 	DATA 	Keypress: o
192.9597 	Level WAIT 	25
193.9375 	DATA 	Keypress: o
193.9554 	Level RINSE 	25
195.9404 	DATA 	Keypress: o
195.9456 	Level jitter 	25
196.9346 	Level finished 	25
196.9564 	Level image=waterlogo.jpg 	25
197.9373 	DATA 	Keypress: o
197.9424 	Level injecting via pump at address 0 	25
203.9406 	DATA 	Keypress: o
203.9419 	DATA 	Keypress: o
203.9431 	DATA 	Keypress: o
203.9530 	Level WAIT 	25
204.9484 	Level RINSE 	25
206.9401 	DATA 	Keypress: o
206.9535 	Level jitter 	25
211.9346 	Level finished 	25
211.9361 	DATA 	Keypress: o
211.9374 	DATA 	Keypress: o
211.9385 	DATA 	Keypress: o
211.9778 	Level image=waterlogo.jpg 	25
212.9554 	Level injecting via pump at address 0 	25
218.9405 	DATA 	Keypress: o
218.9418 	DATA 	Keypress: o
218.9429 	DATA 	Keypress: o
218.9572 	Level WAIT 	25
219.9377 	DATA 	Keypress: o
219.9446 	Level RINSE 	25
221.9403 	DATA 	Keypress: o
221.9587 	Level jitter 	25
224.9346 	Level finished 	25
224.9364 	DATA 	Keypress: o
224.9594 	Level image=tasty.jpg 	25
225.9374 	DATA 	Keypress: o
225.9546 	Level injecting via pump at address 0 	25
231.9413 	DATA 	Keypress: o
231.9428 	DATA 	Keypress: o
231.9442 	DATA 	Keypress: o
231.9554 	Level WAIT 	25
232.9457 	Level RINSE 	25
234.9397 	DATA 	Keypress: o
234.9565 	Level jitter 	25
240.9346 	Level finished 	25
240.9359 	DATA 	Keypress: o
240.9370 	DATA 	Keypress: o
240.9381 	DATA 	Keypress: o
240.9584 	Level image=waterlogo.jpg 	25
241.9374 	DATA 	Keypress: o
241.9529 	Level injecting via pump at address 0 	25
247.9400 	DATA 	Keypress: o
247.9416 	DATA 	Keypress: o
247.9428 	DATA 	Keypress: o
247.9544 	Level WAIT 	25
248.9464 	Level RINSE 	25
250.9404 	DATA 	Keypress: o
250.9474 	Level jitter 	25
252.9346 	Level finished 	25
252.9360 	DATA 	Keypress: o
252.9448 	Level image=waterlogo.jpg 	25
253.9377 	DATA 	Keypress: o
253.9561 	Level injecting via pump at address 0 	25
259.9401 	DATA 	Keypress: o
259.9414 	DATA 	Keypress: o
259.9427 	DATA 	Keypress: o
259.9578 	Level WAIT 	25
260.9534 	Level RINSE 	25
262.9403 	DATA 	Keypress: o
262.9587 	Level jitter 	25
270.9346 	Level finished 	25
270.9361 	DATA 	Keypress: o
270.9374 	DATA 	Keypress: o
270.9384 	DATA 	Keypress: o
270.9393 	DATA 	Keypress: o
270.9497 	Level image=tasty.jpg 	25
271.9373 	DATA 	Keypress: o
271.9617 	Level injecting via pump at address 0 	25
277.9402 	DATA 	Keypress: o
277.9414 	DATA 	Keypress: o
277.9426 	DATA 	Keypress: o
277.9629 	Level WAIT 	25
278.9574 	Level RINSE 	25
280.9398 	DATA 	Keypress: o
280.9636 	Level jitter 	25
285.9346 	Level finished 	25
285.9362 	DATA 	Keypress: o
285.9376 	DATA 	Keypress: o
285.9388 	DATA 	Keypress: o
285.9497 	Level image=waterlogo.jpg 	25
286.9659 	Level injecting via pump at address 0 	25
292.9394 	DATA 	Keypress: o
292.9404 	DATA 	Keypress: o
292.9414 	DATA 	Keypress: o
292.9670 	Level WAIT 	25
293.9376 	DATA 	Keypress: o
293.9448 	Level RINSE 	25
295.9404 	DATA 	Keypress: o
295.9499 	Level jitter 	25
300.9346 	Level finished 	25
300.9361 	DATA 	Keypress: o
300.9375 	DATA 	Keypress: o
300.9586 	Level image=tasty.jpg 	25
301.9375 	DATA 	Keypress: o
301.9505 	Level injecting via pump at address 0 	25
307.9408 	DATA 	Keypress: o
307.9423 	DATA 	Keypress: o
307.9435 	DATA 	Keypress: o
307.9549 	Level WAIT 	25
308.9488 	Level RINSE 	25
310.9402 	DATA 	Keypress: o
310.9510 	Level jitter 	25
317.9346 	Level finished 	25
317.9361 	DATA 	Keypress: o
317.9374 	DATA 	Keypress: o
317.9386 	DATA 	Keypress: o
317.9399 	DATA 	Keypress: o
317.9688 	Level image=tasty.jpg 	25
318.9464 	Level injecting via pump at address 1 	25
324.9400 	DATA 	Keypress: o
324.9411 	DATA 	Keypress: o
324.9421 	DATA 	Keypress: o
324.9486 	Level WAIT 	25
325.9373 	DATA 	Keypress: o
325.9436 	Level RINSE 	25
327.9401 	DATA 	Keypress: o
327.9493 	Level jitter 	25
331.9346 	Level finished 	25
331.9362 	DATA 	Keypress: o
331.9375 	DATA 	Keypress: o
331.9621 	Level image=tasty.jpg 	25
332.9566 	Level injecting via pump at address 0 	25
338.9400 	DATA 	Keypress: o
338.9414 	DATA 	Keypress: o
338.9426 	DATA 	Keypress: o
338.9531 	Level WAIT 	25
339.9372 	DATA 	Keypress: o
339.9528 	Level RINSE 	25
341.9397 	DATA 	Keypress: o
341.9429 	Level jitter 	25
344.9346 	Level finished 	25
344.9363 	DATA 	Keypress: o
344.9436 	Level image=tasty.jpg 	25
345.9379 	DATA 	Keypress: o
345.9707 	Level injecting via pump at address 1 	25
351.9398 	DATA 	Keypress: o
351.9410 	DATA 	Keypress: o
351.9422 	DATA 	Keypress: o
351.9564 	Level WAIT 	25
352.9504 	Level RINSE 	25
354.9403 	DATA 	Keypress: o
354.9544 	Level jitter 	25
359.9346 	Level finished 	25
359.9360 	DATA 	Keypress: o
359.9372 	DATA 	Keypress: o
359.9384 	DATA 	Keypress: o
359.9646 	Level image=tasty.jpg 	25
360.9425 	Level injecting via pump at address 0 	25
366.9407 	DATA 	Keypress: o
366.9420 	DATA 	Keypress: o
366.9431 	DATA 	Keypress: o
366.9550 	Level WAIT 	25
367.9376 	DATA 	Keypress: o
367.9548 	Level RINSE 	25
369.9408 	DATA 	Keypress: o
369.9442 	Level jitter 	25
370.9346 	Level finished 	25
370.9554 	Level image=tasty.jpg 	25
371.9378 	DATA 	Keypress: o
371.9504 	Level injecting via pump at address 1 	25
377.9407 	DATA 	Keypress: o
377.9422 	DATA 	Keypress: o
377.9433 	DATA 	Keypress: o
377.9524 	Level WAIT 	25
378.9474 	Level RINSE 	25
380.9411 	DATA 	Keypress: o
380.9536 	Level jitter 	25
389.9346 	Level finished 	25
389.9359 	DATA 	Keypress: o
389.9369 	DATA 	Keypress: o
389.9381 	DATA 	Keypress: o
389.9396 	DATA 	Keypress: o
389.9406 	DATA 	Keypress: o
389.9563 	Level image=tasty.jpg 	25
390.9514 	Level injecting via pump at address 1 	25
396.9402 	DATA 	Keypress: o
396.9415 	DATA 	Keypress: o
396.9426 	DATA 	Keypress: o
396.9518 	Level WAIT 	25
397.9375 	DATA 	Keypress: o
397.9474 	Level RINSE 	25
399.9398 	DATA 	Keypress: o
399.9530 	Level jitter 	25
408.9346 	Level finished 	25
408.9360 	DATA 	Keypress: o
408.9372 	DATA 	Keypress: o
408.9385 	DATA 	Keypress: o
408.9399 	DATA 	Keypress: o
408.9554 	Level image=tasty.jpg 	25
409.9376 	DATA 	Keypress: o
409.9415 	Level injecting via pump at address 0 	25
415.9410 	DATA 	Keypress: o
415.9423 	DATA 	Keypress: o
415.9435 	DATA 	Keypress: o
415.9519 	Level WAIT 	25
416.9465 	Level RINSE 	25
418.9400 	DATA 	Keypress: o
418.9528 	Level jitter 	25
420.9346 	Level finished 	25
