50.2929 	DATA 	Keypress: o
50.2938 	Level start key press 	25
52.3009 	DATA 	Keypress: o
54.3010 	DATA 	Keypress: o
56.3179 	DATA 	Keypress: o
58.3015 	DATA 	Keypress: o
58.6656 	Level image=waterlogo.jpg 	25
59.5997 	Level injecting via pump at address 0 	25
65.5875 	DATA 	Keypress: o
65.5888 	DATA 	Keypress: o
65.5900 	DATA 	Keypress: o
65.6162 	Level WAIT 	25
66.5849 	DATA 	Keypress: o
66.5995 	Level RINSE 	25
68.5954 	DATA 	Keypress: o
68.6163 	Level jitter 	25
70.5823 	Level finished 	25
70.5835 	DATA 	Keypress: o
70.6003 	Level image=tasty.jpg 	25
71.6000 	Level injecting via pump at address 1 	25
77.5868 	DATA 	Keypress: o
77.5878 	DATA 	Keypress: o
77.5888 	DATA 	Keypress: o
77.6169 	Level WAIT 	25
78.5849 	DATA 	Keypress: o
78.6003 	Level RINSE 	25
80.5871 	DATA 	Keypress: o
80.6176 	Level jitter 	25
82.5823 	Level finished 	25
82.5835 	DATA 	Keypress: o
82.6006 	Level image=tasty.jpg 	25
83.6007 	Level injecting via pump at address 0 	25
89.5878 	DATA 	Keypress: o
89.5888 	DATA 	Keypress: o
89.5900 	DATA 	Keypress: o
89.6178 	Level WAIT 	25
90.5857 	DATA 	Keypress: o
90.6181 	Level RINSE 	25
92.5871 	DATA 	Keypress: o
92.6013 	Level jitter 	25
97.5823 	Level finished 	25
97.5835 	DATA 	Keypress: o
97.5845 	DATA 	Keypress: o
97.6017 	Level image=tasty.jpg 	25
98.5852 	DATA 	Keypress: o
98.6018 	Level injecting via pump at address 1 	25
104.5873 	DATA 	Keypress: o
104.5884 	DATA 	Keypress: o
104.5893 	DATA 	Keypress: o
104.6027 	Level WAIT 	25
105.6022 	Level RINSE 	25
107.5868 	DATA 	Keypress: o
107.6023 	Level jitter 	25
113.5823 	Level finished 	25
113.5835 	DATA 	Keypress: o
113.5846 	DATA 	Keypress: o
113.5856 	DATA 	Keypress: o
113.6028 	Level image=tasty.jpg 	25
114.5850 	DATA 	Keypress: o
114.6034 	Level injecting via pump at address 0 	25
120.5874 	DATA 	Keypress: o
120.5885 	DATA 	Keypress: o
120.5895 	DATA 	Keypress: o
120.6032 	Level WAIT 	25
121.6033 	Level RINSE 	25
123.5873 	DATA 	Keypress: o
123.6034 	Level jitter 	25
125.5823 	Level finished 	25
125.5834 	DATA 	Keypress: o
125.6040 	Level image=waterlogo.jpg 	25
126.5849 	DATA 	Keypress: o
126.6037 	Level injecting via pump at address 0 	25
132.5874 	DATA 	Keypress: o
132.5885 	DATA 	Keypress: o
132.5897 	DATA 	Keypress: o
132.6041 	Level WAIT 	25
133.6042 	Level RINSE 	25
135.5871 	DATA 	Keypress: o
135.6047 	Level jitter 	25
144.5823 	Level finished 	25
144.5837 	DATA 	Keypress: o
144.5850 	DATA 	Keypress: o
144.5863 	DATA 	Keypress: o
144.5875 	DATA 	Keypress: o
144.5885 	DATA 	Keypress: o
144.6050 	Level image=tasty.jpg 	25
145.6055 	Level injecting via pump at address 0 	25
151.5869 	DATA 	Keypress: o
151.5882 	DATA 	Keypress: o
151.5895 	DATA 	Keypress: o
151.6054 	Level WAIT 	25
152.5849 	DATA 	Keypress: o
152.6055 	Level RINSE 	25
154.5879 	DATA 	Keypress: o
154.6055 	Level jitter 	25
155.5823 	Level finished 	25
155.6061 	Level image=waterlogo.jpg 	25
156.5848 	DATA 	Keypress: o
156.5892 	Level injecting via pump at address 0 	25
162.5874 	DATA 	Keypress: o
162.5886 	DATA 	Keypress: o
162.5897 	DATA 	Keypress: o
162.6062 	Level WAIT 	25
163.6062 	Level RINSE 	25
165.5868 	DATA 	Keypress: o
165.6067 	Level jitter 	25
171.5823 	Level finished 	25
171.5835 	DATA 	Keypress: o
171.5845 	DATA 	Keypress: o
171.5855 	DATA 	Keypress: o
171.6068 	Level image=tasty.jpg 	25
172.5849 	DATA 	Keypress: o
172.6069 	Level injecting via pump at address 0 	25
178.5883 	DATA 	Keypress: o
178.5895 	DATA 	Keypress: o
178.5907 	DATA 	Keypress: o
178.6076 	Level WAIT 	25
179.6073 	Level RINSE 	25
181.5870 	DATA 	Keypress: o
181.5907 	Level jitter 	25
189.5823 	Level finished 	25
189.5835 	DATA 	Keypress: o
189.5846 	DATA 	Keypress: o
189.5856 	DATA 	Keypress: o
189.5865 	DATA 	Keypress: o
189.6086 	Level image=tasty.jpg 	25
190.5847 	DATA 	Keypress: o
190.5914 	Level injecting via pump at address 1 	25
196.5869 	DATA 	Keypress: o
196.5883 	DATA 	Keypress: o
196.5896 	DATA 	Keypress: o
196.6084 	Level WAIT 	25
197.5919 	Level RINSE 	25
199.5875 	DATA 	Keypress: o
199.6091 	Level jitter 	25
204.5823 	Level finished 	25
204.5837 	DATA 	Keypress: o
204.5848 	DATA 	Keypress: o
204.5858 	DATA 	Keypress: o
204.6091 	Level image=tasty.jpg 	25
205.6093 	Level injecting via pump at address 0 	25
211.5878 	DATA 	Keypress: o
211.5891 	DATA 	Keypress: o
211.5903 	DATA 	Keypress: o
211.6098 	Level WAIT 	25
212.5850 	DATA 	Keypress: o
212.5930 	Level RINSE 	25
214.5882 	DATA 	Keypress: o
214.6097 	Level jitter 	25
221.5823 	Level finished 	25
221.5837 	DATA 	Keypress: o
221.5849 	DATA 	Keypress: o
221.5864 	DATA 	Keypress: o
221.6107 	Level image=waterlogo.jpg 	25
222.5848 	DATA 	Keypress: o
222.5936 	Level injecting via pump at address 0 	25
228.5875 	DATA 	Keypress: o
228.5887 	DATA 	Keypress: o
228.5899 	DATA 	Keypress: o
228.6106 	Level WAIT 	25
229.5942 	Level RINSE 	25
231.5867 	DATA 	Keypress: o
231.5946 	Level jitter 	25
237.5823 	Level finished 	25
237.5836 	DATA 	Keypress: o
237.5849 	DATA 	Keypress: o
237.5859 	DATA 	Keypress: o
237.5947 	Level image=waterlogo.jpg 	25
238.5849 	DATA 	Keypress: o
238.5948 	Level injecting via pump at address 0 	25
244.5871 	DATA 	Keypress: o
244.5884 	DATA 	Keypress: o
244.5896 	DATA 	Keypress: o
244.6122 	Level WAIT 	25
245.5953 	Level RINSE 	25
247.5877 	DATA 	Keypress: o
247.5953 	Level jitter 	25
249.5823 	Level finished 	25
249.5834 	DATA 	Keypress: o
249.6123 	Level image=tasty.jpg 	25
250.5852 	DATA 	Keypress: o
250.5956 	Level injecting via pump at address 0 	25
256.5879 	DATA 	Keypress: o
256.5892 	DATA 	Keypress: o
256.5905 	DATA 	Keypress: o
256.5965 	Level WAIT 	25
257.5962 	Level RINSE 	25
259.5873 	DATA 	Keypress: o
259.5962 	Level jitter 	25
266.5823 	Level finished 	25
266.5839 	DATA 	Keypress: o
266.5854 	DATA 	Keypress: o
266.5866 	DATA 	Keypress: o
266.5876 	DATA 	Keypress: o
266.6137 	Level image=tasty.jpg 	25
267.5968 	Level injecting via pump at address 1 	25
273.5868 	DATA 	Keypress: o
273.5878 	DATA 	Keypress: o
273.5888 	DATA 	Keypress: o
273.6138 	Level WAIT 	25
274.5851 	DATA 	Keypress: o
274.6139 	Level RINSE 	25
276.5873 	DATA 	Keypress: o
276.6145 	Level jitter 	25
284.5823 	Level finished 	25
284.5835 	DATA 	Keypress: o
284.5847 	DATA 	Keypress: o
284.5858 	DATA 	Keypress: o
284.5870 	DATA 	Keypress: o
284.5980 	Level image=waterlogo.jpg 	25
285.5980 	Level injecting via pump at address 0 	25
291.5875 	DATA 	Keypress: o
291.5888 	DATA 	Keypress: o
291.5900 	DATA 	Keypress: o
291.5988 	Level WAIT 	25
292.5849 	DATA 	Keypress: o
292.5985 	Level RINSE 	25
294.5883 	DATA 	Keypress: o
294.5985 	Level jitter 	25
302.5823 	Level finished 	25
302.5835 	DATA 	Keypress: o
302.5847 	DATA 	Keypress: o
302.5858 	DATA 	Keypress: o
302.5870 	DATA 	Keypress: o
302.6162 	Level image=tasty.jpg 	25
303.5993 	Level injecting via pump at address 1 	25
309.5883 	DATA 	Keypress: o
309.5897 	DATA 	Keypress: o
309.5909 	DATA 	Keypress: o
309.5996 	Level WAIT 	25
310.5849 	DATA 	Keypress: o
310.5997 	Level RINSE 	25
312.5873 	DATA 	Keypress: o
312.6002 	Level jitter 	25
314.5823 	Level finished 	25
314.5836 	DATA 	Keypress: o
314.6166 	Level image=tasty.jpg 	25
315.6002 	Level injecting via pump at address 0 	25
321.5879 	DATA 	Keypress: o
321.5892 	DATA 	Keypress: o
321.5904 	DATA 	Keypress: o
321.6172 	Level WAIT 	25
322.5851 	DATA 	Keypress: o
322.6009 	Level RINSE 	25
324.5884 	DATA 	Keypress: o
324.6173 	Level jitter 	25
328.5823 	Level finished 	25
328.5835 	DATA 	Keypress: o
328.5848 	DATA 	Keypress: o
328.6010 	Level image=tasty.jpg 	25
329.6011 	Level injecting via pump at address 1 	25
335.5883 	DATA 	Keypress: o
335.5895 	DATA 	Keypress: o
335.5908 	DATA 	Keypress: o
335.6018 	Level WAIT 	25
336.5847 	DATA 	Keypress: o
336.6015 	Level RINSE 	25
338.5877 	DATA 	Keypress: o
338.6016 	Level jitter 	25
341.5823 	Level finished 	25
341.5840 	DATA 	Keypress: o
341.6019 	Level image=tasty.jpg 	25
342.5846 	DATA 	Keypress: o
342.6020 	Level injecting via pump at address 0 	25
348.5876 	DATA 	Keypress: o
348.5889 	DATA 	Keypress: o
348.5902 	DATA 	Keypress: o
348.6194 	Level WAIT 	25
349.6024 	Level RINSE 	25
351.5872 	DATA 	Keypress: o
351.6025 	Level jitter 	25
359.5823 	Level finished 	25
359.5836 	DATA 	Keypress: o
359.5850 	DATA 	Keypress: o
359.5863 	DATA 	Keypress: o
359.5875 	DATA 	Keypress: o
359.6036 	Level image=waterlogo.jpg 	25
360.5849 	DATA 	Keypress: o
360.6033 	Level injecting via pump at address 0 	25
366.5872 	DATA 	Keypress: o
366.5886 	DATA 	Keypress: o
366.5897 	DATA 	Keypress: o
366.6035 	Level WAIT 	25
367.6036 	Level RINSE 	25
369.5876 	DATA 	Keypress: o
369.6042 	Level jitter 	25
374.5823 	Level finished 	25
374.5835 	DATA 	Keypress: o
374.5845 	DATA 	Keypress: o
374.5855 	DATA 	Keypress: o
374.6208 	Level image=tasty.jpg 	25
375.6043 	Level injecting via pump at address 1 	25
381.5882 	DATA 	Keypress: o
381.5898 	DATA 	Keypress: o
381.5911 	DATA 	Keypress: o
381.6050 	Level WAIT 	25
382.5858 	DATA 	Keypress: o
382.6047 	Level RINSE 	25
384.5877 	DATA 	Keypress: o
384.6048 	Level jitter 	25
391.5823 	Level finished 	25
391.5840 	DATA 	Keypress: o
391.5853 	DATA 	Keypress: o
391.5867 	DATA 	Keypress: o
391.6057 	Level image=tasty.jpg 	25
392.5849 	DATA 	Keypress: o
392.6054 	Level injecting via pump at address 0 	25
398.5868 	DATA 	Keypress: o
398.5879 	DATA 	Keypress: o
398.5891 	DATA 	Keypress: o
398.6057 	Level WAIT 	25
399.6059 	Level RINSE 	25
401.5869 	DATA 	Keypress: o
401.6064 	Level jitter 	25
409.5823 	Level finished 	25
409.5835 	DATA 	Keypress: o
409.5846 	DATA 	Keypress: o
409.5855 	DATA 	Keypress: o
409.5865 	DATA 	Keypress: o
409.6065 	Level image=tasty.jpg 	25
410.5847 	DATA 	Keypress: o
410.6066 	Level injecting via pump at address 0 	25
416.5880 	DATA 	Keypress: o
416.5893 	DATA 	Keypress: o
416.5905 	DATA 	Keypress: o
416.6075 	Level WAIT 	25
417.6072 	Level RINSE 	25
419.5873 	DATA 	Keypress: o
419.6072 	Level jitter 	25
426.5823 	Level finished 	25
