70.0768 	DATA 	Keypress: o
70.0776 	Level start key press 	25
72.0807 	DATA 	Keypress: o
74.0808 	DATA 	Keypress: o
76.0812 	DATA 	Keypress: o
78.0981 	DATA 	Keypress: o
78.6291 	Level image=waterlogo.jpg 	25
79.5459 	Level injecting via pump at address 0 	25
85.5344 	DATA 	Keypress: o
85.5355 	DATA 	Keypress: o
85.5368 	DATA 	Keypress: o
85.5470 	Level WAIT 	25
86.5314 	DATA 	Keypress: o
86.5468 	Level RINSE 	25
88.5425 	DATA 	Keypress: o
88.5636 	Level jitter 	25
94.5291 	Level finished 	25
94.5306 	DATA 	Keypress: o
94.5320 	DATA 	Keypress: o
94.5330 	DATA 	Keypress: o
94.5476 	Level image=tasty.jpg 	25
95.5481 	Level injecting via pump at address 1 	25
101.5342 	DATA 	Keypress: o
101.5352 	DATA 	Keypress: o
101.5364 	DATA 	Keypress: o
101.5485 	Level WAIT 	25
102.5319 	DATA 	Keypress: o
102.5486 	Level RINSE 	25
104.5345 	DATA 	Keypress: o
104.5488 	Level jitter 	25
110.5291 	Level finished 	25
110.5303 	DATA 	Keypress: o
110.5313 	DATA 	Keypress: o
110.5322 	DATA 	Keypress: o
110.5499 	Level image=tasty.jpg 	25
111.5496 	Level injecting via pump at address 1 	25
117.5345 	DATA 	Keypress: o
117.5357 	DATA 	Keypress: o
117.5369 	DATA 	Keypress: o
117.5503 	Level WAIT 	25
118.5316 	DATA 	Keypress: o
118.5505 	Level RINSE 	25
120.5341 	DATA 	Keypress: o
120.5510 	Level jitter 	25
122.5291 	Level finished 	25
122.5302 	DATA 	Keypress: o
122.5509 	Level image=waterlogo.jpg 	25
123.5510 	Level injecting via pump at address 0 	25
129.5349 	DATA 	Keypress: o
129.5361 	DATA 	Keypress: o
129.5370 	DATA 	Keypress: o
129.5518 	Level WAIT 	25
130.5314 	DATA 	Keypress: o
130.5523 	Level RINSE 	25
132.5340 	DATA 	Keypress: o
132.5520 	Level jitter 	25
138.5291 	Level finished 	25
138.5305 	DATA 	Keypress: o
138.5318 	DATA 	Keypress: o
138.5329 	DATA 	Keypress: o
138.5528 	Level image=tasty.jpg 	25
139.5530 	Level injecting via pump at address 1 	25
145.5339 	DATA 	Keypress: o
145.5352 	DATA 	Keypress: o
145.5363 	DATA 	Keypress: o
145.5540 	Level WAIT 	25
146.5319 	DATA 	Keypress: o
146.5537 	Level RINSE 	25
148.5344 	DATA 	Keypress: o
148.5539 	Level jitter 	25
153.5291 	Level finished 	25
153.5303 	DATA 	Keypress: o
153.5313 	DATA 	Keypress: o
153.5546 	Level image=waterlogo.jpg 	25
154.5314 	DATA 	Keypress: o
154.5547 	Level injecting via pump at address 0 	25
160.5342 	DATA 	Keypress: o
160.5353 	DATA 	Keypress: o
160.5363 	DATA 	Keypress: o
160.5558 	Level WAIT 	25
161.5555 	Level RINSE 	25
163.5340 	DATA 	Keypress: o
163.5557 	Level jitter 	25
168.5291 	Level finished 	25
168.5305 	DATA 	Keypress: o
168.5318 	DATA 	Keypress: o
168.5329 	DATA 	Keypress: o
168.5563 	Level image=tasty.jpg 	25
169.5398 	Level injecting via pump at address 1 	25
175.5341 	DATA 	Keypress: o
175.5353 	DATA 	Keypress: o
175.5363 	DATA 	Keypress: o
175.5407 	Level WAIT 	25
176.5317 	DATA 	Keypress: o
176.5572 	Level RINSE 	25
178.5337 	DATA 	Keypress: o
178.5407 	Level jitter 	25
184.5291 	Level finished 	25
184.5306 	DATA 	Keypress: o
184.5319 	DATA 	Keypress: o
184.5331 	DATA 	Keypress: o
184.5415 	Level image=waterlogo.jpg 	25
185.5421 	Level injecting via pump at address 0 	25
191.5346 	DATA 	Keypress: o
191.5359 	DATA 	Keypress: o
191.5370 	DATA 	Keypress: o
191.5589 	Level WAIT 	25
192.5314 	DATA 	Keypress: o
192.5591 	Level RINSE 	25
194.5336 	DATA 	Keypress: o
194.5427 	Level jitter 	25
197.5291 	Level finished 	25
197.5304 	DATA 	Keypress: o
197.5435 	Level image=tasty.jpg 	25
198.5316 	DATA 	Keypress: o
198.5432 	Level injecting via pump at address 1 	25
204.5354 	DATA 	Keypress: o
204.5366 	DATA 	Keypress: o
204.5376 	DATA 	Keypress: o
204.5605 	Level WAIT 	25
205.5606 	Level RINSE 	25
207.5341 	DATA 	Keypress: o
207.5446 	Level jitter 	25
215.5291 	Level finished 	25
215.5305 	DATA 	Keypress: o
215.5316 	DATA 	Keypress: o
215.5325 	DATA 	Keypress: o
215.5335 	DATA 	Keypress: o
215.5619 	Level image=waterlogo.jpg 	25
216.5317 	DATA 	Keypress: o
216.5453 	Level injecting via pump at address 0 	25
222.5344 	DATA 	Keypress: o
222.5354 	DATA 	Keypress: o
222.5363 	DATA 	Keypress: o
222.5464 	Level WAIT 	25
223.5461 	Level RINSE 	25
225.5342 	DATA 	Keypress: o
225.5463 	Level jitter 	25
227.5291 	Level finished 	25
227.5302 	DATA 	Keypress: o
227.5633 	Level image=tasty.jpg 	25
228.5315 	DATA 	Keypress: o
228.5467 	Level injecting via pump at address 1 	25
234.5347 	DATA 	Keypress: o
234.5359 	DATA 	Keypress: o
234.5370 	DATA 	Keypress: o
234.5478 	Level WAIT 	25
235.5475 	Level RINSE 	25
237.5344 	DATA 	Keypress: o
237.5477 	Level jitter 	25
246.5291 	Level finished 	25
246.5305 	DATA 	Keypress: o
246.5318 	DATA 	Keypress: o
246.5328 	DATA 	Keypress: o
246.5338 	DATA 	Keypress: o
246.5348 	DATA 	Keypress: o
246.5659 	Level image=waterlogo.jpg 	25
247.5489 	Level injecting via pump at address 0 	25
253.5344 	DATA 	Keypress: o
253.5353 	DATA 	Keypress: o
253.5363 	DATA 	Keypress: o
253.5496 	Level WAIT 	25
254.5319 	DATA 	Keypress: o
254.5498 	Level RINSE 	25
256.5346 	DATA 	Keypress: o
256.5504 	Level jitter 	25
258.5291 	Level finished 	25
258.5304 	DATA 	Keypress: o
258.5502 	Level image=tasty.jpg 	25
259.5337 	Level injecting via pump at address 1 	25
265.5341 	DATA 	Keypress: o
265.5353 	DATA 	Keypress: o
265.5362 	DATA 	Keypress: o
265.5676 	Level WAIT 	25
266.5319 	DATA 	Keypress: o
266.5516 	Level RINSE 	25
268.5336 	DATA 	Keypress: o
268.5514 	Level jitter 	25
271.5291 	Level finished 	25
271.5304 	DATA 	Keypress: o
271.5683 	Level image=waterlogo.jpg 	25
272.5318 	DATA 	Keypress: o
272.5518 	Level injecting via pump at address 0 	25
278.5351 	DATA 	Keypress: o
278.5364 	DATA 	Keypress: o
278.5375 	DATA 	Keypress: o
278.5529 	Level WAIT 	25
279.5526 	Level RINSE 	25
281.5334 	DATA 	Keypress: o
281.5528 	Level jitter 	25
285.5291 	Level finished 	25
285.5305 	DATA 	Keypress: o
285.5316 	DATA 	Keypress: o
285.5534 	Level image=tasty.jpg 	25
286.5315 	DATA 	Keypress: o
286.5535 	Level injecting via pump at address 1 	25
292.5346 	DATA 	Keypress: o
292.5358 	DATA 	Keypress: o
292.5369 	DATA 	Keypress: o
292.5545 	Level WAIT 	25
293.5543 	Level RINSE 	25
295.5342 	DATA 	Keypress: o
295.5545 	Level jitter 	25
296.5291 	Level finished 	25
296.5302 	DATA 	Keypress: o
296.5546 	Level image=waterlogo.jpg 	25
297.5381 	Level injecting via pump at address 0 	25
303.5343 	DATA 	Keypress: o
303.5354 	DATA 	Keypress: o
303.5366 	DATA 	Keypress: o
303.5558 	Level WAIT 	25
304.5319 	DATA 	Keypress: o
304.5556 	Level RINSE 	25
306.5344 	DATA 	Keypress: o
306.5391 	Level jitter 	25
309.5291 	Level finished 	25
309.5306 	DATA 	Keypress: o
309.5395 	Level image=tasty.jpg 	25
310.5319 	DATA 	Keypress: o
310.5563 	Level injecting via pump at address 1 	25
316.5347 	DATA 	Keypress: o
316.5357 	DATA 	Keypress: o
316.5366 	DATA 	Keypress: o
316.5573 	Level WAIT 	25
317.5570 	Level RINSE 	25
319.5342 	DATA 	Keypress: o
319.5406 	Level jitter 	25
327.5291 	Level finished 	25
327.5306 	DATA 	Keypress: o
327.5319 	DATA 	Keypress: o
327.5331 	DATA 	Keypress: o
327.5343 	DATA 	Keypress: o
327.5588 	Level image=tasty.jpg 	25
328.5315 	DATA 	Keypress: o
328.5417 	Level injecting via pump at address 1 	25
334.5335 	DATA 	Keypress: o
334.5347 	DATA 	Keypress: o
334.5358 	DATA 	Keypress: o
334.5424 	Level WAIT 	25
335.5425 	Level RINSE 	25
337.5341 	DATA 	Keypress: o
337.5431 	Level jitter 	25
341.5291 	Level finished 	25
341.5303 	DATA 	Keypress: o
341.5314 	DATA 	Keypress: o
341.5600 	Level image=waterlogo.jpg 	25
342.5315 	DATA 	Keypress: o
342.5601 	Level injecting via pump at address 0 	25
348.5345 	DATA 	Keypress: o
348.5355 	DATA 	Keypress: o
348.5364 	DATA 	Keypress: o
348.5611 	Level WAIT 	25
349.5608 	Level RINSE 	25
351.5334 	DATA 	Keypress: o
351.5444 	Level jitter 	25
354.5291 	Level finished 	25
354.5306 	DATA 	Keypress: o
354.5320 	DATA 	Keypress: o
354.5614 	Level image=tasty.jpg 	25
355.5616 	Level injecting via pump at address 1 	25
361.5349 	DATA 	Keypress: o
361.5361 	DATA 	Keypress: o
361.5373 	DATA 	Keypress: o
361.5626 	Level WAIT 	25
362.5317 	DATA 	Keypress: o
362.5456 	Level RINSE 	25
364.5344 	DATA 	Keypress: o
364.5625 	Level jitter 	25
369.5291 	Level finished 	25
369.5304 	DATA 	Keypress: o
369.5314 	DATA 	Keypress: o
369.5465 	Level image=waterlogo.jpg 	25
370.5317 	DATA 	Keypress: o
370.5467 	Level injecting via pump at address 0 	25
376.5344 	DATA 	Keypress: o
376.5358 	DATA 	Keypress: o
376.5368 	DATA 	Keypress: o
376.5478 	Level WAIT 	25
377.5474 	Level RINSE 	25
379.5348 	DATA 	Keypress: o
379.5476 	Level jitter 	25
384.5291 	Level finished 	25
384.5306 	DATA 	Keypress: o
384.5320 	DATA 	Keypress: o
384.5333 	DATA 	Keypress: o
384.5482 	Level image=waterlogo.jpg 	25
385.5484 	Level injecting via pump at address 0 	25
391.5341 	DATA 	Keypress: o
391.5353 	DATA 	Keypress: o
391.5363 	DATA 	Keypress: o
391.5495 	Level WAIT 	25
392.5315 	DATA 	Keypress: o
392.5492 	Level RINSE 	25
394.5342 	DATA 	Keypress: o
394.5494 	Level jitter 	25
403.5291 	Level finished 	25
403.5306 	DATA 	Keypress: o
403.5319 	DATA 	Keypress: o
403.5331 	DATA 	Keypress: o
403.5342 	DATA 	Keypress: o
403.5508 	Level image=tasty.jpg 	25
404.5315 	DATA 	Keypress: o
404.5506 	Level injecting via pump at address 1 	25
410.5341 	DATA 	Keypress: o
410.5351 	DATA 	Keypress: o
410.5360 	DATA 	Keypress: o
410.5513 	Level WAIT 	25
411.5515 	Level RINSE 	25
413.5340 	DATA 	Keypress: o
413.5520 	Level jitter 	25
415.5291 	Level finished 	25
415.5303 	DATA 	Keypress: o
415.5519 	Level image=waterlogo.jpg 	25
416.5318 	DATA 	Keypress: o
416.5520 	Level injecting via pump at address 0 	25
422.5357 	DATA 	Keypress: o
422.5369 	DATA 	Keypress: o
422.5379 	DATA 	Keypress: o
422.5527 	Level WAIT 	25
423.5532 	Level RINSE 	25
425.5344 	DATA 	Keypress: o
425.5531 	Level jitter 	25
428.5291 	Level finished 	25
428.5306 	DATA 	Keypress: o
428.5318 	DATA 	Keypress: o
428.5534 	Level image=waterlogo.jpg 	25
429.5536 	Level injecting via pump at address 0 	25
435.5342 	DATA 	Keypress: o
435.5355 	DATA 	Keypress: o
435.5368 	DATA 	Keypress: o
435.5546 	Level WAIT 	25
436.5321 	DATA 	Keypress: o
436.5543 	Level RINSE 	25
438.5341 	DATA 	Keypress: o
438.5546 	Level jitter 	25
443.5291 	Level finished 	25
443.5303 	DATA 	Keypress: o
443.5315 	DATA 	Keypress: o
443.5385 	Level image=tasty.jpg 	25
444.5314 	DATA 	Keypress: o
444.5386 	Level injecting via pump at address 1 	25
450.5350 	DATA 	Keypress: o
450.5364 	DATA 	Keypress: o
450.5377 	DATA 	Keypress: o
450.5564 	Level WAIT 	25
451.5561 	Level RINSE 	25
453.5344 	DATA 	Keypress: o
453.5396 	Level jitter 	25
455.5291 	Level finished 	25
455.5305 	DATA 	Keypress: o
455.5565 	Level image=tasty.jpg 	25
456.5320 	DATA 	Keypress: o
456.5401 	Level injecting via pump at address 1 	25
462.5351 	DATA 	Keypress: o
462.5367 	DATA 	Keypress: o
462.5380 	DATA 	Keypress: o
462.5578 	Level WAIT 	25
463.5409 	Level RINSE 	25
465.5345 	DATA 	Keypress: o
465.5410 	Level jitter 	25
472.5291 	Level finished 	25
472.5307 	DATA 	Keypress: o
472.5320 	DATA 	Keypress: o
472.5332 	DATA 	Keypress: o
472.5341 	DATA 	Keypress: o
472.5589 	Level image=waterlogo.jpg 	25
473.5420 	Level injecting via pump at address 0 	25
479.5342 	DATA 	Keypress: o
479.5356 	DATA 	Keypress: o
479.5366 	DATA 	Keypress: o
479.5593 	Level WAIT 	25
480.5318 	DATA 	Keypress: o
480.5595 	Level RINSE 	25
482.5344 	DATA 	Keypress: o
482.5601 	Level jitter 	25
485.5291 	Level finished 	25
485.5304 	DATA 	Keypress: o
485.5600 	Level image=tasty.jpg 	25
486.5316 	DATA 	Keypress: o
486.5602 	Level injecting via pump at address 1 	25
492.5353 	DATA 	Keypress: o
492.5363 	DATA 	Keypress: o
492.5372 	DATA 	Keypress: o
492.5613 	Level WAIT 	25
493.5443 	Level RINSE 	25
495.5339 	DATA 	Keypress: o
495.5612 	Level jitter 	25
497.5291 	Level finished 	25
497.5302 	DATA 	Keypress: o
497.5448 	Level image=waterlogo.jpg 	25
498.5320 	DATA 	Keypress: o
498.5449 	Level injecting via pump at address 0 	25
504.5340 	DATA 	Keypress: o
504.5350 	DATA 	Keypress: o
504.5360 	DATA 	Keypress: o
504.5626 	Level WAIT 	25
505.5624 	Level RINSE 	25
507.5338 	DATA 	Keypress: o
507.5460 	Level jitter 	25
515.5291 	Level finished 	25
515.5305 	DATA 	Keypress: o
515.5317 	DATA 	Keypress: o
515.5328 	DATA 	Keypress: o
515.5337 	DATA 	Keypress: o
515.5473 	Level image=tasty.jpg 	25
516.5319 	DATA 	Keypress: o
516.5470 	Level injecting via pump at address 1 	25
522.5347 	DATA 	Keypress: o
522.5357 	DATA 	Keypress: o
522.5365 	DATA 	Keypress: o
522.5477 	Level WAIT 	25
523.5478 	Level RINSE 	25
525.5352 	DATA 	Keypress: o
525.5484 	Level jitter 	25
527.5291 	Level finished 	25
527.5302 	DATA 	Keypress: o
527.5650 	Level image=waterlogo.jpg 	25
528.5319 	DATA 	Keypress: o
528.5485 	Level injecting via pump at address 0 	25
534.5343 	DATA 	Keypress: o
534.5354 	DATA 	Keypress: o
534.5364 	DATA 	Keypress: o
534.5492 	Level WAIT 	25
535.5498 	Level RINSE 	25
537.5337 	DATA 	Keypress: o
537.5495 	Level jitter 	25
544.5291 	Level finished 	25
