53.4893 	DATA 	Keypress: o
53.4903 	Level start key press 	25
55.4968 	DATA 	Keypress: o
57.4971 	DATA 	Keypress: o
59.4973 	DATA 	Keypress: o
61.4977 	DATA 	Keypress: o
61.9619 	Level image=tasty.jpg 	25
62.9125 	Level injecting via pump at address 1 	25
68.8839 	DATA 	Keypress: o
68.8851 	DATA 	Keypress: o
68.8863 	DATA 	Keypress: o
68.9127 	Level WAIT 	25
69.8809 	DATA 	Keypress: o
69.8962 	Level RINSE 	25
71.8909 	DATA 	Keypress: o
71.9131 	Level jitter 	25
80.8786 	Level finished 	25
80.8798 	DATA 	Keypress: o
80.8809 	DATA 	Keypress: o
80.8821 	DATA 	Keypress: o
80.8832 	DATA 	Keypress: o
80.9147 	Level image=waterlogo.jpg 	25
81.8816 	DATA 	Keypress: o
81.8977 	Level injecting via pump at address 0 	25
87.8836 	DATA 	Keypress: o
87.8846 	DATA 	Keypress: o
87.8856 	DATA 	Keypress: o
87.9149 	Level WAIT 	25
88.8985 	Level RINSE 	25
90.8835 	DATA 	Keypress: o
90.9157 	Level jitter 	25
94.8786 	Level finished 	25
94.8800 	DATA 	Keypress: o
94.8812 	DATA 	Keypress: o
94.8992 	Level image=tasty.jpg 	25
95.8813 	DATA 	Keypress: o
95.8993 	Level injecting via pump at address 1 	25
101.8837 	DATA 	Keypress: o
101.8848 	DATA 	Keypress: o
101.8860 	DATA 	Keypress: o
101.9003 	Level WAIT 	25
102.9001 	Level RINSE 	25
104.8842 	DATA 	Keypress: o
104.9004 	Level jitter 	25
108.8786 	Level finished 	25
108.8799 	DATA 	Keypress: o
108.8810 	DATA 	Keypress: o
108.9008 	Level image=waterlogo.jpg 	25
109.8813 	DATA 	Keypress: o
109.8842 	Level injecting via pump at address 0 	25
115.8840 	DATA 	Keypress: o
115.8853 	DATA 	Keypress: o
115.8865 	DATA 	Keypress: o
115.9186 	Level WAIT 	25
116.9017 	Level RINSE 	25
118.8831 	DATA 	Keypress: o
118.9020 	Level jitter 	25
122.8786 	Level finished 	25
122.8797 	DATA 	Keypress: o
122.8807 	DATA 	Keypress: o
122.9024 	Level image=waterlogo.jpg 	25
123.8810 	DATA 	Keypress: o
123.9026 	Level injecting via pump at address 0 	25
129.8834 	DATA 	Keypress: o
129.8849 	DATA 	Keypress: o
129.8861 	DATA 	Keypress: o
129.9036 	Level WAIT 	25
130.9034 	Level RINSE 	25
132.8831 	DATA 	Keypress: o
132.9036 	Level jitter 	25
136.8786 	Level finished 	25
136.8798 	DATA 	Keypress: o
136.8808 	DATA 	Keypress: o
136.9041 	Level image=tasty.jpg 	25
137.8810 	DATA 	Keypress: o
137.9042 	Level injecting via pump at address 1 	25
143.8832 	DATA 	Keypress: o
143.8843 	DATA 	Keypress: o
143.8853 	DATA 	Keypress: o
143.9052 	Level WAIT 	25
144.8884 	Level RINSE 	25
146.8838 	DATA 	Keypress: o
146.9052 	Level jitter 	25
152.8786 	Level finished 	25
152.8798 	DATA 	Keypress: o
152.8808 	DATA 	Keypress: o
152.8819 	DATA 	Keypress: o
152.9059 	Level image=waterlogo.jpg 	25
153.8811 	DATA 	Keypress: o
153.8898 	Level injecting via pump at address 0 	25
159.8831 	DATA 	Keypress: o
159.8841 	DATA 	Keypress: o
159.8850 	DATA 	Keypress: o
159.8901 	Level WAIT 	25
160.8902 	Level RINSE 	25
162.8836 	DATA 	Keypress: o
162.8904 	Level jitter 	25
165.8786 	Level finished 	25
165.8799 	DATA 	Keypress: o
165.8811 	DATA 	Keypress: o
165.9078 	Level image=tasty.jpg 	25
166.8909 	Level injecting via pump at address 1 	25
172.8829 	DATA 	Keypress: o
172.8839 	DATA 	Keypress: o
172.8849 	DATA 	Keypress: o
172.8916 	Level WAIT 	25
173.8809 	DATA 	Keypress: o
173.8918 	Level RINSE 	25
175.8839 	DATA 	Keypress: o
175.8923 	Level jitter 	25
178.8786 	Level finished 	25
178.8798 	DATA 	Keypress: o
178.8923 	Level image=waterlogo.jpg 	25
179.8810 	DATA 	Keypress: o
179.8924 	Level injecting via pump at address 0 	25
185.8840 	DATA 	Keypress: o
185.8852 	DATA 	Keypress: o
185.8863 	DATA 	Keypress: o
185.9102 	Level WAIT 	25
186.8934 	Level RINSE 	25
188.8829 	DATA 	Keypress: o
188.8935 	Level jitter 	25
192.8786 	Level finished 	25
192.8798 	DATA 	Keypress: o
192.8808 	DATA 	Keypress: o
192.9107 	Level image=waterlogo.jpg 	25
193.8810 	DATA 	Keypress: o
193.9108 	Level injecting via pump at address 0 	25
199.8836 	DATA 	Keypress: o
199.8846 	DATA 	Keypress: o
199.8855 	DATA 	Keypress: o
199.9118 	Level WAIT 	25
200.8950 	Level RINSE 	25
202.8835 	DATA 	Keypress: o
202.9118 	Level jitter 	25
207.8786 	Level finished 	25
207.8797 	DATA 	Keypress: o
207.8807 	DATA 	Keypress: o
207.8817 	DATA 	Keypress: o
207.8957 	Level image=tasty.jpg 	25
208.8958 	Level injecting via pump at address 1 	25
214.8830 	DATA 	Keypress: o
214.8843 	DATA 	Keypress: o
214.8854 	DATA 	Keypress: o
214.9135 	Level WAIT 	25
215.8812 	DATA 	Keypress: o
215.9133 	Level RINSE 	25
217.8834 	DATA 	Keypress: o
217.8969 	Level jitter 	25
220.8786 	Level finished 	25
220.8797 	DATA 	Keypress: o
220.8972 	Level image=waterlogo.jpg 	25
221.8813 	DATA 	Keypress: o
221.9141 	Level injecting via pump at address 0 	25
227.8836 	DATA 	Keypress: o
227.8847 	DATA 	Keypress: o
227.8857 	DATA 	Keypress: o
227.9150 	Level WAIT 	25
228.8981 	Level RINSE 	25
230.8839 	DATA 	Keypress: o
230.9150 	Level jitter 	25
238.8786 	Level finished 	25
238.8800 	DATA 	Keypress: o
238.8813 	DATA 	Keypress: o
238.8824 	DATA 	Keypress: o
238.8836 	DATA 	Keypress: o
238.8997 	Level image=tasty.jpg 	25
239.8809 	DATA 	Keypress: o
239.8995 	Level injecting via pump at address 1 	25
245.8830 	DATA 	Keypress: o
245.8842 	DATA 	Keypress: o
245.8851 	DATA 	Keypress: o
245.9002 	Level WAIT 	25
246.9003 	Level RINSE 	25
248.8836 	DATA 	Keypress: o
248.9008 	Level jitter 	25
250.8786 	Level finished 	25
250.8797 	DATA 	Keypress: o
250.9007 	Level image=tasty.jpg 	25
251.8812 	DATA 	Keypress: o
251.9008 	Level injecting via pump at address 1 	25
257.8838 	DATA 	Keypress: o
257.8848 	DATA 	Keypress: o
257.8857 	DATA 	Keypress: o
257.9015 	Level WAIT 	25
258.9021 	Level RINSE 	25
260.8835 	DATA 	Keypress: o
260.9019 	Level jitter 	25
262.8786 	Level finished 	25
262.8797 	DATA 	Keypress: o
262.9021 	Level image=waterlogo.jpg 	25
263.8813 	DATA 	Keypress: o
263.9022 	Level injecting via pump at address 0 	25
269.8830 	DATA 	Keypress: o
269.8840 	DATA 	Keypress: o
269.8852 	DATA 	Keypress: o
269.9033 	Level WAIT 	25
270.9031 	Level RINSE 	25
272.8835 	DATA 	Keypress: o
272.9033 	Level jitter 	25
275.8786 	Level finished 	25
275.8797 	DATA 	Keypress: o
275.8807 	DATA 	Keypress: o
275.9036 	Level image=tasty.jpg 	25
276.9037 	Level injecting via pump at address 1 	25
282.8831 	DATA 	Keypress: o
282.8841 	DATA 	Keypress: o
282.8850 	DATA 	Keypress: o
282.9047 	Level WAIT 	25
283.8810 	DATA 	Keypress: o
283.9045 	Level RINSE 	25
285.8851 	DATA 	Keypress: o
285.9048 	Level jitter 	25
287.8786 	Level finished 	25
287.8797 	DATA 	Keypress: o
287.8883 	Level image=waterlogo.jpg 	25
288.8885 	Level injecting via pump at address 0 	25
294.8839 	DATA 	Keypress: o
294.8853 	DATA 	Keypress: o
294.8865 	DATA 	Keypress: o
294.9062 	Level WAIT 	25
295.8812 	DATA 	Keypress: o
295.9060 	Level RINSE 	25
297.8841 	DATA 	Keypress: o
297.9062 	Level jitter 	25
298.8786 	Level finished 	25
298.9064 	Level image=tasty.jpg 	25
299.8812 	DATA 	Keypress: o
299.9065 	Level injecting via pump at address 1 	25
305.8836 	DATA 	Keypress: o
305.8846 	DATA 	Keypress: o
305.8855 	DATA 	Keypress: o
305.9075 	Level WAIT 	25
306.8906 	Level RINSE 	25
308.8829 	DATA 	Keypress: o
308.9075 	Level jitter 	25
310.8786 	Level finished 	25
310.8801 	DATA 	Keypress: o
310.9077 	Level image=waterlogo.jpg 	25
311.8815 	DATA 	Keypress: o
311.9079 	Level injecting via pump at address 0 	25
317.8840 	DATA 	Keypress: o
317.8850 	DATA 	Keypress: o
317.8860 	DATA 	Keypress: o
317.9090 	Level WAIT 	25
318.9088 	Level RINSE 	25
320.8829 	DATA 	Keypress: o
320.9088 	Level jitter 	25
326.8786 	Level finished 	25
326.8797 	DATA 	Keypress: o
326.8807 	DATA 	Keypress: o
326.8817 	DATA 	Keypress: o
326.9096 	Level image=waterlogo.jpg 	25
327.8815 	DATA 	Keypress: o
327.9101 	Level injecting via pump at address 0 	25
333.8840 	DATA 	Keypress: o
333.8852 	DATA 	Keypress: o
333.8864 	DATA 	Keypress: o
333.9104 	Level WAIT 	25
334.8938 	Level RINSE 	25
336.8835 	DATA 	Keypress: o
336.9107 	Level jitter 	25
339.8786 	Level finished 	25
339.8798 	DATA 	Keypress: o
339.8807 	DATA 	Keypress: o
339.9114 	Level image=tasty.jpg 	25
340.8947 	Level injecting via pump at address 1 	25
346.8837 	DATA 	Keypress: o
346.8850 	DATA 	Keypress: o
346.8862 	DATA 	Keypress: o
346.9120 	Level WAIT 	25
347.8813 	DATA 	Keypress: o
347.8954 	Level RINSE 	25
349.8839 	DATA 	Keypress: o
349.9126 	Level jitter 	25
357.8786 	Level finished 	25
357.8797 	DATA 	Keypress: o
357.8808 	DATA 	Keypress: o
357.8820 	DATA 	Keypress: o
357.8831 	DATA 	Keypress: o
357.9132 	Level image=waterlogo.jpg 	25
358.8966 	Level injecting via pump at address 0 	25
364.8834 	DATA 	Keypress: o
364.8847 	DATA 	Keypress: o
364.8859 	DATA 	Keypress: o
364.9144 	Level WAIT 	25
365.8814 	DATA 	Keypress: o
365.8975 	Level RINSE 	25
367.8837 	DATA 	Keypress: o
367.8977 	Level jitter 	25
372.8786 	Level finished 	25
372.8798 	DATA 	Keypress: o
372.8810 	DATA 	Keypress: o
372.8983 	Level image=tasty.jpg 	25
373.8810 	DATA 	Keypress: o
373.8984 	Level injecting via pump at address 1 	25
379.8832 	DATA 	Keypress: o
379.8842 	DATA 	Keypress: o
379.8851 	DATA 	Keypress: o
379.8994 	Level WAIT 	25
380.8992 	Level RINSE 	25
382.8834 	DATA 	Keypress: o
382.8994 	Level jitter 	25
386.8786 	Level finished 	25
386.8798 	DATA 	Keypress: o
386.8809 	DATA 	Keypress: o
386.9166 	Level image=waterlogo.jpg 	25
387.8814 	DATA 	Keypress: o
387.9001 	Level injecting via pump at address 0 	25
393.8833 	DATA 	Keypress: o
393.8843 	DATA 	Keypress: o
393.8852 	DATA 	Keypress: o
393.9011 	Level WAIT 	25
394.9009 	Level RINSE 	25
396.8837 	DATA 	Keypress: o
396.9177 	Level jitter 	25
401.8786 	Level finished 	25
401.8798 	DATA 	Keypress: o
401.8808 	DATA 	Keypress: o
401.8817 	DATA 	Keypress: o
401.9017 	Level image=tasty.jpg 	25
402.9018 	Level injecting via pump at address 1 	25
408.8834 	DATA 	Keypress: o
408.8847 	DATA 	Keypress: o
408.8859 	DATA 	Keypress: o
408.9028 	Level WAIT 	25
409.8811 	DATA 	Keypress: o
409.8860 	Level RINSE 	25
411.8836 	DATA 	Keypress: o
411.9029 	Level jitter 	25
420.8786 	Level finished 	25
420.8798 	DATA 	Keypress: o
420.8809 	DATA 	Keypress: o
420.8821 	DATA 	Keypress: o
420.8832 	DATA 	Keypress: o
420.9043 	Level image=waterlogo.jpg 	25
421.8809 	DATA 	Keypress: o
421.8873 	Level injecting via pump at address 0 	25
427.8833 	DATA 	Keypress: o
427.8843 	DATA 	Keypress: o
427.8853 	DATA 	Keypress: o
427.9047 	Level WAIT 	25
428.8882 	Level RINSE 	25
430.8838 	DATA 	Keypress: o
430.9054 	Level jitter 	25
439.8786 	Level finished 	25
439.8798 	DATA 	Keypress: o
439.8809 	DATA 	Keypress: o
439.8822 	DATA 	Keypress: o
439.8834 	DATA 	Keypress: o
439.8845 	DATA 	Keypress: o
439.9062 	Level image=tasty.jpg 	25
440.8900 	Level injecting via pump at address 1 	25
446.8836 	DATA 	Keypress: o
446.8846 	DATA 	Keypress: o
446.8855 	DATA 	Keypress: o
446.8902 	Level WAIT 	25
447.8815 	DATA 	Keypress: o
447.8904 	Level RINSE 	25
449.8835 	DATA 	Keypress: o
449.9072 	Level jitter 	25
453.8786 	Level finished 	25
453.8797 	DATA 	Keypress: o
453.8808 	DATA 	Keypress: o
453.8916 	Level image=tasty.jpg 	25
454.8912 	Level injecting via pump at address 1 	25
460.8837 	DATA 	Keypress: o
460.8849 	DATA 	Keypress: o
460.8859 	DATA 	Keypress: o
460.9086 	Level WAIT 	25
461.8811 	DATA 	Keypress: o
461.9087 	Level RINSE 	25
463.8830 	DATA 	Keypress: o
463.8927 	Level jitter 	25
466.8786 	Level finished 	25
466.8799 	DATA 	Keypress: o
466.9093 	Level image=waterlogo.jpg 	25
467.8810 	DATA 	Keypress: o
467.9095 	Level injecting via pump at address 0 	25
473.8839 	DATA 	Keypress: o
473.8850 	DATA 	Keypress: o
473.8859 	DATA 	Keypress: o
473.9104 	Level WAIT 	25
474.9102 	Level RINSE 	25
476.8830 	DATA 	Keypress: o
476.9104 	Level jitter 	25
477.8786 	Level finished 	25
477.8797 	DATA 	Keypress: o
477.9106 	Level image=tasty.jpg 	25
478.8940 	Level injecting via pump at address 1 	25
484.8834 	DATA 	Keypress: o
484.8845 	DATA 	Keypress: o
484.8856 	DATA 	Keypress: o
484.8951 	Level WAIT 	25
485.8809 	DATA 	Keypress: o
485.8948 	Level RINSE 	25
487.8832 	DATA 	Keypress: o
487.8951 	Level jitter 	25
494.8786 	Level finished 	25
494.8799 	DATA 	Keypress: o
494.8810 	DATA 	Keypress: o
494.8821 	DATA 	Keypress: o
494.8963 	Level image=waterlogo.jpg 	25
495.8814 	DATA 	Keypress: o
495.8961 	Level injecting via pump at address 0 	25
501.8838 	DATA 	Keypress: o
501.8850 	DATA 	Keypress: o
501.8862 	DATA 	Keypress: o
501.9134 	Level WAIT 	25
502.8968 	Level RINSE 	25
504.8851 	DATA 	Keypress: o
504.8974 	Level jitter 	25
505.8786 	Level finished 	25
505.8797 	DATA 	Keypress: o
505.9138 	Level image=tasty.jpg 	25
506.8973 	Level injecting via pump at address 1 	25
512.8840 	DATA 	Keypress: o
512.8853 	DATA 	Keypress: o
512.8863 	DATA 	Keypress: o
512.8980 	Level WAIT 	25
513.8813 	DATA 	Keypress: o
513.8981 	Level RINSE 	25
515.8840 	DATA 	Keypress: o
515.8987 	Level jitter 	25
521.8786 	Level finished 	25
