56.3492 	DATA 	Keypress: o
56.3500 	Level start key press 	25
58.3564 	DATA 	Keypress: o
60.3563 	DATA 	Keypress: o
62.3565 	DATA 	Keypress: o
64.3567 	DATA 	Keypress: o
64.8879 	Level image=waterlogo.jpg 	25
65.8385 	Level injecting via pump at address 0 	25
71.8259 	DATA 	Keypress: o
71.8271 	DATA 	Keypress: o
71.8281 	DATA 	Keypress: o
71.8387 	Level WAIT 	25
72.8238 	DATA 	Keypress: o
72.8555 	Level RINSE 	25
74.8351 	DATA 	Keypress: o
74.8557 	Level jitter 	25
81.8213 	Level finished 	25
81.8225 	DATA 	Keypress: o
81.8234 	DATA 	Keypress: o
81.8244 	DATA 	Keypress: o
81.8569 	Level image=waterlogo.jpg 	25
82.8241 	DATA 	Keypress: o
82.8401 	Level injecting via pump at address 0 	25
88.8265 	DATA 	Keypress: o
88.8280 	DATA 	Keypress: o
88.8292 	DATA 	Keypress: o
88.8574 	Level WAIT 	25
89.8408 	Level RINSE 	25
91.8259 	DATA 	Keypress: o
91.8581 	Level jitter 	25
96.8213 	Level finished 	25
96.8225 	DATA 	Keypress: o
96.8236 	DATA 	Keypress: o
96.8248 	DATA 	Keypress: o
96.8416 	Level image=tasty.jpg 	25
97.8418 	Level injecting via pump at address 1 	25
103.8260 	DATA 	Keypress: o
103.8272 	DATA 	Keypress: o
103.8282 	DATA 	Keypress: o
103.8428 	Level WAIT 	25
104.8236 	DATA 	Keypress: o
104.8426 	Level RINSE 	25
106.8262 	DATA 	Keypress: o
106.8428 	Level jitter 	25
109.8213 	Level finished 	25
109.8227 	DATA 	Keypress: o
109.8432 	Level image=tasty.jpg 	25
110.8237 	DATA 	Keypress: o
110.8267 	Level injecting via pump at address 0 	25
116.8263 	DATA 	Keypress: o
116.8273 	DATA 	Keypress: o
116.8284 	DATA 	Keypress: o
116.8611 	Level WAIT 	25
117.8441 	Level RINSE 	25
119.8263 	DATA 	Keypress: o
119.8442 	Level jitter 	25
125.8213 	Level finished 	25
125.8225 	DATA 	Keypress: o
125.8237 	DATA 	Keypress: o
125.8249 	DATA 	Keypress: o
125.8450 	Level image=tasty.jpg 	25
126.8237 	DATA 	Keypress: o
126.8289 	Level injecting via pump at address 0 	25
132.8262 	DATA 	Keypress: o
132.8272 	DATA 	Keypress: o
132.8281 	DATA 	Keypress: o
132.8458 	Level WAIT 	25
133.8460 	Level RINSE 	25
135.8257 	DATA 	Keypress: o
135.8296 	Level jitter 	25
144.8213 	Level finished 	25
144.8227 	DATA 	Keypress: o
144.8239 	DATA 	Keypress: o
144.8249 	DATA 	Keypress: o
144.8259 	DATA 	Keypress: o
144.8269 	DATA 	Keypress: o
144.8643 	Level image=tasty.jpg 	25
145.8307 	Level injecting via pump at address 1 	25
151.8260 	DATA 	Keypress: o
151.8270 	DATA 	Keypress: o
151.8280 	DATA 	Keypress: o
151.8480 	Level WAIT 	25
152.8237 	DATA 	Keypress: o
152.8482 	Level RINSE 	25
154.8267 	DATA 	Keypress: o
154.8321 	Level jitter 	25
160.8213 	Level finished 	25
160.8227 	DATA 	Keypress: o
160.8236 	DATA 	Keypress: o
160.8245 	DATA 	Keypress: o
160.8324 	Level image=tasty.jpg 	25
161.8326 	Level injecting via pump at address 0 	25
167.8266 	DATA 	Keypress: o
167.8278 	DATA 	Keypress: o
167.8290 	DATA 	Keypress: o
167.8503 	Level WAIT 	25
168.8238 	DATA 	Keypress: o
168.8500 	Level RINSE 	25
170.8266 	DATA 	Keypress: o
170.8335 	Level jitter 	25
173.8213 	Level finished 	25
173.8226 	DATA 	Keypress: o
173.8340 	Level image=tasty.jpg 	25
174.8236 	DATA 	Keypress: o
174.8341 	Level injecting via pump at address 1 	25
180.8261 	DATA 	Keypress: o
180.8273 	DATA 	Keypress: o
180.8283 	DATA 	Keypress: o
180.8518 	Level WAIT 	25
181.8515 	Level RINSE 	25
183.8259 	DATA 	Keypress: o
183.8351 	Level jitter 	25
188.8213 	Level finished 	25
188.8228 	DATA 	Keypress: o
188.8240 	DATA 	Keypress: o
188.8252 	DATA 	Keypress: o
188.8357 	Level image=tasty.jpg 	25
189.8359 	Level injecting via pump at address 0 	25
195.8260 	DATA 	Keypress: o
195.8273 	DATA 	Keypress: o
195.8284 	DATA 	Keypress: o
195.8370 	Level WAIT 	25
196.8237 	DATA 	Keypress: o
196.8367 	Level RINSE 	25
198.8262 	DATA 	Keypress: o
198.8368 	Level jitter 	25
199.8213 	Level finished 	25
199.8370 	Level image=waterlogo.jpg 	25
200.8242 	DATA 	Keypress: o
200.8540 	Level injecting via pump at address 0 	25
206.8257 	DATA 	Keypress: o
206.8267 	DATA 	Keypress: o
206.8278 	DATA 	Keypress: o
206.8548 	Level WAIT 	25
207.8379 	Level RINSE 	25
209.8263 	DATA 	Keypress: o
209.8548 	Level jitter 	25
214.8213 	Level finished 	25
214.8227 	DATA 	Keypress: o
214.8240 	DATA 	Keypress: o
214.8252 	DATA 	Keypress: o
214.8387 	Level image=waterlogo.jpg 	25
215.8389 	Level injecting via pump at address 0 	25
221.8261 	DATA 	Keypress: o
221.8274 	DATA 	Keypress: o
221.8288 	DATA 	Keypress: o
221.8566 	Level WAIT 	25
222.8243 	DATA 	Keypress: o
222.8563 	Level RINSE 	25
224.8262 	DATA 	Keypress: o
224.8400 	Level jitter 	25
227.8213 	Level finished 	25
227.8224 	DATA 	Keypress: o
227.8403 	Level image=tasty.jpg 	25
228.8245 	DATA 	Keypress: o
228.8404 	Level injecting via pump at address 0 	25
234.8268 	DATA 	Keypress: o
234.8279 	DATA 	Keypress: o
234.8291 	DATA 	Keypress: o
234.8582 	Level WAIT 	25
235.8412 	Level RINSE 	25
237.8268 	DATA 	Keypress: o
237.8414 	Level jitter 	25
243.8213 	Level finished 	25
243.8228 	DATA 	Keypress: o
243.8242 	DATA 	Keypress: o
243.8254 	DATA 	Keypress: o
243.8589 	Level image=waterlogo.jpg 	25
244.8241 	DATA 	Keypress: o
244.8427 	Level injecting via pump at address 0 	25
250.8268 	DATA 	Keypress: o
250.8280 	DATA 	Keypress: o
250.8290 	DATA 	Keypress: o
250.8596 	Level WAIT 	25
251.8431 	Level RINSE 	25
253.8257 	DATA 	Keypress: o
253.8433 	Level jitter 	25
255.8213 	Level finished 	25
255.8226 	DATA 	Keypress: o
255.8439 	Level image=waterlogo.jpg 	25
256.8237 	DATA 	Keypress: o
256.8437 	Level injecting via pump at address 0 	25
262.8275 	DATA 	Keypress: o
262.8289 	DATA 	Keypress: o
262.8301 	DATA 	Keypress: o
262.8443 	Level WAIT 	25
263.8279 	Level RINSE 	25
265.8263 	DATA 	Keypress: o
265.8452 	Level jitter 	25
273.8213 	Level finished 	25
273.8226 	DATA 	Keypress: o
273.8239 	DATA 	Keypress: o
273.8251 	DATA 	Keypress: o
273.8264 	DATA 	Keypress: o
273.8457 	Level image=tasty.jpg 	25
274.8236 	DATA 	Keypress: o
274.8458 	Level injecting via pump at address 0 	25
280.8268 	DATA 	Keypress: o
280.8280 	DATA 	Keypress: o
280.8289 	DATA 	Keypress: o
280.8469 	Level WAIT 	25
281.8467 	Level RINSE 	25
283.8255 	DATA 	Keypress: o
283.8468 	Level jitter 	25
288.8213 	Level finished 	25
288.8225 	DATA 	Keypress: o
288.8236 	DATA 	Keypress: o
288.8247 	DATA 	Keypress: o
288.8474 	Level image=waterlogo.jpg 	25
289.8309 	Level injecting via pump at address 0 	25
295.8258 	DATA 	Keypress: o
295.8268 	DATA 	Keypress: o
295.8278 	DATA 	Keypress: o
295.8486 	Level WAIT 	25
296.8240 	DATA 	Keypress: o
296.8484 	Level RINSE 	25
298.8262 	DATA 	Keypress: o
298.8486 	Level jitter 	25
303.8213 	Level finished 	25
303.8225 	DATA 	Keypress: o
303.8234 	DATA 	Keypress: o
303.8491 	Level image=tasty.jpg 	25
304.8245 	DATA 	Keypress: o
304.8327 	Level injecting via pump at address 0 	25
310.8262 	DATA 	Keypress: o
310.8273 	DATA 	Keypress: o
310.8285 	DATA 	Keypress: o
310.8337 	Level WAIT 	25
311.8334 	Level RINSE 	25
313.8259 	DATA 	Keypress: o
313.8336 	Level jitter 	25
320.8213 	Level finished 	25
320.8226 	DATA 	Keypress: o
320.8238 	DATA 	Keypress: o
320.8249 	DATA 	Keypress: o
320.8258 	DATA 	Keypress: o
320.8515 	Level image=tasty.jpg 	25
321.8347 	Level injecting via pump at address 1 	25
327.8259 	DATA 	Keypress: o
327.8268 	DATA 	Keypress: o
327.8277 	DATA 	Keypress: o
327.8520 	Level WAIT 	25
328.8237 	DATA 	Keypress: o
328.8521 	Level RINSE 	25
330.8265 	DATA 	Keypress: o
330.8527 	Level jitter 	25
334.8213 	Level finished 	25
334.8225 	DATA 	Keypress: o
334.8235 	DATA 	Keypress: o
334.8528 	Level image=tasty.jpg 	25
335.8364 	Level injecting via pump at address 0 	25
341.8271 	DATA 	Keypress: o
341.8283 	DATA 	Keypress: o
341.8294 	DATA 	Keypress: o
341.8373 	Level WAIT 	25
342.8241 	DATA 	Keypress: o
342.8370 	Level RINSE 	25
344.8264 	DATA 	Keypress: o
344.8373 	Level jitter 	25
347.8213 	Level finished 	25
347.8224 	DATA 	Keypress: o
347.8543 	Level image=tasty.jpg 	25
348.8237 	DATA 	Keypress: o
348.8378 	Level injecting via pump at address 1 	25
354.8262 	DATA 	Keypress: o
354.8275 	DATA 	Keypress: o
354.8288 	DATA 	Keypress: o
354.8388 	Level WAIT 	25
355.8386 	Level RINSE 	25
357.8258 	DATA 	Keypress: o
357.8388 	Level jitter 	25
362.8213 	Level finished 	25
362.8227 	DATA 	Keypress: o
362.8238 	DATA 	Keypress: o
362.8248 	DATA 	Keypress: o
362.8561 	Level image=tasty.jpg 	25
363.8397 	Level injecting via pump at address 0 	25
369.8264 	DATA 	Keypress: o
369.8277 	DATA 	Keypress: o
369.8289 	DATA 	Keypress: o
369.8406 	Level WAIT 	25
370.8244 	DATA 	Keypress: o
370.8404 	Level RINSE 	25
372.8264 	DATA 	Keypress: o
372.8572 	Level jitter 	25
373.8213 	Level finished 	25
373.8407 	Level image=tasty.jpg 	25
374.8237 	DATA 	Keypress: o
374.8408 	Level injecting via pump at address 1 	25
380.8267 	DATA 	Keypress: o
380.8280 	DATA 	Keypress: o
380.8292 	DATA 	Keypress: o
380.8419 	Level WAIT 	25
381.8416 	Level RINSE 	25
383.8262 	DATA 	Keypress: o
383.8418 	Level jitter 	25
392.8213 	Level finished 	25
392.8225 	DATA 	Keypress: o
392.8235 	DATA 	Keypress: o
392.8244 	DATA 	Keypress: o
392.8254 	DATA 	Keypress: o
392.8263 	DATA 	Keypress: o
392.8434 	Level image=tasty.jpg 	25
393.8432 	Level injecting via pump at address 1 	25
399.8264 	DATA 	Keypress: o
399.8274 	DATA 	Keypress: o
399.8284 	DATA 	Keypress: o
399.8437 	Level WAIT 	25
400.8241 	DATA 	Keypress: o
400.8438 	Level RINSE 	25
402.8261 	DATA 	Keypress: o
402.8445 	Level jitter 	25
411.8213 	Level finished 	25
411.8226 	DATA 	Keypress: o
411.8237 	DATA 	Keypress: o
411.8246 	DATA 	Keypress: o
411.8256 	DATA 	Keypress: o
411.8451 	Level image=tasty.jpg 	25
412.8236 	DATA 	Keypress: o
412.8457 	Level injecting via pump at address 0 	25
418.8267 	DATA 	Keypress: o
418.8277 	DATA 	Keypress: o
418.8286 	DATA 	Keypress: o
418.8459 	Level WAIT 	25
419.8295 	Level RINSE 	25
421.8262 	DATA 	Keypress: o
421.8463 	Level jitter 	25
423.8213 	Level finished 	25
