46.9241 	DATA 	Keypress: o
46.9250 	Level start key press 	25
48.9330 	DATA 	Keypress: o
50.9382 	DATA 	Keypress: o
52.9323 	DATA 	Keypress: o
54.9339 	DATA 	Keypress: o
55.7436 	Level image=waterlogo.jpg 	25
56.6729 	Level injecting via pump at address 0 	25
62.6716 	DATA 	Keypress: o
62.6728 	DATA 	Keypress: o
62.6741 	DATA 	Keypress: o
63.6690 	DATA 	Keypress: o
65.6813 	DATA 	Keypress: o
72.6659 	Level finished 	25
72.6673 	DATA 	Keypress: o
72.6687 	DATA 	Keypress: o
72.6699 	DATA 	Keypress: o
72.6820 	Level image=waterlogo.jpg 	25
73.6687 	DATA 	Keypress: o
73.6831 	Level injecting via pump at address 0 	25
79.6717 	DATA 	Keypress: o
79.6730 	DATA 	Keypress: o
79.6740 	DATA 	Keypress: o
82.6714 	DATA 	Keypress: o
87.6659 	Level finished 	25
87.6673 	DATA 	Keypress: o
87.6685 	DATA 	Keypress: o
87.6694 	DATA 	Keypress: o
87.6737 	Level image=tasty.jpg 	25
88.6705 	Level injecting via pump at address 1 	25
94.6713 	DATA 	Keypress: o
94.6727 	DATA 	Keypress: o
94.6738 	DATA 	Keypress: o
95.6689 	DATA 	Keypress: o
97.6713 	DATA 	Keypress: o
100.6659 	Level finished 	25
100.6674 	DATA 	Keypress: o
100.6723 	Level image=tasty.jpg 	25
101.6688 	DATA 	Keypress: o
101.6853 	Level injecting via pump at address 0 	25
107.6722 	DATA 	Keypress: o
107.6736 	DATA 	Keypress: o
107.6748 	DATA 	Keypress: o
110.6717 	DATA 	Keypress: o
116.6659 	Level finished 	25
116.6672 	DATA 	Keypress: o
116.6686 	DATA 	Keypress: o
116.6697 	DATA 	Keypress: o
116.6739 	Level image=tasty.jpg 	25
117.6691 	DATA 	Keypress: o
117.6852 	Level injecting via pump at address 0 	25
123.6717 	DATA 	Keypress: o
123.6729 	DATA 	Keypress: o
123.6741 	DATA 	Keypress: o
126.6719 	DATA 	Keypress: o
135.6659 	Level finished 	25
135.6672 	DATA 	Keypress: o
135.6683 	DATA 	Keypress: o
135.6695 	DATA 	Keypress: o
135.6706 	DATA 	Keypress: o
135.6717 	DATA 	Keypress: o
135.6763 	Level image=tasty.jpg 	25
136.6839 	Level injecting via pump at address 1 	25
142.6710 	DATA 	Keypress: o
142.6725 	DATA 	Keypress: o
142.6737 	DATA 	Keypress: o
143.6689 	DATA 	Keypress: o
145.6727 	DATA 	Keypress: o
151.6659 	Level finished 	25
151.6675 	DATA 	Keypress: o
151.6690 	DATA 	Keypress: o
151.6703 	DATA 	Keypress: o
151.6758 	Level image=tasty.jpg 	25
152.6828 	Level injecting via pump at address 0 	25
158.6707 	DATA 	Keypress: o
158.6718 	DATA 	Keypress: o
158.6728 	DATA 	Keypress: o
159.6689 	DATA 	Keypress: o
161.6723 	DATA 	Keypress: o
164.6659 	Level finished 	25
164.6677 	DATA 	Keypress: o
164.6726 	Level image=tasty.jpg 	25
165.6690 	DATA 	Keypress: o
165.6810 	Level injecting via pump at address 1 	25
171.6718 	DATA 	Keypress: o
171.6731 	DATA 	Keypress: o
171.6743 	DATA 	Keypress: o
174.6718 	DATA 	Keypress: o
179.6659 	Level finished 	25
179.6676 	DATA 	Keypress: o
179.6690 	DATA 	Keypress: o
179.6701 	DATA 	Keypress: o
179.6750 	Level image=tasty.jpg 	25
180.6729 	Level injecting via pump at address 0 	25
186.6723 	DATA 	Keypress: o
186.6736 	DATA 	Keypress: o
186.6747 	DATA 	Keypress: o
187.6685 	DATA 	Keypress: o
189.6716 	DATA 	Keypress: o
190.6659 	Level finished 	25
190.6706 	Level image=waterlogo.jpg 	25
191.6687 	DATA 	Keypress: o
191.6772 	Level injecting via pump at address 0 	25
197.6719 	DATA 	Keypress: o
197.6735 	DATA 	Keypress: o
197.6749 	DATA 	Keypress: o
200.6707 	DATA 	Keypress: o
205.6659 	Level finished 	25
205.6674 	DATA 	Keypress: o
205.6687 	DATA 	Keypress: o
205.6699 	DATA 	Keypress: o
205.6758 	Level image=waterlogo.jpg 	25
206.6823 	Level injecting via pump at address 0 	25
212.6719 	DATA 	Keypress: o
212.6734 	DATA 	Keypress: o
212.6752 	DATA 	Keypress: o
213.6688 	DATA 	Keypress: o
215.6723 	DATA 	Keypress: o
218.6659 	Level finished 	25
218.6676 	DATA 	Keypress: o
218.6719 	Level image=tasty.jpg 	25
219.6688 	DATA 	Keypress: o
219.6802 	Level injecting via pump at address 0 	25
225.6714 	DATA 	Keypress: o
225.6726 	DATA 	Keypress: o
225.6736 	DATA 	Keypress: o
228.6706 	DATA 	Keypress: o
234.6659 	Level finished 	25
234.6676 	DATA 	Keypress: o
234.6688 	DATA 	Keypress: o
234.6700 	DATA 	Keypress: o
234.6766 	Level image=waterlogo.jpg 	25
235.6690 	DATA 	Keypress: o
235.6773 	Level injecting via pump at address 0 	25
241.6719 	DATA 	Keypress: o
241.6732 	DATA 	Keypress: o
241.6743 	DATA 	Keypress: o
244.6719 	DATA 	Keypress: o
246.6659 	Level finished 	25
246.6673 	DATA 	Keypress: o
246.6731 	Level image=waterlogo.jpg 	25
247.6690 	DATA 	Keypress: o
247.6771 	Level injecting via pump at address 0 	25
253.6714 	DATA 	Keypress: o
253.6727 	DATA 	Keypress: o
253.6739 	DATA 	Keypress: o
256.6717 	DATA 	Keypress: o
264.6659 	Level finished 	25
264.6674 	DATA 	Keypress: o
264.6684 	DATA 	Keypress: o
264.6694 	DATA 	Keypress: o
264.6704 	DATA 	Keypress: o
264.6751 	Level image=tasty.jpg 	25
265.6688 	DATA 	Keypress: o
265.6788 	Level injecting via pump at address 0 	25
271.6714 	DATA 	Keypress: o
271.6729 	DATA 	Keypress: o
271.6742 	DATA 	Keypress: o
274.6714 	DATA 	Keypress: o
279.6659 	Level finished 	25
279.6672 	DATA 	Keypress: o
279.6682 	DATA 	Keypress: o
279.6693 	DATA 	Keypress: o
279.6741 	Level image=waterlogo.jpg 	25
280.6913 	Level injecting via pump at address 0 	25
286.6716 	DATA 	Keypress: o
286.6728 	DATA 	Keypress: o
286.6739 	DATA 	Keypress: o
287.6687 	DATA 	Keypress: o
289.6706 	DATA 	Keypress: o
294.6659 	Level finished 	25
294.6673 	DATA 	Keypress: o
294.6684 	DATA 	Keypress: o
294.6732 	Level image=tasty.jpg 	25
295.6691 	DATA 	Keypress: o
295.6790 	Level injecting via pump at address 0 	25
301.6712 	DATA 	Keypress: o
301.6725 	DATA 	Keypress: o
301.6735 	DATA 	Keypress: o
304.6720 	DATA 	Keypress: o
311.6659 	Level finished 	25
311.6674 	DATA 	Keypress: o
311.6687 	DATA 	Keypress: o
311.6699 	DATA 	Keypress: o
311.6711 	DATA 	Keypress: o
311.6761 	Level image=tasty.jpg 	25
312.6726 	Level injecting via pump at address 1 	25
318.6706 	DATA 	Keypress: o
318.6716 	DATA 	Keypress: o
318.6726 	DATA 	Keypress: o
319.6689 	DATA 	Keypress: o
321.6715 	DATA 	Keypress: o
325.6659 	Level finished 	25
325.6674 	DATA 	Keypress: o
325.6688 	DATA 	Keypress: o
325.6735 	Level image=tasty.jpg 	25
326.6826 	Level injecting via pump at address 0 	25
332.6718 	DATA 	Keypress: o
332.6730 	DATA 	Keypress: o
332.6742 	DATA 	Keypress: o
333.6688 	DATA 	Keypress: o
335.6716 	DATA 	Keypress: o
338.6659 	Level finished 	25
338.6675 	DATA 	Keypress: o
338.6723 	Level image=tasty.jpg 	25
339.6688 	DATA 	Keypress: o
339.6808 	Level injecting via pump at address 1 	25
345.6720 	DATA 	Keypress: o
345.6736 	DATA 	Keypress: o
345.6749 	DATA 	Keypress: o
348.6716 	DATA 	Keypress: o
353.6659 	Level finished 	25
353.6676 	DATA 	Keypress: o
353.6688 	DATA 	Keypress: o
353.6698 	DATA 	Keypress: o
353.6745 	Level image=tasty.jpg 	25
354.6857 	Level injecting via pump at address 0 	25
360.6713 	DATA 	Keypress: o
360.6726 	DATA 	Keypress: o
360.6738 	DATA 	Keypress: o
361.6695 	DATA 	Keypress: o
363.6719 	DATA 	Keypress: o
364.6659 	Level finished 	25
364.6708 	Level image=tasty.jpg 	25
365.6687 	DATA 	Keypress: o
365.6772 	Level injecting via pump at address 1 	25
371.6726 	DATA 	Keypress: o
371.6739 	DATA 	Keypress: o
371.6753 	DATA 	Keypress: o
374.6720 	DATA 	Keypress: o
383.6659 	Level finished 	25
383.6674 	DATA 	Keypress: o
383.6689 	DATA 	Keypress: o
383.6704 	DATA 	Keypress: o
383.6726 	DATA 	Keypress: o
383.6738 	DATA 	Keypress: o
383.6784 	Level image=tasty.jpg 	25
384.6771 	Level injecting via pump at address 1 	25
390.6715 	DATA 	Keypress: o
390.6736 	DATA 	Keypress: o
390.6750 	DATA 	Keypress: o
391.6694 	DATA 	Keypress: o
393.6719 	DATA 	Keypress: o
402.6659 	Level finished 	25
402.6674 	DATA 	Keypress: o
402.6684 	DATA 	Keypress: o
402.6693 	DATA 	Keypress: o
402.6704 	DATA 	Keypress: o
402.6758 	Level image=tasty.jpg 	25
403.6691 	DATA 	Keypress: o
403.6766 	Level injecting via pump at address 0 	25
409.6717 	DATA 	Keypress: o
409.6729 	DATA 	Keypress: o
409.6740 	DATA 	Keypress: o
412.6717 	DATA 	Keypress: o
414.6659 	Level finished 	25
