57.4599 	DATA 	Keypress: o
57.4608 	Level start key press 	25
59.4679 	DATA 	Keypress: o
61.4677 	DATA 	Keypress: o
63.4674 	DATA 	Keypress: o
65.4701 	DATA 	Keypress: o
66.3412 	Level image=tasty.jpg 	25
67.2825 	Level injecting via pump at address 1 	25
73.2742 	DATA 	Keypress: o
73.2755 	DATA 	Keypress: o
73.2767 	DATA 	Keypress: o
73.2889 	Level WAIT 	25
74.2713 	DATA 	Keypress: o
74.2833 	Level RINSE 	25
76.2815 	DATA 	Keypress: o
76.2891 	Level jitter 	25
85.2684 	Level finished 	25
85.2698 	DATA 	Keypress: o
85.2710 	DATA 	Keypress: o
85.2722 	DATA 	Keypress: o
85.2734 	DATA 	Keypress: o
85.2914 	Level image=waterlogo.jpg 	25
86.2715 	DATA 	Keypress: o
86.2869 	Level injecting via pump at address 0 	25
92.2746 	DATA 	Keypress: o
92.2759 	DATA 	Keypress: o
92.2770 	DATA 	Keypress: o
92.2874 	Level WAIT 	25
93.2990 	Level RINSE 	25
95.2738 	DATA 	Keypress: o
95.2888 	Level jitter 	25
99.2684 	Level finished 	25
99.2696 	DATA 	Keypress: o
99.2706 	DATA 	Keypress: o
99.2848 	Level image=tasty.jpg 	25
100.2711 	DATA 	Keypress: o
100.2962 	Level injecting via pump at address 1 	25
106.2743 	DATA 	Keypress: o
106.2756 	DATA 	Keypress: o
106.2768 	DATA 	Keypress: o
106.2974 	Level WAIT 	25
107.2761 	Level RINSE 	25
109.2738 	DATA 	Keypress: o
109.2819 	Level jitter 	25
113.2684 	Level finished 	25
113.2698 	DATA 	Keypress: o
113.2711 	DATA 	Keypress: o
113.2935 	Level image=waterlogo.jpg 	25
114.2709 	DATA 	Keypress: o
114.2859 	Level injecting via pump at address 0 	25
120.2742 	DATA 	Keypress: o
120.2752 	DATA 	Keypress: o
120.2762 	DATA 	Keypress: o
120.2864 	Level WAIT 	25
121.2853 	Level RINSE 	25
123.2741 	DATA 	Keypress: o
123.2918 	Level jitter 	25
127.2684 	Level finished 	25
127.2701 	DATA 	Keypress: o
127.2713 	DATA 	Keypress: o
127.2876 	Level image=waterlogo.jpg 	25
128.2712 	DATA 	Keypress: o
128.2811 	Level injecting via pump at address 0 	25
134.2743 	DATA 	Keypress: o
134.2760 	DATA 	Keypress: o
134.2772 	DATA 	Keypress: o
134.2996 	Level WAIT 	25
135.2781 	Level RINSE 	25
137.2749 	DATA 	Keypress: o
137.2844 	Level jitter 	25
141.2684 	Level finished 	25
141.2702 	DATA 	Keypress: o
141.2713 	DATA 	Keypress: o
141.2800 	Level image=tasty.jpg 	25
142.2714 	DATA 	Keypress: o
142.2747 	Level injecting via pump at address 1 	25
148.2740 	DATA 	Keypress: o
148.2753 	DATA 	Keypress: o
148.2765 	DATA 	Keypress: o
148.2882 	Level WAIT 	25
149.2872 	Level RINSE 	25
151.2745 	DATA 	Keypress: o
151.2875 	Level jitter 	25
157.2684 	Level finished 	25
157.2704 	DATA 	Keypress: o
157.2720 	DATA 	Keypress: o
157.2731 	DATA 	Keypress: o
157.2888 	Level image=waterlogo.jpg 	25
158.2714 	DATA 	Keypress: o
158.2884 	Level injecting via pump at address 0 	25
164.2746 	DATA 	Keypress: o
164.2758 	DATA 	Keypress: o
164.2767 	DATA 	Keypress: o
164.2918 	Level WAIT 	25
165.2870 	Level RINSE 	25
167.2742 	DATA 	Keypress: o
167.2891 	Level jitter 	25
170.2684 	Level finished 	25
170.2696 	DATA 	Keypress: o
170.2706 	DATA 	Keypress: o
170.2944 	Level image=tasty.jpg 	25
171.2879 	Level injecting via pump at address 1 	25
177.2749 	DATA 	Keypress: o
177.2762 	DATA 	Keypress: o
177.2775 	DATA 	Keypress: o
177.3070 	Level WAIT 	25
178.2713 	DATA 	Keypress: o
178.2851 	Level RINSE 	25
180.2743 	DATA 	Keypress: o
180.2913 	Level jitter 	25
183.2684 	Level finished 	25
183.2699 	DATA 	Keypress: o
183.2901 	Level image=waterlogo.jpg 	25
184.2719 	DATA 	Keypress: o
184.2861 	Level injecting via pump at address 0 	25
190.2747 	DATA 	Keypress: o
190.2760 	DATA 	Keypress: o
190.2771 	DATA 	Keypress: o
190.2886 	Level WAIT 	25
191.2741 	Level RINSE 	25
193.2732 	DATA 	Keypress: o
193.2884 	Level jitter 	25
197.2684 	Level finished 	25
197.2698 	DATA 	Keypress: o
197.2711 	DATA 	Keypress: o
197.2841 	Level image=waterlogo.jpg 	25
198.2713 	DATA 	Keypress: o
198.2792 	Level injecting via pump at address 0 	25
204.2739 	DATA 	Keypress: o
204.2751 	DATA 	Keypress: o
204.2761 	DATA 	Keypress: o
204.2817 	Level WAIT 	25
205.2930 	Level RINSE 	25
207.2738 	DATA 	Keypress: o
207.2813 	Level jitter 	25
212.2684 	Level finished 	25
212.2699 	DATA 	Keypress: o
212.2710 	DATA 	Keypress: o
212.2722 	DATA 	Keypress: o
212.2882 	Level image=tasty.jpg 	25
213.2839 	Level injecting via pump at address 1 	25
219.2739 	DATA 	Keypress: o
219.2751 	DATA 	Keypress: o
219.2763 	DATA 	Keypress: o
219.2862 	Level WAIT 	25
220.2712 	DATA 	Keypress: o
220.2801 	Level RINSE 	25
222.2741 	DATA 	Keypress: o
222.2861 	Level jitter 	25
225.2684 	Level finished 	25
225.2698 	DATA 	Keypress: o
225.2864 	Level image=waterlogo.jpg 	25
226.2713 	DATA 	Keypress: o
226.2815 	Level injecting via pump at address 0 	25
232.2729 	DATA 	Keypress: o
232.2741 	DATA 	Keypress: o
232.2751 	DATA 	Keypress: o
232.2832 	Level WAIT 	25
233.2952 	Level RINSE 	25
235.2731 	DATA 	Keypress: o
235.2844 	Level jitter 	25
243.2684 	Level finished 	25
243.2699 	DATA 	Keypress: o
243.2711 	DATA 	Keypress: o
243.2722 	DATA 	Keypress: o
243.2732 	DATA 	Keypress: o
243.2920 	Level image=tasty.jpg 	25
244.2711 	DATA 	Keypress: o
244.2776 	Level injecting via pump at address 1 	25
250.2746 	DATA 	Keypress: o
250.2759 	DATA 	Keypress: o
250.2772 	DATA 	Keypress: o
250.2880 	Level WAIT 	25
251.2839 	Level RINSE 	25
253.2739 	DATA 	Keypress: o
253.2892 	Level jitter 	25
255.2684 	Level finished 	25
255.2697 	DATA 	Keypress: o
255.2959 	Level image=tasty.jpg 	25
256.2711 	DATA 	Keypress: o
256.2898 	Level injecting via pump at address 1 	25
262.2741 	DATA 	Keypress: o
262.2756 	DATA 	Keypress: o
262.2768 	DATA 	Keypress: o
262.2913 	Level WAIT 	25
263.2865 	Level RINSE 	25
265.2739 	DATA 	Keypress: o
265.2925 	Level jitter 	25
267.2684 	Level finished 	25
267.2698 	DATA 	Keypress: o
267.2798 	Level image=waterlogo.jpg 	25
268.2712 	DATA 	Keypress: o
268.2931 	Level injecting via pump at address 0 	25
274.2741 	DATA 	Keypress: o
274.2754 	DATA 	Keypress: o
274.2766 	DATA 	Keypress: o
274.2957 	Level WAIT 	25
275.2729 	Level RINSE 	25
277.2742 	DATA 	Keypress: o
277.2800 	Level jitter 	25
280.2684 	Level finished 	25
280.2699 	DATA 	Keypress: o
280.2710 	DATA 	Keypress: o
280.2971 	Level image=tasty.jpg 	25
281.2912 	Level injecting via pump at address 1 	25
287.2735 	DATA 	Keypress: o
287.2745 	DATA 	Keypress: o
287.2755 	DATA 	Keypress: o
287.2943 	Level WAIT 	25
288.2712 	DATA 	Keypress: o
288.2808 	Level RINSE 	25
290.2739 	DATA 	Keypress: o
290.2938 	Level jitter 	25
292.2684 	Level finished 	25
292.2699 	DATA 	Keypress: o
292.2831 	Level image=waterlogo.jpg 	25
293.2780 	Level injecting via pump at address 0 	25
299.2736 	DATA 	Keypress: o
299.2746 	DATA 	Keypress: o
299.2755 	DATA 	Keypress: o
299.2976 	Level WAIT 	25
300.2712 	DATA 	Keypress: o
300.2744 	Level RINSE 	25
302.2738 	DATA 	Keypress: o
302.2805 	Level jitter 	25
303.2684 	Level finished 	25
303.2922 	Level image=tasty.jpg 	25
304.2721 	DATA 	Keypress: o
304.2866 	Level injecting via pump at address 1 	25
310.2745 	DATA 	Keypress: o
310.2757 	DATA 	Keypress: o
310.2769 	DATA 	Keypress: o
310.2885 	Level WAIT 	25
311.2822 	Level RINSE 	25
313.2745 	DATA 	Keypress: o
313.2829 	Level jitter 	25
315.2684 	Level finished 	25
315.2701 	DATA 	Keypress: o
315.2954 	Level image=waterlogo.jpg 	25
316.2716 	DATA 	Keypress: o
316.2901 	Level injecting via pump at address 0 	25
322.2749 	DATA 	Keypress: o
322.2765 	DATA 	Keypress: o
322.2778 	DATA 	Keypress: o
322.2932 	Level WAIT 	25
323.2835 	Level RINSE 	25
325.2739 	DATA 	Keypress: o
325.2925 	Level jitter 	25
331.2684 	Level finished 	25
331.2700 	DATA 	Keypress: o
331.2710 	DATA 	Keypress: o
331.2719 	DATA 	Keypress: o
331.2951 	Level image=waterlogo.jpg 	25
332.2708 	DATA 	Keypress: o
332.2844 	Level injecting via pump at address 0 	25
338.2739 	DATA 	Keypress: o
338.2752 	DATA 	Keypress: o
338.2764 	DATA 	Keypress: o
338.2841 	Level WAIT 	25
339.2839 	Level RINSE 	25
341.2740 	DATA 	Keypress: o
341.2840 	Level jitter 	25
344.2684 	Level finished 	25
344.2698 	DATA 	Keypress: o
344.2708 	DATA 	Keypress: o
344.2927 	Level image=tasty.jpg 	25
345.2842 	Level injecting via pump at address 1 	25
351.2741 	DATA 	Keypress: o
351.2754 	DATA 	Keypress: o
351.2765 	DATA 	Keypress: o
351.2891 	Level WAIT 	25
352.2712 	DATA 	Keypress: o
352.2837 	Level RINSE 	25
354.2741 	DATA 	Keypress: o
354.2862 	Level jitter 	25
362.2684 	Level finished 	25
362.2698 	DATA 	Keypress: o
362.2710 	DATA 	Keypress: o
362.2722 	DATA 	Keypress: o
362.2733 	DATA 	Keypress: o
362.2975 	Level image=waterlogo.jpg 	25
363.2932 	Level injecting via pump at address 0 	25
369.2737 	DATA 	Keypress: o
369.2750 	DATA 	Keypress: o
369.2761 	DATA 	Keypress: o
369.2943 	Level WAIT 	25
370.2712 	DATA 	Keypress: o
370.2894 	Level RINSE 	25
372.2742 	DATA 	Keypress: o
372.2949 	Level jitter 	25
377.2684 	Level finished 	25
377.2701 	DATA 	Keypress: o
377.2714 	DATA 	Keypress: o
377.2861 	Level image=tasty.jpg 	25
378.2713 	DATA 	Keypress: o
378.2801 	Level injecting via pump at address 1 	25
384.2743 	DATA 	Keypress: o
384.2756 	DATA 	Keypress: o
384.2768 	DATA 	Keypress: o
384.2824 	Level WAIT 	25
385.2768 	Level RINSE 	25
387.2745 	DATA 	Keypress: o
387.2989 	Level jitter 	25
391.2684 	Level finished 	25
391.2697 	DATA 	Keypress: o
391.2707 	DATA 	Keypress: o
391.2947 	Level image=waterlogo.jpg 	25
392.2709 	DATA 	Keypress: o
392.2882 	Level injecting via pump at address 0 	25
398.2741 	DATA 	Keypress: o
398.2754 	DATA 	Keypress: o
398.2765 	DATA 	Keypress: o
398.2885 	Level WAIT 	25
399.2862 	Level RINSE 	25
401.2743 	DATA 	Keypress: o
401.2885 	Level jitter 	25
406.2684 	Level finished 	25
406.2699 	DATA 	Keypress: o
406.2714 	DATA 	Keypress: o
406.2727 	DATA 	Keypress: o
406.2990 	Level image=tasty.jpg 	25
407.2770 	Level injecting via pump at address 1 	25
413.2741 	DATA 	Keypress: o
413.2753 	DATA 	Keypress: o
413.2765 	DATA 	Keypress: o
413.2895 	Level WAIT 	25
414.2709 	DATA 	Keypress: o
414.2909 	Level RINSE 	25
416.2737 	DATA 	Keypress: o
416.2801 	Level jitter 	25
425.2684 	Level finished 	25
425.2698 	DATA 	Keypress: o
425.2708 	DATA 	Keypress: o
425.2718 	DATA 	Keypress: o
425.2730 	DATA 	Keypress: o
425.2835 	Level image=waterlogo.jpg 	25
426.2712 	DATA 	Keypress: o
426.2771 	Level injecting via pump at address 0 	25
432.2743 	DATA 	Keypress: o
432.2757 	DATA 	Keypress: o
432.2770 	DATA 	Keypress: o
432.2910 	Level WAIT 	25
433.2902 	Level RINSE 	25
435.2736 	DATA 	Keypress: o
435.2804 	Level jitter 	25
444.2684 	Level finished 	25
444.2700 	DATA 	Keypress: o
444.2716 	DATA 	Keypress: o
444.2729 	DATA 	Keypress: o
444.2743 	DATA 	Keypress: o
444.2755 	DATA 	Keypress: o
444.2915 	Level image=tasty.jpg 	25
445.2775 	Level injecting via pump at address 1 	25
451.2739 	DATA 	Keypress: o
451.2752 	DATA 	Keypress: o
451.2763 	DATA 	Keypress: o
451.2794 	Level WAIT 	25
452.2714 	DATA 	Keypress: o
452.2898 	Level RINSE 	25
454.2740 	DATA 	Keypress: o
454.2800 	Level jitter 	25
458.2684 	Level finished 	25
458.2697 	DATA 	Keypress: o
458.2709 	DATA 	Keypress: o
458.2928 	Level image=tasty.jpg 	25
459.2754 	Level injecting via pump at address 1 	25
465.2734 	DATA 	Keypress: o
465.2745 	DATA 	Keypress: o
465.2755 	DATA 	Keypress: o
465.3044 	Level WAIT 	25
466.2713 	DATA 	Keypress: o
466.2833 	Level RINSE 	25
468.2738 	DATA 	Keypress: o
468.2896 	Level jitter 	25
471.2684 	Level finished 	25
471.2698 	DATA 	Keypress: o
471.2896 	Level image=waterlogo.jpg 	25
472.2709 	DATA 	Keypress: o
472.2766 	Level injecting via pump at address 0 	25
478.2742 	DATA 	Keypress: o
478.2755 	DATA 	Keypress: o
478.2766 	DATA 	Keypress: o
478.2871 	Level WAIT 	25
479.2808 	Level RINSE 	25
481.2733 	DATA 	Keypress: o
481.2869 	Level jitter 	25
482.2684 	Level finished 	25
482.2697 	DATA 	Keypress: o
482.2822 	Level image=tasty.jpg 	25
483.2764 	Level injecting via pump at address 1 	25
489.2741 	DATA 	Keypress: o
489.2754 	DATA 	Keypress: o
489.2769 	DATA 	Keypress: o
489.2951 	Level WAIT 	25
490.2712 	DATA 	Keypress: o
490.2782 	Level RINSE 	25
492.2738 	DATA 	Keypress: o
492.2793 	Level jitter 	25
499.2684 	Level finished 	25
499.2700 	DATA 	Keypress: o
499.2713 	DATA 	Keypress: o
499.2723 	DATA 	Keypress: o
499.2932 	Level image=waterlogo.jpg 	25
500.2713 	DATA 	Keypress: o
500.2782 	Level injecting via pump at address 0 	25
506.2742 	DATA 	Keypress: o
506.2755 	DATA 	Keypress: o
506.2767 	DATA 	Keypress: o
506.2890 	Level WAIT 	25
507.2831 	Level RINSE 	25
509.2762 	DATA 	Keypress: o
509.2894 	Level jitter 	25
510.2684 	Level finished 	25
510.2697 	DATA 	Keypress: o
510.2845 	Level image=tasty.jpg 	25
511.2799 	Level injecting via pump at address 1 	25
517.2740 	DATA 	Keypress: o
517.2752 	DATA 	Keypress: o
517.2763 	DATA 	Keypress: o
517.2970 	Level WAIT 	25
518.2716 	DATA 	Keypress: o
518.2919 	Level RINSE 	25
520.2739 	DATA 	Keypress: o
520.2976 	Level jitter 	25
526.2684 	Level finished 	25
