64.7620 	DATA 	Keypress: o
64.7631 	Level start key press 	25
66.7617 	DATA 	Keypress: o
68.7618 	DATA 	Keypress: o
70.7619 	DATA 	Keypress: o
72.7622 	DATA 	Keypress: o
73.1931 	Level image=waterlogo.jpg 	25
74.0933 	Level injecting via pump at address 0 	25
80.0817 	DATA 	Keypress: o
80.0828 	DATA 	Keypress: o
80.0837 	DATA 	Keypress: o
80.0940 	Level WAIT 	25
81.0788 	DATA 	Keypress: o
81.0937 	Level RINSE 	25
83.0882 	DATA 	Keypress: o
83.0938 	Level jitter 	25
89.0764 	Level finished 	25
89.0777 	DATA 	Keypress: o
89.0787 	DATA 	Keypress: o
89.0797 	DATA 	Keypress: o
89.1111 	Level image=tasty.jpg 	25
90.0948 	Level injecting via pump at address 1 	25
96.0821 	DATA 	Keypress: o
96.0833 	DATA 	Keypress: o
96.0845 	DATA 	Keypress: o
96.0947 	Level WAIT 	25
97.0788 	DATA 	Keypress: o
97.0949 	Level RINSE 	25
99.0819 	DATA 	Keypress: o
99.0950 	Level jitter 	25
105.0765 	Level finished 	25
105.0779 	DATA 	Keypress: o
105.0791 	DATA 	Keypress: o
105.0803 	DATA 	Keypress: o
105.0958 	Level image=tasty.jpg 	25
106.0954 	Level injecting via pump at address 1 	25
112.0822 	DATA 	Keypress: o
112.0837 	DATA 	Keypress: o
112.0849 	DATA 	Keypress: o
112.0958 	Level WAIT 	25
113.0792 	DATA 	Keypress: o
113.0960 	Level RINSE 	25
115.0808 	DATA 	Keypress: o
115.0965 	Level jitter 	25
117.0765 	Level finished 	25
117.0778 	DATA 	Keypress: o
117.1129 	Level image=waterlogo.jpg 	25
118.0963 	Level injecting via pump at address 0 	25
124.0824 	DATA 	Keypress: o
124.0838 	DATA 	Keypress: o
124.0850 	DATA 	Keypress: o
124.0966 	Level WAIT 	25
125.0788 	DATA 	Keypress: o
125.0972 	Level RINSE 	25
127.0818 	DATA 	Keypress: o
127.0969 	Level jitter 	25
133.0765 	Level finished 	25
133.0778 	DATA 	Keypress: o
133.0790 	DATA 	Keypress: o
133.0801 	DATA 	Keypress: o
133.0973 	Level image=tasty.jpg 	25
134.0974 	Level injecting via pump at address 1 	25
140.0815 	DATA 	Keypress: o
140.0826 	DATA 	Keypress: o
140.0836 	DATA 	Keypress: o
140.0983 	Level WAIT 	25
141.0792 	DATA 	Keypress: o
141.0979 	Level RINSE 	25
143.0812 	DATA 	Keypress: o
143.0980 	Level jitter 	25
148.0765 	Level finished 	25
148.0777 	DATA 	Keypress: o
148.0787 	DATA 	Keypress: o
148.1151 	Level image=waterlogo.jpg 	25
149.0788 	DATA 	Keypress: o
149.0985 	Level injecting via pump at address 0 	25
155.0817 	DATA 	Keypress: o
155.0827 	DATA 	Keypress: o
155.0837 	DATA 	Keypress: o
155.0993 	Level WAIT 	25
156.0989 	Level RINSE 	25
158.0822 	DATA 	Keypress: o
158.0991 	Level jitter 	25
163.0765 	Level finished 	25
163.0778 	DATA 	Keypress: o
163.0789 	DATA 	Keypress: o
163.0798 	DATA 	Keypress: o
163.0994 	Level image=tasty.jpg 	25
164.0827 	Level injecting via pump at address 1 	25
170.0822 	DATA 	Keypress: o
170.0834 	DATA 	Keypress: o
170.0844 	DATA 	Keypress: o
170.1169 	Level WAIT 	25
171.0792 	DATA 	Keypress: o
171.1000 	Level RINSE 	25
173.0813 	DATA 	Keypress: o
173.1001 	Level jitter 	25
179.0765 	Level finished 	25
179.0783 	DATA 	Keypress: o
179.0797 	DATA 	Keypress: o
179.0810 	DATA 	Keypress: o
179.1172 	Level image=waterlogo.jpg 	25
180.0844 	Level injecting via pump at address 0 	25
186.0812 	DATA 	Keypress: o
186.0823 	DATA 	Keypress: o
186.0832 	DATA 	Keypress: o
186.1010 	Level WAIT 	25
187.0793 	DATA 	Keypress: o
187.1012 	Level RINSE 	25
189.0815 	DATA 	Keypress: o
189.0845 	Level jitter 	25
192.0765 	Level finished 	25
192.0778 	DATA 	Keypress: o
192.1018 	Level image=tasty.jpg 	25
193.0788 	DATA 	Keypress: o
193.1014 	Level injecting via pump at address 1 	25
199.0824 	DATA 	Keypress: o
199.0838 	DATA 	Keypress: o
199.0851 	DATA 	Keypress: o
199.1019 	Level WAIT 	25
200.1020 	Level RINSE 	25
202.0811 	DATA 	Keypress: o
202.0858 	Level jitter 	25
210.0764 	Level finished 	25
210.0778 	DATA 	Keypress: o
210.0791 	DATA 	Keypress: o
210.0801 	DATA 	Keypress: o
210.0811 	DATA 	Keypress: o
210.1026 	Level image=waterlogo.jpg 	25
211.0794 	DATA 	Keypress: o
211.0861 	Level injecting via pump at address 0 	25
217.0820 	DATA 	Keypress: o
217.0833 	DATA 	Keypress: o
217.0845 	DATA 	Keypress: o
217.1035 	Level WAIT 	25
218.0865 	Level RINSE 	25
220.0815 	DATA 	Keypress: o
220.1033 	Level jitter 	25
222.0765 	Level finished 	25
222.0778 	DATA 	Keypress: o
222.1034 	Level image=tasty.jpg 	25
223.0791 	DATA 	Keypress: o
223.1035 	Level injecting via pump at address 1 	25
229.0820 	DATA 	Keypress: o
229.0832 	DATA 	Keypress: o
229.0841 	DATA 	Keypress: o
229.1044 	Level WAIT 	25
230.0873 	Level RINSE 	25
232.0821 	DATA 	Keypress: o
232.1041 	Level jitter 	25
241.0765 	Level finished 	25
241.0781 	DATA 	Keypress: o
241.0796 	DATA 	Keypress: o
241.0812 	DATA 	Keypress: o
241.0822 	DATA 	Keypress: o
241.0832 	DATA 	Keypress: o
241.1052 	Level image=waterlogo.jpg 	25
242.1049 	Level injecting via pump at address 0 	25
248.0824 	DATA 	Keypress: o
248.0841 	DATA 	Keypress: o
248.0854 	DATA 	Keypress: o
248.1052 	Level WAIT 	25
249.0788 	DATA 	Keypress: o
249.0886 	Level RINSE 	25
251.0818 	DATA 	Keypress: o
251.1058 	Level jitter 	25
253.0765 	Level finished 	25
253.0778 	DATA 	Keypress: o
253.1056 	Level image=tasty.jpg 	25
254.1057 	Level injecting via pump at address 1 	25
260.0814 	DATA 	Keypress: o
260.0827 	DATA 	Keypress: o
260.0837 	DATA 	Keypress: o
260.1062 	Level WAIT 	25
261.0788 	DATA 	Keypress: o
261.0899 	Level RINSE 	25
263.0821 	DATA 	Keypress: o
263.1062 	Level jitter 	25
266.0765 	Level finished 	25
266.0776 	DATA 	Keypress: o
266.1065 	Level image=waterlogo.jpg 	25
267.0792 	DATA 	Keypress: o
267.0899 	Level injecting via pump at address 0 	25
273.0824 	DATA 	Keypress: o
273.0838 	DATA 	Keypress: o
273.0851 	DATA 	Keypress: o
273.1074 	Level WAIT 	25
274.0904 	Level RINSE 	25
276.0815 	DATA 	Keypress: o
276.1071 	Level jitter 	25
280.0765 	Level finished 	25
280.0778 	DATA 	Keypress: o
280.0790 	DATA 	Keypress: o
280.0908 	Level image=tasty.jpg 	25
281.0794 	DATA 	Keypress: o
281.0909 	Level injecting via pump at address 1 	25
287.0816 	DATA 	Keypress: o
287.0830 	DATA 	Keypress: o
287.0843 	DATA 	Keypress: o
287.1084 	Level WAIT 	25
288.0914 	Level RINSE 	25
290.0816 	DATA 	Keypress: o
290.0914 	Level jitter 	25
291.0764 	Level finished 	25
291.0778 	DATA 	Keypress: o
291.1082 	Level image=waterlogo.jpg 	25
292.0916 	Level injecting via pump at address 0 	25
298.0817 	DATA 	Keypress: o
298.0829 	DATA 	Keypress: o
298.0839 	DATA 	Keypress: o
298.1090 	Level WAIT 	25
299.0791 	DATA 	Keypress: o
299.0922 	Level RINSE 	25
301.0824 	DATA 	Keypress: o
301.1089 	Level jitter 	25
304.0765 	Level finished 	25
304.0780 	DATA 	Keypress: o
304.1091 	Level image=tasty.jpg 	25
305.0792 	DATA 	Keypress: o
305.0925 	Level injecting via pump at address 1 	25
311.0824 	DATA 	Keypress: o
311.0837 	DATA 	Keypress: o
311.0849 	DATA 	Keypress: o
311.0934 	Level WAIT 	25
312.0931 	Level RINSE 	25
314.0819 	DATA 	Keypress: o
314.0931 	Level jitter 	25
322.0764 	Level finished 	25
322.0778 	DATA 	Keypress: o
322.0791 	DATA 	Keypress: o
322.0801 	DATA 	Keypress: o
322.0811 	DATA 	Keypress: o
322.1108 	Level image=tasty.jpg 	25
323.0788 	DATA 	Keypress: o
323.1105 	Level injecting via pump at address 1 	25
329.0818 	DATA 	Keypress: o
329.0832 	DATA 	Keypress: o
329.0843 	DATA 	Keypress: o
329.1108 	Level WAIT 	25
330.0942 	Level RINSE 	25
332.0815 	DATA 	Keypress: o
332.1115 	Level jitter 	25
336.0765 	Level finished 	25
336.0776 	DATA 	Keypress: o
336.0787 	DATA 	Keypress: o
336.0946 	Level image=waterlogo.jpg 	25
337.0788 	DATA 	Keypress: o
337.0947 	Level injecting via pump at address 0 	25
343.0820 	DATA 	Keypress: o
343.0831 	DATA 	Keypress: o
343.0841 	DATA 	Keypress: o
343.0956 	Level WAIT 	25
344.0952 	Level RINSE 	25
346.0822 	DATA 	Keypress: o
346.0953 	Level jitter 	25
349.0765 	Level finished 	25
349.0779 	DATA 	Keypress: o
349.0795 	DATA 	Keypress: o
349.0955 	Level image=tasty.jpg 	25
350.0956 	Level injecting via pump at address 1 	25
356.0821 	DATA 	Keypress: o
356.0834 	DATA 	Keypress: o
356.0847 	DATA 	Keypress: o
356.0965 	Level WAIT 	25
357.0793 	DATA 	Keypress: o
357.0961 	Level RINSE 	25
359.0813 	DATA 	Keypress: o
359.0962 	Level jitter 	25
364.0765 	Level finished 	25
364.0779 	DATA 	Keypress: o
364.0792 	DATA 	Keypress: o
364.0966 	Level image=waterlogo.jpg 	25
365.0792 	DATA 	Keypress: o
365.0967 	Level injecting via pump at address 0 	25
371.0818 	DATA 	Keypress: o
371.0830 	DATA 	Keypress: o
371.0840 	DATA 	Keypress: o
371.0975 	Level WAIT 	25
372.0972 	Level RINSE 	25
374.0813 	DATA 	Keypress: o
374.0972 	Level jitter 	25
379.0765 	Level finished 	25
379.0778 	DATA 	Keypress: o
379.0789 	DATA 	Keypress: o
379.0800 	DATA 	Keypress: o
379.1143 	Level image=waterlogo.jpg 	25
380.0977 	Level injecting via pump at address 0 	25
386.0824 	DATA 	Keypress: o
386.0839 	DATA 	Keypress: o
386.0853 	DATA 	Keypress: o
386.0985 	Level WAIT 	25
387.0793 	DATA 	Keypress: o
387.0981 	Level RINSE 	25
389.0814 	DATA 	Keypress: o
389.0983 	Level jitter 	25
398.0765 	Level finished 	25
398.0781 	DATA 	Keypress: o
398.0794 	DATA 	Keypress: o
398.0807 	DATA 	Keypress: o
398.0816 	DATA 	Keypress: o
398.1160 	Level image=tasty.jpg 	25
399.0789 	DATA 	Keypress: o
399.0991 	Level injecting via pump at address 1 	25
405.0821 	DATA 	Keypress: o
405.0832 	DATA 	Keypress: o
405.0843 	DATA 	Keypress: o
405.0994 	Level WAIT 	25
406.0994 	Level RINSE 	25
408.0813 	DATA 	Keypress: o
408.1000 	Level jitter 	25
410.0764 	Level finished 	25
410.0776 	DATA 	Keypress: o
410.0998 	Level image=waterlogo.jpg 	25
411.0792 	DATA 	Keypress: o
411.0832 	Level injecting via pump at address 0 	25
417.0824 	DATA 	Keypress: o
417.0839 	DATA 	Keypress: o
417.0851 	DATA 	Keypress: o
417.1002 	Level WAIT 	25
418.1007 	Level RINSE 	25
420.0816 	DATA 	Keypress: o
420.0838 	Level jitter 	25
423.0765 	Level finished 	25
423.0781 	DATA 	Keypress: o
423.0794 	DATA 	Keypress: o
423.1006 	Level image=waterlogo.jpg 	25
424.1007 	Level injecting via pump at address 0 	25
430.0822 	DATA 	Keypress: o
430.0840 	DATA 	Keypress: o
430.0853 	DATA 	Keypress: o
430.1016 	Level WAIT 	25
431.0788 	DATA 	Keypress: o
431.1012 	Level RINSE 	25
433.0815 	DATA 	Keypress: o
433.1013 	Level jitter 	25
438.0765 	Level finished 	25
438.0780 	DATA 	Keypress: o
438.0794 	DATA 	Keypress: o
438.1017 	Level image=tasty.jpg 	25
439.0788 	DATA 	Keypress: o
439.0852 	Level injecting via pump at address 1 	25
445.0824 	DATA 	Keypress: o
445.0839 	DATA 	Keypress: o
445.0852 	DATA 	Keypress: o
445.1026 	Level WAIT 	25
446.0855 	Level RINSE 	25
448.0821 	DATA 	Keypress: o
448.0857 	Level jitter 	25
450.0765 	Level finished 	25
450.0777 	DATA 	Keypress: o
450.1025 	Level image=tasty.jpg 	25
451.0791 	DATA 	Keypress: o
451.1026 	Level injecting via pump at address 1 	25
457.0816 	DATA 	Keypress: o
457.0830 	DATA 	Keypress: o
457.0842 	DATA 	Keypress: o
457.1035 	Level WAIT 	25
458.0864 	Level RINSE 	25
460.0816 	DATA 	Keypress: o
460.1032 	Level jitter 	25
467.0765 	Level finished 	25
467.0778 	DATA 	Keypress: o
467.0791 	DATA 	Keypress: o
467.0800 	DATA 	Keypress: o
467.0810 	DATA 	Keypress: o
467.1041 	Level image=waterlogo.jpg 	25
468.0872 	Level injecting via pump at address 0 	25
474.0826 	DATA 	Keypress: o
474.0839 	DATA 	Keypress: o
474.0852 	DATA 	Keypress: o
474.1042 	Level WAIT 	25
475.0788 	DATA 	Keypress: o
475.1042 	Level RINSE 	25
477.0822 	DATA 	Keypress: o
477.1047 	Level jitter 	25
480.0764 	Level finished 	25
480.0778 	DATA 	Keypress: o
480.0879 	Level image=tasty.jpg 	25
481.0791 	DATA 	Keypress: o
481.1047 	Level injecting via pump at address 1 	25
487.0824 	DATA 	Keypress: o
487.0838 	DATA 	Keypress: o
487.0850 	DATA 	Keypress: o
487.1056 	Level WAIT 	25
488.1051 	Level RINSE 	25
490.0815 	DATA 	Keypress: o
490.1052 	Level jitter 	25
492.0765 	Level finished 	25
492.0777 	DATA 	Keypress: o
492.0887 	Level image=waterlogo.jpg 	25
493.0788 	DATA 	Keypress: o
493.0889 	Level injecting via pump at address 0 	25
499.0825 	DATA 	Keypress: o
499.0838 	DATA 	Keypress: o
499.0850 	DATA 	Keypress: o
499.1064 	Level WAIT 	25
500.1060 	Level RINSE 	25
502.0815 	DATA 	Keypress: o
502.0894 	Level jitter 	25
510.0765 	Level finished 	25
510.0779 	DATA 	Keypress: o
510.0794 	DATA 	Keypress: o
510.0805 	DATA 	Keypress: o
510.0815 	DATA 	Keypress: o
510.1071 	Level image=tasty.jpg 	25
511.0788 	DATA 	Keypress: o
511.0901 	Level injecting via pump at address 1 	25
517.0822 	DATA 	Keypress: o
517.0835 	DATA 	Keypress: o
517.0847 	DATA 	Keypress: o
517.0904 	Level WAIT 	25
518.0905 	Level RINSE 	25
520.0828 	DATA 	Keypress: o
520.0911 	Level jitter 	25
522.0765 	Level finished 	25
522.0778 	DATA 	Keypress: o
522.1075 	Level image=waterlogo.jpg 	25
523.0791 	DATA 	Keypress: o
523.0910 	Level injecting via pump at address 0 	25
529.0817 	DATA 	Keypress: o
529.0827 	DATA 	Keypress: o
529.0837 	DATA 	Keypress: o
529.1080 	Level WAIT 	25
530.0918 	Level RINSE 	25
532.0818 	DATA 	Keypress: o
532.1081 	Level jitter 	25
539.0765 	Level finished 	25
