52.6708 	DATA 	Keypress: o
52.6718 	Level start key press 	25
54.6730 	DATA 	Keypress: o
56.6731 	DATA 	Keypress: o
58.6733 	DATA 	Keypress: o
60.6736 	DATA 	Keypress: o
61.0713 	Level image=waterlogo.jpg 	25
62.0048 	Level injecting via pump at address 0 	25
67.9938 	DATA 	Keypress: o
67.9952 	DATA 	Keypress: o
67.9962 	DATA 	Keypress: o
68.0059 	Level WAIT 	25
68.9907 	DATA 	Keypress: o
69.0056 	Level RINSE 	25
71.0011 	DATA 	Keypress: o
71.0058 	Level jitter 	25
77.9880 	Level finished 	25
77.9895 	DATA 	Keypress: o
77.9906 	DATA 	Keypress: o
77.9919 	DATA 	Keypress: o
78.0071 	Level image=tasty.jpg 	25
78.9909 	DATA 	Keypress: o
79.0069 	Level injecting via pump at address 0 	25
84.9935 	DATA 	Keypress: o
84.9947 	DATA 	Keypress: o
84.9957 	DATA 	Keypress: o
85.0074 	Level WAIT 	25
86.0075 	Level RINSE 	25
87.9935 	DATA 	Keypress: o
88.0081 	Level jitter 	25
91.9880 	Level finished 	25
91.9893 	DATA 	Keypress: o
91.9904 	DATA 	Keypress: o
92.0249 	Level image=tasty.jpg 	25
92.9912 	DATA 	Keypress: o
93.0084 	Level injecting via pump at address 1 	25
98.9935 	DATA 	Keypress: o
98.9947 	DATA 	Keypress: o
98.9959 	DATA 	Keypress: o
99.0094 	Level WAIT 	25
100.0092 	Level RINSE 	25
101.9936 	DATA 	Keypress: o
102.0261 	Level jitter 	25
102.9880 	Level finished 	25
102.9894 	DATA 	Keypress: o
103.0096 	Level image=tasty.jpg 	25
104.0097 	Level injecting via pump at address 0 	25
109.9943 	DATA 	Keypress: o
109.9956 	DATA 	Keypress: o
109.9968 	DATA 	Keypress: o
110.0108 	Level WAIT 	25
110.9909 	DATA 	Keypress: o
111.0105 	Level RINSE 	25
112.9932 	DATA 	Keypress: o
113.0107 	Level jitter 	25
120.9880 	Level finished 	25
120.9893 	DATA 	Keypress: o
120.9904 	DATA 	Keypress: o
120.9916 	DATA 	Keypress: o
120.9928 	DATA 	Keypress: o
121.0121 	Level image=waterlogo.jpg 	25
122.0119 	Level injecting via pump at address 0 	25
127.9934 	DATA 	Keypress: o
127.9946 	DATA 	Keypress: o
127.9957 	DATA 	Keypress: o
128.0125 	Level WAIT 	25
128.9908 	DATA 	Keypress: o
129.0126 	Level RINSE 	25
130.9927 	DATA 	Keypress: o
131.0132 	Level jitter 	25
138.9880 	Level finished 	25
138.9893 	DATA 	Keypress: o
138.9904 	DATA 	Keypress: o
138.9916 	DATA 	Keypress: o
138.9927 	DATA 	Keypress: o
139.0138 	Level image=waterlogo.jpg 	25
139.9972 	Level injecting via pump at address 0 	25
145.9935 	DATA 	Keypress: o
145.9945 	DATA 	Keypress: o
145.9954 	DATA 	Keypress: o
146.0149 	Level WAIT 	25
146.9907 	DATA 	Keypress: o
147.0147 	Level RINSE 	25
148.9929 	DATA 	Keypress: o
148.9982 	Level jitter 	25
154.9880 	Level finished 	25
154.9896 	DATA 	Keypress: o
154.9913 	DATA 	Keypress: o
154.9925 	DATA 	Keypress: o
155.0156 	Level image=tasty.jpg 	25
155.9993 	Level injecting via pump at address 1 	25
161.9930 	DATA 	Keypress: o
161.9940 	DATA 	Keypress: o
161.9951 	DATA 	Keypress: o
162.0164 	Level WAIT 	25
162.9904 	DATA 	Keypress: o
163.0166 	Level RINSE 	25
164.9934 	DATA 	Keypress: o
165.0000 	Level jitter 	25
166.9880 	Level finished 	25
166.9892 	DATA 	Keypress: o
167.0176 	Level image=tasty.jpg 	25
168.0005 	Level injecting via pump at address 0 	25
173.9928 	DATA 	Keypress: o
173.9941 	DATA 	Keypress: o
173.9951 	DATA 	Keypress: o
174.0011 	Level WAIT 	25
174.9910 	DATA 	Keypress: o
175.0014 	Level RINSE 	25
176.9935 	DATA 	Keypress: o
177.0018 	Level jitter 	25
182.9880 	Level finished 	25
182.9892 	DATA 	Keypress: o
182.9902 	DATA 	Keypress: o
182.9911 	DATA 	Keypress: o
183.0189 	Level image=waterlogo.jpg 	25
184.0024 	Level injecting via pump at address 0 	25
189.9929 	DATA 	Keypress: o
189.9940 	DATA 	Keypress: o
189.9950 	DATA 	Keypress: o
190.0035 	Level WAIT 	25
190.9906 	DATA 	Keypress: o
191.0031 	Level RINSE 	25
192.9938 	DATA 	Keypress: o
193.0034 	Level jitter 	25
194.9880 	Level finished 	25
194.9892 	DATA 	Keypress: o
195.0203 	Level image=waterlogo.jpg 	25
196.0039 	Level injecting via pump at address 0 	25
201.9932 	DATA 	Keypress: o
201.9944 	DATA 	Keypress: o
201.9955 	DATA 	Keypress: o
202.0049 	Level WAIT 	25
202.9907 	DATA 	Keypress: o
203.0046 	Level RINSE 	25
204.9944 	DATA 	Keypress: o
205.0214 	Level jitter 	25
213.9880 	Level finished 	25
213.9893 	DATA 	Keypress: o
213.9905 	DATA 	Keypress: o
213.9916 	DATA 	Keypress: o
213.9926 	DATA 	Keypress: o
214.0230 	Level image=tasty.jpg 	25
214.9908 	DATA 	Keypress: o
215.0060 	Level injecting via pump at address 1 	25
220.9937 	DATA 	Keypress: o
220.9949 	DATA 	Keypress: o
220.9959 	DATA 	Keypress: o
221.0068 	Level WAIT 	25
222.0068 	Level RINSE 	25
223.9929 	DATA 	Keypress: o
224.0075 	Level jitter 	25
230.9881 	Level finished 	25
230.9894 	DATA 	Keypress: o
230.9905 	DATA 	Keypress: o
230.9917 	DATA 	Keypress: o
230.9929 	DATA 	Keypress: o
231.0079 	Level image=tasty.jpg 	25
232.0081 	Level injecting via pump at address 0 	25
237.9926 	DATA 	Keypress: o
237.9936 	DATA 	Keypress: o
237.9946 	DATA 	Keypress: o
238.0091 	Level WAIT 	25
238.9905 	DATA 	Keypress: o
239.0089 	Level RINSE 	25
240.9934 	DATA 	Keypress: o
241.0090 	Level jitter 	25
247.9880 	Level finished 	25
247.9893 	DATA 	Keypress: o
247.9904 	DATA 	Keypress: o
247.9915 	DATA 	Keypress: o
248.0269 	Level image=waterlogo.jpg 	25
248.9913 	DATA 	Keypress: o
249.0101 	Level injecting via pump at address 0 	25
254.9937 	DATA 	Keypress: o
254.9950 	DATA 	Keypress: o
254.9963 	DATA 	Keypress: o
255.0106 	Level WAIT 	25
256.0108 	Level RINSE 	25
257.9935 	DATA 	Keypress: o
258.0112 	Level jitter 	25
262.9880 	Level finished 	25
262.9894 	DATA 	Keypress: o
262.9906 	DATA 	Keypress: o
262.9917 	DATA 	Keypress: o
263.0117 	Level image=tasty.jpg 	25
264.0119 	Level injecting via pump at address 0 	25
269.9939 	DATA 	Keypress: o
269.9951 	DATA 	Keypress: o
269.9963 	DATA 	Keypress: o
270.0128 	Level WAIT 	25
270.9915 	DATA 	Keypress: o
270.9959 	Level RINSE 	25
272.9934 	DATA 	Keypress: o
273.0128 	Level jitter 	25
273.9880 	Level finished 	25
273.9963 	Level image=tasty.jpg 	25
274.9911 	DATA 	Keypress: o
275.0131 	Level injecting via pump at address 1 	25
280.9944 	DATA 	Keypress: o
280.9958 	DATA 	Keypress: o
280.9971 	DATA 	Keypress: o
281.0141 	Level WAIT 	25
282.0138 	Level RINSE 	25
283.9934 	DATA 	Keypress: o
284.0140 	Level jitter 	25
286.9880 	Level finished 	25
286.9894 	DATA 	Keypress: o
286.9905 	DATA 	Keypress: o
287.0144 	Level image=tasty.jpg 	25
288.0146 	Level injecting via pump at address 0 	25
293.9926 	DATA 	Keypress: o
293.9936 	DATA 	Keypress: o
293.9946 	DATA 	Keypress: o
294.0156 	Level WAIT 	25
294.9911 	DATA 	Keypress: o
295.0153 	Level RINSE 	25
296.9937 	DATA 	Keypress: o
297.0155 	Level jitter 	25
298.9880 	Level finished 	25
298.9893 	DATA 	Keypress: o
298.9991 	Level image=tasty.jpg 	25
299.9992 	Level injecting via pump at address 1 	25
305.9936 	DATA 	Keypress: o
305.9949 	DATA 	Keypress: o
305.9960 	DATA 	Keypress: o
306.0171 	Level WAIT 	25
306.9906 	DATA 	Keypress: o
307.0169 	Level RINSE 	25
308.9930 	DATA 	Keypress: o
309.0003 	Level jitter 	25
310.9880 	Level finished 	25
310.9900 	DATA 	Keypress: o
311.0173 	Level image=tasty.jpg 	25
312.0007 	Level injecting via pump at address 0 	25
317.9925 	DATA 	Keypress: o
317.9937 	DATA 	Keypress: o
317.9946 	DATA 	Keypress: o
318.0018 	Level WAIT 	25
318.9905 	DATA 	Keypress: o
319.0015 	Level RINSE 	25
320.9931 	DATA 	Keypress: o
321.0018 	Level jitter 	25
321.9880 	Level finished 	25
322.0187 	Level image=waterlogo.jpg 	25
322.9909 	DATA 	Keypress: o
323.0188 	Level injecting via pump at address 0 	25
328.9936 	DATA 	Keypress: o
328.9947 	DATA 	Keypress: o
328.9957 	DATA 	Keypress: o
329.0197 	Level WAIT 	25
330.0029 	Level RINSE 	25
331.9931 	DATA 	Keypress: o
332.0197 	Level jitter 	25
337.9880 	Level finished 	25
337.9894 	DATA 	Keypress: o
337.9905 	DATA 	Keypress: o
337.9915 	DATA 	Keypress: o
338.0204 	Level image=tasty.jpg 	25
338.9904 	DATA 	Keypress: o
339.0209 	Level injecting via pump at address 1 	25
344.9934 	DATA 	Keypress: o
344.9947 	DATA 	Keypress: o
344.9958 	DATA 	Keypress: o
345.0212 	Level WAIT 	25
346.0048 	Level RINSE 	25
347.9930 	DATA 	Keypress: o
348.0216 	Level jitter 	25
350.9880 	Level finished 	25
350.9892 	DATA 	Keypress: o
350.9902 	DATA 	Keypress: o
351.0225 	Level image=tasty.jpg 	25
352.0054 	Level injecting via pump at address 0 	25
357.9931 	DATA 	Keypress: o
357.9941 	DATA 	Keypress: o
357.9950 	DATA 	Keypress: o
358.0061 	Level WAIT 	25
358.9909 	DATA 	Keypress: o
359.0063 	Level RINSE 	25
360.9936 	DATA 	Keypress: o
361.0235 	Level jitter 	25
362.9880 	Level finished 	25
362.9893 	DATA 	Keypress: o
363.0066 	Level image=tasty.jpg 	25
364.0068 	Level injecting via pump at address 1 	25
369.9928 	DATA 	Keypress: o
369.9938 	DATA 	Keypress: o
369.9947 	DATA 	Keypress: o
370.0242 	Level WAIT 	25
370.9910 	DATA 	Keypress: o
371.0081 	Level RINSE 	25
372.9925 	DATA 	Keypress: o
373.0079 	Level jitter 	25
376.9881 	Level finished 	25
376.9893 	DATA 	Keypress: o
376.9902 	DATA 	Keypress: o
377.0083 	Level image=tasty.jpg 	25
378.0085 	Level injecting via pump at address 0 	25
383.9926 	DATA 	Keypress: o
383.9936 	DATA 	Keypress: o
383.9945 	DATA 	Keypress: o
384.0096 	Level WAIT 	25
384.9908 	DATA 	Keypress: o
385.0092 	Level RINSE 	25
386.9929 	DATA 	Keypress: o
387.0095 	Level jitter 	25
393.9880 	Level finished 	25
393.9894 	DATA 	Keypress: o
393.9905 	DATA 	Keypress: o
393.9916 	DATA 	Keypress: o
394.0107 	Level image=tasty.jpg 	25
394.9904 	DATA 	Keypress: o
395.0105 	Level injecting via pump at address 0 	25
400.9941 	DATA 	Keypress: o
400.9953 	DATA 	Keypress: o
400.9964 	DATA 	Keypress: o
401.0111 	Level WAIT 	25
401.9946 	Level RINSE 	25
403.9924 	DATA 	Keypress: o
404.0119 	Level jitter 	25
407.9880 	Level finished 	25
