1253.2905 	DATA 	Keypress: o
1253.2912 	Level start key press 	25
1255.3011 	DATA 	Keypress: o
1257.3029 	DATA 	Keypress: o
1259.3041 	DATA 	Keypress: o
1261.3701 	DATA 	Keypress: o
1261.3739 	Level image=waterlogo.jpg 	25
1262.2811 	Level injecting via pump at address 0 	25
1268.2713 	DATA 	Keypress: o
1268.2722 	DATA 	Keypress: o
1268.2732 	DATA 	Keypress: o
1268.2827 	Level WAIT 	25
1269.2825 	Level RINSE 	25
1271.2799 	DATA 	Keypress: o
1271.2884 	Level jitter 	25
1277.2666 	Level finished 	25
1277.2679 	DATA 	Keypress: o
1277.2690 	DATA 	Keypress: o
1277.2700 	DATA 	Keypress: o
1277.2832 	Level image=tasty.jpg 	25
1278.2690 	DATA 	Keypress: o
1278.2831 	Level injecting via pump at address 1 	25
1284.2715 	DATA 	Keypress: o
1284.2726 	DATA 	Keypress: o
1284.2735 	DATA 	Keypress: o
1284.2841 	Level WAIT 	25
1285.2822 	Level RINSE 	25
1287.2714 	DATA 	Keypress: o
1287.2842 	Level jitter 	25
1293.2666 	Level finished 	25
1293.2681 	DATA 	Keypress: o
1293.2694 	DATA 	Keypress: o
1293.2705 	DATA 	Keypress: o
1293.2858 	Level image=tasty.jpg 	25
1294.2690 	DATA 	Keypress: o
1294.2846 	Level injecting via pump at address 1 	25
1300.2720 	DATA 	Keypress: o
1300.2734 	DATA 	Keypress: o
1300.2746 	DATA 	Keypress: o
1300.2859 	Level WAIT 	25
1301.2819 	Level RINSE 	25
1303.2716 	DATA 	Keypress: o
1303.2864 	Level jitter 	25
1305.2666 	Level finished 	25
1305.2678 	DATA 	Keypress: o
1305.2782 	Level image=waterlogo.jpg 	25
1306.2694 	DATA 	Keypress: o
1306.2727 	Level injecting via pump at address 0 	25
1312.2716 	DATA 	Keypress: o
1312.2726 	DATA 	Keypress: o
1312.2736 	DATA 	Keypress: o
1312.2875 	Level WAIT 	25
1313.2715 	Level RINSE 	25
1315.2716 	DATA 	Keypress: o
1315.2758 	Level jitter 	25
1321.2666 	Level finished 	25
1321.2679 	DATA 	Keypress: o
1321.2688 	DATA 	Keypress: o
1321.2698 	DATA 	Keypress: o
1321.2779 	Level image=tasty.jpg 	25
1322.2692 	DATA 	Keypress: o
1322.2725 	Level injecting via pump at address 1 	25
1328.2712 	DATA 	Keypress: o
1328.2722 	DATA 	Keypress: o
1328.2732 	DATA 	Keypress: o
1328.2897 	Level WAIT 	25
1329.2721 	Level RINSE 	25
1331.2719 	DATA 	Keypress: o
1331.2752 	Level jitter 	25
1336.2666 	Level finished 	25
1336.2678 	DATA 	Keypress: o
1336.2690 	DATA 	Keypress: o
1336.2701 	DATA 	Keypress: o
1336.2825 	Level image=waterlogo.jpg 	25
1337.2729 	Level injecting via pump at address 0 	25
1343.2713 	DATA 	Keypress: o
1343.2723 	DATA 	Keypress: o
1343.2733 	DATA 	Keypress: o
1343.2803 	Level WAIT 	25
1344.2692 	DATA 	Keypress: o
1344.2749 	Level RINSE 	25
1346.2715 	DATA 	Keypress: o
1346.2746 	Level jitter 	25
1351.2666 	Level finished 	25
1351.2678 	DATA 	Keypress: o
1351.2688 	DATA 	Keypress: o
1351.2873 	Level image=tasty.jpg 	25
1352.2691 	DATA 	Keypress: o
1352.2755 	Level injecting via pump at address 1 	25
1358.2720 	DATA 	Keypress: o
1358.2732 	DATA 	Keypress: o
1358.2744 	DATA 	Keypress: o
1358.2854 	Level WAIT 	25
1359.2757 	Level RINSE 	25
1361.2717 	DATA 	Keypress: o
1361.2760 	Level jitter 	25
1367.2666 	Level finished 	25
1367.2679 	DATA 	Keypress: o
1367.2689 	DATA 	Keypress: o
1367.2698 	DATA 	Keypress: o
1367.2775 	Level image=waterlogo.jpg 	25
1368.2694 	DATA 	Keypress: o
1368.2776 	Level injecting via pump at address 0 	25
1374.2711 	DATA 	Keypress: o
1374.2721 	DATA 	Keypress: o
1374.2730 	DATA 	Keypress: o
1374.2773 	Level WAIT 	25
1375.2776 	Level RINSE 	25
1377.2713 	DATA 	Keypress: o
1377.2775 	Level jitter 	25
1380.2666 	Level finished 	25
1380.2679 	DATA 	Keypress: o
1380.2691 	DATA 	Keypress: o
1380.2792 	Level image=tasty.jpg 	25
1381.2790 	Level injecting via pump at address 1 	25
1387.2721 	DATA 	Keypress: o
1387.2733 	DATA 	Keypress: o
1387.2745 	DATA 	Keypress: o
1387.2789 	Level WAIT 	25
1388.2691 	DATA 	Keypress: o
1388.2783 	Level RINSE 	25
1390.2715 	DATA 	Keypress: o
1390.2795 	Level jitter 	25
1398.2666 	Level finished 	25
1398.2679 	DATA 	Keypress: o
1398.2690 	DATA 	Keypress: o
1398.2699 	DATA 	Keypress: o
1398.2709 	DATA 	Keypress: o
1398.2807 	Level image=waterlogo.jpg 	25
1399.2708 	Level injecting via pump at address 0 	25
1405.2713 	DATA 	Keypress: o
1405.2724 	DATA 	Keypress: o
1405.2733 	DATA 	Keypress: o
1405.2812 	Level WAIT 	25
1406.2693 	DATA 	Keypress: o
1406.2810 	Level RINSE 	25
1408.2716 	DATA 	Keypress: o
1408.2821 	Level jitter 	25
1410.2666 	Level finished 	25
1410.2680 	DATA 	Keypress: o
1410.2792 	Level image=tasty.jpg 	25
1411.2743 	Level injecting via pump at address 1 	25
1417.2714 	DATA 	Keypress: o
1417.2724 	DATA 	Keypress: o
1417.2733 	DATA 	Keypress: o
1417.2768 	Level WAIT 	25
1418.2693 	DATA 	Keypress: o
1418.2825 	Level RINSE 	25
1420.2713 	DATA 	Keypress: o
1420.2777 	Level jitter 	25
1429.2666 	Level finished 	25
1429.2682 	DATA 	Keypress: o
1429.2695 	DATA 	Keypress: o
1429.2707 	DATA 	Keypress: o
1429.2719 	DATA 	Keypress: o
1429.2810 	Level image=waterlogo.jpg 	25
1430.2691 	DATA 	Keypress: o
1430.2752 	Level injecting via pump at address 0 	25
1436.2711 	DATA 	Keypress: o
1436.2721 	DATA 	Keypress: o
1436.2730 	DATA 	Keypress: o
1436.2773 	Level WAIT 	25
1437.2724 	Level RINSE 	25
1439.2709 	DATA 	Keypress: o
1439.2789 	Level jitter 	25
1441.2666 	Level finished 	25
1441.2677 	DATA 	Keypress: o
1441.2847 	Level image=tasty.jpg 	25
1442.2693 	DATA 	Keypress: o
1442.2787 	Level injecting via pump at address 1 	25
1448.2713 	DATA 	Keypress: o
1448.2723 	DATA 	Keypress: o
1448.2733 	DATA 	Keypress: o
1448.2809 	Level WAIT 	25
1449.2765 	Level RINSE 	25
1451.2709 	DATA 	Keypress: o
1451.2822 	Level jitter 	25
1454.2666 	Level finished 	25
1454.2679 	DATA 	Keypress: o
1454.2688 	DATA 	Keypress: o
1454.2833 	Level image=waterlogo.jpg 	25
1455.2711 	Level injecting via pump at address 0 	25
1461.2715 	DATA 	Keypress: o
1461.2727 	DATA 	Keypress: o
1461.2738 	DATA 	Keypress: o
1461.2798 	Level WAIT 	25
1462.2695 	DATA 	Keypress: o
1462.2747 	Level RINSE 	25
1464.2717 	DATA 	Keypress: o
1464.2807 	Level jitter 	25
1468.2667 	Level finished 	25
1468.2679 	DATA 	Keypress: o
1468.2689 	DATA 	Keypress: o
1468.2768 	Level image=tasty.jpg 	25
1469.2709 	Level injecting via pump at address 1 	25
1475.2719 	DATA 	Keypress: o
1475.2729 	DATA 	Keypress: o
1475.2738 	DATA 	Keypress: o
1475.2895 	Level WAIT 	25
1476.2695 	DATA 	Keypress: o
1476.2727 	Level RINSE 	25
1478.2710 	DATA 	Keypress: o
1478.2742 	Level jitter 	25
1479.2666 	Level finished 	25
1479.2736 	Level image=waterlogo.jpg 	25
1480.2694 	DATA 	Keypress: o
1480.2735 	Level injecting via pump at address 0 	25
1486.2720 	DATA 	Keypress: o
1486.2733 	DATA 	Keypress: o
1486.2744 	DATA 	Keypress: o
1486.2832 	Level WAIT 	25
1487.2738 	Level RINSE 	25
1489.2721 	DATA 	Keypress: o
1489.2839 	Level jitter 	25
1492.2666 	Level finished 	25
1492.2680 	DATA 	Keypress: o
1492.2690 	DATA 	Keypress: o
1492.2841 	Level image=tasty.jpg 	25
1493.2752 	Level injecting via pump at address 1 	25
1499.2712 	DATA 	Keypress: o
1499.2722 	DATA 	Keypress: o
1499.2731 	DATA 	Keypress: o
1499.2766 	Level WAIT 	25
1500.2694 	DATA 	Keypress: o
1500.2758 	Level RINSE 	25
1502.2715 	DATA 	Keypress: o
1502.2755 	Level jitter 	25
1510.2666 	Level finished 	25
1510.2679 	DATA 	Keypress: o
1510.2690 	DATA 	Keypress: o
1510.2703 	DATA 	Keypress: o
1510.2715 	DATA 	Keypress: o
1510.2903 	Level image=tasty.jpg 	25
1511.2774 	Level injecting via pump at address 1 	25
1517.2719 	DATA 	Keypress: o
1517.2729 	DATA 	Keypress: o
1517.2739 	DATA 	Keypress: o
1517.2782 	Level WAIT 	25
1518.2692 	DATA 	Keypress: o
1518.2786 	Level RINSE 	25
1520.2717 	DATA 	Keypress: o
1520.2787 	Level jitter 	25
1524.2666 	Level finished 	25
1524.2678 	DATA 	Keypress: o
1524.2688 	DATA 	Keypress: o
1524.2785 	Level image=waterlogo.jpg 	25
1525.2792 	Level injecting via pump at address 0 	25
1531.2715 	DATA 	Keypress: o
1531.2725 	DATA 	Keypress: o
1531.2735 	DATA 	Keypress: o
1531.2793 	Level WAIT 	25
1532.2692 	DATA 	Keypress: o
1532.2759 	Level RINSE 	25
1534.2720 	DATA 	Keypress: o
1534.2804 	Level jitter 	25
1537.2666 	Level finished 	25
1537.2681 	DATA 	Keypress: o
1537.2798 	Level image=tasty.jpg 	25
1538.2692 	DATA 	Keypress: o
1538.2774 	Level injecting via pump at address 1 	25
1544.2712 	DATA 	Keypress: o
1544.2723 	DATA 	Keypress: o
1544.2732 	DATA 	Keypress: o
1544.2800 	Level WAIT 	25
1545.2745 	Level RINSE 	25
1547.2718 	DATA 	Keypress: o
1547.2807 	Level jitter 	25
1552.2666 	Level finished 	25
1552.2679 	DATA 	Keypress: o
1552.2689 	DATA 	Keypress: o
1552.2698 	DATA 	Keypress: o
1552.2820 	Level image=waterlogo.jpg 	25
1553.2821 	Level injecting via pump at address 0 	25
1559.2714 	DATA 	Keypress: o
1559.2724 	DATA 	Keypress: o
1559.2734 	DATA 	Keypress: o
1559.2826 	Level WAIT 	25
1560.2691 	DATA 	Keypress: o
1560.2793 	Level RINSE 	25
1562.2713 	DATA 	Keypress: o
1562.2835 	Level jitter 	25
1567.2666 	Level finished 	25
1567.2678 	DATA 	Keypress: o
1567.2688 	DATA 	Keypress: o
1567.2765 	Level image=waterlogo.jpg 	25
1568.2692 	DATA 	Keypress: o
1568.2838 	Level injecting via pump at address 0 	25
1574.2719 	DATA 	Keypress: o
1574.2729 	DATA 	Keypress: o
1574.2739 	DATA 	Keypress: o
1574.2844 	Level WAIT 	25
1575.2841 	Level RINSE 	25
1577.2710 	DATA 	Keypress: o
1577.2741 	Level jitter 	25
1586.2666 	Level finished 	25
1586.2680 	DATA 	Keypress: o
1586.2691 	DATA 	Keypress: o
1586.2700 	DATA 	Keypress: o
1586.2711 	DATA 	Keypress: o
1586.2723 	DATA 	Keypress: o
1586.2860 	Level image=tasty.jpg 	25
1587.2720 	Level injecting via pump at address 1 	25
1593.2715 	DATA 	Keypress: o
1593.2725 	DATA 	Keypress: o
1593.2734 	DATA 	Keypress: o
1593.2870 	Level WAIT 	25
1594.2693 	DATA 	Keypress: o
1594.2850 	Level RINSE 	25
1596.2715 	DATA 	Keypress: o
1596.2752 	Level jitter 	25
1598.2666 	Level finished 	25
1598.2678 	DATA 	Keypress: o
1598.2813 	Level image=waterlogo.jpg 	25
1599.2711 	Level injecting via pump at address 0 	25
1605.2717 	DATA 	Keypress: o
1605.2729 	DATA 	Keypress: o
1605.2740 	DATA 	Keypress: o
1605.2773 	Level WAIT 	25
1606.2691 	DATA 	Keypress: o
1606.2727 	Level RINSE 	25
1608.2716 	DATA 	Keypress: o
1608.2787 	Level jitter 	25
1611.2666 	Level finished 	25
1611.2683 	DATA 	Keypress: o
1611.2799 	Level image=waterlogo.jpg 	25
1612.2691 	DATA 	Keypress: o
1612.2724 	Level injecting via pump at address 0 	25
1618.2714 	DATA 	Keypress: o
1618.2725 	DATA 	Keypress: o
1618.2735 	DATA 	Keypress: o
1618.2772 	Level WAIT 	25
1619.2710 	Level RINSE 	25
1621.2717 	DATA 	Keypress: o
1621.2773 	Level jitter 	25
1626.2666 	Level finished 	25
1626.2678 	DATA 	Keypress: o
1626.2688 	DATA 	Keypress: o
1626.2699 	DATA 	Keypress: o
1626.2848 	Level image=tasty.jpg 	25
1627.2744 	Level injecting via pump at address 1 	25
1633.2717 	DATA 	Keypress: o
1633.2729 	DATA 	Keypress: o
1633.2739 	DATA 	Keypress: o
1633.2820 	Level WAIT 	25
1634.2692 	DATA 	Keypress: o
1634.2747 	Level RINSE 	25
1636.2724 	DATA 	Keypress: o
1636.2757 	Level jitter 	25
1638.2666 	Level finished 	25
1638.2678 	DATA 	Keypress: o
1638.2750 	Level image=tasty.jpg 	25
1639.2752 	Level injecting via pump at address 1 	25
1645.2711 	DATA 	Keypress: o
1645.2722 	DATA 	Keypress: o
1645.2731 	DATA 	Keypress: o
1645.2767 	Level WAIT 	25
1646.2695 	DATA 	Keypress: o
1646.2766 	Level RINSE 	25
1648.2718 	DATA 	Keypress: o
1648.2764 	Level jitter 	25
1655.2666 	Level finished 	25
1655.2680 	DATA 	Keypress: o
1655.2693 	DATA 	Keypress: o
1655.2705 	DATA 	Keypress: o
1655.2831 	Level image=waterlogo.jpg 	25
1656.2691 	DATA 	Keypress: o
1656.2780 	Level injecting via pump at address 0 	25
1662.2715 	DATA 	Keypress: o
1662.2728 	DATA 	Keypress: o
1662.2740 	DATA 	Keypress: o
1662.2782 	Level WAIT 	25
1663.2743 	Level RINSE 	25
1665.2711 	DATA 	Keypress: o
1665.2788 	Level jitter 	25
1668.2666 	Level finished 	25
1668.2678 	DATA 	Keypress: o
1668.2688 	DATA 	Keypress: o
1668.2794 	Level image=tasty.jpg 	25
1669.2771 	Level injecting via pump at address 1 	25
1675.2718 	DATA 	Keypress: o
1675.2729 	DATA 	Keypress: o
1675.2738 	DATA 	Keypress: o
1675.2793 	Level WAIT 	25
1676.2692 	DATA 	Keypress: o
1676.2735 	Level RINSE 	25
1678.2717 	DATA 	Keypress: o
1678.2800 	Level jitter 	25
1680.2666 	Level finished 	25
1680.2678 	DATA 	Keypress: o
1680.2802 	Level image=waterlogo.jpg 	25
1681.2802 	Level injecting via pump at address 0 	25
1687.2720 	DATA 	Keypress: o
1687.2733 	DATA 	Keypress: o
1687.2745 	DATA 	Keypress: o
1687.2818 	Level WAIT 	25
1688.2695 	DATA 	Keypress: o
1688.2777 	Level RINSE 	25
1690.2717 	DATA 	Keypress: o
1690.2818 	Level jitter 	25
1698.2666 	Level finished 	25
1698.2679 	DATA 	Keypress: o
1698.2690 	DATA 	Keypress: o
1698.2702 	DATA 	Keypress: o
1698.2713 	DATA 	Keypress: o
1698.2833 	Level image=tasty.jpg 	25
1699.2821 	Level injecting via pump at address 1 	25
1705.2717 	DATA 	Keypress: o
1705.2727 	DATA 	Keypress: o
1705.2737 	DATA 	Keypress: o
1705.2833 	Level WAIT 	25
1706.2694 	DATA 	Keypress: o
1706.2837 	Level RINSE 	25
1708.2726 	DATA 	Keypress: o
1708.2837 	Level jitter 	25
1710.2666 	Level finished 	25
1710.2681 	DATA 	Keypress: o
1710.2795 	Level image=waterlogo.jpg 	25
1711.2745 	Level injecting via pump at address 0 	25
1717.2712 	DATA 	Keypress: o
1717.2722 	DATA 	Keypress: o
1717.2731 	DATA 	Keypress: o
1717.2761 	Level WAIT 	25
1718.2690 	DATA 	Keypress: o
1718.2848 	Level RINSE 	25
1720.2711 	DATA 	Keypress: o
1720.2773 	Level jitter 	25
1727.2666 	Level finished 	25
