54.7663 	DATA 	Keypress: o
54.7672 	Level start key press 	25
56.7724 	DATA 	Keypress: o
58.7665 	DATA 	Keypress: o
60.7670 	DATA 	Keypress: o
62.8260 	DATA 	Keypress: o
62.8305 	Level image=waterlogo.jpg 	25
63.7644 	Level injecting via pump at address 0 	25
69.7544 	DATA 	Keypress: o
69.7557 	DATA 	Keypress: o
69.7569 	DATA 	Keypress: o
69.7645 	Level WAIT 	25
70.7636 	Level RINSE 	25
72.7621 	DATA 	Keypress: o
72.7635 	DATA 	Keypress: o
72.7690 	Level jitter 	25
74.7488 	Level finished 	25
74.7588 	Level image=tasty.jpg 	25
75.7517 	DATA 	Keypress: o
75.7652 	Level injecting via pump at address 1 	25
81.7543 	DATA 	Keypress: o
81.7556 	DATA 	Keypress: o
81.7568 	DATA 	Keypress: o
81.7657 	Level WAIT 	25
82.7660 	Level RINSE 	25
84.7544 	DATA 	Keypress: o
84.7660 	Level jitter 	25
86.7488 	Level finished 	25
86.7501 	DATA 	Keypress: o
86.7627 	Level image=tasty.jpg 	25
87.7514 	DATA 	Keypress: o
87.7571 	Level injecting via pump at address 0 	25
93.7544 	DATA 	Keypress: o
93.7557 	DATA 	Keypress: o
93.7570 	DATA 	Keypress: o
93.7668 	Level WAIT 	25
94.7531 	Level RINSE 	25
96.7532 	DATA 	Keypress: o
96.7593 	Level jitter 	25
101.7488 	Level finished 	25
101.7501 	DATA 	Keypress: o
101.7511 	DATA 	Keypress: o
101.7521 	DATA 	Keypress: o
101.7661 	Level image=tasty.jpg 	25
102.7613 	Level injecting via pump at address 1 	25
108.7537 	DATA 	Keypress: o
108.7547 	DATA 	Keypress: o
108.7556 	DATA 	Keypress: o
108.7630 	Level WAIT 	25
109.7515 	DATA 	Keypress: o
109.7581 	Level RINSE 	25
111.7542 	DATA 	Keypress: o
111.7640 	Level jitter 	25
117.7488 	Level finished 	25
117.7501 	DATA 	Keypress: o
117.7512 	DATA 	Keypress: o
117.7522 	DATA 	Keypress: o
117.7651 	Level image=tasty.jpg 	25
118.7606 	Level injecting via pump at address 0 	25
124.7544 	DATA 	Keypress: o
124.7557 	DATA 	Keypress: o
124.7570 	DATA 	Keypress: o
124.7626 	Level WAIT 	25
125.7518 	DATA 	Keypress: o
125.7573 	Level RINSE 	25
127.7543 	DATA 	Keypress: o
127.7631 	Level jitter 	25
129.7488 	Level finished 	25
129.7502 	DATA 	Keypress: o
129.7696 	Level image=waterlogo.jpg 	25
130.7641 	Level injecting via pump at address 0 	25
136.7535 	DATA 	Keypress: o
136.7549 	DATA 	Keypress: o
136.7560 	DATA 	Keypress: o
136.7650 	Level WAIT 	25
137.7513 	DATA 	Keypress: o
137.7603 	Level RINSE 	25
139.7543 	DATA 	Keypress: o
139.7665 	Level jitter 	25
148.7488 	Level finished 	25
148.7503 	DATA 	Keypress: o
148.7516 	DATA 	Keypress: o
148.7528 	DATA 	Keypress: o
148.7540 	DATA 	Keypress: o
148.7604 	DATA 	Keypress: o
148.7692 	Level image=tasty.jpg 	25
149.7535 	Level injecting via pump at address 0 	25
155.7534 	DATA 	Keypress: o
155.7545 	DATA 	Keypress: o
155.7556 	DATA 	Keypress: o
155.7651 	Level WAIT 	25
156.7541 	Level RINSE 	25
158.7542 	DATA 	Keypress: o
158.7661 	Level jitter 	25
159.7488 	Level finished 	25
159.7506 	DATA 	Keypress: o
159.7610 	Level image=waterlogo.jpg 	25
160.7542 	Level injecting via pump at address 0 	25
166.7538 	DATA 	Keypress: o
166.7550 	DATA 	Keypress: o
166.7559 	DATA 	Keypress: o
166.7711 	Level WAIT 	25
167.7516 	DATA 	Keypress: o
167.7550 	Level RINSE 	25
169.7541 	DATA 	Keypress: o
169.7588 	Level jitter 	25
175.7488 	Level finished 	25
175.7501 	DATA 	Keypress: o
175.7511 	DATA 	Keypress: o
175.7520 	DATA 	Keypress: o
175.7602 	Level image=tasty.jpg 	25
176.7545 	Level injecting via pump at address 0 	25
182.7548 	DATA 	Keypress: o
182.7562 	DATA 	Keypress: o
182.7576 	DATA 	Keypress: o
182.7589 	DATA 	Keypress: o
182.7727 	Level WAIT 	25
183.7562 	Level RINSE 	25
185.7543 	DATA 	Keypress: o
185.7575 	Level jitter 	25
193.7488 	Level finished 	25
193.7502 	DATA 	Keypress: o
193.7515 	DATA 	Keypress: o
193.7527 	DATA 	Keypress: o
193.7540 	DATA 	Keypress: o
193.7656 	Level image=tasty.jpg 	25
194.7561 	Level injecting via pump at address 1 	25
200.7534 	DATA 	Keypress: o
200.7545 	DATA 	Keypress: o
200.7556 	DATA 	Keypress: o
200.7570 	DATA 	Keypress: o
200.7619 	Level WAIT 	25
201.7561 	Level RINSE 	25
203.7542 	DATA 	Keypress: o
203.7580 	Level jitter 	25
208.7488 	Level finished 	25
208.7503 	DATA 	Keypress: o
208.7515 	DATA 	Keypress: o
208.7570 	DATA 	Keypress: o
208.7694 	Level image=tasty.jpg 	25
209.7581 	Level injecting via pump at address 0 	25
215.7544 	DATA 	Keypress: o
215.7558 	DATA 	Keypress: o
215.7571 	DATA 	Keypress: o
215.7658 	Level WAIT 	25
216.7587 	Level RINSE 	25
218.7546 	DATA 	Keypress: o
218.7561 	DATA 	Keypress: o
218.7661 	Level jitter 	25
225.7488 	Level finished 	25
225.7504 	DATA 	Keypress: o
225.7516 	DATA 	Keypress: o
225.7527 	DATA 	Keypress: o
225.7630 	Level image=waterlogo.jpg 	25
226.7577 	Level injecting via pump at address 0 	25
232.7544 	DATA 	Keypress: o
232.7558 	DATA 	Keypress: o
232.7570 	DATA 	Keypress: o
232.7582 	DATA 	Keypress: o
232.7761 	Level WAIT 	25
233.7544 	Level RINSE 	25
235.7541 	DATA 	Keypress: o
235.7603 	Level jitter 	25
241.7488 	Level finished 	25
241.7507 	DATA 	Keypress: o
241.7522 	DATA 	Keypress: o
241.7534 	DATA 	Keypress: o
241.7761 	Level image=waterlogo.jpg 	25
242.7563 	Level injecting via pump at address 0 	25
248.7552 	DATA 	Keypress: o
248.7565 	DATA 	Keypress: o
248.7577 	DATA 	Keypress: o
248.7590 	DATA 	Keypress: o
248.7755 	Level WAIT 	25
249.7537 	Level RINSE 	25
251.7541 	DATA 	Keypress: o
251.7591 	Level jitter 	25
253.7488 	Level finished 	25
253.7503 	DATA 	Keypress: o
253.7611 	Level image=tasty.jpg 	25
254.7598 	Level injecting via pump at address 0 	25
260.7555 	DATA 	Keypress: o
260.7566 	DATA 	Keypress: o
260.7576 	DATA 	Keypress: o
260.7587 	DATA 	Keypress: o
260.7624 	Level WAIT 	25
261.7569 	Level RINSE 	25
263.7551 	DATA 	Keypress: o
263.7609 	Level jitter 	25
270.7488 	Level finished 	25
270.7501 	DATA 	Keypress: o
270.7513 	DATA 	Keypress: o
270.7526 	DATA 	Keypress: o
270.7545 	DATA 	Keypress: o
270.7755 	Level image=tasty.jpg 	25
271.7541 	Level injecting via pump at address 1 	25
277.7546 	DATA 	Keypress: o
277.7559 	DATA 	Keypress: o
277.7571 	DATA 	Keypress: o
277.7630 	Level WAIT 	25
278.7622 	Level RINSE 	25
280.7535 	DATA 	Keypress: o
280.7547 	DATA 	Keypress: o
280.7635 	Level jitter 	25
288.7488 	Level finished 	25
288.7501 	DATA 	Keypress: o
288.7512 	DATA 	Keypress: o
288.7525 	DATA 	Keypress: o
288.7540 	DATA 	Keypress: o
288.7636 	Level image=waterlogo.jpg 	25
289.7591 	Level injecting via pump at address 0 	25
295.7544 	DATA 	Keypress: o
295.7555 	DATA 	Keypress: o
295.7565 	DATA 	Keypress: o
295.7614 	Level WAIT 	25
296.7559 	Level RINSE 	25
298.7549 	DATA 	Keypress: o
298.7562 	DATA 	Keypress: o
298.7618 	Level jitter 	25
306.7488 	Level finished 	25
306.7502 	DATA 	Keypress: o
306.7516 	DATA 	Keypress: o
306.7529 	DATA 	Keypress: o
306.7541 	DATA 	Keypress: o
306.7649 	Level image=tasty.jpg 	25
307.7644 	Level injecting via pump at address 1 	25
313.7544 	DATA 	Keypress: o
313.7558 	DATA 	Keypress: o
313.7570 	DATA 	Keypress: o
313.7649 	Level WAIT 	25
314.7518 	DATA 	Keypress: o
314.7604 	Level RINSE 	25
316.7542 	DATA 	Keypress: o
316.7655 	Level jitter 	25
318.7488 	Level finished 	25
318.7547 	DATA 	Keypress: o
318.7652 	Level image=tasty.jpg 	25
319.7654 	Level injecting via pump at address 0 	25
325.7541 	DATA 	Keypress: o
325.7552 	DATA 	Keypress: o
325.7562 	DATA 	Keypress: o
325.7651 	Level WAIT 	25
326.7517 	DATA 	Keypress: o
326.7646 	Level RINSE 	25
328.7555 	DATA 	Keypress: o
328.7664 	Level jitter 	25
332.7488 	Level finished 	25
332.7501 	DATA 	Keypress: o
332.7512 	DATA 	Keypress: o
332.7652 	Level image=tasty.jpg 	25
333.7603 	Level injecting via pump at address 1 	25
339.7543 	DATA 	Keypress: o
339.7555 	DATA 	Keypress: o
339.7566 	DATA 	Keypress: o
339.7625 	Level WAIT 	25
340.7515 	DATA 	Keypress: o
340.7571 	Level RINSE 	25
342.7543 	DATA 	Keypress: o
342.7632 	Level jitter 	25
345.7488 	Level finished 	25
345.7500 	DATA 	Keypress: o
345.7631 	Level image=tasty.jpg 	25
346.7514 	DATA 	Keypress: o
346.7582 	Level injecting via pump at address 0 	25
352.7544 	DATA 	Keypress: o
352.7557 	DATA 	Keypress: o
352.7569 	DATA 	Keypress: o
352.7604 	Level WAIT 	25
353.7550 	Level RINSE 	25
355.7538 	DATA 	Keypress: o
355.7611 	Level jitter 	25
363.7488 	Level finished 	25
363.7501 	DATA 	Keypress: o
363.7513 	DATA 	Keypress: o
363.7525 	DATA 	Keypress: o
363.7538 	DATA 	Keypress: o
363.7686 	Level image=waterlogo.jpg 	25
364.7516 	DATA 	Keypress: o
364.7633 	Level injecting via pump at address 0 	25
370.7542 	DATA 	Keypress: o
370.7554 	DATA 	Keypress: o
370.7566 	DATA 	Keypress: o
370.7651 	Level WAIT 	25
371.7604 	Level RINSE 	25
373.7545 	DATA 	Keypress: o
373.7665 	Level jitter 	25
378.7489 	Level finished 	25
378.7503 	DATA 	Keypress: o
378.7516 	DATA 	Keypress: o
378.7529 	DATA 	Keypress: o
378.7691 	Level image=tasty.jpg 	25
379.7532 	Level injecting via pump at address 1 	25
385.7548 	DATA 	Keypress: o
385.7562 	DATA 	Keypress: o
385.7573 	DATA 	Keypress: o
385.7695 	Level WAIT 	25
386.7514 	DATA 	Keypress: o
386.7641 	Level RINSE 	25
388.7541 	DATA 	Keypress: o
388.7701 	Level jitter 	25
395.7488 	Level finished 	25
395.7502 	DATA 	Keypress: o
395.7515 	DATA 	Keypress: o
395.7527 	DATA 	Keypress: o
395.7668 	Level image=tasty.jpg 	25
396.7516 	DATA 	Keypress: o
396.7611 	Level injecting via pump at address 0 	25
402.7542 	DATA 	Keypress: o
402.7557 	DATA 	Keypress: o
402.7570 	DATA 	Keypress: o
402.7634 	Level WAIT 	25
403.7547 	Level RINSE 	25
405.7546 	DATA 	Keypress: o
405.7645 	Level jitter 	25
413.7488 	Level finished 	25
413.7502 	DATA 	Keypress: o
413.7514 	DATA 	Keypress: o
413.7524 	DATA 	Keypress: o
413.7536 	DATA 	Keypress: o
413.7721 	Level image=tasty.jpg 	25
414.7514 	DATA 	Keypress: o
414.7547 	Level injecting via pump at address 0 	25
420.7544 	DATA 	Keypress: o
420.7557 	DATA 	Keypress: o
420.7568 	DATA 	Keypress: o
420.7685 	Level WAIT 	25
421.7551 	Level RINSE 	25
423.7539 	DATA 	Keypress: o
423.7691 	Level jitter 	25
430.7488 	Level finished 	25
