65.9179 	DATA 	Keypress: o
65.9188 	Level start key press 	25
67.9318 	DATA 	Keypress: o
69.9217 	DATA 	Keypress: o
71.9207 	DATA 	Keypress: o
73.9647 	Level image=waterlogo.jpg 	25
73.9662 	DATA 	Keypress: o
74.8930 	Level injecting via pump at address 0 	25
80.8922 	DATA 	Keypress: o
80.8935 	DATA 	Keypress: o
80.8948 	DATA 	Keypress: o
83.8999 	DATA 	Keypress: o
90.8865 	Level finished 	25
90.8878 	DATA 	Keypress: o
90.8889 	DATA 	Keypress: o
90.8898 	DATA 	Keypress: o
90.8910 	DATA 	Keypress: o
90.8960 	Level image=tasty.jpg 	25
91.9018 	Level injecting via pump at address 0 	25
97.8912 	DATA 	Keypress: o
97.8922 	DATA 	Keypress: o
97.8932 	DATA 	Keypress: o
98.8891 	DATA 	Keypress: o
100.8919 	DATA 	Keypress: o
104.8865 	Level finished 	25
104.8877 	DATA 	Keypress: o
104.8888 	DATA 	Keypress: o
104.8930 	Level image=tasty.jpg 	25
105.8968 	Level injecting via pump at address 1 	25
111.8911 	DATA 	Keypress: o
111.8921 	DATA 	Keypress: o
111.8930 	DATA 	Keypress: o
112.8890 	DATA 	Keypress: o
114.8918 	DATA 	Keypress: o
115.8865 	Level finished 	25
115.8902 	Level image=tasty.jpg 	25
116.8892 	DATA 	Keypress: o
116.9038 	Level injecting via pump at address 0 	25
122.8922 	DATA 	Keypress: o
122.8936 	DATA 	Keypress: o
122.8947 	DATA 	Keypress: o
125.8913 	DATA 	Keypress: o
133.8865 	Level finished 	25
133.8880 	DATA 	Keypress: o
133.8892 	DATA 	Keypress: o
133.8904 	DATA 	Keypress: o
133.8915 	DATA 	Keypress: o
133.8968 	Level image=waterlogo.jpg 	25
134.8891 	DATA 	Keypress: o
134.8937 	Level injecting via pump at address 0 	25
140.8917 	DATA 	Keypress: o
140.8929 	DATA 	Keypress: o
140.8942 	DATA 	Keypress: o
143.8912 	DATA 	Keypress: o
151.8865 	Level finished 	25
151.8879 	DATA 	Keypress: o
151.8892 	DATA 	Keypress: o
151.8910 	DATA 	Keypress: o
151.8923 	DATA 	Keypress: o
151.8985 	Level image=waterlogo.jpg 	25
152.8893 	DATA 	Keypress: o
152.8988 	Level injecting via pump at address 0 	25
158.8914 	DATA 	Keypress: o
158.8923 	DATA 	Keypress: o
158.8932 	DATA 	Keypress: o
161.8923 	DATA 	Keypress: o
167.8865 	Level finished 	25
167.8879 	DATA 	Keypress: o
167.8891 	DATA 	Keypress: o
167.8900 	DATA 	Keypress: o
167.8940 	Level image=tasty.jpg 	25
168.8890 	DATA 	Keypress: o
168.8981 	Level injecting via pump at address 1 	25
174.8922 	DATA 	Keypress: o
174.8935 	DATA 	Keypress: o
174.8948 	DATA 	Keypress: o
177.8917 	DATA 	Keypress: o
179.8865 	Level finished 	25
179.8880 	DATA 	Keypress: o
179.8929 	Level image=tasty.jpg 	25
180.8891 	DATA 	Keypress: o
180.9006 	Level injecting via pump at address 0 	25
186.8911 	DATA 	Keypress: o
186.8922 	DATA 	Keypress: o
186.8933 	DATA 	Keypress: o
189.8911 	DATA 	Keypress: o
195.8865 	Level finished 	25
195.8877 	DATA 	Keypress: o
195.8887 	DATA 	Keypress: o
195.8898 	DATA 	Keypress: o
195.8958 	Level image=waterlogo.jpg 	25
196.8890 	DATA 	Keypress: o
196.8923 	Level injecting via pump at address 0 	25
202.8929 	DATA 	Keypress: o
202.8942 	DATA 	Keypress: o
202.8955 	DATA 	Keypress: o
205.8921 	DATA 	Keypress: o
207.8865 	Level finished 	25
207.8880 	DATA 	Keypress: o
207.8927 	Level image=waterlogo.jpg 	25
208.8890 	DATA 	Keypress: o
208.8932 	Level injecting via pump at address 0 	25
214.8916 	DATA 	Keypress: o
214.8927 	DATA 	Keypress: o
214.8939 	DATA 	Keypress: o
217.8921 	DATA 	Keypress: o
226.8865 	Level finished 	25
226.8879 	DATA 	Keypress: o
226.8890 	DATA 	Keypress: o
226.8900 	DATA 	Keypress: o
226.8910 	DATA 	Keypress: o
226.8919 	DATA 	Keypress: o
226.8960 	Level image=tasty.jpg 	25
227.8948 	Level injecting via pump at address 1 	25
233.8921 	DATA 	Keypress: o
233.8934 	DATA 	Keypress: o
233.8946 	DATA 	Keypress: o
234.8893 	DATA 	Keypress: o
236.8918 	DATA 	Keypress: o
243.8865 	Level finished 	25
243.8879 	DATA 	Keypress: o
243.8890 	DATA 	Keypress: o
243.8901 	DATA 	Keypress: o
243.8951 	Level image=tasty.jpg 	25
244.8897 	DATA 	Keypress: o
244.8963 	Level injecting via pump at address 0 	25
250.8916 	DATA 	Keypress: o
250.8926 	DATA 	Keypress: o
250.8936 	DATA 	Keypress: o
253.8916 	DATA 	Keypress: o
260.8865 	Level finished 	25
260.8879 	DATA 	Keypress: o
260.8891 	DATA 	Keypress: o
260.8902 	DATA 	Keypress: o
260.8913 	DATA 	Keypress: o
260.8963 	Level image=waterlogo.jpg 	25
261.8905 	Level injecting via pump at address 0 	25
267.8925 	DATA 	Keypress: o
267.8938 	DATA 	Keypress: o
267.8948 	DATA 	Keypress: o
268.8895 	DATA 	Keypress: o
270.8921 	DATA 	Keypress: o
275.8865 	Level finished 	25
275.8878 	DATA 	Keypress: o
275.8887 	DATA 	Keypress: o
275.8926 	Level image=tasty.jpg 	25
276.8891 	DATA 	Keypress: o
276.8946 	Level injecting via pump at address 0 	25
282.8919 	DATA 	Keypress: o
282.8931 	DATA 	Keypress: o
282.8942 	DATA 	Keypress: o
285.8921 	DATA 	Keypress: o
286.8865 	Level finished 	25
286.8878 	DATA 	Keypress: o
286.8926 	Level image=tasty.jpg 	25
287.8988 	Level injecting via pump at address 1 	25
293.8920 	DATA 	Keypress: o
293.8933 	DATA 	Keypress: o
293.8945 	DATA 	Keypress: o
294.8893 	DATA 	Keypress: o
296.8919 	DATA 	Keypress: o
299.8865 	Level finished 	25
299.8879 	DATA 	Keypress: o
299.8919 	Level image=tasty.jpg 	25
300.8889 	DATA 	Keypress: o
300.8993 	Level injecting via pump at address 0 	25
306.8923 	DATA 	Keypress: o
306.8936 	DATA 	Keypress: o
306.8947 	DATA 	Keypress: o
309.8914 	DATA 	Keypress: o
311.8865 	Level finished 	25
311.8878 	DATA 	Keypress: o
311.8923 	Level image=tasty.jpg 	25
312.8893 	DATA 	Keypress: o
312.9008 	Level injecting via pump at address 1 	25
318.8913 	DATA 	Keypress: o
318.8925 	DATA 	Keypress: o
318.8937 	DATA 	Keypress: o
321.8919 	DATA 	Keypress: o
323.8865 	Level finished 	25
323.8876 	DATA 	Keypress: o
323.8916 	Level image=tasty.jpg 	25
324.8893 	DATA 	Keypress: o
324.8926 	Level injecting via pump at address 0 	25
330.8919 	DATA 	Keypress: o
330.8930 	DATA 	Keypress: o
330.8939 	DATA 	Keypress: o
333.8917 	DATA 	Keypress: o
334.8865 	Level finished 	25
334.8876 	DATA 	Keypress: o
334.8930 	Level image=waterlogo.jpg 	25
335.9010 	Level injecting via pump at address 0 	25
341.8920 	DATA 	Keypress: o
341.8934 	DATA 	Keypress: o
341.8946 	DATA 	Keypress: o
342.8891 	DATA 	Keypress: o
344.8918 	DATA 	Keypress: o
350.8865 	Level finished 	25
350.8879 	DATA 	Keypress: o
350.8891 	DATA 	Keypress: o
350.8902 	DATA 	Keypress: o
350.8952 	Level image=tasty.jpg 	25
351.9000 	Level injecting via pump at address 1 	25
357.8926 	DATA 	Keypress: o
357.8939 	DATA 	Keypress: o
357.8949 	DATA 	Keypress: o
358.8893 	DATA 	Keypress: o
360.8917 	DATA 	Keypress: o
363.8865 	Level finished 	25
363.8877 	DATA 	Keypress: o
363.8919 	Level image=tasty.jpg 	25
364.8892 	DATA 	Keypress: o
364.8978 	Level injecting via pump at address 0 	25
370.8912 	DATA 	Keypress: o
370.8922 	DATA 	Keypress: o
370.8932 	DATA 	Keypress: o
373.8918 	DATA 	Keypress: o
375.8865 	Level finished 	25
375.8876 	DATA 	Keypress: o
375.8922 	Level image=tasty.jpg 	25
376.8893 	DATA 	Keypress: o
376.9008 	Level injecting via pump at address 1 	25
382.8918 	DATA 	Keypress: o
382.8929 	DATA 	Keypress: o
382.8941 	DATA 	Keypress: o
385.8910 	DATA 	Keypress: o
389.8865 	Level finished 	25
389.8880 	DATA 	Keypress: o
389.8893 	DATA 	Keypress: o
389.8940 	Level image=tasty.jpg 	25
390.8894 	DATA 	Keypress: o
390.8943 	Level injecting via pump at address 0 	25
396.8911 	DATA 	Keypress: o
396.8922 	DATA 	Keypress: o
396.8931 	DATA 	Keypress: o
399.8915 	DATA 	Keypress: o
406.8865 	Level finished 	25
406.8880 	DATA 	Keypress: o
406.8893 	DATA 	Keypress: o
406.8906 	DATA 	Keypress: o
406.8918 	DATA 	Keypress: o
406.8968 	Level image=tasty.jpg 	25
407.8910 	Level injecting via pump at address 0 	25
413.8926 	DATA 	Keypress: o
413.8938 	DATA 	Keypress: o
413.8948 	DATA 	Keypress: o
414.8900 	DATA 	Keypress: o
416.8918 	DATA 	Keypress: o
420.8865 	Level finished 	25
