65.9651 	DATA 	Keypress: o
65.9660 	Level start key press 	25
67.9771 	DATA 	Keypress: o
69.9780 	DATA 	Keypress: o
71.9781 	DATA 	Keypress: o
74.0049 	DATA 	Keypress: o
74.0171 	Level image=waterlogo.jpg 	25
74.9572 	Level injecting via pump at address 0 	25
80.9481 	DATA 	Keypress: o
80.9493 	DATA 	Keypress: o
80.9503 	DATA 	Keypress: o
80.9579 	Level WAIT 	25
81.9575 	Level RINSE 	25
83.9562 	DATA 	Keypress: o
83.9652 	Level jitter 	25
85.9430 	Level finished 	25
85.9441 	DATA 	Keypress: o
85.9555 	Level image=tasty.jpg 	25
86.9453 	DATA 	Keypress: o
86.9497 	Level injecting via pump at address 1 	25
92.9483 	DATA 	Keypress: o
92.9498 	DATA 	Keypress: o
92.9511 	DATA 	Keypress: o
92.9593 	Level WAIT 	25
93.9470 	Level RINSE 	25
95.9475 	DATA 	Keypress: o
95.9530 	Level jitter 	25
97.9430 	Level finished 	25
97.9441 	DATA 	Keypress: o
97.9596 	Level image=tasty.jpg 	25
98.9458 	DATA 	Keypress: o
98.9546 	Level injecting via pump at address 0 	25
104.9478 	DATA 	Keypress: o
104.9490 	DATA 	Keypress: o
104.9499 	DATA 	Keypress: o
104.9569 	Level WAIT 	25
105.9506 	Level RINSE 	25
107.9473 	DATA 	Keypress: o
107.9566 	Level jitter 	25
112.9430 	Level finished 	25
112.9444 	DATA 	Keypress: o
112.9457 	DATA 	Keypress: o
112.9469 	DATA 	Keypress: o
112.9610 	Level image=tasty.jpg 	25
113.9595 	Level injecting via pump at address 1 	25
119.9484 	DATA 	Keypress: o
119.9495 	DATA 	Keypress: o
119.9505 	DATA 	Keypress: o
119.9617 	Level WAIT 	25
120.9454 	DATA 	Keypress: o
120.9559 	Level RINSE 	25
122.9480 	DATA 	Keypress: o
122.9614 	Level jitter 	25
128.9430 	Level finished 	25
128.9442 	DATA 	Keypress: o
128.9451 	DATA 	Keypress: o
128.9462 	DATA 	Keypress: o
128.9627 	Level image=tasty.jpg 	25
129.9475 	Level injecting via pump at address 0 	25
135.9480 	DATA 	Keypress: o
135.9490 	DATA 	Keypress: o
135.9499 	DATA 	Keypress: o
135.9603 	Level WAIT 	25
136.9453 	DATA 	Keypress: o
136.9553 	Level RINSE 	25
138.9474 	DATA 	Keypress: o
138.9611 	Level jitter 	25
140.9430 	Level finished 	25
140.9443 	DATA 	Keypress: o
140.9646 	Level image=waterlogo.jpg 	25
141.9483 	Level injecting via pump at address 0 	25
147.9476 	DATA 	Keypress: o
147.9487 	DATA 	Keypress: o
147.9496 	DATA 	Keypress: o
147.9648 	Level WAIT 	25
148.9454 	DATA 	Keypress: o
148.9485 	Level RINSE 	25
150.9482 	DATA 	Keypress: o
150.9662 	Level jitter 	25
159.9430 	Level finished 	25
159.9441 	DATA 	Keypress: o
159.9451 	DATA 	Keypress: o
159.9460 	DATA 	Keypress: o
159.9469 	DATA 	Keypress: o
159.9667 	Level image=tasty.jpg 	25
160.9453 	DATA 	Keypress: o
160.9500 	Level injecting via pump at address 0 	25
166.9480 	DATA 	Keypress: o
166.9490 	DATA 	Keypress: o
166.9500 	DATA 	Keypress: o
166.9656 	Level WAIT 	25
167.9505 	Level RINSE 	25
169.9484 	DATA 	Keypress: o
169.9516 	Level jitter 	25
170.9430 	Level finished 	25
170.9441 	DATA 	Keypress: o
170.9611 	Level image=waterlogo.jpg 	25
171.9516 	Level injecting via pump at address 0 	25
177.9482 	DATA 	Keypress: o
177.9495 	DATA 	Keypress: o
177.9507 	DATA 	Keypress: o
177.9583 	Level WAIT 	25
178.9455 	DATA 	Keypress: o
178.9521 	Level RINSE 	25
180.9476 	DATA 	Keypress: o
180.9524 	Level jitter 	25
186.9430 	Level finished 	25
186.9442 	DATA 	Keypress: o
186.9453 	DATA 	Keypress: o
186.9464 	DATA 	Keypress: o
186.9536 	Level image=tasty.jpg 	25
187.9537 	Level injecting via pump at address 0 	25
193.9487 	DATA 	Keypress: o
193.9500 	DATA 	Keypress: o
193.9511 	DATA 	Keypress: o
193.9547 	Level WAIT 	25
194.9457 	DATA 	Keypress: o
194.9530 	Level RINSE 	25
196.9477 	DATA 	Keypress: o
196.9539 	Level jitter 	25
204.9430 	Level finished 	25
204.9442 	DATA 	Keypress: o
204.9452 	DATA 	Keypress: o
204.9460 	DATA 	Keypress: o
204.9469 	DATA 	Keypress: o
204.9557 	Level image=tasty.jpg 	25
205.9558 	Level injecting via pump at address 1 	25
211.9483 	DATA 	Keypress: o
211.9496 	DATA 	Keypress: o
211.9507 	DATA 	Keypress: o
211.9565 	Level WAIT 	25
212.9453 	DATA 	Keypress: o
212.9559 	Level RINSE 	25
214.9483 	DATA 	Keypress: o
214.9572 	Level jitter 	25
219.9430 	Level finished 	25
219.9443 	DATA 	Keypress: o
219.9455 	DATA 	Keypress: o
219.9559 	Level image=tasty.jpg 	25
220.9456 	DATA 	Keypress: o
220.9501 	Level injecting via pump at address 0 	25
226.9484 	DATA 	Keypress: o
226.9500 	DATA 	Keypress: o
226.9513 	DATA 	Keypress: o
226.9580 	Level WAIT 	25
227.9473 	Level RINSE 	25
229.9478 	DATA 	Keypress: o
229.9534 	Level jitter 	25
236.9430 	Level finished 	25
236.9442 	DATA 	Keypress: o
236.9452 	DATA 	Keypress: o
236.9461 	DATA 	Keypress: o
236.9471 	DATA 	Keypress: o
236.9593 	Level image=waterlogo.jpg 	25
237.9590 	Level injecting via pump at address 0 	25
243.9484 	DATA 	Keypress: o
243.9496 	DATA 	Keypress: o
243.9508 	DATA 	Keypress: o
243.9602 	Level WAIT 	25
244.9455 	DATA 	Keypress: o
244.9583 	Level RINSE 	25
246.9483 	DATA 	Keypress: o
246.9607 	Level jitter 	25
252.9430 	Level finished 	25
252.9445 	DATA 	Keypress: o
252.9458 	DATA 	Keypress: o
252.9470 	DATA 	Keypress: o
252.9607 	Level image=waterlogo.jpg 	25
253.9607 	Level injecting via pump at address 0 	25
259.9474 	DATA 	Keypress: o
259.9486 	DATA 	Keypress: o
259.9498 	DATA 	Keypress: o
259.9624 	Level WAIT 	25
260.9453 	DATA 	Keypress: o
260.9581 	Level RINSE 	25
262.9473 	DATA 	Keypress: o
262.9621 	Level jitter 	25
264.9430 	Level finished 	25
264.9441 	DATA 	Keypress: o
264.9532 	Level image=tasty.jpg 	25
265.9483 	Level injecting via pump at address 0 	25
271.9481 	DATA 	Keypress: o
271.9494 	DATA 	Keypress: o
271.9510 	DATA 	Keypress: o
271.9628 	Level WAIT 	25
272.9455 	DATA 	Keypress: o
272.9616 	Level RINSE 	25
274.9481 	DATA 	Keypress: o
274.9515 	Level jitter 	25
281.9430 	Level finished 	25
281.9442 	DATA 	Keypress: o
281.9452 	DATA 	Keypress: o
281.9461 	DATA 	Keypress: o
281.9644 	Level image=tasty.jpg 	25
282.9456 	DATA 	Keypress: o
282.9591 	Level injecting via pump at address 1 	25
288.9477 	DATA 	Keypress: o
288.9487 	DATA 	Keypress: o
288.9496 	DATA 	Keypress: o
288.9613 	Level WAIT 	25
289.9484 	Level RINSE 	25
291.9489 	DATA 	Keypress: o
291.9629 	Level jitter 	25
299.9430 	Level finished 	25
299.9443 	DATA 	Keypress: o
299.9457 	DATA 	Keypress: o
299.9468 	DATA 	Keypress: o
299.9480 	DATA 	Keypress: o
299.9664 	Level image=waterlogo.jpg 	25
300.9453 	DATA 	Keypress: o
300.9484 	Level injecting via pump at address 0 	25
306.9474 	DATA 	Keypress: o
306.9485 	DATA 	Keypress: o
306.9494 	DATA 	Keypress: o
306.9675 	Level WAIT 	25
307.9505 	Level RINSE 	25
309.9489 	DATA 	Keypress: o
309.9682 	Level jitter 	25
317.9430 	Level finished 	25
317.9442 	DATA 	Keypress: o
317.9453 	DATA 	Keypress: o
317.9464 	DATA 	Keypress: o
317.9475 	DATA 	Keypress: o
317.9602 	Level image=tasty.jpg 	25
318.9454 	DATA 	Keypress: o
318.9518 	Level injecting via pump at address 1 	25
324.9479 	DATA 	Keypress: o
324.9492 	DATA 	Keypress: o
324.9504 	DATA 	Keypress: o
324.9570 	Level WAIT 	25
325.9512 	Level RINSE 	25
327.9480 	DATA 	Keypress: o
327.9536 	Level jitter 	25
329.9430 	Level finished 	25
329.9443 	DATA 	Keypress: o
329.9533 	Level image=tasty.jpg 	25
330.9453 	DATA 	Keypress: o
330.9534 	Level injecting via pump at address 0 	25
336.9476 	DATA 	Keypress: o
336.9490 	DATA 	Keypress: o
336.9501 	DATA 	Keypress: o
336.9535 	Level WAIT 	25
337.9541 	Level RINSE 	25
339.9483 	DATA 	Keypress: o
339.9549 	Level jitter 	25
343.9430 	Level finished 	25
343.9443 	DATA 	Keypress: o
343.9454 	DATA 	Keypress: o
343.9546 	Level image=tasty.jpg 	25
344.9460 	DATA 	Keypress: o
344.9530 	Level injecting via pump at address 1 	25
350.9490 	DATA 	Keypress: o
350.9503 	DATA 	Keypress: o
350.9515 	DATA 	Keypress: o
350.9552 	Level WAIT 	25
351.9496 	Level RINSE 	25
353.9481 	DATA 	Keypress: o
353.9555 	Level jitter 	25
356.9430 	Level finished 	25
356.9444 	DATA 	Keypress: o
356.9457 	DATA 	Keypress: o
356.9567 	Level image=tasty.jpg 	25
357.9517 	Level injecting via pump at address 0 	25
363.9479 	DATA 	Keypress: o
363.9489 	DATA 	Keypress: o
363.9498 	DATA 	Keypress: o
363.9533 	Level WAIT 	25
364.9456 	DATA 	Keypress: o
364.9570 	Level RINSE 	25
366.9480 	DATA 	Keypress: o
366.9542 	Level jitter 	25
374.9430 	Level finished 	25
374.9444 	DATA 	Keypress: o
374.9454 	DATA 	Keypress: o
374.9464 	DATA 	Keypress: o
374.9474 	DATA 	Keypress: o
374.9586 	Level image=waterlogo.jpg 	25
375.9565 	Level injecting via pump at address 0 	25
381.9477 	DATA 	Keypress: o
381.9487 	DATA 	Keypress: o
381.9496 	DATA 	Keypress: o
381.9589 	Level WAIT 	25
382.9458 	DATA 	Keypress: o
382.9541 	Level RINSE 	25
384.9486 	DATA 	Keypress: o
384.9604 	Level jitter 	25
389.9430 	Level finished 	25
389.9442 	DATA 	Keypress: o
389.9452 	DATA 	Keypress: o
389.9602 	Level image=tasty.jpg 	25
390.9453 	DATA 	Keypress: o
390.9603 	Level injecting via pump at address 1 	25
396.9476 	DATA 	Keypress: o
396.9486 	DATA 	Keypress: o
396.9496 	DATA 	Keypress: o
396.9608 	Level WAIT 	25
397.9586 	Level RINSE 	25
399.9480 	DATA 	Keypress: o
399.9617 	Level jitter 	25
406.9430 	Level finished 	25
406.9442 	DATA 	Keypress: o
406.9452 	DATA 	Keypress: o
406.9461 	DATA 	Keypress: o
406.9470 	DATA 	Keypress: o
406.9625 	Level image=tasty.jpg 	25
407.9561 	Level injecting via pump at address 0 	25
413.9479 	DATA 	Keypress: o
413.9492 	DATA 	Keypress: o
413.9504 	DATA 	Keypress: o
413.9582 	Level WAIT 	25
414.9454 	DATA 	Keypress: o
414.9534 	Level RINSE 	25
416.9474 	DATA 	Keypress: o
416.9599 	Level jitter 	25
424.9430 	Level finished 	25
424.9442 	DATA 	Keypress: o
424.9452 	DATA 	Keypress: o
424.9462 	DATA 	Keypress: o
424.9471 	DATA 	Keypress: o
424.9639 	Level image=tasty.jpg 	25
425.9473 	Level injecting via pump at address 0 	25
431.9489 	DATA 	Keypress: o
431.9502 	DATA 	Keypress: o
431.9514 	DATA 	Keypress: o
431.9645 	Level WAIT 	25
432.9455 	DATA 	Keypress: o
432.9487 	Level RINSE 	25
434.9479 	DATA 	Keypress: o
434.9653 	Level jitter 	25
441.9430 	Level finished 	25
