55.8679 	DATA 	Keypress: o
55.8687 	Level start key press 	25
57.8823 	DATA 	Keypress: o
59.8823 	DATA 	Keypress: o
61.8824 	DATA 	Keypress: o
63.8825 	DATA 	Keypress: o
64.2802 	Level image=tasty.jpg 	25
65.2139 	Level injecting via pump at address 1 	25
71.1861 	DATA 	Keypress: o
71.1875 	DATA 	Keypress: o
71.1888 	DATA 	Keypress: o
71.2138 	Level WAIT 	25
72.1827 	DATA 	Keypress: o
72.1973 	Level RINSE 	25
74.1938 	DATA 	Keypress: o
74.2141 	Level jitter 	25
83.1801 	Level finished 	25
83.1817 	DATA 	Keypress: o
83.1832 	DATA 	Keypress: o
83.1845 	DATA 	Keypress: o
83.1855 	DATA 	Keypress: o
83.2152 	Level image=waterlogo.jpg 	25
84.1825 	DATA 	Keypress: o
84.1983 	Level injecting via pump at address 0 	25
90.1857 	DATA 	Keypress: o
90.1874 	DATA 	Keypress: o
90.1890 	DATA 	Keypress: o
90.1985 	Level WAIT 	25
91.1986 	Level RINSE 	25
93.1854 	DATA 	Keypress: o
93.2158 	Level jitter 	25
97.1801 	Level finished 	25
97.1815 	DATA 	Keypress: o
97.1829 	DATA 	Keypress: o
97.1991 	Level image=tasty.jpg 	25
98.1832 	DATA 	Keypress: o
98.1992 	Level injecting via pump at address 1 	25
104.1855 	DATA 	Keypress: o
104.1868 	DATA 	Keypress: o
104.1880 	DATA 	Keypress: o
104.1999 	Level WAIT 	25
105.1995 	Level RINSE 	25
107.1857 	DATA 	Keypress: o
107.1997 	Level jitter 	25
111.1801 	Level finished 	25
111.1815 	DATA 	Keypress: o
111.1828 	DATA 	Keypress: o
111.2167 	Level image=waterlogo.jpg 	25
112.1826 	DATA 	Keypress: o
112.2002 	Level injecting via pump at address 0 	25
118.1856 	DATA 	Keypress: o
118.1868 	DATA 	Keypress: o
118.1878 	DATA 	Keypress: o
118.2176 	Level WAIT 	25
119.2006 	Level RINSE 	25
121.1856 	DATA 	Keypress: o
121.2173 	Level jitter 	25
125.1801 	Level finished 	25
125.1815 	DATA 	Keypress: o
125.1827 	DATA 	Keypress: o
125.2010 	Level image=waterlogo.jpg 	25
126.1827 	DATA 	Keypress: o
126.2012 	Level injecting via pump at address 0 	25
132.1860 	DATA 	Keypress: o
132.1875 	DATA 	Keypress: o
132.1888 	DATA 	Keypress: o
132.2018 	Level WAIT 	25
133.2015 	Level RINSE 	25
135.1852 	DATA 	Keypress: o
135.2016 	Level jitter 	25
139.1801 	Level finished 	25
139.1816 	DATA 	Keypress: o
139.1829 	DATA 	Keypress: o
139.2020 	Level image=tasty.jpg 	25
140.1829 	DATA 	Keypress: o
140.1854 	Level injecting via pump at address 1 	25
146.1861 	DATA 	Keypress: o
146.1875 	DATA 	Keypress: o
146.1888 	DATA 	Keypress: o
146.2195 	Level WAIT 	25
147.2025 	Level RINSE 	25
149.1854 	DATA 	Keypress: o
149.2026 	Level jitter 	25
155.1801 	Level finished 	25
155.1815 	DATA 	Keypress: o
155.1828 	DATA 	Keypress: o
155.1842 	DATA 	Keypress: o
155.2197 	Level image=waterlogo.jpg 	25
156.1824 	DATA 	Keypress: o
156.1869 	Level injecting via pump at address 0 	25
162.1861 	DATA 	Keypress: o
162.1876 	DATA 	Keypress: o
162.1888 	DATA 	Keypress: o
162.2035 	Level WAIT 	25
163.2036 	Level RINSE 	25
165.1854 	DATA 	Keypress: o
165.2037 	Level jitter 	25
168.1801 	Level finished 	25
168.1814 	DATA 	Keypress: o
168.1824 	DATA 	Keypress: o
168.2044 	Level image=tasty.jpg 	25
169.2041 	Level injecting via pump at address 1 	25
175.1861 	DATA 	Keypress: o
175.1875 	DATA 	Keypress: o
175.1888 	DATA 	Keypress: o
175.2044 	Level WAIT 	25
176.1826 	DATA 	Keypress: o
176.2045 	Level RINSE 	25
178.1855 	DATA 	Keypress: o
178.2050 	Level jitter 	25
181.1801 	Level finished 	25
181.1816 	DATA 	Keypress: o
181.2048 	Level image=waterlogo.jpg 	25
182.1829 	DATA 	Keypress: o
182.2049 	Level injecting via pump at address 0 	25
188.1863 	DATA 	Keypress: o
188.1877 	DATA 	Keypress: o
188.1890 	DATA 	Keypress: o
188.2057 	Level WAIT 	25
189.2054 	Level RINSE 	25
191.1851 	DATA 	Keypress: o
191.2055 	Level jitter 	25
195.1801 	Level finished 	25
195.1814 	DATA 	Keypress: o
195.1824 	DATA 	Keypress: o
195.2058 	Level image=waterlogo.jpg 	25
196.1829 	DATA 	Keypress: o
196.2059 	Level injecting via pump at address 0 	25
202.1853 	DATA 	Keypress: o
202.1865 	DATA 	Keypress: o
202.1876 	DATA 	Keypress: o
202.2067 	Level WAIT 	25
203.1897 	Level RINSE 	25
205.1863 	DATA 	Keypress: o
205.2065 	Level jitter 	25
210.1801 	Level finished 	25
210.1815 	DATA 	Keypress: o
210.1829 	DATA 	Keypress: o
210.1842 	DATA 	Keypress: o
210.2068 	Level image=tasty.jpg 	25
211.2069 	Level injecting via pump at address 1 	25
217.1857 	DATA 	Keypress: o
217.1872 	DATA 	Keypress: o
217.1884 	DATA 	Keypress: o
217.2077 	Level WAIT 	25
218.1826 	DATA 	Keypress: o
218.1907 	Level RINSE 	25
220.1849 	DATA 	Keypress: o
220.2075 	Level jitter 	25
223.1801 	Level finished 	25
223.1813 	DATA 	Keypress: o
223.2077 	Level image=waterlogo.jpg 	25
224.1825 	DATA 	Keypress: o
224.2078 	Level injecting via pump at address 0 	25
230.1853 	DATA 	Keypress: o
230.1866 	DATA 	Keypress: o
230.1876 	DATA 	Keypress: o
230.2087 	Level WAIT 	25
231.1915 	Level RINSE 	25
233.1846 	DATA 	Keypress: o
233.2084 	Level jitter 	25
241.1802 	Level finished 	25
241.1817 	DATA 	Keypress: o
241.1832 	DATA 	Keypress: o
241.1845 	DATA 	Keypress: o
241.1858 	DATA 	Keypress: o
241.2095 	Level image=tasty.jpg 	25
242.1825 	DATA 	Keypress: o
242.2091 	Level injecting via pump at address 1 	25
248.1852 	DATA 	Keypress: o
248.1864 	DATA 	Keypress: o
248.1876 	DATA 	Keypress: o
248.2094 	Level WAIT 	25
249.2095 	Level RINSE 	25
251.1855 	DATA 	Keypress: o
251.2100 	Level jitter 	25
253.1801 	Level finished 	25
253.1814 	DATA 	Keypress: o
253.1932 	Level image=tasty.jpg 	25
254.1826 	DATA 	Keypress: o
254.2099 	Level injecting via pump at address 1 	25
260.1865 	DATA 	Keypress: o
260.1879 	DATA 	Keypress: o
260.1892 	DATA 	Keypress: o
260.2102 	Level WAIT 	25
261.2107 	Level RINSE 	25
263.1852 	DATA 	Keypress: o
263.2104 	Level jitter 	25
265.1801 	Level finished 	25
265.1814 	DATA 	Keypress: o
265.1940 	Level image=waterlogo.jpg 	25
266.1825 	DATA 	Keypress: o
266.1941 	Level injecting via pump at address 0 	25
272.1856 	DATA 	Keypress: o
272.1872 	DATA 	Keypress: o
272.1887 	DATA 	Keypress: o
272.2116 	Level WAIT 	25
273.1945 	Level RINSE 	25
275.1858 	DATA 	Keypress: o
275.1946 	Level jitter 	25
278.1801 	Level finished 	25
278.1814 	DATA 	Keypress: o
278.1825 	DATA 	Keypress: o
278.1948 	Level image=tasty.jpg 	25
279.1950 	Level injecting via pump at address 1 	25
285.1862 	DATA 	Keypress: o
285.1876 	DATA 	Keypress: o
285.1889 	DATA 	Keypress: o
285.2125 	Level WAIT 	25
286.1825 	DATA 	Keypress: o
286.2122 	Level RINSE 	25
288.1855 	DATA 	Keypress: o
288.1955 	Level jitter 	25
290.1801 	Level finished 	25
290.1815 	DATA 	Keypress: o
290.1956 	Level image=waterlogo.jpg 	25
291.1958 	Level injecting via pump at address 0 	25
297.1857 	DATA 	Keypress: o
297.1870 	DATA 	Keypress: o
297.1880 	DATA 	Keypress: o
297.1967 	Level WAIT 	25
298.1825 	DATA 	Keypress: o
298.1963 	Level RINSE 	25
300.1852 	DATA 	Keypress: o
300.1963 	Level jitter 	25
301.1801 	Level finished 	25
301.1964 	Level image=tasty.jpg 	25
302.1826 	DATA 	Keypress: o
302.2133 	Level injecting via pump at address 1 	25
308.1863 	DATA 	Keypress: o
308.1876 	DATA 	Keypress: o
308.1887 	DATA 	Keypress: o
308.2140 	Level WAIT 	25
309.1970 	Level RINSE 	25
311.1846 	DATA 	Keypress: o
311.2138 	Level jitter 	25
313.1801 	Level finished 	25
313.1814 	DATA 	Keypress: o
313.1973 	Level image=waterlogo.jpg 	25
314.1826 	DATA 	Keypress: o
314.1974 	Level injecting via pump at address 0 	25
320.1856 	DATA 	Keypress: o
320.1869 	DATA 	Keypress: o
320.1882 	DATA 	Keypress: o
320.2148 	Level WAIT 	25
321.1978 	Level RINSE 	25
323.1852 	DATA 	Keypress: o
323.1980 	Level jitter 	25
329.1801 	Level finished 	25
329.1816 	DATA 	Keypress: o
329.1829 	DATA 	Keypress: o
329.1842 	DATA 	Keypress: o
329.2151 	Level image=waterlogo.jpg 	25
330.1826 	DATA 	Keypress: o
330.2157 	Level injecting via pump at address 0 	25
336.1859 	DATA 	Keypress: o
336.1874 	DATA 	Keypress: o
336.1887 	DATA 	Keypress: o
336.2155 	Level WAIT 	25
337.1989 	Level RINSE 	25
339.1854 	DATA 	Keypress: o
339.2157 	Level jitter 	25
342.1801 	Level finished 	25
342.1814 	DATA 	Keypress: o
342.1825 	DATA 	Keypress: o
342.2165 	Level image=tasty.jpg 	25
343.1994 	Level injecting via pump at address 1 	25
349.1859 	DATA 	Keypress: o
349.1873 	DATA 	Keypress: o
349.1886 	DATA 	Keypress: o
349.1997 	Level WAIT 	25
350.1825 	DATA 	Keypress: o
350.1998 	Level RINSE 	25
352.1850 	DATA 	Keypress: o
352.2170 	Level jitter 	25
360.1802 	Level finished 	25
360.1820 	DATA 	Keypress: o
360.1835 	DATA 	Keypress: o
360.1851 	DATA 	Keypress: o
360.1863 	DATA 	Keypress: o
360.2172 	Level image=waterlogo.jpg 	25
361.2006 	Level injecting via pump at address 0 	25
367.1861 	DATA 	Keypress: o
367.1875 	DATA 	Keypress: o
367.1888 	DATA 	Keypress: o
367.2180 	Level WAIT 	25
368.1835 	DATA 	Keypress: o
368.2011 	Level RINSE 	25
370.1848 	DATA 	Keypress: o
370.2013 	Level jitter 	25
375.1801 	Level finished 	25
375.1815 	DATA 	Keypress: o
375.1827 	DATA 	Keypress: o
375.2016 	Level image=tasty.jpg 	25
376.1827 	DATA 	Keypress: o
376.2016 	Level injecting via pump at address 1 	25
382.1855 	DATA 	Keypress: o
382.1868 	DATA 	Keypress: o
382.1882 	DATA 	Keypress: o
382.2025 	Level WAIT 	25
383.2022 	Level RINSE 	25
385.1858 	DATA 	Keypress: o
385.2023 	Level jitter 	25
389.1801 	Level finished 	25
389.1814 	DATA 	Keypress: o
389.1824 	DATA 	Keypress: o
389.2025 	Level image=waterlogo.jpg 	25
390.1828 	DATA 	Keypress: o
390.2026 	Level injecting via pump at address 0 	25
396.1860 	DATA 	Keypress: o
396.1874 	DATA 	Keypress: o
396.1886 	DATA 	Keypress: o
396.2035 	Level WAIT 	25
397.2031 	Level RINSE 	25
399.1852 	DATA 	Keypress: o
399.2033 	Level jitter 	25
404.1801 	Level finished 	25
404.1818 	DATA 	Keypress: o
404.1832 	DATA 	Keypress: o
404.1845 	DATA 	Keypress: o
404.2035 	Level image=tasty.jpg 	25
405.2036 	Level injecting via pump at address 1 	25
411.1855 	DATA 	Keypress: o
411.1869 	DATA 	Keypress: o
411.1880 	DATA 	Keypress: o
411.2045 	Level WAIT 	25
412.1830 	DATA 	Keypress: o
412.1874 	Level RINSE 	25
414.1854 	DATA 	Keypress: o
414.2043 	Level jitter 	25
423.1801 	Level finished 	25
423.1815 	DATA 	Keypress: o
423.1828 	DATA 	Keypress: o
423.1841 	DATA 	Keypress: o
423.1853 	DATA 	Keypress: o
423.2053 	Level image=waterlogo.jpg 	25
424.1831 	DATA 	Keypress: o
424.1883 	Level injecting via pump at address 0 	25
430.1855 	DATA 	Keypress: o
430.1865 	DATA 	Keypress: o
430.1875 	DATA 	Keypress: o
430.2053 	Level WAIT 	25
431.1887 	Level RINSE 	25
433.1859 	DATA 	Keypress: o
433.2059 	Level jitter 	25
442.1801 	Level finished 	25
442.1816 	DATA 	Keypress: o
442.1827 	DATA 	Keypress: o
442.1837 	DATA 	Keypress: o
442.1846 	DATA 	Keypress: o
442.1856 	DATA 	Keypress: o
442.2063 	Level image=tasty.jpg 	25
443.1900 	Level injecting via pump at address 1 	25
449.1858 	DATA 	Keypress: o
449.1873 	DATA 	Keypress: o
449.1883 	DATA 	Keypress: o
449.2066 	Level WAIT 	25
450.1830 	DATA 	Keypress: o
450.2067 	Level RINSE 	25
452.1855 	DATA 	Keypress: o
452.1902 	Level jitter 	25
456.1801 	Level finished 	25
456.1814 	DATA 	Keypress: o
456.1825 	DATA 	Keypress: o
456.2077 	Level image=tasty.jpg 	25
457.2074 	Level injecting via pump at address 1 	25
463.1856 	DATA 	Keypress: o
463.1870 	DATA 	Keypress: o
463.1883 	DATA 	Keypress: o
463.2076 	Level WAIT 	25
464.1826 	DATA 	Keypress: o
464.2077 	Level RINSE 	25
466.1846 	DATA 	Keypress: o
466.2082 	Level jitter 	25
469.1801 	Level finished 	25
469.1816 	DATA 	Keypress: o
469.2081 	Level image=waterlogo.jpg 	25
470.1826 	DATA 	Keypress: o
470.2082 	Level injecting via pump at address 0 	25
476.1862 	DATA 	Keypress: o
476.1876 	DATA 	Keypress: o
476.1888 	DATA 	Keypress: o
476.2089 	Level WAIT 	25
477.1919 	Level RINSE 	25
479.1855 	DATA 	Keypress: o
479.2087 	Level jitter 	25
480.1801 	Level finished 	25
480.1813 	DATA 	Keypress: o
480.2088 	Level image=tasty.jpg 	25
481.1924 	Level injecting via pump at address 1 	25
487.1854 	DATA 	Keypress: o
487.1866 	DATA 	Keypress: o
487.1877 	DATA 	Keypress: o
487.2097 	Level WAIT 	25
488.1826 	DATA 	Keypress: o
488.2093 	Level RINSE 	25
490.1856 	DATA 	Keypress: o
490.1927 	Level jitter 	25
497.1801 	Level finished 	25
497.1814 	DATA 	Keypress: o
497.1824 	DATA 	Keypress: o
497.1836 	DATA 	Keypress: o
497.2105 	Level image=waterlogo.jpg 	25
498.1825 	DATA 	Keypress: o
498.2102 	Level injecting via pump at address 0 	25
504.1858 	DATA 	Keypress: o
504.1872 	DATA 	Keypress: o
504.1884 	DATA 	Keypress: o
504.2104 	Level WAIT 	25
505.2105 	Level RINSE 	25
507.1864 	DATA 	Keypress: o
507.2110 	Level jitter 	25
508.1801 	Level finished 	25
508.1814 	DATA 	Keypress: o
508.2107 	Level image=tasty.jpg 	25
509.1942 	Level injecting via pump at address 1 	25
515.1866 	DATA 	Keypress: o
515.1880 	DATA 	Keypress: o
515.1893 	DATA 	Keypress: o
515.1945 	Level WAIT 	25
516.1827 	DATA 	Keypress: o
516.1946 	Level RINSE 	25
518.1853 	DATA 	Keypress: o
518.1951 	Level jitter 	25
524.1801 	Level finished 	25
