55.9936 	DATA 	Keypress: o
55.9944 	Level start key press 	25
57.9948 	DATA 	Keypress: o
60.0006 	DATA 	Keypress: o
61.9996 	DATA 	Keypress: o
64.0242 	DATA 	Keypress: o
64.0273 	Level image=tasty.jpg 	25
64.9728 	Level injecting via pump at address 1 	25
70.9671 	DATA 	Keypress: o
70.9683 	DATA 	Keypress: o
70.9693 	DATA 	Keypress: o
70.9752 	Level WAIT 	25
71.9702 	Level RINSE 	25
73.9751 	DATA 	Keypress: o
73.9795 	Level jitter 	25
82.9620 	Level finished 	25
82.9632 	DATA 	Keypress: o
82.9641 	DATA 	Keypress: o
82.9653 	DATA 	Keypress: o
82.9664 	DATA 	Keypress: o
82.9676 	DATA 	Keypress: o
82.9794 	Level image=waterlogo.jpg 	25
83.9737 	Level injecting via pump at address 0 	25
89.9672 	DATA 	Keypress: o
89.9684 	DATA 	Keypress: o
89.9696 	DATA 	Keypress: o
89.9760 	Level WAIT 	25
90.9648 	DATA 	Keypress: o
90.9700 	Level RINSE 	25
92.9673 	DATA 	Keypress: o
92.9764 	Level jitter 	25
96.9620 	Level finished 	25
96.9635 	DATA 	Keypress: o
96.9646 	DATA 	Keypress: o
96.9721 	Level image=tasty.jpg 	25
97.9677 	Level injecting via pump at address 1 	25
103.9665 	DATA 	Keypress: o
103.9676 	DATA 	Keypress: o
103.9685 	DATA 	Keypress: o
103.9830 	Level WAIT 	25
104.9647 	DATA 	Keypress: o
104.9809 	Level RINSE 	25
106.9670 	DATA 	Keypress: o
106.9701 	Level jitter 	25
110.9620 	Level finished 	25
110.9632 	DATA 	Keypress: o
110.9641 	DATA 	Keypress: o
110.9831 	Level image=waterlogo.jpg 	25
111.9675 	Level injecting via pump at address 0 	25
117.9674 	DATA 	Keypress: o
117.9687 	DATA 	Keypress: o
117.9701 	DATA 	Keypress: o
117.9797 	Level WAIT 	25
118.9644 	DATA 	Keypress: o
118.9684 	Level RINSE 	25
120.9670 	DATA 	Keypress: o
120.9805 	Level jitter 	25
124.9620 	Level finished 	25
124.9632 	DATA 	Keypress: o
124.9643 	DATA 	Keypress: o
124.9770 	Level image=waterlogo.jpg 	25
125.9686 	Level injecting via pump at address 0 	25
131.9664 	DATA 	Keypress: o
131.9677 	DATA 	Keypress: o
131.9689 	DATA 	Keypress: o
131.9733 	Level WAIT 	25
132.9643 	DATA 	Keypress: o
132.9674 	Level RINSE 	25
134.9670 	DATA 	Keypress: o
134.9700 	Level jitter 	25
138.9620 	Level finished 	25
138.9632 	DATA 	Keypress: o
138.9641 	DATA 	Keypress: o
138.9711 	Level image=tasty.jpg 	25
139.9705 	Level injecting via pump at address 1 	25
145.9665 	DATA 	Keypress: o
145.9675 	DATA 	Keypress: o
145.9684 	DATA 	Keypress: o
145.9719 	Level WAIT 	25
146.9643 	DATA 	Keypress: o
146.9717 	Level RINSE 	25
148.9666 	DATA 	Keypress: o
148.9718 	Level jitter 	25
154.9620 	Level finished 	25
154.9632 	DATA 	Keypress: o
154.9643 	DATA 	Keypress: o
154.9654 	DATA 	Keypress: o
154.9857 	Level image=waterlogo.jpg 	25
155.9726 	Level injecting via pump at address 0 	25
161.9666 	DATA 	Keypress: o
161.9676 	DATA 	Keypress: o
161.9686 	DATA 	Keypress: o
161.9730 	Level WAIT 	25
162.9648 	DATA 	Keypress: o
162.9736 	Level RINSE 	25
164.9665 	DATA 	Keypress: o
164.9736 	Level jitter 	25
167.9620 	Level finished 	25
167.9631 	DATA 	Keypress: o
167.9739 	Level image=tasty.jpg 	25
168.9647 	DATA 	Keypress: o
168.9741 	Level injecting via pump at address 1 	25
174.9672 	DATA 	Keypress: o
174.9684 	DATA 	Keypress: o
174.9696 	DATA 	Keypress: o
174.9751 	Level WAIT 	25
175.9751 	Level RINSE 	25
177.9671 	DATA 	Keypress: o
177.9757 	Level jitter 	25
180.9620 	Level finished 	25
180.9633 	DATA 	Keypress: o
180.9643 	DATA 	Keypress: o
180.9754 	Level image=waterlogo.jpg 	25
181.9755 	Level injecting via pump at address 0 	25
187.9672 	DATA 	Keypress: o
187.9683 	DATA 	Keypress: o
187.9692 	DATA 	Keypress: o
187.9759 	Level WAIT 	25
188.9648 	DATA 	Keypress: o
188.9750 	Level RINSE 	25
190.9663 	DATA 	Keypress: o
190.9768 	Level jitter 	25
194.9620 	Level finished 	25
194.9632 	DATA 	Keypress: o
194.9644 	DATA 	Keypress: o
194.9770 	Level image=waterlogo.jpg 	25
195.9721 	Level injecting via pump at address 0 	25
201.9669 	DATA 	Keypress: o
201.9681 	DATA 	Keypress: o
201.9692 	DATA 	Keypress: o
201.9747 	Level WAIT 	25
202.9648 	DATA 	Keypress: o
202.9692 	Level RINSE 	25
204.9670 	DATA 	Keypress: o
204.9745 	Level jitter 	25
209.9620 	Level finished 	25
209.9632 	DATA 	Keypress: o
209.9642 	DATA 	Keypress: o
209.9782 	Level image=tasty.jpg 	25
210.9646 	DATA 	Keypress: o
210.9768 	Level injecting via pump at address 1 	25
216.9664 	DATA 	Keypress: o
216.9674 	DATA 	Keypress: o
216.9684 	DATA 	Keypress: o
216.9794 	Level WAIT 	25
217.9743 	Level RINSE 	25
219.9672 	DATA 	Keypress: o
219.9805 	Level jitter 	25
222.9620 	Level finished 	25
222.9632 	DATA 	Keypress: o
222.9642 	DATA 	Keypress: o
222.9804 	Level image=waterlogo.jpg 	25
223.9755 	Level injecting via pump at address 0 	25
229.9679 	DATA 	Keypress: o
229.9689 	DATA 	Keypress: o
229.9698 	DATA 	Keypress: o
229.9779 	Level WAIT 	25
230.9644 	DATA 	Keypress: o
230.9728 	Level RINSE 	25
232.9670 	DATA 	Keypress: o
232.9788 	Level jitter 	25
240.9620 	Level finished 	25
240.9632 	DATA 	Keypress: o
240.9642 	DATA 	Keypress: o
240.9654 	DATA 	Keypress: o
240.9666 	DATA 	Keypress: o
240.9827 	Level image=tasty.jpg 	25
241.9662 	Level injecting via pump at address 1 	25
247.9678 	DATA 	Keypress: o
247.9688 	DATA 	Keypress: o
247.9697 	DATA 	Keypress: o
247.9835 	Level WAIT 	25
248.9648 	DATA 	Keypress: o
248.9786 	Level RINSE 	25
250.9663 	DATA 	Keypress: o
250.9837 	Level jitter 	25
252.9620 	Level finished 	25
252.9632 	DATA 	Keypress: o
252.9738 	Level image=tasty.jpg 	25
253.9677 	Level injecting via pump at address 1 	25
259.9674 	DATA 	Keypress: o
259.9686 	DATA 	Keypress: o
259.9698 	DATA 	Keypress: o
259.9841 	Level WAIT 	25
260.9644 	DATA 	Keypress: o
260.9681 	Level RINSE 	25
262.9664 	DATA 	Keypress: o
262.9718 	Level jitter 	25
264.9620 	Level finished 	25
264.9632 	DATA 	Keypress: o
264.9784 	Level image=waterlogo.jpg 	25
265.9689 	Level injecting via pump at address 0 	25
271.9663 	DATA 	Keypress: o
271.9677 	DATA 	Keypress: o
271.9689 	DATA 	Keypress: o
271.9749 	Level WAIT 	25
272.9647 	DATA 	Keypress: o
272.9691 	Level RINSE 	25
274.9664 	DATA 	Keypress: o
274.9696 	Level jitter 	25
277.9620 	Level finished 	25
277.9632 	DATA 	Keypress: o
277.9703 	Level image=tasty.jpg 	25
278.9643 	DATA 	Keypress: o
278.9698 	Level injecting via pump at address 1 	25
284.9669 	DATA 	Keypress: o
284.9680 	DATA 	Keypress: o
284.9690 	DATA 	Keypress: o
284.9736 	Level WAIT 	25
285.9685 	Level RINSE 	25
287.9676 	DATA 	Keypress: o
287.9709 	Level jitter 	25
289.9620 	Level finished 	25
289.9632 	DATA 	Keypress: o
289.9717 	Level image=waterlogo.jpg 	25
290.9644 	DATA 	Keypress: o
290.9720 	Level injecting via pump at address 0 	25
296.9663 	DATA 	Keypress: o
296.9674 	DATA 	Keypress: o
296.9685 	DATA 	Keypress: o
296.9721 	Level WAIT 	25
297.9720 	Level RINSE 	25
299.9669 	DATA 	Keypress: o
299.9720 	Level jitter 	25
300.9620 	Level finished 	25
300.9631 	DATA 	Keypress: o
300.9730 	Level image=tasty.jpg 	25
301.9682 	Level injecting via pump at address 1 	25
307.9670 	DATA 	Keypress: o
307.9682 	DATA 	Keypress: o
307.9691 	DATA 	Keypress: o
307.9738 	Level WAIT 	25
308.9644 	DATA 	Keypress: o
308.9737 	Level RINSE 	25
310.9668 	DATA 	Keypress: o
310.9712 	Level jitter 	25
312.9620 	Level finished 	25
312.9633 	DATA 	Keypress: o
312.9746 	Level image=waterlogo.jpg 	25
313.9717 	Level injecting via pump at address 0 	25
319.9667 	DATA 	Keypress: o
319.9677 	DATA 	Keypress: o
319.9686 	DATA 	Keypress: o
319.9743 	Level WAIT 	25
320.9649 	DATA 	Keypress: o
320.9691 	Level RINSE 	25
322.9674 	DATA 	Keypress: o
322.9751 	Level jitter 	25
328.9620 	Level finished 	25
328.9632 	DATA 	Keypress: o
328.9642 	DATA 	Keypress: o
328.9650 	DATA 	Keypress: o
328.9758 	Level image=waterlogo.jpg 	25
329.9718 	Level injecting via pump at address 0 	25
335.9663 	DATA 	Keypress: o
335.9674 	DATA 	Keypress: o
335.9686 	DATA 	Keypress: o
335.9738 	Level WAIT 	25
336.9643 	DATA 	Keypress: o
336.9687 	Level RINSE 	25
338.9663 	DATA 	Keypress: o
338.9749 	Level jitter 	25
341.9620 	Level finished 	25
341.9632 	DATA 	Keypress: o
341.9768 	Level image=tasty.jpg 	25
342.9644 	DATA 	Keypress: o
342.9709 	Level injecting via pump at address 1 	25
348.9664 	DATA 	Keypress: o
348.9675 	DATA 	Keypress: o
348.9688 	DATA 	Keypress: o
348.9733 	Level WAIT 	25
349.9675 	Level RINSE 	25
351.9673 	DATA 	Keypress: o
351.9736 	Level jitter 	25
359.9620 	Level finished 	25
359.9633 	DATA 	Keypress: o
359.9644 	DATA 	Keypress: o
359.9656 	DATA 	Keypress: o
359.9667 	DATA 	Keypress: o
359.9800 	Level image=waterlogo.jpg 	25
360.9653 	DATA 	Keypress: o
360.9768 	Level injecting via pump at address 0 	25
366.9673 	DATA 	Keypress: o
366.9685 	DATA 	Keypress: o
366.9697 	DATA 	Keypress: o
366.9785 	Level WAIT 	25
367.9733 	Level RINSE 	25
369.9672 	DATA 	Keypress: o
369.9794 	Level jitter 	25
374.9620 	Level finished 	25
374.9632 	DATA 	Keypress: o
374.9644 	DATA 	Keypress: o
374.9653 	DATA 	Keypress: o
374.9816 	Level image=tasty.jpg 	25
375.9817 	Level injecting via pump at address 1 	25
381.9675 	DATA 	Keypress: o
381.9687 	DATA 	Keypress: o
381.9699 	DATA 	Keypress: o
381.9826 	Level WAIT 	25
382.9644 	DATA 	Keypress: o
382.9780 	Level RINSE 	25
384.9666 	DATA 	Keypress: o
384.9821 	Level jitter 	25
388.9620 	Level finished 	25
388.9634 	DATA 	Keypress: o
388.9646 	DATA 	Keypress: o
388.9803 	Level image=waterlogo.jpg 	25
389.9664 	Level injecting via pump at address 0 	25
395.9682 	DATA 	Keypress: o
395.9693 	DATA 	Keypress: o
395.9703 	DATA 	Keypress: o
395.9780 	Level WAIT 	25
396.9648 	DATA 	Keypress: o
396.9727 	Level RINSE 	25
398.9684 	DATA 	Keypress: o
398.9778 	Level jitter 	25
403.9620 	Level finished 	25
403.9632 	DATA 	Keypress: o
403.9642 	DATA 	Keypress: o
403.9853 	Level image=tasty.jpg 	25
404.9643 	DATA 	Keypress: o
404.9686 	Level injecting via pump at address 1 	25
410.9674 	DATA 	Keypress: o
410.9686 	DATA 	Keypress: o
410.9697 	DATA 	Keypress: o
410.9827 	Level WAIT 	25
411.9694 	Level RINSE 	25
413.9671 	DATA 	Keypress: o
413.9835 	Level jitter 	25
422.9620 	Level finished 	25
422.9632 	DATA 	Keypress: o
422.9642 	DATA 	Keypress: o
422.9651 	DATA 	Keypress: o
422.9661 	DATA 	Keypress: o
422.9670 	DATA 	Keypress: o
422.9863 	Level image=waterlogo.jpg 	25
423.9710 	Level injecting via pump at address 0 	25
429.9670 	DATA 	Keypress: o
429.9681 	DATA 	Keypress: o
429.9693 	DATA 	Keypress: o
429.9833 	Level WAIT 	25
430.9644 	DATA 	Keypress: o
430.9714 	Level RINSE 	25
432.9677 	DATA 	Keypress: o
432.9713 	Level jitter 	25
441.9620 	Level finished 	25
441.9633 	DATA 	Keypress: o
441.9644 	DATA 	Keypress: o
441.9656 	DATA 	Keypress: o
441.9667 	DATA 	Keypress: o
441.9869 	Level image=tasty.jpg 	25
442.9651 	DATA 	Keypress: o
442.9733 	Level injecting via pump at address 1 	25
448.9672 	DATA 	Keypress: o
448.9683 	DATA 	Keypress: o
448.9694 	DATA 	Keypress: o
448.9728 	Level WAIT 	25
449.9734 	Level RINSE 	25
451.9673 	DATA 	Keypress: o
451.9734 	Level jitter 	25
455.9620 	Level finished 	25
455.9634 	DATA 	Keypress: o
455.9646 	DATA 	Keypress: o
455.9748 	Level image=tasty.jpg 	25
456.9648 	DATA 	Keypress: o
456.9746 	Level injecting via pump at address 1 	25
462.9664 	DATA 	Keypress: o
462.9676 	DATA 	Keypress: o
462.9687 	DATA 	Keypress: o
462.9749 	Level WAIT 	25
463.9721 	Level RINSE 	25
465.9664 	DATA 	Keypress: o
465.9753 	Level jitter 	25
468.9620 	Level finished 	25
468.9632 	DATA 	Keypress: o
468.9642 	DATA 	Keypress: o
468.9761 	Level image=waterlogo.jpg 	25
469.9743 	Level injecting via pump at address 0 	25
475.9668 	DATA 	Keypress: o
475.9678 	DATA 	Keypress: o
475.9687 	DATA 	Keypress: o
475.9758 	Level WAIT 	25
476.9648 	DATA 	Keypress: o
476.9704 	Level RINSE 	25
478.9673 	DATA 	Keypress: o
478.9767 	Level jitter 	25
479.9620 	Level finished 	25
479.9720 	Level image=tasty.jpg 	25
480.9647 	DATA 	Keypress: o
480.9775 	Level injecting via pump at address 1 	25
486.9664 	DATA 	Keypress: o
486.9676 	DATA 	Keypress: o
486.9687 	DATA 	Keypress: o
486.9784 	Level WAIT 	25
487.9781 	Level RINSE 	25
489.9674 	DATA 	Keypress: o
489.9780 	Level jitter 	25
496.9620 	Level finished 	25
496.9634 	DATA 	Keypress: o
496.9645 	DATA 	Keypress: o
496.9656 	DATA 	Keypress: o
496.9666 	DATA 	Keypress: o
496.9788 	Level image=waterlogo.jpg 	25
497.9776 	Level injecting via pump at address 0 	25
503.9663 	DATA 	Keypress: o
503.9673 	DATA 	Keypress: o
503.9682 	DATA 	Keypress: o
503.9798 	Level WAIT 	25
504.9644 	DATA 	Keypress: o
504.9749 	Level RINSE 	25
506.9674 	DATA 	Keypress: o
506.9803 	Level jitter 	25
507.9620 	Level finished 	25
507.9750 	Level image=tasty.jpg 	25
508.9651 	DATA 	Keypress: o
508.9709 	Level injecting via pump at address 1 	25
514.9667 	DATA 	Keypress: o
514.9677 	DATA 	Keypress: o
514.9687 	DATA 	Keypress: o
514.9719 	Level WAIT 	25
515.9674 	Level RINSE 	25
517.9674 	DATA 	Keypress: o
517.9738 	Level jitter 	25
523.9620 	Level finished 	25
