107.7738 	DATA 	Keypress: o
107.7746 	Level start key press 	25
109.7700 	DATA 	Keypress: o
111.7700 	DATA 	Keypress: o
113.7700 	DATA 	Keypress: o
115.7702 	DATA 	Keypress: o
116.3346 	Level image=waterlogo.jpg 	25
117.2513 	Level injecting via pump at address 0 	25
123.2403 	DATA 	Keypress: o
123.2416 	DATA 	Keypress: o
123.2428 	DATA 	Keypress: o
123.2521 	Level WAIT 	25
124.2371 	DATA 	Keypress: o
124.2517 	Level RINSE 	25
126.2478 	DATA 	Keypress: o
126.2686 	Level jitter 	25
132.2345 	Level finished 	25
132.2358 	DATA 	Keypress: o
132.2372 	DATA 	Keypress: o
132.2384 	DATA 	Keypress: o
132.2522 	Level image=tasty.jpg 	25
133.2529 	Level injecting via pump at address 1 	25
139.2400 	DATA 	Keypress: o
139.2412 	DATA 	Keypress: o
139.2425 	DATA 	Keypress: o
139.2527 	Level WAIT 	25
140.2372 	DATA 	Keypress: o
140.2528 	Level RINSE 	25
142.2403 	DATA 	Keypress: o
142.2529 	Level jitter 	25
148.2345 	Level finished 	25
148.2359 	DATA 	Keypress: o
148.2369 	DATA 	Keypress: o
148.2378 	DATA 	Keypress: o
148.2539 	Level image=tasty.jpg 	25
149.2536 	Level injecting via pump at address 1 	25
155.2394 	DATA 	Keypress: o
155.2404 	DATA 	Keypress: o
155.2414 	DATA 	Keypress: o
155.2538 	Level WAIT 	25
156.2372 	DATA 	Keypress: o
156.2707 	Level RINSE 	25
158.2396 	DATA 	Keypress: o
158.2545 	Level jitter 	25
160.2345 	Level finished 	25
160.2357 	DATA 	Keypress: o
160.2542 	Level image=waterlogo.jpg 	25
161.2543 	Level injecting via pump at address 0 	25
167.2394 	DATA 	Keypress: o
167.2404 	DATA 	Keypress: o
167.2417 	DATA 	Keypress: o
167.2546 	Level WAIT 	25
168.2371 	DATA 	Keypress: o
168.2552 	Level RINSE 	25
170.2413 	DATA 	Keypress: o
170.2548 	Level jitter 	25
176.2345 	Level finished 	25
176.2358 	DATA 	Keypress: o
176.2368 	DATA 	Keypress: o
176.2378 	DATA 	Keypress: o
176.2553 	Level image=tasty.jpg 	25
177.2555 	Level injecting via pump at address 1 	25
183.2398 	DATA 	Keypress: o
183.2411 	DATA 	Keypress: o
183.2421 	DATA 	Keypress: o
183.2561 	Level WAIT 	25
184.2380 	DATA 	Keypress: o
184.2559 	Level RINSE 	25
186.2403 	DATA 	Keypress: o
186.2559 	Level jitter 	25
191.2345 	Level finished 	25
191.2359 	DATA 	Keypress: o
191.2370 	DATA 	Keypress: o
191.2564 	Level image=waterlogo.jpg 	25
192.2370 	DATA 	Keypress: o
192.2565 	Level injecting via pump at address 0 	25
198.2397 	DATA 	Keypress: o
198.2408 	DATA 	Keypress: o
198.2417 	DATA 	Keypress: o
198.2572 	Level WAIT 	25
199.2569 	Level RINSE 	25
201.2407 	DATA 	Keypress: o
201.2570 	Level jitter 	25
206.2345 	Level finished 	25
206.2358 	DATA 	Keypress: o
206.2369 	DATA 	Keypress: o
206.2379 	DATA 	Keypress: o
206.2740 	Level image=tasty.jpg 	25
207.2576 	Level injecting via pump at address 1 	25
213.2398 	DATA 	Keypress: o
213.2411 	DATA 	Keypress: o
213.2423 	DATA 	Keypress: o
213.2582 	Level WAIT 	25
214.2371 	DATA 	Keypress: o
214.2579 	Level RINSE 	25
216.2402 	DATA 	Keypress: o
216.2580 	Level jitter 	25
222.2345 	Level finished 	25
222.2358 	DATA 	Keypress: o
222.2368 	DATA 	Keypress: o
222.2378 	DATA 	Keypress: o
222.2586 	Level image=waterlogo.jpg 	25
223.2591 	Level injecting via pump at address 0 	25
229.2390 	DATA 	Keypress: o
229.2400 	DATA 	Keypress: o
229.2410 	DATA 	Keypress: o
229.2589 	Level WAIT 	25
230.2371 	DATA 	Keypress: o
230.2590 	Level RINSE 	25
232.2390 	DATA 	Keypress: o
232.2591 	Level jitter 	25
235.2345 	Level finished 	25
235.2357 	DATA 	Keypress: o
235.2599 	Level image=tasty.jpg 	25
236.2370 	DATA 	Keypress: o
236.2596 	Level injecting via pump at address 1 	25
242.2394 	DATA 	Keypress: o
242.2405 	DATA 	Keypress: o
242.2415 	DATA 	Keypress: o
242.2598 	Level WAIT 	25
243.2600 	Level RINSE 	25
245.2393 	DATA 	Keypress: o
245.2604 	Level jitter 	25
253.2345 	Level finished 	25
253.2358 	DATA 	Keypress: o
253.2369 	DATA 	Keypress: o
253.2381 	DATA 	Keypress: o
253.2393 	DATA 	Keypress: o
253.2607 	Level image=waterlogo.jpg 	25
254.2369 	DATA 	Keypress: o
254.2607 	Level injecting via pump at address 0 	25
260.2404 	DATA 	Keypress: o
260.2418 	DATA 	Keypress: o
260.2429 	DATA 	Keypress: o
260.2615 	Level WAIT 	25
261.2611 	Level RINSE 	25
263.2396 	DATA 	Keypress: o
263.2613 	Level jitter 	25
265.2345 	Level finished 	25
265.2357 	DATA 	Keypress: o
265.2615 	Level image=tasty.jpg 	25
266.2377 	DATA 	Keypress: o
266.2448 	Level injecting via pump at address 1 	25
272.2398 	DATA 	Keypress: o
272.2410 	DATA 	Keypress: o
272.2420 	DATA 	Keypress: o
272.2623 	Level WAIT 	25
273.2453 	Level RINSE 	25
275.2399 	DATA 	Keypress: o
275.2455 	Level jitter 	25
284.2345 	Level finished 	25
284.2358 	DATA 	Keypress: o
284.2369 	DATA 	Keypress: o
284.2382 	DATA 	Keypress: o
284.2394 	DATA 	Keypress: o
284.2406 	DATA 	Keypress: o
284.2799 	Level image=waterlogo.jpg 	25
285.2462 	Level injecting via pump at address 0 	25
291.2391 	DATA 	Keypress: o
291.2404 	DATA 	Keypress: o
291.2416 	DATA 	Keypress: o
291.2466 	Level WAIT 	25
292.2374 	DATA 	Keypress: o
292.2633 	Level RINSE 	25
294.2403 	DATA 	Keypress: o
294.2472 	Level jitter 	25
296.2345 	Level finished 	25
296.2363 	DATA 	Keypress: o
296.2637 	Level image=tasty.jpg 	25
297.2470 	Level injecting via pump at address 1 	25
303.2391 	DATA 	Keypress: o
303.2403 	DATA 	Keypress: o
303.2413 	DATA 	Keypress: o
303.2474 	Level WAIT 	25
304.2374 	DATA 	Keypress: o
304.2480 	Level RINSE 	25
306.2399 	DATA 	Keypress: o
306.2476 	Level jitter 	25
309.2345 	Level finished 	25
309.2359 	DATA 	Keypress: o
309.2646 	Level image=waterlogo.jpg 	25
310.2383 	DATA 	Keypress: o
310.2478 	Level injecting via pump at address 0 	25
316.2403 	DATA 	Keypress: o
316.2417 	DATA 	Keypress: o
316.2429 	DATA 	Keypress: o
316.2488 	Level WAIT 	25
317.2484 	Level RINSE 	25
319.2391 	DATA 	Keypress: o
319.2486 	Level jitter 	25
323.2345 	Level finished 	25
323.2358 	DATA 	Keypress: o
323.2369 	DATA 	Keypress: o
323.2655 	Level image=tasty.jpg 	25
324.2371 	DATA 	Keypress: o
324.2656 	Level injecting via pump at address 1 	25
330.2416 	DATA 	Keypress: o
330.2429 	DATA 	Keypress: o
330.2441 	DATA 	Keypress: o
330.2663 	Level WAIT 	25
331.2493 	Level RINSE 	25
333.2391 	DATA 	Keypress: o
333.2661 	Level jitter 	25
334.2345 	Level finished 	25
334.2356 	DATA 	Keypress: o
334.2662 	Level image=waterlogo.jpg 	25
335.2497 	Level injecting via pump at address 0 	25
341.2412 	DATA 	Keypress: o
341.2429 	DATA 	Keypress: o
341.2444 	DATA 	Keypress: o
341.2503 	Level WAIT 	25
342.2374 	DATA 	Keypress: o
342.2501 	Level RINSE 	25
344.2399 	DATA 	Keypress: o
344.2502 	Level jitter 	25
347.2345 	Level finished 	25
347.2358 	DATA 	Keypress: o
347.2505 	Level image=tasty.jpg 	25
348.2368 	DATA 	Keypress: o
348.2507 	Level injecting via pump at address 1 	25
354.2399 	DATA 	Keypress: o
354.2412 	DATA 	Keypress: o
354.2424 	DATA 	Keypress: o
354.2513 	Level WAIT 	25
355.2509 	Level RINSE 	25
357.2392 	DATA 	Keypress: o
357.2511 	Level jitter 	25
365.2345 	Level finished 	25
365.2358 	DATA 	Keypress: o
365.2368 	DATA 	Keypress: o
365.2377 	DATA 	Keypress: o
365.2387 	DATA 	Keypress: o
365.2688 	Level image=tasty.jpg 	25
366.2377 	DATA 	Keypress: o
366.2518 	Level injecting via pump at address 1 	25
372.2404 	DATA 	Keypress: o
372.2418 	DATA 	Keypress: o
372.2430 	DATA 	Keypress: o
372.2521 	Level WAIT 	25
373.2522 	Level RINSE 	25
375.2395 	DATA 	Keypress: o
375.2528 	Level jitter 	25
379.2345 	Level finished 	25
379.2358 	DATA 	Keypress: o
379.2368 	DATA 	Keypress: o
379.2527 	Level image=waterlogo.jpg 	25
380.2382 	DATA 	Keypress: o
380.2527 	Level injecting via pump at address 0 	25
386.2406 	DATA 	Keypress: o
386.2418 	DATA 	Keypress: o
386.2431 	DATA 	Keypress: o
386.2702 	Level WAIT 	25
387.2532 	Level RINSE 	25
389.2400 	DATA 	Keypress: o
389.2533 	Level jitter 	25
392.2345 	Level finished 	25
392.2358 	DATA 	Keypress: o
392.2368 	DATA 	Keypress: o
392.2536 	Level image=tasty.jpg 	25
393.2537 	Level injecting via pump at address 1 	25
399.2398 	DATA 	Keypress: o
399.2410 	DATA 	Keypress: o
399.2418 	DATA 	Keypress: o
399.2711 	Level WAIT 	25
400.2370 	DATA 	Keypress: o
400.2541 	Level RINSE 	25
402.2397 	DATA 	Keypress: o
402.2542 	Level jitter 	25
407.2345 	Level finished 	25
407.2360 	DATA 	Keypress: o
407.2372 	DATA 	Keypress: o
407.2547 	Level image=waterlogo.jpg 	25
408.2370 	DATA 	Keypress: o
408.2547 	Level injecting via pump at address 0 	25
414.2398 	DATA 	Keypress: o
414.2409 	DATA 	Keypress: o
414.2418 	DATA 	Keypress: o
414.2554 	Level WAIT 	25
415.2551 	Level RINSE 	25
417.2401 	DATA 	Keypress: o
417.2552 	Level jitter 	25
422.2345 	Level finished 	25
422.2360 	DATA 	Keypress: o
422.2372 	DATA 	Keypress: o
422.2385 	DATA 	Keypress: o
422.2557 	Level image=waterlogo.jpg 	25
423.2557 	Level injecting via pump at address 0 	25
429.2395 	DATA 	Keypress: o
429.2407 	DATA 	Keypress: o
429.2416 	DATA 	Keypress: o
429.2565 	Level WAIT 	25
430.2369 	DATA 	Keypress: o
430.2562 	Level RINSE 	25
432.2392 	DATA 	Keypress: o
432.2563 	Level jitter 	25
441.2345 	Level finished 	25
441.2358 	DATA 	Keypress: o
441.2368 	DATA 	Keypress: o
441.2380 	DATA 	Keypress: o
441.2389 	DATA 	Keypress: o
441.2574 	Level image=tasty.jpg 	25
442.2378 	DATA 	Keypress: o
442.2570 	Level injecting via pump at address 1 	25
448.2391 	DATA 	Keypress: o
448.2402 	DATA 	Keypress: o
448.2411 	DATA 	Keypress: o
448.2574 	Level WAIT 	25
449.2576 	Level RINSE 	25
451.2418 	DATA 	Keypress: o
451.2581 	Level jitter 	25
453.2345 	Level finished 	25
453.2360 	DATA 	Keypress: o
453.2577 	Level image=waterlogo.jpg 	25
454.2369 	DATA 	Keypress: o
454.2579 	Level injecting via pump at address 0 	25
460.2405 	DATA 	Keypress: o
460.2419 	DATA 	Keypress: o
460.2432 	DATA 	Keypress: o
460.2582 	Level WAIT 	25
461.2588 	Level RINSE 	25
463.2391 	DATA 	Keypress: o
463.2584 	Level jitter 	25
466.2345 	Level finished 	25
466.2358 	DATA 	Keypress: o
466.2368 	DATA 	Keypress: o
466.2586 	Level image=waterlogo.jpg 	25
467.2587 	Level injecting via pump at address 0 	25
473.2404 	DATA 	Keypress: o
473.2418 	DATA 	Keypress: o
473.2430 	DATA 	Keypress: o
473.2595 	Level WAIT 	25
474.2375 	DATA 	Keypress: o
474.2592 	Level RINSE 	25
476.2397 	DATA 	Keypress: o
476.2593 	Level jitter 	25
481.2345 	Level finished 	25
481.2361 	DATA 	Keypress: o
481.2374 	DATA 	Keypress: o
481.2597 	Level image=tasty.jpg 	25
482.2371 	DATA 	Keypress: o
482.2598 	Level injecting via pump at address 1 	25
488.2401 	DATA 	Keypress: o
488.2414 	DATA 	Keypress: o
488.2426 	DATA 	Keypress: o
488.2605 	Level WAIT 	25
489.2602 	Level RINSE 	25
491.2416 	DATA 	Keypress: o
491.2604 	Level jitter 	25
493.2345 	Level finished 	25
493.2357 	DATA 	Keypress: o
493.2606 	Level image=tasty.jpg 	25
494.2372 	DATA 	Keypress: o
494.2439 	Level injecting via pump at address 1 	25
500.2399 	DATA 	Keypress: o
500.2409 	DATA 	Keypress: o
500.2420 	DATA 	Keypress: o
500.2614 	Level WAIT 	25
501.2610 	Level RINSE 	25
503.2398 	DATA 	Keypress: o
503.2446 	Level jitter 	25
510.2345 	Level finished 	25
510.2358 	DATA 	Keypress: o
510.2368 	DATA 	Keypress: o
510.2378 	DATA 	Keypress: o
510.2388 	DATA 	Keypress: o
510.2621 	Level image=waterlogo.jpg 	25
511.2618 	Level injecting via pump at address 0 	25
517.2404 	DATA 	Keypress: o
517.2421 	DATA 	Keypress: o
517.2436 	DATA 	Keypress: o
517.2621 	Level WAIT 	25
518.2370 	DATA 	Keypress: o
518.2622 	Level RINSE 	25
520.2396 	DATA 	Keypress: o
520.2628 	Level jitter 	25
523.2345 	Level finished 	25
523.2359 	DATA 	Keypress: o
523.2627 	Level image=tasty.jpg 	25
524.2369 	DATA 	Keypress: o
524.2627 	Level injecting via pump at address 1 	25
530.2402 	DATA 	Keypress: o
530.2415 	DATA 	Keypress: o
530.2428 	DATA 	Keypress: o
530.2634 	Level WAIT 	25
531.2466 	Level RINSE 	25
533.2419 	DATA 	Keypress: o
533.2632 	Level jitter 	25
535.2345 	Level finished 	25
535.2357 	DATA 	Keypress: o
535.2635 	Level image=waterlogo.jpg 	25
536.2373 	DATA 	Keypress: o
536.2636 	Level injecting via pump at address 0 	25
542.2418 	DATA 	Keypress: o
542.2436 	DATA 	Keypress: o
542.2452 	DATA 	Keypress: o
542.2643 	Level WAIT 	25
543.2639 	Level RINSE 	25
545.2396 	DATA 	Keypress: o
545.2641 	Level jitter 	25
553.2345 	Level finished 	25
553.2358 	DATA 	Keypress: o
553.2370 	DATA 	Keypress: o
553.2380 	DATA 	Keypress: o
553.2390 	DATA 	Keypress: o
553.2484 	Level image=tasty.jpg 	25
554.2373 	DATA 	Keypress: o
554.2481 	Level injecting via pump at address 1 	25
560.2396 	DATA 	Keypress: o
560.2406 	DATA 	Keypress: o
560.2416 	DATA 	Keypress: o
560.2651 	Level WAIT 	25
561.2652 	Level RINSE 	25
563.2420 	DATA 	Keypress: o
563.2658 	Level jitter 	25
565.2345 	Level finished 	25
565.2359 	DATA 	Keypress: o
565.2488 	Level image=waterlogo.jpg 	25
566.2371 	DATA 	Keypress: o
566.2489 	Level injecting via pump at address 0 	25
572.2411 	DATA 	Keypress: o
572.2429 	DATA 	Keypress: o
572.2444 	DATA 	Keypress: o
572.2659 	Level WAIT 	25
573.2498 	Level RINSE 	25
575.2393 	DATA 	Keypress: o
575.2496 	Level jitter 	25
582.2345 	Level finished 	25
