120.4356 	DATA 	Keypress: o
120.4365 	Level start key press 	25
122.4335 	DATA 	Keypress: o
124.4336 	DATA 	Keypress: o
126.4339 	DATA 	Keypress: o
128.4342 	DATA 	Keypress: o
128.8819 	Level image=waterlogo.jpg 	25
129.7820 	Level injecting via pump at address 0 	25
135.7701 	DATA 	Keypress: o
135.7714 	DATA 	Keypress: o
135.7724 	DATA 	Keypress: o
135.7829 	Level WAIT 	25
136.7674 	DATA 	Keypress: o
136.7827 	Level RINSE 	25
138.7810 	DATA 	Keypress: o
138.7995 	Level jitter 	25
144.7651 	Level finished 	25
144.7664 	DATA 	Keypress: o
144.7677 	DATA 	Keypress: o
144.7690 	DATA 	Keypress: o
144.8004 	Level image=tasty.jpg 	25
145.7842 	Level injecting via pump at address 1 	25
151.7701 	DATA 	Keypress: o
151.7713 	DATA 	Keypress: o
151.7723 	DATA 	Keypress: o
151.7844 	Level WAIT 	25
152.7679 	DATA 	Keypress: o
152.7846 	Level RINSE 	25
154.7697 	DATA 	Keypress: o
154.7848 	Level jitter 	25
160.7651 	Level finished 	25
160.7665 	DATA 	Keypress: o
160.7678 	DATA 	Keypress: o
160.7688 	DATA 	Keypress: o
160.7859 	Level image=tasty.jpg 	25
161.7856 	Level injecting via pump at address 1 	25
167.7709 	DATA 	Keypress: o
167.7725 	DATA 	Keypress: o
167.7739 	DATA 	Keypress: o
167.7864 	Level WAIT 	25
168.7674 	DATA 	Keypress: o
168.7865 	Level RINSE 	25
170.7708 	DATA 	Keypress: o
170.7871 	Level jitter 	25
172.7651 	Level finished 	25
172.7663 	DATA 	Keypress: o
172.8036 	Level image=waterlogo.jpg 	25
173.7871 	Level injecting via pump at address 0 	25
179.7709 	DATA 	Keypress: o
179.7724 	DATA 	Keypress: o
179.7737 	DATA 	Keypress: o
179.7877 	Level WAIT 	25
180.7678 	DATA 	Keypress: o
180.7883 	Level RINSE 	25
182.7700 	DATA 	Keypress: o
182.7881 	Level jitter 	25
188.7651 	Level finished 	25
188.7665 	DATA 	Keypress: o
188.7677 	DATA 	Keypress: o
188.7687 	DATA 	Keypress: o
188.7888 	Level image=tasty.jpg 	25
189.7889 	Level injecting via pump at address 1 	25
195.7702 	DATA 	Keypress: o
195.7713 	DATA 	Keypress: o
195.7725 	DATA 	Keypress: o
195.7900 	Level WAIT 	25
196.7675 	DATA 	Keypress: o
196.7898 	Level RINSE 	25
198.7705 	DATA 	Keypress: o
198.7900 	Level jitter 	25
203.7651 	Level finished 	25
203.7664 	DATA 	Keypress: o
203.7674 	DATA 	Keypress: o
203.7905 	Level image=waterlogo.jpg 	25
204.7679 	DATA 	Keypress: o
204.7740 	Level injecting via pump at address 0 	25
210.7710 	DATA 	Keypress: o
210.7726 	DATA 	Keypress: o
210.7739 	DATA 	Keypress: o
210.7918 	Level WAIT 	25
211.7915 	Level RINSE 	25
213.7704 	DATA 	Keypress: o
213.7750 	Level jitter 	25
218.7651 	Level finished 	25
218.7664 	DATA 	Keypress: o
218.7677 	DATA 	Keypress: o
218.7689 	DATA 	Keypress: o
218.7923 	Level image=tasty.jpg 	25
219.7757 	Level injecting via pump at address 1 	25
225.7706 	DATA 	Keypress: o
225.7718 	DATA 	Keypress: o
225.7731 	DATA 	Keypress: o
225.7935 	Level WAIT 	25
226.7679 	DATA 	Keypress: o
226.7766 	Level RINSE 	25
228.7699 	DATA 	Keypress: o
228.7935 	Level jitter 	25
234.7651 	Level finished 	25
234.7663 	DATA 	Keypress: o
234.7672 	DATA 	Keypress: o
234.7682 	DATA 	Keypress: o
234.7942 	Level image=waterlogo.jpg 	25
235.7781 	Level injecting via pump at address 0 	25
241.7712 	DATA 	Keypress: o
241.7727 	DATA 	Keypress: o
241.7739 	DATA 	Keypress: o
241.7783 	Level WAIT 	25
242.7677 	DATA 	Keypress: o
242.7784 	Level RINSE 	25
244.7702 	DATA 	Keypress: o
244.7786 	Level jitter 	25
247.7651 	Level finished 	25
247.7663 	DATA 	Keypress: o
247.7961 	Level image=tasty.jpg 	25
248.7681 	DATA 	Keypress: o
248.7791 	Level injecting via pump at address 1 	25
254.7706 	DATA 	Keypress: o
254.7719 	DATA 	Keypress: o
254.7730 	DATA 	Keypress: o
254.7799 	Level WAIT 	25
255.7799 	Level RINSE 	25
257.7703 	DATA 	Keypress: o
257.7805 	Level jitter 	25
265.7651 	Level finished 	25
265.7666 	DATA 	Keypress: o
265.7679 	DATA 	Keypress: o
265.7689 	DATA 	Keypress: o
265.7701 	DATA 	Keypress: o
265.7978 	Level image=waterlogo.jpg 	25
266.7678 	DATA 	Keypress: o
266.7813 	Level injecting via pump at address 0 	25
272.7706 	DATA 	Keypress: o
272.7719 	DATA 	Keypress: o
272.7732 	DATA 	Keypress: o
272.7991 	Level WAIT 	25
273.7821 	Level RINSE 	25
275.7700 	DATA 	Keypress: o
275.7989 	Level jitter 	25
277.7651 	Level finished 	25
277.7662 	DATA 	Keypress: o
277.7826 	Level image=tasty.jpg 	25
278.7679 	DATA 	Keypress: o
278.7994 	Level injecting via pump at address 1 	25
284.7703 	DATA 	Keypress: o
284.7714 	DATA 	Keypress: o
284.7723 	DATA 	Keypress: o
284.8004 	Level WAIT 	25
285.7834 	Level RINSE 	25
287.7700 	DATA 	Keypress: o
287.8004 	Level jitter 	25
296.7651 	Level finished 	25
296.7663 	DATA 	Keypress: o
296.7673 	DATA 	Keypress: o
296.7682 	DATA 	Keypress: o
296.7692 	DATA 	Keypress: o
296.7702 	DATA 	Keypress: o
296.8019 	Level image=waterlogo.jpg 	25
297.7850 	Level injecting via pump at address 0 	25
303.7712 	DATA 	Keypress: o
303.7728 	DATA 	Keypress: o
303.7740 	DATA 	Keypress: o
303.8022 	Level WAIT 	25
304.7676 	DATA 	Keypress: o
304.7856 	Level RINSE 	25
306.7700 	DATA 	Keypress: o
306.8029 	Level jitter 	25
308.7651 	Level finished 	25
308.7665 	DATA 	Keypress: o
308.7862 	Level image=tasty.jpg 	25
309.7863 	Level injecting via pump at address 1 	25
315.7694 	DATA 	Keypress: o
315.7706 	DATA 	Keypress: o
315.7718 	DATA 	Keypress: o
315.7869 	Level WAIT 	25
316.7674 	DATA 	Keypress: o
316.7708 	Level RINSE 	25
318.7711 	DATA 	Keypress: o
318.7873 	Level jitter 	25
321.7651 	Level finished 	25
321.7663 	DATA 	Keypress: o
321.7877 	Level image=waterlogo.jpg 	25
322.7675 	DATA 	Keypress: o
322.7879 	Level injecting via pump at address 0 	25
328.7699 	DATA 	Keypress: o
328.7711 	DATA 	Keypress: o
328.7723 	DATA 	Keypress: o
328.8054 	Level WAIT 	25
329.7719 	Level RINSE 	25
331.7702 	DATA 	Keypress: o
331.7888 	Level jitter 	25
335.7651 	Level finished 	25
335.7665 	DATA 	Keypress: o
335.7678 	DATA 	Keypress: o
335.7893 	Level image=tasty.jpg 	25
336.7677 	DATA 	Keypress: o
336.7894 	Level injecting via pump at address 1 	25
342.7700 	DATA 	Keypress: o
342.7713 	DATA 	Keypress: o
342.7724 	DATA 	Keypress: o
342.7905 	Level WAIT 	25
343.7902 	Level RINSE 	25
345.7700 	DATA 	Keypress: o
345.7905 	Level jitter 	25
346.7651 	Level finished 	25
346.7662 	DATA 	Keypress: o
346.7906 	Level image=waterlogo.jpg 	25
347.7741 	Level injecting via pump at address 0 	25
353.7707 	DATA 	Keypress: o
353.7719 	DATA 	Keypress: o
353.7732 	DATA 	Keypress: o
353.7919 	Level WAIT 	25
354.7679 	DATA 	Keypress: o
354.7748 	Level RINSE 	25
356.7705 	DATA 	Keypress: o
356.7918 	Level jitter 	25
359.7651 	Level finished 	25
359.7663 	DATA 	Keypress: o
359.7922 	Level image=tasty.jpg 	25
360.7678 	DATA 	Keypress: o
360.7756 	Level injecting via pump at address 1 	25
366.7702 	DATA 	Keypress: o
366.7711 	DATA 	Keypress: o
366.7720 	DATA 	Keypress: o
366.7767 	Level WAIT 	25
367.7764 	Level RINSE 	25
369.7702 	DATA 	Keypress: o
369.7765 	Level jitter 	25
377.7651 	Level finished 	25
377.7663 	DATA 	Keypress: o
377.7674 	DATA 	Keypress: o
377.7684 	DATA 	Keypress: o
377.7693 	DATA 	Keypress: o
377.7946 	Level image=tasty.jpg 	25
378.7674 	DATA 	Keypress: o
378.7943 	Level injecting via pump at address 1 	25
384.7706 	DATA 	Keypress: o
384.7721 	DATA 	Keypress: o
384.7734 	DATA 	Keypress: o
384.7949 	Level WAIT 	25
385.7785 	Level RINSE 	25
387.7699 	DATA 	Keypress: o
387.7957 	Level jitter 	25
391.7651 	Level finished 	25
391.7664 	DATA 	Keypress: o
391.7676 	DATA 	Keypress: o
391.7792 	Level image=waterlogo.jpg 	25
392.7679 	DATA 	Keypress: o
392.7794 	Level injecting via pump at address 0 	25
398.7705 	DATA 	Keypress: o
398.7718 	DATA 	Keypress: o
398.7729 	DATA 	Keypress: o
398.7971 	Level WAIT 	25
399.7801 	Level RINSE 	25
401.7702 	DATA 	Keypress: o
401.7803 	Level jitter 	25
404.7651 	Level finished 	25
404.7664 	DATA 	Keypress: o
404.7676 	DATA 	Keypress: o
404.7807 	Level image=tasty.jpg 	25
405.7809 	Level injecting via pump at address 1 	25
411.7700 	DATA 	Keypress: o
411.7713 	DATA 	Keypress: o
411.7723 	DATA 	Keypress: o
411.7984 	Level WAIT 	25
412.7675 	DATA 	Keypress: o
412.7983 	Level RINSE 	25
414.7701 	DATA 	Keypress: o
414.7818 	Level jitter 	25
419.7651 	Level finished 	25
419.7665 	DATA 	Keypress: o
419.7677 	DATA 	Keypress: o
419.7825 	Level image=waterlogo.jpg 	25
420.7678 	DATA 	Keypress: o
420.7827 	Level injecting via pump at address 0 	25
426.7702 	DATA 	Keypress: o
426.7714 	DATA 	Keypress: o
426.7726 	DATA 	Keypress: o
426.7836 	Level WAIT 	25
427.7834 	Level RINSE 	25
429.7699 	DATA 	Keypress: o
429.7836 	Level jitter 	25
434.7651 	Level finished 	25
434.7664 	DATA 	Keypress: o
434.7677 	DATA 	Keypress: o
434.7689 	DATA 	Keypress: o
434.8008 	Level image=waterlogo.jpg 	25
435.7844 	Level injecting via pump at address 0 	25
441.7708 	DATA 	Keypress: o
441.7722 	DATA 	Keypress: o
441.7734 	DATA 	Keypress: o
441.7853 	Level WAIT 	25
442.7679 	DATA 	Keypress: o
442.7852 	Level RINSE 	25
444.7701 	DATA 	Keypress: o
444.7853 	Level jitter 	25
453.7651 	Level finished 	25
453.7666 	DATA 	Keypress: o
453.7678 	DATA 	Keypress: o
453.7689 	DATA 	Keypress: o
453.7702 	DATA 	Keypress: o
453.8035 	Level image=tasty.jpg 	25
454.7679 	DATA 	Keypress: o
454.7865 	Level injecting via pump at address 1 	25
460.7709 	DATA 	Keypress: o
460.7720 	DATA 	Keypress: o
460.7729 	DATA 	Keypress: o
460.7872 	Level WAIT 	25
461.7873 	Level RINSE 	25
463.7700 	DATA 	Keypress: o
463.7880 	Level jitter 	25
465.7651 	Level finished 	25
465.7662 	DATA 	Keypress: o
465.7879 	Level image=waterlogo.jpg 	25
466.7678 	DATA 	Keypress: o
466.7881 	Level injecting via pump at address 0 	25
472.7710 	DATA 	Keypress: o
472.7723 	DATA 	Keypress: o
472.7733 	DATA 	Keypress: o
472.7886 	Level WAIT 	25
473.7891 	Level RINSE 	25
475.7695 	DATA 	Keypress: o
475.7724 	Level jitter 	25
478.7651 	Level finished 	25
478.7662 	DATA 	Keypress: o
478.7672 	DATA 	Keypress: o
478.8060 	Level image=waterlogo.jpg 	25
479.7729 	Level injecting via pump at address 0 	25
485.7708 	DATA 	Keypress: o
485.7722 	DATA 	Keypress: o
485.7734 	DATA 	Keypress: o
485.7905 	Level WAIT 	25
486.7677 	DATA 	Keypress: o
486.7903 	Level RINSE 	25
488.7705 	DATA 	Keypress: o
488.7905 	Level jitter 	25
493.7651 	Level finished 	25
493.7665 	DATA 	Keypress: o
493.7677 	DATA 	Keypress: o
493.7912 	Level image=tasty.jpg 	25
494.7681 	DATA 	Keypress: o
494.7745 	Level injecting via pump at address 1 	25
500.7702 	DATA 	Keypress: o
500.7714 	DATA 	Keypress: o
500.7724 	DATA 	Keypress: o
500.7756 	Level WAIT 	25
501.7754 	Level RINSE 	25
503.7713 	DATA 	Keypress: o
503.7755 	Level jitter 	25
505.7651 	Level finished 	25
505.7662 	DATA 	Keypress: o
505.7925 	Level image=tasty.jpg 	25
506.7676 	DATA 	Keypress: o
506.7927 	Level injecting via pump at address 1 	25
512.7706 	DATA 	Keypress: o
512.7718 	DATA 	Keypress: o
512.7728 	DATA 	Keypress: o
512.7937 	Level WAIT 	25
513.7768 	Level RINSE 	25
515.7698 	DATA 	Keypress: o
515.7936 	Level jitter 	25
522.7651 	Level finished 	25
522.7664 	DATA 	Keypress: o
522.7678 	DATA 	Keypress: o
522.7689 	DATA 	Keypress: o
522.7699 	DATA 	Keypress: o
522.7949 	Level image=waterlogo.jpg 	25
523.7780 	Level injecting via pump at address 0 	25
529.7702 	DATA 	Keypress: o
529.7712 	DATA 	Keypress: o
529.7724 	DATA 	Keypress: o
529.7953 	Level WAIT 	25
530.7677 	DATA 	Keypress: o
530.7954 	Level RINSE 	25
532.7708 	DATA 	Keypress: o
532.7794 	Level jitter 	25
535.7651 	Level finished 	25
535.7663 	DATA 	Keypress: o
535.7793 	Level image=tasty.jpg 	25
536.7679 	DATA 	Keypress: o
536.7794 	Level injecting via pump at address 1 	25
542.7712 	DATA 	Keypress: o
542.7724 	DATA 	Keypress: o
542.7736 	DATA 	Keypress: o
542.7971 	Level WAIT 	25
543.7970 	Level RINSE 	25
545.7705 	DATA 	Keypress: o
545.7805 	Level jitter 	25
547.7651 	Level finished 	25
547.7662 	DATA 	Keypress: o
547.7808 	Level image=waterlogo.jpg 	25
548.7676 	DATA 	Keypress: o
548.7810 	Level injecting via pump at address 0 	25
554.7698 	DATA 	Keypress: o
554.7708 	DATA 	Keypress: o
554.7718 	DATA 	Keypress: o
554.7819 	Level WAIT 	25
555.7816 	Level RINSE 	25
557.7700 	DATA 	Keypress: o
557.7819 	Level jitter 	25
565.7651 	Level finished 	25
565.7665 	DATA 	Keypress: o
565.7679 	DATA 	Keypress: o
565.7689 	DATA 	Keypress: o
565.7700 	DATA 	Keypress: o
565.8000 	Level image=tasty.jpg 	25
566.7678 	DATA 	Keypress: o
566.7830 	Level injecting via pump at address 1 	25
572.7701 	DATA 	Keypress: o
572.7713 	DATA 	Keypress: o
572.7723 	DATA 	Keypress: o
572.7836 	Level WAIT 	25
573.7838 	Level RINSE 	25
575.7706 	DATA 	Keypress: o
575.7844 	Level jitter 	25
577.7651 	Level finished 	25
577.7663 	DATA 	Keypress: o
577.8009 	Level image=waterlogo.jpg 	25
578.7677 	DATA 	Keypress: o
578.7844 	Level injecting via pump at address 0 	25
584.7709 	DATA 	Keypress: o
584.7723 	DATA 	Keypress: o
584.7737 	DATA 	Keypress: o
584.8017 	Level WAIT 	25
585.7856 	Level RINSE 	25
587.7698 	DATA 	Keypress: o
587.8021 	Level jitter 	25
594.7651 	Level finished 	25
