96.0131 	DATA 	Keypress: o
96.0139 	Level start key press 	25
98.0229 	DATA 	Keypress: o
100.0208 	DATA 	Keypress: o
102.0188 	DATA 	Keypress: o
104.0883 	DATA 	Keypress: o
104.0988 	Level image=waterlogo.jpg 	25
105.0159 	Level injecting via pump at address 0 	25
111.0035 	DATA 	Keypress: o
111.0047 	DATA 	Keypress: o
111.0059 	DATA 	Keypress: o
111.0168 	Level WAIT 	25
112.0133 	Level RINSE 	25
114.0121 	DATA 	Keypress: o
114.0134 	DATA 	Keypress: o
114.0166 	Level jitter 	25
119.9988 	Level finished 	25
119.9999 	DATA 	Keypress: o
120.0010 	DATA 	Keypress: o
120.0175 	Level image=tasty.jpg 	25
121.0014 	DATA 	Keypress: o
121.0170 	Level injecting via pump at address 1 	25
127.0037 	DATA 	Keypress: o
127.0049 	DATA 	Keypress: o
127.0061 	DATA 	Keypress: o
127.0179 	Level WAIT 	25
128.0131 	Level RINSE 	25
130.0031 	DATA 	Keypress: o
130.0180 	Level jitter 	25
135.9988 	Level finished 	25
136.0002 	DATA 	Keypress: o
136.0014 	DATA 	Keypress: o
136.0023 	DATA 	Keypress: o
136.0201 	Level image=tasty.jpg 	25
137.0010 	DATA 	Keypress: o
137.0167 	Level injecting via pump at address 1 	25
143.0039 	DATA 	Keypress: o
143.0049 	DATA 	Keypress: o
143.0059 	DATA 	Keypress: o
143.0186 	Level WAIT 	25
144.0039 	Level RINSE 	25
146.0030 	DATA 	Keypress: o
146.0202 	Level jitter 	25
147.9988 	Level finished 	25
147.9999 	DATA 	Keypress: o
148.0097 	Level image=waterlogo.jpg 	25
149.0012 	DATA 	Keypress: o
149.0045 	Level injecting via pump at address 0 	25
155.0040 	DATA 	Keypress: o
155.0053 	DATA 	Keypress: o
155.0065 	DATA 	Keypress: o
155.0212 	Level WAIT 	25
156.0057 	Level RINSE 	25
158.0031 	DATA 	Keypress: o
158.0074 	Level jitter 	25
163.9988 	Level finished 	25
164.0000 	DATA 	Keypress: o
164.0010 	DATA 	Keypress: o
164.0021 	DATA 	Keypress: o
164.0093 	Level image=tasty.jpg 	25
165.0014 	DATA 	Keypress: o
165.0058 	Level injecting via pump at address 1 	25
171.0039 	DATA 	Keypress: o
171.0050 	DATA 	Keypress: o
171.0060 	DATA 	Keypress: o
171.0232 	Level WAIT 	25
172.0071 	Level RINSE 	25
174.0041 	DATA 	Keypress: o
174.0072 	Level jitter 	25
178.9988 	Level finished 	25
179.0004 	DATA 	Keypress: o
179.0018 	DATA 	Keypress: o
179.0030 	DATA 	Keypress: o
179.0144 	Level image=waterlogo.jpg 	25
180.0074 	Level injecting via pump at address 0 	25
186.0035 	DATA 	Keypress: o
186.0045 	DATA 	Keypress: o
186.0055 	DATA 	Keypress: o
186.0090 	Level WAIT 	25
187.0013 	DATA 	Keypress: o
187.0057 	Level RINSE 	25
189.0042 	DATA 	Keypress: o
189.0087 	Level jitter 	25
193.9988 	Level finished 	25
194.0001 	DATA 	Keypress: o
194.0011 	DATA 	Keypress: o
194.0091 	Level image=tasty.jpg 	25
195.0015 	DATA 	Keypress: o
195.0093 	Level injecting via pump at address 1 	25
201.0042 	DATA 	Keypress: o
201.0054 	DATA 	Keypress: o
201.0066 	DATA 	Keypress: o
201.0103 	Level WAIT 	25
202.0105 	Level RINSE 	25
204.0037 	DATA 	Keypress: o
204.0102 	Level jitter 	25
209.9988 	Level finished 	25
210.0001 	DATA 	Keypress: o
210.0013 	DATA 	Keypress: o
210.0025 	DATA 	Keypress: o
210.0189 	Level image=waterlogo.jpg 	25
211.0013 	DATA 	Keypress: o
211.0113 	Level injecting via pump at address 0 	25
217.0035 	DATA 	Keypress: o
217.0045 	DATA 	Keypress: o
217.0055 	DATA 	Keypress: o
217.0122 	Level WAIT 	25
218.0104 	Level RINSE 	25
220.0040 	DATA 	Keypress: o
220.0123 	Level jitter 	25
222.9988 	Level finished 	25
223.0000 	DATA 	Keypress: o
223.0013 	DATA 	Keypress: o
223.0133 	Level image=tasty.jpg 	25
224.0125 	Level injecting via pump at address 1 	25
230.0041 	DATA 	Keypress: o
230.0053 	DATA 	Keypress: o
230.0065 	DATA 	Keypress: o
230.0129 	Level WAIT 	25
231.0011 	DATA 	Keypress: o
231.0087 	Level RINSE 	25
233.0038 	DATA 	Keypress: o
233.0143 	Level jitter 	25
240.9988 	Level finished 	25
241.0000 	DATA 	Keypress: o
241.0009 	DATA 	Keypress: o
241.0018 	DATA 	Keypress: o
241.0027 	DATA 	Keypress: o
241.0147 	Level image=waterlogo.jpg 	25
242.0149 	Level injecting via pump at address 0 	25
248.0038 	DATA 	Keypress: o
248.0049 	DATA 	Keypress: o
248.0061 	DATA 	Keypress: o
248.0155 	Level WAIT 	25
249.0011 	DATA 	Keypress: o
249.0147 	Level RINSE 	25
251.0037 	DATA 	Keypress: o
251.0158 	Level jitter 	25
252.9988 	Level finished 	25
253.0001 	DATA 	Keypress: o
253.0110 	Level image=tasty.jpg 	25
254.0050 	Level injecting via pump at address 1 	25
260.0043 	DATA 	Keypress: o
260.0056 	DATA 	Keypress: o
260.0067 	DATA 	Keypress: o
260.0174 	Level WAIT 	25
261.0011 	DATA 	Keypress: o
261.0174 	Level RINSE 	25
263.0040 	DATA 	Keypress: o
263.0083 	Level jitter 	25
271.9988 	Level finished 	25
272.0000 	DATA 	Keypress: o
272.0011 	DATA 	Keypress: o
272.0023 	DATA 	Keypress: o
272.0034 	DATA 	Keypress: o
272.0121 	Level image=waterlogo.jpg 	25
273.0015 	DATA 	Keypress: o
273.0059 	Level injecting via pump at address 0 	25
279.0049 	DATA 	Keypress: o
279.0065 	DATA 	Keypress: o
279.0080 	DATA 	Keypress: o
279.0192 	Level WAIT 	25
280.0030 	Level RINSE 	25
282.0037 	DATA 	Keypress: o
282.0096 	Level jitter 	25
283.9988 	Level finished 	25
283.9999 	DATA 	Keypress: o
284.0159 	Level image=tasty.jpg 	25
285.0015 	DATA 	Keypress: o
285.0104 	Level injecting via pump at address 1 	25
291.0038 	DATA 	Keypress: o
291.0048 	DATA 	Keypress: o
291.0058 	DATA 	Keypress: o
291.0126 	Level WAIT 	25
292.0042 	Level RINSE 	25
294.0040 	DATA 	Keypress: o
294.0128 	Level jitter 	25
296.9988 	Level finished 	25
297.0000 	DATA 	Keypress: o
297.0009 	DATA 	Keypress: o
297.0141 	Level image=waterlogo.jpg 	25
298.0051 	Level injecting via pump at address 0 	25
304.0046 	DATA 	Keypress: o
304.0059 	DATA 	Keypress: o
304.0071 	DATA 	Keypress: o
304.0117 	Level WAIT 	25
305.0015 	DATA 	Keypress: o
305.0062 	Level RINSE 	25
307.0032 	DATA 	Keypress: o
307.0064 	Level jitter 	25
310.9988 	Level finished 	25
311.0000 	DATA 	Keypress: o
311.0009 	DATA 	Keypress: o
311.0080 	Level image=tasty.jpg 	25
312.0028 	Level injecting via pump at address 1 	25
318.0032 	DATA 	Keypress: o
318.0043 	DATA 	Keypress: o
318.0053 	DATA 	Keypress: o
318.0214 	Level WAIT 	25
319.0011 	DATA 	Keypress: o
319.0072 	Level RINSE 	25
321.0033 	DATA 	Keypress: o
321.0079 	Level jitter 	25
321.9988 	Level finished 	25
322.0082 	Level image=waterlogo.jpg 	25
323.0015 	DATA 	Keypress: o
323.0082 	Level injecting via pump at address 0 	25
329.0032 	DATA 	Keypress: o
329.0043 	DATA 	Keypress: o
329.0053 	DATA 	Keypress: o
329.0087 	Level WAIT 	25
330.0086 	Level RINSE 	25
332.0037 	DATA 	Keypress: o
332.0088 	Level jitter 	25
334.9988 	Level finished 	25
335.0002 	DATA 	Keypress: o
335.0014 	DATA 	Keypress: o
335.0095 	Level image=tasty.jpg 	25
336.0090 	Level injecting via pump at address 1 	25
342.0037 	DATA 	Keypress: o
342.0047 	DATA 	Keypress: o
342.0056 	DATA 	Keypress: o
342.0104 	Level WAIT 	25
343.0016 	DATA 	Keypress: o
343.0071 	Level RINSE 	25
345.0038 	DATA 	Keypress: o
345.0103 	Level jitter 	25
352.9988 	Level finished 	25
353.0001 	DATA 	Keypress: o
353.0013 	DATA 	Keypress: o
353.0025 	DATA 	Keypress: o
353.0036 	DATA 	Keypress: o
353.0115 	Level image=tasty.jpg 	25
354.0119 	Level injecting via pump at address 1 	25
360.0036 	DATA 	Keypress: o
360.0049 	DATA 	Keypress: o
360.0060 	DATA 	Keypress: o
360.0122 	Level WAIT 	25
361.0011 	DATA 	Keypress: o
361.0121 	Level RINSE 	25
363.0039 	DATA 	Keypress: o
363.0125 	Level jitter 	25
366.9988 	Level finished 	25
366.9999 	DATA 	Keypress: o
367.0009 	DATA 	Keypress: o
367.0124 	Level image=waterlogo.jpg 	25
368.0094 	Level injecting via pump at address 0 	25
374.0043 	DATA 	Keypress: o
374.0056 	DATA 	Keypress: o
374.0068 	DATA 	Keypress: o
374.0129 	Level WAIT 	25
375.0010 	DATA 	Keypress: o
375.0065 	Level RINSE 	25
377.0038 	DATA 	Keypress: o
377.0128 	Level jitter 	25
379.9988 	Level finished 	25
380.0000 	DATA 	Keypress: o
380.0142 	Level image=tasty.jpg 	25
381.0010 	DATA 	Keypress: o
381.0092 	Level injecting via pump at address 1 	25
387.0041 	DATA 	Keypress: o
387.0053 	DATA 	Keypress: o
387.0065 	DATA 	Keypress: o
387.0114 	Level WAIT 	25
388.0052 	Level RINSE 	25
390.0037 	DATA 	Keypress: o
390.0113 	Level jitter 	25
394.9988 	Level finished 	25
395.0000 	DATA 	Keypress: o
395.0010 	DATA 	Keypress: o
395.0020 	DATA 	Keypress: o
395.0157 	Level image=waterlogo.jpg 	25
396.0137 	Level injecting via pump at address 0 	25
402.0034 	DATA 	Keypress: o
402.0046 	DATA 	Keypress: o
402.0059 	DATA 	Keypress: o
402.0159 	Level WAIT 	25
403.0012 	DATA 	Keypress: o
403.0106 	Level RINSE 	25
405.0053 	DATA 	Keypress: o
405.0162 	Level jitter 	25
409.9988 	Level finished 	25
410.0000 	DATA 	Keypress: o
410.0013 	DATA 	Keypress: o
410.0183 	Level image=waterlogo.jpg 	25
411.0015 	DATA 	Keypress: o
411.0184 	Level injecting via pump at address 0 	25
417.0031 	DATA 	Keypress: o
417.0041 	DATA 	Keypress: o
417.0052 	DATA 	Keypress: o
417.0190 	Level WAIT 	25
418.0153 	Level RINSE 	25
420.0034 	DATA 	Keypress: o
420.0188 	Level jitter 	25
428.9988 	Level finished 	25
429.0001 	DATA 	Keypress: o
429.0013 	DATA 	Keypress: o
429.0024 	DATA 	Keypress: o
429.0034 	DATA 	Keypress: o
429.0044 	DATA 	Keypress: o
429.0207 	Level image=tasty.jpg 	25
430.0029 	Level injecting via pump at address 1 	25
436.0032 	DATA 	Keypress: o
436.0042 	DATA 	Keypress: o
436.0051 	DATA 	Keypress: o
436.0206 	Level WAIT 	25
437.0014 	DATA 	Keypress: o
437.0046 	Level RINSE 	25
439.0037 	DATA 	Keypress: o
439.0211 	Level jitter 	25
440.9988 	Level finished 	25
440.9999 	DATA 	Keypress: o
441.0119 	Level image=waterlogo.jpg 	25
442.0051 	Level injecting via pump at address 0 	25
448.0041 	DATA 	Keypress: o
448.0051 	DATA 	Keypress: o
448.0061 	DATA 	Keypress: o
448.0092 	Level WAIT 	25
449.0011 	DATA 	Keypress: o
449.0056 	Level RINSE 	25
451.0033 	DATA 	Keypress: o
451.0063 	Level jitter 	25
453.9988 	Level finished 	25
453.9999 	DATA 	Keypress: o
454.0106 	Level image=waterlogo.jpg 	25
455.0015 	DATA 	Keypress: o
455.0061 	Level injecting via pump at address 0 	25
461.0038 	DATA 	Keypress: o
461.0052 	DATA 	Keypress: o
461.0063 	DATA 	Keypress: o
461.0243 	Level WAIT 	25
462.0078 	Level RINSE 	25
464.0033 	DATA 	Keypress: o
464.0077 	Level jitter 	25
468.9988 	Level finished 	25
469.0001 	DATA 	Keypress: o
469.0011 	DATA 	Keypress: o
469.0021 	DATA 	Keypress: o
469.0155 	Level image=tasty.jpg 	25
470.0083 	Level injecting via pump at address 1 	25
476.0031 	DATA 	Keypress: o
476.0042 	DATA 	Keypress: o
476.0052 	DATA 	Keypress: o
476.0088 	Level WAIT 	25
477.0014 	DATA 	Keypress: o
477.0077 	Level RINSE 	25
479.0040 	DATA 	Keypress: o
479.0095 	Level jitter 	25
480.9988 	Level finished 	25
480.9999 	DATA 	Keypress: o
481.0097 	Level image=tasty.jpg 	25
482.0090 	Level injecting via pump at address 1 	25
488.0037 	DATA 	Keypress: o
488.0048 	DATA 	Keypress: o
488.0057 	DATA 	Keypress: o
488.0104 	Level WAIT 	25
489.0014 	DATA 	Keypress: o
489.0101 	Level RINSE 	25
491.0037 	DATA 	Keypress: o
491.0102 	Level jitter 	25
497.9988 	Level finished 	25
497.9999 	DATA 	Keypress: o
498.0010 	DATA 	Keypress: o
498.0020 	DATA 	Keypress: o
498.0122 	Level image=waterlogo.jpg 	25
499.0010 	DATA 	Keypress: o
499.0087 	Level injecting via pump at address 0 	25
505.0036 	DATA 	Keypress: o
505.0049 	DATA 	Keypress: o
505.0061 	DATA 	Keypress: o
505.0106 	Level WAIT 	25
506.0058 	Level RINSE 	25
508.0037 	DATA 	Keypress: o
508.0125 	Level jitter 	25
510.9988 	Level finished 	25
511.0002 	DATA 	Keypress: o
511.0017 	DATA 	Keypress: o
511.0131 	Level image=tasty.jpg 	25
512.0073 	Level injecting via pump at address 1 	25
518.0038 	DATA 	Keypress: o
518.0050 	DATA 	Keypress: o
518.0061 	DATA 	Keypress: o
518.0098 	Level WAIT 	25
519.0024 	DATA 	Keypress: o
519.0136 	Level RINSE 	25
521.0037 	DATA 	Keypress: o
521.0109 	Level jitter 	25
522.9988 	Level finished 	25
522.9999 	DATA 	Keypress: o
523.0148 	Level image=waterlogo.jpg 	25
524.0119 	Level injecting via pump at address 0 	25
530.0038 	DATA 	Keypress: o
530.0048 	DATA 	Keypress: o
530.0060 	DATA 	Keypress: o
530.0134 	Level WAIT 	25
531.0011 	DATA 	Keypress: o
531.0083 	Level RINSE 	25
533.0031 	DATA 	Keypress: o
533.0143 	Level jitter 	25
540.9988 	Level finished 	25
541.0000 	DATA 	Keypress: o
541.0012 	DATA 	Keypress: o
541.0024 	DATA 	Keypress: o
541.0036 	DATA 	Keypress: o
541.0171 	Level image=tasty.jpg 	25
542.0162 	Level injecting via pump at address 1 	25
548.0038 	DATA 	Keypress: o
548.0049 	DATA 	Keypress: o
548.0063 	DATA 	Keypress: o
548.0178 	Level WAIT 	25
549.0011 	DATA 	Keypress: o
549.0141 	Level RINSE 	25
551.0047 	DATA 	Keypress: o
551.0184 	Level jitter 	25
552.9988 	Level finished 	25
552.9999 	DATA 	Keypress: o
553.0103 	Level image=waterlogo.jpg 	25
554.0052 	Level injecting via pump at address 0 	25
560.0042 	DATA 	Keypress: o
560.0054 	DATA 	Keypress: o
560.0066 	DATA 	Keypress: o
560.0182 	Level WAIT 	25
561.0014 	DATA 	Keypress: o
561.0190 	Level RINSE 	25
563.0041 	DATA 	Keypress: o
563.0075 	Level jitter 	25
569.9988 	Level finished 	25
