48.8924 	DATA 	Keypress: o
48.8931 	Level start key press 	25
50.8963 	DATA 	Keypress: o
52.9131 	DATA 	Keypress: o
54.8966 	DATA 	Keypress: o
56.8969 	DATA 	Keypress: o
57.4113 	Level image=waterlogo.jpg 	25
58.3618 	Level injecting via pump at address 0 	25
64.3495 	DATA 	Keypress: o
64.3505 	DATA 	Keypress: o
64.3513 	DATA 	Keypress: o
64.3787 	Level WAIT 	25
65.3470 	DATA 	Keypress: o
65.3789 	Level RINSE 	25
67.3585 	DATA 	Keypress: o
67.3791 	Level jitter 	25
69.3446 	Level finished 	25
69.3459 	DATA 	Keypress: o
69.3631 	Level image=tasty.jpg 	25
70.3629 	Level injecting via pump at address 1 	25
76.3500 	DATA 	Keypress: o
76.3513 	DATA 	Keypress: o
76.3524 	DATA 	Keypress: o
76.3635 	Level WAIT 	25
77.3471 	DATA 	Keypress: o
77.3636 	Level RINSE 	25
79.3496 	DATA 	Keypress: o
79.3643 	Level jitter 	25
81.3446 	Level finished 	25
81.3457 	DATA 	Keypress: o
81.3642 	Level image=tasty.jpg 	25
82.3644 	Level injecting via pump at address 0 	25
88.3501 	DATA 	Keypress: o
88.3514 	DATA 	Keypress: o
88.3526 	DATA 	Keypress: o
88.3649 	Level WAIT 	25
89.3472 	DATA 	Keypress: o
89.3654 	Level RINSE 	25
91.3496 	DATA 	Keypress: o
91.3652 	Level jitter 	25
96.3446 	Level finished 	25
96.3460 	DATA 	Keypress: o
96.3473 	DATA 	Keypress: o
96.3825 	Level image=tasty.jpg 	25
97.3473 	DATA 	Keypress: o
97.3661 	Level injecting via pump at address 1 	25
103.3495 	DATA 	Keypress: o
103.3505 	DATA 	Keypress: o
103.3517 	DATA 	Keypress: o
103.3671 	Level WAIT 	25
104.3668 	Level RINSE 	25
106.3495 	DATA 	Keypress: o
106.3670 	Level jitter 	25
112.3446 	Level finished 	25
112.3459 	DATA 	Keypress: o
112.3469 	DATA 	Keypress: o
112.3478 	DATA 	Keypress: o
112.3678 	Level image=tasty.jpg 	25
113.3474 	DATA 	Keypress: o
113.3684 	Level injecting via pump at address 0 	25
119.3501 	DATA 	Keypress: o
119.3513 	DATA 	Keypress: o
119.3526 	DATA 	Keypress: o
119.3685 	Level WAIT 	25
120.3687 	Level RINSE 	25
122.3496 	DATA 	Keypress: o
122.3689 	Level jitter 	25
124.3446 	Level finished 	25
124.3457 	DATA 	Keypress: o
124.3696 	Level image=waterlogo.jpg 	25
125.3473 	DATA 	Keypress: o
125.3527 	Level injecting via pump at address 0 	25
131.3499 	DATA 	Keypress: o
131.3512 	DATA 	Keypress: o
131.3524 	DATA 	Keypress: o
131.3699 	Level WAIT 	25
132.3701 	Level RINSE 	25
134.3501 	DATA 	Keypress: o
134.3540 	Level jitter 	25
143.3446 	Level finished 	25
143.3459 	DATA 	Keypress: o
143.3472 	DATA 	Keypress: o
143.3484 	DATA 	Keypress: o
143.3494 	DATA 	Keypress: o
143.3506 	DATA 	Keypress: o
143.3880 	Level image=tasty.jpg 	25
144.3553 	Level injecting via pump at address 0 	25
150.3491 	DATA 	Keypress: o
150.3501 	DATA 	Keypress: o
150.3512 	DATA 	Keypress: o
150.3721 	Level WAIT 	25
151.3471 	DATA 	Keypress: o
151.3723 	Level RINSE 	25
153.3495 	DATA 	Keypress: o
153.3558 	Level jitter 	25
154.3446 	Level finished 	25
154.3732 	Level image=waterlogo.jpg 	25
155.3472 	DATA 	Keypress: o
155.3729 	Level injecting via pump at address 0 	25
161.3492 	DATA 	Keypress: o
161.3501 	DATA 	Keypress: o
161.3510 	DATA 	Keypress: o
161.3734 	Level WAIT 	25
162.3569 	Level RINSE 	25
164.3496 	DATA 	Keypress: o
164.3742 	Level jitter 	25
170.3446 	Level finished 	25
170.3459 	DATA 	Keypress: o
170.3472 	DATA 	Keypress: o
170.3482 	DATA 	Keypress: o
170.3746 	Level image=tasty.jpg 	25
171.3472 	DATA 	Keypress: o
171.3747 	Level injecting via pump at address 0 	25
177.3494 	DATA 	Keypress: o
177.3507 	DATA 	Keypress: o
177.3519 	DATA 	Keypress: o
177.3757 	Level WAIT 	25
178.3589 	Level RINSE 	25
180.3496 	DATA 	Keypress: o
180.3757 	Level jitter 	25
188.3446 	Level finished 	25
188.3459 	DATA 	Keypress: o
188.3471 	DATA 	Keypress: o
188.3483 	DATA 	Keypress: o
188.3496 	DATA 	Keypress: o
188.3770 	Level image=tasty.jpg 	25
189.3471 	DATA 	Keypress: o
189.3768 	Level injecting via pump at address 1 	25
195.3497 	DATA 	Keypress: o
195.3509 	DATA 	Keypress: o
195.3521 	DATA 	Keypress: o
195.3775 	Level WAIT 	25
196.3776 	Level RINSE 	25
198.3497 	DATA 	Keypress: o
198.3614 	Level jitter 	25
203.3446 	Level finished 	25
203.3459 	DATA 	Keypress: o
203.3470 	DATA 	Keypress: o
203.3481 	DATA 	Keypress: o
203.3617 	Level image=tasty.jpg 	25
204.3619 	Level injecting via pump at address 0 	25
210.3490 	DATA 	Keypress: o
210.3501 	DATA 	Keypress: o
210.3513 	DATA 	Keypress: o
210.3630 	Level WAIT 	25
211.3471 	DATA 	Keypress: o
211.3626 	Level RINSE 	25
213.3500 	DATA 	Keypress: o
213.3628 	Level jitter 	25
220.3446 	Level finished 	25
220.3459 	DATA 	Keypress: o
220.3470 	DATA 	Keypress: o
220.3482 	DATA 	Keypress: o
220.3807 	Level image=waterlogo.jpg 	25
221.3474 	DATA 	Keypress: o
221.3805 	Level injecting via pump at address 0 	25
227.3494 	DATA 	Keypress: o
227.3505 	DATA 	Keypress: o
227.3518 	DATA 	Keypress: o
227.3812 	Level WAIT 	25
228.3647 	Level RINSE 	25
230.3496 	DATA 	Keypress: o
230.3819 	Level jitter 	25
236.3446 	Level finished 	25
236.3461 	DATA 	Keypress: o
236.3472 	DATA 	Keypress: o
236.3482 	DATA 	Keypress: o
236.3822 	Level image=waterlogo.jpg 	25
237.3472 	DATA 	Keypress: o
237.3658 	Level injecting via pump at address 0 	25
243.3497 	DATA 	Keypress: o
243.3509 	DATA 	Keypress: o
243.3522 	DATA 	Keypress: o
243.3668 	Level WAIT 	25
244.3665 	Level RINSE 	25
246.3497 	DATA 	Keypress: o
246.3834 	Level jitter 	25
248.3446 	Level finished 	25
248.3458 	DATA 	Keypress: o
248.3670 	Level image=tasty.jpg 	25
249.3471 	DATA 	Keypress: o
249.3672 	Level injecting via pump at address 0 	25
255.3494 	DATA 	Keypress: o
255.3504 	DATA 	Keypress: o
255.3514 	DATA 	Keypress: o
255.3681 	Level WAIT 	25
256.3512 	Level RINSE 	25
258.3500 	DATA 	Keypress: o
258.3681 	Level jitter 	25
265.3446 	Level finished 	25
265.3458 	DATA 	Keypress: o
265.3468 	DATA 	Keypress: o
265.3477 	DATA 	Keypress: o
265.3486 	DATA 	Keypress: o
265.3695 	Level image=tasty.jpg 	25
266.3692 	Level injecting via pump at address 1 	25
272.3496 	DATA 	Keypress: o
272.3506 	DATA 	Keypress: o
272.3515 	DATA 	Keypress: o
272.3697 	Level WAIT 	25
273.3472 	DATA 	Keypress: o
273.3699 	Level RINSE 	25
275.3492 	DATA 	Keypress: o
275.3705 	Level jitter 	25
283.3446 	Level finished 	25
283.3458 	DATA 	Keypress: o
283.3469 	DATA 	Keypress: o
283.3480 	DATA 	Keypress: o
283.3492 	DATA 	Keypress: o
283.3711 	Level image=waterlogo.jpg 	25
284.3546 	Level injecting via pump at address 0 	25
290.3502 	DATA 	Keypress: o
290.3516 	DATA 	Keypress: o
290.3530 	DATA 	Keypress: o
290.3722 	Level WAIT 	25
291.3473 	DATA 	Keypress: o
291.3554 	Level RINSE 	25
293.3492 	DATA 	Keypress: o
293.3555 	Level jitter 	25
301.3446 	Level finished 	25
301.3459 	DATA 	Keypress: o
301.3468 	DATA 	Keypress: o
301.3477 	DATA 	Keypress: o
301.3486 	DATA 	Keypress: o
301.3736 	Level image=tasty.jpg 	25
302.3733 	Level injecting via pump at address 1 	25
308.3498 	DATA 	Keypress: o
308.3511 	DATA 	Keypress: o
308.3521 	DATA 	Keypress: o
308.3740 	Level WAIT 	25
309.3469 	DATA 	Keypress: o
309.3574 	Level RINSE 	25
311.3503 	DATA 	Keypress: o
311.3748 	Level jitter 	25
313.3446 	Level finished 	25
313.3458 	DATA 	Keypress: o
313.3746 	Level image=tasty.jpg 	25
314.3747 	Level injecting via pump at address 0 	25
320.3497 	DATA 	Keypress: o
320.3507 	DATA 	Keypress: o
320.3517 	DATA 	Keypress: o
320.3753 	Level WAIT 	25
321.3474 	DATA 	Keypress: o
321.3592 	Level RINSE 	25
323.3494 	DATA 	Keypress: o
323.3758 	Level jitter 	25
327.3446 	Level finished 	25
327.3457 	DATA 	Keypress: o
327.3469 	DATA 	Keypress: o
327.3762 	Level image=tasty.jpg 	25
328.3597 	Level injecting via pump at address 1 	25
334.3501 	DATA 	Keypress: o
334.3511 	DATA 	Keypress: o
334.3521 	DATA 	Keypress: o
334.3609 	Level WAIT 	25
335.3472 	DATA 	Keypress: o
335.3606 	Level RINSE 	25
337.3497 	DATA 	Keypress: o
337.3607 	Level jitter 	25
340.3446 	Level finished 	25
340.3457 	DATA 	Keypress: o
340.3611 	Level image=tasty.jpg 	25
341.3474 	DATA 	Keypress: o
341.3612 	Level injecting via pump at address 0 	25
347.3497 	DATA 	Keypress: o
347.3509 	DATA 	Keypress: o
347.3521 	DATA 	Keypress: o
347.3623 	Level WAIT 	25
348.3621 	Level RINSE 	25
350.3500 	DATA 	Keypress: o
350.3622 	Level jitter 	25
358.3446 	Level finished 	25
358.3458 	DATA 	Keypress: o
358.3469 	DATA 	Keypress: o
358.3479 	DATA 	Keypress: o
358.3488 	DATA 	Keypress: o
358.3802 	Level image=waterlogo.jpg 	25
359.3471 	DATA 	Keypress: o
359.3633 	Level injecting via pump at address 0 	25
365.3498 	DATA 	Keypress: o
365.3511 	DATA 	Keypress: o
365.3524 	DATA 	Keypress: o
365.3639 	Level WAIT 	25
366.3641 	Level RINSE 	25
368.3507 	DATA 	Keypress: o
368.3647 	Level jitter 	25
373.3446 	Level finished 	25
373.3458 	DATA 	Keypress: o
373.3468 	DATA 	Keypress: o
373.3477 	DATA 	Keypress: o
373.3649 	Level image=tasty.jpg 	25
374.3651 	Level injecting via pump at address 1 	25
380.3504 	DATA 	Keypress: o
380.3517 	DATA 	Keypress: o
380.3528 	DATA 	Keypress: o
380.3828 	Level WAIT 	25
381.3474 	DATA 	Keypress: o
381.3658 	Level RINSE 	25
383.3497 	DATA 	Keypress: o
383.3660 	Level jitter 	25
390.3446 	Level finished 	25
390.3459 	DATA 	Keypress: o
390.3472 	DATA 	Keypress: o
390.3483 	DATA 	Keypress: o
390.3674 	Level image=tasty.jpg 	25
391.3470 	DATA 	Keypress: o
391.3672 	Level injecting via pump at address 0 	25
397.3496 	DATA 	Keypress: o
397.3506 	DATA 	Keypress: o
397.3518 	DATA 	Keypress: o
397.3677 	Level WAIT 	25
398.3678 	Level RINSE 	25
400.3497 	DATA 	Keypress: o
400.3685 	Level jitter 	25
408.3446 	Level finished 	25
408.3459 	DATA 	Keypress: o
408.3471 	DATA 	Keypress: o
408.3483 	DATA 	Keypress: o
408.3494 	DATA 	Keypress: o
408.3857 	Level image=tasty.jpg 	25
409.3478 	DATA 	Keypress: o
409.3692 	Level injecting via pump at address 0 	25
415.3498 	DATA 	Keypress: o
415.3514 	DATA 	Keypress: o
415.3527 	DATA 	Keypress: o
415.3702 	Level WAIT 	25
416.3699 	Level RINSE 	25
418.3500 	DATA 	Keypress: o
418.3535 	Level jitter 	25
425.3446 	Level finished 	25
