68.5861 	DATA 	Keypress: o
68.5871 	Level start key press 	25
70.5910 	DATA 	Keypress: o
72.5910 	DATA 	Keypress: o
74.5910 	DATA 	Keypress: o
76.5912 	DATA 	Keypress: o
77.1222 	Level image=waterlogo.jpg 	25
78.0390 	Level injecting via pump at address 0 	25
84.0102 	DATA 	Keypress: o
84.0112 	DATA 	Keypress: o
84.0122 	DATA 	Keypress: o
84.0399 	Level WAIT 	25
85.0081 	DATA 	Keypress: o
85.0228 	Level RINSE 	25
87.0184 	DATA 	Keypress: o
87.0397 	Level jitter 	25
93.0056 	Level finished 	25
93.0069 	DATA 	Keypress: o
93.0080 	DATA 	Keypress: o
93.0092 	DATA 	Keypress: o
93.0400 	Level image=tasty.jpg 	25
94.0239 	Level injecting via pump at address 1 	25
100.0111 	DATA 	Keypress: o
100.0123 	DATA 	Keypress: o
100.0136 	DATA 	Keypress: o
100.0406 	Level WAIT 	25
101.0085 	DATA 	Keypress: o
101.0239 	Level RINSE 	25
103.0103 	DATA 	Keypress: o
103.0407 	Level jitter 	25
109.0056 	Level finished 	25
109.0069 	DATA 	Keypress: o
109.0080 	DATA 	Keypress: o
109.0089 	DATA 	Keypress: o
109.0416 	Level image=tasty.jpg 	25
110.0247 	Level injecting via pump at address 1 	25
116.0108 	DATA 	Keypress: o
116.0119 	DATA 	Keypress: o
116.0129 	DATA 	Keypress: o
116.0249 	Level WAIT 	25
117.0082 	DATA 	Keypress: o
117.0250 	Level RINSE 	25
119.0103 	DATA 	Keypress: o
119.0255 	Level jitter 	25
121.0056 	Level finished 	25
121.0068 	DATA 	Keypress: o
121.0420 	Level image=waterlogo.jpg 	25
122.0254 	Level injecting via pump at address 0 	25
128.0113 	DATA 	Keypress: o
128.0126 	DATA 	Keypress: o
128.0140 	DATA 	Keypress: o
128.0424 	Level WAIT 	25
129.0082 	DATA 	Keypress: o
129.0262 	Level RINSE 	25
131.0109 	DATA 	Keypress: o
131.0427 	Level jitter 	25
137.0056 	Level finished 	25
137.0070 	DATA 	Keypress: o
137.0081 	DATA 	Keypress: o
137.0091 	DATA 	Keypress: o
137.0431 	Level image=tasty.jpg 	25
138.0265 	Level injecting via pump at address 1 	25
144.0102 	DATA 	Keypress: o
144.0115 	DATA 	Keypress: o
144.0127 	DATA 	Keypress: o
144.0272 	Level WAIT 	25
145.0082 	DATA 	Keypress: o
145.0269 	Level RINSE 	25
147.0103 	DATA 	Keypress: o
147.0270 	Level jitter 	25
152.0056 	Level finished 	25
152.0069 	DATA 	Keypress: o
152.0079 	DATA 	Keypress: o
152.0275 	Level image=waterlogo.jpg 	25
153.0084 	DATA 	Keypress: o
153.0276 	Level injecting via pump at address 0 	25
159.0112 	DATA 	Keypress: o
159.0126 	DATA 	Keypress: o
159.0138 	DATA 	Keypress: o
159.0450 	Level WAIT 	25
160.0280 	Level RINSE 	25
162.0115 	DATA 	Keypress: o
162.0281 	Level jitter 	25
167.0056 	Level finished 	25
167.0069 	DATA 	Keypress: o
167.0080 	DATA 	Keypress: o
167.0091 	DATA 	Keypress: o
167.0285 	Level image=tasty.jpg 	25
168.0287 	Level injecting via pump at address 1 	25
174.0103 	DATA 	Keypress: o
174.0116 	DATA 	Keypress: o
174.0126 	DATA 	Keypress: o
174.0293 	Level WAIT 	25
175.0081 	DATA 	Keypress: o
175.0124 	Level RINSE 	25
177.0101 	DATA 	Keypress: o
177.0291 	Level jitter 	25
183.0056 	Level finished 	25
183.0070 	DATA 	Keypress: o
183.0081 	DATA 	Keypress: o
183.0092 	DATA 	Keypress: o
183.0297 	Level image=waterlogo.jpg 	25
184.0301 	Level injecting via pump at address 0 	25
190.0106 	DATA 	Keypress: o
190.0118 	DATA 	Keypress: o
190.0129 	DATA 	Keypress: o
190.0300 	Level WAIT 	25
191.0089 	DATA 	Keypress: o
191.0135 	Level RINSE 	25
193.0104 	DATA 	Keypress: o
193.0302 	Level jitter 	25
196.0056 	Level finished 	25
196.0068 	DATA 	Keypress: o
196.0309 	Level image=tasty.jpg 	25
197.0082 	DATA 	Keypress: o
197.0139 	Level injecting via pump at address 1 	25
203.0119 	DATA 	Keypress: o
203.0132 	DATA 	Keypress: o
203.0145 	DATA 	Keypress: o
203.0309 	Level WAIT 	25
204.0144 	Level RINSE 	25
206.0102 	DATA 	Keypress: o
206.0316 	Level jitter 	25
214.0056 	Level finished 	25
214.0069 	DATA 	Keypress: o
214.0079 	DATA 	Keypress: o
214.0089 	DATA 	Keypress: o
214.0099 	DATA 	Keypress: o
214.0317 	Level image=waterlogo.jpg 	25
215.0082 	DATA 	Keypress: o
215.0318 	Level injecting via pump at address 0 	25
221.0103 	DATA 	Keypress: o
221.0113 	DATA 	Keypress: o
221.0123 	DATA 	Keypress: o
221.0326 	Level WAIT 	25
222.0157 	Level RINSE 	25
224.0111 	DATA 	Keypress: o
224.0324 	Level jitter 	25
226.0056 	Level finished 	25
226.0068 	DATA 	Keypress: o
226.0326 	Level image=tasty.jpg 	25
227.0081 	DATA 	Keypress: o
227.0327 	Level injecting via pump at address 1 	25
233.0106 	DATA 	Keypress: o
233.0117 	DATA 	Keypress: o
233.0126 	DATA 	Keypress: o
233.0334 	Level WAIT 	25
234.0330 	Level RINSE 	25
236.0110 	DATA 	Keypress: o
236.0332 	Level jitter 	25
245.0056 	Level finished 	25
245.0069 	DATA 	Keypress: o
245.0080 	DATA 	Keypress: o
245.0092 	DATA 	Keypress: o
245.0106 	DATA 	Keypress: o
245.0119 	DATA 	Keypress: o
245.0343 	Level image=waterlogo.jpg 	25
246.0339 	Level injecting via pump at address 0 	25
252.0107 	DATA 	Keypress: o
252.0119 	DATA 	Keypress: o
252.0131 	DATA 	Keypress: o
252.0343 	Level WAIT 	25
253.0085 	DATA 	Keypress: o
253.0178 	Level RINSE 	25
255.0106 	DATA 	Keypress: o
255.0350 	Level jitter 	25
257.0056 	Level finished 	25
257.0068 	DATA 	Keypress: o
257.0180 	Level image=tasty.jpg 	25
258.0348 	Level injecting via pump at address 1 	25
264.0106 	DATA 	Keypress: o
264.0116 	DATA 	Keypress: o
264.0126 	DATA 	Keypress: o
264.0351 	Level WAIT 	25
265.0081 	DATA 	Keypress: o
265.0356 	Level RINSE 	25
267.0102 	DATA 	Keypress: o
267.0353 	Level jitter 	25
270.0056 	Level finished 	25
270.0072 	DATA 	Keypress: o
270.0356 	Level image=waterlogo.jpg 	25
271.0083 	DATA 	Keypress: o
271.0358 	Level injecting via pump at address 0 	25
277.0118 	DATA 	Keypress: o
277.0132 	DATA 	Keypress: o
277.0146 	DATA 	Keypress: o
277.0363 	Level WAIT 	25
278.0196 	Level RINSE 	25
280.0111 	DATA 	Keypress: o
280.0362 	Level jitter 	25
284.0056 	Level finished 	25
284.0070 	DATA 	Keypress: o
284.0082 	DATA 	Keypress: o
284.0366 	Level image=tasty.jpg 	25
285.0082 	DATA 	Keypress: o
285.0200 	Level injecting via pump at address 1 	25
291.0103 	DATA 	Keypress: o
291.0113 	DATA 	Keypress: o
291.0126 	DATA 	Keypress: o
291.0208 	Level WAIT 	25
292.0204 	Level RINSE 	25
294.0108 	DATA 	Keypress: o
294.0206 	Level jitter 	25
295.0056 	Level finished 	25
295.0068 	DATA 	Keypress: o
295.0373 	Level image=waterlogo.jpg 	25
296.0374 	Level injecting via pump at address 0 	25
302.0103 	DATA 	Keypress: o
302.0114 	DATA 	Keypress: o
302.0127 	DATA 	Keypress: o
302.0381 	Level WAIT 	25
303.0083 	DATA 	Keypress: o
303.0212 	Level RINSE 	25
305.0111 	DATA 	Keypress: o
305.0379 	Level jitter 	25
308.0056 	Level finished 	25
308.0068 	DATA 	Keypress: o
308.0382 	Level image=tasty.jpg 	25
309.0081 	DATA 	Keypress: o
309.0383 	Level injecting via pump at address 1 	25
315.0108 	DATA 	Keypress: o
315.0121 	DATA 	Keypress: o
315.0134 	DATA 	Keypress: o
315.0391 	Level WAIT 	25
316.0220 	Level RINSE 	25
318.0109 	DATA 	Keypress: o
318.0388 	Level jitter 	25
326.0056 	Level finished 	25
326.0070 	DATA 	Keypress: o
326.0082 	DATA 	Keypress: o
326.0091 	DATA 	Keypress: o
326.0101 	DATA 	Keypress: o
326.0400 	Level image=tasty.jpg 	25
327.0084 	DATA 	Keypress: o
327.0229 	Level injecting via pump at address 1 	25
333.0105 	DATA 	Keypress: o
333.0119 	DATA 	Keypress: o
333.0129 	DATA 	Keypress: o
333.0399 	Level WAIT 	25
334.0400 	Level RINSE 	25
336.0101 	DATA 	Keypress: o
336.0239 	Level jitter 	25
340.0056 	Level finished 	25
340.0073 	DATA 	Keypress: o
340.0086 	DATA 	Keypress: o
340.0404 	Level image=waterlogo.jpg 	25
341.0083 	DATA 	Keypress: o
341.0238 	Level injecting via pump at address 0 	25
347.0106 	DATA 	Keypress: o
347.0117 	DATA 	Keypress: o
347.0126 	DATA 	Keypress: o
347.0246 	Level WAIT 	25
348.0242 	Level RINSE 	25
350.0110 	DATA 	Keypress: o
350.0244 	Level jitter 	25
353.0056 	Level finished 	25
353.0070 	DATA 	Keypress: o
353.0082 	DATA 	Keypress: o
353.0247 	Level image=tasty.jpg 	25
354.0247 	Level injecting via pump at address 1 	25
360.0103 	DATA 	Keypress: o
360.0115 	DATA 	Keypress: o
360.0127 	DATA 	Keypress: o
360.0255 	Level WAIT 	25
361.0084 	DATA 	Keypress: o
361.0252 	Level RINSE 	25
363.0107 	DATA 	Keypress: o
363.0252 	Level jitter 	25
368.0056 	Level finished 	25
368.0069 	DATA 	Keypress: o
368.0081 	DATA 	Keypress: o
368.0423 	Level image=waterlogo.jpg 	25
369.0083 	DATA 	Keypress: o
369.0257 	Level injecting via pump at address 0 	25
375.0102 	DATA 	Keypress: o
375.0113 	DATA 	Keypress: o
375.0123 	DATA 	Keypress: o
375.0266 	Level WAIT 	25
376.0262 	Level RINSE 	25
378.0110 	DATA 	Keypress: o
378.0263 	Level jitter 	25
383.0056 	Level finished 	25
383.0068 	DATA 	Keypress: o
383.0079 	DATA 	Keypress: o
383.0088 	DATA 	Keypress: o
383.0434 	Level image=waterlogo.jpg 	25
384.0101 	Level injecting via pump at address 0 	25
390.0108 	DATA 	Keypress: o
390.0119 	DATA 	Keypress: o
390.0129 	DATA 	Keypress: o
390.0442 	Level WAIT 	25
391.0082 	DATA 	Keypress: o
391.0272 	Level RINSE 	25
393.0103 	DATA 	Keypress: o
393.0274 	Level jitter 	25
402.0056 	Level finished 	25
402.0070 	DATA 	Keypress: o
402.0081 	DATA 	Keypress: o
402.0091 	DATA 	Keypress: o
402.0102 	DATA 	Keypress: o
402.0452 	Level image=tasty.jpg 	25
403.0082 	DATA 	Keypress: o
403.0114 	Level injecting via pump at address 1 	25
409.0110 	DATA 	Keypress: o
409.0122 	DATA 	Keypress: o
409.0132 	DATA 	Keypress: o
409.0285 	Level WAIT 	25
410.0286 	Level RINSE 	25
412.0107 	DATA 	Keypress: o
412.0291 	Level jitter 	25
414.0056 	Level finished 	25
414.0068 	DATA 	Keypress: o
414.0288 	Level image=waterlogo.jpg 	25
415.0082 	DATA 	Keypress: o
415.0290 	Level injecting via pump at address 0 	25
421.0116 	DATA 	Keypress: o
421.0129 	DATA 	Keypress: o
421.0140 	DATA 	Keypress: o
421.0459 	Level WAIT 	25
422.0131 	Level RINSE 	25
424.0111 	DATA 	Keypress: o
424.0295 	Level jitter 	25
427.0056 	Level finished 	25
427.0071 	DATA 	Keypress: o
427.0083 	DATA 	Keypress: o
427.0297 	Level image=waterlogo.jpg 	25
428.0132 	Level injecting via pump at address 0 	25
434.0111 	DATA 	Keypress: o
434.0124 	DATA 	Keypress: o
434.0137 	DATA 	Keypress: o
434.0306 	Level WAIT 	25
435.0082 	DATA 	Keypress: o
435.0303 	Level RINSE 	25
437.0108 	DATA 	Keypress: o
437.0304 	Level jitter 	25
442.0056 	Level finished 	25
442.0071 	DATA 	Keypress: o
442.0086 	DATA 	Keypress: o
442.0308 	Level image=tasty.jpg 	25
443.0085 	DATA 	Keypress: o
443.0308 	Level injecting via pump at address 1 	25
449.0102 	DATA 	Keypress: o
449.0113 	DATA 	Keypress: o
449.0123 	DATA 	Keypress: o
449.0316 	Level WAIT 	25
450.0147 	Level RINSE 	25
452.0113 	DATA 	Keypress: o
452.0315 	Level jitter 	25
454.0056 	Level finished 	25
454.0069 	DATA 	Keypress: o
454.0316 	Level image=tasty.jpg 	25
455.0085 	DATA 	Keypress: o
455.0318 	Level injecting via pump at address 1 	25
461.0110 	DATA 	Keypress: o
461.0123 	DATA 	Keypress: o
461.0135 	DATA 	Keypress: o
461.0324 	Level WAIT 	25
462.0154 	Level RINSE 	25
464.0106 	DATA 	Keypress: o
464.0322 	Level jitter 	25
471.0056 	Level finished 	25
471.0069 	DATA 	Keypress: o
471.0078 	DATA 	Keypress: o
471.0088 	DATA 	Keypress: o
471.0098 	DATA 	Keypress: o
471.0332 	Level image=waterlogo.jpg 	25
472.0162 	Level injecting via pump at address 0 	25
478.0103 	DATA 	Keypress: o
478.0114 	DATA 	Keypress: o
478.0123 	DATA 	Keypress: o
478.0167 	Level WAIT 	25
479.0089 	DATA 	Keypress: o
479.0333 	Level RINSE 	25
481.0106 	DATA 	Keypress: o
481.0172 	Level jitter 	25
484.0056 	Level finished 	25
484.0068 	DATA 	Keypress: o
484.0170 	Level image=tasty.jpg 	25
485.0082 	DATA 	Keypress: o
485.0171 	Level injecting via pump at address 1 	25
491.0107 	DATA 	Keypress: o
491.0117 	DATA 	Keypress: o
491.0126 	DATA 	Keypress: o
491.0345 	Level WAIT 	25
492.0342 	Level RINSE 	25
494.0103 	DATA 	Keypress: o
494.0177 	Level jitter 	25
496.0056 	Level finished 	25
496.0070 	DATA 	Keypress: o
496.0346 	Level image=waterlogo.jpg 	25
497.0084 	DATA 	Keypress: o
497.0180 	Level injecting via pump at address 0 	25
503.0113 	DATA 	Keypress: o
503.0127 	DATA 	Keypress: o
503.0139 	DATA 	Keypress: o
503.0188 	Level WAIT 	25
504.0184 	Level RINSE 	25
506.0106 	DATA 	Keypress: o
506.0185 	Level jitter 	25
514.0056 	Level finished 	25
514.0071 	DATA 	Keypress: o
514.0084 	DATA 	Keypress: o
514.0096 	DATA 	Keypress: o
514.0108 	DATA 	Keypress: o
514.0361 	Level image=tasty.jpg 	25
515.0081 	DATA 	Keypress: o
515.0358 	Level injecting via pump at address 1 	25
521.0110 	DATA 	Keypress: o
521.0124 	DATA 	Keypress: o
521.0140 	DATA 	Keypress: o
521.0362 	Level WAIT 	25
522.0197 	Level RINSE 	25
524.0126 	DATA 	Keypress: o
524.0369 	Level jitter 	25
526.0056 	Level finished 	25
526.0069 	DATA 	Keypress: o
526.0367 	Level image=waterlogo.jpg 	25
527.0084 	DATA 	Keypress: o
527.0368 	Level injecting via pump at address 0 	25
533.0110 	DATA 	Keypress: o
533.0123 	DATA 	Keypress: o
533.0136 	DATA 	Keypress: o
533.0370 	Level WAIT 	25
534.0209 	Level RINSE 	25
536.0108 	DATA 	Keypress: o
536.0372 	Level jitter 	25
543.0056 	Level finished 	25
