109.4986 	DATA 	Keypress: o
109.4994 	Level start key press 	25
111.5135 	DATA 	Keypress: o
113.5135 	DATA 	Keypress: o
115.5137 	DATA 	Keypress: o
117.4971 	DATA 	Keypress: o
118.0448 	Level image=waterlogo.jpg 	25
118.9620 	Level injecting via pump at address 0 	25
124.9506 	DATA 	Keypress: o
124.9518 	DATA 	Keypress: o
124.9528 	DATA 	Keypress: o
124.9619 	Level WAIT 	25
125.9476 	DATA 	Keypress: o
125.9620 	Level RINSE 	25
127.9584 	DATA 	Keypress: o
127.9788 	Level jitter 	25
133.9448 	Level finished 	25
133.9461 	DATA 	Keypress: o
133.9473 	DATA 	Keypress: o
133.9482 	DATA 	Keypress: o
133.9630 	Level image=tasty.jpg 	25
134.9627 	Level injecting via pump at address 1 	25
140.9502 	DATA 	Keypress: o
140.9515 	DATA 	Keypress: o
140.9527 	DATA 	Keypress: o
140.9630 	Level WAIT 	25
141.9475 	DATA 	Keypress: o
141.9632 	Level RINSE 	25
143.9498 	DATA 	Keypress: o
143.9637 	Level jitter 	25
149.9448 	Level finished 	25
149.9460 	DATA 	Keypress: o
149.9470 	DATA 	Keypress: o
149.9481 	DATA 	Keypress: o
149.9637 	Level image=tasty.jpg 	25
150.9638 	Level injecting via pump at address 1 	25
156.9504 	DATA 	Keypress: o
156.9515 	DATA 	Keypress: o
156.9527 	DATA 	Keypress: o
156.9812 	Level WAIT 	25
157.9476 	DATA 	Keypress: o
157.9809 	Level RINSE 	25
159.9504 	DATA 	Keypress: o
159.9643 	Level jitter 	25
161.9448 	Level finished 	25
161.9461 	DATA 	Keypress: o
161.9645 	Level image=waterlogo.jpg 	25
162.9646 	Level injecting via pump at address 0 	25
168.9520 	DATA 	Keypress: o
168.9534 	DATA 	Keypress: o
168.9546 	DATA 	Keypress: o
168.9654 	Level WAIT 	25
169.9473 	DATA 	Keypress: o
169.9651 	Level RINSE 	25
171.9499 	DATA 	Keypress: o
171.9652 	Level jitter 	25
177.9448 	Level finished 	25
177.9464 	DATA 	Keypress: o
177.9478 	DATA 	Keypress: o
177.9490 	DATA 	Keypress: o
177.9656 	Level image=tasty.jpg 	25
178.9661 	Level injecting via pump at address 1 	25
184.9506 	DATA 	Keypress: o
184.9517 	DATA 	Keypress: o
184.9527 	DATA 	Keypress: o
184.9661 	Level WAIT 	25
185.9477 	DATA 	Keypress: o
185.9662 	Level RINSE 	25
187.9508 	DATA 	Keypress: o
187.9664 	Level jitter 	25
192.9448 	Level finished 	25
192.9462 	DATA 	Keypress: o
192.9474 	DATA 	Keypress: o
192.9671 	Level image=waterlogo.jpg 	25
193.9476 	DATA 	Keypress: o
193.9667 	Level injecting via pump at address 0 	25
199.9505 	DATA 	Keypress: o
199.9522 	DATA 	Keypress: o
199.9536 	DATA 	Keypress: o
199.9671 	Level WAIT 	25
200.9673 	Level RINSE 	25
202.9495 	DATA 	Keypress: o
202.9678 	Level jitter 	25
207.9448 	Level finished 	25
207.9460 	DATA 	Keypress: o
207.9470 	DATA 	Keypress: o
207.9480 	DATA 	Keypress: o
207.9844 	Level image=tasty.jpg 	25
208.9678 	Level injecting via pump at address 1 	25
214.9501 	DATA 	Keypress: o
214.9514 	DATA 	Keypress: o
214.9526 	DATA 	Keypress: o
214.9686 	Level WAIT 	25
215.9474 	DATA 	Keypress: o
215.9683 	Level RINSE 	25
217.9501 	DATA 	Keypress: o
217.9683 	Level jitter 	25
223.9448 	Level finished 	25
223.9460 	DATA 	Keypress: o
223.9470 	DATA 	Keypress: o
223.9479 	DATA 	Keypress: o
223.9688 	Level image=waterlogo.jpg 	25
224.9694 	Level injecting via pump at address 0 	25
230.9502 	DATA 	Keypress: o
230.9515 	DATA 	Keypress: o
230.9526 	DATA 	Keypress: o
230.9693 	Level WAIT 	25
231.9476 	DATA 	Keypress: o
231.9694 	Level RINSE 	25
233.9509 	DATA 	Keypress: o
233.9694 	Level jitter 	25
236.9448 	Level finished 	25
236.9459 	DATA 	Keypress: o
236.9701 	Level image=tasty.jpg 	25
237.9474 	DATA 	Keypress: o
237.9698 	Level injecting via pump at address 1 	25
243.9504 	DATA 	Keypress: o
243.9514 	DATA 	Keypress: o
243.9526 	DATA 	Keypress: o
243.9702 	Level WAIT 	25
244.9702 	Level RINSE 	25
246.9502 	DATA 	Keypress: o
246.9707 	Level jitter 	25
254.9448 	Level finished 	25
254.9460 	DATA 	Keypress: o
254.9470 	DATA 	Keypress: o
254.9480 	DATA 	Keypress: o
254.9490 	DATA 	Keypress: o
254.9709 	Level image=waterlogo.jpg 	25
255.9475 	DATA 	Keypress: o
255.9710 	Level injecting via pump at address 0 	25
261.9494 	DATA 	Keypress: o
261.9504 	DATA 	Keypress: o
261.9514 	DATA 	Keypress: o
261.9718 	Level WAIT 	25
262.9715 	Level RINSE 	25
264.9499 	DATA 	Keypress: o
264.9716 	Level jitter 	25
266.9448 	Level finished 	25
266.9459 	DATA 	Keypress: o
266.9717 	Level image=tasty.jpg 	25
267.9476 	DATA 	Keypress: o
267.9553 	Level injecting via pump at address 1 	25
273.9500 	DATA 	Keypress: o
273.9511 	DATA 	Keypress: o
273.9521 	DATA 	Keypress: o
273.9727 	Level WAIT 	25
274.9556 	Level RINSE 	25
276.9501 	DATA 	Keypress: o
276.9557 	Level jitter 	25
285.9448 	Level finished 	25
285.9464 	DATA 	Keypress: o
285.9478 	DATA 	Keypress: o
285.9493 	DATA 	Keypress: o
285.9504 	DATA 	Keypress: o
285.9514 	DATA 	Keypress: o
285.9901 	Level image=waterlogo.jpg 	25
286.9564 	Level injecting via pump at address 0 	25
292.9505 	DATA 	Keypress: o
292.9518 	DATA 	Keypress: o
292.9530 	DATA 	Keypress: o
292.9735 	Level WAIT 	25
293.9476 	DATA 	Keypress: o
293.9736 	Level RINSE 	25
295.9500 	DATA 	Keypress: o
295.9575 	Level jitter 	25
297.9448 	Level finished 	25
297.9464 	DATA 	Keypress: o
297.9739 	Level image=tasty.jpg 	25
298.9574 	Level injecting via pump at address 1 	25
304.9499 	DATA 	Keypress: o
304.9509 	DATA 	Keypress: o
304.9519 	DATA 	Keypress: o
304.9576 	Level WAIT 	25
305.9476 	DATA 	Keypress: o
305.9582 	Level RINSE 	25
307.9504 	DATA 	Keypress: o
307.9579 	Level jitter 	25
310.9448 	Level finished 	25
310.9461 	DATA 	Keypress: o
310.9748 	Level image=waterlogo.jpg 	25
311.9473 	DATA 	Keypress: o
311.9583 	Level injecting via pump at address 0 	25
317.9504 	DATA 	Keypress: o
317.9514 	DATA 	Keypress: o
317.9524 	DATA 	Keypress: o
317.9590 	Level WAIT 	25
318.9587 	Level RINSE 	25
320.9501 	DATA 	Keypress: o
320.9587 	Level jitter 	25
324.9448 	Level finished 	25
324.9460 	DATA 	Keypress: o
324.9470 	DATA 	Keypress: o
324.9757 	Level image=tasty.jpg 	25
325.9473 	DATA 	Keypress: o
325.9759 	Level injecting via pump at address 1 	25
331.9495 	DATA 	Keypress: o
331.9506 	DATA 	Keypress: o
331.9518 	DATA 	Keypress: o
331.9767 	Level WAIT 	25
332.9597 	Level RINSE 	25
334.9494 	DATA 	Keypress: o
334.9764 	Level jitter 	25
335.9448 	Level finished 	25
335.9459 	DATA 	Keypress: o
335.9598 	Level image=waterlogo.jpg 	25
336.9599 	Level injecting via pump at address 0 	25
342.9505 	DATA 	Keypress: o
342.9518 	DATA 	Keypress: o
342.9529 	DATA 	Keypress: o
342.9608 	Level WAIT 	25
343.9482 	DATA 	Keypress: o
343.9604 	Level RINSE 	25
345.9510 	DATA 	Keypress: o
345.9605 	Level jitter 	25
348.9448 	Level finished 	25
348.9461 	DATA 	Keypress: o
348.9607 	Level image=tasty.jpg 	25
349.9483 	DATA 	Keypress: o
349.9608 	Level injecting via pump at address 1 	25
355.9504 	DATA 	Keypress: o
355.9516 	DATA 	Keypress: o
355.9529 	DATA 	Keypress: o
355.9782 	Level WAIT 	25
356.9614 	Level RINSE 	25
358.9501 	DATA 	Keypress: o
358.9613 	Level jitter 	25
366.9448 	Level finished 	25
366.9462 	DATA 	Keypress: o
366.9475 	DATA 	Keypress: o
366.9487 	DATA 	Keypress: o
366.9497 	DATA 	Keypress: o
366.9791 	Level image=tasty.jpg 	25
367.9473 	DATA 	Keypress: o
367.9621 	Level injecting via pump at address 1 	25
373.9496 	DATA 	Keypress: o
373.9507 	DATA 	Keypress: o
373.9516 	DATA 	Keypress: o
373.9624 	Level WAIT 	25
374.9625 	Level RINSE 	25
376.9501 	DATA 	Keypress: o
376.9631 	Level jitter 	25
380.9448 	Level finished 	25
380.9460 	DATA 	Keypress: o
380.9470 	DATA 	Keypress: o
380.9629 	Level image=waterlogo.jpg 	25
381.9474 	DATA 	Keypress: o
381.9631 	Level injecting via pump at address 0 	25
387.9508 	DATA 	Keypress: o
387.9520 	DATA 	Keypress: o
387.9532 	DATA 	Keypress: o
387.9806 	Level WAIT 	25
388.9803 	Level RINSE 	25
390.9493 	DATA 	Keypress: o
390.9636 	Level jitter 	25
393.9448 	Level finished 	25
393.9460 	DATA 	Keypress: o
393.9470 	DATA 	Keypress: o
393.9638 	Level image=tasty.jpg 	25
394.9640 	Level injecting via pump at address 1 	25
400.9498 	DATA 	Keypress: o
400.9508 	DATA 	Keypress: o
400.9519 	DATA 	Keypress: o
400.9814 	Level WAIT 	25
401.9474 	DATA 	Keypress: o
401.9644 	Level RINSE 	25
403.9504 	DATA 	Keypress: o
403.9812 	Level jitter 	25
408.9448 	Level finished 	25
408.9461 	DATA 	Keypress: o
408.9471 	DATA 	Keypress: o
408.9649 	Level image=waterlogo.jpg 	25
409.9471 	DATA 	Keypress: o
409.9650 	Level injecting via pump at address 0 	25
415.9500 	DATA 	Keypress: o
415.9511 	DATA 	Keypress: o
415.9523 	DATA 	Keypress: o
415.9658 	Level WAIT 	25
416.9654 	Level RINSE 	25
418.9507 	DATA 	Keypress: o
418.9655 	Level jitter 	25
423.9448 	Level finished 	25
423.9460 	DATA 	Keypress: o
423.9470 	DATA 	Keypress: o
423.9480 	DATA 	Keypress: o
423.9659 	Level image=waterlogo.jpg 	25
424.9661 	Level injecting via pump at address 0 	25
430.9504 	DATA 	Keypress: o
430.9516 	DATA 	Keypress: o
430.9529 	DATA 	Keypress: o
430.9668 	Level WAIT 	25
431.9474 	DATA 	Keypress: o
431.9664 	Level RINSE 	25
433.9496 	DATA 	Keypress: o
433.9666 	Level jitter 	25
442.9448 	Level finished 	25
442.9460 	DATA 	Keypress: o
442.9470 	DATA 	Keypress: o
442.9479 	DATA 	Keypress: o
442.9488 	DATA 	Keypress: o
442.9678 	Level image=tasty.jpg 	25
443.9473 	DATA 	Keypress: o
443.9674 	Level injecting via pump at address 1 	25
449.9494 	DATA 	Keypress: o
449.9504 	DATA 	Keypress: o
449.9513 	DATA 	Keypress: o
449.9677 	Level WAIT 	25
450.9677 	Level RINSE 	25
452.9503 	DATA 	Keypress: o
452.9683 	Level jitter 	25
454.9448 	Level finished 	25
454.9462 	DATA 	Keypress: o
454.9681 	Level image=waterlogo.jpg 	25
455.9475 	DATA 	Keypress: o
455.9682 	Level injecting via pump at address 0 	25
461.9508 	DATA 	Keypress: o
461.9521 	DATA 	Keypress: o
461.9533 	DATA 	Keypress: o
461.9685 	Level WAIT 	25
462.9690 	Level RINSE 	25
464.9493 	DATA 	Keypress: o
464.9687 	Level jitter 	25
467.9448 	Level finished 	25
467.9461 	DATA 	Keypress: o
467.9472 	DATA 	Keypress: o
467.9689 	Level image=waterlogo.jpg 	25
468.9691 	Level injecting via pump at address 0 	25
474.9499 	DATA 	Keypress: o
474.9513 	DATA 	Keypress: o
474.9528 	DATA 	Keypress: o
474.9698 	Level WAIT 	25
475.9472 	DATA 	Keypress: o
475.9695 	Level RINSE 	25
477.9503 	DATA 	Keypress: o
477.9696 	Level jitter 	25
482.9448 	Level finished 	25
482.9460 	DATA 	Keypress: o
482.9470 	DATA 	Keypress: o
482.9700 	Level image=tasty.jpg 	25
483.9473 	DATA 	Keypress: o
483.9701 	Level injecting via pump at address 1 	25
489.9495 	DATA 	Keypress: o
489.9506 	DATA 	Keypress: o
489.9516 	DATA 	Keypress: o
489.9709 	Level WAIT 	25
490.9705 	Level RINSE 	25
492.9496 	DATA 	Keypress: o
492.9706 	Level jitter 	25
494.9448 	Level finished 	25
494.9460 	DATA 	Keypress: o
494.9708 	Level image=tasty.jpg 	25
495.9476 	DATA 	Keypress: o
495.9543 	Level injecting via pump at address 1 	25
501.9494 	DATA 	Keypress: o
501.9505 	DATA 	Keypress: o
501.9515 	DATA 	Keypress: o
501.9718 	Level WAIT 	25
502.9714 	Level RINSE 	25
504.9493 	DATA 	Keypress: o
504.9548 	Level jitter 	25
511.9448 	Level finished 	25
511.9460 	DATA 	Keypress: o
511.9470 	DATA 	Keypress: o
511.9480 	DATA 	Keypress: o
511.9492 	DATA 	Keypress: o
511.9724 	Level image=waterlogo.jpg 	25
512.9721 	Level injecting via pump at address 0 	25
518.9500 	DATA 	Keypress: o
518.9512 	DATA 	Keypress: o
518.9523 	DATA 	Keypress: o
518.9724 	Level WAIT 	25
519.9478 	DATA 	Keypress: o
519.9725 	Level RINSE 	25
521.9504 	DATA 	Keypress: o
521.9730 	Level jitter 	25
524.9448 	Level finished 	25
524.9459 	DATA 	Keypress: o
524.9729 	Level image=tasty.jpg 	25
525.9477 	DATA 	Keypress: o
525.9730 	Level injecting via pump at address 1 	25
531.9506 	DATA 	Keypress: o
531.9517 	DATA 	Keypress: o
531.9530 	DATA 	Keypress: o
531.9738 	Level WAIT 	25
532.9567 	Level RINSE 	25
534.9494 	DATA 	Keypress: o
534.9735 	Level jitter 	25
536.9448 	Level finished 	25
536.9461 	DATA 	Keypress: o
536.9737 	Level image=waterlogo.jpg 	25
537.9477 	DATA 	Keypress: o
537.9738 	Level injecting via pump at address 0 	25
543.9505 	DATA 	Keypress: o
543.9518 	DATA 	Keypress: o
543.9531 	DATA 	Keypress: o
543.9747 	Level WAIT 	25
544.9744 	Level RINSE 	25
546.9499 	DATA 	Keypress: o
546.9743 	Level jitter 	25
554.9448 	Level finished 	25
554.9460 	DATA 	Keypress: o
554.9471 	DATA 	Keypress: o
554.9480 	DATA 	Keypress: o
554.9490 	DATA 	Keypress: o
554.9588 	Level image=tasty.jpg 	25
555.9473 	DATA 	Keypress: o
555.9584 	Level injecting via pump at address 1 	25
561.9502 	DATA 	Keypress: o
561.9516 	DATA 	Keypress: o
561.9528 	DATA 	Keypress: o
561.9754 	Level WAIT 	25
562.9755 	Level RINSE 	25
564.9514 	DATA 	Keypress: o
564.9760 	Level jitter 	25
566.9448 	Level finished 	25
566.9461 	DATA 	Keypress: o
566.9593 	Level image=waterlogo.jpg 	25
567.9476 	DATA 	Keypress: o
567.9593 	Level injecting via pump at address 0 	25
573.9499 	DATA 	Keypress: o
573.9513 	DATA 	Keypress: o
573.9523 	DATA 	Keypress: o
573.9596 	Level WAIT 	25
574.9601 	Level RINSE 	25
576.9499 	DATA 	Keypress: o
576.9597 	Level jitter 	25
583.9448 	Level finished 	25
