89.7608 	DATA 	Keypress: o
89.7615 	Level start key press 	25
91.7614 	DATA 	Keypress: o
93.7725 	DATA 	Keypress: o
95.7734 	DATA 	Keypress: o
97.7891 	DATA 	Keypress: o
98.6204 	Level image=waterlogo.jpg 	25
99.5684 	Level injecting via pump at address 0 	25
105.5468 	DATA 	Keypress: o
105.5482 	DATA 	Keypress: o
105.5494 	DATA 	Keypress: o
106.5429 	DATA 	Keypress: o
108.5556 	DATA 	Keypress: o
114.5400 	Level finished 	25
114.5416 	DATA 	Keypress: o
114.5429 	DATA 	Keypress: o
114.5440 	DATA 	Keypress: o
114.5506 	Level image=tasty.jpg 	25
115.5512 	Level injecting via pump at address 1 	25
121.5459 	DATA 	Keypress: o
121.5473 	DATA 	Keypress: o
121.5484 	DATA 	Keypress: o
122.5430 	DATA 	Keypress: o
124.5453 	DATA 	Keypress: o
130.5400 	Level finished 	25
130.5414 	DATA 	Keypress: o
130.5426 	DATA 	Keypress: o
130.5436 	DATA 	Keypress: o
130.5481 	Level image=tasty.jpg 	25
131.5502 	Level injecting via pump at address 1 	25
137.5468 	DATA 	Keypress: o
137.5483 	DATA 	Keypress: o
137.5498 	DATA 	Keypress: o
138.5430 	DATA 	Keypress: o
140.5454 	DATA 	Keypress: o
142.5400 	Level finished 	25
142.5414 	DATA 	Keypress: o
142.5469 	Level image=waterlogo.jpg 	25
143.5529 	Level injecting via pump at address 0 	25
149.5454 	DATA 	Keypress: o
149.5468 	DATA 	Keypress: o
149.5480 	DATA 	Keypress: o
150.5428 	DATA 	Keypress: o
152.5455 	DATA 	Keypress: o
158.5400 	Level finished 	25
158.5416 	DATA 	Keypress: o
158.5429 	DATA 	Keypress: o
158.5441 	DATA 	Keypress: o
158.5490 	Level image=tasty.jpg 	25
159.5686 	Level injecting via pump at address 1 	25
165.5467 	DATA 	Keypress: o
165.5484 	DATA 	Keypress: o
165.5497 	DATA 	Keypress: o
166.5428 	DATA 	Keypress: o
168.5453 	DATA 	Keypress: o
173.5400 	Level finished 	25
173.5416 	DATA 	Keypress: o
173.5431 	DATA 	Keypress: o
173.5481 	Level image=waterlogo.jpg 	25
174.5429 	DATA 	Keypress: o
174.5564 	Level injecting via pump at address 0 	25
180.5460 	DATA 	Keypress: o
180.5472 	DATA 	Keypress: o
180.5484 	DATA 	Keypress: o
183.5462 	DATA 	Keypress: o
188.5400 	Level finished 	25
188.5414 	DATA 	Keypress: o
188.5428 	DATA 	Keypress: o
188.5437 	DATA 	Keypress: o
188.5482 	Level image=tasty.jpg 	25
189.5611 	Level injecting via pump at address 1 	25
195.5462 	DATA 	Keypress: o
195.5475 	DATA 	Keypress: o
195.5488 	DATA 	Keypress: o
196.5430 	DATA 	Keypress: o
198.5456 	DATA 	Keypress: o
204.5400 	Level finished 	25
204.5414 	DATA 	Keypress: o
204.5426 	DATA 	Keypress: o
204.5438 	DATA 	Keypress: o
204.5496 	Level image=waterlogo.jpg 	25
205.5447 	Level injecting via pump at address 0 	25
211.5457 	DATA 	Keypress: o
211.5470 	DATA 	Keypress: o
211.5482 	DATA 	Keypress: o
212.5429 	DATA 	Keypress: o
214.5451 	DATA 	Keypress: o
217.5400 	Level finished 	25
217.5412 	DATA 	Keypress: o
217.5454 	Level image=tasty.jpg 	25
218.5431 	DATA 	Keypress: o
218.5571 	Level injecting via pump at address 1 	25
224.5463 	DATA 	Keypress: o
224.5476 	DATA 	Keypress: o
224.5490 	DATA 	Keypress: o
227.5449 	DATA 	Keypress: o
235.5400 	Level finished 	25
235.5416 	DATA 	Keypress: o
235.5430 	DATA 	Keypress: o
235.5441 	DATA 	Keypress: o
235.5451 	DATA 	Keypress: o
235.5512 	Level image=waterlogo.jpg 	25
236.5425 	DATA 	Keypress: o
236.5634 	Level injecting via pump at address 0 	25
242.5457 	DATA 	Keypress: o
242.5471 	DATA 	Keypress: o
242.5484 	DATA 	Keypress: o
245.5461 	DATA 	Keypress: o
247.5400 	Level finished 	25
247.5413 	DATA 	Keypress: o
247.5464 	Level image=tasty.jpg 	25
248.5428 	DATA 	Keypress: o
248.5474 	Level injecting via pump at address 1 	25
254.5455 	DATA 	Keypress: o
254.5468 	DATA 	Keypress: o
254.5482 	DATA 	Keypress: o
257.5456 	DATA 	Keypress: o
266.5400 	Level finished 	25
266.5413 	DATA 	Keypress: o
266.5424 	DATA 	Keypress: o
266.5434 	DATA 	Keypress: o
266.5448 	DATA 	Keypress: o
266.5457 	DATA 	Keypress: o
266.5512 	Level image=waterlogo.jpg 	25
267.5493 	Level injecting via pump at address 0 	25
273.5458 	DATA 	Keypress: o
273.5471 	DATA 	Keypress: o
273.5485 	DATA 	Keypress: o
274.5429 	DATA 	Keypress: o
276.5455 	DATA 	Keypress: o
278.5400 	Level finished 	25
278.5415 	DATA 	Keypress: o
278.5463 	Level image=tasty.jpg 	25
279.5529 	Level injecting via pump at address 1 	25
285.5467 	DATA 	Keypress: o
285.5482 	DATA 	Keypress: o
285.5498 	DATA 	Keypress: o
286.5431 	DATA 	Keypress: o
288.5454 	DATA 	Keypress: o
291.5400 	Level finished 	25
291.5413 	DATA 	Keypress: o
291.5468 	Level image=waterlogo.jpg 	25
292.5423 	DATA 	Keypress: o
292.5681 	Level injecting via pump at address 0 	25
298.5454 	DATA 	Keypress: o
298.5468 	DATA 	Keypress: o
298.5480 	DATA 	Keypress: o
301.5458 	DATA 	Keypress: o
305.5400 	Level finished 	25
305.5415 	DATA 	Keypress: o
305.5428 	DATA 	Keypress: o
305.5476 	Level image=tasty.jpg 	25
306.5430 	DATA 	Keypress: o
306.5518 	Level injecting via pump at address 1 	25
312.5462 	DATA 	Keypress: o
312.5474 	DATA 	Keypress: o
312.5486 	DATA 	Keypress: o
315.5450 	DATA 	Keypress: o
316.5400 	Level finished 	25
316.5415 	DATA 	Keypress: o
316.5463 	Level image=waterlogo.jpg 	25
317.5522 	Level injecting via pump at address 0 	25
323.5450 	DATA 	Keypress: o
323.5463 	DATA 	Keypress: o
323.5475 	DATA 	Keypress: o
324.5431 	DATA 	Keypress: o
326.5454 	DATA 	Keypress: o
329.5400 	Level finished 	25
329.5414 	DATA 	Keypress: o
329.5464 	Level image=tasty.jpg 	25
330.5427 	DATA 	Keypress: o
330.5504 	Level injecting via pump at address 1 	25
336.5461 	DATA 	Keypress: o
336.5474 	DATA 	Keypress: o
336.5486 	DATA 	Keypress: o
339.5468 	DATA 	Keypress: o
347.5400 	Level finished 	25
347.5413 	DATA 	Keypress: o
347.5425 	DATA 	Keypress: o
347.5438 	DATA 	Keypress: o
347.5450 	DATA 	Keypress: o
347.5490 	Level image=tasty.jpg 	25
348.5429 	DATA 	Keypress: o
348.5718 	Level injecting via pump at address 1 	25
354.5456 	DATA 	Keypress: o
354.5469 	DATA 	Keypress: o
354.5480 	DATA 	Keypress: o
357.5451 	DATA 	Keypress: o
361.5400 	Level finished 	25
361.5415 	DATA 	Keypress: o
361.5431 	DATA 	Keypress: o
361.5486 	Level image=waterlogo.jpg 	25
362.5428 	DATA 	Keypress: o
362.5489 	Level injecting via pump at address 0 	25
368.5456 	DATA 	Keypress: o
368.5472 	DATA 	Keypress: o
368.5486 	DATA 	Keypress: o
371.5451 	DATA 	Keypress: o
374.5400 	Level finished 	25
374.5414 	DATA 	Keypress: o
374.5426 	DATA 	Keypress: o
374.5467 	Level image=tasty.jpg 	25
375.5468 	Level injecting via pump at address 1 	25
381.5460 	DATA 	Keypress: o
381.5473 	DATA 	Keypress: o
381.5487 	DATA 	Keypress: o
382.5430 	DATA 	Keypress: o
384.5460 	DATA 	Keypress: o
389.5400 	Level finished 	25
389.5414 	DATA 	Keypress: o
389.5425 	DATA 	Keypress: o
389.5473 	Level image=waterlogo.jpg 	25
390.5427 	DATA 	Keypress: o
390.5509 	Level injecting via pump at address 0 	25
396.5450 	DATA 	Keypress: o
396.5460 	DATA 	Keypress: o
396.5470 	DATA 	Keypress: o
399.5451 	DATA 	Keypress: o
404.5400 	Level finished 	25
404.5414 	DATA 	Keypress: o
404.5426 	DATA 	Keypress: o
404.5438 	DATA 	Keypress: o
404.5496 	Level image=waterlogo.jpg 	25
405.5546 	Level injecting via pump at address 0 	25
411.5460 	DATA 	Keypress: o
411.5474 	DATA 	Keypress: o
411.5487 	DATA 	Keypress: o
412.5426 	DATA 	Keypress: o
414.5463 	DATA 	Keypress: o
423.5400 	Level finished 	25
423.5413 	DATA 	Keypress: o
423.5424 	DATA 	Keypress: o
423.5435 	DATA 	Keypress: o
423.5446 	DATA 	Keypress: o
423.5489 	Level image=tasty.jpg 	25
424.5431 	DATA 	Keypress: o
424.5555 	Level injecting via pump at address 1 	25
430.5474 	DATA 	Keypress: o
430.5491 	DATA 	Keypress: o
430.5505 	DATA 	Keypress: o
433.5457 	DATA 	Keypress: o
435.5400 	Level finished 	25
435.5415 	DATA 	Keypress: o
435.5486 	Level image=waterlogo.jpg 	25
436.5433 	DATA 	Keypress: o
436.5591 	Level injecting via pump at address 0 	25
442.5453 	DATA 	Keypress: o
442.5466 	DATA 	Keypress: o
442.5478 	DATA 	Keypress: o
445.5456 	DATA 	Keypress: o
448.5400 	Level finished 	25
448.5413 	DATA 	Keypress: o
448.5425 	DATA 	Keypress: o
448.5483 	Level image=waterlogo.jpg 	25
449.5563 	Level injecting via pump at address 0 	25
455.5457 	DATA 	Keypress: o
455.5471 	DATA 	Keypress: o
455.5483 	DATA 	Keypress: o
456.5430 	DATA 	Keypress: o
458.5461 	DATA 	Keypress: o
463.5400 	Level finished 	25
463.5414 	DATA 	Keypress: o
463.5426 	DATA 	Keypress: o
463.5472 	Level image=tasty.jpg 	25
464.5433 	DATA 	Keypress: o
464.5613 	Level injecting via pump at address 1 	25
470.5458 	DATA 	Keypress: o
470.5470 	DATA 	Keypress: o
470.5482 	DATA 	Keypress: o
473.5458 	DATA 	Keypress: o
475.5400 	Level finished 	25
475.5412 	DATA 	Keypress: o
475.5452 	Level image=tasty.jpg 	25
476.5429 	DATA 	Keypress: o
476.5645 	Level injecting via pump at address 1 	25
482.5456 	DATA 	Keypress: o
482.5470 	DATA 	Keypress: o
482.5482 	DATA 	Keypress: o
485.5454 	DATA 	Keypress: o
492.5400 	Level finished 	25
492.5414 	DATA 	Keypress: o
492.5428 	DATA 	Keypress: o
492.5440 	DATA 	Keypress: o
492.5452 	DATA 	Keypress: o
492.5515 	Level image=waterlogo.jpg 	25
493.5575 	Level injecting via pump at address 0 	25
499.5459 	DATA 	Keypress: o
499.5471 	DATA 	Keypress: o
499.5485 	DATA 	Keypress: o
500.5426 	DATA 	Keypress: o
502.5460 	DATA 	Keypress: o
505.5400 	Level finished 	25
505.5413 	DATA 	Keypress: o
505.5455 	Level image=tasty.jpg 	25
506.5431 	DATA 	Keypress: o
506.5567 	Level injecting via pump at address 1 	25
512.5459 	DATA 	Keypress: o
512.5473 	DATA 	Keypress: o
512.5489 	DATA 	Keypress: o
515.5459 	DATA 	Keypress: o
517.5400 	Level finished 	25
517.5412 	DATA 	Keypress: o
517.5466 	Level image=waterlogo.jpg 	25
518.5427 	DATA 	Keypress: o
518.5493 	Level injecting via pump at address 0 	25
524.5456 	DATA 	Keypress: o
524.5469 	DATA 	Keypress: o
524.5481 	DATA 	Keypress: o
527.5455 	DATA 	Keypress: o
535.5400 	Level finished 	25
535.5416 	DATA 	Keypress: o
535.5430 	DATA 	Keypress: o
535.5442 	DATA 	Keypress: o
535.5458 	DATA 	Keypress: o
535.5511 	Level image=tasty.jpg 	25
536.5427 	DATA 	Keypress: o
536.5483 	Level injecting via pump at address 1 	25
542.5459 	DATA 	Keypress: o
542.5473 	DATA 	Keypress: o
542.5487 	DATA 	Keypress: o
545.5457 	DATA 	Keypress: o
547.5400 	Level finished 	25
547.5414 	DATA 	Keypress: o
547.5482 	Level image=waterlogo.jpg 	25
548.5429 	DATA 	Keypress: o
548.5521 	Level injecting via pump at address 0 	25
554.5458 	DATA 	Keypress: o
554.5472 	DATA 	Keypress: o
554.5484 	DATA 	Keypress: o
557.5454 	DATA 	Keypress: o
564.5400 	Level finished 	25
