56.2656 	DATA 	Keypress: o
56.2666 	Level start key press 	25
58.2705 	DATA 	Keypress: o
60.2727 	DATA 	Keypress: o
62.2714 	DATA 	Keypress: o
64.3172 	DATA 	Keypress: o
64.3274 	Level image=waterlogo.jpg 	25
65.2672 	Level injecting via pump at address 0 	25
71.2592 	DATA 	Keypress: o
71.2605 	DATA 	Keypress: o
71.2617 	DATA 	Keypress: o
71.2688 	Level WAIT 	25
72.2684 	Level RINSE 	25
74.2693 	DATA 	Keypress: o
74.2706 	DATA 	Keypress: o
74.2748 	Level jitter 	25
83.2533 	Level finished 	25
83.2551 	DATA 	Keypress: o
83.2567 	DATA 	Keypress: o
83.2583 	DATA 	Keypress: o
83.2598 	DATA 	Keypress: o
83.2701 	Level image=waterlogo.jpg 	25
84.2692 	Level injecting via pump at address 0 	25
90.2587 	DATA 	Keypress: o
90.2599 	DATA 	Keypress: o
90.2613 	DATA 	Keypress: o
90.2626 	DATA 	Keypress: o
90.2694 	Level WAIT 	25
91.2686 	Level RINSE 	25
93.2587 	DATA 	Keypress: o
93.2697 	Level jitter 	25
98.2533 	Level finished 	25
98.2548 	DATA 	Keypress: o
98.2560 	DATA 	Keypress: o
98.2622 	DATA 	Keypress: o
98.2655 	Level image=tasty.jpg 	25
99.2596 	Level injecting via pump at address 0 	25
105.2585 	DATA 	Keypress: o
105.2598 	DATA 	Keypress: o
105.2610 	DATA 	Keypress: o
105.2708 	Level WAIT 	25
106.2704 	Level RINSE 	25
108.2580 	DATA 	Keypress: o
108.2627 	Level jitter 	25
109.2533 	Level finished 	25
109.2546 	DATA 	Keypress: o
109.2704 	Level image=tasty.jpg 	25
110.2684 	Level injecting via pump at address 1 	25
116.2587 	DATA 	Keypress: o
116.2599 	DATA 	Keypress: o
116.2611 	DATA 	Keypress: o
116.2620 	DATA 	Keypress: o
116.2708 	Level WAIT 	25
117.2644 	Level RINSE 	25
119.2579 	DATA 	Keypress: o
119.2714 	Level jitter 	25
124.2533 	Level finished 	25
124.2547 	DATA 	Keypress: o
124.2560 	DATA 	Keypress: o
124.2622 	DATA 	Keypress: o
124.2716 	Level image=tasty.jpg 	25
125.2717 	Level injecting via pump at address 0 	25
131.2588 	DATA 	Keypress: o
131.2598 	DATA 	Keypress: o
131.2608 	DATA 	Keypress: o
131.2727 	Level WAIT 	25
132.2695 	Level RINSE 	25
134.2589 	DATA 	Keypress: o
134.2603 	DATA 	Keypress: o
134.2723 	Level jitter 	25
138.2533 	Level finished 	25
138.2548 	DATA 	Keypress: o
138.2621 	DATA 	Keypress: o
138.2705 	Level image=waterlogo.jpg 	25
139.2654 	Level injecting via pump at address 0 	25
145.2588 	DATA 	Keypress: o
145.2599 	DATA 	Keypress: o
145.2609 	DATA 	Keypress: o
145.2678 	Level WAIT 	25
146.2619 	Level RINSE 	25
148.2587 	DATA 	Keypress: o
148.2599 	DATA 	Keypress: o
148.2684 	Level jitter 	25
150.2533 	Level finished 	25
150.2734 	Level image=tasty.jpg 	25
151.2557 	DATA 	Keypress: o
151.2684 	Level injecting via pump at address 0 	25
157.2593 	DATA 	Keypress: o
157.2603 	DATA 	Keypress: o
157.2613 	DATA 	Keypress: o
157.2706 	Level WAIT 	25
158.2577 	Level RINSE 	25
160.2586 	DATA 	Keypress: o
160.2598 	DATA 	Keypress: o
160.2713 	Level jitter 	25
168.2533 	Level finished 	25
168.2548 	DATA 	Keypress: o
168.2560 	DATA 	Keypress: o
168.2572 	DATA 	Keypress: o
168.2585 	DATA 	Keypress: o
168.2748 	Level image=waterlogo.jpg 	25
169.2575 	Level injecting via pump at address 0 	25
175.2591 	DATA 	Keypress: o
175.2606 	DATA 	Keypress: o
175.2625 	DATA 	Keypress: o
175.2747 	Level WAIT 	25
176.2584 	Level RINSE 	25
178.2600 	DATA 	Keypress: o
178.2615 	DATA 	Keypress: o
178.2757 	Level jitter 	25
183.2533 	Level finished 	25
183.2547 	DATA 	Keypress: o
183.2560 	DATA 	Keypress: o
183.2672 	Level image=tasty.jpg 	25
184.2586 	Level injecting via pump at address 1 	25
190.2599 	DATA 	Keypress: o
190.2612 	DATA 	Keypress: o
190.2624 	DATA 	Keypress: o
190.2636 	DATA 	Keypress: o
190.2768 	Level WAIT 	25
191.2587 	Level RINSE 	25
193.2587 	DATA 	Keypress: o
193.2643 	Level jitter 	25
195.2533 	Level finished 	25
195.2545 	DATA 	Keypress: o
195.2704 	Level image=tasty.jpg 	25
196.2600 	Level injecting via pump at address 0 	25
202.2589 	DATA 	Keypress: o
202.2602 	DATA 	Keypress: o
202.2618 	DATA 	Keypress: o
202.2630 	DATA 	Keypress: o
202.2671 	Level WAIT 	25
203.2602 	Level RINSE 	25
205.2586 	DATA 	Keypress: o
205.2674 	Level jitter 	25
208.2533 	Level finished 	25
208.2545 	DATA 	Keypress: o
208.2614 	DATA 	Keypress: o
208.2682 	Level image=waterlogo.jpg 	25
209.2613 	Level injecting via pump at address 0 	25
215.2579 	DATA 	Keypress: o
215.2590 	DATA 	Keypress: o
215.2599 	DATA 	Keypress: o
215.2647 	Level WAIT 	25
216.2561 	DATA 	Keypress: o
216.2593 	Level RINSE 	25
218.2587 	DATA 	Keypress: o
218.2621 	Level jitter 	25
226.2533 	Level finished 	25
226.2546 	DATA 	Keypress: o
226.2555 	DATA 	Keypress: o
226.2566 	DATA 	Keypress: o
226.2577 	DATA 	Keypress: o
226.2738 	Level image=tasty.jpg 	25
227.2625 	Level injecting via pump at address 0 	25
233.2592 	DATA 	Keypress: o
233.2609 	DATA 	Keypress: o
233.2623 	DATA 	Keypress: o
233.2694 	Level WAIT 	25
234.2566 	DATA 	Keypress: o
234.2623 	Level RINSE 	25
236.2588 	DATA 	Keypress: o
236.2626 	Level jitter 	25
238.2533 	Level finished 	25
238.2545 	DATA 	Keypress: o
238.2624 	Level image=tasty.jpg 	25
239.2634 	Level injecting via pump at address 1 	25
245.2586 	DATA 	Keypress: o
245.2599 	DATA 	Keypress: o
245.2611 	DATA 	Keypress: o
245.2736 	Level WAIT 	25
246.2563 	DATA 	Keypress: o
246.2639 	Level RINSE 	25
248.2585 	DATA 	Keypress: o
248.2643 	Level jitter 	25
257.2533 	Level finished 	25
257.2547 	DATA 	Keypress: o
257.2558 	DATA 	Keypress: o
257.2568 	DATA 	Keypress: o
257.2577 	DATA 	Keypress: o
257.2768 	Level image=waterlogo.jpg 	25
258.2562 	DATA 	Keypress: o
258.2645 	Level injecting via pump at address 0 	25
264.2603 	DATA 	Keypress: o
264.2616 	DATA 	Keypress: o
264.2628 	DATA 	Keypress: o
264.2737 	Level WAIT 	25
265.2646 	Level RINSE 	25
267.2591 	DATA 	Keypress: o
267.2655 	Level jitter 	25
275.2533 	Level finished 	25
275.2546 	DATA 	Keypress: o
275.2558 	DATA 	Keypress: o
275.2570 	DATA 	Keypress: o
275.2583 	DATA 	Keypress: o
275.2654 	Level image=tasty.jpg 	25
276.2569 	DATA 	Keypress: o
276.2604 	Level injecting via pump at address 0 	25
282.2589 	DATA 	Keypress: o
282.2605 	DATA 	Keypress: o
282.2619 	DATA 	Keypress: o
282.2667 	Level WAIT 	25
283.2666 	Level RINSE 	25
285.2585 	DATA 	Keypress: o
285.2632 	Level jitter 	25
287.2533 	Level finished 	25
287.2548 	DATA 	Keypress: o
287.2667 	Level image=waterlogo.jpg 	25
288.2562 	DATA 	Keypress: o
288.2634 	Level injecting via pump at address 0 	25
294.2582 	DATA 	Keypress: o
294.2592 	DATA 	Keypress: o
294.2601 	DATA 	Keypress: o
294.2659 	Level WAIT 	25
295.2597 	Level RINSE 	25
297.2589 	DATA 	Keypress: o
297.2653 	Level jitter 	25
304.2533 	Level finished 	25
304.2548 	DATA 	Keypress: o
304.2561 	DATA 	Keypress: o
304.2573 	DATA 	Keypress: o
304.2585 	DATA 	Keypress: o
304.2685 	Level image=tasty.jpg 	25
305.2575 	Level injecting via pump at address 1 	25
311.2585 	DATA 	Keypress: o
311.2596 	DATA 	Keypress: o
311.2606 	DATA 	Keypress: o
311.2683 	Level WAIT 	25
312.2562 	DATA 	Keypress: o
312.2685 	Level RINSE 	25
314.2587 	DATA 	Keypress: o
314.2688 	Level jitter 	25
319.2533 	Level finished 	25
319.2546 	DATA 	Keypress: o
319.2557 	DATA 	Keypress: o
319.2670 	Level image=tasty.jpg 	25
320.2560 	DATA 	Keypress: o
320.2615 	Level injecting via pump at address 0 	25
326.2587 	DATA 	Keypress: o
326.2600 	DATA 	Keypress: o
326.2613 	DATA 	Keypress: o
326.2697 	Level WAIT 	25
327.2576 	Level RINSE 	25
329.2588 	DATA 	Keypress: o
329.2644 	Level jitter 	25
331.2533 	Level finished 	25
331.2550 	DATA 	Keypress: o
331.2694 	Level image=tasty.jpg 	25
332.2563 	DATA 	Keypress: o
332.2649 	Level injecting via pump at address 1 	25
338.2591 	DATA 	Keypress: o
338.2604 	DATA 	Keypress: o
338.2616 	DATA 	Keypress: o
338.2666 	Level WAIT 	25
339.2612 	Level RINSE 	25
341.2582 	DATA 	Keypress: o
341.2673 	Level jitter 	25
344.2533 	Level finished 	25
344.2549 	DATA 	Keypress: o
344.2563 	DATA 	Keypress: o
344.2682 	Level image=tasty.jpg 	25
345.2624 	Level injecting via pump at address 0 	25
351.2586 	DATA 	Keypress: o
351.2596 	DATA 	Keypress: o
351.2606 	DATA 	Keypress: o
351.2652 	Level WAIT 	25
352.2559 	DATA 	Keypress: o
352.2592 	Level RINSE 	25
354.2588 	DATA 	Keypress: o
354.2654 	Level jitter 	25
356.2533 	Level finished 	25
356.2547 	DATA 	Keypress: o
356.2714 	Level image=tasty.jpg 	25
357.2667 	Level injecting via pump at address 1 	25
363.2582 	DATA 	Keypress: o
363.2595 	DATA 	Keypress: o
363.2606 	DATA 	Keypress: o
363.2684 	Level WAIT 	25
364.2563 	DATA 	Keypress: o
364.2632 	Level RINSE 	25
366.2592 	DATA 	Keypress: o
366.2694 	Level jitter 	25
370.2533 	Level finished 	25
370.2546 	DATA 	Keypress: o
370.2559 	DATA 	Keypress: o
370.2638 	Level image=tasty.jpg 	25
371.2589 	Level injecting via pump at address 0 	25
377.2587 	DATA 	Keypress: o
377.2598 	DATA 	Keypress: o
377.2608 	DATA 	Keypress: o
377.2729 	Level WAIT 	25
378.2562 	DATA 	Keypress: o
378.2724 	Level RINSE 	25
380.2580 	DATA 	Keypress: o
380.2613 	Level jitter 	25
382.2533 	Level finished 	25
382.2547 	DATA 	Keypress: o
382.2674 	Level image=tasty.jpg 	25
383.2623 	Level injecting via pump at address 1 	25
389.2589 	DATA 	Keypress: o
389.2602 	DATA 	Keypress: o
389.2614 	DATA 	Keypress: o
389.2651 	Level WAIT 	25
390.2560 	DATA 	Keypress: o
390.2593 	Level RINSE 	25
392.2585 	DATA 	Keypress: o
392.2652 	Level jitter 	25
400.2533 	Level finished 	25
400.2549 	DATA 	Keypress: o
400.2563 	DATA 	Keypress: o
400.2575 	DATA 	Keypress: o
400.2587 	DATA 	Keypress: o
400.2728 	Level image=tasty.jpg 	25
401.2579 	Level injecting via pump at address 0 	25
407.2588 	DATA 	Keypress: o
407.2603 	DATA 	Keypress: o
407.2616 	DATA 	Keypress: o
407.2694 	Level WAIT 	25
408.2564 	DATA 	Keypress: o
408.2644 	Level RINSE 	25
410.2585 	DATA 	Keypress: o
410.2703 	Level jitter 	25
417.2533 	Level finished 	25
