62.9853 	DATA 	Keypress: o
62.9861 	Level start key press 	25
64.9900 	DATA 	Keypress: o
66.9901 	DATA 	Keypress: o
68.9905 	DATA 	Keypress: o
70.9906 	DATA 	Keypress: o
71.5382 	Level image=waterlogo.jpg 	25
72.4720 	Level injecting via pump at address 0 	25
78.4602 	DATA 	Keypress: o
78.4615 	DATA 	Keypress: o
78.4626 	DATA 	Keypress: o
78.4719 	Level WAIT 	25
79.4576 	DATA 	Keypress: o
79.4720 	Level RINSE 	25
81.4688 	DATA 	Keypress: o
81.4888 	Level jitter 	25
87.4547 	Level finished 	25
87.4560 	DATA 	Keypress: o
87.4570 	DATA 	Keypress: o
87.4580 	DATA 	Keypress: o
87.4730 	Level image=tasty.jpg 	25
88.4726 	Level injecting via pump at address 1 	25
94.4606 	DATA 	Keypress: o
94.4620 	DATA 	Keypress: o
94.4633 	DATA 	Keypress: o
94.4897 	Level WAIT 	25
95.4571 	DATA 	Keypress: o
95.4731 	Level RINSE 	25
97.4600 	DATA 	Keypress: o
97.4737 	Level jitter 	25
103.4547 	Level finished 	25
103.4560 	DATA 	Keypress: o
103.4571 	DATA 	Keypress: o
103.4583 	DATA 	Keypress: o
103.4737 	Level image=tasty.jpg 	25
104.4738 	Level injecting via pump at address 1 	25
110.4604 	DATA 	Keypress: o
110.4617 	DATA 	Keypress: o
110.4632 	DATA 	Keypress: o
110.4912 	Level WAIT 	25
111.4577 	DATA 	Keypress: o
111.4909 	Level RINSE 	25
113.4602 	DATA 	Keypress: o
113.4744 	Level jitter 	25
115.4547 	Level finished 	25
115.4561 	DATA 	Keypress: o
115.4745 	Level image=waterlogo.jpg 	25
116.4746 	Level injecting via pump at address 0 	25
122.4605 	DATA 	Keypress: o
122.4619 	DATA 	Keypress: o
122.4631 	DATA 	Keypress: o
122.4754 	Level WAIT 	25
123.4572 	DATA 	Keypress: o
123.4750 	Level RINSE 	25
125.4600 	DATA 	Keypress: o
125.4752 	Level jitter 	25
131.4547 	Level finished 	25
131.4560 	DATA 	Keypress: o
131.4570 	DATA 	Keypress: o
131.4580 	DATA 	Keypress: o
131.4756 	Level image=tasty.jpg 	25
132.4761 	Level injecting via pump at address 1 	25
138.4601 	DATA 	Keypress: o
138.4614 	DATA 	Keypress: o
138.4626 	DATA 	Keypress: o
138.4761 	Level WAIT 	25
139.4575 	DATA 	Keypress: o
139.4761 	Level RINSE 	25
141.4597 	DATA 	Keypress: o
141.4763 	Level jitter 	25
146.4547 	Level finished 	25
146.4560 	DATA 	Keypress: o
146.4570 	DATA 	Keypress: o
146.4771 	Level image=waterlogo.jpg 	25
147.4572 	DATA 	Keypress: o
147.4768 	Level injecting via pump at address 0 	25
153.4616 	DATA 	Keypress: o
153.4629 	DATA 	Keypress: o
153.4641 	DATA 	Keypress: o
153.4771 	Level WAIT 	25
154.4772 	Level RINSE 	25
156.4602 	DATA 	Keypress: o
156.4778 	Level jitter 	25
161.4547 	Level finished 	25
161.4563 	DATA 	Keypress: o
161.4576 	DATA 	Keypress: o
161.4589 	DATA 	Keypress: o
161.4945 	Level image=tasty.jpg 	25
162.4778 	Level injecting via pump at address 1 	25
168.4604 	DATA 	Keypress: o
168.4617 	DATA 	Keypress: o
168.4630 	DATA 	Keypress: o
168.4787 	Level WAIT 	25
169.4574 	DATA 	Keypress: o
169.4783 	Level RINSE 	25
171.4599 	DATA 	Keypress: o
171.4784 	Level jitter 	25
177.4547 	Level finished 	25
177.4560 	DATA 	Keypress: o
177.4571 	DATA 	Keypress: o
177.4580 	DATA 	Keypress: o
177.4788 	Level image=waterlogo.jpg 	25
178.4793 	Level injecting via pump at address 0 	25
184.4603 	DATA 	Keypress: o
184.4616 	DATA 	Keypress: o
184.4629 	DATA 	Keypress: o
184.4793 	Level WAIT 	25
185.4572 	DATA 	Keypress: o
185.4794 	Level RINSE 	25
187.4602 	DATA 	Keypress: o
187.4795 	Level jitter 	25
190.4547 	Level finished 	25
190.4559 	DATA 	Keypress: o
190.4801 	Level image=tasty.jpg 	25
191.4576 	DATA 	Keypress: o
191.4798 	Level injecting via pump at address 1 	25
197.4605 	DATA 	Keypress: o
197.4618 	DATA 	Keypress: o
197.4628 	DATA 	Keypress: o
197.4802 	Level WAIT 	25
198.4803 	Level RINSE 	25
200.4601 	DATA 	Keypress: o
200.4809 	Level jitter 	25
208.4547 	Level finished 	25
208.4560 	DATA 	Keypress: o
208.4575 	DATA 	Keypress: o
208.4587 	DATA 	Keypress: o
208.4599 	DATA 	Keypress: o
208.4809 	Level image=waterlogo.jpg 	25
209.4574 	DATA 	Keypress: o
209.4810 	Level injecting via pump at address 0 	25
215.4604 	DATA 	Keypress: o
215.4617 	DATA 	Keypress: o
215.4630 	DATA 	Keypress: o
215.4819 	Level WAIT 	25
216.4815 	Level RINSE 	25
218.4602 	DATA 	Keypress: o
218.4816 	Level jitter 	25
220.4547 	Level finished 	25
220.4560 	DATA 	Keypress: o
220.4818 	Level image=tasty.jpg 	25
221.4575 	DATA 	Keypress: o
221.4652 	Level injecting via pump at address 1 	25
227.4603 	DATA 	Keypress: o
227.4617 	DATA 	Keypress: o
227.4629 	DATA 	Keypress: o
227.4827 	Level WAIT 	25
228.4656 	Level RINSE 	25
230.4601 	DATA 	Keypress: o
230.4658 	Level jitter 	25
239.4547 	Level finished 	25
239.4560 	DATA 	Keypress: o
239.4573 	DATA 	Keypress: o
239.4585 	DATA 	Keypress: o
239.4597 	DATA 	Keypress: o
239.4609 	DATA 	Keypress: o
239.5002 	Level image=waterlogo.jpg 	25
240.4666 	Level injecting via pump at address 0 	25
246.4603 	DATA 	Keypress: o
246.4615 	DATA 	Keypress: o
246.4628 	DATA 	Keypress: o
246.4835 	Level WAIT 	25
247.4571 	DATA 	Keypress: o
247.4836 	Level RINSE 	25
249.4598 	DATA 	Keypress: o
249.4674 	Level jitter 	25
251.4547 	Level finished 	25
251.4560 	DATA 	Keypress: o
251.4839 	Level image=tasty.jpg 	25
252.4674 	Level injecting via pump at address 1 	25
258.4601 	DATA 	Keypress: o
258.4613 	DATA 	Keypress: o
258.4621 	DATA 	Keypress: o
258.4677 	Level WAIT 	25
259.4578 	DATA 	Keypress: o
259.4682 	Level RINSE 	25
261.4601 	DATA 	Keypress: o
261.4679 	Level jitter 	25
264.4547 	Level finished 	25
264.4559 	DATA 	Keypress: o
264.4848 	Level image=waterlogo.jpg 	25
265.4572 	DATA 	Keypress: o
265.4682 	Level injecting via pump at address 0 	25
271.4608 	DATA 	Keypress: o
271.4621 	DATA 	Keypress: o
271.4634 	DATA 	Keypress: o
271.4857 	Level WAIT 	25
272.4687 	Level RINSE 	25
274.4601 	DATA 	Keypress: o
274.4687 	Level jitter 	25
278.4547 	Level finished 	25
278.4560 	DATA 	Keypress: o
278.4572 	DATA 	Keypress: o
278.4858 	Level image=tasty.jpg 	25
279.4572 	DATA 	Keypress: o
279.4858 	Level injecting via pump at address 1 	25
285.4603 	DATA 	Keypress: o
285.4619 	DATA 	Keypress: o
285.4629 	DATA 	Keypress: o
285.4867 	Level WAIT 	25
286.4696 	Level RINSE 	25
288.4602 	DATA 	Keypress: o
288.4865 	Level jitter 	25
289.4547 	Level finished 	25
289.4559 	DATA 	Keypress: o
289.4867 	Level image=waterlogo.jpg 	25
290.4699 	Level injecting via pump at address 0 	25
296.4601 	DATA 	Keypress: o
296.4614 	DATA 	Keypress: o
296.4627 	DATA 	Keypress: o
296.4708 	Level WAIT 	25
297.4572 	DATA 	Keypress: o
297.4705 	Level RINSE 	25
299.4608 	DATA 	Keypress: o
299.4705 	Level jitter 	25
302.4547 	Level finished 	25
302.4562 	DATA 	Keypress: o
302.4707 	Level image=tasty.jpg 	25
303.4576 	DATA 	Keypress: o
303.4708 	Level injecting via pump at address 1 	25
309.4601 	DATA 	Keypress: o
309.4611 	DATA 	Keypress: o
309.4621 	DATA 	Keypress: o
309.4717 	Level WAIT 	25
310.4714 	Level RINSE 	25
312.4592 	DATA 	Keypress: o
312.4715 	Level jitter 	25
320.4547 	Level finished 	25
320.4560 	DATA 	Keypress: o
320.4570 	DATA 	Keypress: o
320.4580 	DATA 	Keypress: o
320.4589 	DATA 	Keypress: o
320.4891 	Level image=tasty.jpg 	25
321.4572 	DATA 	Keypress: o
321.4721 	Level injecting via pump at address 1 	25
327.4603 	DATA 	Keypress: o
327.4616 	DATA 	Keypress: o
327.4628 	DATA 	Keypress: o
327.4725 	Level WAIT 	25
328.4725 	Level RINSE 	25
330.4594 	DATA 	Keypress: o
330.4731 	Level jitter 	25
334.4547 	Level finished 	25
334.4562 	DATA 	Keypress: o
334.4575 	DATA 	Keypress: o
334.4729 	Level image=waterlogo.jpg 	25
335.4577 	DATA 	Keypress: o
335.4730 	Level injecting via pump at address 0 	25
341.4606 	DATA 	Keypress: o
341.4620 	DATA 	Keypress: o
341.4638 	DATA 	Keypress: o
341.4905 	Level WAIT 	25
342.4902 	Level RINSE 	25
344.4598 	DATA 	Keypress: o
344.4736 	Level jitter 	25
347.4547 	Level finished 	25
347.4562 	DATA 	Keypress: o
347.4574 	DATA 	Keypress: o
347.4739 	Level image=tasty.jpg 	25
348.4739 	Level injecting via pump at address 1 	25
354.4612 	DATA 	Keypress: o
354.4625 	DATA 	Keypress: o
354.4638 	DATA 	Keypress: o
354.4914 	Level WAIT 	25
355.4574 	DATA 	Keypress: o
355.4745 	Level RINSE 	25
357.4598 	DATA 	Keypress: o
357.4745 	Level jitter 	25
362.4547 	Level finished 	25
362.4561 	DATA 	Keypress: o
362.4574 	DATA 	Keypress: o
362.4749 	Level image=waterlogo.jpg 	25
363.4576 	DATA 	Keypress: o
363.4750 	Level injecting via pump at address 0 	25
369.4596 	DATA 	Keypress: o
369.4607 	DATA 	Keypress: o
369.4617 	DATA 	Keypress: o
369.4758 	Level WAIT 	25
370.4755 	Level RINSE 	25
372.4603 	DATA 	Keypress: o
372.4755 	Level jitter 	25
377.4547 	Level finished 	25
377.4562 	DATA 	Keypress: o
377.4575 	DATA 	Keypress: o
377.4587 	DATA 	Keypress: o
377.4759 	Level image=waterlogo.jpg 	25
378.4760 	Level injecting via pump at address 0 	25
384.4603 	DATA 	Keypress: o
384.4616 	DATA 	Keypress: o
384.4629 	DATA 	Keypress: o
384.4769 	Level WAIT 	25
385.4576 	DATA 	Keypress: o
385.4765 	Level RINSE 	25
387.4596 	DATA 	Keypress: o
387.4766 	Level jitter 	25
396.4547 	Level finished 	25
396.4561 	DATA 	Keypress: o
396.4574 	DATA 	Keypress: o
396.4586 	DATA 	Keypress: o
396.4598 	DATA 	Keypress: o
396.4777 	Level image=tasty.jpg 	25
397.4576 	DATA 	Keypress: o
397.4774 	Level injecting via pump at address 1 	25
403.4596 	DATA 	Keypress: o
403.4609 	DATA 	Keypress: o
403.4621 	DATA 	Keypress: o
403.4776 	Level WAIT 	25
404.4778 	Level RINSE 	25
406.4601 	DATA 	Keypress: o
406.4783 	Level jitter 	25
408.4547 	Level finished 	25
408.4561 	DATA 	Keypress: o
408.4780 	Level image=waterlogo.jpg 	25
409.4578 	DATA 	Keypress: o
409.4781 	Level injecting via pump at address 0 	25
415.4599 	DATA 	Keypress: o
415.4610 	DATA 	Keypress: o
415.4620 	DATA 	Keypress: o
415.4785 	Level WAIT 	25
416.4790 	Level RINSE 	25
418.4607 	DATA 	Keypress: o
418.4787 	Level jitter 	25
421.4547 	Level finished 	25
421.4561 	DATA 	Keypress: o
421.4572 	DATA 	Keypress: o
421.4790 	Level image=waterlogo.jpg 	25
422.4791 	Level injecting via pump at address 0 	25
428.4597 	DATA 	Keypress: o
428.4610 	DATA 	Keypress: o
428.4621 	DATA 	Keypress: o
428.4799 	Level WAIT 	25
429.4572 	DATA 	Keypress: o
429.4796 	Level RINSE 	25
431.4601 	DATA 	Keypress: o
431.4796 	Level jitter 	25
436.4547 	Level finished 	25
436.4561 	DATA 	Keypress: o
436.4574 	DATA 	Keypress: o
436.4800 	Level image=tasty.jpg 	25
437.4575 	DATA 	Keypress: o
437.4801 	Level injecting via pump at address 1 	25
443.4603 	DATA 	Keypress: o
443.4616 	DATA 	Keypress: o
443.4626 	DATA 	Keypress: o
443.4810 	Level WAIT 	25
444.4805 	Level RINSE 	25
446.4602 	DATA 	Keypress: o
446.4807 	Level jitter 	25
448.4547 	Level finished 	25
448.4559 	DATA 	Keypress: o
448.4808 	Level image=tasty.jpg 	25
449.4580 	DATA 	Keypress: o
449.4641 	Level injecting via pump at address 1 	25
455.4604 	DATA 	Keypress: o
455.4618 	DATA 	Keypress: o
455.4630 	DATA 	Keypress: o
455.4817 	Level WAIT 	25
456.4813 	Level RINSE 	25
458.4603 	DATA 	Keypress: o
458.4648 	Level jitter 	25
465.4547 	Level finished 	25
465.4561 	DATA 	Keypress: o
465.4574 	DATA 	Keypress: o
465.4585 	DATA 	Keypress: o
465.4594 	DATA 	Keypress: o
465.4825 	Level image=waterlogo.jpg 	25
466.4821 	Level injecting via pump at address 0 	25
472.4603 	DATA 	Keypress: o
472.4616 	DATA 	Keypress: o
472.4628 	DATA 	Keypress: o
472.4825 	Level WAIT 	25
473.4571 	DATA 	Keypress: o
473.4825 	Level RINSE 	25
475.4594 	DATA 	Keypress: o
475.4830 	Level jitter 	25
478.4547 	Level finished 	25
478.4559 	DATA 	Keypress: o
478.4829 	Level image=tasty.jpg 	25
479.4572 	DATA 	Keypress: o
479.4830 	Level injecting via pump at address 1 	25
485.4613 	DATA 	Keypress: o
485.4627 	DATA 	Keypress: o
485.4640 	DATA 	Keypress: o
485.4839 	Level WAIT 	25
486.4667 	Level RINSE 	25
488.4599 	DATA 	Keypress: o
488.4835 	Level jitter 	25
490.4547 	Level finished 	25
490.4559 	DATA 	Keypress: o
490.4838 	Level image=waterlogo.jpg 	25
491.4575 	DATA 	Keypress: o
491.4838 	Level injecting via pump at address 0 	25
497.4598 	DATA 	Keypress: o
497.4608 	DATA 	Keypress: o
497.4619 	DATA 	Keypress: o
497.4847 	Level WAIT 	25
498.4843 	Level RINSE 	25
500.4598 	DATA 	Keypress: o
500.4845 	Level jitter 	25
508.4547 	Level finished 	25
508.4562 	DATA 	Keypress: o
508.4575 	DATA 	Keypress: o
508.4584 	DATA 	Keypress: o
508.4594 	DATA 	Keypress: o
508.4688 	Level image=tasty.jpg 	25
509.4572 	DATA 	Keypress: o
509.4685 	Level injecting via pump at address 1 	25
515.4604 	DATA 	Keypress: o
515.4617 	DATA 	Keypress: o
515.4629 	DATA 	Keypress: o
515.4855 	Level WAIT 	25
516.4854 	Level RINSE 	25
518.4620 	DATA 	Keypress: o
518.4860 	Level jitter 	25
520.4547 	Level finished 	25
520.4560 	DATA 	Keypress: o
520.4691 	Level image=waterlogo.jpg 	25
521.4577 	DATA 	Keypress: o
521.4693 	Level injecting via pump at address 0 	25
527.4604 	DATA 	Keypress: o
527.4616 	DATA 	Keypress: o
527.4629 	DATA 	Keypress: o
527.4696 	Level WAIT 	25
528.4700 	Level RINSE 	25
530.4598 	DATA 	Keypress: o
530.4697 	Level jitter 	25
537.4547 	Level finished 	25
