111.6050 	DATA 	Keypress: o
111.6061 	Level start key press 	25
113.6195 	DATA 	Keypress: o
115.6195 	DATA 	Keypress: o
117.6364 	DATA 	Keypress: o
119.6034 	DATA 	Keypress: o
120.0175 	Level image=tasty.jpg 	25
120.9341 	Level injecting via pump at address 1 	25
126.9227 	DATA 	Keypress: o
126.9239 	DATA 	Keypress: o
126.9251 	DATA 	Keypress: o
126.9517 	Level WAIT 	25
127.9201 	DATA 	Keypress: o
127.9346 	Level RINSE 	25
129.9300 	DATA 	Keypress: o
129.9514 	Level jitter 	25
138.9174 	Level finished 	25
138.9187 	DATA 	Keypress: o
138.9199 	DATA 	Keypress: o
138.9211 	DATA 	Keypress: o
138.9223 	DATA 	Keypress: o
138.9525 	Level image=waterlogo.jpg 	25
139.9202 	DATA 	Keypress: o
139.9355 	Level injecting via pump at address 0 	25
145.9224 	DATA 	Keypress: o
145.9237 	DATA 	Keypress: o
145.9248 	DATA 	Keypress: o
145.9358 	Level WAIT 	25
146.9360 	Level RINSE 	25
148.9220 	DATA 	Keypress: o
148.9531 	Level jitter 	25
152.9174 	Level finished 	25
152.9190 	DATA 	Keypress: o
152.9206 	DATA 	Keypress: o
152.9365 	Level image=tasty.jpg 	25
153.9201 	DATA 	Keypress: o
153.9365 	Level injecting via pump at address 1 	25
159.9226 	DATA 	Keypress: o
159.9238 	DATA 	Keypress: o
159.9251 	DATA 	Keypress: o
159.9372 	Level WAIT 	25
160.9369 	Level RINSE 	25
162.9231 	DATA 	Keypress: o
162.9370 	Level jitter 	25
166.9174 	Level finished 	25
166.9187 	DATA 	Keypress: o
166.9198 	DATA 	Keypress: o
166.9540 	Level image=waterlogo.jpg 	25
167.9197 	DATA 	Keypress: o
167.9375 	Level injecting via pump at address 0 	25
173.9221 	DATA 	Keypress: o
173.9232 	DATA 	Keypress: o
173.9241 	DATA 	Keypress: o
173.9549 	Level WAIT 	25
174.9379 	Level RINSE 	25
176.9224 	DATA 	Keypress: o
176.9547 	Level jitter 	25
180.9174 	Level finished 	25
180.9189 	DATA 	Keypress: o
180.9201 	DATA 	Keypress: o
180.9384 	Level image=waterlogo.jpg 	25
181.9204 	DATA 	Keypress: o
181.9385 	Level injecting via pump at address 0 	25
187.9228 	DATA 	Keypress: o
187.9240 	DATA 	Keypress: o
187.9253 	DATA 	Keypress: o
187.9391 	Level WAIT 	25
188.9388 	Level RINSE 	25
190.9223 	DATA 	Keypress: o
190.9389 	Level jitter 	25
194.9174 	Level finished 	25
194.9187 	DATA 	Keypress: o
194.9198 	DATA 	Keypress: o
194.9394 	Level image=tasty.jpg 	25
195.9199 	DATA 	Keypress: o
195.9227 	Level injecting via pump at address 1 	25
201.9226 	DATA 	Keypress: o
201.9239 	DATA 	Keypress: o
201.9251 	DATA 	Keypress: o
201.9568 	Level WAIT 	25
202.9398 	Level RINSE 	25
204.9227 	DATA 	Keypress: o
204.9399 	Level jitter 	25
210.9174 	Level finished 	25
210.9189 	DATA 	Keypress: o
210.9201 	DATA 	Keypress: o
210.9211 	DATA 	Keypress: o
210.9571 	Level image=waterlogo.jpg 	25
211.9205 	DATA 	Keypress: o
211.9409 	Level injecting via pump at address 0 	25
217.9229 	DATA 	Keypress: o
217.9240 	DATA 	Keypress: o
217.9252 	DATA 	Keypress: o
217.9408 	Level WAIT 	25
218.9409 	Level RINSE 	25
220.9228 	DATA 	Keypress: o
220.9410 	Level jitter 	25
223.9174 	Level finished 	25
223.9187 	DATA 	Keypress: o
223.9197 	DATA 	Keypress: o
223.9417 	Level image=tasty.jpg 	25
224.9415 	Level injecting via pump at address 1 	25
230.9231 	DATA 	Keypress: o
230.9244 	DATA 	Keypress: o
230.9256 	DATA 	Keypress: o
230.9417 	Level WAIT 	25
231.9201 	DATA 	Keypress: o
231.9418 	Level RINSE 	25
233.9225 	DATA 	Keypress: o
233.9423 	Level jitter 	25
236.9174 	Level finished 	25
236.9188 	DATA 	Keypress: o
236.9422 	Level image=waterlogo.jpg 	25
237.9198 	DATA 	Keypress: o
237.9424 	Level injecting via pump at address 0 	25
243.9241 	DATA 	Keypress: o
243.9255 	DATA 	Keypress: o
243.9268 	DATA 	Keypress: o
243.9430 	Level WAIT 	25
244.9427 	Level RINSE 	25
246.9225 	DATA 	Keypress: o
246.9428 	Level jitter 	25
250.9174 	Level finished 	25
250.9187 	DATA 	Keypress: o
250.9197 	DATA 	Keypress: o
250.9432 	Level image=waterlogo.jpg 	25
251.9198 	DATA 	Keypress: o
251.9433 	Level injecting via pump at address 0 	25
257.9231 	DATA 	Keypress: o
257.9241 	DATA 	Keypress: o
257.9251 	DATA 	Keypress: o
257.9440 	Level WAIT 	25
258.9270 	Level RINSE 	25
260.9225 	DATA 	Keypress: o
260.9438 	Level jitter 	25
265.9174 	Level finished 	25
265.9192 	DATA 	Keypress: o
265.9208 	DATA 	Keypress: o
265.9225 	DATA 	Keypress: o
265.9442 	Level image=tasty.jpg 	25
266.9443 	Level injecting via pump at address 1 	25
272.9226 	DATA 	Keypress: o
272.9236 	DATA 	Keypress: o
272.9246 	DATA 	Keypress: o
272.9450 	Level WAIT 	25
273.9204 	DATA 	Keypress: o
273.9281 	Level RINSE 	25
275.9231 	DATA 	Keypress: o
275.9448 	Level jitter 	25
278.9174 	Level finished 	25
278.9188 	DATA 	Keypress: o
278.9451 	Level image=waterlogo.jpg 	25
279.9200 	DATA 	Keypress: o
279.9452 	Level injecting via pump at address 0 	25
285.9229 	DATA 	Keypress: o
285.9244 	DATA 	Keypress: o
285.9261 	DATA 	Keypress: o
285.9459 	Level WAIT 	25
286.9289 	Level RINSE 	25
288.9234 	DATA 	Keypress: o
288.9457 	Level jitter 	25
296.9174 	Level finished 	25
296.9189 	DATA 	Keypress: o
296.9201 	DATA 	Keypress: o
296.9214 	DATA 	Keypress: o
296.9226 	DATA 	Keypress: o
296.9468 	Level image=tasty.jpg 	25
297.9200 	DATA 	Keypress: o
297.9465 	Level injecting via pump at address 1 	25
303.9229 	DATA 	Keypress: o
303.9241 	DATA 	Keypress: o
303.9253 	DATA 	Keypress: o
303.9467 	Level WAIT 	25
304.9468 	Level RINSE 	25
306.9228 	DATA 	Keypress: o
306.9474 	Level jitter 	25
308.9174 	Level finished 	25
308.9192 	DATA 	Keypress: o
308.9304 	Level image=tasty.jpg 	25
309.9203 	DATA 	Keypress: o
309.9474 	Level injecting via pump at address 1 	25
315.9234 	DATA 	Keypress: o
315.9247 	DATA 	Keypress: o
315.9259 	DATA 	Keypress: o
315.9475 	Level WAIT 	25
316.9481 	Level RINSE 	25
318.9224 	DATA 	Keypress: o
318.9311 	Level jitter 	25
320.9174 	Level finished 	25
320.9188 	DATA 	Keypress: o
320.9314 	Level image=waterlogo.jpg 	25
321.9202 	DATA 	Keypress: o
321.9315 	Level injecting via pump at address 0 	25
327.9230 	DATA 	Keypress: o
327.9243 	DATA 	Keypress: o
327.9256 	DATA 	Keypress: o
327.9488 	Level WAIT 	25
328.9318 	Level RINSE 	25
330.9225 	DATA 	Keypress: o
330.9319 	Level jitter 	25
333.9174 	Level finished 	25
333.9189 	DATA 	Keypress: o
333.9204 	DATA 	Keypress: o
333.9322 	Level image=tasty.jpg 	25
334.9324 	Level injecting via pump at address 1 	25
340.9227 	DATA 	Keypress: o
340.9240 	DATA 	Keypress: o
340.9250 	DATA 	Keypress: o
340.9499 	Level WAIT 	25
341.9201 	DATA 	Keypress: o
341.9495 	Level RINSE 	25
343.9227 	DATA 	Keypress: o
343.9328 	Level jitter 	25
345.9174 	Level finished 	25
345.9187 	DATA 	Keypress: o
345.9330 	Level image=waterlogo.jpg 	25
346.9332 	Level injecting via pump at address 0 	25
352.9226 	DATA 	Keypress: o
352.9239 	DATA 	Keypress: o
352.9251 	DATA 	Keypress: o
352.9339 	Level WAIT 	25
353.9199 	DATA 	Keypress: o
353.9336 	Level RINSE 	25
355.9219 	DATA 	Keypress: o
355.9336 	Level jitter 	25
356.9174 	Level finished 	25
356.9338 	Level image=tasty.jpg 	25
357.9202 	DATA 	Keypress: o
357.9505 	Level injecting via pump at address 1 	25
363.9220 	DATA 	Keypress: o
363.9230 	DATA 	Keypress: o
363.9242 	DATA 	Keypress: o
363.9513 	Level WAIT 	25
364.9344 	Level RINSE 	25
366.9236 	DATA 	Keypress: o
366.9511 	Level jitter 	25
368.9174 	Level finished 	25
368.9186 	DATA 	Keypress: o
368.9346 	Level image=waterlogo.jpg 	25
369.9203 	DATA 	Keypress: o
369.9515 	Level injecting via pump at address 0 	25
375.9225 	DATA 	Keypress: o
375.9236 	DATA 	Keypress: o
375.9245 	DATA 	Keypress: o
375.9521 	Level WAIT 	25
376.9353 	Level RINSE 	25
378.9228 	DATA 	Keypress: o
378.9519 	Level jitter 	25
384.9174 	Level finished 	25
384.9189 	DATA 	Keypress: o
384.9201 	DATA 	Keypress: o
384.9214 	DATA 	Keypress: o
384.9525 	Level image=waterlogo.jpg 	25
385.9201 	DATA 	Keypress: o
385.9529 	Level injecting via pump at address 0 	25
391.9221 	DATA 	Keypress: o
391.9231 	DATA 	Keypress: o
391.9242 	DATA 	Keypress: o
391.9528 	Level WAIT 	25
392.9364 	Level RINSE 	25
394.9224 	DATA 	Keypress: o
394.9530 	Level jitter 	25
397.9174 	Level finished 	25
397.9190 	DATA 	Keypress: o
397.9203 	DATA 	Keypress: o
397.9538 	Level image=tasty.jpg 	25
398.9367 	Level injecting via pump at address 1 	25
404.9226 	DATA 	Keypress: o
404.9236 	DATA 	Keypress: o
404.9247 	DATA 	Keypress: o
404.9370 	Level WAIT 	25
405.9204 	DATA 	Keypress: o
405.9372 	Level RINSE 	25
407.9222 	DATA 	Keypress: o
407.9544 	Level jitter 	25
415.9174 	Level finished 	25
415.9188 	DATA 	Keypress: o
415.9198 	DATA 	Keypress: o
415.9208 	DATA 	Keypress: o
415.9217 	DATA 	Keypress: o
415.9379 	Level image=waterlogo.jpg 	25
416.9379 	Level injecting via pump at address 0 	25
422.9226 	DATA 	Keypress: o
422.9239 	DATA 	Keypress: o
422.9251 	DATA 	Keypress: o
422.9554 	Level WAIT 	25
423.9199 	DATA 	Keypress: o
423.9385 	Level RINSE 	25
425.9225 	DATA 	Keypress: o
425.9385 	Level jitter 	25
430.9174 	Level finished 	25
430.9187 	DATA 	Keypress: o
430.9197 	DATA 	Keypress: o
430.9389 	Level image=tasty.jpg 	25
431.9200 	DATA 	Keypress: o
431.9390 	Level injecting via pump at address 1 	25
437.9230 	DATA 	Keypress: o
437.9242 	DATA 	Keypress: o
437.9255 	DATA 	Keypress: o
437.9399 	Level WAIT 	25
438.9394 	Level RINSE 	25
440.9229 	DATA 	Keypress: o
440.9395 	Level jitter 	25
444.9174 	Level finished 	25
444.9187 	DATA 	Keypress: o
444.9197 	DATA 	Keypress: o
444.9398 	Level image=waterlogo.jpg 	25
445.9198 	DATA 	Keypress: o
445.9399 	Level injecting via pump at address 0 	25
451.9235 	DATA 	Keypress: o
451.9248 	DATA 	Keypress: o
451.9260 	DATA 	Keypress: o
451.9408 	Level WAIT 	25
452.9405 	Level RINSE 	25
454.9225 	DATA 	Keypress: o
454.9405 	Level jitter 	25
459.9174 	Level finished 	25
459.9187 	DATA 	Keypress: o
459.9198 	DATA 	Keypress: o
459.9211 	DATA 	Keypress: o
459.9409 	Level image=tasty.jpg 	25
460.9410 	Level injecting via pump at address 1 	25
466.9226 	DATA 	Keypress: o
466.9240 	DATA 	Keypress: o
466.9252 	DATA 	Keypress: o
466.9419 	Level WAIT 	25
467.9200 	DATA 	Keypress: o
467.9247 	Level RINSE 	25
469.9220 	DATA 	Keypress: o
469.9415 	Level jitter 	25
478.9174 	Level finished 	25
478.9187 	DATA 	Keypress: o
478.9198 	DATA 	Keypress: o
478.9210 	DATA 	Keypress: o
478.9222 	DATA 	Keypress: o
478.9427 	Level image=waterlogo.jpg 	25
479.9198 	DATA 	Keypress: o
479.9256 	Level injecting via pump at address 0 	25
485.9232 	DATA 	Keypress: o
485.9245 	DATA 	Keypress: o
485.9258 	DATA 	Keypress: o
485.9593 	Level WAIT 	25
486.9261 	Level RINSE 	25
488.9224 	DATA 	Keypress: o
488.9433 	Level jitter 	25
497.9174 	Level finished 	25
497.9187 	DATA 	Keypress: o
497.9198 	DATA 	Keypress: o
497.9209 	DATA 	Keypress: o
497.9220 	DATA 	Keypress: o
497.9233 	DATA 	Keypress: o
497.9435 	Level image=tasty.jpg 	25
498.9273 	Level injecting via pump at address 1 	25
504.9229 	DATA 	Keypress: o
504.9241 	DATA 	Keypress: o
504.9252 	DATA 	Keypress: o
504.9440 	Level WAIT 	25
505.9200 	DATA 	Keypress: o
505.9440 	Level RINSE 	25
507.9225 	DATA 	Keypress: o
507.9274 	Level jitter 	25
511.9174 	Level finished 	25
511.9186 	DATA 	Keypress: o
511.9196 	DATA 	Keypress: o
511.9449 	Level image=tasty.jpg 	25
512.9445 	Level injecting via pump at address 1 	25
518.9228 	DATA 	Keypress: o
518.9240 	DATA 	Keypress: o
518.9250 	DATA 	Keypress: o
518.9449 	Level WAIT 	25
519.9203 	DATA 	Keypress: o
519.9450 	Level RINSE 	25
521.9228 	DATA 	Keypress: o
521.9456 	Level jitter 	25
524.9174 	Level finished 	25
524.9188 	DATA 	Keypress: o
524.9455 	Level image=waterlogo.jpg 	25
525.9202 	DATA 	Keypress: o
525.9455 	Level injecting via pump at address 0 	25
531.9237 	DATA 	Keypress: o
531.9249 	DATA 	Keypress: o
531.9262 	DATA 	Keypress: o
531.9463 	Level WAIT 	25
532.9293 	Level RINSE 	25
534.9222 	DATA 	Keypress: o
534.9460 	Level jitter 	25
535.9174 	Level finished 	25
535.9187 	DATA 	Keypress: o
535.9462 	Level image=tasty.jpg 	25
536.9296 	Level injecting via pump at address 1 	25
542.9230 	DATA 	Keypress: o
542.9243 	DATA 	Keypress: o
542.9255 	DATA 	Keypress: o
542.9470 	Level WAIT 	25
543.9204 	DATA 	Keypress: o
543.9467 	Level RINSE 	25
545.9224 	DATA 	Keypress: o
545.9301 	Level jitter 	25
552.9174 	Level finished 	25
552.9189 	DATA 	Keypress: o
552.9202 	DATA 	Keypress: o
552.9215 	DATA 	Keypress: o
552.9478 	Level image=waterlogo.jpg 	25
553.9201 	DATA 	Keypress: o
553.9475 	Level injecting via pump at address 0 	25
559.9226 	DATA 	Keypress: o
559.9240 	DATA 	Keypress: o
559.9252 	DATA 	Keypress: o
559.9477 	Level WAIT 	25
560.9478 	Level RINSE 	25
562.9235 	DATA 	Keypress: o
562.9484 	Level jitter 	25
563.9174 	Level finished 	25
563.9186 	DATA 	Keypress: o
563.9481 	Level image=tasty.jpg 	25
564.9315 	Level injecting via pump at address 1 	25
570.9227 	DATA 	Keypress: o
570.9239 	DATA 	Keypress: o
570.9251 	DATA 	Keypress: o
570.9318 	Level WAIT 	25
571.9201 	DATA 	Keypress: o
571.9319 	Level RINSE 	25
573.9232 	DATA 	Keypress: o
573.9325 	Level jitter 	25
579.9174 	Level finished 	25
