59.3774 	DATA 	Keypress: o
59.3785 	Level start key press 	25
61.3761 	DATA 	Keypress: o
63.3927 	DATA 	Keypress: o
65.3764 	DATA 	Keypress: o
67.3764 	DATA 	Keypress: o
67.9074 	Level image=waterlogo.jpg 	25
68.8579 	Level injecting via pump at address 0 	25
74.8460 	DATA 	Keypress: o
74.8472 	DATA 	Keypress: o
74.8484 	DATA 	Keypress: o
74.8745 	Level WAIT 	25
75.8437 	DATA 	Keypress: o
75.8747 	Level RINSE 	25
77.8534 	DATA 	Keypress: o
77.8748 	Level jitter 	25
83.8407 	Level finished 	25
83.8422 	DATA 	Keypress: o
83.8433 	DATA 	Keypress: o
83.8443 	DATA 	Keypress: o
83.8756 	Level image=tasty.jpg 	25
84.8586 	Level injecting via pump at address 1 	25
90.8459 	DATA 	Keypress: o
90.8470 	DATA 	Keypress: o
90.8479 	DATA 	Keypress: o
90.8757 	Level WAIT 	25
91.8433 	DATA 	Keypress: o
91.8591 	Level RINSE 	25
93.8457 	DATA 	Keypress: o
93.8596 	Level jitter 	25
99.8407 	Level finished 	25
99.8420 	DATA 	Keypress: o
99.8429 	DATA 	Keypress: o
99.8437 	DATA 	Keypress: o
99.8763 	Level image=tasty.jpg 	25
100.8598 	Level injecting via pump at address 1 	25
106.8453 	DATA 	Keypress: o
106.8464 	DATA 	Keypress: o
106.8474 	DATA 	Keypress: o
106.8772 	Level WAIT 	25
107.8433 	DATA 	Keypress: o
107.8602 	Level RINSE 	25
109.8456 	DATA 	Keypress: o
109.8770 	Level jitter 	25
111.8407 	Level finished 	25
111.8420 	DATA 	Keypress: o
111.8605 	Level image=waterlogo.jpg 	25
112.8606 	Level injecting via pump at address 0 	25
118.8461 	DATA 	Keypress: o
118.8471 	DATA 	Keypress: o
118.8480 	DATA 	Keypress: o
118.8780 	Level WAIT 	25
119.8431 	DATA 	Keypress: o
119.8610 	Level RINSE 	25
121.8458 	DATA 	Keypress: o
121.8611 	Level jitter 	25
127.8408 	Level finished 	25
127.8420 	DATA 	Keypress: o
127.8431 	DATA 	Keypress: o
127.8439 	DATA 	Keypress: o
127.8616 	Level image=tasty.jpg 	25
128.8620 	Level injecting via pump at address 1 	25
134.8458 	DATA 	Keypress: o
134.8467 	DATA 	Keypress: o
134.8476 	DATA 	Keypress: o
134.8787 	Level WAIT 	25
135.8432 	DATA 	Keypress: o
135.8621 	Level RINSE 	25
137.8461 	DATA 	Keypress: o
137.8622 	Level jitter 	25
142.8408 	Level finished 	25
142.8420 	DATA 	Keypress: o
142.8430 	DATA 	Keypress: o
142.8629 	Level image=waterlogo.jpg 	25
143.8431 	DATA 	Keypress: o
143.8627 	Level injecting via pump at address 0 	25
149.8461 	DATA 	Keypress: o
149.8474 	DATA 	Keypress: o
149.8485 	DATA 	Keypress: o
149.8631 	Level WAIT 	25
150.8631 	Level RINSE 	25
152.8464 	DATA 	Keypress: o
152.8637 	Level jitter 	25
157.8408 	Level finished 	25
157.8421 	DATA 	Keypress: o
157.8433 	DATA 	Keypress: o
157.8445 	DATA 	Keypress: o
157.8636 	Level image=tasty.jpg 	25
158.8637 	Level injecting via pump at address 1 	25
164.8455 	DATA 	Keypress: o
164.8468 	DATA 	Keypress: o
164.8480 	DATA 	Keypress: o
164.8645 	Level WAIT 	25
165.8432 	DATA 	Keypress: o
165.8642 	Level RINSE 	25
167.8453 	DATA 	Keypress: o
167.8643 	Level jitter 	25
173.8407 	Level finished 	25
173.8420 	DATA 	Keypress: o
173.8429 	DATA 	Keypress: o
173.8438 	DATA 	Keypress: o
173.8648 	Level image=waterlogo.jpg 	25
174.8653 	Level injecting via pump at address 0 	25
180.8454 	DATA 	Keypress: o
180.8464 	DATA 	Keypress: o
180.8474 	DATA 	Keypress: o
180.8652 	Level WAIT 	25
181.8435 	DATA 	Keypress: o
181.8653 	Level RINSE 	25
183.8460 	DATA 	Keypress: o
183.8654 	Level jitter 	25
186.8408 	Level finished 	25
186.8422 	DATA 	Keypress: o
186.8660 	Level image=tasty.jpg 	25
187.8433 	DATA 	Keypress: o
187.8658 	Level injecting via pump at address 1 	25
193.8463 	DATA 	Keypress: o
193.8476 	DATA 	Keypress: o
193.8487 	DATA 	Keypress: o
193.8661 	Level WAIT 	25
194.8495 	Level RINSE 	25
196.8453 	DATA 	Keypress: o
196.8667 	Level jitter 	25
204.8407 	Level finished 	25
204.8420 	DATA 	Keypress: o
204.8430 	DATA 	Keypress: o
204.8440 	DATA 	Keypress: o
204.8448 	DATA 	Keypress: o
204.8670 	Level image=waterlogo.jpg 	25
205.8436 	DATA 	Keypress: o
205.8671 	Level injecting via pump at address 0 	25
211.8458 	DATA 	Keypress: o
211.8471 	DATA 	Keypress: o
211.8483 	DATA 	Keypress: o
211.8677 	Level WAIT 	25
212.8674 	Level RINSE 	25
214.8460 	DATA 	Keypress: o
214.8675 	Level jitter 	25
216.8408 	Level finished 	25
216.8421 	DATA 	Keypress: o
216.8511 	Level image=tasty.jpg 	25
217.8432 	DATA 	Keypress: o
217.8678 	Level injecting via pump at address 1 	25
223.8463 	DATA 	Keypress: o
223.8477 	DATA 	Keypress: o
223.8492 	DATA 	Keypress: o
223.8685 	Level WAIT 	25
224.8683 	Level RINSE 	25
226.8465 	DATA 	Keypress: o
226.8684 	Level jitter 	25
235.8407 	Level finished 	25
235.8420 	DATA 	Keypress: o
235.8432 	DATA 	Keypress: o
235.8442 	DATA 	Keypress: o
235.8452 	DATA 	Keypress: o
235.8461 	DATA 	Keypress: o
235.8694 	Level image=waterlogo.jpg 	25
236.8524 	Level injecting via pump at address 0 	25
242.8458 	DATA 	Keypress: o
242.8468 	DATA 	Keypress: o
242.8477 	DATA 	Keypress: o
242.8695 	Level WAIT 	25
243.8435 	DATA 	Keypress: o
243.8696 	Level RINSE 	25
245.8458 	DATA 	Keypress: o
245.8701 	Level jitter 	25
247.8407 	Level finished 	25
247.8419 	DATA 	Keypress: o
247.8532 	Level image=tasty.jpg 	25
248.8533 	Level injecting via pump at address 1 	25
254.8458 	DATA 	Keypress: o
254.8470 	DATA 	Keypress: o
254.8480 	DATA 	Keypress: o
254.8703 	Level WAIT 	25
255.8435 	DATA 	Keypress: o
255.8708 	Level RINSE 	25
257.8458 	DATA 	Keypress: o
257.8539 	Level jitter 	25
260.8407 	Level finished 	25
260.8421 	DATA 	Keypress: o
260.8541 	Level image=waterlogo.jpg 	25
261.8433 	DATA 	Keypress: o
261.8542 	Level injecting via pump at address 0 	25
267.8465 	DATA 	Keypress: o
267.8480 	DATA 	Keypress: o
267.8492 	DATA 	Keypress: o
267.8716 	Level WAIT 	25
268.8713 	Level RINSE 	25
270.8455 	DATA 	Keypress: o
270.8547 	Level jitter 	25
274.8407 	Level finished 	25
274.8420 	DATA 	Keypress: o
274.8430 	DATA 	Keypress: o
274.8717 	Level image=tasty.jpg 	25
275.8435 	DATA 	Keypress: o
275.8552 	Level injecting via pump at address 1 	25
281.8459 	DATA 	Keypress: o
281.8472 	DATA 	Keypress: o
281.8484 	DATA 	Keypress: o
281.8725 	Level WAIT 	25
282.8556 	Level RINSE 	25
284.8457 	DATA 	Keypress: o
284.8723 	Level jitter 	25
285.8407 	Level finished 	25
285.8418 	DATA 	Keypress: o
285.8559 	Level image=waterlogo.jpg 	25
286.8560 	Level injecting via pump at address 0 	25
292.8454 	DATA 	Keypress: o
292.8464 	DATA 	Keypress: o
292.8474 	DATA 	Keypress: o
292.8734 	Level WAIT 	25
293.8435 	DATA 	Keypress: o
293.8731 	Level RINSE 	25
295.8463 	DATA 	Keypress: o
295.8564 	Level jitter 	25
298.8407 	Level finished 	25
298.8419 	DATA 	Keypress: o
298.8567 	Level image=tasty.jpg 	25
299.8435 	DATA 	Keypress: o
299.8734 	Level injecting via pump at address 1 	25
305.8457 	DATA 	Keypress: o
305.8467 	DATA 	Keypress: o
305.8476 	DATA 	Keypress: o
305.8743 	Level WAIT 	25
306.8740 	Level RINSE 	25
308.8457 	DATA 	Keypress: o
308.8573 	Level jitter 	25
316.8407 	Level finished 	25
316.8421 	DATA 	Keypress: o
316.8435 	DATA 	Keypress: o
316.8451 	DATA 	Keypress: o
316.8466 	DATA 	Keypress: o
316.8584 	Level image=tasty.jpg 	25
317.8433 	DATA 	Keypress: o
317.8581 	Level injecting via pump at address 1 	25
323.8462 	DATA 	Keypress: o
323.8475 	DATA 	Keypress: o
323.8487 	DATA 	Keypress: o
323.8584 	Level WAIT 	25
324.8585 	Level RINSE 	25
326.8459 	DATA 	Keypress: o
326.8590 	Level jitter 	25
330.8408 	Level finished 	25
330.8421 	DATA 	Keypress: o
330.8434 	DATA 	Keypress: o
330.8756 	Level image=waterlogo.jpg 	25
331.8436 	DATA 	Keypress: o
331.8757 	Level injecting via pump at address 0 	25
337.8462 	DATA 	Keypress: o
337.8472 	DATA 	Keypress: o
337.8481 	DATA 	Keypress: o
337.8764 	Level WAIT 	25
338.8594 	Level RINSE 	25
340.8458 	DATA 	Keypress: o
340.8763 	Level jitter 	25
343.8407 	Level finished 	25
343.8420 	DATA 	Keypress: o
343.8430 	DATA 	Keypress: o
343.8765 	Level image=tasty.jpg 	25
344.8600 	Level injecting via pump at address 1 	25
350.8462 	DATA 	Keypress: o
350.8474 	DATA 	Keypress: o
350.8486 	DATA 	Keypress: o
350.8606 	Level WAIT 	25
351.8436 	DATA 	Keypress: o
351.8603 	Level RINSE 	25
353.8460 	DATA 	Keypress: o
353.8605 	Level jitter 	25
358.8408 	Level finished 	25
358.8421 	DATA 	Keypress: o
358.8433 	DATA 	Keypress: o
358.8775 	Level image=waterlogo.jpg 	25
359.8435 	DATA 	Keypress: o
359.8610 	Level injecting via pump at address 0 	25
365.8460 	DATA 	Keypress: o
365.8470 	DATA 	Keypress: o
365.8479 	DATA 	Keypress: o
365.8785 	Level WAIT 	25
366.8614 	Level RINSE 	25
368.8461 	DATA 	Keypress: o
368.8615 	Level jitter 	25
373.8407 	Level finished 	25
373.8421 	DATA 	Keypress: o
373.8433 	DATA 	Keypress: o
373.8443 	DATA 	Keypress: o
373.8619 	Level image=waterlogo.jpg 	25
374.8621 	Level injecting via pump at address 0 	25
380.8455 	DATA 	Keypress: o
380.8465 	DATA 	Keypress: o
380.8477 	DATA 	Keypress: o
380.8626 	Level WAIT 	25
381.8436 	DATA 	Keypress: o
381.8458 	Level RINSE 	25
383.8461 	DATA 	Keypress: o
383.8625 	Level jitter 	25
392.8407 	Level finished 	25
392.8422 	DATA 	Keypress: o
392.8434 	DATA 	Keypress: o
392.8446 	DATA 	Keypress: o
392.8457 	DATA 	Keypress: o
392.8635 	Level image=tasty.jpg 	25
393.8433 	DATA 	Keypress: o
393.8633 	Level injecting via pump at address 1 	25
399.8460 	DATA 	Keypress: o
399.8474 	DATA 	Keypress: o
399.8488 	DATA 	Keypress: o
399.8636 	Level WAIT 	25
400.8471 	Level RINSE 	25
402.8459 	DATA 	Keypress: o
402.8643 	Level jitter 	25
404.8407 	Level finished 	25
404.8421 	DATA 	Keypress: o
404.8641 	Level image=waterlogo.jpg 	25
405.8435 	DATA 	Keypress: o
405.8641 	Level injecting via pump at address 0 	25
411.8463 	DATA 	Keypress: o
411.8475 	DATA 	Keypress: o
411.8487 	DATA 	Keypress: o
411.8645 	Level WAIT 	25
412.8650 	Level RINSE 	25
414.8457 	DATA 	Keypress: o
414.8647 	Level jitter 	25
417.8407 	Level finished 	25
417.8420 	DATA 	Keypress: o
417.8430 	DATA 	Keypress: o
417.8650 	Level image=waterlogo.jpg 	25
418.8651 	Level injecting via pump at address 0 	25
424.8462 	DATA 	Keypress: o
424.8474 	DATA 	Keypress: o
424.8485 	DATA 	Keypress: o
424.8657 	Level WAIT 	25
425.8433 	DATA 	Keypress: o
425.8488 	Level RINSE 	25
427.8454 	DATA 	Keypress: o
427.8655 	Level jitter 	25
432.8407 	Level finished 	25
432.8420 	DATA 	Keypress: o
432.8429 	DATA 	Keypress: o
432.8660 	Level image=tasty.jpg 	25
433.8435 	DATA 	Keypress: o
433.8661 	Level injecting via pump at address 1 	25
439.8458 	DATA 	Keypress: o
439.8470 	DATA 	Keypress: o
439.8479 	DATA 	Keypress: o
439.8668 	Level WAIT 	25
440.8665 	Level RINSE 	25
442.8462 	DATA 	Keypress: o
442.8666 	Level jitter 	25
444.8407 	Level finished 	25
444.8421 	DATA 	Keypress: o
444.8668 	Level image=tasty.jpg 	25
445.8433 	DATA 	Keypress: o
445.8669 	Level injecting via pump at address 1 	25
451.8458 	DATA 	Keypress: o
451.8470 	DATA 	Keypress: o
451.8480 	DATA 	Keypress: o
451.8676 	Level WAIT 	25
452.8673 	Level RINSE 	25
454.8454 	DATA 	Keypress: o
454.8674 	Level jitter 	25
461.8407 	Level finished 	25
461.8420 	DATA 	Keypress: o
461.8430 	DATA 	Keypress: o
461.8438 	DATA 	Keypress: o
461.8447 	DATA 	Keypress: o
461.8684 	Level image=waterlogo.jpg 	25
462.8681 	Level injecting via pump at address 0 	25
468.8458 	DATA 	Keypress: o
468.8469 	DATA 	Keypress: o
468.8478 	DATA 	Keypress: o
468.8684 	Level WAIT 	25
469.8435 	DATA 	Keypress: o
469.8519 	Level RINSE 	25
471.8458 	DATA 	Keypress: o
471.8690 	Level jitter 	25
474.8407 	Level finished 	25
474.8421 	DATA 	Keypress: o
474.8689 	Level image=tasty.jpg 	25
475.8433 	DATA 	Keypress: o
475.8523 	Level injecting via pump at address 1 	25
481.8461 	DATA 	Keypress: o
481.8471 	DATA 	Keypress: o
481.8482 	DATA 	Keypress: o
481.8530 	Level WAIT 	25
482.8527 	Level RINSE 	25
484.8454 	DATA 	Keypress: o
484.8528 	Level jitter 	25
486.8407 	Level finished 	25
486.8421 	DATA 	Keypress: o
486.8697 	Level image=waterlogo.jpg 	25
487.8433 	DATA 	Keypress: o
487.8698 	Level injecting via pump at address 0 	25
493.8460 	DATA 	Keypress: o
493.8472 	DATA 	Keypress: o
493.8483 	DATA 	Keypress: o
493.8705 	Level WAIT 	25
494.8535 	Level RINSE 	25
496.8458 	DATA 	Keypress: o
496.8703 	Level jitter 	25
504.8407 	Level finished 	25
504.8420 	DATA 	Keypress: o
504.8430 	DATA 	Keypress: o
504.8438 	DATA 	Keypress: o
504.8450 	DATA 	Keypress: o
504.8714 	Level image=tasty.jpg 	25
505.8435 	DATA 	Keypress: o
505.8710 	Level injecting via pump at address 1 	25
511.8457 	DATA 	Keypress: o
511.8469 	DATA 	Keypress: o
511.8478 	DATA 	Keypress: o
511.8714 	Level WAIT 	25
512.8715 	Level RINSE 	25
514.8468 	DATA 	Keypress: o
514.8720 	Level jitter 	25
516.8407 	Level finished 	25
516.8421 	DATA 	Keypress: o
516.8551 	Level image=waterlogo.jpg 	25
517.8435 	DATA 	Keypress: o
517.8552 	Level injecting via pump at address 0 	25
523.8460 	DATA 	Keypress: o
523.8472 	DATA 	Keypress: o
523.8484 	DATA 	Keypress: o
523.8722 	Level WAIT 	25
524.8727 	Level RINSE 	25
526.8453 	DATA 	Keypress: o
526.8558 	Level jitter 	25
533.8407 	Level finished 	25
