73.2894 	DATA 	Keypress: o
73.2901 	Level start key press 	25
75.2984 	DATA 	Keypress: o
77.2975 	DATA 	Keypress: o
79.2984 	DATA 	Keypress: o
81.3397 	DATA 	Keypress: o
81.3450 	Level image=tasty.jpg 	25
82.2765 	Level injecting via pump at address 1 	25
88.2680 	DATA 	Keypress: o
88.2691 	DATA 	Keypress: o
88.2701 	DATA 	Keypress: o
88.2793 	Level WAIT 	25
89.2729 	Level RINSE 	25
91.2771 	DATA 	Keypress: o
91.2960 	Level jitter 	25
100.2635 	Level finished 	25
100.2647 	DATA 	Keypress: o
100.2659 	DATA 	Keypress: o
100.2671 	DATA 	Keypress: o
100.2683 	DATA 	Keypress: o
100.2694 	DATA 	Keypress: o
100.2809 	Level image=waterlogo.jpg 	25
101.2775 	Level injecting via pump at address 0 	25
107.2686 	DATA 	Keypress: o
107.2696 	DATA 	Keypress: o
107.2704 	DATA 	Keypress: o
107.2788 	Level WAIT 	25
108.2660 	DATA 	Keypress: o
108.2743 	Level RINSE 	25
110.2690 	DATA 	Keypress: o
110.2803 	Level jitter 	25
114.2635 	Level finished 	25
114.2647 	DATA 	Keypress: o
114.2657 	DATA 	Keypress: o
114.2762 	Level image=tasty.jpg 	25
115.2713 	Level injecting via pump at address 1 	25
121.2686 	DATA 	Keypress: o
121.2698 	DATA 	Keypress: o
121.2710 	DATA 	Keypress: o
121.2830 	Level WAIT 	25
122.2661 	DATA 	Keypress: o
122.2827 	Level RINSE 	25
124.2688 	DATA 	Keypress: o
124.2739 	Level jitter 	25
128.2635 	Level finished 	25
128.2647 	DATA 	Keypress: o
128.2657 	DATA 	Keypress: o
128.2838 	Level image=waterlogo.jpg 	25
129.2809 	Level injecting via pump at address 0 	25
135.2685 	DATA 	Keypress: o
135.2695 	DATA 	Keypress: o
135.2704 	DATA 	Keypress: o
135.2837 	Level WAIT 	25
136.2663 	DATA 	Keypress: o
136.2782 	Level RINSE 	25
138.2685 	DATA 	Keypress: o
138.2834 	Level jitter 	25
142.2635 	Level finished 	25
142.2648 	DATA 	Keypress: o
142.2658 	DATA 	Keypress: o
142.2799 	Level image=waterlogo.jpg 	25
143.2686 	Level injecting via pump at address 0 	25
149.2686 	DATA 	Keypress: o
149.2696 	DATA 	Keypress: o
149.2704 	DATA 	Keypress: o
149.2772 	Level WAIT 	25
150.2660 	DATA 	Keypress: o
150.2692 	Level RINSE 	25
152.2683 	DATA 	Keypress: o
152.2780 	Level jitter 	25
156.2635 	Level finished 	25
156.2646 	DATA 	Keypress: o
156.2658 	DATA 	Keypress: o
156.2731 	Level image=tasty.jpg 	25
157.2680 	Level injecting via pump at address 1 	25
163.2686 	DATA 	Keypress: o
163.2699 	DATA 	Keypress: o
163.2711 	DATA 	Keypress: o
163.2868 	Level WAIT 	25
164.2658 	DATA 	Keypress: o
164.2714 	Level RINSE 	25
166.2683 	DATA 	Keypress: o
166.2716 	Level jitter 	25
172.2635 	Level finished 	25
172.2648 	DATA 	Keypress: o
172.2658 	DATA 	Keypress: o
172.2669 	DATA 	Keypress: o
172.2890 	Level image=waterlogo.jpg 	25
173.2684 	Level injecting via pump at address 0 	25
179.2680 	DATA 	Keypress: o
179.2691 	DATA 	Keypress: o
179.2699 	DATA 	Keypress: o
179.2731 	Level WAIT 	25
180.2658 	DATA 	Keypress: o
180.2735 	Level RINSE 	25
182.2685 	DATA 	Keypress: o
182.2727 	Level jitter 	25
185.2635 	Level finished 	25
185.2646 	DATA 	Keypress: o
185.2718 	Level image=tasty.jpg 	25
186.2660 	DATA 	Keypress: o
186.2736 	Level injecting via pump at address 1 	25
192.2685 	DATA 	Keypress: o
192.2697 	DATA 	Keypress: o
192.2705 	DATA 	Keypress: o
192.2748 	Level WAIT 	25
193.2751 	Level RINSE 	25
195.2679 	DATA 	Keypress: o
195.2754 	Level jitter 	25
198.2635 	Level finished 	25
198.2646 	DATA 	Keypress: o
198.2656 	DATA 	Keypress: o
198.2752 	Level image=waterlogo.jpg 	25
199.2758 	Level injecting via pump at address 0 	25
205.2685 	DATA 	Keypress: o
205.2695 	DATA 	Keypress: o
205.2707 	DATA 	Keypress: o
205.2768 	Level WAIT 	25
206.2660 	DATA 	Keypress: o
206.2756 	Level RINSE 	25
208.2678 	DATA 	Keypress: o
208.2766 	Level jitter 	25
212.2635 	Level finished 	25
212.2649 	DATA 	Keypress: o
212.2661 	DATA 	Keypress: o
212.2774 	Level image=waterlogo.jpg 	25
213.2760 	Level injecting via pump at address 0 	25
219.2685 	DATA 	Keypress: o
219.2697 	DATA 	Keypress: o
219.2710 	DATA 	Keypress: o
219.2775 	Level WAIT 	25
220.2663 	DATA 	Keypress: o
220.2731 	Level RINSE 	25
222.2684 	DATA 	Keypress: o
222.2784 	Level jitter 	25
227.2635 	Level finished 	25
227.2647 	DATA 	Keypress: o
227.2656 	DATA 	Keypress: o
227.2786 	Level image=tasty.jpg 	25
228.2661 	DATA 	Keypress: o
228.2787 	Level injecting via pump at address 1 	25
234.2685 	DATA 	Keypress: o
234.2695 	DATA 	Keypress: o
234.2705 	DATA 	Keypress: o
234.2792 	Level WAIT 	25
235.2770 	Level RINSE 	25
237.2683 	DATA 	Keypress: o
237.2800 	Level jitter 	25
240.2635 	Level finished 	25
240.2649 	DATA 	Keypress: o
240.2662 	DATA 	Keypress: o
240.2802 	Level image=waterlogo.jpg 	25
241.2793 	Level injecting via pump at address 0 	25
247.2688 	DATA 	Keypress: o
247.2701 	DATA 	Keypress: o
247.2711 	DATA 	Keypress: o
247.2809 	Level WAIT 	25
248.2661 	DATA 	Keypress: o
248.2766 	Level RINSE 	25
250.2685 	DATA 	Keypress: o
250.2806 	Level jitter 	25
258.2635 	Level finished 	25
258.2647 	DATA 	Keypress: o
258.2657 	DATA 	Keypress: o
258.2669 	DATA 	Keypress: o
258.2680 	DATA 	Keypress: o
258.2824 	Level image=tasty.jpg 	25
259.2689 	Level injecting via pump at address 1 	25
265.2679 	DATA 	Keypress: o
265.2689 	DATA 	Keypress: o
265.2700 	DATA 	Keypress: o
265.2823 	Level WAIT 	25
266.2662 	DATA 	Keypress: o
266.2825 	Level RINSE 	25
268.2689 	DATA 	Keypress: o
268.2726 	Level jitter 	25
270.2635 	Level finished 	25
270.2646 	DATA 	Keypress: o
270.2776 	Level image=tasty.jpg 	25
271.2732 	Level injecting via pump at address 1 	25
277.2685 	DATA 	Keypress: o
277.2697 	DATA 	Keypress: o
277.2709 	DATA 	Keypress: o
277.2741 	Level WAIT 	25
278.2660 	DATA 	Keypress: o
278.2693 	Level RINSE 	25
280.2683 	DATA 	Keypress: o
280.2760 	Level jitter 	25
282.2635 	Level finished 	25
282.2646 	DATA 	Keypress: o
282.2822 	Level image=waterlogo.jpg 	25
283.2681 	Level injecting via pump at address 0 	25
289.2689 	DATA 	Keypress: o
289.2699 	DATA 	Keypress: o
289.2708 	DATA 	Keypress: o
289.2788 	Level WAIT 	25
290.2662 	DATA 	Keypress: o
290.2695 	Level RINSE 	25
292.2685 	DATA 	Keypress: o
292.2796 	Level jitter 	25
295.2635 	Level finished 	25
295.2646 	DATA 	Keypress: o
295.2806 	Level image=tasty.jpg 	25
296.2661 	DATA 	Keypress: o
296.2705 	Level injecting via pump at address 1 	25
302.2688 	DATA 	Keypress: o
302.2701 	DATA 	Keypress: o
302.2713 	DATA 	Keypress: o
302.2774 	Level WAIT 	25
303.2711 	Level RINSE 	25
305.2688 	DATA 	Keypress: o
305.2782 	Level jitter 	25
307.2635 	Level finished 	25
307.2646 	DATA 	Keypress: o
307.2844 	Level image=waterlogo.jpg 	25
308.2661 	DATA 	Keypress: o
308.2715 	Level injecting via pump at address 0 	25
314.2688 	DATA 	Keypress: o
314.2700 	DATA 	Keypress: o
314.2711 	DATA 	Keypress: o
314.2821 	Level WAIT 	25
315.2717 	Level RINSE 	25
317.2679 	DATA 	Keypress: o
317.2721 	Level jitter 	25
318.2635 	Level finished 	25
318.2645 	DATA 	Keypress: o
318.2729 	Level image=tasty.jpg 	25
319.2720 	Level injecting via pump at address 1 	25
325.2678 	DATA 	Keypress: o
325.2688 	DATA 	Keypress: o
325.2697 	DATA 	Keypress: o
325.2734 	Level WAIT 	25
326.2659 	DATA 	Keypress: o
326.2692 	Level RINSE 	25
328.2685 	DATA 	Keypress: o
328.2741 	Level jitter 	25
330.2635 	Level finished 	25
330.2648 	DATA 	Keypress: o
330.2745 	Level image=waterlogo.jpg 	25
331.2745 	Level injecting via pump at address 0 	25
337.2683 	DATA 	Keypress: o
337.2693 	DATA 	Keypress: o
337.2703 	DATA 	Keypress: o
337.2751 	Level WAIT 	25
338.2661 	DATA 	Keypress: o
338.2727 	Level RINSE 	25
340.2684 	DATA 	Keypress: o
340.2749 	Level jitter 	25
346.2635 	Level finished 	25
346.2649 	DATA 	Keypress: o
346.2661 	DATA 	Keypress: o
346.2673 	DATA 	Keypress: o
346.2752 	Level image=waterlogo.jpg 	25
347.2757 	Level injecting via pump at address 0 	25
353.2684 	DATA 	Keypress: o
353.2695 	DATA 	Keypress: o
353.2704 	DATA 	Keypress: o
353.2767 	Level WAIT 	25
354.2659 	DATA 	Keypress: o
354.2727 	Level RINSE 	25
356.2692 	DATA 	Keypress: o
356.2767 	Level jitter 	25
359.2635 	Level finished 	25
359.2647 	DATA 	Keypress: o
359.2773 	Level image=tasty.jpg 	25
360.2660 	DATA 	Keypress: o
360.2743 	Level injecting via pump at address 1 	25
366.2690 	DATA 	Keypress: o
366.2702 	DATA 	Keypress: o
366.2714 	DATA 	Keypress: o
366.2760 	Level WAIT 	25
367.2712 	Level RINSE 	25
369.2683 	DATA 	Keypress: o
369.2780 	Level jitter 	25
377.2635 	Level finished 	25
377.2647 	DATA 	Keypress: o
377.2658 	DATA 	Keypress: o
377.2669 	DATA 	Keypress: o
377.2681 	DATA 	Keypress: o
377.2797 	Level image=waterlogo.jpg 	25
378.2661 	DATA 	Keypress: o
378.2792 	Level injecting via pump at address 0 	25
384.2685 	DATA 	Keypress: o
384.2695 	DATA 	Keypress: o
384.2705 	DATA 	Keypress: o
384.2803 	Level WAIT 	25
385.2771 	Level RINSE 	25
387.2681 	DATA 	Keypress: o
387.2800 	Level jitter 	25
392.2635 	Level finished 	25
392.2647 	DATA 	Keypress: o
392.2657 	DATA 	Keypress: o
392.2666 	DATA 	Keypress: o
392.2734 	Level image=tasty.jpg 	25
393.2685 	Level injecting via pump at address 1 	25
399.2682 	DATA 	Keypress: o
399.2695 	DATA 	Keypress: o
399.2705 	DATA 	Keypress: o
399.2821 	Level WAIT 	25
400.2660 	DATA 	Keypress: o
400.2818 	Level RINSE 	25
402.2685 	DATA 	Keypress: o
402.2717 	Level jitter 	25
406.2635 	Level finished 	25
406.2646 	DATA 	Keypress: o
406.2656 	DATA 	Keypress: o
406.2832 	Level image=waterlogo.jpg 	25
407.2791 	Level injecting via pump at address 0 	25
413.2688 	DATA 	Keypress: o
413.2698 	DATA 	Keypress: o
413.2707 	DATA 	Keypress: o
413.2808 	Level WAIT 	25
414.2659 	DATA 	Keypress: o
414.2756 	Level RINSE 	25
416.2681 	DATA 	Keypress: o
416.2815 	Level jitter 	25
421.2635 	Level finished 	25
421.2647 	DATA 	Keypress: o
421.2657 	DATA 	Keypress: o
421.2727 	Level image=tasty.jpg 	25
422.2663 	DATA 	Keypress: o
422.2840 	Level injecting via pump at address 1 	25
428.2686 	DATA 	Keypress: o
428.2696 	DATA 	Keypress: o
428.2705 	DATA 	Keypress: o
428.2855 	Level WAIT 	25
429.2692 	Level RINSE 	25
431.2687 	DATA 	Keypress: o
431.2853 	Level jitter 	25
440.2635 	Level finished 	25
440.2647 	DATA 	Keypress: o
440.2656 	DATA 	Keypress: o
440.2666 	DATA 	Keypress: o
440.2674 	DATA 	Keypress: o
440.2684 	DATA 	Keypress: o
440.2871 	Level image=waterlogo.jpg 	25
441.2678 	Level injecting via pump at address 0 	25
447.2688 	DATA 	Keypress: o
447.2700 	DATA 	Keypress: o
447.2710 	DATA 	Keypress: o
447.2863 	Level WAIT 	25
448.2663 	DATA 	Keypress: o
448.2706 	Level RINSE 	25
450.2690 	DATA 	Keypress: o
450.2876 	Level jitter 	25
459.2635 	Level finished 	25
459.2647 	DATA 	Keypress: o
459.2658 	DATA 	Keypress: o
459.2670 	DATA 	Keypress: o
459.2682 	DATA 	Keypress: o
459.2886 	Level image=tasty.jpg 	25
460.2660 	DATA 	Keypress: o
460.2697 	Level injecting via pump at address 1 	25
466.2681 	DATA 	Keypress: o
466.2693 	DATA 	Keypress: o
466.2704 	DATA 	Keypress: o
466.2736 	Level WAIT 	25
467.2731 	Level RINSE 	25
469.2681 	DATA 	Keypress: o
469.2714 	Level jitter 	25
473.2635 	Level finished 	25
473.2647 	DATA 	Keypress: o
473.2658 	DATA 	Keypress: o
473.2737 	Level image=tasty.jpg 	25
474.2662 	DATA 	Keypress: o
474.2744 	Level injecting via pump at address 1 	25
480.2687 	DATA 	Keypress: o
480.2701 	DATA 	Keypress: o
480.2712 	DATA 	Keypress: o
480.2745 	Level WAIT 	25
481.2747 	Level RINSE 	25
483.2679 	DATA 	Keypress: o
483.2754 	Level jitter 	25
486.2635 	Level finished 	25
486.2649 	DATA 	Keypress: o
486.2661 	DATA 	Keypress: o
486.2759 	Level image=waterlogo.jpg 	25
487.2760 	Level injecting via pump at address 0 	25
493.2688 	DATA 	Keypress: o
493.2699 	DATA 	Keypress: o
493.2708 	DATA 	Keypress: o
493.2766 	Level WAIT 	25
494.2662 	DATA 	Keypress: o
494.2746 	Level RINSE 	25
496.2684 	DATA 	Keypress: o
496.2764 	Level jitter 	25
497.2635 	Level finished 	25
497.2755 	Level image=tasty.jpg 	25
498.2661 	DATA 	Keypress: o
498.2705 	Level injecting via pump at address 1 	25
504.2685 	DATA 	Keypress: o
504.2698 	DATA 	Keypress: o
504.2710 	DATA 	Keypress: o
504.2781 	Level WAIT 	25
505.2779 	Level RINSE 	25
507.2687 	DATA 	Keypress: o
507.2729 	Level jitter 	25
514.2635 	Level finished 	25
514.2647 	DATA 	Keypress: o
514.2659 	DATA 	Keypress: o
514.2671 	DATA 	Keypress: o
514.2682 	DATA 	Keypress: o
514.2786 	Level image=waterlogo.jpg 	25
515.2788 	Level injecting via pump at address 0 	25
521.2685 	DATA 	Keypress: o
521.2695 	DATA 	Keypress: o
521.2705 	DATA 	Keypress: o
521.2797 	Level WAIT 	25
522.2661 	DATA 	Keypress: o
522.2777 	Level RINSE 	25
524.2692 	DATA 	Keypress: o
524.2799 	Level jitter 	25
525.2635 	Level finished 	25
525.2788 	Level image=tasty.jpg 	25
526.2658 	DATA 	Keypress: o
526.2739 	Level injecting via pump at address 1 	25
532.2685 	DATA 	Keypress: o
532.2695 	DATA 	Keypress: o
532.2704 	DATA 	Keypress: o
532.2759 	Level WAIT 	25
533.2702 	Level RINSE 	25
535.2685 	DATA 	Keypress: o
535.2777 	Level jitter 	25
541.2635 	Level finished 	25
