47.1668 	DATA 	Keypress: o
47.1678 	Level start key press 	25
49.1769 	DATA 	Keypress: o
51.1768 	DATA 	Keypress: o
53.1769 	DATA 	Keypress: o
55.1770 	DATA 	Keypress: o
55.6248 	Level image=waterlogo.jpg 	25
56.5248 	Level injecting via pump at address 0 	25
62.5129 	DATA 	Keypress: o
62.5140 	DATA 	Keypress: o
62.5152 	DATA 	Keypress: o
62.5257 	Level WAIT 	25
63.5106 	DATA 	Keypress: o
63.5254 	Level RINSE 	25
65.5216 	DATA 	Keypress: o
65.5255 	Level jitter 	25
71.5081 	Level finished 	25
71.5094 	DATA 	Keypress: o
71.5104 	DATA 	Keypress: o
71.5116 	DATA 	Keypress: o
71.5425 	Level image=tasty.jpg 	25
72.5264 	Level injecting via pump at address 1 	25
78.5139 	DATA 	Keypress: o
78.5152 	DATA 	Keypress: o
78.5163 	DATA 	Keypress: o
78.5264 	Level WAIT 	25
79.5109 	DATA 	Keypress: o
79.5265 	Level RINSE 	25
81.5133 	DATA 	Keypress: o
81.5265 	Level jitter 	25
87.5081 	Level finished 	25
87.5095 	DATA 	Keypress: o
87.5107 	DATA 	Keypress: o
87.5119 	DATA 	Keypress: o
87.5274 	Level image=tasty.jpg 	25
88.5271 	Level injecting via pump at address 1 	25
94.5131 	DATA 	Keypress: o
94.5144 	DATA 	Keypress: o
94.5156 	DATA 	Keypress: o
94.5275 	Level WAIT 	25
95.5109 	DATA 	Keypress: o
95.5275 	Level RINSE 	25
97.5126 	DATA 	Keypress: o
97.5280 	Level jitter 	25
99.5081 	Level finished 	25
99.5095 	DATA 	Keypress: o
99.5445 	Level image=waterlogo.jpg 	25
100.5279 	Level injecting via pump at address 0 	25
106.5134 	DATA 	Keypress: o
106.5150 	DATA 	Keypress: o
106.5160 	DATA 	Keypress: o
106.5282 	Level WAIT 	25
107.5106 	DATA 	Keypress: o
107.5289 	Level RINSE 	25
109.5134 	DATA 	Keypress: o
109.5285 	Level jitter 	25
115.5081 	Level finished 	25
115.5094 	DATA 	Keypress: o
115.5104 	DATA 	Keypress: o
115.5114 	DATA 	Keypress: o
115.5289 	Level image=tasty.jpg 	25
116.5290 	Level injecting via pump at address 1 	25
122.5134 	DATA 	Keypress: o
122.5145 	DATA 	Keypress: o
122.5154 	DATA 	Keypress: o
122.5298 	Level WAIT 	25
123.5109 	DATA 	Keypress: o
123.5295 	Level RINSE 	25
125.5126 	DATA 	Keypress: o
125.5295 	Level jitter 	25
130.5081 	Level finished 	25
130.5094 	DATA 	Keypress: o
130.5103 	DATA 	Keypress: o
130.5466 	Level image=waterlogo.jpg 	25
131.5109 	DATA 	Keypress: o
131.5300 	Level injecting via pump at address 0 	25
137.5135 	DATA 	Keypress: o
137.5146 	DATA 	Keypress: o
137.5158 	DATA 	Keypress: o
137.5310 	Level WAIT 	25
138.5305 	Level RINSE 	25
140.5137 	DATA 	Keypress: o
140.5306 	Level jitter 	25
145.5081 	Level finished 	25
145.5095 	DATA 	Keypress: o
145.5107 	DATA 	Keypress: o
145.5121 	DATA 	Keypress: o
145.5309 	Level image=tasty.jpg 	25
146.5144 	Level injecting via pump at address 1 	25
152.5133 	DATA 	Keypress: o
152.5143 	DATA 	Keypress: o
152.5153 	DATA 	Keypress: o
152.5485 	Level WAIT 	25
153.5110 	DATA 	Keypress: o
153.5315 	Level RINSE 	25
155.5131 	DATA 	Keypress: o
155.5316 	Level jitter 	25
161.5081 	Level finished 	25
161.5093 	DATA 	Keypress: o
161.5106 	DATA 	Keypress: o
161.5117 	DATA 	Keypress: o
161.5321 	Level image=waterlogo.jpg 	25
162.5160 	Level injecting via pump at address 0 	25
168.5133 	DATA 	Keypress: o
168.5144 	DATA 	Keypress: o
168.5155 	DATA 	Keypress: o
168.5325 	Level WAIT 	25
169.5105 	DATA 	Keypress: o
169.5326 	Level RINSE 	25
171.5129 	DATA 	Keypress: o
171.5160 	Level jitter 	25
174.5081 	Level finished 	25
174.5100 	DATA 	Keypress: o
174.5334 	Level image=tasty.jpg 	25
175.5109 	DATA 	Keypress: o
175.5330 	Level injecting via pump at address 1 	25
181.5132 	DATA 	Keypress: o
181.5142 	DATA 	Keypress: o
181.5154 	DATA 	Keypress: o
181.5335 	Level WAIT 	25
182.5335 	Level RINSE 	25
184.5136 	DATA 	Keypress: o
184.5340 	Level jitter 	25
192.5081 	Level finished 	25
192.5095 	DATA 	Keypress: o
192.5107 	DATA 	Keypress: o
192.5119 	DATA 	Keypress: o
192.5131 	DATA 	Keypress: o
192.5343 	Level image=waterlogo.jpg 	25
193.5109 	DATA 	Keypress: o
193.5177 	Level injecting via pump at address 0 	25
199.5138 	DATA 	Keypress: o
199.5152 	DATA 	Keypress: o
199.5164 	DATA 	Keypress: o
199.5351 	Level WAIT 	25
200.5181 	Level RINSE 	25
202.5139 	DATA 	Keypress: o
202.5349 	Level jitter 	25
204.5081 	Level finished 	25
204.5092 	DATA 	Keypress: o
204.5350 	Level image=tasty.jpg 	25
205.5107 	DATA 	Keypress: o
205.5352 	Level injecting via pump at address 1 	25
211.5137 	DATA 	Keypress: o
211.5150 	DATA 	Keypress: o
211.5162 	DATA 	Keypress: o
211.5359 	Level WAIT 	25
212.5189 	Level RINSE 	25
214.5135 	DATA 	Keypress: o
214.5357 	Level jitter 	25
223.5081 	Level finished 	25
223.5095 	DATA 	Keypress: o
223.5106 	DATA 	Keypress: o
223.5116 	DATA 	Keypress: o
223.5125 	DATA 	Keypress: o
223.5135 	DATA 	Keypress: o
223.5369 	Level image=waterlogo.jpg 	25
224.5198 	Level injecting via pump at address 0 	25
230.5131 	DATA 	Keypress: o
230.5141 	DATA 	Keypress: o
230.5151 	DATA 	Keypress: o
230.5368 	Level WAIT 	25
231.5110 	DATA 	Keypress: o
231.5203 	Level RINSE 	25
233.5128 	DATA 	Keypress: o
233.5374 	Level jitter 	25
235.5081 	Level finished 	25
235.5095 	DATA 	Keypress: o
235.5372 	Level image=tasty.jpg 	25
236.5374 	Level injecting via pump at address 1 	25
242.5132 	DATA 	Keypress: o
242.5142 	DATA 	Keypress: o
242.5152 	DATA 	Keypress: o
242.5376 	Level WAIT 	25
243.5109 	DATA 	Keypress: o
243.5215 	Level RINSE 	25
245.5134 	DATA 	Keypress: o
245.5378 	Level jitter 	25
248.5081 	Level finished 	25
248.5092 	DATA 	Keypress: o
248.5381 	Level image=waterlogo.jpg 	25
249.5109 	DATA 	Keypress: o
249.5215 	Level injecting via pump at address 0 	25
255.5136 	DATA 	Keypress: o
255.5146 	DATA 	Keypress: o
255.5156 	DATA 	Keypress: o
255.5389 	Level WAIT 	25
256.5220 	Level RINSE 	25
258.5135 	DATA 	Keypress: o
258.5388 	Level jitter 	25
262.5081 	Level finished 	25
262.5096 	DATA 	Keypress: o
262.5109 	DATA 	Keypress: o
262.5225 	Level image=tasty.jpg 	25
263.5109 	DATA 	Keypress: o
263.5225 	Level injecting via pump at address 1 	25
269.5132 	DATA 	Keypress: o
269.5142 	DATA 	Keypress: o
269.5152 	DATA 	Keypress: o
269.5399 	Level WAIT 	25
270.5396 	Level RINSE 	25
272.5131 	DATA 	Keypress: o
272.5230 	Level jitter 	25
273.5081 	Level finished 	25
273.5092 	DATA 	Keypress: o
273.5398 	Level image=waterlogo.jpg 	25
274.5233 	Level injecting via pump at address 0 	25
280.5127 	DATA 	Keypress: o
280.5137 	DATA 	Keypress: o
280.5147 	DATA 	Keypress: o
280.5408 	Level WAIT 	25
281.5105 	DATA 	Keypress: o
281.5237 	Level RINSE 	25
283.5143 	DATA 	Keypress: o
283.5405 	Level jitter 	25
286.5081 	Level finished 	25
286.5094 	DATA 	Keypress: o
286.5407 	Level image=tasty.jpg 	25
287.5110 	DATA 	Keypress: o
287.5241 	Level injecting via pump at address 1 	25
293.5129 	DATA 	Keypress: o
293.5141 	DATA 	Keypress: o
293.5154 	DATA 	Keypress: o
293.5249 	Level WAIT 	25
294.5246 	Level RINSE 	25
296.5129 	DATA 	Keypress: o
296.5246 	Level jitter 	25
304.5081 	Level finished 	25
304.5098 	DATA 	Keypress: o
304.5111 	DATA 	Keypress: o
304.5123 	DATA 	Keypress: o
304.5133 	DATA 	Keypress: o
304.5424 	Level image=tasty.jpg 	25
305.5107 	DATA 	Keypress: o
305.5420 	Level injecting via pump at address 1 	25
311.5128 	DATA 	Keypress: o
311.5139 	DATA 	Keypress: o
311.5150 	DATA 	Keypress: o
311.5425 	Level WAIT 	25
312.5258 	Level RINSE 	25
314.5134 	DATA 	Keypress: o
314.5430 	Level jitter 	25
318.5081 	Level finished 	25
318.5094 	DATA 	Keypress: o
318.5106 	DATA 	Keypress: o
318.5263 	Level image=waterlogo.jpg 	25
319.5109 	DATA 	Keypress: o
319.5264 	Level injecting via pump at address 0 	25
325.5132 	DATA 	Keypress: o
325.5143 	DATA 	Keypress: o
325.5156 	DATA 	Keypress: o
325.5271 	Level WAIT 	25
326.5268 	Level RINSE 	25
328.5125 	DATA 	Keypress: o
328.5269 	Level jitter 	25
331.5081 	Level finished 	25
331.5093 	DATA 	Keypress: o
331.5103 	DATA 	Keypress: o
331.5272 	Level image=tasty.jpg 	25
332.5273 	Level injecting via pump at address 1 	25
338.5132 	DATA 	Keypress: o
338.5142 	DATA 	Keypress: o
338.5152 	DATA 	Keypress: o
338.5280 	Level WAIT 	25
339.5109 	DATA 	Keypress: o
339.5277 	Level RINSE 	25
341.5131 	DATA 	Keypress: o
341.5278 	Level jitter 	25
346.5081 	Level finished 	25
346.5095 	DATA 	Keypress: o
346.5105 	DATA 	Keypress: o
346.5282 	Level image=waterlogo.jpg 	25
347.5106 	DATA 	Keypress: o
347.5283 	Level injecting via pump at address 0 	25
353.5127 	DATA 	Keypress: o
353.5138 	DATA 	Keypress: o
353.5148 	DATA 	Keypress: o
353.5290 	Level WAIT 	25
354.5287 	Level RINSE 	25
356.5139 	DATA 	Keypress: o
356.5288 	Level jitter 	25
361.5081 	Level finished 	25
361.5094 	DATA 	Keypress: o
361.5104 	DATA 	Keypress: o
361.5114 	DATA 	Keypress: o
361.5459 	Level image=waterlogo.jpg 	25
362.5294 	Level injecting via pump at address 0 	25
368.5133 	DATA 	Keypress: o
368.5144 	DATA 	Keypress: o
368.5153 	DATA 	Keypress: o
368.5300 	Level WAIT 	25
369.5105 	DATA 	Keypress: o
369.5297 	Level RINSE 	25
371.5129 	DATA 	Keypress: o
371.5298 	Level jitter 	25
380.5081 	Level finished 	25
380.5095 	DATA 	Keypress: o
380.5104 	DATA 	Keypress: o
380.5116 	DATA 	Keypress: o
380.5127 	DATA 	Keypress: o
380.5477 	Level image=tasty.jpg 	25
381.5105 	DATA 	Keypress: o
381.5306 	Level injecting via pump at address 1 	25
387.5132 	DATA 	Keypress: o
387.5144 	DATA 	Keypress: o
387.5154 	DATA 	Keypress: o
387.5310 	Level WAIT 	25
388.5310 	Level RINSE 	25
390.5135 	DATA 	Keypress: o
390.5317 	Level jitter 	25
392.5081 	Level finished 	25
392.5092 	DATA 	Keypress: o
392.5315 	Level image=waterlogo.jpg 	25
393.5109 	DATA 	Keypress: o
393.5315 	Level injecting via pump at address 0 	25
399.5138 	DATA 	Keypress: o
399.5151 	DATA 	Keypress: o
399.5163 	DATA 	Keypress: o
399.5317 	Level WAIT 	25
400.5323 	Level RINSE 	25
402.5131 	DATA 	Keypress: o
402.5154 	Level jitter 	25
405.5081 	Level finished 	25
405.5093 	DATA 	Keypress: o
405.5106 	DATA 	Keypress: o
405.5323 	Level image=waterlogo.jpg 	25
406.5325 	Level injecting via pump at address 0 	25
412.5132 	DATA 	Keypress: o
412.5145 	DATA 	Keypress: o
412.5158 	DATA 	Keypress: o
412.5331 	Level WAIT 	25
413.5106 	DATA 	Keypress: o
413.5328 	Level RINSE 	25
415.5128 	DATA 	Keypress: o
415.5329 	Level jitter 	25
420.5081 	Level finished 	25
420.5095 	DATA 	Keypress: o
420.5107 	DATA 	Keypress: o
420.5333 	Level image=tasty.jpg 	25
421.5109 	DATA 	Keypress: o
421.5167 	Level injecting via pump at address 1 	25
427.5132 	DATA 	Keypress: o
427.5144 	DATA 	Keypress: o
427.5156 	DATA 	Keypress: o
427.5341 	Level WAIT 	25
428.5171 	Level RINSE 	25
430.5139 	DATA 	Keypress: o
430.5174 	Level jitter 	25
432.5081 	Level finished 	25
432.5094 	DATA 	Keypress: o
432.5341 	Level image=tasty.jpg 	25
433.5114 	DATA 	Keypress: o
433.5342 	Level injecting via pump at address 1 	25
439.5126 	DATA 	Keypress: o
439.5139 	DATA 	Keypress: o
439.5149 	DATA 	Keypress: o
439.5350 	Level WAIT 	25
440.5180 	Level RINSE 	25
442.5131 	DATA 	Keypress: o
442.5348 	Level jitter 	25
449.5081 	Level finished 	25
449.5093 	DATA 	Keypress: o
449.5104 	DATA 	Keypress: o
449.5113 	DATA 	Keypress: o
449.5123 	DATA 	Keypress: o
449.5358 	Level image=waterlogo.jpg 	25
450.5187 	Level injecting via pump at address 0 	25
456.5130 	DATA 	Keypress: o
456.5140 	DATA 	Keypress: o
456.5150 	DATA 	Keypress: o
456.5357 	Level WAIT 	25
457.5106 	DATA 	Keypress: o
457.5358 	Level RINSE 	25
459.5136 	DATA 	Keypress: o
459.5364 	Level jitter 	25
462.5081 	Level finished 	25
462.5093 	DATA 	Keypress: o
462.5362 	Level image=tasty.jpg 	25
463.5109 	DATA 	Keypress: o
463.5363 	Level injecting via pump at address 1 	25
469.5142 	DATA 	Keypress: o
469.5155 	DATA 	Keypress: o
469.5168 	DATA 	Keypress: o
469.5370 	Level WAIT 	25
470.5367 	Level RINSE 	25
472.5131 	DATA 	Keypress: o
472.5368 	Level jitter 	25
474.5081 	Level finished 	25
474.5094 	DATA 	Keypress: o
474.5204 	Level image=waterlogo.jpg 	25
475.5109 	DATA 	Keypress: o
475.5205 	Level injecting via pump at address 0 	25
481.5129 	DATA 	Keypress: o
481.5139 	DATA 	Keypress: o
481.5149 	DATA 	Keypress: o
481.5379 	Level WAIT 	25
482.5375 	Level RINSE 	25
484.5125 	DATA 	Keypress: o
484.5210 	Level jitter 	25
492.5081 	Level finished 	25
492.5096 	DATA 	Keypress: o
492.5108 	DATA 	Keypress: o
492.5120 	DATA 	Keypress: o
492.5133 	DATA 	Keypress: o
492.5388 	Level image=tasty.jpg 	25
493.5105 	DATA 	Keypress: o
493.5217 	Level injecting via pump at address 1 	25
499.5132 	DATA 	Keypress: o
499.5143 	DATA 	Keypress: o
499.5153 	DATA 	Keypress: o
499.5220 	Level WAIT 	25
500.5221 	Level RINSE 	25
502.5147 	DATA 	Keypress: o
502.5227 	Level jitter 	25
504.5081 	Level finished 	25
504.5094 	DATA 	Keypress: o
504.5391 	Level image=waterlogo.jpg 	25
505.5107 	DATA 	Keypress: o
505.5225 	Level injecting via pump at address 0 	25
511.5137 	DATA 	Keypress: o
511.5149 	DATA 	Keypress: o
511.5162 	DATA 	Keypress: o
511.5395 	Level WAIT 	25
512.5234 	Level RINSE 	25
514.5131 	DATA 	Keypress: o
514.5397 	Level jitter 	25
521.5081 	Level finished 	25
