60.8173 	DATA 	Keypress: o
60.8179 	Level start key press 	25
62.8234 	DATA 	Keypress: o
64.8237 	DATA 	Keypress: o
66.8238 	DATA 	Keypress: o
68.8240 	DATA 	Keypress: o
69.3551 	Level image=tasty.jpg 	25
70.3057 	Level injecting via pump at address 1 	25
76.2932 	DATA 	Keypress: o
76.2942 	DATA 	Keypress: o
76.2951 	DATA 	Keypress: o
76.3059 	Level WAIT 	25
77.2912 	DATA 	Keypress: o
77.3227 	Level RINSE 	25
79.3023 	DATA 	Keypress: o
79.3229 	Level jitter 	25
88.2885 	Level finished 	25
88.2898 	DATA 	Keypress: o
88.2907 	DATA 	Keypress: o
88.2915 	DATA 	Keypress: o
88.2924 	DATA 	Keypress: o
88.3078 	Level image=waterlogo.jpg 	25
89.2911 	DATA 	Keypress: o
89.3075 	Level injecting via pump at address 0 	25
95.2938 	DATA 	Keypress: o
95.2950 	DATA 	Keypress: o
95.2961 	DATA 	Keypress: o
95.3081 	Level WAIT 	25
96.3082 	Level RINSE 	25
98.2936 	DATA 	Keypress: o
98.3089 	Level jitter 	25
102.2885 	Level finished 	25
102.2897 	DATA 	Keypress: o
102.2909 	DATA 	Keypress: o
102.3256 	Level image=tasty.jpg 	25
103.2913 	DATA 	Keypress: o
103.3091 	Level injecting via pump at address 1 	25
109.2938 	DATA 	Keypress: o
109.2950 	DATA 	Keypress: o
109.2961 	DATA 	Keypress: o
109.3102 	Level WAIT 	25
110.3099 	Level RINSE 	25
112.2928 	DATA 	Keypress: o
112.3101 	Level jitter 	25
116.2885 	Level finished 	25
116.2899 	DATA 	Keypress: o
116.2911 	DATA 	Keypress: o
116.3107 	Level image=waterlogo.jpg 	25
117.2910 	DATA 	Keypress: o
117.3108 	Level injecting via pump at address 0 	25
123.2933 	DATA 	Keypress: o
123.2943 	DATA 	Keypress: o
123.2951 	DATA 	Keypress: o
123.3118 	Level WAIT 	25
124.3115 	Level RINSE 	25
126.2932 	DATA 	Keypress: o
126.3118 	Level jitter 	25
130.2885 	Level finished 	25
130.2899 	DATA 	Keypress: o
130.2910 	DATA 	Keypress: o
130.3123 	Level image=waterlogo.jpg 	25
131.2911 	DATA 	Keypress: o
131.2958 	Level injecting via pump at address 0 	25
137.2931 	DATA 	Keypress: o
137.2941 	DATA 	Keypress: o
137.2950 	DATA 	Keypress: o
137.3134 	Level WAIT 	25
138.3132 	Level RINSE 	25
140.2941 	DATA 	Keypress: o
140.2967 	Level jitter 	25
144.2885 	Level finished 	25
144.2897 	DATA 	Keypress: o
144.2907 	DATA 	Keypress: o
144.3139 	Level image=tasty.jpg 	25
145.2915 	DATA 	Keypress: o
145.3140 	Level injecting via pump at address 1 	25
151.2931 	DATA 	Keypress: o
151.2940 	DATA 	Keypress: o
151.2949 	DATA 	Keypress: o
151.3151 	Level WAIT 	25
152.3148 	Level RINSE 	25
154.2941 	DATA 	Keypress: o
154.3150 	Level jitter 	25
160.2885 	Level finished 	25
160.2899 	DATA 	Keypress: o
160.2913 	DATA 	Keypress: o
160.2925 	DATA 	Keypress: o
160.3158 	Level image=waterlogo.jpg 	25
161.2913 	DATA 	Keypress: o
161.3164 	Level injecting via pump at address 0 	25
167.2935 	DATA 	Keypress: o
167.2947 	DATA 	Keypress: o
167.2959 	DATA 	Keypress: o
167.3165 	Level WAIT 	25
168.3000 	Level RINSE 	25
170.2938 	DATA 	Keypress: o
170.3169 	Level jitter 	25
173.2885 	Level finished 	25
173.2897 	DATA 	Keypress: o
173.2908 	DATA 	Keypress: o
173.3177 	Level image=tasty.jpg 	25
174.3175 	Level injecting via pump at address 1 	25
180.2931 	DATA 	Keypress: o
180.2941 	DATA 	Keypress: o
180.2949 	DATA 	Keypress: o
180.3181 	Level WAIT 	25
181.2908 	DATA 	Keypress: o
181.3016 	Level RINSE 	25
183.2931 	DATA 	Keypress: o
183.3188 	Level jitter 	25
186.2885 	Level finished 	25
186.2898 	DATA 	Keypress: o
186.3188 	Level image=waterlogo.jpg 	25
187.2912 	DATA 	Keypress: o
187.3024 	Level injecting via pump at address 0 	25
193.2945 	DATA 	Keypress: o
193.2958 	DATA 	Keypress: o
193.2969 	DATA 	Keypress: o
193.3033 	Level WAIT 	25
194.3031 	Level RINSE 	25
196.2933 	DATA 	Keypress: o
196.3199 	Level jitter 	25
200.2885 	Level finished 	25
200.2898 	DATA 	Keypress: o
200.2908 	DATA 	Keypress: o
200.3038 	Level image=waterlogo.jpg 	25
201.2908 	DATA 	Keypress: o
201.3041 	Level injecting via pump at address 0 	25
207.2939 	DATA 	Keypress: o
207.2951 	DATA 	Keypress: o
207.2964 	DATA 	Keypress: o
207.3217 	Level WAIT 	25
208.3048 	Level RINSE 	25
210.2933 	DATA 	Keypress: o
210.3049 	Level jitter 	25
215.2885 	Level finished 	25
215.2899 	DATA 	Keypress: o
215.2911 	DATA 	Keypress: o
215.2922 	DATA 	Keypress: o
215.3056 	Level image=tasty.jpg 	25
216.3058 	Level injecting via pump at address 1 	25
222.2935 	DATA 	Keypress: o
222.2948 	DATA 	Keypress: o
222.2962 	DATA 	Keypress: o
222.3068 	Level WAIT 	25
223.2912 	DATA 	Keypress: o
223.3065 	Level RINSE 	25
225.2942 	DATA 	Keypress: o
225.3067 	Level jitter 	25
228.2885 	Level finished 	25
228.2896 	DATA 	Keypress: o
228.3071 	Level image=waterlogo.jpg 	25
229.2911 	DATA 	Keypress: o
229.3073 	Level injecting via pump at address 0 	25
235.2939 	DATA 	Keypress: o
235.2951 	DATA 	Keypress: o
235.2963 	DATA 	Keypress: o
235.3083 	Level WAIT 	25
236.3081 	Level RINSE 	25
238.2929 	DATA 	Keypress: o
238.3082 	Level jitter 	25
246.2885 	Level finished 	25
246.2897 	DATA 	Keypress: o
246.2906 	DATA 	Keypress: o
246.2917 	DATA 	Keypress: o
246.2928 	DATA 	Keypress: o
246.3263 	Level image=tasty.jpg 	25
247.2910 	DATA 	Keypress: o
247.3093 	Level injecting via pump at address 1 	25
253.2929 	DATA 	Keypress: o
253.2939 	DATA 	Keypress: o
253.2948 	DATA 	Keypress: o
253.3100 	Level WAIT 	25
254.3101 	Level RINSE 	25
256.2937 	DATA 	Keypress: o
256.3108 	Level jitter 	25
258.2885 	Level finished 	25
258.2898 	DATA 	Keypress: o
258.3107 	Level image=tasty.jpg 	25
259.2908 	DATA 	Keypress: o
259.3109 	Level injecting via pump at address 1 	25
265.2938 	DATA 	Keypress: o
265.2948 	DATA 	Keypress: o
265.2958 	DATA 	Keypress: o
265.3113 	Level WAIT 	25
266.3119 	Level RINSE 	25
268.2934 	DATA 	Keypress: o
268.3117 	Level jitter 	25
270.2885 	Level finished 	25
270.2896 	DATA 	Keypress: o
270.3120 	Level image=waterlogo.jpg 	25
271.2914 	DATA 	Keypress: o
271.2955 	Level injecting via pump at address 0 	25
277.2934 	DATA 	Keypress: o
277.2947 	DATA 	Keypress: o
277.2956 	DATA 	Keypress: o
277.3132 	Level WAIT 	25
278.2963 	Level RINSE 	25
280.2938 	DATA 	Keypress: o
280.3132 	Level jitter 	25
283.2885 	Level finished 	25
283.2899 	DATA 	Keypress: o
283.2911 	DATA 	Keypress: o
283.3135 	Level image=tasty.jpg 	25
284.2971 	Level injecting via pump at address 1 	25
290.2938 	DATA 	Keypress: o
290.2950 	DATA 	Keypress: o
290.2961 	DATA 	Keypress: o
290.3147 	Level WAIT 	25
291.2911 	DATA 	Keypress: o
291.3145 	Level RINSE 	25
293.2934 	DATA 	Keypress: o
293.2979 	Level jitter 	25
295.2885 	Level finished 	25
295.2897 	DATA 	Keypress: o
295.3149 	Level image=waterlogo.jpg 	25
296.2984 	Level injecting via pump at address 0 	25
302.2930 	DATA 	Keypress: o
302.2941 	DATA 	Keypress: o
302.2950 	DATA 	Keypress: o
302.3161 	Level WAIT 	25
303.2909 	DATA 	Keypress: o
303.2992 	Level RINSE 	25
305.2939 	DATA 	Keypress: o
305.3161 	Level jitter 	25
306.2885 	Level finished 	25
306.2996 	Level image=tasty.jpg 	25
307.2910 	DATA 	Keypress: o
307.3164 	Level injecting via pump at address 1 	25
313.2934 	DATA 	Keypress: o
313.2947 	DATA 	Keypress: o
313.2958 	DATA 	Keypress: o
313.3174 	Level WAIT 	25
314.3171 	Level RINSE 	25
316.2931 	DATA 	Keypress: o
316.3173 	Level jitter 	25
318.2885 	Level finished 	25
318.2897 	DATA 	Keypress: o
318.3010 	Level image=waterlogo.jpg 	25
319.2913 	DATA 	Keypress: o
319.3011 	Level injecting via pump at address 0 	25
325.2940 	DATA 	Keypress: o
325.2952 	DATA 	Keypress: o
325.2964 	DATA 	Keypress: o
325.3188 	Level WAIT 	25
326.3020 	Level RINSE 	25
328.2928 	DATA 	Keypress: o
328.3022 	Level jitter 	25
334.2885 	Level finished 	25
334.2897 	DATA 	Keypress: o
334.2907 	DATA 	Keypress: o
334.2916 	DATA 	Keypress: o
334.3029 	Level image=waterlogo.jpg 	25
335.2908 	DATA 	Keypress: o
335.3034 	Level injecting via pump at address 0 	25
341.2937 	DATA 	Keypress: o
341.2950 	DATA 	Keypress: o
341.2962 	DATA 	Keypress: o
341.3202 	Level WAIT 	25
342.3037 	Level RINSE 	25
344.2938 	DATA 	Keypress: o
344.3040 	Level jitter 	25
347.2885 	Level finished 	25
347.2897 	DATA 	Keypress: o
347.2909 	DATA 	Keypress: o
347.3047 	Level image=tasty.jpg 	25
348.3045 	Level injecting via pump at address 1 	25
354.2935 	DATA 	Keypress: o
354.2947 	DATA 	Keypress: o
354.2959 	DATA 	Keypress: o
354.3218 	Level WAIT 	25
355.2916 	DATA 	Keypress: o
355.3219 	Level RINSE 	25
357.2938 	DATA 	Keypress: o
357.3060 	Level jitter 	25
365.2885 	Level finished 	25
365.2897 	DATA 	Keypress: o
365.2906 	DATA 	Keypress: o
365.2915 	DATA 	Keypress: o
365.2925 	DATA 	Keypress: o
365.3065 	Level image=waterlogo.jpg 	25
366.3066 	Level injecting via pump at address 0 	25
372.2934 	DATA 	Keypress: o
372.2946 	DATA 	Keypress: o
372.2959 	DATA 	Keypress: o
372.3077 	Level WAIT 	25
373.2909 	DATA 	Keypress: o
373.3074 	Level RINSE 	25
375.2933 	DATA 	Keypress: o
375.3076 	Level jitter 	25
380.2885 	Level finished 	25
380.2899 	DATA 	Keypress: o
380.2911 	DATA 	Keypress: o
380.3249 	Level image=tasty.jpg 	25
381.2910 	DATA 	Keypress: o
381.3084 	Level injecting via pump at address 1 	25
387.2928 	DATA 	Keypress: o
387.2939 	DATA 	Keypress: o
387.2952 	DATA 	Keypress: o
387.3095 	Level WAIT 	25
388.3092 	Level RINSE 	25
390.2929 	DATA 	Keypress: o
390.3094 	Level jitter 	25
394.2885 	Level finished 	25
394.2899 	DATA 	Keypress: o
394.2911 	DATA 	Keypress: o
394.3098 	Level image=waterlogo.jpg 	25
395.2910 	DATA 	Keypress: o
395.3100 	Level injecting via pump at address 0 	25
401.2944 	DATA 	Keypress: o
401.2956 	DATA 	Keypress: o
401.2969 	DATA 	Keypress: o
401.3111 	Level WAIT 	25
402.3109 	Level RINSE 	25
404.2938 	DATA 	Keypress: o
404.3110 	Level jitter 	25
409.2885 	Level finished 	25
409.2897 	DATA 	Keypress: o
409.2909 	DATA 	Keypress: o
409.2921 	DATA 	Keypress: o
409.3116 	Level image=tasty.jpg 	25
410.3118 	Level injecting via pump at address 1 	25
416.2937 	DATA 	Keypress: o
416.2949 	DATA 	Keypress: o
416.2960 	DATA 	Keypress: o
416.3129 	Level WAIT 	25
417.2909 	DATA 	Keypress: o
417.3126 	Level RINSE 	25
419.2930 	DATA 	Keypress: o
419.3127 	Level jitter 	25
428.2885 	Level finished 	25
428.2898 	DATA 	Keypress: o
428.2911 	DATA 	Keypress: o
428.2922 	DATA 	Keypress: o
428.2934 	DATA 	Keypress: o
428.3143 	Level image=waterlogo.jpg 	25
429.2914 	DATA 	Keypress: o
429.3141 	Level injecting via pump at address 0 	25
435.2939 	DATA 	Keypress: o
435.2951 	DATA 	Keypress: o
435.2963 	DATA 	Keypress: o
435.3147 	Level WAIT 	25
436.3148 	Level RINSE 	25
438.2942 	DATA 	Keypress: o
438.3154 	Level jitter 	25
447.2885 	Level finished 	25
447.2896 	DATA 	Keypress: o
447.2906 	DATA 	Keypress: o
447.2917 	DATA 	Keypress: o
447.2928 	DATA 	Keypress: o
447.2939 	DATA 	Keypress: o
447.3161 	Level image=tasty.jpg 	25
448.3166 	Level injecting via pump at address 1 	25
454.2938 	DATA 	Keypress: o
454.2951 	DATA 	Keypress: o
454.2963 	DATA 	Keypress: o
454.3169 	Level WAIT 	25
455.2911 	DATA 	Keypress: o
455.3170 	Level RINSE 	25
457.2939 	DATA 	Keypress: o
457.3173 	Level jitter 	25
461.2885 	Level finished 	25
461.2899 	DATA 	Keypress: o
461.2911 	DATA 	Keypress: o
461.3181 	Level image=tasty.jpg 	25
462.3012 	Level injecting via pump at address 1 	25
468.2930 	DATA 	Keypress: o
468.2940 	DATA 	Keypress: o
468.2949 	DATA 	Keypress: o
468.3019 	Level WAIT 	25
469.2915 	DATA 	Keypress: o
469.3021 	Level RINSE 	25
471.2935 	DATA 	Keypress: o
471.3025 	Level jitter 	25
474.2885 	Level finished 	25
474.2896 	DATA 	Keypress: o
474.3026 	Level image=waterlogo.jpg 	25
475.2909 	DATA 	Keypress: o
475.3027 	Level injecting via pump at address 0 	25
481.2933 	DATA 	Keypress: o
481.2945 	DATA 	Keypress: o
481.2956 	DATA 	Keypress: o
481.3039 	Level WAIT 	25
482.3036 	Level RINSE 	25
484.2935 	DATA 	Keypress: o
484.3037 	Level jitter 	25
485.2885 	Level finished 	25
485.2897 	DATA 	Keypress: o
485.3205 	Level image=tasty.jpg 	25
486.3208 	Level injecting via pump at address 1 	25
492.2936 	DATA 	Keypress: o
492.2949 	DATA 	Keypress: o
492.2959 	DATA 	Keypress: o
492.3217 	Level WAIT 	25
493.2910 	DATA 	Keypress: o
493.3048 	Level RINSE 	25
495.2933 	DATA 	Keypress: o
495.3217 	Level jitter 	25
502.2885 	Level finished 	25
502.2897 	DATA 	Keypress: o
502.2907 	DATA 	Keypress: o
502.2917 	DATA 	Keypress: o
502.3063 	Level image=waterlogo.jpg 	25
503.2911 	DATA 	Keypress: o
503.3060 	Level injecting via pump at address 0 	25
509.2929 	DATA 	Keypress: o
509.2939 	DATA 	Keypress: o
509.2949 	DATA 	Keypress: o
509.3066 	Level WAIT 	25
510.3067 	Level RINSE 	25
512.2942 	DATA 	Keypress: o
512.3075 	Level jitter 	25
513.2885 	Level finished 	25
513.2896 	DATA 	Keypress: o
513.3072 	Level image=tasty.jpg 	25
514.3073 	Level injecting via pump at address 1 	25
520.2935 	DATA 	Keypress: o
520.2945 	DATA 	Keypress: o
520.2955 	DATA 	Keypress: o
520.3246 	Level WAIT 	25
521.2909 	DATA 	Keypress: o
521.3081 	Level RINSE 	25
523.2935 	DATA 	Keypress: o
523.3087 	Level jitter 	25
529.2885 	Level finished 	25
