68.5398 	DATA 	Keypress: o
68.5405 	Level start key press 	25
70.5462 	DATA 	Keypress: o
72.5462 	DATA 	Keypress: o
74.5464 	DATA 	Keypress: o
76.5467 	DATA 	Keypress: o
77.0777 	Level image=tasty.jpg 	25
78.0278 	Level injecting via pump at address 1 	25
84.0001 	DATA 	Keypress: o
84.0011 	DATA 	Keypress: o
84.0021 	DATA 	Keypress: o
84.0290 	Level WAIT 	25
84.9968 	DATA 	Keypress: o
85.0120 	Level RINSE 	25
87.0079 	DATA 	Keypress: o
87.0288 	Level jitter 	25
95.9944 	Level finished 	25
95.9957 	DATA 	Keypress: o
95.9969 	DATA 	Keypress: o
95.9979 	DATA 	Keypress: o
95.9989 	DATA 	Keypress: o
96.0303 	Level image=waterlogo.jpg 	25
96.9968 	DATA 	Keypress: o
97.0135 	Level injecting via pump at address 0 	25
102.9999 	DATA 	Keypress: o
103.0011 	DATA 	Keypress: o
103.0020 	DATA 	Keypress: o
103.0307 	Level WAIT 	25
104.0142 	Level RINSE 	25
105.9996 	DATA 	Keypress: o
106.0315 	Level jitter 	25
109.9944 	Level finished 	25
109.9957 	DATA 	Keypress: o
109.9969 	DATA 	Keypress: o
110.0150 	Level image=tasty.jpg 	25
110.9967 	DATA 	Keypress: o
111.0151 	Level injecting via pump at address 1 	25
116.9999 	DATA 	Keypress: o
117.0010 	DATA 	Keypress: o
117.0020 	DATA 	Keypress: o
117.0160 	Level WAIT 	25
118.0158 	Level RINSE 	25
119.9995 	DATA 	Keypress: o
120.0161 	Level jitter 	25
123.9944 	Level finished 	25
123.9958 	DATA 	Keypress: o
123.9970 	DATA 	Keypress: o
124.0167 	Level image=waterlogo.jpg 	25
124.9972 	DATA 	Keypress: o
125.0168 	Level injecting via pump at address 0 	25
130.9994 	DATA 	Keypress: o
131.0006 	DATA 	Keypress: o
131.0017 	DATA 	Keypress: o
131.0344 	Level WAIT 	25
132.0175 	Level RINSE 	25
133.9998 	DATA 	Keypress: o
134.0177 	Level jitter 	25
137.9944 	Level finished 	25
137.9957 	DATA 	Keypress: o
137.9969 	DATA 	Keypress: o
138.0183 	Level image=waterlogo.jpg 	25
138.9969 	DATA 	Keypress: o
139.0184 	Level injecting via pump at address 0 	25
144.9997 	DATA 	Keypress: o
145.0009 	DATA 	Keypress: o
145.0021 	DATA 	Keypress: o
145.0193 	Level WAIT 	25
146.0191 	Level RINSE 	25
147.9989 	DATA 	Keypress: o
148.0193 	Level jitter 	25
151.9944 	Level finished 	25
151.9957 	DATA 	Keypress: o
151.9970 	DATA 	Keypress: o
152.0199 	Level image=tasty.jpg 	25
152.9971 	DATA 	Keypress: o
153.0201 	Level injecting via pump at address 1 	25
158.9999 	DATA 	Keypress: o
159.0011 	DATA 	Keypress: o
159.0021 	DATA 	Keypress: o
159.0210 	Level WAIT 	25
160.0041 	Level RINSE 	25
161.9997 	DATA 	Keypress: o
162.0210 	Level jitter 	25
167.9944 	Level finished 	25
167.9959 	DATA 	Keypress: o
167.9973 	DATA 	Keypress: o
167.9984 	DATA 	Keypress: o
168.0217 	Level image=waterlogo.jpg 	25
168.9971 	DATA 	Keypress: o
169.0056 	Level injecting via pump at address 0 	25
174.9998 	DATA 	Keypress: o
175.0011 	DATA 	Keypress: o
175.0023 	DATA 	Keypress: o
175.0059 	Level WAIT 	25
176.0061 	Level RINSE 	25
177.9998 	DATA 	Keypress: o
178.0228 	Level jitter 	25
180.9944 	Level finished 	25
180.9955 	DATA 	Keypress: o
180.9965 	DATA 	Keypress: o
181.0237 	Level image=tasty.jpg 	25
182.0068 	Level injecting via pump at address 1 	25
187.9998 	DATA 	Keypress: o
188.0011 	DATA 	Keypress: o
188.0022 	DATA 	Keypress: o
188.0074 	Level WAIT 	25
188.9971 	DATA 	Keypress: o
189.0075 	Level RINSE 	25
190.9994 	DATA 	Keypress: o
191.0081 	Level jitter 	25
193.9944 	Level finished 	25
193.9957 	DATA 	Keypress: o
194.0081 	Level image=waterlogo.jpg 	25
194.9970 	DATA 	Keypress: o
195.0082 	Level injecting via pump at address 0 	25
201.0005 	DATA 	Keypress: o
201.0017 	DATA 	Keypress: o
201.0029 	DATA 	Keypress: o
201.0259 	Level WAIT 	25
202.0090 	Level RINSE 	25
203.9990 	DATA 	Keypress: o
204.0092 	Level jitter 	25
207.9944 	Level finished 	25
207.9958 	DATA 	Keypress: o
207.9970 	DATA 	Keypress: o
208.0264 	Level image=waterlogo.jpg 	25
208.9971 	DATA 	Keypress: o
209.0266 	Level injecting via pump at address 0 	25
214.9995 	DATA 	Keypress: o
215.0006 	DATA 	Keypress: o
215.0016 	DATA 	Keypress: o
215.0276 	Level WAIT 	25
216.0107 	Level RINSE 	25
218.0001 	DATA 	Keypress: o
218.0275 	Level jitter 	25
222.9944 	Level finished 	25
222.9958 	DATA 	Keypress: o
222.9970 	DATA 	Keypress: o
222.9980 	DATA 	Keypress: o
223.0115 	Level image=tasty.jpg 	25
224.0116 	Level injecting via pump at address 1 	25
229.9999 	DATA 	Keypress: o
230.0012 	DATA 	Keypress: o
230.0025 	DATA 	Keypress: o
230.0294 	Level WAIT 	25
230.9971 	DATA 	Keypress: o
231.0291 	Level RINSE 	25
232.9992 	DATA 	Keypress: o
233.0127 	Level jitter 	25
235.9944 	Level finished 	25
235.9956 	DATA 	Keypress: o
236.0131 	Level image=waterlogo.jpg 	25
236.9971 	DATA 	Keypress: o
237.0299 	Level injecting via pump at address 0 	25
242.9998 	DATA 	Keypress: o
243.0012 	DATA 	Keypress: o
243.0024 	DATA 	Keypress: o
243.0308 	Level WAIT 	25
244.0139 	Level RINSE 	25
245.9999 	DATA 	Keypress: o
246.0308 	Level jitter 	25
253.9944 	Level finished 	25
253.9959 	DATA 	Keypress: o
253.9972 	DATA 	Keypress: o
253.9983 	DATA 	Keypress: o
253.9993 	DATA 	Keypress: o
254.0156 	Level image=tasty.jpg 	25
254.9971 	DATA 	Keypress: o
255.0153 	Level injecting via pump at address 1 	25
260.9998 	DATA 	Keypress: o
261.0012 	DATA 	Keypress: o
261.0024 	DATA 	Keypress: o
261.0159 	Level WAIT 	25
262.0161 	Level RINSE 	25
263.9992 	DATA 	Keypress: o
264.0168 	Level jitter 	25
265.9944 	Level finished 	25
265.9955 	DATA 	Keypress: o
266.0166 	Level image=tasty.jpg 	25
266.9974 	DATA 	Keypress: o
267.0167 	Level injecting via pump at address 1 	25
272.9999 	DATA 	Keypress: o
273.0010 	DATA 	Keypress: o
273.0020 	DATA 	Keypress: o
273.0173 	Level WAIT 	25
274.0179 	Level RINSE 	25
275.9996 	DATA 	Keypress: o
276.0177 	Level jitter 	25
277.9944 	Level finished 	25
277.9956 	DATA 	Keypress: o
278.0181 	Level image=waterlogo.jpg 	25
278.9970 	DATA 	Keypress: o
279.0182 	Level injecting via pump at address 0 	25
284.9998 	DATA 	Keypress: o
285.0010 	DATA 	Keypress: o
285.0021 	DATA 	Keypress: o
285.0191 	Level WAIT 	25
286.0189 	Level RINSE 	25
287.9987 	DATA 	Keypress: o
288.0191 	Level jitter 	25
290.9944 	Level finished 	25
290.9958 	DATA 	Keypress: o
290.9970 	DATA 	Keypress: o
291.0195 	Level image=tasty.jpg 	25
292.0197 	Level injecting via pump at address 1 	25
298.0003 	DATA 	Keypress: o
298.0016 	DATA 	Keypress: o
298.0027 	DATA 	Keypress: o
298.0206 	Level WAIT 	25
298.9973 	DATA 	Keypress: o
299.0204 	Level RINSE 	25
301.0000 	DATA 	Keypress: o
301.0206 	Level jitter 	25
302.9944 	Level finished 	25
302.9955 	DATA 	Keypress: o
303.0042 	Level image=waterlogo.jpg 	25
304.0043 	Level injecting via pump at address 0 	25
309.9998 	DATA 	Keypress: o
310.0010 	DATA 	Keypress: o
310.0021 	DATA 	Keypress: o
310.0220 	Level WAIT 	25
310.9973 	DATA 	Keypress: o
311.0218 	Level RINSE 	25
312.9997 	DATA 	Keypress: o
313.0054 	Level jitter 	25
313.9944 	Level finished 	25
314.0222 	Level image=tasty.jpg 	25
314.9968 	DATA 	Keypress: o
315.0223 	Level injecting via pump at address 1 	25
321.0004 	DATA 	Keypress: o
321.0018 	DATA 	Keypress: o
321.0031 	DATA 	Keypress: o
321.0234 	Level WAIT 	25
322.0065 	Level RINSE 	25
323.9988 	DATA 	Keypress: o
324.0233 	Level jitter 	25
325.9944 	Level finished 	25
325.9956 	DATA 	Keypress: o
326.0236 	Level image=waterlogo.jpg 	25
326.9971 	DATA 	Keypress: o
327.0237 	Level injecting via pump at address 0 	25
333.0003 	DATA 	Keypress: o
333.0015 	DATA 	Keypress: o
333.0025 	DATA 	Keypress: o
333.0248 	Level WAIT 	25
334.0245 	Level RINSE 	25
335.9989 	DATA 	Keypress: o
336.0248 	Level jitter 	25
341.9944 	Level finished 	25
341.9957 	DATA 	Keypress: o
341.9969 	DATA 	Keypress: o
341.9981 	DATA 	Keypress: o
342.0254 	Level image=waterlogo.jpg 	25
342.9968 	DATA 	Keypress: o
343.0260 	Level injecting via pump at address 0 	25
348.9990 	DATA 	Keypress: o
349.0001 	DATA 	Keypress: o
349.0011 	DATA 	Keypress: o
349.0263 	Level WAIT 	25
350.0097 	Level RINSE 	25
351.9993 	DATA 	Keypress: o
352.0267 	Level jitter 	25
354.9944 	Level finished 	25
354.9955 	DATA 	Keypress: o
354.9966 	DATA 	Keypress: o
355.0274 	Level image=tasty.jpg 	25
356.0104 	Level injecting via pump at address 1 	25
361.9999 	DATA 	Keypress: o
362.0012 	DATA 	Keypress: o
362.0023 	DATA 	Keypress: o
362.0278 	Level WAIT 	25
362.9968 	DATA 	Keypress: o
363.0112 	Level RINSE 	25
364.9993 	DATA 	Keypress: o
365.0285 	Level jitter 	25
372.9944 	Level finished 	25
372.9957 	DATA 	Keypress: o
372.9968 	DATA 	Keypress: o
372.9982 	DATA 	Keypress: o
372.9994 	DATA 	Keypress: o
373.0291 	Level image=waterlogo.jpg 	25
374.0127 	Level injecting via pump at address 0 	25
379.9995 	DATA 	Keypress: o
380.0008 	DATA 	Keypress: o
380.0020 	DATA 	Keypress: o
380.0304 	Level WAIT 	25
380.9972 	DATA 	Keypress: o
381.0133 	Level RINSE 	25
382.9991 	DATA 	Keypress: o
383.0136 	Level jitter 	25
387.9944 	Level finished 	25
387.9955 	DATA 	Keypress: o
387.9966 	DATA 	Keypress: o
388.0143 	Level image=tasty.jpg 	25
388.9967 	DATA 	Keypress: o
389.0144 	Level injecting via pump at address 1 	25
394.9997 	DATA 	Keypress: o
395.0011 	DATA 	Keypress: o
395.0023 	DATA 	Keypress: o
395.0154 	Level WAIT 	25
396.0151 	Level RINSE 	25
397.9995 	DATA 	Keypress: o
398.0153 	Level jitter 	25
401.9944 	Level finished 	25
401.9956 	DATA 	Keypress: o
401.9967 	DATA 	Keypress: o
402.0325 	Level image=waterlogo.jpg 	25
402.9968 	DATA 	Keypress: o
403.0161 	Level injecting via pump at address 0 	25
408.9998 	DATA 	Keypress: o
409.0009 	DATA 	Keypress: o
409.0018 	DATA 	Keypress: o
409.0170 	Level WAIT 	25
410.0168 	Level RINSE 	25
411.9995 	DATA 	Keypress: o
412.0337 	Level jitter 	25
416.9944 	Level finished 	25
416.9956 	DATA 	Keypress: o
416.9966 	DATA 	Keypress: o
416.9977 	DATA 	Keypress: o
417.0176 	Level image=tasty.jpg 	25
418.0178 	Level injecting via pump at address 1 	25
423.9989 	DATA 	Keypress: o
424.0004 	DATA 	Keypress: o
424.0015 	DATA 	Keypress: o
424.0188 	Level WAIT 	25
424.9970 	DATA 	Keypress: o
425.0019 	Level RINSE 	25
426.9987 	DATA 	Keypress: o
427.0187 	Level jitter 	25
435.9944 	Level finished 	25
435.9956 	DATA 	Keypress: o
435.9966 	DATA 	Keypress: o
435.9978 	DATA 	Keypress: o
435.9990 	DATA 	Keypress: o
436.0202 	Level image=waterlogo.jpg 	25
436.9971 	DATA 	Keypress: o
437.0199 	Level injecting via pump at address 0 	25
442.9998 	DATA 	Keypress: o
443.0011 	DATA 	Keypress: o
443.0024 	DATA 	Keypress: o
443.0205 	Level WAIT 	25
444.0041 	Level RINSE 	25
445.9996 	DATA 	Keypress: o
446.0214 	Level jitter 	25
454.9944 	Level finished 	25
454.9959 	DATA 	Keypress: o
454.9972 	DATA 	Keypress: o
454.9984 	DATA 	Keypress: o
454.9997 	DATA 	Keypress: o
455.0010 	DATA 	Keypress: o
455.0220 	Level image=tasty.jpg 	25
456.0060 	Level injecting via pump at address 1 	25
461.9999 	DATA 	Keypress: o
462.0011 	DATA 	Keypress: o
462.0021 	DATA 	Keypress: o
462.0229 	Level WAIT 	25
462.9970 	DATA 	Keypress: o
463.0062 	Level RINSE 	25
464.9997 	DATA 	Keypress: o
465.0232 	Level jitter 	25
468.9944 	Level finished 	25
468.9958 	DATA 	Keypress: o
468.9970 	DATA 	Keypress: o
469.0241 	Level image=tasty.jpg 	25
470.0073 	Level injecting via pump at address 1 	25
475.9996 	DATA 	Keypress: o
476.0010 	DATA 	Keypress: o
476.0022 	DATA 	Keypress: o
476.0246 	Level WAIT 	25
476.9973 	DATA 	Keypress: o
477.0247 	Level RINSE 	25
478.9994 	DATA 	Keypress: o
479.0085 	Level jitter 	25
481.9944 	Level finished 	25
481.9957 	DATA 	Keypress: o
482.0252 	Level image=waterlogo.jpg 	25
482.9969 	DATA 	Keypress: o
483.0254 	Level injecting via pump at address 0 	25
488.9997 	DATA 	Keypress: o
489.0008 	DATA 	Keypress: o
489.0019 	DATA 	Keypress: o
489.0265 	Level WAIT 	25
490.0262 	Level RINSE 	25
491.9990 	DATA 	Keypress: o
492.0264 	Level jitter 	25
492.9944 	Level finished 	25
492.9957 	DATA 	Keypress: o
493.0265 	Level image=tasty.jpg 	25
494.0100 	Level injecting via pump at address 1 	25
499.9989 	DATA 	Keypress: o
500.0000 	DATA 	Keypress: o
500.0013 	DATA 	Keypress: o
500.0111 	Level WAIT 	25
500.9974 	DATA 	Keypress: o
501.0109 	Level RINSE 	25
502.9988 	DATA 	Keypress: o
503.0109 	Level jitter 	25
509.9944 	Level finished 	25
509.9957 	DATA 	Keypress: o
509.9969 	DATA 	Keypress: o
509.9979 	DATA 	Keypress: o
510.0123 	Level image=waterlogo.jpg 	25
510.9967 	DATA 	Keypress: o
511.0121 	Level injecting via pump at address 0 	25
516.9996 	DATA 	Keypress: o
517.0009 	DATA 	Keypress: o
517.0020 	DATA 	Keypress: o
517.0293 	Level WAIT 	25
518.0127 	Level RINSE 	25
520.0009 	DATA 	Keypress: o
520.0134 	Level jitter 	25
520.9944 	Level finished 	25
520.9955 	DATA 	Keypress: o
521.0298 	Level image=tasty.jpg 	25
522.0132 	Level injecting via pump at address 1 	25
527.9997 	DATA 	Keypress: o
528.0008 	DATA 	Keypress: o
528.0018 	DATA 	Keypress: o
528.0139 	Level WAIT 	25
528.9968 	DATA 	Keypress: o
529.0141 	Level RINSE 	25
530.9995 	DATA 	Keypress: o
531.0147 	Level jitter 	25
536.9944 	Level finished 	25
