88.8863 	DATA 	Keypress: o
88.8871 	Level start key press 	25
90.8913 	DATA 	Keypress: o
92.8914 	DATA 	Keypress: o
94.8916 	DATA 	Keypress: o
96.8918 	DATA 	Keypress: o
97.3897 	Level image=waterlogo.jpg 	25
98.3237 	Level injecting via pump at address 0 	25
104.3112 	DATA 	Keypress: o
104.3125 	DATA 	Keypress: o
104.3137 	DATA 	Keypress: o
104.3406 	Level WAIT 	25
105.3091 	DATA 	Keypress: o
105.3239 	Level RINSE 	25
107.3201 	DATA 	Keypress: o
107.3408 	Level jitter 	25
116.3063 	Level finished 	25
116.3076 	DATA 	Keypress: o
116.3086 	DATA 	Keypress: o
116.3095 	DATA 	Keypress: o
116.3105 	DATA 	Keypress: o
116.3424 	Level image=waterlogo.jpg 	25
117.3086 	DATA 	Keypress: o
117.3254 	Level injecting via pump at address 0 	25
123.3120 	DATA 	Keypress: o
123.3132 	DATA 	Keypress: o
123.3141 	DATA 	Keypress: o
123.3427 	Level WAIT 	25
124.3262 	Level RINSE 	25
126.3108 	DATA 	Keypress: o
126.3268 	Level jitter 	25
131.3063 	Level finished 	25
131.3075 	DATA 	Keypress: o
131.3085 	DATA 	Keypress: o
131.3094 	DATA 	Keypress: o
131.3270 	Level image=tasty.jpg 	25
132.3272 	Level injecting via pump at address 0 	25
138.3107 	DATA 	Keypress: o
138.3119 	DATA 	Keypress: o
138.3130 	DATA 	Keypress: o
138.3282 	Level WAIT 	25
139.3087 	DATA 	Keypress: o
139.3279 	Level RINSE 	25
141.3108 	DATA 	Keypress: o
141.3282 	Level jitter 	25
142.3063 	Level finished 	25
142.3284 	Level image=tasty.jpg 	25
143.3088 	DATA 	Keypress: o
143.3286 	Level injecting via pump at address 1 	25
149.3110 	DATA 	Keypress: o
149.3120 	DATA 	Keypress: o
149.3132 	DATA 	Keypress: o
149.3294 	Level WAIT 	25
150.3292 	Level RINSE 	25
152.3115 	DATA 	Keypress: o
152.3294 	Level jitter 	25
157.3063 	Level finished 	25
157.3075 	DATA 	Keypress: o
157.3086 	DATA 	Keypress: o
157.3098 	DATA 	Keypress: o
157.3301 	Level image=tasty.jpg 	25
158.3135 	Level injecting via pump at address 0 	25
164.3113 	DATA 	Keypress: o
164.3125 	DATA 	Keypress: o
164.3134 	DATA 	Keypress: o
164.3312 	Level WAIT 	25
165.3089 	DATA 	Keypress: o
165.3310 	Level RINSE 	25
167.3110 	DATA 	Keypress: o
167.3312 	Level jitter 	25
171.3063 	Level finished 	25
171.3078 	DATA 	Keypress: o
171.3089 	DATA 	Keypress: o
171.3318 	Level image=waterlogo.jpg 	25
172.3319 	Level injecting via pump at address 0 	25
178.3115 	DATA 	Keypress: o
178.3127 	DATA 	Keypress: o
178.3139 	DATA 	Keypress: o
178.3328 	Level WAIT 	25
179.3090 	DATA 	Keypress: o
179.3326 	Level RINSE 	25
181.3118 	DATA 	Keypress: o
181.3328 	Level jitter 	25
183.3063 	Level finished 	25
183.3075 	DATA 	Keypress: o
183.3165 	Level image=tasty.jpg 	25
184.3166 	Level injecting via pump at address 0 	25
190.3107 	DATA 	Keypress: o
190.3118 	DATA 	Keypress: o
190.3130 	DATA 	Keypress: o
190.3342 	Level WAIT 	25
191.3085 	DATA 	Keypress: o
191.3340 	Level RINSE 	25
193.3107 	DATA 	Keypress: o
193.3176 	Level jitter 	25
201.3063 	Level finished 	25
201.3075 	DATA 	Keypress: o
201.3085 	DATA 	Keypress: o
201.3096 	DATA 	Keypress: o
201.3107 	DATA 	Keypress: o
201.3356 	Level image=waterlogo.jpg 	25
202.3187 	Level injecting via pump at address 0 	25
208.3112 	DATA 	Keypress: o
208.3124 	DATA 	Keypress: o
208.3133 	DATA 	Keypress: o
208.3192 	Level WAIT 	25
209.3091 	DATA 	Keypress: o
209.3195 	Level RINSE 	25
211.3110 	DATA 	Keypress: o
211.3201 	Level jitter 	25
216.3063 	Level finished 	25
216.3076 	DATA 	Keypress: o
216.3088 	DATA 	Keypress: o
216.3370 	Level image=tasty.jpg 	25
217.3087 	DATA 	Keypress: o
217.3371 	Level injecting via pump at address 1 	25
223.3119 	DATA 	Keypress: o
223.3131 	DATA 	Keypress: o
223.3143 	DATA 	Keypress: o
223.3381 	Level WAIT 	25
224.3213 	Level RINSE 	25
226.3113 	DATA 	Keypress: o
226.3380 	Level jitter 	25
228.3063 	Level finished 	25
228.3075 	DATA 	Keypress: o
228.3216 	Level image=tasty.jpg 	25
229.3089 	DATA 	Keypress: o
229.3386 	Level injecting via pump at address 0 	25
235.3115 	DATA 	Keypress: o
235.3126 	DATA 	Keypress: o
235.3136 	DATA 	Keypress: o
235.3395 	Level WAIT 	25
236.3226 	Level RINSE 	25
238.3107 	DATA 	Keypress: o
238.3395 	Level jitter 	25
241.3063 	Level finished 	25
241.3075 	DATA 	Keypress: o
241.3085 	DATA 	Keypress: o
241.3399 	Level image=waterlogo.jpg 	25
242.3401 	Level injecting via pump at address 0 	25
248.3115 	DATA 	Keypress: o
248.3128 	DATA 	Keypress: o
248.3140 	DATA 	Keypress: o
248.3410 	Level WAIT 	25
249.3087 	DATA 	Keypress: o
249.3241 	Level RINSE 	25
251.3120 	DATA 	Keypress: o
251.3410 	Level jitter 	25
259.3063 	Level finished 	25
259.3075 	DATA 	Keypress: o
259.3087 	DATA 	Keypress: o
259.3099 	DATA 	Keypress: o
259.3110 	DATA 	Keypress: o
259.3256 	Level image=tasty.jpg 	25
260.3254 	Level injecting via pump at address 0 	25
266.3109 	DATA 	Keypress: o
266.3119 	DATA 	Keypress: o
266.3129 	DATA 	Keypress: o
266.3261 	Level WAIT 	25
267.3089 	DATA 	Keypress: o
267.3429 	Level RINSE 	25
269.3109 	DATA 	Keypress: o
269.3268 	Level jitter 	25
271.3063 	Level finished 	25
271.3075 	DATA 	Keypress: o
271.3267 	Level image=tasty.jpg 	25
272.3268 	Level injecting via pump at address 1 	25
278.3110 	DATA 	Keypress: o
278.3120 	DATA 	Keypress: o
278.3129 	DATA 	Keypress: o
278.3274 	Level WAIT 	25
279.3090 	DATA 	Keypress: o
279.3281 	Level RINSE 	25
281.3116 	DATA 	Keypress: o
281.3279 	Level jitter 	25
290.3063 	Level finished 	25
290.3075 	DATA 	Keypress: o
290.3085 	DATA 	Keypress: o
290.3094 	DATA 	Keypress: o
290.3102 	DATA 	Keypress: o
290.3293 	Level image=waterlogo.jpg 	25
291.3087 	DATA 	Keypress: o
291.3290 	Level injecting via pump at address 0 	25
297.3117 	DATA 	Keypress: o
297.3127 	DATA 	Keypress: o
297.3136 	DATA 	Keypress: o
297.3298 	Level WAIT 	25
298.3299 	Level RINSE 	25
300.3115 	DATA 	Keypress: o
300.3304 	Level jitter 	25
308.3063 	Level finished 	25
308.3076 	DATA 	Keypress: o
308.3089 	DATA 	Keypress: o
308.3101 	DATA 	Keypress: o
308.3112 	DATA 	Keypress: o
308.3310 	Level image=tasty.jpg 	25
309.3089 	DATA 	Keypress: o
309.3312 	Level injecting via pump at address 0 	25
315.3117 	DATA 	Keypress: o
315.3130 	DATA 	Keypress: o
315.3141 	DATA 	Keypress: o
315.3321 	Level WAIT 	25
316.3319 	Level RINSE 	25
318.3106 	DATA 	Keypress: o
318.3321 	Level jitter 	25
320.3063 	Level finished 	25
320.3076 	DATA 	Keypress: o
320.3324 	Level image=waterlogo.jpg 	25
321.3087 	DATA 	Keypress: o
321.3160 	Level injecting via pump at address 0 	25
327.3107 	DATA 	Keypress: o
327.3119 	DATA 	Keypress: o
327.3131 	DATA 	Keypress: o
327.3336 	Level WAIT 	25
328.3333 	Level RINSE 	25
330.3110 	DATA 	Keypress: o
330.3168 	Level jitter 	25
337.3063 	Level finished 	25
337.3076 	DATA 	Keypress: o
337.3087 	DATA 	Keypress: o
337.3096 	DATA 	Keypress: o
337.3105 	DATA 	Keypress: o
337.3347 	Level image=tasty.jpg 	25
338.3346 	Level injecting via pump at address 1 	25
344.3120 	DATA 	Keypress: o
344.3133 	DATA 	Keypress: o
344.3144 	DATA 	Keypress: o
344.3352 	Level WAIT 	25
345.3091 	DATA 	Keypress: o
345.3353 	Level RINSE 	25
347.3114 	DATA 	Keypress: o
347.3359 	Level jitter 	25
352.3063 	Level finished 	25
352.3075 	DATA 	Keypress: o
352.3085 	DATA 	Keypress: o
352.3195 	Level image=tasty.jpg 	25
353.3091 	DATA 	Keypress: o
353.3196 	Level injecting via pump at address 0 	25
359.3117 	DATA 	Keypress: o
359.3129 	DATA 	Keypress: o
359.3139 	DATA 	Keypress: o
359.3373 	Level WAIT 	25
360.3371 	Level RINSE 	25
362.3115 	DATA 	Keypress: o
362.3206 	Level jitter 	25
364.3063 	Level finished 	25
364.3074 	DATA 	Keypress: o
364.3209 	Level image=tasty.jpg 	25
365.3092 	DATA 	Keypress: o
365.3211 	Level injecting via pump at address 1 	25
371.3120 	DATA 	Keypress: o
371.3132 	DATA 	Keypress: o
371.3144 	DATA 	Keypress: o
371.3220 	Level WAIT 	25
372.3217 	Level RINSE 	25
374.3114 	DATA 	Keypress: o
374.3220 	Level jitter 	25
377.3063 	Level finished 	25
377.3076 	DATA 	Keypress: o
377.3087 	DATA 	Keypress: o
377.3224 	Level image=tasty.jpg 	25
378.3226 	Level injecting via pump at address 0 	25
384.3109 	DATA 	Keypress: o
384.3119 	DATA 	Keypress: o
384.3128 	DATA 	Keypress: o
384.3235 	Level WAIT 	25
385.3088 	DATA 	Keypress: o
385.3233 	Level RINSE 	25
387.3109 	DATA 	Keypress: o
387.3235 	Level jitter 	25
389.3063 	Level finished 	25
389.3075 	DATA 	Keypress: o
389.3238 	Level image=tasty.jpg 	25
390.3240 	Level injecting via pump at address 1 	25
396.3115 	DATA 	Keypress: o
396.3127 	DATA 	Keypress: o
396.3139 	DATA 	Keypress: o
396.3250 	Level WAIT 	25
397.3087 	DATA 	Keypress: o
397.3247 	Level RINSE 	25
399.3119 	DATA 	Keypress: o
399.3250 	Level jitter 	25
403.3063 	Level finished 	25
403.3076 	DATA 	Keypress: o
403.3086 	DATA 	Keypress: o
403.3254 	Level image=tasty.jpg 	25
404.3255 	Level injecting via pump at address 0 	25
410.3117 	DATA 	Keypress: o
410.3129 	DATA 	Keypress: o
410.3141 	DATA 	Keypress: o
410.3433 	Level WAIT 	25
411.3092 	DATA 	Keypress: o
411.3263 	Level RINSE 	25
413.3114 	DATA 	Keypress: o
413.3265 	Level jitter 	25
415.3063 	Level finished 	25
415.3075 	DATA 	Keypress: o
415.3268 	Level image=tasty.jpg 	25
416.3269 	Level injecting via pump at address 1 	25
422.3115 	DATA 	Keypress: o
422.3127 	DATA 	Keypress: o
422.3137 	DATA 	Keypress: o
422.3281 	Level WAIT 	25
423.3087 	DATA 	Keypress: o
423.3279 	Level RINSE 	25
425.3107 	DATA 	Keypress: o
425.3279 	Level jitter 	25
433.3063 	Level finished 	25
433.3075 	DATA 	Keypress: o
433.3084 	DATA 	Keypress: o
433.3095 	DATA 	Keypress: o
433.3106 	DATA 	Keypress: o
433.3293 	Level image=tasty.jpg 	25
434.3291 	Level injecting via pump at address 0 	25
440.3122 	DATA 	Keypress: o
440.3135 	DATA 	Keypress: o
440.3147 	DATA 	Keypress: o
440.3297 	Level WAIT 	25
441.3088 	DATA 	Keypress: o
441.3299 	Level RINSE 	25
443.3117 	DATA 	Keypress: o
443.3305 	Level jitter 	25
450.3063 	Level finished 	25
