85.0609 	DATA 	Keypress: o
85.0619 	Level start key press 	25
87.0725 	DATA 	Keypress: o
89.0726 	DATA 	Keypress: o
91.0730 	DATA 	Keypress: o
93.0733 	DATA 	Keypress: o
93.4710 	Level image=waterlogo.jpg 	25
94.4047 	Level injecting via pump at address 0 	25
100.3928 	DATA 	Keypress: o
100.3939 	DATA 	Keypress: o
100.3949 	DATA 	Keypress: o
100.4050 	Level WAIT 	25
101.3898 	DATA 	Keypress: o
101.4051 	Level RINSE 	25
103.4006 	DATA 	Keypress: o
103.4054 	Level jitter 	25
109.3875 	Level finished 	25
109.3888 	DATA 	Keypress: o
109.3900 	DATA 	Keypress: o
109.3912 	DATA 	Keypress: o
109.4065 	Level image=tasty.jpg 	25
110.4062 	Level injecting via pump at address 1 	25
116.3925 	DATA 	Keypress: o
116.3937 	DATA 	Keypress: o
116.3948 	DATA 	Keypress: o
116.4069 	Level WAIT 	25
117.3902 	DATA 	Keypress: o
117.4071 	Level RINSE 	25
119.3926 	DATA 	Keypress: o
119.4076 	Level jitter 	25
125.3875 	Level finished 	25
125.3889 	DATA 	Keypress: o
125.3902 	DATA 	Keypress: o
125.3912 	DATA 	Keypress: o
125.4079 	Level image=tasty.jpg 	25
126.4081 	Level injecting via pump at address 1 	25
132.3927 	DATA 	Keypress: o
132.3938 	DATA 	Keypress: o
132.3946 	DATA 	Keypress: o
132.4092 	Level WAIT 	25
133.3902 	DATA 	Keypress: o
133.4090 	Level RINSE 	25
135.3925 	DATA 	Keypress: o
135.4091 	Level jitter 	25
137.3875 	Level finished 	25
137.3887 	DATA 	Keypress: o
137.4262 	Level image=waterlogo.jpg 	25
138.4095 	Level injecting via pump at address 0 	25
144.3930 	DATA 	Keypress: o
144.3941 	DATA 	Keypress: o
144.3950 	DATA 	Keypress: o
144.4106 	Level WAIT 	25
145.3904 	DATA 	Keypress: o
145.4103 	Level RINSE 	25
147.3918 	DATA 	Keypress: o
147.4106 	Level jitter 	25
153.3875 	Level finished 	25
153.3888 	DATA 	Keypress: o
153.3899 	DATA 	Keypress: o
153.3909 	DATA 	Keypress: o
153.4112 	Level image=tasty.jpg 	25
154.4117 	Level injecting via pump at address 1 	25
160.3924 	DATA 	Keypress: o
160.3936 	DATA 	Keypress: o
160.3945 	DATA 	Keypress: o
160.4121 	Level WAIT 	25
161.3906 	DATA 	Keypress: o
161.4123 	Level RINSE 	25
163.3925 	DATA 	Keypress: o
163.4124 	Level jitter 	25
168.3875 	Level finished 	25
168.3888 	DATA 	Keypress: o
168.3899 	DATA 	Keypress: o
168.4134 	Level image=waterlogo.jpg 	25
169.3902 	DATA 	Keypress: o
169.3965 	Level injecting via pump at address 0 	25
175.3923 	DATA 	Keypress: o
175.3936 	DATA 	Keypress: o
175.3949 	DATA 	Keypress: o
175.4138 	Level WAIT 	25
176.4140 	Level RINSE 	25
178.3927 	DATA 	Keypress: o
178.3978 	Level jitter 	25
183.3875 	Level finished 	25
183.3886 	DATA 	Keypress: o
183.3896 	DATA 	Keypress: o
183.3906 	DATA 	Keypress: o
183.4147 	Level image=tasty.jpg 	25
184.3982 	Level injecting via pump at address 1 	25
190.3929 	DATA 	Keypress: o
190.3941 	DATA 	Keypress: o
190.3953 	DATA 	Keypress: o
190.4160 	Level WAIT 	25
191.3904 	DATA 	Keypress: o
191.3990 	Level RINSE 	25
193.3920 	DATA 	Keypress: o
193.4159 	Level jitter 	25
199.3875 	Level finished 	25
199.3890 	DATA 	Keypress: o
199.3903 	DATA 	Keypress: o
199.3915 	DATA 	Keypress: o
199.4166 	Level image=waterlogo.jpg 	25
200.4006 	Level injecting via pump at address 0 	25
206.3932 	DATA 	Keypress: o
206.3945 	DATA 	Keypress: o
206.3955 	DATA 	Keypress: o
206.4007 	Level WAIT 	25
207.3899 	DATA 	Keypress: o
207.4009 	Level RINSE 	25
209.3920 	DATA 	Keypress: o
209.4011 	Level jitter 	25
212.3875 	Level finished 	25
212.3888 	DATA 	Keypress: o
212.4019 	Level image=tasty.jpg 	25
213.3904 	DATA 	Keypress: o
213.4017 	Level injecting via pump at address 1 	25
219.3930 	DATA 	Keypress: o
219.3942 	DATA 	Keypress: o
219.3953 	DATA 	Keypress: o
219.4023 	Level WAIT 	25
220.4024 	Level RINSE 	25
222.3923 	DATA 	Keypress: o
222.4030 	Level jitter 	25
230.3875 	Level finished 	25
230.3888 	DATA 	Keypress: o
230.3900 	DATA 	Keypress: o
230.3910 	DATA 	Keypress: o
230.3920 	DATA 	Keypress: o
230.4203 	Level image=waterlogo.jpg 	25
231.3898 	DATA 	Keypress: o
231.4037 	Level injecting via pump at address 0 	25
237.3926 	DATA 	Keypress: o
237.3938 	DATA 	Keypress: o
237.3948 	DATA 	Keypress: o
237.4048 	Level WAIT 	25
238.4045 	Level RINSE 	25
240.3928 	DATA 	Keypress: o
240.4047 	Level jitter 	25
242.3875 	Level finished 	25
242.3887 	DATA 	Keypress: o
242.4217 	Level image=tasty.jpg 	25
243.3904 	DATA 	Keypress: o
243.4218 	Level injecting via pump at address 1 	25
249.3923 	DATA 	Keypress: o
249.3935 	DATA 	Keypress: o
249.3943 	DATA 	Keypress: o
249.4229 	Level WAIT 	25
250.4059 	Level RINSE 	25
252.3932 	DATA 	Keypress: o
252.4228 	Level jitter 	25
261.3875 	Level finished 	25
261.3888 	DATA 	Keypress: o
261.3902 	DATA 	Keypress: o
261.3913 	DATA 	Keypress: o
261.3923 	DATA 	Keypress: o
261.3932 	DATA 	Keypress: o
261.4243 	Level image=waterlogo.jpg 	25
262.3907 	Level injecting via pump at address 0 	25
268.3924 	DATA 	Keypress: o
268.3935 	DATA 	Keypress: o
268.3945 	DATA 	Keypress: o
268.4247 	Level WAIT 	25
269.3902 	DATA 	Keypress: o
269.4082 	Level RINSE 	25
271.3920 	DATA 	Keypress: o
271.4254 	Level jitter 	25
273.3875 	Level finished 	25
273.3887 	DATA 	Keypress: o
273.4087 	Level image=tasty.jpg 	25
274.4088 	Level injecting via pump at address 1 	25
280.3923 	DATA 	Keypress: o
280.3934 	DATA 	Keypress: o
280.3944 	DATA 	Keypress: o
280.4094 	Level WAIT 	25
281.3905 	DATA 	Keypress: o
281.4100 	Level RINSE 	25
283.3918 	DATA 	Keypress: o
283.4097 	Level jitter 	25
286.3875 	Level finished 	25
286.3888 	DATA 	Keypress: o
286.4102 	Level image=waterlogo.jpg 	25
287.3900 	DATA 	Keypress: o
287.3936 	Level injecting via pump at address 0 	25
293.3930 	DATA 	Keypress: o
293.3941 	DATA 	Keypress: o
293.3950 	DATA 	Keypress: o
293.4281 	Level WAIT 	25
294.4111 	Level RINSE 	25
296.3928 	DATA 	Keypress: o
296.4113 	Level jitter 	25
300.3875 	Level finished 	25
300.3888 	DATA 	Keypress: o
300.3901 	DATA 	Keypress: o
300.4118 	Level image=tasty.jpg 	25
301.3902 	DATA 	Keypress: o
301.4120 	Level injecting via pump at address 1 	25
307.3933 	DATA 	Keypress: o
307.3946 	DATA 	Keypress: o
307.3959 	DATA 	Keypress: o
307.4130 	Level WAIT 	25
308.4127 	Level RINSE 	25
310.3928 	DATA 	Keypress: o
310.4129 	Level jitter 	25
311.3875 	Level finished 	25
311.3885 	DATA 	Keypress: o
311.4131 	Level image=waterlogo.jpg 	25
312.3966 	Level injecting via pump at address 0 	25
318.3925 	DATA 	Keypress: o
318.3936 	DATA 	Keypress: o
318.3948 	DATA 	Keypress: o
318.4143 	Level WAIT 	25
319.3902 	DATA 	Keypress: o
319.3973 	Level RINSE 	25
321.3935 	DATA 	Keypress: o
321.4142 	Level jitter 	25
324.3875 	Level finished 	25
324.3887 	DATA 	Keypress: o
324.4146 	Level image=tasty.jpg 	25
325.3904 	DATA 	Keypress: o
325.3982 	Level injecting via pump at address 1 	25
331.3929 	DATA 	Keypress: o
331.3942 	DATA 	Keypress: o
331.3954 	DATA 	Keypress: o
331.4159 	Level WAIT 	25
332.3988 	Level RINSE 	25
334.3920 	DATA 	Keypress: o
334.3990 	Level jitter 	25
342.3875 	Level finished 	25
342.3890 	DATA 	Keypress: o
342.3903 	DATA 	Keypress: o
342.3913 	DATA 	Keypress: o
342.3923 	DATA 	Keypress: o
342.4170 	Level image=tasty.jpg 	25
343.3902 	DATA 	Keypress: o
343.4002 	Level injecting via pump at address 1 	25
349.3931 	DATA 	Keypress: o
349.3945 	DATA 	Keypress: o
349.3957 	DATA 	Keypress: o
349.4175 	Level WAIT 	25
350.4010 	Level RINSE 	25
352.3928 	DATA 	Keypress: o
352.4182 	Level jitter 	25
356.3875 	Level finished 	25
356.3889 	DATA 	Keypress: o
356.3902 	DATA 	Keypress: o
356.4017 	Level image=waterlogo.jpg 	25
357.3902 	DATA 	Keypress: o
357.4018 	Level injecting via pump at address 0 	25
363.3933 	DATA 	Keypress: o
363.3945 	DATA 	Keypress: o
363.3956 	DATA 	Keypress: o
363.4195 	Level WAIT 	25
364.4026 	Level RINSE 	25
366.3924 	DATA 	Keypress: o
366.4028 	Level jitter 	25
369.3875 	Level finished 	25
369.3889 	DATA 	Keypress: o
369.3904 	DATA 	Keypress: o
369.4033 	Level image=tasty.jpg 	25
370.4034 	Level injecting via pump at address 1 	25
376.3937 	DATA 	Keypress: o
376.3953 	DATA 	Keypress: o
376.3969 	DATA 	Keypress: o
376.4210 	Level WAIT 	25
377.3899 	DATA 	Keypress: o
377.4208 	Level RINSE 	25
379.3928 	DATA 	Keypress: o
379.4043 	Level jitter 	25
384.3875 	Level finished 	25
384.3891 	DATA 	Keypress: o
384.3903 	DATA 	Keypress: o
384.4051 	Level image=waterlogo.jpg 	25
385.3903 	DATA 	Keypress: o
385.4052 	Level injecting via pump at address 0 	25
391.3919 	DATA 	Keypress: o
391.3929 	DATA 	Keypress: o
391.3939 	DATA 	Keypress: o
391.4061 	Level WAIT 	25
392.4059 	Level RINSE 	25
394.3927 	DATA 	Keypress: o
394.4061 	Level jitter 	25
399.3875 	Level finished 	25
399.3890 	DATA 	Keypress: o
399.3907 	DATA 	Keypress: o
399.3919 	DATA 	Keypress: o
399.4234 	Level image=waterlogo.jpg 	25
400.4068 	Level injecting via pump at address 0 	25
406.3930 	DATA 	Keypress: o
406.3944 	DATA 	Keypress: o
406.3957 	DATA 	Keypress: o
406.4079 	Level WAIT 	25
407.3902 	DATA 	Keypress: o
407.4077 	Level RINSE 	25
409.3924 	DATA 	Keypress: o
409.4078 	Level jitter 	25
418.3875 	Level finished 	25
418.3889 	DATA 	Keypress: o
418.3901 	DATA 	Keypress: o
418.3911 	DATA 	Keypress: o
418.3920 	DATA 	Keypress: o
418.4094 	Level image=tasty.jpg 	25
419.3902 	DATA 	Keypress: o
419.4091 	Level injecting via pump at address 1 	25
425.3927 	DATA 	Keypress: o
425.3939 	DATA 	Keypress: o
425.3949 	DATA 	Keypress: o
425.4097 	Level WAIT 	25
426.4099 	Level RINSE 	25
428.3931 	DATA 	Keypress: o
428.4106 	Level jitter 	25
430.3875 	Level finished 	25
430.3888 	DATA 	Keypress: o
430.4271 	Level image=waterlogo.jpg 	25
431.3902 	DATA 	Keypress: o
431.4104 	Level injecting via pump at address 0 	25
437.3932 	DATA 	Keypress: o
437.3946 	DATA 	Keypress: o
437.3960 	DATA 	Keypress: o
437.4111 	Level WAIT 	25
438.4118 	Level RINSE 	25
440.3927 	DATA 	Keypress: o
440.4115 	Level jitter 	25
443.3875 	Level finished 	25
443.3889 	DATA 	Keypress: o
443.3902 	DATA 	Keypress: o
443.4120 	Level image=waterlogo.jpg 	25
444.4120 	Level injecting via pump at address 0 	25
450.3928 	DATA 	Keypress: o
450.3938 	DATA 	Keypress: o
450.3947 	DATA 	Keypress: o
450.4130 	Level WAIT 	25
451.3901 	DATA 	Keypress: o
451.4128 	Level RINSE 	25
453.3926 	DATA 	Keypress: o
453.4130 	Level jitter 	25
458.3875 	Level finished 	25
458.3890 	DATA 	Keypress: o
458.3906 	DATA 	Keypress: o
458.4136 	Level image=tasty.jpg 	25
459.3898 	DATA 	Keypress: o
459.3971 	Level injecting via pump at address 1 	25
465.3925 	DATA 	Keypress: o
465.3937 	DATA 	Keypress: o
465.3947 	DATA 	Keypress: o
465.3982 	Level WAIT 	25
466.3980 	Level RINSE 	25
468.3932 	DATA 	Keypress: o
468.3981 	Level jitter 	25
470.3875 	Level finished 	25
470.3887 	DATA 	Keypress: o
470.4151 	Level image=tasty.jpg 	25
471.3901 	DATA 	Keypress: o
471.3985 	Level injecting via pump at address 1 	25
477.3930 	DATA 	Keypress: o
477.3942 	DATA 	Keypress: o
477.3953 	DATA 	Keypress: o
477.4162 	Level WAIT 	25
478.3993 	Level RINSE 	25
480.3921 	DATA 	Keypress: o
480.4162 	Level jitter 	25
487.3875 	Level finished 	25
487.3888 	DATA 	Keypress: o
487.3901 	DATA 	Keypress: o
487.3911 	DATA 	Keypress: o
487.3921 	DATA 	Keypress: o
487.4174 	Level image=waterlogo.jpg 	25
488.4005 	Level injecting via pump at address 0 	25
494.3922 	DATA 	Keypress: o
494.3932 	DATA 	Keypress: o
494.3941 	DATA 	Keypress: o
494.4178 	Level WAIT 	25
495.3901 	DATA 	Keypress: o
495.4179 	Level RINSE 	25
497.3929 	DATA 	Keypress: o
497.4019 	Level jitter 	25
500.3875 	Level finished 	25
500.3889 	DATA 	Keypress: o
500.4019 	Level image=tasty.jpg 	25
501.3902 	DATA 	Keypress: o
501.4187 	Level injecting via pump at address 1 	25
507.3938 	DATA 	Keypress: o
507.3952 	DATA 	Keypress: o
507.3966 	DATA 	Keypress: o
507.4197 	Level WAIT 	25
508.4195 	Level RINSE 	25
510.3926 	DATA 	Keypress: o
510.4031 	Level jitter 	25
512.3875 	Level finished 	25
512.3888 	DATA 	Keypress: o
512.4033 	Level image=waterlogo.jpg 	25
513.3899 	DATA 	Keypress: o
513.4034 	Level injecting via pump at address 0 	25
519.3931 	DATA 	Keypress: o
519.3945 	DATA 	Keypress: o
519.3957 	DATA 	Keypress: o
519.4045 	Level WAIT 	25
520.4042 	Level RINSE 	25
522.3932 	DATA 	Keypress: o
522.4044 	Level jitter 	25
530.3875 	Level finished 	25
530.3891 	DATA 	Keypress: o
530.3905 	DATA 	Keypress: o
530.3917 	DATA 	Keypress: o
530.3929 	DATA 	Keypress: o
530.4225 	Level image=tasty.jpg 	25
531.3902 	DATA 	Keypress: o
531.4055 	Level injecting via pump at address 1 	25
537.3934 	DATA 	Keypress: o
537.3947 	DATA 	Keypress: o
537.3960 	DATA 	Keypress: o
537.4062 	Level WAIT 	25
538.4064 	Level RINSE 	25
540.3941 	DATA 	Keypress: o
540.4069 	Level jitter 	25
542.3875 	Level finished 	25
542.3887 	DATA 	Keypress: o
542.4236 	Level image=waterlogo.jpg 	25
543.3902 	DATA 	Keypress: o
543.4070 	Level injecting via pump at address 0 	25
549.3930 	DATA 	Keypress: o
549.3943 	DATA 	Keypress: o
549.3955 	DATA 	Keypress: o
549.4076 	Level WAIT 	25
550.4082 	Level RINSE 	25
552.3927 	DATA 	Keypress: o
552.4246 	Level jitter 	25
559.3875 	Level finished 	25
