144.3689 	DATA 	Keypress: o
144.3697 	Level start key press 	25
146.3708 	DATA 	Keypress: o
148.3709 	DATA 	Keypress: o
150.3710 	DATA 	Keypress: o
152.3713 	DATA 	Keypress: o
152.9359 	Level image=waterlogo.jpg 	25
153.8860 	Level injecting via pump at address 0 	25
159.8581 	DATA 	Keypress: o
159.8593 	DATA 	Keypress: o
159.8608 	DATA 	Keypress: o
159.8869 	Level WAIT 	25
160.8550 	DATA 	Keypress: o
160.8701 	Level RINSE 	25
162.8661 	DATA 	Keypress: o
162.8869 	Level jitter 	25
168.8524 	Level finished 	25
168.8537 	DATA 	Keypress: o
168.8546 	DATA 	Keypress: o
168.8556 	DATA 	Keypress: o
168.8877 	Level image=tasty.jpg 	25
169.8715 	Level injecting via pump at address 1 	25
175.8577 	DATA 	Keypress: o
175.8589 	DATA 	Keypress: o
175.8599 	DATA 	Keypress: o
175.8884 	Level WAIT 	25
176.8550 	DATA 	Keypress: o
176.8720 	Level RINSE 	25
178.8570 	DATA 	Keypress: o
178.8888 	Level jitter 	25
184.8524 	Level finished 	25
184.8536 	DATA 	Keypress: o
184.8548 	DATA 	Keypress: o
184.8557 	DATA 	Keypress: o
184.8900 	Level image=tasty.jpg 	25
185.8729 	Level injecting via pump at address 1 	25
191.8580 	DATA 	Keypress: o
191.8594 	DATA 	Keypress: o
191.8606 	DATA 	Keypress: o
191.8737 	Level WAIT 	25
192.8552 	DATA 	Keypress: o
192.8738 	Level RINSE 	25
194.8568 	DATA 	Keypress: o
194.8743 	Level jitter 	25
196.8524 	Level finished 	25
196.8536 	DATA 	Keypress: o
196.8743 	Level image=waterlogo.jpg 	25
197.8577 	Level injecting via pump at address 0 	25
203.8578 	DATA 	Keypress: o
203.8590 	DATA 	Keypress: o
203.8602 	DATA 	Keypress: o
203.8917 	Level WAIT 	25
204.8552 	DATA 	Keypress: o
204.8757 	Level RINSE 	25
206.8569 	DATA 	Keypress: o
206.8755 	Level jitter 	25
212.8524 	Level finished 	25
212.8537 	DATA 	Keypress: o
212.8548 	DATA 	Keypress: o
212.8559 	DATA 	Keypress: o
212.8928 	Level image=tasty.jpg 	25
213.8596 	Level injecting via pump at address 1 	25
219.8582 	DATA 	Keypress: o
219.8595 	DATA 	Keypress: o
219.8607 	DATA 	Keypress: o
219.8774 	Level WAIT 	25
220.8550 	DATA 	Keypress: o
220.8772 	Level RINSE 	25
222.8574 	DATA 	Keypress: o
222.8606 	Level jitter 	25
227.8524 	Level finished 	25
227.8536 	DATA 	Keypress: o
227.8546 	DATA 	Keypress: o
227.8778 	Level image=waterlogo.jpg 	25
228.8549 	DATA 	Keypress: o
228.8780 	Level injecting via pump at address 0 	25
234.8579 	DATA 	Keypress: o
234.8592 	DATA 	Keypress: o
234.8604 	DATA 	Keypress: o
234.8791 	Level WAIT 	25
235.8621 	Level RINSE 	25
237.8575 	DATA 	Keypress: o
237.8790 	Level jitter 	25
242.8524 	Level finished 	25
242.8536 	DATA 	Keypress: o
242.8546 	DATA 	Keypress: o
242.8556 	DATA 	Keypress: o
242.8797 	Level image=tasty.jpg 	25
243.8798 	Level injecting via pump at address 1 	25
249.8571 	DATA 	Keypress: o
249.8582 	DATA 	Keypress: o
249.8593 	DATA 	Keypress: o
249.8809 	Level WAIT 	25
250.8552 	DATA 	Keypress: o
250.8639 	Level RINSE 	25
252.8570 	DATA 	Keypress: o
252.8808 	Level jitter 	25
258.8524 	Level finished 	25
258.8536 	DATA 	Keypress: o
258.8546 	DATA 	Keypress: o
258.8556 	DATA 	Keypress: o
258.8815 	Level image=waterlogo.jpg 	25
259.8821 	Level injecting via pump at address 0 	25
265.8569 	DATA 	Keypress: 1
265.8581 	DATA 	Keypress: o
265.8593 	DATA 	Keypress: o
265.8604 	DATA 	Keypress: o
265.8823 	Level WAIT 	25
266.8554 	DATA 	Keypress: o
266.8658 	Level RINSE 	25
268.8578 	DATA 	Keypress: o
268.8827 	Level jitter 	25
271.8524 	Level finished 	25
271.8536 	DATA 	Keypress: o
271.8835 	Level image=tasty.jpg 	25
272.8550 	DATA 	Keypress: o
272.8666 	Level injecting via pump at address 1 	25
278.8577 	DATA 	Keypress: o
278.8588 	DATA 	Keypress: o
278.8597 	DATA 	Keypress: o
278.8840 	Level WAIT 	25
279.8673 	Level RINSE 	25
281.8577 	DATA 	Keypress: o
281.8845 	Level jitter 	25
289.8524 	Level finished 	25
289.8537 	DATA 	Keypress: o
289.8547 	DATA 	Keypress: o
289.8556 	DATA 	Keypress: o
289.8565 	DATA 	Keypress: o
289.8851 	Level image=waterlogo.jpg 	25
290.8552 	DATA 	Keypress: o
290.8853 	Level injecting via pump at address 0 	25
296.8579 	DATA 	Keypress: o
296.8592 	DATA 	Keypress: o
296.8604 	DATA 	Keypress: o
296.8862 	Level WAIT 	25
297.8694 	Level RINSE 	25
299.8577 	DATA 	Keypress: o
299.8863 	Level jitter 	25
301.8524 	Level finished 	25
301.8535 	DATA 	Keypress: o
301.8699 	Level image=tasty.jpg 	25
302.8551 	DATA 	Keypress: o
302.8701 	Level injecting via pump at address 1 	25
308.8575 	DATA 	Keypress: o
308.8585 	DATA 	Keypress: o
308.8594 	DATA 	Keypress: o
308.8877 	Level WAIT 	25
309.8708 	Level RINSE 	25
311.8572 	DATA 	Keypress: o
311.8710 	Level jitter 	25
320.8524 	Level finished 	25
320.8538 	DATA 	Keypress: o
320.8551 	DATA 	Keypress: o
320.8563 	DATA 	Keypress: o
320.8575 	DATA 	Keypress: o
320.8587 	DATA 	Keypress: o
320.8893 	Level image=waterlogo.jpg 	25
321.8722 	Level injecting via pump at address 0 	25
327.8574 	DATA 	Keypress: o
327.8586 	DATA 	Keypress: o
327.8597 	DATA 	Keypress: o
327.8729 	Level WAIT 	25
328.8553 	DATA 	Keypress: o
328.8731 	Level RINSE 	25
330.8577 	DATA 	Keypress: o
330.8737 	Level jitter 	25
332.8524 	Level finished 	25
332.8536 	DATA 	Keypress: o
332.8736 	Level image=tasty.jpg 	25
333.8736 	Level injecting via pump at address 1 	25
339.8577 	DATA 	Keypress: o
339.8590 	DATA 	Keypress: o
339.8601 	DATA 	Keypress: o
339.8743 	Level WAIT 	25
340.8552 	DATA 	Keypress: o
340.8748 	Level RINSE 	25
342.8574 	DATA 	Keypress: o
342.8747 	Level jitter 	25
345.8524 	Level finished 	25
345.8538 	DATA 	Keypress: o
345.8751 	Level image=waterlogo.jpg 	25
346.8548 	DATA 	Keypress: o
346.8752 	Level injecting via pump at address 0 	25
352.8580 	DATA 	Keypress: o
352.8592 	DATA 	Keypress: o
352.8603 	DATA 	Keypress: o
352.8762 	Level WAIT 	25
353.8593 	Level RINSE 	25
355.8577 	DATA 	Keypress: o
355.8762 	Level jitter 	25
359.8524 	Level finished 	25
359.8540 	DATA 	Keypress: o
359.8552 	DATA 	Keypress: o
359.8768 	Level image=tasty.jpg 	25
360.8549 	DATA 	Keypress: o
360.8769 	Level injecting via pump at address 1 	25
366.8579 	DATA 	Keypress: o
366.8592 	DATA 	Keypress: o
366.8603 	DATA 	Keypress: o
366.8778 	Level WAIT 	25
367.8776 	Level RINSE 	25
369.8574 	DATA 	Keypress: o
369.8778 	Level jitter 	25
370.8524 	Level finished 	25
370.8535 	DATA 	Keypress: o
370.8780 	Level image=waterlogo.jpg 	25
371.8782 	Level injecting via pump at address 0 	25
377.8588 	DATA 	Keypress: o
377.8600 	DATA 	Keypress: o
377.8610 	DATA 	Keypress: o
377.8792 	Level WAIT 	25
378.8552 	DATA 	Keypress: o
378.8623 	Level RINSE 	25
380.8578 	DATA 	Keypress: o
380.8791 	Level jitter 	25
383.8524 	Level finished 	25
383.8537 	DATA 	Keypress: o
383.8795 	Level image=tasty.jpg 	25
384.8552 	DATA 	Keypress: o
384.8797 	Level injecting via pump at address 1 	25
390.8579 	DATA 	Keypress: o
390.8593 	DATA 	Keypress: o
390.8605 	DATA 	Keypress: o
390.8808 	Level WAIT 	25
391.8637 	Level RINSE 	25
393.8577 	DATA 	Keypress: o
393.8806 	Level jitter 	25
401.8524 	Level finished 	25
401.8538 	DATA 	Keypress: o
401.8548 	DATA 	Keypress: o
401.8559 	DATA 	Keypress: o
401.8568 	DATA 	Keypress: o
401.8821 	Level image=tasty.jpg 	25
402.8554 	DATA 	Keypress: o
402.8819 	Level injecting via pump at address 1 	25
408.8569 	DATA 	Keypress: o
408.8579 	DATA 	Keypress: o
408.8588 	DATA 	Keypress: o
408.8824 	Level WAIT 	25
409.8826 	Level RINSE 	25
411.8576 	DATA 	Keypress: o
411.8831 	Level jitter 	25
415.8524 	Level finished 	25
415.8540 	DATA 	Keypress: o
415.8552 	DATA 	Keypress: o
415.8833 	Level image=waterlogo.jpg 	25
416.8551 	DATA 	Keypress: o
416.8667 	Level injecting via pump at address 0 	25
422.8584 	DATA 	Keypress: o
422.8597 	DATA 	Keypress: o
422.8610 	DATA 	Keypress: o
422.8678 	Level WAIT 	25
423.8675 	Level RINSE 	25
425.8576 	DATA 	Keypress: o
425.8677 	Level jitter 	25
428.8524 	Level finished 	25
428.8537 	DATA 	Keypress: o
428.8550 	DATA 	Keypress: o
428.8682 	Level image=tasty.jpg 	25
429.8683 	Level injecting via pump at address 1 	25
435.8570 	DATA 	Keypress: o
435.8581 	DATA 	Keypress: o
435.8592 	DATA 	Keypress: o
435.8693 	Level WAIT 	25
436.8548 	DATA 	Keypress: o
436.8690 	Level RINSE 	25
438.8576 	DATA 	Keypress: o
438.8692 	Level jitter 	25
443.8524 	Level finished 	25
443.8537 	DATA 	Keypress: o
443.8548 	DATA 	Keypress: o
443.8865 	Level image=waterlogo.jpg 	25
444.8549 	DATA 	Keypress: o
444.8700 	Level injecting via pump at address 0 	25
450.8576 	DATA 	Keypress: o
450.8589 	DATA 	Keypress: o
450.8601 	DATA 	Keypress: o
450.8711 	Level WAIT 	25
451.8708 	Level RINSE 	25
453.8571 	DATA 	Keypress: o
453.8710 	Level jitter 	25
458.8524 	Level finished 	25
458.8537 	DATA 	Keypress: o
458.8547 	DATA 	Keypress: o
458.8556 	DATA 	Keypress: o
458.8884 	Level image=waterlogo.jpg 	25
459.8718 	Level injecting via pump at address 0 	25
465.8571 	DATA 	Keypress: o
465.8582 	DATA 	Keypress: o
465.8593 	DATA 	Keypress: o
465.8894 	Level WAIT 	25
466.8553 	DATA 	Keypress: o
466.8725 	Level RINSE 	25
468.8587 	DATA 	Keypress: o
468.8893 	Level jitter 	25
477.8524 	Level finished 	25
477.8537 	DATA 	Keypress: o
477.8547 	DATA 	Keypress: o
477.8556 	DATA 	Keypress: o
477.8566 	DATA 	Keypress: o
477.8910 	Level image=tasty.jpg 	25
478.8559 	DATA 	Keypress: o
478.8740 	Level injecting via pump at address 1 	25
484.8580 	DATA 	Keypress: o
484.8592 	DATA 	Keypress: o
484.8602 	DATA 	Keypress: o
484.8747 	Level WAIT 	25
485.8749 	Level RINSE 	25
487.8572 	DATA 	Keypress: o
487.8754 	Level jitter 	25
489.8524 	Level finished 	25
489.8536 	DATA 	Keypress: o
489.8752 	Level image=waterlogo.jpg 	25
490.8555 	DATA 	Keypress: o
490.8754 	Level injecting via pump at address 0 	25
496.8582 	DATA 	Keypress: o
496.8595 	DATA 	Keypress: o
496.8610 	DATA 	Keypress: o
496.8927 	Level WAIT 	25
497.8600 	Level RINSE 	25
499.8577 	DATA 	Keypress: o
499.8764 	Level jitter 	25
502.8524 	Level finished 	25
502.8539 	DATA 	Keypress: o
502.8550 	DATA 	Keypress: o
502.8768 	Level image=waterlogo.jpg 	25
503.8602 	Level injecting via pump at address 0 	25
509.8580 	DATA 	Keypress: o
509.8591 	DATA 	Keypress: o
509.8601 	DATA 	Keypress: o
509.8779 	Level WAIT 	25
510.8553 	DATA 	Keypress: o
510.8777 	Level RINSE 	25
512.8575 	DATA 	Keypress: o
512.8779 	Level jitter 	25
517.8524 	Level finished 	25
517.8537 	DATA 	Keypress: o
517.8547 	DATA 	Keypress: o
517.8785 	Level image=tasty.jpg 	25
518.8550 	DATA 	Keypress: o
518.8787 	Level injecting via pump at address 1 	25
524.8576 	DATA 	Keypress: o
524.8589 	DATA 	Keypress: o
524.8598 	DATA 	Keypress: o
524.8797 	Level WAIT 	25
525.8629 	Level RINSE 	25
527.8575 	DATA 	Keypress: o
527.8797 	Level jitter 	25
529.8524 	Level finished 	25
529.8537 	DATA 	Keypress: o
529.8801 	Level image=tasty.jpg 	25
530.8552 	DATA 	Keypress: o
530.8802 	Level injecting via pump at address 1 	25
536.8571 	DATA 	Keypress: o
536.8581 	DATA 	Keypress: o
536.8590 	DATA 	Keypress: o
536.8811 	Level WAIT 	25
537.8809 	Level RINSE 	25
539.8578 	DATA 	Keypress: o
539.8810 	Level jitter 	25
546.8524 	Level finished 	25
546.8537 	DATA 	Keypress: o
546.8548 	DATA 	Keypress: o
546.8559 	DATA 	Keypress: o
546.8571 	DATA 	Keypress: o
546.8824 	Level image=waterlogo.jpg 	25
547.8654 	Level injecting via pump at address 0 	25
553.8571 	DATA 	Keypress: o
553.8581 	DATA 	Keypress: o
553.8590 	DATA 	Keypress: o
553.8662 	Level WAIT 	25
554.8551 	DATA 	Keypress: o
554.8662 	Level RINSE 	25
556.8570 	DATA 	Keypress: o
556.8668 	Level jitter 	25
559.8524 	Level finished 	25
559.8537 	DATA 	Keypress: o
559.8668 	Level image=tasty.jpg 	25
560.8551 	DATA 	Keypress: o
560.8670 	Level injecting via pump at address 1 	25
566.8583 	DATA 	Keypress: o
566.8595 	DATA 	Keypress: o
566.8607 	DATA 	Keypress: o
566.8680 	Level WAIT 	25
567.8678 	Level RINSE 	25
569.8578 	DATA 	Keypress: o
569.8680 	Level jitter 	25
571.8524 	Level finished 	25
571.8539 	DATA 	Keypress: o
571.8849 	Level image=waterlogo.jpg 	25
572.8547 	DATA 	Keypress: o
572.8683 	Level injecting via pump at address 0 	25
578.8578 	DATA 	Keypress: o
578.8590 	DATA 	Keypress: o
578.8599 	DATA 	Keypress: o
578.8694 	Level WAIT 	25
579.8692 	Level RINSE 	25
581.8569 	DATA 	Keypress: o
581.8694 	Level jitter 	25
589.8524 	Level finished 	25
589.8536 	DATA 	Keypress: o
589.8547 	DATA 	Keypress: o
589.8557 	DATA 	Keypress: o
589.8566 	DATA 	Keypress: o
589.8874 	Level image=tasty.jpg 	25
590.8552 	DATA 	Keypress: o
590.8871 	Level injecting via pump at address 1 	25
596.8582 	DATA 	Keypress: o
596.8594 	DATA 	Keypress: o
596.8606 	DATA 	Keypress: o
596.8877 	Level WAIT 	25
597.8713 	Level RINSE 	25
599.8588 	DATA 	Keypress: o
599.8886 	Level jitter 	25
601.8524 	Level finished 	25
601.8537 	DATA 	Keypress: o
601.8717 	Level image=waterlogo.jpg 	25
602.8549 	DATA 	Keypress: o
602.8719 	Level injecting via pump at address 0 	25
608.8569 	DATA 	Keypress: o
608.8579 	DATA 	Keypress: o
608.8589 	DATA 	Keypress: o
608.8725 	Level WAIT 	25
609.8731 	Level RINSE 	25
611.8568 	DATA 	Keypress: o
611.8730 	Level jitter 	25
618.8524 	Level finished 	25
