52.0915 	DATA 	Keypress: o
52.0925 	Level start key press 	25
54.1064 	DATA 	Keypress: o
56.0898 	DATA 	Keypress: o
58.0901 	DATA 	Keypress: o
60.0903 	DATA 	Keypress: o
60.6377 	Level image=tasty.jpg 	25
61.5711 	Level injecting via pump at address 1 	25
67.5599 	DATA 	Keypress: o
67.5614 	DATA 	Keypress: o
67.5626 	DATA 	Keypress: o
67.5885 	Level WAIT 	25
68.5572 	DATA 	Keypress: o
68.5716 	Level RINSE 	25
70.5676 	DATA 	Keypress: o
70.5883 	Level jitter 	25
79.5543 	Level finished 	25
79.5561 	DATA 	Keypress: o
79.5574 	DATA 	Keypress: o
79.5588 	DATA 	Keypress: o
79.5600 	DATA 	Keypress: o
79.5894 	Level image=waterlogo.jpg 	25
80.5572 	DATA 	Keypress: o
80.5891 	Level injecting via pump at address 0 	25
86.5603 	DATA 	Keypress: o
86.5616 	DATA 	Keypress: o
86.5629 	DATA 	Keypress: o
86.5894 	Level WAIT 	25
87.5730 	Level RINSE 	25
89.5599 	DATA 	Keypress: o
89.5902 	Level jitter 	25
93.5543 	Level finished 	25
93.5555 	DATA 	Keypress: o
93.5566 	DATA 	Keypress: o
93.5733 	Level image=tasty.jpg 	25
94.5570 	DATA 	Keypress: o
94.5734 	Level injecting via pump at address 1 	25
100.5601 	DATA 	Keypress: o
100.5613 	DATA 	Keypress: o
100.5626 	DATA 	Keypress: o
100.5742 	Level WAIT 	25
101.5740 	Level RINSE 	25
103.5597 	DATA 	Keypress: o
103.5740 	Level jitter 	25
107.5543 	Level finished 	25
107.5555 	DATA 	Keypress: o
107.5568 	DATA 	Keypress: o
107.5743 	Level image=waterlogo.jpg 	25
108.5570 	DATA 	Keypress: o
108.5744 	Level injecting via pump at address 0 	25
114.5602 	DATA 	Keypress: o
114.5615 	DATA 	Keypress: o
114.5627 	DATA 	Keypress: o
114.5918 	Level WAIT 	25
115.5581 	Level RINSE 	25
117.5598 	DATA 	Keypress: o
117.5750 	Level jitter 	25
121.5543 	Level finished 	25
121.5555 	DATA 	Keypress: o
121.5566 	DATA 	Keypress: o
121.5920 	Level image=waterlogo.jpg 	25
122.5572 	DATA 	Keypress: o
122.5754 	Level injecting via pump at address 0 	25
128.5600 	DATA 	Keypress: o
128.5613 	DATA 	Keypress: o
128.5624 	DATA 	Keypress: o
128.5762 	Level WAIT 	25
129.5758 	Level RINSE 	25
131.5597 	DATA 	Keypress: o
131.5760 	Level jitter 	25
135.5543 	Level finished 	25
135.5555 	DATA 	Keypress: o
135.5568 	DATA 	Keypress: o
135.5762 	Level image=tasty.jpg 	25
136.5574 	DATA 	Keypress: o
136.5763 	Level injecting via pump at address 1 	25
142.5600 	DATA 	Keypress: o
142.5613 	DATA 	Keypress: o
142.5625 	DATA 	Keypress: o
142.5771 	Level WAIT 	25
143.5602 	Level RINSE 	25
145.5606 	DATA 	Keypress: o
145.5769 	Level jitter 	25
151.5543 	Level finished 	25
151.5561 	DATA 	Keypress: o
151.5574 	DATA 	Keypress: o
151.5587 	DATA 	Keypress: o
151.5773 	Level image=waterlogo.jpg 	25
152.5567 	DATA 	Keypress: o
152.5778 	Level injecting via pump at address 0 	25
158.5599 	DATA 	Keypress: o
158.5612 	DATA 	Keypress: o
158.5625 	DATA 	Keypress: o
158.5944 	Level WAIT 	25
159.5612 	Level RINSE 	25
161.5598 	DATA 	Keypress: o
161.5780 	Level jitter 	25
164.5543 	Level finished 	25
164.5556 	DATA 	Keypress: o
164.5567 	DATA 	Keypress: o
164.5786 	Level image=tasty.jpg 	25
165.5616 	Level injecting via pump at address 1 	25
171.5599 	DATA 	Keypress: o
171.5612 	DATA 	Keypress: o
171.5625 	DATA 	Keypress: o
171.5786 	Level WAIT 	25
172.5569 	DATA 	Keypress: o
172.5788 	Level RINSE 	25
174.5592 	DATA 	Keypress: o
174.5794 	Level jitter 	25
177.5543 	Level finished 	25
177.5555 	DATA 	Keypress: o
177.5791 	Level image=waterlogo.jpg 	25
178.5567 	DATA 	Keypress: o
178.5625 	Level injecting via pump at address 0 	25
184.5606 	DATA 	Keypress: o
184.5619 	DATA 	Keypress: o
184.5632 	DATA 	Keypress: o
184.5800 	Level WAIT 	25
185.5796 	Level RINSE 	25
187.5602 	DATA 	Keypress: o
187.5798 	Level jitter 	25
191.5543 	Level finished 	25
191.5558 	DATA 	Keypress: o
191.5570 	DATA 	Keypress: o
191.5801 	Level image=waterlogo.jpg 	25
192.5571 	DATA 	Keypress: o
192.5802 	Level injecting via pump at address 0 	25
198.5602 	DATA 	Keypress: o
198.5614 	DATA 	Keypress: o
198.5624 	DATA 	Keypress: o
198.5809 	Level WAIT 	25
199.5806 	Level RINSE 	25
201.5589 	DATA 	Keypress: o
201.5807 	Level jitter 	25
206.5543 	Level finished 	25
206.5558 	DATA 	Keypress: o
206.5571 	DATA 	Keypress: o
206.5584 	DATA 	Keypress: o
206.5812 	Level image=tasty.jpg 	25
207.5813 	Level injecting via pump at address 1 	25
213.5594 	DATA 	Keypress: o
213.5605 	DATA 	Keypress: o
213.5615 	DATA 	Keypress: o
213.5819 	Level WAIT 	25
214.5571 	DATA 	Keypress: o
214.5816 	Level RINSE 	25
216.5612 	DATA 	Keypress: o
216.5818 	Level jitter 	25
219.5543 	Level finished 	25
219.5556 	DATA 	Keypress: o
219.5821 	Level image=waterlogo.jpg 	25
220.5570 	DATA 	Keypress: o
220.5821 	Level injecting via pump at address 0 	25
226.5591 	DATA 	Keypress: o
226.5603 	DATA 	Keypress: o
226.5613 	DATA 	Keypress: o
226.5829 	Level WAIT 	25
227.5825 	Level RINSE 	25
229.5589 	DATA 	Keypress: o
229.5826 	Level jitter 	25
237.5543 	Level finished 	25
237.5555 	DATA 	Keypress: o
237.5566 	DATA 	Keypress: o
237.5576 	DATA 	Keypress: o
237.5585 	DATA 	Keypress: o
237.5837 	Level image=tasty.jpg 	25
238.5571 	DATA 	Keypress: o
238.5667 	Level injecting via pump at address 1 	25
244.5594 	DATA 	Keypress: o
244.5605 	DATA 	Keypress: o
244.5614 	DATA 	Keypress: o
244.5837 	Level WAIT 	25
245.5838 	Level RINSE 	25
247.5589 	DATA 	Keypress: o
247.5673 	Level jitter 	25
249.5543 	Level finished 	25
249.5554 	DATA 	Keypress: o
249.5679 	Level image=tasty.jpg 	25
250.5567 	DATA 	Keypress: o
250.5675 	Level injecting via pump at address 1 	25
256.5596 	DATA 	Keypress: o
256.5606 	DATA 	Keypress: o
256.5615 	DATA 	Keypress: o
256.5679 	Level WAIT 	25
257.5680 	Level RINSE 	25
259.5594 	DATA 	Keypress: o
259.5685 	Level jitter 	25
261.5543 	Level finished 	25
261.5557 	DATA 	Keypress: o
261.5850 	Level image=waterlogo.jpg 	25
262.5570 	DATA 	Keypress: o
262.5684 	Level injecting via pump at address 0 	25
268.5603 	DATA 	Keypress: o
268.5618 	DATA 	Keypress: o
268.5630 	DATA 	Keypress: o
268.5687 	Level WAIT 	25
269.5693 	Level RINSE 	25
271.5597 	DATA 	Keypress: o
271.5690 	Level jitter 	25
274.5543 	Level finished 	25
274.5557 	DATA 	Keypress: o
274.5570 	DATA 	Keypress: o
274.5692 	Level image=tasty.jpg 	25
275.5693 	Level injecting via pump at address 1 	25
281.5590 	DATA 	Keypress: o
281.5601 	DATA 	Keypress: o
281.5611 	DATA 	Keypress: o
281.5700 	Level WAIT 	25
282.5568 	DATA 	Keypress: o
282.5697 	Level RINSE 	25
284.5603 	DATA 	Keypress: o
284.5698 	Level jitter 	25
286.5543 	Level finished 	25
286.5555 	DATA 	Keypress: o
286.5866 	Level image=waterlogo.jpg 	25
287.5701 	Level injecting via pump at address 0 	25
293.5598 	DATA 	Keypress: o
293.5608 	DATA 	Keypress: o
293.5621 	DATA 	Keypress: o
293.5709 	Level WAIT 	25
294.5572 	DATA 	Keypress: o
294.5705 	Level RINSE 	25
296.5595 	DATA 	Keypress: o
296.5706 	Level jitter 	25
297.5543 	Level finished 	25
297.5707 	Level image=tasty.jpg 	25
298.5571 	DATA 	Keypress: o
298.5708 	Level injecting via pump at address 1 	25
304.5594 	DATA 	Keypress: o
304.5605 	DATA 	Keypress: o
304.5615 	DATA 	Keypress: o
304.5883 	Level WAIT 	25
305.5880 	Level RINSE 	25
307.5593 	DATA 	Keypress: o
307.5714 	Level jitter 	25
309.5543 	Level finished 	25
309.5556 	DATA 	Keypress: o
309.5715 	Level image=waterlogo.jpg 	25
310.5573 	DATA 	Keypress: o
310.5716 	Level injecting via pump at address 0 	25
316.5603 	DATA 	Keypress: o
316.5617 	DATA 	Keypress: o
316.5631 	DATA 	Keypress: o
316.5891 	Level WAIT 	25
317.5721 	Level RINSE 	25
319.5590 	DATA 	Keypress: o
319.5722 	Level jitter 	25
325.5543 	Level finished 	25
325.5557 	DATA 	Keypress: o
325.5570 	DATA 	Keypress: o
325.5582 	DATA 	Keypress: o
325.5727 	Level image=waterlogo.jpg 	25
326.5571 	DATA 	Keypress: o
326.5728 	Level injecting via pump at address 0 	25
332.5596 	DATA 	Keypress: o
332.5610 	DATA 	Keypress: o
332.5626 	DATA 	Keypress: o
332.5903 	Level WAIT 	25
333.5733 	Level RINSE 	25
335.5595 	DATA 	Keypress: o
335.5733 	Level jitter 	25
338.5543 	Level finished 	25
338.5557 	DATA 	Keypress: o
338.5570 	DATA 	Keypress: o
338.5735 	Level image=tasty.jpg 	25
339.5736 	Level injecting via pump at address 1 	25
345.5600 	DATA 	Keypress: o
345.5613 	DATA 	Keypress: o
345.5626 	DATA 	Keypress: o
345.5911 	Level WAIT 	25
346.5572 	DATA 	Keypress: o
346.5741 	Level RINSE 	25
348.5604 	DATA 	Keypress: o
348.5742 	Level jitter 	25
356.5543 	Level finished 	25
356.5558 	DATA 	Keypress: o
356.5569 	DATA 	Keypress: o
356.5579 	DATA 	Keypress: o
356.5589 	DATA 	Keypress: o
356.5753 	Level image=waterlogo.jpg 	25
357.5750 	Level injecting via pump at address 0 	25
363.5602 	DATA 	Keypress: o
363.5616 	DATA 	Keypress: o
363.5629 	DATA 	Keypress: o
363.5753 	Level WAIT 	25
364.5572 	DATA 	Keypress: o
364.5753 	Level RINSE 	25
366.5606 	DATA 	Keypress: o
366.5759 	Level jitter 	25
371.5543 	Level finished 	25
371.5557 	DATA 	Keypress: o
371.5570 	DATA 	Keypress: o
371.5759 	Level image=tasty.jpg 	25
372.5572 	DATA 	Keypress: o
372.5760 	Level injecting via pump at address 1 	25
378.5590 	DATA 	Keypress: o
378.5601 	DATA 	Keypress: o
378.5611 	DATA 	Keypress: o
378.5767 	Level WAIT 	25
379.5764 	Level RINSE 	25
381.5591 	DATA 	Keypress: o
381.5765 	Level jitter 	25
385.5543 	Level finished 	25
385.5558 	DATA 	Keypress: o
385.5571 	DATA 	Keypress: o
385.5768 	Level image=waterlogo.jpg 	25
386.5568 	DATA 	Keypress: o
386.5770 	Level injecting via pump at address 0 	25
392.5602 	DATA 	Keypress: o
392.5613 	DATA 	Keypress: o
392.5624 	DATA 	Keypress: o
392.5944 	Level WAIT 	25
393.5607 	Level RINSE 	25
395.5594 	DATA 	Keypress: o
395.5774 	Level jitter 	25
400.5543 	Level finished 	25
400.5556 	DATA 	Keypress: o
400.5570 	DATA 	Keypress: o
400.5582 	DATA 	Keypress: o
400.5779 	Level image=tasty.jpg 	25
401.5780 	Level injecting via pump at address 1 	25
407.5601 	DATA 	Keypress: o
407.5611 	DATA 	Keypress: o
407.5621 	DATA 	Keypress: o
407.5787 	Level WAIT 	25
408.5569 	DATA 	Keypress: o
408.5784 	Level RINSE 	25
410.5594 	DATA 	Keypress: o
410.5785 	Level jitter 	25
419.5543 	Level finished 	25
419.5555 	DATA 	Keypress: o
419.5566 	DATA 	Keypress: o
419.5578 	DATA 	Keypress: o
419.5590 	DATA 	Keypress: o
419.5795 	Level image=waterlogo.jpg 	25
420.5572 	DATA 	Keypress: o
420.5792 	Level injecting via pump at address 0 	25
426.5600 	DATA 	Keypress: o
426.5613 	DATA 	Keypress: o
426.5625 	DATA 	Keypress: o
426.5796 	Level WAIT 	25
427.5631 	Level RINSE 	25
429.5598 	DATA 	Keypress: o
429.5803 	Level jitter 	25
438.5543 	Level finished 	25
438.5556 	DATA 	Keypress: o
438.5569 	DATA 	Keypress: o
438.5580 	DATA 	Keypress: o
438.5590 	DATA 	Keypress: o
438.5599 	DATA 	Keypress: o
438.5804 	Level image=tasty.jpg 	25
439.5810 	Level injecting via pump at address 1 	25
445.5592 	DATA 	Keypress: o
445.5603 	DATA 	Keypress: o
445.5615 	DATA 	Keypress: o
445.5810 	Level WAIT 	25
446.5571 	DATA 	Keypress: o
446.5643 	Level RINSE 	25
448.5597 	DATA 	Keypress: o
448.5811 	Level jitter 	25
452.5543 	Level finished 	25
452.5557 	DATA 	Keypress: o
452.5570 	DATA 	Keypress: o
452.5652 	Level image=tasty.jpg 	25
453.5649 	Level injecting via pump at address 1 	25
459.5605 	DATA 	Keypress: o
459.5622 	DATA 	Keypress: o
459.5638 	DATA 	Keypress: o
459.5820 	Level WAIT 	25
460.5573 	DATA 	Keypress: o
460.5820 	Level RINSE 	25
462.5598 	DATA 	Keypress: o
462.5825 	Level jitter 	25
465.5543 	Level finished 	25
465.5556 	DATA 	Keypress: o
465.5656 	Level image=waterlogo.jpg 	25
466.5571 	DATA 	Keypress: o
466.5824 	Level injecting via pump at address 0 	25
472.5605 	DATA 	Keypress: o
472.5622 	DATA 	Keypress: o
472.5638 	DATA 	Keypress: o
472.5832 	Level WAIT 	25
473.5830 	Level RINSE 	25
475.5600 	DATA 	Keypress: o
475.5830 	Level jitter 	25
476.5543 	Level finished 	25
476.5557 	DATA 	Keypress: o
476.5831 	Level image=tasty.jpg 	25
477.5664 	Level injecting via pump at address 1 	25
483.5596 	DATA 	Keypress: o
483.5609 	DATA 	Keypress: o
483.5619 	DATA 	Keypress: o
483.5839 	Level WAIT 	25
484.5573 	DATA 	Keypress: o
484.5670 	Level RINSE 	25
486.5593 	DATA 	Keypress: o
486.5837 	Level jitter 	25
493.5543 	Level finished 	25
493.5556 	DATA 	Keypress: o
493.5566 	DATA 	Keypress: o
493.5575 	DATA 	Keypress: o
493.5676 	Level image=waterlogo.jpg 	25
494.5572 	DATA 	Keypress: o
494.5681 	Level injecting via pump at address 0 	25
500.5598 	DATA 	Keypress: o
500.5611 	DATA 	Keypress: o
500.5623 	DATA 	Keypress: o
500.5847 	Level WAIT 	25
501.5848 	Level RINSE 	25
503.5604 	DATA 	Keypress: o
503.5854 	Level jitter 	25
504.5543 	Level finished 	25
504.5558 	DATA 	Keypress: o
504.5851 	Level image=tasty.jpg 	25
505.5684 	Level injecting via pump at address 1 	25
511.5604 	DATA 	Keypress: o
511.5618 	DATA 	Keypress: o
511.5631 	DATA 	Keypress: o
511.5855 	Level WAIT 	25
512.5568 	DATA 	Keypress: o
512.5690 	Level RINSE 	25
514.5598 	DATA 	Keypress: o
514.5861 	Level jitter 	25
520.5543 	Level finished 	25
