49.3155 	DATA 	Keypress: o
49.3167 	Level start key press 	25
51.3192 	DATA 	Keypress: o
53.3194 	DATA 	Keypress: o
55.3195 	DATA 	Keypress: o
57.3198 	DATA 	Keypress: o
57.7507 	Level image=waterlogo.jpg 	25
58.6342 	Level injecting via pump at address 0 	25
64.6229 	DATA 	Keypress: o
64.6242 	DATA 	Keypress: o
64.6254 	DATA 	Keypress: o
64.6348 	Level WAIT 	25
65.6199 	DATA 	Keypress: o
65.6346 	Level RINSE 	25
67.6312 	DATA 	Keypress: o
67.6513 	Level jitter 	25
73.6174 	Level finished 	25
73.6189 	DATA 	Keypress: o
73.6204 	DATA 	Keypress: o
73.6216 	DATA 	Keypress: o
73.6518 	Level image=tasty.jpg 	25
74.6357 	Level injecting via pump at address 1 	25
80.6222 	DATA 	Keypress: o
80.6232 	DATA 	Keypress: o
80.6242 	DATA 	Keypress: o
80.6356 	Level WAIT 	25
81.6203 	DATA 	Keypress: o
81.6357 	Level RINSE 	25
83.6224 	DATA 	Keypress: o
83.6358 	Level jitter 	25
89.6174 	Level finished 	25
89.6189 	DATA 	Keypress: o
89.6205 	DATA 	Keypress: o
89.6218 	DATA 	Keypress: o
89.6367 	Level image=tasty.jpg 	25
90.6364 	Level injecting via pump at address 1 	25
96.6231 	DATA 	Keypress: o
96.6246 	DATA 	Keypress: o
96.6257 	DATA 	Keypress: o
96.6366 	Level WAIT 	25
97.6211 	DATA 	Keypress: o
97.6368 	Level RINSE 	25
99.6224 	DATA 	Keypress: o
99.6374 	Level jitter 	25
101.6174 	Level finished 	25
101.6188 	DATA 	Keypress: o
101.6538 	Level image=waterlogo.jpg 	25
102.6373 	Level injecting via pump at address 0 	25
108.6229 	DATA 	Keypress: o
108.6240 	DATA 	Keypress: o
108.6249 	DATA 	Keypress: o
108.6375 	Level WAIT 	25
109.6198 	DATA 	Keypress: o
109.6380 	Level RINSE 	25
111.6219 	DATA 	Keypress: o
111.6378 	Level jitter 	25
117.6174 	Level finished 	25
117.6189 	DATA 	Keypress: o
117.6201 	DATA 	Keypress: o
117.6213 	DATA 	Keypress: o
117.6548 	Level image=tasty.jpg 	25
118.6383 	Level injecting via pump at address 1 	25
124.6238 	DATA 	Keypress: o
124.6249 	DATA 	Keypress: o
124.6259 	DATA 	Keypress: o
124.6390 	Level WAIT 	25
125.6203 	DATA 	Keypress: o
125.6387 	Level RINSE 	25
127.6224 	DATA 	Keypress: o
127.6389 	Level jitter 	25
132.6174 	Level finished 	25
132.6186 	DATA 	Keypress: o
132.6196 	DATA 	Keypress: o
132.6393 	Level image=waterlogo.jpg 	25
133.6205 	DATA 	Keypress: o
133.6393 	Level injecting via pump at address 0 	25
139.6219 	DATA 	Keypress: o
139.6230 	DATA 	Keypress: o
139.6241 	DATA 	Keypress: o
139.6401 	Level WAIT 	25
140.6398 	Level RINSE 	25
142.6239 	DATA 	Keypress: o
142.6565 	Level jitter 	25
147.6174 	Level finished 	25
147.6186 	DATA 	Keypress: o
147.6197 	DATA 	Keypress: o
147.6206 	DATA 	Keypress: o
147.6403 	Level image=tasty.jpg 	25
148.6403 	Level injecting via pump at address 1 	25
154.6227 	DATA 	Keypress: o
154.6241 	DATA 	Keypress: o
154.6252 	DATA 	Keypress: o
154.6412 	Level WAIT 	25
155.6201 	DATA 	Keypress: o
155.6242 	Level RINSE 	25
157.6225 	DATA 	Keypress: o
157.6409 	Level jitter 	25
163.6174 	Level finished 	25
163.6187 	DATA 	Keypress: o
163.6198 	DATA 	Keypress: o
163.6208 	DATA 	Keypress: o
163.6414 	Level image=waterlogo.jpg 	25
164.6252 	Level injecting via pump at address 0 	25
170.6222 	DATA 	Keypress: o
170.6235 	DATA 	Keypress: o
170.6248 	DATA 	Keypress: o
170.6585 	Level WAIT 	25
171.6198 	DATA 	Keypress: o
171.6420 	Level RINSE 	25
173.6225 	DATA 	Keypress: o
173.6421 	Level jitter 	25
176.6174 	Level finished 	25
176.6189 	DATA 	Keypress: o
176.6427 	Level image=tasty.jpg 	25
177.6198 	DATA 	Keypress: o
177.6257 	Level injecting via pump at address 1 	25
183.6233 	DATA 	Keypress: o
183.6244 	DATA 	Keypress: o
183.6256 	DATA 	Keypress: o
183.6427 	Level WAIT 	25
184.6428 	Level RINSE 	25
186.6225 	DATA 	Keypress: o
186.6266 	Level jitter 	25
194.6174 	Level finished 	25
194.6190 	DATA 	Keypress: o
194.6205 	DATA 	Keypress: o
194.6219 	DATA 	Keypress: o
194.6233 	DATA 	Keypress: o
194.6434 	Level image=waterlogo.jpg 	25
195.6202 	DATA 	Keypress: o
195.6436 	Level injecting via pump at address 0 	25
201.6228 	DATA 	Keypress: o
201.6240 	DATA 	Keypress: o
201.6253 	DATA 	Keypress: o
201.6445 	Level WAIT 	25
202.6274 	Level RINSE 	25
204.6229 	DATA 	Keypress: o
204.6443 	Level jitter 	25
206.6174 	Level finished 	25
206.6190 	DATA 	Keypress: o
206.6443 	Level image=tasty.jpg 	25
207.6200 	DATA 	Keypress: o
207.6444 	Level injecting via pump at address 1 	25
213.6232 	DATA 	Keypress: o
213.6244 	DATA 	Keypress: o
213.6257 	DATA 	Keypress: o
213.6452 	Level WAIT 	25
214.6282 	Level RINSE 	25
216.6228 	DATA 	Keypress: o
216.6450 	Level jitter 	25
225.6174 	Level finished 	25
225.6187 	DATA 	Keypress: o
225.6201 	DATA 	Keypress: o
225.6213 	DATA 	Keypress: o
225.6228 	DATA 	Keypress: o
225.6240 	DATA 	Keypress: o
225.6461 	Level image=waterlogo.jpg 	25
226.6457 	Level injecting via pump at address 0 	25
232.6235 	DATA 	Keypress: o
232.6248 	DATA 	Keypress: o
232.6260 	DATA 	Keypress: o
232.6462 	Level WAIT 	25
233.6201 	DATA 	Keypress: o
233.6295 	Level RINSE 	25
235.6225 	DATA 	Keypress: o
235.6467 	Level jitter 	25
237.6174 	Level finished 	25
237.6187 	DATA 	Keypress: o
237.6465 	Level image=tasty.jpg 	25
238.6465 	Level injecting via pump at address 1 	25
244.6222 	DATA 	Keypress: o
244.6233 	DATA 	Keypress: o
244.6243 	DATA 	Keypress: o
244.6469 	Level WAIT 	25
245.6198 	DATA 	Keypress: o
245.6307 	Level RINSE 	25
247.6228 	DATA 	Keypress: o
247.6473 	Level jitter 	25
250.6174 	Level finished 	25
250.6186 	DATA 	Keypress: o
250.6473 	Level image=waterlogo.jpg 	25
251.6199 	DATA 	Keypress: o
251.6474 	Level injecting via pump at address 0 	25
257.6238 	DATA 	Keypress: o
257.6250 	DATA 	Keypress: o
257.6261 	DATA 	Keypress: o
257.6483 	Level WAIT 	25
258.6313 	Level RINSE 	25
260.6228 	DATA 	Keypress: o
260.6481 	Level jitter 	25
264.6174 	Level finished 	25
264.6188 	DATA 	Keypress: o
264.6201 	DATA 	Keypress: o
264.6317 	Level image=tasty.jpg 	25
265.6199 	DATA 	Keypress: o
265.6318 	Level injecting via pump at address 1 	25
271.6224 	DATA 	Keypress: o
271.6235 	DATA 	Keypress: o
271.6245 	DATA 	Keypress: o
271.6326 	Level WAIT 	25
272.6323 	Level RINSE 	25
274.6228 	DATA 	Keypress: o
274.6323 	Level jitter 	25
275.6174 	Level finished 	25
275.6187 	DATA 	Keypress: o
275.6492 	Level image=waterlogo.jpg 	25
276.6493 	Level injecting via pump at address 0 	25
282.6230 	DATA 	Keypress: o
282.6243 	DATA 	Keypress: o
282.6255 	DATA 	Keypress: o
282.6500 	Level WAIT 	25
283.6204 	DATA 	Keypress: o
283.6330 	Level RINSE 	25
285.6231 	DATA 	Keypress: o
285.6498 	Level jitter 	25
288.6174 	Level finished 	25
288.6188 	DATA 	Keypress: o
288.6500 	Level image=tasty.jpg 	25
289.6203 	DATA 	Keypress: o
289.6334 	Level injecting via pump at address 1 	25
295.6224 	DATA 	Keypress: o
295.6238 	DATA 	Keypress: o
295.6252 	DATA 	Keypress: o
295.6342 	Level WAIT 	25
296.6338 	Level RINSE 	25
298.6218 	DATA 	Keypress: o
298.6506 	Level jitter 	25
306.6174 	Level finished 	25
306.6190 	DATA 	Keypress: o
306.6207 	DATA 	Keypress: o
306.6219 	DATA 	Keypress: o
306.6232 	DATA 	Keypress: o
306.6517 	Level image=tasty.jpg 	25
307.6200 	DATA 	Keypress: o
307.6513 	Level injecting via pump at address 1 	25
313.6229 	DATA 	Keypress: o
313.6243 	DATA 	Keypress: o
313.6255 	DATA 	Keypress: o
313.6516 	Level WAIT 	25
314.6351 	Level RINSE 	25
316.6222 	DATA 	Keypress: o
316.6524 	Level jitter 	25
320.6174 	Level finished 	25
320.6186 	DATA 	Keypress: o
320.6198 	DATA 	Keypress: o
320.6356 	Level image=waterlogo.jpg 	25
321.6199 	DATA 	Keypress: o
321.6356 	Level injecting via pump at address 0 	25
327.6234 	DATA 	Keypress: o
327.6246 	DATA 	Keypress: o
327.6258 	DATA 	Keypress: o
327.6365 	Level WAIT 	25
328.6362 	Level RINSE 	25
330.6219 	DATA 	Keypress: o
330.6363 	Level jitter 	25
333.6174 	Level finished 	25
333.6188 	DATA 	Keypress: o
333.6200 	DATA 	Keypress: o
333.6364 	Level image=tasty.jpg 	25
334.6365 	Level injecting via pump at address 1 	25
340.6228 	DATA 	Keypress: o
340.6239 	DATA 	Keypress: o
340.6250 	DATA 	Keypress: o
340.6372 	Level WAIT 	25
341.6202 	DATA 	Keypress: o
341.6370 	Level RINSE 	25
343.6228 	DATA 	Keypress: o
343.6372 	Level jitter 	25
348.6174 	Level finished 	25
348.6186 	DATA 	Keypress: o
348.6198 	DATA 	Keypress: o
348.6374 	Level image=waterlogo.jpg 	25
349.6199 	DATA 	Keypress: o
349.6376 	Level injecting via pump at address 0 	25
355.6232 	DATA 	Keypress: o
355.6245 	DATA 	Keypress: o
355.6257 	DATA 	Keypress: o
355.6384 	Level WAIT 	25
356.6381 	Level RINSE 	25
358.6232 	DATA 	Keypress: o
358.6382 	Level jitter 	25
363.6174 	Level finished 	25
363.6189 	DATA 	Keypress: o
363.6202 	DATA 	Keypress: o
363.6214 	DATA 	Keypress: o
363.6553 	Level image=waterlogo.jpg 	25
364.6386 	Level injecting via pump at address 0 	25
370.6221 	DATA 	Keypress: o
370.6233 	DATA 	Keypress: o
370.6243 	DATA 	Keypress: o
370.6395 	Level WAIT 	25
371.6198 	DATA 	Keypress: o
371.6391 	Level RINSE 	25
373.6227 	DATA 	Keypress: o
373.6393 	Level jitter 	25
382.6174 	Level finished 	25
382.6188 	DATA 	Keypress: o
382.6202 	DATA 	Keypress: o
382.6212 	DATA 	Keypress: o
382.6224 	DATA 	Keypress: o
382.6569 	Level image=tasty.jpg 	25
383.6198 	DATA 	Keypress: o
383.6399 	Level injecting via pump at address 1 	25
389.6229 	DATA 	Keypress: o
389.6242 	DATA 	Keypress: o
389.6254 	DATA 	Keypress: o
389.6402 	Level WAIT 	25
390.6403 	Level RINSE 	25
392.6220 	DATA 	Keypress: o
392.6409 	Level jitter 	25
394.6174 	Level finished 	25
394.6185 	DATA 	Keypress: o
394.6406 	Level image=waterlogo.jpg 	25
395.6201 	DATA 	Keypress: o
395.6242 	Level injecting via pump at address 0 	25
401.6235 	DATA 	Keypress: o
401.6249 	DATA 	Keypress: o
401.6261 	DATA 	Keypress: o
401.6577 	Level WAIT 	25
402.6417 	Level RINSE 	25
404.6219 	DATA 	Keypress: o
404.6413 	Level jitter 	25
407.6174 	Level finished 	25
407.6188 	DATA 	Keypress: o
407.6200 	DATA 	Keypress: o
407.6583 	Level image=waterlogo.jpg 	25
408.6250 	Level injecting via pump at address 0 	25
414.6232 	DATA 	Keypress: o
414.6246 	DATA 	Keypress: o
414.6259 	DATA 	Keypress: o
414.6425 	Level WAIT 	25
415.6203 	DATA 	Keypress: o
415.6422 	Level RINSE 	25
417.6219 	DATA 	Keypress: o
417.6255 	Level jitter 	25
422.6174 	Level finished 	25
422.6186 	DATA 	Keypress: o
422.6198 	DATA 	Keypress: o
422.6425 	Level image=tasty.jpg 	25
423.6206 	DATA 	Keypress: o
423.6261 	Level injecting via pump at address 1 	25
429.6229 	DATA 	Keypress: o
429.6242 	DATA 	Keypress: o
429.6254 	DATA 	Keypress: o
429.6435 	Level WAIT 	25
430.6265 	Level RINSE 	25
432.6229 	DATA 	Keypress: o
432.6432 	Level jitter 	25
434.6174 	Level finished 	25
434.6185 	DATA 	Keypress: o
434.6434 	Level image=tasty.jpg 	25
435.6199 	DATA 	Keypress: o
435.6435 	Level injecting via pump at address 1 	25
441.6229 	DATA 	Keypress: o
441.6246 	DATA 	Keypress: o
441.6257 	DATA 	Keypress: o
441.6443 	Level WAIT 	25
442.6272 	Level RINSE 	25
444.6224 	DATA 	Keypress: o
444.6441 	Level jitter 	25
451.6174 	Level finished 	25
451.6189 	DATA 	Keypress: o
451.6203 	DATA 	Keypress: o
451.6214 	DATA 	Keypress: o
451.6225 	DATA 	Keypress: o
451.6449 	Level image=waterlogo.jpg 	25
452.6280 	Level injecting via pump at address 0 	25
458.6220 	DATA 	Keypress: o
458.6230 	DATA 	Keypress: o
458.6240 	DATA 	Keypress: o
458.6451 	Level WAIT 	25
459.6202 	DATA 	Keypress: o
459.6452 	Level RINSE 	25
461.6231 	DATA 	Keypress: o
461.6288 	Level jitter 	25
464.6174 	Level finished 	25
464.6187 	DATA 	Keypress: o
464.6287 	Level image=tasty.jpg 	25
465.6198 	DATA 	Keypress: o
465.6455 	Level injecting via pump at address 1 	25
471.6236 	DATA 	Keypress: o
471.6251 	DATA 	Keypress: o
471.6263 	DATA 	Keypress: o
471.6464 	Level WAIT 	25
472.6461 	Level RINSE 	25
474.6219 	DATA 	Keypress: o
474.6462 	Level jitter 	25
476.6174 	Level finished 	25
476.6187 	DATA 	Keypress: o
476.6296 	Level image=waterlogo.jpg 	25
477.6199 	DATA 	Keypress: o
477.6297 	Level injecting via pump at address 0 	25
483.6226 	DATA 	Keypress: o
483.6236 	DATA 	Keypress: o
483.6246 	DATA 	Keypress: o
483.6471 	Level WAIT 	25
484.6303 	Level RINSE 	25
486.6222 	DATA 	Keypress: o
486.6303 	Level jitter 	25
494.6174 	Level finished 	25
494.6188 	DATA 	Keypress: o
494.6202 	DATA 	Keypress: o
494.6214 	DATA 	Keypress: o
494.6227 	DATA 	Keypress: o
494.6479 	Level image=tasty.jpg 	25
495.6202 	DATA 	Keypress: o
495.6310 	Level injecting via pump at address 1 	25
501.6230 	DATA 	Keypress: o
501.6243 	DATA 	Keypress: o
501.6258 	DATA 	Keypress: o
501.6314 	Level WAIT 	25
502.6314 	Level RINSE 	25
504.6487 	Level jitter 	25
506.6174 	Level finished 	25
506.6485 	Level image=waterlogo.jpg 	25
507.6486 	Level injecting via pump at address 0 	25
513.6489 	Level WAIT 	25
514.6326 	Level RINSE 	25
516.6491 	Level jitter 	25
523.6174 	Level finished 	25
