36.0992 	WARNING 	User requested fullscreen with size [800 600], but screen is actually [1280, 1024]. Using actual size
89.4136 	DATA 	Keypress: o
89.4143 	Level start key press 	25
91.4273 	DATA 	Keypress: o
93.4273 	DATA 	Keypress: o
95.4268 	DATA 	Keypress: o
97.4253 	DATA 	Keypress: o
98.5731 	Level image=waterlogo.jpg 	25
99.4586 	DATA 	Keypress: o
99.4731 	Level injecting via pump at address 0 	25
105.4618 	DATA 	Keypress: o
105.4632 	DATA 	Keypress: o
105.4645 	DATA 	Keypress: o
105.4869 	Level WAIT 	25
106.4700 	Level RINSE 	25
108.4702 	DATA 	Keypress: o
108.4872 	Level jitter 	25
114.4559 	Level finished 	25
114.4574 	DATA 	Keypress: o
114.4586 	DATA 	Keypress: o
114.4597 	DATA 	Keypress: o
114.4848 	Level image=tasty.jpg 	25
115.4587 	DATA 	Keypress: o
115.4668 	Level injecting via pump at address 1 	25
121.4614 	DATA 	Keypress: o
121.4630 	DATA 	Keypress: o
121.4645 	DATA 	Keypress: o
121.4740 	Level WAIT 	25
122.4651 	Level RINSE 	25
124.4614 	DATA 	Keypress: o
124.4808 	Level jitter 	25
130.4559 	Level finished 	25
130.4573 	DATA 	Keypress: o
130.4586 	DATA 	Keypress: o
130.4596 	DATA 	Keypress: o
130.4787 	Level image=tasty.jpg 	25
131.4591 	DATA 	Keypress: o
131.4788 	Level injecting via pump at address 1 	25
137.4617 	DATA 	Keypress: o
137.4633 	DATA 	Keypress: o
137.4645 	DATA 	Keypress: o
137.4768 	Level WAIT 	25
138.4736 	Level RINSE 	25
140.4628 	DATA 	Keypress: o
140.4740 	Level jitter 	25
142.4559 	Level finished 	25
142.4574 	DATA 	Keypress: o
142.4762 	Level image=waterlogo.jpg 	25
143.4591 	DATA 	Keypress: o
143.4747 	Level injecting via pump at address 0 	25
149.4618 	DATA 	Keypress: o
149.4632 	DATA 	Keypress: o
149.4644 	DATA 	Keypress: o
149.4898 	Level WAIT 	25
150.4889 	Level RINSE 	25
152.4613 	DATA 	Keypress: o
152.4893 	Level jitter 	25
158.4559 	Level finished 	25
158.4580 	DATA 	Keypress: o
158.4595 	DATA 	Keypress: o
158.4607 	DATA 	Keypress: o
158.4869 	Level image=tasty.jpg 	25
159.4588 	DATA 	Keypress: o
159.4703 	Level injecting via pump at address 1 	25
165.4616 	DATA 	Keypress: o
165.4630 	DATA 	Keypress: o
165.4642 	DATA 	Keypress: o
165.4764 	Level WAIT 	25
166.4669 	Level RINSE 	25
168.4611 	DATA 	Keypress: o
168.4837 	Level jitter 	25
173.4559 	Level finished 	25
173.4575 	DATA 	Keypress: o
173.4592 	DATA 	Keypress: o
173.4604 	DATA 	Keypress: o
173.4812 	Level image=waterlogo.jpg 	25
174.4651 	Level injecting via pump at address 0 	25
180.4617 	DATA 	Keypress: o
180.4628 	DATA 	Keypress: o
180.4638 	DATA 	Keypress: o
180.4802 	Level WAIT 	25
181.4591 	DATA 	Keypress: o
181.4767 	Level RINSE 	25
183.4618 	DATA 	Keypress: o
183.4788 	Level jitter 	25
188.4559 	Level finished 	25
188.4572 	DATA 	Keypress: o
188.4587 	DATA 	Keypress: o
188.4941 	Level image=tasty.jpg 	25
189.4591 	DATA 	Keypress: o
189.4767 	Level injecting via pump at address 1 	25
195.4625 	DATA 	Keypress: o
195.4638 	DATA 	Keypress: o
195.4651 	DATA 	Keypress: o
195.4912 	Level WAIT 	25
196.4738 	Level RINSE 	25
198.4627 	DATA 	Keypress: o
198.4738 	Level jitter 	25
204.4559 	Level finished 	25
204.4572 	DATA 	Keypress: o
204.4582 	DATA 	Keypress: o
204.4596 	DATA 	Keypress: o
204.4878 	Level image=waterlogo.jpg 	25
205.4588 	DATA 	Keypress: o
205.4716 	Level injecting via pump at address 0 	25
211.4622 	DATA 	Keypress: o
211.4635 	DATA 	Keypress: o
211.4649 	DATA 	Keypress: o
211.4697 	Level WAIT 	25
212.4686 	Level RINSE 	25
214.4617 	DATA 	Keypress: o
214.4678 	Level jitter 	25
217.4559 	Level finished 	25
217.4573 	DATA 	Keypress: o
217.4586 	DATA 	Keypress: o
217.4850 	Level image=tasty.jpg 	25
218.4677 	Level injecting via pump at address 1 	25
224.4612 	DATA 	Keypress: o
224.4625 	DATA 	Keypress: o
224.4638 	DATA 	Keypress: o
224.4801 	Level WAIT 	25
225.4584 	DATA 	Keypress: o
225.4817 	Level RINSE 	25
227.4615 	DATA 	Keypress: o
227.4807 	Level jitter 	25
235.4559 	Level finished 	25
235.4573 	DATA 	Keypress: o
235.4586 	DATA 	Keypress: o
235.4600 	DATA 	Keypress: o
235.4612 	DATA 	Keypress: o
235.4777 	Level image=waterlogo.jpg 	25
236.4618 	Level injecting via pump at address 0 	25
242.4618 	DATA 	Keypress: o
242.4633 	DATA 	Keypress: o
242.4647 	DATA 	Keypress: o
242.4763 	Level WAIT 	25
243.4590 	DATA 	Keypress: o
243.4752 	Level RINSE 	25
245.4606 	DATA 	Keypress: o
245.4742 	Level jitter 	25
247.4559 	Level finished 	25
247.4574 	DATA 	Keypress: o
247.4747 	Level image=tasty.jpg 	25
248.4647 	Level injecting via pump at address 1 	25
254.4614 	DATA 	Keypress: o
254.4627 	DATA 	Keypress: o
254.4642 	DATA 	Keypress: o
254.4717 	Level WAIT 	25
255.4587 	DATA 	Keypress: o
255.4715 	Level RINSE 	25
257.4622 	DATA 	Keypress: o
257.4703 	Level jitter 	25
266.4559 	Level finished 	25
266.4574 	DATA 	Keypress: o
266.4586 	DATA 	Keypress: o
266.4598 	DATA 	Keypress: o
266.4610 	DATA 	Keypress: o
266.4835 	Level image=waterlogo.jpg 	25
267.4585 	DATA 	Keypress: o
267.4849 	Level injecting via pump at address 0 	25
273.4616 	DATA 	Keypress: o
273.4634 	DATA 	Keypress: o
273.4649 	DATA 	Keypress: o
273.4820 	Level WAIT 	25
274.4820 	Level RINSE 	25
276.4613 	DATA 	Keypress: o
276.4813 	Level jitter 	25
278.4559 	Level finished 	25
278.4572 	DATA 	Keypress: o
278.4810 	Level image=tasty.jpg 	25
279.4593 	DATA 	Keypress: o
279.4805 	Level injecting via pump at address 1 	25
285.4618 	DATA 	Keypress: o
285.4631 	DATA 	Keypress: o
285.4645 	DATA 	Keypress: o
285.4777 	Level WAIT 	25
286.4781 	Level RINSE 	25
288.4615 	DATA 	Keypress: o
288.4775 	Level jitter 	25
291.4559 	Level finished 	25
291.4575 	DATA 	Keypress: o
291.4587 	DATA 	Keypress: o
291.4758 	Level image=waterlogo.jpg 	25
292.4759 	Level injecting via pump at address 0 	25
298.4610 	DATA 	Keypress: o
298.4620 	DATA 	Keypress: o
298.4632 	DATA 	Keypress: o
298.4743 	Level WAIT 	25
299.4584 	DATA 	Keypress: o
299.4681 	Level RINSE 	25
301.4614 	DATA 	Keypress: o
301.4736 	Level jitter 	25
305.4559 	Level finished 	25
305.4574 	DATA 	Keypress: o
305.4588 	DATA 	Keypress: o
305.4712 	Level image=tasty.jpg 	25
306.4716 	Level injecting via pump at address 1 	25
312.4614 	DATA 	Keypress: o
312.4627 	DATA 	Keypress: o
312.4641 	DATA 	Keypress: o
312.4865 	Level WAIT 	25
313.4592 	DATA 	Keypress: o
313.4692 	Level RINSE 	25
315.4612 	DATA 	Keypress: o
315.4688 	Level jitter 	25
316.4559 	Level finished 	25
316.4852 	Level image=waterlogo.jpg 	25
317.4587 	DATA 	Keypress: o
317.4683 	Level injecting via pump at address 0 	25
323.4615 	DATA 	Keypress: o
323.4629 	DATA 	Keypress: o
323.4644 	DATA 	Keypress: o
323.4832 	Level WAIT 	25
324.4818 	Level RINSE 	25
326.4624 	DATA 	Keypress: o
326.4818 	Level jitter 	25
329.4559 	Level finished 	25
329.4574 	DATA 	Keypress: o
329.4587 	DATA 	Keypress: o
329.4704 	Level image=tasty.jpg 	25
330.4807 	Level injecting via pump at address 1 	25
336.4612 	DATA 	Keypress: o
336.4626 	DATA 	Keypress: o
336.4638 	DATA 	Keypress: o
336.4714 	Level WAIT 	25
337.4587 	DATA 	Keypress: o
337.4780 	Level RINSE 	25
339.4618 	DATA 	Keypress: o
339.4769 	Level jitter 	25
347.4559 	Level finished 	25
347.4573 	DATA 	Keypress: o
347.4586 	DATA 	Keypress: o
347.4596 	DATA 	Keypress: o
347.4606 	DATA 	Keypress: o
347.4745 	Level image=tasty.jpg 	25
348.4749 	Level injecting via pump at address 1 	25
354.4613 	DATA 	Keypress: o
354.4626 	DATA 	Keypress: o
354.4638 	DATA 	Keypress: o
354.4892 	Level WAIT 	25
355.4587 	DATA 	Keypress: o
355.4721 	Level RINSE 	25
357.4614 	DATA 	Keypress: o
357.4882 	Level jitter 	25
361.4559 	Level finished 	25
361.4573 	DATA 	Keypress: o
361.4585 	DATA 	Keypress: o
361.4869 	Level image=waterlogo.jpg 	25
362.4862 	Level injecting via pump at address 0 	25
368.4623 	DATA 	Keypress: o
368.4637 	DATA 	Keypress: o
368.4650 	DATA 	Keypress: o
368.4741 	Level WAIT 	25
369.4588 	DATA 	Keypress: o
369.4679 	Level RINSE 	25
371.4623 	DATA 	Keypress: o
371.4836 	Level jitter 	25
374.4559 	Level finished 	25
374.4572 	DATA 	Keypress: o
374.4660 	Level image=tasty.jpg 	25
375.4585 	DATA 	Keypress: o
375.4660 	Level injecting via pump at address 1 	25
381.4614 	DATA 	Keypress: o
381.4626 	DATA 	Keypress: o
381.4637 	DATA 	Keypress: o
381.4752 	Level WAIT 	25
382.4628 	Level RINSE 	25
384.4613 	DATA 	Keypress: o
384.4740 	Level jitter 	25
389.4559 	Level finished 	25
389.4574 	DATA 	Keypress: o
389.4587 	DATA 	Keypress: o
389.4602 	DATA 	Keypress: o
389.4771 	Level image=waterlogo.jpg 	25
390.4744 	Level injecting via pump at address 0 	25
396.4613 	DATA 	Keypress: o
396.4624 	DATA 	Keypress: o
396.4633 	DATA 	Keypress: o
396.4921 	Level WAIT 	25
397.4595 	DATA 	Keypress: o
397.4751 	Level RINSE 	25
399.4619 	DATA 	Keypress: o
399.4907 	Level jitter 	25
404.4559 	Level finished 	25
404.4579 	DATA 	Keypress: o
404.4598 	DATA 	Keypress: o
404.4730 	Level image=waterlogo.jpg 	25
405.4588 	DATA 	Keypress: o
405.4891 	Level injecting via pump at address 0 	25
411.4614 	DATA 	Keypress: o
411.4626 	DATA 	Keypress: o
411.4639 	DATA 	Keypress: o
411.4870 	Level WAIT 	25
412.4696 	Level RINSE 	25
414.4615 	DATA 	Keypress: o
414.4698 	Level jitter 	25
423.4559 	Level finished 	25
423.4572 	DATA 	Keypress: o
423.4583 	DATA 	Keypress: o
423.4593 	DATA 	Keypress: o
423.4603 	DATA 	Keypress: o
423.4613 	DATA 	Keypress: o
423.4832 	Level image=tasty.jpg 	25
424.4656 	Level injecting via pump at address 1 	25
430.4616 	DATA 	Keypress: o
430.4633 	DATA 	Keypress: o
430.4645 	DATA 	Keypress: o
430.4802 	Level WAIT 	25
431.4591 	DATA 	Keypress: o
431.4638 	Level RINSE 	25
433.4617 	DATA 	Keypress: o
433.4785 	Level jitter 	25
435.4559 	Level finished 	25
435.4572 	DATA 	Keypress: o
435.4960 	Level image=waterlogo.jpg 	25
436.4784 	Level injecting via pump at address 0 	25
442.4621 	DATA 	Keypress: o
442.4634 	DATA 	Keypress: o
442.4646 	DATA 	Keypress: o
442.4770 	Level WAIT 	25
443.4589 	DATA 	Keypress: o
443.4771 	Level RINSE 	25
445.4614 	DATA 	Keypress: o
445.4752 	Level jitter 	25
448.4559 	Level finished 	25
448.4574 	DATA 	Keypress: o
448.4745 	Level image=waterlogo.jpg 	25
449.4588 	DATA 	Keypress: o
449.4750 	Level injecting via pump at address 0 	25
455.4618 	DATA 	Keypress: o
455.4631 	DATA 	Keypress: o
455.4643 	DATA 	Keypress: o
455.4731 	Level WAIT 	25
456.4718 	Level RINSE 	25
458.4615 	DATA 	Keypress: o
458.4719 	Level jitter 	25
463.4559 	Level finished 	25
463.4572 	DATA 	Keypress: o
463.4582 	DATA 	Keypress: o
463.4591 	DATA 	Keypress: o
463.4704 	Level image=tasty.jpg 	25
464.4699 	Level injecting via pump at address 1 	25
470.4617 	DATA 	Keypress: o
470.4632 	DATA 	Keypress: o
470.4644 	DATA 	Keypress: o
470.4804 	Level WAIT 	25
471.4585 	DATA 	Keypress: o
471.4636 	Level RINSE 	25
473.4614 	DATA 	Keypress: o
473.4835 	Level jitter 	25
475.4559 	Level finished 	25
475.4572 	DATA 	Keypress: o
475.4811 	Level image=tasty.jpg 	25
476.4642 	Level injecting via pump at address 1 	25
482.4614 	DATA 	Keypress: o
482.4631 	DATA 	Keypress: o
482.4644 	DATA 	Keypress: o
482.4804 	Level WAIT 	25
483.4584 	DATA 	Keypress: o
483.4798 	Level RINSE 	25
485.4609 	DATA 	Keypress: o
485.4788 	Level jitter 	25
492.4559 	Level finished 	25
492.4574 	DATA 	Keypress: o
492.4589 	DATA 	Keypress: o
492.4602 	DATA 	Keypress: o
492.4936 	Level image=waterlogo.jpg 	25
493.4583 	DATA 	Keypress: o
493.4652 	Level injecting via pump at address 0 	25
499.4613 	DATA 	Keypress: o
499.4626 	DATA 	Keypress: o
499.4640 	DATA 	Keypress: o
499.4743 	Level WAIT 	25
500.4660 	Level RINSE 	25
502.4613 	DATA 	Keypress: o
502.4744 	Level jitter 	25
505.4559 	Level finished 	25
505.4575 	DATA 	Keypress: o
505.4590 	DATA 	Keypress: o
505.4724 	Level image=tasty.jpg 	25
506.4726 	Level injecting via pump at address 1 	25
512.4618 	DATA 	Keypress: o
512.4631 	DATA 	Keypress: o
512.4644 	DATA 	Keypress: o
512.4712 	Level WAIT 	25
513.4590 	DATA 	Keypress: o
513.4708 	Level RINSE 	25
515.4613 	DATA 	Keypress: o
515.4690 	Level jitter 	25
517.4559 	Level finished 	25
517.4573 	DATA 	Keypress: o
517.4685 	Level image=waterlogo.jpg 	25
518.4668 	Level injecting via pump at address 0 	25
524.4616 	DATA 	Keypress: o
524.4629 	DATA 	Keypress: o
524.4644 	DATA 	Keypress: o
524.4844 	Level WAIT 	25
525.4585 	DATA 	Keypress: o
525.4669 	Level RINSE 	25
527.4614 	DATA 	Keypress: o
527.4678 	Level jitter 	25
535.4559 	Level finished 	25
535.4573 	DATA 	Keypress: o
535.4586 	DATA 	Keypress: o
535.4598 	DATA 	Keypress: o
535.4611 	DATA 	Keypress: o
535.4804 	Level image=tasty.jpg 	25
536.4799 	Level injecting via pump at address 1 	25
542.4617 	DATA 	Keypress: o
542.4631 	DATA 	Keypress: o
542.4643 	DATA 	Keypress: o
542.4770 	Level WAIT 	25
543.4590 	DATA 	Keypress: o
543.4767 	Level RINSE 	25
545.4632 	DATA 	Keypress: o
545.4763 	Level jitter 	25
547.4559 	Level finished 	25
547.4572 	DATA 	Keypress: o
547.4753 	Level image=waterlogo.jpg 	25
548.4750 	Level injecting via pump at address 0 	25
554.4613 	DATA 	Keypress: o
554.4625 	DATA 	Keypress: o
554.4637 	DATA 	Keypress: o
554.4735 	Level WAIT 	25
555.4741 	Level RINSE 	25
557.4722 	Level jitter 	25
564.4559 	Level finished 	25
