57.6445 	DATA 	Keypress: o
57.6455 	Level start key press 	25
59.6499 	DATA 	Keypress: o
61.6500 	DATA 	Keypress: o
63.6502 	DATA 	Keypress: o
65.6504 	DATA 	Keypress: o
66.1814 	Level image=tasty.jpg 	25
67.1315 	Level injecting via pump at address 1 	25
73.1204 	DATA 	Keypress: o
73.1214 	DATA 	Keypress: o
73.1224 	DATA 	Keypress: o
73.1323 	Level WAIT 	25
74.1177 	DATA 	Keypress: o
74.1320 	Level RINSE 	25
76.1282 	DATA 	Keypress: o
76.1488 	Level jitter 	25
85.1148 	Level finished 	25
85.1160 	DATA 	Keypress: o
85.1170 	DATA 	Keypress: o
85.1179 	DATA 	Keypress: o
85.1188 	DATA 	Keypress: o
85.1331 	Level image=waterlogo.jpg 	25
86.1172 	DATA 	Keypress: o
86.1328 	Level injecting via pump at address 0 	25
92.1194 	DATA 	Keypress: o
92.1206 	DATA 	Keypress: o
92.1215 	DATA 	Keypress: o
92.1332 	Level WAIT 	25
93.1334 	Level RINSE 	25
95.1191 	DATA 	Keypress: o
95.1339 	Level jitter 	25
99.1148 	Level finished 	25
99.1161 	DATA 	Keypress: o
99.1176 	DATA 	Keypress: o
99.1505 	Level image=tasty.jpg 	25
100.1176 	DATA 	Keypress: o
100.1506 	Level injecting via pump at address 1 	25
106.1198 	DATA 	Keypress: o
106.1208 	DATA 	Keypress: o
106.1217 	DATA 	Keypress: o
106.1512 	Level WAIT 	25
107.1344 	Level RINSE 	25
109.1201 	DATA 	Keypress: o
109.1510 	Level jitter 	25
113.1148 	Level finished 	25
113.1160 	DATA 	Keypress: o
113.1170 	DATA 	Keypress: o
113.1347 	Level image=waterlogo.jpg 	25
114.1175 	DATA 	Keypress: o
114.1348 	Level injecting via pump at address 0 	25
120.1201 	DATA 	Keypress: o
120.1212 	DATA 	Keypress: o
120.1223 	DATA 	Keypress: o
120.1356 	Level WAIT 	25
121.1352 	Level RINSE 	25
123.1198 	DATA 	Keypress: o
123.1354 	Level jitter 	25
127.1148 	Level finished 	25
127.1160 	DATA 	Keypress: o
127.1172 	DATA 	Keypress: o
127.1356 	Level image=waterlogo.jpg 	25
128.1172 	DATA 	Keypress: o
128.1358 	Level injecting via pump at address 0 	25
134.1196 	DATA 	Keypress: o
134.1205 	DATA 	Keypress: o
134.1214 	DATA 	Keypress: o
134.1532 	Level WAIT 	25
135.1362 	Level RINSE 	25
137.1200 	DATA 	Keypress: o
137.1364 	Level jitter 	25
141.1148 	Level finished 	25
141.1160 	DATA 	Keypress: o
141.1170 	DATA 	Keypress: o
141.1366 	Level image=tasty.jpg 	25
142.1175 	DATA 	Keypress: o
142.1367 	Level injecting via pump at address 1 	25
148.1198 	DATA 	Keypress: o
148.1210 	DATA 	Keypress: o
148.1221 	DATA 	Keypress: o
148.1375 	Level WAIT 	25
149.1371 	Level RINSE 	25
151.1196 	DATA 	Keypress: o
151.1373 	Level jitter 	25
157.1148 	Level finished 	25
157.1160 	DATA 	Keypress: o
157.1172 	DATA 	Keypress: o
157.1184 	DATA 	Keypress: o
157.1377 	Level image=waterlogo.jpg 	25
158.1172 	DATA 	Keypress: o
158.1382 	Level injecting via pump at address 0 	25
164.1201 	DATA 	Keypress: o
164.1213 	DATA 	Keypress: o
164.1225 	DATA 	Keypress: o
164.1382 	Level WAIT 	25
165.1383 	Level RINSE 	25
167.1195 	DATA 	Keypress: o
167.1384 	Level jitter 	25
170.1148 	Level finished 	25
170.1160 	DATA 	Keypress: o
170.1171 	DATA 	Keypress: o
170.1390 	Level image=tasty.jpg 	25
171.1387 	Level injecting via pump at address 1 	25
177.1194 	DATA 	Keypress: o
177.1203 	DATA 	Keypress: o
177.1212 	DATA 	Keypress: o
177.1391 	Level WAIT 	25
178.1175 	DATA 	Keypress: o
178.1392 	Level RINSE 	25
180.1198 	DATA 	Keypress: o
180.1398 	Level jitter 	25
183.1148 	Level finished 	25
183.1159 	DATA 	Keypress: o
183.1395 	Level image=waterlogo.jpg 	25
184.1175 	DATA 	Keypress: o
184.1396 	Level injecting via pump at address 0 	25
190.1204 	DATA 	Keypress: o
190.1215 	DATA 	Keypress: o
190.1225 	DATA 	Keypress: o
190.1403 	Level WAIT 	25
191.1234 	Level RINSE 	25
193.1198 	DATA 	Keypress: o
193.1402 	Level jitter 	25
197.1148 	Level finished 	25
197.1160 	DATA 	Keypress: o
197.1170 	DATA 	Keypress: o
197.1238 	Level image=waterlogo.jpg 	25
198.1177 	DATA 	Keypress: o
198.1406 	Level injecting via pump at address 0 	25
204.1199 	DATA 	Keypress: o
204.1210 	DATA 	Keypress: o
204.1222 	DATA 	Keypress: o
204.1413 	Level WAIT 	25
205.1410 	Level RINSE 	25
207.1201 	DATA 	Keypress: o
207.1411 	Level jitter 	25
212.1148 	Level finished 	25
212.1161 	DATA 	Keypress: o
212.1174 	DATA 	Keypress: o
212.1185 	DATA 	Keypress: o
212.1415 	Level image=tasty.jpg 	25
213.1249 	Level injecting via pump at address 1 	25
219.1201 	DATA 	Keypress: o
219.1213 	DATA 	Keypress: o
219.1224 	DATA 	Keypress: o
219.1258 	Level WAIT 	25
220.1172 	DATA 	Keypress: o
220.1255 	Level RINSE 	25
222.1201 	DATA 	Keypress: o
222.1255 	Level jitter 	25
225.1148 	Level finished 	25
225.1159 	DATA 	Keypress: o
225.1257 	Level image=waterlogo.jpg 	25
226.1175 	DATA 	Keypress: o
226.1258 	Level injecting via pump at address 0 	25
232.1198 	DATA 	Keypress: o
232.1210 	DATA 	Keypress: o
232.1220 	DATA 	Keypress: o
232.1433 	Level WAIT 	25
233.1429 	Level RINSE 	25
235.1204 	DATA 	Keypress: o
235.1265 	Level jitter 	25
243.1148 	Level finished 	25
243.1162 	DATA 	Keypress: o
243.1174 	DATA 	Keypress: o
243.1186 	DATA 	Keypress: o
243.1199 	DATA 	Keypress: o
243.1441 	Level image=tasty.jpg 	25
244.1176 	DATA 	Keypress: o
244.1271 	Level injecting via pump at address 1 	25
250.1202 	DATA 	Keypress: o
250.1214 	DATA 	Keypress: o
250.1226 	DATA 	Keypress: o
250.1275 	Level WAIT 	25
251.1275 	Level RINSE 	25
253.1200 	DATA 	Keypress: o
253.1448 	Level jitter 	25
255.1148 	Level finished 	25
255.1160 	DATA 	Keypress: o
255.1445 	Level image=tasty.jpg 	25
256.1175 	DATA 	Keypress: o
256.1446 	Level injecting via pump at address 1 	25
262.1201 	DATA 	Keypress: o
262.1211 	DATA 	Keypress: o
262.1220 	DATA 	Keypress: o
262.1449 	Level WAIT 	25
263.1288 	Level RINSE 	25
265.1201 	DATA 	Keypress: o
265.1452 	Level jitter 	25
267.1148 	Level finished 	25
267.1159 	DATA 	Keypress: o
267.1454 	Level image=waterlogo.jpg 	25
268.1176 	DATA 	Keypress: o
268.1454 	Level injecting via pump at address 0 	25
274.1198 	DATA 	Keypress: o
274.1208 	DATA 	Keypress: o
274.1217 	DATA 	Keypress: o
274.1461 	Level WAIT 	25
275.1292 	Level RINSE 	25
277.1198 	DATA 	Keypress: o
277.1460 	Level jitter 	25
280.1148 	Level finished 	25
280.1160 	DATA 	Keypress: o
280.1170 	DATA 	Keypress: o
280.1463 	Level image=tasty.jpg 	25
281.1464 	Level injecting via pump at address 1 	25
287.1200 	DATA 	Keypress: o
287.1210 	DATA 	Keypress: o
287.1219 	DATA 	Keypress: o
287.1471 	Level WAIT 	25
288.1180 	DATA 	Keypress: o
288.1301 	Level RINSE 	25
290.1204 	DATA 	Keypress: o
290.1468 	Level jitter 	25
292.1148 	Level finished 	25
292.1159 	DATA 	Keypress: o
292.1470 	Level image=waterlogo.jpg 	25
293.1471 	Level injecting via pump at address 0 	25
299.1206 	DATA 	Keypress: o
299.1218 	DATA 	Keypress: o
299.1229 	DATA 	Keypress: o
299.1478 	Level WAIT 	25
300.1176 	DATA 	Keypress: o
300.1309 	Level RINSE 	25
302.1198 	DATA 	Keypress: o
302.1477 	Level jitter 	25
303.1148 	Level finished 	25
303.1311 	Level image=tasty.jpg 	25
304.1172 	DATA 	Keypress: o
304.1313 	Level injecting via pump at address 1 	25
310.1196 	DATA 	Keypress: o
310.1206 	DATA 	Keypress: o
310.1216 	DATA 	Keypress: o
310.1320 	Level WAIT 	25
311.1317 	Level RINSE 	25
313.1202 	DATA 	Keypress: o
313.1318 	Level jitter 	25
315.1148 	Level finished 	25
315.1160 	DATA 	Keypress: o
315.1486 	Level image=waterlogo.jpg 	25
316.1172 	DATA 	Keypress: o
316.1320 	Level injecting via pump at address 0 	25
322.1208 	DATA 	Keypress: o
322.1222 	DATA 	Keypress: o
322.1235 	DATA 	Keypress: o
322.1328 	Level WAIT 	25
323.1325 	Level RINSE 	25
325.1195 	DATA 	Keypress: o
325.1326 	Level jitter 	25
331.1148 	Level finished 	25
331.1160 	DATA 	Keypress: o
331.1170 	DATA 	Keypress: o
331.1179 	DATA 	Keypress: o
331.1497 	Level image=waterlogo.jpg 	25
332.1173 	DATA 	Keypress: o
332.1336 	Level injecting via pump at address 0 	25
338.1194 	DATA 	Keypress: o
338.1204 	DATA 	Keypress: o
338.1213 	DATA 	Keypress: o
338.1335 	Level WAIT 	25
339.1336 	Level RINSE 	25
341.1198 	DATA 	Keypress: o
341.1337 	Level jitter 	25
344.1148 	Level finished 	25
344.1161 	DATA 	Keypress: o
344.1172 	DATA 	Keypress: o
344.1343 	Level image=tasty.jpg 	25
345.1340 	Level injecting via pump at address 1 	25
351.1204 	DATA 	Keypress: o
351.1217 	DATA 	Keypress: o
351.1228 	DATA 	Keypress: o
351.1345 	Level WAIT 	25
352.1175 	DATA 	Keypress: o
352.1345 	Level RINSE 	25
354.1206 	DATA 	Keypress: o
354.1350 	Level jitter 	25
362.1148 	Level finished 	25
362.1160 	DATA 	Keypress: o
362.1169 	DATA 	Keypress: o
362.1178 	DATA 	Keypress: o
362.1188 	DATA 	Keypress: o
362.1519 	Level image=waterlogo.jpg 	25
363.1354 	Level injecting via pump at address 0 	25
369.1198 	DATA 	Keypress: o
369.1208 	DATA 	Keypress: o
369.1218 	DATA 	Keypress: o
369.1361 	Level WAIT 	25
370.1179 	DATA 	Keypress: o
370.1357 	Level RINSE 	25
372.1191 	DATA 	Keypress: o
372.1358 	Level jitter 	25
377.1148 	Level finished 	25
377.1164 	DATA 	Keypress: o
377.1176 	DATA 	Keypress: o
377.1363 	Level image=tasty.jpg 	25
378.1176 	DATA 	Keypress: o
378.1364 	Level injecting via pump at address 1 	25
384.1200 	DATA 	Keypress: o
384.1211 	DATA 	Keypress: o
384.1221 	DATA 	Keypress: o
384.1538 	Level WAIT 	25
385.1367 	Level RINSE 	25
387.1197 	DATA 	Keypress: o
387.1369 	Level jitter 	25
391.1148 	Level finished 	25
391.1160 	DATA 	Keypress: o
391.1170 	DATA 	Keypress: o
391.1373 	Level image=waterlogo.jpg 	25
392.1175 	DATA 	Keypress: o
392.1374 	Level injecting via pump at address 0 	25
398.1203 	DATA 	Keypress: o
398.1216 	DATA 	Keypress: o
398.1229 	DATA 	Keypress: o
398.1380 	Level WAIT 	25
399.1377 	Level RINSE 	25
401.1196 	DATA 	Keypress: o
401.1378 	Level jitter 	25
406.1148 	Level finished 	25
406.1160 	DATA 	Keypress: o
406.1170 	DATA 	Keypress: o
406.1179 	DATA 	Keypress: o
406.1383 	Level image=tasty.jpg 	25
407.1384 	Level injecting via pump at address 1 	25
413.1201 	DATA 	Keypress: o
413.1213 	DATA 	Keypress: o
413.1225 	DATA 	Keypress: o
413.1391 	Level WAIT 	25
414.1173 	DATA 	Keypress: o
414.1388 	Level RINSE 	25
416.1201 	DATA 	Keypress: o
416.1389 	Level jitter 	25
425.1148 	Level finished 	25
425.1161 	DATA 	Keypress: o
425.1173 	DATA 	Keypress: o
425.1184 	DATA 	Keypress: o
425.1195 	DATA 	Keypress: o
425.1399 	Level image=waterlogo.jpg 	25
426.1175 	DATA 	Keypress: o
426.1396 	Level injecting via pump at address 0 	25
432.1202 	DATA 	Keypress: o
432.1214 	DATA 	Keypress: o
432.1225 	DATA 	Keypress: o
432.1400 	Level WAIT 	25
433.1401 	Level RINSE 	25
435.1199 	DATA 	Keypress: o
435.1407 	Level jitter 	25
444.1148 	Level finished 	25
444.1162 	DATA 	Keypress: o
444.1174 	DATA 	Keypress: o
444.1186 	DATA 	Keypress: o
444.1197 	DATA 	Keypress: o
444.1209 	DATA 	Keypress: o
444.1408 	Level image=tasty.jpg 	25
445.1414 	Level injecting via pump at address 1 	25
451.1195 	DATA 	Keypress: o
451.1204 	DATA 	Keypress: o
451.1214 	DATA 	Keypress: o
451.1414 	Level WAIT 	25
452.1175 	DATA 	Keypress: o
452.1414 	Level RINSE 	25
454.1191 	DATA 	Keypress: o
454.1415 	Level jitter 	25
458.1148 	Level finished 	25
458.1160 	DATA 	Keypress: o
458.1170 	DATA 	Keypress: o
458.1422 	Level image=tasty.jpg 	25
459.1252 	Level injecting via pump at address 1 	25
465.1192 	DATA 	Keypress: o
465.1202 	DATA 	Keypress: o
465.1211 	DATA 	Keypress: o
465.1423 	Level WAIT 	25
466.1174 	DATA 	Keypress: o
466.1257 	Level RINSE 	25
468.1202 	DATA 	Keypress: o
468.1429 	Level jitter 	25
471.1148 	Level finished 	25
471.1159 	DATA 	Keypress: o
471.1427 	Level image=waterlogo.jpg 	25
472.1175 	DATA 	Keypress: o
472.1262 	Level injecting via pump at address 0 	25
478.1202 	DATA 	Keypress: o
478.1212 	DATA 	Keypress: o
478.1222 	DATA 	Keypress: o
478.1269 	Level WAIT 	25
479.1266 	Level RINSE 	25
481.1200 	DATA 	Keypress: o
481.1267 	Level jitter 	25
482.1148 	Level finished 	25
482.1159 	DATA 	Keypress: o
482.1435 	Level image=tasty.jpg 	25
483.1437 	Level injecting via pump at address 1 	25
489.1192 	DATA 	Keypress: o
489.1201 	DATA 	Keypress: o
489.1210 	DATA 	Keypress: o
489.1443 	Level WAIT 	25
490.1175 	DATA 	Keypress: o
490.1440 	Level RINSE 	25
492.1191 	DATA 	Keypress: o
492.1442 	Level jitter 	25
499.1148 	Level finished 	25
499.1161 	DATA 	Keypress: o
499.1171 	DATA 	Keypress: o
499.1180 	DATA 	Keypress: o
499.1451 	Level image=waterlogo.jpg 	25
500.1175 	DATA 	Keypress: o
500.1281 	Level injecting via pump at address 0 	25
506.1193 	DATA 	Keypress: o
506.1203 	DATA 	Keypress: o
506.1212 	DATA 	Keypress: o
506.1284 	Level WAIT 	25
507.1285 	Level RINSE 	25
509.1214 	DATA 	Keypress: o
509.1291 	Level jitter 	25
510.1148 	Level finished 	25
510.1159 	DATA 	Keypress: o
510.1287 	Level image=tasty.jpg 	25
511.1288 	Level injecting via pump at address 1 	25
517.1198 	DATA 	Keypress: o
517.1210 	DATA 	Keypress: o
517.1222 	DATA 	Keypress: o
517.1458 	Level WAIT 	25
518.1171 	DATA 	Keypress: o
518.1459 	Level RINSE 	25
520.1201 	DATA 	Keypress: o
520.1465 	Level jitter 	25
526.1148 	Level finished 	25
