82.0739 	DATA 	Keypress: o
82.0746 	Level start key press 	25
84.0744 	DATA 	Keypress: o
86.0913 	DATA 	Keypress: o
88.0746 	DATA 	Keypress: o
90.0748 	DATA 	Keypress: o
90.6060 	Level image=tasty.jpg 	25
91.5561 	Level injecting via pump at address 1 	25
97.5444 	DATA 	Keypress: o
97.5455 	DATA 	Keypress: o
97.5467 	DATA 	Keypress: o
97.5735 	Level WAIT 	25
98.5417 	DATA 	Keypress: o
98.5731 	Level RINSE 	25
100.5527 	DATA 	Keypress: o
100.5732 	Level jitter 	25
109.5392 	Level finished 	25
109.5404 	DATA 	Keypress: o
109.5413 	DATA 	Keypress: o
109.5423 	DATA 	Keypress: o
109.5432 	DATA 	Keypress: o
109.5744 	Level image=waterlogo.jpg 	25
110.5418 	DATA 	Keypress: o
110.5573 	Level injecting via pump at address 0 	25
116.5445 	DATA 	Keypress: o
116.5457 	DATA 	Keypress: o
116.5469 	DATA 	Keypress: o
116.5743 	Level WAIT 	25
117.5578 	Level RINSE 	25
119.5436 	DATA 	Keypress: o
119.5583 	Level jitter 	25
123.5392 	Level finished 	25
123.5404 	DATA 	Keypress: o
123.5416 	DATA 	Keypress: o
123.5749 	Level image=tasty.jpg 	25
124.5418 	DATA 	Keypress: o
124.5582 	Level injecting via pump at address 1 	25
130.5443 	DATA 	Keypress: o
130.5455 	DATA 	Keypress: o
130.5466 	DATA 	Keypress: o
130.5590 	Level WAIT 	25
131.5587 	Level RINSE 	25
133.5441 	DATA 	Keypress: o
133.5589 	Level jitter 	25
137.5392 	Level finished 	25
137.5404 	DATA 	Keypress: o
137.5414 	DATA 	Keypress: o
137.5591 	Level image=waterlogo.jpg 	25
138.5416 	DATA 	Keypress: o
138.5592 	Level injecting via pump at address 0 	25
144.5445 	DATA 	Keypress: o
144.5455 	DATA 	Keypress: o
144.5464 	DATA 	Keypress: o
144.5600 	Level WAIT 	25
145.5430 	Level RINSE 	25
147.5436 	DATA 	Keypress: o
147.5598 	Level jitter 	25
151.5392 	Level finished 	25
151.5404 	DATA 	Keypress: o
151.5415 	DATA 	Keypress: o
151.5768 	Level image=waterlogo.jpg 	25
152.5415 	DATA 	Keypress: o
152.5602 	Level injecting via pump at address 0 	25
158.5442 	DATA 	Keypress: o
158.5452 	DATA 	Keypress: o
158.5461 	DATA 	Keypress: o
158.5608 	Level WAIT 	25
159.5607 	Level RINSE 	25
161.5444 	DATA 	Keypress: o
161.5608 	Level jitter 	25
165.5392 	Level finished 	25
165.5404 	DATA 	Keypress: o
165.5414 	DATA 	Keypress: o
165.5611 	Level image=tasty.jpg 	25
166.5420 	DATA 	Keypress: o
166.5611 	Level injecting via pump at address 1 	25
172.5442 	DATA 	Keypress: o
172.5452 	DATA 	Keypress: o
172.5462 	DATA 	Keypress: o
172.5619 	Level WAIT 	25
173.5616 	Level RINSE 	25
175.5445 	DATA 	Keypress: o
175.5618 	Level jitter 	25
181.5392 	Level finished 	25
181.5404 	DATA 	Keypress: o
181.5415 	DATA 	Keypress: o
181.5427 	DATA 	Keypress: o
181.5623 	Level image=waterlogo.jpg 	25
182.5415 	DATA 	Keypress: o
182.5626 	Level injecting via pump at address 0 	25
188.5442 	DATA 	Keypress: o
188.5453 	DATA 	Keypress: o
188.5462 	DATA 	Keypress: o
188.5626 	Level WAIT 	25
189.5460 	Level RINSE 	25
191.5443 	DATA 	Keypress: o
191.5629 	Level jitter 	25
194.5392 	Level finished 	25
194.5404 	DATA 	Keypress: o
194.5416 	DATA 	Keypress: o
194.5634 	Level image=tasty.jpg 	25
195.5465 	Level injecting via pump at address 1 	25
201.5435 	DATA 	Keypress: o
201.5445 	DATA 	Keypress: o
201.5456 	DATA 	Keypress: o
201.5635 	Level WAIT 	25
202.5418 	DATA 	Keypress: o
202.5636 	Level RINSE 	25
204.5441 	DATA 	Keypress: o
204.5642 	Level jitter 	25
207.5392 	Level finished 	25
207.5403 	DATA 	Keypress: o
207.5641 	Level image=waterlogo.jpg 	25
208.5416 	DATA 	Keypress: o
208.5474 	Level injecting via pump at address 0 	25
214.5450 	DATA 	Keypress: o
214.5462 	DATA 	Keypress: o
214.5474 	DATA 	Keypress: o
214.5648 	Level WAIT 	25
215.5645 	Level RINSE 	25
217.5441 	DATA 	Keypress: o
217.5480 	Level jitter 	25
221.5392 	Level finished 	25
221.5403 	DATA 	Keypress: o
221.5413 	DATA 	Keypress: o
221.5650 	Level image=waterlogo.jpg 	25
222.5416 	DATA 	Keypress: o
222.5651 	Level injecting via pump at address 0 	25
228.5436 	DATA 	Keypress: o
228.5448 	DATA 	Keypress: o
228.5460 	DATA 	Keypress: o
228.5657 	Level WAIT 	25
229.5655 	Level RINSE 	25
231.5435 	DATA 	Keypress: o
231.5656 	Level jitter 	25
236.5392 	Level finished 	25
236.5404 	DATA 	Keypress: o
236.5414 	DATA 	Keypress: o
236.5423 	DATA 	Keypress: o
236.5660 	Level image=tasty.jpg 	25
237.5661 	Level injecting via pump at address 1 	25
243.5442 	DATA 	Keypress: o
243.5452 	DATA 	Keypress: o
243.5464 	DATA 	Keypress: o
243.5668 	Level WAIT 	25
244.5419 	DATA 	Keypress: o
244.5665 	Level RINSE 	25
246.5438 	DATA 	Keypress: o
246.5666 	Level jitter 	25
249.5392 	Level finished 	25
249.5403 	DATA 	Keypress: o
249.5669 	Level image=waterlogo.jpg 	25
250.5421 	DATA 	Keypress: o
250.5670 	Level injecting via pump at address 0 	25
256.5442 	DATA 	Keypress: o
256.5452 	DATA 	Keypress: o
256.5461 	DATA 	Keypress: o
256.5677 	Level WAIT 	25
257.5674 	Level RINSE 	25
259.5442 	DATA 	Keypress: o
259.5675 	Level jitter 	25
267.5392 	Level finished 	25
267.5404 	DATA 	Keypress: o
267.5414 	DATA 	Keypress: o
267.5423 	DATA 	Keypress: o
267.5433 	DATA 	Keypress: o
267.5518 	Level image=tasty.jpg 	25
268.5418 	DATA 	Keypress: o
268.5515 	Level injecting via pump at address 1 	25
274.5443 	DATA 	Keypress: o
274.5455 	DATA 	Keypress: o
274.5466 	DATA 	Keypress: o
274.5685 	Level WAIT 	25
275.5687 	Level RINSE 	25
277.5443 	DATA 	Keypress: o
277.5525 	Level jitter 	25
279.5392 	Level finished 	25
279.5403 	DATA 	Keypress: o
279.5690 	Level image=tasty.jpg 	25
280.5419 	DATA 	Keypress: o
280.5524 	Level injecting via pump at address 1 	25
286.5445 	DATA 	Keypress: o
286.5458 	DATA 	Keypress: o
286.5469 	DATA 	Keypress: o
286.5527 	Level WAIT 	25
287.5532 	Level RINSE 	25
289.5441 	DATA 	Keypress: o
289.5530 	Level jitter 	25
291.5392 	Level finished 	25
291.5403 	DATA 	Keypress: o
291.5698 	Level image=waterlogo.jpg 	25
292.5416 	DATA 	Keypress: o
292.5532 	Level injecting via pump at address 0 	25
298.5437 	DATA 	Keypress: o
298.5447 	DATA 	Keypress: o
298.5458 	DATA 	Keypress: o
298.5539 	Level WAIT 	25
299.5537 	Level RINSE 	25
301.5440 	DATA 	Keypress: o
301.5537 	Level jitter 	25
304.5392 	Level finished 	25
304.5404 	DATA 	Keypress: o
304.5415 	DATA 	Keypress: o
304.5706 	Level image=tasty.jpg 	25
305.5541 	Level injecting via pump at address 1 	25
311.5436 	DATA 	Keypress: o
311.5446 	DATA 	Keypress: o
311.5455 	DATA 	Keypress: o
311.5548 	Level WAIT 	25
312.5415 	DATA 	Keypress: o
312.5545 	Level RINSE 	25
314.5445 	DATA 	Keypress: o
314.5546 	Level jitter 	25
316.5392 	Level finished 	25
316.5404 	DATA 	Keypress: o
316.5715 	Level image=waterlogo.jpg 	25
317.5550 	Level injecting via pump at address 0 	25
323.5442 	DATA 	Keypress: o
323.5453 	DATA 	Keypress: o
323.5463 	DATA 	Keypress: o
323.5557 	Level WAIT 	25
324.5419 	DATA 	Keypress: o
324.5553 	Level RINSE 	25
326.5442 	DATA 	Keypress: o
326.5554 	Level jitter 	25
327.5392 	Level finished 	25
327.5556 	Level image=tasty.jpg 	25
328.5416 	DATA 	Keypress: o
328.5557 	Level injecting via pump at address 1 	25
334.5445 	DATA 	Keypress: o
334.5459 	DATA 	Keypress: o
334.5471 	DATA 	Keypress: o
334.5731 	Level WAIT 	25
335.5728 	Level RINSE 	25
337.5444 	DATA 	Keypress: o
337.5562 	Level jitter 	25
339.5392 	Level finished 	25
339.5404 	DATA 	Keypress: o
339.5564 	Level image=waterlogo.jpg 	25
340.5416 	DATA 	Keypress: o
340.5565 	Level injecting via pump at address 0 	25
346.5445 	DATA 	Keypress: o
346.5459 	DATA 	Keypress: o
346.5471 	DATA 	Keypress: o
346.5574 	Level WAIT 	25
347.5570 	Level RINSE 	25
349.5446 	DATA 	Keypress: o
349.5570 	Level jitter 	25
355.5392 	Level finished 	25
355.5404 	DATA 	Keypress: o
355.5414 	DATA 	Keypress: o
355.5423 	DATA 	Keypress: o
355.5575 	Level image=waterlogo.jpg 	25
356.5418 	DATA 	Keypress: o
356.5580 	Level injecting via pump at address 0 	25
362.5442 	DATA 	Keypress: o
362.5454 	DATA 	Keypress: o
362.5467 	DATA 	Keypress: o
362.5580 	Level WAIT 	25
363.5581 	Level RINSE 	25
365.5435 	DATA 	Keypress: o
365.5581 	Level jitter 	25
368.5392 	Level finished 	25
368.5404 	DATA 	Keypress: o
368.5416 	DATA 	Keypress: o
368.5588 	Level image=tasty.jpg 	25
369.5585 	Level injecting via pump at address 1 	25
375.5443 	DATA 	Keypress: o
375.5453 	DATA 	Keypress: o
375.5463 	DATA 	Keypress: o
375.5755 	Level WAIT 	25
376.5417 	DATA 	Keypress: o
376.5590 	Level RINSE 	25
378.5445 	DATA 	Keypress: o
378.5594 	Level jitter 	25
386.5392 	Level finished 	25
386.5404 	DATA 	Keypress: o
386.5414 	DATA 	Keypress: o
386.5426 	DATA 	Keypress: o
386.5437 	DATA 	Keypress: o
386.5597 	Level image=waterlogo.jpg 	25
387.5598 	Level injecting via pump at address 0 	25
393.5442 	DATA 	Keypress: o
393.5452 	DATA 	Keypress: o
393.5461 	DATA 	Keypress: o
393.5605 	Level WAIT 	25
394.5424 	DATA 	Keypress: o
394.5602 	Level RINSE 	25
396.5436 	DATA 	Keypress: o
396.5602 	Level jitter 	25
401.5392 	Level finished 	25
401.5404 	DATA 	Keypress: o
401.5413 	DATA 	Keypress: o
401.5606 	Level image=tasty.jpg 	25
402.5416 	DATA 	Keypress: o
402.5608 	Level injecting via pump at address 1 	25
408.5444 	DATA 	Keypress: o
408.5456 	DATA 	Keypress: o
408.5468 	DATA 	Keypress: o
408.5615 	Level WAIT 	25
409.5612 	Level RINSE 	25
411.5442 	DATA 	Keypress: o
411.5613 	Level jitter 	25
415.5392 	Level finished 	25
415.5404 	DATA 	Keypress: o
415.5415 	DATA 	Keypress: o
415.5616 	Level image=waterlogo.jpg 	25
416.5424 	DATA 	Keypress: o
416.5618 	Level injecting via pump at address 0 	25
422.5446 	DATA 	Keypress: o
422.5458 	DATA 	Keypress: o
422.5470 	DATA 	Keypress: o
422.5625 	Level WAIT 	25
423.5455 	Level RINSE 	25
425.5441 	DATA 	Keypress: o
425.5623 	Level jitter 	25
430.5392 	Level finished 	25
430.5405 	DATA 	Keypress: o
430.5415 	DATA 	Keypress: o
430.5425 	DATA 	Keypress: o
430.5627 	Level image=tasty.jpg 	25
431.5628 	Level injecting via pump at address 1 	25
437.5438 	DATA 	Keypress: o
437.5448 	DATA 	Keypress: o
437.5459 	DATA 	Keypress: o
437.5635 	Level WAIT 	25
438.5418 	DATA 	Keypress: o
438.5633 	Level RINSE 	25
440.5441 	DATA 	Keypress: o
440.5633 	Level jitter 	25
449.5392 	Level finished 	25
449.5405 	DATA 	Keypress: o
449.5420 	DATA 	Keypress: o
449.5431 	DATA 	Keypress: o
449.5442 	DATA 	Keypress: o
449.5645 	Level image=waterlogo.jpg 	25
450.5418 	DATA 	Keypress: o
450.5641 	Level injecting via pump at address 0 	25
456.5440 	DATA 	Keypress: o
456.5450 	DATA 	Keypress: o
456.5460 	DATA 	Keypress: o
456.5644 	Level WAIT 	25
457.5645 	Level RINSE 	25
459.5438 	DATA 	Keypress: o
459.5651 	Level jitter 	25
468.5392 	Level finished 	25
468.5404 	DATA 	Keypress: o
468.5414 	DATA 	Keypress: o
468.5423 	DATA 	Keypress: o
468.5433 	DATA 	Keypress: o
468.5442 	DATA 	Keypress: o
468.5653 	Level image=tasty.jpg 	25
469.5658 	Level injecting via pump at address 1 	25
475.5444 	DATA 	Keypress: o
475.5456 	DATA 	Keypress: o
475.5468 	DATA 	Keypress: o
475.5658 	Level WAIT 	25
476.5418 	DATA 	Keypress: o
476.5491 	Level RINSE 	25
478.5446 	DATA 	Keypress: o
478.5660 	Level jitter 	25
482.5392 	Level finished 	25
482.5403 	DATA 	Keypress: o
482.5414 	DATA 	Keypress: o
482.5500 	Level image=tasty.jpg 	25
483.5497 	Level injecting via pump at address 1 	25
489.5443 	DATA 	Keypress: o
489.5456 	DATA 	Keypress: o
489.5465 	DATA 	Keypress: o
489.5667 	Level WAIT 	25
490.5420 	DATA 	Keypress: o
490.5669 	Level RINSE 	25
492.5456 	DATA 	Keypress: o
492.5674 	Level jitter 	25
495.5392 	Level finished 	25
495.5403 	DATA 	Keypress: o
495.5505 	Level image=waterlogo.jpg 	25
496.5418 	DATA 	Keypress: o
496.5672 	Level injecting via pump at address 0 	25
502.5445 	DATA 	Keypress: o
502.5456 	DATA 	Keypress: o
502.5465 	DATA 	Keypress: o
502.5680 	Level WAIT 	25
503.5677 	Level RINSE 	25
505.5435 	DATA 	Keypress: o
505.5511 	Level jitter 	25
506.5392 	Level finished 	25
506.5403 	DATA 	Keypress: o
506.5680 	Level image=tasty.jpg 	25
507.5514 	Level injecting via pump at address 1 	25
513.5442 	DATA 	Keypress: o
513.5452 	DATA 	Keypress: o
513.5461 	DATA 	Keypress: o
513.5687 	Level WAIT 	25
514.5422 	DATA 	Keypress: o
514.5518 	Level RINSE 	25
516.5447 	DATA 	Keypress: o
516.5686 	Level jitter 	25
523.5392 	Level finished 	25
523.5404 	DATA 	Keypress: o
523.5413 	DATA 	Keypress: o
523.5423 	DATA 	Keypress: o
523.5528 	Level image=waterlogo.jpg 	25
524.5420 	DATA 	Keypress: o
524.5526 	Level injecting via pump at address 0 	25
530.5444 	DATA 	Keypress: o
530.5456 	DATA 	Keypress: o
530.5466 	DATA 	Keypress: o
530.5695 	Level WAIT 	25
531.5697 	Level RINSE 	25
533.5460 	DATA 	Keypress: o
533.5702 	Level jitter 	25
534.5392 	Level finished 	25
534.5404 	DATA 	Keypress: o
534.5699 	Level image=tasty.jpg 	25
535.5700 	Level injecting via pump at address 1 	25
541.5442 	DATA 	Keypress: o
541.5453 	DATA 	Keypress: o
541.5464 	DATA 	Keypress: o
541.5703 	Level WAIT 	25
542.5417 	DATA 	Keypress: o
542.5537 	Level RINSE 	25
544.5438 	DATA 	Keypress: o
544.5709 	Level jitter 	25
550.5392 	Level finished 	25
