49.2298 	DATA 	Keypress: o
49.2306 	Level start key press 	25
51.2303 	DATA 	Keypress: o
53.2303 	DATA 	Keypress: o
55.2302 	DATA 	Keypress: o
57.2304 	DATA 	Keypress: o
57.7616 	Level image=tasty.jpg 	25
58.7122 	Level injecting via pump at address 1 	25
64.7005 	DATA 	Keypress: o
64.7025 	DATA 	Keypress: o
64.7038 	DATA 	Keypress: o
64.7288 	Level WAIT 	25
65.6979 	DATA 	Keypress: o
65.7290 	Level RINSE 	25
67.7089 	DATA 	Keypress: o
67.7289 	Level jitter 	25
76.6950 	Level finished 	25
76.6964 	DATA 	Keypress: o
76.6978 	DATA 	Keypress: o
76.6990 	DATA 	Keypress: o
76.7003 	DATA 	Keypress: o
76.7301 	Level image=waterlogo.jpg 	25
77.6980 	DATA 	Keypress: o
77.7131 	Level injecting via pump at address 0 	25
83.7008 	DATA 	Keypress: o
83.7026 	DATA 	Keypress: o
83.7041 	DATA 	Keypress: o
83.7301 	Level WAIT 	25
84.7137 	Level RINSE 	25
86.7000 	DATA 	Keypress: o
86.7141 	Level jitter 	25
90.6950 	Level finished 	25
90.6963 	DATA 	Keypress: o
90.6976 	DATA 	Keypress: o
90.7307 	Level image=tasty.jpg 	25
91.6978 	DATA 	Keypress: o
91.7141 	Level injecting via pump at address 1 	25
97.6997 	DATA 	Keypress: o
97.7009 	DATA 	Keypress: o
97.7019 	DATA 	Keypress: o
97.7149 	Level WAIT 	25
98.7146 	Level RINSE 	25
100.6999 	DATA 	Keypress: o
100.7147 	Level jitter 	25
104.6950 	Level finished 	25
104.6964 	DATA 	Keypress: o
104.6978 	DATA 	Keypress: o
104.7149 	Level image=waterlogo.jpg 	25
105.6978 	DATA 	Keypress: o
105.7151 	Level injecting via pump at address 0 	25
111.7010 	DATA 	Keypress: o
111.7024 	DATA 	Keypress: o
111.7038 	DATA 	Keypress: o
111.7325 	Level WAIT 	25
112.7156 	Level RINSE 	25
114.7009 	DATA 	Keypress: o
114.7156 	Level jitter 	25
118.6950 	Level finished 	25
118.6963 	DATA 	Keypress: o
118.6976 	DATA 	Keypress: o
118.7327 	Level image=waterlogo.jpg 	25
119.6977 	DATA 	Keypress: o
119.7160 	Level injecting via pump at address 0 	25
125.7003 	DATA 	Keypress: o
125.7016 	DATA 	Keypress: o
125.7026 	DATA 	Keypress: o
125.7169 	Level WAIT 	25
126.7166 	Level RINSE 	25
128.7011 	DATA 	Keypress: o
128.7167 	Level jitter 	25
132.6950 	Level finished 	25
132.6963 	DATA 	Keypress: o
132.6974 	DATA 	Keypress: o
132.7169 	Level image=tasty.jpg 	25
133.6978 	DATA 	Keypress: o
133.7169 	Level injecting via pump at address 1 	25
139.7003 	DATA 	Keypress: o
139.7014 	DATA 	Keypress: o
139.7024 	DATA 	Keypress: o
139.7178 	Level WAIT 	25
140.7174 	Level RINSE 	25
142.7000 	DATA 	Keypress: o
142.7176 	Level jitter 	25
148.6950 	Level finished 	25
148.6964 	DATA 	Keypress: o
148.6977 	DATA 	Keypress: o
148.6989 	DATA 	Keypress: o
148.7180 	Level image=waterlogo.jpg 	25
149.6978 	DATA 	Keypress: o
149.7185 	Level injecting via pump at address 0 	25
155.7009 	DATA 	Keypress: o
155.7024 	DATA 	Keypress: o
155.7037 	DATA 	Keypress: o
155.7185 	Level WAIT 	25
156.7019 	Level RINSE 	25
158.7007 	DATA 	Keypress: o
158.7186 	Level jitter 	25
161.6950 	Level finished 	25
161.6962 	DATA 	Keypress: o
161.6973 	DATA 	Keypress: o
161.7193 	Level image=tasty.jpg 	25
162.7190 	Level injecting via pump at address 1 	25
168.7002 	DATA 	Keypress: o
168.7012 	DATA 	Keypress: o
168.7021 	DATA 	Keypress: o
168.7194 	Level WAIT 	25
169.6983 	DATA 	Keypress: o
169.7194 	Level RINSE 	25
171.7004 	DATA 	Keypress: o
171.7201 	Level jitter 	25
174.6950 	Level finished 	25
174.6964 	DATA 	Keypress: o
174.7198 	Level image=waterlogo.jpg 	25
175.6977 	DATA 	Keypress: o
175.7032 	Level injecting via pump at address 0 	25
181.7007 	DATA 	Keypress: o
181.7020 	DATA 	Keypress: o
181.7032 	DATA 	Keypress: o
181.7207 	Level WAIT 	25
182.7037 	Level RINSE 	25
184.7018 	DATA 	Keypress: o
184.7205 	Level jitter 	25
188.6950 	Level finished 	25
188.6963 	DATA 	Keypress: o
188.6974 	DATA 	Keypress: o
188.7208 	Level image=waterlogo.jpg 	25
189.6978 	DATA 	Keypress: o
189.7208 	Level injecting via pump at address 0 	25
195.7016 	DATA 	Keypress: o
195.7031 	DATA 	Keypress: o
195.7043 	DATA 	Keypress: o
195.7214 	Level WAIT 	25
196.7213 	Level RINSE 	25
198.7004 	DATA 	Keypress: o
198.7213 	Level jitter 	25
203.6950 	Level finished 	25
203.6963 	DATA 	Keypress: o
203.6976 	DATA 	Keypress: o
203.6988 	DATA 	Keypress: o
203.7218 	Level image=tasty.jpg 	25
204.7052 	Level injecting via pump at address 1 	25
210.7005 	DATA 	Keypress: o
210.7018 	DATA 	Keypress: o
210.7034 	DATA 	Keypress: o
210.7227 	Level WAIT 	25
211.6982 	DATA 	Keypress: o
211.7224 	Level RINSE 	25
213.7018 	DATA 	Keypress: o
213.7224 	Level jitter 	25
216.6950 	Level finished 	25
216.6964 	DATA 	Keypress: o
216.7227 	Level image=waterlogo.jpg 	25
217.6977 	DATA 	Keypress: o
217.7228 	Level injecting via pump at address 0 	25
223.6999 	DATA 	Keypress: o
223.7010 	DATA 	Keypress: o
223.7020 	DATA 	Keypress: o
223.7233 	Level WAIT 	25
224.7232 	Level RINSE 	25
226.6999 	DATA 	Keypress: o
226.7233 	Level jitter 	25
234.6950 	Level finished 	25
234.6969 	DATA 	Keypress: o
234.6986 	DATA 	Keypress: o
234.6998 	DATA 	Keypress: o
234.7010 	DATA 	Keypress: o
234.7244 	Level image=tasty.jpg 	25
235.6974 	DATA 	Keypress: o
235.7074 	Level injecting via pump at address 1 	25
241.7003 	DATA 	Keypress: o
241.7016 	DATA 	Keypress: o
241.7028 	DATA 	Keypress: o
241.7244 	Level WAIT 	25
242.7077 	Level RINSE 	25
244.7009 	DATA 	Keypress: o
244.7083 	Level jitter 	25
246.6950 	Level finished 	25
246.6964 	DATA 	Keypress: o
246.7248 	Level image=tasty.jpg 	25
247.6979 	DATA 	Keypress: o
247.7082 	Level injecting via pump at address 1 	25
253.7003 	DATA 	Keypress: o
253.7015 	DATA 	Keypress: o
253.7024 	DATA 	Keypress: o
253.7086 	Level WAIT 	25
254.7091 	Level RINSE 	25
256.6997 	DATA 	Keypress: o
256.7087 	Level jitter 	25
258.6950 	Level finished 	25
258.6964 	DATA 	Keypress: o
258.7257 	Level image=waterlogo.jpg 	25
259.6979 	DATA 	Keypress: o
259.7090 	Level injecting via pump at address 0 	25
265.7002 	DATA 	Keypress: o
265.7014 	DATA 	Keypress: o
265.7024 	DATA 	Keypress: o
265.7265 	Level WAIT 	25
266.7095 	Level RINSE 	25
268.7004 	DATA 	Keypress: o
268.7262 	Level jitter 	25
271.6950 	Level finished 	25
271.6963 	DATA 	Keypress: o
271.6976 	DATA 	Keypress: o
271.7266 	Level image=tasty.jpg 	25
272.7100 	Level injecting via pump at address 1 	25
278.7004 	DATA 	Keypress: o
278.7016 	DATA 	Keypress: o
278.7026 	DATA 	Keypress: o
278.7107 	Level WAIT 	25
279.6974 	DATA 	Keypress: o
279.7103 	Level RINSE 	25
281.7002 	DATA 	Keypress: o
281.7104 	Level jitter 	25
283.6950 	Level finished 	25
283.6964 	DATA 	Keypress: o
283.7273 	Level image=waterlogo.jpg 	25
284.7108 	Level injecting via pump at address 0 	25
290.7002 	DATA 	Keypress: o
290.7013 	DATA 	Keypress: o
290.7022 	DATA 	Keypress: o
290.7282 	Level WAIT 	25
291.6979 	DATA 	Keypress: o
291.7112 	Level RINSE 	25
293.7006 	DATA 	Keypress: o
293.7280 	Level jitter 	25
294.6950 	Level finished 	25
294.7114 	Level image=tasty.jpg 	25
295.6978 	DATA 	Keypress: o
295.7116 	Level injecting via pump at address 1 	25
301.7005 	DATA 	Keypress: o
301.7019 	DATA 	Keypress: o
301.7031 	DATA 	Keypress: o
301.7290 	Level WAIT 	25
302.7120 	Level RINSE 	25
304.7010 	DATA 	Keypress: o
304.7121 	Level jitter 	25
306.6950 	Level finished 	25
306.6964 	DATA 	Keypress: o
306.7122 	Level image=waterlogo.jpg 	25
307.6981 	DATA 	Keypress: o
307.7124 	Level injecting via pump at address 0 	25
313.7009 	DATA 	Keypress: o
313.7022 	DATA 	Keypress: o
313.7034 	DATA 	Keypress: o
313.7131 	Level WAIT 	25
314.7128 	Level RINSE 	25
316.7003 	DATA 	Keypress: o
316.7129 	Level jitter 	25
322.6950 	Level finished 	25
322.6963 	DATA 	Keypress: o
322.6974 	DATA 	Keypress: o
322.6986 	DATA 	Keypress: o
322.7133 	Level image=waterlogo.jpg 	25
323.6979 	DATA 	Keypress: o
323.7140 	Level injecting via pump at address 0 	25
329.7003 	DATA 	Keypress: o
329.7013 	DATA 	Keypress: o
329.7022 	DATA 	Keypress: o
329.7137 	Level WAIT 	25
330.7139 	Level RINSE 	25
332.7001 	DATA 	Keypress: o
332.7140 	Level jitter 	25
335.6950 	Level finished 	25
335.6962 	DATA 	Keypress: o
335.6973 	DATA 	Keypress: o
335.7147 	Level image=tasty.jpg 	25
336.7143 	Level injecting via pump at address 1 	25
342.7003 	DATA 	Keypress: o
342.7017 	DATA 	Keypress: o
342.7028 	DATA 	Keypress: o
342.7147 	Level WAIT 	25
343.6979 	DATA 	Keypress: o
343.7315 	Level RINSE 	25
345.7012 	DATA 	Keypress: o
345.7154 	Level jitter 	25
353.6950 	Level finished 	25
353.6964 	DATA 	Keypress: o
353.6976 	DATA 	Keypress: o
353.6988 	DATA 	Keypress: o
353.7000 	DATA 	Keypress: o
353.7156 	Level image=waterlogo.jpg 	25
354.7157 	Level injecting via pump at address 0 	25
360.7000 	DATA 	Keypress: o
360.7011 	DATA 	Keypress: o
360.7021 	DATA 	Keypress: o
360.7164 	Level WAIT 	25
361.6978 	DATA 	Keypress: o
361.7160 	Level RINSE 	25
363.7004 	DATA 	Keypress: o
363.7161 	Level jitter 	25
368.6950 	Level finished 	25
368.6962 	DATA 	Keypress: o
368.6973 	DATA 	Keypress: o
368.7332 	Level image=tasty.jpg 	25
369.6981 	DATA 	Keypress: o
369.7167 	Level injecting via pump at address 1 	25
375.7001 	DATA 	Keypress: o
375.7012 	DATA 	Keypress: o
375.7022 	DATA 	Keypress: o
375.7174 	Level WAIT 	25
376.7170 	Level RINSE 	25
378.6996 	DATA 	Keypress: o
378.7171 	Level jitter 	25
382.6950 	Level finished 	25
382.6963 	DATA 	Keypress: o
382.6976 	DATA 	Keypress: o
382.7175 	Level image=waterlogo.jpg 	25
383.6980 	DATA 	Keypress: o
383.7177 	Level injecting via pump at address 0 	25
389.7010 	DATA 	Keypress: o
389.7022 	DATA 	Keypress: o
389.7034 	DATA 	Keypress: o
389.7183 	Level WAIT 	25
390.7014 	Level RINSE 	25
392.7001 	DATA 	Keypress: o
392.7181 	Level jitter 	25
397.6950 	Level finished 	25
397.6966 	DATA 	Keypress: o
397.6979 	DATA 	Keypress: o
397.6991 	DATA 	Keypress: o
397.7186 	Level image=tasty.jpg 	25
398.7187 	Level injecting via pump at address 1 	25
404.7002 	DATA 	Keypress: o
404.7012 	DATA 	Keypress: o
404.7021 	DATA 	Keypress: o
404.7194 	Level WAIT 	25
405.6981 	DATA 	Keypress: o
405.7190 	Level RINSE 	25
407.6997 	DATA 	Keypress: o
407.7192 	Level jitter 	25
416.6950 	Level finished 	25
416.6965 	DATA 	Keypress: o
416.6979 	DATA 	Keypress: o
416.6991 	DATA 	Keypress: o
416.7003 	DATA 	Keypress: o
416.7202 	Level image=waterlogo.jpg 	25
417.6978 	DATA 	Keypress: o
417.7200 	Level injecting via pump at address 0 	25
423.7010 	DATA 	Keypress: o
423.7023 	DATA 	Keypress: o
423.7035 	DATA 	Keypress: o
423.7202 	Level WAIT 	25
424.7204 	Level RINSE 	25
426.7011 	DATA 	Keypress: o
426.7210 	Level jitter 	25
435.6950 	Level finished 	25
435.6964 	DATA 	Keypress: o
435.6975 	DATA 	Keypress: o
435.6985 	DATA 	Keypress: o
435.6994 	DATA 	Keypress: o
435.7004 	DATA 	Keypress: o
435.7211 	Level image=tasty.jpg 	25
436.7216 	Level injecting via pump at address 1 	25
442.7000 	DATA 	Keypress: o
442.7010 	DATA 	Keypress: o
442.7020 	DATA 	Keypress: o
442.7216 	Level WAIT 	25
443.6976 	DATA 	Keypress: o
443.7217 	Level RINSE 	25
445.7001 	DATA 	Keypress: o
445.7217 	Level jitter 	25
449.6950 	Level finished 	25
449.6964 	DATA 	Keypress: o
449.6977 	DATA 	Keypress: o
449.7225 	Level image=tasty.jpg 	25
450.7056 	Level injecting via pump at address 1 	25
456.7005 	DATA 	Keypress: o
456.7020 	DATA 	Keypress: o
456.7032 	DATA 	Keypress: o
456.7227 	Level WAIT 	25
457.6978 	DATA 	Keypress: o
457.7227 	Level RINSE 	25
459.7001 	DATA 	Keypress: o
459.7065 	Level jitter 	25
462.6950 	Level finished 	25
462.6962 	DATA 	Keypress: o
462.7063 	Level image=waterlogo.jpg 	25
463.6984 	DATA 	Keypress: o
463.7231 	Level injecting via pump at address 0 	25
469.6999 	DATA 	Keypress: o
469.7011 	DATA 	Keypress: o
469.7021 	DATA 	Keypress: o
469.7239 	Level WAIT 	25
470.7234 	Level RINSE 	25
472.6999 	DATA 	Keypress: o
472.7070 	Level jitter 	25
473.6950 	Level finished 	25
473.6961 	DATA 	Keypress: o
473.7237 	Level image=tasty.jpg 	25
474.7239 	Level injecting via pump at address 1 	25
480.7003 	DATA 	Keypress: o
480.7016 	DATA 	Keypress: o
480.7028 	DATA 	Keypress: o
480.7246 	Level WAIT 	25
481.6983 	DATA 	Keypress: o
481.7077 	Level RINSE 	25
483.7000 	DATA 	Keypress: o
483.7244 	Level jitter 	25
490.6950 	Level finished 	25
490.6963 	DATA 	Keypress: o
490.6976 	DATA 	Keypress: o
490.6988 	DATA 	Keypress: o
490.7087 	Level image=waterlogo.jpg 	25
491.6979 	DATA 	Keypress: o
491.7083 	Level injecting via pump at address 0 	25
497.7013 	DATA 	Keypress: o
497.7027 	DATA 	Keypress: o
497.7040 	DATA 	Keypress: o
497.7254 	Level WAIT 	25
498.7088 	Level RINSE 	25
500.7020 	DATA 	Keypress: o
500.7094 	Level jitter 	25
501.6950 	Level finished 	25
501.6966 	DATA 	Keypress: o
501.7257 	Level image=tasty.jpg 	25
502.7258 	Level injecting via pump at address 1 	25
508.7009 	DATA 	Keypress: o
508.7022 	DATA 	Keypress: o
508.7032 	DATA 	Keypress: o
508.7261 	Level WAIT 	25
509.6976 	DATA 	Keypress: o
509.7097 	Level RINSE 	25
511.7001 	DATA 	Keypress: o
511.7268 	Level jitter 	25
517.6950 	Level finished 	25
