59.1371 	DATA 	Keypress: o
59.1377 	Level start key press 	25
61.1459 	DATA 	Keypress: o
63.1457 	DATA 	Keypress: o
65.1458 	DATA 	Keypress: o
67.1462 	DATA 	Keypress: o
67.6771 	Level image=waterlogo.jpg 	25
68.6104 	Level injecting via pump at address 0 	25
74.5992 	DATA 	Keypress: o
74.6003 	DATA 	Keypress: o
74.6015 	DATA 	Keypress: o
74.6113 	Level WAIT 	25
75.5965 	DATA 	Keypress: o
75.6110 	Level RINSE 	25
77.6078 	DATA 	Keypress: o
77.6277 	Level jitter 	25
84.5937 	Level finished 	25
84.5951 	DATA 	Keypress: o
84.5964 	DATA 	Keypress: o
84.5975 	DATA 	Keypress: o
84.6286 	Level image=waterlogo.jpg 	25
85.5964 	DATA 	Keypress: o
85.6283 	Level injecting via pump at address 0 	25
91.5989 	DATA 	Keypress: o
91.6000 	DATA 	Keypress: o
91.6010 	DATA 	Keypress: o
91.6287 	Level WAIT 	25
92.6121 	Level RINSE 	25
94.5983 	DATA 	Keypress: o
94.6293 	Level jitter 	25
99.5937 	Level finished 	25
99.5950 	DATA 	Keypress: o
99.5960 	DATA 	Keypress: o
99.5969 	DATA 	Keypress: o
99.6126 	Level image=tasty.jpg 	25
100.6127 	Level injecting via pump at address 1 	25
106.5993 	DATA 	Keypress: o
106.6007 	DATA 	Keypress: o
106.6020 	DATA 	Keypress: o
106.6302 	Level WAIT 	25
107.5962 	DATA 	Keypress: o
107.6298 	Level RINSE 	25
109.5994 	DATA 	Keypress: o
109.6132 	Level jitter 	25
112.5937 	Level finished 	25
112.5952 	DATA 	Keypress: o
112.6135 	Level image=tasty.jpg 	25
113.5962 	DATA 	Keypress: o
113.6136 	Level injecting via pump at address 0 	25
119.5999 	DATA 	Keypress: o
119.6013 	DATA 	Keypress: o
119.6025 	DATA 	Keypress: o
119.6310 	Level WAIT 	25
120.6141 	Level RINSE 	25
122.5992 	DATA 	Keypress: o
122.6141 	Level jitter 	25
128.5937 	Level finished 	25
128.5952 	DATA 	Keypress: o
128.5965 	DATA 	Keypress: o
128.5976 	DATA 	Keypress: o
128.6312 	Level image=tasty.jpg 	25
129.5961 	DATA 	Keypress: o
129.6152 	Level injecting via pump at address 0 	25
135.5990 	DATA 	Keypress: o
135.6001 	DATA 	Keypress: o
135.6013 	DATA 	Keypress: o
135.6317 	Level WAIT 	25
136.6151 	Level RINSE 	25
138.5990 	DATA 	Keypress: o
138.6320 	Level jitter 	25
147.5937 	Level finished 	25
147.5952 	DATA 	Keypress: o
147.5967 	DATA 	Keypress: o
147.5981 	DATA 	Keypress: o
147.5994 	DATA 	Keypress: o
147.6007 	DATA 	Keypress: o
147.6330 	Level image=tasty.jpg 	25
148.5993 	Level injecting via pump at address 1 	25
154.5991 	DATA 	Keypress: o
154.6003 	DATA 	Keypress: o
154.6016 	DATA 	Keypress: o
154.6163 	Level WAIT 	25
155.5968 	DATA 	Keypress: o
155.6164 	Level RINSE 	25
157.5990 	DATA 	Keypress: o
157.6169 	Level jitter 	25
163.5937 	Level finished 	25
163.5953 	DATA 	Keypress: o
163.5965 	DATA 	Keypress: o
163.5977 	DATA 	Keypress: o
163.6337 	Level image=tasty.jpg 	25
164.6004 	Level injecting via pump at address 0 	25
170.5991 	DATA 	Keypress: o
170.6002 	DATA 	Keypress: o
170.6013 	DATA 	Keypress: o
170.6178 	Level WAIT 	25
171.5960 	DATA 	Keypress: o
171.6175 	Level RINSE 	25
173.5988 	DATA 	Keypress: o
173.6177 	Level jitter 	25
176.5937 	Level finished 	25
176.5948 	DATA 	Keypress: o
176.6180 	Level image=tasty.jpg 	25
177.5965 	DATA 	Keypress: o
177.6181 	Level injecting via pump at address 1 	25
183.5990 	DATA 	Keypress: o
183.6002 	DATA 	Keypress: o
183.6013 	DATA 	Keypress: o
183.6187 	Level WAIT 	25
184.6184 	Level RINSE 	25
186.5985 	DATA 	Keypress: o
186.6186 	Level jitter 	25
191.5937 	Level finished 	25
191.5949 	DATA 	Keypress: o
191.5959 	DATA 	Keypress: o
191.5969 	DATA 	Keypress: o
191.6190 	Level image=tasty.jpg 	25
192.6024 	Level injecting via pump at address 0 	25
198.5997 	DATA 	Keypress: o
198.6010 	DATA 	Keypress: o
198.6023 	DATA 	Keypress: o
198.6198 	Level WAIT 	25
199.5965 	DATA 	Keypress: o
199.6195 	Level RINSE 	25
201.5989 	DATA 	Keypress: o
201.6030 	Level jitter 	25
202.5937 	Level finished 	25
202.6197 	Level image=waterlogo.jpg 	25
203.5967 	DATA 	Keypress: o
203.6198 	Level injecting via pump at address 0 	25
209.5995 	DATA 	Keypress: o
209.6008 	DATA 	Keypress: o
209.6025 	DATA 	Keypress: o
209.6205 	Level WAIT 	25
210.6035 	Level RINSE 	25
212.5991 	DATA 	Keypress: o
212.6203 	Level jitter 	25
217.5937 	Level finished 	25
217.5951 	DATA 	Keypress: o
217.5964 	DATA 	Keypress: o
217.5975 	DATA 	Keypress: o
217.6207 	Level image=waterlogo.jpg 	25
218.6209 	Level injecting via pump at address 0 	25
224.5992 	DATA 	Keypress: o
224.6003 	DATA 	Keypress: o
224.6013 	DATA 	Keypress: o
224.6216 	Level WAIT 	25
225.5965 	DATA 	Keypress: o
225.6213 	Level RINSE 	25
227.5992 	DATA 	Keypress: o
227.6213 	Level jitter 	25
230.5937 	Level finished 	25
230.5950 	DATA 	Keypress: o
230.6216 	Level image=tasty.jpg 	25
231.5965 	DATA 	Keypress: o
231.6217 	Level injecting via pump at address 0 	25
237.5998 	DATA 	Keypress: o
237.6013 	DATA 	Keypress: o
237.6026 	DATA 	Keypress: o
237.6225 	Level WAIT 	25
238.6222 	Level RINSE 	25
240.5985 	DATA 	Keypress: o
240.6223 	Level jitter 	25
246.5937 	Level finished 	25
246.5951 	DATA 	Keypress: o
246.5964 	DATA 	Keypress: o
246.5976 	DATA 	Keypress: o
246.6228 	Level image=waterlogo.jpg 	25
247.5964 	DATA 	Keypress: o
247.6233 	Level injecting via pump at address 0 	25
253.5999 	DATA 	Keypress: o
253.6012 	DATA 	Keypress: o
253.6025 	DATA 	Keypress: o
253.6231 	Level WAIT 	25
254.6066 	Level RINSE 	25
256.5988 	DATA 	Keypress: o
256.6233 	Level jitter 	25
258.5937 	Level finished 	25
258.5955 	DATA 	Keypress: o
258.6240 	Level image=waterlogo.jpg 	25
259.5962 	DATA 	Keypress: o
259.6236 	Level injecting via pump at address 0 	25
265.6001 	DATA 	Keypress: o
265.6012 	DATA 	Keypress: o
265.6023 	DATA 	Keypress: o
265.6240 	Level WAIT 	25
266.6241 	Level RINSE 	25
268.5987 	DATA 	Keypress: o
268.6246 	Level jitter 	25
276.5937 	Level finished 	25
276.5951 	DATA 	Keypress: o
276.5964 	DATA 	Keypress: o
276.5975 	DATA 	Keypress: o
276.5986 	DATA 	Keypress: o
276.6081 	Level image=tasty.jpg 	25
277.5964 	DATA 	Keypress: o
277.6082 	Level injecting via pump at address 0 	25
283.5993 	DATA 	Keypress: o
283.6006 	DATA 	Keypress: o
283.6018 	DATA 	Keypress: o
283.6257 	Level WAIT 	25
284.6087 	Level RINSE 	25
286.5986 	DATA 	Keypress: o
286.6088 	Level jitter 	25
291.5937 	Level finished 	25
291.5951 	DATA 	Keypress: o
291.5966 	DATA 	Keypress: o
291.5978 	DATA 	Keypress: o
291.6259 	Level image=waterlogo.jpg 	25
292.6092 	Level injecting via pump at address 0 	25
298.5989 	DATA 	Keypress: o
298.6003 	DATA 	Keypress: o
298.6017 	DATA 	Keypress: o
298.6101 	Level WAIT 	25
299.5965 	DATA 	Keypress: o
299.6097 	Level RINSE 	25
301.5991 	DATA 	Keypress: o
301.6098 	Level jitter 	25
306.5937 	Level finished 	25
306.5953 	DATA 	Keypress: o
306.5966 	DATA 	Keypress: o
306.6269 	Level image=tasty.jpg 	25
307.5961 	DATA 	Keypress: o
307.6103 	Level injecting via pump at address 0 	25
313.5990 	DATA 	Keypress: o
313.6000 	DATA 	Keypress: o
313.6010 	DATA 	Keypress: o
313.6111 	Level WAIT 	25
314.6108 	Level RINSE 	25
316.5987 	DATA 	Keypress: o
316.6275 	Level jitter 	25
323.5937 	Level finished 	25
323.5950 	DATA 	Keypress: o
323.5960 	DATA 	Keypress: o
323.5968 	DATA 	Keypress: o
323.5978 	DATA 	Keypress: o
323.6117 	Level image=tasty.jpg 	25
324.6115 	Level injecting via pump at address 1 	25
330.5992 	DATA 	Keypress: o
330.6004 	DATA 	Keypress: o
330.6016 	DATA 	Keypress: o
330.6118 	Level WAIT 	25
331.5965 	DATA 	Keypress: o
331.6120 	Level RINSE 	25
333.5990 	DATA 	Keypress: o
333.6125 	Level jitter 	25
337.5937 	Level finished 	25
337.5951 	DATA 	Keypress: o
337.5963 	DATA 	Keypress: o
337.6291 	Level image=tasty.jpg 	25
338.6124 	Level injecting via pump at address 0 	25
344.5993 	DATA 	Keypress: o
344.6004 	DATA 	Keypress: o
344.6014 	DATA 	Keypress: o
344.6298 	Level WAIT 	25
345.5965 	DATA 	Keypress: o
345.6130 	Level RINSE 	25
347.5988 	DATA 	Keypress: o
347.6297 	Level jitter 	25
350.5937 	Level finished 	25
350.5950 	DATA 	Keypress: o
350.6300 	Level image=tasty.jpg 	25
351.5965 	DATA 	Keypress: o
351.6134 	Level injecting via pump at address 1 	25
357.5988 	DATA 	Keypress: o
357.6000 	DATA 	Keypress: o
357.6011 	DATA 	Keypress: o
357.6141 	Level WAIT 	25
358.6138 	Level RINSE 	25
360.5990 	DATA 	Keypress: o
360.6140 	Level jitter 	25
365.5937 	Level finished 	25
365.5951 	DATA 	Keypress: o
365.5963 	DATA 	Keypress: o
365.5975 	DATA 	Keypress: o
365.6310 	Level image=tasty.jpg 	25
366.6144 	Level injecting via pump at address 0 	25
372.5994 	DATA 	Keypress: o
372.6006 	DATA 	Keypress: o
372.6019 	DATA 	Keypress: o
372.6318 	Level WAIT 	25
373.5965 	DATA 	Keypress: o
373.6149 	Level RINSE 	25
375.5994 	DATA 	Keypress: o
375.6316 	Level jitter 	25
376.5937 	Level finished 	25
376.6151 	Level image=tasty.jpg 	25
377.5964 	DATA 	Keypress: o
377.6151 	Level injecting via pump at address 1 	25
383.5984 	DATA 	Keypress: o
383.5994 	DATA 	Keypress: o
383.6005 	DATA 	Keypress: o
383.6159 	Level WAIT 	25
384.6155 	Level RINSE 	25
386.5991 	DATA 	Keypress: o
386.6157 	Level jitter 	25
395.5937 	Level finished 	25
395.5949 	DATA 	Keypress: o
395.5960 	DATA 	Keypress: o
395.5973 	DATA 	Keypress: o
395.5985 	DATA 	Keypress: o
395.5996 	DATA 	Keypress: o
395.6167 	Level image=tasty.jpg 	25
396.6164 	Level injecting via pump at address 1 	25
402.5990 	DATA 	Keypress: o
402.6001 	DATA 	Keypress: o
402.6010 	DATA 	Keypress: o
402.6168 	Level WAIT 	25
403.5965 	DATA 	Keypress: o
403.6170 	Level RINSE 	25
405.5988 	DATA 	Keypress: o
405.6175 	Level jitter 	25
414.5937 	Level finished 	25
414.5951 	DATA 	Keypress: o
414.5964 	DATA 	Keypress: o
414.5976 	DATA 	Keypress: o
414.5987 	DATA 	Keypress: o
414.6177 	Level image=tasty.jpg 	25
415.5964 	DATA 	Keypress: o
415.6183 	Level injecting via pump at address 0 	25
421.5994 	DATA 	Keypress: o
421.6006 	DATA 	Keypress: o
421.6018 	DATA 	Keypress: o
421.6181 	Level WAIT 	25
422.6182 	Level RINSE 	25
424.5992 	DATA 	Keypress: o
424.6183 	Level jitter 	25
426.5937 	Level finished 	25
