64.3957 	DATA 	Keypress: o
64.3966 	Level start key press 	25
66.4066 	DATA 	Keypress: o
68.4068 	DATA 	Keypress: o
70.4070 	DATA 	Keypress: o
72.4073 	DATA 	Keypress: o
72.8550 	Level image=waterlogo.jpg 	25
73.8055 	Level injecting via pump at address 0 	25
79.7766 	DATA 	Keypress: o
79.7778 	DATA 	Keypress: o
79.7787 	DATA 	Keypress: o
79.8058 	Level WAIT 	25
80.7741 	DATA 	Keypress: o
80.7893 	Level RINSE 	25
82.7848 	DATA 	Keypress: o
82.8062 	Level jitter 	25
88.7717 	Level finished 	25
88.7730 	DATA 	Keypress: o
88.7741 	DATA 	Keypress: o
88.7751 	DATA 	Keypress: o
88.8073 	Level image=tasty.jpg 	25
89.7904 	Level injecting via pump at address 1 	25
95.7770 	DATA 	Keypress: o
95.7782 	DATA 	Keypress: o
95.7793 	DATA 	Keypress: o
95.7910 	Level WAIT 	25
96.7744 	DATA 	Keypress: o
96.7912 	Level RINSE 	25
98.7768 	DATA 	Keypress: o
98.8086 	Level jitter 	25
104.7717 	Level finished 	25
104.7728 	DATA 	Keypress: o
104.7738 	DATA 	Keypress: o
104.7747 	DATA 	Keypress: o
104.8087 	Level image=tasty.jpg 	25
105.7923 	Level injecting via pump at address 1 	25
111.7767 	DATA 	Keypress: o
111.7777 	DATA 	Keypress: o
111.7786 	DATA 	Keypress: o
111.7932 	Level WAIT 	25
112.7745 	DATA 	Keypress: o
112.7930 	Level RINSE 	25
114.7766 	DATA 	Keypress: o
114.7932 	Level jitter 	25
116.7717 	Level finished 	25
116.7728 	DATA 	Keypress: o
116.7935 	Level image=waterlogo.jpg 	25
117.7770 	Level injecting via pump at address 0 	25
123.7763 	DATA 	Keypress: o
123.7774 	DATA 	Keypress: o
123.7784 	DATA 	Keypress: o
123.8114 	Level WAIT 	25
124.7744 	DATA 	Keypress: o
124.7945 	Level RINSE 	25
126.7765 	DATA 	Keypress: o
126.7946 	Level jitter 	25
132.7717 	Level finished 	25
132.7729 	DATA 	Keypress: o
132.7738 	DATA 	Keypress: o
132.7747 	DATA 	Keypress: o
132.7953 	Level image=tasty.jpg 	25
133.7789 	Level injecting via pump at address 1 	25
139.7762 	DATA 	Keypress: o
139.7775 	DATA 	Keypress: o
139.7786 	DATA 	Keypress: o
139.7965 	Level WAIT 	25
140.7745 	DATA 	Keypress: o
140.7963 	Level RINSE 	25
142.7763 	DATA 	Keypress: o
142.7799 	Level jitter 	25
147.7717 	Level finished 	25
147.7728 	DATA 	Keypress: o
147.7738 	DATA 	Keypress: o
147.7971 	Level image=waterlogo.jpg 	25
148.7743 	DATA 	Keypress: o
148.7973 	Level injecting via pump at address 0 	25
154.7763 	DATA 	Keypress: o
154.7773 	DATA 	Keypress: o
154.7782 	DATA 	Keypress: o
154.7983 	Level WAIT 	25
155.7813 	Level RINSE 	25
157.7776 	DATA 	Keypress: o
157.7982 	Level jitter 	25
162.7717 	Level finished 	25
162.7728 	DATA 	Keypress: o
162.7739 	DATA 	Keypress: o
162.7748 	DATA 	Keypress: o
162.7989 	Level image=tasty.jpg 	25
163.7991 	Level injecting via pump at address 1 	25
169.7765 	DATA 	Keypress: o
169.7775 	DATA 	Keypress: o
169.7785 	DATA 	Keypress: o
169.8000 	Level WAIT 	25
170.7743 	DATA 	Keypress: o
170.7831 	Level RINSE 	25
172.7763 	DATA 	Keypress: o
172.8000 	Level jitter 	25
178.7717 	Level finished 	25
178.7730 	DATA 	Keypress: o
178.7740 	DATA 	Keypress: o
178.7750 	DATA 	Keypress: o
178.8008 	Level image=waterlogo.jpg 	25
179.8014 	Level injecting via pump at address 0 	25
185.7769 	DATA 	Keypress: o
185.7782 	DATA 	Keypress: o
185.7793 	DATA 	Keypress: o
185.8015 	Level WAIT 	25
186.7746 	DATA 	Keypress: o
186.7850 	Level RINSE 	25
188.7769 	DATA 	Keypress: o
188.8019 	Level jitter 	25
191.7717 	Level finished 	25
191.7729 	DATA 	Keypress: o
191.8026 	Level image=tasty.jpg 	25
192.7741 	DATA 	Keypress: o
192.7857 	Level injecting via pump at address 1 	25
198.7769 	DATA 	Keypress: o
198.7780 	DATA 	Keypress: o
198.7791 	DATA 	Keypress: o
198.7864 	Level WAIT 	25
199.7865 	Level RINSE 	25
201.7765 	DATA 	Keypress: o
201.8038 	Level jitter 	25
209.7717 	Level finished 	25
209.7729 	DATA 	Keypress: o
209.7739 	DATA 	Keypress: o
209.7748 	DATA 	Keypress: o
209.7758 	DATA 	Keypress: o
209.8044 	Level image=waterlogo.jpg 	25
210.7740 	DATA 	Keypress: o
210.8046 	Level injecting via pump at address 0 	25
216.7769 	DATA 	Keypress: o
216.7778 	DATA 	Keypress: o
216.7788 	DATA 	Keypress: o
216.8055 	Level WAIT 	25
217.7887 	Level RINSE 	25
219.7761 	DATA 	Keypress: o
219.8055 	Level jitter 	25
221.7717 	Level finished 	25
221.7728 	DATA 	Keypress: o
221.7891 	Level image=tasty.jpg 	25
222.7741 	DATA 	Keypress: o
222.7893 	Level injecting via pump at address 1 	25
228.7768 	DATA 	Keypress: o
228.7780 	DATA 	Keypress: o
228.7791 	DATA 	Keypress: o
228.8070 	Level WAIT 	25
229.7900 	Level RINSE 	25
231.7765 	DATA 	Keypress: o
231.7902 	Level jitter 	25
240.7717 	Level finished 	25
240.7732 	DATA 	Keypress: o
240.7746 	DATA 	Keypress: o
240.7759 	DATA 	Keypress: o
240.7771 	DATA 	Keypress: o
240.7782 	DATA 	Keypress: o
240.8083 	Level image=waterlogo.jpg 	25
241.7915 	Level injecting via pump at address 0 	25
247.7770 	DATA 	Keypress: o
247.7783 	DATA 	Keypress: o
247.7794 	DATA 	Keypress: o
247.8088 	Level WAIT 	25
248.7740 	DATA 	Keypress: o
248.7924 	Level RINSE 	25
250.7770 	DATA 	Keypress: o
250.7928 	Level jitter 	25
252.7717 	Level finished 	25
252.7728 	DATA 	Keypress: o
252.7928 	Level image=tasty.jpg 	25
253.7928 	Level injecting via pump at address 1 	25
259.7766 	DATA 	Keypress: o
259.7778 	DATA 	Keypress: o
259.7789 	DATA 	Keypress: o
259.7935 	Level WAIT 	25
260.7742 	DATA 	Keypress: o
260.7941 	Level RINSE 	25
262.7765 	DATA 	Keypress: o
262.7940 	Level jitter 	25
265.7717 	Level finished 	25
265.7729 	DATA 	Keypress: o
265.7943 	Level image=waterlogo.jpg 	25
266.7747 	DATA 	Keypress: o
266.7944 	Level injecting via pump at address 0 	25
272.7771 	DATA 	Keypress: o
272.7781 	DATA 	Keypress: o
272.7791 	DATA 	Keypress: o
272.7954 	Level WAIT 	25
273.7786 	Level RINSE 	25
275.7761 	DATA 	Keypress: o
275.7954 	Level jitter 	25
279.7717 	Level finished 	25
279.7729 	DATA 	Keypress: o
279.7739 	DATA 	Keypress: o
279.8126 	Level image=tasty.jpg 	25
280.7740 	DATA 	Keypress: o
280.7960 	Level injecting via pump at address 1 	25
286.7771 	DATA 	Keypress: o
286.7783 	DATA 	Keypress: o
286.7795 	DATA 	Keypress: o
286.7970 	Level WAIT 	25
287.7968 	Level RINSE 	25
289.7770 	DATA 	Keypress: o
289.7971 	Level jitter 	25
290.7717 	Level finished 	25
290.7727 	DATA 	Keypress: o
290.7973 	Level image=waterlogo.jpg 	25
291.7974 	Level injecting via pump at address 0 	25
297.7765 	DATA 	Keypress: o
297.7777 	DATA 	Keypress: o
297.7787 	DATA 	Keypress: o
297.7983 	Level WAIT 	25
298.7741 	DATA 	Keypress: o
298.7814 	Level RINSE 	25
300.7770 	DATA 	Keypress: o
300.7983 	Level jitter 	25
303.7717 	Level finished 	25
303.7730 	DATA 	Keypress: o
303.7987 	Level image=tasty.jpg 	25
304.7741 	DATA 	Keypress: o
304.7989 	Level injecting via pump at address 1 	25
310.7769 	DATA 	Keypress: o
310.7780 	DATA 	Keypress: o
310.7790 	DATA 	Keypress: o
310.7999 	Level WAIT 	25
311.7829 	Level RINSE 	25
313.7768 	DATA 	Keypress: o
313.7998 	Level jitter 	25
321.7717 	Level finished 	25
321.7729 	DATA 	Keypress: o
321.7738 	DATA 	Keypress: o
321.7747 	DATA 	Keypress: o
321.7757 	DATA 	Keypress: o
321.8012 	Level image=tasty.jpg 	25
322.7740 	DATA 	Keypress: o
322.8009 	Level injecting via pump at address 1 	25
328.7771 	DATA 	Keypress: o
328.7783 	DATA 	Keypress: o
328.7793 	DATA 	Keypress: o
328.8016 	Level WAIT 	25
329.8017 	Level RINSE 	25
331.7766 	DATA 	Keypress: o
331.8024 	Level jitter 	25
335.7717 	Level finished 	25
335.7729 	DATA 	Keypress: o
335.7741 	DATA 	Keypress: o
335.8025 	Level image=waterlogo.jpg 	25
336.7743 	DATA 	Keypress: o
336.7859 	Level injecting via pump at address 0 	25
342.7764 	DATA 	Keypress: o
342.7777 	DATA 	Keypress: o
342.7787 	DATA 	Keypress: o
342.7870 	Level WAIT 	25
343.7868 	Level RINSE 	25
345.7770 	DATA 	Keypress: o
345.7869 	Level jitter 	25
348.7717 	Level finished 	25
348.7728 	DATA 	Keypress: o
348.7738 	DATA 	Keypress: o
348.7872 	Level image=tasty.jpg 	25
349.7874 	Level injecting via pump at address 1 	25
355.7768 	DATA 	Keypress: o
355.7780 	DATA 	Keypress: o
355.7792 	DATA 	Keypress: o
355.7885 	Level WAIT 	25
356.7742 	DATA 	Keypress: o
356.7883 	Level RINSE 	25
358.7765 	DATA 	Keypress: o
358.7885 	Level jitter 	25
363.7717 	Level finished 	25
363.7729 	DATA 	Keypress: o
363.7739 	DATA 	Keypress: o
363.8058 	Level image=waterlogo.jpg 	25
364.7740 	DATA 	Keypress: o
364.7891 	Level injecting via pump at address 0 	25
370.7764 	DATA 	Keypress: o
370.7776 	DATA 	Keypress: o
370.7788 	DATA 	Keypress: o
370.7902 	Level WAIT 	25
371.7900 	Level RINSE 	25
373.7769 	DATA 	Keypress: o
373.7902 	Level jitter 	25
378.7717 	Level finished 	25
378.7729 	DATA 	Keypress: o
378.7740 	DATA 	Keypress: o
378.7750 	DATA 	Keypress: o
378.8076 	Level image=waterlogo.jpg 	25
379.7742 	Level injecting via pump at address 0 	25
385.7768 	DATA 	Keypress: o
385.7778 	DATA 	Keypress: o
385.7787 	DATA 	Keypress: o
385.8085 	Level WAIT 	25
386.7745 	DATA 	Keypress: o
386.7918 	Level RINSE 	25
388.7766 	DATA 	Keypress: o
388.8085 	Level jitter 	25
397.7717 	Level finished 	25
397.7729 	DATA 	Keypress: o
397.7738 	DATA 	Keypress: o
397.7748 	DATA 	Keypress: o
397.7757 	DATA 	Keypress: o
397.8100 	Level image=tasty.jpg 	25
398.7744 	DATA 	Keypress: o
398.7931 	Level injecting via pump at address 1 	25
404.7770 	DATA 	Keypress: o
404.7782 	DATA 	Keypress: o
404.7794 	DATA 	Keypress: o
404.7939 	Level WAIT 	25
405.7939 	Level RINSE 	25
407.7769 	DATA 	Keypress: o
407.8113 	Level jitter 	25
409.7717 	Level finished 	25
409.7730 	DATA 	Keypress: o
409.7944 	Level image=waterlogo.jpg 	25
410.7740 	DATA 	Keypress: o
410.7945 	Level injecting via pump at address 0 	25
416.7767 	DATA 	Keypress: o
416.7778 	DATA 	Keypress: o
416.7788 	DATA 	Keypress: o
416.7953 	Level WAIT 	25
417.7787 	Level RINSE 	25
419.7768 	DATA 	Keypress: o
419.7959 	Level jitter 	25
422.7717 	Level finished 	25
422.7728 	DATA 	Keypress: o
422.7738 	DATA 	Keypress: o
422.7959 	Level image=waterlogo.jpg 	25
423.7794 	Level injecting via pump at address 0 	25
429.7769 	DATA 	Keypress: o
429.7779 	DATA 	Keypress: o
429.7787 	DATA 	Keypress: o
429.7972 	Level WAIT 	25
430.7744 	DATA 	Keypress: o
430.7969 	Level RINSE 	25
432.7767 	DATA 	Keypress: o
432.7971 	Level jitter 	25
437.7717 	Level finished 	25
437.7729 	DATA 	Keypress: o
437.7739 	DATA 	Keypress: o
437.7977 	Level image=tasty.jpg 	25
438.7745 	DATA 	Keypress: o
438.7978 	Level injecting via pump at address 1 	25
444.7766 	DATA 	Keypress: o
444.7776 	DATA 	Keypress: o
444.7785 	DATA 	Keypress: o
444.7989 	Level WAIT 	25
445.7819 	Level RINSE 	25
447.7767 	DATA 	Keypress: o
447.7988 	Level jitter 	25
449.7717 	Level finished 	25
449.7731 	DATA 	Keypress: o
449.7991 	Level image=tasty.jpg 	25
450.7742 	DATA 	Keypress: o
450.7992 	Level injecting via pump at address 1 	25
456.7763 	DATA 	Keypress: o
456.7773 	DATA 	Keypress: o
456.7782 	DATA 	Keypress: o
456.8003 	Level WAIT 	25
457.7833 	Level RINSE 	25
459.7771 	DATA 	Keypress: o
459.8002 	Level jitter 	25
466.7717 	Level finished 	25
466.7728 	DATA 	Keypress: o
466.7738 	DATA 	Keypress: o
466.7747 	DATA 	Keypress: o
466.7755 	DATA 	Keypress: o
466.8014 	Level image=waterlogo.jpg 	25
467.7845 	Level injecting via pump at address 0 	25
473.7767 	DATA 	Keypress: o
473.7777 	DATA 	Keypress: o
473.7787 	DATA 	Keypress: o
473.7851 	Level WAIT 	25
474.7741 	DATA 	Keypress: o
474.7853 	Level RINSE 	25
476.7768 	DATA 	Keypress: o
476.7859 	Level jitter 	25
479.7717 	Level finished 	25
479.7729 	DATA 	Keypress: o
479.7858 	Level image=tasty.jpg 	25
480.7740 	DATA 	Keypress: o
480.7860 	Level injecting via pump at address 1 	25
486.7771 	DATA 	Keypress: o
486.7782 	DATA 	Keypress: o
486.7794 	DATA 	Keypress: o
486.7871 	Level WAIT 	25
487.7868 	Level RINSE 	25
489.7771 	DATA 	Keypress: o
489.7870 	Level jitter 	25
491.7717 	Level finished 	25
491.7730 	DATA 	Keypress: o
491.8039 	Level image=waterlogo.jpg 	25
492.7744 	DATA 	Keypress: o
492.7874 	Level injecting via pump at address 0 	25
498.7782 	DATA 	Keypress: o
498.7794 	DATA 	Keypress: o
498.7806 	DATA 	Keypress: o
498.7885 	Level WAIT 	25
499.7883 	Level RINSE 	25
501.7764 	DATA 	Keypress: o
501.7884 	Level jitter 	25
509.7717 	Level finished 	25
509.7731 	DATA 	Keypress: o
509.7742 	DATA 	Keypress: o
509.7753 	DATA 	Keypress: o
509.7764 	DATA 	Keypress: o
509.8064 	Level image=tasty.jpg 	25
510.7742 	DATA 	Keypress: o
510.8062 	Level injecting via pump at address 1 	25
516.7768 	DATA 	Keypress: o
516.7778 	DATA 	Keypress: o
516.7789 	DATA 	Keypress: o
516.8069 	Level WAIT 	25
517.7903 	Level RINSE 	25
519.7784 	DATA 	Keypress: o
519.8077 	Level jitter 	25
521.7717 	Level finished 	25
521.7728 	DATA 	Keypress: o
521.7908 	Level image=waterlogo.jpg 	25
522.7741 	DATA 	Keypress: o
522.7909 	Level injecting via pump at address 0 	25
528.7762 	DATA 	Keypress: o
528.7774 	DATA 	Keypress: o
528.7786 	DATA 	Keypress: o
528.8082 	Level WAIT 	25
529.7922 	Level RINSE 	25
531.7763 	DATA 	Keypress: o
531.7919 	Level jitter 	25
538.7717 	Level finished 	25
