72.1014 	DATA 	Keypress: o
72.1023 	Level start key press 	25
74.1049 	DATA 	Keypress: o
76.1051 	DATA 	Keypress: o
78.1053 	DATA 	Keypress: o
80.1057 	DATA 	Keypress: o
80.6200 	Level image=waterlogo.jpg 	25
81.5701 	Level injecting via pump at address 0 	25
87.5584 	DATA 	Keypress: o
87.5596 	DATA 	Keypress: o
87.5606 	DATA 	Keypress: o
87.5878 	Level WAIT 	25
88.5559 	DATA 	Keypress: o
88.5709 	Level RINSE 	25
90.5667 	DATA 	Keypress: o
90.5878 	Level jitter 	25
99.5533 	Level finished 	25
99.5549 	DATA 	Keypress: o
99.5563 	DATA 	Keypress: o
99.5576 	DATA 	Keypress: o
99.5588 	DATA 	Keypress: o
99.5892 	Level image=waterlogo.jpg 	25
100.5560 	DATA 	Keypress: o
100.5724 	Level injecting via pump at address 0 	25
106.5587 	DATA 	Keypress: o
106.5601 	DATA 	Keypress: o
106.5614 	DATA 	Keypress: o
106.5897 	Level WAIT 	25
107.5731 	Level RINSE 	25
109.5579 	DATA 	Keypress: o
109.5737 	Level jitter 	25
114.5533 	Level finished 	25
114.5547 	DATA 	Keypress: o
114.5560 	DATA 	Keypress: o
114.5573 	DATA 	Keypress: o
114.5740 	Level image=tasty.jpg 	25
115.5742 	Level injecting via pump at address 0 	25
121.5579 	DATA 	Keypress: o
121.5589 	DATA 	Keypress: o
121.5598 	DATA 	Keypress: o
121.5751 	Level WAIT 	25
122.5557 	DATA 	Keypress: o
122.5749 	Level RINSE 	25
124.5590 	DATA 	Keypress: o
124.5750 	Level jitter 	25
125.5533 	Level finished 	25
125.5753 	Level image=tasty.jpg 	25
126.5560 	DATA 	Keypress: o
126.5754 	Level injecting via pump at address 1 	25
132.5588 	DATA 	Keypress: o
132.5597 	DATA 	Keypress: o
132.5608 	DATA 	Keypress: o
132.5765 	Level WAIT 	25
133.5763 	Level RINSE 	25
135.5590 	DATA 	Keypress: o
135.5764 	Level jitter 	25
140.5533 	Level finished 	25
140.5549 	DATA 	Keypress: o
140.5563 	DATA 	Keypress: o
140.5576 	DATA 	Keypress: o
140.5770 	Level image=tasty.jpg 	25
141.5771 	Level injecting via pump at address 0 	25
147.5586 	DATA 	Keypress: o
147.5601 	DATA 	Keypress: o
147.5614 	DATA 	Keypress: o
147.5948 	Level WAIT 	25
148.5562 	DATA 	Keypress: o
148.5612 	Level RINSE 	25
150.5577 	DATA 	Keypress: o
150.5781 	Level jitter 	25
154.5533 	Level finished 	25
154.5546 	DATA 	Keypress: o
154.5557 	DATA 	Keypress: o
154.5787 	Level image=waterlogo.jpg 	25
155.5788 	Level injecting via pump at address 0 	25
161.5591 	DATA 	Keypress: o
161.5605 	DATA 	Keypress: o
161.5617 	DATA 	Keypress: o
161.5798 	Level WAIT 	25
162.5561 	DATA 	Keypress: o
162.5796 	Level RINSE 	25
164.5585 	DATA 	Keypress: o
164.5797 	Level jitter 	25
166.5533 	Level finished 	25
166.5545 	DATA 	Keypress: o
166.5801 	Level image=tasty.jpg 	25
167.5635 	Level injecting via pump at address 0 	25
173.5587 	DATA 	Keypress: o
173.5600 	DATA 	Keypress: o
173.5614 	DATA 	Keypress: o
173.5813 	Level WAIT 	25
174.5559 	DATA 	Keypress: o
174.5810 	Level RINSE 	25
176.5590 	DATA 	Keypress: o
176.5645 	Level jitter 	25
184.5533 	Level finished 	25
184.5547 	DATA 	Keypress: o
184.5559 	DATA 	Keypress: o
184.5572 	DATA 	Keypress: o
184.5584 	DATA 	Keypress: o
184.5825 	Level image=waterlogo.jpg 	25
185.5657 	Level injecting via pump at address 0 	25
191.5582 	DATA 	Keypress: o
191.5596 	DATA 	Keypress: o
191.5608 	DATA 	Keypress: o
191.5662 	Level WAIT 	25
192.5557 	DATA 	Keypress: o
192.5664 	Level RINSE 	25
194.5584 	DATA 	Keypress: o
194.5837 	Level jitter 	25
199.5533 	Level finished 	25
199.5546 	DATA 	Keypress: o
199.5560 	DATA 	Keypress: o
199.5839 	Level image=tasty.jpg 	25
200.5558 	DATA 	Keypress: o
200.5840 	Level injecting via pump at address 1 	25
206.5587 	DATA 	Keypress: o
206.5599 	DATA 	Keypress: o
206.5609 	DATA 	Keypress: o
206.5852 	Level WAIT 	25
207.5681 	Level RINSE 	25
209.5584 	DATA 	Keypress: o
209.5851 	Level jitter 	25
211.5533 	Level finished 	25
211.5544 	DATA 	Keypress: o
211.5686 	Level image=tasty.jpg 	25
212.5557 	DATA 	Keypress: o
212.5854 	Level injecting via pump at address 0 	25
218.5588 	DATA 	Keypress: o
218.5602 	DATA 	Keypress: o
218.5614 	DATA 	Keypress: o
218.5865 	Level WAIT 	25
219.5863 	Level RINSE 	25
221.5582 	DATA 	Keypress: o
221.5865 	Level jitter 	25
224.5533 	Level finished 	25
224.5547 	DATA 	Keypress: o
224.5559 	DATA 	Keypress: o
224.5868 	Level image=waterlogo.jpg 	25
225.5869 	Level injecting via pump at address 0 	25
231.5587 	DATA 	Keypress: o
231.5600 	DATA 	Keypress: o
231.5610 	DATA 	Keypress: o
231.5880 	Level WAIT 	25
232.5556 	DATA 	Keypress: o
232.5711 	Level RINSE 	25
234.5586 	DATA 	Keypress: o
234.5880 	Level jitter 	25
242.5533 	Level finished 	25
242.5547 	DATA 	Keypress: o
242.5559 	DATA 	Keypress: o
242.5571 	DATA 	Keypress: o
242.5583 	DATA 	Keypress: o
242.5728 	Level image=tasty.jpg 	25
243.5725 	Level injecting via pump at address 0 	25
249.5584 	DATA 	Keypress: o
249.5596 	DATA 	Keypress: o
249.5606 	DATA 	Keypress: o
249.5730 	Level WAIT 	25
250.5557 	DATA 	Keypress: o
250.5731 	Level RINSE 	25
252.5581 	DATA 	Keypress: o
252.5738 	Level jitter 	25
254.5533 	Level finished 	25
254.5545 	DATA 	Keypress: o
254.5737 	Level image=tasty.jpg 	25
255.5738 	Level injecting via pump at address 1 	25
261.5579 	DATA 	Keypress: o
261.5589 	DATA 	Keypress: o
261.5599 	DATA 	Keypress: o
261.5744 	Level WAIT 	25
262.5561 	DATA 	Keypress: o
262.5750 	Level RINSE 	25
264.5584 	DATA 	Keypress: o
264.5748 	Level jitter 	25
273.5533 	Level finished 	25
273.5547 	DATA 	Keypress: o
273.5561 	DATA 	Keypress: o
273.5573 	DATA 	Keypress: o
273.5584 	DATA 	Keypress: o
273.5764 	Level image=waterlogo.jpg 	25
274.5558 	DATA 	Keypress: o
274.5761 	Level injecting via pump at address 0 	25
280.5591 	DATA 	Keypress: o
280.5605 	DATA 	Keypress: o
280.5617 	DATA 	Keypress: o
280.5766 	Level WAIT 	25
281.5768 	Level RINSE 	25
283.5577 	DATA 	Keypress: o
283.5775 	Level jitter 	25
291.5533 	Level finished 	25
291.5547 	DATA 	Keypress: o
291.5562 	DATA 	Keypress: o
291.5574 	DATA 	Keypress: o
291.5586 	DATA 	Keypress: o
291.5780 	Level image=tasty.jpg 	25
292.5557 	DATA 	Keypress: o
292.5781 	Level injecting via pump at address 0 	25
298.5594 	DATA 	Keypress: o
298.5608 	DATA 	Keypress: o
298.5620 	DATA 	Keypress: o
298.5790 	Level WAIT 	25
299.5790 	Level RINSE 	25
301.5577 	DATA 	Keypress: o
301.5792 	Level jitter 	25
303.5533 	Level finished 	25
303.5545 	DATA 	Keypress: o
303.5795 	Level image=waterlogo.jpg 	25
304.5556 	DATA 	Keypress: o
304.5628 	Level injecting via pump at address 0 	25
310.5588 	DATA 	Keypress: o
310.5600 	DATA 	Keypress: o
310.5613 	DATA 	Keypress: o
310.5805 	Level WAIT 	25
311.5637 	Level RINSE 	25
313.5588 	DATA 	Keypress: o
313.5639 	Level jitter 	25
320.5533 	Level finished 	25
320.5546 	DATA 	Keypress: o
320.5558 	DATA 	Keypress: o
320.5569 	DATA 	Keypress: o
320.5579 	DATA 	Keypress: o
320.5818 	Level image=tasty.jpg 	25
321.5815 	Level injecting via pump at address 1 	25
327.5586 	DATA 	Keypress: o
327.5599 	DATA 	Keypress: o
327.5611 	DATA 	Keypress: o
327.5821 	Level WAIT 	25
328.5559 	DATA 	Keypress: o
328.5823 	Level RINSE 	25
330.5590 	DATA 	Keypress: o
330.5830 	Level jitter 	25
335.5533 	Level finished 	25
335.5545 	DATA 	Keypress: o
335.5555 	DATA 	Keypress: o
335.5664 	Level image=tasty.jpg 	25
336.5558 	DATA 	Keypress: o
336.5666 	Level injecting via pump at address 0 	25
342.5591 	DATA 	Keypress: o
342.5605 	DATA 	Keypress: o
342.5617 	DATA 	Keypress: o
342.5843 	Level WAIT 	25
343.5841 	Level RINSE 	25
345.5586 	DATA 	Keypress: o
345.5676 	Level jitter 	25
347.5533 	Level finished 	25
347.5545 	DATA 	Keypress: o
347.5846 	Level image=tasty.jpg 	25
348.5563 	DATA 	Keypress: o
348.5680 	Level injecting via pump at address 1 	25
354.5596 	DATA 	Keypress: o
354.5609 	DATA 	Keypress: o
354.5619 	DATA 	Keypress: o
354.5691 	Level WAIT 	25
355.5689 	Level RINSE 	25
357.5586 	DATA 	Keypress: o
357.5690 	Level jitter 	25
360.5533 	Level finished 	25
360.5548 	DATA 	Keypress: o
360.5562 	DATA 	Keypress: o
360.5693 	Level image=tasty.jpg 	25
361.5695 	Level injecting via pump at address 0 	25
367.5578 	DATA 	Keypress: o
367.5588 	DATA 	Keypress: o
367.5598 	DATA 	Keypress: o
367.5706 	Level WAIT 	25
368.5558 	DATA 	Keypress: o
368.5704 	Level RINSE 	25
370.5587 	DATA 	Keypress: o
370.5706 	Level jitter 	25
372.5533 	Level finished 	25
372.5544 	DATA 	Keypress: o
372.5707 	Level image=tasty.jpg 	25
373.5709 	Level injecting via pump at address 1 	25
379.5587 	DATA 	Keypress: o
379.5601 	DATA 	Keypress: o
379.5614 	DATA 	Keypress: o
379.5720 	Level WAIT 	25
380.5557 	DATA 	Keypress: o
380.5717 	Level RINSE 	25
382.5586 	DATA 	Keypress: o
382.5719 	Level jitter 	25
386.5533 	Level finished 	25
386.5545 	DATA 	Keypress: o
386.5555 	DATA 	Keypress: o
386.5725 	Level image=tasty.jpg 	25
387.5726 	Level injecting via pump at address 0 	25
393.5590 	DATA 	Keypress: o
393.5603 	DATA 	Keypress: o
393.5617 	DATA 	Keypress: o
393.5902 	Level WAIT 	25
394.5561 	DATA 	Keypress: o
394.5733 	Level RINSE 	25
396.5583 	DATA 	Keypress: o
396.5736 	Level jitter 	25
398.5533 	Level finished 	25
398.5544 	DATA 	Keypress: o
398.5739 	Level image=tasty.jpg 	25
399.5739 	Level injecting via pump at address 1 	25
405.5588 	DATA 	Keypress: o
405.5602 	DATA 	Keypress: o
405.5612 	DATA 	Keypress: o
405.5748 	Level WAIT 	25
406.5558 	DATA 	Keypress: o
406.5747 	Level RINSE 	25
408.5582 	DATA 	Keypress: o
408.5749 	Level jitter 	25
416.5533 	Level finished 	25
416.5546 	DATA 	Keypress: o
416.5558 	DATA 	Keypress: o
416.5569 	DATA 	Keypress: o
416.5578 	DATA 	Keypress: o
416.5763 	Level image=tasty.jpg 	25
417.5760 	Level injecting via pump at address 0 	25
423.5594 	DATA 	Keypress: o
423.5608 	DATA 	Keypress: o
423.5619 	DATA 	Keypress: o
423.5767 	Level WAIT 	25
424.5557 	DATA 	Keypress: o
424.5769 	Level RINSE 	25
426.5577 	DATA 	Keypress: o
426.5775 	Level jitter 	25
433.5533 	Level finished 	25
