45.8598 	DATA 	Keypress: o
45.8606 	Level start key press 	25
47.8624 	DATA 	Keypress: o
49.8626 	DATA 	Keypress: o
51.8627 	DATA 	Keypress: o
53.8633 	DATA 	Keypress: o
54.4442 	Level image=tasty.jpg 	25
55.3943 	Level injecting via pump at address 1 	25
61.3660 	DATA 	Keypress: o
61.3670 	DATA 	Keypress: o
61.3680 	DATA 	Keypress: o
61.3954 	Level WAIT 	25
62.3636 	DATA 	Keypress: o
62.3785 	Level RINSE 	25
64.3741 	DATA 	Keypress: o
64.3953 	Level jitter 	25
73.3609 	Level finished 	25
73.3621 	DATA 	Keypress: o
73.3631 	DATA 	Keypress: o
73.3643 	DATA 	Keypress: o
73.3655 	DATA 	Keypress: o
73.3968 	Level image=waterlogo.jpg 	25
74.3634 	DATA 	Keypress: o
74.3799 	Level injecting via pump at address 0 	25
80.3653 	DATA 	Keypress: o
80.3664 	DATA 	Keypress: o
80.3674 	DATA 	Keypress: o
80.3973 	Level WAIT 	25
81.3807 	Level RINSE 	25
83.3655 	DATA 	Keypress: o
83.3979 	Level jitter 	25
87.3608 	Level finished 	25
87.3623 	DATA 	Keypress: o
87.3636 	DATA 	Keypress: o
87.3814 	Level image=tasty.jpg 	25
88.3634 	DATA 	Keypress: o
88.3816 	Level injecting via pump at address 1 	25
94.3662 	DATA 	Keypress: o
94.3673 	DATA 	Keypress: o
94.3683 	DATA 	Keypress: o
94.3825 	Level WAIT 	25
95.3823 	Level RINSE 	25
97.3659 	DATA 	Keypress: o
97.3825 	Level jitter 	25
101.3608 	Level finished 	25
101.3620 	DATA 	Keypress: o
101.3631 	DATA 	Keypress: o
101.3831 	Level image=waterlogo.jpg 	25
102.3631 	DATA 	Keypress: o
102.3832 	Level injecting via pump at address 0 	25
108.3666 	DATA 	Keypress: o
108.3678 	DATA 	Keypress: o
108.3688 	DATA 	Keypress: o
108.4009 	Level WAIT 	25
109.3673 	Level RINSE 	25
111.3653 	DATA 	Keypress: o
111.3842 	Level jitter 	25
115.3609 	Level finished 	25
115.3621 	DATA 	Keypress: o
115.3631 	DATA 	Keypress: o
115.3846 	Level image=waterlogo.jpg 	25
116.3634 	DATA 	Keypress: o
116.3848 	Level injecting via pump at address 0 	25
122.3660 	DATA 	Keypress: o
122.3671 	DATA 	Keypress: o
122.3682 	DATA 	Keypress: o
122.3858 	Level WAIT 	25
123.3856 	Level RINSE 	25
125.3653 	DATA 	Keypress: o
125.3858 	Level jitter 	25
129.3608 	Level finished 	25
129.3628 	DATA 	Keypress: o
129.3644 	DATA 	Keypress: o
129.3863 	Level image=tasty.jpg 	25
130.3635 	DATA 	Keypress: o
130.3865 	Level injecting via pump at address 1 	25
136.3657 	DATA 	Keypress: o
136.3669 	DATA 	Keypress: o
136.3678 	DATA 	Keypress: o
136.3875 	Level WAIT 	25
137.3705 	Level RINSE 	25
139.3660 	DATA 	Keypress: o
139.3874 	Level jitter 	25
145.3608 	Level finished 	25
145.3620 	DATA 	Keypress: o
145.3630 	DATA 	Keypress: o
145.3640 	DATA 	Keypress: o
145.3882 	Level image=waterlogo.jpg 	25
146.3637 	DATA 	Keypress: o
146.3721 	Level injecting via pump at address 0 	25
152.3660 	DATA 	Keypress: o
152.3674 	DATA 	Keypress: o
152.3686 	DATA 	Keypress: o
152.3723 	Level WAIT 	25
153.3725 	Level RINSE 	25
155.3660 	DATA 	Keypress: o
155.3893 	Level jitter 	25
158.3608 	Level finished 	25
158.3622 	DATA 	Keypress: o
158.3633 	DATA 	Keypress: o
158.3901 	Level image=tasty.jpg 	25
159.3732 	Level injecting via pump at address 1 	25
165.3657 	DATA 	Keypress: o
165.3667 	DATA 	Keypress: o
165.3676 	DATA 	Keypress: o
165.3738 	Level WAIT 	25
166.3637 	DATA 	Keypress: o
166.3739 	Level RINSE 	25
168.3663 	DATA 	Keypress: o
168.3745 	Level jitter 	25
171.3608 	Level finished 	25
171.3620 	DATA 	Keypress: o
171.3746 	Level image=waterlogo.jpg 	25
172.3632 	DATA 	Keypress: o
172.3748 	Level injecting via pump at address 0 	25
178.3662 	DATA 	Keypress: o
178.3674 	DATA 	Keypress: o
178.3686 	DATA 	Keypress: o
178.3925 	Level WAIT 	25
179.3754 	Level RINSE 	25
181.3654 	DATA 	Keypress: o
181.3756 	Level jitter 	25
185.3608 	Level finished 	25
185.3621 	DATA 	Keypress: o
185.3631 	DATA 	Keypress: o
185.3928 	Level image=waterlogo.jpg 	25
186.3633 	DATA 	Keypress: o
186.3930 	Level injecting via pump at address 0 	25
192.3660 	DATA 	Keypress: o
192.3671 	DATA 	Keypress: o
192.3684 	DATA 	Keypress: o
192.3941 	Level WAIT 	25
193.3771 	Level RINSE 	25
195.3659 	DATA 	Keypress: o
195.3940 	Level jitter 	25
200.3608 	Level finished 	25
200.3622 	DATA 	Keypress: o
200.3632 	DATA 	Keypress: o
200.3641 	DATA 	Keypress: o
200.3780 	Level image=tasty.jpg 	25
201.3781 	Level injecting via pump at address 1 	25
207.3664 	DATA 	Keypress: o
207.3677 	DATA 	Keypress: o
207.3689 	DATA 	Keypress: o
207.3959 	Level WAIT 	25
208.3632 	DATA 	Keypress: o
208.3955 	Level RINSE 	25
210.3662 	DATA 	Keypress: o
210.3791 	Level jitter 	25
213.3608 	Level finished 	25
213.3620 	DATA 	Keypress: o
213.3795 	Level image=waterlogo.jpg 	25
214.3637 	DATA 	Keypress: o
214.3963 	Level injecting via pump at address 0 	25
220.3663 	DATA 	Keypress: o
220.3675 	DATA 	Keypress: o
220.3687 	DATA 	Keypress: o
220.3973 	Level WAIT 	25
221.3804 	Level RINSE 	25
223.3660 	DATA 	Keypress: o
223.3806 	Level jitter 	25
231.3608 	Level finished 	25
231.3621 	DATA 	Keypress: o
231.3631 	DATA 	Keypress: o
231.3640 	DATA 	Keypress: o
231.3650 	DATA 	Keypress: o
231.3820 	Level image=tasty.jpg 	25
232.3633 	DATA 	Keypress: o
232.3817 	Level injecting via pump at address 1 	25
238.3653 	DATA 	Keypress: o
238.3664 	DATA 	Keypress: o
238.3673 	DATA 	Keypress: o
238.3823 	Level WAIT 	25
239.3824 	Level RINSE 	25
241.3660 	DATA 	Keypress: o
241.3831 	Level jitter 	25
243.3608 	Level finished 	25
243.3620 	DATA 	Keypress: o
243.3830 	Level image=tasty.jpg 	25
244.3633 	DATA 	Keypress: o
244.3832 	Level injecting via pump at address 1 	25
250.3663 	DATA 	Keypress: o
250.3675 	DATA 	Keypress: o
250.3687 	DATA 	Keypress: o
250.3837 	Level WAIT 	25
251.3843 	Level RINSE 	25
253.3656 	DATA 	Keypress: o
253.3841 	Level jitter 	25
255.3608 	Level finished 	25
255.3620 	DATA 	Keypress: o
255.3843 	Level image=waterlogo.jpg 	25
256.3633 	DATA 	Keypress: o
256.3845 	Level injecting via pump at address 0 	25
262.3655 	DATA 	Keypress: o
262.3666 	DATA 	Keypress: o
262.3678 	DATA 	Keypress: o
262.3855 	Level WAIT 	25
263.3853 	Level RINSE 	25
265.3659 	DATA 	Keypress: o
265.3854 	Level jitter 	25
268.3608 	Level finished 	25
268.3620 	DATA 	Keypress: o
268.3630 	DATA 	Keypress: o
268.3858 	Level image=tasty.jpg 	25
269.3860 	Level injecting via pump at address 1 	25
275.3664 	DATA 	Keypress: o
275.3677 	DATA 	Keypress: o
275.3688 	DATA 	Keypress: o
275.3871 	Level WAIT 	25
276.3634 	DATA 	Keypress: o
276.3868 	Level RINSE 	25
278.3661 	DATA 	Keypress: o
278.3870 	Level jitter 	25
280.3608 	Level finished 	25
280.3621 	DATA 	Keypress: o
280.3706 	Level image=waterlogo.jpg 	25
281.3708 	Level injecting via pump at address 0 	25
287.3661 	DATA 	Keypress: o
287.3672 	DATA 	Keypress: o
287.3680 	DATA 	Keypress: o
287.3885 	Level WAIT 	25
288.3633 	DATA 	Keypress: o
288.3882 	Level RINSE 	25
290.3661 	DATA 	Keypress: o
290.3717 	Level jitter 	25
291.3608 	Level finished 	25
291.3885 	Level image=tasty.jpg 	25
292.3635 	DATA 	Keypress: o
292.3887 	Level injecting via pump at address 1 	25
298.3654 	DATA 	Keypress: o
298.3667 	DATA 	Keypress: o
298.3679 	DATA 	Keypress: o
298.3897 	Level WAIT 	25
299.3729 	Level RINSE 	25
301.3657 	DATA 	Keypress: o
301.3897 	Level jitter 	25
303.3609 	Level finished 	25
303.3620 	DATA 	Keypress: o
303.3901 	Level image=waterlogo.jpg 	25
304.3632 	DATA 	Keypress: o
304.3902 	Level injecting via pump at address 0 	25
310.3656 	DATA 	Keypress: o
310.3668 	DATA 	Keypress: o
310.3679 	DATA 	Keypress: o
310.3911 	Level WAIT 	25
311.3909 	Level RINSE 	25
313.3659 	DATA 	Keypress: o
313.3911 	Level jitter 	25
319.3608 	Level finished 	25
319.3621 	DATA 	Keypress: o
319.3631 	DATA 	Keypress: o
319.3640 	DATA 	Keypress: o
319.3919 	Level image=waterlogo.jpg 	25
320.3632 	DATA 	Keypress: o
320.3924 	Level injecting via pump at address 0 	25
326.3662 	DATA 	Keypress: o
326.3674 	DATA 	Keypress: o
326.3686 	DATA 	Keypress: o
326.3926 	Level WAIT 	25
327.3761 	Level RINSE 	25
329.3657 	DATA 	Keypress: o
329.3930 	Level jitter 	25
332.3608 	Level finished 	25
332.3620 	DATA 	Keypress: o
332.3630 	DATA 	Keypress: o
332.3938 	Level image=tasty.jpg 	25
333.3768 	Level injecting via pump at address 1 	25
339.3659 	DATA 	Keypress: o
339.3669 	DATA 	Keypress: o
339.3678 	DATA 	Keypress: o
339.3941 	Level WAIT 	25
340.3632 	DATA 	Keypress: o
340.3777 	Level RINSE 	25
342.3665 	DATA 	Keypress: o
342.3949 	Level jitter 	25
350.3608 	Level finished 	25
350.3620 	DATA 	Keypress: o
350.3630 	DATA 	Keypress: o
350.3639 	DATA 	Keypress: o
350.3648 	DATA 	Keypress: o
350.3788 	Level image=waterlogo.jpg 	25
351.3789 	Level injecting via pump at address 0 	25
357.3660 	DATA 	Keypress: o
357.3670 	DATA 	Keypress: o
357.3679 	DATA 	Keypress: o
357.3966 	Level WAIT 	25
358.3637 	DATA 	Keypress: o
358.3798 	Level RINSE 	25
360.3654 	DATA 	Keypress: o
360.3800 	Level jitter 	25
365.3609 	Level finished 	25
365.3621 	DATA 	Keypress: o
365.3631 	DATA 	Keypress: o
365.3805 	Level image=tasty.jpg 	25
366.3636 	DATA 	Keypress: o
366.3807 	Level injecting via pump at address 1 	25
372.3659 	DATA 	Keypress: o
372.3670 	DATA 	Keypress: o
372.3681 	DATA 	Keypress: o
372.3817 	Level WAIT 	25
373.3815 	Level RINSE 	25
375.3658 	DATA 	Keypress: o
375.3816 	Level jitter 	25
379.3608 	Level finished 	25
379.3621 	DATA 	Keypress: o
379.3631 	DATA 	Keypress: o
379.3822 	Level image=waterlogo.jpg 	25
380.3634 	DATA 	Keypress: o
380.3823 	Level injecting via pump at address 0 	25
386.3662 	DATA 	Keypress: o
386.3674 	DATA 	Keypress: o
386.3686 	DATA 	Keypress: o
386.4001 	Level WAIT 	25
387.3831 	Level RINSE 	25
389.3657 	DATA 	Keypress: o
389.3833 	Level jitter 	25
394.3608 	Level finished 	25
394.3623 	DATA 	Keypress: o
394.3637 	DATA 	Keypress: o
394.3649 	DATA 	Keypress: o
394.3839 	Level image=tasty.jpg 	25
395.3841 	Level injecting via pump at address 1 	25
401.3653 	DATA 	Keypress: o
401.3663 	DATA 	Keypress: o
401.3672 	DATA 	Keypress: o
401.3851 	Level WAIT 	25
402.3633 	DATA 	Keypress: o
402.3682 	Level RINSE 	25
404.3654 	DATA 	Keypress: o
404.3850 	Level jitter 	25
413.3608 	Level finished 	25
413.3622 	DATA 	Keypress: o
413.3633 	DATA 	Keypress: o
413.3642 	DATA 	Keypress: o
413.3654 	DATA 	Keypress: o
413.3866 	Level image=waterlogo.jpg 	25
414.3632 	DATA 	Keypress: o
414.3864 	Level injecting via pump at address 0 	25
420.3662 	DATA 	Keypress: o
420.3674 	DATA 	Keypress: o
420.3686 	DATA 	Keypress: o
420.3869 	Level WAIT 	25
421.3704 	Level RINSE 	25
423.3665 	DATA 	Keypress: o
423.3877 	Level jitter 	25
432.3608 	Level finished 	25
432.3622 	DATA 	Keypress: o
432.3635 	DATA 	Keypress: o
432.3646 	DATA 	Keypress: o
432.3658 	DATA 	Keypress: o
432.3670 	DATA 	Keypress: o
432.3884 	Level image=tasty.jpg 	25
433.3723 	Level injecting via pump at address 1 	25
439.3661 	DATA 	Keypress: o
439.3673 	DATA 	Keypress: o
439.3683 	DATA 	Keypress: o
439.3891 	Level WAIT 	25
440.3636 	DATA 	Keypress: o
440.3726 	Level RINSE 	25
442.3661 	DATA 	Keypress: o
442.3896 	Level jitter 	25
446.3608 	Level finished 	25
446.3620 	DATA 	Keypress: o
446.3631 	DATA 	Keypress: o
446.3737 	Level image=tasty.jpg 	25
447.3735 	Level injecting via pump at address 1 	25
453.3664 	DATA 	Keypress: o
453.3677 	DATA 	Keypress: o
453.3689 	DATA 	Keypress: o
453.3908 	Level WAIT 	25
454.3632 	DATA 	Keypress: o
454.3910 	Level RINSE 	25
456.3652 	DATA 	Keypress: o
456.3748 	Level jitter 	25
459.3608 	Level finished 	25
459.3620 	DATA 	Keypress: o
459.3915 	Level image=waterlogo.jpg 	25
460.3631 	DATA 	Keypress: o
460.3916 	Level injecting via pump at address 0 	25
466.3655 	DATA 	Keypress: o
466.3665 	DATA 	Keypress: o
466.3675 	DATA 	Keypress: o
466.3927 	Level WAIT 	25
467.3924 	Level RINSE 	25
469.3654 	DATA 	Keypress: o
469.3927 	Level jitter 	25
470.3608 	Level finished 	25
470.3620 	DATA 	Keypress: o
470.3929 	Level image=tasty.jpg 	25
471.3763 	Level injecting via pump at address 1 	25
477.3654 	DATA 	Keypress: o
477.3665 	DATA 	Keypress: o
477.3674 	DATA 	Keypress: o
477.3773 	Level WAIT 	25
478.3632 	DATA 	Keypress: o
478.3771 	Level RINSE 	25
480.3662 	DATA 	Keypress: o
480.3773 	Level jitter 	25
487.3608 	Level finished 	25
487.3621 	DATA 	Keypress: o
487.3632 	DATA 	Keypress: o
487.3643 	DATA 	Keypress: o
487.3785 	Level image=waterlogo.jpg 	25
488.3635 	DATA 	Keypress: o
488.3783 	Level injecting via pump at address 0 	25
494.3658 	DATA 	Keypress: o
494.3672 	DATA 	Keypress: o
494.3682 	DATA 	Keypress: o
494.3956 	Level WAIT 	25
495.3792 	Level RINSE 	25
497.3671 	DATA 	Keypress: o
497.3798 	Level jitter 	25
498.3608 	Level finished 	25
498.3620 	DATA 	Keypress: o
498.3961 	Level image=tasty.jpg 	25
499.3795 	Level injecting via pump at address 1 	25
505.3659 	DATA 	Keypress: o
505.3671 	DATA 	Keypress: o
505.3683 	DATA 	Keypress: o
505.3802 	Level WAIT 	25
506.3632 	DATA 	Keypress: o
506.3803 	Level RINSE 	25
508.3658 	DATA 	Keypress: o
508.3810 	Level jitter 	25
514.3608 	Level finished 	25
