73.3116 	DATA 	Keypress: o
73.3123 	Level start key press 	25
75.3113 	DATA 	Keypress: o
77.3113 	DATA 	Keypress: o
79.3116 	DATA 	Keypress: o
81.3286 	DATA 	Keypress: o
81.8430 	Level image=waterlogo.jpg 	25
82.7936 	Level injecting via pump at address 0 	25
88.7810 	DATA 	Keypress: o
88.7822 	DATA 	Keypress: o
88.7833 	DATA 	Keypress: o
88.7938 	Level WAIT 	25
89.7789 	DATA 	Keypress: o
89.7940 	Level RINSE 	25
91.7899 	DATA 	Keypress: o
91.8108 	Level jitter 	25
98.7763 	Level finished 	25
98.7775 	DATA 	Keypress: o
98.7785 	DATA 	Keypress: o
98.7793 	DATA 	Keypress: o
98.7953 	Level image=tasty.jpg 	25
99.7788 	DATA 	Keypress: o
99.7951 	Level injecting via pump at address 0 	25
105.7817 	DATA 	Keypress: o
105.7831 	DATA 	Keypress: o
105.7841 	DATA 	Keypress: o
105.8124 	Level WAIT 	25
106.7960 	Level RINSE 	25
108.7813 	DATA 	Keypress: o
108.7966 	Level jitter 	25
112.7763 	Level finished 	25
112.7775 	DATA 	Keypress: o
112.7785 	DATA 	Keypress: o
112.7967 	Level image=tasty.jpg 	25
113.7789 	DATA 	Keypress: o
113.7968 	Level injecting via pump at address 1 	25
119.7818 	DATA 	Keypress: o
119.7831 	DATA 	Keypress: o
119.7843 	DATA 	Keypress: o
119.7978 	Level WAIT 	25
120.7976 	Level RINSE 	25
122.7806 	DATA 	Keypress: o
122.7979 	Level jitter 	25
123.7763 	Level finished 	25
123.7774 	DATA 	Keypress: o
123.7980 	Level image=tasty.jpg 	25
124.7981 	Level injecting via pump at address 0 	25
130.7817 	DATA 	Keypress: o
130.7829 	DATA 	Keypress: o
130.7841 	DATA 	Keypress: o
130.7991 	Level WAIT 	25
131.7789 	DATA 	Keypress: o
131.7823 	Level RINSE 	25
133.7809 	DATA 	Keypress: o
133.7991 	Level jitter 	25
141.7763 	Level finished 	25
141.7774 	DATA 	Keypress: o
141.7785 	DATA 	Keypress: o
141.7796 	DATA 	Keypress: o
141.7808 	DATA 	Keypress: o
141.8004 	Level image=waterlogo.jpg 	25
142.8002 	Level injecting via pump at address 0 	25
148.7814 	DATA 	Keypress: o
148.7826 	DATA 	Keypress: o
148.7837 	DATA 	Keypress: o
148.8009 	Level WAIT 	25
149.7789 	DATA 	Keypress: o
149.8010 	Level RINSE 	25
151.7813 	DATA 	Keypress: o
151.8017 	Level jitter 	25
159.7763 	Level finished 	25
159.7777 	DATA 	Keypress: o
159.7789 	DATA 	Keypress: o
159.7801 	DATA 	Keypress: o
159.7812 	DATA 	Keypress: o
159.8021 	Level image=waterlogo.jpg 	25
160.7856 	Level injecting via pump at address 0 	25
166.7818 	DATA 	Keypress: o
166.7832 	DATA 	Keypress: o
166.7844 	DATA 	Keypress: o
166.8034 	Level WAIT 	25
167.7790 	DATA 	Keypress: o
167.8031 	Level RINSE 	25
169.7818 	DATA 	Keypress: o
169.8033 	Level jitter 	25
175.7763 	Level finished 	25
175.7775 	DATA 	Keypress: o
175.7785 	DATA 	Keypress: o
175.7794 	DATA 	Keypress: o
175.8040 	Level image=tasty.jpg 	25
176.7879 	Level injecting via pump at address 1 	25
182.7818 	DATA 	Keypress: o
182.7828 	DATA 	Keypress: o
182.7840 	DATA 	Keypress: o
182.8048 	Level WAIT 	25
183.7788 	DATA 	Keypress: o
183.8050 	Level RINSE 	25
185.7807 	DATA 	Keypress: o
185.8051 	Level jitter 	25
187.7763 	Level finished 	25
187.7775 	DATA 	Keypress: o
187.7893 	Level image=tasty.jpg 	25
188.7890 	Level injecting via pump at address 0 	25
194.7813 	DATA 	Keypress: o
194.7826 	DATA 	Keypress: o
194.7838 	DATA 	Keypress: o
194.8063 	Level WAIT 	25
195.7788 	DATA 	Keypress: o
195.8064 	Level RINSE 	25
197.7815 	DATA 	Keypress: o
197.7903 	Level jitter 	25
203.7763 	Level finished 	25
203.7775 	DATA 	Keypress: o
203.7785 	DATA 	Keypress: o
203.7797 	DATA 	Keypress: o
203.7907 	Level image=waterlogo.jpg 	25
204.7908 	Level injecting via pump at address 0 	25
210.7819 	DATA 	Keypress: o
210.7832 	DATA 	Keypress: o
210.7844 	DATA 	Keypress: o
210.8085 	Level WAIT 	25
211.7787 	DATA 	Keypress: o
211.8082 	Level RINSE 	25
213.7813 	DATA 	Keypress: o
213.7917 	Level jitter 	25
215.7763 	Level finished 	25
215.7775 	DATA 	Keypress: o
215.7920 	Level image=waterlogo.jpg 	25
216.7922 	Level injecting via pump at address 0 	25
222.7814 	DATA 	Keypress: o
222.7828 	DATA 	Keypress: o
222.7839 	DATA 	Keypress: o
222.7932 	Level WAIT 	25
223.7788 	DATA 	Keypress: o
223.7930 	Level RINSE 	25
225.7813 	DATA 	Keypress: o
225.7931 	Level jitter 	25
234.7763 	Level finished 	25
234.7776 	DATA 	Keypress: o
234.7788 	DATA 	Keypress: o
234.7800 	DATA 	Keypress: o
234.7812 	DATA 	Keypress: o
234.7947 	Level image=tasty.jpg 	25
235.7789 	DATA 	Keypress: o
235.7944 	Level injecting via pump at address 1 	25
241.7819 	DATA 	Keypress: o
241.7830 	DATA 	Keypress: o
241.7842 	DATA 	Keypress: o
241.7950 	Level WAIT 	25
242.7952 	Level RINSE 	25
244.7815 	DATA 	Keypress: o
244.7958 	Level jitter 	25
251.7763 	Level finished 	25
251.7775 	DATA 	Keypress: o
251.7786 	DATA 	Keypress: o
251.7796 	DATA 	Keypress: o
251.7805 	DATA 	Keypress: o
251.7962 	Level image=tasty.jpg 	25
252.7963 	Level injecting via pump at address 0 	25
258.7815 	DATA 	Keypress: o
258.7827 	DATA 	Keypress: o
258.7837 	DATA 	Keypress: o
258.8140 	Level WAIT 	25
259.7789 	DATA 	Keypress: o
259.7971 	Level RINSE 	25
261.7812 	DATA 	Keypress: o
261.7974 	Level jitter 	25
268.7763 	Level finished 	25
268.7776 	DATA 	Keypress: o
268.7789 	DATA 	Keypress: o
268.7801 	DATA 	Keypress: o
268.8154 	Level image=waterlogo.jpg 	25
269.7787 	DATA 	Keypress: o
269.7983 	Level injecting via pump at address 0 	25
275.7820 	DATA 	Keypress: o
275.7837 	DATA 	Keypress: o
275.7849 	DATA 	Keypress: o
275.7990 	Level WAIT 	25
276.7992 	Level RINSE 	25
278.7807 	DATA 	Keypress: o
278.7998 	Level jitter 	25
283.7763 	Level finished 	25
283.7776 	DATA 	Keypress: o
283.7789 	DATA 	Keypress: o
283.7800 	DATA 	Keypress: o
283.8000 	Level image=tasty.jpg 	25
284.7835 	Level injecting via pump at address 0 	25
290.7811 	DATA 	Keypress: o
290.7821 	DATA 	Keypress: o
290.7830 	DATA 	Keypress: o
290.8012 	Level WAIT 	25
291.7789 	DATA 	Keypress: o
291.8010 	Level RINSE 	25
293.7807 	DATA 	Keypress: o
293.7843 	Level jitter 	25
294.7763 	Level finished 	25
294.8013 	Level image=tasty.jpg 	25
295.7788 	DATA 	Keypress: o
295.8014 	Level injecting via pump at address 1 	25
301.7809 	DATA 	Keypress: o
301.7819 	DATA 	Keypress: o
301.7829 	DATA 	Keypress: o
301.8025 	Level WAIT 	25
302.8021 	Level RINSE 	25
304.7817 	DATA 	Keypress: o
304.8024 	Level jitter 	25
307.7763 	Level finished 	25
307.7774 	DATA 	Keypress: o
307.7786 	DATA 	Keypress: o
307.8028 	Level image=tasty.jpg 	25
308.8029 	Level injecting via pump at address 0 	25
314.7816 	DATA 	Keypress: o
314.7828 	DATA 	Keypress: o
314.7841 	DATA 	Keypress: o
314.8039 	Level WAIT 	25
315.7788 	DATA 	Keypress: o
315.7871 	Level RINSE 	25
317.7812 	DATA 	Keypress: o
317.8039 	Level jitter 	25
319.7763 	Level finished 	25
319.7776 	DATA 	Keypress: o
319.8043 	Level image=tasty.jpg 	25
320.8044 	Level injecting via pump at address 1 	25
326.7810 	DATA 	Keypress: o
326.7823 	DATA 	Keypress: o
326.7834 	DATA 	Keypress: o
326.8053 	Level WAIT 	25
327.7788 	DATA 	Keypress: o
327.8051 	Level RINSE 	25
329.7814 	DATA 	Keypress: o
329.8053 	Level jitter 	25
331.7763 	Level finished 	25
331.7775 	DATA 	Keypress: o
331.7889 	Level image=tasty.jpg 	25
332.7890 	Level injecting via pump at address 0 	25
338.7816 	DATA 	Keypress: o
338.7828 	DATA 	Keypress: o
338.7840 	DATA 	Keypress: o
338.8067 	Level WAIT 	25
339.7787 	DATA 	Keypress: o
339.8065 	Level RINSE 	25
341.7808 	DATA 	Keypress: o
341.7900 	Level jitter 	25
342.7763 	Level finished 	25
342.8068 	Level image=waterlogo.jpg 	25
343.7787 	DATA 	Keypress: o
343.7904 	Level injecting via pump at address 0 	25
349.7811 	DATA 	Keypress: o
349.7822 	DATA 	Keypress: o
349.7834 	DATA 	Keypress: o
349.8081 	Level WAIT 	25
350.7911 	Level RINSE 	25
352.7813 	DATA 	Keypress: o
352.8080 	Level jitter 	25
358.7763 	Level finished 	25
358.7775 	DATA 	Keypress: o
358.7787 	DATA 	Keypress: o
358.7798 	DATA 	Keypress: o
358.8087 	Level image=tasty.jpg 	25
359.7789 	DATA 	Keypress: o
359.7927 	Level injecting via pump at address 1 	25
365.7818 	DATA 	Keypress: o
365.7830 	DATA 	Keypress: o
365.7842 	DATA 	Keypress: o
365.7928 	Level WAIT 	25
366.7930 	Level RINSE 	25
368.7813 	DATA 	Keypress: o
368.7932 	Level jitter 	25
371.7763 	Level finished 	25
371.7775 	DATA 	Keypress: o
371.7787 	DATA 	Keypress: o
371.8106 	Level image=tasty.jpg 	25
372.7938 	Level injecting via pump at address 0 	25
378.7816 	DATA 	Keypress: o
378.7826 	DATA 	Keypress: o
378.7836 	DATA 	Keypress: o
378.7944 	Level WAIT 	25
379.7788 	DATA 	Keypress: o
379.7944 	Level RINSE 	25
381.7814 	DATA 	Keypress: o
381.7950 	Level jitter 	25
383.7763 	Level finished 	25
383.7775 	DATA 	Keypress: o
383.8117 	Level image=tasty.jpg 	25
384.7951 	Level injecting via pump at address 1 	25
390.7809 	DATA 	Keypress: o
390.7821 	DATA 	Keypress: o
390.7832 	DATA 	Keypress: o
390.7957 	Level WAIT 	25
391.7791 	DATA 	Keypress: o
391.7962 	Level RINSE 	25
393.7815 	DATA 	Keypress: o
393.7960 	Level jitter 	25
397.7763 	Level finished 	25
397.7775 	DATA 	Keypress: o
397.7785 	DATA 	Keypress: o
397.7966 	Level image=tasty.jpg 	25
398.7967 	Level injecting via pump at address 0 	25
404.7814 	DATA 	Keypress: o
404.7826 	DATA 	Keypress: o
404.7835 	DATA 	Keypress: o
404.7978 	Level WAIT 	25
405.7787 	DATA 	Keypress: o
405.7975 	Level RINSE 	25
407.7813 	DATA 	Keypress: o
407.7977 	Level jitter 	25
414.7763 	Level finished 	25
414.7775 	DATA 	Keypress: o
414.7786 	DATA 	Keypress: o
414.7798 	DATA 	Keypress: o
414.7991 	Level image=tasty.jpg 	25
415.7790 	DATA 	Keypress: o
415.7821 	Level injecting via pump at address 0 	25
421.7819 	DATA 	Keypress: o
421.7831 	DATA 	Keypress: o
421.7843 	DATA 	Keypress: o
421.7994 	Level WAIT 	25
422.7995 	Level RINSE 	25
424.7811 	DATA 	Keypress: o
424.8001 	Level jitter 	25
428.7763 	Level finished 	25
