63.0172 	DATA 	Keypress: o
63.0180 	Level start key press 	25
65.0312 	DATA 	Keypress: o
67.0296 	DATA 	Keypress: o
69.0313 	DATA 	Keypress: o
71.0572 	DATA 	Keypress: o
71.0614 	Level image=waterlogo.jpg 	25
72.0035 	Level injecting via pump at address 0 	25
78.0026 	DATA 	Keypress: o
78.0037 	DATA 	Keypress: o
78.0046 	DATA 	Keypress: o
78.0120 	Level WAIT 	25
79.0128 	Level RINSE 	25
81.0105 	DATA 	Keypress: o
81.0238 	Level jitter 	25
87.9974 	Level finished 	25
87.9986 	DATA 	Keypress: o
87.9997 	DATA 	Keypress: o
88.0006 	DATA 	Keypress: o
88.0015 	DATA 	Keypress: o
88.0143 	Level image=waterlogo.jpg 	25
89.0133 	Level injecting via pump at address 0 	25
95.0024 	DATA 	Keypress: o
95.0036 	DATA 	Keypress: o
95.0045 	DATA 	Keypress: o
95.0144 	Level WAIT 	25
95.9999 	DATA 	Keypress: o
96.0116 	Level RINSE 	25
98.0028 	DATA 	Keypress: o
98.0151 	Level jitter 	25
102.9974 	Level finished 	25
102.9985 	DATA 	Keypress: o
102.9995 	DATA 	Keypress: o
103.0088 	Level image=tasty.jpg 	25
104.0001 	DATA 	Keypress: o
104.0033 	Level injecting via pump at address 1 	25
110.0017 	DATA 	Keypress: o
110.0028 	DATA 	Keypress: o
110.0040 	DATA 	Keypress: o
110.0166 	Level WAIT 	25
111.0155 	Level RINSE 	25
113.0018 	DATA 	Keypress: o
113.0062 	Level jitter 	25
115.9974 	Level finished 	25
115.9986 	DATA 	Keypress: o
115.9998 	DATA 	Keypress: o
116.0070 	Level image=tasty.jpg 	25
117.0027 	Level injecting via pump at address 0 	25
123.0029 	DATA 	Keypress: o
123.0041 	DATA 	Keypress: o
123.0053 	DATA 	Keypress: o
123.0173 	Level WAIT 	25
123.9998 	DATA 	Keypress: o
124.0160 	Level RINSE 	25
126.0031 	DATA 	Keypress: o
126.0180 	Level jitter 	25
131.9974 	Level finished 	25
131.9986 	DATA 	Keypress: o
131.9997 	DATA 	Keypress: o
132.0008 	DATA 	Keypress: o
132.0183 	Level image=tasty.jpg 	25
133.0024 	Level injecting via pump at address 0 	25
139.0027 	DATA 	Keypress: o
139.0040 	DATA 	Keypress: o
139.0053 	DATA 	Keypress: o
139.0195 	Level WAIT 	25
139.9999 	DATA 	Keypress: o
140.0031 	Level RINSE 	25
142.0022 	DATA 	Keypress: o
142.0055 	Level jitter 	25
150.9974 	Level finished 	25
150.9986 	DATA 	Keypress: o
150.9998 	DATA 	Keypress: o
151.0010 	DATA 	Keypress: o
151.0021 	DATA 	Keypress: o
151.0216 	Level image=tasty.jpg 	25
151.9997 	DATA 	Keypress: o
152.0031 	Level injecting via pump at address 1 	25
158.0025 	DATA 	Keypress: o
158.0036 	DATA 	Keypress: o
158.0046 	DATA 	Keypress: o
158.0215 	Level WAIT 	25
159.0046 	Level RINSE 	25
161.0022 	DATA 	Keypress: o
161.0058 	Level jitter 	25
166.9974 	Level finished 	25
166.9988 	DATA 	Keypress: o
167.0000 	DATA 	Keypress: o
167.0014 	DATA 	Keypress: o
167.0229 	Level image=tasty.jpg 	25
167.9999 	DATA 	Keypress: o
168.0031 	Level injecting via pump at address 0 	25
174.0025 	DATA 	Keypress: o
174.0037 	DATA 	Keypress: o
174.0049 	DATA 	Keypress: o
174.0217 	Level WAIT 	25
175.0072 	Level RINSE 	25
177.0017 	DATA 	Keypress: o
177.0061 	Level jitter 	25
179.9974 	Level finished 	25
179.9987 	DATA 	Keypress: o
180.0000 	DATA 	Keypress: o
180.0076 	Level image=tasty.jpg 	25
181.0015 	Level injecting via pump at address 1 	25
187.0025 	DATA 	Keypress: o
187.0035 	DATA 	Keypress: o
187.0045 	DATA 	Keypress: o
187.0092 	Level WAIT 	25
187.9998 	DATA 	Keypress: o
188.0079 	Level RINSE 	25
190.0023 	DATA 	Keypress: o
190.0090 	Level jitter 	25
194.9974 	Level finished 	25
194.9988 	DATA 	Keypress: o
195.0000 	DATA 	Keypress: o
195.0090 	Level image=tasty.jpg 	25
195.9997 	DATA 	Keypress: o
196.0063 	Level injecting via pump at address 0 	25
202.0022 	DATA 	Keypress: o
202.0032 	DATA 	Keypress: o
202.0043 	DATA 	Keypress: o
202.0080 	Level WAIT 	25
203.0027 	Level RINSE 	25
205.0023 	DATA 	Keypress: o
205.0088 	Level jitter 	25
205.9974 	Level finished 	25
205.9986 	DATA 	Keypress: o
206.0109 	Level image=waterlogo.jpg 	25
207.0111 	Level injecting via pump at address 0 	25
213.0018 	DATA 	Keypress: o
213.0028 	DATA 	Keypress: o
213.0038 	DATA 	Keypress: o
213.0116 	Level WAIT 	25
213.9999 	DATA 	Keypress: o
214.0112 	Level RINSE 	25
216.0024 	DATA 	Keypress: o
216.0114 	Level jitter 	25
220.9974 	Level finished 	25
220.9986 	DATA 	Keypress: o
220.9997 	DATA 	Keypress: o
221.0094 	Level image=waterlogo.jpg 	25
221.9999 	DATA 	Keypress: o
222.0044 	Level injecting via pump at address 0 	25
228.0021 	DATA 	Keypress: o
228.0031 	DATA 	Keypress: o
228.0041 	DATA 	Keypress: o
228.0136 	Level WAIT 	25
229.0130 	Level RINSE 	25
231.0026 	DATA 	Keypress: o
231.0070 	Level jitter 	25
233.9974 	Level finished 	25
233.9987 	DATA 	Keypress: o
234.0000 	DATA 	Keypress: o
234.0077 	Level image=tasty.jpg 	25
235.0023 	Level injecting via pump at address 0 	25
241.0024 	DATA 	Keypress: o
241.0035 	DATA 	Keypress: o
241.0047 	DATA 	Keypress: o
241.0148 	Level WAIT 	25
241.9996 	DATA 	Keypress: o
242.0146 	Level RINSE 	25
244.0020 	DATA 	Keypress: o
244.0051 	Level jitter 	25
249.9974 	Level finished 	25
249.9987 	DATA 	Keypress: o
249.9999 	DATA 	Keypress: o
250.0011 	DATA 	Keypress: o
250.0162 	Level image=waterlogo.jpg 	25
251.0023 	Level injecting via pump at address 0 	25
257.0018 	DATA 	Keypress: o
257.0031 	DATA 	Keypress: o
257.0041 	DATA 	Keypress: o
257.0162 	Level WAIT 	25
257.9997 	DATA 	Keypress: o
258.0153 	Level RINSE 	25
260.0023 	DATA 	Keypress: o
260.0053 	Level jitter 	25
261.9974 	Level finished 	25
261.9985 	DATA 	Keypress: o
262.0119 	Level image=waterlogo.jpg 	25
263.0067 	Level injecting via pump at address 0 	25
269.0029 	DATA 	Keypress: o
269.0039 	DATA 	Keypress: o
269.0048 	DATA 	Keypress: o
269.0079 	Level WAIT 	25
270.0002 	DATA 	Keypress: o
270.0033 	Level RINSE 	25
272.0022 	DATA 	Keypress: o
272.0092 	Level jitter 	25
279.9974 	Level finished 	25
279.9986 	DATA 	Keypress: o
279.9995 	DATA 	Keypress: o
280.0004 	DATA 	Keypress: o
280.0014 	DATA 	Keypress: o
280.0177 	Level image=tasty.jpg 	25
281.0025 	Level injecting via pump at address 0 	25
287.0024 	DATA 	Keypress: o
287.0037 	DATA 	Keypress: o
287.0047 	DATA 	Keypress: o
287.0144 	Level WAIT 	25
288.0003 	DATA 	Keypress: o
288.0037 	Level RINSE 	25
290.0023 	DATA 	Keypress: o
290.0149 	Level jitter 	25
294.9974 	Level finished 	25
294.9985 	DATA 	Keypress: o
294.9995 	DATA 	Keypress: o
295.0210 	Level image=waterlogo.jpg 	25
295.9997 	DATA 	Keypress: o
296.0042 	Level injecting via pump at address 0 	25
302.0024 	DATA 	Keypress: o
302.0035 	DATA 	Keypress: o
302.0046 	DATA 	Keypress: o
302.0199 	Level WAIT 	25
303.0057 	Level RINSE 	25
305.0025 	DATA 	Keypress: o
305.0056 	Level jitter 	25
309.9974 	Level finished 	25
309.9987 	DATA 	Keypress: o
309.9999 	DATA 	Keypress: o
310.0011 	DATA 	Keypress: o
310.0109 	Level image=tasty.jpg 	25
311.0060 	Level injecting via pump at address 0 	25
317.0032 	DATA 	Keypress: o
317.0046 	DATA 	Keypress: o
317.0060 	DATA 	Keypress: o
317.0235 	Level WAIT 	25
318.0000 	DATA 	Keypress: o
318.0073 	Level RINSE 	25
320.0024 	DATA 	Keypress: o
320.0067 	Level jitter 	25
326.9974 	Level finished 	25
326.9986 	DATA 	Keypress: o
326.9995 	DATA 	Keypress: o
327.0005 	DATA 	Keypress: o
327.0089 	Level image=tasty.jpg 	25
327.9999 	DATA 	Keypress: o
328.0078 	Level injecting via pump at address 1 	25
334.0028 	DATA 	Keypress: o
334.0040 	DATA 	Keypress: o
334.0050 	DATA 	Keypress: o
334.0092 	Level WAIT 	25
335.0091 	Level RINSE 	25
337.0023 	DATA 	Keypress: o
337.0093 	Level jitter 	25
340.9974 	Level finished 	25
340.9986 	DATA 	Keypress: o
340.9997 	DATA 	Keypress: o
341.0094 	Level image=tasty.jpg 	25
342.0001 	DATA 	Keypress: o
342.0095 	Level injecting via pump at address 0 	25
348.0033 	DATA 	Keypress: o
348.0045 	DATA 	Keypress: o
348.0056 	DATA 	Keypress: o
348.0110 	Level WAIT 	25
349.0069 	Level RINSE 	25
351.0028 	DATA 	Keypress: o
351.0109 	Level jitter 	25
353.9974 	Level finished 	25
353.9985 	DATA 	Keypress: o
353.9996 	DATA 	Keypress: o
354.0110 	Level image=tasty.jpg 	25
355.0091 	Level injecting via pump at address 1 	25
361.0027 	DATA 	Keypress: o
361.0039 	DATA 	Keypress: o
361.0051 	DATA 	Keypress: o
361.0117 	Level WAIT 	25
361.9997 	DATA 	Keypress: o
362.0063 	Level RINSE 	25
364.0026 	DATA 	Keypress: o
364.0114 	Level jitter 	25
368.9974 	Level finished 	25
368.9986 	DATA 	Keypress: o
368.9996 	DATA 	Keypress: o
369.0126 	Level image=tasty.jpg 	25
369.9999 	DATA 	Keypress: o
370.0128 	Level injecting via pump at address 0 	25
376.0018 	DATA 	Keypress: o
376.0028 	DATA 	Keypress: o
376.0037 	DATA 	Keypress: o
376.0144 	Level WAIT 	25
377.0111 	Level RINSE 	25
379.0029 	DATA 	Keypress: o
379.0142 	Level jitter 	25
379.9974 	Level finished 	25
379.9984 	DATA 	Keypress: o
380.0112 	Level image=tasty.jpg 	25
381.0062 	Level injecting via pump at address 1 	25
387.0024 	DATA 	Keypress: o
387.0034 	DATA 	Keypress: o
387.0043 	DATA 	Keypress: o
387.0089 	Level WAIT 	25
387.9999 	DATA 	Keypress: o
388.0031 	Level RINSE 	25
390.0019 	DATA 	Keypress: o
390.0096 	Level jitter 	25
398.9974 	Level finished 	25
398.9986 	DATA 	Keypress: o
398.9995 	DATA 	Keypress: o
399.0005 	DATA 	Keypress: o
399.0016 	DATA 	Keypress: o
399.0133 	Level image=tasty.jpg 	25
400.0001 	DATA 	Keypress: o
400.0073 	Level injecting via pump at address 1 	25
406.0020 	DATA 	Keypress: o
406.0032 	DATA 	Keypress: o
406.0043 	DATA 	Keypress: o
406.0095 	Level WAIT 	25
407.0035 	Level RINSE 	25
409.0023 	DATA 	Keypress: o
409.0109 	Level jitter 	25
417.9974 	Level finished 	25
417.9986 	DATA 	Keypress: o
417.9998 	DATA 	Keypress: o
418.0008 	DATA 	Keypress: o
418.0018 	DATA 	Keypress: o
418.0028 	DATA 	Keypress: o
418.0131 	Level image=tasty.jpg 	25
419.0033 	Level injecting via pump at address 0 	25
425.0022 	DATA 	Keypress: o
425.0033 	DATA 	Keypress: o
425.0044 	DATA 	Keypress: o
425.0102 	Level WAIT 	25
425.9997 	DATA 	Keypress: o
426.0028 	Level RINSE 	25
428.0022 	DATA 	Keypress: o
428.0105 	Level jitter 	25
429.9974 	Level finished 	25
