57.4261 	DATA 	Keypress: o
57.4272 	Level start key press 	25
59.4374 	DATA 	Keypress: o
61.4542 	DATA 	Keypress: o
63.4375 	DATA 	Keypress: o
65.4377 	DATA 	Keypress: o
65.9687 	Level image=waterlogo.jpg 	25
66.9024 	Level injecting via pump at address 0 	25
72.8908 	DATA 	Keypress: o
72.8920 	DATA 	Keypress: o
72.8932 	DATA 	Keypress: o
72.9192 	Level WAIT 	25
73.8885 	DATA 	Keypress: o
73.9193 	Level RINSE 	25
75.8996 	DATA 	Keypress: o
75.9194 	Level jitter 	25
81.8854 	Level finished 	25
81.8866 	DATA 	Keypress: o
81.8877 	DATA 	Keypress: o
81.8889 	DATA 	Keypress: o
81.9203 	Level image=tasty.jpg 	25
82.9032 	Level injecting via pump at address 1 	25
88.8909 	DATA 	Keypress: o
88.8923 	DATA 	Keypress: o
88.8935 	DATA 	Keypress: o
88.9203 	Level WAIT 	25
89.8877 	DATA 	Keypress: o
89.9037 	Level RINSE 	25
91.8935 	DATA 	Keypress: o
91.9209 	Level jitter 	25
97.8854 	Level finished 	25
97.8868 	DATA 	Keypress: o
97.8879 	DATA 	Keypress: o
97.8889 	DATA 	Keypress: o
97.9211 	Level image=tasty.jpg 	25
98.9211 	Level injecting via pump at address 1 	25
104.8910 	DATA 	Keypress: o
104.8925 	DATA 	Keypress: o
104.8938 	DATA 	Keypress: o
104.9218 	Level WAIT 	25
105.8885 	DATA 	Keypress: o
105.9048 	Level RINSE 	25
107.8905 	DATA 	Keypress: o
107.9216 	Level jitter 	25
109.8854 	Level finished 	25
109.8869 	DATA 	Keypress: o
109.9051 	Level image=waterlogo.jpg 	25
110.9052 	Level injecting via pump at address 0 	25
116.8923 	DATA 	Keypress: o
116.8936 	DATA 	Keypress: o
116.8946 	DATA 	Keypress: o
116.9226 	Level WAIT 	25
117.8882 	DATA 	Keypress: o
117.9057 	Level RINSE 	25
119.8914 	DATA 	Keypress: o
119.9058 	Level jitter 	25
125.8854 	Level finished 	25
125.8866 	DATA 	Keypress: o
125.8877 	DATA 	Keypress: o
125.8889 	DATA 	Keypress: o
125.9062 	Level image=tasty.jpg 	25
126.9067 	Level injecting via pump at address 1 	25
132.8911 	DATA 	Keypress: o
132.8923 	DATA 	Keypress: o
132.8935 	DATA 	Keypress: o
132.9234 	Level WAIT 	25
133.8881 	DATA 	Keypress: o
133.9068 	Level RINSE 	25
135.8915 	DATA 	Keypress: o
135.9069 	Level jitter 	25
140.8854 	Level finished 	25
140.8866 	DATA 	Keypress: o
140.8876 	DATA 	Keypress: o
140.9077 	Level image=waterlogo.jpg 	25
141.8878 	DATA 	Keypress: o
141.9074 	Level injecting via pump at address 0 	25
147.8902 	DATA 	Keypress: o
147.8913 	DATA 	Keypress: o
147.8923 	DATA 	Keypress: o
147.9076 	Level WAIT 	25
148.9077 	Level RINSE 	25
150.8907 	DATA 	Keypress: o
150.9083 	Level jitter 	25
155.8854 	Level finished 	25
155.8867 	DATA 	Keypress: o
155.8880 	DATA 	Keypress: o
155.8892 	DATA 	Keypress: o
155.9083 	Level image=tasty.jpg 	25
156.9084 	Level injecting via pump at address 1 	25
162.8908 	DATA 	Keypress: o
162.8921 	DATA 	Keypress: o
162.8933 	DATA 	Keypress: o
162.9092 	Level WAIT 	25
163.8878 	DATA 	Keypress: o
163.9088 	Level RINSE 	25
165.8912 	DATA 	Keypress: o
165.9089 	Level jitter 	25
171.8854 	Level finished 	25
171.8867 	DATA 	Keypress: o
171.8880 	DATA 	Keypress: o
171.8892 	DATA 	Keypress: o
171.9093 	Level image=waterlogo.jpg 	25
172.9099 	Level injecting via pump at address 0 	25
178.8907 	DATA 	Keypress: o
178.8919 	DATA 	Keypress: o
178.8931 	DATA 	Keypress: o
178.9098 	Level WAIT 	25
179.8882 	DATA 	Keypress: o
179.9101 	Level RINSE 	25
181.8909 	DATA 	Keypress: o
181.9101 	Level jitter 	25
184.8854 	Level finished 	25
184.8868 	DATA 	Keypress: o
184.9107 	Level image=tasty.jpg 	25
185.8882 	DATA 	Keypress: o
185.9104 	Level injecting via pump at address 1 	25
191.8914 	DATA 	Keypress: o
191.8929 	DATA 	Keypress: o
191.8941 	DATA 	Keypress: o
191.9107 	Level WAIT 	25
192.8942 	Level RINSE 	25
194.8915 	DATA 	Keypress: o
194.9113 	Level jitter 	25
202.8854 	Level finished 	25
202.8866 	DATA 	Keypress: o
202.8879 	DATA 	Keypress: o
202.8891 	DATA 	Keypress: o
202.8902 	DATA 	Keypress: o
202.9116 	Level image=waterlogo.jpg 	25
203.8890 	DATA 	Keypress: o
203.9116 	Level injecting via pump at address 0 	25
209.8908 	DATA 	Keypress: o
209.8920 	DATA 	Keypress: o
209.8931 	DATA 	Keypress: o
209.9125 	Level WAIT 	25
210.9121 	Level RINSE 	25
212.8917 	DATA 	Keypress: o
212.9122 	Level jitter 	25
214.8854 	Level finished 	25
214.8867 	DATA 	Keypress: o
214.8957 	Level image=tasty.jpg 	25
215.8882 	DATA 	Keypress: o
215.9125 	Level injecting via pump at address 1 	25
221.8913 	DATA 	Keypress: o
221.8926 	DATA 	Keypress: o
221.8938 	DATA 	Keypress: o
221.9133 	Level WAIT 	25
222.9128 	Level RINSE 	25
224.8915 	DATA 	Keypress: o
224.9130 	Level jitter 	25
233.8854 	Level finished 	25
233.8867 	DATA 	Keypress: o
233.8879 	DATA 	Keypress: o
233.8892 	DATA 	Keypress: o
233.8904 	DATA 	Keypress: o
233.8914 	DATA 	Keypress: o
233.9141 	Level image=waterlogo.jpg 	25
234.9137 	Level injecting via pump at address 0 	25
240.8900 	DATA 	Keypress: o
240.8910 	DATA 	Keypress: o
240.8920 	DATA 	Keypress: o
240.9141 	Level WAIT 	25
241.8884 	DATA 	Keypress: o
241.9141 	Level RINSE 	25
243.8908 	DATA 	Keypress: o
243.9148 	Level jitter 	25
245.8854 	Level finished 	25
245.8865 	DATA 	Keypress: o
245.8978 	Level image=tasty.jpg 	25
246.8980 	Level injecting via pump at address 1 	25
252.8907 	DATA 	Keypress: o
252.8920 	DATA 	Keypress: o
252.8930 	DATA 	Keypress: o
252.9150 	Level WAIT 	25
253.8882 	DATA 	Keypress: o
253.9157 	Level RINSE 	25
255.8913 	DATA 	Keypress: o
255.8985 	Level jitter 	25
258.8854 	Level finished 	25
258.8867 	DATA 	Keypress: o
258.8987 	Level image=waterlogo.jpg 	25
259.8880 	DATA 	Keypress: o
259.9155 	Level injecting via pump at address 0 	25
265.8917 	DATA 	Keypress: o
265.8931 	DATA 	Keypress: o
265.8945 	DATA 	Keypress: o
265.9163 	Level WAIT 	25
266.9160 	Level RINSE 	25
268.8904 	DATA 	Keypress: o
268.8994 	Level jitter 	25
272.8854 	Level finished 	25
272.8866 	DATA 	Keypress: o
272.8877 	DATA 	Keypress: o
272.9164 	Level image=tasty.jpg 	25
273.8878 	DATA 	Keypress: o
273.8998 	Level injecting via pump at address 1 	25
279.8908 	DATA 	Keypress: o
279.8920 	DATA 	Keypress: o
279.8930 	DATA 	Keypress: o
279.9172 	Level WAIT 	25
280.9002 	Level RINSE 	25
282.8898 	DATA 	Keypress: o
282.9171 	Level jitter 	25
283.8854 	Level finished 	25
283.8866 	DATA 	Keypress: o
283.9004 	Level image=waterlogo.jpg 	25
284.9005 	Level injecting via pump at address 0 	25
290.8909 	DATA 	Keypress: o
290.8922 	DATA 	Keypress: o
290.8935 	DATA 	Keypress: o
290.9180 	Level WAIT 	25
291.8881 	DATA 	Keypress: o
291.9177 	Level RINSE 	25
293.8918 	DATA 	Keypress: o
293.9011 	Level jitter 	25
296.8854 	Level finished 	25
296.8868 	DATA 	Keypress: o
296.9013 	Level image=tasty.jpg 	25
297.8883 	DATA 	Keypress: o
297.9182 	Level injecting via pump at address 1 	25
303.8908 	DATA 	Keypress: o
303.8922 	DATA 	Keypress: o
303.8934 	DATA 	Keypress: o
303.9189 	Level WAIT 	25
304.9185 	Level RINSE 	25
306.8909 	DATA 	Keypress: o
306.9187 	Level jitter 	25
314.8854 	Level finished 	25
314.8866 	DATA 	Keypress: o
314.8877 	DATA 	Keypress: o
314.8886 	DATA 	Keypress: o
314.8897 	DATA 	Keypress: o
314.9031 	Level image=tasty.jpg 	25
315.8882 	DATA 	Keypress: o
315.9026 	Level injecting via pump at address 1 	25
321.8910 	DATA 	Keypress: o
321.8923 	DATA 	Keypress: o
321.8936 	DATA 	Keypress: o
321.9031 	Level WAIT 	25
322.9031 	Level RINSE 	25
324.8904 	DATA 	Keypress: o
324.9037 	Level jitter 	25
328.8854 	Level finished 	25
328.8869 	DATA 	Keypress: o
328.8886 	DATA 	Keypress: o
328.9202 	Level image=waterlogo.jpg 	25
329.8881 	DATA 	Keypress: o
329.9036 	Level injecting via pump at address 0 	25
335.8911 	DATA 	Keypress: o
335.8924 	DATA 	Keypress: o
335.8934 	DATA 	Keypress: o
335.9211 	Level WAIT 	25
336.9042 	Level RINSE 	25
338.8910 	DATA 	Keypress: o
338.9209 	Level jitter 	25
341.8854 	Level finished 	25
341.8869 	DATA 	Keypress: o
341.8882 	DATA 	Keypress: o
341.9212 	Level image=tasty.jpg 	25
342.9046 	Level injecting via pump at address 1 	25
348.8917 	DATA 	Keypress: o
348.8931 	DATA 	Keypress: o
348.8944 	DATA 	Keypress: o
348.9054 	Level WAIT 	25
349.8881 	DATA 	Keypress: o
349.9051 	Level RINSE 	25
351.8901 	DATA 	Keypress: o
351.9051 	Level jitter 	25
356.8854 	Level finished 	25
356.8868 	DATA 	Keypress: o
356.8881 	DATA 	Keypress: o
356.9221 	Level image=waterlogo.jpg 	25
357.8882 	DATA 	Keypress: o
357.9222 	Level injecting via pump at address 0 	25
363.8917 	DATA 	Keypress: o
363.8935 	DATA 	Keypress: o
363.8948 	DATA 	Keypress: o
363.9230 	Level WAIT 	25
364.9061 	Level RINSE 	25
366.8923 	DATA 	Keypress: o
366.9228 	Level jitter 	25
371.8854 	Level finished 	25
371.8867 	DATA 	Keypress: o
371.8877 	DATA 	Keypress: o
371.8887 	DATA 	Keypress: o
371.9065 	Level image=waterlogo.jpg 	25
372.9066 	Level injecting via pump at address 0 	25
378.8908 	DATA 	Keypress: o
378.8921 	DATA 	Keypress: o
378.8931 	DATA 	Keypress: o
378.9075 	Level WAIT 	25
379.8877 	DATA 	Keypress: o
379.8904 	Level RINSE 	25
381.8898 	DATA 	Keypress: o
381.9072 	Level jitter 	25
390.8854 	Level finished 	25
390.8869 	DATA 	Keypress: o
390.8879 	DATA 	Keypress: o
390.8889 	DATA 	Keypress: o
390.8898 	DATA 	Keypress: o
390.9083 	Level image=tasty.jpg 	25
391.8884 	DATA 	Keypress: o
391.9080 	Level injecting via pump at address 1 	25
397.8905 	DATA 	Keypress: o
397.8917 	DATA 	Keypress: o
397.8928 	DATA 	Keypress: o
397.9083 	Level WAIT 	25
398.8917 	Level RINSE 	25
400.8909 	DATA 	Keypress: o
400.9090 	Level jitter 	25
402.8854 	Level finished 	25
402.8866 	DATA 	Keypress: o
402.9086 	Level image=waterlogo.jpg 	25
403.8882 	DATA 	Keypress: o
403.9088 	Level injecting via pump at address 0 	25
409.8921 	DATA 	Keypress: o
409.8934 	DATA 	Keypress: o
409.8947 	DATA 	Keypress: o
409.9091 	Level WAIT 	25
410.9095 	Level RINSE 	25
412.8912 	DATA 	Keypress: o
412.9093 	Level jitter 	25
415.8854 	Level finished 	25
415.8868 	DATA 	Keypress: o
415.8881 	DATA 	Keypress: o
415.9095 	Level image=waterlogo.jpg 	25
416.9096 	Level injecting via pump at address 0 	25
422.8907 	DATA 	Keypress: o
422.8919 	DATA 	Keypress: o
422.8930 	DATA 	Keypress: o
422.9106 	Level WAIT 	25
423.8881 	DATA 	Keypress: o
423.8934 	Level RINSE 	25
425.8899 	DATA 	Keypress: o
425.9102 	Level jitter 	25
430.8854 	Level finished 	25
430.8868 	DATA 	Keypress: o
430.8881 	DATA 	Keypress: o
430.9106 	Level image=tasty.jpg 	25
431.8881 	DATA 	Keypress: o
431.9107 	Level injecting via pump at address 1 	25
437.8912 	DATA 	Keypress: o
437.8923 	DATA 	Keypress: o
437.8933 	DATA 	Keypress: o
437.9116 	Level WAIT 	25
438.9111 	Level RINSE 	25
440.8909 	DATA 	Keypress: o
440.9112 	Level jitter 	25
442.8854 	Level finished 	25
442.8865 	DATA 	Keypress: o
442.9115 	Level image=tasty.jpg 	25
443.8881 	DATA 	Keypress: o
443.9115 	Level injecting via pump at address 1 	25
449.8914 	DATA 	Keypress: o
449.8927 	DATA 	Keypress: o
449.8941 	DATA 	Keypress: o
449.9124 	Level WAIT 	25
450.9121 	Level RINSE 	25
452.8905 	DATA 	Keypress: o
452.9122 	Level jitter 	25
459.8854 	Level finished 	25
459.8867 	DATA 	Keypress: o
459.8879 	DATA 	Keypress: o
459.8891 	DATA 	Keypress: o
459.8904 	DATA 	Keypress: o
459.9130 	Level image=waterlogo.jpg 	25
460.9127 	Level injecting via pump at address 0 	25
466.8908 	DATA 	Keypress: o
466.8920 	DATA 	Keypress: o
466.8932 	DATA 	Keypress: o
466.9130 	Level WAIT 	25
467.8885 	DATA 	Keypress: o
467.8965 	Level RINSE 	25
469.8905 	DATA 	Keypress: o
469.9137 	Level jitter 	25
472.8854 	Level finished 	25
472.8868 	DATA 	Keypress: o
472.9135 	Level image=tasty.jpg 	25
473.8888 	DATA 	Keypress: o
473.8970 	Level injecting via pump at address 1 	25
479.8911 	DATA 	Keypress: o
479.8923 	DATA 	Keypress: o
479.8935 	DATA 	Keypress: o
479.8984 	Level WAIT 	25
480.8974 	Level RINSE 	25
482.8908 	DATA 	Keypress: o
482.8974 	Level jitter 	25
484.8854 	Level finished 	25
484.8873 	DATA 	Keypress: o
484.9144 	Level image=waterlogo.jpg 	25
485.8882 	DATA 	Keypress: o
485.9145 	Level injecting via pump at address 0 	25
491.8915 	DATA 	Keypress: o
491.8931 	DATA 	Keypress: o
491.8944 	DATA 	Keypress: o
491.9153 	Level WAIT 	25
492.8982 	Level RINSE 	25
494.8917 	DATA 	Keypress: o
494.9149 	Level jitter 	25
502.8854 	Level finished 	25
502.8868 	DATA 	Keypress: o
502.8880 	DATA 	Keypress: o
502.8892 	DATA 	Keypress: o
502.8905 	DATA 	Keypress: o
502.9160 	Level image=tasty.jpg 	25
503.8878 	DATA 	Keypress: o
503.9157 	Level injecting via pump at address 1 	25
509.8913 	DATA 	Keypress: o
509.8928 	DATA 	Keypress: o
509.8941 	DATA 	Keypress: o
509.9161 	Level WAIT 	25
510.8994 	Level RINSE 	25
512.8918 	DATA 	Keypress: o
512.9167 	Level jitter 	25
514.8854 	Level finished 	25
514.8865 	DATA 	Keypress: o
514.8997 	Level image=waterlogo.jpg 	25
515.8882 	DATA 	Keypress: o
515.8998 	Level injecting via pump at address 0 	25
521.8914 	DATA 	Keypress: o
521.8928 	DATA 	Keypress: o
521.8940 	DATA 	Keypress: o
521.9169 	Level WAIT 	25
522.9174 	Level RINSE 	25
524.8905 	DATA 	Keypress: o
524.9003 	Level jitter 	25
531.8854 	Level finished 	25
