57.0550 	DATA 	Keypress: o
57.0563 	Level start key press 	25
59.0583 	DATA 	Keypress: o
61.0682 	DATA 	Keypress: o
63.0685 	DATA 	Keypress: o
65.0942 	DATA 	Keypress: o
65.1000 	Level image=tasty.jpg 	25
66.0492 	Level injecting via pump at address 1 	25
72.0393 	DATA 	Keypress: o
72.0406 	DATA 	Keypress: o
72.0418 	DATA 	Keypress: o
72.0507 	Level WAIT 	25
73.0482 	Level RINSE 	25
75.0450 	DATA 	Keypress: o
75.0501 	Level jitter 	25
84.0334 	Level finished 	25
84.0346 	DATA 	Keypress: o
84.0356 	DATA 	Keypress: o
84.0367 	DATA 	Keypress: o
84.0379 	DATA 	Keypress: o
84.0389 	DATA 	Keypress: o
84.0506 	Level image=waterlogo.jpg 	25
85.0502 	Level injecting via pump at address 0 	25
91.0386 	DATA 	Keypress: o
91.0399 	DATA 	Keypress: o
91.0409 	DATA 	Keypress: o
91.0511 	Level WAIT 	25
92.0358 	DATA 	Keypress: o
92.0482 	Level RINSE 	25
94.0384 	DATA 	Keypress: o
94.0515 	Level jitter 	25
98.0334 	Level finished 	25
98.0348 	DATA 	Keypress: o
98.0360 	DATA 	Keypress: o
98.0502 	Level image=tasty.jpg 	25
99.0442 	Level injecting via pump at address 1 	25
105.0379 	DATA 	Keypress: o
105.0390 	DATA 	Keypress: o
105.0399 	DATA 	Keypress: o
105.0466 	Level WAIT 	25
106.0361 	DATA 	Keypress: o
106.0415 	Level RINSE 	25
108.0388 	DATA 	Keypress: o
108.0472 	Level jitter 	25
112.0334 	Level finished 	25
112.0346 	DATA 	Keypress: o
112.0356 	DATA 	Keypress: o
112.0522 	Level image=waterlogo.jpg 	25
113.0380 	Level injecting via pump at address 0 	25
119.0391 	DATA 	Keypress: o
119.0404 	DATA 	Keypress: o
119.0416 	DATA 	Keypress: o
119.0533 	Level WAIT 	25
120.0361 	DATA 	Keypress: o
120.0505 	Level RINSE 	25
122.0384 	DATA 	Keypress: o
122.0531 	Level jitter 	25
126.0334 	Level finished 	25
126.0346 	DATA 	Keypress: o
126.0355 	DATA 	Keypress: o
126.0525 	Level image=waterlogo.jpg 	25
127.0473 	Level injecting via pump at address 0 	25
133.0380 	DATA 	Keypress: o
133.0392 	DATA 	Keypress: o
133.0404 	DATA 	Keypress: o
133.0495 	Level WAIT 	25
134.0359 	DATA 	Keypress: o
134.0432 	Level RINSE 	25
136.0381 	DATA 	Keypress: o
136.0492 	Level jitter 	25
140.0334 	Level finished 	25
140.0347 	DATA 	Keypress: o
140.0360 	DATA 	Keypress: o
140.0459 	Level image=tasty.jpg 	25
141.0375 	Level injecting via pump at address 1 	25
147.0386 	DATA 	Keypress: o
147.0400 	DATA 	Keypress: o
147.0413 	DATA 	Keypress: o
147.0556 	Level WAIT 	25
148.0365 	DATA 	Keypress: o
148.0533 	Level RINSE 	25
150.0389 	DATA 	Keypress: o
150.0422 	Level jitter 	25
156.0334 	Level finished 	25
156.0347 	DATA 	Keypress: o
156.0357 	DATA 	Keypress: o
156.0366 	DATA 	Keypress: o
156.0442 	Level image=waterlogo.jpg 	25
157.0391 	Level injecting via pump at address 0 	25
163.0379 	DATA 	Keypress: o
163.0391 	DATA 	Keypress: o
163.0400 	DATA 	Keypress: o
163.0562 	Level WAIT 	25
164.0362 	DATA 	Keypress: o
164.0393 	Level RINSE 	25
166.0384 	DATA 	Keypress: o
166.0418 	Level jitter 	25
169.0334 	Level finished 	25
169.0345 	DATA 	Keypress: o
169.0433 	Level image=tasty.jpg 	25
170.0360 	DATA 	Keypress: o
170.0402 	Level injecting via pump at address 1 	25
176.0385 	DATA 	Keypress: o
176.0396 	DATA 	Keypress: o
176.0406 	DATA 	Keypress: o
176.0552 	Level WAIT 	25
177.0402 	Level RINSE 	25
179.0384 	DATA 	Keypress: o
179.0566 	Level jitter 	25
182.0334 	Level finished 	25
182.0346 	DATA 	Keypress: o
182.0358 	DATA 	Keypress: o
182.0572 	Level image=waterlogo.jpg 	25
183.0412 	Level injecting via pump at address 0 	25
189.0388 	DATA 	Keypress: o
189.0399 	DATA 	Keypress: o
189.0410 	DATA 	Keypress: o
189.0535 	Level WAIT 	25
190.0363 	DATA 	Keypress: o
190.0410 	Level RINSE 	25
192.0384 	DATA 	Keypress: o
192.0416 	Level jitter 	25
196.0334 	Level finished 	25
196.0349 	DATA 	Keypress: o
196.0361 	DATA 	Keypress: o
196.0500 	Level image=waterlogo.jpg 	25
197.0422 	Level injecting via pump at address 0 	25
203.0386 	DATA 	Keypress: o
203.0398 	DATA 	Keypress: o
203.0407 	DATA 	Keypress: o
203.0465 	Level WAIT 	25
204.0362 	DATA 	Keypress: o
204.0414 	Level RINSE 	25
206.0384 	DATA 	Keypress: o
206.0430 	Level jitter 	25
211.0334 	Level finished 	25
211.0347 	DATA 	Keypress: o
211.0358 	DATA 	Keypress: o
211.0430 	Level image=tasty.jpg 	25
212.0359 	DATA 	Keypress: o
212.0434 	Level injecting via pump at address 1 	25
218.0386 	DATA 	Keypress: o
218.0400 	DATA 	Keypress: o
218.0411 	DATA 	Keypress: o
218.0505 	Level WAIT 	25
219.0432 	Level RINSE 	25
221.0381 	DATA 	Keypress: o
221.0432 	Level jitter 	25
224.0334 	Level finished 	25
224.0346 	DATA 	Keypress: o
224.0356 	DATA 	Keypress: o
224.0436 	Level image=waterlogo.jpg 	25
225.0432 	Level injecting via pump at address 0 	25
231.0388 	DATA 	Keypress: o
231.0399 	DATA 	Keypress: o
231.0412 	DATA 	Keypress: o
231.0446 	Level WAIT 	25
232.0361 	DATA 	Keypress: o
232.0440 	Level RINSE 	25
234.0383 	DATA 	Keypress: o
234.0439 	Level jitter 	25
242.0334 	Level finished 	25
242.0345 	DATA 	Keypress: o
242.0355 	DATA 	Keypress: o
242.0365 	DATA 	Keypress: o
242.0374 	DATA 	Keypress: o
242.0454 	Level image=tasty.jpg 	25
243.0445 	Level injecting via pump at address 1 	25
249.0383 	DATA 	Keypress: o
249.0393 	DATA 	Keypress: o
249.0403 	DATA 	Keypress: o
249.0453 	Level WAIT 	25
250.0358 	DATA 	Keypress: o
250.0452 	Level RINSE 	25
252.0384 	DATA 	Keypress: o
252.0455 	Level jitter 	25
254.0334 	Level finished 	25
254.0345 	DATA 	Keypress: o
254.0442 	Level image=tasty.jpg 	25
255.0387 	Level injecting via pump at address 1 	25
261.0390 	DATA 	Keypress: o
261.0404 	DATA 	Keypress: o
261.0416 	DATA 	Keypress: o
261.0430 	DATA 	Keypress: o
261.0465 	Level WAIT 	25
262.0466 	Level RINSE 	25
264.0388 	DATA 	Keypress: o
264.0421 	Level jitter 	25
266.0334 	Level finished 	25
266.0345 	DATA 	Keypress: o
266.0463 	Level image=waterlogo.jpg 	25
267.0422 	Level injecting via pump at address 0 	25
273.0382 	DATA 	Keypress: o
273.0393 	DATA 	Keypress: o
273.0405 	DATA 	Keypress: o
273.0446 	Level WAIT 	25
274.0361 	DATA 	Keypress: o
274.0392 	Level RINSE 	25
276.0380 	DATA 	Keypress: o
276.0452 	Level jitter 	25
279.0334 	Level finished 	25
279.0345 	DATA 	Keypress: o
279.0460 	Level image=tasty.jpg 	25
280.0362 	DATA 	Keypress: o
280.0410 	Level injecting via pump at address 1 	25
286.0381 	DATA 	Keypress: o
286.0392 	DATA 	Keypress: o
286.0403 	DATA 	Keypress: o
286.0485 	Level WAIT 	25
287.0481 	Level RINSE 	25
289.0391 	DATA 	Keypress: o
289.0434 	Level jitter 	25
291.0334 	Level finished 	25
291.0348 	DATA 	Keypress: o
291.0481 	Level image=waterlogo.jpg 	25
292.0364 	DATA 	Keypress: o
292.0445 	Level injecting via pump at address 0 	25
298.0390 	DATA 	Keypress: o
298.0403 	DATA 	Keypress: o
298.0415 	DATA 	Keypress: o
298.0465 	Level WAIT 	25
299.0402 	Level RINSE 	25
301.0384 	DATA 	Keypress: o
301.0460 	Level jitter 	25
302.0334 	Level finished 	25
302.0345 	DATA 	Keypress: o
302.0492 	Level image=tasty.jpg 	25
303.0492 	Level injecting via pump at address 1 	25
309.0386 	DATA 	Keypress: o
309.0397 	DATA 	Keypress: o
309.0407 	DATA 	Keypress: o
309.0418 	DATA 	Keypress: o
309.0495 	Level WAIT 	25
310.0492 	Level RINSE 	25
312.0384 	DATA 	Keypress: o
312.0492 	Level jitter 	25
314.0334 	Level finished 	25
314.0345 	DATA 	Keypress: o
314.0442 	Level image=waterlogo.jpg 	25
315.0390 	Level injecting via pump at address 0 	25
321.0383 	DATA 	Keypress: o
321.0395 	DATA 	Keypress: o
321.0407 	DATA 	Keypress: o
321.0418 	DATA 	Keypress: o
321.0506 	Level WAIT 	25
322.0502 	Level RINSE 	25
324.0386 	DATA 	Keypress: o
324.0420 	Level jitter 	25
330.0334 	Level finished 	25
330.0346 	DATA 	Keypress: o
330.0356 	DATA 	Keypress: o
330.0366 	DATA 	Keypress: o
330.0512 	Level image=waterlogo.jpg 	25
331.0384 	Level injecting via pump at address 0 	25
337.0389 	DATA 	Keypress: o
337.0404 	DATA 	Keypress: o
337.0417 	DATA 	Keypress: o
337.0429 	DATA 	Keypress: o
337.0521 	Level WAIT 	25
338.0512 	Level RINSE 	25
340.0388 	DATA 	Keypress: o
340.0511 	Level jitter 	25
343.0334 	Level finished 	25
343.0347 	DATA 	Keypress: o
343.0412 	DATA 	Keypress: o
343.0526 	Level image=tasty.jpg 	25
344.0522 	Level injecting via pump at address 1 	25
350.0396 	DATA 	Keypress: o
350.0408 	DATA 	Keypress: o
350.0420 	DATA 	Keypress: o
350.0522 	Level WAIT 	25
351.0492 	Level RINSE 	25
353.0393 	DATA 	Keypress: o
353.0406 	DATA 	Keypress: o
353.0526 	Level jitter 	25
361.0334 	Level finished 	25
361.0346 	DATA 	Keypress: o
361.0357 	DATA 	Keypress: o
361.0367 	DATA 	Keypress: o
361.0378 	DATA 	Keypress: o
361.0470 	Level image=waterlogo.jpg 	25
362.0421 	Level injecting via pump at address 0 	25
368.0385 	DATA 	Keypress: o
368.0395 	DATA 	Keypress: o
368.0405 	DATA 	Keypress: o
368.0441 	Level WAIT 	25
369.0380 	Level RINSE 	25
371.0380 	DATA 	Keypress: o
371.0390 	DATA 	Keypress: o
371.0444 	Level jitter 	25
376.0334 	Level finished 	25
376.0345 	DATA 	Keypress: o
376.0355 	DATA 	Keypress: o
376.0514 	Level image=tasty.jpg 	25
377.0384 	Level injecting via pump at address 1 	25
383.0391 	DATA 	Keypress: o
383.0404 	DATA 	Keypress: o
383.0415 	DATA 	Keypress: o
383.0426 	DATA 	Keypress: o
383.0474 	Level WAIT 	25
384.0376 	Level RINSE 	25
386.0383 	DATA 	Keypress: o
386.0482 	Level jitter 	25
390.0334 	Level finished 	25
390.0346 	DATA 	Keypress: o
390.0358 	DATA 	Keypress: o
390.0446 	Level image=waterlogo.jpg 	25
391.0384 	Level injecting via pump at address 0 	25
397.0397 	DATA 	Keypress: o
397.0410 	DATA 	Keypress: o
397.0422 	DATA 	Keypress: o
397.0431 	DATA 	Keypress: o
397.0555 	Level WAIT 	25
398.0391 	Level RINSE 	25
400.0387 	DATA 	Keypress: o
400.0562 	Level jitter 	25
405.0334 	Level finished 	25
405.0346 	DATA 	Keypress: o
405.0358 	DATA 	Keypress: o
405.0371 	DATA 	Keypress: o
405.0482 	Level image=tasty.jpg 	25
406.0392 	Level injecting via pump at address 1 	25
412.0383 	DATA 	Keypress: o
412.0394 	DATA 	Keypress: o
412.0404 	DATA 	Keypress: o
412.0454 	Level WAIT 	25
413.0363 	DATA 	Keypress: o
413.0396 	Level RINSE 	25
415.0389 	DATA 	Keypress: o
415.0452 	Level jitter 	25
424.0334 	Level finished 	25
424.0347 	DATA 	Keypress: o
424.0358 	DATA 	Keypress: o
424.0368 	DATA 	Keypress: o
424.0378 	DATA 	Keypress: o
424.0489 	Level image=waterlogo.jpg 	25
425.0361 	DATA 	Keypress: o
425.0413 	Level injecting via pump at address 0 	25
431.0388 	DATA 	Keypress: o
431.0401 	DATA 	Keypress: o
431.0412 	DATA 	Keypress: o
431.0442 	Level WAIT 	25
432.0390 	Level RINSE 	25
434.0386 	DATA 	Keypress: o
434.0424 	Level jitter 	25
443.0334 	Level finished 	25
443.0346 	DATA 	Keypress: o
443.0358 	DATA 	Keypress: o
443.0370 	DATA 	Keypress: o
443.0382 	DATA 	Keypress: o
443.0393 	DATA 	Keypress: o
443.0482 	Level image=tasty.jpg 	25
444.0427 	Level injecting via pump at address 1 	25
450.0381 	DATA 	Keypress: o
450.0391 	DATA 	Keypress: o
450.0401 	DATA 	Keypress: o
450.0443 	Level WAIT 	25
451.0360 	DATA 	Keypress: o
451.0390 	Level RINSE 	25
453.0386 	DATA 	Keypress: o
453.0431 	Level jitter 	25
457.0334 	Level finished 	25
457.0348 	DATA 	Keypress: o
457.0358 	DATA 	Keypress: o
457.0441 	Level image=tasty.jpg 	25
458.0432 	Level injecting via pump at address 1 	25
464.0392 	DATA 	Keypress: o
464.0403 	DATA 	Keypress: o
464.0413 	DATA 	Keypress: o
464.0542 	Level WAIT 	25
465.0361 	DATA 	Keypress: o
465.0432 	Level RINSE 	25
467.0384 	DATA 	Keypress: o
467.0444 	Level jitter 	25
470.0334 	Level finished 	25
470.0345 	DATA 	Keypress: o
470.0441 	Level image=waterlogo.jpg 	25
471.0366 	DATA 	Keypress: o
471.0445 	Level injecting via pump at address 0 	25
477.0394 	DATA 	Keypress: o
477.0410 	DATA 	Keypress: o
477.0422 	DATA 	Keypress: o
477.0526 	Level WAIT 	25
478.0442 	Level RINSE 	25
480.0380 	DATA 	Keypress: o
480.0441 	Level jitter 	25
481.0334 	Level finished 	25
481.0347 	DATA 	Keypress: o
481.0448 	Level image=tasty.jpg 	25
482.0427 	Level injecting via pump at address 1 	25
488.0384 	DATA 	Keypress: o
488.0395 	DATA 	Keypress: o
488.0405 	DATA 	Keypress: o
488.0440 	Level WAIT 	25
489.0359 	DATA 	Keypress: o
489.0392 	Level RINSE 	25
491.0384 	DATA 	Keypress: o
491.0452 	Level jitter 	25
498.0334 	Level finished 	25
498.0345 	DATA 	Keypress: o
498.0355 	DATA 	Keypress: o
498.0364 	DATA 	Keypress: o
498.0467 	Level image=waterlogo.jpg 	25
499.0361 	DATA 	Keypress: o
499.0465 	Level injecting via pump at address 0 	25
505.0387 	DATA 	Keypress: o
505.0398 	DATA 	Keypress: o
505.0408 	DATA 	Keypress: o
505.0461 	Level WAIT 	25
506.0461 	Level RINSE 	25
508.0394 	DATA 	Keypress: o
508.0476 	Level jitter 	25
509.0334 	Level finished 	25
509.0346 	DATA 	Keypress: o
509.0471 	Level image=tasty.jpg 	25
510.0442 	Level injecting via pump at address 1 	25
516.0394 	DATA 	Keypress: o
516.0407 	DATA 	Keypress: o
516.0420 	DATA 	Keypress: o
516.0464 	Level WAIT 	25
517.0361 	DATA 	Keypress: o
517.0414 	Level RINSE 	25
519.0387 	DATA 	Keypress: o
519.0476 	Level jitter 	25
525.0334 	Level finished 	25
