50.1149 	DATA 	Keypress: o
50.1157 	Level start key press 	25
52.1296 	DATA 	Keypress: o
54.1297 	DATA 	Keypress: o
56.1297 	DATA 	Keypress: o
58.1134 	DATA 	Keypress: o
58.5775 	Level image=tasty.jpg 	25
59.5108 	Level injecting via pump at address 1 	25
65.4989 	DATA 	Keypress: o
65.5001 	DATA 	Keypress: o
65.5015 	DATA 	Keypress: o
65.5117 	Level WAIT 	25
66.4965 	DATA 	Keypress: o
66.5114 	Level RINSE 	25
68.5059 	DATA 	Keypress: o
68.5114 	Level jitter 	25
77.4941 	Level finished 	25
77.4955 	DATA 	Keypress: o
77.4969 	DATA 	Keypress: o
77.4980 	DATA 	Keypress: o
77.4990 	DATA 	Keypress: o
77.5125 	Level image=waterlogo.jpg 	25
78.4969 	DATA 	Keypress: o
78.5122 	Level injecting via pump at address 0 	25
84.4992 	DATA 	Keypress: o
84.5002 	DATA 	Keypress: o
84.5015 	DATA 	Keypress: o
84.5125 	Level WAIT 	25
85.5126 	Level RINSE 	25
87.4997 	DATA 	Keypress: o
87.5131 	Level jitter 	25
91.4941 	Level finished 	25
91.4954 	DATA 	Keypress: o
91.4964 	DATA 	Keypress: o
91.5130 	Level image=tasty.jpg 	25
92.4969 	DATA 	Keypress: o
92.5131 	Level injecting via pump at address 1 	25
98.4992 	DATA 	Keypress: o
98.5002 	DATA 	Keypress: o
98.5011 	DATA 	Keypress: o
98.5306 	Level WAIT 	25
99.5136 	Level RINSE 	25
101.4991 	DATA 	Keypress: o
101.5137 	Level jitter 	25
105.4941 	Level finished 	25
105.4955 	DATA 	Keypress: o
105.4968 	DATA 	Keypress: o
105.5139 	Level image=waterlogo.jpg 	25
106.4968 	DATA 	Keypress: o
106.5141 	Level injecting via pump at address 0 	25
112.5007 	DATA 	Keypress: o
112.5021 	DATA 	Keypress: o
112.5033 	DATA 	Keypress: o
112.5149 	Level WAIT 	25
113.5146 	Level RINSE 	25
115.4991 	DATA 	Keypress: o
115.5146 	Level jitter 	25
119.4941 	Level finished 	25
119.4954 	DATA 	Keypress: o
119.4964 	DATA 	Keypress: o
119.5150 	Level image=waterlogo.jpg 	25
120.4969 	DATA 	Keypress: o
120.5150 	Level injecting via pump at address 0 	25
126.4987 	DATA 	Keypress: o
126.4999 	DATA 	Keypress: o
126.5011 	DATA 	Keypress: o
126.5159 	Level WAIT 	25
127.4988 	Level RINSE 	25
129.4986 	DATA 	Keypress: o
129.5156 	Level jitter 	25
133.4941 	Level finished 	25
133.4954 	DATA 	Keypress: o
133.4964 	DATA 	Keypress: o
133.5326 	Level image=tasty.jpg 	25
134.4968 	DATA 	Keypress: o
134.5160 	Level injecting via pump at address 1 	25
140.4992 	DATA 	Keypress: o
140.5002 	DATA 	Keypress: o
140.5011 	DATA 	Keypress: o
140.5169 	Level WAIT 	25
141.5165 	Level RINSE 	25
143.4988 	DATA 	Keypress: o
143.5166 	Level jitter 	25
149.4941 	Level finished 	25
149.4954 	DATA 	Keypress: o
149.4964 	DATA 	Keypress: o
149.4974 	DATA 	Keypress: o
149.5170 	Level image=waterlogo.jpg 	25
150.4965 	DATA 	Keypress: o
150.5176 	Level injecting via pump at address 0 	25
156.4997 	DATA 	Keypress: o
156.5009 	DATA 	Keypress: o
156.5021 	DATA 	Keypress: o
156.5175 	Level WAIT 	25
157.5176 	Level RINSE 	25
159.4991 	DATA 	Keypress: o
159.5177 	Level jitter 	25
162.4941 	Level finished 	25
162.4954 	DATA 	Keypress: o
162.4964 	DATA 	Keypress: o
162.5184 	Level image=tasty.jpg 	25
163.5180 	Level injecting via pump at address 1 	25
169.4987 	DATA 	Keypress: o
169.4998 	DATA 	Keypress: o
169.5008 	DATA 	Keypress: o
169.5185 	Level WAIT 	25
170.4966 	DATA 	Keypress: o
170.5185 	Level RINSE 	25
172.4991 	DATA 	Keypress: o
172.5190 	Level jitter 	25
175.4941 	Level finished 	25
175.4954 	DATA 	Keypress: o
175.5188 	Level image=waterlogo.jpg 	25
176.4969 	DATA 	Keypress: o
176.5189 	Level injecting via pump at address 0 	25
182.4989 	DATA 	Keypress: o
182.4999 	DATA 	Keypress: o
182.5009 	DATA 	Keypress: o
182.5198 	Level WAIT 	25
183.5195 	Level RINSE 	25
185.4989 	DATA 	Keypress: o
185.5195 	Level jitter 	25
189.4941 	Level finished 	25
189.4954 	DATA 	Keypress: o
189.4964 	DATA 	Keypress: o
189.5198 	Level image=waterlogo.jpg 	25
190.4966 	DATA 	Keypress: o
190.5033 	Level injecting via pump at address 0 	25
196.4995 	DATA 	Keypress: o
196.5008 	DATA 	Keypress: o
196.5018 	DATA 	Keypress: o
196.5207 	Level WAIT 	25
197.5204 	Level RINSE 	25
199.4986 	DATA 	Keypress: o
199.5037 	Level jitter 	25
204.4941 	Level finished 	25
204.4955 	DATA 	Keypress: o
204.4966 	DATA 	Keypress: o
204.4975 	DATA 	Keypress: o
204.5208 	Level image=tasty.jpg 	25
205.5044 	Level injecting via pump at address 1 	25
211.4996 	DATA 	Keypress: o
211.5009 	DATA 	Keypress: o
211.5021 	DATA 	Keypress: o
211.5218 	Level WAIT 	25
212.4966 	DATA 	Keypress: o
212.5047 	Level RINSE 	25
214.4994 	DATA 	Keypress: o
214.5215 	Level jitter 	25
217.4941 	Level finished 	25
217.4953 	DATA 	Keypress: o
217.5217 	Level image=waterlogo.jpg 	25
218.4966 	DATA 	Keypress: o
218.5051 	Level injecting via pump at address 0 	25
224.4997 	DATA 	Keypress: o
224.5010 	DATA 	Keypress: o
224.5022 	DATA 	Keypress: o
224.5227 	Level WAIT 	25
225.5056 	Level RINSE 	25
227.4995 	DATA 	Keypress: o
227.5057 	Level jitter 	25
235.4941 	Level finished 	25
235.4955 	DATA 	Keypress: o
235.4966 	DATA 	Keypress: o
235.4979 	DATA 	Keypress: o
235.4991 	DATA 	Keypress: o
235.5234 	Level image=tasty.jpg 	25
236.4969 	DATA 	Keypress: o
236.5230 	Level injecting via pump at address 1 	25
242.4991 	DATA 	Keypress: o
242.5004 	DATA 	Keypress: o
242.5016 	DATA 	Keypress: o
242.5234 	Level WAIT 	25
243.5068 	Level RINSE 	25
245.4986 	DATA 	Keypress: o
245.5240 	Level jitter 	25
247.4941 	Level finished 	25
247.4954 	DATA 	Keypress: o
247.5238 	Level image=tasty.jpg 	25
248.4969 	DATA 	Keypress: o
248.5239 	Level injecting via pump at address 1 	25
254.4996 	DATA 	Keypress: o
254.5009 	DATA 	Keypress: o
254.5019 	DATA 	Keypress: o
254.5243 	Level WAIT 	25
255.5080 	Level RINSE 	25
257.4991 	DATA 	Keypress: o
257.5244 	Level jitter 	25
259.4941 	Level finished 	25
259.4954 	DATA 	Keypress: o
259.5246 	Level image=waterlogo.jpg 	25
260.4965 	DATA 	Keypress: o
260.5247 	Level injecting via pump at address 0 	25
266.4994 	DATA 	Keypress: o
266.5004 	DATA 	Keypress: o
266.5014 	DATA 	Keypress: o
266.5256 	Level WAIT 	25
267.5252 	Level RINSE 	25
269.4990 	DATA 	Keypress: o
269.5253 	Level jitter 	25
272.4941 	Level finished 	25
272.4955 	DATA 	Keypress: o
272.4967 	DATA 	Keypress: o
272.5255 	Level image=tasty.jpg 	25
273.5256 	Level injecting via pump at address 1 	25
279.5002 	DATA 	Keypress: o
279.5017 	DATA 	Keypress: o
279.5030 	DATA 	Keypress: o
279.5264 	Level WAIT 	25
280.4969 	DATA 	Keypress: o
280.5095 	Level RINSE 	25
282.4995 	DATA 	Keypress: o
282.5262 	Level jitter 	25
284.4941 	Level finished 	25
284.4954 	DATA 	Keypress: o
284.5096 	Level image=waterlogo.jpg 	25
285.5097 	Level injecting via pump at address 0 	25
291.4996 	DATA 	Keypress: o
291.5009 	DATA 	Keypress: o
291.5021 	DATA 	Keypress: o
291.5272 	Level WAIT 	25
292.4970 	DATA 	Keypress: o
292.5269 	Level RINSE 	25
294.4991 	DATA 	Keypress: o
294.5104 	Level jitter 	25
295.4941 	Level finished 	25
295.5271 	Level image=tasty.jpg 	25
296.4964 	DATA 	Keypress: o
296.5105 	Level injecting via pump at address 1 	25
302.4989 	DATA 	Keypress: o
302.5001 	DATA 	Keypress: o
302.5011 	DATA 	Keypress: o
302.5113 	Level WAIT 	25
303.5110 	Level RINSE 	25
305.4986 	DATA 	Keypress: o
305.5111 	Level jitter 	25
307.4941 	Level finished 	25
307.4959 	DATA 	Keypress: o
307.5279 	Level image=waterlogo.jpg 	25
308.4965 	DATA 	Keypress: o
308.5114 	Level injecting via pump at address 0 	25
314.4995 	DATA 	Keypress: o
314.5008 	DATA 	Keypress: o
314.5020 	DATA 	Keypress: o
314.5289 	Level WAIT 	25
315.5118 	Level RINSE 	25
317.4985 	DATA 	Keypress: o
317.5286 	Level jitter 	25
323.4941 	Level finished 	25
323.4955 	DATA 	Keypress: o
323.4966 	DATA 	Keypress: o
323.4975 	DATA 	Keypress: o
323.5290 	Level image=waterlogo.jpg 	25
324.4965 	DATA 	Keypress: o
324.5130 	Level injecting via pump at address 0 	25
330.4994 	DATA 	Keypress: o
330.5005 	DATA 	Keypress: o
330.5015 	DATA 	Keypress: o
330.5128 	Level WAIT 	25
331.5129 	Level RINSE 	25
333.4991 	DATA 	Keypress: o
333.5130 	Level jitter 	25
336.4941 	Level finished 	25
336.4955 	DATA 	Keypress: o
336.4966 	DATA 	Keypress: o
336.5139 	Level image=tasty.jpg 	25
337.5135 	Level injecting via pump at address 1 	25
343.4988 	DATA 	Keypress: o
343.4998 	DATA 	Keypress: o
343.5008 	DATA 	Keypress: o
343.5137 	Level WAIT 	25
344.4969 	DATA 	Keypress: o
344.5138 	Level RINSE 	25
346.4999 	DATA 	Keypress: o
346.5143 	Level jitter 	25
354.4941 	Level finished 	25
354.4954 	DATA 	Keypress: o
354.4964 	DATA 	Keypress: o
354.4975 	DATA 	Keypress: o
354.4986 	DATA 	Keypress: o
354.5312 	Level image=waterlogo.jpg 	25
355.5146 	Level injecting via pump at address 0 	25
361.4992 	DATA 	Keypress: o
361.5002 	DATA 	Keypress: o
361.5014 	DATA 	Keypress: o
361.5153 	Level WAIT 	25
362.4966 	DATA 	Keypress: o
362.5151 	Level RINSE 	25
364.4995 	DATA 	Keypress: o
364.5318 	Level jitter 	25
369.4941 	Level finished 	25
369.4954 	DATA 	Keypress: o
369.4964 	DATA 	Keypress: o
369.5155 	Level image=tasty.jpg 	25
370.4966 	DATA 	Keypress: o
370.5156 	Level injecting via pump at address 1 	25
376.4991 	DATA 	Keypress: o
376.5004 	DATA 	Keypress: o
376.5014 	DATA 	Keypress: o
376.5331 	Level WAIT 	25
377.4995 	Level RINSE 	25
379.4991 	DATA 	Keypress: o
379.5162 	Level jitter 	25
383.4941 	Level finished 	25
383.4954 	DATA 	Keypress: o
383.4965 	DATA 	Keypress: o
383.5165 	Level image=waterlogo.jpg 	25
384.4968 	DATA 	Keypress: o
384.5166 	Level injecting via pump at address 0 	25
390.4999 	DATA 	Keypress: o
390.5014 	DATA 	Keypress: o
390.5025 	DATA 	Keypress: o
390.5173 	Level WAIT 	25
391.5171 	Level RINSE 	25
393.4990 	DATA 	Keypress: o
393.5172 	Level jitter 	25
398.4941 	Level finished 	25
398.4954 	DATA 	Keypress: o
398.4964 	DATA 	Keypress: o
398.4974 	DATA 	Keypress: o
398.5343 	Level image=tasty.jpg 	25
399.5010 	Level injecting via pump at address 1 	25
405.4987 	DATA 	Keypress: o
405.4997 	DATA 	Keypress: o
405.5008 	DATA 	Keypress: o
405.5184 	Level WAIT 	25
406.4965 	DATA 	Keypress: o
406.5181 	Level RINSE 	25
408.4997 	DATA 	Keypress: o
408.5182 	Level jitter 	25
417.4941 	Level finished 	25
417.4954 	DATA 	Keypress: o
417.4964 	DATA 	Keypress: o
417.4976 	DATA 	Keypress: o
417.4987 	DATA 	Keypress: o
417.5359 	Level image=waterlogo.jpg 	25
418.4969 	DATA 	Keypress: o
418.5190 	Level injecting via pump at address 0 	25
424.4996 	DATA 	Keypress: o
424.5009 	DATA 	Keypress: o
424.5021 	DATA 	Keypress: o
424.5194 	Level WAIT 	25
425.5195 	Level RINSE 	25
427.4994 	DATA 	Keypress: o
427.5199 	Level jitter 	25
436.4941 	Level finished 	25
436.4954 	DATA 	Keypress: o
436.4965 	DATA 	Keypress: o
436.4978 	DATA 	Keypress: o
436.4988 	DATA 	Keypress: o
436.4998 	DATA 	Keypress: o
436.5202 	Level image=tasty.jpg 	25
437.5040 	Level injecting via pump at address 1 	25
443.4993 	DATA 	Keypress: o
443.5005 	DATA 	Keypress: o
443.5014 	DATA 	Keypress: o
443.5206 	Level WAIT 	25
444.4969 	DATA 	Keypress: o
444.5207 	Level RINSE 	25
446.4985 	DATA 	Keypress: o
446.5208 	Level jitter 	25
450.4941 	Level finished 	25
450.4955 	DATA 	Keypress: o
450.4968 	DATA 	Keypress: o
450.5216 	Level image=tasty.jpg 	25
451.5213 	Level injecting via pump at address 1 	25
457.4990 	DATA 	Keypress: o
457.5000 	DATA 	Keypress: o
457.5010 	DATA 	Keypress: o
457.5216 	Level WAIT 	25
458.4969 	DATA 	Keypress: o
458.5050 	Level RINSE 	25
460.4994 	DATA 	Keypress: o
460.5222 	Level jitter 	25
463.4941 	Level finished 	25
463.4955 	DATA 	Keypress: o
463.5220 	Level image=waterlogo.jpg 	25
464.4965 	DATA 	Keypress: o
464.5055 	Level injecting via pump at address 0 	25
470.4990 	DATA 	Keypress: o
470.5000 	DATA 	Keypress: o
470.5012 	DATA 	Keypress: o
470.5229 	Level WAIT 	25
471.5059 	Level RINSE 	25
473.4995 	DATA 	Keypress: o
473.5227 	Level jitter 	25
474.4941 	Level finished 	25
474.4952 	DATA 	Keypress: o
474.5062 	Level image=tasty.jpg 	25
475.5062 	Level injecting via pump at address 1 	25
481.4991 	DATA 	Keypress: o
481.5006 	DATA 	Keypress: o
481.5020 	DATA 	Keypress: o
481.5237 	Level WAIT 	25
482.4969 	DATA 	Keypress: o
482.5234 	Level RINSE 	25
484.4992 	DATA 	Keypress: o
484.5234 	Level jitter 	25
491.4941 	Level finished 	25
491.4954 	DATA 	Keypress: o
491.4965 	DATA 	Keypress: o
491.4977 	DATA 	Keypress: o
491.5244 	Level image=waterlogo.jpg 	25
492.4965 	DATA 	Keypress: o
492.5074 	Level injecting via pump at address 0 	25
498.4988 	DATA 	Keypress: o
498.4998 	DATA 	Keypress: o
498.5008 	DATA 	Keypress: o
498.5245 	Level WAIT 	25
499.5078 	Level RINSE 	25
501.4999 	DATA 	Keypress: o
501.5250 	Level jitter 	25
502.4941 	Level finished 	25
502.4954 	DATA 	Keypress: o
502.5080 	Level image=tasty.jpg 	25
503.5082 	Level injecting via pump at address 1 	25
509.4989 	DATA 	Keypress: o
509.5002 	DATA 	Keypress: o
509.5014 	DATA 	Keypress: o
509.5252 	Level WAIT 	25
510.4969 	DATA 	Keypress: o
510.5254 	Level RINSE 	25
512.4990 	DATA 	Keypress: o
512.5091 	Level jitter 	25
518.4941 	Level finished 	25
