62.5962 	DATA 	Keypress: o
62.5971 	Level start key press 	25
64.6054 	DATA 	Keypress: o
66.6220 	DATA 	Keypress: o
68.6056 	DATA 	Keypress: o
70.6058 	DATA 	Keypress: o
71.1368 	Level image=waterlogo.jpg 	25
72.0704 	Level injecting via pump at address 0 	25
78.0592 	DATA 	Keypress: o
78.0606 	DATA 	Keypress: o
78.0619 	DATA 	Keypress: o
78.0881 	Level WAIT 	25
79.0566 	DATA 	Keypress: o
79.0878 	Level RINSE 	25
81.0663 	DATA 	Keypress: o
81.0880 	Level jitter 	25
90.0536 	Level finished 	25
90.0549 	DATA 	Keypress: o
90.0561 	DATA 	Keypress: o
90.0571 	DATA 	Keypress: o
90.0581 	DATA 	Keypress: o
90.0729 	Level image=waterlogo.jpg 	25
91.0567 	DATA 	Keypress: o
91.0726 	Level injecting via pump at address 0 	25
97.0593 	DATA 	Keypress: o
97.0604 	DATA 	Keypress: o
97.0615 	DATA 	Keypress: o
97.0899 	Level WAIT 	25
98.0733 	Level RINSE 	25
100.0595 	DATA 	Keypress: o
100.0741 	Level jitter 	25
105.0536 	Level finished 	25
105.0549 	DATA 	Keypress: o
105.0561 	DATA 	Keypress: o
105.0571 	DATA 	Keypress: o
105.0742 	Level image=tasty.jpg 	25
106.0743 	Level injecting via pump at address 0 	25
112.0587 	DATA 	Keypress: o
112.0598 	DATA 	Keypress: o
112.0609 	DATA 	Keypress: o
112.0754 	Level WAIT 	25
113.0563 	DATA 	Keypress: o
113.0751 	Level RINSE 	25
115.0584 	DATA 	Keypress: o
115.0753 	Level jitter 	25
116.0536 	Level finished 	25
116.0755 	Level image=tasty.jpg 	25
117.0570 	DATA 	Keypress: o
117.0755 	Level injecting via pump at address 1 	25
123.0590 	DATA 	Keypress: o
123.0601 	DATA 	Keypress: o
123.0612 	DATA 	Keypress: o
123.0766 	Level WAIT 	25
124.0764 	Level RINSE 	25
126.0586 	DATA 	Keypress: o
126.0766 	Level jitter 	25
131.0536 	Level finished 	25
131.0551 	DATA 	Keypress: o
131.0565 	DATA 	Keypress: o
131.0576 	DATA 	Keypress: o
131.0773 	Level image=tasty.jpg 	25
132.0775 	Level injecting via pump at address 0 	25
138.0595 	DATA 	Keypress: o
138.0607 	DATA 	Keypress: o
138.0618 	DATA 	Keypress: o
138.0784 	Level WAIT 	25
139.0562 	DATA 	Keypress: o
139.0615 	Level RINSE 	25
141.0590 	DATA 	Keypress: o
141.0784 	Level jitter 	25
145.0536 	Level finished 	25
145.0553 	DATA 	Keypress: o
145.0566 	DATA 	Keypress: o
145.0789 	Level image=waterlogo.jpg 	25
146.0623 	Level injecting via pump at address 0 	25
152.0595 	DATA 	Keypress: o
152.0607 	DATA 	Keypress: o
152.0617 	DATA 	Keypress: o
152.0801 	Level WAIT 	25
153.0567 	DATA 	Keypress: o
153.0797 	Level RINSE 	25
155.0591 	DATA 	Keypress: o
155.0800 	Level jitter 	25
157.0536 	Level finished 	25
157.0548 	DATA 	Keypress: o
157.0803 	Level image=tasty.jpg 	25
158.0638 	Level injecting via pump at address 0 	25
164.0593 	DATA 	Keypress: o
164.0605 	DATA 	Keypress: o
164.0615 	DATA 	Keypress: o
164.0814 	Level WAIT 	25
165.0564 	DATA 	Keypress: o
165.0812 	Level RINSE 	25
167.0589 	DATA 	Keypress: o
167.0647 	Level jitter 	25
175.0536 	Level finished 	25
175.0550 	DATA 	Keypress: o
175.0565 	DATA 	Keypress: o
175.0577 	DATA 	Keypress: o
175.0590 	DATA 	Keypress: o
175.0829 	Level image=waterlogo.jpg 	25
176.0827 	Level injecting via pump at address 0 	25
182.0586 	DATA 	Keypress: o
182.0596 	DATA 	Keypress: o
182.0606 	DATA 	Keypress: o
182.0832 	Level WAIT 	25
183.0565 	DATA 	Keypress: o
183.0667 	Level RINSE 	25
185.0581 	DATA 	Keypress: o
185.0839 	Level jitter 	25
190.0536 	Level finished 	25
190.0550 	DATA 	Keypress: o
190.0563 	DATA 	Keypress: o
190.0842 	Level image=tasty.jpg 	25
191.0565 	DATA 	Keypress: o
191.0844 	Level injecting via pump at address 1 	25
197.0589 	DATA 	Keypress: o
197.0599 	DATA 	Keypress: o
197.0609 	DATA 	Keypress: o
197.0853 	Level WAIT 	25
198.0683 	Level RINSE 	25
200.0587 	DATA 	Keypress: o
200.0853 	Level jitter 	25
202.0536 	Level finished 	25
202.0547 	DATA 	Keypress: o
202.0689 	Level image=tasty.jpg 	25
203.0561 	DATA 	Keypress: o
203.0690 	Level injecting via pump at address 0 	25
209.0595 	DATA 	Keypress: o
209.0608 	DATA 	Keypress: o
209.0621 	DATA 	Keypress: o
209.0867 	Level WAIT 	25
210.0865 	Level RINSE 	25
212.0589 	DATA 	Keypress: o
212.0700 	Level jitter 	25
215.0536 	Level finished 	25
215.0548 	DATA 	Keypress: o
215.0559 	DATA 	Keypress: o
215.0871 	Level image=waterlogo.jpg 	25
216.0706 	Level injecting via pump at address 0 	25
222.0594 	DATA 	Keypress: o
222.0606 	DATA 	Keypress: o
222.0616 	DATA 	Keypress: o
222.0882 	Level WAIT 	25
223.0561 	DATA 	Keypress: o
223.0714 	Level RINSE 	25
225.0591 	DATA 	Keypress: o
225.0882 	Level jitter 	25
233.0536 	Level finished 	25
233.0550 	DATA 	Keypress: o
233.0563 	DATA 	Keypress: o
233.0576 	DATA 	Keypress: o
233.0587 	DATA 	Keypress: o
233.0729 	Level image=tasty.jpg 	25
234.0727 	Level injecting via pump at address 0 	25
240.0586 	DATA 	Keypress: o
240.0598 	DATA 	Keypress: o
240.0608 	DATA 	Keypress: o
240.0733 	Level WAIT 	25
241.0564 	DATA 	Keypress: o
241.0735 	Level RINSE 	25
243.0588 	DATA 	Keypress: o
243.0741 	Level jitter 	25
245.0536 	Level finished 	25
245.0549 	DATA 	Keypress: o
245.0740 	Level image=tasty.jpg 	25
246.0740 	Level injecting via pump at address 1 	25
252.0586 	DATA 	Keypress: o
252.0598 	DATA 	Keypress: o
252.0608 	DATA 	Keypress: o
252.0747 	Level WAIT 	25
253.0563 	DATA 	Keypress: o
253.0753 	Level RINSE 	25
255.0582 	DATA 	Keypress: o
255.0751 	Level jitter 	25
264.0536 	Level finished 	25
264.0550 	DATA 	Keypress: o
264.0564 	DATA 	Keypress: o
264.0576 	DATA 	Keypress: o
264.0586 	DATA 	Keypress: o
264.0765 	Level image=waterlogo.jpg 	25
265.0562 	DATA 	Keypress: o
265.0763 	Level injecting via pump at address 0 	25
271.0593 	DATA 	Keypress: o
271.0604 	DATA 	Keypress: o
271.0615 	DATA 	Keypress: o
271.0770 	Level WAIT 	25
272.0772 	Level RINSE 	25
274.0585 	DATA 	Keypress: o
274.0777 	Level jitter 	25
282.0536 	Level finished 	25
282.0549 	DATA 	Keypress: o
282.0562 	DATA 	Keypress: o
282.0574 	DATA 	Keypress: o
282.0585 	DATA 	Keypress: o
282.0949 	Level image=tasty.jpg 	25
283.0561 	DATA 	Keypress: o
283.0784 	Level injecting via pump at address 0 	25
289.0596 	DATA 	Keypress: o
289.0614 	DATA 	Keypress: o
289.0628 	DATA 	Keypress: o
289.0794 	Level WAIT 	25
290.0792 	Level RINSE 	25
292.0587 	DATA 	Keypress: o
292.0627 	Level jitter 	25
294.0536 	Level finished 	25
294.0549 	DATA 	Keypress: o
294.0796 	Level image=waterlogo.jpg 	25
295.0562 	DATA 	Keypress: o
295.0632 	Level injecting via pump at address 0 	25
301.0589 	DATA 	Keypress: o
301.0601 	DATA 	Keypress: o
301.0611 	DATA 	Keypress: o
301.0642 	Level WAIT 	25
302.0640 	Level RINSE 	25
304.0583 	DATA 	Keypress: o
304.0641 	Level jitter 	25
311.0536 	Level finished 	25
311.0547 	DATA 	Keypress: o
311.0558 	DATA 	Keypress: o
311.0569 	DATA 	Keypress: o
311.0582 	DATA 	Keypress: o
311.0821 	Level image=tasty.jpg 	25
312.0818 	Level injecting via pump at address 1 	25
318.0590 	DATA 	Keypress: o
318.0602 	DATA 	Keypress: o
318.0614 	DATA 	Keypress: o
318.0824 	Level WAIT 	25
319.0565 	DATA 	Keypress: o
319.0826 	Level RINSE 	25
321.0587 	DATA 	Keypress: o
321.0832 	Level jitter 	25
326.0536 	Level finished 	25
326.0551 	DATA 	Keypress: o
326.0565 	DATA 	Keypress: o
326.0669 	Level image=tasty.jpg 	25
327.0564 	DATA 	Keypress: o
327.0670 	Level injecting via pump at address 0 	25
333.0584 	DATA 	Keypress: o
333.0596 	DATA 	Keypress: o
333.0608 	DATA 	Keypress: o
333.0679 	Level WAIT 	25
334.0677 	Level RINSE 	25
336.0580 	DATA 	Keypress: o
336.0679 	Level jitter 	25
338.0536 	Level finished 	25
338.0549 	DATA 	Keypress: o
338.0848 	Level image=tasty.jpg 	25
339.0560 	DATA 	Keypress: o
339.0684 	Level injecting via pump at address 1 	25
345.0592 	DATA 	Keypress: o
345.0604 	DATA 	Keypress: o
345.0615 	DATA 	Keypress: o
345.0693 	Level WAIT 	25
346.0691 	Level RINSE 	25
348.0583 	DATA 	Keypress: o
348.0693 	Level jitter 	25
351.0536 	Level finished 	25
351.0549 	DATA 	Keypress: o
351.0563 	DATA 	Keypress: o
351.0697 	Level image=tasty.jpg 	25
352.0699 	Level injecting via pump at address 0 	25
358.0591 	DATA 	Keypress: o
358.0608 	DATA 	Keypress: o
358.0620 	DATA 	Keypress: o
358.0709 	Level WAIT 	25
359.0559 	DATA 	Keypress: o
359.0707 	Level RINSE 	25
361.0586 	DATA 	Keypress: o
361.0708 	Level jitter 	25
363.0536 	Level finished 	25
363.0547 	DATA 	Keypress: o
363.0878 	Level image=tasty.jpg 	25
364.0712 	Level injecting via pump at address 1 	25
370.0587 	DATA 	Keypress: o
370.0601 	DATA 	Keypress: o
370.0615 	DATA 	Keypress: o
370.0721 	Level WAIT 	25
371.0560 	DATA 	Keypress: o
371.0720 	Level RINSE 	25
373.0587 	DATA 	Keypress: o
373.0722 	Level jitter 	25
377.0536 	Level finished 	25
377.0548 	DATA 	Keypress: o
377.0560 	DATA 	Keypress: o
377.0727 	Level image=tasty.jpg 	25
378.0729 	Level injecting via pump at address 0 	25
384.0591 	DATA 	Keypress: o
384.0606 	DATA 	Keypress: o
384.0617 	DATA 	Keypress: o
384.0906 	Level WAIT 	25
385.0561 	DATA 	Keypress: o
385.0737 	Level RINSE 	25
387.0586 	DATA 	Keypress: o
387.0739 	Level jitter 	25
389.0536 	Level finished 	25
389.0549 	DATA 	Keypress: o
389.0742 	Level image=tasty.jpg 	25
390.0742 	Level injecting via pump at address 1 	25
396.0591 	DATA 	Keypress: o
396.0603 	DATA 	Keypress: o
396.0613 	DATA 	Keypress: o
396.0754 	Level WAIT 	25
397.0562 	DATA 	Keypress: o
397.0752 	Level RINSE 	25
399.0589 	DATA 	Keypress: o
399.0753 	Level jitter 	25
407.0536 	Level finished 	25
407.0550 	DATA 	Keypress: o
407.0563 	DATA 	Keypress: o
407.0575 	DATA 	Keypress: o
407.0587 	DATA 	Keypress: o
407.0767 	Level image=tasty.jpg 	25
408.0764 	Level injecting via pump at address 0 	25
414.0594 	DATA 	Keypress: o
414.0607 	DATA 	Keypress: o
414.0622 	DATA 	Keypress: o
414.0771 	Level WAIT 	25
415.0564 	DATA 	Keypress: o
415.0772 	Level RINSE 	25
417.0586 	DATA 	Keypress: o
417.0778 	Level jitter 	25
424.0536 	Level finished 	25
