48.9177 	DATA 	Keypress: o
48.9186 	Level start key press 	25
50.9280 	DATA 	Keypress: o
52.9280 	DATA 	Keypress: o
54.9282 	DATA 	Keypress: o
56.9285 	DATA 	Keypress: o
57.4762 	Level image=waterlogo.jpg 	25
58.4097 	Level injecting via pump at address 0 	25
64.3984 	DATA 	Keypress: o
64.3997 	DATA 	Keypress: o
64.4009 	DATA 	Keypress: o
64.4275 	Level WAIT 	25
65.3953 	DATA 	Keypress: o
65.4273 	Level RINSE 	25
67.4060 	DATA 	Keypress: o
67.4274 	Level jitter 	25
76.3929 	Level finished 	25
76.3941 	DATA 	Keypress: o
76.3952 	DATA 	Keypress: o
76.3961 	DATA 	Keypress: o
76.3970 	DATA 	Keypress: o
76.4123 	Level image=waterlogo.jpg 	25
77.3955 	DATA 	Keypress: o
77.4120 	Level injecting via pump at address 0 	25
83.3981 	DATA 	Keypress: o
83.3992 	DATA 	Keypress: o
83.4002 	DATA 	Keypress: o
83.4125 	Level WAIT 	25
84.4127 	Level RINSE 	25
86.3974 	DATA 	Keypress: o
86.4133 	Level jitter 	25
91.3929 	Level finished 	25
91.3941 	DATA 	Keypress: o
91.3951 	DATA 	Keypress: o
91.3961 	DATA 	Keypress: o
91.4136 	Level image=tasty.jpg 	25
92.4137 	Level injecting via pump at address 0 	25
98.3980 	DATA 	Keypress: o
98.3989 	DATA 	Keypress: o
98.3998 	DATA 	Keypress: o
98.4148 	Level WAIT 	25
99.3953 	DATA 	Keypress: o
99.4145 	Level RINSE 	25
101.3978 	DATA 	Keypress: o
101.4147 	Level jitter 	25
102.3929 	Level finished 	25
102.4149 	Level image=tasty.jpg 	25
103.3953 	DATA 	Keypress: o
103.3983 	Level injecting via pump at address 1 	25
109.3989 	DATA 	Keypress: o
109.4001 	DATA 	Keypress: o
109.4013 	DATA 	Keypress: o
109.4328 	Level WAIT 	25
110.4158 	Level RINSE 	25
112.3979 	DATA 	Keypress: o
112.4160 	Level jitter 	25
117.3929 	Level finished 	25
117.3941 	DATA 	Keypress: o
117.3952 	DATA 	Keypress: o
117.3961 	DATA 	Keypress: o
117.4167 	Level image=tasty.jpg 	25
118.4168 	Level injecting via pump at address 0 	25
124.3977 	DATA 	Keypress: o
124.3988 	DATA 	Keypress: o
124.4000 	DATA 	Keypress: o
124.4178 	Level WAIT 	25
125.3962 	DATA 	Keypress: o
125.4009 	Level RINSE 	25
127.3974 	DATA 	Keypress: o
127.4178 	Level jitter 	25
131.3929 	Level finished 	25
131.3941 	DATA 	Keypress: o
131.3950 	DATA 	Keypress: o
131.4015 	Level image=waterlogo.jpg 	25
132.4017 	Level injecting via pump at address 0 	25
138.3982 	DATA 	Keypress: o
138.3993 	DATA 	Keypress: o
138.4004 	DATA 	Keypress: o
138.4195 	Level WAIT 	25
139.3954 	DATA 	Keypress: o
139.4192 	Level RINSE 	25
141.3982 	DATA 	Keypress: o
141.4194 	Level jitter 	25
143.3929 	Level finished 	25
143.3941 	DATA 	Keypress: o
143.4197 	Level image=tasty.jpg 	25
144.4032 	Level injecting via pump at address 0 	25
150.3981 	DATA 	Keypress: o
150.3993 	DATA 	Keypress: o
150.4005 	DATA 	Keypress: o
150.4040 	Level WAIT 	25
151.3954 	DATA 	Keypress: o
151.4039 	Level RINSE 	25
153.3975 	DATA 	Keypress: o
153.4041 	Level jitter 	25
161.3929 	Level finished 	25
161.3941 	DATA 	Keypress: o
161.3951 	DATA 	Keypress: o
161.3963 	DATA 	Keypress: o
161.3974 	DATA 	Keypress: o
161.4223 	Level image=waterlogo.jpg 	25
162.4220 	Level injecting via pump at address 0 	25
168.3982 	DATA 	Keypress: o
168.3995 	DATA 	Keypress: o
168.4007 	DATA 	Keypress: o
168.4225 	Level WAIT 	25
169.3957 	DATA 	Keypress: o
169.4060 	Level RINSE 	25
171.3979 	DATA 	Keypress: o
171.4233 	Level jitter 	25
176.3929 	Level finished 	25
176.3944 	DATA 	Keypress: o
176.3957 	DATA 	Keypress: o
176.4236 	Level image=tasty.jpg 	25
177.3956 	DATA 	Keypress: o
177.4238 	Level injecting via pump at address 1 	25
183.3977 	DATA 	Keypress: o
183.3987 	DATA 	Keypress: o
183.3996 	DATA 	Keypress: o
183.4247 	Level WAIT 	25
184.4244 	Level RINSE 	25
186.3972 	DATA 	Keypress: o
186.4246 	Level jitter 	25
188.3929 	Level finished 	25
188.3942 	DATA 	Keypress: o
188.4082 	Level image=tasty.jpg 	25
189.3958 	DATA 	Keypress: o
189.4084 	Level injecting via pump at address 0 	25
195.3973 	DATA 	Keypress: o
195.3983 	DATA 	Keypress: o
195.3992 	DATA 	Keypress: o
195.4262 	Level WAIT 	25
196.4091 	Level RINSE 	25
198.3978 	DATA 	Keypress: o
198.4094 	Level jitter 	25
201.3929 	Level finished 	25
201.3941 	DATA 	Keypress: o
201.3951 	DATA 	Keypress: o
201.4098 	Level image=waterlogo.jpg 	25
202.4099 	Level injecting via pump at address 0 	25
208.3988 	DATA 	Keypress: o
208.4001 	DATA 	Keypress: o
208.4012 	DATA 	Keypress: o
208.4276 	Level WAIT 	25
209.3958 	DATA 	Keypress: o
209.4107 	Level RINSE 	25
211.3976 	DATA 	Keypress: o
211.4109 	Level jitter 	25
219.3929 	Level finished 	25
219.3941 	DATA 	Keypress: o
219.3952 	DATA 	Keypress: o
219.3964 	DATA 	Keypress: o
219.3975 	DATA 	Keypress: o
219.4123 	Level image=tasty.jpg 	25
220.4120 	Level injecting via pump at address 0 	25
226.3975 	DATA 	Keypress: o
226.3986 	DATA 	Keypress: o
226.3995 	DATA 	Keypress: o
226.4127 	Level WAIT 	25
227.3954 	DATA 	Keypress: o
227.4128 	Level RINSE 	25
229.3976 	DATA 	Keypress: o
229.4134 	Level jitter 	25
231.3929 	Level finished 	25
231.3940 	DATA 	Keypress: o
231.4133 	Level image=tasty.jpg 	25
232.4134 	Level injecting via pump at address 1 	25
238.3981 	DATA 	Keypress: o
238.3993 	DATA 	Keypress: o
238.4003 	DATA 	Keypress: o
238.4141 	Level WAIT 	25
239.3953 	DATA 	Keypress: o
239.4147 	Level RINSE 	25
241.3976 	DATA 	Keypress: o
241.4145 	Level jitter 	25
250.3929 	Level finished 	25
250.3943 	DATA 	Keypress: o
250.3953 	DATA 	Keypress: o
250.3962 	DATA 	Keypress: o
250.3972 	DATA 	Keypress: o
250.4159 	Level image=waterlogo.jpg 	25
251.3952 	DATA 	Keypress: o
251.4156 	Level injecting via pump at address 0 	25
257.3977 	DATA 	Keypress: o
257.3987 	DATA 	Keypress: o
257.3999 	DATA 	Keypress: o
257.4163 	Level WAIT 	25
258.4165 	Level RINSE 	25
260.3979 	DATA 	Keypress: o
260.4170 	Level jitter 	25
268.3929 	Level finished 	25
268.3941 	DATA 	Keypress: o
268.3951 	DATA 	Keypress: o
268.3960 	DATA 	Keypress: o
268.3969 	DATA 	Keypress: o
268.4176 	Level image=tasty.jpg 	25
269.3955 	DATA 	Keypress: o
269.4012 	Level injecting via pump at address 0 	25
275.3975 	DATA 	Keypress: o
275.3986 	DATA 	Keypress: o
275.3996 	DATA 	Keypress: o
275.4187 	Level WAIT 	25
276.4185 	Level RINSE 	25
278.3975 	DATA 	Keypress: o
278.4021 	Level jitter 	25
280.3929 	Level finished 	25
280.3940 	DATA 	Keypress: o
280.4190 	Level image=waterlogo.jpg 	25
281.3956 	DATA 	Keypress: o
281.4025 	Level injecting via pump at address 0 	25
287.3980 	DATA 	Keypress: o
287.3990 	DATA 	Keypress: o
287.3999 	DATA 	Keypress: o
287.4203 	Level WAIT 	25
288.4033 	Level RINSE 	25
290.3977 	DATA 	Keypress: o
290.4201 	Level jitter 	25
297.3929 	Level finished 	25
297.3944 	DATA 	Keypress: o
297.3957 	DATA 	Keypress: o
297.3967 	DATA 	Keypress: o
297.3981 	DATA 	Keypress: o
297.4214 	Level image=tasty.jpg 	25
298.4045 	Level injecting via pump at address 1 	25
304.3980 	DATA 	Keypress: o
304.3994 	DATA 	Keypress: o
304.4005 	DATA 	Keypress: o
304.4218 	Level WAIT 	25
305.3953 	DATA 	Keypress: o
305.4219 	Level RINSE 	25
307.3979 	DATA 	Keypress: o
307.4226 	Level jitter 	25
312.3929 	Level finished 	25
312.3942 	DATA 	Keypress: o
312.3952 	DATA 	Keypress: o
312.4061 	Level image=tasty.jpg 	25
313.3957 	DATA 	Keypress: o
313.4063 	Level injecting via pump at address 0 	25
319.3975 	DATA 	Keypress: o
319.3984 	DATA 	Keypress: o
319.3993 	DATA 	Keypress: o
319.4072 	Level WAIT 	25
320.4070 	Level RINSE 	25
322.3975 	DATA 	Keypress: o
322.4072 	Level jitter 	25
324.3929 	Level finished 	25
324.3940 	DATA 	Keypress: o
324.4241 	Level image=tasty.jpg 	25
325.3953 	DATA 	Keypress: o
325.4077 	Level injecting via pump at address 1 	25
331.3980 	DATA 	Keypress: o
331.3991 	DATA 	Keypress: o
331.4000 	DATA 	Keypress: o
331.4087 	Level WAIT 	25
332.4084 	Level RINSE 	25
334.3984 	DATA 	Keypress: o
334.4086 	Level jitter 	25
337.3929 	Level finished 	25
337.3942 	DATA 	Keypress: o
337.3955 	DATA 	Keypress: o
337.4090 	Level image=tasty.jpg 	25
338.4091 	Level injecting via pump at address 0 	25
344.3981 	DATA 	Keypress: o
344.3993 	DATA 	Keypress: o
344.4005 	DATA 	Keypress: o
344.4102 	Level WAIT 	25
345.3956 	DATA 	Keypress: o
345.4100 	Level RINSE 	25
347.3978 	DATA 	Keypress: o
347.4101 	Level jitter 	25
349.3929 	Level finished 	25
349.3941 	DATA 	Keypress: o
349.4271 	Level image=tasty.jpg 	25
350.4106 	Level injecting via pump at address 1 	25
356.3975 	DATA 	Keypress: o
356.3989 	DATA 	Keypress: o
356.4000 	DATA 	Keypress: o
356.4117 	Level WAIT 	25
357.3953 	DATA 	Keypress: o
357.4113 	Level RINSE 	25
359.3978 	DATA 	Keypress: o
359.4115 	Level jitter 	25
363.3929 	Level finished 	25
363.3941 	DATA 	Keypress: o
363.3951 	DATA 	Keypress: o
363.4120 	Level image=tasty.jpg 	25
364.4122 	Level injecting via pump at address 0 	25
370.3983 	DATA 	Keypress: o
370.3995 	DATA 	Keypress: o
370.4007 	DATA 	Keypress: o
370.4133 	Level WAIT 	25
371.3953 	DATA 	Keypress: o
371.4130 	Level RINSE 	25
373.3978 	DATA 	Keypress: o
373.4132 	Level jitter 	25
375.3929 	Level finished 	25
375.3940 	DATA 	Keypress: o
375.4135 	Level image=tasty.jpg 	25
376.4136 	Level injecting via pump at address 1 	25
382.3982 	DATA 	Keypress: o
382.3994 	DATA 	Keypress: o
382.4004 	DATA 	Keypress: o
382.4146 	Level WAIT 	25
383.3956 	DATA 	Keypress: o
383.4144 	Level RINSE 	25
385.3979 	DATA 	Keypress: o
385.4146 	Level jitter 	25
393.3929 	Level finished 	25
393.3941 	DATA 	Keypress: o
393.3950 	DATA 	Keypress: o
393.3959 	DATA 	Keypress: o
393.3968 	DATA 	Keypress: o
393.4326 	Level image=tasty.jpg 	25
394.4157 	Level injecting via pump at address 0 	25
400.3995 	DATA 	Keypress: o
400.4008 	DATA 	Keypress: o
400.4020 	DATA 	Keypress: o
400.4164 	Level WAIT 	25
401.3957 	DATA 	Keypress: o
401.4165 	Level RINSE 	25
403.3988 	DATA 	Keypress: o
403.4170 	Level jitter 	25
410.3929 	Level finished 	25
