54.1621 	DATA 	Keypress: o
54.1629 	Level start key press 	25
56.1623 	DATA 	Keypress: o
58.1625 	DATA 	Keypress: o
60.1628 	DATA 	Keypress: o
62.1631 	DATA 	Keypress: o
62.7273 	Level image=waterlogo.jpg 	25
63.6614 	Level injecting via pump at address 0 	25
69.6496 	DATA 	Keypress: o
69.6508 	DATA 	Keypress: o
69.6519 	DATA 	Keypress: o
69.6783 	Level WAIT 	25
70.6466 	DATA 	Keypress: o
70.6616 	Level RINSE 	25
72.6575 	DATA 	Keypress: o
72.6784 	Level jitter 	25
74.6440 	Level finished 	25
74.6454 	DATA 	Keypress: o
74.6625 	Level image=tasty.jpg 	25
75.6622 	Level injecting via pump at address 1 	25
81.6495 	DATA 	Keypress: o
81.6509 	DATA 	Keypress: o
81.6521 	DATA 	Keypress: o
81.6795 	Level WAIT 	25
82.6464 	DATA 	Keypress: o
82.6629 	Level RINSE 	25
84.6486 	DATA 	Keypress: o
84.6635 	Level jitter 	25
86.6440 	Level finished 	25
86.6452 	DATA 	Keypress: o
86.6633 	Level image=tasty.jpg 	25
87.6636 	Level injecting via pump at address 0 	25
93.6495 	DATA 	Keypress: o
93.6506 	DATA 	Keypress: o
93.6516 	DATA 	Keypress: o
93.6643 	Level WAIT 	25
94.6464 	DATA 	Keypress: o
94.6648 	Level RINSE 	25
96.6487 	DATA 	Keypress: o
96.6644 	Level jitter 	25
101.6440 	Level finished 	25
101.6452 	DATA 	Keypress: o
101.6463 	DATA 	Keypress: o
101.6818 	Level image=tasty.jpg 	25
102.6468 	DATA 	Keypress: o
102.6652 	Level injecting via pump at address 1 	25
108.6503 	DATA 	Keypress: o
108.6518 	DATA 	Keypress: o
108.6531 	DATA 	Keypress: o
108.6663 	Level WAIT 	25
109.6661 	Level RINSE 	25
111.6492 	DATA 	Keypress: o
111.6662 	Level jitter 	25
117.6440 	Level finished 	25
117.6453 	DATA 	Keypress: o
117.6464 	DATA 	Keypress: o
117.6474 	DATA 	Keypress: o
117.6669 	Level image=tasty.jpg 	25
118.6464 	DATA 	Keypress: o
118.6675 	Level injecting via pump at address 0 	25
124.6504 	DATA 	Keypress: o
124.6517 	DATA 	Keypress: o
124.6529 	DATA 	Keypress: o
124.6676 	Level WAIT 	25
125.6676 	Level RINSE 	25
127.6489 	DATA 	Keypress: o
127.6679 	Level jitter 	25
129.6440 	Level finished 	25
129.6453 	DATA 	Keypress: o
129.6852 	Level image=waterlogo.jpg 	25
130.6464 	DATA 	Keypress: o
130.6683 	Level injecting via pump at address 0 	25
136.6491 	DATA 	Keypress: o
136.6507 	DATA 	Keypress: o
136.6520 	DATA 	Keypress: o
136.6691 	Level WAIT 	25
137.6691 	Level RINSE 	25
139.6496 	DATA 	Keypress: o
139.6696 	Level jitter 	25
148.6440 	Level finished 	25
148.6454 	DATA 	Keypress: o
148.6466 	DATA 	Keypress: o
148.6477 	DATA 	Keypress: o
148.6487 	DATA 	Keypress: o
148.6497 	DATA 	Keypress: o
148.6704 	Level image=tasty.jpg 	25
149.6542 	Level injecting via pump at address 0 	25
155.6497 	DATA 	Keypress: o
155.6510 	DATA 	Keypress: o
155.6522 	DATA 	Keypress: o
155.6711 	Level WAIT 	25
156.6464 	DATA 	Keypress: o
156.6713 	Level RINSE 	25
158.6491 	DATA 	Keypress: o
158.6548 	Level jitter 	25
159.6440 	Level finished 	25
159.6720 	Level image=waterlogo.jpg 	25
160.6466 	DATA 	Keypress: o
160.6718 	Level injecting via pump at address 0 	25
166.6498 	DATA 	Keypress: o
166.6511 	DATA 	Keypress: o
166.6525 	DATA 	Keypress: o
166.6724 	Level WAIT 	25
167.6558 	Level RINSE 	25
169.6502 	DATA 	Keypress: o
169.6731 	Level jitter 	25
175.6440 	Level finished 	25
175.6456 	DATA 	Keypress: o
175.6471 	DATA 	Keypress: o
175.6483 	DATA 	Keypress: o
175.6734 	Level image=tasty.jpg 	25
176.6468 	DATA 	Keypress: o
176.6568 	Level injecting via pump at address 0 	25
182.6498 	DATA 	Keypress: o
182.6510 	DATA 	Keypress: o
182.6520 	DATA 	Keypress: o
182.6745 	Level WAIT 	25
183.6576 	Level RINSE 	25
185.6494 	DATA 	Keypress: o
185.6745 	Level jitter 	25
193.6440 	Level finished 	25
193.6456 	DATA 	Keypress: o
193.6470 	DATA 	Keypress: o
193.6483 	DATA 	Keypress: o
193.6496 	DATA 	Keypress: o
193.6761 	Level image=tasty.jpg 	25
194.6469 	DATA 	Keypress: o
194.6757 	Level injecting via pump at address 1 	25
200.6499 	DATA 	Keypress: o
200.6513 	DATA 	Keypress: o
200.6526 	DATA 	Keypress: o
200.6762 	Level WAIT 	25
201.6598 	Level RINSE 	25
203.6494 	DATA 	Keypress: o
203.6770 	Level jitter 	25
208.6440 	Level finished 	25
208.6455 	DATA 	Keypress: o
208.6468 	DATA 	Keypress: o
208.6480 	DATA 	Keypress: o
208.6605 	Level image=tasty.jpg 	25
209.6606 	Level injecting via pump at address 0 	25
215.6487 	DATA 	Keypress: o
215.6498 	DATA 	Keypress: o
215.6508 	DATA 	Keypress: o
215.6618 	Level WAIT 	25
216.6468 	DATA 	Keypress: o
216.6781 	Level RINSE 	25
218.6494 	DATA 	Keypress: o
218.6617 	Level jitter 	25
225.6440 	Level finished 	25
225.6452 	DATA 	Keypress: o
225.6462 	DATA 	Keypress: o
225.6472 	DATA 	Keypress: o
225.6796 	Level image=waterlogo.jpg 	25
226.6468 	DATA 	Keypress: o
226.6626 	Level injecting via pump at address 0 	25
232.6489 	DATA 	Keypress: o
232.6504 	DATA 	Keypress: o
232.6516 	DATA 	Keypress: o
232.6799 	Level WAIT 	25
233.6634 	Level RINSE 	25
235.6493 	DATA 	Keypress: o
235.6807 	Level jitter 	25
241.6440 	Level finished 	25
241.6455 	DATA 	Keypress: o
241.6468 	DATA 	Keypress: o
241.6478 	DATA 	Keypress: o
241.6809 	Level image=waterlogo.jpg 	25
242.6466 	DATA 	Keypress: o
242.6644 	Level injecting via pump at address 0 	25
248.6486 	DATA 	Keypress: o
248.6500 	DATA 	Keypress: o
248.6512 	DATA 	Keypress: o
248.6656 	Level WAIT 	25
249.6652 	Level RINSE 	25
251.6491 	DATA 	Keypress: o
251.6654 	Level jitter 	25
253.6440 	Level finished 	25
253.6452 	DATA 	Keypress: o
253.6657 	Level image=tasty.jpg 	25
254.6468 	DATA 	Keypress: o
254.6657 	Level injecting via pump at address 0 	25
260.6504 	DATA 	Keypress: o
260.6519 	DATA 	Keypress: o
260.6532 	DATA 	Keypress: o
260.6834 	Level WAIT 	25
261.6667 	Level RINSE 	25
263.6497 	DATA 	Keypress: o
263.6668 	Level jitter 	25
270.6440 	Level finished 	25
270.6455 	DATA 	Keypress: o
270.6470 	DATA 	Keypress: o
270.6483 	DATA 	Keypress: o
270.6495 	DATA 	Keypress: o
270.6680 	Level image=tasty.jpg 	25
271.6677 	Level injecting via pump at address 1 	25
277.6495 	DATA 	Keypress: o
277.6506 	DATA 	Keypress: o
277.6517 	DATA 	Keypress: o
277.6684 	Level WAIT 	25
278.6471 	DATA 	Keypress: o
278.6685 	Level RINSE 	25
280.6494 	DATA 	Keypress: o
280.6690 	Level jitter 	25
288.6440 	Level finished 	25
288.6452 	DATA 	Keypress: o
288.6464 	DATA 	Keypress: o
288.6476 	DATA 	Keypress: o
288.6488 	DATA 	Keypress: o
288.6863 	Level image=waterlogo.jpg 	25
289.6532 	Level injecting via pump at address 0 	25
295.6486 	DATA 	Keypress: o
295.6499 	DATA 	Keypress: o
295.6512 	DATA 	Keypress: o
295.6707 	Level WAIT 	25
296.6468 	DATA 	Keypress: o
296.6705 	Level RINSE 	25
298.6494 	DATA 	Keypress: o
298.6541 	Level jitter 	25
306.6440 	Level finished 	25
306.6454 	DATA 	Keypress: o
306.6467 	DATA 	Keypress: o
306.6479 	DATA 	Keypress: o
306.6490 	DATA 	Keypress: o
306.6722 	Level image=tasty.jpg 	25
307.6718 	Level injecting via pump at address 1 	25
313.6503 	DATA 	Keypress: o
313.6518 	DATA 	Keypress: o
313.6532 	DATA 	Keypress: o
313.6724 	Level WAIT 	25
314.6465 	DATA 	Keypress: o
314.6561 	Level RINSE 	25
316.6486 	DATA 	Keypress: o
316.6733 	Level jitter 	25
318.6440 	Level finished 	25
318.6453 	DATA 	Keypress: o
318.6732 	Level image=tasty.jpg 	25
319.6733 	Level injecting via pump at address 0 	25
325.6495 	DATA 	Keypress: o
325.6509 	DATA 	Keypress: o
325.6521 	DATA 	Keypress: o
325.6738 	Level WAIT 	25
326.6468 	DATA 	Keypress: o
326.6578 	Level RINSE 	25
328.6490 	DATA 	Keypress: o
328.6742 	Level jitter 	25
332.6440 	Level finished 	25
332.6452 	DATA 	Keypress: o
332.6462 	DATA 	Keypress: o
332.6748 	Level image=tasty.jpg 	25
333.6581 	Level injecting via pump at address 1 	25
339.6502 	DATA 	Keypress: o
339.6515 	DATA 	Keypress: o
339.6528 	DATA 	Keypress: o
339.6592 	Level WAIT 	25
340.6468 	DATA 	Keypress: o
340.6589 	Level RINSE 	25
342.6495 	DATA 	Keypress: o
342.6591 	Level jitter 	25
345.6440 	Level finished 	25
345.6453 	DATA 	Keypress: o
345.6596 	Level image=tasty.jpg 	25
346.6468 	DATA 	Keypress: o
346.6596 	Level injecting via pump at address 0 	25
352.6501 	DATA 	Keypress: o
352.6516 	DATA 	Keypress: o
352.6529 	DATA 	Keypress: o
352.6773 	Level WAIT 	25
353.6604 	Level RINSE 	25
355.6490 	DATA 	Keypress: o
355.6606 	Level jitter 	25
363.6440 	Level finished 	25
363.6454 	DATA 	Keypress: o
363.6467 	DATA 	Keypress: o
363.6477 	DATA 	Keypress: o
363.6488 	DATA 	Keypress: o
363.6788 	Level image=waterlogo.jpg 	25
364.6468 	DATA 	Keypress: o
364.6616 	Level injecting via pump at address 0 	25
370.6498 	DATA 	Keypress: o
370.6510 	DATA 	Keypress: o
370.6520 	DATA 	Keypress: o
370.6623 	Level WAIT 	25
371.6625 	Level RINSE 	25
373.6497 	DATA 	Keypress: o
373.6632 	Level jitter 	25
378.6440 	Level finished 	25
378.6452 	DATA 	Keypress: o
378.6463 	DATA 	Keypress: o
378.6473 	DATA 	Keypress: o
378.6800 	Level image=tasty.jpg 	25
379.6633 	Level injecting via pump at address 1 	25
385.6496 	DATA 	Keypress: o
385.6509 	DATA 	Keypress: o
385.6521 	DATA 	Keypress: o
385.6810 	Level WAIT 	25
386.6468 	DATA 	Keypress: o
386.6642 	Level RINSE 	25
388.6489 	DATA 	Keypress: o
388.6810 	Level jitter 	25
395.6440 	Level finished 	25
395.6452 	DATA 	Keypress: o
395.6462 	DATA 	Keypress: o
395.6471 	DATA 	Keypress: o
395.6655 	Level image=tasty.jpg 	25
396.6464 	DATA 	Keypress: o
396.6653 	Level injecting via pump at address 0 	25
402.6493 	DATA 	Keypress: o
402.6506 	DATA 	Keypress: o
402.6518 	DATA 	Keypress: o
402.6661 	Level WAIT 	25
403.6661 	Level RINSE 	25
405.6497 	DATA 	Keypress: o
405.6667 	Level jitter 	25
413.6440 	Level finished 	25
413.6457 	DATA 	Keypress: o
413.6471 	DATA 	Keypress: o
413.6484 	DATA 	Keypress: o
413.6497 	DATA 	Keypress: o
413.6839 	Level image=tasty.jpg 	25
414.6464 	DATA 	Keypress: o
414.6675 	Level injecting via pump at address 0 	25
420.6503 	DATA 	Keypress: o
420.6517 	DATA 	Keypress: o
420.6529 	DATA 	Keypress: o
420.6683 	Level WAIT 	25
421.6681 	Level RINSE 	25
423.6493 	DATA 	Keypress: o
423.6683 	Level jitter 	25
430.6440 	Level finished 	25
