66.9381 	DATA 	Keypress: o
66.9390 	Level start key press 	25
68.9527 	DATA 	Keypress: o
70.9528 	DATA 	Keypress: o
72.9695 	DATA 	Keypress: o
74.9531 	DATA 	Keypress: o
75.3175 	Level image=tasty.jpg 	25
76.2680 	Level injecting via pump at address 1 	25
82.2396 	DATA 	Keypress: o
82.2408 	DATA 	Keypress: o
82.2420 	DATA 	Keypress: o
82.2679 	Level WAIT 	25
83.2365 	DATA 	Keypress: o
83.2513 	Level RINSE 	25
85.2477 	DATA 	Keypress: o
85.2681 	Level jitter 	25
94.2341 	Level finished 	25
94.2353 	DATA 	Keypress: o
94.2363 	DATA 	Keypress: o
94.2373 	DATA 	Keypress: o
94.2383 	DATA 	Keypress: o
94.2692 	Level image=waterlogo.jpg 	25
95.2369 	DATA 	Keypress: o
95.2523 	Level injecting via pump at address 0 	25
101.2391 	DATA 	Keypress: o
101.2403 	DATA 	Keypress: o
101.2415 	DATA 	Keypress: o
101.2525 	Level WAIT 	25
102.2527 	Level RINSE 	25
104.2390 	DATA 	Keypress: o
104.2699 	Level jitter 	25
108.2341 	Level finished 	25
108.2355 	DATA 	Keypress: o
108.2367 	DATA 	Keypress: o
108.2531 	Level image=tasty.jpg 	25
109.2367 	DATA 	Keypress: o
109.2532 	Level injecting via pump at address 1 	25
115.2395 	DATA 	Keypress: o
115.2408 	DATA 	Keypress: o
115.2420 	DATA 	Keypress: o
115.2539 	Level WAIT 	25
116.2537 	Level RINSE 	25
118.2388 	DATA 	Keypress: o
118.2538 	Level jitter 	25
122.2341 	Level finished 	25
122.2353 	DATA 	Keypress: o
122.2363 	DATA 	Keypress: o
122.2706 	Level image=waterlogo.jpg 	25
123.2364 	DATA 	Keypress: o
123.2541 	Level injecting via pump at address 0 	25
129.2390 	DATA 	Keypress: o
129.2402 	DATA 	Keypress: o
129.2412 	DATA 	Keypress: o
129.2715 	Level WAIT 	25
130.2546 	Level RINSE 	25
132.2392 	DATA 	Keypress: o
132.2713 	Level jitter 	25
136.2341 	Level finished 	25
136.2353 	DATA 	Keypress: o
136.2364 	DATA 	Keypress: o
136.2550 	Level image=waterlogo.jpg 	25
137.2370 	DATA 	Keypress: o
137.2551 	Level injecting via pump at address 0 	25
143.2385 	DATA 	Keypress: o
143.2395 	DATA 	Keypress: o
143.2405 	DATA 	Keypress: o
143.2559 	Level WAIT 	25
144.2556 	Level RINSE 	25
146.2390 	DATA 	Keypress: o
146.2557 	Level jitter 	25
150.2341 	Level finished 	25
150.2353 	DATA 	Keypress: o
150.2363 	DATA 	Keypress: o
150.2560 	Level image=tasty.jpg 	25
151.2367 	DATA 	Keypress: o
151.2393 	Level injecting via pump at address 1 	25
157.2395 	DATA 	Keypress: o
157.2407 	DATA 	Keypress: o
157.2417 	DATA 	Keypress: o
157.2735 	Level WAIT 	25
158.2565 	Level RINSE 	25
160.2399 	DATA 	Keypress: o
160.2566 	Level jitter 	25
166.2341 	Level finished 	25
166.2353 	DATA 	Keypress: o
166.2365 	DATA 	Keypress: o
166.2377 	DATA 	Keypress: o
166.2738 	Level image=waterlogo.jpg 	25
167.2367 	DATA 	Keypress: o
167.2576 	Level injecting via pump at address 0 	25
173.2387 	DATA 	Keypress: o
173.2397 	DATA 	Keypress: o
173.2406 	DATA 	Keypress: o
173.2575 	Level WAIT 	25
174.2576 	Level RINSE 	25
176.2392 	DATA 	Keypress: o
176.2578 	Level jitter 	25
179.2341 	Level finished 	25
179.2353 	DATA 	Keypress: o
179.2364 	DATA 	Keypress: o
179.2751 	Level image=tasty.jpg 	25
180.2580 	Level injecting via pump at address 1 	25
186.2388 	DATA 	Keypress: o
186.2398 	DATA 	Keypress: o
186.2406 	DATA 	Keypress: o
186.2584 	Level WAIT 	25
187.2367 	DATA 	Keypress: o
187.2586 	Level RINSE 	25
189.2387 	DATA 	Keypress: o
189.2591 	Level jitter 	25
192.2341 	Level finished 	25
192.2355 	DATA 	Keypress: o
192.2589 	Level image=waterlogo.jpg 	25
193.2369 	DATA 	Keypress: o
193.2589 	Level injecting via pump at address 0 	25
199.2401 	DATA 	Keypress: o
199.2413 	DATA 	Keypress: o
199.2424 	DATA 	Keypress: o
199.2597 	Level WAIT 	25
200.2594 	Level RINSE 	25
202.2392 	DATA 	Keypress: o
202.2596 	Level jitter 	25
206.2341 	Level finished 	25
206.2353 	DATA 	Keypress: o
206.2363 	DATA 	Keypress: o
206.2599 	Level image=waterlogo.jpg 	25
207.2365 	DATA 	Keypress: o
207.2599 	Level injecting via pump at address 0 	25
213.2396 	DATA 	Keypress: o
213.2409 	DATA 	Keypress: o
213.2421 	DATA 	Keypress: o
213.2606 	Level WAIT 	25
214.2438 	Level RINSE 	25
216.2394 	DATA 	Keypress: o
216.2605 	Level jitter 	25
221.2341 	Level finished 	25
221.2353 	DATA 	Keypress: o
221.2365 	DATA 	Keypress: o
221.2377 	DATA 	Keypress: o
221.2609 	Level image=tasty.jpg 	25
222.2609 	Level injecting via pump at address 1 	25
228.2393 	DATA 	Keypress: o
228.2405 	DATA 	Keypress: o
228.2417 	DATA 	Keypress: o
228.2617 	Level WAIT 	25
229.2367 	DATA 	Keypress: o
229.2448 	Level RINSE 	25
231.2395 	DATA 	Keypress: o
231.2615 	Level jitter 	25
234.2341 	Level finished 	25
234.2352 	DATA 	Keypress: o
234.2619 	Level image=waterlogo.jpg 	25
235.2366 	DATA 	Keypress: o
235.2619 	Level injecting via pump at address 0 	25
241.2395 	DATA 	Keypress: o
241.2409 	DATA 	Keypress: o
241.2420 	DATA 	Keypress: o
241.2626 	Level WAIT 	25
242.2456 	Level RINSE 	25
244.2391 	DATA 	Keypress: o
244.2624 	Level jitter 	25
252.2341 	Level finished 	25
252.2353 	DATA 	Keypress: o
252.2366 	DATA 	Keypress: o
252.2378 	DATA 	Keypress: o
252.2390 	DATA 	Keypress: o
252.2634 	Level image=tasty.jpg 	25
253.2364 	DATA 	Keypress: o
253.2631 	Level injecting via pump at address 1 	25
259.2394 	DATA 	Keypress: o
259.2407 	DATA 	Keypress: o
259.2419 	DATA 	Keypress: o
259.2634 	Level WAIT 	25
260.2636 	Level RINSE 	25
262.2391 	DATA 	Keypress: o
262.2641 	Level jitter 	25
264.2341 	Level finished 	25
264.2353 	DATA 	Keypress: o
264.2472 	Level image=tasty.jpg 	25
265.2366 	DATA 	Keypress: o
265.2472 	Level injecting via pump at address 1 	25
271.2401 	DATA 	Keypress: o
271.2413 	DATA 	Keypress: o
271.2425 	DATA 	Keypress: o
271.2643 	Level WAIT 	25
272.2648 	Level RINSE 	25
274.2391 	DATA 	Keypress: o
274.2645 	Level jitter 	25
276.2341 	Level finished 	25
276.2352 	DATA 	Keypress: o
276.2480 	Level image=waterlogo.jpg 	25
277.2365 	DATA 	Keypress: o
277.2480 	Level injecting via pump at address 0 	25
283.2395 	DATA 	Keypress: o
283.2407 	DATA 	Keypress: o
283.2419 	DATA 	Keypress: o
283.2655 	Level WAIT 	25
284.2485 	Level RINSE 	25
286.2387 	DATA 	Keypress: o
286.2487 	Level jitter 	25
289.2341 	Level finished 	25
289.2353 	DATA 	Keypress: o
289.2365 	DATA 	Keypress: o
289.2489 	Level image=tasty.jpg 	25
290.2489 	Level injecting via pump at address 1 	25
296.2400 	DATA 	Keypress: o
296.2413 	DATA 	Keypress: o
296.2425 	DATA 	Keypress: o
296.2664 	Level WAIT 	25
297.2367 	DATA 	Keypress: o
297.2661 	Level RINSE 	25
299.2396 	DATA 	Keypress: o
299.2495 	Level jitter 	25
301.2341 	Level finished 	25
301.2352 	DATA 	Keypress: o
301.2498 	Level image=waterlogo.jpg 	25
302.2499 	Level injecting via pump at address 0 	25
308.2388 	DATA 	Keypress: o
308.2399 	DATA 	Keypress: o
308.2408 	DATA 	Keypress: o
308.2505 	Level WAIT 	25
309.2364 	DATA 	Keypress: o
309.2502 	Level RINSE 	25
311.2393 	DATA 	Keypress: o
311.2503 	Level jitter 	25
312.2341 	Level finished 	25
312.2505 	Level image=tasty.jpg 	25
313.2367 	DATA 	Keypress: o
313.2672 	Level injecting via pump at address 1 	25
319.2393 	DATA 	Keypress: o
319.2406 	DATA 	Keypress: o
319.2418 	DATA 	Keypress: o
319.2680 	Level WAIT 	25
320.2510 	Level RINSE 	25
322.2384 	DATA 	Keypress: o
322.2679 	Level jitter 	25
324.2341 	Level finished 	25
324.2352 	DATA 	Keypress: o
324.2513 	Level image=waterlogo.jpg 	25
325.2366 	DATA 	Keypress: o
325.2514 	Level injecting via pump at address 0 	25
331.2398 	DATA 	Keypress: o
331.2411 	DATA 	Keypress: o
331.2422 	DATA 	Keypress: o
331.2688 	Level WAIT 	25
332.2519 	Level RINSE 	25
334.2393 	DATA 	Keypress: o
334.2519 	Level jitter 	25
340.2341 	Level finished 	25
340.2353 	DATA 	Keypress: o
340.2363 	DATA 	Keypress: o
340.2373 	DATA 	Keypress: o
340.2691 	Level image=waterlogo.jpg 	25
341.2366 	DATA 	Keypress: o
341.2696 	Level injecting via pump at address 0 	25
347.2388 	DATA 	Keypress: o
347.2398 	DATA 	Keypress: o
347.2406 	DATA 	Keypress: o
347.2696 	Level WAIT 	25
348.2529 	Level RINSE 	25
350.2386 	DATA 	Keypress: o
350.2530 	Level jitter 	25
353.2341 	Level finished 	25
353.2353 	DATA 	Keypress: o
353.2364 	DATA 	Keypress: o
353.2704 	Level image=tasty.jpg 	25
354.2534 	Level injecting via pump at address 1 	25
360.2390 	DATA 	Keypress: o
360.2400 	DATA 	Keypress: o
360.2410 	DATA 	Keypress: o
360.2703 	Level WAIT 	25
361.2367 	DATA 	Keypress: o
361.2539 	Level RINSE 	25
363.2400 	DATA 	Keypress: o
363.2711 	Level jitter 	25
371.2341 	Level finished 	25
371.2353 	DATA 	Keypress: o
371.2363 	DATA 	Keypress: o
371.2372 	DATA 	Keypress: o
371.2382 	DATA 	Keypress: o
371.2546 	Level image=waterlogo.jpg 	25
372.2547 	Level injecting via pump at address 0 	25
378.2393 	DATA 	Keypress: o
378.2404 	DATA 	Keypress: o
378.2415 	DATA 	Keypress: o
378.2720 	Level WAIT 	25
379.2365 	DATA 	Keypress: o
379.2551 	Level RINSE 	25
381.2398 	DATA 	Keypress: o
381.2552 	Level jitter 	25
386.2341 	Level finished 	25
386.2355 	DATA 	Keypress: o
386.2367 	DATA 	Keypress: o
386.2556 	Level image=tasty.jpg 	25
387.2369 	DATA 	Keypress: o
387.2558 	Level injecting via pump at address 1 	25
393.2395 	DATA 	Keypress: o
393.2407 	DATA 	Keypress: o
393.2419 	DATA 	Keypress: o
393.2564 	Level WAIT 	25
394.2562 	Level RINSE 	25
396.2392 	DATA 	Keypress: o
396.2562 	Level jitter 	25
400.2341 	Level finished 	25
400.2354 	DATA 	Keypress: o
400.2364 	DATA 	Keypress: o
400.2732 	Level image=waterlogo.jpg 	25
401.2369 	DATA 	Keypress: o
401.2567 	Level injecting via pump at address 0 	25
407.2394 	DATA 	Keypress: o
407.2407 	DATA 	Keypress: o
407.2419 	DATA 	Keypress: o
407.2574 	Level WAIT 	25
408.2571 	Level RINSE 	25
410.2392 	DATA 	Keypress: o
410.2572 	Level jitter 	25
415.2341 	Level finished 	25
415.2355 	DATA 	Keypress: o
415.2368 	DATA 	Keypress: o
415.2378 	DATA 	Keypress: o
415.2576 	Level image=tasty.jpg 	25
416.2577 	Level injecting via pump at address 1 	25
422.2396 	DATA 	Keypress: o
422.2409 	DATA 	Keypress: o
422.2422 	DATA 	Keypress: o
422.2751 	Level WAIT 	25
423.2363 	DATA 	Keypress: o
423.2415 	Level RINSE 	25
425.2390 	DATA 	Keypress: o
425.2582 	Level jitter 	25
434.2341 	Level finished 	25
434.2353 	DATA 	Keypress: o
434.2363 	DATA 	Keypress: o
434.2374 	DATA 	Keypress: o
434.2383 	DATA 	Keypress: o
434.2593 	Level image=waterlogo.jpg 	25
435.2364 	DATA 	Keypress: o
435.2423 	Level injecting via pump at address 0 	25
441.2385 	DATA 	Keypress: o
441.2398 	DATA 	Keypress: o
441.2408 	DATA 	Keypress: o
441.2593 	Level WAIT 	25
442.2429 	Level RINSE 	25
444.2391 	DATA 	Keypress: o
444.2600 	Level jitter 	25
453.2341 	Level finished 	25
453.2354 	DATA 	Keypress: o
453.2366 	DATA 	Keypress: o
453.2377 	DATA 	Keypress: o
453.2388 	DATA 	Keypress: o
453.2399 	DATA 	Keypress: o
453.2602 	Level image=tasty.jpg 	25
454.2441 	Level injecting via pump at address 1 	25
460.2396 	DATA 	Keypress: o
460.2409 	DATA 	Keypress: o
460.2420 	DATA 	Keypress: o
460.2607 	Level WAIT 	25
461.2368 	DATA 	Keypress: o
461.2441 	Level RINSE 	25
463.2395 	DATA 	Keypress: o
463.2442 	Level jitter 	25
467.2341 	Level finished 	25
467.2354 	DATA 	Keypress: o
467.2367 	DATA 	Keypress: o
467.2616 	Level image=tasty.jpg 	25
468.2612 	Level injecting via pump at address 1 	25
474.2394 	DATA 	Keypress: o
474.2406 	DATA 	Keypress: o
474.2417 	DATA 	Keypress: o
474.2617 	Level WAIT 	25
475.2367 	DATA 	Keypress: o
475.2618 	Level RINSE 	25
477.2390 	DATA 	Keypress: o
477.2623 	Level jitter 	25
480.2341 	Level finished 	25
480.2352 	DATA 	Keypress: o
480.2621 	Level image=waterlogo.jpg 	25
481.2371 	DATA 	Keypress: o
481.2622 	Level injecting via pump at address 0 	25
487.2402 	DATA 	Keypress: o
487.2414 	DATA 	Keypress: o
487.2425 	DATA 	Keypress: o
487.2630 	Level WAIT 	25
488.2459 	Level RINSE 	25
490.2388 	DATA 	Keypress: o
490.2628 	Level jitter 	25
491.2341 	Level finished 	25
491.2352 	DATA 	Keypress: o
491.2630 	Level image=tasty.jpg 	25
492.2462 	Level injecting via pump at address 1 	25
498.2393 	DATA 	Keypress: o
498.2405 	DATA 	Keypress: o
498.2414 	DATA 	Keypress: o
498.2471 	Level WAIT 	25
499.2368 	DATA 	Keypress: o
499.2634 	Level RINSE 	25
501.2385 	DATA 	Keypress: o
501.2469 	Level jitter 	25
508.2341 	Level finished 	25
508.2353 	DATA 	Keypress: o
508.2364 	DATA 	Keypress: o
508.2373 	DATA 	Keypress: o
508.2644 	Level image=waterlogo.jpg 	25
509.2367 	DATA 	Keypress: o
509.2641 	Level injecting via pump at address 0 	25
515.2395 	DATA 	Keypress: o
515.2407 	DATA 	Keypress: o
515.2417 	DATA 	Keypress: o
515.2644 	Level WAIT 	25
516.2646 	Level RINSE 	25
518.2403 	DATA 	Keypress: o
518.2651 	Level jitter 	25
519.2341 	Level finished 	25
519.2352 	DATA 	Keypress: o
519.2649 	Level image=tasty.jpg 	25
520.2482 	Level injecting via pump at address 1 	25
526.2392 	DATA 	Keypress: o
526.2403 	DATA 	Keypress: o
526.2414 	DATA 	Keypress: o
526.2486 	Level WAIT 	25
527.2365 	DATA 	Keypress: o
527.2487 	Level RINSE 	25
529.2395 	DATA 	Keypress: o
529.2492 	Level jitter 	25
535.2341 	Level finished 	25
