63.1679 	DATA 	Keypress: o
63.1688 	Level start key press 	25
65.1673 	DATA 	Keypress: o
67.1673 	DATA 	Keypress: o
69.1673 	DATA 	Keypress: o
71.1677 	DATA 	Keypress: o
71.6987 	Level image=waterlogo.jpg 	25
72.6491 	Level injecting via pump at address 0 	25
78.6378 	DATA 	Keypress: o
78.6391 	DATA 	Keypress: o
78.6404 	DATA 	Keypress: o
78.6490 	Level WAIT 	25
79.6350 	DATA 	Keypress: o
79.6492 	Level RINSE 	25
81.6439 	DATA 	Keypress: o
81.6493 	Level jitter 	25
83.6319 	Level finished 	25
83.6333 	DATA 	Keypress: o
83.6666 	Level image=tasty.jpg 	25
84.6497 	Level injecting via pump at address 1 	25
90.6376 	DATA 	Keypress: o
90.6389 	DATA 	Keypress: o
90.6402 	DATA 	Keypress: o
90.6499 	Level WAIT 	25
91.6344 	DATA 	Keypress: o
91.6500 	Level RINSE 	25
93.6376 	DATA 	Keypress: o
93.6506 	Level jitter 	25
95.6319 	Level finished 	25
95.6331 	DATA 	Keypress: o
95.6669 	Level image=tasty.jpg 	25
96.6506 	Level injecting via pump at address 0 	25
102.6373 	DATA 	Keypress: o
102.6383 	DATA 	Keypress: o
102.6392 	DATA 	Keypress: o
102.6675 	Level WAIT 	25
103.6355 	DATA 	Keypress: o
103.6513 	Level RINSE 	25
105.6373 	DATA 	Keypress: o
105.6676 	Level jitter 	25
110.6319 	Level finished 	25
110.6332 	DATA 	Keypress: o
110.6343 	DATA 	Keypress: o
110.6513 	Level image=tasty.jpg 	25
111.6345 	DATA 	Keypress: o
111.6515 	Level injecting via pump at address 1 	25
117.6386 	DATA 	Keypress: o
117.6399 	DATA 	Keypress: o
117.6412 	DATA 	Keypress: o
117.6689 	Level WAIT 	25
118.6519 	Level RINSE 	25
120.6375 	DATA 	Keypress: o
120.6520 	Level jitter 	25
126.6319 	Level finished 	25
126.6337 	DATA 	Keypress: o
126.6350 	DATA 	Keypress: o
126.6363 	DATA 	Keypress: o
126.6691 	Level image=tasty.jpg 	25
127.6348 	DATA 	Keypress: o
127.6530 	Level injecting via pump at address 0 	25
133.6375 	DATA 	Keypress: o
133.6388 	DATA 	Keypress: o
133.6400 	DATA 	Keypress: o
133.6696 	Level WAIT 	25
134.6530 	Level RINSE 	25
136.6369 	DATA 	Keypress: o
136.6531 	Level jitter 	25
138.6319 	Level finished 	25
138.6333 	DATA 	Keypress: o
138.6537 	Level image=waterlogo.jpg 	25
139.6348 	DATA 	Keypress: o
139.6534 	Level injecting via pump at address 0 	25
145.6373 	DATA 	Keypress: o
145.6386 	DATA 	Keypress: o
145.6398 	DATA 	Keypress: o
145.6537 	Level WAIT 	25
146.6371 	Level RINSE 	25
148.6373 	DATA 	Keypress: o
148.6543 	Level jitter 	25
157.6319 	Level finished 	25
157.6331 	DATA 	Keypress: o
157.6342 	DATA 	Keypress: o
157.6353 	DATA 	Keypress: o
157.6366 	DATA 	Keypress: o
157.6377 	DATA 	Keypress: o
157.6547 	Level image=tasty.jpg 	25
158.6551 	Level injecting via pump at address 0 	25
164.6375 	DATA 	Keypress: o
164.6388 	DATA 	Keypress: o
164.6400 	DATA 	Keypress: o
164.6717 	Level WAIT 	25
165.6349 	DATA 	Keypress: o
165.6551 	Level RINSE 	25
167.6373 	DATA 	Keypress: o
167.6552 	Level jitter 	25
168.6319 	Level finished 	25
168.6558 	Level image=waterlogo.jpg 	25
169.6348 	DATA 	Keypress: o
169.6555 	Level injecting via pump at address 0 	25
175.6378 	DATA 	Keypress: o
175.6390 	DATA 	Keypress: o
175.6402 	DATA 	Keypress: o
175.6558 	Level WAIT 	25
176.6559 	Level RINSE 	25
178.6371 	DATA 	Keypress: o
178.6564 	Level jitter 	25
184.6319 	Level finished 	25
184.6332 	DATA 	Keypress: o
184.6344 	DATA 	Keypress: o
184.6356 	DATA 	Keypress: o
184.6565 	Level image=tasty.jpg 	25
185.6343 	DATA 	Keypress: o
185.6566 	Level injecting via pump at address 0 	25
191.6382 	DATA 	Keypress: o
191.6394 	DATA 	Keypress: o
191.6408 	DATA 	Keypress: o
191.6573 	Level WAIT 	25
192.6570 	Level RINSE 	25
194.6373 	DATA 	Keypress: o
194.6571 	Level jitter 	25
202.6319 	Level finished 	25
202.6334 	DATA 	Keypress: o
202.6347 	DATA 	Keypress: o
202.6359 	DATA 	Keypress: o
202.6371 	DATA 	Keypress: o
202.6748 	Level image=tasty.jpg 	25
203.6348 	DATA 	Keypress: o
203.6578 	Level injecting via pump at address 1 	25
209.6380 	DATA 	Keypress: o
209.6395 	DATA 	Keypress: o
209.6407 	DATA 	Keypress: o
209.6581 	Level WAIT 	25
210.6582 	Level RINSE 	25
212.6372 	DATA 	Keypress: o
212.6588 	Level jitter 	25
217.6319 	Level finished 	25
217.6335 	DATA 	Keypress: o
217.6347 	DATA 	Keypress: o
217.6359 	DATA 	Keypress: o
217.6587 	Level image=tasty.jpg 	25
218.6421 	Level injecting via pump at address 0 	25
224.6378 	DATA 	Keypress: o
224.6391 	DATA 	Keypress: o
224.6403 	DATA 	Keypress: o
224.6430 	Level WAIT 	25
225.6353 	DATA 	Keypress: o
225.6593 	Level RINSE 	25
227.6378 	DATA 	Keypress: o
227.6426 	Level jitter 	25
234.6319 	Level finished 	25
234.6333 	DATA 	Keypress: o
234.6346 	DATA 	Keypress: o
234.6358 	DATA 	Keypress: o
234.6603 	Level image=waterlogo.jpg 	25
235.6343 	DATA 	Keypress: o
235.6600 	Level injecting via pump at address 0 	25
241.6378 	DATA 	Keypress: o
241.6395 	DATA 	Keypress: o
241.6407 	DATA 	Keypress: o
241.6604 	Level WAIT 	25
242.6605 	Level RINSE 	25
244.6371 	DATA 	Keypress: o
244.6611 	Level jitter 	25
250.6319 	Level finished 	25
250.6333 	DATA 	Keypress: o
250.6346 	DATA 	Keypress: o
250.6358 	DATA 	Keypress: o
250.6610 	Level image=waterlogo.jpg 	25
251.6348 	DATA 	Keypress: o
251.6611 	Level injecting via pump at address 0 	25
257.6366 	DATA 	Keypress: o
257.6376 	DATA 	Keypress: o
257.6386 	DATA 	Keypress: o
257.6620 	Level WAIT 	25
258.6616 	Level RINSE 	25
260.6365 	DATA 	Keypress: o
260.6616 	Level jitter 	25
262.6319 	Level finished 	25
262.6331 	DATA 	Keypress: o
262.6451 	Level image=tasty.jpg 	25
263.6347 	DATA 	Keypress: o
263.6452 	Level injecting via pump at address 0 	25
269.6377 	DATA 	Keypress: o
269.6390 	DATA 	Keypress: o
269.6402 	DATA 	Keypress: o
269.6627 	Level WAIT 	25
270.6624 	Level RINSE 	25
272.6365 	DATA 	Keypress: o
272.6458 	Level jitter 	25
279.6319 	Level finished 	25
279.6333 	DATA 	Keypress: o
279.6346 	DATA 	Keypress: o
279.6358 	DATA 	Keypress: o
279.6370 	DATA 	Keypress: o
279.6635 	Level image=tasty.jpg 	25
280.6631 	Level injecting via pump at address 1 	25
286.6373 	DATA 	Keypress: o
286.6387 	DATA 	Keypress: o
286.6400 	DATA 	Keypress: o
286.6635 	Level WAIT 	25
287.6348 	DATA 	Keypress: o
287.6469 	Level RINSE 	25
289.6386 	DATA 	Keypress: o
289.6638 	Level jitter 	25
297.6319 	Level finished 	25
297.6333 	DATA 	Keypress: o
297.6346 	DATA 	Keypress: o
297.6358 	DATA 	Keypress: o
297.6370 	DATA 	Keypress: o
297.6642 	Level image=waterlogo.jpg 	25
298.6476 	Level injecting via pump at address 0 	25
304.6374 	DATA 	Keypress: o
304.6388 	DATA 	Keypress: o
304.6401 	DATA 	Keypress: o
304.6651 	Level WAIT 	25
305.6349 	DATA 	Keypress: o
305.6481 	Level RINSE 	25
307.6378 	DATA 	Keypress: o
307.6648 	Level jitter 	25
315.6319 	Level finished 	25
315.6333 	DATA 	Keypress: o
315.6345 	DATA 	Keypress: o
315.6357 	DATA 	Keypress: o
315.6369 	DATA 	Keypress: o
315.6492 	Level image=tasty.jpg 	25
316.6489 	Level injecting via pump at address 1 	25
322.6373 	DATA 	Keypress: o
322.6386 	DATA 	Keypress: o
322.6396 	DATA 	Keypress: o
322.6493 	Level WAIT 	25
323.6349 	DATA 	Keypress: o
323.6494 	Level RINSE 	25
325.6377 	DATA 	Keypress: o
325.6499 	Level jitter 	25
327.6319 	Level finished 	25
327.6336 	DATA 	Keypress: o
327.6497 	Level image=tasty.jpg 	25
328.6497 	Level injecting via pump at address 0 	25
334.6379 	DATA 	Keypress: o
334.6393 	DATA 	Keypress: o
334.6406 	DATA 	Keypress: o
334.6501 	Level WAIT 	25
335.6349 	DATA 	Keypress: o
335.6506 	Level RINSE 	25
337.6377 	DATA 	Keypress: o
337.6503 	Level jitter 	25
341.6319 	Level finished 	25
341.6332 	DATA 	Keypress: o
341.6342 	DATA 	Keypress: o
341.6507 	Level image=tasty.jpg 	25
342.6507 	Level injecting via pump at address 1 	25
348.6378 	DATA 	Keypress: o
348.6391 	DATA 	Keypress: o
348.6406 	DATA 	Keypress: o
348.6681 	Level WAIT 	25
349.6348 	DATA 	Keypress: o
349.6511 	Level RINSE 	25
351.6377 	DATA 	Keypress: o
351.6679 	Level jitter 	25
354.6319 	Level finished 	25
354.6333 	DATA 	Keypress: o
354.6516 	Level image=tasty.jpg 	25
355.6348 	DATA 	Keypress: o
355.6516 	Level injecting via pump at address 0 	25
361.6377 	DATA 	Keypress: o
361.6389 	DATA 	Keypress: o
361.6400 	DATA 	Keypress: o
361.6690 	Level WAIT 	25
362.6520 	Level RINSE 	25
364.6374 	DATA 	Keypress: o
364.6688 	Level jitter 	25
372.6319 	Level finished 	25
372.6335 	DATA 	Keypress: o
372.6349 	DATA 	Keypress: o
372.6361 	DATA 	Keypress: o
372.6373 	DATA 	Keypress: o
372.6531 	Level image=waterlogo.jpg 	25
373.6348 	DATA 	Keypress: o
373.6528 	Level injecting via pump at address 0 	25
379.6378 	DATA 	Keypress: o
379.6391 	DATA 	Keypress: o
379.6402 	DATA 	Keypress: o
379.6699 	Level WAIT 	25
380.6367 	Level RINSE 	25
382.6377 	DATA 	Keypress: o
382.6539 	Level jitter 	25
387.6319 	Level finished 	25
387.6333 	DATA 	Keypress: o
387.6344 	DATA 	Keypress: o
387.6354 	DATA 	Keypress: o
387.6538 	Level image=tasty.jpg 	25
388.6539 	Level injecting via pump at address 1 	25
394.6376 	DATA 	Keypress: o
394.6391 	DATA 	Keypress: o
394.6403 	DATA 	Keypress: o
394.6547 	Level WAIT 	25
395.6348 	DATA 	Keypress: o
395.6543 	Level RINSE 	25
397.6366 	DATA 	Keypress: o
397.6545 	Level jitter 	25
404.6319 	Level finished 	25
404.6332 	DATA 	Keypress: o
404.6344 	DATA 	Keypress: o
404.6356 	DATA 	Keypress: o
404.6554 	Level image=tasty.jpg 	25
405.6351 	DATA 	Keypress: o
405.6384 	Level injecting via pump at address 0 	25
411.6375 	DATA 	Keypress: o
411.6388 	DATA 	Keypress: o
411.6400 	DATA 	Keypress: o
411.6721 	Level WAIT 	25
412.6556 	Level RINSE 	25
414.6375 	DATA 	Keypress: o
414.6560 	Level jitter 	25
422.6319 	Level finished 	25
422.6332 	DATA 	Keypress: o
422.6342 	DATA 	Keypress: o
422.6352 	DATA 	Keypress: o
422.6362 	DATA 	Keypress: o
422.6562 	Level image=tasty.jpg 	25
423.6345 	DATA 	Keypress: o
423.6563 	Level injecting via pump at address 0 	25
429.6385 	DATA 	Keypress: o
429.6401 	DATA 	Keypress: o
429.6413 	DATA 	Keypress: o
429.6570 	Level WAIT 	25
430.6400 	Level RINSE 	25
432.6378 	DATA 	Keypress: o
432.6569 	Level jitter 	25
439.6319 	Level finished 	25
