50.0655 	DATA 	Keypress: o
50.0663 	Level start key press 	25
52.0731 	DATA 	Keypress: o
54.0732 	DATA 	Keypress: o
56.0734 	DATA 	Keypress: o
58.0739 	DATA 	Keypress: o
58.4715 	Level image=waterlogo.jpg 	25
59.4053 	Level injecting via pump at address 0 	25
65.3934 	DATA 	Keypress: o
65.3945 	DATA 	Keypress: o
65.3956 	DATA 	Keypress: o
65.4056 	Level WAIT 	25
66.3909 	DATA 	Keypress: o
66.4057 	Level RINSE 	25
68.4013 	DATA 	Keypress: o
68.4059 	Level jitter 	25
75.3881 	Level finished 	25
75.3892 	DATA 	Keypress: o
75.3902 	DATA 	Keypress: o
75.3911 	DATA 	Keypress: o
75.4071 	Level image=tasty.jpg 	25
76.3910 	DATA 	Keypress: o
76.4069 	Level injecting via pump at address 0 	25
82.3935 	DATA 	Keypress: o
82.3948 	DATA 	Keypress: o
82.3960 	DATA 	Keypress: o
82.4076 	Level WAIT 	25
83.4078 	Level RINSE 	25
85.3931 	DATA 	Keypress: o
85.4083 	Level jitter 	25
89.3881 	Level finished 	25
89.3895 	DATA 	Keypress: o
89.3907 	DATA 	Keypress: o
89.4251 	Level image=tasty.jpg 	25
90.3909 	DATA 	Keypress: o
90.4085 	Level injecting via pump at address 1 	25
96.3953 	DATA 	Keypress: o
96.3970 	DATA 	Keypress: o
96.3986 	DATA 	Keypress: o
96.4095 	Level WAIT 	25
97.4093 	Level RINSE 	25
99.3937 	DATA 	Keypress: o
99.4262 	Level jitter 	25
100.3881 	Level finished 	25
100.3894 	DATA 	Keypress: o
100.4098 	Level image=tasty.jpg 	25
101.4099 	Level injecting via pump at address 0 	25
107.3943 	DATA 	Keypress: o
107.3956 	DATA 	Keypress: o
107.3967 	DATA 	Keypress: o
107.4108 	Level WAIT 	25
108.3908 	DATA 	Keypress: o
108.4107 	Level RINSE 	25
110.3936 	DATA 	Keypress: o
110.4109 	Level jitter 	25
118.3881 	Level finished 	25
118.3893 	DATA 	Keypress: o
118.3903 	DATA 	Keypress: o
118.3912 	DATA 	Keypress: o
118.3922 	DATA 	Keypress: o
118.4122 	Level image=waterlogo.jpg 	25
119.4119 	Level injecting via pump at address 0 	25
125.3933 	DATA 	Keypress: o
125.3945 	DATA 	Keypress: o
125.3960 	DATA 	Keypress: o
125.4126 	Level WAIT 	25
126.3908 	DATA 	Keypress: o
126.4127 	Level RINSE 	25
128.3930 	DATA 	Keypress: o
128.4134 	Level jitter 	25
136.3881 	Level finished 	25
136.3897 	DATA 	Keypress: o
136.3911 	DATA 	Keypress: o
136.3922 	DATA 	Keypress: o
136.3934 	DATA 	Keypress: o
136.4305 	Level image=waterlogo.jpg 	25
137.3974 	Level injecting via pump at address 0 	25
143.3928 	DATA 	Keypress: o
143.3938 	DATA 	Keypress: o
143.3946 	DATA 	Keypress: o
143.3984 	Level WAIT 	25
144.3906 	DATA 	Keypress: o
144.4149 	Level RINSE 	25
146.3940 	DATA 	Keypress: o
146.3983 	Level jitter 	25
152.3881 	Level finished 	25
152.3895 	DATA 	Keypress: o
152.3907 	DATA 	Keypress: o
152.3920 	DATA 	Keypress: o
152.4158 	Level image=tasty.jpg 	25
153.3997 	Level injecting via pump at address 1 	25
159.3940 	DATA 	Keypress: o
159.3957 	DATA 	Keypress: o
159.3971 	DATA 	Keypress: o
159.4166 	Level WAIT 	25
160.3910 	DATA 	Keypress: o
160.4167 	Level RINSE 	25
162.3932 	DATA 	Keypress: o
162.4002 	Level jitter 	25
164.3881 	Level finished 	25
164.3893 	DATA 	Keypress: o
164.4176 	Level image=tasty.jpg 	25
165.4007 	Level injecting via pump at address 0 	25
171.3945 	DATA 	Keypress: o
171.3959 	DATA 	Keypress: o
171.3972 	DATA 	Keypress: o
171.4013 	Level WAIT 	25
172.3904 	DATA 	Keypress: o
172.4014 	Level RINSE 	25
174.3931 	DATA 	Keypress: o
174.4020 	Level jitter 	25
180.3881 	Level finished 	25
180.3893 	DATA 	Keypress: o
180.3905 	DATA 	Keypress: o
180.3916 	DATA 	Keypress: o
180.4191 	Level image=waterlogo.jpg 	25
181.4026 	Level injecting via pump at address 0 	25
187.3936 	DATA 	Keypress: o
187.3949 	DATA 	Keypress: o
187.3960 	DATA 	Keypress: o
187.4034 	Level WAIT 	25
188.3905 	DATA 	Keypress: o
188.4033 	Level RINSE 	25
190.3932 	DATA 	Keypress: o
190.4035 	Level jitter 	25
192.3881 	Level finished 	25
192.3892 	DATA 	Keypress: o
192.4204 	Level image=waterlogo.jpg 	25
193.4039 	Level injecting via pump at address 0 	25
199.3936 	DATA 	Keypress: o
199.3946 	DATA 	Keypress: o
199.3955 	DATA 	Keypress: o
199.4049 	Level WAIT 	25
200.3909 	DATA 	Keypress: o
200.4048 	Level RINSE 	25
202.3932 	DATA 	Keypress: o
202.4217 	Level jitter 	25
211.3881 	Level finished 	25
211.3893 	DATA 	Keypress: o
211.3904 	DATA 	Keypress: o
211.3916 	DATA 	Keypress: o
211.3930 	DATA 	Keypress: o
211.4231 	Level image=tasty.jpg 	25
212.3907 	DATA 	Keypress: o
212.4062 	Level injecting via pump at address 1 	25
218.3937 	DATA 	Keypress: o
218.3948 	DATA 	Keypress: o
218.3959 	DATA 	Keypress: o
218.4068 	Level WAIT 	25
219.4069 	Level RINSE 	25
221.3935 	DATA 	Keypress: o
221.4075 	Level jitter 	25
228.3881 	Level finished 	25
228.3893 	DATA 	Keypress: o
228.3904 	DATA 	Keypress: o
228.3913 	DATA 	Keypress: o
228.3923 	DATA 	Keypress: o
228.4080 	Level image=tasty.jpg 	25
229.4081 	Level injecting via pump at address 0 	25
235.3934 	DATA 	Keypress: o
235.3946 	DATA 	Keypress: o
235.3957 	DATA 	Keypress: o
235.4092 	Level WAIT 	25
236.3909 	DATA 	Keypress: o
236.4089 	Level RINSE 	25
238.3935 	DATA 	Keypress: o
238.4091 	Level jitter 	25
245.3881 	Level finished 	25
245.3893 	DATA 	Keypress: o
245.3905 	DATA 	Keypress: o
245.3916 	DATA 	Keypress: o
245.4272 	Level image=waterlogo.jpg 	25
246.3908 	DATA 	Keypress: o
246.3935 	Level injecting via pump at address 0 	25
252.3933 	DATA 	Keypress: o
252.3945 	DATA 	Keypress: o
252.3957 	DATA 	Keypress: o
252.4107 	Level WAIT 	25
253.4110 	Level RINSE 	25
255.3929 	DATA 	Keypress: o
255.4116 	Level jitter 	25
260.3881 	Level finished 	25
260.3895 	DATA 	Keypress: o
260.3906 	DATA 	Keypress: o
260.3916 	DATA 	Keypress: o
260.4118 	Level image=tasty.jpg 	25
261.4119 	Level injecting via pump at address 0 	25
267.3937 	DATA 	Keypress: o
267.3947 	DATA 	Keypress: o
267.3957 	DATA 	Keypress: o
267.4130 	Level WAIT 	25
268.3908 	DATA 	Keypress: o
268.3960 	Level RINSE 	25
270.3926 	DATA 	Keypress: o
270.4129 	Level jitter 	25
271.3881 	Level finished 	25
271.3963 	Level image=tasty.jpg 	25
272.3905 	DATA 	Keypress: o
272.4132 	Level injecting via pump at address 1 	25
278.3939 	DATA 	Keypress: o
278.3953 	DATA 	Keypress: o
278.3966 	DATA 	Keypress: o
278.4141 	Level WAIT 	25
279.4139 	Level RINSE 	25
281.3925 	DATA 	Keypress: o
281.4142 	Level jitter 	25
284.3881 	Level finished 	25
284.3892 	DATA 	Keypress: o
284.3904 	DATA 	Keypress: o
284.4147 	Level image=tasty.jpg 	25
285.4148 	Level injecting via pump at address 0 	25
291.3930 	DATA 	Keypress: o
291.3939 	DATA 	Keypress: o
291.3948 	DATA 	Keypress: o
291.4157 	Level WAIT 	25
292.3904 	DATA 	Keypress: o
292.4155 	Level RINSE 	25
294.3928 	DATA 	Keypress: o
294.4157 	Level jitter 	25
296.3881 	Level finished 	25
296.3892 	DATA 	Keypress: o
296.3993 	Level image=tasty.jpg 	25
297.3995 	Level injecting via pump at address 1 	25
303.3939 	DATA 	Keypress: o
303.3953 	DATA 	Keypress: o
303.3965 	DATA 	Keypress: o
303.4172 	Level WAIT 	25
304.3911 	DATA 	Keypress: o
304.4169 	Level RINSE 	25
306.3925 	DATA 	Keypress: o
306.4004 	Level jitter 	25
308.3881 	Level finished 	25
308.3893 	DATA 	Keypress: o
308.4173 	Level image=tasty.jpg 	25
309.4009 	Level injecting via pump at address 0 	25
315.3931 	DATA 	Keypress: o
315.3942 	DATA 	Keypress: o
315.3951 	DATA 	Keypress: o
315.4019 	Level WAIT 	25
316.3907 	DATA 	Keypress: o
316.4016 	Level RINSE 	25
318.3930 	DATA 	Keypress: o
318.4018 	Level jitter 	25
319.3881 	Level finished 	25
319.4186 	Level image=waterlogo.jpg 	25
320.3907 	DATA 	Keypress: o
320.4188 	Level injecting via pump at address 0 	25
326.3938 	DATA 	Keypress: o
326.3949 	DATA 	Keypress: o
326.3960 	DATA 	Keypress: o
326.4199 	Level WAIT 	25
327.4030 	Level RINSE 	25
329.3929 	DATA 	Keypress: o
329.4198 	Level jitter 	25
335.3881 	Level finished 	25
335.3894 	DATA 	Keypress: o
335.3905 	DATA 	Keypress: o
335.3915 	DATA 	Keypress: o
335.4205 	Level image=tasty.jpg 	25
336.3905 	DATA 	Keypress: o
336.4211 	Level injecting via pump at address 1 	25
342.3929 	DATA 	Keypress: o
342.3941 	DATA 	Keypress: o
342.3952 	DATA 	Keypress: o
342.4214 	Level WAIT 	25
343.4048 	Level RINSE 	25
345.3933 	DATA 	Keypress: o
345.4217 	Level jitter 	25
348.3881 	Level finished 	25
348.3893 	DATA 	Keypress: o
348.3905 	DATA 	Keypress: o
348.4224 	Level image=tasty.jpg 	25
349.4056 	Level injecting via pump at address 0 	25
355.3934 	DATA 	Keypress: o
355.3946 	DATA 	Keypress: o
355.3955 	DATA 	Keypress: o
355.4061 	Level WAIT 	25
356.3911 	DATA 	Keypress: o
356.4063 	Level RINSE 	25
358.3929 	DATA 	Keypress: o
358.4236 	Level jitter 	25
360.3881 	Level finished 	25
360.3892 	DATA 	Keypress: o
360.4068 	Level image=tasty.jpg 	25
361.4069 	Level injecting via pump at address 1 	25
367.3934 	DATA 	Keypress: o
367.3946 	DATA 	Keypress: o
367.3957 	DATA 	Keypress: o
367.4243 	Level WAIT 	25
368.3908 	DATA 	Keypress: o
368.4082 	Level RINSE 	25
370.3928 	DATA 	Keypress: o
370.4079 	Level jitter 	25
374.3881 	Level finished 	25
374.3893 	DATA 	Keypress: o
374.3905 	DATA 	Keypress: o
374.4084 	Level image=tasty.jpg 	25
375.4086 	Level injecting via pump at address 0 	25
381.3937 	DATA 	Keypress: o
381.3949 	DATA 	Keypress: o
381.3959 	DATA 	Keypress: o
381.4097 	Level WAIT 	25
382.3907 	DATA 	Keypress: o
382.4094 	Level RINSE 	25
384.3930 	DATA 	Keypress: o
384.4096 	Level jitter 	25
391.3881 	Level finished 	25
391.3893 	DATA 	Keypress: o
391.3904 	DATA 	Keypress: o
391.3916 	DATA 	Keypress: o
391.4108 	Level image=tasty.jpg 	25
392.3908 	DATA 	Keypress: o
392.4106 	Level injecting via pump at address 0 	25
398.3937 	DATA 	Keypress: o
398.3948 	DATA 	Keypress: o
398.3960 	DATA 	Keypress: o
398.4112 	Level WAIT 	25
399.3947 	Level RINSE 	25
401.3930 	DATA 	Keypress: o
401.4119 	Level jitter 	25
405.3881 	Level finished 	25
