51.6952 	DATA 	Keypress: o
51.6960 	Level start key press 	25
53.7064 	DATA 	Keypress: o
55.7064 	DATA 	Keypress: o
57.7066 	DATA 	Keypress: o
59.7068 	DATA 	Keypress: o
60.1044 	Level image=tasty.jpg 	25
61.0381 	Level injecting via pump at address 1 	25
67.0266 	DATA 	Keypress: o
67.0277 	DATA 	Keypress: o
67.0289 	DATA 	Keypress: o
67.0381 	Level WAIT 	25
68.0239 	DATA 	Keypress: o
68.0383 	Level RINSE 	25
70.0345 	DATA 	Keypress: o
70.0383 	Level jitter 	25
79.0210 	Level finished 	25
79.0224 	DATA 	Keypress: o
79.0236 	DATA 	Keypress: o
79.0248 	DATA 	Keypress: o
79.0258 	DATA 	Keypress: o
79.0562 	Level image=waterlogo.jpg 	25
80.0239 	DATA 	Keypress: o
80.0391 	Level injecting via pump at address 0 	25
86.0269 	DATA 	Keypress: o
86.0282 	DATA 	Keypress: o
86.0296 	DATA 	Keypress: o
86.0395 	Level WAIT 	25
87.0396 	Level RINSE 	25
89.0256 	DATA 	Keypress: o
89.0401 	Level jitter 	25
93.0210 	Level finished 	25
93.0225 	DATA 	Keypress: o
93.0236 	DATA 	Keypress: o
93.0400 	Level image=tasty.jpg 	25
94.0238 	DATA 	Keypress: o
94.0401 	Level injecting via pump at address 1 	25
100.0272 	DATA 	Keypress: o
100.0286 	DATA 	Keypress: o
100.0299 	DATA 	Keypress: o
100.0575 	Level WAIT 	25
101.0406 	Level RINSE 	25
103.0262 	DATA 	Keypress: o
103.0406 	Level jitter 	25
107.0210 	Level finished 	25
107.0226 	DATA 	Keypress: o
107.0241 	DATA 	Keypress: o
107.0576 	Level image=waterlogo.jpg 	25
108.0239 	DATA 	Keypress: o
108.0410 	Level injecting via pump at address 0 	25
114.0260 	DATA 	Keypress: o
114.0271 	DATA 	Keypress: o
114.0282 	DATA 	Keypress: o
114.0419 	Level WAIT 	25
115.0416 	Level RINSE 	25
117.0262 	DATA 	Keypress: o
117.0416 	Level jitter 	25
121.0210 	Level finished 	25
121.0225 	DATA 	Keypress: o
121.0238 	DATA 	Keypress: o
121.0419 	Level image=waterlogo.jpg 	25
122.0236 	DATA 	Keypress: o
122.0420 	Level injecting via pump at address 0 	25
128.0271 	DATA 	Keypress: o
128.0286 	DATA 	Keypress: o
128.0299 	DATA 	Keypress: o
128.0428 	Level WAIT 	25
129.0425 	Level RINSE 	25
131.0262 	DATA 	Keypress: o
131.0426 	Level jitter 	25
135.0210 	Level finished 	25
135.0222 	DATA 	Keypress: o
135.0233 	DATA 	Keypress: o
135.0596 	Level image=tasty.jpg 	25
136.0236 	DATA 	Keypress: o
136.0430 	Level injecting via pump at address 1 	25
142.0260 	DATA 	Keypress: o
142.0273 	DATA 	Keypress: o
142.0286 	DATA 	Keypress: o
142.0438 	Level WAIT 	25
143.0435 	Level RINSE 	25
145.0258 	DATA 	Keypress: o
145.0436 	Level jitter 	25
151.0210 	Level finished 	25
151.0225 	DATA 	Keypress: o
151.0238 	DATA 	Keypress: o
151.0252 	DATA 	Keypress: o
151.0440 	Level image=waterlogo.jpg 	25
152.0235 	DATA 	Keypress: o
152.0446 	Level injecting via pump at address 0 	25
158.0260 	DATA 	Keypress: o
158.0271 	DATA 	Keypress: o
158.0282 	DATA 	Keypress: o
158.0445 	Level WAIT 	25
159.0446 	Level RINSE 	25
161.0261 	DATA 	Keypress: o
161.0446 	Level jitter 	25
164.0210 	Level finished 	25
164.0225 	DATA 	Keypress: o
164.0239 	DATA 	Keypress: o
164.0453 	Level image=tasty.jpg 	25
165.0449 	Level injecting via pump at address 1 	25
171.0270 	DATA 	Keypress: o
171.0283 	DATA 	Keypress: o
171.0295 	DATA 	Keypress: o
171.0453 	Level WAIT 	25
172.0239 	DATA 	Keypress: o
172.0455 	Level RINSE 	25
174.0263 	DATA 	Keypress: o
174.0460 	Level jitter 	25
177.0210 	Level finished 	25
177.0222 	DATA 	Keypress: o
177.0458 	Level image=waterlogo.jpg 	25
178.0235 	DATA 	Keypress: o
178.0459 	Level injecting via pump at address 0 	25
184.0267 	DATA 	Keypress: o
184.0283 	DATA 	Keypress: o
184.0297 	DATA 	Keypress: o
184.0467 	Level WAIT 	25
185.0463 	Level RINSE 	25
187.0262 	DATA 	Keypress: o
187.0465 	Level jitter 	25
191.0210 	Level finished 	25
191.0225 	DATA 	Keypress: o
191.0238 	DATA 	Keypress: o
191.0467 	Level image=waterlogo.jpg 	25
192.0242 	DATA 	Keypress: o
192.0302 	Level injecting via pump at address 0 	25
198.0260 	DATA 	Keypress: o
198.0272 	DATA 	Keypress: o
198.0283 	DATA 	Keypress: o
198.0476 	Level WAIT 	25
199.0307 	Level RINSE 	25
201.0261 	DATA 	Keypress: o
201.0307 	Level jitter 	25
206.0210 	Level finished 	25
206.0223 	DATA 	Keypress: o
206.0236 	DATA 	Keypress: o
206.0248 	DATA 	Keypress: o
206.0478 	Level image=tasty.jpg 	25
207.0479 	Level injecting via pump at address 1 	25
213.0269 	DATA 	Keypress: o
213.0286 	DATA 	Keypress: o
213.0298 	DATA 	Keypress: o
213.0487 	Level WAIT 	25
214.0239 	DATA 	Keypress: o
214.0316 	Level RINSE 	25
216.0276 	DATA 	Keypress: o
216.0485 	Level jitter 	25
219.0210 	Level finished 	25
219.0229 	DATA 	Keypress: o
219.0487 	Level image=waterlogo.jpg 	25
220.0235 	DATA 	Keypress: o
220.0321 	Level injecting via pump at address 0 	25
226.0265 	DATA 	Keypress: o
226.0278 	DATA 	Keypress: o
226.0291 	DATA 	Keypress: o
226.0329 	Level WAIT 	25
227.0326 	Level RINSE 	25
229.0259 	DATA 	Keypress: o
229.0326 	Level jitter 	25
237.0210 	Level finished 	25
237.0225 	DATA 	Keypress: o
237.0238 	DATA 	Keypress: o
237.0252 	DATA 	Keypress: o
237.0263 	DATA 	Keypress: o
237.0504 	Level image=tasty.jpg 	25
238.0239 	DATA 	Keypress: o
238.0500 	Level injecting via pump at address 1 	25
244.0264 	DATA 	Keypress: o
244.0278 	DATA 	Keypress: o
244.0291 	DATA 	Keypress: o
244.0504 	Level WAIT 	25
245.0338 	Level RINSE 	25
247.0261 	DATA 	Keypress: o
247.0510 	Level jitter 	25
249.0210 	Level finished 	25
249.0223 	DATA 	Keypress: o
249.0507 	Level image=tasty.jpg 	25
250.0238 	DATA 	Keypress: o
250.0508 	Level injecting via pump at address 1 	25
256.0269 	DATA 	Keypress: o
256.0281 	DATA 	Keypress: o
256.0292 	DATA 	Keypress: o
256.0512 	Level WAIT 	25
257.0517 	Level RINSE 	25
259.0263 	DATA 	Keypress: o
259.0514 	Level jitter 	25
261.0210 	Level finished 	25
261.0222 	DATA 	Keypress: o
261.0349 	Level image=waterlogo.jpg 	25
262.0239 	DATA 	Keypress: o
262.0517 	Level injecting via pump at address 0 	25
268.0268 	DATA 	Keypress: o
268.0282 	DATA 	Keypress: o
268.0295 	DATA 	Keypress: o
268.0525 	Level WAIT 	25
269.0521 	Level RINSE 	25
271.0261 	DATA 	Keypress: o
271.0356 	Level jitter 	25
274.0210 	Level finished 	25
274.0222 	DATA 	Keypress: o
274.0232 	DATA 	Keypress: o
274.0525 	Level image=tasty.jpg 	25
275.0526 	Level injecting via pump at address 1 	25
281.0269 	DATA 	Keypress: o
281.0284 	DATA 	Keypress: o
281.0296 	DATA 	Keypress: o
281.0533 	Level WAIT 	25
282.0238 	DATA 	Keypress: o
282.0530 	Level RINSE 	25
284.0260 	DATA 	Keypress: o
284.0531 	Level jitter 	25
286.0210 	Level finished 	25
286.0224 	DATA 	Keypress: o
286.0366 	Level image=waterlogo.jpg 	25
287.0367 	Level injecting via pump at address 0 	25
293.0256 	DATA 	Keypress: o
293.0267 	DATA 	Keypress: o
293.0276 	DATA 	Keypress: o
293.0542 	Level WAIT 	25
294.0239 	DATA 	Keypress: o
294.0538 	Level RINSE 	25
296.0266 	DATA 	Keypress: o
296.0373 	Level jitter 	25
297.0210 	Level finished 	25
297.0540 	Level image=tasty.jpg 	25
298.0238 	DATA 	Keypress: o
298.0376 	Level injecting via pump at address 1 	25
304.0262 	DATA 	Keypress: o
304.0274 	DATA 	Keypress: o
304.0287 	DATA 	Keypress: o
304.0383 	Level WAIT 	25
305.0379 	Level RINSE 	25
307.0255 	DATA 	Keypress: o
307.0380 	Level jitter 	25
309.0210 	Level finished 	25
309.0221 	DATA 	Keypress: o
309.0549 	Level image=waterlogo.jpg 	25
310.0233 	DATA 	Keypress: o
310.0550 	Level injecting via pump at address 0 	25
316.0270 	DATA 	Keypress: o
316.0282 	DATA 	Keypress: o
316.0293 	DATA 	Keypress: o
316.0558 	Level WAIT 	25
317.0387 	Level RINSE 	25
319.0265 	DATA 	Keypress: o
319.0556 	Level jitter 	25
325.0210 	Level finished 	25
325.0224 	DATA 	Keypress: o
325.0236 	DATA 	Keypress: o
325.0247 	DATA 	Keypress: o
325.0560 	Level image=waterlogo.jpg 	25
326.0236 	DATA 	Keypress: o
326.0399 	Level injecting via pump at address 0 	25
332.0267 	DATA 	Keypress: o
332.0280 	DATA 	Keypress: o
332.0293 	DATA 	Keypress: o
332.0398 	Level WAIT 	25
333.0399 	Level RINSE 	25
335.0265 	DATA 	Keypress: o
335.0566 	Level jitter 	25
338.0210 	Level finished 	25
338.0223 	DATA 	Keypress: o
338.0233 	DATA 	Keypress: o
338.0573 	Level image=tasty.jpg 	25
339.0404 	Level injecting via pump at address 1 	25
345.0270 	DATA 	Keypress: o
345.0284 	DATA 	Keypress: o
345.0297 	DATA 	Keypress: o
345.0406 	Level WAIT 	25
346.0238 	DATA 	Keypress: o
346.0407 	Level RINSE 	25
348.0264 	DATA 	Keypress: o
348.0412 	Level jitter 	25
356.0210 	Level finished 	25
356.0223 	DATA 	Keypress: o
356.0236 	DATA 	Keypress: o
356.0248 	DATA 	Keypress: o
356.0261 	DATA 	Keypress: o
356.0581 	Level image=waterlogo.jpg 	25
357.0249 	Level injecting via pump at address 0 	25
363.0266 	DATA 	Keypress: o
363.0277 	DATA 	Keypress: o
363.0289 	DATA 	Keypress: o
363.0590 	Level WAIT 	25
364.0239 	DATA 	Keypress: o
364.0420 	Level RINSE 	25
366.0265 	DATA 	Keypress: o
366.0587 	Level jitter 	25
371.0210 	Level finished 	25
371.0225 	DATA 	Keypress: o
371.0238 	DATA 	Keypress: o
371.0426 	Level image=tasty.jpg 	25
372.0238 	DATA 	Keypress: o
372.0426 	Level injecting via pump at address 1 	25
378.0260 	DATA 	Keypress: o
378.0272 	DATA 	Keypress: o
378.0282 	DATA 	Keypress: o
378.0433 	Level WAIT 	25
379.0264 	Level RINSE 	25
381.0261 	DATA 	Keypress: o
381.0431 	Level jitter 	25
385.0210 	Level finished 	25
385.0225 	DATA 	Keypress: o
385.0236 	DATA 	Keypress: o
385.0435 	Level image=waterlogo.jpg 	25
386.0238 	DATA 	Keypress: o
386.0436 	Level injecting via pump at address 0 	25
392.0269 	DATA 	Keypress: o
392.0281 	DATA 	Keypress: o
392.0291 	DATA 	Keypress: o
392.0443 	Level WAIT 	25
393.0440 	Level RINSE 	25
395.0261 	DATA 	Keypress: o
395.0441 	Level jitter 	25
400.0210 	Level finished 	25
400.0224 	DATA 	Keypress: o
400.0237 	DATA 	Keypress: o
400.0248 	DATA 	Keypress: o
400.0446 	Level image=tasty.jpg 	25
401.0279 	Level injecting via pump at address 1 	25
407.0265 	DATA 	Keypress: o
407.0277 	DATA 	Keypress: o
407.0289 	DATA 	Keypress: o
407.0453 	Level WAIT 	25
408.0235 	DATA 	Keypress: o
408.0450 	Level RINSE 	25
410.0267 	DATA 	Keypress: o
410.0285 	Level jitter 	25
419.0210 	Level finished 	25
419.0228 	DATA 	Keypress: o
419.0243 	DATA 	Keypress: o
419.0257 	DATA 	Keypress: o
419.0270 	DATA 	Keypress: o
419.0630 	Level image=waterlogo.jpg 	25
420.0234 	DATA 	Keypress: o
420.0292 	Level injecting via pump at address 0 	25
426.0261 	DATA 	Keypress: o
426.0273 	DATA 	Keypress: o
426.0286 	DATA 	Keypress: o
426.0463 	Level WAIT 	25
427.0463 	Level RINSE 	25
429.0264 	DATA 	Keypress: o
429.0302 	Level jitter 	25
438.0210 	Level finished 	25
438.0225 	DATA 	Keypress: o
438.0238 	DATA 	Keypress: o
438.0250 	DATA 	Keypress: o
438.0262 	DATA 	Keypress: o
438.0275 	DATA 	Keypress: o
438.0638 	Level image=tasty.jpg 	25
439.0311 	Level injecting via pump at address 1 	25
445.0269 	DATA 	Keypress: o
445.0283 	DATA 	Keypress: o
445.0297 	DATA 	Keypress: o
445.0476 	Level WAIT 	25
446.0238 	DATA 	Keypress: o
446.0477 	Level RINSE 	25
448.0268 	DATA 	Keypress: o
448.0478 	Level jitter 	25
452.0210 	Level finished 	25
452.0230 	DATA 	Keypress: o
452.0242 	DATA 	Keypress: o
452.0485 	Level image=tasty.jpg 	25
453.0482 	Level injecting via pump at address 1 	25
459.0271 	DATA 	Keypress: o
459.0283 	DATA 	Keypress: o
459.0294 	DATA 	Keypress: o
459.0485 	Level WAIT 	25
460.0236 	DATA 	Keypress: o
460.0319 	Level RINSE 	25
462.0256 	DATA 	Keypress: o
462.0492 	Level jitter 	25
465.0210 	Level finished 	25
465.0225 	DATA 	Keypress: o
465.0490 	Level image=waterlogo.jpg 	25
466.0235 	DATA 	Keypress: o
466.0491 	Level injecting via pump at address 0 	25
472.0265 	DATA 	Keypress: o
472.0277 	DATA 	Keypress: o
472.0289 	DATA 	Keypress: o
472.0499 	Level WAIT 	25
473.0328 	Level RINSE 	25
475.0266 	DATA 	Keypress: o
475.0496 	Level jitter 	25
476.0210 	Level finished 	25
476.0223 	DATA 	Keypress: o
476.0331 	Level image=tasty.jpg 	25
477.0332 	Level injecting via pump at address 1 	25
483.0268 	DATA 	Keypress: o
483.0281 	DATA 	Keypress: o
483.0295 	DATA 	Keypress: o
483.0506 	Level WAIT 	25
484.0241 	DATA 	Keypress: o
484.0503 	Level RINSE 	25
486.0256 	DATA 	Keypress: o
486.0337 	Level jitter 	25
493.0210 	Level finished 	25
493.0225 	DATA 	Keypress: o
493.0238 	DATA 	Keypress: o
493.0248 	DATA 	Keypress: o
493.0513 	Level image=waterlogo.jpg 	25
494.0238 	DATA 	Keypress: o
494.0510 	Level injecting via pump at address 0 	25
500.0280 	DATA 	Keypress: o
500.0293 	DATA 	Keypress: o
500.0307 	DATA 	Keypress: o
500.0514 	Level WAIT 	25
501.0348 	Level RINSE 	25
503.0270 	DATA 	Keypress: o
503.0520 	Level jitter 	25
504.0210 	Level finished 	25
504.0223 	DATA 	Keypress: o
504.0350 	Level image=tasty.jpg 	25
505.0351 	Level injecting via pump at address 1 	25
511.0262 	DATA 	Keypress: o
511.0275 	DATA 	Keypress: o
511.0288 	DATA 	Keypress: o
511.0521 	Level WAIT 	25
512.0239 	DATA 	Keypress: o
512.0522 	Level RINSE 	25
514.0261 	DATA 	Keypress: o
514.0361 	Level jitter 	25
520.0210 	Level finished 	25
