351.9960 	DATA 	Keypress: o
351.9970 	Level start key press 	25
354.0136 	DATA 	Keypress: o
355.9968 	DATA 	Keypress: o
357.9970 	DATA 	Keypress: o
359.9970 	DATA 	Keypress: o
360.5782 	Level image=waterlogo.jpg 	25
361.4783 	Level injecting via pump at address 0 	25
367.4669 	DATA 	Keypress: o
367.4681 	DATA 	Keypress: o
367.4691 	DATA 	Keypress: o
367.4790 	Level WAIT 	25
368.4641 	DATA 	Keypress: o
368.4787 	Level RINSE 	25
370.4759 	DATA 	Keypress: o
370.4955 	Level jitter 	25
376.4615 	Level finished 	25
376.4629 	DATA 	Keypress: o
376.4641 	DATA 	Keypress: o
376.4653 	DATA 	Keypress: o
376.4793 	Level image=tasty.jpg 	25
377.4799 	Level injecting via pump at address 1 	25
383.4667 	DATA 	Keypress: o
383.4681 	DATA 	Keypress: o
383.4693 	DATA 	Keypress: o
383.4797 	Level WAIT 	25
384.4645 	DATA 	Keypress: o
384.4798 	Level RINSE 	25
386.4674 	DATA 	Keypress: o
386.4799 	Level jitter 	25
392.4615 	Level finished 	25
392.4628 	DATA 	Keypress: o
392.4638 	DATA 	Keypress: o
392.4647 	DATA 	Keypress: o
392.4809 	Level image=tasty.jpg 	25
393.4806 	Level injecting via pump at address 1 	25
399.4669 	DATA 	Keypress: o
399.4681 	DATA 	Keypress: o
399.4692 	DATA 	Keypress: o
399.4808 	Level WAIT 	25
400.4644 	DATA 	Keypress: o
400.4809 	Level RINSE 	25
402.4669 	DATA 	Keypress: o
402.4815 	Level jitter 	25
404.4615 	Level finished 	25
404.4628 	DATA 	Keypress: o
404.4812 	Level image=waterlogo.jpg 	25
405.4814 	Level injecting via pump at address 0 	25
411.4674 	DATA 	Keypress: o
411.4686 	DATA 	Keypress: o
411.4698 	DATA 	Keypress: o
411.4816 	Level WAIT 	25
412.4641 	DATA 	Keypress: o
412.4822 	Level RINSE 	25
414.4667 	DATA 	Keypress: o
414.4819 	Level jitter 	25
420.4615 	Level finished 	25
420.4628 	DATA 	Keypress: o
420.4640 	DATA 	Keypress: o
420.4650 	DATA 	Keypress: o
420.4824 	Level image=tasty.jpg 	25
421.4825 	Level injecting via pump at address 1 	25
427.4669 	DATA 	Keypress: o
427.4681 	DATA 	Keypress: o
427.4693 	DATA 	Keypress: o
427.4831 	Level WAIT 	25
428.4645 	DATA 	Keypress: o
428.4829 	Level RINSE 	25
430.4664 	DATA 	Keypress: o
430.4830 	Level jitter 	25
435.4615 	Level finished 	25
435.4629 	DATA 	Keypress: o
435.4641 	DATA 	Keypress: o
435.4835 	Level image=waterlogo.jpg 	25
436.4644 	DATA 	Keypress: o
436.4836 	Level injecting via pump at address 0 	25
442.4663 	DATA 	Keypress: o
442.4677 	DATA 	Keypress: o
442.4689 	DATA 	Keypress: o
442.4842 	Level WAIT 	25
443.4839 	Level RINSE 	25
445.4662 	DATA 	Keypress: o
445.4840 	Level jitter 	25
450.4615 	Level finished 	25
450.4627 	DATA 	Keypress: o
450.4637 	DATA 	Keypress: o
450.4646 	DATA 	Keypress: o
450.5010 	Level image=tasty.jpg 	25
451.4678 	Level injecting via pump at address 1 	25
457.4669 	DATA 	Keypress: o
457.4681 	DATA 	Keypress: o
457.4693 	DATA 	Keypress: o
457.4852 	Level WAIT 	25
458.4643 	DATA 	Keypress: o
458.4849 	Level RINSE 	25
460.4664 	DATA 	Keypress: o
460.4850 	Level jitter 	25
466.4615 	Level finished 	25
466.4629 	DATA 	Keypress: o
466.4642 	DATA 	Keypress: o
466.4654 	DATA 	Keypress: o
466.4855 	Level image=waterlogo.jpg 	25
467.4859 	Level injecting via pump at address 0 	25
473.4681 	DATA 	Keypress: o
473.4695 	DATA 	Keypress: o
473.4708 	DATA 	Keypress: o
473.4859 	Level WAIT 	25
474.4643 	DATA 	Keypress: o
474.4861 	Level RINSE 	25
476.4668 	DATA 	Keypress: o
476.4862 	Level jitter 	25
479.4615 	Level finished 	25
479.4627 	DATA 	Keypress: o
479.4868 	Level image=tasty.jpg 	25
480.4645 	DATA 	Keypress: o
480.4866 	Level injecting via pump at address 1 	25
486.4677 	DATA 	Keypress: o
486.4689 	DATA 	Keypress: o
486.4701 	DATA 	Keypress: o
486.4867 	Level WAIT 	25
487.4868 	Level RINSE 	25
489.4673 	DATA 	Keypress: o
489.4873 	Level jitter 	25
497.4615 	Level finished 	25
497.4629 	DATA 	Keypress: o
497.4641 	DATA 	Keypress: o
497.4653 	DATA 	Keypress: o
497.4665 	DATA 	Keypress: o
497.5044 	Level image=waterlogo.jpg 	25
498.4644 	DATA 	Keypress: o
498.4710 	Level injecting via pump at address 0 	25
504.4670 	DATA 	Keypress: o
504.4684 	DATA 	Keypress: o
504.4696 	DATA 	Keypress: o
504.4885 	Level WAIT 	25
505.4882 	Level RINSE 	25
507.4667 	DATA 	Keypress: o
507.4716 	Level jitter 	25
509.4615 	Level finished 	25
509.4628 	DATA 	Keypress: o
509.4885 	Level image=tasty.jpg 	25
510.4642 	DATA 	Keypress: o
510.4718 	Level injecting via pump at address 1 	25
516.4673 	DATA 	Keypress: o
516.4687 	DATA 	Keypress: o
516.4699 	DATA 	Keypress: o
516.4727 	Level WAIT 	25
517.4724 	Level RINSE 	25
519.4670 	DATA 	Keypress: o
519.4725 	Level jitter 	25
528.4615 	Level finished 	25
528.4629 	DATA 	Keypress: o
528.4642 	DATA 	Keypress: o
528.4654 	DATA 	Keypress: o
528.4666 	DATA 	Keypress: o
528.4678 	DATA 	Keypress: o
528.4902 	Level image=waterlogo.jpg 	25
529.4732 	Level injecting via pump at address 0 	25
535.4672 	DATA 	Keypress: o
535.4685 	DATA 	Keypress: o
535.4695 	DATA 	Keypress: o
535.4735 	Level WAIT 	25
536.4640 	DATA 	Keypress: o
536.4737 	Level RINSE 	25
538.4661 	DATA 	Keypress: o
538.4741 	Level jitter 	25
540.4615 	Level finished 	25
540.4628 	DATA 	Keypress: o
540.4906 	Level image=tasty.jpg 	25
541.4740 	Level injecting via pump at address 1 	25
547.4662 	DATA 	Keypress: o
547.4674 	DATA 	Keypress: o
547.4685 	DATA 	Keypress: o
547.4910 	Level WAIT 	25
548.4641 	DATA 	Keypress: o
548.4749 	Level RINSE 	25
550.4675 	DATA 	Keypress: o
550.4913 	Level jitter 	25
553.4615 	Level finished 	25
553.4626 	DATA 	Keypress: o
553.4915 	Level image=waterlogo.jpg 	25
554.4641 	DATA 	Keypress: o
554.4749 	Level injecting via pump at address 0 	25
560.4672 	DATA 	Keypress: o
560.4685 	DATA 	Keypress: o
560.4696 	DATA 	Keypress: o
560.4758 	Level WAIT 	25
561.4755 	Level RINSE 	25
563.4667 	DATA 	Keypress: o
563.4755 	Level jitter 	25
567.4615 	Level finished 	25
567.4627 	DATA 	Keypress: o
567.4637 	DATA 	Keypress: o
567.4758 	Level image=tasty.jpg 	25
568.4643 	DATA 	Keypress: o
568.4926 	Level injecting via pump at address 1 	25
574.4673 	DATA 	Keypress: o
574.4685 	DATA 	Keypress: o
574.4695 	DATA 	Keypress: o
574.4933 	Level WAIT 	25
575.4930 	Level RINSE 	25
577.4673 	DATA 	Keypress: o
577.4931 	Level jitter 	25
578.4615 	Level finished 	25
578.4626 	DATA 	Keypress: o
578.4933 	Level image=waterlogo.jpg 	25
579.4766 	Level injecting via pump at address 0 	25
585.4675 	DATA 	Keypress: o
585.4688 	DATA 	Keypress: o
585.4700 	DATA 	Keypress: o
585.4774 	Level WAIT 	25
586.4642 	DATA 	Keypress: o
586.4771 	Level RINSE 	25
588.4676 	DATA 	Keypress: o
588.4772 	Level jitter 	25
591.4615 	Level finished 	25
591.4628 	DATA 	Keypress: o
591.4775 	Level image=tasty.jpg 	25
592.4640 	DATA 	Keypress: o
592.4775 	Level injecting via pump at address 1 	25
598.4670 	DATA 	Keypress: o
598.4685 	DATA 	Keypress: o
598.4697 	DATA 	Keypress: o
598.4783 	Level WAIT 	25
599.4780 	Level RINSE 	25
601.4667 	DATA 	Keypress: o
601.4781 	Level jitter 	25
609.4615 	Level finished 	25
609.4629 	DATA 	Keypress: o
609.4641 	DATA 	Keypress: o
609.4652 	DATA 	Keypress: o
609.4664 	DATA 	Keypress: o
609.4958 	Level image=tasty.jpg 	25
610.4644 	DATA 	Keypress: o
610.4788 	Level injecting via pump at address 1 	25
616.4666 	DATA 	Keypress: o
616.4679 	DATA 	Keypress: o
616.4689 	DATA 	Keypress: o
616.4791 	Level WAIT 	25
617.4793 	Level RINSE 	25
619.4665 	DATA 	Keypress: o
619.4798 	Level jitter 	25
623.4615 	Level finished 	25
623.4628 	DATA 	Keypress: o
623.4640 	DATA 	Keypress: o
623.4797 	Level image=waterlogo.jpg 	25
624.4640 	DATA 	Keypress: o
624.4797 	Level injecting via pump at address 0 	25
630.4671 	DATA 	Keypress: o
630.4683 	DATA 	Keypress: o
630.4693 	DATA 	Keypress: o
630.4804 	Level WAIT 	25
631.4802 	Level RINSE 	25
633.4669 	DATA 	Keypress: o
633.4802 	Level jitter 	25
636.4615 	Level finished 	25
636.4629 	DATA 	Keypress: o
636.4641 	DATA 	Keypress: o
636.4805 	Level image=tasty.jpg 	25
637.4807 	Level injecting via pump at address 1 	25
643.4670 	DATA 	Keypress: o
643.4682 	DATA 	Keypress: o
643.4693 	DATA 	Keypress: o
643.4981 	Level WAIT 	25
644.4645 	DATA 	Keypress: o
644.4811 	Level RINSE 	25
646.4661 	DATA 	Keypress: o
646.4812 	Level jitter 	25
651.4615 	Level finished 	25
651.4626 	DATA 	Keypress: o
651.4636 	DATA 	Keypress: o
651.4816 	Level image=waterlogo.jpg 	25
652.4641 	DATA 	Keypress: o
652.4817 	Level injecting via pump at address 0 	25
658.4679 	DATA 	Keypress: o
658.4693 	DATA 	Keypress: o
658.4707 	DATA 	Keypress: o
658.4824 	Level WAIT 	25
659.4822 	Level RINSE 	25
661.4672 	DATA 	Keypress: o
661.4823 	Level jitter 	25
666.4615 	Level finished 	25
666.4630 	DATA 	Keypress: o
666.4644 	DATA 	Keypress: o
666.4655 	DATA 	Keypress: o
666.4826 	Level image=waterlogo.jpg 	25
667.4827 	Level injecting via pump at address 0 	25
673.4666 	DATA 	Keypress: o
673.4677 	DATA 	Keypress: o
673.4688 	DATA 	Keypress: o
673.4835 	Level WAIT 	25
674.4643 	DATA 	Keypress: o
674.4832 	Level RINSE 	25
676.4667 	DATA 	Keypress: o
676.4833 	Level jitter 	25
685.4615 	Level finished 	25
685.4632 	DATA 	Keypress: o
685.4644 	DATA 	Keypress: o
685.4653 	DATA 	Keypress: o
685.4662 	DATA 	Keypress: o
685.4843 	Level image=tasty.jpg 	25
686.4639 	DATA 	Keypress: o
686.4840 	Level injecting via pump at address 1 	25
692.4669 	DATA 	Keypress: o
692.4681 	DATA 	Keypress: o
692.4693 	DATA 	Keypress: o
692.4845 	Level WAIT 	25
693.4845 	Level RINSE 	25
695.4671 	DATA 	Keypress: o
695.4850 	Level jitter 	25
697.4615 	Level finished 	25
697.4628 	DATA 	Keypress: o
697.4848 	Level image=waterlogo.jpg 	25
698.4640 	DATA 	Keypress: o
698.4848 	Level injecting via pump at address 0 	25
704.4667 	DATA 	Keypress: o
704.4681 	DATA 	Keypress: o
704.4693 	DATA 	Keypress: o
704.4852 	Level WAIT 	25
705.4858 	Level RINSE 	25
707.4668 	DATA 	Keypress: o
707.4855 	Level jitter 	25
710.4615 	Level finished 	25
710.4628 	DATA 	Keypress: o
710.4640 	DATA 	Keypress: o
710.4857 	Level image=waterlogo.jpg 	25
711.4858 	Level injecting via pump at address 0 	25
717.4670 	DATA 	Keypress: o
717.4682 	DATA 	Keypress: o
717.4694 	DATA 	Keypress: o
717.4866 	Level WAIT 	25
718.4640 	DATA 	Keypress: o
718.4862 	Level RINSE 	25
720.4667 	DATA 	Keypress: o
720.4864 	Level jitter 	25
725.4615 	Level finished 	25
725.4629 	DATA 	Keypress: o
725.4640 	DATA 	Keypress: o
725.4867 	Level image=tasty.jpg 	25
726.4644 	DATA 	Keypress: o
726.4868 	Level injecting via pump at address 1 	25
732.4663 	DATA 	Keypress: o
732.4676 	DATA 	Keypress: o
732.4690 	DATA 	Keypress: o
732.4874 	Level WAIT 	25
733.4872 	Level RINSE 	25
735.4675 	DATA 	Keypress: o
735.4874 	Level jitter 	25
737.4615 	Level finished 	25
737.4628 	DATA 	Keypress: o
737.4875 	Level image=tasty.jpg 	25
738.4643 	DATA 	Keypress: o
738.4709 	Level injecting via pump at address 1 	25
744.4667 	DATA 	Keypress: o
744.4680 	DATA 	Keypress: o
744.4692 	DATA 	Keypress: o
744.4883 	Level WAIT 	25
745.4715 	Level RINSE 	25
747.4668 	DATA 	Keypress: o
747.4715 	Level jitter 	25
754.4615 	Level finished 	25
754.4626 	DATA 	Keypress: o
754.4636 	DATA 	Keypress: o
754.4645 	DATA 	Keypress: o
754.4654 	DATA 	Keypress: o
754.4891 	Level image=waterlogo.jpg 	25
755.4888 	Level injecting via pump at address 0 	25
761.4664 	DATA 	Keypress: o
761.4676 	DATA 	Keypress: o
761.4687 	DATA 	Keypress: o
761.4892 	Level WAIT 	25
762.4643 	DATA 	Keypress: o
762.4893 	Level RINSE 	25
764.4665 	DATA 	Keypress: o
764.4898 	Level jitter 	25
767.4615 	Level finished 	25
767.4629 	DATA 	Keypress: o
767.4896 	Level image=tasty.jpg 	25
768.4643 	DATA 	Keypress: o
768.4896 	Level injecting via pump at address 1 	25
774.4669 	DATA 	Keypress: o
774.4678 	DATA 	Keypress: o
774.4688 	DATA 	Keypress: o
774.4905 	Level WAIT 	25
775.4735 	Level RINSE 	25
777.4665 	DATA 	Keypress: o
777.4903 	Level jitter 	25
779.4615 	Level finished 	25
779.4628 	DATA 	Keypress: o
779.4906 	Level image=waterlogo.jpg 	25
780.4642 	DATA 	Keypress: o
780.4906 	Level injecting via pump at address 0 	25
786.4670 	DATA 	Keypress: o
786.4683 	DATA 	Keypress: o
786.4694 	DATA 	Keypress: o
786.4912 	Level WAIT 	25
787.4910 	Level RINSE 	25
789.4665 	DATA 	Keypress: o
789.4911 	Level jitter 	25
797.4615 	Level finished 	25
797.4628 	DATA 	Keypress: o
797.4640 	DATA 	Keypress: o
797.4651 	DATA 	Keypress: o
797.4660 	DATA 	Keypress: o
797.4754 	Level image=tasty.jpg 	25
798.4640 	DATA 	Keypress: o
798.4751 	Level injecting via pump at address 1 	25
804.4660 	DATA 	Keypress: o
804.4670 	DATA 	Keypress: o
804.4680 	DATA 	Keypress: o
804.4755 	Level WAIT 	25
805.4755 	Level RINSE 	25
807.4683 	DATA 	Keypress: o
807.4760 	Level jitter 	25
809.4615 	Level finished 	25
809.4628 	DATA 	Keypress: o
809.4925 	Level image=waterlogo.jpg 	25
810.4641 	DATA 	Keypress: o
810.4759 	Level injecting via pump at address 0 	25
816.4663 	DATA 	Keypress: o
816.4675 	DATA 	Keypress: o
816.4685 	DATA 	Keypress: o
816.4763 	Level WAIT 	25
817.4768 	Level RINSE 	25
819.4659 	DATA 	Keypress: o
819.4764 	Level jitter 	25
826.4615 	Level finished 	25
