66.9553 	DATA 	Keypress: o
66.9561 	Level start key press 	25
68.9678 	DATA 	Keypress: o
70.9680 	DATA 	Keypress: o
72.9682 	DATA 	Keypress: o
74.9685 	DATA 	Keypress: o
75.3663 	Level image=waterlogo.jpg 	25
76.2996 	Level injecting via pump at address 0 	25
82.2883 	DATA 	Keypress: o
82.2899 	DATA 	Keypress: o
82.2910 	DATA 	Keypress: o
82.3006 	Level WAIT 	25
83.2859 	DATA 	Keypress: o
83.3004 	Level RINSE 	25
85.2963 	DATA 	Keypress: o
85.3007 	Level jitter 	25
92.2828 	Level finished 	25
92.2841 	DATA 	Keypress: o
92.2852 	DATA 	Keypress: o
92.2861 	DATA 	Keypress: o
92.3018 	Level image=waterlogo.jpg 	25
93.2856 	DATA 	Keypress: o
93.3016 	Level injecting via pump at address 0 	25
99.2883 	DATA 	Keypress: o
99.2896 	DATA 	Keypress: o
99.2908 	DATA 	Keypress: o
99.3023 	Level WAIT 	25
100.3025 	Level RINSE 	25
102.2879 	DATA 	Keypress: o
102.3030 	Level jitter 	25
107.2828 	Level finished 	25
107.2840 	DATA 	Keypress: o
107.2850 	DATA 	Keypress: o
107.2859 	DATA 	Keypress: o
107.3033 	Level image=tasty.jpg 	25
108.3034 	Level injecting via pump at address 1 	25
114.2883 	DATA 	Keypress: o
114.2895 	DATA 	Keypress: o
114.2905 	DATA 	Keypress: o
114.3045 	Level WAIT 	25
115.2855 	DATA 	Keypress: o
115.3043 	Level RINSE 	25
117.2878 	DATA 	Keypress: o
117.3044 	Level jitter 	25
120.2828 	Level finished 	25
120.2841 	DATA 	Keypress: o
120.3048 	Level image=tasty.jpg 	25
121.2853 	DATA 	Keypress: o
121.3049 	Level injecting via pump at address 0 	25
127.2895 	DATA 	Keypress: o
127.2908 	DATA 	Keypress: o
127.2920 	DATA 	Keypress: o
127.3060 	Level WAIT 	25
128.3058 	Level RINSE 	25
130.2878 	DATA 	Keypress: o
130.3059 	Level jitter 	25
136.2828 	Level finished 	25
136.2839 	DATA 	Keypress: o
136.2851 	DATA 	Keypress: o
136.2863 	DATA 	Keypress: o
136.3066 	Level image=tasty.jpg 	25
137.2851 	DATA 	Keypress: o
137.3072 	Level injecting via pump at address 0 	25
143.2879 	DATA 	Keypress: o
143.2893 	DATA 	Keypress: o
143.2905 	DATA 	Keypress: o
143.3075 	Level WAIT 	25
144.3077 	Level RINSE 	25
146.2880 	DATA 	Keypress: o
146.3078 	Level jitter 	25
155.2828 	Level finished 	25
155.2842 	DATA 	Keypress: o
155.2856 	DATA 	Keypress: o
155.2867 	DATA 	Keypress: o
155.2877 	DATA 	Keypress: o
155.2887 	DATA 	Keypress: o
155.3093 	Level image=tasty.jpg 	25
156.3091 	Level injecting via pump at address 1 	25
162.2885 	DATA 	Keypress: o
162.2899 	DATA 	Keypress: o
162.2911 	DATA 	Keypress: o
162.3096 	Level WAIT 	25
163.2853 	DATA 	Keypress: o
163.2931 	Level RINSE 	25
165.2880 	DATA 	Keypress: o
165.3103 	Level jitter 	25
171.2828 	Level finished 	25
171.2841 	DATA 	Keypress: o
171.2853 	DATA 	Keypress: o
171.2863 	DATA 	Keypress: o
171.3108 	Level image=tasty.jpg 	25
172.3110 	Level injecting via pump at address 0 	25
178.2880 	DATA 	Keypress: o
178.2891 	DATA 	Keypress: o
178.2900 	DATA 	Keypress: o
178.3120 	Level WAIT 	25
179.2856 	DATA 	Keypress: o
179.2950 	Level RINSE 	25
181.2882 	DATA 	Keypress: o
181.3119 	Level jitter 	25
184.2828 	Level finished 	25
184.2841 	DATA 	Keypress: o
184.3123 	Level image=tasty.jpg 	25
185.2852 	DATA 	Keypress: o
185.2958 	Level injecting via pump at address 1 	25
191.2883 	DATA 	Keypress: o
191.2896 	DATA 	Keypress: o
191.2909 	DATA 	Keypress: o
191.2968 	Level WAIT 	25
192.2965 	Level RINSE 	25
194.2881 	DATA 	Keypress: o
194.2966 	Level jitter 	25
199.2828 	Level finished 	25
199.2840 	DATA 	Keypress: o
199.2854 	DATA 	Keypress: o
199.2865 	DATA 	Keypress: o
199.3141 	Level image=tasty.jpg 	25
200.3143 	Level injecting via pump at address 0 	25
206.2882 	DATA 	Keypress: o
206.2894 	DATA 	Keypress: o
206.2904 	DATA 	Keypress: o
206.3152 	Level WAIT 	25
207.2856 	DATA 	Keypress: o
207.2983 	Level RINSE 	25
209.2877 	DATA 	Keypress: o
209.3152 	Level jitter 	25
210.2828 	Level finished 	25
210.2987 	Level image=waterlogo.jpg 	25
211.2855 	DATA 	Keypress: o
211.2988 	Level injecting via pump at address 0 	25
217.2877 	DATA 	Keypress: o
217.2887 	DATA 	Keypress: o
217.2896 	DATA 	Keypress: o
217.2998 	Level WAIT 	25
218.2995 	Level RINSE 	25
220.2872 	DATA 	Keypress: o
220.2998 	Level jitter 	25
225.2828 	Level finished 	25
225.2843 	DATA 	Keypress: o
225.2857 	DATA 	Keypress: o
225.2870 	DATA 	Keypress: o
225.3171 	Level image=waterlogo.jpg 	25
226.3006 	Level injecting via pump at address 0 	25
232.2879 	DATA 	Keypress: o
232.2891 	DATA 	Keypress: o
232.2901 	DATA 	Keypress: o
232.3015 	Level WAIT 	25
233.2851 	DATA 	Keypress: o
233.3013 	Level RINSE 	25
235.2882 	DATA 	Keypress: o
235.3015 	Level jitter 	25
238.2828 	Level finished 	25
238.2839 	DATA 	Keypress: o
238.3019 	Level image=tasty.jpg 	25
239.2856 	DATA 	Keypress: o
239.3022 	Level injecting via pump at address 0 	25
245.2883 	DATA 	Keypress: o
245.2897 	DATA 	Keypress: o
245.2910 	DATA 	Keypress: o
245.3031 	Level WAIT 	25
246.3028 	Level RINSE 	25
248.2881 	DATA 	Keypress: o
248.3031 	Level jitter 	25
254.2828 	Level finished 	25
254.2841 	DATA 	Keypress: o
254.2854 	DATA 	Keypress: o
254.2866 	DATA 	Keypress: o
254.3039 	Level image=waterlogo.jpg 	25
255.2852 	DATA 	Keypress: o
255.3045 	Level injecting via pump at address 0 	25
261.2878 	DATA 	Keypress: o
261.2888 	DATA 	Keypress: o
261.2897 	DATA 	Keypress: o
261.3045 	Level WAIT 	25
262.3047 	Level RINSE 	25
264.2881 	DATA 	Keypress: o
264.3049 	Level jitter 	25
266.2828 	Level finished 	25
266.2839 	DATA 	Keypress: o
266.3056 	Level image=waterlogo.jpg 	25
267.2856 	DATA 	Keypress: o
267.3054 	Level injecting via pump at address 0 	25
273.2886 	DATA 	Keypress: o
273.2900 	DATA 	Keypress: o
273.2912 	DATA 	Keypress: o
273.3060 	Level WAIT 	25
274.3061 	Level RINSE 	25
276.2879 	DATA 	Keypress: o
276.3067 	Level jitter 	25
284.2828 	Level finished 	25
284.2843 	DATA 	Keypress: o
284.2857 	DATA 	Keypress: o
284.2869 	DATA 	Keypress: o
284.2881 	DATA 	Keypress: o
284.3239 	Level image=tasty.jpg 	25
285.2855 	DATA 	Keypress: o
285.2908 	Level injecting via pump at address 0 	25
291.2882 	DATA 	Keypress: o
291.2892 	DATA 	Keypress: o
291.2902 	DATA 	Keypress: o
291.3085 	Level WAIT 	25
292.3082 	Level RINSE 	25
294.2880 	DATA 	Keypress: o
294.2919 	Level jitter 	25
299.2828 	Level finished 	25
299.2843 	DATA 	Keypress: o
299.2856 	DATA 	Keypress: o
299.2867 	DATA 	Keypress: o
299.3092 	Level image=waterlogo.jpg 	25
300.3092 	Level injecting via pump at address 0 	25
306.2878 	DATA 	Keypress: o
306.2890 	DATA 	Keypress: o
306.2900 	DATA 	Keypress: o
306.3102 	Level WAIT 	25
307.2856 	DATA 	Keypress: o
307.2933 	Level RINSE 	25
309.2875 	DATA 	Keypress: o
309.3102 	Level jitter 	25
314.2828 	Level finished 	25
314.2840 	DATA 	Keypress: o
314.2849 	DATA 	Keypress: o
314.3108 	Level image=tasty.jpg 	25
315.2852 	DATA 	Keypress: o
315.3109 	Level injecting via pump at address 0 	25
321.2874 	DATA 	Keypress: o
321.2884 	DATA 	Keypress: o
321.2894 	DATA 	Keypress: o
321.3120 	Level WAIT 	25
322.2952 	Level RINSE 	25
324.2877 	DATA 	Keypress: o
324.3120 	Level jitter 	25
331.2828 	Level finished 	25
331.2843 	DATA 	Keypress: o
331.2855 	DATA 	Keypress: o
331.2866 	DATA 	Keypress: o
331.2874 	DATA 	Keypress: o
331.3131 	Level image=tasty.jpg 	25
332.2962 	Level injecting via pump at address 1 	25
338.2887 	DATA 	Keypress: o
338.2900 	DATA 	Keypress: o
338.2911 	DATA 	Keypress: o
338.2970 	Level WAIT 	25
339.2854 	DATA 	Keypress: o
339.2971 	Level RINSE 	25
341.2881 	DATA 	Keypress: o
341.2976 	Level jitter 	25
345.2828 	Level finished 	25
345.2840 	DATA 	Keypress: o
345.2855 	DATA 	Keypress: o
345.3144 	Level image=tasty.jpg 	25
346.2979 	Level injecting via pump at address 0 	25
352.2890 	DATA 	Keypress: o
352.2906 	DATA 	Keypress: o
352.2917 	DATA 	Keypress: o
352.3155 	Level WAIT 	25
353.2859 	DATA 	Keypress: o
353.3154 	Level RINSE 	25
355.2879 	DATA 	Keypress: o
355.3156 	Level jitter 	25
358.2828 	Level finished 	25
358.2839 	DATA 	Keypress: o
358.2993 	Level image=tasty.jpg 	25
359.2856 	DATA 	Keypress: o
359.3162 	Level injecting via pump at address 1 	25
365.2891 	DATA 	Keypress: o
365.2905 	DATA 	Keypress: o
365.2917 	DATA 	Keypress: o
365.3171 	Level WAIT 	25
366.3003 	Level RINSE 	25
368.2873 	DATA 	Keypress: o
368.3171 	Level jitter 	25
373.2828 	Level finished 	25
373.2840 	DATA 	Keypress: o
373.2850 	DATA 	Keypress: o
373.2859 	DATA 	Keypress: o
373.3010 	Level image=tasty.jpg 	25
374.3012 	Level injecting via pump at address 0 	25
380.2874 	DATA 	Keypress: o
380.2884 	DATA 	Keypress: o
380.2894 	DATA 	Keypress: o
380.3023 	Level WAIT 	25
381.2854 	DATA 	Keypress: o
381.3020 	Level RINSE 	25
383.2888 	DATA 	Keypress: o
383.3022 	Level jitter 	25
384.2828 	Level finished 	25
384.3191 	Level image=tasty.jpg 	25
385.2855 	DATA 	Keypress: o
385.3025 	Level injecting via pump at address 1 	25
391.2880 	DATA 	Keypress: o
391.2892 	DATA 	Keypress: o
391.2903 	DATA 	Keypress: o
391.3036 	Level WAIT 	25
392.3033 	Level RINSE 	25
394.2881 	DATA 	Keypress: o
394.3034 	Level jitter 	25
403.2828 	Level finished 	25
403.2843 	DATA 	Keypress: o
403.2856 	DATA 	Keypress: o
403.2868 	DATA 	Keypress: o
403.2880 	DATA 	Keypress: o
403.2892 	DATA 	Keypress: o
403.3216 	Level image=tasty.jpg 	25
404.3047 	Level injecting via pump at address 1 	25
410.2881 	DATA 	Keypress: o
410.2894 	DATA 	Keypress: o
410.2906 	DATA 	Keypress: o
410.3054 	Level WAIT 	25
411.2855 	DATA 	Keypress: o
411.3055 	Level RINSE 	25
413.2886 	DATA 	Keypress: o
413.3061 	Level jitter 	25
422.2828 	Level finished 	25
422.2840 	DATA 	Keypress: o
422.2850 	DATA 	Keypress: o
422.2859 	DATA 	Keypress: o
422.2867 	DATA 	Keypress: o
422.3068 	Level image=tasty.jpg 	25
423.2856 	DATA 	Keypress: o
423.3074 	Level injecting via pump at address 0 	25
429.2878 	DATA 	Keypress: o
429.2889 	DATA 	Keypress: o
429.2899 	DATA 	Keypress: o
429.3075 	Level WAIT 	25
430.3077 	Level RINSE 	25
432.2882 	DATA 	Keypress: o
432.3079 	Level jitter 	25
434.2828 	Level finished 	25
