64.1090 	DATA 	Keypress: o
64.1100 	Level start key press 	25
66.1255 	DATA 	Keypress: o
68.1088 	DATA 	Keypress: o
70.1088 	DATA 	Keypress: o
72.1091 	DATA 	Keypress: o
72.6400 	Level image=waterlogo.jpg 	25
73.5906 	Level injecting via pump at address 0 	25
79.5795 	DATA 	Keypress: o
79.5809 	DATA 	Keypress: o
79.5820 	DATA 	Keypress: o
79.5905 	Level WAIT 	25
80.5761 	DATA 	Keypress: o
80.5906 	Level RINSE 	25
82.5856 	DATA 	Keypress: o
82.6073 	Level jitter 	25
89.5735 	Level finished 	25
89.5754 	DATA 	Keypress: o
89.5772 	DATA 	Keypress: o
89.5786 	DATA 	Keypress: o
89.6083 	Level image=tasty.jpg 	25
90.5765 	DATA 	Keypress: o
90.5914 	Level injecting via pump at address 0 	25
96.5790 	DATA 	Keypress: o
96.5803 	DATA 	Keypress: o
96.5815 	DATA 	Keypress: o
96.6084 	Level WAIT 	25
97.5917 	Level RINSE 	25
99.5785 	DATA 	Keypress: o
99.5923 	Level jitter 	25
103.5735 	Level finished 	25
103.5748 	DATA 	Keypress: o
103.5758 	DATA 	Keypress: o
103.6088 	Level image=tasty.jpg 	25
104.5761 	DATA 	Keypress: o
104.5924 	Level injecting via pump at address 1 	25
110.5783 	DATA 	Keypress: o
110.5793 	DATA 	Keypress: o
110.5802 	DATA 	Keypress: o
110.5930 	Level WAIT 	25
111.5927 	Level RINSE 	25
113.5785 	DATA 	Keypress: o
113.5928 	Level jitter 	25
114.5735 	Level finished 	25
114.5746 	DATA 	Keypress: o
114.5929 	Level image=tasty.jpg 	25
115.5930 	Level injecting via pump at address 0 	25
121.5791 	DATA 	Keypress: o
121.5804 	DATA 	Keypress: o
121.5816 	DATA 	Keypress: o
121.6105 	Level WAIT 	25
122.5765 	DATA 	Keypress: o
122.5935 	Level RINSE 	25
124.5780 	DATA 	Keypress: o
124.5936 	Level jitter 	25
132.5735 	Level finished 	25
132.5747 	DATA 	Keypress: o
132.5757 	DATA 	Keypress: o
132.5767 	DATA 	Keypress: o
132.5776 	DATA 	Keypress: o
132.5947 	Level image=waterlogo.jpg 	25
133.5944 	Level injecting via pump at address 0 	25
139.5791 	DATA 	Keypress: o
139.5805 	DATA 	Keypress: o
139.5817 	DATA 	Keypress: o
139.5946 	Level WAIT 	25
140.5759 	DATA 	Keypress: o
140.5948 	Level RINSE 	25
142.5788 	DATA 	Keypress: o
142.5952 	Level jitter 	25
150.5735 	Level finished 	25
150.5748 	DATA 	Keypress: o
150.5758 	DATA 	Keypress: o
150.5768 	DATA 	Keypress: o
150.5777 	DATA 	Keypress: o
150.5955 	Level image=waterlogo.jpg 	25
151.5955 	Level injecting via pump at address 0 	25
157.5786 	DATA 	Keypress: o
157.5797 	DATA 	Keypress: o
157.5806 	DATA 	Keypress: o
157.5963 	Level WAIT 	25
158.5774 	DATA 	Keypress: o
158.5960 	Level RINSE 	25
160.5785 	DATA 	Keypress: o
160.5961 	Level jitter 	25
166.5735 	Level finished 	25
166.5748 	DATA 	Keypress: o
166.5760 	DATA 	Keypress: o
166.5772 	DATA 	Keypress: o
166.5965 	Level image=tasty.jpg 	25
167.5970 	Level injecting via pump at address 1 	25
173.5788 	DATA 	Keypress: o
173.5799 	DATA 	Keypress: o
173.5809 	DATA 	Keypress: o
173.5970 	Level WAIT 	25
174.5760 	DATA 	Keypress: o
174.5971 	Level RINSE 	25
176.5783 	DATA 	Keypress: o
176.5972 	Level jitter 	25
178.5735 	Level finished 	25
178.5752 	DATA 	Keypress: o
178.6144 	Level image=tasty.jpg 	25
179.5975 	Level injecting via pump at address 0 	25
185.5788 	DATA 	Keypress: o
185.5800 	DATA 	Keypress: o
185.5813 	DATA 	Keypress: o
185.5978 	Level WAIT 	25
186.5765 	DATA 	Keypress: o
186.5979 	Level RINSE 	25
188.5780 	DATA 	Keypress: o
188.5985 	Level jitter 	25
194.5735 	Level finished 	25
194.5751 	DATA 	Keypress: o
194.5767 	DATA 	Keypress: o
194.5781 	DATA 	Keypress: o
194.5985 	Level image=waterlogo.jpg 	25
195.5986 	Level injecting via pump at address 0 	25
201.5788 	DATA 	Keypress: o
201.5799 	DATA 	Keypress: o
201.5809 	DATA 	Keypress: o
201.5993 	Level WAIT 	25
202.5764 	DATA 	Keypress: o
202.5990 	Level RINSE 	25
204.5785 	DATA 	Keypress: o
204.5991 	Level jitter 	25
206.5735 	Level finished 	25
206.5747 	DATA 	Keypress: o
206.5994 	Level image=waterlogo.jpg 	25
207.5827 	Level injecting via pump at address 0 	25
213.5790 	DATA 	Keypress: o
213.5804 	DATA 	Keypress: o
213.5816 	DATA 	Keypress: o
213.6001 	Level WAIT 	25
214.5764 	DATA 	Keypress: o
214.5998 	Level RINSE 	25
216.5786 	DATA 	Keypress: o
216.5833 	Level jitter 	25
225.5735 	Level finished 	25
225.5749 	DATA 	Keypress: o
225.5759 	DATA 	Keypress: o
225.5768 	DATA 	Keypress: o
225.5777 	DATA 	Keypress: o
225.6010 	Level image=tasty.jpg 	25
226.5762 	DATA 	Keypress: o
226.5840 	Level injecting via pump at address 1 	25
232.5792 	DATA 	Keypress: o
232.5806 	DATA 	Keypress: o
232.5818 	DATA 	Keypress: o
232.6010 	Level WAIT 	25
233.6012 	Level RINSE 	25
235.5784 	DATA 	Keypress: o
235.5850 	Level jitter 	25
242.5735 	Level finished 	25
242.5748 	DATA 	Keypress: o
242.5759 	DATA 	Keypress: o
242.5769 	DATA 	Keypress: o
242.5779 	DATA 	Keypress: o
242.6018 	Level image=tasty.jpg 	25
243.6019 	Level injecting via pump at address 0 	25
249.5788 	DATA 	Keypress: o
249.5798 	DATA 	Keypress: o
249.5808 	DATA 	Keypress: o
249.6027 	Level WAIT 	25
250.5759 	DATA 	Keypress: o
250.5857 	Level RINSE 	25
252.5782 	DATA 	Keypress: o
252.6025 	Level jitter 	25
259.5735 	Level finished 	25
259.5750 	DATA 	Keypress: o
259.5761 	DATA 	Keypress: o
259.5771 	DATA 	Keypress: o
259.6034 	Level image=waterlogo.jpg 	25
260.5760 	DATA 	Keypress: o
260.5865 	Level injecting via pump at address 0 	25
266.5785 	DATA 	Keypress: o
266.5796 	DATA 	Keypress: o
266.5806 	DATA 	Keypress: o
266.5867 	Level WAIT 	25
267.5868 	Level RINSE 	25
269.5790 	DATA 	Keypress: o
269.5874 	Level jitter 	25
274.5735 	Level finished 	25
274.5747 	DATA 	Keypress: o
274.5758 	DATA 	Keypress: o
274.5767 	DATA 	Keypress: o
274.6040 	Level image=tasty.jpg 	25
275.5875 	Level injecting via pump at address 0 	25
281.5791 	DATA 	Keypress: o
281.5805 	DATA 	Keypress: o
281.5817 	DATA 	Keypress: o
281.5881 	Level WAIT 	25
282.5764 	DATA 	Keypress: o
282.5879 	Level RINSE 	25
284.5789 	DATA 	Keypress: o
284.6046 	Level jitter 	25
285.5735 	Level finished 	25
285.5881 	Level image=tasty.jpg 	25
286.5759 	DATA 	Keypress: o
286.5882 	Level injecting via pump at address 1 	25
292.5786 	DATA 	Keypress: o
292.5797 	DATA 	Keypress: o
292.5807 	DATA 	Keypress: o
292.6057 	Level WAIT 	25
293.6054 	Level RINSE 	25
295.5780 	DATA 	Keypress: o
295.5887 	Level jitter 	25
298.5735 	Level finished 	25
298.5747 	DATA 	Keypress: o
298.5758 	DATA 	Keypress: o
298.6056 	Level image=tasty.jpg 	25
299.5890 	Level injecting via pump at address 0 	25
305.5784 	DATA 	Keypress: o
305.5796 	DATA 	Keypress: o
305.5805 	DATA 	Keypress: o
305.6066 	Level WAIT 	25
306.5759 	DATA 	Keypress: o
306.5895 	Level RINSE 	25
308.5789 	DATA 	Keypress: o
308.6064 	Level jitter 	25
310.5735 	Level finished 	25
310.5747 	DATA 	Keypress: o
310.5898 	Level image=tasty.jpg 	25
311.5899 	Level injecting via pump at address 1 	25
317.5795 	DATA 	Keypress: o
317.5810 	DATA 	Keypress: o
317.5822 	DATA 	Keypress: o
317.6073 	Level WAIT 	25
318.5761 	DATA 	Keypress: o
318.6070 	Level RINSE 	25
320.5783 	DATA 	Keypress: o
320.5904 	Level jitter 	25
322.5735 	Level finished 	25
322.5747 	DATA 	Keypress: o
322.5906 	Level image=tasty.jpg 	25
323.5907 	Level injecting via pump at address 0 	25
329.5786 	DATA 	Keypress: o
329.5800 	DATA 	Keypress: o
329.5812 	DATA 	Keypress: o
329.5916 	Level WAIT 	25
330.5762 	DATA 	Keypress: o
330.5912 	Level RINSE 	25
332.5779 	DATA 	Keypress: o
332.5914 	Level jitter 	25
333.5735 	Level finished 	25
333.5915 	Level image=waterlogo.jpg 	25
334.5759 	DATA 	Keypress: o
334.6082 	Level injecting via pump at address 0 	25
340.5784 	DATA 	Keypress: o
340.5795 	DATA 	Keypress: o
340.5804 	DATA 	Keypress: o
340.6089 	Level WAIT 	25
341.5919 	Level RINSE 	25
343.5780 	DATA 	Keypress: o
343.6087 	Level jitter 	25
349.5735 	Level finished 	25
349.5748 	DATA 	Keypress: o
349.5759 	DATA 	Keypress: o
349.5769 	DATA 	Keypress: o
349.6092 	Level image=tasty.jpg 	25
350.5761 	DATA 	Keypress: o
350.5930 	Level injecting via pump at address 1 	25
356.5789 	DATA 	Keypress: o
356.5802 	DATA 	Keypress: o
356.5814 	DATA 	Keypress: o
356.5929 	Level WAIT 	25
357.5930 	Level RINSE 	25
359.5787 	DATA 	Keypress: o
359.5931 	Level jitter 	25
362.5735 	Level finished 	25
362.5747 	DATA 	Keypress: o
362.5759 	DATA 	Keypress: o
362.6105 	Level image=tasty.jpg 	25
363.5936 	Level injecting via pump at address 0 	25
369.5787 	DATA 	Keypress: o
369.5798 	DATA 	Keypress: o
369.5808 	DATA 	Keypress: o
369.5938 	Level WAIT 	25
370.5762 	DATA 	Keypress: o
370.5939 	Level RINSE 	25
372.5789 	DATA 	Keypress: o
372.5945 	Level jitter 	25
374.5735 	Level finished 	25
374.5747 	DATA 	Keypress: o
374.5943 	Level image=tasty.jpg 	25
375.5944 	Level injecting via pump at address 1 	25
381.5792 	DATA 	Keypress: o
381.5805 	DATA 	Keypress: o
381.5817 	DATA 	Keypress: o
381.5947 	Level WAIT 	25
382.5764 	DATA 	Keypress: o
382.5952 	Level RINSE 	25
384.5795 	DATA 	Keypress: o
384.5948 	Level jitter 	25
388.5735 	Level finished 	25
388.5747 	DATA 	Keypress: o
388.5757 	DATA 	Keypress: o
388.5952 	Level image=tasty.jpg 	25
389.5954 	Level injecting via pump at address 0 	25
395.5786 	DATA 	Keypress: o
395.5800 	DATA 	Keypress: o
395.5812 	DATA 	Keypress: o
395.5960 	Level WAIT 	25
396.5763 	DATA 	Keypress: o
396.5958 	Level RINSE 	25
398.5787 	DATA 	Keypress: o
398.5958 	Level jitter 	25
405.5735 	Level finished 	25
405.5750 	DATA 	Keypress: o
405.5761 	DATA 	Keypress: o
405.5772 	DATA 	Keypress: o
405.5969 	Level image=tasty.jpg 	25
406.5763 	DATA 	Keypress: o
406.5798 	Level injecting via pump at address 0 	25
412.5785 	DATA 	Keypress: o
412.5796 	DATA 	Keypress: o
412.5806 	DATA 	Keypress: o
412.6135 	Level WAIT 	25
413.5969 	Level RINSE 	25
415.5781 	DATA 	Keypress: o
415.5975 	Level jitter 	25
419.5735 	Level finished 	25
