52.2417 	DATA 	Keypress: o
52.2427 	Level start key press 	25
54.2419 	DATA 	Keypress: o
56.2420 	DATA 	Keypress: o
58.2423 	DATA 	Keypress: o
60.2425 	DATA 	Keypress: o
60.7736 	Level image=waterlogo.jpg 	25
61.7238 	Level injecting via pump at address 0 	25
67.6954 	DATA 	Keypress: o
67.6966 	DATA 	Keypress: o
67.6975 	DATA 	Keypress: o
67.7248 	Level WAIT 	25
68.6928 	DATA 	Keypress: o
68.7080 	Level RINSE 	25
70.7035 	DATA 	Keypress: o
70.7248 	Level jitter 	25
77.6903 	Level finished 	25
77.6916 	DATA 	Keypress: o
77.6926 	DATA 	Keypress: o
77.6936 	DATA 	Keypress: o
77.7094 	Level image=tasty.jpg 	25
78.6933 	DATA 	Keypress: o
78.7091 	Level injecting via pump at address 0 	25
84.6946 	DATA 	Keypress: o
84.6957 	DATA 	Keypress: o
84.6969 	DATA 	Keypress: o
84.7099 	Level WAIT 	25
85.7100 	Level RINSE 	25
87.6953 	DATA 	Keypress: o
87.7106 	Level jitter 	25
91.6903 	Level finished 	25
91.6917 	DATA 	Keypress: o
91.6929 	DATA 	Keypress: o
91.7106 	Level image=tasty.jpg 	25
92.6929 	DATA 	Keypress: o
92.7108 	Level injecting via pump at address 1 	25
98.6951 	DATA 	Keypress: o
98.6964 	DATA 	Keypress: o
98.6974 	DATA 	Keypress: o
98.7285 	Level WAIT 	25
99.6949 	Level RINSE 	25
101.6948 	DATA 	Keypress: o
101.7118 	Level jitter 	25
102.6903 	Level finished 	25
102.6916 	DATA 	Keypress: o
102.7119 	Level image=tasty.jpg 	25
103.7121 	Level injecting via pump at address 0 	25
109.6961 	DATA 	Keypress: o
109.6975 	DATA 	Keypress: o
109.6987 	DATA 	Keypress: o
109.7131 	Level WAIT 	25
110.6927 	DATA 	Keypress: o
110.7129 	Level RINSE 	25
112.6953 	DATA 	Keypress: o
112.7131 	Level jitter 	25
120.6903 	Level finished 	25
120.6916 	DATA 	Keypress: o
120.6925 	DATA 	Keypress: o
120.6937 	DATA 	Keypress: o
120.6949 	DATA 	Keypress: o
120.7311 	Level image=waterlogo.jpg 	25
121.6975 	Level injecting via pump at address 0 	25
127.6950 	DATA 	Keypress: o
127.6963 	DATA 	Keypress: o
127.6975 	DATA 	Keypress: o
127.7148 	Level WAIT 	25
128.6927 	DATA 	Keypress: o
128.7151 	Level RINSE 	25
130.6952 	DATA 	Keypress: o
130.6989 	Level jitter 	25
138.6903 	Level finished 	25
138.6917 	DATA 	Keypress: o
138.6927 	DATA 	Keypress: o
138.6936 	DATA 	Keypress: o
138.6947 	DATA 	Keypress: o
138.7161 	Level image=waterlogo.jpg 	25
139.7163 	Level injecting via pump at address 0 	25
145.6947 	DATA 	Keypress: o
145.6956 	DATA 	Keypress: o
145.6966 	DATA 	Keypress: o
145.7173 	Level WAIT 	25
146.6932 	DATA 	Keypress: o
146.7004 	Level RINSE 	25
148.6961 	DATA 	Keypress: o
148.7173 	Level jitter 	25
154.6903 	Level finished 	25
154.6915 	DATA 	Keypress: o
154.6925 	DATA 	Keypress: o
154.6937 	DATA 	Keypress: o
154.7180 	Level image=tasty.jpg 	25
155.7019 	Level injecting via pump at address 1 	25
161.6954 	DATA 	Keypress: o
161.6967 	DATA 	Keypress: o
161.6978 	DATA 	Keypress: o
161.7021 	Level WAIT 	25
162.6931 	DATA 	Keypress: o
162.7022 	Level RINSE 	25
164.6947 	DATA 	Keypress: o
164.7191 	Level jitter 	25
166.6903 	Level finished 	25
166.6915 	DATA 	Keypress: o
166.7198 	Level image=tasty.jpg 	25
167.7195 	Level injecting via pump at address 0 	25
173.6953 	DATA 	Keypress: o
173.6965 	DATA 	Keypress: o
173.6977 	DATA 	Keypress: o
173.7202 	Level WAIT 	25
174.6927 	DATA 	Keypress: o
174.7036 	Level RINSE 	25
176.6953 	DATA 	Keypress: o
176.7209 	Level jitter 	25
182.6903 	Level finished 	25
182.6916 	DATA 	Keypress: o
182.6925 	DATA 	Keypress: o
182.6934 	DATA 	Keypress: o
182.7213 	Level image=waterlogo.jpg 	25
183.7048 	Level injecting via pump at address 0 	25
189.6952 	DATA 	Keypress: o
189.6963 	DATA 	Keypress: o
189.6973 	DATA 	Keypress: o
189.7224 	Level WAIT 	25
190.6932 	DATA 	Keypress: o
190.7055 	Level RINSE 	25
192.6948 	DATA 	Keypress: o
192.7224 	Level jitter 	25
194.6903 	Level finished 	25
194.6916 	DATA 	Keypress: o
194.7226 	Level image=waterlogo.jpg 	25
195.7228 	Level injecting via pump at address 0 	25
201.6948 	DATA 	Keypress: o
201.6960 	DATA 	Keypress: o
201.6971 	DATA 	Keypress: o
201.7240 	Level WAIT 	25
202.6928 	DATA 	Keypress: o
202.7069 	Level RINSE 	25
204.6952 	DATA 	Keypress: o
204.7238 	Level jitter 	25
213.6903 	Level finished 	25
213.6917 	DATA 	Keypress: o
213.6929 	DATA 	Keypress: o
213.6941 	DATA 	Keypress: o
213.6956 	DATA 	Keypress: o
213.7253 	Level image=tasty.jpg 	25
214.6931 	DATA 	Keypress: o
214.7251 	Level injecting via pump at address 1 	25
220.6956 	DATA 	Keypress: o
220.6967 	DATA 	Keypress: o
220.6979 	DATA 	Keypress: o
220.7257 	Level WAIT 	25
221.7091 	Level RINSE 	25
223.6954 	DATA 	Keypress: o
223.7264 	Level jitter 	25
230.6903 	Level finished 	25
230.6917 	DATA 	Keypress: o
230.6930 	DATA 	Keypress: o
230.6941 	DATA 	Keypress: o
230.6951 	DATA 	Keypress: o
230.7102 	Level image=tasty.jpg 	25
231.7103 	Level injecting via pump at address 0 	25
237.6947 	DATA 	Keypress: o
237.6957 	DATA 	Keypress: o
237.6967 	DATA 	Keypress: o
237.7115 	Level WAIT 	25
238.6927 	DATA 	Keypress: o
238.7112 	Level RINSE 	25
240.6953 	DATA 	Keypress: o
240.7114 	Level jitter 	25
247.6903 	Level finished 	25
247.6915 	DATA 	Keypress: o
247.6924 	DATA 	Keypress: o
247.6934 	DATA 	Keypress: o
247.7126 	Level image=waterlogo.jpg 	25
248.6927 	DATA 	Keypress: o
248.7123 	Level injecting via pump at address 0 	25
254.6948 	DATA 	Keypress: o
254.6959 	DATA 	Keypress: o
254.6971 	DATA 	Keypress: o
254.7131 	Level WAIT 	25
255.6964 	Level RINSE 	25
257.6971 	DATA 	Keypress: o
257.7137 	Level jitter 	25
262.6903 	Level finished 	25
262.6916 	DATA 	Keypress: o
262.6925 	DATA 	Keypress: o
262.6934 	DATA 	Keypress: o
262.7139 	Level image=tasty.jpg 	25
263.7141 	Level injecting via pump at address 0 	25
269.6963 	DATA 	Keypress: o
269.6975 	DATA 	Keypress: o
269.6987 	DATA 	Keypress: o
269.7152 	Level WAIT 	25
270.6931 	DATA 	Keypress: o
270.7149 	Level RINSE 	25
272.6961 	DATA 	Keypress: o
272.7151 	Level jitter 	25
273.6903 	Level finished 	25
273.7152 	Level image=tasty.jpg 	25
274.6932 	DATA 	Keypress: o
274.6987 	Level injecting via pump at address 1 	25
280.6954 	DATA 	Keypress: o
280.6965 	DATA 	Keypress: o
280.6977 	DATA 	Keypress: o
280.7165 	Level WAIT 	25
281.7162 	Level RINSE 	25
283.6957 	DATA 	Keypress: o
283.6997 	Level jitter 	25
286.6903 	Level finished 	25
286.6917 	DATA 	Keypress: o
286.6929 	DATA 	Keypress: o
286.7001 	Level image=tasty.jpg 	25
287.7002 	Level injecting via pump at address 0 	25
293.6948 	DATA 	Keypress: o
293.6959 	DATA 	Keypress: o
293.6968 	DATA 	Keypress: o
293.7179 	Level WAIT 	25
294.6931 	DATA 	Keypress: o
294.7177 	Level RINSE 	25
296.6957 	DATA 	Keypress: o
296.7179 	Level jitter 	25
298.6903 	Level finished 	25
298.6915 	DATA 	Keypress: o
298.7182 	Level image=tasty.jpg 	25
299.7016 	Level injecting via pump at address 1 	25
305.6957 	DATA 	Keypress: o
305.6968 	DATA 	Keypress: o
305.6977 	DATA 	Keypress: o
305.7027 	Level WAIT 	25
306.6932 	DATA 	Keypress: o
306.7025 	Level RINSE 	25
308.6947 	DATA 	Keypress: o
308.7027 	Level jitter 	25
310.6903 	Level finished 	25
310.6917 	DATA 	Keypress: o
310.7196 	Level image=tasty.jpg 	25
311.7031 	Level injecting via pump at address 0 	25
317.6948 	DATA 	Keypress: o
317.6958 	DATA 	Keypress: o
317.6968 	DATA 	Keypress: o
317.7207 	Level WAIT 	25
318.6933 	DATA 	Keypress: o
318.7038 	Level RINSE 	25
320.6953 	DATA 	Keypress: o
320.7206 	Level jitter 	25
321.6903 	Level finished 	25
321.7043 	Level image=waterlogo.jpg 	25
322.6927 	DATA 	Keypress: o
322.7044 	Level injecting via pump at address 0 	25
328.6961 	DATA 	Keypress: o
328.6974 	DATA 	Keypress: o
328.6986 	DATA 	Keypress: o
328.7220 	Level WAIT 	25
329.7218 	Level RINSE 	25
331.6954 	DATA 	Keypress: o
331.7053 	Level jitter 	25
337.6903 	Level finished 	25
337.6915 	DATA 	Keypress: o
337.6926 	DATA 	Keypress: o
337.6935 	DATA 	Keypress: o
337.7061 	Level image=tasty.jpg 	25
338.6930 	DATA 	Keypress: o
338.7233 	Level injecting via pump at address 1 	25
344.6955 	DATA 	Keypress: o
344.6967 	DATA 	Keypress: o
344.6978 	DATA 	Keypress: o
344.7235 	Level WAIT 	25
345.7236 	Level RINSE 	25
347.6953 	DATA 	Keypress: o
347.7072 	Level jitter 	25
350.6903 	Level finished 	25
350.6917 	DATA 	Keypress: o
350.6928 	DATA 	Keypress: o
350.7247 	Level image=tasty.jpg 	25
351.7078 	Level injecting via pump at address 0 	25
357.6951 	DATA 	Keypress: o
357.6963 	DATA 	Keypress: o
357.6974 	DATA 	Keypress: o
357.7250 	Level WAIT 	25
358.6930 	DATA 	Keypress: o
358.7085 	Level RINSE 	25
360.6957 	DATA 	Keypress: o
360.7257 	Level jitter 	25
362.6903 	Level finished 	25
362.6919 	DATA 	Keypress: o
362.7090 	Level image=tasty.jpg 	25
363.7092 	Level injecting via pump at address 1 	25
369.6955 	DATA 	Keypress: o
369.6965 	DATA 	Keypress: o
369.6974 	DATA 	Keypress: o
369.7097 	Level WAIT 	25
370.6936 	DATA 	Keypress: o
370.7271 	Level RINSE 	25
372.6951 	DATA 	Keypress: o
372.7101 	Level jitter 	25
376.6903 	Level finished 	25
376.6915 	DATA 	Keypress: o
376.6925 	DATA 	Keypress: o
376.7273 	Level image=tasty.jpg 	25
377.7108 	Level injecting via pump at address 0 	25
383.6956 	DATA 	Keypress: o
383.6968 	DATA 	Keypress: o
383.6982 	DATA 	Keypress: o
383.7118 	Level WAIT 	25
384.6929 	DATA 	Keypress: o
384.7115 	Level RINSE 	25
386.6948 	DATA 	Keypress: o
386.7117 	Level jitter 	25
393.6903 	Level finished 	25
393.6915 	DATA 	Keypress: o
393.6926 	DATA 	Keypress: o
393.6935 	DATA 	Keypress: o
393.7131 	Level image=tasty.jpg 	25
394.6927 	DATA 	Keypress: o
394.7128 	Level injecting via pump at address 0 	25
400.6952 	DATA 	Keypress: o
400.6961 	DATA 	Keypress: o
400.6971 	DATA 	Keypress: o
400.7133 	Level WAIT 	25
401.7134 	Level RINSE 	25
403.6956 	DATA 	Keypress: o
403.7141 	Level jitter 	25
407.6903 	Level finished 	25
