75.1860 	DATA 	Keypress: o
75.1868 	Level start key press 	25
77.1908 	DATA 	Keypress: o
79.1908 	DATA 	Keypress: o
81.1909 	DATA 	Keypress: o
83.1911 	DATA 	Keypress: o
83.7556 	Level image=waterlogo.jpg 	25
84.6560 	Level injecting via pump at address 0 	25
90.6445 	DATA 	Keypress: o
90.6458 	DATA 	Keypress: o
90.6471 	DATA 	Keypress: o
90.6726 	Level WAIT 	25
91.6415 	DATA 	Keypress: o
91.6560 	Level RINSE 	25
93.6508 	DATA 	Keypress: o
93.6728 	Level jitter 	25
99.6388 	Level finished 	25
99.6400 	DATA 	Keypress: o
99.6411 	DATA 	Keypress: o
99.6422 	DATA 	Keypress: o
99.6737 	Level image=tasty.jpg 	25
100.6567 	Level injecting via pump at address 1 	25
106.6442 	DATA 	Keypress: o
106.6455 	DATA 	Keypress: o
106.6467 	DATA 	Keypress: o
106.6737 	Level WAIT 	25
107.6422 	DATA 	Keypress: o
107.6570 	Level RINSE 	25
109.6442 	DATA 	Keypress: o
109.6743 	Level jitter 	25
115.6388 	Level finished 	25
115.6399 	DATA 	Keypress: o
115.6410 	DATA 	Keypress: o
115.6422 	DATA 	Keypress: o
115.6744 	Level image=tasty.jpg 	25
116.6578 	Level injecting via pump at address 1 	25
122.6441 	DATA 	Keypress: o
122.6453 	DATA 	Keypress: o
122.6468 	DATA 	Keypress: o
122.6752 	Level WAIT 	25
123.6416 	DATA 	Keypress: o
123.6583 	Level RINSE 	25
125.6438 	DATA 	Keypress: o
125.6750 	Level jitter 	25
127.6388 	Level finished 	25
127.6399 	DATA 	Keypress: o
127.6586 	Level image=waterlogo.jpg 	25
128.6586 	Level injecting via pump at address 0 	25
134.6442 	DATA 	Keypress: o
134.6452 	DATA 	Keypress: o
134.6462 	DATA 	Keypress: o
134.6760 	Level WAIT 	25
135.6416 	DATA 	Keypress: o
135.6590 	Level RINSE 	25
137.6441 	DATA 	Keypress: o
137.6592 	Level jitter 	25
143.6388 	Level finished 	25
143.6400 	DATA 	Keypress: o
143.6411 	DATA 	Keypress: o
143.6422 	DATA 	Keypress: o
143.6597 	Level image=tasty.jpg 	25
144.6601 	Level injecting via pump at address 1 	25
150.6442 	DATA 	Keypress: o
150.6454 	DATA 	Keypress: o
150.6464 	DATA 	Keypress: o
150.6767 	Level WAIT 	25
151.6413 	DATA 	Keypress: o
151.6601 	Level RINSE 	25
153.6438 	DATA 	Keypress: o
153.6603 	Level jitter 	25
158.6388 	Level finished 	25
158.6401 	DATA 	Keypress: o
158.6412 	DATA 	Keypress: o
158.6610 	Level image=waterlogo.jpg 	25
159.6412 	DATA 	Keypress: o
159.6607 	Level injecting via pump at address 0 	25
165.6440 	DATA 	Keypress: o
165.6452 	DATA 	Keypress: o
165.6464 	DATA 	Keypress: o
165.6611 	Level WAIT 	25
166.6446 	Level RINSE 	25
168.6446 	DATA 	Keypress: o
168.6617 	Level jitter 	25
173.6388 	Level finished 	25
173.6400 	DATA 	Keypress: o
173.6410 	DATA 	Keypress: o
173.6419 	DATA 	Keypress: o
173.6617 	Level image=tasty.jpg 	25
174.6617 	Level injecting via pump at address 1 	25
180.6446 	DATA 	Keypress: o
180.6461 	DATA 	Keypress: o
180.6476 	DATA 	Keypress: o
180.6626 	Level WAIT 	25
181.6416 	DATA 	Keypress: o
181.6622 	Level RINSE 	25
183.6440 	DATA 	Keypress: o
183.6624 	Level jitter 	25
189.6388 	Level finished 	25
189.6400 	DATA 	Keypress: o
189.6411 	DATA 	Keypress: o
189.6420 	DATA 	Keypress: o
189.6628 	Level image=waterlogo.jpg 	25
190.6632 	Level injecting via pump at address 0 	25
196.6433 	DATA 	Keypress: o
196.6443 	DATA 	Keypress: o
196.6452 	DATA 	Keypress: o
196.6633 	Level WAIT 	25
197.6417 	DATA 	Keypress: o
197.6634 	Level RINSE 	25
199.6442 	DATA 	Keypress: o
199.6635 	Level jitter 	25
202.6388 	Level finished 	25
202.6399 	DATA 	Keypress: o
202.6641 	Level image=tasty.jpg 	25
203.6415 	DATA 	Keypress: o
203.6638 	Level injecting via pump at address 1 	25
209.6441 	DATA 	Keypress: o
209.6453 	DATA 	Keypress: o
209.6463 	DATA 	Keypress: o
209.6641 	Level WAIT 	25
210.6476 	Level RINSE 	25
212.6433 	DATA 	Keypress: o
212.6648 	Level jitter 	25
220.6388 	Level finished 	25
220.6401 	DATA 	Keypress: o
220.6415 	DATA 	Keypress: o
220.6427 	DATA 	Keypress: o
220.6438 	DATA 	Keypress: o
220.6649 	Level image=waterlogo.jpg 	25
221.6416 	DATA 	Keypress: o
221.6650 	Level injecting via pump at address 0 	25
227.6441 	DATA 	Keypress: o
227.6454 	DATA 	Keypress: o
227.6466 	DATA 	Keypress: o
227.6658 	Level WAIT 	25
228.6656 	Level RINSE 	25
230.6442 	DATA 	Keypress: o
230.6656 	Level jitter 	25
232.6388 	Level finished 	25
232.6401 	DATA 	Keypress: o
232.6491 	Level image=tasty.jpg 	25
233.6415 	DATA 	Keypress: o
233.6658 	Level injecting via pump at address 1 	25
239.6441 	DATA 	Keypress: o
239.6455 	DATA 	Keypress: o
239.6467 	DATA 	Keypress: o
239.6667 	Level WAIT 	25
240.6663 	Level RINSE 	25
242.6441 	DATA 	Keypress: o
242.6665 	Level jitter 	25
251.6388 	Level finished 	25
251.6400 	DATA 	Keypress: o
251.6410 	DATA 	Keypress: o
251.6419 	DATA 	Keypress: o
251.6429 	DATA 	Keypress: o
251.6438 	DATA 	Keypress: o
251.6674 	Level image=waterlogo.jpg 	25
252.6672 	Level injecting via pump at address 0 	25
258.6440 	DATA 	Keypress: o
258.6452 	DATA 	Keypress: o
258.6464 	DATA 	Keypress: o
258.6675 	Level WAIT 	25
259.6424 	DATA 	Keypress: o
259.6676 	Level RINSE 	25
261.6437 	DATA 	Keypress: o
261.6681 	Level jitter 	25
263.6388 	Level finished 	25
263.6399 	DATA 	Keypress: o
263.6512 	Level image=tasty.jpg 	25
264.6514 	Level injecting via pump at address 1 	25
270.6443 	DATA 	Keypress: o
270.6457 	DATA 	Keypress: o
270.6468 	DATA 	Keypress: o
270.6684 	Level WAIT 	25
271.6411 	DATA 	Keypress: o
271.6689 	Level RINSE 	25
273.6440 	DATA 	Keypress: o
273.6519 	Level jitter 	25
276.6388 	Level finished 	25
276.6399 	DATA 	Keypress: o
276.6521 	Level image=waterlogo.jpg 	25
277.6412 	DATA 	Keypress: o
277.6689 	Level injecting via pump at address 0 	25
283.6447 	DATA 	Keypress: o
283.6459 	DATA 	Keypress: o
283.6468 	DATA 	Keypress: o
283.6697 	Level WAIT 	25
284.6694 	Level RINSE 	25
286.6438 	DATA 	Keypress: o
286.6695 	Level jitter 	25
290.6388 	Level finished 	25
290.6403 	DATA 	Keypress: o
290.6418 	DATA 	Keypress: o
290.6698 	Level image=tasty.jpg 	25
291.6413 	DATA 	Keypress: o
291.6532 	Level injecting via pump at address 1 	25
297.6438 	DATA 	Keypress: o
297.6449 	DATA 	Keypress: o
297.6461 	DATA 	Keypress: o
297.6539 	Level WAIT 	25
298.6536 	Level RINSE 	25
300.6442 	DATA 	Keypress: o
300.6705 	Level jitter 	25
301.6388 	Level finished 	25
301.6400 	DATA 	Keypress: o
301.6539 	Level image=waterlogo.jpg 	25
302.6539 	Level injecting via pump at address 0 	25
308.6439 	DATA 	Keypress: o
308.6450 	DATA 	Keypress: o
308.6461 	DATA 	Keypress: o
308.6714 	Level WAIT 	25
309.6426 	DATA 	Keypress: o
309.6710 	Level RINSE 	25
311.6452 	DATA 	Keypress: o
311.6712 	Level jitter 	25
314.6388 	Level finished 	25
314.6401 	DATA 	Keypress: o
314.6547 	Level image=tasty.jpg 	25
315.6414 	DATA 	Keypress: o
315.6715 	Level injecting via pump at address 1 	25
321.6443 	DATA 	Keypress: o
321.6455 	DATA 	Keypress: o
321.6466 	DATA 	Keypress: o
321.6722 	Level WAIT 	25
322.6553 	Level RINSE 	25
324.6442 	DATA 	Keypress: o
324.6720 	Level jitter 	25
332.6388 	Level finished 	25
332.6408 	DATA 	Keypress: o
332.6423 	DATA 	Keypress: o
332.6435 	DATA 	Keypress: o
332.6444 	DATA 	Keypress: o
332.6564 	Level image=tasty.jpg 	25
333.6411 	DATA 	Keypress: o
333.6561 	Level injecting via pump at address 1 	25
339.6441 	DATA 	Keypress: o
339.6454 	DATA 	Keypress: o
339.6465 	DATA 	Keypress: o
339.6565 	Level WAIT 	25
340.6565 	Level RINSE 	25
342.6438 	DATA 	Keypress: o
342.6570 	Level jitter 	25
346.6388 	Level finished 	25
346.6400 	DATA 	Keypress: o
346.6411 	DATA 	Keypress: o
346.6736 	Level image=waterlogo.jpg 	25
347.6412 	DATA 	Keypress: o
347.6570 	Level injecting via pump at address 0 	25
353.6445 	DATA 	Keypress: o
353.6456 	DATA 	Keypress: o
353.6466 	DATA 	Keypress: o
353.6745 	Level WAIT 	25
354.6575 	Level RINSE 	25
356.6439 	DATA 	Keypress: o
356.6743 	Level jitter 	25
359.6388 	Level finished 	25
359.6400 	DATA 	Keypress: o
359.6410 	DATA 	Keypress: o
359.6745 	Level image=tasty.jpg 	25
360.6579 	Level injecting via pump at address 1 	25
366.6441 	DATA 	Keypress: o
366.6454 	DATA 	Keypress: o
366.6466 	DATA 	Keypress: o
366.6587 	Level WAIT 	25
367.6412 	DATA 	Keypress: o
367.6584 	Level RINSE 	25
369.6439 	DATA 	Keypress: o
369.6585 	Level jitter 	25
374.6388 	Level finished 	25
374.6401 	DATA 	Keypress: o
374.6413 	DATA 	Keypress: o
374.6756 	Level image=waterlogo.jpg 	25
375.6415 	DATA 	Keypress: o
375.6590 	Level injecting via pump at address 0 	25
381.6438 	DATA 	Keypress: o
381.6450 	DATA 	Keypress: o
381.6461 	DATA 	Keypress: o
381.6764 	Level WAIT 	25
382.6595 	Level RINSE 	25
384.6435 	DATA 	Keypress: o
384.6595 	Level jitter 	25
389.6388 	Level finished 	25
389.6400 	DATA 	Keypress: o
389.6410 	DATA 	Keypress: o
389.6420 	DATA 	Keypress: o
389.6599 	Level image=waterlogo.jpg 	25
390.6600 	Level injecting via pump at address 0 	25
396.6446 	DATA 	Keypress: o
396.6457 	DATA 	Keypress: o
396.6470 	DATA 	Keypress: o
396.6775 	Level WAIT 	25
397.6415 	DATA 	Keypress: o
397.6438 	Level RINSE 	25
399.6438 	DATA 	Keypress: o
399.6606 	Level jitter 	25
408.6388 	Level finished 	25
408.6400 	DATA 	Keypress: o
408.6411 	DATA 	Keypress: o
408.6421 	DATA 	Keypress: o
408.6430 	DATA 	Keypress: o
408.6617 	Level image=tasty.jpg 	25
409.6415 	DATA 	Keypress: o
409.6614 	Level injecting via pump at address 1 	25
415.6444 	DATA 	Keypress: o
415.6457 	DATA 	Keypress: o
415.6472 	DATA 	Keypress: o
415.6784 	Level WAIT 	25
416.6451 	Level RINSE 	25
418.6433 	DATA 	Keypress: o
418.6623 	Level jitter 	25
420.6388 	Level finished 	25
420.6399 	DATA 	Keypress: o
420.6621 	Level image=waterlogo.jpg 	25
421.6414 	DATA 	Keypress: o
421.6621 	Level injecting via pump at address 0 	25
427.6455 	DATA 	Keypress: o
427.6467 	DATA 	Keypress: o
427.6479 	DATA 	Keypress: o
427.6625 	Level WAIT 	25
428.6630 	Level RINSE 	25
430.6441 	DATA 	Keypress: o
430.6627 	Level jitter 	25
433.6388 	Level finished 	25
433.6401 	DATA 	Keypress: o
433.6415 	DATA 	Keypress: o
433.6629 	Level image=waterlogo.jpg 	25
434.6630 	Level injecting via pump at address 0 	25
440.6444 	DATA 	Keypress: o
440.6455 	DATA 	Keypress: o
440.6465 	DATA 	Keypress: o
440.6639 	Level WAIT 	25
441.6418 	DATA 	Keypress: o
441.6468 	Level RINSE 	25
443.6438 	DATA 	Keypress: o
443.6636 	Level jitter 	25
448.6388 	Level finished 	25
448.6400 	DATA 	Keypress: o
448.6409 	DATA 	Keypress: o
448.6640 	Level image=tasty.jpg 	25
449.6415 	DATA 	Keypress: o
449.6641 	Level injecting via pump at address 1 	25
455.6440 	DATA 	Keypress: o
455.6452 	DATA 	Keypress: o
455.6462 	DATA 	Keypress: o
455.6650 	Level WAIT 	25
456.6645 	Level RINSE 	25
458.6446 	DATA 	Keypress: o
458.6646 	Level jitter 	25
460.6388 	Level finished 	25
460.6399 	DATA 	Keypress: o
460.6648 	Level image=tasty.jpg 	25
461.6418 	DATA 	Keypress: o
461.6649 	Level injecting via pump at address 1 	25
467.6437 	DATA 	Keypress: o
467.6449 	DATA 	Keypress: o
467.6461 	DATA 	Keypress: o
467.6657 	Level WAIT 	25
468.6655 	Level RINSE 	25
470.6432 	DATA 	Keypress: o
470.6655 	Level jitter 	25
477.6388 	Level finished 	25
477.6401 	DATA 	Keypress: o
477.6414 	DATA 	Keypress: o
477.6426 	DATA 	Keypress: o
477.6438 	DATA 	Keypress: o
477.6664 	Level image=waterlogo.jpg 	25
478.6495 	Level injecting via pump at address 0 	25
484.6443 	DATA 	Keypress: o
484.6456 	DATA 	Keypress: o
484.6467 	DATA 	Keypress: o
484.6665 	Level WAIT 	25
485.6415 	DATA 	Keypress: o
485.6499 	Level RINSE 	25
487.6441 	DATA 	Keypress: o
487.6671 	Level jitter 	25
490.6388 	Level finished 	25
490.6403 	DATA 	Keypress: o
490.6669 	Level image=tasty.jpg 	25
491.6421 	DATA 	Keypress: o
491.6504 	Level injecting via pump at address 1 	25
497.6445 	DATA 	Keypress: o
497.6455 	DATA 	Keypress: o
497.6465 	DATA 	Keypress: o
497.6510 	Level WAIT 	25
498.6508 	Level RINSE 	25
500.6441 	DATA 	Keypress: o
500.6509 	Level jitter 	25
502.6388 	Level finished 	25
502.6401 	DATA 	Keypress: o
502.6677 	Level image=waterlogo.jpg 	25
503.6415 	DATA 	Keypress: o
503.6512 	Level injecting via pump at address 0 	25
509.6441 	DATA 	Keypress: o
509.6451 	DATA 	Keypress: o
509.6460 	DATA 	Keypress: o
509.6686 	Level WAIT 	25
510.6516 	Level RINSE 	25
512.6440 	DATA 	Keypress: o
512.6685 	Level jitter 	25
520.6388 	Level finished 	25
520.6400 	DATA 	Keypress: o
520.6410 	DATA 	Keypress: o
520.6420 	DATA 	Keypress: o
520.6429 	DATA 	Keypress: o
520.6693 	Level image=tasty.jpg 	25
521.6412 	DATA 	Keypress: o
521.6690 	Level injecting via pump at address 1 	25
527.6436 	DATA 	Keypress: o
527.6446 	DATA 	Keypress: o
527.6456 	DATA 	Keypress: o
527.6695 	Level WAIT 	25
528.6528 	Level RINSE 	25
530.6451 	DATA 	Keypress: o
530.6700 	Level jitter 	25
532.6388 	Level finished 	25
532.6400 	DATA 	Keypress: o
532.6531 	Level image=waterlogo.jpg 	25
533.6412 	DATA 	Keypress: o
533.6532 	Level injecting via pump at address 0 	25
539.6442 	DATA 	Keypress: o
539.6455 	DATA 	Keypress: o
539.6469 	DATA 	Keypress: o
539.6703 	Level WAIT 	25
540.6708 	Level RINSE 	25
542.6441 	DATA 	Keypress: o
542.6705 	Level jitter 	25
549.6388 	Level finished 	25
