82.6829 	DATA 	Keypress: o
82.6838 	Level start key press 	25
84.6825 	DATA 	Keypress: o
86.6826 	DATA 	Keypress: o
88.6995 	DATA 	Keypress: o
90.6830 	DATA 	Keypress: o
91.0642 	Level image=tasty.jpg 	25
91.9977 	Level injecting via pump at address 1 	25
97.9852 	DATA 	Keypress: o
97.9862 	DATA 	Keypress: o
97.9873 	DATA 	Keypress: o
98.0153 	Level WAIT 	25
98.9833 	DATA 	Keypress: o
98.9985 	Level RINSE 	25
100.9939 	DATA 	Keypress: o
101.0153 	Level jitter 	25
109.9808 	Level finished 	25
109.9819 	DATA 	Keypress: o
109.9829 	DATA 	Keypress: o
109.9838 	DATA 	Keypress: o
109.9847 	DATA 	Keypress: o
110.0167 	Level image=waterlogo.jpg 	25
110.9831 	DATA 	Keypress: o
110.9998 	Level injecting via pump at address 0 	25
116.9852 	DATA 	Keypress: o
116.9863 	DATA 	Keypress: o
116.9872 	DATA 	Keypress: o
117.0006 	Level WAIT 	25
118.0007 	Level RINSE 	25
119.9856 	DATA 	Keypress: o
120.0180 	Level jitter 	25
123.9808 	Level finished 	25
123.9820 	DATA 	Keypress: o
123.9830 	DATA 	Keypress: o
124.0013 	Level image=tasty.jpg 	25
124.9831 	DATA 	Keypress: o
125.0015 	Level injecting via pump at address 1 	25
130.9852 	DATA 	Keypress: o
130.9862 	DATA 	Keypress: o
130.9872 	DATA 	Keypress: o
131.0026 	Level WAIT 	25
132.0024 	Level RINSE 	25
133.9858 	DATA 	Keypress: o
134.0025 	Level jitter 	25
137.9808 	Level finished 	25
137.9822 	DATA 	Keypress: o
137.9835 	DATA 	Keypress: o
138.0197 	Level image=waterlogo.jpg 	25
138.9837 	DATA 	Keypress: o
138.9866 	Level injecting via pump at address 0 	25
144.9853 	DATA 	Keypress: o
144.9862 	DATA 	Keypress: o
144.9872 	DATA 	Keypress: o
145.0042 	Level WAIT 	25
146.0040 	Level RINSE 	25
147.9859 	DATA 	Keypress: o
148.0041 	Level jitter 	25
151.9808 	Level finished 	25
151.9819 	DATA 	Keypress: o
151.9830 	DATA 	Keypress: o
152.0046 	Level image=waterlogo.jpg 	25
152.9835 	DATA 	Keypress: o
153.0048 	Level injecting via pump at address 0 	25
158.9851 	DATA 	Keypress: o
158.9861 	DATA 	Keypress: o
158.9872 	DATA 	Keypress: o
159.0059 	Level WAIT 	25
160.0056 	Level RINSE 	25
161.9850 	DATA 	Keypress: o
162.0058 	Level jitter 	25
165.9808 	Level finished 	25
165.9820 	DATA 	Keypress: o
165.9830 	DATA 	Keypress: o
166.0062 	Level image=tasty.jpg 	25
166.9831 	DATA 	Keypress: o
166.9897 	Level injecting via pump at address 1 	25
172.9859 	DATA 	Keypress: o
172.9869 	DATA 	Keypress: o
172.9881 	DATA 	Keypress: o
173.0075 	Level WAIT 	25
173.9905 	Level RINSE 	25
175.9862 	DATA 	Keypress: o
176.0074 	Level jitter 	25
181.9808 	Level finished 	25
181.9820 	DATA 	Keypress: o
181.9831 	DATA 	Keypress: o
181.9843 	DATA 	Keypress: o
182.0081 	Level image=waterlogo.jpg 	25
182.9831 	DATA 	Keypress: o
182.9921 	Level injecting via pump at address 0 	25
188.9862 	DATA 	Keypress: o
188.9874 	DATA 	Keypress: o
188.9885 	DATA 	Keypress: o
188.9922 	Level WAIT 	25
189.9923 	Level RINSE 	25
191.9856 	DATA 	Keypress: o
191.9926 	Level jitter 	25
194.9808 	Level finished 	25
194.9819 	DATA 	Keypress: o
194.9829 	DATA 	Keypress: o
194.9933 	Level image=tasty.jpg 	25
195.9931 	Level injecting via pump at address 1 	25
201.9861 	DATA 	Keypress: o
201.9873 	DATA 	Keypress: o
201.9882 	DATA 	Keypress: o
202.0104 	Level WAIT 	25
202.9831 	DATA 	Keypress: o
203.0106 	Level RINSE 	25
204.9857 	DATA 	Keypress: o
204.9945 	Level jitter 	25
207.9808 	Level finished 	25
207.9821 	DATA 	Keypress: o
207.9945 	Level image=waterlogo.jpg 	25
208.9831 	DATA 	Keypress: o
208.9946 	Level injecting via pump at address 0 	25
214.9867 	DATA 	Keypress: o
214.9879 	DATA 	Keypress: o
214.9891 	DATA 	Keypress: o
215.0123 	Level WAIT 	25
216.0121 	Level RINSE 	25
217.9850 	DATA 	Keypress: o
217.9956 	Level jitter 	25
221.9808 	Level finished 	25
221.9820 	DATA 	Keypress: o
221.9830 	DATA 	Keypress: o
222.0128 	Level image=waterlogo.jpg 	25
222.9831 	DATA 	Keypress: o
222.9962 	Level injecting via pump at address 0 	25
228.9855 	DATA 	Keypress: o
228.9866 	DATA 	Keypress: o
228.9877 	DATA 	Keypress: o
229.0140 	Level WAIT 	25
229.9970 	Level RINSE 	25
231.9859 	DATA 	Keypress: o
232.0140 	Level jitter 	25
236.9808 	Level finished 	25
236.9821 	DATA 	Keypress: o
236.9833 	DATA 	Keypress: o
236.9844 	DATA 	Keypress: o
236.9978 	Level image=tasty.jpg 	25
237.9980 	Level injecting via pump at address 1 	25
243.9858 	DATA 	Keypress: o
243.9869 	DATA 	Keypress: o
243.9880 	DATA 	Keypress: o
244.0158 	Level WAIT 	25
244.9831 	DATA 	Keypress: o
244.9988 	Level RINSE 	25
246.9861 	DATA 	Keypress: o
246.9990 	Level jitter 	25
249.9808 	Level finished 	25
249.9819 	DATA 	Keypress: o
249.9993 	Level image=waterlogo.jpg 	25
250.9831 	DATA 	Keypress: o
251.0161 	Level injecting via pump at address 0 	25
256.9853 	DATA 	Keypress: o
256.9863 	DATA 	Keypress: o
256.9873 	DATA 	Keypress: o
257.0173 	Level WAIT 	25
258.0004 	Level RINSE 	25
259.9851 	DATA 	Keypress: o
260.0172 	Level jitter 	25
267.9808 	Level finished 	25
267.9820 	DATA 	Keypress: o
267.9829 	DATA 	Keypress: o
267.9838 	DATA 	Keypress: o
267.9848 	DATA 	Keypress: o
268.0019 	Level image=tasty.jpg 	25
268.9832 	DATA 	Keypress: o
269.0017 	Level injecting via pump at address 1 	25
274.9862 	DATA 	Keypress: o
274.9874 	DATA 	Keypress: o
274.9886 	DATA 	Keypress: o
275.0022 	Level WAIT 	25
276.0024 	Level RINSE 	25
277.9857 	DATA 	Keypress: o
278.0030 	Level jitter 	25
279.9808 	Level finished 	25
279.9820 	DATA 	Keypress: o
280.0029 	Level image=tasty.jpg 	25
280.9835 	DATA 	Keypress: o
281.0030 	Level injecting via pump at address 1 	25
286.9861 	DATA 	Keypress: o
286.9873 	DATA 	Keypress: o
286.9883 	DATA 	Keypress: o
287.0037 	Level WAIT 	25
288.0042 	Level RINSE 	25
289.9864 	DATA 	Keypress: o
290.0040 	Level jitter 	25
291.9808 	Level finished 	25
291.9819 	DATA 	Keypress: o
292.0043 	Level image=waterlogo.jpg 	25
292.9835 	DATA 	Keypress: o
293.0044 	Level injecting via pump at address 0 	25
298.9859 	DATA 	Keypress: o
298.9868 	DATA 	Keypress: o
298.9878 	DATA 	Keypress: o
299.0055 	Level WAIT 	25
300.0053 	Level RINSE 	25
301.9858 	DATA 	Keypress: o
302.0055 	Level jitter 	25
304.9808 	Level finished 	25
304.9820 	DATA 	Keypress: o
304.9830 	DATA 	Keypress: o
305.0058 	Level image=tasty.jpg 	25
306.0060 	Level injecting via pump at address 1 	25
311.9872 	DATA 	Keypress: o
311.9885 	DATA 	Keypress: o
311.9896 	DATA 	Keypress: o
312.0071 	Level WAIT 	25
312.9837 	DATA 	Keypress: o
313.0068 	Level RINSE 	25
314.9865 	DATA 	Keypress: o
315.0071 	Level jitter 	25
316.9808 	Level finished 	25
316.9821 	DATA 	Keypress: o
317.0072 	Level image=waterlogo.jpg 	25
317.9907 	Level injecting via pump at address 0 	25
323.9861 	DATA 	Keypress: o
323.9873 	DATA 	Keypress: o
323.9885 	DATA 	Keypress: o
324.0084 	Level WAIT 	25
324.9837 	DATA 	Keypress: o
325.0081 	Level RINSE 	25
326.9853 	DATA 	Keypress: o
327.0084 	Level jitter 	25
327.9808 	Level finished 	25
328.0086 	Level image=tasty.jpg 	25
328.9835 	DATA 	Keypress: o
329.0087 	Level injecting via pump at address 1 	25
334.9859 	DATA 	Keypress: o
334.9874 	DATA 	Keypress: o
334.9885 	DATA 	Keypress: o
335.0097 	Level WAIT 	25
335.9928 	Level RINSE 	25
337.9861 	DATA 	Keypress: o
338.0096 	Level jitter 	25
339.9808 	Level finished 	25
339.9821 	DATA 	Keypress: o
340.0099 	Level image=waterlogo.jpg 	25
340.9836 	DATA 	Keypress: o
341.0101 	Level injecting via pump at address 0 	25
346.9861 	DATA 	Keypress: o
346.9872 	DATA 	Keypress: o
346.9883 	DATA 	Keypress: o
347.0110 	Level WAIT 	25
347.9941 	Level RINSE 	25
349.9856 	DATA 	Keypress: o
350.0110 	Level jitter 	25
355.9808 	Level finished 	25
355.9821 	DATA 	Keypress: o
355.9831 	DATA 	Keypress: o
355.9840 	DATA 	Keypress: o
356.0118 	Level image=waterlogo.jpg 	25
356.9836 	DATA 	Keypress: o
357.0124 	Level injecting via pump at address 0 	25
362.9859 	DATA 	Keypress: o
362.9871 	DATA 	Keypress: o
362.9883 	DATA 	Keypress: o
363.0125 	Level WAIT 	25
363.9961 	Level RINSE 	25
365.9850 	DATA 	Keypress: o
366.0129 	Level jitter 	25
368.9808 	Level finished 	25
368.9820 	DATA 	Keypress: o
368.9829 	DATA 	Keypress: o
369.0138 	Level image=tasty.jpg 	25
369.9968 	Level injecting via pump at address 1 	25
375.9855 	DATA 	Keypress: o
375.9865 	DATA 	Keypress: o
375.9874 	DATA 	Keypress: o
375.9974 	Level WAIT 	25
376.9836 	DATA 	Keypress: o
376.9976 	Level RINSE 	25
378.9855 	DATA 	Keypress: o
379.0148 	Level jitter 	25
386.9808 	Level finished 	25
386.9820 	DATA 	Keypress: o
386.9832 	DATA 	Keypress: o
386.9843 	DATA 	Keypress: o
386.9855 	DATA 	Keypress: o
387.0155 	Level image=waterlogo.jpg 	25
387.9989 	Level injecting via pump at address 0 	25
393.9861 	DATA 	Keypress: o
393.9874 	DATA 	Keypress: o
393.9885 	DATA 	Keypress: o
394.0165 	Level WAIT 	25
394.9831 	DATA 	Keypress: o
394.9997 	Level RINSE 	25
396.9855 	DATA 	Keypress: o
396.9999 	Level jitter 	25
401.9808 	Level finished 	25
401.9820 	DATA 	Keypress: o
401.9832 	DATA 	Keypress: o
402.0005 	Level image=tasty.jpg 	25
402.9835 	DATA 	Keypress: o
403.0006 	Level injecting via pump at address 1 	25
408.9854 	DATA 	Keypress: o
408.9867 	DATA 	Keypress: o
408.9877 	DATA 	Keypress: o
409.0017 	Level WAIT 	25
410.0015 	Level RINSE 	25
411.9851 	DATA 	Keypress: o
412.0018 	Level jitter 	25
415.9808 	Level finished 	25
415.9820 	DATA 	Keypress: o
415.9830 	DATA 	Keypress: o
416.0189 	Level image=waterlogo.jpg 	25
416.9833 	DATA 	Keypress: o
417.0023 	Level injecting via pump at address 0 	25
422.9856 	DATA 	Keypress: o
422.9868 	DATA 	Keypress: o
422.9880 	DATA 	Keypress: o
423.0034 	Level WAIT 	25
424.0031 	Level RINSE 	25
425.9850 	DATA 	Keypress: o
426.0033 	Level jitter 	25
430.9808 	Level finished 	25
430.9820 	DATA 	Keypress: o
430.9831 	DATA 	Keypress: o
430.9843 	DATA 	Keypress: o
431.0039 	Level image=tasty.jpg 	25
432.0040 	Level injecting via pump at address 1 	25
437.9858 	DATA 	Keypress: o
437.9869 	DATA 	Keypress: o
437.9877 	DATA 	Keypress: o
438.0051 	Level WAIT 	25
438.9833 	DATA 	Keypress: o
439.0049 	Level RINSE 	25
440.9859 	DATA 	Keypress: o
441.0051 	Level jitter 	25
449.9808 	Level finished 	25
449.9820 	DATA 	Keypress: o
449.9831 	DATA 	Keypress: o
449.9842 	DATA 	Keypress: o
449.9853 	DATA 	Keypress: o
450.0065 	Level image=waterlogo.jpg 	25
450.9836 	DATA 	Keypress: o
450.9897 	Level injecting via pump at address 0 	25
456.9862 	DATA 	Keypress: o
456.9874 	DATA 	Keypress: o
456.9885 	DATA 	Keypress: o
457.0069 	Level WAIT 	25
457.9904 	Level RINSE 	25
459.9863 	DATA 	Keypress: o
460.0077 	Level jitter 	25
468.9808 	Level finished 	25
468.9820 	DATA 	Keypress: o
468.9830 	DATA 	Keypress: o
468.9840 	DATA 	Keypress: o
468.9850 	DATA 	Keypress: o
468.9859 	DATA 	Keypress: o
469.0084 	Level image=tasty.jpg 	25
469.9922 	Level injecting via pump at address 1 	25
475.9858 	DATA 	Keypress: o
475.9868 	DATA 	Keypress: o
475.9877 	DATA 	Keypress: o
475.9925 	Level WAIT 	25
476.9832 	DATA 	Keypress: o
476.9926 	Level RINSE 	25
478.9858 	DATA 	Keypress: o
478.9929 	Level jitter 	25
482.9808 	Level finished 	25
482.9820 	DATA 	Keypress: o
482.9830 	DATA 	Keypress: o
483.0104 	Level image=tasty.jpg 	25
484.0102 	Level injecting via pump at address 1 	25
489.9851 	DATA 	Keypress: o
489.9861 	DATA 	Keypress: o
489.9871 	DATA 	Keypress: o
490.0107 	Level WAIT 	25
490.9831 	DATA 	Keypress: o
491.0109 	Level RINSE 	25
492.9852 	DATA 	Keypress: o
493.0115 	Level jitter 	25
495.9808 	Level finished 	25
495.9821 	DATA 	Keypress: o
496.0115 	Level image=waterlogo.jpg 	25
496.9833 	DATA 	Keypress: o
497.0118 	Level injecting via pump at address 0 	25
502.9866 	DATA 	Keypress: o
502.9880 	DATA 	Keypress: o
502.9891 	DATA 	Keypress: o
503.0126 	Level WAIT 	25
503.9957 	Level RINSE 	25
505.9851 	DATA 	Keypress: o
506.0126 	Level jitter 	25
506.9808 	Level finished 	25
506.9819 	DATA 	Keypress: o
506.9961 	Level image=tasty.jpg 	25
507.9963 	Level injecting via pump at address 1 	25
513.9860 	DATA 	Keypress: o
513.9871 	DATA 	Keypress: o
513.9883 	DATA 	Keypress: o
513.9972 	Level WAIT 	25
514.9836 	DATA 	Keypress: o
514.9970 	Level RINSE 	25
516.9857 	DATA 	Keypress: o
516.9972 	Level jitter 	25
523.9808 	Level finished 	25
523.9820 	DATA 	Keypress: o
523.9830 	DATA 	Keypress: o
523.9838 	DATA 	Keypress: o
523.9984 	Level image=waterlogo.jpg 	25
524.9836 	DATA 	Keypress: o
524.9982 	Level injecting via pump at address 0 	25
530.9852 	DATA 	Keypress: o
530.9862 	DATA 	Keypress: o
530.9872 	DATA 	Keypress: o
531.0155 	Level WAIT 	25
531.9990 	Level RINSE 	25
533.9867 	DATA 	Keypress: o
533.9997 	Level jitter 	25
534.9808 	Level finished 	25
534.9819 	DATA 	Keypress: o
535.0161 	Level image=tasty.jpg 	25
535.9996 	Level injecting via pump at address 1 	25
541.9859 	DATA 	Keypress: o
541.9868 	DATA 	Keypress: o
541.9877 	DATA 	Keypress: o
542.0001 	Level WAIT 	25
542.9832 	DATA 	Keypress: o
543.0003 	Level RINSE 	25
544.9857 	DATA 	Keypress: o
545.0009 	Level jitter 	25
550.9808 	Level finished 	25
