55.6167 	DATA 	Keypress: o
55.6175 	Level start key press 	25
57.6209 	DATA 	Keypress: o
59.6272 	DATA 	Keypress: o
61.6265 	DATA 	Keypress: o
63.6266 	DATA 	Keypress: o
64.3751 	Level image=tasty.jpg 	25
65.3111 	Level injecting via pump at address 1 	25
71.3099 	DATA 	Keypress: o
71.3109 	DATA 	Keypress: o
71.3121 	DATA 	Keypress: o
71.3297 	Level WAIT 	25
72.3074 	DATA 	Keypress: o
72.3221 	Level RINSE 	25
74.3186 	DATA 	Keypress: o
74.3307 	Level jitter 	25
83.3045 	Level finished 	25
83.3062 	DATA 	Keypress: o
83.3075 	DATA 	Keypress: o
83.3087 	DATA 	Keypress: o
83.3097 	DATA 	Keypress: o
83.3334 	Level image=waterlogo.jpg 	25
84.3073 	DATA 	Keypress: o
84.3116 	Level injecting via pump at address 0 	25
90.3097 	DATA 	Keypress: o
90.3108 	DATA 	Keypress: o
90.3120 	DATA 	Keypress: o
90.3305 	Level WAIT 	25
91.3247 	Level RINSE 	25
93.3092 	DATA 	Keypress: o
93.3139 	Level jitter 	25
97.3045 	Level finished 	25
97.3060 	DATA 	Keypress: o
97.3075 	DATA 	Keypress: o
97.3244 	Level image=tasty.jpg 	25
98.3072 	DATA 	Keypress: o
98.3206 	Level injecting via pump at address 1 	25
104.3104 	DATA 	Keypress: o
104.3117 	DATA 	Keypress: o
104.3127 	DATA 	Keypress: o
104.3234 	Level WAIT 	25
105.3170 	Level RINSE 	25
107.3101 	DATA 	Keypress: o
107.3230 	Level jitter 	25
111.3045 	Level finished 	25
111.3060 	DATA 	Keypress: o
111.3074 	DATA 	Keypress: o
111.3187 	Level image=waterlogo.jpg 	25
112.3079 	DATA 	Keypress: o
112.3306 	Level injecting via pump at address 0 	25
118.3102 	DATA 	Keypress: o
118.3114 	DATA 	Keypress: o
118.3126 	DATA 	Keypress: o
118.3320 	Level WAIT 	25
119.3104 	Level RINSE 	25
121.3102 	DATA 	Keypress: o
121.3166 	Level jitter 	25
125.3045 	Level finished 	25
125.3061 	DATA 	Keypress: o
125.3074 	DATA 	Keypress: o
125.3265 	Level image=waterlogo.jpg 	25
126.3076 	DATA 	Keypress: o
126.3237 	Level injecting via pump at address 0 	25
132.3096 	DATA 	Keypress: o
132.3108 	DATA 	Keypress: o
132.3118 	DATA 	Keypress: o
132.3422 	Level WAIT 	25
133.3195 	Level RINSE 	25
135.3106 	DATA 	Keypress: o
135.3266 	Level jitter 	25
139.3045 	Level finished 	25
139.3059 	DATA 	Keypress: o
139.3071 	DATA 	Keypress: o
139.3216 	Level image=tasty.jpg 	25
140.3077 	DATA 	Keypress: o
140.3157 	Level injecting via pump at address 1 	25
146.3105 	DATA 	Keypress: o
146.3120 	DATA 	Keypress: o
146.3132 	DATA 	Keypress: o
146.3179 	Level WAIT 	25
147.3128 	Level RINSE 	25
149.3104 	DATA 	Keypress: o
149.3357 	Level jitter 	25
155.3045 	Level finished 	25
155.3061 	DATA 	Keypress: o
155.3073 	DATA 	Keypress: o
155.3085 	DATA 	Keypress: o
155.3207 	Level image=waterlogo.jpg 	25
156.3070 	DATA 	Keypress: o
156.3158 	Level injecting via pump at address 0 	25
162.3091 	DATA 	Keypress: o
162.3102 	DATA 	Keypress: o
162.3111 	DATA 	Keypress: o
162.3167 	Level WAIT 	25
163.3117 	Level RINSE 	25
165.3105 	DATA 	Keypress: o
165.3174 	Level jitter 	25
168.3045 	Level finished 	25
168.3058 	DATA 	Keypress: o
168.3070 	DATA 	Keypress: o
168.3187 	Level image=tasty.jpg 	25
169.3130 	Level injecting via pump at address 1 	25
175.3100 	DATA 	Keypress: o
175.3115 	DATA 	Keypress: o
175.3129 	DATA 	Keypress: o
175.3288 	Level WAIT 	25
176.3073 	DATA 	Keypress: o
176.3131 	Level RINSE 	25
178.3100 	DATA 	Keypress: o
178.3164 	Level jitter 	25
181.3045 	Level finished 	25
181.3060 	DATA 	Keypress: o
181.3164 	Level image=waterlogo.jpg 	25
182.3075 	DATA 	Keypress: o
182.3281 	Level injecting via pump at address 0 	25
188.3101 	DATA 	Keypress: o
188.3113 	DATA 	Keypress: o
188.3126 	DATA 	Keypress: o
188.3301 	Level WAIT 	25
189.3134 	Level RINSE 	25
191.3099 	DATA 	Keypress: o
191.3312 	Level jitter 	25
195.3045 	Level finished 	25
195.3060 	DATA 	Keypress: o
195.3072 	DATA 	Keypress: o
195.3266 	Level image=waterlogo.jpg 	25
196.3077 	DATA 	Keypress: o
196.3211 	Level injecting via pump at address 0 	25
202.3104 	DATA 	Keypress: o
202.3113 	DATA 	Keypress: o
202.3122 	DATA 	Keypress: o
202.3231 	Level WAIT 	25
203.3171 	Level RINSE 	25
205.3100 	DATA 	Keypress: o
205.3147 	Level jitter 	25
210.3045 	Level finished 	25
210.3062 	DATA 	Keypress: o
210.3074 	DATA 	Keypress: o
210.3086 	DATA 	Keypress: o
210.3308 	Level image=tasty.jpg 	25
211.3258 	Level injecting via pump at address 1 	25
217.3104 	DATA 	Keypress: o
217.3116 	DATA 	Keypress: o
217.3128 	DATA 	Keypress: o
217.3269 	Level WAIT 	25
218.3071 	DATA 	Keypress: o
218.3158 	Level RINSE 	25
220.3106 	DATA 	Keypress: o
220.3273 	Level jitter 	25
223.3045 	Level finished 	25
223.3061 	DATA 	Keypress: o
223.3284 	Level image=waterlogo.jpg 	25
224.3075 	DATA 	Keypress: o
224.3234 	Level injecting via pump at address 0 	25
230.3100 	DATA 	Keypress: o
230.3112 	DATA 	Keypress: o
230.3124 	DATA 	Keypress: o
230.3168 	Level WAIT 	25
231.3199 	Level RINSE 	25
233.3098 	DATA 	Keypress: o
233.3168 	Level jitter 	25
241.3045 	Level finished 	25
241.3060 	DATA 	Keypress: o
241.3073 	DATA 	Keypress: o
241.3086 	DATA 	Keypress: o
241.3097 	DATA 	Keypress: o
241.3338 	Level image=tasty.jpg 	25
242.3079 	DATA 	Keypress: o
242.3114 	Level injecting via pump at address 1 	25
248.3100 	DATA 	Keypress: o
248.3113 	DATA 	Keypress: o
248.3125 	DATA 	Keypress: o
248.3296 	Level WAIT 	25
249.3256 	Level RINSE 	25
251.3100 	DATA 	Keypress: o
251.3310 	Level jitter 	25
253.3045 	Level finished 	25
253.3060 	DATA 	Keypress: o
253.3201 	Level image=tasty.jpg 	25
254.3074 	DATA 	Keypress: o
254.3316 	Level injecting via pump at address 1 	25
260.3107 	DATA 	Keypress: o
260.3119 	DATA 	Keypress: o
260.3130 	DATA 	Keypress: o
260.3332 	Level WAIT 	25
261.3118 	Level RINSE 	25
263.3102 	DATA 	Keypress: o
263.3348 	Level jitter 	25
265.3045 	Level finished 	25
265.3058 	DATA 	Keypress: o
265.3239 	Level image=waterlogo.jpg 	25
266.3074 	DATA 	Keypress: o
266.3188 	Level injecting via pump at address 0 	25
272.3097 	DATA 	Keypress: o
272.3111 	DATA 	Keypress: o
272.3123 	DATA 	Keypress: o
272.3193 	Level WAIT 	25
273.3147 	Level RINSE 	25
275.3092 	DATA 	Keypress: o
275.3193 	Level jitter 	25
278.3045 	Level finished 	25
278.3059 	DATA 	Keypress: o
278.3072 	DATA 	Keypress: o
278.3222 	Level image=tasty.jpg 	25
279.3165 	Level injecting via pump at address 1 	25
285.3102 	DATA 	Keypress: o
285.3114 	DATA 	Keypress: o
285.3126 	DATA 	Keypress: o
285.3351 	Level WAIT 	25
286.3074 	DATA 	Keypress: o
286.3136 	Level RINSE 	25
288.3105 	DATA 	Keypress: o
288.3190 	Level jitter 	25
290.3045 	Level finished 	25
290.3058 	DATA 	Keypress: o
290.3201 	Level image=waterlogo.jpg 	25
291.3208 	Level injecting via pump at address 0 	25
297.3103 	DATA 	Keypress: o
297.3117 	DATA 	Keypress: o
297.3130 	DATA 	Keypress: o
297.3391 	Level WAIT 	25
298.3075 	DATA 	Keypress: o
298.3171 	Level RINSE 	25
300.3094 	DATA 	Keypress: o
300.3217 	Level jitter 	25
301.3045 	Level finished 	25
301.3337 	Level image=tasty.jpg 	25
302.3070 	DATA 	Keypress: o
302.3125 	Level injecting via pump at address 1 	25
308.3101 	DATA 	Keypress: o
308.3117 	DATA 	Keypress: o
308.3131 	DATA 	Keypress: o
308.3307 	Level WAIT 	25
309.3090 	Level RINSE 	25
311.3098 	DATA 	Keypress: o
311.3153 	Level jitter 	25
313.3045 	Level finished 	25
313.3061 	DATA 	Keypress: o
313.3205 	Level image=waterlogo.jpg 	25
314.3077 	DATA 	Keypress: o
314.3157 	Level injecting via pump at address 0 	25
320.3105 	DATA 	Keypress: o
320.3118 	DATA 	Keypress: o
320.3130 	DATA 	Keypress: o
320.3180 	Level WAIT 	25
321.3126 	Level RINSE 	25
323.3115 	DATA 	Keypress: o
323.3354 	Level jitter 	25
329.3045 	Level finished 	25
329.3060 	DATA 	Keypress: o
329.3070 	DATA 	Keypress: o
329.3081 	DATA 	Keypress: o
329.3361 	Level image=waterlogo.jpg 	25
330.3076 	DATA 	Keypress: o
330.3321 	Level injecting via pump at address 0 	25
336.3105 	DATA 	Keypress: o
336.3117 	DATA 	Keypress: o
336.3130 	DATA 	Keypress: o
336.3164 	Level WAIT 	25
337.3116 	Level RINSE 	25
339.3102 	DATA 	Keypress: o
339.3166 	Level jitter 	25
342.3045 	Level finished 	25
342.3058 	DATA 	Keypress: o
342.3070 	DATA 	Keypress: o
342.3354 	Level image=tasty.jpg 	25
343.3124 	Level injecting via pump at address 1 	25
349.3104 	DATA 	Keypress: o
349.3116 	DATA 	Keypress: o
349.3128 	DATA 	Keypress: o
349.3243 	Level WAIT 	25
350.3075 	DATA 	Keypress: o
350.3247 	Level RINSE 	25
352.3107 	DATA 	Keypress: o
352.3158 	Level jitter 	25
360.3045 	Level finished 	25
360.3060 	DATA 	Keypress: o
360.3074 	DATA 	Keypress: o
360.3089 	DATA 	Keypress: o
360.3101 	DATA 	Keypress: o
360.3237 	Level image=waterlogo.jpg 	25
361.3186 	Level injecting via pump at address 0 	25
367.3101 	DATA 	Keypress: o
367.3113 	DATA 	Keypress: o
367.3124 	DATA 	Keypress: o
367.3201 	Level WAIT 	25
368.3073 	DATA 	Keypress: o
368.3144 	Level RINSE 	25
370.3100 	DATA 	Keypress: o
370.3366 	Level jitter 	25
375.3045 	Level finished 	25
375.3059 	DATA 	Keypress: o
375.3071 	DATA 	Keypress: o
375.3273 	Level image=tasty.jpg 	25
376.3075 	DATA 	Keypress: o
376.3220 	Level injecting via pump at address 1 	25
382.3105 	DATA 	Keypress: o
382.3118 	DATA 	Keypress: o
382.3130 	DATA 	Keypress: o
382.3238 	Level WAIT 	25
383.3185 	Level RINSE 	25
385.3097 	DATA 	Keypress: o
385.3251 	Level jitter 	25
389.3045 	Level finished 	25
389.3059 	DATA 	Keypress: o
389.3070 	DATA 	Keypress: o
389.3206 	Level image=waterlogo.jpg 	25
390.3096 	DATA 	Keypress: o
390.3155 	Level injecting via pump at address 0 	25
396.3111 	DATA 	Keypress: o
396.3125 	DATA 	Keypress: o
396.3135 	DATA 	Keypress: o
396.3170 	Level WAIT 	25
397.3287 	Level RINSE 	25
399.3092 	DATA 	Keypress: o
399.3337 	Level jitter 	25
404.3045 	Level finished 	25
404.3060 	DATA 	Keypress: o
404.3074 	DATA 	Keypress: o
404.3084 	DATA 	Keypress: o
404.3248 	Level image=tasty.jpg 	25
405.3197 	Level injecting via pump at address 1 	25
411.3108 	DATA 	Keypress: o
411.3124 	DATA 	Keypress: o
411.3136 	DATA 	Keypress: o
411.3213 	Level WAIT 	25
412.3075 	DATA 	Keypress: o
412.3158 	Level RINSE 	25
414.3098 	DATA 	Keypress: o
414.3217 	Level jitter 	25
423.3045 	Level finished 	25
423.3061 	DATA 	Keypress: o
423.3076 	DATA 	Keypress: o
423.3088 	DATA 	Keypress: o
423.3101 	DATA 	Keypress: o
423.3248 	Level image=waterlogo.jpg 	25
424.3074 	DATA 	Keypress: o
424.3129 	Level injecting via pump at address 0 	25
430.3102 	DATA 	Keypress: o
430.3116 	DATA 	Keypress: o
430.3131 	DATA 	Keypress: o
430.3376 	Level WAIT 	25
431.3148 	Level RINSE 	25
433.3104 	DATA 	Keypress: o
433.3216 	Level jitter 	25
442.3045 	Level finished 	25
442.3060 	DATA 	Keypress: o
442.3073 	DATA 	Keypress: o
442.3084 	DATA 	Keypress: o
442.3094 	DATA 	Keypress: o
442.3104 	DATA 	Keypress: o
442.3237 	Level image=tasty.jpg 	25
443.3198 	Level injecting via pump at address 1 	25
449.3101 	DATA 	Keypress: o
449.3114 	DATA 	Keypress: o
449.3124 	DATA 	Keypress: o
449.3206 	Level WAIT 	25
450.3073 	DATA 	Keypress: o
450.3160 	Level RINSE 	25
452.3101 	DATA 	Keypress: o
452.3217 	Level jitter 	25
456.3045 	Level finished 	25
456.3059 	DATA 	Keypress: o
456.3075 	DATA 	Keypress: o
456.3179 	Level image=tasty.jpg 	25
457.3117 	Level injecting via pump at address 1 	25
463.3100 	DATA 	Keypress: o
463.3115 	DATA 	Keypress: o
463.3126 	DATA 	Keypress: o
463.3300 	Level WAIT 	25
464.3075 	DATA 	Keypress: o
464.3256 	Level RINSE 	25
466.3098 	DATA 	Keypress: o
466.3310 	Level jitter 	25
469.3045 	Level finished 	25
469.3059 	DATA 	Keypress: o
469.3322 	Level image=waterlogo.jpg 	25
470.3074 	DATA 	Keypress: o
470.3108 	Level injecting via pump at address 0 	25
476.3106 	DATA 	Keypress: o
476.3118 	DATA 	Keypress: o
476.3129 	DATA 	Keypress: o
476.3290 	Level WAIT 	25
477.3227 	Level RINSE 	25
479.3095 	DATA 	Keypress: o
479.3286 	Level jitter 	25
480.3045 	Level finished 	25
480.3058 	DATA 	Keypress: o
480.3237 	Level image=tasty.jpg 	25
481.3191 	Level injecting via pump at address 1 	25
487.3101 	DATA 	Keypress: o
487.3114 	DATA 	Keypress: o
487.3124 	DATA 	Keypress: o
487.3200 	Level WAIT 	25
488.3074 	DATA 	Keypress: o
488.3154 	Level RINSE 	25
490.3100 	DATA 	Keypress: o
490.3183 	Level jitter 	25
497.3045 	Level finished 	25
497.3058 	DATA 	Keypress: o
497.3068 	DATA 	Keypress: o
497.3078 	DATA 	Keypress: o
497.3351 	Level image=waterlogo.jpg 	25
498.3074 	DATA 	Keypress: o
498.3286 	Level injecting via pump at address 0 	25
504.3101 	DATA 	Keypress: o
504.3115 	DATA 	Keypress: o
504.3128 	DATA 	Keypress: o
504.3309 	Level WAIT 	25
505.3252 	Level RINSE 	25
507.3115 	DATA 	Keypress: o
507.3314 	Level jitter 	25
508.3045 	Level finished 	25
508.3058 	DATA 	Keypress: o
508.3187 	Level image=tasty.jpg 	25
509.3208 	Level injecting via pump at address 1 	25
515.3105 	DATA 	Keypress: o
515.3115 	DATA 	Keypress: o
515.3124 	DATA 	Keypress: o
515.3222 	Level WAIT 	25
516.3075 	DATA 	Keypress: o
516.3169 	Level RINSE 	25
518.3099 	DATA 	Keypress: o
518.3241 	Level jitter 	25
524.3045 	Level finished 	25
