42.9425 	DATA 	Keypress: o
42.9435 	Level start key press 	25
44.9435 	DATA 	Keypress: o
46.9439 	DATA 	Keypress: o
48.9440 	DATA 	Keypress: o
50.9442 	DATA 	Keypress: o
51.4919 	Level image=waterlogo.jpg 	25
52.4420 	Level injecting via pump at address 0 	25
58.4306 	DATA 	Keypress: o
58.4319 	DATA 	Keypress: o
58.4331 	DATA 	Keypress: o
58.4593 	Level WAIT 	25
59.4279 	DATA 	Keypress: o
59.4590 	Level RINSE 	25
61.4389 	DATA 	Keypress: o
61.4591 	Level jitter 	25
68.4251 	Level finished 	25
68.4264 	DATA 	Keypress: o
68.4276 	DATA 	Keypress: o
68.4286 	DATA 	Keypress: o
68.4601 	Level image=tasty.jpg 	25
69.4277 	DATA 	Keypress: o
69.4430 	Level injecting via pump at address 0 	25
75.4304 	DATA 	Keypress: o
75.4316 	DATA 	Keypress: o
75.4328 	DATA 	Keypress: o
75.4600 	Level WAIT 	25
76.4435 	Level RINSE 	25
78.4302 	DATA 	Keypress: o
78.4607 	Level jitter 	25
82.4251 	Level finished 	25
82.4265 	DATA 	Keypress: o
82.4278 	DATA 	Keypress: o
82.4440 	Level image=tasty.jpg 	25
83.4279 	DATA 	Keypress: o
83.4440 	Level injecting via pump at address 1 	25
89.4312 	DATA 	Keypress: o
89.4325 	DATA 	Keypress: o
89.4336 	DATA 	Keypress: o
89.4448 	Level WAIT 	25
90.4444 	Level RINSE 	25
92.4295 	DATA 	Keypress: o
92.4446 	Level jitter 	25
93.4251 	Level finished 	25
93.4263 	DATA 	Keypress: o
93.4447 	Level image=tasty.jpg 	25
94.4449 	Level injecting via pump at address 0 	25
100.4318 	DATA 	Keypress: o
100.4333 	DATA 	Keypress: o
100.4350 	DATA 	Keypress: o
100.4622 	Level WAIT 	25
101.4280 	DATA 	Keypress: o
101.4452 	Level RINSE 	25
103.4304 	DATA 	Keypress: o
103.4619 	Level jitter 	25
111.4251 	Level finished 	25
111.4263 	DATA 	Keypress: o
111.4274 	DATA 	Keypress: o
111.4284 	DATA 	Keypress: o
111.4293 	DATA 	Keypress: o
111.4464 	Level image=waterlogo.jpg 	25
112.4460 	Level injecting via pump at address 0 	25
118.4308 	DATA 	Keypress: o
118.4323 	DATA 	Keypress: o
118.4335 	DATA 	Keypress: o
118.4630 	Level WAIT 	25
119.4275 	DATA 	Keypress: o
119.4464 	Level RINSE 	25
121.4309 	DATA 	Keypress: o
121.4470 	Level jitter 	25
129.4251 	Level finished 	25
129.4269 	DATA 	Keypress: o
129.4286 	DATA 	Keypress: o
129.4300 	DATA 	Keypress: o
129.4311 	DATA 	Keypress: o
129.4472 	Level image=waterlogo.jpg 	25
130.4472 	Level injecting via pump at address 0 	25
136.4306 	DATA 	Keypress: o
136.4320 	DATA 	Keypress: o
136.4333 	DATA 	Keypress: o
136.4481 	Level WAIT 	25
137.4281 	DATA 	Keypress: o
137.4477 	Level RINSE 	25
139.4304 	DATA 	Keypress: o
139.4479 	Level jitter 	25
145.4251 	Level finished 	25
145.4265 	DATA 	Keypress: o
145.4274 	DATA 	Keypress: o
145.4284 	DATA 	Keypress: o
145.4482 	Level image=tasty.jpg 	25
146.4488 	Level injecting via pump at address 1 	25
152.4302 	DATA 	Keypress: o
152.4312 	DATA 	Keypress: o
152.4323 	DATA 	Keypress: o
152.4487 	Level WAIT 	25
153.4279 	DATA 	Keypress: o
153.4489 	Level RINSE 	25
155.4303 	DATA 	Keypress: o
155.4489 	Level jitter 	25
157.4251 	Level finished 	25
157.4264 	DATA 	Keypress: o
157.4495 	Level image=tasty.jpg 	25
158.4492 	Level injecting via pump at address 0 	25
164.4304 	DATA 	Keypress: o
164.4317 	DATA 	Keypress: o
164.4329 	DATA 	Keypress: o
164.4495 	Level WAIT 	25
165.4280 	DATA 	Keypress: o
165.4496 	Level RINSE 	25
167.4315 	DATA 	Keypress: o
167.4502 	Level jitter 	25
173.4251 	Level finished 	25
173.4265 	DATA 	Keypress: o
173.4276 	DATA 	Keypress: o
173.4288 	DATA 	Keypress: o
173.4502 	Level image=waterlogo.jpg 	25
174.4503 	Level injecting via pump at address 0 	25
180.4310 	DATA 	Keypress: o
180.4324 	DATA 	Keypress: o
180.4337 	DATA 	Keypress: o
180.4511 	Level WAIT 	25
181.4282 	DATA 	Keypress: o
181.4508 	Level RINSE 	25
183.4302 	DATA 	Keypress: o
183.4509 	Level jitter 	25
185.4251 	Level finished 	25
185.4264 	DATA 	Keypress: o
185.4510 	Level image=waterlogo.jpg 	25
186.4511 	Level injecting via pump at address 0 	25
192.4311 	DATA 	Keypress: o
192.4325 	DATA 	Keypress: o
192.4337 	DATA 	Keypress: o
192.4519 	Level WAIT 	25
193.4279 	DATA 	Keypress: o
193.4516 	Level RINSE 	25
195.4307 	DATA 	Keypress: o
195.4517 	Level jitter 	25
204.4251 	Level finished 	25
204.4264 	DATA 	Keypress: o
204.4278 	DATA 	Keypress: o
204.4290 	DATA 	Keypress: o
204.4303 	DATA 	Keypress: o
204.4527 	Level image=tasty.jpg 	25
205.4277 	DATA 	Keypress: o
205.4524 	Level injecting via pump at address 1 	25
211.4311 	DATA 	Keypress: o
211.4329 	DATA 	Keypress: o
211.4346 	DATA 	Keypress: o
211.4528 	Level WAIT 	25
212.4530 	Level RINSE 	25
214.4305 	DATA 	Keypress: o
214.4534 	Level jitter 	25
221.4251 	Level finished 	25
221.4265 	DATA 	Keypress: o
221.4277 	DATA 	Keypress: o
221.4287 	DATA 	Keypress: o
221.4298 	DATA 	Keypress: o
221.4535 	Level image=tasty.jpg 	25
222.4370 	Level injecting via pump at address 0 	25
228.4307 	DATA 	Keypress: o
228.4321 	DATA 	Keypress: o
228.4334 	DATA 	Keypress: o
228.4544 	Level WAIT 	25
229.4275 	DATA 	Keypress: o
229.4373 	Level RINSE 	25
231.4305 	DATA 	Keypress: o
231.4542 	Level jitter 	25
238.4251 	Level finished 	25
238.4265 	DATA 	Keypress: o
238.4276 	DATA 	Keypress: o
238.4286 	DATA 	Keypress: o
238.4552 	Level image=waterlogo.jpg 	25
239.4275 	DATA 	Keypress: o
239.4381 	Level injecting via pump at address 0 	25
245.4307 	DATA 	Keypress: o
245.4320 	DATA 	Keypress: o
245.4332 	DATA 	Keypress: o
245.4551 	Level WAIT 	25
246.4552 	Level RINSE 	25
248.4316 	DATA 	Keypress: o
248.4558 	Level jitter 	25
253.4251 	Level finished 	25
253.4265 	DATA 	Keypress: o
253.4278 	DATA 	Keypress: o
253.4290 	DATA 	Keypress: o
253.4390 	Level image=tasty.jpg 	25
254.4391 	Level injecting via pump at address 0 	25
260.4317 	DATA 	Keypress: o
260.4333 	DATA 	Keypress: o
260.4346 	DATA 	Keypress: o
260.4565 	Level WAIT 	25
261.4276 	DATA 	Keypress: o
261.4395 	Level RINSE 	25
263.4302 	DATA 	Keypress: o
263.4397 	Level jitter 	25
264.4251 	Level finished 	25
264.4564 	Level image=tasty.jpg 	25
265.4278 	DATA 	Keypress: o
265.4565 	Level injecting via pump at address 1 	25
271.4311 	DATA 	Keypress: o
271.4321 	DATA 	Keypress: o
271.4331 	DATA 	Keypress: o
271.4574 	Level WAIT 	25
272.4403 	Level RINSE 	25
274.4301 	DATA 	Keypress: o
274.4571 	Level jitter 	25
277.4251 	Level finished 	25
277.4265 	DATA 	Keypress: o
277.4278 	DATA 	Keypress: o
277.4574 	Level image=tasty.jpg 	25
278.4408 	Level injecting via pump at address 0 	25
284.4307 	DATA 	Keypress: o
284.4320 	DATA 	Keypress: o
284.4330 	DATA 	Keypress: o
284.4583 	Level WAIT 	25
285.4276 	DATA 	Keypress: o
285.4412 	Level RINSE 	25
287.4310 	DATA 	Keypress: o
287.4580 	Level jitter 	25
289.4251 	Level finished 	25
289.4264 	DATA 	Keypress: o
289.4582 	Level image=tasty.jpg 	25
290.4583 	Level injecting via pump at address 1 	25
296.4308 	DATA 	Keypress: o
296.4321 	DATA 	Keypress: o
296.4334 	DATA 	Keypress: o
296.4591 	Level WAIT 	25
297.4291 	DATA 	Keypress: o
297.4421 	Level RINSE 	25
299.4305 	DATA 	Keypress: o
299.4589 	Level jitter 	25
301.4251 	Level finished 	25
301.4264 	DATA 	Keypress: o
301.4423 	Level image=tasty.jpg 	25
302.4424 	Level injecting via pump at address 0 	25
308.4316 	DATA 	Keypress: o
308.4331 	DATA 	Keypress: o
308.4343 	DATA 	Keypress: o
308.4598 	Level WAIT 	25
309.4281 	DATA 	Keypress: o
309.4596 	Level RINSE 	25
311.4297 	DATA 	Keypress: o
311.4429 	Level jitter 	25
312.4251 	Level finished 	25
312.4599 	Level image=waterlogo.jpg 	25
313.4282 	DATA 	Keypress: o
313.4432 	Level injecting via pump at address 0 	25
319.4314 	DATA 	Keypress: o
319.4329 	DATA 	Keypress: o
319.4342 	DATA 	Keypress: o
319.4440 	Level WAIT 	25
320.4437 	Level RINSE 	25
322.4305 	DATA 	Keypress: o
322.4438 	Level jitter 	25
328.4251 	Level finished 	25
328.4263 	DATA 	Keypress: o
328.4274 	DATA 	Keypress: o
328.4288 	DATA 	Keypress: o
328.4442 	Level image=tasty.jpg 	25
329.4283 	DATA 	Keypress: o
329.4447 	Level injecting via pump at address 1 	25
335.4312 	DATA 	Keypress: o
335.4327 	DATA 	Keypress: o
335.4340 	DATA 	Keypress: o
335.4447 	Level WAIT 	25
336.4449 	Level RINSE 	25
338.4298 	DATA 	Keypress: o
338.4449 	Level jitter 	25
341.4251 	Level finished 	25
341.4264 	DATA 	Keypress: o
341.4277 	DATA 	Keypress: o
341.4455 	Level image=tasty.jpg 	25
342.4453 	Level injecting via pump at address 0 	25
348.4302 	DATA 	Keypress: o
348.4314 	DATA 	Keypress: o
348.4325 	DATA 	Keypress: o
348.4456 	Level WAIT 	25
349.4281 	DATA 	Keypress: o
349.4457 	Level RINSE 	25
351.4309 	DATA 	Keypress: o
351.4463 	Level jitter 	25
353.4251 	Level finished 	25
353.4266 	DATA 	Keypress: o
353.4460 	Level image=tasty.jpg 	25
354.4460 	Level injecting via pump at address 1 	25
360.4311 	DATA 	Keypress: o
360.4325 	DATA 	Keypress: o
360.4339 	DATA 	Keypress: o
360.4464 	Level WAIT 	25
361.4277 	DATA 	Keypress: o
361.4469 	Level RINSE 	25
363.4306 	DATA 	Keypress: o
363.4466 	Level jitter 	25
367.4251 	Level finished 	25
367.4264 	DATA 	Keypress: o
367.4279 	DATA 	Keypress: o
367.4469 	Level image=tasty.jpg 	25
368.4470 	Level injecting via pump at address 0 	25
374.4301 	DATA 	Keypress: o
374.4315 	DATA 	Keypress: o
374.4329 	DATA 	Keypress: o
374.4478 	Level WAIT 	25
375.4275 	DATA 	Keypress: o
375.4309 	Level RINSE 	25
377.4304 	DATA 	Keypress: o
377.4476 	Level jitter 	25
384.4251 	Level finished 	25
384.4263 	DATA 	Keypress: o
384.4274 	DATA 	Keypress: o
384.4284 	DATA 	Keypress: o
384.4651 	Level image=tasty.jpg 	25
385.4282 	DATA 	Keypress: o
385.4481 	Level injecting via pump at address 0 	25
391.4312 	DATA 	Keypress: o
391.4325 	DATA 	Keypress: o
391.4339 	DATA 	Keypress: o
391.4485 	Level WAIT 	25
392.4486 	Level RINSE 	25
394.4301 	DATA 	Keypress: o
394.4493 	Level jitter 	25
398.4251 	Level finished 	25
