56.5276 	DATA 	Keypress: o
56.5284 	Level start key press 	25
58.5397 	DATA 	Keypress: o
60.5397 	DATA 	Keypress: o
62.5399 	DATA 	Keypress: o
64.5401 	DATA 	Keypress: o
64.8601 	Level image=tasty.jpg 	25
65.8211 	Level injecting via pump at address 1 	25
71.8101 	DATA 	Keypress: o
71.8116 	DATA 	Keypress: o
71.8128 	DATA 	Keypress: o
72.8071 	DATA 	Keypress: o
74.8179 	DATA 	Keypress: o
83.8043 	Level finished 	25
83.8059 	DATA 	Keypress: o
83.8072 	DATA 	Keypress: o
83.8083 	DATA 	Keypress: o
83.8095 	DATA 	Keypress: o
83.8147 	Level image=waterlogo.jpg 	25
84.8068 	DATA 	Keypress: o
84.8224 	Level injecting via pump at address 0 	25
90.8104 	DATA 	Keypress: o
90.8119 	DATA 	Keypress: o
90.8131 	DATA 	Keypress: o
93.8095 	DATA 	Keypress: o
97.8043 	Level finished 	25
97.8059 	DATA 	Keypress: o
97.8074 	DATA 	Keypress: o
97.8119 	Level image=tasty.jpg 	25
98.8068 	DATA 	Keypress: o
98.8234 	Level injecting via pump at address 1 	25
104.8094 	DATA 	Keypress: o
104.8107 	DATA 	Keypress: o
104.8116 	DATA 	Keypress: o
107.8097 	DATA 	Keypress: o
111.8043 	Level finished 	25
111.8058 	DATA 	Keypress: o
111.8074 	DATA 	Keypress: o
111.8126 	Level image=waterlogo.jpg 	25
112.8070 	DATA 	Keypress: o
112.8244 	Level injecting via pump at address 0 	25
118.8106 	DATA 	Keypress: o
118.8120 	DATA 	Keypress: o
118.8132 	DATA 	Keypress: o
121.8089 	DATA 	Keypress: o
125.8043 	Level finished 	25
125.8058 	DATA 	Keypress: o
125.8070 	DATA 	Keypress: o
125.8128 	Level image=waterlogo.jpg 	25
126.8071 	DATA 	Keypress: o
126.8253 	Level injecting via pump at address 0 	25
132.8097 	DATA 	Keypress: o
132.8109 	DATA 	Keypress: o
132.8119 	DATA 	Keypress: o
135.8098 	DATA 	Keypress: o
139.8043 	Level finished 	25
139.8059 	DATA 	Keypress: o
139.8072 	DATA 	Keypress: o
139.8122 	Level image=tasty.jpg 	25
140.8067 	DATA 	Keypress: o
140.8263 	Level injecting via pump at address 1 	25
146.8099 	DATA 	Keypress: o
146.8112 	DATA 	Keypress: o
146.8124 	DATA 	Keypress: o
149.8103 	DATA 	Keypress: o
155.8043 	Level finished 	25
155.8058 	DATA 	Keypress: o
155.8070 	DATA 	Keypress: o
155.8080 	DATA 	Keypress: o
155.8129 	Level image=waterlogo.jpg 	25
156.8071 	DATA 	Keypress: o
156.8278 	Level injecting via pump at address 0 	25
162.8103 	DATA 	Keypress: o
162.8121 	DATA 	Keypress: o
162.8133 	DATA 	Keypress: o
165.8097 	DATA 	Keypress: o
168.8043 	Level finished 	25
168.8060 	DATA 	Keypress: o
168.8074 	DATA 	Keypress: o
168.8124 	Level image=tasty.jpg 	25
169.8283 	Level injecting via pump at address 1 	25
175.8101 	DATA 	Keypress: o
175.8115 	DATA 	Keypress: o
175.8128 	DATA 	Keypress: o
176.8071 	DATA 	Keypress: o
178.8095 	DATA 	Keypress: o
181.8043 	Level finished 	25
181.8057 	DATA 	Keypress: o
181.8107 	Level image=waterlogo.jpg 	25
182.8074 	DATA 	Keypress: o
182.8292 	Level injecting via pump at address 0 	25
188.8107 	DATA 	Keypress: o
188.8121 	DATA 	Keypress: o
188.8134 	DATA 	Keypress: o
191.8096 	DATA 	Keypress: o
195.8043 	Level finished 	25
195.8060 	DATA 	Keypress: o
195.8077 	DATA 	Keypress: o
195.8141 	Level image=waterlogo.jpg 	25
196.8071 	DATA 	Keypress: o
196.8135 	Level injecting via pump at address 0 	25
202.8096 	DATA 	Keypress: o
202.8109 	DATA 	Keypress: o
202.8119 	DATA 	Keypress: o
205.8095 	DATA 	Keypress: o
210.8043 	Level finished 	25
210.8060 	DATA 	Keypress: o
210.8072 	DATA 	Keypress: o
210.8083 	DATA 	Keypress: o
210.8126 	Level image=tasty.jpg 	25
211.8312 	Level injecting via pump at address 1 	25
217.8100 	DATA 	Keypress: o
217.8115 	DATA 	Keypress: o
217.8128 	DATA 	Keypress: o
218.8074 	DATA 	Keypress: o
220.8098 	DATA 	Keypress: o
223.8043 	Level finished 	25
223.8057 	DATA 	Keypress: o
223.8110 	Level image=waterlogo.jpg 	25
224.8071 	DATA 	Keypress: o
224.8154 	Level injecting via pump at address 0 	25
230.8100 	DATA 	Keypress: o
230.8112 	DATA 	Keypress: o
230.8123 	DATA 	Keypress: o
233.8094 	DATA 	Keypress: o
241.8043 	Level finished 	25
241.8059 	DATA 	Keypress: o
241.8077 	DATA 	Keypress: o
241.8093 	DATA 	Keypress: o
241.8104 	DATA 	Keypress: o
241.8147 	Level image=tasty.jpg 	25
242.8070 	DATA 	Keypress: o
242.8333 	Level injecting via pump at address 1 	25
248.8111 	DATA 	Keypress: o
248.8125 	DATA 	Keypress: o
248.8138 	DATA 	Keypress: o
251.8092 	DATA 	Keypress: o
253.8043 	Level finished 	25
253.8057 	DATA 	Keypress: o
253.8107 	Level image=tasty.jpg 	25
254.8072 	DATA 	Keypress: o
254.8341 	Level injecting via pump at address 1 	25
260.8094 	DATA 	Keypress: o
260.8107 	DATA 	Keypress: o
260.8118 	DATA 	Keypress: o
263.8097 	DATA 	Keypress: o
265.8043 	Level finished 	25
265.8055 	DATA 	Keypress: o
265.8103 	Level image=waterlogo.jpg 	25
266.8071 	DATA 	Keypress: o
266.8183 	Level injecting via pump at address 0 	25
272.8100 	DATA 	Keypress: o
272.8112 	DATA 	Keypress: o
272.8124 	DATA 	Keypress: o
275.8098 	DATA 	Keypress: o
278.8043 	Level finished 	25
278.8057 	DATA 	Keypress: o
278.8069 	DATA 	Keypress: o
278.8112 	Level image=tasty.jpg 	25
279.8191 	Level injecting via pump at address 1 	25
285.8099 	DATA 	Keypress: o
285.8111 	DATA 	Keypress: o
285.8122 	DATA 	Keypress: o
286.8068 	DATA 	Keypress: o
288.8103 	DATA 	Keypress: o
290.8043 	Level finished 	25
290.8057 	DATA 	Keypress: o
290.8107 	Level image=waterlogo.jpg 	25
291.8200 	Level injecting via pump at address 0 	25
297.8099 	DATA 	Keypress: o
297.8112 	DATA 	Keypress: o
297.8126 	DATA 	Keypress: o
298.8070 	DATA 	Keypress: o
300.8098 	DATA 	Keypress: o
301.8043 	Level finished 	25
301.8083 	Level image=tasty.jpg 	25
302.8073 	DATA 	Keypress: o
302.8208 	Level injecting via pump at address 1 	25
308.8100 	DATA 	Keypress: o
308.8114 	DATA 	Keypress: o
308.8131 	DATA 	Keypress: o
311.8095 	DATA 	Keypress: o
313.8043 	Level finished 	25
313.8054 	DATA 	Keypress: o
313.8101 	Level image=waterlogo.jpg 	25
314.8072 	DATA 	Keypress: o
314.8383 	Level injecting via pump at address 0 	25
320.8094 	DATA 	Keypress: o
320.8107 	DATA 	Keypress: o
320.8118 	DATA 	Keypress: o
323.8093 	DATA 	Keypress: o
329.8043 	Level finished 	25
329.8058 	DATA 	Keypress: o
329.8071 	DATA 	Keypress: o
329.8084 	DATA 	Keypress: o
329.8138 	Level image=waterlogo.jpg 	25
330.8066 	DATA 	Keypress: o
330.8398 	Level injecting via pump at address 0 	25
336.8099 	DATA 	Keypress: o
336.8110 	DATA 	Keypress: o
336.8120 	DATA 	Keypress: o
339.8103 	DATA 	Keypress: o
342.8043 	Level finished 	25
342.8059 	DATA 	Keypress: o
342.8073 	DATA 	Keypress: o
342.8122 	Level image=tasty.jpg 	25
343.8236 	Level injecting via pump at address 1 	25
349.8109 	DATA 	Keypress: o
349.8122 	DATA 	Keypress: o
349.8132 	DATA 	Keypress: o
350.8070 	DATA 	Keypress: o
352.8089 	DATA 	Keypress: o
360.8043 	Level finished 	25
360.8057 	DATA 	Keypress: o
360.8069 	DATA 	Keypress: o
360.8079 	DATA 	Keypress: o
360.8090 	DATA 	Keypress: o
360.8146 	Level image=waterlogo.jpg 	25
361.8248 	Level injecting via pump at address 0 	25
367.8097 	DATA 	Keypress: o
367.8110 	DATA 	Keypress: o
367.8122 	DATA 	Keypress: o
368.8071 	DATA 	Keypress: o
370.8099 	DATA 	Keypress: o
375.8043 	Level finished 	25
375.8059 	DATA 	Keypress: o
375.8074 	DATA 	Keypress: o
375.8128 	Level image=tasty.jpg 	25
376.8071 	DATA 	Keypress: o
376.8259 	Level injecting via pump at address 1 	25
382.8096 	DATA 	Keypress: o
382.8109 	DATA 	Keypress: o
382.8120 	DATA 	Keypress: o
385.8096 	DATA 	Keypress: o
389.8043 	Level finished 	25
389.8059 	DATA 	Keypress: o
389.8073 	DATA 	Keypress: o
389.8130 	Level image=waterlogo.jpg 	25
390.8068 	DATA 	Keypress: o
390.8268 	Level injecting via pump at address 0 	25
396.8096 	DATA 	Keypress: o
396.8108 	DATA 	Keypress: o
396.8120 	DATA 	Keypress: o
399.8103 	DATA 	Keypress: o
404.8043 	Level finished 	25
404.8059 	DATA 	Keypress: o
404.8071 	DATA 	Keypress: o
404.8082 	DATA 	Keypress: o
404.8128 	Level image=tasty.jpg 	25
405.8112 	Level injecting via pump at address 1 	25
411.8099 	DATA 	Keypress: o
411.8111 	DATA 	Keypress: o
411.8121 	DATA 	Keypress: o
412.8068 	DATA 	Keypress: o
414.8098 	DATA 	Keypress: o
423.8043 	Level finished 	25
423.8059 	DATA 	Keypress: o
423.8073 	DATA 	Keypress: o
423.8083 	DATA 	Keypress: o
423.8096 	DATA 	Keypress: o
423.8150 	Level image=waterlogo.jpg 	25
424.8072 	DATA 	Keypress: o
424.8126 	Level injecting via pump at address 0 	25
430.8097 	DATA 	Keypress: o
430.8109 	DATA 	Keypress: o
430.8121 	DATA 	Keypress: o
433.8096 	DATA 	Keypress: o
442.8043 	Level finished 	25
442.8060 	DATA 	Keypress: o
442.8073 	DATA 	Keypress: o
442.8085 	DATA 	Keypress: o
442.8097 	DATA 	Keypress: o
442.8107 	DATA 	Keypress: o
442.8148 	Level image=tasty.jpg 	25
443.8142 	Level injecting via pump at address 1 	25
449.8095 	DATA 	Keypress: o
449.8105 	DATA 	Keypress: o
449.8116 	DATA 	Keypress: o
450.8073 	DATA 	Keypress: o
452.8092 	DATA 	Keypress: o
456.8043 	Level finished 	25
456.8056 	DATA 	Keypress: o
456.8068 	DATA 	Keypress: o
456.8114 	Level image=tasty.jpg 	25
457.8316 	Level injecting via pump at address 1 	25
463.8099 	DATA 	Keypress: o
463.8112 	DATA 	Keypress: o
463.8124 	DATA 	Keypress: o
464.8071 	DATA 	Keypress: o
466.8094 	DATA 	Keypress: o
469.8043 	Level finished 	25
469.8057 	DATA 	Keypress: o
469.8106 	Level image=waterlogo.jpg 	25
470.8074 	DATA 	Keypress: o
470.8324 	Level injecting via pump at address 0 	25
476.8099 	DATA 	Keypress: o
476.8112 	DATA 	Keypress: o
476.8125 	DATA 	Keypress: o
479.8090 	DATA 	Keypress: o
480.8043 	Level finished 	25
480.8056 	DATA 	Keypress: o
480.8100 	Level image=tasty.jpg 	25
481.8166 	Level injecting via pump at address 1 	25
487.8089 	DATA 	Keypress: o
487.8100 	DATA 	Keypress: o
487.8110 	DATA 	Keypress: o
488.8067 	DATA 	Keypress: o
490.8105 	DATA 	Keypress: o
497.8043 	Level finished 	25
497.8057 	DATA 	Keypress: o
497.8068 	DATA 	Keypress: o
497.8080 	DATA 	Keypress: o
497.8130 	Level image=waterlogo.jpg 	25
498.8068 	DATA 	Keypress: o
498.8343 	Level injecting via pump at address 0 	25
504.8108 	DATA 	Keypress: o
504.8120 	DATA 	Keypress: o
504.8130 	DATA 	Keypress: o
507.8097 	DATA 	Keypress: o
508.8043 	Level finished 	25
508.8057 	DATA 	Keypress: o
508.8107 	Level image=tasty.jpg 	25
509.8184 	Level injecting via pump at address 1 	25
515.8102 	DATA 	Keypress: o
515.8114 	DATA 	Keypress: o
515.8124 	DATA 	Keypress: o
516.8070 	DATA 	Keypress: o
518.8094 	DATA 	Keypress: o
524.8043 	Level finished 	25
