57.9505 	DATA 	Keypress: o
57.9512 	Level start key press 	25
59.9617 	DATA 	Keypress: o
61.9620 	DATA 	Keypress: o
63.9622 	DATA 	Keypress: o
65.9624 	DATA 	Keypress: o
66.4601 	Level image=waterlogo.jpg 	25
67.4106 	Level injecting via pump at address 0 	25
73.3985 	DATA 	Keypress: o
73.3997 	DATA 	Keypress: o
73.4009 	DATA 	Keypress: o
73.4106 	Level WAIT 	25
74.3960 	DATA 	Keypress: o
74.4107 	Level RINSE 	25
76.4067 	DATA 	Keypress: o
76.4275 	Level jitter 	25
78.3934 	Level finished 	25
78.3946 	DATA 	Keypress: o
78.4113 	Level image=tasty.jpg 	25
79.4110 	Level injecting via pump at address 1 	25
85.3979 	DATA 	Keypress: o
85.3989 	DATA 	Keypress: o
85.3998 	DATA 	Keypress: o
85.4114 	Level WAIT 	25
86.3962 	DATA 	Keypress: o
86.4115 	Level RINSE 	25
88.3987 	DATA 	Keypress: o
88.4120 	Level jitter 	25
90.3934 	Level finished 	25
90.3946 	DATA 	Keypress: o
90.4285 	Level image=tasty.jpg 	25
91.4118 	Level injecting via pump at address 0 	25
97.3988 	DATA 	Keypress: o
97.4000 	DATA 	Keypress: o
97.4012 	DATA 	Keypress: o
97.4122 	Level WAIT 	25
98.3958 	DATA 	Keypress: o
98.4127 	Level RINSE 	25
100.3979 	DATA 	Keypress: o
100.4124 	Level jitter 	25
105.3934 	Level finished 	25
105.3947 	DATA 	Keypress: o
105.3956 	DATA 	Keypress: o
105.4128 	Level image=tasty.jpg 	25
106.3960 	DATA 	Keypress: o
106.4297 	Level injecting via pump at address 1 	25
112.3992 	DATA 	Keypress: o
112.4006 	DATA 	Keypress: o
112.4017 	DATA 	Keypress: o
112.4303 	Level WAIT 	25
113.4134 	Level RINSE 	25
115.3987 	DATA 	Keypress: o
115.4301 	Level jitter 	25
121.3934 	Level finished 	25
121.3946 	DATA 	Keypress: o
121.3956 	DATA 	Keypress: o
121.3965 	DATA 	Keypress: o
121.4306 	Level image=tasty.jpg 	25
122.3962 	DATA 	Keypress: o
122.4144 	Level injecting via pump at address 0 	25
128.3984 	DATA 	Keypress: o
128.3996 	DATA 	Keypress: o
128.4006 	DATA 	Keypress: o
128.4144 	Level WAIT 	25
129.4145 	Level RINSE 	25
131.3978 	DATA 	Keypress: o
131.4312 	Level jitter 	25
133.3934 	Level finished 	25
133.3945 	DATA 	Keypress: o
133.4151 	Level image=waterlogo.jpg 	25
134.3959 	DATA 	Keypress: o
134.4148 	Level injecting via pump at address 0 	25
140.3988 	DATA 	Keypress: o
140.4000 	DATA 	Keypress: o
140.4011 	DATA 	Keypress: o
140.4318 	Level WAIT 	25
141.4153 	Level RINSE 	25
143.3991 	DATA 	Keypress: o
143.4158 	Level jitter 	25
152.3934 	Level finished 	25
152.3949 	DATA 	Keypress: o
152.3961 	DATA 	Keypress: o
152.3972 	DATA 	Keypress: o
152.3981 	DATA 	Keypress: o
152.3991 	DATA 	Keypress: o
152.4327 	Level image=tasty.jpg 	25
153.3999 	Level injecting via pump at address 0 	25
159.3982 	DATA 	Keypress: o
159.3993 	DATA 	Keypress: o
159.4002 	DATA 	Keypress: o
159.4331 	Level WAIT 	25
160.3960 	DATA 	Keypress: o
160.4167 	Level RINSE 	25
162.3984 	DATA 	Keypress: o
162.4167 	Level jitter 	25
163.3934 	Level finished 	25
163.4172 	Level image=waterlogo.jpg 	25
164.3960 	DATA 	Keypress: o
164.4169 	Level injecting via pump at address 0 	25
170.3983 	DATA 	Keypress: o
170.3995 	DATA 	Keypress: o
170.4005 	DATA 	Keypress: o
170.4172 	Level WAIT 	25
171.4174 	Level RINSE 	25
173.3983 	DATA 	Keypress: o
173.4179 	Level jitter 	25
179.3934 	Level finished 	25
179.3946 	DATA 	Keypress: o
179.3956 	DATA 	Keypress: o
179.3966 	DATA 	Keypress: o
179.4179 	Level image=tasty.jpg 	25
180.3960 	DATA 	Keypress: o
180.4180 	Level injecting via pump at address 0 	25
186.3988 	DATA 	Keypress: o
186.3998 	DATA 	Keypress: o
186.4007 	DATA 	Keypress: o
186.4188 	Level WAIT 	25
187.4185 	Level RINSE 	25
189.3981 	DATA 	Keypress: o
189.4186 	Level jitter 	25
197.3934 	Level finished 	25
197.3946 	DATA 	Keypress: o
197.3956 	DATA 	Keypress: o
197.3965 	DATA 	Keypress: o
197.3974 	DATA 	Keypress: o
197.4195 	Level image=tasty.jpg 	25
198.3962 	DATA 	Keypress: o
198.4192 	Level injecting via pump at address 1 	25
204.3988 	DATA 	Keypress: o
204.4001 	DATA 	Keypress: o
204.4013 	DATA 	Keypress: o
204.4196 	Level WAIT 	25
205.4197 	Level RINSE 	25
207.3983 	DATA 	Keypress: o
207.4201 	Level jitter 	25
212.3934 	Level finished 	25
212.3947 	DATA 	Keypress: o
212.3958 	DATA 	Keypress: o
212.3968 	DATA 	Keypress: o
212.4201 	Level image=tasty.jpg 	25
213.4037 	Level injecting via pump at address 0 	25
219.3981 	DATA 	Keypress: o
219.3993 	DATA 	Keypress: o
219.4004 	DATA 	Keypress: o
219.4209 	Level WAIT 	25
220.3958 	DATA 	Keypress: o
220.4207 	Level RINSE 	25
222.3987 	DATA 	Keypress: o
222.4042 	Level jitter 	25
229.3934 	Level finished 	25
229.3947 	DATA 	Keypress: o
229.3958 	DATA 	Keypress: o
229.3967 	DATA 	Keypress: o
229.4218 	Level image=waterlogo.jpg 	25
230.3959 	DATA 	Keypress: o
230.4215 	Level injecting via pump at address 0 	25
236.3990 	DATA 	Keypress: o
236.4006 	DATA 	Keypress: o
236.4018 	DATA 	Keypress: o
236.4217 	Level WAIT 	25
237.4219 	Level RINSE 	25
239.3979 	DATA 	Keypress: o
239.4224 	Level jitter 	25
245.3934 	Level finished 	25
245.3947 	DATA 	Keypress: o
245.3959 	DATA 	Keypress: o
245.3971 	DATA 	Keypress: o
245.4225 	Level image=waterlogo.jpg 	25
246.3959 	DATA 	Keypress: o
246.4226 	Level injecting via pump at address 0 	25
252.3986 	DATA 	Keypress: o
252.3997 	DATA 	Keypress: o
252.4007 	DATA 	Keypress: o
252.4233 	Level WAIT 	25
253.4063 	Level RINSE 	25
255.3986 	DATA 	Keypress: o
255.4231 	Level jitter 	25
257.3934 	Level finished 	25
257.3947 	DATA 	Keypress: o
257.4233 	Level image=tasty.jpg 	25
258.3958 	DATA 	Keypress: o
258.4234 	Level injecting via pump at address 0 	25
264.3988 	DATA 	Keypress: o
264.4001 	DATA 	Keypress: o
264.4012 	DATA 	Keypress: o
264.4241 	Level WAIT 	25
265.4238 	Level RINSE 	25
267.3984 	DATA 	Keypress: o
267.4239 	Level jitter 	25
274.3934 	Level finished 	25
274.3946 	DATA 	Keypress: o
274.3956 	DATA 	Keypress: o
274.3965 	DATA 	Keypress: o
274.3974 	DATA 	Keypress: o
274.4249 	Level image=tasty.jpg 	25
275.4079 	Level injecting via pump at address 1 	25
281.3989 	DATA 	Keypress: o
281.4001 	DATA 	Keypress: o
281.4011 	DATA 	Keypress: o
281.4082 	Level WAIT 	25
282.3959 	DATA 	Keypress: o
282.4084 	Level RINSE 	25
284.3986 	DATA 	Keypress: o
284.4089 	Level jitter 	25
292.3934 	Level finished 	25
292.3948 	DATA 	Keypress: o
292.3959 	DATA 	Keypress: o
292.3968 	DATA 	Keypress: o
292.3978 	DATA 	Keypress: o
292.4257 	Level image=waterlogo.jpg 	25
293.4258 	Level injecting via pump at address 0 	25
299.3990 	DATA 	Keypress: o
299.4003 	DATA 	Keypress: o
299.4015 	DATA 	Keypress: o
299.4264 	Level WAIT 	25
300.3960 	DATA 	Keypress: o
300.4097 	Level RINSE 	25
302.3980 	DATA 	Keypress: o
302.4264 	Level jitter 	25
310.3934 	Level finished 	25
310.3946 	DATA 	Keypress: o
310.3956 	DATA 	Keypress: o
310.3964 	DATA 	Keypress: o
310.3973 	DATA 	Keypress: o
310.4107 	Level image=tasty.jpg 	25
311.4104 	Level injecting via pump at address 1 	25
317.3987 	DATA 	Keypress: o
317.4000 	DATA 	Keypress: o
317.4014 	DATA 	Keypress: o
317.4274 	Level WAIT 	25
318.3960 	DATA 	Keypress: o
318.4276 	Level RINSE 	25
320.3989 	DATA 	Keypress: o
320.4113 	Level jitter 	25
322.3934 	Level finished 	25
322.3946 	DATA 	Keypress: o
322.4111 	Level image=tasty.jpg 	25
323.4111 	Level injecting via pump at address 0 	25
329.3986 	DATA 	Keypress: o
329.3997 	DATA 	Keypress: o
329.4009 	DATA 	Keypress: o
329.4116 	Level WAIT 	25
330.3958 	DATA 	Keypress: o
330.4121 	Level RINSE 	25
332.3982 	DATA 	Keypress: o
332.4118 	Level jitter 	25
336.3934 	Level finished 	25
336.3948 	DATA 	Keypress: o
336.3958 	DATA 	Keypress: o
336.4287 	Level image=tasty.jpg 	25
337.4121 	Level injecting via pump at address 1 	25
343.3995 	DATA 	Keypress: o
343.4008 	DATA 	Keypress: o
343.4020 	DATA 	Keypress: o
343.4296 	Level WAIT 	25
344.3962 	DATA 	Keypress: o
344.4127 	Level RINSE 	25
346.3982 	DATA 	Keypress: o
346.4294 	Level jitter 	25
349.3934 	Level finished 	25
349.3946 	DATA 	Keypress: o
349.4297 	Level image=tasty.jpg 	25
350.3959 	DATA 	Keypress: o
350.4130 	Level injecting via pump at address 0 	25
356.3986 	DATA 	Keypress: o
356.3998 	DATA 	Keypress: o
356.4010 	DATA 	Keypress: o
356.4139 	Level WAIT 	25
357.4136 	Level RINSE 	25
359.3983 	DATA 	Keypress: o
359.4136 	Level jitter 	25
367.3934 	Level finished 	25
367.3949 	DATA 	Keypress: o
367.3962 	DATA 	Keypress: o
367.3973 	DATA 	Keypress: o
367.3983 	DATA 	Keypress: o
367.4312 	Level image=waterlogo.jpg 	25
368.3959 	DATA 	Keypress: o
368.4143 	Level injecting via pump at address 0 	25
374.3989 	DATA 	Keypress: o
374.4001 	DATA 	Keypress: o
374.4012 	DATA 	Keypress: o
374.4313 	Level WAIT 	25
375.4147 	Level RINSE 	25
377.3987 	DATA 	Keypress: o
377.4152 	Level jitter 	25
382.3934 	Level finished 	25
382.3946 	DATA 	Keypress: o
382.3956 	DATA 	Keypress: o
382.3965 	DATA 	Keypress: o
382.4152 	Level image=tasty.jpg 	25
383.4154 	Level injecting via pump at address 1 	25
389.3985 	DATA 	Keypress: o
389.3995 	DATA 	Keypress: o
389.4004 	DATA 	Keypress: o
389.4160 	Level WAIT 	25
390.3962 	DATA 	Keypress: o
390.4158 	Level RINSE 	25
392.3983 	DATA 	Keypress: o
392.4159 	Level jitter 	25
399.3934 	Level finished 	25
399.3948 	DATA 	Keypress: o
399.3958 	DATA 	Keypress: o
399.3967 	DATA 	Keypress: o
399.4334 	Level image=tasty.jpg 	25
400.3961 	DATA 	Keypress: o
400.4166 	Level injecting via pump at address 0 	25
406.3988 	DATA 	Keypress: o
406.4000 	DATA 	Keypress: o
406.4012 	DATA 	Keypress: o
406.4169 	Level WAIT 	25
407.4169 	Level RINSE 	25
409.3977 	DATA 	Keypress: o
409.4008 	Level jitter 	25
417.3934 	Level finished 	25
417.3951 	DATA 	Keypress: o
417.3961 	DATA 	Keypress: o
417.3971 	DATA 	Keypress: o
417.3980 	DATA 	Keypress: o
417.4177 	Level image=tasty.jpg 	25
418.3957 	DATA 	Keypress: o
418.4177 	Level injecting via pump at address 0 	25
424.3991 	DATA 	Keypress: o
424.4003 	DATA 	Keypress: o
424.4014 	DATA 	Keypress: o
424.4184 	Level WAIT 	25
425.4016 	Level RINSE 	25
427.3986 	DATA 	Keypress: o
427.4183 	Level jitter 	25
434.3934 	Level finished 	25
