79.4455 	DATA 	Keypress: o
79.4465 	Level start key press 	25
81.4724 	DATA 	Keypress: o
83.4556 	DATA 	Keypress: o
85.4558 	DATA 	Keypress: o
87.4726 	DATA 	Keypress: o
88.0369 	Level image=waterlogo.jpg 	25
88.9370 	Level injecting via pump at address 0 	25
94.9252 	DATA 	Keypress: o
94.9265 	DATA 	Keypress: o
94.9279 	DATA 	Keypress: o
94.9378 	Level WAIT 	25
95.9229 	DATA 	Keypress: o
95.9375 	Level RINSE 	25
97.9346 	DATA 	Keypress: o
97.9542 	Level jitter 	25
103.9202 	Level finished 	25
103.9215 	DATA 	Keypress: o
103.9229 	DATA 	Keypress: o
103.9240 	DATA 	Keypress: o
103.9380 	Level image=tasty.jpg 	25
104.9385 	Level injecting via pump at address 1 	25
110.9251 	DATA 	Keypress: o
110.9264 	DATA 	Keypress: o
110.9274 	DATA 	Keypress: o
110.9385 	Level WAIT 	25
111.9231 	DATA 	Keypress: o
111.9385 	Level RINSE 	25
113.9248 	DATA 	Keypress: o
113.9387 	Level jitter 	25
119.9202 	Level finished 	25
119.9216 	DATA 	Keypress: o
119.9231 	DATA 	Keypress: o
119.9243 	DATA 	Keypress: o
119.9395 	Level image=tasty.jpg 	25
120.9392 	Level injecting via pump at address 1 	25
126.9252 	DATA 	Keypress: o
126.9264 	DATA 	Keypress: o
126.9275 	DATA 	Keypress: o
126.9396 	Level WAIT 	25
127.9232 	DATA 	Keypress: o
127.9397 	Level RINSE 	25
129.9254 	DATA 	Keypress: o
129.9403 	Level jitter 	25
131.9202 	Level finished 	25
131.9214 	DATA 	Keypress: o
131.9399 	Level image=waterlogo.jpg 	25
132.9400 	Level injecting via pump at address 0 	25
138.9260 	DATA 	Keypress: o
138.9273 	DATA 	Keypress: o
138.9285 	DATA 	Keypress: o
138.9404 	Level WAIT 	25
139.9226 	DATA 	Keypress: o
139.9409 	Level RINSE 	25
141.9247 	DATA 	Keypress: o
141.9406 	Level jitter 	25
147.9202 	Level finished 	25
147.9215 	DATA 	Keypress: o
147.9229 	DATA 	Keypress: o
147.9239 	DATA 	Keypress: o
147.9410 	Level image=tasty.jpg 	25
148.9412 	Level injecting via pump at address 1 	25
154.9255 	DATA 	Keypress: o
154.9266 	DATA 	Keypress: o
154.9276 	DATA 	Keypress: o
154.9420 	Level WAIT 	25
155.9229 	DATA 	Keypress: o
155.9416 	Level RINSE 	25
157.9250 	DATA 	Keypress: o
157.9418 	Level jitter 	25
162.9202 	Level finished 	25
162.9217 	DATA 	Keypress: o
162.9228 	DATA 	Keypress: o
162.9421 	Level image=waterlogo.jpg 	25
163.9227 	DATA 	Keypress: o
163.9422 	Level injecting via pump at address 0 	25
169.9256 	DATA 	Keypress: o
169.9269 	DATA 	Keypress: o
169.9280 	DATA 	Keypress: o
169.9431 	Level WAIT 	25
170.9427 	Level RINSE 	25
172.9251 	DATA 	Keypress: o
172.9428 	Level jitter 	25
177.9202 	Level finished 	25
177.9215 	DATA 	Keypress: o
177.9225 	DATA 	Keypress: o
177.9238 	DATA 	Keypress: o
177.9599 	Level image=tasty.jpg 	25
178.9265 	Level injecting via pump at address 1 	25
184.9255 	DATA 	Keypress: o
184.9269 	DATA 	Keypress: o
184.9280 	DATA 	Keypress: o
184.9441 	Level WAIT 	25
185.9240 	DATA 	Keypress: o
185.9437 	Level RINSE 	25
187.9257 	DATA 	Keypress: o
187.9439 	Level jitter 	25
193.9202 	Level finished 	25
193.9221 	DATA 	Keypress: o
193.9235 	DATA 	Keypress: o
193.9250 	DATA 	Keypress: o
193.9442 	Level image=waterlogo.jpg 	25
194.9448 	Level injecting via pump at address 0 	25
200.9253 	DATA 	Keypress: o
200.9266 	DATA 	Keypress: o
200.9276 	DATA 	Keypress: o
200.9447 	Level WAIT 	25
201.9228 	DATA 	Keypress: o
201.9449 	Level RINSE 	25
203.9255 	DATA 	Keypress: o
203.9449 	Level jitter 	25
206.9202 	Level finished 	25
206.9215 	DATA 	Keypress: o
206.9456 	Level image=tasty.jpg 	25
207.9230 	DATA 	Keypress: o
207.9452 	Level injecting via pump at address 1 	25
213.9268 	DATA 	Keypress: o
213.9282 	DATA 	Keypress: o
213.9295 	DATA 	Keypress: o
213.9456 	Level WAIT 	25
214.9457 	Level RINSE 	25
216.9251 	DATA 	Keypress: o
216.9463 	Level jitter 	25
224.9202 	Level finished 	25
224.9221 	DATA 	Keypress: o
224.9235 	DATA 	Keypress: o
224.9246 	DATA 	Keypress: o
224.9259 	DATA 	Keypress: o
224.9630 	Level image=waterlogo.jpg 	25
225.9230 	DATA 	Keypress: o
225.9299 	Level injecting via pump at address 0 	25
231.9259 	DATA 	Keypress: o
231.9274 	DATA 	Keypress: o
231.9286 	DATA 	Keypress: o
231.9473 	Level WAIT 	25
232.9469 	Level RINSE 	25
234.9257 	DATA 	Keypress: o
234.9303 	Level jitter 	25
236.9202 	Level finished 	25
236.9215 	DATA 	Keypress: o
236.9472 	Level image=tasty.jpg 	25
237.9226 	DATA 	Keypress: o
237.9306 	Level injecting via pump at address 1 	25
243.9261 	DATA 	Keypress: o
243.9273 	DATA 	Keypress: o
243.9284 	DATA 	Keypress: o
243.9314 	Level WAIT 	25
244.9310 	Level RINSE 	25
246.9261 	DATA 	Keypress: o
246.9312 	Level jitter 	25
255.9202 	Level finished 	25
255.9218 	DATA 	Keypress: o
255.9233 	DATA 	Keypress: o
255.9246 	DATA 	Keypress: o
255.9259 	DATA 	Keypress: o
255.9270 	DATA 	Keypress: o
255.9656 	Level image=waterlogo.jpg 	25
256.9320 	Level injecting via pump at address 0 	25
262.9257 	DATA 	Keypress: o
262.9270 	DATA 	Keypress: o
262.9283 	DATA 	Keypress: o
262.9323 	Level WAIT 	25
263.9226 	DATA 	Keypress: o
263.9324 	Level RINSE 	25
265.9256 	DATA 	Keypress: o
265.9329 	Level jitter 	25
267.9202 	Level finished 	25
267.9214 	DATA 	Keypress: o
267.9493 	Level image=tasty.jpg 	25
268.9329 	Level injecting via pump at address 1 	25
274.9260 	DATA 	Keypress: o
274.9274 	DATA 	Keypress: o
274.9285 	DATA 	Keypress: o
274.9499 	Level WAIT 	25
275.9234 	DATA 	Keypress: o
275.9335 	Level RINSE 	25
277.9251 	DATA 	Keypress: o
277.9500 	Level jitter 	25
280.9202 	Level finished 	25
280.9214 	DATA 	Keypress: o
280.9502 	Level image=waterlogo.jpg 	25
281.9225 	DATA 	Keypress: o
281.9337 	Level injecting via pump at address 0 	25
287.9265 	DATA 	Keypress: o
287.9280 	DATA 	Keypress: o
287.9296 	DATA 	Keypress: o
287.9344 	Level WAIT 	25
288.9341 	Level RINSE 	25
290.9253 	DATA 	Keypress: o
290.9342 	Level jitter 	25
294.9202 	Level finished 	25
294.9217 	DATA 	Keypress: o
294.9230 	DATA 	Keypress: o
294.9512 	Level image=tasty.jpg 	25
295.9225 	DATA 	Keypress: o
295.9513 	Level injecting via pump at address 1 	25
301.9262 	DATA 	Keypress: o
301.9275 	DATA 	Keypress: o
301.9289 	DATA 	Keypress: o
301.9521 	Level WAIT 	25
302.9518 	Level RINSE 	25
304.9254 	DATA 	Keypress: o
304.9519 	Level jitter 	25
305.9202 	Level finished 	25
305.9214 	DATA 	Keypress: o
305.9519 	Level image=waterlogo.jpg 	25
306.9354 	Level injecting via pump at address 0 	25
312.9257 	DATA 	Keypress: o
312.9270 	DATA 	Keypress: o
312.9280 	DATA 	Keypress: o
312.9363 	Level WAIT 	25
313.9226 	DATA 	Keypress: o
313.9359 	Level RINSE 	25
315.9261 	DATA 	Keypress: o
315.9359 	Level jitter 	25
318.9202 	Level finished 	25
318.9213 	DATA 	Keypress: o
318.9362 	Level image=tasty.jpg 	25
319.9226 	DATA 	Keypress: o
319.9363 	Level injecting via pump at address 1 	25
325.9258 	DATA 	Keypress: o
325.9272 	DATA 	Keypress: o
325.9285 	DATA 	Keypress: o
325.9371 	Level WAIT 	25
326.9368 	Level RINSE 	25
328.9258 	DATA 	Keypress: o
328.9369 	Level jitter 	25
336.9202 	Level finished 	25
336.9216 	DATA 	Keypress: o
336.9231 	DATA 	Keypress: o
336.9243 	DATA 	Keypress: o
336.9253 	DATA 	Keypress: o
336.9546 	Level image=tasty.jpg 	25
337.9229 	DATA 	Keypress: o
337.9375 	Level injecting via pump at address 1 	25
343.9272 	DATA 	Keypress: o
343.9286 	DATA 	Keypress: o
343.9299 	DATA 	Keypress: o
343.9378 	Level WAIT 	25
344.9380 	Level RINSE 	25
346.9260 	DATA 	Keypress: o
346.9385 	Level jitter 	25
350.9202 	Level finished 	25
350.9215 	DATA 	Keypress: o
350.9225 	DATA 	Keypress: o
350.9384 	Level image=waterlogo.jpg 	25
351.9229 	DATA 	Keypress: o
351.9385 	Level injecting via pump at address 0 	25
357.9258 	DATA 	Keypress: o
357.9270 	DATA 	Keypress: o
357.9281 	DATA 	Keypress: o
357.9560 	Level WAIT 	25
358.9389 	Level RINSE 	25
360.9253 	DATA 	Keypress: o
360.9390 	Level jitter 	25
363.9202 	Level finished 	25
363.9215 	DATA 	Keypress: o
363.9229 	DATA 	Keypress: o
363.9392 	Level image=tasty.jpg 	25
364.9394 	Level injecting via pump at address 1 	25
370.9264 	DATA 	Keypress: o
370.9278 	DATA 	Keypress: o
370.9291 	DATA 	Keypress: o
370.9568 	Level WAIT 	25
371.9230 	DATA 	Keypress: o
371.9399 	Level RINSE 	25
373.9255 	DATA 	Keypress: o
373.9399 	Level jitter 	25
378.9202 	Level finished 	25
378.9217 	DATA 	Keypress: o
378.9232 	DATA 	Keypress: o
378.9403 	Level image=waterlogo.jpg 	25
379.9229 	DATA 	Keypress: o
379.9404 	Level injecting via pump at address 0 	25
385.9261 	DATA 	Keypress: o
385.9275 	DATA 	Keypress: o
385.9289 	DATA 	Keypress: o
385.9413 	Level WAIT 	25
386.9409 	Level RINSE 	25
388.9263 	DATA 	Keypress: o
388.9410 	Level jitter 	25
393.9202 	Level finished 	25
393.9215 	DATA 	Keypress: o
393.9226 	DATA 	Keypress: o
393.9236 	DATA 	Keypress: o
393.9413 	Level image=waterlogo.jpg 	25
394.9415 	Level injecting via pump at address 0 	25
400.9259 	DATA 	Keypress: o
400.9274 	DATA 	Keypress: o
400.9287 	DATA 	Keypress: o
400.9423 	Level WAIT 	25
401.9230 	DATA 	Keypress: o
401.9419 	Level RINSE 	25
403.9257 	DATA 	Keypress: o
403.9420 	Level jitter 	25
412.9202 	Level finished 	25
412.9217 	DATA 	Keypress: o
412.9232 	DATA 	Keypress: o
412.9245 	DATA 	Keypress: o
412.9258 	DATA 	Keypress: o
412.9432 	Level image=tasty.jpg 	25
413.9230 	DATA 	Keypress: o
413.9429 	Level injecting via pump at address 1 	25
419.9262 	DATA 	Keypress: o
419.9277 	DATA 	Keypress: o
419.9290 	DATA 	Keypress: o
419.9431 	Level WAIT 	25
420.9432 	Level RINSE 	25
422.9249 	DATA 	Keypress: o
422.9438 	Level jitter 	25
424.9202 	Level finished 	25
424.9215 	DATA 	Keypress: o
424.9435 	Level image=waterlogo.jpg 	25
425.9227 	DATA 	Keypress: o
425.9436 	Level injecting via pump at address 0 	25
431.9265 	DATA 	Keypress: o
431.9280 	DATA 	Keypress: o
431.9294 	DATA 	Keypress: o
431.9439 	Level WAIT 	25
432.9445 	Level RINSE 	25
434.9257 	DATA 	Keypress: o
434.9441 	Level jitter 	25
437.9202 	Level finished 	25
437.9216 	DATA 	Keypress: o
437.9234 	DATA 	Keypress: o
437.9443 	Level image=waterlogo.jpg 	25
438.9445 	Level injecting via pump at address 0 	25
444.9258 	DATA 	Keypress: o
444.9272 	DATA 	Keypress: o
444.9285 	DATA 	Keypress: o
444.9453 	Level WAIT 	25
445.9227 	DATA 	Keypress: o
445.9449 	Level RINSE 	25
447.9248 	DATA 	Keypress: o
447.9450 	Level jitter 	25
452.9202 	Level finished 	25
452.9216 	DATA 	Keypress: o
452.9230 	DATA 	Keypress: o
452.9454 	Level image=tasty.jpg 	25
453.9230 	DATA 	Keypress: o
453.9455 	Level injecting via pump at address 1 	25
459.9250 	DATA 	Keypress: o
459.9262 	DATA 	Keypress: o
459.9273 	DATA 	Keypress: o
459.9463 	Level WAIT 	25
460.9459 	Level RINSE 	25
462.9252 	DATA 	Keypress: o
462.9460 	Level jitter 	25
464.9202 	Level finished 	25
464.9214 	DATA 	Keypress: o
464.9462 	Level image=tasty.jpg 	25
465.9230 	DATA 	Keypress: o
465.9297 	Level injecting via pump at address 1 	25
471.9262 	DATA 	Keypress: o
471.9275 	DATA 	Keypress: o
471.9288 	DATA 	Keypress: o
471.9472 	Level WAIT 	25
472.9301 	Level RINSE 	25
474.9255 	DATA 	Keypress: o
474.9302 	Level jitter 	25
481.9202 	Level finished 	25
481.9216 	DATA 	Keypress: o
481.9229 	DATA 	Keypress: o
481.9241 	DATA 	Keypress: o
481.9255 	DATA 	Keypress: o
481.9479 	Level image=waterlogo.jpg 	25
482.9475 	Level injecting via pump at address 0 	25
488.9255 	DATA 	Keypress: o
488.9268 	DATA 	Keypress: o
488.9278 	DATA 	Keypress: o
488.9479 	Level WAIT 	25
489.9231 	DATA 	Keypress: o
489.9480 	Level RINSE 	25
491.9260 	DATA 	Keypress: o
491.9485 	Level jitter 	25
494.9202 	Level finished 	25
494.9214 	DATA 	Keypress: o
494.9483 	Level image=tasty.jpg 	25
495.9230 	DATA 	Keypress: o
495.9484 	Level injecting via pump at address 1 	25
501.9265 	DATA 	Keypress: o
501.9282 	DATA 	Keypress: o
501.9295 	DATA 	Keypress: o
501.9493 	Level WAIT 	25
502.9321 	Level RINSE 	25
504.9262 	DATA 	Keypress: o
504.9490 	Level jitter 	25
506.9202 	Level finished 	25
506.9215 	DATA 	Keypress: o
506.9492 	Level image=waterlogo.jpg 	25
507.9225 	DATA 	Keypress: o
507.9492 	Level injecting via pump at address 0 	25
513.9263 	DATA 	Keypress: o
513.9276 	DATA 	Keypress: o
513.9288 	DATA 	Keypress: o
513.9501 	Level WAIT 	25
514.9498 	Level RINSE 	25
516.9255 	DATA 	Keypress: o
516.9499 	Level jitter 	25
524.9202 	Level finished 	25
524.9215 	DATA 	Keypress: o
524.9228 	DATA 	Keypress: o
524.9239 	DATA 	Keypress: o
524.9249 	DATA 	Keypress: o
524.9342 	Level image=tasty.jpg 	25
525.9227 	DATA 	Keypress: o
525.9339 	Level injecting via pump at address 1 	25
531.9260 	DATA 	Keypress: o
531.9274 	DATA 	Keypress: o
531.9288 	DATA 	Keypress: o
531.9509 	Level WAIT 	25
532.9343 	Level RINSE 	25
534.9264 	DATA 	Keypress: o
534.9348 	Level jitter 	25
536.9202 	Level finished 	25
536.9215 	DATA 	Keypress: o
536.9512 	Level image=waterlogo.jpg 	25
537.9229 	DATA 	Keypress: o
537.9347 	Level injecting via pump at address 0 	25
543.9256 	DATA 	Keypress: o
543.9271 	DATA 	Keypress: o
543.9284 	DATA 	Keypress: o
543.9350 	Level WAIT 	25
544.9355 	Level RINSE 	25
546.9256 	DATA 	Keypress: o
546.9352 	Level jitter 	25
553.9202 	Level finished 	25
