62.5049 	DATA 	Keypress: o
62.5058 	Level start key press 	25
64.5162 	DATA 	Keypress: o
66.5163 	DATA 	Keypress: o
68.5168 	DATA 	Keypress: o
70.5170 	DATA 	Keypress: o
71.0313 	Level image=waterlogo.jpg 	25
71.9819 	Level injecting via pump at address 0 	25
77.9706 	DATA 	Keypress: o
77.9721 	DATA 	Keypress: o
77.9733 	DATA 	Keypress: o
77.9988 	Level WAIT 	25
78.9675 	DATA 	Keypress: o
78.9822 	Level RINSE 	25
80.9780 	DATA 	Keypress: o
80.9992 	Level jitter 	25
89.9647 	Level finished 	25
89.9661 	DATA 	Keypress: o
89.9673 	DATA 	Keypress: o
89.9685 	DATA 	Keypress: o
89.9698 	DATA 	Keypress: o
90.0006 	Level image=waterlogo.jpg 	25
90.9670 	DATA 	Keypress: o
90.9838 	Level injecting via pump at address 0 	25
96.9695 	DATA 	Keypress: o
96.9707 	DATA 	Keypress: o
96.9718 	DATA 	Keypress: o
97.0010 	Level WAIT 	25
97.9845 	Level RINSE 	25
99.9697 	DATA 	Keypress: o
99.9851 	Level jitter 	25
104.9647 	Level finished 	25
104.9661 	DATA 	Keypress: o
104.9675 	DATA 	Keypress: o
104.9687 	DATA 	Keypress: o
104.9854 	Level image=tasty.jpg 	25
105.9856 	Level injecting via pump at address 0 	25
111.9701 	DATA 	Keypress: o
111.9714 	DATA 	Keypress: o
111.9725 	DATA 	Keypress: o
111.9865 	Level WAIT 	25
112.9671 	DATA 	Keypress: o
112.9862 	Level RINSE 	25
114.9705 	DATA 	Keypress: o
114.9864 	Level jitter 	25
115.9647 	Level finished 	25
115.9866 	Level image=tasty.jpg 	25
116.9676 	DATA 	Keypress: o
116.9868 	Level injecting via pump at address 1 	25
122.9702 	DATA 	Keypress: o
122.9712 	DATA 	Keypress: o
122.9721 	DATA 	Keypress: o
122.9878 	Level WAIT 	25
123.9875 	Level RINSE 	25
125.9701 	DATA 	Keypress: o
125.9877 	Level jitter 	25
130.9647 	Level finished 	25
130.9662 	DATA 	Keypress: o
130.9676 	DATA 	Keypress: o
130.9688 	DATA 	Keypress: o
130.9884 	Level image=tasty.jpg 	25
131.9887 	Level injecting via pump at address 0 	25
137.9703 	DATA 	Keypress: o
137.9715 	DATA 	Keypress: o
137.9726 	DATA 	Keypress: o
138.0062 	Level WAIT 	25
138.9671 	DATA 	Keypress: o
138.9726 	Level RINSE 	25
140.9696 	DATA 	Keypress: o
140.9895 	Level jitter 	25
144.9647 	Level finished 	25
144.9660 	DATA 	Keypress: o
144.9672 	DATA 	Keypress: o
144.9900 	Level image=waterlogo.jpg 	25
145.9902 	Level injecting via pump at address 0 	25
151.9701 	DATA 	Keypress: o
151.9713 	DATA 	Keypress: o
151.9725 	DATA 	Keypress: o
151.9912 	Level WAIT 	25
152.9673 	DATA 	Keypress: o
152.9910 	Level RINSE 	25
154.9700 	DATA 	Keypress: o
154.9911 	Level jitter 	25
156.9647 	Level finished 	25
156.9659 	DATA 	Keypress: o
156.9747 	Level image=tasty.jpg 	25
157.9749 	Level injecting via pump at address 0 	25
163.9704 	DATA 	Keypress: o
163.9714 	DATA 	Keypress: o
163.9723 	DATA 	Keypress: o
163.9925 	Level WAIT 	25
164.9673 	DATA 	Keypress: o
164.9923 	Level RINSE 	25
166.9690 	DATA 	Keypress: o
166.9759 	Level jitter 	25
174.9647 	Level finished 	25
174.9661 	DATA 	Keypress: o
174.9674 	DATA 	Keypress: o
174.9687 	DATA 	Keypress: o
174.9698 	DATA 	Keypress: o
174.9940 	Level image=waterlogo.jpg 	25
175.9770 	Level injecting via pump at address 0 	25
181.9700 	DATA 	Keypress: o
181.9713 	DATA 	Keypress: o
181.9724 	DATA 	Keypress: o
181.9776 	Level WAIT 	25
182.9671 	DATA 	Keypress: o
182.9777 	Level RINSE 	25
184.9706 	DATA 	Keypress: o
184.9950 	Level jitter 	25
189.9647 	Level finished 	25
189.9659 	DATA 	Keypress: o
189.9669 	DATA 	Keypress: o
189.9953 	Level image=tasty.jpg 	25
190.9673 	DATA 	Keypress: o
190.9955 	Level injecting via pump at address 1 	25
196.9705 	DATA 	Keypress: o
196.9718 	DATA 	Keypress: o
196.9728 	DATA 	Keypress: o
196.9964 	Level WAIT 	25
197.9795 	Level RINSE 	25
199.9696 	DATA 	Keypress: o
199.9964 	Level jitter 	25
201.9647 	Level finished 	25
201.9660 	DATA 	Keypress: o
201.9801 	Level image=tasty.jpg 	25
202.9671 	DATA 	Keypress: o
202.9968 	Level injecting via pump at address 0 	25
208.9696 	DATA 	Keypress: o
208.9708 	DATA 	Keypress: o
208.9719 	DATA 	Keypress: o
208.9979 	Level WAIT 	25
209.9976 	Level RINSE 	25
211.9701 	DATA 	Keypress: o
211.9978 	Level jitter 	25
214.9647 	Level finished 	25
214.9666 	DATA 	Keypress: o
214.9685 	DATA 	Keypress: o
214.9982 	Level image=waterlogo.jpg 	25
215.9984 	Level injecting via pump at address 0 	25
221.9694 	DATA 	Keypress: o
221.9704 	DATA 	Keypress: o
221.9714 	DATA 	Keypress: o
221.9994 	Level WAIT 	25
222.9672 	DATA 	Keypress: o
222.9824 	Level RINSE 	25
224.9714 	DATA 	Keypress: o
224.9993 	Level jitter 	25
232.9647 	Level finished 	25
232.9659 	DATA 	Keypress: o
232.9670 	DATA 	Keypress: o
232.9679 	DATA 	Keypress: o
232.9689 	DATA 	Keypress: o
232.9840 	Level image=tasty.jpg 	25
233.9838 	Level injecting via pump at address 0 	25
239.9699 	DATA 	Keypress: o
239.9712 	DATA 	Keypress: o
239.9721 	DATA 	Keypress: o
239.9844 	Level WAIT 	25
240.9672 	DATA 	Keypress: o
240.9845 	Level RINSE 	25
242.9696 	DATA 	Keypress: o
242.9852 	Level jitter 	25
244.9647 	Level finished 	25
244.9659 	DATA 	Keypress: o
244.9851 	Level image=tasty.jpg 	25
245.9852 	Level injecting via pump at address 1 	25
251.9699 	DATA 	Keypress: o
251.9710 	DATA 	Keypress: o
251.9722 	DATA 	Keypress: o
251.9858 	Level WAIT 	25
252.9676 	DATA 	Keypress: o
252.9864 	Level RINSE 	25
254.9692 	DATA 	Keypress: o
254.9862 	Level jitter 	25
263.9647 	Level finished 	25
263.9661 	DATA 	Keypress: o
263.9672 	DATA 	Keypress: o
263.9683 	DATA 	Keypress: o
263.9692 	DATA 	Keypress: o
263.9876 	Level image=waterlogo.jpg 	25
264.9675 	DATA 	Keypress: o
264.9874 	Level injecting via pump at address 0 	25
270.9707 	DATA 	Keypress: o
270.9721 	DATA 	Keypress: o
270.9733 	DATA 	Keypress: o
270.9880 	Level WAIT 	25
271.9882 	Level RINSE 	25
273.9698 	DATA 	Keypress: o
273.9888 	Level jitter 	25
281.9647 	Level finished 	25
281.9660 	DATA 	Keypress: o
281.9670 	DATA 	Keypress: o
281.9681 	DATA 	Keypress: o
281.9691 	DATA 	Keypress: o
281.9893 	Level image=tasty.jpg 	25
282.9673 	DATA 	Keypress: o
282.9895 	Level injecting via pump at address 0 	25
288.9697 	DATA 	Keypress: o
288.9709 	DATA 	Keypress: o
288.9719 	DATA 	Keypress: o
288.9906 	Level WAIT 	25
289.9903 	Level RINSE 	25
291.9697 	DATA 	Keypress: o
291.9905 	Level jitter 	25
293.9647 	Level finished 	25
293.9664 	DATA 	Keypress: o
293.9908 	Level image=waterlogo.jpg 	25
294.9674 	DATA 	Keypress: o
294.9742 	Level injecting via pump at address 0 	25
300.9697 	DATA 	Keypress: o
300.9707 	DATA 	Keypress: o
300.9715 	DATA 	Keypress: o
300.9920 	Level WAIT 	25
301.9749 	Level RINSE 	25
303.9699 	DATA 	Keypress: o
303.9752 	Level jitter 	25
310.9647 	Level finished 	25
310.9661 	DATA 	Keypress: o
310.9674 	DATA 	Keypress: o
310.9686 	DATA 	Keypress: o
310.9697 	DATA 	Keypress: o
310.9931 	Level image=tasty.jpg 	25
311.9929 	Level injecting via pump at address 1 	25
317.9705 	DATA 	Keypress: o
317.9717 	DATA 	Keypress: o
317.9728 	DATA 	Keypress: o
317.9936 	Level WAIT 	25
318.9672 	DATA 	Keypress: o
318.9937 	Level RINSE 	25
320.9694 	DATA 	Keypress: o
320.9942 	Level jitter 	25
325.9647 	Level finished 	25
325.9663 	DATA 	Keypress: o
325.9675 	DATA 	Keypress: o
325.9778 	Level image=tasty.jpg 	25
326.9674 	DATA 	Keypress: o
326.9780 	Level injecting via pump at address 0 	25
332.9697 	DATA 	Keypress: o
332.9710 	DATA 	Keypress: o
332.9722 	DATA 	Keypress: o
332.9958 	Level WAIT 	25
333.9954 	Level RINSE 	25
335.9691 	DATA 	Keypress: o
335.9789 	Level jitter 	25
337.9647 	Level finished 	25
337.9659 	DATA 	Keypress: o
337.9792 	Level image=tasty.jpg 	25
338.9679 	DATA 	Keypress: o
338.9794 	Level injecting via pump at address 1 	25
344.9703 	DATA 	Keypress: o
344.9716 	DATA 	Keypress: o
344.9728 	DATA 	Keypress: o
344.9804 	Level WAIT 	25
345.9801 	Level RINSE 	25
347.9698 	DATA 	Keypress: o
347.9803 	Level jitter 	25
350.9647 	Level finished 	25
350.9659 	DATA 	Keypress: o
350.9670 	DATA 	Keypress: o
350.9807 	Level image=tasty.jpg 	25
351.9809 	Level injecting via pump at address 0 	25
357.9706 	DATA 	Keypress: o
357.9721 	DATA 	Keypress: o
357.9736 	DATA 	Keypress: o
357.9986 	Level WAIT 	25
358.9674 	DATA 	Keypress: o
358.9817 	Level RINSE 	25
360.9693 	DATA 	Keypress: o
360.9819 	Level jitter 	25
362.9647 	Level finished 	25
362.9659 	DATA 	Keypress: o
362.9821 	Level image=tasty.jpg 	25
363.9823 	Level injecting via pump at address 1 	25
369.9698 	DATA 	Keypress: o
369.9708 	DATA 	Keypress: o
369.9717 	DATA 	Keypress: o
369.9834 	Level WAIT 	25
370.9672 	DATA 	Keypress: o
370.9832 	Level RINSE 	25
372.9705 	DATA 	Keypress: o
372.9833 	Level jitter 	25
376.9647 	Level finished 	25
376.9661 	DATA 	Keypress: o
376.9673 	DATA 	Keypress: o
376.9837 	Level image=tasty.jpg 	25
377.9839 	Level injecting via pump at address 0 	25
383.9705 	DATA 	Keypress: o
383.9720 	DATA 	Keypress: o
383.9732 	DATA 	Keypress: o
384.0016 	Level WAIT 	25
384.9671 	DATA 	Keypress: o
384.9848 	Level RINSE 	25
386.9692 	DATA 	Keypress: o
386.9849 	Level jitter 	25
388.9647 	Level finished 	25
388.9659 	DATA 	Keypress: o
388.9852 	Level image=tasty.jpg 	25
389.9853 	Level injecting via pump at address 1 	25
395.9704 	DATA 	Keypress: o
395.9718 	DATA 	Keypress: o
395.9730 	DATA 	Keypress: o
395.9864 	Level WAIT 	25
396.9675 	DATA 	Keypress: o
396.9861 	Level RINSE 	25
398.9693 	DATA 	Keypress: o
398.9864 	Level jitter 	25
406.9647 	Level finished 	25
406.9661 	DATA 	Keypress: o
406.9672 	DATA 	Keypress: o
406.9682 	DATA 	Keypress: o
406.9693 	DATA 	Keypress: o
406.9876 	Level image=tasty.jpg 	25
407.9874 	Level injecting via pump at address 0 	25
413.9706 	DATA 	Keypress: o
413.9719 	DATA 	Keypress: o
413.9732 	DATA 	Keypress: o
413.9881 	Level WAIT 	25
414.9671 	DATA 	Keypress: o
414.9883 	Level RINSE 	25
416.9692 	DATA 	Keypress: o
416.9888 	Level jitter 	25
423.9647 	Level finished 	25
