82.3068 	DATA 	Keypress: o
82.3076 	Level start key press 	25
84.3147 	DATA 	Keypress: o
86.3148 	DATA 	Keypress: o
88.3149 	DATA 	Keypress: o
90.3317 	DATA 	Keypress: o
90.8962 	Level image=waterlogo.jpg 	25
91.7967 	Level injecting via pump at address 0 	25
97.7841 	DATA 	Keypress: o
97.7854 	DATA 	Keypress: o
97.7865 	DATA 	Keypress: o
97.7965 	Level WAIT 	25
98.7823 	DATA 	Keypress: o
98.7967 	Level RINSE 	25
100.7937 	DATA 	Keypress: o
100.8134 	Level jitter 	25
106.7794 	Level finished 	25
106.7808 	DATA 	Keypress: o
106.7822 	DATA 	Keypress: o
106.7836 	DATA 	Keypress: o
106.7978 	Level image=tasty.jpg 	25
107.7974 	Level injecting via pump at address 1 	25
113.7842 	DATA 	Keypress: o
113.7852 	DATA 	Keypress: o
113.7862 	DATA 	Keypress: o
113.7976 	Level WAIT 	25
114.7818 	DATA 	Keypress: o
114.7978 	Level RINSE 	25
116.7852 	DATA 	Keypress: o
116.7983 	Level jitter 	25
122.7794 	Level finished 	25
122.7806 	DATA 	Keypress: o
122.7816 	DATA 	Keypress: o
122.7825 	DATA 	Keypress: o
122.7983 	Level image=tasty.jpg 	25
123.7984 	Level injecting via pump at address 1 	25
129.7847 	DATA 	Keypress: o
129.7859 	DATA 	Keypress: o
129.7871 	DATA 	Keypress: o
129.7992 	Level WAIT 	25
130.7823 	DATA 	Keypress: o
130.7988 	Level RINSE 	25
132.7856 	DATA 	Keypress: o
132.7990 	Level jitter 	25
134.7794 	Level finished 	25
134.7806 	DATA 	Keypress: o
134.7992 	Level image=waterlogo.jpg 	25
135.7993 	Level injecting via pump at address 0 	25
141.7843 	DATA 	Keypress: o
141.7853 	DATA 	Keypress: o
141.7863 	DATA 	Keypress: o
141.8000 	Level WAIT 	25
142.7819 	DATA 	Keypress: o
142.7996 	Level RINSE 	25
144.7848 	DATA 	Keypress: o
144.7998 	Level jitter 	25
150.7794 	Level finished 	25
150.7807 	DATA 	Keypress: o
150.7818 	DATA 	Keypress: o
150.7830 	DATA 	Keypress: o
150.8004 	Level image=tasty.jpg 	25
151.8008 	Level injecting via pump at address 1 	25
157.7850 	DATA 	Keypress: o
157.7861 	DATA 	Keypress: o
157.7871 	DATA 	Keypress: o
157.8006 	Level WAIT 	25
158.7820 	DATA 	Keypress: o
158.8008 	Level RINSE 	25
160.7844 	DATA 	Keypress: o
160.8009 	Level jitter 	25
165.7794 	Level finished 	25
165.7808 	DATA 	Keypress: o
165.7820 	DATA 	Keypress: o
165.8018 	Level image=waterlogo.jpg 	25
166.7820 	DATA 	Keypress: o
166.8014 	Level injecting via pump at address 0 	25
172.7847 	DATA 	Keypress: o
172.7860 	DATA 	Keypress: o
172.7873 	DATA 	Keypress: o
172.8017 	Level WAIT 	25
173.8018 	Level RINSE 	25
175.7852 	DATA 	Keypress: o
175.8024 	Level jitter 	25
180.7794 	Level finished 	25
180.7806 	DATA 	Keypress: o
180.7816 	DATA 	Keypress: o
180.7826 	DATA 	Keypress: o
180.8190 	Level image=tasty.jpg 	25
181.7857 	Level injecting via pump at address 1 	25
187.7842 	DATA 	Keypress: o
187.7852 	DATA 	Keypress: o
187.7865 	DATA 	Keypress: o
187.8032 	Level WAIT 	25
188.7818 	DATA 	Keypress: o
188.8028 	Level RINSE 	25
190.7848 	DATA 	Keypress: o
190.8029 	Level jitter 	25
196.7794 	Level finished 	25
196.7808 	DATA 	Keypress: o
196.7822 	DATA 	Keypress: o
196.7834 	DATA 	Keypress: o
196.8035 	Level image=waterlogo.jpg 	25
197.8039 	Level injecting via pump at address 0 	25
203.7849 	DATA 	Keypress: o
203.7862 	DATA 	Keypress: o
203.7879 	DATA 	Keypress: o
203.8038 	Level WAIT 	25
204.7822 	DATA 	Keypress: o
204.8040 	Level RINSE 	25
206.7849 	DATA 	Keypress: o
206.8041 	Level jitter 	25
209.7794 	Level finished 	25
209.7805 	DATA 	Keypress: o
209.8048 	Level image=tasty.jpg 	25
210.7821 	DATA 	Keypress: o
210.8044 	Level injecting via pump at address 1 	25
216.7854 	DATA 	Keypress: o
216.7867 	DATA 	Keypress: o
216.7879 	DATA 	Keypress: o
216.8047 	Level WAIT 	25
217.8048 	Level RINSE 	25
219.7847 	DATA 	Keypress: o
219.8055 	Level jitter 	25
227.7794 	Level finished 	25
227.7808 	DATA 	Keypress: o
227.7822 	DATA 	Keypress: o
227.7834 	DATA 	Keypress: o
227.7846 	DATA 	Keypress: o
227.8223 	Level image=waterlogo.jpg 	25
228.7822 	DATA 	Keypress: o
228.7890 	Level injecting via pump at address 0 	25
234.7840 	DATA 	Keypress: o
234.7850 	DATA 	Keypress: o
234.7860 	DATA 	Keypress: o
234.8065 	Level WAIT 	25
235.8061 	Level RINSE 	25
237.7845 	DATA 	Keypress: o
237.7896 	Level jitter 	25
239.7794 	Level finished 	25
239.7805 	DATA 	Keypress: o
239.8064 	Level image=tasty.jpg 	25
240.7821 	DATA 	Keypress: o
240.7898 	Level injecting via pump at address 1 	25
246.7839 	DATA 	Keypress: o
246.7850 	DATA 	Keypress: o
246.7860 	DATA 	Keypress: o
246.7907 	Level WAIT 	25
247.7904 	Level RINSE 	25
249.7843 	DATA 	Keypress: o
249.7903 	Level jitter 	25
258.7794 	Level finished 	25
258.7808 	DATA 	Keypress: o
258.7821 	DATA 	Keypress: o
258.7833 	DATA 	Keypress: o
258.7845 	DATA 	Keypress: o
258.7857 	DATA 	Keypress: o
258.8248 	Level image=waterlogo.jpg 	25
259.7912 	Level injecting via pump at address 0 	25
265.7840 	DATA 	Keypress: o
265.7849 	DATA 	Keypress: o
265.7859 	DATA 	Keypress: o
265.7914 	Level WAIT 	25
266.7821 	DATA 	Keypress: o
266.7916 	Level RINSE 	25
268.7840 	DATA 	Keypress: o
268.7921 	Level jitter 	25
270.7794 	Level finished 	25
270.7806 	DATA 	Keypress: o
270.8085 	Level image=tasty.jpg 	25
271.7919 	Level injecting via pump at address 1 	25
277.7850 	DATA 	Keypress: o
277.7864 	DATA 	Keypress: o
277.7876 	DATA 	Keypress: o
277.8090 	Level WAIT 	25
278.7818 	DATA 	Keypress: o
278.7928 	Level RINSE 	25
280.7845 	DATA 	Keypress: o
280.8093 	Level jitter 	25
283.7794 	Level finished 	25
283.7806 	DATA 	Keypress: o
283.8094 	Level image=waterlogo.jpg 	25
284.7825 	DATA 	Keypress: o
284.7928 	Level injecting via pump at address 0 	25
290.7853 	DATA 	Keypress: o
290.7866 	DATA 	Keypress: o
290.7878 	DATA 	Keypress: o
290.7937 	Level WAIT 	25
291.7934 	Level RINSE 	25
293.7845 	DATA 	Keypress: o
293.7934 	Level jitter 	25
297.7794 	Level finished 	25
297.7809 	DATA 	Keypress: o
297.7821 	DATA 	Keypress: o
297.8104 	Level image=tasty.jpg 	25
298.7817 	DATA 	Keypress: o
298.8105 	Level injecting via pump at address 1 	25
304.7839 	DATA 	Keypress: o
304.7849 	DATA 	Keypress: o
304.7858 	DATA 	Keypress: o
304.8113 	Level WAIT 	25
305.8109 	Level RINSE 	25
307.7847 	DATA 	Keypress: o
307.8111 	Level jitter 	25
308.7794 	Level finished 	25
308.7805 	DATA 	Keypress: o
308.8112 	Level image=waterlogo.jpg 	25
309.7946 	Level injecting via pump at address 0 	25
315.7847 	DATA 	Keypress: o
315.7860 	DATA 	Keypress: o
315.7872 	DATA 	Keypress: o
315.7954 	Level WAIT 	25
316.7823 	DATA 	Keypress: o
316.7951 	Level RINSE 	25
318.7855 	DATA 	Keypress: o
318.7952 	Level jitter 	25
321.7794 	Level finished 	25
321.7807 	DATA 	Keypress: o
321.7955 	Level image=tasty.jpg 	25
322.7822 	DATA 	Keypress: o
322.7955 	Level injecting via pump at address 1 	25
328.7857 	DATA 	Keypress: o
328.7869 	DATA 	Keypress: o
328.7881 	DATA 	Keypress: o
328.7963 	Level WAIT 	25
329.7960 	Level RINSE 	25
331.7847 	DATA 	Keypress: o
331.7961 	Level jitter 	25
339.7794 	Level finished 	25
339.7808 	DATA 	Keypress: o
339.7820 	DATA 	Keypress: o
339.7830 	DATA 	Keypress: o
339.7840 	DATA 	Keypress: o
339.8138 	Level image=tasty.jpg 	25
340.7823 	DATA 	Keypress: o
340.7967 	Level injecting via pump at address 1 	25
346.7847 	DATA 	Keypress: o
346.7860 	DATA 	Keypress: o
346.7872 	DATA 	Keypress: o
346.7971 	Level WAIT 	25
347.7973 	Level RINSE 	25
349.7840 	DATA 	Keypress: o
349.7977 	Level jitter 	25
353.7794 	Level finished 	25
353.7807 	DATA 	Keypress: o
353.7818 	DATA 	Keypress: o
353.7976 	Level image=waterlogo.jpg 	25
354.7822 	DATA 	Keypress: o
354.7977 	Level injecting via pump at address 0 	25
360.7848 	DATA 	Keypress: o
360.7858 	DATA 	Keypress: o
360.7868 	DATA 	Keypress: o
360.7985 	Level WAIT 	25
361.7982 	Level RINSE 	25
363.7850 	DATA 	Keypress: o
363.7983 	Level jitter 	25
366.7794 	Level finished 	25
366.7808 	DATA 	Keypress: o
366.7820 	DATA 	Keypress: o
366.7985 	Level image=tasty.jpg 	25
367.7986 	Level injecting via pump at address 1 	25
373.7853 	DATA 	Keypress: o
373.7866 	DATA 	Keypress: o
373.7878 	DATA 	Keypress: o
373.8160 	Level WAIT 	25
374.7820 	DATA 	Keypress: o
374.7990 	Level RINSE 	25
376.7849 	DATA 	Keypress: o
376.7992 	Level jitter 	25
381.7794 	Level finished 	25
381.7809 	DATA 	Keypress: o
381.7823 	DATA 	Keypress: o
381.7996 	Level image=waterlogo.jpg 	25
382.7820 	DATA 	Keypress: o
382.7996 	Level injecting via pump at address 0 	25
388.7851 	DATA 	Keypress: o
388.7864 	DATA 	Keypress: o
388.7877 	DATA 	Keypress: o
388.8005 	Level WAIT 	25
389.8001 	Level RINSE 	25
391.7848 	DATA 	Keypress: o
391.8003 	Level jitter 	25
396.7794 	Level finished 	25
396.7807 	DATA 	Keypress: o
396.7818 	DATA 	Keypress: o
396.7828 	DATA 	Keypress: o
396.8006 	Level image=waterlogo.jpg 	25
397.8006 	Level injecting via pump at address 0 	25
403.7846 	DATA 	Keypress: o
403.7856 	DATA 	Keypress: o
403.7867 	DATA 	Keypress: o
403.8015 	Level WAIT 	25
404.7818 	DATA 	Keypress: o
404.8012 	Level RINSE 	25
406.7849 	DATA 	Keypress: o
406.8013 	Level jitter 	25
415.7794 	Level finished 	25
415.7808 	DATA 	Keypress: o
415.7819 	DATA 	Keypress: o
415.7831 	DATA 	Keypress: o
415.7841 	DATA 	Keypress: o
415.8024 	Level image=tasty.jpg 	25
416.7822 	DATA 	Keypress: o
416.8020 	Level injecting via pump at address 1 	25
422.7846 	DATA 	Keypress: o
422.7859 	DATA 	Keypress: o
422.7871 	DATA 	Keypress: o
422.8023 	Level WAIT 	25
423.8024 	Level RINSE 	25
425.7848 	DATA 	Keypress: o
425.8030 	Level jitter 	25
427.7794 	Level finished 	25
427.7805 	DATA 	Keypress: o
427.8026 	Level image=waterlogo.jpg 	25
428.7817 	DATA 	Keypress: o
428.8028 	Level injecting via pump at address 0 	25
434.7850 	DATA 	Keypress: o
434.7867 	DATA 	Keypress: o
434.7882 	DATA 	Keypress: o
434.8032 	Level WAIT 	25
435.8038 	Level RINSE 	25
437.7842 	DATA 	Keypress: o
437.8033 	Level jitter 	25
440.7794 	Level finished 	25
440.7809 	DATA 	Keypress: o
440.7822 	DATA 	Keypress: o
440.8036 	Level image=waterlogo.jpg 	25
441.8037 	Level injecting via pump at address 0 	25
447.7848 	DATA 	Keypress: o
447.7860 	DATA 	Keypress: o
447.7873 	DATA 	Keypress: o
447.8045 	Level WAIT 	25
448.7823 	DATA 	Keypress: o
448.8042 	Level RINSE 	25
450.7851 	DATA 	Keypress: o
450.8043 	Level jitter 	25
455.7794 	Level finished 	25
455.7809 	DATA 	Keypress: o
455.7822 	DATA 	Keypress: o
455.8046 	Level image=tasty.jpg 	25
456.7818 	DATA 	Keypress: o
456.8047 	Level injecting via pump at address 1 	25
462.7846 	DATA 	Keypress: o
462.7856 	DATA 	Keypress: o
462.7866 	DATA 	Keypress: o
462.8055 	Level WAIT 	25
463.8053 	Level RINSE 	25
465.7852 	DATA 	Keypress: o
465.8053 	Level jitter 	25
467.7794 	Level finished 	25
467.7806 	DATA 	Keypress: o
467.8054 	Level image=tasty.jpg 	25
468.7824 	DATA 	Keypress: o
468.7889 	Level injecting via pump at address 1 	25
474.7843 	DATA 	Keypress: o
474.7853 	DATA 	Keypress: o
474.7862 	DATA 	Keypress: o
474.8064 	Level WAIT 	25
475.8060 	Level RINSE 	25
477.7848 	DATA 	Keypress: o
477.7894 	Level jitter 	25
484.7794 	Level finished 	25
484.7807 	DATA 	Keypress: o
484.7817 	DATA 	Keypress: o
484.7827 	DATA 	Keypress: o
484.7837 	DATA 	Keypress: o
484.8070 	Level image=waterlogo.jpg 	25
485.8067 	Level injecting via pump at address 0 	25
491.7850 	DATA 	Keypress: o
491.7863 	DATA 	Keypress: o
491.7876 	DATA 	Keypress: o
491.8071 	Level WAIT 	25
492.7823 	DATA 	Keypress: o
492.8073 	Level RINSE 	25
494.7848 	DATA 	Keypress: o
494.8077 	Level jitter 	25
497.7794 	Level finished 	25
497.7807 	DATA 	Keypress: o
497.8075 	Level image=tasty.jpg 	25
498.7819 	DATA 	Keypress: o
498.8076 	Level injecting via pump at address 1 	25
504.7849 	DATA 	Keypress: o
504.7860 	DATA 	Keypress: o
504.7870 	DATA 	Keypress: o
504.8084 	Level WAIT 	25
505.7914 	Level RINSE 	25
507.7849 	DATA 	Keypress: o
507.8083 	Level jitter 	25
509.7794 	Level finished 	25
509.7807 	DATA 	Keypress: o
509.8083 	Level image=waterlogo.jpg 	25
510.7820 	DATA 	Keypress: o
510.8084 	Level injecting via pump at address 0 	25
516.7840 	DATA 	Keypress: o
516.7850 	DATA 	Keypress: o
516.7860 	DATA 	Keypress: o
516.8092 	Level WAIT 	25
517.8089 	Level RINSE 	25
519.7839 	DATA 	Keypress: o
519.8090 	Level jitter 	25
527.7794 	Level finished 	25
527.7806 	DATA 	Keypress: o
527.7817 	DATA 	Keypress: o
527.7826 	DATA 	Keypress: o
527.7836 	DATA 	Keypress: o
527.7933 	Level image=tasty.jpg 	25
528.7817 	DATA 	Keypress: o
528.7930 	Level injecting via pump at address 1 	25
534.7842 	DATA 	Keypress: o
534.7853 	DATA 	Keypress: o
534.7865 	DATA 	Keypress: o
534.8101 	Level WAIT 	25
535.7935 	Level RINSE 	25
537.7853 	DATA 	Keypress: o
537.7940 	Level jitter 	25
539.7794 	Level finished 	25
539.7806 	DATA 	Keypress: o
539.8104 	Level image=waterlogo.jpg 	25
540.7822 	DATA 	Keypress: o
540.7938 	Level injecting via pump at address 0 	25
546.7839 	DATA 	Keypress: o
546.7850 	DATA 	Keypress: o
546.7863 	DATA 	Keypress: o
546.7943 	Level WAIT 	25
547.7948 	Level RINSE 	25
549.7847 	DATA 	Keypress: o
549.7944 	Level jitter 	25
556.7794 	Level finished 	25
