59.7238 	DATA 	Keypress: o
59.7245 	Level start key press 	25
61.7349 	DATA 	Keypress: o
63.7357 	DATA 	Keypress: o
65.7350 	DATA 	Keypress: o
67.7371 	DATA 	Keypress: o
68.5148 	Level image=tasty.jpg 	25
69.4501 	Level injecting via pump at address 1 	25
75.4422 	DATA 	Keypress: o
75.4435 	DATA 	Keypress: o
75.4445 	DATA 	Keypress: o
75.4508 	Level WAIT 	25
76.4393 	DATA 	Keypress: o
76.4618 	Level RINSE 	25
78.4508 	DATA 	Keypress: o
78.4680 	Level jitter 	25
87.4362 	Level finished 	25
87.4378 	DATA 	Keypress: o
87.4391 	DATA 	Keypress: o
87.4403 	DATA 	Keypress: o
87.4415 	DATA 	Keypress: o
87.4551 	Level image=waterlogo.jpg 	25
88.4391 	DATA 	Keypress: o
88.4661 	Level injecting via pump at address 0 	25
94.4417 	DATA 	Keypress: o
94.4427 	DATA 	Keypress: o
94.4437 	DATA 	Keypress: o
94.4507 	Level WAIT 	25
95.4457 	Level RINSE 	25
97.4423 	DATA 	Keypress: o
97.4681 	Level jitter 	25
101.4362 	Level finished 	25
101.4378 	DATA 	Keypress: o
101.4390 	DATA 	Keypress: o
101.4470 	Level image=tasty.jpg 	25
102.4390 	DATA 	Keypress: o
102.4588 	Level injecting via pump at address 1 	25
108.4421 	DATA 	Keypress: o
108.4437 	DATA 	Keypress: o
108.4449 	DATA 	Keypress: o
108.4601 	Level WAIT 	25
109.4509 	Level RINSE 	25
111.4412 	DATA 	Keypress: o
111.4606 	Level jitter 	25
115.4362 	Level finished 	25
115.4378 	DATA 	Keypress: o
115.4392 	DATA 	Keypress: o
115.4561 	Level image=waterlogo.jpg 	25
116.4393 	DATA 	Keypress: o
116.4685 	Level injecting via pump at address 0 	25
122.4418 	DATA 	Keypress: o
122.4428 	DATA 	Keypress: o
122.4438 	DATA 	Keypress: o
122.4532 	Level WAIT 	25
123.4475 	Level RINSE 	25
125.4423 	DATA 	Keypress: o
125.4538 	Level jitter 	25
129.4362 	Level finished 	25
129.4378 	DATA 	Keypress: o
129.4398 	DATA 	Keypress: o
129.4661 	Level image=waterlogo.jpg 	25
130.4390 	DATA 	Keypress: o
130.4447 	Level injecting via pump at address 0 	25
136.4415 	DATA 	Keypress: o
136.4428 	DATA 	Keypress: o
136.4440 	DATA 	Keypress: o
136.4535 	Level WAIT 	25
137.4407 	Level RINSE 	25
139.4431 	DATA 	Keypress: o
139.4637 	Level jitter 	25
143.4362 	Level finished 	25
143.4378 	DATA 	Keypress: o
143.4390 	DATA 	Keypress: o
143.4532 	Level image=tasty.jpg 	25
144.4393 	DATA 	Keypress: o
144.4533 	Level injecting via pump at address 1 	25
150.4411 	DATA 	Keypress: o
150.4421 	DATA 	Keypress: o
150.4430 	DATA 	Keypress: o
150.4551 	Level WAIT 	25
151.4498 	Level RINSE 	25
153.4421 	DATA 	Keypress: o
153.4548 	Level jitter 	25
159.4362 	Level finished 	25
159.4380 	DATA 	Keypress: o
159.4393 	DATA 	Keypress: o
159.4405 	DATA 	Keypress: o
159.4544 	Level image=waterlogo.jpg 	25
160.4400 	DATA 	Keypress: o
160.4528 	Level injecting via pump at address 0 	25
166.4442 	DATA 	Keypress: o
166.4458 	DATA 	Keypress: o
166.4470 	DATA 	Keypress: o
166.4709 	Level WAIT 	25
167.4487 	Level RINSE 	25
169.4419 	DATA 	Keypress: o
169.4557 	Level jitter 	25
172.4362 	Level finished 	25
172.4378 	DATA 	Keypress: o
172.4393 	DATA 	Keypress: o
172.4728 	Level image=tasty.jpg 	25
173.4505 	Level injecting via pump at address 1 	25
179.4421 	DATA 	Keypress: o
179.4434 	DATA 	Keypress: o
179.4446 	DATA 	Keypress: o
179.4528 	Level WAIT 	25
180.4392 	DATA 	Keypress: o
180.4637 	Level RINSE 	25
182.4417 	DATA 	Keypress: o
182.4539 	Level jitter 	25
185.4362 	Level finished 	25
185.4377 	DATA 	Keypress: o
185.4705 	Level image=waterlogo.jpg 	25
186.4393 	DATA 	Keypress: o
186.4495 	Level injecting via pump at address 0 	25
192.4426 	DATA 	Keypress: o
192.4438 	DATA 	Keypress: o
192.4448 	DATA 	Keypress: o
192.4511 	Level WAIT 	25
193.4458 	Level RINSE 	25
195.4424 	DATA 	Keypress: o
195.4518 	Level jitter 	25
199.4362 	Level finished 	25
199.4376 	DATA 	Keypress: o
199.4388 	DATA 	Keypress: o
199.4634 	Level image=waterlogo.jpg 	25
200.4390 	DATA 	Keypress: o
200.4584 	Level injecting via pump at address 0 	25
206.4409 	DATA 	Keypress: o
206.4421 	DATA 	Keypress: o
206.4434 	DATA 	Keypress: o
206.4604 	Level WAIT 	25
207.4546 	Level RINSE 	25
209.4422 	DATA 	Keypress: o
209.4579 	Level jitter 	25
214.4362 	Level finished 	25
214.4378 	DATA 	Keypress: o
214.4390 	DATA 	Keypress: o
214.4401 	DATA 	Keypress: o
214.4515 	Level image=tasty.jpg 	25
215.4462 	Level injecting via pump at address 1 	25
221.4414 	DATA 	Keypress: o
221.4429 	DATA 	Keypress: o
221.4440 	DATA 	Keypress: o
221.4476 	Level WAIT 	25
222.4390 	DATA 	Keypress: o
222.4597 	Level RINSE 	25
224.4423 	DATA 	Keypress: o
224.4488 	Level jitter 	25
227.4362 	Level finished 	25
227.4376 	DATA 	Keypress: o
227.4498 	Level image=waterlogo.jpg 	25
228.4389 	DATA 	Keypress: o
228.4609 	Level injecting via pump at address 0 	25
234.4423 	DATA 	Keypress: o
234.4437 	DATA 	Keypress: o
234.4452 	DATA 	Keypress: o
234.4624 	Level WAIT 	25
235.4568 	Level RINSE 	25
237.4410 	DATA 	Keypress: o
237.4474 	Level jitter 	25
245.4362 	Level finished 	25
245.4379 	DATA 	Keypress: o
245.4392 	DATA 	Keypress: o
245.4405 	DATA 	Keypress: o
245.4417 	DATA 	Keypress: o
245.4546 	Level image=tasty.jpg 	25
246.4387 	DATA 	Keypress: o
246.4446 	Level injecting via pump at address 1 	25
252.4416 	DATA 	Keypress: o
252.4428 	DATA 	Keypress: o
252.4443 	DATA 	Keypress: o
252.4506 	Level WAIT 	25
253.4621 	Level RINSE 	25
255.4417 	DATA 	Keypress: o
255.4519 	Level jitter 	25
257.4362 	Level finished 	25
257.4376 	DATA 	Keypress: o
257.4576 	Level image=tasty.jpg 	25
258.4390 	DATA 	Keypress: o
258.4449 	Level injecting via pump at address 1 	25
264.4424 	DATA 	Keypress: o
264.4438 	DATA 	Keypress: o
264.4452 	DATA 	Keypress: o
264.4547 	Level WAIT 	25
265.4492 	Level RINSE 	25
267.4418 	DATA 	Keypress: o
267.4555 	Level jitter 	25
269.4362 	Level finished 	25
269.4373 	DATA 	Keypress: o
269.4609 	Level image=waterlogo.jpg 	25
270.4389 	DATA 	Keypress: o
270.4567 	Level injecting via pump at address 0 	25
276.4419 	DATA 	Keypress: o
276.4431 	DATA 	Keypress: o
276.4443 	DATA 	Keypress: o
276.4581 	Level WAIT 	25
277.4457 	Level RINSE 	25
279.4418 	DATA 	Keypress: o
279.4588 	Level jitter 	25
282.4362 	Level finished 	25
282.4378 	DATA 	Keypress: o
282.4393 	DATA 	Keypress: o
282.4591 	Level image=tasty.jpg 	25
283.4472 	Level injecting via pump at address 1 	25
289.4412 	DATA 	Keypress: o
289.4422 	DATA 	Keypress: o
289.4433 	DATA 	Keypress: o
289.4559 	Level WAIT 	25
290.4391 	DATA 	Keypress: o
290.4468 	Level RINSE 	25
292.4422 	DATA 	Keypress: o
292.4468 	Level jitter 	25
294.4362 	Level finished 	25
294.4376 	DATA 	Keypress: o
294.4629 	Level image=waterlogo.jpg 	25
295.4407 	Level injecting via pump at address 0 	25
301.4412 	DATA 	Keypress: o
301.4425 	DATA 	Keypress: o
301.4440 	DATA 	Keypress: o
301.4591 	Level WAIT 	25
302.4394 	DATA 	Keypress: o
302.4541 	Level RINSE 	25
304.4416 	DATA 	Keypress: o
304.4598 	Level jitter 	25
305.4362 	Level finished 	25
305.4546 	Level image=tasty.jpg 	25
306.4388 	DATA 	Keypress: o
306.4498 	Level injecting via pump at address 1 	25
312.4419 	DATA 	Keypress: o
312.4432 	DATA 	Keypress: o
312.4446 	DATA 	Keypress: o
312.4521 	Level WAIT 	25
313.4460 	Level RINSE 	25
315.4414 	DATA 	Keypress: o
315.4519 	Level jitter 	25
317.4362 	Level finished 	25
317.4376 	DATA 	Keypress: o
317.4578 	Level image=waterlogo.jpg 	25
318.4394 	DATA 	Keypress: o
318.4528 	Level injecting via pump at address 0 	25
324.4433 	DATA 	Keypress: o
324.4447 	DATA 	Keypress: o
324.4458 	DATA 	Keypress: o
324.4554 	Level WAIT 	25
325.4666 	Level RINSE 	25
327.4422 	DATA 	Keypress: o
327.4552 	Level jitter 	25
333.4362 	Level finished 	25
333.4378 	DATA 	Keypress: o
333.4391 	DATA 	Keypress: o
333.4402 	DATA 	Keypress: o
333.4568 	Level image=waterlogo.jpg 	25
334.4392 	DATA 	Keypress: o
334.4520 	Level injecting via pump at address 0 	25
340.4423 	DATA 	Keypress: o
340.4437 	DATA 	Keypress: o
340.4447 	DATA 	Keypress: o
340.4541 	Level WAIT 	25
341.4487 	Level RINSE 	25
343.4418 	DATA 	Keypress: o
343.4504 	Level jitter 	25
346.4362 	Level finished 	25
346.4378 	DATA 	Keypress: o
346.4392 	DATA 	Keypress: o
346.4565 	Level image=tasty.jpg 	25
347.4500 	Level injecting via pump at address 1 	25
353.4410 	DATA 	Keypress: o
353.4420 	DATA 	Keypress: o
353.4430 	DATA 	Keypress: o
353.4691 	Level WAIT 	25
354.4391 	DATA 	Keypress: o
354.4468 	Level RINSE 	25
356.4421 	DATA 	Keypress: o
356.4519 	Level jitter 	25
364.4362 	Level finished 	25
364.4376 	DATA 	Keypress: o
364.4387 	DATA 	Keypress: o
364.4397 	DATA 	Keypress: o
364.4407 	DATA 	Keypress: o
364.4519 	Level image=waterlogo.jpg 	25
365.4559 	Level injecting via pump at address 0 	25
371.4421 	DATA 	Keypress: o
371.4433 	DATA 	Keypress: o
371.4442 	DATA 	Keypress: o
371.4570 	Level WAIT 	25
372.4389 	DATA 	Keypress: o
372.4514 	Level RINSE 	25
374.4421 	DATA 	Keypress: o
374.4524 	Level jitter 	25
379.4362 	Level finished 	25
379.4376 	DATA 	Keypress: o
379.4388 	DATA 	Keypress: o
379.4648 	Level image=tasty.jpg 	25
380.4387 	DATA 	Keypress: o
380.4428 	Level injecting via pump at address 1 	25
386.4415 	DATA 	Keypress: o
386.4428 	DATA 	Keypress: o
386.4440 	DATA 	Keypress: o
386.4546 	Level WAIT 	25
387.4535 	Level RINSE 	25
389.4417 	DATA 	Keypress: o
389.4449 	Level jitter 	25
393.4362 	Level finished 	25
393.4378 	DATA 	Keypress: o
393.4392 	DATA 	Keypress: o
393.4538 	Level image=waterlogo.jpg 	25
394.4394 	DATA 	Keypress: o
394.4687 	Level injecting via pump at address 0 	25
400.4428 	DATA 	Keypress: o
400.4440 	DATA 	Keypress: o
400.4452 	DATA 	Keypress: o
400.4708 	Level WAIT 	25
401.4488 	Level RINSE 	25
403.4424 	DATA 	Keypress: o
403.4556 	Level jitter 	25
408.4362 	Level finished 	25
408.4378 	DATA 	Keypress: o
408.4391 	DATA 	Keypress: o
408.4403 	DATA 	Keypress: o
408.4625 	Level image=tasty.jpg 	25
409.4408 	Level injecting via pump at address 1 	25
415.4421 	DATA 	Keypress: o
415.4435 	DATA 	Keypress: o
415.4447 	DATA 	Keypress: o
415.4562 	Level WAIT 	25
416.4393 	DATA 	Keypress: o
416.4528 	Level RINSE 	25
418.4416 	DATA 	Keypress: o
418.4591 	Level jitter 	25
427.4362 	Level finished 	25
427.4377 	DATA 	Keypress: o
427.4390 	DATA 	Keypress: o
427.4403 	DATA 	Keypress: o
427.4415 	DATA 	Keypress: o
427.4565 	Level image=waterlogo.jpg 	25
428.4393 	DATA 	Keypress: o
428.4569 	Level injecting via pump at address 0 	25
434.4429 	DATA 	Keypress: o
434.4443 	DATA 	Keypress: o
434.4455 	DATA 	Keypress: o
434.4579 	Level WAIT 	25
435.4408 	Level RINSE 	25
437.4420 	DATA 	Keypress: o
437.4576 	Level jitter 	25
446.4362 	Level finished 	25
446.4378 	DATA 	Keypress: o
446.4393 	DATA 	Keypress: o
446.4409 	DATA 	Keypress: o
446.4422 	DATA 	Keypress: o
446.4434 	DATA 	Keypress: o
446.4616 	Level image=tasty.jpg 	25
447.4573 	Level injecting via pump at address 1 	25
453.4420 	DATA 	Keypress: o
453.4433 	DATA 	Keypress: o
453.4444 	DATA 	Keypress: o
453.4580 	Level WAIT 	25
454.4389 	DATA 	Keypress: o
454.4525 	Level RINSE 	25
456.4420 	DATA 	Keypress: o
456.4590 	Level jitter 	25
460.4362 	Level finished 	25
460.4379 	DATA 	Keypress: o
460.4392 	DATA 	Keypress: o
460.4550 	Level image=tasty.jpg 	25
461.4488 	Level injecting via pump at address 1 	25
467.4420 	DATA 	Keypress: o
467.4433 	DATA 	Keypress: o
467.4447 	DATA 	Keypress: o
467.4511 	Level WAIT 	25
468.4390 	DATA 	Keypress: o
468.4452 	Level RINSE 	25
470.4419 	DATA 	Keypress: o
470.4517 	Level jitter 	25
473.4362 	Level finished 	25
473.4376 	DATA 	Keypress: o
473.4528 	Level image=waterlogo.jpg 	25
474.4391 	DATA 	Keypress: o
474.4427 	Level injecting via pump at address 0 	25
480.4424 	DATA 	Keypress: o
480.4439 	DATA 	Keypress: o
480.4451 	DATA 	Keypress: o
480.4500 	Level WAIT 	25
481.4600 	Level RINSE 	25
483.4419 	DATA 	Keypress: o
483.4499 	Level jitter 	25
484.4362 	Level finished 	25
484.4376 	DATA 	Keypress: o
484.4618 	Level image=tasty.jpg 	25
485.4565 	Level injecting via pump at address 1 	25
491.4420 	DATA 	Keypress: o
491.4432 	DATA 	Keypress: o
491.4442 	DATA 	Keypress: o
491.4741 	Level WAIT 	25
492.4392 	DATA 	Keypress: o
492.4529 	Level RINSE 	25
494.4412 	DATA 	Keypress: o
494.4581 	Level jitter 	25
501.4362 	Level finished 	25
501.4376 	DATA 	Keypress: o
501.4388 	DATA 	Keypress: o
501.4399 	DATA 	Keypress: o
501.4550 	Level image=waterlogo.jpg 	25
502.4391 	DATA 	Keypress: o
502.4493 	Level injecting via pump at address 0 	25
508.4413 	DATA 	Keypress: o
508.4424 	DATA 	Keypress: o
508.4434 	DATA 	Keypress: o
508.4517 	Level WAIT 	25
509.4464 	Level RINSE 	25
511.4433 	DATA 	Keypress: o
511.4521 	Level jitter 	25
512.4362 	Level finished 	25
512.4375 	DATA 	Keypress: o
512.4639 	Level image=tasty.jpg 	25
513.4418 	Level injecting via pump at address 1 	25
519.4421 	DATA 	Keypress: o
519.4434 	DATA 	Keypress: o
519.4446 	DATA 	Keypress: o
519.4596 	Level WAIT 	25
520.4390 	DATA 	Keypress: o
520.4545 	Level RINSE 	25
522.4418 	DATA 	Keypress: o
522.4609 	Level jitter 	25
528.4362 	Level finished 	25
