43.0074 	DATA 	Keypress: o
43.0084 	Level start key press 	25
45.0176 	DATA 	Keypress: o
47.0176 	DATA 	Keypress: o
49.0177 	DATA 	Keypress: o
51.0179 	DATA 	Keypress: o
51.4155 	Level image=waterlogo.jpg 	25
52.3494 	Level injecting via pump at address 0 	25
58.3376 	DATA 	Keypress: o
58.3389 	DATA 	Keypress: o
58.3401 	DATA 	Keypress: o
58.3493 	Level WAIT 	25
59.3354 	DATA 	Keypress: o
59.3494 	Level RINSE 	25
61.3458 	DATA 	Keypress: o
61.3495 	Level jitter 	25
68.3323 	Level finished 	25
68.3335 	DATA 	Keypress: o
68.3346 	DATA 	Keypress: o
68.3359 	DATA 	Keypress: o
68.3505 	Level image=waterlogo.jpg 	25
69.3347 	DATA 	Keypress: o
69.3502 	Level injecting via pump at address 0 	25
75.3375 	DATA 	Keypress: o
75.3387 	DATA 	Keypress: o
75.3398 	DATA 	Keypress: o
75.3672 	Level WAIT 	25
76.3506 	Level RINSE 	25
78.3375 	DATA 	Keypress: o
78.3511 	Level jitter 	25
83.3323 	Level finished 	25
83.3335 	DATA 	Keypress: o
83.3345 	DATA 	Keypress: o
83.3355 	DATA 	Keypress: o
83.3511 	Level image=tasty.jpg 	25
84.3512 	Level injecting via pump at address 1 	25
90.3380 	DATA 	Keypress: o
90.3394 	DATA 	Keypress: o
90.3405 	DATA 	Keypress: o
90.3519 	Level WAIT 	25
91.3349 	DATA 	Keypress: o
91.3516 	Level RINSE 	25
93.3376 	DATA 	Keypress: o
93.3517 	Level jitter 	25
96.3323 	Level finished 	25
96.3334 	DATA 	Keypress: o
96.3520 	Level image=tasty.jpg 	25
97.3348 	DATA 	Keypress: o
97.3521 	Level injecting via pump at address 0 	25
103.3379 	DATA 	Keypress: o
103.3393 	DATA 	Keypress: o
103.3405 	DATA 	Keypress: o
103.3529 	Level WAIT 	25
104.3525 	Level RINSE 	25
106.3374 	DATA 	Keypress: o
106.3526 	Level jitter 	25
112.3323 	Level finished 	25
112.3339 	DATA 	Keypress: o
112.3350 	DATA 	Keypress: o
112.3360 	DATA 	Keypress: o
112.3531 	Level image=tasty.jpg 	25
113.3349 	DATA 	Keypress: o
113.3537 	Level injecting via pump at address 0 	25
119.3383 	DATA 	Keypress: o
119.3397 	DATA 	Keypress: o
119.3410 	DATA 	Keypress: o
119.3703 	Level WAIT 	25
120.3369 	Level RINSE 	25
122.3371 	DATA 	Keypress: o
122.3537 	Level jitter 	25
131.3323 	Level finished 	25
131.3336 	DATA 	Keypress: o
131.3347 	DATA 	Keypress: o
131.3357 	DATA 	Keypress: o
131.3367 	DATA 	Keypress: o
131.3377 	DATA 	Keypress: o
131.3548 	Level image=tasty.jpg 	25
132.3545 	Level injecting via pump at address 1 	25
138.3376 	DATA 	Keypress: o
138.3389 	DATA 	Keypress: o
138.3401 	DATA 	Keypress: o
138.3548 	Level WAIT 	25
139.3351 	DATA 	Keypress: o
139.3383 	Level RINSE 	25
141.3377 	DATA 	Keypress: o
141.3555 	Level jitter 	25
147.3323 	Level finished 	25
147.3337 	DATA 	Keypress: o
147.3349 	DATA 	Keypress: o
147.3358 	DATA 	Keypress: o
147.3555 	Level image=tasty.jpg 	25
148.3555 	Level injecting via pump at address 0 	25
154.3380 	DATA 	Keypress: o
154.3394 	DATA 	Keypress: o
154.3407 	DATA 	Keypress: o
154.3730 	Level WAIT 	25
155.3351 	DATA 	Keypress: o
155.3560 	Level RINSE 	25
157.3377 	DATA 	Keypress: o
157.3562 	Level jitter 	25
160.3323 	Level finished 	25
160.3334 	DATA 	Keypress: o
160.3564 	Level image=tasty.jpg 	25
161.3351 	DATA 	Keypress: o
161.3398 	Level injecting via pump at address 1 	25
167.3377 	DATA 	Keypress: o
167.3391 	DATA 	Keypress: o
167.3404 	DATA 	Keypress: o
167.3572 	Level WAIT 	25
168.3569 	Level RINSE 	25
170.3378 	DATA 	Keypress: o
170.3403 	Level jitter 	25
175.3323 	Level finished 	25
175.3335 	DATA 	Keypress: o
175.3346 	DATA 	Keypress: o
175.3356 	DATA 	Keypress: o
175.3574 	Level image=tasty.jpg 	25
176.3575 	Level injecting via pump at address 0 	25
182.3383 	DATA 	Keypress: o
182.3395 	DATA 	Keypress: o
182.3408 	DATA 	Keypress: o
182.3583 	Level WAIT 	25
183.3354 	DATA 	Keypress: o
183.3414 	Level RINSE 	25
185.3377 	DATA 	Keypress: o
185.3581 	Level jitter 	25
186.3323 	Level finished 	25
186.3415 	Level image=waterlogo.jpg 	25
187.3347 	DATA 	Keypress: o
187.3584 	Level injecting via pump at address 0 	25
193.3369 	DATA 	Keypress: o
193.3379 	DATA 	Keypress: o
193.3389 	DATA 	Keypress: o
193.3590 	Level WAIT 	25
194.3587 	Level RINSE 	25
196.3367 	DATA 	Keypress: o
196.3588 	Level jitter 	25
201.3323 	Level finished 	25
201.3335 	DATA 	Keypress: o
201.3348 	DATA 	Keypress: o
201.3359 	DATA 	Keypress: o
201.3593 	Level image=waterlogo.jpg 	25
202.3426 	Level injecting via pump at address 0 	25
208.3384 	DATA 	Keypress: o
208.3396 	DATA 	Keypress: o
208.3409 	DATA 	Keypress: o
208.3600 	Level WAIT 	25
209.3347 	DATA 	Keypress: o
209.3597 	Level RINSE 	25
211.3384 	DATA 	Keypress: o
211.3433 	Level jitter 	25
214.3323 	Level finished 	25
214.3334 	DATA 	Keypress: o
214.3434 	Level image=tasty.jpg 	25
215.3351 	DATA 	Keypress: o
215.3603 	Level injecting via pump at address 0 	25
221.3368 	DATA 	Keypress: o
221.3380 	DATA 	Keypress: o
221.3393 	DATA 	Keypress: o
221.3610 	Level WAIT 	25
222.3606 	Level RINSE 	25
224.3376 	DATA 	Keypress: o
224.3608 	Level jitter 	25
230.3323 	Level finished 	25
230.3337 	DATA 	Keypress: o
230.3348 	DATA 	Keypress: o
230.3358 	DATA 	Keypress: o
230.3613 	Level image=waterlogo.jpg 	25
231.3347 	DATA 	Keypress: o
231.3619 	Level injecting via pump at address 0 	25
237.3368 	DATA 	Keypress: o
237.3380 	DATA 	Keypress: o
237.3390 	DATA 	Keypress: o
237.3616 	Level WAIT 	25
238.3617 	Level RINSE 	25
240.3375 	DATA 	Keypress: o
240.3618 	Level jitter 	25
242.3323 	Level finished 	25
242.3334 	DATA 	Keypress: o
242.3458 	Level image=waterlogo.jpg 	25
243.3351 	DATA 	Keypress: o
243.3454 	Level injecting via pump at address 0 	25
249.3381 	DATA 	Keypress: o
249.3394 	DATA 	Keypress: o
249.3406 	DATA 	Keypress: o
249.3625 	Level WAIT 	25
250.3459 	Level RINSE 	25
252.3373 	DATA 	Keypress: o
252.3465 	Level jitter 	25
260.3323 	Level finished 	25
260.3337 	DATA 	Keypress: o
260.3350 	DATA 	Keypress: o
260.3363 	DATA 	Keypress: o
260.3375 	DATA 	Keypress: o
260.3634 	Level image=tasty.jpg 	25
261.3346 	DATA 	Keypress: o
261.3467 	Level injecting via pump at address 0 	25
267.3376 	DATA 	Keypress: o
267.3389 	DATA 	Keypress: o
267.3399 	DATA 	Keypress: o
267.3475 	Level WAIT 	25
268.3473 	Level RINSE 	25
270.3377 	DATA 	Keypress: o
270.3473 	Level jitter 	25
275.3323 	Level finished 	25
275.3337 	DATA 	Keypress: o
275.3350 	DATA 	Keypress: o
275.3361 	DATA 	Keypress: o
275.3644 	Level image=waterlogo.jpg 	25
276.3477 	Level injecting via pump at address 0 	25
282.3372 	DATA 	Keypress: o
282.3383 	DATA 	Keypress: o
282.3393 	DATA 	Keypress: o
282.3652 	Level WAIT 	25
283.3354 	DATA 	Keypress: o
283.3483 	Level RINSE 	25
285.3375 	DATA 	Keypress: o
285.3650 	Level jitter 	25
290.3323 	Level finished 	25
290.3337 	DATA 	Keypress: o
290.3350 	DATA 	Keypress: o
290.3653 	Level image=tasty.jpg 	25
291.3353 	DATA 	Keypress: o
291.3654 	Level injecting via pump at address 0 	25
297.3370 	DATA 	Keypress: o
297.3383 	DATA 	Keypress: o
297.3394 	DATA 	Keypress: o
297.3662 	Level WAIT 	25
298.3493 	Level RINSE 	25
300.3377 	DATA 	Keypress: o
300.3660 	Level jitter 	25
307.3323 	Level finished 	25
307.3337 	DATA 	Keypress: o
307.3349 	DATA 	Keypress: o
307.3359 	DATA 	Keypress: o
307.3369 	DATA 	Keypress: o
307.3669 	Level image=tasty.jpg 	25
308.3499 	Level injecting via pump at address 1 	25
314.3378 	DATA 	Keypress: o
314.3393 	DATA 	Keypress: o
314.3404 	DATA 	Keypress: o
314.3503 	Level WAIT 	25
315.3349 	DATA 	Keypress: o
315.3504 	Level RINSE 	25
317.3373 	DATA 	Keypress: o
317.3509 	Level jitter 	25
321.3323 	Level finished 	25
321.3340 	DATA 	Keypress: o
321.3356 	DATA 	Keypress: o
321.3508 	Level image=tasty.jpg 	25
322.3509 	Level injecting via pump at address 0 	25
328.3378 	DATA 	Keypress: o
328.3392 	DATA 	Keypress: o
328.3405 	DATA 	Keypress: o
328.3683 	Level WAIT 	25
329.3356 	DATA 	Keypress: o
329.3681 	Level RINSE 	25
331.3367 	DATA 	Keypress: o
331.3514 	Level jitter 	25
334.3323 	Level finished 	25
334.3335 	DATA 	Keypress: o
334.3517 	Level image=tasty.jpg 	25
335.3349 	DATA 	Keypress: o
335.3518 	Level injecting via pump at address 1 	25
341.3375 	DATA 	Keypress: o
341.3388 	DATA 	Keypress: o
341.3401 	DATA 	Keypress: o
341.3692 	Level WAIT 	25
342.3524 	Level RINSE 	25
344.3377 	DATA 	Keypress: o
344.3524 	Level jitter 	25
349.3323 	Level finished 	25
349.3335 	DATA 	Keypress: o
349.3345 	DATA 	Keypress: o
349.3355 	DATA 	Keypress: o
349.3527 	Level image=tasty.jpg 	25
350.3528 	Level injecting via pump at address 0 	25
356.3369 	DATA 	Keypress: o
356.3383 	DATA 	Keypress: o
356.3395 	DATA 	Keypress: o
356.3537 	Level WAIT 	25
357.3354 	DATA 	Keypress: o
357.3534 	Level RINSE 	25
359.3378 	DATA 	Keypress: o
359.3534 	Level jitter 	25
360.3323 	Level finished 	25
360.3703 	Level image=tasty.jpg 	25
361.3351 	DATA 	Keypress: o
361.3537 	Level injecting via pump at address 1 	25
367.3378 	DATA 	Keypress: o
367.3391 	DATA 	Keypress: o
367.3404 	DATA 	Keypress: o
367.3544 	Level WAIT 	25
368.3541 	Level RINSE 	25
370.3379 	DATA 	Keypress: o
370.3542 	Level jitter 	25
379.3323 	Level finished 	25
379.3336 	DATA 	Keypress: o
379.3347 	DATA 	Keypress: o
379.3357 	DATA 	Keypress: o
379.3366 	DATA 	Keypress: o
379.3376 	DATA 	Keypress: o
379.3552 	Level image=tasty.jpg 	25
380.3549 	Level injecting via pump at address 1 	25
386.3377 	DATA 	Keypress: o
386.3389 	DATA 	Keypress: o
386.3402 	DATA 	Keypress: o
386.3553 	Level WAIT 	25
387.3354 	DATA 	Keypress: o
387.3553 	Level RINSE 	25
389.3376 	DATA 	Keypress: o
389.3559 	Level jitter 	25
398.3323 	Level finished 	25
398.3339 	DATA 	Keypress: o
398.3352 	DATA 	Keypress: o
398.3364 	DATA 	Keypress: o
398.3376 	DATA 	Keypress: o
398.3562 	Level image=tasty.jpg 	25
399.3347 	DATA 	Keypress: o
399.3568 	Level injecting via pump at address 0 	25
405.3384 	DATA 	Keypress: o
405.3397 	DATA 	Keypress: o
405.3410 	DATA 	Keypress: o
405.3566 	Level WAIT 	25
406.3567 	Level RINSE 	25
408.3377 	DATA 	Keypress: o
408.3568 	Level jitter 	25
410.3323 	Level finished 	25
