58.6102 	DATA 	Keypress: o
58.6112 	Level start key press 	25
60.6192 	DATA 	Keypress: o
62.6192 	DATA 	Keypress: o
64.6194 	DATA 	Keypress: o
66.6195 	DATA 	Keypress: o
67.1506 	Level image=tasty.jpg 	25
68.1008 	Level injecting via pump at address 1 	25
74.0885 	DATA 	Keypress: o
74.0895 	DATA 	Keypress: o
74.0905 	DATA 	Keypress: o
74.1183 	Level WAIT 	25
75.0870 	DATA 	Keypress: o
75.1178 	Level RINSE 	25
77.0968 	DATA 	Keypress: o
77.1179 	Level jitter 	25
86.0839 	Level finished 	25
86.0853 	DATA 	Keypress: o
86.0866 	DATA 	Keypress: o
86.0881 	DATA 	Keypress: o
86.0893 	DATA 	Keypress: o
86.1190 	Level image=waterlogo.jpg 	25
87.0862 	DATA 	Keypress: o
87.1020 	Level injecting via pump at address 0 	25
93.0892 	DATA 	Keypress: o
93.0904 	DATA 	Keypress: o
93.0914 	DATA 	Keypress: o
93.1190 	Level WAIT 	25
94.1191 	Level RINSE 	25
96.0888 	DATA 	Keypress: o
96.1030 	Level jitter 	25
100.0839 	Level finished 	25
100.0853 	DATA 	Keypress: o
100.0867 	DATA 	Keypress: o
100.1196 	Level image=tasty.jpg 	25
101.0864 	DATA 	Keypress: o
101.1029 	Level injecting via pump at address 1 	25
107.0884 	DATA 	Keypress: o
107.0898 	DATA 	Keypress: o
107.0909 	DATA 	Keypress: o
107.1037 	Level WAIT 	25
108.1034 	Level RINSE 	25
110.0888 	DATA 	Keypress: o
110.1034 	Level jitter 	25
114.0839 	Level finished 	25
114.0854 	DATA 	Keypress: o
114.0867 	DATA 	Keypress: o
114.1038 	Level image=waterlogo.jpg 	25
115.0864 	DATA 	Keypress: o
115.1039 	Level injecting via pump at address 0 	25
121.0889 	DATA 	Keypress: o
121.0899 	DATA 	Keypress: o
121.0909 	DATA 	Keypress: o
121.1047 	Level WAIT 	25
122.1044 	Level RINSE 	25
124.0892 	DATA 	Keypress: o
124.1045 	Level jitter 	25
128.0839 	Level finished 	25
128.0852 	DATA 	Keypress: o
128.0865 	DATA 	Keypress: o
128.1214 	Level image=waterlogo.jpg 	25
129.0868 	DATA 	Keypress: o
129.1049 	Level injecting via pump at address 0 	25
135.0891 	DATA 	Keypress: o
135.0903 	DATA 	Keypress: o
135.0916 	DATA 	Keypress: o
135.1056 	Level WAIT 	25
136.1053 	Level RINSE 	25
138.0894 	DATA 	Keypress: o
138.1055 	Level jitter 	25
142.0839 	Level finished 	25
142.0855 	DATA 	Keypress: o
142.0867 	DATA 	Keypress: o
142.1059 	Level image=tasty.jpg 	25
143.0865 	DATA 	Keypress: o
143.1059 	Level injecting via pump at address 1 	25
149.0892 	DATA 	Keypress: o
149.0904 	DATA 	Keypress: o
149.0914 	DATA 	Keypress: o
149.1066 	Level WAIT 	25
150.1063 	Level RINSE 	25
152.0898 	DATA 	Keypress: o
152.1064 	Level jitter 	25
158.0839 	Level finished 	25
158.0851 	DATA 	Keypress: o
158.0863 	DATA 	Keypress: o
158.0875 	DATA 	Keypress: o
158.1068 	Level image=waterlogo.jpg 	25
159.0867 	DATA 	Keypress: o
159.1074 	Level injecting via pump at address 0 	25
165.0895 	DATA 	Keypress: o
165.0908 	DATA 	Keypress: o
165.0919 	DATA 	Keypress: o
165.1073 	Level WAIT 	25
166.0908 	Level RINSE 	25
168.0883 	DATA 	Keypress: o
168.1075 	Level jitter 	25
171.0839 	Level finished 	25
171.0851 	DATA 	Keypress: o
171.0861 	DATA 	Keypress: o
171.1083 	Level image=tasty.jpg 	25
172.1078 	Level injecting via pump at address 1 	25
178.0889 	DATA 	Keypress: o
178.0901 	DATA 	Keypress: o
178.0911 	DATA 	Keypress: o
178.1082 	Level WAIT 	25
179.0867 	DATA 	Keypress: o
179.0917 	Level RINSE 	25
181.0896 	DATA 	Keypress: o
181.1088 	Level jitter 	25
184.0839 	Level finished 	25
184.0851 	DATA 	Keypress: o
184.1088 	Level image=waterlogo.jpg 	25
185.0863 	DATA 	Keypress: o
185.0921 	Level injecting via pump at address 0 	25
191.0892 	DATA 	Keypress: o
191.0902 	DATA 	Keypress: o
191.0912 	DATA 	Keypress: o
191.1095 	Level WAIT 	25
192.1092 	Level RINSE 	25
194.0893 	DATA 	Keypress: o
194.0927 	Level jitter 	25
198.0839 	Level finished 	25
198.0851 	DATA 	Keypress: o
198.0861 	DATA 	Keypress: o
198.1097 	Level image=waterlogo.jpg 	25
199.0863 	DATA 	Keypress: o
199.1098 	Level injecting via pump at address 0 	25
205.0890 	DATA 	Keypress: o
205.0903 	DATA 	Keypress: o
205.0915 	DATA 	Keypress: o
205.1104 	Level WAIT 	25
206.1102 	Level RINSE 	25
208.0885 	DATA 	Keypress: o
208.1102 	Level jitter 	25
213.0839 	Level finished 	25
213.0851 	DATA 	Keypress: o
213.0863 	DATA 	Keypress: o
213.0875 	DATA 	Keypress: o
213.1108 	Level image=tasty.jpg 	25
214.0941 	Level injecting via pump at address 1 	25
220.0884 	DATA 	Keypress: o
220.0896 	DATA 	Keypress: o
220.0908 	DATA 	Keypress: o
220.1115 	Level WAIT 	25
221.0873 	DATA 	Keypress: o
221.1112 	Level RINSE 	25
223.0897 	DATA 	Keypress: o
223.1113 	Level jitter 	25
226.0839 	Level finished 	25
226.0850 	DATA 	Keypress: o
226.1116 	Level image=waterlogo.jpg 	25
227.0867 	DATA 	Keypress: o
227.1118 	Level injecting via pump at address 0 	25
233.0894 	DATA 	Keypress: o
233.0907 	DATA 	Keypress: o
233.0919 	DATA 	Keypress: o
233.1124 	Level WAIT 	25
234.1121 	Level RINSE 	25
236.0883 	DATA 	Keypress: o
236.1121 	Level jitter 	25
244.0839 	Level finished 	25
244.0854 	DATA 	Keypress: o
244.0867 	DATA 	Keypress: o
244.0882 	DATA 	Keypress: o
244.0893 	DATA 	Keypress: o
244.1132 	Level image=tasty.jpg 	25
245.0864 	DATA 	Keypress: o
245.0962 	Level injecting via pump at address 1 	25
251.0902 	DATA 	Keypress: o
251.0915 	DATA 	Keypress: o
251.0927 	DATA 	Keypress: o
251.1133 	Level WAIT 	25
252.0967 	Level RINSE 	25
254.0889 	DATA 	Keypress: o
254.0973 	Level jitter 	25
256.0839 	Level finished 	25
256.0850 	DATA 	Keypress: o
256.1137 	Level image=tasty.jpg 	25
257.0868 	DATA 	Keypress: o
257.0971 	Level injecting via pump at address 1 	25
263.0894 	DATA 	Keypress: o
263.0904 	DATA 	Keypress: o
263.0913 	DATA 	Keypress: o
263.0974 	Level WAIT 	25
264.0980 	Level RINSE 	25
266.0892 	DATA 	Keypress: o
266.0976 	Level jitter 	25
268.0839 	Level finished 	25
268.0852 	DATA 	Keypress: o
268.1145 	Level image=waterlogo.jpg 	25
269.0865 	DATA 	Keypress: o
269.0979 	Level injecting via pump at address 0 	25
275.0888 	DATA 	Keypress: o
275.0899 	DATA 	Keypress: o
275.0908 	DATA 	Keypress: o
275.1153 	Level WAIT 	25
276.0983 	Level RINSE 	25
278.0894 	DATA 	Keypress: o
278.1151 	Level jitter 	25
281.0839 	Level finished 	25
281.0852 	DATA 	Keypress: o
281.0864 	DATA 	Keypress: o
281.1153 	Level image=tasty.jpg 	25
282.0989 	Level injecting via pump at address 1 	25
288.0894 	DATA 	Keypress: o
288.0907 	DATA 	Keypress: o
288.0919 	DATA 	Keypress: o
288.0995 	Level WAIT 	25
289.0864 	DATA 	Keypress: o
289.0992 	Level RINSE 	25
291.0896 	DATA 	Keypress: o
291.0993 	Level jitter 	25
293.0839 	Level finished 	25
293.0850 	DATA 	Keypress: o
293.1162 	Level image=waterlogo.jpg 	25
294.0997 	Level injecting via pump at address 0 	25
300.0893 	DATA 	Keypress: o
300.0906 	DATA 	Keypress: o
300.0919 	DATA 	Keypress: o
300.1172 	Level WAIT 	25
301.0865 	DATA 	Keypress: o
301.1000 	Level RINSE 	25
303.0892 	DATA 	Keypress: o
303.1169 	Level jitter 	25
304.0839 	Level finished 	25
304.1002 	Level image=tasty.jpg 	25
305.0867 	DATA 	Keypress: o
305.1004 	Level injecting via pump at address 1 	25
311.0894 	DATA 	Keypress: o
311.0907 	DATA 	Keypress: o
311.0920 	DATA 	Keypress: o
311.1178 	Level WAIT 	25
312.1007 	Level RINSE 	25
314.0888 	DATA 	Keypress: o
314.1009 	Level jitter 	25
316.0839 	Level finished 	25
316.0852 	DATA 	Keypress: o
316.1010 	Level image=waterlogo.jpg 	25
317.0863 	DATA 	Keypress: o
317.1012 	Level injecting via pump at address 0 	25
323.0895 	DATA 	Keypress: o
323.0908 	DATA 	Keypress: o
323.0918 	DATA 	Keypress: o
323.1020 	Level WAIT 	25
324.1017 	Level RINSE 	25
326.0895 	DATA 	Keypress: o
326.1018 	Level jitter 	25
332.0839 	Level finished 	25
332.0853 	DATA 	Keypress: o
332.0865 	DATA 	Keypress: o
332.0876 	DATA 	Keypress: o
332.1022 	Level image=waterlogo.jpg 	25
333.0866 	DATA 	Keypress: o
333.1027 	Level injecting via pump at address 0 	25
339.0895 	DATA 	Keypress: o
339.0908 	DATA 	Keypress: o
339.0920 	DATA 	Keypress: o
339.1027 	Level WAIT 	25
340.1029 	Level RINSE 	25
342.0892 	DATA 	Keypress: o
342.1028 	Level jitter 	25
345.0839 	Level finished 	25
345.0853 	DATA 	Keypress: o
345.0867 	DATA 	Keypress: o
345.1035 	Level image=tasty.jpg 	25
346.1032 	Level injecting via pump at address 1 	25
352.0897 	DATA 	Keypress: o
352.0909 	DATA 	Keypress: o
352.0921 	DATA 	Keypress: o
352.1202 	Level WAIT 	25
353.0867 	DATA 	Keypress: o
353.1203 	Level RINSE 	25
355.0897 	DATA 	Keypress: o
355.1043 	Level jitter 	25
363.0839 	Level finished 	25
363.0853 	DATA 	Keypress: o
363.0866 	DATA 	Keypress: o
363.0878 	DATA 	Keypress: o
363.0890 	DATA 	Keypress: o
363.1043 	Level image=waterlogo.jpg 	25
364.1044 	Level injecting via pump at address 0 	25
370.0900 	DATA 	Keypress: o
370.0913 	DATA 	Keypress: o
370.0925 	DATA 	Keypress: o
370.1052 	Level WAIT 	25
371.0868 	DATA 	Keypress: o
371.1049 	Level RINSE 	25
373.0893 	DATA 	Keypress: o
373.1050 	Level jitter 	25
378.0839 	Level finished 	25
378.0851 	DATA 	Keypress: o
378.0861 	DATA 	Keypress: o
378.1221 	Level image=tasty.jpg 	25
379.0867 	DATA 	Keypress: o
379.1054 	Level injecting via pump at address 1 	25
385.0895 	DATA 	Keypress: o
385.0908 	DATA 	Keypress: o
385.0921 	DATA 	Keypress: o
385.1062 	Level WAIT 	25
386.1059 	Level RINSE 	25
388.0884 	DATA 	Keypress: o
388.1060 	Level jitter 	25
392.0839 	Level finished 	25
392.0851 	DATA 	Keypress: o
392.0862 	DATA 	Keypress: o
392.1063 	Level image=waterlogo.jpg 	25
393.0865 	DATA 	Keypress: o
393.1064 	Level injecting via pump at address 0 	25
399.0888 	DATA 	Keypress: o
399.0899 	DATA 	Keypress: o
399.0908 	DATA 	Keypress: o
399.1072 	Level WAIT 	25
400.0902 	Level RINSE 	25
402.0891 	DATA 	Keypress: o
402.1070 	Level jitter 	25
407.0839 	Level finished 	25
407.0851 	DATA 	Keypress: o
407.0862 	DATA 	Keypress: o
407.0872 	DATA 	Keypress: o
407.1074 	Level image=tasty.jpg 	25
408.1075 	Level injecting via pump at address 1 	25
414.0898 	DATA 	Keypress: o
414.0911 	DATA 	Keypress: o
414.0925 	DATA 	Keypress: o
414.1082 	Level WAIT 	25
415.0867 	DATA 	Keypress: o
415.1079 	Level RINSE 	25
417.0893 	DATA 	Keypress: o
417.1080 	Level jitter 	25
426.0839 	Level finished 	25
426.0853 	DATA 	Keypress: o
426.0866 	DATA 	Keypress: o
426.0878 	DATA 	Keypress: o
426.0890 	DATA 	Keypress: o
426.1092 	Level image=waterlogo.jpg 	25
427.0866 	DATA 	Keypress: o
427.1089 	Level injecting via pump at address 0 	25
433.0891 	DATA 	Keypress: o
433.0904 	DATA 	Keypress: o
433.0917 	DATA 	Keypress: o
433.1091 	Level WAIT 	25
434.1092 	Level RINSE 	25
436.0888 	DATA 	Keypress: o
436.1097 	Level jitter 	25
445.0839 	Level finished 	25
445.0851 	DATA 	Keypress: o
445.0862 	DATA 	Keypress: o
445.0872 	DATA 	Keypress: o
445.0882 	DATA 	Keypress: o
445.0892 	DATA 	Keypress: o
445.1101 	Level image=tasty.jpg 	25
446.1105 	Level injecting via pump at address 1 	25
452.0899 	DATA 	Keypress: o
452.0912 	DATA 	Keypress: o
452.0923 	DATA 	Keypress: o
452.1104 	Level WAIT 	25
453.0867 	DATA 	Keypress: o
453.0939 	Level RINSE 	25
455.0889 	DATA 	Keypress: o
455.1107 	Level jitter 	25
459.0839 	Level finished 	25
459.0853 	DATA 	Keypress: o
459.0867 	DATA 	Keypress: o
459.1114 	Level image=tasty.jpg 	25
460.0944 	Level injecting via pump at address 1 	25
466.0891 	DATA 	Keypress: o
466.0904 	DATA 	Keypress: o
466.0917 	DATA 	Keypress: o
466.1114 	Level WAIT 	25
467.0863 	DATA 	Keypress: o
467.1115 	Level RINSE 	25
469.0889 	DATA 	Keypress: o
469.0953 	Level jitter 	25
472.0839 	Level finished 	25
472.0851 	DATA 	Keypress: o
472.0952 	Level image=waterlogo.jpg 	25
473.0864 	DATA 	Keypress: o
473.0953 	Level injecting via pump at address 0 	25
479.0901 	DATA 	Keypress: o
479.0915 	DATA 	Keypress: o
479.0928 	DATA 	Keypress: o
479.1127 	Level WAIT 	25
480.1124 	Level RINSE 	25
482.0895 	DATA 	Keypress: o
482.1125 	Level jitter 	25
483.0839 	Level finished 	25
483.0852 	DATA 	Keypress: o
483.1127 	Level image=tasty.jpg 	25
484.1128 	Level injecting via pump at address 1 	25
490.0895 	DATA 	Keypress: o
490.0908 	DATA 	Keypress: o
490.0920 	DATA 	Keypress: o
490.1135 	Level WAIT 	25
491.0868 	DATA 	Keypress: o
491.0965 	Level RINSE 	25
493.0885 	DATA 	Keypress: o
493.1133 	Level jitter 	25
500.0839 	Level finished 	25
500.0854 	DATA 	Keypress: o
500.0866 	DATA 	Keypress: o
500.0878 	DATA 	Keypress: o
500.0975 	Level image=waterlogo.jpg 	25
501.0869 	DATA 	Keypress: o
501.0972 	Level injecting via pump at address 0 	25
507.0894 	DATA 	Keypress: o
507.0907 	DATA 	Keypress: o
507.0919 	DATA 	Keypress: o
507.1142 	Level WAIT 	25
508.0977 	Level RINSE 	25
510.0909 	DATA 	Keypress: o
510.0982 	Level jitter 	25
511.0839 	Level finished 	25
511.0850 	DATA 	Keypress: o
511.1146 	Level image=tasty.jpg 	25
512.1148 	Level injecting via pump at address 1 	25
518.0895 	DATA 	Keypress: o
518.0909 	DATA 	Keypress: o
518.0922 	DATA 	Keypress: o
518.1150 	Level WAIT 	25
519.0868 	DATA 	Keypress: o
519.0984 	Level RINSE 	25
521.0889 	DATA 	Keypress: o
521.1156 	Level jitter 	25
527.0839 	Level finished 	25
