57.0362 	DATA 	Keypress: o
57.0370 	Level start key press 	25
59.0498 	DATA 	Keypress: o
61.0498 	DATA 	Keypress: o
63.0501 	DATA 	Keypress: o
65.0504 	DATA 	Keypress: o
65.5147 	Level image=tasty.jpg 	25
66.4649 	Level injecting via pump at address 1 	25
72.4370 	DATA 	Keypress: o
72.4382 	DATA 	Keypress: o
72.4393 	DATA 	Keypress: o
72.4659 	Level WAIT 	25
73.4342 	DATA 	Keypress: o
73.4491 	Level RINSE 	25
75.4447 	DATA 	Keypress: o
75.4659 	Level jitter 	25
84.4314 	Level finished 	25
84.4328 	DATA 	Keypress: o
84.4342 	DATA 	Keypress: o
84.4355 	DATA 	Keypress: o
84.4368 	DATA 	Keypress: o
84.4673 	Level image=waterlogo.jpg 	25
85.4343 	DATA 	Keypress: o
85.4505 	Level injecting via pump at address 0 	25
91.4388 	DATA 	Keypress: o
91.4406 	DATA 	Keypress: o
91.4422 	DATA 	Keypress: o
91.4678 	Level WAIT 	25
92.4513 	Level RINSE 	25
94.4364 	DATA 	Keypress: o
94.4685 	Level jitter 	25
98.4314 	Level finished 	25
98.4327 	DATA 	Keypress: o
98.4337 	DATA 	Keypress: o
98.4519 	Level image=tasty.jpg 	25
99.4340 	DATA 	Keypress: o
99.4521 	Level injecting via pump at address 1 	25
105.4363 	DATA 	Keypress: o
105.4375 	DATA 	Keypress: o
105.4386 	DATA 	Keypress: o
105.4531 	Level WAIT 	25
106.4528 	Level RINSE 	25
108.4368 	DATA 	Keypress: o
108.4531 	Level jitter 	25
112.4314 	Level finished 	25
112.4328 	DATA 	Keypress: o
112.4340 	DATA 	Keypress: o
112.4536 	Level image=waterlogo.jpg 	25
113.4338 	DATA 	Keypress: o
113.4371 	Level injecting via pump at address 0 	25
119.4376 	DATA 	Keypress: o
119.4388 	DATA 	Keypress: o
119.4400 	DATA 	Keypress: o
119.4715 	Level WAIT 	25
120.4546 	Level RINSE 	25
122.4365 	DATA 	Keypress: o
122.4547 	Level jitter 	25
126.4314 	Level finished 	25
126.4327 	DATA 	Keypress: o
126.4337 	DATA 	Keypress: o
126.4552 	Level image=waterlogo.jpg 	25
127.4338 	DATA 	Keypress: o
127.4553 	Level injecting via pump at address 0 	25
133.4365 	DATA 	Keypress: o
133.4379 	DATA 	Keypress: o
133.4391 	DATA 	Keypress: o
133.4564 	Level WAIT 	25
134.4561 	Level RINSE 	25
136.4360 	DATA 	Keypress: o
136.4564 	Level jitter 	25
140.4314 	Level finished 	25
140.4328 	DATA 	Keypress: o
140.4341 	DATA 	Keypress: o
140.4569 	Level image=tasty.jpg 	25
141.4341 	DATA 	Keypress: o
141.4570 	Level injecting via pump at address 1 	25
147.4372 	DATA 	Keypress: o
147.4386 	DATA 	Keypress: o
147.4399 	DATA 	Keypress: o
147.4581 	Level WAIT 	25
148.4411 	Level RINSE 	25
150.4375 	DATA 	Keypress: o
150.4580 	Level jitter 	25
156.4314 	Level finished 	25
156.4328 	DATA 	Keypress: o
156.4341 	DATA 	Keypress: o
156.4351 	DATA 	Keypress: o
156.4588 	Level image=waterlogo.jpg 	25
157.4341 	DATA 	Keypress: o
157.4426 	Level injecting via pump at address 0 	25
163.4369 	DATA 	Keypress: o
163.4381 	DATA 	Keypress: o
163.4391 	DATA 	Keypress: o
163.4429 	Level WAIT 	25
164.4430 	Level RINSE 	25
166.4367 	DATA 	Keypress: o
166.4432 	Level jitter 	25
169.4314 	Level finished 	25
169.4332 	DATA 	Keypress: o
169.4343 	DATA 	Keypress: o
169.4607 	Level image=tasty.jpg 	25
170.4438 	Level injecting via pump at address 1 	25
176.4371 	DATA 	Keypress: o
176.4385 	DATA 	Keypress: o
176.4397 	DATA 	Keypress: o
176.4611 	Level WAIT 	25
177.4342 	DATA 	Keypress: o
177.4445 	Level RINSE 	25
179.4362 	DATA 	Keypress: o
179.4451 	Level jitter 	25
182.4314 	Level finished 	25
182.4329 	DATA 	Keypress: o
182.4452 	Level image=waterlogo.jpg 	25
183.4343 	DATA 	Keypress: o
183.4454 	Level injecting via pump at address 0 	25
189.4374 	DATA 	Keypress: o
189.4386 	DATA 	Keypress: o
189.4397 	DATA 	Keypress: o
189.4630 	Level WAIT 	25
190.4460 	Level RINSE 	25
192.4369 	DATA 	Keypress: o
192.4462 	Level jitter 	25
196.4314 	Level finished 	25
196.4328 	DATA 	Keypress: o
196.4342 	DATA 	Keypress: o
196.4634 	Level image=waterlogo.jpg 	25
197.4341 	DATA 	Keypress: o
197.4635 	Level injecting via pump at address 0 	25
203.4372 	DATA 	Keypress: o
203.4386 	DATA 	Keypress: o
203.4398 	DATA 	Keypress: o
203.4647 	Level WAIT 	25
204.4477 	Level RINSE 	25
206.4358 	DATA 	Keypress: o
206.4645 	Level jitter 	25
211.4314 	Level finished 	25
211.4328 	DATA 	Keypress: o
211.4341 	DATA 	Keypress: o
211.4353 	DATA 	Keypress: o
211.4651 	Level image=tasty.jpg 	25
212.4487 	Level injecting via pump at address 1 	25
218.4358 	DATA 	Keypress: o
218.4368 	DATA 	Keypress: o
218.4378 	DATA 	Keypress: o
218.4664 	Level WAIT 	25
219.4344 	DATA 	Keypress: o
219.4661 	Level RINSE 	25
221.4363 	DATA 	Keypress: o
221.4495 	Level jitter 	25
224.4314 	Level finished 	25
224.4327 	DATA 	Keypress: o
224.4500 	Level image=waterlogo.jpg 	25
225.4343 	DATA 	Keypress: o
225.4668 	Level injecting via pump at address 0 	25
231.4365 	DATA 	Keypress: o
231.4377 	DATA 	Keypress: o
231.4389 	DATA 	Keypress: o
231.4679 	Level WAIT 	25
232.4509 	Level RINSE 	25
234.4371 	DATA 	Keypress: o
234.4678 	Level jitter 	25
242.4314 	Level finished 	25
242.4327 	DATA 	Keypress: o
242.4338 	DATA 	Keypress: o
242.4348 	DATA 	Keypress: o
242.4358 	DATA 	Keypress: o
242.4527 	Level image=tasty.jpg 	25
243.4340 	DATA 	Keypress: o
243.4523 	Level injecting via pump at address 1 	25
249.4368 	DATA 	Keypress: o
249.4381 	DATA 	Keypress: o
249.4393 	DATA 	Keypress: o
249.4529 	Level WAIT 	25
250.4530 	Level RINSE 	25
252.4364 	DATA 	Keypress: o
252.4537 	Level jitter 	25
254.4314 	Level finished 	25
254.4328 	DATA 	Keypress: o
254.4535 	Level image=tasty.jpg 	25
255.4339 	DATA 	Keypress: o
255.4537 	Level injecting via pump at address 1 	25
261.4369 	DATA 	Keypress: o
261.4381 	DATA 	Keypress: o
261.4392 	DATA 	Keypress: o
261.4543 	Level WAIT 	25
262.4549 	Level RINSE 	25
264.4363 	DATA 	Keypress: o
264.4546 	Level jitter 	25
266.4314 	Level finished 	25
266.4326 	DATA 	Keypress: o
266.4549 	Level image=waterlogo.jpg 	25
267.4337 	DATA 	Keypress: o
267.4551 	Level injecting via pump at address 0 	25
273.4373 	DATA 	Keypress: o
273.4387 	DATA 	Keypress: o
273.4397 	DATA 	Keypress: o
273.4560 	Level WAIT 	25
274.4559 	Level RINSE 	25
276.4360 	DATA 	Keypress: o
276.4561 	Level jitter 	25
279.4314 	Level finished 	25
279.4328 	DATA 	Keypress: o
279.4342 	DATA 	Keypress: o
279.4564 	Level image=tasty.jpg 	25
280.4566 	Level injecting via pump at address 1 	25
286.4369 	DATA 	Keypress: o
286.4381 	DATA 	Keypress: o
286.4391 	DATA 	Keypress: o
286.4577 	Level WAIT 	25
287.4341 	DATA 	Keypress: o
287.4574 	Level RINSE 	25
289.4370 	DATA 	Keypress: o
289.4576 	Level jitter 	25
291.4314 	Level finished 	25
291.4326 	DATA 	Keypress: o
291.4412 	Level image=waterlogo.jpg 	25
292.4413 	Level injecting via pump at address 0 	25
298.4371 	DATA 	Keypress: o
298.4384 	DATA 	Keypress: o
298.4395 	DATA 	Keypress: o
298.4591 	Level WAIT 	25
299.4343 	DATA 	Keypress: o
299.4589 	Level RINSE 	25
301.4360 	DATA 	Keypress: o
301.4423 	Level jitter 	25
302.4314 	Level finished 	25
302.4591 	Level image=tasty.jpg 	25
303.4343 	DATA 	Keypress: o
303.4592 	Level injecting via pump at address 1 	25
309.4370 	DATA 	Keypress: o
309.4385 	DATA 	Keypress: o
309.4398 	DATA 	Keypress: o
309.4603 	Level WAIT 	25
310.4435 	Level RINSE 	25
312.4357 	DATA 	Keypress: o
312.4603 	Level jitter 	25
314.4314 	Level finished 	25
314.4329 	DATA 	Keypress: o
314.4606 	Level image=waterlogo.jpg 	25
315.4340 	DATA 	Keypress: o
315.4608 	Level injecting via pump at address 0 	25
321.4363 	DATA 	Keypress: o
321.4373 	DATA 	Keypress: o
321.4383 	DATA 	Keypress: o
321.4617 	Level WAIT 	25
322.4615 	Level RINSE 	25
324.4363 	DATA 	Keypress: o
324.4616 	Level jitter 	25
330.4314 	Level finished 	25
330.4327 	DATA 	Keypress: o
330.4337 	DATA 	Keypress: o
330.4347 	DATA 	Keypress: o
330.4625 	Level image=waterlogo.jpg 	25
331.4337 	DATA 	Keypress: o
331.4629 	Level injecting via pump at address 0 	25
337.4369 	DATA 	Keypress: o
337.4381 	DATA 	Keypress: o
337.4392 	DATA 	Keypress: o
337.4632 	Level WAIT 	25
338.4468 	Level RINSE 	25
340.4366 	DATA 	Keypress: o
340.4636 	Level jitter 	25
343.4314 	Level finished 	25
343.4329 	DATA 	Keypress: o
343.4341 	DATA 	Keypress: o
343.4644 	Level image=tasty.jpg 	25
344.4474 	Level injecting via pump at address 1 	25
350.4360 	DATA 	Keypress: o
350.4370 	DATA 	Keypress: o
350.4380 	DATA 	Keypress: o
350.4647 	Level WAIT 	25
351.4338 	DATA 	Keypress: o
351.4482 	Level RINSE 	25
353.4368 	DATA 	Keypress: o
353.4655 	Level jitter 	25
361.4314 	Level finished 	25
361.4329 	DATA 	Keypress: o
361.4342 	DATA 	Keypress: o
361.4354 	DATA 	Keypress: o
361.4366 	DATA 	Keypress: o
361.4660 	Level image=waterlogo.jpg 	25
362.4495 	Level injecting via pump at address 0 	25
368.4374 	DATA 	Keypress: o
368.4389 	DATA 	Keypress: o
368.4402 	DATA 	Keypress: o
368.4672 	Level WAIT 	25
369.4342 	DATA 	Keypress: o
369.4503 	Level RINSE 	25
371.4364 	DATA 	Keypress: o
371.4505 	Level jitter 	25
376.4315 	Level finished 	25
376.4328 	DATA 	Keypress: o
376.4341 	DATA 	Keypress: o
376.4511 	Level image=tasty.jpg 	25
377.4339 	DATA 	Keypress: o
377.4513 	Level injecting via pump at address 1 	25
383.4360 	DATA 	Keypress: o
383.4371 	DATA 	Keypress: o
383.4383 	DATA 	Keypress: o
383.4523 	Level WAIT 	25
384.4520 	Level RINSE 	25
386.4366 	DATA 	Keypress: o
386.4522 	Level jitter 	25
390.4314 	Level finished 	25
390.4327 	DATA 	Keypress: o
390.4340 	DATA 	Keypress: o
390.4694 	Level image=waterlogo.jpg 	25
391.4339 	DATA 	Keypress: o
391.4529 	Level injecting via pump at address 0 	25
397.4369 	DATA 	Keypress: o
397.4382 	DATA 	Keypress: o
397.4392 	DATA 	Keypress: o
397.4540 	Level WAIT 	25
398.4537 	Level RINSE 	25
400.4363 	DATA 	Keypress: o
400.4706 	Level jitter 	25
405.4314 	Level finished 	25
405.4327 	DATA 	Keypress: o
405.4340 	DATA 	Keypress: o
405.4350 	DATA 	Keypress: o
405.4545 	Level image=tasty.jpg 	25
406.4547 	Level injecting via pump at address 1 	25
412.4365 	DATA 	Keypress: o
412.4375 	DATA 	Keypress: o
412.4385 	DATA 	Keypress: o
412.4557 	Level WAIT 	25
413.4343 	DATA 	Keypress: o
413.4388 	Level RINSE 	25
415.4363 	DATA 	Keypress: o
415.4556 	Level jitter 	25
424.4314 	Level finished 	25
424.4326 	DATA 	Keypress: o
424.4336 	DATA 	Keypress: o
424.4347 	DATA 	Keypress: o
424.4360 	DATA 	Keypress: o
424.4572 	Level image=waterlogo.jpg 	25
425.4340 	DATA 	Keypress: o
425.4401 	Level injecting via pump at address 0 	25
431.4367 	DATA 	Keypress: o
431.4377 	DATA 	Keypress: o
431.4386 	DATA 	Keypress: o
431.4575 	Level WAIT 	25
432.4410 	Level RINSE 	25
434.4361 	DATA 	Keypress: o
434.4582 	Level jitter 	25
443.4314 	Level finished 	25
443.4329 	DATA 	Keypress: o
443.4341 	DATA 	Keypress: o
443.4352 	DATA 	Keypress: o
443.4362 	DATA 	Keypress: o
443.4372 	DATA 	Keypress: o
443.4590 	Level image=tasty.jpg 	25
444.4429 	Level injecting via pump at address 1 	25
450.4374 	DATA 	Keypress: o
450.4387 	DATA 	Keypress: o
450.4400 	DATA 	Keypress: o
450.4431 	Level WAIT 	25
451.4339 	DATA 	Keypress: o
451.4432 	Level RINSE 	25
453.4366 	DATA 	Keypress: o
453.4601 	Level jitter 	25
457.4314 	Level finished 	25
457.4329 	DATA 	Keypress: o
457.4343 	DATA 	Keypress: o
457.4609 	Level image=tasty.jpg 	25
458.4440 	Level injecting via pump at address 1 	25
464.4359 	DATA 	Keypress: o
464.4370 	DATA 	Keypress: o
464.4381 	DATA 	Keypress: o
464.4614 	Level WAIT 	25
465.4347 	DATA 	Keypress: o
465.4614 	Level RINSE 	25
467.4369 	DATA 	Keypress: o
467.4622 	Level jitter 	25
470.4314 	Level finished 	25
470.4326 	DATA 	Keypress: o
470.4622 	Level image=waterlogo.jpg 	25
471.4342 	DATA 	Keypress: o
471.4623 	Level injecting via pump at address 0 	25
477.4374 	DATA 	Keypress: o
477.4390 	DATA 	Keypress: o
477.4403 	DATA 	Keypress: o
477.4633 	Level WAIT 	25
478.4630 	Level RINSE 	25
480.4363 	DATA 	Keypress: o
480.4633 	Level jitter 	25
481.4314 	Level finished 	25
481.4326 	DATA 	Keypress: o
481.4634 	Level image=tasty.jpg 	25
482.4469 	Level injecting via pump at address 1 	25
488.4368 	DATA 	Keypress: o
488.4381 	DATA 	Keypress: o
488.4392 	DATA 	Keypress: o
488.4480 	Level WAIT 	25
489.4343 	DATA 	Keypress: o
489.4477 	Level RINSE 	25
491.4364 	DATA 	Keypress: o
491.4479 	Level jitter 	25
498.4314 	Level finished 	25
498.4328 	DATA 	Keypress: o
498.4340 	DATA 	Keypress: o
498.4352 	DATA 	Keypress: o
498.4491 	Level image=waterlogo.jpg 	25
499.4342 	DATA 	Keypress: o
499.4488 	Level injecting via pump at address 0 	25
505.4367 	DATA 	Keypress: o
505.4381 	DATA 	Keypress: o
505.4393 	DATA 	Keypress: o
505.4661 	Level WAIT 	25
506.4663 	Level RINSE 	25
508.4380 	DATA 	Keypress: o
508.4503 	Level jitter 	25
509.4314 	Level finished 	25
509.4326 	DATA 	Keypress: o
509.4667 	Level image=tasty.jpg 	25
510.4501 	Level injecting via pump at address 1 	25
516.4373 	DATA 	Keypress: o
516.4387 	DATA 	Keypress: o
516.4399 	DATA 	Keypress: o
516.4508 	Level WAIT 	25
517.4341 	DATA 	Keypress: o
517.4509 	Level RINSE 	25
519.4362 	DATA 	Keypress: o
519.4516 	Level jitter 	25
525.4314 	Level finished 	25
