51.7021 	DATA 	Keypress: o
51.7030 	Level start key press 	25
53.7148 	DATA 	Keypress: o
55.7149 	DATA 	Keypress: o
57.7150 	DATA 	Keypress: o
59.7151 	DATA 	Keypress: o
60.2295 	Level image=waterlogo.jpg 	25
61.1796 	Level injecting via pump at address 0 	25
67.1677 	DATA 	Keypress: o
67.1687 	DATA 	Keypress: o
67.1696 	DATA 	Keypress: o
67.1803 	Level WAIT 	25
68.1654 	DATA 	Keypress: o
68.1800 	Level RINSE 	25
70.1755 	DATA 	Keypress: o
70.1968 	Level jitter 	25
77.1628 	Level finished 	25
77.1641 	DATA 	Keypress: o
77.1653 	DATA 	Keypress: o
77.1664 	DATA 	Keypress: o
77.1977 	Level image=waterlogo.jpg 	25
78.1654 	DATA 	Keypress: o
78.1808 	Level injecting via pump at address 0 	25
84.1678 	DATA 	Keypress: o
84.1689 	DATA 	Keypress: o
84.1700 	DATA 	Keypress: o
84.1978 	Level WAIT 	25
85.1811 	Level RINSE 	25
87.1670 	DATA 	Keypress: o
87.1816 	Level jitter 	25
92.1628 	Level finished 	25
92.1640 	DATA 	Keypress: o
92.1650 	DATA 	Keypress: o
92.1660 	DATA 	Keypress: o
92.1817 	Level image=tasty.jpg 	25
93.1818 	Level injecting via pump at address 1 	25
99.1675 	DATA 	Keypress: o
99.1687 	DATA 	Keypress: o
99.1698 	DATA 	Keypress: o
99.1825 	Level WAIT 	25
100.1652 	DATA 	Keypress: o
100.1822 	Level RINSE 	25
102.1677 	DATA 	Keypress: o
102.1823 	Level jitter 	25
105.1628 	Level finished 	25
105.1639 	DATA 	Keypress: o
105.1826 	Level image=tasty.jpg 	25
106.1651 	DATA 	Keypress: o
106.1827 	Level injecting via pump at address 0 	25
112.1681 	DATA 	Keypress: o
112.1692 	DATA 	Keypress: o
112.1701 	DATA 	Keypress: o
112.1834 	Level WAIT 	25
113.1664 	Level RINSE 	25
115.1673 	DATA 	Keypress: o
115.1832 	Level jitter 	25
121.1628 	Level finished 	25
121.1640 	DATA 	Keypress: o
121.1653 	DATA 	Keypress: o
121.1665 	DATA 	Keypress: o
121.1837 	Level image=tasty.jpg 	25
122.1653 	DATA 	Keypress: o
122.1842 	Level injecting via pump at address 0 	25
128.1674 	DATA 	Keypress: o
128.1689 	DATA 	Keypress: o
128.1701 	DATA 	Keypress: o
128.2007 	Level WAIT 	25
129.1675 	Level RINSE 	25
131.1677 	DATA 	Keypress: o
131.1843 	Level jitter 	25
140.1628 	Level finished 	25
140.1644 	DATA 	Keypress: o
140.1655 	DATA 	Keypress: o
140.1669 	DATA 	Keypress: o
140.1681 	DATA 	Keypress: o
140.1692 	DATA 	Keypress: o
140.2021 	Level image=tasty.jpg 	25
141.1850 	Level injecting via pump at address 1 	25
147.1678 	DATA 	Keypress: o
147.1688 	DATA 	Keypress: o
147.1698 	DATA 	Keypress: o
147.2020 	Level WAIT 	25
148.1654 	DATA 	Keypress: o
148.1855 	Level RINSE 	25
150.1681 	DATA 	Keypress: o
150.1860 	Level jitter 	25
156.1628 	Level finished 	25
156.1640 	DATA 	Keypress: o
156.1652 	DATA 	Keypress: o
156.1663 	DATA 	Keypress: o
156.1861 	Level image=tasty.jpg 	25
157.1695 	Level injecting via pump at address 0 	25
163.1679 	DATA 	Keypress: o
163.1692 	DATA 	Keypress: o
163.1704 	DATA 	Keypress: o
163.1869 	Level WAIT 	25
164.1653 	DATA 	Keypress: o
164.1867 	Level RINSE 	25
166.1678 	DATA 	Keypress: o
166.1868 	Level jitter 	25
169.1628 	Level finished 	25
169.1639 	DATA 	Keypress: o
169.1870 	Level image=tasty.jpg 	25
170.1653 	DATA 	Keypress: o
170.1871 	Level injecting via pump at address 1 	25
176.1672 	DATA 	Keypress: o
176.1684 	DATA 	Keypress: o
176.1695 	DATA 	Keypress: o
176.1878 	Level WAIT 	25
177.1875 	Level RINSE 	25
179.1672 	DATA 	Keypress: o
179.1877 	Level jitter 	25
184.1628 	Level finished 	25
184.1640 	DATA 	Keypress: o
184.1651 	DATA 	Keypress: o
184.1663 	DATA 	Keypress: o
184.1880 	Level image=tasty.jpg 	25
185.1715 	Level injecting via pump at address 0 	25
191.1674 	DATA 	Keypress: o
191.1685 	DATA 	Keypress: o
191.1697 	DATA 	Keypress: o
191.1889 	Level WAIT 	25
192.1651 	DATA 	Keypress: o
192.1719 	Level RINSE 	25
194.1680 	DATA 	Keypress: o
194.1887 	Level jitter 	25
195.1628 	Level finished 	25
195.1888 	Level image=waterlogo.jpg 	25
196.1653 	DATA 	Keypress: o
196.1888 	Level injecting via pump at address 0 	25
202.1679 	DATA 	Keypress: o
202.1688 	DATA 	Keypress: o
202.1697 	DATA 	Keypress: o
202.1896 	Level WAIT 	25
203.1893 	Level RINSE 	25
205.1673 	DATA 	Keypress: o
205.1894 	Level jitter 	25
210.1628 	Level finished 	25
210.1640 	DATA 	Keypress: o
210.1652 	DATA 	Keypress: o
210.1663 	DATA 	Keypress: o
210.1898 	Level image=waterlogo.jpg 	25
211.1732 	Level injecting via pump at address 0 	25
217.1679 	DATA 	Keypress: o
217.1691 	DATA 	Keypress: o
217.1700 	DATA 	Keypress: o
217.1906 	Level WAIT 	25
218.1652 	DATA 	Keypress: o
218.1903 	Level RINSE 	25
220.1674 	DATA 	Keypress: o
220.1737 	Level jitter 	25
223.1628 	Level finished 	25
223.1640 	DATA 	Keypress: o
223.1740 	Level image=tasty.jpg 	25
224.1653 	DATA 	Keypress: o
224.1908 	Level injecting via pump at address 0 	25
230.1675 	DATA 	Keypress: o
230.1686 	DATA 	Keypress: o
230.1697 	DATA 	Keypress: o
230.1915 	Level WAIT 	25
231.1912 	Level RINSE 	25
233.1680 	DATA 	Keypress: o
233.1913 	Level jitter 	25
239.1628 	Level finished 	25
239.1640 	DATA 	Keypress: o
239.1650 	DATA 	Keypress: o
239.1663 	DATA 	Keypress: o
239.1918 	Level image=waterlogo.jpg 	25
240.1658 	DATA 	Keypress: o
240.1922 	Level injecting via pump at address 0 	25
246.1683 	DATA 	Keypress: o
246.1696 	DATA 	Keypress: o
246.1709 	DATA 	Keypress: o
246.1922 	Level WAIT 	25
247.1923 	Level RINSE 	25
249.1671 	DATA 	Keypress: o
249.1925 	Level jitter 	25
251.1628 	Level finished 	25
251.1639 	DATA 	Keypress: o
251.1763 	Level image=waterlogo.jpg 	25
252.1652 	DATA 	Keypress: o
252.1761 	Level injecting via pump at address 0 	25
258.1675 	DATA 	Keypress: o
258.1685 	DATA 	Keypress: o
258.1695 	DATA 	Keypress: o
258.1930 	Level WAIT 	25
259.1931 	Level RINSE 	25
261.1671 	DATA 	Keypress: o
261.1771 	Level jitter 	25
269.1628 	Level finished 	25
269.1640 	DATA 	Keypress: o
269.1651 	DATA 	Keypress: o
269.1660 	DATA 	Keypress: o
269.1670 	DATA 	Keypress: o
269.1938 	Level image=tasty.jpg 	25
270.1652 	DATA 	Keypress: o
270.1773 	Level injecting via pump at address 0 	25
276.1676 	DATA 	Keypress: o
276.1687 	DATA 	Keypress: o
276.1699 	DATA 	Keypress: o
276.1781 	Level WAIT 	25
277.1778 	Level RINSE 	25
279.1680 	DATA 	Keypress: o
279.1778 	Level jitter 	25
284.1628 	Level finished 	25
284.1640 	DATA 	Keypress: o
284.1651 	DATA 	Keypress: o
284.1663 	DATA 	Keypress: o
284.1949 	Level image=waterlogo.jpg 	25
285.1783 	Level injecting via pump at address 0 	25
291.1680 	DATA 	Keypress: o
291.1692 	DATA 	Keypress: o
291.1704 	DATA 	Keypress: o
291.1791 	Level WAIT 	25
292.1654 	DATA 	Keypress: o
292.1788 	Level RINSE 	25
294.1681 	DATA 	Keypress: o
294.1788 	Level jitter 	25
299.1628 	Level finished 	25
299.1640 	DATA 	Keypress: o
299.1649 	DATA 	Keypress: o
299.1959 	Level image=tasty.jpg 	25
300.1654 	DATA 	Keypress: o
300.1960 	Level injecting via pump at address 0 	25
306.1684 	DATA 	Keypress: o
306.1697 	DATA 	Keypress: o
306.1709 	DATA 	Keypress: o
306.1968 	Level WAIT 	25
307.1798 	Level RINSE 	25
309.1677 	DATA 	Keypress: o
309.1967 	Level jitter 	25
316.1628 	Level finished 	25
316.1640 	DATA 	Keypress: o
316.1650 	DATA 	Keypress: o
316.1660 	DATA 	Keypress: o
316.1670 	DATA 	Keypress: o
316.1809 	Level image=tasty.jpg 	25
317.1805 	Level injecting via pump at address 1 	25
323.1681 	DATA 	Keypress: o
323.1694 	DATA 	Keypress: o
323.1706 	DATA 	Keypress: o
323.1809 	Level WAIT 	25
324.1654 	DATA 	Keypress: o
324.1810 	Level RINSE 	25
326.1680 	DATA 	Keypress: o
326.1814 	Level jitter 	25
330.1628 	Level finished 	25
330.1644 	DATA 	Keypress: o
330.1654 	DATA 	Keypress: o
330.1814 	Level image=tasty.jpg 	25
331.1815 	Level injecting via pump at address 0 	25
337.1681 	DATA 	Keypress: o
337.1692 	DATA 	Keypress: o
337.1704 	DATA 	Keypress: o
337.1990 	Level WAIT 	25
338.1652 	DATA 	Keypress: o
338.1820 	Level RINSE 	25
340.1676 	DATA 	Keypress: o
340.1820 	Level jitter 	25
343.1628 	Level finished 	25
343.1639 	DATA 	Keypress: o
343.1823 	Level image=tasty.jpg 	25
344.1653 	DATA 	Keypress: o
344.1824 	Level injecting via pump at address 1 	25
350.1674 	DATA 	Keypress: o
350.1685 	DATA 	Keypress: o
350.1697 	DATA 	Keypress: o
350.1998 	Level WAIT 	25
351.1828 	Level RINSE 	25
353.1680 	DATA 	Keypress: o
353.1997 	Level jitter 	25
358.1628 	Level finished 	25
358.1640 	DATA 	Keypress: o
358.1650 	DATA 	Keypress: o
358.1660 	DATA 	Keypress: o
358.1833 	Level image=tasty.jpg 	25
359.1834 	Level injecting via pump at address 0 	25
365.1673 	DATA 	Keypress: o
365.1683 	DATA 	Keypress: o
365.1693 	DATA 	Keypress: o
365.1841 	Level WAIT 	25
366.1652 	DATA 	Keypress: o
366.1839 	Level RINSE 	25
368.1686 	DATA 	Keypress: o
368.1840 	Level jitter 	25
369.1628 	Level finished 	25
369.1840 	Level image=tasty.jpg 	25
370.1652 	DATA 	Keypress: o
370.1841 	Level injecting via pump at address 1 	25
376.1672 	DATA 	Keypress: o
376.1682 	DATA 	Keypress: o
376.1693 	DATA 	Keypress: o
376.1850 	Level WAIT 	25
377.1847 	Level RINSE 	25
379.1672 	DATA 	Keypress: o
379.1848 	Level jitter 	25
388.1628 	Level finished 	25
388.1640 	DATA 	Keypress: o
388.1651 	DATA 	Keypress: o
388.1660 	DATA 	Keypress: o
388.1670 	DATA 	Keypress: o
388.1680 	DATA 	Keypress: o
388.1858 	Level image=tasty.jpg 	25
389.1855 	Level injecting via pump at address 1 	25
395.1673 	DATA 	Keypress: o
395.1684 	DATA 	Keypress: o
395.1694 	DATA 	Keypress: o
395.1858 	Level WAIT 	25
396.1652 	DATA 	Keypress: o
396.1859 	Level RINSE 	25
398.1677 	DATA 	Keypress: o
398.1864 	Level jitter 	25
407.1628 	Level finished 	25
407.1639 	DATA 	Keypress: o
407.1649 	DATA 	Keypress: o
407.1660 	DATA 	Keypress: o
407.1672 	DATA 	Keypress: o
407.1868 	Level image=tasty.jpg 	25
408.1654 	DATA 	Keypress: o
408.1872 	Level injecting via pump at address 0 	25
414.1682 	DATA 	Keypress: o
414.1692 	DATA 	Keypress: o
414.1701 	DATA 	Keypress: o
414.1871 	Level WAIT 	25
415.1873 	Level RINSE 	25
417.1672 	DATA 	Keypress: o
417.1874 	Level jitter 	25
419.1628 	Level finished 	25
