47.8239 	DATA 	Keypress: o
47.8247 	Level start key press 	25
49.8224 	DATA 	Keypress: o
51.8365 	DATA 	Keypress: o
53.8226 	DATA 	Keypress: o
55.8644 	DATA 	Keypress: o
55.8676 	Level image=waterlogo.jpg 	25
56.8125 	Level injecting via pump at address 0 	25
62.8099 	DATA 	Keypress: o
62.8109 	DATA 	Keypress: o
62.8119 	DATA 	Keypress: o
62.8190 	Level WAIT 	25
63.8098 	Level RINSE 	25
65.8185 	DATA 	Keypress: o
65.8319 	Level jitter 	25
72.8052 	Level finished 	25
72.8068 	DATA 	Keypress: o
72.8083 	DATA 	Keypress: o
72.8095 	DATA 	Keypress: o
72.8107 	DATA 	Keypress: o
72.8206 	Level image=tasty.jpg 	25
73.8195 	Level injecting via pump at address 0 	25
79.8108 	DATA 	Keypress: o
79.8121 	DATA 	Keypress: o
79.8133 	DATA 	Keypress: o
79.8206 	Level WAIT 	25
80.8081 	DATA 	Keypress: o
80.8207 	Level RINSE 	25
82.8097 	DATA 	Keypress: o
82.8211 	Level jitter 	25
86.8052 	Level finished 	25
86.8067 	DATA 	Keypress: o
86.8079 	DATA 	Keypress: o
86.8225 	Level image=tasty.jpg 	25
87.8172 	Level injecting via pump at address 1 	25
93.8107 	DATA 	Keypress: o
93.8124 	DATA 	Keypress: o
93.8140 	DATA 	Keypress: o
93.8197 	Level WAIT 	25
94.8079 	DATA 	Keypress: o
94.8144 	Level RINSE 	25
96.8099 	DATA 	Keypress: o
96.8204 	Level jitter 	25
97.8052 	Level finished 	25
97.8153 	Level image=tasty.jpg 	25
98.8077 	DATA 	Keypress: o
98.8225 	Level injecting via pump at address 0 	25
104.8105 	DATA 	Keypress: o
104.8118 	DATA 	Keypress: o
104.8129 	DATA 	Keypress: o
104.8241 	Level WAIT 	25
105.8233 	Level RINSE 	25
107.8109 	DATA 	Keypress: o
107.8247 	Level jitter 	25
115.8052 	Level finished 	25
115.8065 	DATA 	Keypress: o
115.8076 	DATA 	Keypress: o
115.8088 	DATA 	Keypress: o
115.8099 	DATA 	Keypress: o
115.8210 	Level image=waterlogo.jpg 	25
116.8076 	DATA 	Keypress: o
116.8157 	Level injecting via pump at address 0 	25
122.8107 	DATA 	Keypress: o
122.8119 	DATA 	Keypress: o
122.8130 	DATA 	Keypress: o
122.8176 	Level WAIT 	25
123.8097 	Level RINSE 	25
125.8107 	DATA 	Keypress: o
125.8189 	Level jitter 	25
133.8052 	Level finished 	25
133.8067 	DATA 	Keypress: o
133.8081 	DATA 	Keypress: o
133.8094 	DATA 	Keypress: o
133.8106 	DATA 	Keypress: o
133.8272 	Level image=waterlogo.jpg 	25
134.8081 	DATA 	Keypress: o
134.8213 	Level injecting via pump at address 0 	25
140.8101 	DATA 	Keypress: o
140.8111 	DATA 	Keypress: o
140.8120 	DATA 	Keypress: o
140.8239 	Level WAIT 	25
141.8117 	Level RINSE 	25
143.8110 	DATA 	Keypress: o
143.8241 	Level jitter 	25
149.8052 	Level finished 	25
149.8066 	DATA 	Keypress: o
149.8079 	DATA 	Keypress: o
149.8090 	DATA 	Keypress: o
149.8271 	Level image=tasty.jpg 	25
150.8081 	DATA 	Keypress: o
150.8128 	Level injecting via pump at address 1 	25
156.8103 	DATA 	Keypress: o
156.8113 	DATA 	Keypress: o
156.8123 	DATA 	Keypress: o
156.8233 	Level WAIT 	25
157.8133 	Level RINSE 	25
159.8106 	DATA 	Keypress: o
159.8140 	Level jitter 	25
161.8053 	Level finished 	25
161.8064 	DATA 	Keypress: o
161.8143 	Level image=tasty.jpg 	25
162.8088 	DATA 	Keypress: o
162.8132 	Level injecting via pump at address 0 	25
168.8109 	DATA 	Keypress: o
168.8119 	DATA 	Keypress: o
168.8128 	DATA 	Keypress: o
168.8269 	Level WAIT 	25
169.8150 	Level RINSE 	25
171.8104 	DATA 	Keypress: o
171.8152 	Level jitter 	25
177.8052 	Level finished 	25
177.8064 	DATA 	Keypress: o
177.8074 	DATA 	Keypress: o
177.8084 	DATA 	Keypress: o
177.8160 	Level image=waterlogo.jpg 	25
178.8078 	DATA 	Keypress: o
178.8155 	Level injecting via pump at address 0 	25
184.8111 	DATA 	Keypress: o
184.8124 	DATA 	Keypress: o
184.8136 	DATA 	Keypress: o
184.8270 	Level WAIT 	25
185.8167 	Level RINSE 	25
187.8107 	DATA 	Keypress: o
187.8162 	Level jitter 	25
189.8052 	Level finished 	25
189.8063 	DATA 	Keypress: o
189.8167 	Level image=waterlogo.jpg 	25
190.8082 	DATA 	Keypress: o
190.8125 	Level injecting via pump at address 0 	25
196.8109 	DATA 	Keypress: o
196.8121 	DATA 	Keypress: o
196.8133 	DATA 	Keypress: o
196.8184 	Level WAIT 	25
197.8094 	Level RINSE 	25
199.8100 	DATA 	Keypress: o
199.8154 	Level jitter 	25
208.8052 	Level finished 	25
208.8066 	DATA 	Keypress: o
208.8079 	DATA 	Keypress: o
208.8091 	DATA 	Keypress: o
208.8103 	DATA 	Keypress: o
208.8113 	DATA 	Keypress: o
208.8191 	Level image=tasty.jpg 	25
209.8129 	Level injecting via pump at address 1 	25
215.8104 	DATA 	Keypress: o
215.8115 	DATA 	Keypress: o
215.8125 	DATA 	Keypress: o
215.8158 	Level WAIT 	25
216.8079 	DATA 	Keypress: o
216.8202 	Level RINSE 	25
218.8106 	DATA 	Keypress: o
218.8165 	Level jitter 	25
225.8052 	Level finished 	25
225.8067 	DATA 	Keypress: o
225.8077 	DATA 	Keypress: o
225.8087 	DATA 	Keypress: o
225.8207 	Level image=tasty.jpg 	25
226.8076 	DATA 	Keypress: o
226.8218 	Level injecting via pump at address 0 	25
232.8108 	DATA 	Keypress: o
232.8120 	DATA 	Keypress: o
232.8132 	DATA 	Keypress: o
232.8223 	Level WAIT 	25
233.8211 	Level RINSE 	25
235.8100 	DATA 	Keypress: o
235.8222 	Level jitter 	25
242.8052 	Level finished 	25
242.8065 	DATA 	Keypress: o
242.8074 	DATA 	Keypress: o
242.8083 	DATA 	Keypress: o
242.8093 	DATA 	Keypress: o
242.8239 	Level image=waterlogo.jpg 	25
243.8191 	Level injecting via pump at address 0 	25
249.8101 	DATA 	Keypress: o
249.8115 	DATA 	Keypress: o
249.8127 	DATA 	Keypress: o
249.8206 	Level WAIT 	25
250.8078 	DATA 	Keypress: o
250.8162 	Level RINSE 	25
252.8111 	DATA 	Keypress: o
252.8223 	Level jitter 	25
257.8052 	Level finished 	25
257.8066 	DATA 	Keypress: o
257.8078 	DATA 	Keypress: o
257.8247 	Level image=tasty.jpg 	25
258.8080 	DATA 	Keypress: o
258.8243 	Level injecting via pump at address 0 	25
264.8111 	DATA 	Keypress: o
264.8123 	DATA 	Keypress: o
264.8136 	DATA 	Keypress: o
264.8259 	Level WAIT 	25
265.8096 	Level RINSE 	25
267.8106 	DATA 	Keypress: o
267.8265 	Level jitter 	25
268.8052 	Level finished 	25
268.8064 	DATA 	Keypress: o
268.8218 	Level image=tasty.jpg 	25
269.8097 	Level injecting via pump at address 1 	25
275.8109 	DATA 	Keypress: o
275.8121 	DATA 	Keypress: o
275.8133 	DATA 	Keypress: o
275.8194 	Level WAIT 	25
276.8077 	DATA 	Keypress: o
276.8110 	Level RINSE 	25
278.8105 	DATA 	Keypress: o
278.8192 	Level jitter 	25
281.8052 	Level finished 	25
281.8066 	DATA 	Keypress: o
281.8204 	Level image=tasty.jpg 	25
282.8086 	DATA 	Keypress: o
282.8156 	Level injecting via pump at address 0 	25
288.8105 	DATA 	Keypress: o
288.8116 	DATA 	Keypress: o
288.8125 	DATA 	Keypress: o
288.8181 	Level WAIT 	25
289.8118 	Level RINSE 	25
291.8108 	DATA 	Keypress: o
291.8187 	Level jitter 	25
293.8052 	Level finished 	25
293.8065 	DATA 	Keypress: o
293.8246 	Level image=tasty.jpg 	25
294.8081 	DATA 	Keypress: o
294.8127 	Level injecting via pump at address 1 	25
300.8107 	DATA 	Keypress: o
300.8120 	DATA 	Keypress: o
300.8136 	DATA 	Keypress: o
300.8216 	Level WAIT 	25
301.8132 	Level RINSE 	25
303.8100 	DATA 	Keypress: o
303.8133 	Level jitter 	25
305.8052 	Level finished 	25
305.8065 	DATA 	Keypress: o
305.8140 	Level image=tasty.jpg 	25
306.8080 	DATA 	Keypress: o
306.8136 	Level injecting via pump at address 0 	25
312.8115 	DATA 	Keypress: o
312.8129 	DATA 	Keypress: o
312.8141 	DATA 	Keypress: o
312.8252 	Level WAIT 	25
313.8149 	Level RINSE 	25
315.8097 	DATA 	Keypress: o
315.8150 	Level jitter 	25
316.8052 	Level finished 	25
316.8065 	DATA 	Keypress: o
316.8149 	Level image=waterlogo.jpg 	25
317.8153 	Level injecting via pump at address 0 	25
323.8112 	DATA 	Keypress: o
323.8124 	DATA 	Keypress: o
323.8136 	DATA 	Keypress: o
323.8185 	Level WAIT 	25
324.8081 	DATA 	Keypress: o
324.8125 	Level RINSE 	25
326.8107 	DATA 	Keypress: o
326.8163 	Level jitter 	25
332.8052 	Level finished 	25
332.8066 	DATA 	Keypress: o
332.8078 	DATA 	Keypress: o
332.8088 	DATA 	Keypress: o
332.8169 	Level image=tasty.jpg 	25
333.8165 	Level injecting via pump at address 1 	25
339.8107 	DATA 	Keypress: o
339.8120 	DATA 	Keypress: o
339.8131 	DATA 	Keypress: o
339.8174 	Level WAIT 	25
340.8081 	DATA 	Keypress: o
340.8122 	Level RINSE 	25
342.8104 	DATA 	Keypress: o
342.8182 	Level jitter 	25
345.8052 	Level finished 	25
345.8065 	DATA 	Keypress: o
345.8189 	Level image=tasty.jpg 	25
346.8081 	DATA 	Keypress: o
346.8149 	Level injecting via pump at address 0 	25
352.8099 	DATA 	Keypress: o
352.8109 	DATA 	Keypress: o
352.8118 	DATA 	Keypress: o
352.8163 	Level WAIT 	25
353.8108 	Level RINSE 	25
355.8109 	DATA 	Keypress: o
355.8175 	Level jitter 	25
357.8052 	Level finished 	25
357.8065 	DATA 	Keypress: o
357.8203 	Level image=tasty.jpg 	25
358.8081 	DATA 	Keypress: o
358.8185 	Level injecting via pump at address 1 	25
364.8108 	DATA 	Keypress: o
364.8123 	DATA 	Keypress: o
364.8139 	DATA 	Keypress: o
364.8201 	Level WAIT 	25
365.8159 	Level RINSE 	25
367.8106 	DATA 	Keypress: o
367.8215 	Level jitter 	25
371.8052 	Level finished 	25
371.8065 	DATA 	Keypress: o
371.8075 	DATA 	Keypress: o
371.8167 	Level image=tasty.jpg 	25
372.8087 	DATA 	Keypress: o
372.8118 	Level injecting via pump at address 0 	25
378.8107 	DATA 	Keypress: o
378.8118 	DATA 	Keypress: o
378.8130 	DATA 	Keypress: o
378.8224 	Level WAIT 	25
379.8221 	Level RINSE 	25
381.8104 	DATA 	Keypress: o
381.8150 	Level jitter 	25
388.8053 	Level finished 	25
388.8065 	DATA 	Keypress: o
388.8077 	DATA 	Keypress: o
388.8090 	DATA 	Keypress: o
388.8101 	DATA 	Keypress: o
388.8240 	Level image=tasty.jpg 	25
389.8226 	Level injecting via pump at address 0 	25
395.8111 	DATA 	Keypress: o
395.8124 	DATA 	Keypress: o
395.8135 	DATA 	Keypress: o
395.8240 	Level WAIT 	25
396.8078 	DATA 	Keypress: o
396.8200 	Level RINSE 	25
398.8107 	DATA 	Keypress: o
398.8254 	Level jitter 	25
402.8052 	Level finished 	25
