68.6746 	DATA 	Keypress: o
68.6755 	Level start key press 	25
70.6846 	DATA 	Keypress: o
72.6815 	DATA 	Keypress: o
74.6824 	DATA 	Keypress: o
76.7120 	DATA 	Keypress: o
76.7241 	Level image=waterlogo.jpg 	25
77.6632 	Level injecting via pump at address 0 	25
83.6547 	DATA 	Keypress: o
83.6557 	DATA 	Keypress: o
83.6566 	DATA 	Keypress: o
83.6647 	Level WAIT 	25
84.6642 	Level RINSE 	25
86.6632 	DATA 	Keypress: o
86.6715 	Level jitter 	25
88.6501 	Level finished 	25
88.6513 	DATA 	Keypress: o
88.6613 	Level image=tasty.jpg 	25
89.6525 	DATA 	Keypress: o
89.6559 	Level injecting via pump at address 1 	25
95.6553 	DATA 	Keypress: o
95.6564 	DATA 	Keypress: o
95.6576 	DATA 	Keypress: o
95.6655 	Level WAIT 	25
96.6642 	Level RINSE 	25
98.6551 	DATA 	Keypress: o
98.6581 	Level jitter 	25
100.6501 	Level finished 	25
100.6513 	DATA 	Keypress: o
100.6655 	Level image=tasty.jpg 	25
101.6530 	DATA 	Keypress: o
101.6593 	Level injecting via pump at address 0 	25
107.6561 	DATA 	Keypress: o
107.6575 	DATA 	Keypress: o
107.6585 	DATA 	Keypress: o
107.6655 	Level WAIT 	25
108.6560 	Level RINSE 	25
110.6551 	DATA 	Keypress: o
110.6624 	Level jitter 	25
115.6501 	Level finished 	25
115.6516 	DATA 	Keypress: o
115.6529 	DATA 	Keypress: o
115.6541 	DATA 	Keypress: o
115.6660 	Level image=tasty.jpg 	25
116.6631 	Level injecting via pump at address 1 	25
122.6550 	DATA 	Keypress: o
122.6560 	DATA 	Keypress: o
122.6570 	DATA 	Keypress: o
122.6657 	Level WAIT 	25
123.6527 	DATA 	Keypress: o
123.6602 	Level RINSE 	25
125.6550 	DATA 	Keypress: o
125.6664 	Level jitter 	25
131.6501 	Level finished 	25
131.6517 	DATA 	Keypress: o
131.6529 	DATA 	Keypress: o
131.6542 	DATA 	Keypress: o
131.6672 	Level image=tasty.jpg 	25
132.6625 	Level injecting via pump at address 0 	25
138.6547 	DATA 	Keypress: o
138.6557 	DATA 	Keypress: o
138.6567 	DATA 	Keypress: o
138.6641 	Level WAIT 	25
139.6526 	DATA 	Keypress: o
139.6591 	Level RINSE 	25
141.6555 	DATA 	Keypress: o
141.6651 	Level jitter 	25
143.6501 	Level finished 	25
143.6515 	DATA 	Keypress: o
143.6686 	Level image=waterlogo.jpg 	25
144.6661 	Level injecting via pump at address 0 	25
150.6556 	DATA 	Keypress: o
150.6569 	DATA 	Keypress: o
150.6585 	DATA 	Keypress: o
150.6681 	Level WAIT 	25
151.6527 	DATA 	Keypress: o
151.6621 	Level RINSE 	25
153.6553 	DATA 	Keypress: o
153.6685 	Level jitter 	25
162.6501 	Level finished 	25
162.6514 	DATA 	Keypress: o
162.6525 	DATA 	Keypress: o
162.6535 	DATA 	Keypress: o
162.6545 	DATA 	Keypress: o
162.6693 	Level image=tasty.jpg 	25
163.6532 	DATA 	Keypress: o
163.6666 	Level injecting via pump at address 0 	25
169.6557 	DATA 	Keypress: o
169.6570 	DATA 	Keypress: o
169.6582 	DATA 	Keypress: o
169.6671 	Level WAIT 	25
170.6621 	Level RINSE 	25
172.6547 	DATA 	Keypress: o
172.6683 	Level jitter 	25
173.6501 	Level finished 	25
173.6512 	DATA 	Keypress: o
173.6635 	Level image=waterlogo.jpg 	25
174.6580 	Level injecting via pump at address 0 	25
180.6556 	DATA 	Keypress: o
180.6570 	DATA 	Keypress: o
180.6582 	DATA 	Keypress: o
180.6709 	Level WAIT 	25
181.6525 	DATA 	Keypress: o
181.6710 	Level RINSE 	25
183.6546 	DATA 	Keypress: o
183.6605 	Level jitter 	25
189.6501 	Level finished 	25
189.6516 	DATA 	Keypress: o
189.6528 	DATA 	Keypress: o
189.6539 	DATA 	Keypress: o
189.6624 	Level image=tasty.jpg 	25
190.6542 	Level injecting via pump at address 0 	25
196.6560 	DATA 	Keypress: o
196.6572 	DATA 	Keypress: o
196.6582 	DATA 	Keypress: o
196.6725 	Level WAIT 	25
197.6525 	DATA 	Keypress: o
197.6556 	Level RINSE 	25
199.6549 	DATA 	Keypress: o
199.6591 	Level jitter 	25
207.6501 	Level finished 	25
207.6513 	DATA 	Keypress: o
207.6524 	DATA 	Keypress: o
207.6533 	DATA 	Keypress: o
207.6543 	DATA 	Keypress: o
207.6676 	Level image=tasty.jpg 	25
208.6556 	Level injecting via pump at address 1 	25
214.6555 	DATA 	Keypress: o
214.6568 	DATA 	Keypress: o
214.6581 	DATA 	Keypress: o
214.6631 	Level WAIT 	25
215.6527 	DATA 	Keypress: o
215.6560 	Level RINSE 	25
217.6555 	DATA 	Keypress: o
217.6645 	Level jitter 	25
222.6501 	Level finished 	25
222.6515 	DATA 	Keypress: o
222.6530 	DATA 	Keypress: o
222.6711 	Level image=tasty.jpg 	25
223.6530 	DATA 	Keypress: o
223.6572 	Level injecting via pump at address 0 	25
229.6554 	DATA 	Keypress: o
229.6567 	DATA 	Keypress: o
229.6577 	DATA 	Keypress: o
229.6686 	Level WAIT 	25
230.6581 	Level RINSE 	25
232.6563 	DATA 	Keypress: o
232.6689 	Level jitter 	25
239.6501 	Level finished 	25
239.6517 	DATA 	Keypress: o
239.6532 	DATA 	Keypress: o
239.6544 	DATA 	Keypress: o
239.6555 	DATA 	Keypress: o
239.6655 	Level image=waterlogo.jpg 	25
240.6577 	Level injecting via pump at address 0 	25
246.6552 	DATA 	Keypress: o
246.6563 	DATA 	Keypress: o
246.6573 	DATA 	Keypress: o
246.6619 	Level WAIT 	25
247.6530 	DATA 	Keypress: o
247.6561 	Level RINSE 	25
249.6556 	DATA 	Keypress: o
249.6593 	Level jitter 	25
255.6501 	Level finished 	25
255.6513 	DATA 	Keypress: o
255.6523 	DATA 	Keypress: o
255.6533 	DATA 	Keypress: o
255.6642 	Level image=waterlogo.jpg 	25
256.6591 	Level injecting via pump at address 0 	25
262.6555 	DATA 	Keypress: o
262.6569 	DATA 	Keypress: o
262.6581 	DATA 	Keypress: o
262.6765 	Level WAIT 	25
263.6529 	DATA 	Keypress: o
263.6591 	Level RINSE 	25
265.6558 	DATA 	Keypress: o
265.6603 	Level jitter 	25
267.6501 	Level finished 	25
267.6514 	DATA 	Keypress: o
267.6601 	Level image=tasty.jpg 	25
268.6602 	Level injecting via pump at address 0 	25
274.6558 	DATA 	Keypress: o
274.6570 	DATA 	Keypress: o
274.6580 	DATA 	Keypress: o
274.6646 	Level WAIT 	25
275.6536 	DATA 	Keypress: o
275.6591 	Level RINSE 	25
277.6554 	DATA 	Keypress: o
277.6610 	Level jitter 	25
284.6501 	Level finished 	25
284.6513 	DATA 	Keypress: o
284.6524 	DATA 	Keypress: o
284.6542 	DATA 	Keypress: o
284.6786 	Level image=tasty.jpg 	25
285.6534 	DATA 	Keypress: o
285.6615 	Level injecting via pump at address 1 	25
291.6554 	DATA 	Keypress: o
291.6570 	DATA 	Keypress: o
291.6581 	DATA 	Keypress: o
291.6611 	Level WAIT 	25
292.6611 	Level RINSE 	25
294.6551 	DATA 	Keypress: o
294.6587 	Level jitter 	25
302.6501 	Level finished 	25
302.6514 	DATA 	Keypress: o
302.6527 	DATA 	Keypress: o
302.6539 	DATA 	Keypress: o
302.6548 	DATA 	Keypress: o
302.6615 	DATA 	Keypress: o
302.6660 	Level image=waterlogo.jpg 	25
303.6609 	Level injecting via pump at address 0 	25
309.6555 	DATA 	Keypress: o
309.6567 	DATA 	Keypress: o
309.6578 	DATA 	Keypress: o
309.6635 	Level WAIT 	25
310.6580 	Level RINSE 	25
312.6550 	DATA 	Keypress: o
312.6634 	Level jitter 	25
320.6501 	Level finished 	25
320.6513 	DATA 	Keypress: o
320.6524 	DATA 	Keypress: o
320.6535 	DATA 	Keypress: o
320.6547 	DATA 	Keypress: o
320.6613 	DATA 	Keypress: o
320.6718 	Level image=tasty.jpg 	25
321.6632 	Level injecting via pump at address 1 	25
327.6553 	DATA 	Keypress: o
327.6563 	DATA 	Keypress: o
327.6573 	DATA 	Keypress: o
327.6639 	Level WAIT 	25
328.6627 	Level RINSE 	25
330.6551 	DATA 	Keypress: o
330.6643 	Level jitter 	25
332.6501 	Level finished 	25
332.6513 	DATA 	Keypress: o
332.6650 	Level image=tasty.jpg 	25
333.6530 	DATA 	Keypress: o
333.6642 	Level injecting via pump at address 0 	25
339.6554 	DATA 	Keypress: o
339.6566 	DATA 	Keypress: o
339.6577 	DATA 	Keypress: o
339.6651 	Level WAIT 	25
340.6654 	Level RINSE 	25
342.6553 	DATA 	Keypress: o
342.6649 	Level jitter 	25
346.6501 	Level finished 	25
346.6513 	DATA 	Keypress: o
346.6524 	DATA 	Keypress: o
346.6651 	Level image=tasty.jpg 	25
347.6527 	DATA 	Keypress: o
347.6621 	Level injecting via pump at address 1 	25
353.6557 	DATA 	Keypress: o
353.6570 	DATA 	Keypress: o
353.6579 	DATA 	Keypress: o
353.6646 	Level WAIT 	25
354.6591 	Level RINSE 	25
356.6549 	DATA 	Keypress: o
356.6650 	Level jitter 	25
359.6501 	Level finished 	25
359.6513 	DATA 	Keypress: o
359.6523 	DATA 	Keypress: o
359.6661 	Level image=tasty.jpg 	25
360.6605 	Level injecting via pump at address 0 	25
366.6552 	DATA 	Keypress: o
366.6562 	DATA 	Keypress: o
366.6572 	DATA 	Keypress: o
366.6633 	Level WAIT 	25
367.6527 	DATA 	Keypress: o
367.6572 	Level RINSE 	25
369.6553 	DATA 	Keypress: o
369.6631 	Level jitter 	25
377.6501 	Level finished 	25
377.6514 	DATA 	Keypress: o
377.6526 	DATA 	Keypress: o
377.6543 	DATA 	Keypress: o
377.6555 	DATA 	Keypress: o
377.6684 	Level image=waterlogo.jpg 	25
378.6664 	Level injecting via pump at address 0 	25
384.6547 	DATA 	Keypress: o
384.6557 	DATA 	Keypress: o
384.6567 	DATA 	Keypress: o
384.6578 	DATA 	Keypress: o
384.6671 	Level WAIT 	25
385.6624 	Level RINSE 	25
387.6555 	DATA 	Keypress: o
387.6685 	Level jitter 	25
392.6501 	Level finished 	25
392.6517 	DATA 	Keypress: o
392.6529 	DATA 	Keypress: o
392.6584 	DATA 	Keypress: o
392.6681 	Level image=tasty.jpg 	25
393.6682 	Level injecting via pump at address 1 	25
399.6562 	DATA 	Keypress: o
399.6576 	DATA 	Keypress: o
399.6587 	DATA 	Keypress: o
399.6696 	Level WAIT 	25
400.6661 	Level RINSE 	25
402.6555 	DATA 	Keypress: o
402.6570 	DATA 	Keypress: o
402.6691 	Level jitter 	25
409.6501 	Level finished 	25
409.6515 	DATA 	Keypress: o
409.6529 	DATA 	Keypress: o
409.6544 	DATA 	Keypress: o
409.6695 	Level image=tasty.jpg 	25
410.6644 	Level injecting via pump at address 0 	25
416.6562 	DATA 	Keypress: o
416.6577 	DATA 	Keypress: o
416.6589 	DATA 	Keypress: o
416.6601 	DATA 	Keypress: o
416.6659 	Level WAIT 	25
417.6601 	Level RINSE 	25
419.6555 	DATA 	Keypress: o
419.6665 	Level jitter 	25
427.6501 	Level finished 	25
427.6513 	DATA 	Keypress: o
427.6524 	DATA 	Keypress: o
427.6534 	DATA 	Keypress: o
427.6544 	DATA 	Keypress: o
427.6710 	Level image=tasty.jpg 	25
428.6541 	Level injecting via pump at address 0 	25
434.6556 	DATA 	Keypress: o
434.6569 	DATA 	Keypress: o
434.6578 	DATA 	Keypress: o
434.6591 	DATA 	Keypress: o
434.6713 	Level WAIT 	25
435.6549 	Level RINSE 	25
437.6554 	DATA 	Keypress: o
437.6711 	Level jitter 	25
444.6501 	Level finished 	25
