122.1887 	DATA 	Keypress: o
122.1897 	Level start key press 	25
124.2025 	DATA 	Keypress: o
126.2191 	DATA 	Keypress: o
128.2027 	DATA 	Keypress: o
130.1864 	DATA 	Keypress: o
130.7338 	Level image=tasty.jpg 	25
131.6678 	Level injecting via pump at address 1 	25
137.6550 	DATA 	Keypress: o
137.6560 	DATA 	Keypress: o
137.6570 	DATA 	Keypress: o
137.6844 	Level WAIT 	25
138.6531 	DATA 	Keypress: o
138.6844 	Level RINSE 	25
140.6636 	DATA 	Keypress: o
140.6845 	Level jitter 	25
149.6505 	Level finished 	25
149.6518 	DATA 	Keypress: o
149.6530 	DATA 	Keypress: o
149.6544 	DATA 	Keypress: o
149.6558 	DATA 	Keypress: o
149.6856 	Level image=waterlogo.jpg 	25
150.6530 	DATA 	Keypress: o
150.6686 	Level injecting via pump at address 0 	25
156.6556 	DATA 	Keypress: o
156.6568 	DATA 	Keypress: o
156.6579 	DATA 	Keypress: o
156.6856 	Level WAIT 	25
157.6690 	Level RINSE 	25
159.6557 	DATA 	Keypress: o
159.6696 	Level jitter 	25
163.6505 	Level finished 	25
163.6519 	DATA 	Keypress: o
163.6532 	DATA 	Keypress: o
163.6861 	Level image=tasty.jpg 	25
164.6535 	DATA 	Keypress: o
164.6695 	Level injecting via pump at address 1 	25
170.6550 	DATA 	Keypress: o
170.6560 	DATA 	Keypress: o
170.6571 	DATA 	Keypress: o
170.6703 	Level WAIT 	25
171.6700 	Level RINSE 	25
173.6554 	DATA 	Keypress: o
173.6701 	Level jitter 	25
177.6505 	Level finished 	25
177.6518 	DATA 	Keypress: o
177.6531 	DATA 	Keypress: o
177.6705 	Level image=waterlogo.jpg 	25
178.6531 	DATA 	Keypress: o
178.6705 	Level injecting via pump at address 0 	25
184.6561 	DATA 	Keypress: o
184.6574 	DATA 	Keypress: o
184.6586 	DATA 	Keypress: o
184.6879 	Level WAIT 	25
185.6545 	Level RINSE 	25
187.6560 	DATA 	Keypress: o
187.6711 	Level jitter 	25
191.6505 	Level finished 	25
191.6518 	DATA 	Keypress: o
191.6531 	DATA 	Keypress: o
191.6880 	Level image=waterlogo.jpg 	25
192.6530 	DATA 	Keypress: o
192.6715 	Level injecting via pump at address 0 	25
198.6556 	DATA 	Keypress: o
198.6569 	DATA 	Keypress: o
198.6582 	DATA 	Keypress: o
198.6722 	Level WAIT 	25
199.6719 	Level RINSE 	25
201.6561 	DATA 	Keypress: o
201.6720 	Level jitter 	25
205.6505 	Level finished 	25
205.6520 	DATA 	Keypress: o
205.6534 	DATA 	Keypress: o
205.6724 	Level image=tasty.jpg 	25
206.6538 	DATA 	Keypress: o
206.6725 	Level injecting via pump at address 1 	25
212.6555 	DATA 	Keypress: o
212.6565 	DATA 	Keypress: o
212.6574 	DATA 	Keypress: o
212.6732 	Level WAIT 	25
213.6562 	Level RINSE 	25
215.6562 	DATA 	Keypress: o
215.6730 	Level jitter 	25
221.6505 	Level finished 	25
221.6520 	DATA 	Keypress: o
221.6532 	DATA 	Keypress: o
221.6545 	DATA 	Keypress: o
221.6734 	Level image=waterlogo.jpg 	25
222.6532 	DATA 	Keypress: o
222.6739 	Level injecting via pump at address 0 	25
228.6555 	DATA 	Keypress: o
228.6565 	DATA 	Keypress: o
228.6575 	DATA 	Keypress: o
228.6739 	Level WAIT 	25
229.6574 	Level RINSE 	25
231.6552 	DATA 	Keypress: o
231.6741 	Level jitter 	25
234.6505 	Level finished 	25
234.6518 	DATA 	Keypress: o
234.6531 	DATA 	Keypress: o
234.6748 	Level image=tasty.jpg 	25
235.6578 	Level injecting via pump at address 1 	25
241.6560 	DATA 	Keypress: o
241.6574 	DATA 	Keypress: o
241.6586 	DATA 	Keypress: o
241.6915 	Level WAIT 	25
242.6533 	DATA 	Keypress: o
242.6749 	Level RINSE 	25
244.6560 	DATA 	Keypress: o
244.6754 	Level jitter 	25
247.6505 	Level finished 	25
247.6516 	DATA 	Keypress: o
247.6753 	Level image=waterlogo.jpg 	25
248.6539 	DATA 	Keypress: o
248.6754 	Level injecting via pump at address 0 	25
254.6564 	DATA 	Keypress: o
254.6577 	DATA 	Keypress: o
254.6590 	DATA 	Keypress: o
254.6761 	Level WAIT 	25
255.6758 	Level RINSE 	25
257.6558 	DATA 	Keypress: o
257.6593 	Level jitter 	25
261.6505 	Level finished 	25
261.6519 	DATA 	Keypress: o
261.6531 	DATA 	Keypress: o
261.6763 	Level image=waterlogo.jpg 	25
262.6529 	DATA 	Keypress: o
262.6764 	Level injecting via pump at address 0 	25
268.6561 	DATA 	Keypress: o
268.6574 	DATA 	Keypress: o
268.6586 	DATA 	Keypress: o
268.6771 	Level WAIT 	25
269.6767 	Level RINSE 	25
271.6554 	DATA 	Keypress: o
271.6769 	Level jitter 	25
276.6505 	Level finished 	25
276.6517 	DATA 	Keypress: o
276.6528 	DATA 	Keypress: o
276.6540 	DATA 	Keypress: o
276.6773 	Level image=tasty.jpg 	25
277.6774 	Level injecting via pump at address 1 	25
283.6557 	DATA 	Keypress: o
283.6570 	DATA 	Keypress: o
283.6582 	DATA 	Keypress: o
283.6781 	Level WAIT 	25
284.6531 	DATA 	Keypress: o
284.6777 	Level RINSE 	25
286.6564 	DATA 	Keypress: o
286.6779 	Level jitter 	25
289.6505 	Level finished 	25
289.6520 	DATA 	Keypress: o
289.6782 	Level image=waterlogo.jpg 	25
290.6532 	DATA 	Keypress: o
290.6783 	Level injecting via pump at address 0 	25
296.6560 	DATA 	Keypress: o
296.6573 	DATA 	Keypress: o
296.6586 	DATA 	Keypress: o
296.6789 	Level WAIT 	25
297.6787 	Level RINSE 	25
299.6550 	DATA 	Keypress: o
299.6787 	Level jitter 	25
307.6505 	Level finished 	25
307.6517 	DATA 	Keypress: o
307.6529 	DATA 	Keypress: o
307.6541 	DATA 	Keypress: o
307.6553 	DATA 	Keypress: o
307.6800 	Level image=tasty.jpg 	25
308.6532 	DATA 	Keypress: o
308.6628 	Level injecting via pump at address 1 	25
314.6556 	DATA 	Keypress: o
314.6568 	DATA 	Keypress: o
314.6581 	DATA 	Keypress: o
314.6798 	Level WAIT 	25
315.6799 	Level RINSE 	25
317.6555 	DATA 	Keypress: o
317.6639 	Level jitter 	25
319.6505 	Level finished 	25
319.6516 	DATA 	Keypress: o
319.6803 	Level image=tasty.jpg 	25
320.6532 	DATA 	Keypress: o
320.6637 	Level injecting via pump at address 1 	25
326.6561 	DATA 	Keypress: o
326.6575 	DATA 	Keypress: o
326.6587 	DATA 	Keypress: o
326.6640 	Level WAIT 	25
327.6646 	Level RINSE 	25
329.6555 	DATA 	Keypress: o
329.6642 	Level jitter 	25
331.6505 	Level finished 	25
331.6518 	DATA 	Keypress: o
331.6810 	Level image=waterlogo.jpg 	25
332.6534 	DATA 	Keypress: o
332.6645 	Level injecting via pump at address 0 	25
338.6559 	DATA 	Keypress: o
338.6569 	DATA 	Keypress: o
338.6579 	DATA 	Keypress: o
338.6653 	Level WAIT 	25
339.6649 	Level RINSE 	25
341.6558 	DATA 	Keypress: o
341.6650 	Level jitter 	25
344.6505 	Level finished 	25
344.6517 	DATA 	Keypress: o
344.6527 	DATA 	Keypress: o
344.6819 	Level image=tasty.jpg 	25
345.6654 	Level injecting via pump at address 1 	25
351.6561 	DATA 	Keypress: o
351.6575 	DATA 	Keypress: o
351.6588 	DATA 	Keypress: o
351.6661 	Level WAIT 	25
352.6530 	DATA 	Keypress: o
352.6658 	Level RINSE 	25
354.6563 	DATA 	Keypress: o
354.6659 	Level jitter 	25
356.6505 	Level finished 	25
356.6517 	DATA 	Keypress: o
356.6828 	Level image=waterlogo.jpg 	25
357.6662 	Level injecting via pump at address 0 	25
363.6560 	DATA 	Keypress: o
363.6574 	DATA 	Keypress: o
363.6586 	DATA 	Keypress: o
363.6669 	Level WAIT 	25
364.6533 	DATA 	Keypress: o
364.6667 	Level RINSE 	25
366.6558 	DATA 	Keypress: o
366.6667 	Level jitter 	25
367.6505 	Level finished 	25
367.6668 	Level image=tasty.jpg 	25
368.6536 	DATA 	Keypress: o
368.6670 	Level injecting via pump at address 1 	25
374.6562 	DATA 	Keypress: o
374.6576 	DATA 	Keypress: o
374.6590 	DATA 	Keypress: o
374.6842 	Level WAIT 	25
375.6840 	Level RINSE 	25
377.6554 	DATA 	Keypress: o
377.6675 	Level jitter 	25
379.6505 	Level finished 	25
379.6516 	DATA 	Keypress: o
379.6677 	Level image=waterlogo.jpg 	25
380.6532 	DATA 	Keypress: o
380.6678 	Level injecting via pump at address 0 	25
386.6554 	DATA 	Keypress: o
386.6564 	DATA 	Keypress: o
386.6574 	DATA 	Keypress: o
386.6686 	Level WAIT 	25
387.6683 	Level RINSE 	25
389.6562 	DATA 	Keypress: o
389.6684 	Level jitter 	25
395.6505 	Level finished 	25
395.6519 	DATA 	Keypress: o
395.6532 	DATA 	Keypress: o
395.6545 	DATA 	Keypress: o
395.6688 	Level image=waterlogo.jpg 	25
396.6530 	DATA 	Keypress: o
396.6694 	Level injecting via pump at address 0 	25
402.6559 	DATA 	Keypress: o
402.6573 	DATA 	Keypress: o
402.6586 	DATA 	Keypress: o
402.6859 	Level WAIT 	25
403.6694 	Level RINSE 	25
405.6554 	DATA 	Keypress: o
405.6694 	Level jitter 	25
408.6505 	Level finished 	25
408.6518 	DATA 	Keypress: o
408.6529 	DATA 	Keypress: o
408.6701 	Level image=tasty.jpg 	25
409.6698 	Level injecting via pump at address 1 	25
415.6561 	DATA 	Keypress: o
415.6574 	DATA 	Keypress: o
415.6586 	DATA 	Keypress: o
415.6867 	Level WAIT 	25
416.6533 	DATA 	Keypress: o
416.6703 	Level RINSE 	25
418.6555 	DATA 	Keypress: o
418.6709 	Level jitter 	25
426.6505 	Level finished 	25
426.6517 	DATA 	Keypress: o
426.6528 	DATA 	Keypress: o
426.6540 	DATA 	Keypress: o
426.6552 	DATA 	Keypress: o
426.6709 	Level image=waterlogo.jpg 	25
427.6710 	Level injecting via pump at address 0 	25
433.6560 	DATA 	Keypress: o
433.6577 	DATA 	Keypress: o
433.6589 	DATA 	Keypress: o
433.6718 	Level WAIT 	25
434.6534 	DATA 	Keypress: o
434.6714 	Level RINSE 	25
436.6557 	DATA 	Keypress: o
436.6716 	Level jitter 	25
441.6505 	Level finished 	25
441.6517 	DATA 	Keypress: o
441.6529 	DATA 	Keypress: o
441.6720 	Level image=tasty.jpg 	25
442.6532 	DATA 	Keypress: o
442.6721 	Level injecting via pump at address 1 	25
448.6560 	DATA 	Keypress: o
448.6573 	DATA 	Keypress: o
448.6586 	DATA 	Keypress: o
448.6728 	Level WAIT 	25
449.6725 	Level RINSE 	25
451.6550 	DATA 	Keypress: o
451.6726 	Level jitter 	25
455.6505 	Level finished 	25
455.6518 	DATA 	Keypress: o
455.6531 	DATA 	Keypress: o
455.6729 	Level image=waterlogo.jpg 	25
456.6536 	DATA 	Keypress: o
456.6730 	Level injecting via pump at address 0 	25
462.6554 	DATA 	Keypress: o
462.6565 	DATA 	Keypress: o
462.6574 	DATA 	Keypress: o
462.6739 	Level WAIT 	25
463.6568 	Level RINSE 	25
465.6558 	DATA 	Keypress: o
465.6736 	Level jitter 	25
470.6505 	Level finished 	25
470.6517 	DATA 	Keypress: o
470.6528 	DATA 	Keypress: o
470.6538 	DATA 	Keypress: o
470.6740 	Level image=tasty.jpg 	25
471.6740 	Level injecting via pump at address 1 	25
477.6564 	DATA 	Keypress: o
477.6576 	DATA 	Keypress: o
477.6589 	DATA 	Keypress: o
477.6749 	Level WAIT 	25
478.6529 	DATA 	Keypress: o
478.6745 	Level RINSE 	25
480.6555 	DATA 	Keypress: o
480.6746 	Level jitter 	25
489.6505 	Level finished 	25
489.6520 	DATA 	Keypress: o
489.6534 	DATA 	Keypress: o
489.6546 	DATA 	Keypress: o
489.6558 	DATA 	Keypress: o
489.6758 	Level image=waterlogo.jpg 	25
490.6534 	DATA 	Keypress: o
490.6755 	Level injecting via pump at address 0 	25
496.6557 	DATA 	Keypress: o
496.6568 	DATA 	Keypress: o
496.6579 	DATA 	Keypress: o
496.6757 	Level WAIT 	25
497.6592 	Level RINSE 	25
499.6558 	DATA 	Keypress: o
499.6763 	Level jitter 	25
508.6505 	Level finished 	25
508.6519 	DATA 	Keypress: o
508.6530 	DATA 	Keypress: o
508.6540 	DATA 	Keypress: o
508.6550 	DATA 	Keypress: o
508.6561 	DATA 	Keypress: o
508.6766 	Level image=tasty.jpg 	25
509.6771 	Level injecting via pump at address 1 	25
515.6552 	DATA 	Keypress: o
515.6564 	DATA 	Keypress: o
515.6574 	DATA 	Keypress: o
515.6771 	Level WAIT 	25
516.6530 	DATA 	Keypress: o
516.6605 	Level RINSE 	25
518.6558 	DATA 	Keypress: o
518.6773 	Level jitter 	25
522.6505 	Level finished 	25
522.6517 	DATA 	Keypress: o
522.6529 	DATA 	Keypress: o
522.6613 	Level image=tasty.jpg 	25
523.6609 	Level injecting via pump at address 1 	25
529.6556 	DATA 	Keypress: o
529.6566 	DATA 	Keypress: o
529.6576 	DATA 	Keypress: o
529.6780 	Level WAIT 	25
530.6532 	DATA 	Keypress: o
530.6781 	Level RINSE 	25
532.6555 	DATA 	Keypress: o
532.6619 	Level jitter 	25
535.6505 	Level finished 	25
535.6516 	DATA 	Keypress: o
535.6618 	Level image=waterlogo.jpg 	25
536.6534 	DATA 	Keypress: o
536.6785 	Level injecting via pump at address 0 	25
542.6564 	DATA 	Keypress: o
542.6577 	DATA 	Keypress: o
542.6589 	DATA 	Keypress: o
542.6793 	Level WAIT 	25
543.6790 	Level RINSE 	25
545.6559 	DATA 	Keypress: o
545.6791 	Level jitter 	25
546.6505 	Level finished 	25
546.6518 	DATA 	Keypress: o
546.6792 	Level image=tasty.jpg 	25
547.6626 	Level injecting via pump at address 1 	25
553.6551 	DATA 	Keypress: o
553.6561 	DATA 	Keypress: o
553.6571 	DATA 	Keypress: o
553.6801 	Level WAIT 	25
554.6530 	DATA 	Keypress: o
554.6631 	Level RINSE 	25
556.6555 	DATA 	Keypress: o
556.6798 	Level jitter 	25
563.6505 	Level finished 	25
563.6517 	DATA 	Keypress: o
563.6528 	DATA 	Keypress: o
563.6539 	DATA 	Keypress: o
563.6810 	Level image=waterlogo.jpg 	25
564.6530 	DATA 	Keypress: o
564.6637 	Level injecting via pump at address 0 	25
570.6561 	DATA 	Keypress: o
570.6575 	DATA 	Keypress: o
570.6587 	DATA 	Keypress: o
570.6808 	Level WAIT 	25
571.6809 	Level RINSE 	25
573.6567 	DATA 	Keypress: o
573.6815 	Level jitter 	25
574.6505 	Level finished 	25
574.6516 	DATA 	Keypress: o
574.6812 	Level image=tasty.jpg 	25
575.6646 	Level injecting via pump at address 1 	25
581.6557 	DATA 	Keypress: o
581.6570 	DATA 	Keypress: o
581.6581 	DATA 	Keypress: o
581.6816 	Level WAIT 	25
582.6530 	DATA 	Keypress: o
582.6650 	Level RINSE 	25
584.6555 	DATA 	Keypress: o
584.6822 	Level jitter 	25
590.6505 	Level finished 	25
