47.1121 	DATA 	Keypress: o
47.1133 	Level start key press 	25
49.1163 	DATA 	Keypress: o
51.1213 	DATA 	Keypress: o
53.1206 	DATA 	Keypress: o
55.1463 	DATA 	Keypress: o
55.1655 	Level image=waterlogo.jpg 	25
56.0935 	Level injecting via pump at address 0 	25
62.0881 	DATA 	Keypress: o
62.0893 	DATA 	Keypress: o
62.0905 	DATA 	Keypress: o
62.0962 	Level WAIT 	25
63.0898 	Level RINSE 	25
65.0963 	DATA 	Keypress: o
65.0996 	Level jitter 	25
74.0827 	Level finished 	25
74.0839 	DATA 	Keypress: o
74.0848 	DATA 	Keypress: o
74.0857 	DATA 	Keypress: o
74.0866 	DATA 	Keypress: o
74.0875 	DATA 	Keypress: o
74.1002 	Level image=waterlogo.jpg 	25
75.0944 	Level injecting via pump at address 0 	25
81.0879 	DATA 	Keypress: o
81.0891 	DATA 	Keypress: o
81.0902 	DATA 	Keypress: o
81.0967 	Level WAIT 	25
82.0850 	DATA 	Keypress: o
82.0917 	Level RINSE 	25
84.0873 	DATA 	Keypress: o
84.0971 	Level jitter 	25
89.0827 	Level finished 	25
89.0841 	DATA 	Keypress: o
89.0853 	DATA 	Keypress: o
89.1031 	Level image=tasty.jpg 	25
90.0853 	DATA 	Keypress: o
90.0990 	Level injecting via pump at address 0 	25
96.0877 	DATA 	Keypress: o
96.0888 	DATA 	Keypress: o
96.0901 	DATA 	Keypress: o
96.1015 	Level WAIT 	25
97.0967 	Level RINSE 	25
99.0869 	DATA 	Keypress: o
99.1025 	Level jitter 	25
100.0827 	Level finished 	25
100.0838 	DATA 	Keypress: o
100.0965 	Level image=tasty.jpg 	25
101.0870 	Level injecting via pump at address 1 	25
107.0877 	DATA 	Keypress: o
107.0887 	DATA 	Keypress: o
107.0896 	DATA 	Keypress: o
107.0943 	Level WAIT 	25
108.0854 	DATA 	Keypress: o
108.0885 	Level RINSE 	25
110.0879 	DATA 	Keypress: o
110.0952 	Level jitter 	25
115.0827 	Level finished 	25
115.0839 	DATA 	Keypress: o
115.0849 	DATA 	Keypress: o
115.1023 	Level image=tasty.jpg 	25
116.0855 	DATA 	Keypress: o
116.0888 	Level injecting via pump at address 0 	25
122.0880 	DATA 	Keypress: o
122.0891 	DATA 	Keypress: o
122.0900 	DATA 	Keypress: o
122.0989 	Level WAIT 	25
123.0896 	Level RINSE 	25
125.0881 	DATA 	Keypress: o
125.0994 	Level jitter 	25
129.0827 	Level finished 	25
129.0842 	DATA 	Keypress: o
129.0855 	DATA 	Keypress: o
129.0959 	Level image=waterlogo.jpg 	25
130.0852 	DATA 	Keypress: o
130.0910 	Level injecting via pump at address 0 	25
136.0877 	DATA 	Keypress: o
136.0888 	DATA 	Keypress: o
136.0897 	DATA 	Keypress: o
136.0932 	Level WAIT 	25
137.0869 	Level RINSE 	25
139.0878 	DATA 	Keypress: o
139.0912 	Level jitter 	25
141.0827 	Level finished 	25
141.0838 	DATA 	Keypress: o
141.0917 	Level image=tasty.jpg 	25
142.0856 	DATA 	Keypress: o
142.0926 	Level injecting via pump at address 0 	25
148.0871 	DATA 	Keypress: o
148.0881 	DATA 	Keypress: o
148.0891 	DATA 	Keypress: o
148.0929 	Level WAIT 	25
149.0912 	Level RINSE 	25
151.0870 	DATA 	Keypress: o
151.0933 	Level jitter 	25
159.0827 	Level finished 	25
159.0839 	DATA 	Keypress: o
159.0849 	DATA 	Keypress: o
159.0861 	DATA 	Keypress: o
159.0872 	DATA 	Keypress: o
159.1058 	Level image=waterlogo.jpg 	25
160.0854 	DATA 	Keypress: o
160.0945 	Level injecting via pump at address 0 	25
166.0877 	DATA 	Keypress: o
166.0887 	DATA 	Keypress: o
166.0897 	DATA 	Keypress: o
166.0953 	Level WAIT 	25
167.0948 	Level RINSE 	25
169.0882 	DATA 	Keypress: o
169.0953 	Level jitter 	25
174.0827 	Level finished 	25
174.0841 	DATA 	Keypress: o
174.0855 	DATA 	Keypress: o
174.0868 	DATA 	Keypress: o
174.0959 	Level image=tasty.jpg 	25
175.0885 	Level injecting via pump at address 1 	25
181.0874 	DATA 	Keypress: o
181.0884 	DATA 	Keypress: o
181.0894 	DATA 	Keypress: o
181.0968 	Level WAIT 	25
182.0856 	DATA 	Keypress: o
182.0965 	Level RINSE 	25
184.0883 	DATA 	Keypress: o
184.0917 	Level jitter 	25
186.0827 	Level finished 	25
186.0840 	DATA 	Keypress: o
186.0967 	Level image=tasty.jpg 	25
187.0933 	Level injecting via pump at address 0 	25
193.0878 	DATA 	Keypress: o
193.0888 	DATA 	Keypress: o
193.0896 	DATA 	Keypress: o
193.0954 	Level WAIT 	25
194.0855 	DATA 	Keypress: o
194.0900 	Level RINSE 	25
196.0876 	DATA 	Keypress: o
196.0951 	Level jitter 	25
199.0827 	Level finished 	25
199.0838 	DATA 	Keypress: o
199.0964 	Level image=waterlogo.jpg 	25
200.0851 	DATA 	Keypress: o
200.0915 	Level injecting via pump at address 0 	25
206.0878 	DATA 	Keypress: o
206.0890 	DATA 	Keypress: o
206.0901 	DATA 	Keypress: o
206.0939 	Level WAIT 	25
207.0884 	Level RINSE 	25
209.0880 	DATA 	Keypress: o
209.0948 	Level jitter 	25
217.0827 	Level finished 	25
217.0841 	DATA 	Keypress: o
217.0852 	DATA 	Keypress: o
217.0861 	DATA 	Keypress: o
217.0871 	DATA 	Keypress: o
217.1018 	Level image=tasty.jpg 	25
218.0851 	DATA 	Keypress: o
218.0972 	Level injecting via pump at address 0 	25
224.0870 	DATA 	Keypress: o
224.0881 	DATA 	Keypress: o
224.0890 	DATA 	Keypress: o
224.0995 	Level WAIT 	25
225.0941 	Level RINSE 	25
227.0877 	DATA 	Keypress: o
227.1007 	Level jitter 	25
229.0827 	Level finished 	25
229.0840 	DATA 	Keypress: o
229.1018 	Level image=tasty.jpg 	25
230.0853 	DATA 	Keypress: o
230.1009 	Level injecting via pump at address 1 	25
236.0879 	DATA 	Keypress: o
236.0896 	DATA 	Keypress: o
236.0912 	DATA 	Keypress: o
236.1028 	Level WAIT 	25
237.0981 	Level RINSE 	25
239.0871 	DATA 	Keypress: o
239.1032 	Level jitter 	25
248.0827 	Level finished 	25
248.0839 	DATA 	Keypress: o
248.0849 	DATA 	Keypress: o
248.0859 	DATA 	Keypress: o
248.0869 	DATA 	Keypress: o
248.0878 	DATA 	Keypress: o
248.1052 	Level image=waterlogo.jpg 	25
249.0879 	Level injecting via pump at address 0 	25
255.0885 	DATA 	Keypress: o
255.0900 	DATA 	Keypress: o
255.0914 	DATA 	Keypress: o
255.1042 	Level WAIT 	25
256.0851 	DATA 	Keypress: o
256.0892 	Level RINSE 	25
258.0873 	DATA 	Keypress: o
258.1055 	Level jitter 	25
266.0827 	Level finished 	25
266.0841 	DATA 	Keypress: o
266.0855 	DATA 	Keypress: o
266.0867 	DATA 	Keypress: o
266.0878 	DATA 	Keypress: o
266.0964 	Level image=tasty.jpg 	25
267.0906 	Level injecting via pump at address 0 	25
273.0877 	DATA 	Keypress: o
273.0888 	DATA 	Keypress: o
273.0897 	DATA 	Keypress: o
273.0929 	Level WAIT 	25
274.0853 	DATA 	Keypress: o
274.0887 	Level RINSE 	25
276.0871 	DATA 	Keypress: o
276.0918 	Level jitter 	25
278.0827 	Level finished 	25
278.0839 	DATA 	Keypress: o
278.0914 	Level image=waterlogo.jpg 	25
279.0912 	Level injecting via pump at address 0 	25
285.0872 	DATA 	Keypress: o
285.0882 	DATA 	Keypress: o
285.0892 	DATA 	Keypress: o
285.0927 	Level WAIT 	25
286.0850 	DATA 	Keypress: o
286.0926 	Level RINSE 	25
288.0874 	DATA 	Keypress: o
288.0927 	Level jitter 	25
295.0827 	Level finished 	25
295.0839 	DATA 	Keypress: o
295.0852 	DATA 	Keypress: o
295.0863 	DATA 	Keypress: o
295.0955 	Level image=tasty.jpg 	25
296.0850 	DATA 	Keypress: o
296.0901 	Level injecting via pump at address 1 	25
302.0882 	DATA 	Keypress: o
302.0894 	DATA 	Keypress: o
302.0905 	DATA 	Keypress: o
302.0940 	Level WAIT 	25
303.0873 	Level RINSE 	25
305.0869 	DATA 	Keypress: o
305.0927 	Level jitter 	25
310.0827 	Level finished 	25
310.0841 	DATA 	Keypress: o
310.0853 	DATA 	Keypress: o
310.0863 	DATA 	Keypress: o
310.0957 	Level image=tasty.jpg 	25
311.0948 	Level injecting via pump at address 0 	25
317.0879 	DATA 	Keypress: o
317.0890 	DATA 	Keypress: o
317.0900 	DATA 	Keypress: o
317.0966 	Level WAIT 	25
318.0850 	DATA 	Keypress: o
318.0921 	Level RINSE 	25
320.0877 	DATA 	Keypress: o
320.0962 	Level jitter 	25
322.0827 	Level finished 	25
322.0838 	DATA 	Keypress: o
322.0963 	Level image=tasty.jpg 	25
323.0961 	Level injecting via pump at address 1 	25
329.0884 	DATA 	Keypress: o
329.0895 	DATA 	Keypress: o
329.0904 	DATA 	Keypress: o
329.0980 	Level WAIT 	25
330.0851 	DATA 	Keypress: o
330.0955 	Level RINSE 	25
332.0870 	DATA 	Keypress: o
332.0977 	Level jitter 	25
335.0827 	Level finished 	25
335.0839 	DATA 	Keypress: o
335.0979 	Level image=tasty.jpg 	25
336.0853 	DATA 	Keypress: o
336.0980 	Level injecting via pump at address 0 	25
342.0878 	DATA 	Keypress: o
342.0887 	DATA 	Keypress: o
342.0897 	DATA 	Keypress: o
342.0995 	Level WAIT 	25
343.0949 	Level RINSE 	25
345.0869 	DATA 	Keypress: o
345.0994 	Level jitter 	25
347.0827 	Level finished 	25
347.0839 	DATA 	Keypress: o
347.0995 	Level image=tasty.jpg 	25
348.0855 	DATA 	Keypress: o
348.0993 	Level injecting via pump at address 1 	25
354.0881 	DATA 	Keypress: o
354.0893 	DATA 	Keypress: o
354.0904 	DATA 	Keypress: o
354.1001 	Level WAIT 	25
355.0979 	Level RINSE 	25
357.0880 	DATA 	Keypress: o
357.1010 	Level jitter 	25
361.0827 	Level finished 	25
361.0839 	DATA 	Keypress: o
361.0850 	DATA 	Keypress: o
361.1001 	Level image=tasty.jpg 	25
362.0854 	DATA 	Keypress: o
362.0955 	Level injecting via pump at address 0 	25
368.0880 	DATA 	Keypress: o
368.0896 	DATA 	Keypress: o
368.0908 	DATA 	Keypress: o
368.0977 	Level WAIT 	25
369.0915 	Level RINSE 	25
371.0878 	DATA 	Keypress: o
371.0976 	Level jitter 	25
373.0827 	Level finished 	25
373.0838 	DATA 	Keypress: o
373.1027 	Level image=tasty.jpg 	25
374.0856 	DATA 	Keypress: o
374.0988 	Level injecting via pump at address 1 	25
380.0879 	DATA 	Keypress: o
380.0891 	DATA 	Keypress: o
380.0902 	DATA 	Keypress: o
380.1014 	Level WAIT 	25
381.0872 	Level RINSE 	25
383.0876 	DATA 	Keypress: o
383.1022 	Level jitter 	25
391.0827 	Level finished 	25
391.0839 	DATA 	Keypress: o
391.0851 	DATA 	Keypress: o
391.0863 	DATA 	Keypress: o
391.0875 	DATA 	Keypress: o
391.0948 	Level image=tasty.jpg 	25
392.0853 	DATA 	Keypress: o
392.0887 	Level injecting via pump at address 0 	25
398.0881 	DATA 	Keypress: o
398.0891 	DATA 	Keypress: o
398.0900 	DATA 	Keypress: o
398.1049 	Level WAIT 	25
399.0891 	Level RINSE 	25
401.0875 	DATA 	Keypress: o
401.0924 	Level jitter 	25
408.0827 	Level finished 	25
