102.5711 	DATA 	Keypress: o
102.5719 	Level start key press 	25
104.5802 	DATA 	Keypress: o
106.5803 	DATA 	Keypress: o
108.5806 	DATA 	Keypress: o
110.5808 	DATA 	Keypress: o
111.1118 	Level image=tasty.jpg 	25
112.0623 	Level injecting via pump at address 1 	25
118.0509 	DATA 	Keypress: o
118.0522 	DATA 	Keypress: o
118.0534 	DATA 	Keypress: o
118.0793 	Level WAIT 	25
119.0476 	DATA 	Keypress: o
119.0794 	Level RINSE 	25
121.0583 	DATA 	Keypress: o
121.0797 	Level jitter 	25
130.0451 	Level finished 	25
130.0467 	DATA 	Keypress: o
130.0481 	DATA 	Keypress: o
130.0491 	DATA 	Keypress: o
130.0501 	DATA 	Keypress: o
130.0812 	Level image=waterlogo.jpg 	25
131.0479 	DATA 	Keypress: o
131.0642 	Level injecting via pump at address 0 	25
137.0501 	DATA 	Keypress: o
137.0513 	DATA 	Keypress: o
137.0523 	DATA 	Keypress: o
137.0648 	Level WAIT 	25
138.0650 	Level RINSE 	25
140.0499 	DATA 	Keypress: o
140.0656 	Level jitter 	25
144.0451 	Level finished 	25
144.0464 	DATA 	Keypress: o
144.0475 	DATA 	Keypress: o
144.0824 	Level image=tasty.jpg 	25
145.0478 	DATA 	Keypress: o
145.0659 	Level injecting via pump at address 1 	25
151.0505 	DATA 	Keypress: o
151.0518 	DATA 	Keypress: o
151.0529 	DATA 	Keypress: o
151.0668 	Level WAIT 	25
152.0666 	Level RINSE 	25
154.0496 	DATA 	Keypress: o
154.0668 	Level jitter 	25
158.0451 	Level finished 	25
158.0467 	DATA 	Keypress: o
158.0481 	DATA 	Keypress: o
158.0673 	Level image=waterlogo.jpg 	25
159.0478 	DATA 	Keypress: o
159.0675 	Level injecting via pump at address 0 	25
165.0518 	DATA 	Keypress: o
165.0532 	DATA 	Keypress: o
165.0544 	DATA 	Keypress: o
165.0685 	Level WAIT 	25
166.0683 	Level RINSE 	25
168.0498 	DATA 	Keypress: o
168.0685 	Level jitter 	25
172.0451 	Level finished 	25
172.0466 	DATA 	Keypress: o
172.0475 	DATA 	Keypress: o
172.0689 	Level image=waterlogo.jpg 	25
173.0475 	DATA 	Keypress: o
173.0525 	Level injecting via pump at address 0 	25
179.0501 	DATA 	Keypress: o
179.0511 	DATA 	Keypress: o
179.0521 	DATA 	Keypress: o
179.0702 	Level WAIT 	25
180.0699 	Level RINSE 	25
182.0496 	DATA 	Keypress: o
182.0534 	Level jitter 	25
186.0451 	Level finished 	25
186.0465 	DATA 	Keypress: o
186.0477 	DATA 	Keypress: o
186.0706 	Level image=tasty.jpg 	25
187.0477 	DATA 	Keypress: o
187.0707 	Level injecting via pump at address 1 	25
193.0497 	DATA 	Keypress: o
193.0509 	DATA 	Keypress: o
193.0521 	DATA 	Keypress: o
193.0719 	Level WAIT 	25
194.0715 	Level RINSE 	25
196.0505 	DATA 	Keypress: o
196.0717 	Level jitter 	25
202.0451 	Level finished 	25
202.0464 	DATA 	Keypress: o
202.0474 	DATA 	Keypress: o
202.0484 	DATA 	Keypress: o
202.0725 	Level image=waterlogo.jpg 	25
203.0474 	DATA 	Keypress: o
203.0731 	Level injecting via pump at address 0 	25
209.0499 	DATA 	Keypress: o
209.0509 	DATA 	Keypress: o
209.0521 	DATA 	Keypress: o
209.0732 	Level WAIT 	25
210.0567 	Level RINSE 	25
212.0501 	DATA 	Keypress: o
212.0736 	Level jitter 	25
215.0451 	Level finished 	25
215.0467 	DATA 	Keypress: o
215.0478 	DATA 	Keypress: o
215.0744 	Level image=tasty.jpg 	25
216.0741 	Level injecting via pump at address 1 	25
222.0502 	DATA 	Keypress: o
222.0512 	DATA 	Keypress: o
222.0521 	DATA 	Keypress: o
222.0749 	Level WAIT 	25
223.0475 	DATA 	Keypress: o
223.0582 	Level RINSE 	25
225.0501 	DATA 	Keypress: o
225.0755 	Level jitter 	25
228.0451 	Level finished 	25
228.0465 	DATA 	Keypress: o
228.0755 	Level image=waterlogo.jpg 	25
229.0474 	DATA 	Keypress: o
229.0590 	Level injecting via pump at address 0 	25
235.0509 	DATA 	Keypress: o
235.0522 	DATA 	Keypress: o
235.0534 	DATA 	Keypress: o
235.0600 	Level WAIT 	25
236.0598 	Level RINSE 	25
238.0500 	DATA 	Keypress: o
238.0599 	Level jitter 	25
242.0451 	Level finished 	25
242.0464 	DATA 	Keypress: o
242.0475 	DATA 	Keypress: o
242.0605 	Level image=waterlogo.jpg 	25
243.0478 	DATA 	Keypress: o
243.0606 	Level injecting via pump at address 0 	25
249.0503 	DATA 	Keypress: o
249.0515 	DATA 	Keypress: o
249.0525 	DATA 	Keypress: o
249.0784 	Level WAIT 	25
250.0782 	Level RINSE 	25
252.0498 	DATA 	Keypress: o
252.0616 	Level jitter 	25
257.0451 	Level finished 	25
257.0466 	DATA 	Keypress: o
257.0478 	DATA 	Keypress: o
257.0489 	DATA 	Keypress: o
257.0623 	Level image=tasty.jpg 	25
258.0624 	Level injecting via pump at address 1 	25
264.0501 	DATA 	Keypress: o
264.0512 	DATA 	Keypress: o
264.0521 	DATA 	Keypress: o
264.0634 	Level WAIT 	25
265.0478 	DATA 	Keypress: o
265.0632 	Level RINSE 	25
267.0511 	DATA 	Keypress: o
267.0633 	Level jitter 	25
270.0451 	Level finished 	25
270.0462 	DATA 	Keypress: o
270.0637 	Level image=waterlogo.jpg 	25
271.0475 	DATA 	Keypress: o
271.0639 	Level injecting via pump at address 0 	25
277.0504 	DATA 	Keypress: o
277.0516 	DATA 	Keypress: o
277.0526 	DATA 	Keypress: o
277.0649 	Level WAIT 	25
278.0647 	Level RINSE 	25
280.0503 	DATA 	Keypress: o
280.0649 	Level jitter 	25
288.0451 	Level finished 	25
288.0467 	DATA 	Keypress: o
288.0479 	DATA 	Keypress: o
288.0490 	DATA 	Keypress: o
288.0499 	DATA 	Keypress: o
288.0664 	Level image=tasty.jpg 	25
289.0477 	DATA 	Keypress: o
289.0661 	Level injecting via pump at address 1 	25
295.0498 	DATA 	Keypress: o
295.0508 	DATA 	Keypress: o
295.0517 	DATA 	Keypress: o
295.0666 	Level WAIT 	25
296.0668 	Level RINSE 	25
298.0498 	DATA 	Keypress: o
298.0674 	Level jitter 	25
300.0451 	Level finished 	25
300.0465 	DATA 	Keypress: o
300.0839 	Level image=tasty.jpg 	25
301.0479 	DATA 	Keypress: o
301.0674 	Level injecting via pump at address 1 	25
307.0505 	DATA 	Keypress: o
307.0518 	DATA 	Keypress: o
307.0531 	DATA 	Keypress: o
307.0680 	Level WAIT 	25
308.0686 	Level RINSE 	25
310.0503 	DATA 	Keypress: o
310.0684 	Level jitter 	25
312.0451 	Level finished 	25
312.0463 	DATA 	Keypress: o
312.0687 	Level image=waterlogo.jpg 	25
313.0477 	DATA 	Keypress: o
313.0522 	Level injecting via pump at address 0 	25
319.0500 	DATA 	Keypress: o
319.0512 	DATA 	Keypress: o
319.0522 	DATA 	Keypress: o
319.0865 	Level WAIT 	25
320.0529 	Level RINSE 	25
322.0505 	DATA 	Keypress: o
322.0697 	Level jitter 	25
325.0451 	Level finished 	25
325.0463 	DATA 	Keypress: o
325.0473 	DATA 	Keypress: o
325.0702 	Level image=tasty.jpg 	25
326.0536 	Level injecting via pump at address 1 	25
332.0500 	DATA 	Keypress: o
332.0510 	DATA 	Keypress: o
332.0519 	DATA 	Keypress: o
332.0714 	Level WAIT 	25
333.0478 	DATA 	Keypress: o
333.0712 	Level RINSE 	25
335.0499 	DATA 	Keypress: o
335.0546 	Level jitter 	25
337.0451 	Level finished 	25
337.0464 	DATA 	Keypress: o
337.0716 	Level image=waterlogo.jpg 	25
338.0550 	Level injecting via pump at address 0 	25
344.0502 	DATA 	Keypress: o
344.0515 	DATA 	Keypress: o
344.0527 	DATA 	Keypress: o
344.0729 	Level WAIT 	25
345.0479 	DATA 	Keypress: o
345.0559 	Level RINSE 	25
347.0500 	DATA 	Keypress: o
347.0728 	Level jitter 	25
348.0451 	Level finished 	25
348.0562 	Level image=tasty.jpg 	25
349.0476 	DATA 	Keypress: o
349.0730 	Level injecting via pump at address 1 	25
355.0503 	DATA 	Keypress: o
355.0514 	DATA 	Keypress: o
355.0524 	DATA 	Keypress: o
355.0741 	Level WAIT 	25
356.0738 	Level RINSE 	25
358.0500 	DATA 	Keypress: o
358.0740 	Level jitter 	25
360.0451 	Level finished 	25
360.0462 	DATA 	Keypress: o
360.0576 	Level image=waterlogo.jpg 	25
361.0479 	DATA 	Keypress: o
361.0577 	Level injecting via pump at address 0 	25
367.0511 	DATA 	Keypress: o
367.0524 	DATA 	Keypress: o
367.0537 	DATA 	Keypress: o
367.0754 	Level WAIT 	25
368.0752 	Level RINSE 	25
370.0502 	DATA 	Keypress: o
370.0588 	Level jitter 	25
376.0451 	Level finished 	25
376.0465 	DATA 	Keypress: o
376.0477 	DATA 	Keypress: o
376.0487 	DATA 	Keypress: o
376.0595 	Level image=waterlogo.jpg 	25
377.0479 	DATA 	Keypress: o
377.0600 	Level injecting via pump at address 0 	25
383.0501 	DATA 	Keypress: o
383.0512 	DATA 	Keypress: o
383.0522 	DATA 	Keypress: o
383.0769 	Level WAIT 	25
384.0771 	Level RINSE 	25
386.0502 	DATA 	Keypress: o
386.0607 	Level jitter 	25
389.0451 	Level finished 	25
389.0464 	DATA 	Keypress: o
389.0475 	DATA 	Keypress: o
389.0613 	Level image=tasty.jpg 	25
390.0612 	Level injecting via pump at address 1 	25
396.0496 	DATA 	Keypress: o
396.0506 	DATA 	Keypress: o
396.0515 	DATA 	Keypress: o
396.0784 	Level WAIT 	25
397.0477 	DATA 	Keypress: o
397.0786 	Level RINSE 	25
399.0499 	DATA 	Keypress: o
399.0626 	Level jitter 	25
407.0451 	Level finished 	25
407.0465 	DATA 	Keypress: o
407.0477 	DATA 	Keypress: o
407.0490 	DATA 	Keypress: o
407.0500 	DATA 	Keypress: o
407.0631 	Level image=waterlogo.jpg 	25
408.0632 	Level injecting via pump at address 0 	25
414.0506 	DATA 	Keypress: o
414.0518 	DATA 	Keypress: o
414.0531 	DATA 	Keypress: o
414.0644 	Level WAIT 	25
415.0476 	DATA 	Keypress: o
415.0641 	Level RINSE 	25
417.0513 	DATA 	Keypress: o
417.0641 	Level jitter 	25
422.0451 	Level finished 	25
422.0465 	DATA 	Keypress: o
422.0477 	DATA 	Keypress: o
422.0815 	Level image=tasty.jpg 	25
423.0479 	DATA 	Keypress: o
423.0650 	Level injecting via pump at address 1 	25
429.0512 	DATA 	Keypress: o
429.0526 	DATA 	Keypress: o
429.0539 	DATA 	Keypress: o
429.0661 	Level WAIT 	25
430.0658 	Level RINSE 	25
432.0501 	DATA 	Keypress: o
432.0659 	Level jitter 	25
436.0451 	Level finished 	25
436.0463 	DATA 	Keypress: o
436.0475 	DATA 	Keypress: o
436.0664 	Level image=waterlogo.jpg 	25
437.0475 	DATA 	Keypress: o
437.0666 	Level injecting via pump at address 0 	25
443.0515 	DATA 	Keypress: o
443.0528 	DATA 	Keypress: o
443.0541 	DATA 	Keypress: o
443.0843 	Level WAIT 	25
444.0508 	Level RINSE 	25
446.0502 	DATA 	Keypress: o
446.0677 	Level jitter 	25
451.0451 	Level finished 	25
451.0464 	DATA 	Keypress: o
451.0477 	DATA 	Keypress: o
451.0488 	DATA 	Keypress: o
451.0682 	Level image=tasty.jpg 	25
452.0683 	Level injecting via pump at address 1 	25
458.0507 	DATA 	Keypress: o
458.0522 	DATA 	Keypress: o
458.0534 	DATA 	Keypress: o
458.0695 	Level WAIT 	25
459.0475 	DATA 	Keypress: o
459.0692 	Level RINSE 	25
461.0500 	DATA 	Keypress: o
461.0694 	Level jitter 	25
470.0451 	Level finished 	25
470.0465 	DATA 	Keypress: o
470.0477 	DATA 	Keypress: o
470.0490 	DATA 	Keypress: o
470.0501 	DATA 	Keypress: o
470.0709 	Level image=waterlogo.jpg 	25
471.0476 	DATA 	Keypress: o
471.0707 	Level injecting via pump at address 0 	25
477.0496 	DATA 	Keypress: o
477.0507 	DATA 	Keypress: o
477.0516 	DATA 	Keypress: o
477.0712 	Level WAIT 	25
478.0714 	Level RINSE 	25
480.0500 	DATA 	Keypress: o
480.0720 	Level jitter 	25
489.0451 	Level finished 	25
489.0464 	DATA 	Keypress: o
489.0477 	DATA 	Keypress: o
489.0487 	DATA 	Keypress: o
489.0498 	DATA 	Keypress: o
489.0509 	DATA 	Keypress: o
489.0727 	Level image=tasty.jpg 	25
490.0732 	Level injecting via pump at address 1 	25
496.0502 	DATA 	Keypress: o
496.0512 	DATA 	Keypress: o
496.0521 	DATA 	Keypress: o
496.0734 	Level WAIT 	25
497.0475 	DATA 	Keypress: o
497.0570 	Level RINSE 	25
499.0501 	DATA 	Keypress: o
499.0738 	Level jitter 	25
503.0451 	Level finished 	25
503.0466 	DATA 	Keypress: o
503.0479 	DATA 	Keypress: o
503.0747 	Level image=tasty.jpg 	25
504.0578 	Level injecting via pump at address 1 	25
510.0504 	DATA 	Keypress: o
510.0514 	DATA 	Keypress: o
510.0523 	DATA 	Keypress: o
510.0585 	Level WAIT 	25
511.0477 	DATA 	Keypress: o
511.0586 	Level RINSE 	25
513.0502 	DATA 	Keypress: o
513.0591 	Level jitter 	25
516.0451 	Level finished 	25
516.0463 	DATA 	Keypress: o
516.0591 	Level image=waterlogo.jpg 	25
517.0478 	DATA 	Keypress: o
517.0593 	Level injecting via pump at address 0 	25
523.0508 	DATA 	Keypress: o
523.0522 	DATA 	Keypress: o
523.0533 	DATA 	Keypress: o
523.0770 	Level WAIT 	25
524.0601 	Level RINSE 	25
526.0502 	DATA 	Keypress: o
526.0604 	Level jitter 	25
527.0451 	Level finished 	25
527.0464 	DATA 	Keypress: o
527.0772 	Level image=tasty.jpg 	25
528.0773 	Level injecting via pump at address 1 	25
534.0511 	DATA 	Keypress: o
534.0525 	DATA 	Keypress: o
534.0538 	DATA 	Keypress: o
534.0783 	Level WAIT 	25
535.0481 	DATA 	Keypress: o
535.0613 	Level RINSE 	25
537.0498 	DATA 	Keypress: o
537.0782 	Level jitter 	25
544.0451 	Level finished 	25
544.0465 	DATA 	Keypress: o
544.0478 	DATA 	Keypress: o
544.0489 	DATA 	Keypress: o
544.0628 	Level image=waterlogo.jpg 	25
545.0483 	DATA 	Keypress: o
545.0625 	Level injecting via pump at address 0 	25
551.0509 	DATA 	Keypress: o
551.0523 	DATA 	Keypress: o
551.0536 	DATA 	Keypress: o
551.0633 	Level WAIT 	25
552.0634 	Level RINSE 	25
554.0513 	DATA 	Keypress: o
554.0641 	Level jitter 	25
555.0451 	Level finished 	25
555.0464 	DATA 	Keypress: o
555.0639 	Level image=tasty.jpg 	25
556.0639 	Level injecting via pump at address 1 	25
562.0508 	DATA 	Keypress: o
562.0522 	DATA 	Keypress: o
562.0535 	DATA 	Keypress: o
562.0811 	Level WAIT 	25
563.0477 	DATA 	Keypress: o
563.0646 	Level RINSE 	25
565.0502 	DATA 	Keypress: o
565.0819 	Level jitter 	25
571.0451 	Level finished 	25
