66.5967 	DATA 	Keypress: o
66.5976 	Level start key press 	25
68.6107 	DATA 	Keypress: o
70.6108 	DATA 	Keypress: o
72.6110 	DATA 	Keypress: o
74.6115 	DATA 	Keypress: o
74.9757 	Level image=waterlogo.jpg 	25
75.9097 	Level injecting via pump at address 0 	25
81.8973 	DATA 	Keypress: o
81.8983 	DATA 	Keypress: o
81.8992 	DATA 	Keypress: o
81.9265 	Level WAIT 	25
82.8948 	DATA 	Keypress: o
82.9100 	Level RINSE 	25
84.9060 	DATA 	Keypress: o
84.9269 	Level jitter 	25
86.8924 	Level finished 	25
86.8936 	DATA 	Keypress: o
86.9109 	Level image=tasty.jpg 	25
87.9106 	Level injecting via pump at address 1 	25
93.8977 	DATA 	Keypress: o
93.8990 	DATA 	Keypress: o
93.9001 	DATA 	Keypress: o
93.9279 	Level WAIT 	25
94.8950 	DATA 	Keypress: o
94.9115 	Level RINSE 	25
96.8971 	DATA 	Keypress: o
96.9287 	Level jitter 	25
98.8924 	Level finished 	25
98.8937 	DATA 	Keypress: o
98.9119 	Level image=tasty.jpg 	25
99.9120 	Level injecting via pump at address 0 	25
105.8968 	DATA 	Keypress: o
105.8978 	DATA 	Keypress: o
105.8990 	DATA 	Keypress: o
105.9126 	Level WAIT 	25
106.8951 	DATA 	Keypress: o
106.9132 	Level RINSE 	25
108.8974 	DATA 	Keypress: o
108.9131 	Level jitter 	25
113.8924 	Level finished 	25
113.8937 	DATA 	Keypress: o
113.8946 	DATA 	Keypress: o
113.9136 	Level image=tasty.jpg 	25
114.8948 	DATA 	Keypress: o
114.9138 	Level injecting via pump at address 1 	25
120.8978 	DATA 	Keypress: o
120.8988 	DATA 	Keypress: o
120.8997 	DATA 	Keypress: o
120.9149 	Level WAIT 	25
121.9146 	Level RINSE 	25
123.8973 	DATA 	Keypress: o
123.9149 	Level jitter 	25
129.8924 	Level finished 	25
129.8937 	DATA 	Keypress: o
129.8948 	DATA 	Keypress: o
129.8957 	DATA 	Keypress: o
129.9155 	Level image=tasty.jpg 	25
130.8950 	DATA 	Keypress: o
130.9160 	Level injecting via pump at address 0 	25
136.8970 	DATA 	Keypress: o
136.8982 	DATA 	Keypress: o
136.8993 	DATA 	Keypress: o
136.9163 	Level WAIT 	25
137.9165 	Level RINSE 	25
139.8970 	DATA 	Keypress: o
139.9166 	Level jitter 	25
141.8924 	Level finished 	25
141.8938 	DATA 	Keypress: o
141.9173 	Level image=waterlogo.jpg 	25
142.8949 	DATA 	Keypress: o
142.9171 	Level injecting via pump at address 0 	25
148.8979 	DATA 	Keypress: o
148.8992 	DATA 	Keypress: o
148.9003 	DATA 	Keypress: o
148.9177 	Level WAIT 	25
149.9179 	Level RINSE 	25
151.8977 	DATA 	Keypress: o
151.9185 	Level jitter 	25
160.8924 	Level finished 	25
160.8939 	DATA 	Keypress: o
160.8951 	DATA 	Keypress: o
160.8963 	DATA 	Keypress: o
160.8975 	DATA 	Keypress: o
160.8987 	DATA 	Keypress: o
160.9192 	Level image=tasty.jpg 	25
161.9197 	Level injecting via pump at address 0 	25
167.8980 	DATA 	Keypress: o
167.8992 	DATA 	Keypress: o
167.9004 	DATA 	Keypress: o
167.9200 	Level WAIT 	25
168.8949 	DATA 	Keypress: o
168.9201 	Level RINSE 	25
170.8974 	DATA 	Keypress: o
170.9202 	Level jitter 	25
171.8924 	Level finished 	25
171.9208 	Level image=waterlogo.jpg 	25
172.8950 	DATA 	Keypress: o
172.9039 	Level injecting via pump at address 0 	25
178.8977 	DATA 	Keypress: o
178.8989 	DATA 	Keypress: o
178.9001 	DATA 	Keypress: o
178.9046 	Level WAIT 	25
179.9047 	Level RINSE 	25
181.8978 	DATA 	Keypress: o
181.9053 	Level jitter 	25
187.8924 	Level finished 	25
187.8939 	DATA 	Keypress: o
187.8951 	DATA 	Keypress: o
187.8961 	DATA 	Keypress: o
187.9223 	Level image=tasty.jpg 	25
188.8951 	DATA 	Keypress: o
188.9058 	Level injecting via pump at address 0 	25
194.8972 	DATA 	Keypress: o
194.8981 	DATA 	Keypress: o
194.8990 	DATA 	Keypress: o
194.9067 	Level WAIT 	25
195.9065 	Level RINSE 	25
197.8978 	DATA 	Keypress: o
197.9068 	Level jitter 	25
205.8924 	Level finished 	25
205.8939 	DATA 	Keypress: o
205.8952 	DATA 	Keypress: o
205.8963 	DATA 	Keypress: o
205.8974 	DATA 	Keypress: o
205.9248 	Level image=tasty.jpg 	25
206.8953 	DATA 	Keypress: o
206.9080 	Level injecting via pump at address 1 	25
212.8979 	DATA 	Keypress: o
212.8991 	DATA 	Keypress: o
212.9003 	DATA 	Keypress: o
212.9252 	Level WAIT 	25
213.9086 	Level RINSE 	25
215.8977 	DATA 	Keypress: o
215.9259 	Level jitter 	25
220.8925 	Level finished 	25
220.8937 	DATA 	Keypress: o
220.8946 	DATA 	Keypress: o
220.8956 	DATA 	Keypress: o
220.9262 	Level image=tasty.jpg 	25
221.9097 	Level injecting via pump at address 0 	25
227.8971 	DATA 	Keypress: o
227.8981 	DATA 	Keypress: o
227.8991 	DATA 	Keypress: o
227.9273 	Level WAIT 	25
228.8952 	DATA 	Keypress: o
228.9104 	Level RINSE 	25
230.8979 	DATA 	Keypress: o
230.9272 	Level jitter 	25
237.8924 	Level finished 	25
237.8936 	DATA 	Keypress: o
237.8947 	DATA 	Keypress: o
237.8956 	DATA 	Keypress: o
237.9286 	Level image=waterlogo.jpg 	25
238.8947 	DATA 	Keypress: o
238.9116 	Level injecting via pump at address 0 	25
244.8978 	DATA 	Keypress: o
244.8990 	DATA 	Keypress: o
244.9001 	DATA 	Keypress: o
244.9122 	Level WAIT 	25
245.9124 	Level RINSE 	25
247.8972 	DATA 	Keypress: o
247.9131 	Level jitter 	25
253.8924 	Level finished 	25
253.8939 	DATA 	Keypress: o
253.8951 	DATA 	Keypress: o
253.8963 	DATA 	Keypress: o
253.9133 	Level image=waterlogo.jpg 	25
254.8949 	DATA 	Keypress: o
254.9134 	Level injecting via pump at address 0 	25
260.8969 	DATA 	Keypress: o
260.8979 	DATA 	Keypress: o
260.8989 	DATA 	Keypress: o
260.9144 	Level WAIT 	25
261.9142 	Level RINSE 	25
263.8973 	DATA 	Keypress: o
263.9144 	Level jitter 	25
265.8924 	Level finished 	25
265.8935 	DATA 	Keypress: o
265.9315 	Level image=tasty.jpg 	25
266.8948 	DATA 	Keypress: o
266.9149 	Level injecting via pump at address 0 	25
272.8981 	DATA 	Keypress: o
272.8993 	DATA 	Keypress: o
272.9005 	DATA 	Keypress: o
272.9159 	Level WAIT 	25
273.9156 	Level RINSE 	25
275.8980 	DATA 	Keypress: o
275.9159 	Level jitter 	25
282.8924 	Level finished 	25
282.8938 	DATA 	Keypress: o
282.8948 	DATA 	Keypress: o
282.8958 	DATA 	Keypress: o
282.8967 	DATA 	Keypress: o
282.9171 	Level image=tasty.jpg 	25
283.9169 	Level injecting via pump at address 1 	25
289.8971 	DATA 	Keypress: o
289.8981 	DATA 	Keypress: o
289.8990 	DATA 	Keypress: o
289.9175 	Level WAIT 	25
290.8948 	DATA 	Keypress: o
290.9177 	Level RINSE 	25
292.8975 	DATA 	Keypress: o
292.9183 	Level jitter 	25
300.8924 	Level finished 	25
300.8936 	DATA 	Keypress: o
300.8946 	DATA 	Keypress: o
300.8956 	DATA 	Keypress: o
300.8967 	DATA 	Keypress: o
300.9188 	Level image=waterlogo.jpg 	25
301.9190 	Level injecting via pump at address 0 	25
307.8979 	DATA 	Keypress: o
307.8992 	DATA 	Keypress: o
307.9004 	DATA 	Keypress: o
307.9201 	Level WAIT 	25
308.8948 	DATA 	Keypress: o
308.9199 	Level RINSE 	25
310.8981 	DATA 	Keypress: o
310.9200 	Level jitter 	25
318.8924 	Level finished 	25
318.8937 	DATA 	Keypress: o
318.8947 	DATA 	Keypress: o
318.8958 	DATA 	Keypress: o
318.8969 	DATA 	Keypress: o
318.9213 	Level image=tasty.jpg 	25
319.9044 	Level injecting via pump at address 1 	25
325.8969 	DATA 	Keypress: o
325.8979 	DATA 	Keypress: o
325.8988 	DATA 	Keypress: o
325.9050 	Level WAIT 	25
326.8949 	DATA 	Keypress: o
326.9052 	Level RINSE 	25
328.8983 	DATA 	Keypress: o
328.9058 	Level jitter 	25
330.8924 	Level finished 	25
330.8937 	DATA 	Keypress: o
330.9224 	Level image=tasty.jpg 	25
331.9059 	Level injecting via pump at address 0 	25
337.8969 	DATA 	Keypress: o
337.8979 	DATA 	Keypress: o
337.8988 	DATA 	Keypress: o
337.9064 	Level WAIT 	25
338.8952 	DATA 	Keypress: o
338.9069 	Level RINSE 	25
340.8974 	DATA 	Keypress: o
340.9235 	Level jitter 	25
344.8924 	Level finished 	25
344.8938 	DATA 	Keypress: o
344.8950 	DATA 	Keypress: o
344.9073 	Level image=tasty.jpg 	25
345.9075 	Level injecting via pump at address 1 	25
351.8972 	DATA 	Keypress: o
351.8983 	DATA 	Keypress: o
351.8995 	DATA 	Keypress: o
351.9252 	Level WAIT 	25
352.8952 	DATA 	Keypress: o
352.9250 	Level RINSE 	25
354.8976 	DATA 	Keypress: o
354.9084 	Level jitter 	25
357.8924 	Level finished 	25
357.8936 	DATA 	Keypress: o
357.9088 	Level image=tasty.jpg 	25
358.8951 	DATA 	Keypress: o
358.9089 	Level injecting via pump at address 0 	25
364.8976 	DATA 	Keypress: o
364.8986 	DATA 	Keypress: o
364.8995 	DATA 	Keypress: o
364.9267 	Level WAIT 	25
365.9265 	Level RINSE 	25
367.8976 	DATA 	Keypress: o
367.9099 	Level jitter 	25
375.8924 	Level finished 	25
375.8937 	DATA 	Keypress: o
375.8951 	DATA 	Keypress: o
375.8963 	DATA 	Keypress: o
375.8974 	DATA 	Keypress: o
375.9114 	Level image=waterlogo.jpg 	25
376.8948 	DATA 	Keypress: o
376.9111 	Level injecting via pump at address 0 	25
382.8975 	DATA 	Keypress: o
382.8987 	DATA 	Keypress: o
382.8997 	DATA 	Keypress: o
382.9117 	Level WAIT 	25
383.9118 	Level RINSE 	25
385.8979 	DATA 	Keypress: o
385.9125 	Level jitter 	25
390.8924 	Level finished 	25
390.8938 	DATA 	Keypress: o
390.8950 	DATA 	Keypress: o
390.8962 	DATA 	Keypress: o
390.9293 	Level image=tasty.jpg 	25
391.9128 	Level injecting via pump at address 1 	25
397.8978 	DATA 	Keypress: o
397.8991 	DATA 	Keypress: o
397.9002 	DATA 	Keypress: o
397.9138 	Level WAIT 	25
398.8948 	DATA 	Keypress: o
398.9136 	Level RINSE 	25
400.8969 	DATA 	Keypress: o
400.9138 	Level jitter 	25
407.8924 	Level finished 	25
407.8937 	DATA 	Keypress: o
407.8947 	DATA 	Keypress: o
407.8958 	DATA 	Keypress: o
407.9150 	Level image=tasty.jpg 	25
408.8948 	DATA 	Keypress: o
408.9148 	Level injecting via pump at address 0 	25
414.8974 	DATA 	Keypress: o
414.8984 	DATA 	Keypress: o
414.8994 	DATA 	Keypress: o
414.9155 	Level WAIT 	25
415.8989 	Level RINSE 	25
417.8967 	DATA 	Keypress: o
417.9162 	Level jitter 	25
425.8924 	Level finished 	25
425.8937 	DATA 	Keypress: o
425.8948 	DATA 	Keypress: o
425.8961 	DATA 	Keypress: o
425.8974 	DATA 	Keypress: o
425.9167 	Level image=tasty.jpg 	25
426.8950 	DATA 	Keypress: o
426.9169 	Level injecting via pump at address 0 	25
432.8974 	DATA 	Keypress: o
432.8986 	DATA 	Keypress: o
432.8997 	DATA 	Keypress: o
432.9180 	Level WAIT 	25
433.9178 	Level RINSE 	25
435.8977 	DATA 	Keypress: o
435.9179 	Level jitter 	25
442.8924 	Level finished 	25
