52.2590 	DATA 	Keypress: o
52.2599 	Level start key press 	25
54.2586 	DATA 	Keypress: o
56.2589 	DATA 	Keypress: o
58.2592 	DATA 	Keypress: o
60.2593 	DATA 	Keypress: o
60.8403 	Level image=waterlogo.jpg 	25
61.7905 	Level injecting via pump at address 0 	25
67.7620 	DATA 	Keypress: o
67.7631 	DATA 	Keypress: o
67.7641 	DATA 	Keypress: o
67.7916 	Level WAIT 	25
68.7599 	DATA 	Keypress: o
68.7746 	Level RINSE 	25
70.7719 	DATA 	Keypress: o
70.7915 	Level jitter 	25
72.7570 	Level finished 	25
72.7582 	DATA 	Keypress: o
72.7751 	Level image=tasty.jpg 	25
73.7753 	Level injecting via pump at address 1 	25
79.7618 	DATA 	Keypress: o
79.7628 	DATA 	Keypress: o
79.7637 	DATA 	Keypress: o
79.7931 	Level WAIT 	25
80.7594 	DATA 	Keypress: o
80.7928 	Level RINSE 	25
82.7615 	DATA 	Keypress: o
82.7763 	Level jitter 	25
84.7570 	Level finished 	25
84.7582 	DATA 	Keypress: o
84.7765 	Level image=tasty.jpg 	25
85.7766 	Level injecting via pump at address 0 	25
91.7621 	DATA 	Keypress: o
91.7634 	DATA 	Keypress: o
91.7645 	DATA 	Keypress: o
91.7778 	Level WAIT 	25
92.7598 	DATA 	Keypress: o
92.7775 	Level RINSE 	25
94.7618 	DATA 	Keypress: o
94.7776 	Level jitter 	25
99.7570 	Level finished 	25
99.7583 	DATA 	Keypress: o
99.7595 	DATA 	Keypress: o
99.7783 	Level image=tasty.jpg 	25
100.7594 	DATA 	Keypress: o
100.7784 	Level injecting via pump at address 1 	25
106.7629 	DATA 	Keypress: o
106.7641 	DATA 	Keypress: o
106.7652 	DATA 	Keypress: o
106.7795 	Level WAIT 	25
107.7793 	Level RINSE 	25
109.7620 	DATA 	Keypress: o
109.7794 	Level jitter 	25
115.7570 	Level finished 	25
115.7583 	DATA 	Keypress: o
115.7593 	DATA 	Keypress: o
115.7605 	DATA 	Keypress: o
115.7801 	Level image=tasty.jpg 	25
116.7600 	DATA 	Keypress: o
116.7807 	Level injecting via pump at address 0 	25
122.7622 	DATA 	Keypress: o
122.7632 	DATA 	Keypress: o
122.7641 	DATA 	Keypress: o
122.7809 	Level WAIT 	25
123.7811 	Level RINSE 	25
125.7614 	DATA 	Keypress: o
125.7813 	Level jitter 	25
127.7570 	Level finished 	25
127.7583 	DATA 	Keypress: o
127.7819 	Level image=waterlogo.jpg 	25
128.7598 	DATA 	Keypress: o
128.7816 	Level injecting via pump at address 0 	25
134.7625 	DATA 	Keypress: o
134.7639 	DATA 	Keypress: o
134.7651 	DATA 	Keypress: o
134.7824 	Level WAIT 	25
135.7826 	Level RINSE 	25
137.7622 	DATA 	Keypress: o
137.7830 	Level jitter 	25
146.7570 	Level finished 	25
146.7584 	DATA 	Keypress: o
146.7597 	DATA 	Keypress: o
146.7608 	DATA 	Keypress: o
146.7620 	DATA 	Keypress: o
146.7632 	DATA 	Keypress: o
146.7838 	Level image=tasty.jpg 	25
147.7676 	Level injecting via pump at address 0 	25
153.7620 	DATA 	Keypress: o
153.7632 	DATA 	Keypress: o
153.7644 	DATA 	Keypress: o
153.7845 	Level WAIT 	25
154.7599 	DATA 	Keypress: o
154.7847 	Level RINSE 	25
156.7624 	DATA 	Keypress: o
156.7849 	Level jitter 	25
157.7570 	Level finished 	25
157.7855 	Level image=waterlogo.jpg 	25
158.7593 	DATA 	Keypress: o
158.7852 	Level injecting via pump at address 0 	25
164.7615 	DATA 	Keypress: o
164.7626 	DATA 	Keypress: o
164.7635 	DATA 	Keypress: o
164.7859 	Level WAIT 	25
165.7693 	Level RINSE 	25
167.7621 	DATA 	Keypress: o
167.7866 	Level jitter 	25
173.7570 	Level finished 	25
173.7584 	DATA 	Keypress: o
173.7597 	DATA 	Keypress: o
173.7607 	DATA 	Keypress: o
173.7869 	Level image=tasty.jpg 	25
174.7594 	DATA 	Keypress: o
174.7705 	Level injecting via pump at address 0 	25
180.7633 	DATA 	Keypress: o
180.7645 	DATA 	Keypress: o
180.7655 	DATA 	Keypress: o
180.7714 	Level WAIT 	25
181.7712 	Level RINSE 	25
183.7617 	DATA 	Keypress: o
183.7880 	Level jitter 	25
191.7571 	Level finished 	25
191.7584 	DATA 	Keypress: o
191.7597 	DATA 	Keypress: o
191.7609 	DATA 	Keypress: o
191.7621 	DATA 	Keypress: o
191.7895 	Level image=tasty.jpg 	25
192.7596 	DATA 	Keypress: o
192.7892 	Level injecting via pump at address 1 	25
198.7626 	DATA 	Keypress: o
198.7639 	DATA 	Keypress: o
198.7649 	DATA 	Keypress: o
198.7898 	Level WAIT 	25
199.7733 	Level RINSE 	25
201.7613 	DATA 	Keypress: o
201.7906 	Level jitter 	25
206.7570 	Level finished 	25
206.7585 	DATA 	Keypress: o
206.7602 	DATA 	Keypress: o
206.7615 	DATA 	Keypress: o
206.7741 	Level image=tasty.jpg 	25
207.7742 	Level injecting via pump at address 0 	25
213.7628 	DATA 	Keypress: o
213.7642 	DATA 	Keypress: o
213.7654 	DATA 	Keypress: o
213.7919 	Level WAIT 	25
214.7598 	DATA 	Keypress: o
214.7917 	Level RINSE 	25
216.7628 	DATA 	Keypress: o
216.7752 	Level jitter 	25
223.7571 	Level finished 	25
223.7584 	DATA 	Keypress: o
223.7597 	DATA 	Keypress: o
223.7606 	DATA 	Keypress: o
223.7932 	Level image=waterlogo.jpg 	25
224.7598 	DATA 	Keypress: o
224.7761 	Level injecting via pump at address 0 	25
230.7621 	DATA 	Keypress: o
230.7636 	DATA 	Keypress: o
230.7648 	DATA 	Keypress: o
230.7769 	Level WAIT 	25
231.7771 	Level RINSE 	25
233.7623 	DATA 	Keypress: o
233.7776 	Level jitter 	25
239.7570 	Level finished 	25
239.7584 	DATA 	Keypress: o
239.7596 	DATA 	Keypress: o
239.7605 	DATA 	Keypress: o
239.7947 	Level image=waterlogo.jpg 	25
240.7598 	DATA 	Keypress: o
240.7781 	Level injecting via pump at address 0 	25
246.7621 	DATA 	Keypress: o
246.7632 	DATA 	Keypress: o
246.7642 	DATA 	Keypress: o
246.7792 	Level WAIT 	25
247.7789 	Level RINSE 	25
249.7621 	DATA 	Keypress: o
249.7791 	Level jitter 	25
251.7570 	Level finished 	25
251.7584 	DATA 	Keypress: o
251.7794 	Level image=tasty.jpg 	25
252.7597 	DATA 	Keypress: o
252.7628 	Level injecting via pump at address 0 	25
258.7625 	DATA 	Keypress: o
258.7637 	DATA 	Keypress: o
258.7649 	DATA 	Keypress: o
258.7806 	Level WAIT 	25
259.7804 	Level RINSE 	25
261.7624 	DATA 	Keypress: o
261.7806 	Level jitter 	25
268.7570 	Level finished 	25
268.7585 	DATA 	Keypress: o
268.7598 	DATA 	Keypress: o
268.7610 	DATA 	Keypress: o
268.7622 	DATA 	Keypress: o
268.7817 	Level image=tasty.jpg 	25
269.7815 	Level injecting via pump at address 1 	25
275.7623 	DATA 	Keypress: o
275.7634 	DATA 	Keypress: o
275.7644 	DATA 	Keypress: o
275.7822 	Level WAIT 	25
276.7596 	DATA 	Keypress: o
276.7824 	Level RINSE 	25
278.7620 	DATA 	Keypress: o
278.7829 	Level jitter 	25
286.7570 	Level finished 	25
286.7582 	DATA 	Keypress: o
286.7593 	DATA 	Keypress: o
286.7605 	DATA 	Keypress: o
286.7617 	DATA 	Keypress: o
286.8001 	Level image=waterlogo.jpg 	25
287.7669 	Level injecting via pump at address 0 	25
293.7623 	DATA 	Keypress: o
293.7636 	DATA 	Keypress: o
293.7648 	DATA 	Keypress: o
293.7846 	Level WAIT 	25
294.7598 	DATA 	Keypress: o
294.7844 	Level RINSE 	25
296.7617 	DATA 	Keypress: o
296.7680 	Level jitter 	25
304.7570 	Level finished 	25
304.7584 	DATA 	Keypress: o
304.7599 	DATA 	Keypress: o
304.7611 	DATA 	Keypress: o
304.7622 	DATA 	Keypress: o
304.7861 	Level image=tasty.jpg 	25
305.7690 	Level injecting via pump at address 1 	25
311.7622 	DATA 	Keypress: o
311.7635 	DATA 	Keypress: o
311.7648 	DATA 	Keypress: o
311.7696 	Level WAIT 	25
312.7594 	DATA 	Keypress: o
312.7699 	Level RINSE 	25
314.7621 	DATA 	Keypress: o
314.7871 	Level jitter 	25
316.7570 	Level finished 	25
316.7584 	DATA 	Keypress: o
316.7870 	Level image=tasty.jpg 	25
317.7872 	Level injecting via pump at address 0 	25
323.7621 	DATA 	Keypress: o
323.7633 	DATA 	Keypress: o
323.7646 	DATA 	Keypress: o
323.7878 	Level WAIT 	25
324.7595 	DATA 	Keypress: o
324.7716 	Level RINSE 	25
326.7618 	DATA 	Keypress: o
326.7881 	Level jitter 	25
330.7570 	Level finished 	25
330.7583 	DATA 	Keypress: o
330.7595 	DATA 	Keypress: o
330.7719 	Level image=tasty.jpg 	25
331.7721 	Level injecting via pump at address 1 	25
337.7624 	DATA 	Keypress: o
337.7636 	DATA 	Keypress: o
337.7646 	DATA 	Keypress: o
337.7731 	Level WAIT 	25
338.7604 	DATA 	Keypress: o
338.7729 	Level RINSE 	25
340.7620 	DATA 	Keypress: o
340.7731 	Level jitter 	25
343.7570 	Level finished 	25
343.7582 	DATA 	Keypress: o
343.7736 	Level image=tasty.jpg 	25
344.7600 	DATA 	Keypress: o
344.7737 	Level injecting via pump at address 0 	25
350.7628 	DATA 	Keypress: o
350.7642 	DATA 	Keypress: o
350.7655 	DATA 	Keypress: o
350.7914 	Level WAIT 	25
351.7744 	Level RINSE 	25
353.7617 	DATA 	Keypress: o
353.7746 	Level jitter 	25
361.7570 	Level finished 	25
361.7585 	DATA 	Keypress: o
361.7598 	DATA 	Keypress: o
361.7609 	DATA 	Keypress: o
361.7619 	DATA 	Keypress: o
361.7759 	Level image=waterlogo.jpg 	25
362.7594 	DATA 	Keypress: o
362.7757 	Level injecting via pump at address 0 	25
368.7641 	DATA 	Keypress: o
368.7659 	DATA 	Keypress: o
368.7676 	DATA 	Keypress: o
368.7764 	Level WAIT 	25
369.7766 	Level RINSE 	25
371.7625 	DATA 	Keypress: o
371.7772 	Level jitter 	25
376.7570 	Level finished 	25
376.7586 	DATA 	Keypress: o
376.7601 	DATA 	Keypress: o
376.7613 	DATA 	Keypress: o
376.7941 	Level image=tasty.jpg 	25
377.7775 	Level injecting via pump at address 1 	25
383.7626 	DATA 	Keypress: o
383.7640 	DATA 	Keypress: o
383.7651 	DATA 	Keypress: o
383.7785 	Level WAIT 	25
384.7599 	DATA 	Keypress: o
384.7783 	Level RINSE 	25
386.7621 	DATA 	Keypress: o
386.7786 	Level jitter 	25
393.7570 	Level finished 	25
393.7584 	DATA 	Keypress: o
393.7595 	DATA 	Keypress: o
393.7606 	DATA 	Keypress: o
393.7797 	Level image=tasty.jpg 	25
394.7596 	DATA 	Keypress: o
394.7795 	Level injecting via pump at address 0 	25
400.7630 	DATA 	Keypress: o
400.7644 	DATA 	Keypress: o
400.7656 	DATA 	Keypress: o
400.7801 	Level WAIT 	25
401.7803 	Level RINSE 	25
403.7627 	DATA 	Keypress: o
403.7808 	Level jitter 	25
411.7570 	Level finished 	25
411.7584 	DATA 	Keypress: o
411.7596 	DATA 	Keypress: o
411.7607 	DATA 	Keypress: o
411.7618 	DATA 	Keypress: o
411.7815 	Level image=tasty.jpg 	25
412.7597 	DATA 	Keypress: o
412.7816 	Level injecting via pump at address 0 	25
418.7624 	DATA 	Keypress: o
418.7634 	DATA 	Keypress: o
418.7643 	DATA 	Keypress: o
418.7825 	Level WAIT 	25
419.7823 	Level RINSE 	25
421.7614 	DATA 	Keypress: o
421.7825 	Level jitter 	25
428.7570 	Level finished 	25
