100.7292 	DATA 	Keypress: o
100.7302 	Level start key press 	25
102.7415 	DATA 	Keypress: o
104.7417 	DATA 	Keypress: o
106.7421 	DATA 	Keypress: o
108.7423 	DATA 	Keypress: o
109.2733 	Level image=waterlogo.jpg 	25
110.2234 	Level injecting via pump at address 0 	25
116.2111 	DATA 	Keypress: o
116.2121 	DATA 	Keypress: o
116.2131 	DATA 	Keypress: o
116.2245 	Level WAIT 	25
117.2094 	DATA 	Keypress: o
117.2243 	Level RINSE 	25
119.2225 	DATA 	Keypress: o
119.2410 	Level jitter 	25
126.2066 	Level finished 	25
126.2081 	DATA 	Keypress: o
126.2094 	DATA 	Keypress: o
126.2107 	DATA 	Keypress: o
126.2425 	Level image=waterlogo.jpg 	25
127.2093 	DATA 	Keypress: o
127.2421 	Level injecting via pump at address 0 	25
133.2115 	DATA 	Keypress: o
133.2128 	DATA 	Keypress: o
133.2138 	DATA 	Keypress: o
133.2427 	Level WAIT 	25
134.2263 	Level RINSE 	25
136.2109 	DATA 	Keypress: o
136.2435 	Level jitter 	25
141.2066 	Level finished 	25
141.2079 	DATA 	Keypress: o
141.2091 	DATA 	Keypress: o
141.2103 	DATA 	Keypress: o
141.2270 	Level image=tasty.jpg 	25
142.2272 	Level injecting via pump at address 1 	25
148.2125 	DATA 	Keypress: o
148.2138 	DATA 	Keypress: o
148.2148 	DATA 	Keypress: o
148.2448 	Level WAIT 	25
149.2090 	DATA 	Keypress: o
149.2113 	Level RINSE 	25
151.2118 	DATA 	Keypress: o
151.2282 	Level jitter 	25
154.2066 	Level finished 	25
154.2077 	DATA 	Keypress: o
154.2285 	Level image=tasty.jpg 	25
155.2094 	DATA 	Keypress: o
155.2287 	Level injecting via pump at address 0 	25
161.2123 	DATA 	Keypress: o
161.2136 	DATA 	Keypress: o
161.2146 	DATA 	Keypress: o
161.2464 	Level WAIT 	25
162.2128 	Level RINSE 	25
164.2112 	DATA 	Keypress: o
164.2297 	Level jitter 	25
170.2066 	Level finished 	25
170.2079 	DATA 	Keypress: o
170.2092 	DATA 	Keypress: o
170.2102 	DATA 	Keypress: o
170.2304 	Level image=tasty.jpg 	25
171.2089 	DATA 	Keypress: o
171.2143 	Level injecting via pump at address 0 	25
177.2116 	DATA 	Keypress: o
177.2126 	DATA 	Keypress: o
177.2136 	DATA 	Keypress: o
177.2478 	Level WAIT 	25
178.2147 	Level RINSE 	25
180.2123 	DATA 	Keypress: o
180.2316 	Level jitter 	25
189.2066 	Level finished 	25
189.2078 	DATA 	Keypress: o
189.2088 	DATA 	Keypress: o
189.2097 	DATA 	Keypress: o
189.2107 	DATA 	Keypress: o
189.2117 	DATA 	Keypress: o
189.2331 	Level image=tasty.jpg 	25
190.2161 	Level injecting via pump at address 1 	25
196.2116 	DATA 	Keypress: o
196.2128 	DATA 	Keypress: o
196.2141 	DATA 	Keypress: o
196.2334 	Level WAIT 	25
197.2094 	DATA 	Keypress: o
197.2336 	Level RINSE 	25
199.2115 	DATA 	Keypress: o
199.2175 	Level jitter 	25
205.2066 	Level finished 	25
205.2080 	DATA 	Keypress: o
205.2094 	DATA 	Keypress: o
205.2106 	DATA 	Keypress: o
205.2346 	Level image=tasty.jpg 	25
206.2180 	Level injecting via pump at address 0 	25
212.2121 	DATA 	Keypress: o
212.2133 	DATA 	Keypress: o
212.2144 	DATA 	Keypress: o
212.2356 	Level WAIT 	25
213.2092 	DATA 	Keypress: o
213.2354 	Level RINSE 	25
215.2117 	DATA 	Keypress: o
215.2190 	Level jitter 	25
218.2066 	Level finished 	25
218.2077 	DATA 	Keypress: o
218.2194 	Level image=tasty.jpg 	25
219.2095 	DATA 	Keypress: o
219.2195 	Level injecting via pump at address 1 	25
225.2125 	DATA 	Keypress: o
225.2139 	DATA 	Keypress: o
225.2151 	DATA 	Keypress: o
225.2372 	Level WAIT 	25
226.2370 	Level RINSE 	25
228.2114 	DATA 	Keypress: o
228.2205 	Level jitter 	25
233.2066 	Level finished 	25
233.2080 	DATA 	Keypress: o
233.2093 	DATA 	Keypress: o
233.2104 	DATA 	Keypress: o
233.2378 	Level image=tasty.jpg 	25
234.2212 	Level injecting via pump at address 0 	25
240.2120 	DATA 	Keypress: o
240.2134 	DATA 	Keypress: o
240.2146 	DATA 	Keypress: o
240.2222 	Level WAIT 	25
241.2098 	DATA 	Keypress: o
241.2220 	Level RINSE 	25
243.2115 	DATA 	Keypress: o
243.2222 	Level jitter 	25
244.2066 	Level finished 	25
244.2224 	Level image=waterlogo.jpg 	25
245.2090 	DATA 	Keypress: o
245.2392 	Level injecting via pump at address 0 	25
251.2125 	DATA 	Keypress: o
251.2139 	DATA 	Keypress: o
251.2152 	DATA 	Keypress: o
251.2403 	Level WAIT 	25
252.2233 	Level RINSE 	25
254.2114 	DATA 	Keypress: o
254.2402 	Level jitter 	25
259.2066 	Level finished 	25
259.2078 	DATA 	Keypress: o
259.2089 	DATA 	Keypress: o
259.2099 	DATA 	Keypress: o
259.2242 	Level image=waterlogo.jpg 	25
260.2244 	Level injecting via pump at address 0 	25
266.2121 	DATA 	Keypress: o
266.2136 	DATA 	Keypress: o
266.2148 	DATA 	Keypress: o
266.2253 	Level WAIT 	25
267.2090 	DATA 	Keypress: o
267.2251 	Level RINSE 	25
269.2121 	DATA 	Keypress: o
269.2252 	Level jitter 	25
272.2066 	Level finished 	25
272.2082 	DATA 	Keypress: o
272.2257 	Level image=tasty.jpg 	25
273.2092 	DATA 	Keypress: o
273.2258 	Level injecting via pump at address 0 	25
279.2120 	DATA 	Keypress: o
279.2133 	DATA 	Keypress: o
279.2144 	DATA 	Keypress: o
279.2436 	Level WAIT 	25
280.2098 	Level RINSE 	25
282.2114 	DATA 	Keypress: o
282.2268 	Level jitter 	25
288.2066 	Level finished 	25
288.2079 	DATA 	Keypress: o
288.2090 	DATA 	Keypress: o
288.2102 	DATA 	Keypress: o
288.2276 	Level image=waterlogo.jpg 	25
289.2094 	DATA 	Keypress: o
289.2282 	Level injecting via pump at address 0 	25
295.2118 	DATA 	Keypress: o
295.2130 	DATA 	Keypress: o
295.2140 	DATA 	Keypress: o
295.2450 	Level WAIT 	25
296.2118 	Level RINSE 	25
298.2119 	DATA 	Keypress: o
298.2287 	Level jitter 	25
300.2066 	Level finished 	25
300.2077 	DATA 	Keypress: o
300.2293 	Level image=waterlogo.jpg 	25
301.2103 	DATA 	Keypress: o
301.2291 	Level injecting via pump at address 0 	25
307.2130 	DATA 	Keypress: o
307.2144 	DATA 	Keypress: o
307.2154 	DATA 	Keypress: o
307.2297 	Level WAIT 	25
308.2299 	Level RINSE 	25
310.2115 	DATA 	Keypress: o
310.2305 	Level jitter 	25
318.2066 	Level finished 	25
318.2079 	DATA 	Keypress: o
318.2089 	DATA 	Keypress: o
318.2099 	DATA 	Keypress: o
318.2109 	DATA 	Keypress: o
318.2311 	Level image=tasty.jpg 	25
319.2090 	DATA 	Keypress: o
319.2313 	Level injecting via pump at address 0 	25
325.2111 	DATA 	Keypress: o
325.2122 	DATA 	Keypress: o
325.2132 	DATA 	Keypress: o
325.2322 	Level WAIT 	25
326.2319 	Level RINSE 	25
328.2111 	DATA 	Keypress: o
328.2322 	Level jitter 	25
333.2066 	Level finished 	25
333.2082 	DATA 	Keypress: o
333.2097 	DATA 	Keypress: o
333.2107 	DATA 	Keypress: o
333.2495 	Level image=waterlogo.jpg 	25
334.2163 	Level injecting via pump at address 0 	25
340.2111 	DATA 	Keypress: o
340.2121 	DATA 	Keypress: o
340.2131 	DATA 	Keypress: o
340.2339 	Level WAIT 	25
341.2100 	DATA 	Keypress: o
341.2337 	Level RINSE 	25
343.2124 	DATA 	Keypress: o
343.2173 	Level jitter 	25
348.2066 	Level finished 	25
348.2078 	DATA 	Keypress: o
348.2088 	DATA 	Keypress: o
348.2346 	Level image=tasty.jpg 	25
349.2091 	DATA 	Keypress: o
349.2180 	Level injecting via pump at address 0 	25
355.2121 	DATA 	Keypress: o
355.2133 	DATA 	Keypress: o
355.2145 	DATA 	Keypress: o
355.2192 	Level WAIT 	25
356.2188 	Level RINSE 	25
358.2114 	DATA 	Keypress: o
358.2357 	Level jitter 	25
365.2066 	Level finished 	25
365.2079 	DATA 	Keypress: o
365.2092 	DATA 	Keypress: o
365.2102 	DATA 	Keypress: o
365.2112 	DATA 	Keypress: o
365.2369 	Level image=tasty.jpg 	25
366.2200 	Level injecting via pump at address 1 	25
372.2114 	DATA 	Keypress: o
372.2127 	DATA 	Keypress: o
372.2140 	DATA 	Keypress: o
372.2373 	Level WAIT 	25
373.2092 	DATA 	Keypress: o
373.2375 	Level RINSE 	25
375.2117 	DATA 	Keypress: o
375.2214 	Level jitter 	25
379.2066 	Level finished 	25
379.2078 	DATA 	Keypress: o
379.2088 	DATA 	Keypress: o
379.2382 	Level image=tasty.jpg 	25
380.2216 	Level injecting via pump at address 0 	25
386.2119 	DATA 	Keypress: o
386.2132 	DATA 	Keypress: o
386.2142 	DATA 	Keypress: o
386.2394 	Level WAIT 	25
387.2092 	DATA 	Keypress: o
387.2225 	Level RINSE 	25
389.2118 	DATA 	Keypress: o
389.2393 	Level jitter 	25
392.2066 	Level finished 	25
392.2079 	DATA 	Keypress: o
392.2398 	Level image=tasty.jpg 	25
393.2092 	DATA 	Keypress: o
393.2231 	Level injecting via pump at address 1 	25
399.2117 	DATA 	Keypress: o
399.2128 	DATA 	Keypress: o
399.2140 	DATA 	Keypress: o
399.2243 	Level WAIT 	25
400.2241 	Level RINSE 	25
402.2136 	DATA 	Keypress: o
402.2242 	Level jitter 	25
407.2066 	Level finished 	25
407.2079 	DATA 	Keypress: o
407.2092 	DATA 	Keypress: o
407.2102 	DATA 	Keypress: o
407.2415 	Level image=tasty.jpg 	25
408.2249 	Level injecting via pump at address 0 	25
414.2121 	DATA 	Keypress: o
414.2134 	DATA 	Keypress: o
414.2147 	DATA 	Keypress: o
414.2426 	Level WAIT 	25
415.2094 	DATA 	Keypress: o
415.2258 	Level RINSE 	25
417.2119 	DATA 	Keypress: o
417.2426 	Level jitter 	25
418.2066 	Level finished 	25
418.2261 	Level image=tasty.jpg 	25
419.2093 	DATA 	Keypress: o
419.2262 	Level injecting via pump at address 1 	25
425.2117 	DATA 	Keypress: o
425.2130 	DATA 	Keypress: o
425.2149 	DATA 	Keypress: o
425.2273 	Level WAIT 	25
426.2269 	Level RINSE 	25
428.2111 	DATA 	Keypress: o
428.2272 	Level jitter 	25
437.2066 	Level finished 	25
437.2081 	DATA 	Keypress: o
437.2095 	DATA 	Keypress: o
437.2108 	DATA 	Keypress: o
437.2120 	DATA 	Keypress: o
437.2132 	DATA 	Keypress: o
437.2287 	Level image=tasty.jpg 	25
438.2284 	Level injecting via pump at address 1 	25
444.2123 	DATA 	Keypress: o
444.2135 	DATA 	Keypress: o
444.2148 	DATA 	Keypress: o
444.2291 	Level WAIT 	25
445.2093 	DATA 	Keypress: o
445.2293 	Level RINSE 	25
447.2117 	DATA 	Keypress: o
447.2298 	Level jitter 	25
456.2066 	Level finished 	25
456.2083 	DATA 	Keypress: o
456.2095 	DATA 	Keypress: o
456.2105 	DATA 	Keypress: o
456.2115 	DATA 	Keypress: o
456.2305 	Level image=tasty.jpg 	25
457.2093 	DATA 	Keypress: o
457.2311 	Level injecting via pump at address 0 	25
463.2129 	DATA 	Keypress: o
463.2143 	DATA 	Keypress: o
463.2156 	DATA 	Keypress: o
463.2313 	Level WAIT 	25
464.2315 	Level RINSE 	25
466.2116 	DATA 	Keypress: o
466.2316 	Level jitter 	25
468.2066 	Level finished 	25
