97.8541 	DATA 	Keypress: o
97.8551 	Level start key press 	25
99.8632 	DATA 	Keypress: o
101.8634 	DATA 	Keypress: o
103.8636 	DATA 	Keypress: o
105.8641 	DATA 	Keypress: o
106.4284 	Level image=tasty.jpg 	25
107.3785 	Level injecting via pump at address 1 	25
113.3673 	DATA 	Keypress: o
113.3686 	DATA 	Keypress: o
113.3699 	DATA 	Keypress: o
113.3962 	Level WAIT 	25
114.3643 	DATA 	Keypress: o
114.3960 	Level RINSE 	25
116.3739 	DATA 	Keypress: o
116.3961 	Level jitter 	25
125.3617 	Level finished 	25
125.3630 	DATA 	Keypress: o
125.3642 	DATA 	Keypress: o
125.3652 	DATA 	Keypress: o
125.3662 	DATA 	Keypress: o
125.3810 	Level image=waterlogo.jpg 	25
126.3644 	DATA 	Keypress: o
126.3807 	Level injecting via pump at address 0 	25
132.3666 	DATA 	Keypress: o
132.3678 	DATA 	Keypress: o
132.3688 	DATA 	Keypress: o
132.3814 	Level WAIT 	25
133.3815 	Level RINSE 	25
135.3663 	DATA 	Keypress: o
135.3821 	Level jitter 	25
139.3617 	Level finished 	25
139.3630 	DATA 	Keypress: o
139.3642 	DATA 	Keypress: o
139.3989 	Level image=tasty.jpg 	25
140.3642 	DATA 	Keypress: o
140.3823 	Level injecting via pump at address 1 	25
146.3667 	DATA 	Keypress: o
146.3678 	DATA 	Keypress: o
146.3690 	DATA 	Keypress: o
146.3835 	Level WAIT 	25
147.3832 	Level RINSE 	25
149.3665 	DATA 	Keypress: o
149.3833 	Level jitter 	25
153.3617 	Level finished 	25
153.3628 	DATA 	Keypress: o
153.3638 	DATA 	Keypress: o
153.3839 	Level image=waterlogo.jpg 	25
154.3643 	DATA 	Keypress: o
154.3840 	Level injecting via pump at address 0 	25
160.3668 	DATA 	Keypress: o
160.3682 	DATA 	Keypress: o
160.3693 	DATA 	Keypress: o
160.3851 	Level WAIT 	25
161.3848 	Level RINSE 	25
163.3668 	DATA 	Keypress: o
163.3850 	Level jitter 	25
167.3617 	Level finished 	25
167.3631 	DATA 	Keypress: o
167.3644 	DATA 	Keypress: o
167.3854 	Level image=waterlogo.jpg 	25
168.3641 	DATA 	Keypress: o
168.3691 	Level injecting via pump at address 0 	25
174.3666 	DATA 	Keypress: o
174.3679 	DATA 	Keypress: o
174.3691 	DATA 	Keypress: o
174.3868 	Level WAIT 	25
175.3865 	Level RINSE 	25
177.3664 	DATA 	Keypress: o
177.3699 	Level jitter 	25
181.3617 	Level finished 	25
181.3630 	DATA 	Keypress: o
181.3642 	DATA 	Keypress: o
181.3871 	Level image=tasty.jpg 	25
182.3641 	DATA 	Keypress: o
182.3873 	Level injecting via pump at address 1 	25
188.3665 	DATA 	Keypress: o
188.3676 	DATA 	Keypress: o
188.3686 	DATA 	Keypress: o
188.3884 	Level WAIT 	25
189.3881 	Level RINSE 	25
191.3667 	DATA 	Keypress: o
191.3882 	Level jitter 	25
197.3617 	Level finished 	25
197.3630 	DATA 	Keypress: o
197.3640 	DATA 	Keypress: o
197.3650 	DATA 	Keypress: o
197.3890 	Level image=waterlogo.jpg 	25
198.3644 	DATA 	Keypress: o
198.3896 	Level injecting via pump at address 0 	25
204.3665 	DATA 	Keypress: o
204.3675 	DATA 	Keypress: o
204.3684 	DATA 	Keypress: o
204.3898 	Level WAIT 	25
205.3900 	Level RINSE 	25
207.3666 	DATA 	Keypress: o
207.3901 	Level jitter 	25
210.3617 	Level finished 	25
210.3632 	DATA 	Keypress: o
210.3644 	DATA 	Keypress: o
210.3909 	Level image=tasty.jpg 	25
211.3906 	Level injecting via pump at address 1 	25
217.3676 	DATA 	Keypress: o
217.3691 	DATA 	Keypress: o
217.3703 	DATA 	Keypress: o
217.3914 	Level WAIT 	25
218.3643 	DATA 	Keypress: o
218.3748 	Level RINSE 	25
220.3660 	DATA 	Keypress: o
220.3920 	Level jitter 	25
223.3617 	Level finished 	25
223.3628 	DATA 	Keypress: o
223.3920 	Level image=waterlogo.jpg 	25
224.3642 	DATA 	Keypress: o
224.3755 	Level injecting via pump at address 0 	25
230.3679 	DATA 	Keypress: o
230.3692 	DATA 	Keypress: o
230.3703 	DATA 	Keypress: o
230.3933 	Level WAIT 	25
231.3763 	Level RINSE 	25
233.3667 	DATA 	Keypress: o
233.3933 	Level jitter 	25
237.3617 	Level finished 	25
237.3628 	DATA 	Keypress: o
237.3638 	DATA 	Keypress: o
237.3770 	Level image=waterlogo.jpg 	25
238.3642 	DATA 	Keypress: o
238.3772 	Level injecting via pump at address 0 	25
244.3667 	DATA 	Keypress: o
244.3677 	DATA 	Keypress: o
244.3686 	DATA 	Keypress: o
244.3949 	Level WAIT 	25
245.3779 	Level RINSE 	25
247.3665 	DATA 	Keypress: o
247.3781 	Level jitter 	25
252.3617 	Level finished 	25
252.3629 	DATA 	Keypress: o
252.3642 	DATA 	Keypress: o
252.3652 	DATA 	Keypress: o
252.3787 	Level image=tasty.jpg 	25
253.3789 	Level injecting via pump at address 1 	25
259.3663 	DATA 	Keypress: o
259.3674 	DATA 	Keypress: o
259.3683 	DATA 	Keypress: o
259.3799 	Level WAIT 	25
260.3640 	DATA 	Keypress: o
260.3797 	Level RINSE 	25
262.3676 	DATA 	Keypress: o
262.3799 	Level jitter 	25
265.3617 	Level finished 	25
265.3633 	DATA 	Keypress: o
265.3803 	Level image=waterlogo.jpg 	25
266.3642 	DATA 	Keypress: o
266.3804 	Level injecting via pump at address 0 	25
272.3668 	DATA 	Keypress: o
272.3678 	DATA 	Keypress: o
272.3687 	DATA 	Keypress: o
272.3815 	Level WAIT 	25
273.3812 	Level RINSE 	25
275.3668 	DATA 	Keypress: o
275.3814 	Level jitter 	25
283.3617 	Level finished 	25
283.3628 	DATA 	Keypress: o
283.3638 	DATA 	Keypress: o
283.3650 	DATA 	Keypress: o
283.3661 	DATA 	Keypress: o
283.3994 	Level image=tasty.jpg 	25
284.3641 	DATA 	Keypress: o
284.3826 	Level injecting via pump at address 1 	25
290.3668 	DATA 	Keypress: o
290.3680 	DATA 	Keypress: o
290.3691 	DATA 	Keypress: o
290.3831 	Level WAIT 	25
291.3833 	Level RINSE 	25
293.3665 	DATA 	Keypress: o
293.3839 	Level jitter 	25
295.3617 	Level finished 	25
295.3629 	DATA 	Keypress: o
295.3838 	Level image=tasty.jpg 	25
296.3642 	DATA 	Keypress: o
296.3839 	Level injecting via pump at address 1 	25
302.3668 	DATA 	Keypress: o
302.3680 	DATA 	Keypress: o
302.3689 	DATA 	Keypress: o
302.3846 	Level WAIT 	25
303.3851 	Level RINSE 	25
305.3666 	DATA 	Keypress: o
305.3849 	Level jitter 	25
307.3617 	Level finished 	25
307.3628 	DATA 	Keypress: o
307.3852 	Level image=waterlogo.jpg 	25
308.3642 	DATA 	Keypress: o
308.3853 	Level injecting via pump at address 0 	25
314.3667 	DATA 	Keypress: o
314.3677 	DATA 	Keypress: o
314.3686 	DATA 	Keypress: o
314.3864 	Level WAIT 	25
315.3695 	Level RINSE 	25
317.3667 	DATA 	Keypress: o
317.3863 	Level jitter 	25
320.3617 	Level finished 	25
320.3629 	DATA 	Keypress: o
320.3641 	DATA 	Keypress: o
320.3867 	Level image=tasty.jpg 	25
321.3702 	Level injecting via pump at address 1 	25
327.3671 	DATA 	Keypress: o
327.3682 	DATA 	Keypress: o
327.3692 	DATA 	Keypress: o
327.3880 	Level WAIT 	25
328.3642 	DATA 	Keypress: o
328.3878 	Level RINSE 	25
330.3669 	DATA 	Keypress: o
330.3712 	Level jitter 	25
332.3617 	Level finished 	25
332.3630 	DATA 	Keypress: o
332.3881 	Level image=waterlogo.jpg 	25
333.3716 	Level injecting via pump at address 0 	25
339.3668 	DATA 	Keypress: o
339.3680 	DATA 	Keypress: o
339.3690 	DATA 	Keypress: o
339.3893 	Level WAIT 	25
340.3641 	DATA 	Keypress: o
340.3724 	Level RINSE 	25
342.3665 	DATA 	Keypress: o
342.3893 	Level jitter 	25
343.3617 	Level finished 	25
343.3727 	Level image=tasty.jpg 	25
344.3642 	DATA 	Keypress: o
344.3897 	Level injecting via pump at address 1 	25
350.3673 	DATA 	Keypress: o
350.3686 	DATA 	Keypress: o
350.3698 	DATA 	Keypress: o
350.3906 	Level WAIT 	25
351.3903 	Level RINSE 	25
353.3666 	DATA 	Keypress: o
353.3905 	Level jitter 	25
355.3617 	Level finished 	25
355.3629 	DATA 	Keypress: o
355.3742 	Level image=waterlogo.jpg 	25
356.3642 	DATA 	Keypress: o
356.3742 	Level injecting via pump at address 0 	25
362.3670 	DATA 	Keypress: o
362.3680 	DATA 	Keypress: o
362.3689 	DATA 	Keypress: o
362.3919 	Level WAIT 	25
363.3751 	Level RINSE 	25
365.3667 	DATA 	Keypress: o
365.3753 	Level jitter 	25
371.3617 	Level finished 	25
371.3630 	DATA 	Keypress: o
371.3641 	DATA 	Keypress: o
371.3651 	DATA 	Keypress: o
371.3760 	Level image=waterlogo.jpg 	25
372.3646 	DATA 	Keypress: o
372.3765 	Level injecting via pump at address 0 	25
378.3668 	DATA 	Keypress: o
378.3680 	DATA 	Keypress: o
378.3691 	DATA 	Keypress: o
378.3935 	Level WAIT 	25
379.3770 	Level RINSE 	25
381.3666 	DATA 	Keypress: o
381.3772 	Level jitter 	25
384.3617 	Level finished 	25
384.3629 	DATA 	Keypress: o
384.3639 	DATA 	Keypress: o
384.3780 	Level image=tasty.jpg 	25
385.3777 	Level injecting via pump at address 1 	25
391.3665 	DATA 	Keypress: o
391.3676 	DATA 	Keypress: o
391.3688 	DATA 	Keypress: o
391.3950 	Level WAIT 	25
392.3643 	DATA 	Keypress: o
392.3952 	Level RINSE 	25
394.3679 	DATA 	Keypress: o
394.3791 	Level jitter 	25
402.3617 	Level finished 	25
402.3629 	DATA 	Keypress: o
402.3642 	DATA 	Keypress: o
402.3653 	DATA 	Keypress: o
402.3664 	DATA 	Keypress: o
402.3796 	Level image=waterlogo.jpg 	25
403.3797 	Level injecting via pump at address 0 	25
409.3662 	DATA 	Keypress: o
409.3672 	DATA 	Keypress: o
409.3682 	DATA 	Keypress: o
409.3809 	Level WAIT 	25
410.3641 	DATA 	Keypress: o
410.3807 	Level RINSE 	25
412.3662 	DATA 	Keypress: o
412.3808 	Level jitter 	25
417.3617 	Level finished 	25
417.3630 	DATA 	Keypress: o
417.3642 	DATA 	Keypress: o
417.3981 	Level image=tasty.jpg 	25
418.3645 	DATA 	Keypress: o
418.3815 	Level injecting via pump at address 1 	25
424.3669 	DATA 	Keypress: o
424.3681 	DATA 	Keypress: o
424.3693 	DATA 	Keypress: o
424.3826 	Level WAIT 	25
425.3824 	Level RINSE 	25
427.3667 	DATA 	Keypress: o
427.3826 	Level jitter 	25
431.3617 	Level finished 	25
431.3629 	DATA 	Keypress: o
431.3642 	DATA 	Keypress: o
431.3831 	Level image=waterlogo.jpg 	25
432.3642 	DATA 	Keypress: o
432.3831 	Level injecting via pump at address 0 	25
438.3673 	DATA 	Keypress: o
438.3683 	DATA 	Keypress: o
438.3693 	DATA 	Keypress: o
438.3843 	Level WAIT 	25
439.3841 	Level RINSE 	25
441.3669 	DATA 	Keypress: o
441.3842 	Level jitter 	25
446.3617 	Level finished 	25
446.3629 	DATA 	Keypress: o
446.3640 	DATA 	Keypress: o
446.3650 	DATA 	Keypress: o
446.3847 	Level image=tasty.jpg 	25
447.3849 	Level injecting via pump at address 1 	25
453.3668 	DATA 	Keypress: o
453.3680 	DATA 	Keypress: o
453.3690 	DATA 	Keypress: o
453.3860 	Level WAIT 	25
454.3643 	DATA 	Keypress: o
454.3858 	Level RINSE 	25
456.3666 	DATA 	Keypress: o
456.3860 	Level jitter 	25
465.3617 	Level finished 	25
465.3630 	DATA 	Keypress: o
465.3642 	DATA 	Keypress: o
465.3653 	DATA 	Keypress: o
465.3664 	DATA 	Keypress: o
465.3874 	Level image=waterlogo.jpg 	25
466.3644 	DATA 	Keypress: o
466.3871 	Level injecting via pump at address 0 	25
472.3666 	DATA 	Keypress: o
472.3676 	DATA 	Keypress: o
472.3685 	DATA 	Keypress: o
472.3877 	Level WAIT 	25
473.3879 	Level RINSE 	25
475.3679 	DATA 	Keypress: o
475.3885 	Level jitter 	25
484.3617 	Level finished 	25
484.3629 	DATA 	Keypress: o
484.3640 	DATA 	Keypress: o
484.3650 	DATA 	Keypress: o
484.3659 	DATA 	Keypress: o
484.3668 	DATA 	Keypress: o
484.3893 	Level image=tasty.jpg 	25
485.3898 	Level injecting via pump at address 1 	25
491.3674 	DATA 	Keypress: o
491.3688 	DATA 	Keypress: o
491.3699 	DATA 	Keypress: o
491.3900 	Level WAIT 	25
492.3642 	DATA 	Keypress: o
492.3901 	Level RINSE 	25
494.3670 	DATA 	Keypress: o
494.3903 	Level jitter 	25
498.3617 	Level finished 	25
498.3630 	DATA 	Keypress: o
498.3641 	DATA 	Keypress: o
498.3913 	Level image=tasty.jpg 	25
499.3743 	Level injecting via pump at address 1 	25
505.3672 	DATA 	Keypress: o
505.3686 	DATA 	Keypress: o
505.3698 	DATA 	Keypress: o
505.3750 	Level WAIT 	25
506.3644 	DATA 	Keypress: o
506.3751 	Level RINSE 	25
508.3662 	DATA 	Keypress: o
508.3758 	Level jitter 	25
511.3617 	Level finished 	25
511.3629 	DATA 	Keypress: o
511.3757 	Level image=waterlogo.jpg 	25
512.3641 	DATA 	Keypress: o
512.3758 	Level injecting via pump at address 0 	25
518.3677 	DATA 	Keypress: o
518.3690 	DATA 	Keypress: o
518.3701 	DATA 	Keypress: o
518.3769 	Level WAIT 	25
519.3766 	Level RINSE 	25
521.3670 	DATA 	Keypress: o
521.3769 	Level jitter 	25
522.3617 	Level finished 	25
522.3629 	DATA 	Keypress: o
522.3936 	Level image=tasty.jpg 	25
523.3938 	Level injecting via pump at address 1 	25
529.3669 	DATA 	Keypress: o
529.3681 	DATA 	Keypress: o
529.3691 	DATA 	Keypress: o
529.3948 	Level WAIT 	25
530.3641 	DATA 	Keypress: o
530.3779 	Level RINSE 	25
532.3669 	DATA 	Keypress: o
532.3948 	Level jitter 	25
539.3617 	Level finished 	25
539.3630 	DATA 	Keypress: o
539.3640 	DATA 	Keypress: o
539.3649 	DATA 	Keypress: o
539.3794 	Level image=waterlogo.jpg 	25
540.3644 	DATA 	Keypress: o
540.3791 	Level injecting via pump at address 0 	25
546.3667 	DATA 	Keypress: o
546.3677 	DATA 	Keypress: o
546.3687 	DATA 	Keypress: o
546.3797 	Level WAIT 	25
547.3799 	Level RINSE 	25
549.3681 	DATA 	Keypress: o
549.3805 	Level jitter 	25
550.3617 	Level finished 	25
550.3630 	DATA 	Keypress: o
550.3803 	Level image=tasty.jpg 	25
551.3805 	Level injecting via pump at address 1 	25
557.3670 	DATA 	Keypress: o
557.3681 	DATA 	Keypress: o
557.3692 	DATA 	Keypress: o
557.3978 	Level WAIT 	25
558.3642 	DATA 	Keypress: o
558.3812 	Level RINSE 	25
560.3668 	DATA 	Keypress: o
560.3818 	Level jitter 	25
566.3617 	Level finished 	25
