53.7429 	DATA 	Keypress: o
53.7437 	Level start key press 	25
55.7497 	DATA 	Keypress: o
57.7498 	DATA 	Keypress: o
59.7501 	DATA 	Keypress: o
61.7505 	DATA 	Keypress: o
62.1481 	Level image=waterlogo.jpg 	25
63.0820 	Level injecting via pump at address 0 	25
69.0691 	DATA 	Keypress: o
69.0702 	DATA 	Keypress: o
69.0711 	DATA 	Keypress: o
69.0822 	Level WAIT 	25
70.0670 	DATA 	Keypress: o
70.0824 	Level RINSE 	25
72.0762 	DATA 	Keypress: o
72.0825 	Level jitter 	25
78.0646 	Level finished 	25
78.0658 	DATA 	Keypress: o
78.0668 	DATA 	Keypress: o
78.0678 	DATA 	Keypress: o
78.1004 	Level image=tasty.jpg 	25
79.0834 	Level injecting via pump at address 1 	25
85.0691 	DATA 	Keypress: o
85.0701 	DATA 	Keypress: o
85.0710 	DATA 	Keypress: o
85.0841 	Level WAIT 	25
86.0673 	DATA 	Keypress: o
86.0841 	Level RINSE 	25
88.0690 	DATA 	Keypress: o
88.0848 	Level jitter 	25
94.0647 	Level finished 	25
94.0659 	DATA 	Keypress: o
94.0669 	DATA 	Keypress: o
94.0681 	DATA 	Keypress: o
94.0851 	Level image=tasty.jpg 	25
95.0853 	Level injecting via pump at address 1 	25
101.0695 	DATA 	Keypress: o
101.0709 	DATA 	Keypress: o
101.0723 	DATA 	Keypress: o
101.0863 	Level WAIT 	25
102.0675 	DATA 	Keypress: o
102.0862 	Level RINSE 	25
104.0689 	DATA 	Keypress: o
104.0863 	Level jitter 	25
106.0646 	Level finished 	25
106.0660 	DATA 	Keypress: o
106.1033 	Level image=waterlogo.jpg 	25
107.0866 	Level injecting via pump at address 0 	25
113.0692 	DATA 	Keypress: o
113.0702 	DATA 	Keypress: o
113.0711 	DATA 	Keypress: o
113.0877 	Level WAIT 	25
114.0671 	DATA 	Keypress: o
114.0875 	Level RINSE 	25
116.0700 	DATA 	Keypress: o
116.0876 	Level jitter 	25
122.0647 	Level finished 	25
122.0658 	DATA 	Keypress: o
122.0668 	DATA 	Keypress: o
122.0677 	DATA 	Keypress: o
122.0884 	Level image=tasty.jpg 	25
123.0889 	Level injecting via pump at address 1 	25
129.0691 	DATA 	Keypress: o
129.0703 	DATA 	Keypress: o
129.0714 	DATA 	Keypress: o
129.0892 	Level WAIT 	25
130.0673 	DATA 	Keypress: o
130.0894 	Level RINSE 	25
132.0691 	DATA 	Keypress: o
132.0896 	Level jitter 	25
137.0646 	Level finished 	25
137.0659 	DATA 	Keypress: o
137.0669 	DATA 	Keypress: o
137.0905 	Level image=waterlogo.jpg 	25
138.0671 	DATA 	Keypress: o
138.0736 	Level injecting via pump at address 0 	25
144.0694 	DATA 	Keypress: o
144.0705 	DATA 	Keypress: o
144.0715 	DATA 	Keypress: o
144.0743 	Level WAIT 	25
145.0744 	Level RINSE 	25
147.0703 	DATA 	Keypress: o
147.0747 	Level jitter 	25
152.0646 	Level finished 	25
152.0658 	DATA 	Keypress: o
152.0669 	DATA 	Keypress: o
152.0679 	DATA 	Keypress: o
152.0919 	Level image=tasty.jpg 	25
153.0920 	Level injecting via pump at address 1 	25
159.0699 	DATA 	Keypress: o
159.0711 	DATA 	Keypress: o
159.0723 	DATA 	Keypress: o
159.0931 	Level WAIT 	25
160.0670 	DATA 	Keypress: o
160.0762 	Level RINSE 	25
162.0698 	DATA 	Keypress: o
162.0930 	Level jitter 	25
168.0647 	Level finished 	25
168.0658 	DATA 	Keypress: o
168.0669 	DATA 	Keypress: o
168.0678 	DATA 	Keypress: o
168.0938 	Level image=waterlogo.jpg 	25
169.0778 	Level injecting via pump at address 0 	25
175.0697 	DATA 	Keypress: o
175.0710 	DATA 	Keypress: o
175.0721 	DATA 	Keypress: o
175.0779 	Level WAIT 	25
176.0671 	DATA 	Keypress: o
176.0781 	Level RINSE 	25
178.0699 	DATA 	Keypress: o
178.0949 	Level jitter 	25
181.0646 	Level finished 	25
181.0658 	DATA 	Keypress: o
181.0958 	Level image=tasty.jpg 	25
182.0674 	DATA 	Keypress: o
182.0789 	Level injecting via pump at address 1 	25
188.0700 	DATA 	Keypress: o
188.0710 	DATA 	Keypress: o
188.0719 	DATA 	Keypress: o
188.0794 	Level WAIT 	25
189.0796 	Level RINSE 	25
191.0689 	DATA 	Keypress: o
191.0802 	Level jitter 	25
199.0646 	Level finished 	25
199.0659 	DATA 	Keypress: o
199.0670 	DATA 	Keypress: o
199.0682 	DATA 	Keypress: o
199.0693 	DATA 	Keypress: o
199.0974 	Level image=waterlogo.jpg 	25
200.0670 	DATA 	Keypress: o
200.0810 	Level injecting via pump at address 0 	25
206.0697 	DATA 	Keypress: o
206.0708 	DATA 	Keypress: o
206.0718 	DATA 	Keypress: o
206.0985 	Level WAIT 	25
207.0816 	Level RINSE 	25
209.0697 	DATA 	Keypress: o
209.0985 	Level jitter 	25
211.0646 	Level finished 	25
211.0658 	DATA 	Keypress: o
211.0822 	Level image=tasty.jpg 	25
212.0675 	DATA 	Keypress: o
212.0990 	Level injecting via pump at address 1 	25
218.0695 	DATA 	Keypress: o
218.0705 	DATA 	Keypress: o
218.0715 	DATA 	Keypress: o
218.1001 	Level WAIT 	25
219.0831 	Level RINSE 	25
221.0697 	DATA 	Keypress: o
221.1000 	Level jitter 	25
230.0646 	Level finished 	25
230.0658 	DATA 	Keypress: o
230.0668 	DATA 	Keypress: o
230.0678 	DATA 	Keypress: o
230.0687 	DATA 	Keypress: o
230.0697 	DATA 	Keypress: o
230.1015 	Level image=waterlogo.jpg 	25
231.0845 	Level injecting via pump at address 0 	25
237.0701 	DATA 	Keypress: o
237.0714 	DATA 	Keypress: o
237.0726 	DATA 	Keypress: o
237.1018 	Level WAIT 	25
238.0670 	DATA 	Keypress: o
238.0853 	Level RINSE 	25
240.0698 	DATA 	Keypress: o
240.0860 	Level jitter 	25
242.0646 	Level finished 	25
242.0658 	DATA 	Keypress: o
242.0859 	Level image=tasty.jpg 	25
243.0861 	Level injecting via pump at address 1 	25
249.0690 	DATA 	Keypress: o
249.0701 	DATA 	Keypress: o
249.0711 	DATA 	Keypress: o
249.0866 	Level WAIT 	25
250.0669 	DATA 	Keypress: o
250.0705 	Level RINSE 	25
252.0694 	DATA 	Keypress: o
252.0869 	Level jitter 	25
255.0646 	Level finished 	25
255.0659 	DATA 	Keypress: o
255.0874 	Level image=waterlogo.jpg 	25
256.0673 	DATA 	Keypress: o
256.0876 	Level injecting via pump at address 0 	25
262.0704 	DATA 	Keypress: o
262.0716 	DATA 	Keypress: o
262.0729 	DATA 	Keypress: o
262.1053 	Level WAIT 	25
263.0716 	Level RINSE 	25
265.0699 	DATA 	Keypress: o
265.0885 	Level jitter 	25
269.0646 	Level finished 	25
269.0658 	DATA 	Keypress: o
269.0668 	DATA 	Keypress: o
269.0890 	Level image=tasty.jpg 	25
270.0670 	DATA 	Keypress: o
270.0892 	Level injecting via pump at address 1 	25
276.0691 	DATA 	Keypress: o
276.0703 	DATA 	Keypress: o
276.0715 	DATA 	Keypress: o
276.0901 	Level WAIT 	25
277.0899 	Level RINSE 	25
279.0692 	DATA 	Keypress: o
279.0901 	Level jitter 	25
280.0646 	Level finished 	25
280.0658 	DATA 	Keypress: o
280.0902 	Level image=waterlogo.jpg 	25
281.0903 	Level injecting via pump at address 0 	25
287.0697 	DATA 	Keypress: o
287.0707 	DATA 	Keypress: o
287.0717 	DATA 	Keypress: o
287.0915 	Level WAIT 	25
288.0674 	DATA 	Keypress: o
288.0745 	Level RINSE 	25
290.0699 	DATA 	Keypress: o
290.0914 	Level jitter 	25
293.0646 	Level finished 	25
293.0658 	DATA 	Keypress: o
293.0917 	Level image=tasty.jpg 	25
294.0674 	DATA 	Keypress: o
294.0753 	Level injecting via pump at address 1 	25
300.0698 	DATA 	Keypress: o
300.0710 	DATA 	Keypress: o
300.0721 	DATA 	Keypress: o
300.0762 	Level WAIT 	25
301.0760 	Level RINSE 	25
303.0700 	DATA 	Keypress: o
303.0762 	Level jitter 	25
311.0647 	Level finished 	25
311.0660 	DATA 	Keypress: o
311.0673 	DATA 	Keypress: o
311.0684 	DATA 	Keypress: o
311.0694 	DATA 	Keypress: o
311.0944 	Level image=tasty.jpg 	25
312.0670 	DATA 	Keypress: o
312.0941 	Level injecting via pump at address 1 	25
318.0696 	DATA 	Keypress: o
318.0707 	DATA 	Keypress: o
318.0717 	DATA 	Keypress: o
318.0946 	Level WAIT 	25
319.0781 	Level RINSE 	25
321.0695 	DATA 	Keypress: o
321.0954 	Level jitter 	25
325.0647 	Level finished 	25
325.0659 	DATA 	Keypress: o
325.0669 	DATA 	Keypress: o
325.0789 	Level image=waterlogo.jpg 	25
326.0671 	DATA 	Keypress: o
326.0790 	Level injecting via pump at address 0 	25
332.0699 	DATA 	Keypress: o
332.0711 	DATA 	Keypress: o
332.0722 	DATA 	Keypress: o
332.0800 	Level WAIT 	25
333.0798 	Level RINSE 	25
335.0690 	DATA 	Keypress: o
335.0800 	Level jitter 	25
338.0647 	Level finished 	25
338.0659 	DATA 	Keypress: o
338.0670 	DATA 	Keypress: o
338.0805 	Level image=tasty.jpg 	25
339.0806 	Level injecting via pump at address 1 	25
345.0696 	DATA 	Keypress: o
345.0709 	DATA 	Keypress: o
345.0721 	DATA 	Keypress: o
345.0982 	Level WAIT 	25
346.0673 	DATA 	Keypress: o
346.0979 	Level RINSE 	25
348.0697 	DATA 	Keypress: o
348.0815 	Level jitter 	25
353.0647 	Level finished 	25
353.0660 	DATA 	Keypress: o
353.0674 	DATA 	Keypress: o
353.0822 	Level image=waterlogo.jpg 	25
354.0675 	DATA 	Keypress: o
354.0823 	Level injecting via pump at address 0 	25
360.0692 	DATA 	Keypress: o
360.0702 	DATA 	Keypress: o
360.0712 	DATA 	Keypress: o
360.0832 	Level WAIT 	25
361.0830 	Level RINSE 	25
363.0695 	DATA 	Keypress: o
363.0832 	Level jitter 	25
368.0646 	Level finished 	25
368.0659 	DATA 	Keypress: o
368.0669 	DATA 	Keypress: o
368.0679 	DATA 	Keypress: o
368.1005 	Level image=waterlogo.jpg 	25
369.0841 	Level injecting via pump at address 0 	25
375.0692 	DATA 	Keypress: o
375.0702 	DATA 	Keypress: o
375.0712 	DATA 	Keypress: o
375.0850 	Level WAIT 	25
376.0671 	DATA 	Keypress: o
376.0848 	Level RINSE 	25
378.0700 	DATA 	Keypress: o
378.0850 	Level jitter 	25
387.0646 	Level finished 	25
387.0661 	DATA 	Keypress: o
387.0673 	DATA 	Keypress: o
387.0685 	DATA 	Keypress: o
387.0696 	DATA 	Keypress: o
387.1033 	Level image=tasty.jpg 	25
388.0674 	DATA 	Keypress: o
388.0863 	Level injecting via pump at address 1 	25
394.0699 	DATA 	Keypress: o
394.0712 	DATA 	Keypress: o
394.0723 	DATA 	Keypress: o
394.0869 	Level WAIT 	25
395.0871 	Level RINSE 	25
397.0697 	DATA 	Keypress: o
397.0877 	Level jitter 	25
399.0647 	Level finished 	25
399.0660 	DATA 	Keypress: o
399.0875 	Level image=waterlogo.jpg 	25
400.0672 	DATA 	Keypress: o
400.0710 	Level injecting via pump at address 0 	25
406.0694 	DATA 	Keypress: o
406.0705 	DATA 	Keypress: o
406.0714 	DATA 	Keypress: o
406.0883 	Level WAIT 	25
407.0888 	Level RINSE 	25
409.0696 	DATA 	Keypress: o
409.0887 	Level jitter 	25
412.0646 	Level finished 	25
412.0660 	DATA 	Keypress: o
412.0672 	DATA 	Keypress: o
412.1057 	Level image=waterlogo.jpg 	25
413.0725 	Level injecting via pump at address 0 	25
419.0697 	DATA 	Keypress: o
419.0708 	DATA 	Keypress: o
419.0718 	DATA 	Keypress: o
419.0902 	Level WAIT 	25
420.0673 	DATA 	Keypress: o
420.0899 	Level RINSE 	25
422.0691 	DATA 	Keypress: o
422.0736 	Level jitter 	25
427.0647 	Level finished 	25
427.0660 	DATA 	Keypress: o
427.0672 	DATA 	Keypress: o
427.0909 	Level image=tasty.jpg 	25
428.0672 	DATA 	Keypress: o
428.0742 	Level injecting via pump at address 1 	25
434.0692 	DATA 	Keypress: o
434.0704 	DATA 	Keypress: o
434.0713 	DATA 	Keypress: o
434.0753 	Level WAIT 	25
435.0750 	Level RINSE 	25
437.0704 	DATA 	Keypress: o
437.0919 	Level jitter 	25
439.0646 	Level finished 	25
439.0658 	DATA 	Keypress: o
439.0922 	Level image=tasty.jpg 	25
440.0673 	DATA 	Keypress: o
440.0924 	Level injecting via pump at address 1 	25
446.0697 	DATA 	Keypress: o
446.0707 	DATA 	Keypress: o
446.0716 	DATA 	Keypress: o
446.0934 	Level WAIT 	25
447.0765 	Level RINSE 	25
449.0698 	DATA 	Keypress: o
449.0933 	Level jitter 	25
456.0646 	Level finished 	25
456.0659 	DATA 	Keypress: o
456.0669 	DATA 	Keypress: o
456.0681 	DATA 	Keypress: o
456.0691 	DATA 	Keypress: o
456.0779 	Level image=waterlogo.jpg 	25
457.0776 	Level injecting via pump at address 0 	25
463.0696 	DATA 	Keypress: o
463.0708 	DATA 	Keypress: o
463.0720 	DATA 	Keypress: o
463.0949 	Level WAIT 	25
464.0673 	DATA 	Keypress: o
464.0951 	Level RINSE 	25
466.0699 	DATA 	Keypress: o
466.0791 	Level jitter 	25
469.0646 	Level finished 	25
469.0660 	DATA 	Keypress: o
469.0790 	Level image=tasty.jpg 	25
470.0672 	DATA 	Keypress: o
470.0792 	Level injecting via pump at address 1 	25
476.0700 	DATA 	Keypress: o
476.0711 	DATA 	Keypress: o
476.0723 	DATA 	Keypress: o
476.0968 	Level WAIT 	25
477.0965 	Level RINSE 	25
479.0697 	DATA 	Keypress: o
479.0802 	Level jitter 	25
481.0646 	Level finished 	25
481.0659 	DATA 	Keypress: o
481.0804 	Level image=waterlogo.jpg 	25
482.0675 	DATA 	Keypress: o
482.0805 	Level injecting via pump at address 0 	25
488.0695 	DATA 	Keypress: o
488.0705 	DATA 	Keypress: o
488.0714 	DATA 	Keypress: o
488.0816 	Level WAIT 	25
489.0813 	Level RINSE 	25
491.0696 	DATA 	Keypress: o
491.0816 	Level jitter 	25
499.0646 	Level finished 	25
499.0661 	DATA 	Keypress: o
499.0673 	DATA 	Keypress: o
499.0684 	DATA 	Keypress: o
499.0694 	DATA 	Keypress: o
499.0997 	Level image=tasty.jpg 	25
500.0672 	DATA 	Keypress: o
500.0826 	Level injecting via pump at address 1 	25
506.0696 	DATA 	Keypress: o
506.0708 	DATA 	Keypress: o
506.0721 	DATA 	Keypress: o
506.0833 	Level WAIT 	25
507.0835 	Level RINSE 	25
509.0707 	DATA 	Keypress: o
509.0841 	Level jitter 	25
511.0647 	Level finished 	25
511.0658 	DATA 	Keypress: o
511.0839 	Level image=waterlogo.jpg 	25
512.0672 	DATA 	Keypress: o
512.1009 	Level injecting via pump at address 0 	25
518.0698 	DATA 	Keypress: o
518.0710 	DATA 	Keypress: o
518.0720 	DATA 	Keypress: o
518.1014 	Level WAIT 	25
519.0852 	Level RINSE 	25
521.0696 	DATA 	Keypress: o
521.1017 	Level jitter 	25
528.0646 	Level finished 	25
