56.6114 	DATA 	Keypress: o
56.6122 	Level start key press 	25
58.6153 	DATA 	Keypress: o
60.6153 	DATA 	Keypress: o
62.6155 	DATA 	Keypress: o
64.6156 	DATA 	Keypress: o
65.1800 	Level image=tasty.jpg 	25
66.1138 	Level injecting via pump at address 1 	25
72.1022 	DATA 	Keypress: o
72.1036 	DATA 	Keypress: o
72.1048 	DATA 	Keypress: o
72.1304 	Level WAIT 	25
73.0995 	DATA 	Keypress: o
73.1306 	Level RINSE 	25
75.1099 	DATA 	Keypress: o
75.1307 	Level jitter 	25
84.0967 	Level finished 	25
84.0981 	DATA 	Keypress: o
84.0993 	DATA 	Keypress: o
84.1003 	DATA 	Keypress: o
84.1012 	DATA 	Keypress: o
84.1317 	Level image=waterlogo.jpg 	25
85.0995 	DATA 	Keypress: o
85.1149 	Level injecting via pump at address 0 	25
91.1013 	DATA 	Keypress: o
91.1025 	DATA 	Keypress: o
91.1036 	DATA 	Keypress: o
91.1318 	Level WAIT 	25
92.1319 	Level RINSE 	25
94.1012 	DATA 	Keypress: o
94.1157 	Level jitter 	25
98.0967 	Level finished 	25
98.0980 	DATA 	Keypress: o
98.0991 	DATA 	Keypress: o
98.1323 	Level image=tasty.jpg 	25
99.1000 	DATA 	Keypress: o
99.1158 	Level injecting via pump at address 1 	25
105.1024 	DATA 	Keypress: o
105.1037 	DATA 	Keypress: o
105.1048 	DATA 	Keypress: o
105.1164 	Level WAIT 	25
106.1162 	Level RINSE 	25
108.1014 	DATA 	Keypress: o
108.1163 	Level jitter 	25
112.0967 	Level finished 	25
112.0982 	DATA 	Keypress: o
112.0995 	DATA 	Keypress: o
112.1166 	Level image=waterlogo.jpg 	25
113.0996 	DATA 	Keypress: o
113.1167 	Level injecting via pump at address 0 	25
119.1032 	DATA 	Keypress: o
119.1046 	DATA 	Keypress: o
119.1059 	DATA 	Keypress: o
119.1342 	Level WAIT 	25
120.1171 	Level RINSE 	25
122.1023 	DATA 	Keypress: o
122.1172 	Level jitter 	25
126.0967 	Level finished 	25
126.0984 	DATA 	Keypress: o
126.0998 	DATA 	Keypress: o
126.1342 	Level image=waterlogo.jpg 	25
127.0997 	DATA 	Keypress: o
127.1177 	Level injecting via pump at address 0 	25
133.1032 	DATA 	Keypress: o
133.1045 	DATA 	Keypress: o
133.1058 	DATA 	Keypress: o
133.1184 	Level WAIT 	25
134.1181 	Level RINSE 	25
136.1021 	DATA 	Keypress: o
136.1182 	Level jitter 	25
140.0967 	Level finished 	25
140.0980 	DATA 	Keypress: o
140.0991 	DATA 	Keypress: o
140.1185 	Level image=tasty.jpg 	25
141.0992 	DATA 	Keypress: o
141.1186 	Level injecting via pump at address 1 	25
147.1025 	DATA 	Keypress: o
147.1040 	DATA 	Keypress: o
147.1055 	DATA 	Keypress: o
147.1193 	Level WAIT 	25
148.1190 	Level RINSE 	25
150.1021 	DATA 	Keypress: o
150.1192 	Level jitter 	25
156.0967 	Level finished 	25
156.0981 	DATA 	Keypress: o
156.0992 	DATA 	Keypress: o
156.1004 	DATA 	Keypress: o
156.1196 	Level image=waterlogo.jpg 	25
157.0995 	DATA 	Keypress: o
157.1202 	Level injecting via pump at address 0 	25
163.1024 	DATA 	Keypress: o
163.1037 	DATA 	Keypress: o
163.1047 	DATA 	Keypress: o
163.1201 	Level WAIT 	25
164.1035 	Level RINSE 	25
166.1017 	DATA 	Keypress: o
166.1203 	Level jitter 	25
169.0967 	Level finished 	25
169.0979 	DATA 	Keypress: o
169.0989 	DATA 	Keypress: o
169.1210 	Level image=tasty.jpg 	25
170.1206 	Level injecting via pump at address 1 	25
176.1018 	DATA 	Keypress: o
176.1032 	DATA 	Keypress: o
176.1044 	DATA 	Keypress: o
176.1377 	Level WAIT 	25
177.0993 	DATA 	Keypress: o
177.1044 	Level RINSE 	25
179.1015 	DATA 	Keypress: o
179.1215 	Level jitter 	25
182.0967 	Level finished 	25
182.0979 	DATA 	Keypress: o
182.1214 	Level image=waterlogo.jpg 	25
183.0993 	DATA 	Keypress: o
183.1049 	Level injecting via pump at address 0 	25
189.1022 	DATA 	Keypress: o
189.1034 	DATA 	Keypress: o
189.1044 	DATA 	Keypress: o
189.1223 	Level WAIT 	25
190.1219 	Level RINSE 	25
192.1022 	DATA 	Keypress: o
192.1054 	Level jitter 	25
196.0967 	Level finished 	25
196.0980 	DATA 	Keypress: o
196.0991 	DATA 	Keypress: o
196.1224 	Level image=waterlogo.jpg 	25
197.0993 	DATA 	Keypress: o
197.1225 	Level injecting via pump at address 0 	25
203.1013 	DATA 	Keypress: o
203.1024 	DATA 	Keypress: o
203.1034 	DATA 	Keypress: o
203.1232 	Level WAIT 	25
204.1229 	Level RINSE 	25
206.1018 	DATA 	Keypress: o
206.1230 	Level jitter 	25
211.0967 	Level finished 	25
211.0980 	DATA 	Keypress: o
211.0991 	DATA 	Keypress: o
211.1001 	DATA 	Keypress: o
211.1234 	Level image=tasty.jpg 	25
212.1069 	Level injecting via pump at address 1 	25
218.1013 	DATA 	Keypress: o
218.1023 	DATA 	Keypress: o
218.1033 	DATA 	Keypress: o
218.1243 	Level WAIT 	25
219.0991 	DATA 	Keypress: o
219.1239 	Level RINSE 	25
221.1016 	DATA 	Keypress: o
221.1240 	Level jitter 	25
224.0967 	Level finished 	25
224.0979 	DATA 	Keypress: o
224.1243 	Level image=waterlogo.jpg 	25
225.0991 	DATA 	Keypress: o
225.1244 	Level injecting via pump at address 0 	25
231.1013 	DATA 	Keypress: o
231.1024 	DATA 	Keypress: o
231.1034 	DATA 	Keypress: o
231.1253 	Level WAIT 	25
232.1249 	Level RINSE 	25
234.1019 	DATA 	Keypress: o
234.1250 	Level jitter 	25
242.0967 	Level finished 	25
242.0981 	DATA 	Keypress: o
242.0995 	DATA 	Keypress: o
242.1006 	DATA 	Keypress: o
242.1016 	DATA 	Keypress: o
242.1093 	Level image=tasty.jpg 	25
243.0991 	DATA 	Keypress: o
243.1090 	Level injecting via pump at address 1 	25
249.1013 	DATA 	Keypress: o
249.1023 	DATA 	Keypress: o
249.1033 	DATA 	Keypress: o
249.1260 	Level WAIT 	25
250.1261 	Level RINSE 	25
252.1016 	DATA 	Keypress: o
252.1101 	Level jitter 	25
254.0967 	Level finished 	25
254.0980 	DATA 	Keypress: o
254.1264 	Level image=tasty.jpg 	25
255.0994 	DATA 	Keypress: o
255.1099 	Level injecting via pump at address 1 	25
261.1017 	DATA 	Keypress: o
261.1030 	DATA 	Keypress: o
261.1041 	DATA 	Keypress: o
261.1102 	Level WAIT 	25
262.1107 	Level RINSE 	25
264.1020 	DATA 	Keypress: o
264.1103 	Level jitter 	25
266.0967 	Level finished 	25
266.0980 	DATA 	Keypress: o
266.1272 	Level image=waterlogo.jpg 	25
267.0997 	DATA 	Keypress: o
267.1107 	Level injecting via pump at address 0 	25
273.1017 	DATA 	Keypress: o
273.1032 	DATA 	Keypress: o
273.1044 	DATA 	Keypress: o
273.1281 	Level WAIT 	25
274.1111 	Level RINSE 	25
276.1026 	DATA 	Keypress: o
276.1279 	Level jitter 	25
279.0967 	Level finished 	25
279.0981 	DATA 	Keypress: o
279.0994 	DATA 	Keypress: o
279.1281 	Level image=tasty.jpg 	25
280.1115 	Level injecting via pump at address 1 	25
286.1021 	DATA 	Keypress: o
286.1035 	DATA 	Keypress: o
286.1049 	DATA 	Keypress: o
286.1123 	Level WAIT 	25
287.0999 	DATA 	Keypress: o
287.1120 	Level RINSE 	25
289.1028 	DATA 	Keypress: o
289.1121 	Level jitter 	25
291.0967 	Level finished 	25
291.0979 	DATA 	Keypress: o
291.1289 	Level image=waterlogo.jpg 	25
292.1124 	Level injecting via pump at address 0 	25
298.1021 	DATA 	Keypress: o
298.1034 	DATA 	Keypress: o
298.1046 	DATA 	Keypress: o
298.1131 	Level WAIT 	25
299.0995 	DATA 	Keypress: o
299.1129 	Level RINSE 	25
301.1022 	DATA 	Keypress: o
301.1296 	Level jitter 	25
302.0967 	Level finished 	25
302.1130 	Level image=tasty.jpg 	25
303.0995 	DATA 	Keypress: o
303.1131 	Level injecting via pump at address 1 	25
309.1024 	DATA 	Keypress: o
309.1036 	DATA 	Keypress: o
309.1047 	DATA 	Keypress: o
309.1305 	Level WAIT 	25
310.1136 	Level RINSE 	25
312.1019 	DATA 	Keypress: o
312.1137 	Level jitter 	25
314.0967 	Level finished 	25
314.0979 	DATA 	Keypress: o
314.1139 	Level image=waterlogo.jpg 	25
315.0996 	DATA 	Keypress: o
315.1140 	Level injecting via pump at address 0 	25
321.1026 	DATA 	Keypress: o
321.1039 	DATA 	Keypress: o
321.1051 	DATA 	Keypress: o
321.1147 	Level WAIT 	25
322.1144 	Level RINSE 	25
324.1015 	DATA 	Keypress: o
324.1145 	Level jitter 	25
330.0967 	Level finished 	25
330.0980 	DATA 	Keypress: o
330.0991 	DATA 	Keypress: o
330.1001 	DATA 	Keypress: o
330.1149 	Level image=waterlogo.jpg 	25
331.0990 	DATA 	Keypress: o
331.1155 	Level injecting via pump at address 0 	25
337.1019 	DATA 	Keypress: o
337.1031 	DATA 	Keypress: o
337.1043 	DATA 	Keypress: o
337.1154 	Level WAIT 	25
338.1155 	Level RINSE 	25
340.1016 	DATA 	Keypress: o
340.1156 	Level jitter 	25
343.0967 	Level finished 	25
343.0980 	DATA 	Keypress: o
343.0990 	DATA 	Keypress: o
343.1164 	Level image=tasty.jpg 	25
344.1159 	Level injecting via pump at address 1 	25
350.1013 	DATA 	Keypress: o
350.1024 	DATA 	Keypress: o
350.1033 	DATA 	Keypress: o
350.1163 	Level WAIT 	25
351.0992 	DATA 	Keypress: o
351.1330 	Level RINSE 	25
353.1021 	DATA 	Keypress: o
353.1170 	Level jitter 	25
361.0967 	Level finished 	25
361.0980 	DATA 	Keypress: o
361.0990 	DATA 	Keypress: o
361.0999 	DATA 	Keypress: o
361.1009 	DATA 	Keypress: o
361.1171 	Level image=waterlogo.jpg 	25
362.1172 	Level injecting via pump at address 0 	25
368.1023 	DATA 	Keypress: o
368.1039 	DATA 	Keypress: o
368.1053 	DATA 	Keypress: o
368.1180 	Level WAIT 	25
369.0993 	DATA 	Keypress: o
369.1177 	Level RINSE 	25
371.1021 	DATA 	Keypress: o
371.1178 	Level jitter 	25
376.0967 	Level finished 	25
376.0980 	DATA 	Keypress: o
376.0990 	DATA 	Keypress: o
376.1350 	Level image=tasty.jpg 	25
377.0995 	DATA 	Keypress: o
377.1182 	Level injecting via pump at address 1 	25
383.1013 	DATA 	Keypress: o
383.1024 	DATA 	Keypress: o
383.1034 	DATA 	Keypress: o
383.1191 	Level WAIT 	25
384.1187 	Level RINSE 	25
386.1017 	DATA 	Keypress: o
386.1189 	Level jitter 	25
390.0967 	Level finished 	25
390.0980 	DATA 	Keypress: o
390.0991 	DATA 	Keypress: o
390.1191 	Level image=waterlogo.jpg 	25
391.0991 	DATA 	Keypress: o
391.1192 	Level injecting via pump at address 0 	25
397.1030 	DATA 	Keypress: o
397.1044 	DATA 	Keypress: o
397.1056 	DATA 	Keypress: o
397.1200 	Level WAIT 	25
398.1030 	Level RINSE 	25
400.1021 	DATA 	Keypress: o
400.1198 	Level jitter 	25
405.0967 	Level finished 	25
405.0982 	DATA 	Keypress: o
405.0996 	DATA 	Keypress: o
405.1008 	DATA 	Keypress: o
405.1202 	Level image=tasty.jpg 	25
406.1202 	Level injecting via pump at address 1 	25
412.1013 	DATA 	Keypress: o
412.1023 	DATA 	Keypress: o
412.1034 	DATA 	Keypress: o
412.1211 	Level WAIT 	25
413.0994 	DATA 	Keypress: o
413.1207 	Level RINSE 	25
415.1026 	DATA 	Keypress: o
415.1209 	Level jitter 	25
424.0967 	Level finished 	25
424.0980 	DATA 	Keypress: o
424.0990 	DATA 	Keypress: o
424.1001 	DATA 	Keypress: o
424.1012 	DATA 	Keypress: o
424.1218 	Level image=waterlogo.jpg 	25
425.0992 	DATA 	Keypress: o
425.1215 	Level injecting via pump at address 0 	25
431.1018 	DATA 	Keypress: o
431.1031 	DATA 	Keypress: o
431.1042 	DATA 	Keypress: o
431.1219 	Level WAIT 	25
432.1220 	Level RINSE 	25
434.1026 	DATA 	Keypress: o
434.1225 	Level jitter 	25
443.0967 	Level finished 	25
443.0980 	DATA 	Keypress: o
443.0991 	DATA 	Keypress: o
443.1000 	DATA 	Keypress: o
443.1010 	DATA 	Keypress: o
443.1021 	DATA 	Keypress: o
443.1229 	Level image=tasty.jpg 	25
444.1234 	Level injecting via pump at address 1 	25
450.1013 	DATA 	Keypress: o
450.1024 	DATA 	Keypress: o
450.1034 	DATA 	Keypress: o
450.1232 	Level WAIT 	25
451.0991 	DATA 	Keypress: o
451.1067 	Level RINSE 	25
453.1016 	DATA 	Keypress: o
453.1234 	Level jitter 	25
457.0967 	Level finished 	25
457.0981 	DATA 	Keypress: o
457.0993 	DATA 	Keypress: o
457.1243 	Level image=tasty.jpg 	25
458.1071 	Level injecting via pump at address 1 	25
464.1025 	DATA 	Keypress: o
464.1039 	DATA 	Keypress: o
464.1051 	DATA 	Keypress: o
464.1241 	Level WAIT 	25
465.0998 	DATA 	Keypress: o
465.1243 	Level RINSE 	25
467.1020 	DATA 	Keypress: o
467.1082 	Level jitter 	25
470.0967 	Level finished 	25
470.0982 	DATA 	Keypress: o
470.1079 	Level image=waterlogo.jpg 	25
471.0997 	DATA 	Keypress: o
471.1249 	Level injecting via pump at address 0 	25
477.1027 	DATA 	Keypress: o
477.1040 	DATA 	Keypress: o
477.1052 	DATA 	Keypress: o
477.1254 	Level WAIT 	25
478.1252 	Level RINSE 	25
480.1016 	DATA 	Keypress: o
480.1086 	Level jitter 	25
481.0967 	Level finished 	25
481.0979 	DATA 	Keypress: o
481.1254 	Level image=tasty.jpg 	25
482.1255 	Level injecting via pump at address 1 	25
488.1013 	DATA 	Keypress: o
488.1024 	DATA 	Keypress: o
488.1033 	DATA 	Keypress: o
488.1263 	Level WAIT 	25
489.0992 	DATA 	Keypress: o
489.1092 	Level RINSE 	25
491.1017 	DATA 	Keypress: o
491.1260 	Level jitter 	25
498.0967 	Level finished 	25
498.0983 	DATA 	Keypress: o
498.0995 	DATA 	Keypress: o
498.1005 	DATA 	Keypress: o
498.1103 	Level image=waterlogo.jpg 	25
499.0996 	DATA 	Keypress: o
499.1100 	Level injecting via pump at address 0 	25
505.1020 	DATA 	Keypress: o
505.1031 	DATA 	Keypress: o
505.1043 	DATA 	Keypress: o
505.1270 	Level WAIT 	25
506.1104 	Level RINSE 	25
508.1030 	DATA 	Keypress: o
508.1111 	Level jitter 	25
509.0967 	Level finished 	25
509.0979 	DATA 	Keypress: o
509.1273 	Level image=tasty.jpg 	25
510.1274 	Level injecting via pump at address 1 	25
516.1014 	DATA 	Keypress: o
516.1025 	DATA 	Keypress: o
516.1035 	DATA 	Keypress: o
516.1279 	Level WAIT 	25
517.0993 	DATA 	Keypress: o
517.1112 	Level RINSE 	25
519.1021 	DATA 	Keypress: o
519.1284 	Level jitter 	25
525.0967 	Level finished 	25
