66.2772 	DATA 	Keypress: o
66.2782 	Level start key press 	25
68.2768 	DATA 	Keypress: o
70.2768 	DATA 	Keypress: o
72.2770 	DATA 	Keypress: o
74.2772 	DATA 	Keypress: o
74.7581 	Level image=waterlogo.jpg 	25
75.6916 	Level injecting via pump at address 0 	25
81.6803 	DATA 	Keypress: o
81.6814 	DATA 	Keypress: o
81.6825 	DATA 	Keypress: o
81.6924 	Level WAIT 	25
82.6775 	DATA 	Keypress: o
82.6922 	Level RINSE 	25
84.6890 	DATA 	Keypress: o
84.7090 	Level jitter 	25
86.6749 	Level finished 	25
86.6761 	DATA 	Keypress: o
86.7091 	Level image=tasty.jpg 	25
87.6925 	Level injecting via pump at address 1 	25
93.6797 	DATA 	Keypress: o
93.6808 	DATA 	Keypress: o
93.6818 	DATA 	Keypress: o
93.6935 	Level WAIT 	25
94.6783 	DATA 	Keypress: o
94.6930 	Level RINSE 	25
96.6803 	DATA 	Keypress: o
96.7097 	Level jitter 	25
98.6750 	Level finished 	25
98.6761 	DATA 	Keypress: o
98.6932 	Level image=tasty.jpg 	25
99.7101 	Level injecting via pump at address 0 	25
105.6805 	DATA 	Keypress: o
105.6819 	DATA 	Keypress: o
105.6832 	DATA 	Keypress: o
105.7107 	Level WAIT 	25
106.6774 	DATA 	Keypress: o
106.6938 	Level RINSE 	25
108.6799 	DATA 	Keypress: o
108.7105 	Level jitter 	25
113.6750 	Level finished 	25
113.6763 	DATA 	Keypress: o
113.6773 	DATA 	Keypress: o
113.6943 	Level image=tasty.jpg 	25
114.6775 	DATA 	Keypress: o
114.6944 	Level injecting via pump at address 1 	25
120.6810 	DATA 	Keypress: o
120.6822 	DATA 	Keypress: o
120.6832 	DATA 	Keypress: o
120.7118 	Level WAIT 	25
121.6949 	Level RINSE 	25
123.6806 	DATA 	Keypress: o
123.6950 	Level jitter 	25
129.6750 	Level finished 	25
129.6762 	DATA 	Keypress: o
129.6772 	DATA 	Keypress: o
129.6783 	DATA 	Keypress: o
129.6954 	Level image=tasty.jpg 	25
130.6774 	DATA 	Keypress: o
130.6959 	Level injecting via pump at address 0 	25
136.6801 	DATA 	Keypress: o
136.6814 	DATA 	Keypress: o
136.6825 	DATA 	Keypress: o
136.7124 	Level WAIT 	25
137.6792 	Level RINSE 	25
139.6803 	DATA 	Keypress: o
139.6960 	Level jitter 	25
141.6750 	Level finished 	25
141.6761 	DATA 	Keypress: o
141.6966 	Level image=waterlogo.jpg 	25
142.6774 	DATA 	Keypress: o
142.6963 	Level injecting via pump at address 0 	25
148.6800 	DATA 	Keypress: o
148.6813 	DATA 	Keypress: o
148.6824 	DATA 	Keypress: o
148.6966 	Level WAIT 	25
149.6968 	Level RINSE 	25
151.6805 	DATA 	Keypress: o
151.6974 	Level jitter 	25
160.6750 	Level finished 	25
160.6762 	DATA 	Keypress: o
160.6773 	DATA 	Keypress: o
160.6783 	DATA 	Keypress: o
160.6793 	DATA 	Keypress: o
160.6802 	DATA 	Keypress: o
160.6975 	Level image=tasty.jpg 	25
161.6981 	Level injecting via pump at address 0 	25
167.6797 	DATA 	Keypress: o
167.6807 	DATA 	Keypress: o
167.6817 	DATA 	Keypress: o
167.6980 	Level WAIT 	25
168.6775 	DATA 	Keypress: o
168.6813 	Level RINSE 	25
170.6796 	DATA 	Keypress: o
170.6981 	Level jitter 	25
171.6749 	Level finished 	25
171.6987 	Level image=waterlogo.jpg 	25
172.6775 	DATA 	Keypress: o
172.6984 	Level injecting via pump at address 0 	25
178.6801 	DATA 	Keypress: o
178.6813 	DATA 	Keypress: o
178.6823 	DATA 	Keypress: o
178.6987 	Level WAIT 	25
179.6988 	Level RINSE 	25
181.6803 	DATA 	Keypress: o
181.6994 	Level jitter 	25
187.6750 	Level finished 	25
187.6762 	DATA 	Keypress: o
187.6772 	DATA 	Keypress: o
187.6782 	DATA 	Keypress: o
187.6993 	Level image=tasty.jpg 	25
188.6774 	DATA 	Keypress: o
188.6994 	Level injecting via pump at address 0 	25
194.6806 	DATA 	Keypress: o
194.6818 	DATA 	Keypress: o
194.6828 	DATA 	Keypress: o
194.7003 	Level WAIT 	25
195.7000 	Level RINSE 	25
197.6805 	DATA 	Keypress: o
197.7000 	Level jitter 	25
205.6750 	Level finished 	25
205.6764 	DATA 	Keypress: o
205.6779 	DATA 	Keypress: o
205.6791 	DATA 	Keypress: o
205.6804 	DATA 	Keypress: o
205.7177 	Level image=tasty.jpg 	25
206.6775 	DATA 	Keypress: o
206.6840 	Level injecting via pump at address 1 	25
212.6807 	DATA 	Keypress: o
212.6820 	DATA 	Keypress: o
212.6832 	DATA 	Keypress: o
212.7011 	Level WAIT 	25
213.7011 	Level RINSE 	25
215.6800 	DATA 	Keypress: o
215.6850 	Level jitter 	25
220.6750 	Level finished 	25
220.6766 	DATA 	Keypress: o
220.6780 	DATA 	Keypress: o
220.6796 	DATA 	Keypress: o
220.7016 	Level image=tasty.jpg 	25
221.6851 	Level injecting via pump at address 0 	25
227.6804 	DATA 	Keypress: o
227.6817 	DATA 	Keypress: o
227.6829 	DATA 	Keypress: o
227.7025 	Level WAIT 	25
228.6773 	DATA 	Keypress: o
228.6855 	Level RINSE 	25
230.6808 	DATA 	Keypress: o
230.7022 	Level jitter 	25
237.6750 	Level finished 	25
237.6765 	DATA 	Keypress: o
237.6777 	DATA 	Keypress: o
237.6786 	DATA 	Keypress: o
237.7033 	Level image=waterlogo.jpg 	25
238.6774 	DATA 	Keypress: o
238.7030 	Level injecting via pump at address 0 	25
244.6807 	DATA 	Keypress: o
244.6821 	DATA 	Keypress: o
244.6831 	DATA 	Keypress: o
244.7033 	Level WAIT 	25
245.7033 	Level RINSE 	25
247.6794 	DATA 	Keypress: o
247.7039 	Level jitter 	25
253.6750 	Level finished 	25
253.6762 	DATA 	Keypress: o
253.6773 	DATA 	Keypress: o
253.6785 	DATA 	Keypress: o
253.7040 	Level image=waterlogo.jpg 	25
254.6777 	DATA 	Keypress: o
254.7041 	Level injecting via pump at address 0 	25
260.6803 	DATA 	Keypress: o
260.6814 	DATA 	Keypress: o
260.6824 	DATA 	Keypress: o
260.7047 	Level WAIT 	25
261.7044 	Level RINSE 	25
263.6800 	DATA 	Keypress: o
263.7046 	Level jitter 	25
265.6750 	Level finished 	25
265.6763 	DATA 	Keypress: o
265.6881 	Level image=tasty.jpg 	25
266.6776 	DATA 	Keypress: o
266.6881 	Level injecting via pump at address 0 	25
272.6800 	DATA 	Keypress: o
272.6810 	DATA 	Keypress: o
272.6820 	DATA 	Keypress: o
272.7056 	Level WAIT 	25
273.7053 	Level RINSE 	25
275.6809 	DATA 	Keypress: o
275.6887 	Level jitter 	25
282.6750 	Level finished 	25
282.6764 	DATA 	Keypress: o
282.6776 	DATA 	Keypress: o
282.6788 	DATA 	Keypress: o
282.6801 	DATA 	Keypress: o
282.7064 	Level image=tasty.jpg 	25
283.7061 	Level injecting via pump at address 1 	25
289.6804 	DATA 	Keypress: o
289.6817 	DATA 	Keypress: o
289.6829 	DATA 	Keypress: o
289.7063 	Level WAIT 	25
290.6774 	DATA 	Keypress: o
290.6898 	Level RINSE 	25
292.6803 	DATA 	Keypress: o
292.7070 	Level jitter 	25
300.6750 	Level finished 	25
300.6763 	DATA 	Keypress: o
300.6776 	DATA 	Keypress: o
300.6788 	DATA 	Keypress: o
300.6800 	DATA 	Keypress: o
300.7071 	Level image=waterlogo.jpg 	25
301.6906 	Level injecting via pump at address 0 	25
307.6806 	DATA 	Keypress: o
307.6821 	DATA 	Keypress: o
307.6832 	DATA 	Keypress: o
307.7081 	Level WAIT 	25
308.6774 	DATA 	Keypress: o
308.7077 	Level RINSE 	25
310.6807 	DATA 	Keypress: o
310.7078 	Level jitter 	25
318.6750 	Level finished 	25
318.6763 	DATA 	Keypress: o
318.6775 	DATA 	Keypress: o
318.6787 	DATA 	Keypress: o
318.6801 	DATA 	Keypress: o
318.6922 	Level image=tasty.jpg 	25
319.6919 	Level injecting via pump at address 1 	25
325.6805 	DATA 	Keypress: o
325.6817 	DATA 	Keypress: o
325.6830 	DATA 	Keypress: o
325.6921 	Level WAIT 	25
326.6778 	DATA 	Keypress: o
326.6922 	Level RINSE 	25
328.6803 	DATA 	Keypress: o
328.6928 	Level jitter 	25
330.6750 	Level finished 	25
330.6763 	DATA 	Keypress: o
330.7092 	Level image=tasty.jpg 	25
331.6926 	Level injecting via pump at address 0 	25
337.6802 	DATA 	Keypress: o
337.6813 	DATA 	Keypress: o
337.6826 	DATA 	Keypress: o
337.6930 	Level WAIT 	25
338.6774 	DATA 	Keypress: o
338.6935 	Level RINSE 	25
340.6803 	DATA 	Keypress: o
340.6932 	Level jitter 	25
344.6750 	Level finished 	25
344.6762 	DATA 	Keypress: o
344.6772 	DATA 	Keypress: o
344.6935 	Level image=tasty.jpg 	25
345.6936 	Level injecting via pump at address 1 	25
351.6801 	DATA 	Keypress: o
351.6812 	DATA 	Keypress: o
351.6821 	DATA 	Keypress: o
351.7111 	Level WAIT 	25
352.6775 	DATA 	Keypress: o
352.6941 	Level RINSE 	25
354.6794 	DATA 	Keypress: o
354.6942 	Level jitter 	25
357.6750 	Level finished 	25
357.6763 	DATA 	Keypress: o
357.6944 	Level image=tasty.jpg 	25
358.6776 	DATA 	Keypress: o
358.7112 	Level injecting via pump at address 0 	25
364.6807 	DATA 	Keypress: o
364.6823 	DATA 	Keypress: o
364.6836 	DATA 	Keypress: o
364.7119 	Level WAIT 	25
365.6951 	Level RINSE 	25
367.6803 	DATA 	Keypress: o
367.7118 	Level jitter 	25
375.6750 	Level finished 	25
375.6762 	DATA 	Keypress: o
375.6772 	DATA 	Keypress: o
375.6782 	DATA 	Keypress: o
375.6792 	DATA 	Keypress: o
375.6961 	Level image=waterlogo.jpg 	25
376.6773 	DATA 	Keypress: o
376.6958 	Level injecting via pump at address 0 	25
382.6810 	DATA 	Keypress: o
382.6824 	DATA 	Keypress: o
382.6836 	DATA 	Keypress: o
382.6961 	Level WAIT 	25
383.6962 	Level RINSE 	25
385.6808 	DATA 	Keypress: o
385.6967 	Level jitter 	25
390.6750 	Level finished 	25
390.6763 	DATA 	Keypress: o
390.6774 	DATA 	Keypress: o
390.6786 	DATA 	Keypress: o
390.6967 	Level image=tasty.jpg 	25
391.6969 	Level injecting via pump at address 1 	25
397.6805 	DATA 	Keypress: o
397.6819 	DATA 	Keypress: o
397.6833 	DATA 	Keypress: o
397.6976 	Level WAIT 	25
398.6774 	DATA 	Keypress: o
398.6973 	Level RINSE 	25
400.6809 	DATA 	Keypress: o
400.6974 	Level jitter 	25
407.6750 	Level finished 	25
407.6763 	DATA 	Keypress: o
407.6776 	DATA 	Keypress: o
407.6788 	DATA 	Keypress: o
407.6984 	Level image=tasty.jpg 	25
408.6784 	DATA 	Keypress: o
408.6980 	Level injecting via pump at address 0 	25
414.6803 	DATA 	Keypress: o
414.6816 	DATA 	Keypress: o
414.6829 	DATA 	Keypress: o
414.7150 	Level WAIT 	25
415.6818 	Level RINSE 	25
417.6793 	DATA 	Keypress: o
417.6989 	Level jitter 	25
425.6750 	Level finished 	25
425.6761 	DATA 	Keypress: o
425.6772 	DATA 	Keypress: o
425.6781 	DATA 	Keypress: o
425.6791 	DATA 	Keypress: o
425.6991 	Level image=tasty.jpg 	25
426.6779 	DATA 	Keypress: o
426.6992 	Level injecting via pump at address 0 	25
432.6809 	DATA 	Keypress: o
432.6821 	DATA 	Keypress: o
432.6833 	DATA 	Keypress: o
432.6999 	Level WAIT 	25
433.6997 	Level RINSE 	25
435.6804 	DATA 	Keypress: o
435.6998 	Level jitter 	25
442.6750 	Level finished 	25
