48.4131 	DATA 	Keypress: o
48.4141 	Level start key press 	25
50.4129 	DATA 	Keypress: o
52.4200 	DATA 	Keypress: o
54.4231 	DATA 	Keypress: o
56.4424 	DATA 	Keypress: o
56.4457 	Level image=tasty.jpg 	25
57.3907 	Level injecting via pump at address 1 	25
63.3887 	DATA 	Keypress: o
63.3899 	DATA 	Keypress: o
63.3911 	DATA 	Keypress: o
63.4022 	Level WAIT 	25
64.4018 	Level RINSE 	25
66.3973 	DATA 	Keypress: o
66.4017 	Level jitter 	25
75.3840 	Level finished 	25
75.3853 	DATA 	Keypress: o
75.3864 	DATA 	Keypress: o
75.3873 	DATA 	Keypress: o
75.3886 	DATA 	Keypress: o
75.3898 	DATA 	Keypress: o
75.4033 	Level image=waterlogo.jpg 	25
76.3908 	Level injecting via pump at address 0 	25
82.3895 	DATA 	Keypress: o
82.3907 	DATA 	Keypress: o
82.3916 	DATA 	Keypress: o
82.4027 	Level WAIT 	25
83.3868 	DATA 	Keypress: o
83.4029 	Level RINSE 	25
85.3887 	DATA 	Keypress: o
85.3934 	Level jitter 	25
89.3840 	Level finished 	25
89.3852 	DATA 	Keypress: o
89.3862 	DATA 	Keypress: o
89.4029 	Level image=tasty.jpg 	25
90.4008 	Level injecting via pump at address 1 	25
96.3891 	DATA 	Keypress: o
96.3905 	DATA 	Keypress: o
96.3917 	DATA 	Keypress: o
96.4024 	Level WAIT 	25
97.3866 	DATA 	Keypress: o
97.3970 	Level RINSE 	25
99.3893 	DATA 	Keypress: o
99.4028 	Level jitter 	25
103.3840 	Level finished 	25
103.3853 	DATA 	Keypress: o
103.3862 	DATA 	Keypress: o
103.3989 	Level image=waterlogo.jpg 	25
104.3886 	Level injecting via pump at address 0 	25
110.3895 	DATA 	Keypress: o
110.3905 	DATA 	Keypress: o
110.3916 	DATA 	Keypress: o
110.3952 	Level WAIT 	25
111.3867 	DATA 	Keypress: o
111.3897 	Level RINSE 	25
113.3886 	DATA 	Keypress: o
113.3958 	Level jitter 	25
117.3840 	Level finished 	25
117.3855 	DATA 	Keypress: o
117.3867 	DATA 	Keypress: o
117.4062 	Level image=waterlogo.jpg 	25
118.3896 	Level injecting via pump at address 0 	25
124.3898 	DATA 	Keypress: o
124.3913 	DATA 	Keypress: o
124.3925 	DATA 	Keypress: o
124.4052 	Level WAIT 	25
125.3867 	DATA 	Keypress: o
125.3899 	Level RINSE 	25
127.3896 	DATA 	Keypress: o
127.4058 	Level jitter 	25
131.3840 	Level finished 	25
131.3853 	DATA 	Keypress: o
131.3864 	DATA 	Keypress: o
131.4007 	Level image=tasty.jpg 	25
132.3895 	Level injecting via pump at address 1 	25
138.3898 	DATA 	Keypress: o
138.3912 	DATA 	Keypress: o
138.3923 	DATA 	Keypress: o
138.3982 	Level WAIT 	25
139.3869 	DATA 	Keypress: o
139.3901 	Level RINSE 	25
141.3893 	DATA 	Keypress: o
141.3977 	Level jitter 	25
147.3840 	Level finished 	25
147.3852 	DATA 	Keypress: o
147.3862 	DATA 	Keypress: o
147.3873 	DATA 	Keypress: o
147.4001 	Level image=waterlogo.jpg 	25
148.3912 	Level injecting via pump at address 0 	25
154.3898 	DATA 	Keypress: o
154.3911 	DATA 	Keypress: o
154.3924 	DATA 	Keypress: o
154.3967 	Level WAIT 	25
155.3869 	DATA 	Keypress: o
155.3915 	Level RINSE 	25
157.3888 	DATA 	Keypress: o
157.3919 	Level jitter 	25
160.3840 	Level finished 	25
160.3852 	DATA 	Keypress: o
160.3982 	Level image=tasty.jpg 	25
161.3869 	DATA 	Keypress: o
161.3913 	Level injecting via pump at address 1 	25
167.3904 	DATA 	Keypress: o
167.3917 	DATA 	Keypress: o
167.3929 	DATA 	Keypress: o
167.4087 	Level WAIT 	25
168.3898 	Level RINSE 	25
170.3891 	DATA 	Keypress: o
170.3929 	Level jitter 	25
173.3840 	Level finished 	25
173.3853 	DATA 	Keypress: o
173.3863 	DATA 	Keypress: o
173.3967 	Level image=waterlogo.jpg 	25
174.3908 	Level injecting via pump at address 0 	25
180.3898 	DATA 	Keypress: o
180.3911 	DATA 	Keypress: o
180.3927 	DATA 	Keypress: o
180.4100 	Level WAIT 	25
181.3868 	DATA 	Keypress: o
181.3931 	Level RINSE 	25
183.3895 	DATA 	Keypress: o
183.3938 	Level jitter 	25
187.3840 	Level finished 	25
187.3854 	DATA 	Keypress: o
187.3866 	DATA 	Keypress: o
187.4058 	Level image=waterlogo.jpg 	25
188.3938 	Level injecting via pump at address 0 	25
194.3898 	DATA 	Keypress: o
194.3915 	DATA 	Keypress: o
194.3927 	DATA 	Keypress: o
194.4025 	Level WAIT 	25
195.3865 	DATA 	Keypress: o
195.3938 	Level RINSE 	25
197.3892 	DATA 	Keypress: o
197.3946 	Level jitter 	25
202.3840 	Level finished 	25
202.3853 	DATA 	Keypress: o
202.3862 	DATA 	Keypress: o
202.3933 	Level image=tasty.jpg 	25
203.3868 	DATA 	Keypress: o
203.3948 	Level injecting via pump at address 1 	25
209.3894 	DATA 	Keypress: o
209.3907 	DATA 	Keypress: o
209.3919 	DATA 	Keypress: o
209.3957 	Level WAIT 	25
210.3947 	Level RINSE 	25
212.3898 	DATA 	Keypress: o
212.3955 	Level jitter 	25
215.3840 	Level finished 	25
215.3854 	DATA 	Keypress: o
215.3867 	DATA 	Keypress: o
215.3958 	Level image=waterlogo.jpg 	25
216.3960 	Level injecting via pump at address 0 	25
222.3893 	DATA 	Keypress: o
222.3903 	DATA 	Keypress: o
222.3915 	DATA 	Keypress: o
222.3964 	Level WAIT 	25
223.3866 	DATA 	Keypress: o
223.3959 	Level RINSE 	25
225.3894 	DATA 	Keypress: o
225.3957 	Level jitter 	25
233.3840 	Level finished 	25
233.3853 	DATA 	Keypress: o
233.3863 	DATA 	Keypress: o
233.3877 	DATA 	Keypress: o
233.3891 	DATA 	Keypress: o
233.4132 	Level image=tasty.jpg 	25
234.3919 	Level injecting via pump at address 1 	25
240.3895 	DATA 	Keypress: o
240.3909 	DATA 	Keypress: o
240.3922 	DATA 	Keypress: o
240.3967 	Level WAIT 	25
241.3866 	DATA 	Keypress: o
241.3969 	Level RINSE 	25
243.3895 	DATA 	Keypress: o
243.3942 	Level jitter 	25
245.3840 	Level finished 	25
245.3852 	DATA 	Keypress: o
245.3978 	Level image=tasty.jpg 	25
246.3948 	Level injecting via pump at address 1 	25
252.3891 	DATA 	Keypress: o
252.3901 	DATA 	Keypress: o
252.3911 	DATA 	Keypress: o
252.3967 	Level WAIT 	25
253.3867 	DATA 	Keypress: o
253.3912 	Level RINSE 	25
255.3891 	DATA 	Keypress: o
255.3967 	Level jitter 	25
257.3840 	Level finished 	25
257.3854 	DATA 	Keypress: o
257.3989 	Level image=waterlogo.jpg 	25
258.3978 	Level injecting via pump at address 0 	25
264.3888 	DATA 	Keypress: o
264.3900 	DATA 	Keypress: o
264.3910 	DATA 	Keypress: o
264.3991 	Level WAIT 	25
265.3866 	DATA 	Keypress: o
265.3947 	Level RINSE 	25
267.3891 	DATA 	Keypress: o
267.3987 	Level jitter 	25
270.3840 	Level finished 	25
270.3852 	DATA 	Keypress: o
270.3988 	Level image=tasty.jpg 	25
271.3869 	DATA 	Keypress: o
271.3958 	Level injecting via pump at address 1 	25
277.3888 	DATA 	Keypress: o
277.3899 	DATA 	Keypress: o
277.3908 	DATA 	Keypress: o
277.3980 	Level WAIT 	25
278.3928 	Level RINSE 	25
280.3906 	DATA 	Keypress: o
280.3984 	Level jitter 	25
282.3840 	Level finished 	25
282.3852 	DATA 	Keypress: o
282.3997 	Level image=waterlogo.jpg 	25
283.3864 	DATA 	Keypress: o
283.3998 	Level injecting via pump at address 0 	25
289.3891 	DATA 	Keypress: o
289.3902 	DATA 	Keypress: o
289.3915 	DATA 	Keypress: o
289.4011 	Level WAIT 	25
290.3958 	Level RINSE 	25
292.3889 	DATA 	Keypress: o
292.4009 	Level jitter 	25
293.3840 	Level finished 	25
293.3852 	DATA 	Keypress: o
293.3966 	Level image=tasty.jpg 	25
294.3918 	Level injecting via pump at address 1 	25
300.3893 	DATA 	Keypress: o
300.3903 	DATA 	Keypress: o
300.3913 	DATA 	Keypress: o
300.4012 	Level WAIT 	25
301.3866 	DATA 	Keypress: o
301.4021 	Level RINSE 	25
303.3886 	DATA 	Keypress: o
303.3937 	Level jitter 	25
305.3840 	Level finished 	25
305.3854 	DATA 	Keypress: o
305.4008 	Level image=waterlogo.jpg 	25
306.3950 	Level injecting via pump at address 0 	25
312.3902 	DATA 	Keypress: o
312.3916 	DATA 	Keypress: o
312.3928 	DATA 	Keypress: o
312.3979 	Level WAIT 	25
313.3869 	DATA 	Keypress: o
313.3913 	Level RINSE 	25
315.3890 	DATA 	Keypress: o
315.3977 	Level jitter 	25
321.3840 	Level finished 	25
321.3854 	DATA 	Keypress: o
321.3867 	DATA 	Keypress: o
321.3878 	DATA 	Keypress: o
321.3988 	Level image=waterlogo.jpg 	25
322.3942 	Level injecting via pump at address 0 	25
328.3896 	DATA 	Keypress: o
328.3907 	DATA 	Keypress: o
328.3917 	DATA 	Keypress: o
328.3957 	Level WAIT 	25
329.3869 	DATA 	Keypress: o
329.3901 	Level RINSE 	25
331.3893 	DATA 	Keypress: o
331.3967 	Level jitter 	25
334.3840 	Level finished 	25
334.3854 	DATA 	Keypress: o
334.3983 	Level image=tasty.jpg 	25
335.3868 	DATA 	Keypress: o
335.3926 	Level injecting via pump at address 1 	25
341.3893 	DATA 	Keypress: o
341.3903 	DATA 	Keypress: o
341.3916 	DATA 	Keypress: o
341.4041 	Level WAIT 	25
342.3884 	Level RINSE 	25
344.3894 	DATA 	Keypress: o
344.3952 	Level jitter 	25
352.3840 	Level finished 	25
352.3852 	DATA 	Keypress: o
352.3862 	DATA 	Keypress: o
352.3874 	DATA 	Keypress: o
352.3887 	DATA 	Keypress: o
352.4027 	Level image=waterlogo.jpg 	25
353.3865 	DATA 	Keypress: o
353.3980 	Level injecting via pump at address 0 	25
359.3896 	DATA 	Keypress: o
359.3907 	DATA 	Keypress: o
359.3919 	DATA 	Keypress: o
359.3990 	Level WAIT 	25
360.3884 	Level RINSE 	25
362.3892 	DATA 	Keypress: o
362.4005 	Level jitter 	25
367.3840 	Level finished 	25
367.3855 	DATA 	Keypress: o
367.3868 	DATA 	Keypress: o
367.3880 	DATA 	Keypress: o
367.4057 	Level image=tasty.jpg 	25
368.3898 	Level injecting via pump at address 1 	25
374.3892 	DATA 	Keypress: o
374.3902 	DATA 	Keypress: o
374.3912 	DATA 	Keypress: o
374.4031 	Level WAIT 	25
375.3865 	DATA 	Keypress: o
375.3896 	Level RINSE 	25
377.3891 	DATA 	Keypress: o
377.4037 	Level jitter 	25
381.3840 	Level finished 	25
381.3855 	DATA 	Keypress: o
381.3865 	DATA 	Keypress: o
381.3998 	Level image=waterlogo.jpg 	25
382.3907 	Level injecting via pump at address 0 	25
388.3902 	DATA 	Keypress: o
388.3915 	DATA 	Keypress: o
388.3928 	DATA 	Keypress: o
388.3962 	Level WAIT 	25
389.3868 	DATA 	Keypress: o
389.3914 	Level RINSE 	25
391.3893 	DATA 	Keypress: o
391.3967 	Level jitter 	25
396.3840 	Level finished 	25
396.3853 	DATA 	Keypress: o
396.3863 	DATA 	Keypress: o
396.4038 	Level image=tasty.jpg 	25
397.3868 	DATA 	Keypress: o
397.3915 	Level injecting via pump at address 1 	25
403.3898 	DATA 	Keypress: o
403.3911 	DATA 	Keypress: o
403.3923 	DATA 	Keypress: o
403.4012 	Level WAIT 	25
404.3918 	Level RINSE 	25
406.3896 	DATA 	Keypress: o
406.4017 	Level jitter 	25
415.3840 	Level finished 	25
415.3855 	DATA 	Keypress: o
415.3865 	DATA 	Keypress: o
415.3878 	DATA 	Keypress: o
415.3897 	DATA 	Keypress: o
415.3914 	DATA 	Keypress: o
415.4046 	Level image=waterlogo.jpg 	25
416.3928 	Level injecting via pump at address 0 	25
422.3898 	DATA 	Keypress: o
422.3911 	DATA 	Keypress: o
422.3923 	DATA 	Keypress: o
422.4007 	Level WAIT 	25
423.3872 	DATA 	Keypress: o
423.3927 	Level RINSE 	25
425.3890 	DATA 	Keypress: o
425.3939 	Level jitter 	25
434.3840 	Level finished 	25
434.3854 	DATA 	Keypress: o
434.3866 	DATA 	Keypress: o
434.3877 	DATA 	Keypress: o
434.3886 	DATA 	Keypress: o
434.3941 	DATA 	Keypress: o
434.4032 	Level image=tasty.jpg 	25
435.3942 	Level injecting via pump at address 1 	25
441.3897 	DATA 	Keypress: o
441.3910 	DATA 	Keypress: o
441.3924 	DATA 	Keypress: o
441.3997 	Level WAIT 	25
442.3940 	Level RINSE 	25
444.3893 	DATA 	Keypress: o
444.3940 	Level jitter 	25
448.3840 	Level finished 	25
448.3853 	DATA 	Keypress: o
448.3863 	DATA 	Keypress: o
448.3953 	Level image=tasty.jpg 	25
449.3868 	DATA 	Keypress: o
449.3915 	Level injecting via pump at address 1 	25
455.3901 	DATA 	Keypress: o
455.3915 	DATA 	Keypress: o
455.3927 	DATA 	Keypress: o
455.4097 	Level WAIT 	25
456.3883 	Level RINSE 	25
458.3890 	DATA 	Keypress: o
458.3943 	Level jitter 	25
461.3840 	Level finished 	25
461.3852 	DATA 	Keypress: o
461.3863 	DATA 	Keypress: o
461.3944 	Level image=waterlogo.jpg 	25
462.3895 	Level injecting via pump at address 0 	25
468.3903 	DATA 	Keypress: o
468.3918 	DATA 	Keypress: o
468.3931 	DATA 	Keypress: o
468.3944 	DATA 	Keypress: o
468.4082 	Level WAIT 	25
469.3968 	Level RINSE 	25
471.3886 	DATA 	Keypress: o
471.3916 	Level jitter 	25
472.3840 	Level finished 	25
472.3966 	Level image=tasty.jpg 	25
473.3865 	DATA 	Keypress: o
473.3970 	Level injecting via pump at address 1 	25
479.3896 	DATA 	Keypress: o
479.3908 	DATA 	Keypress: o
479.3920 	DATA 	Keypress: o
479.3970 	Level WAIT 	25
480.3944 	Level RINSE 	25
482.3891 	DATA 	Keypress: o
482.3977 	Level jitter 	25
489.3840 	Level finished 	25
489.3853 	DATA 	Keypress: o
489.3863 	DATA 	Keypress: o
489.3873 	DATA 	Keypress: o
489.3883 	DATA 	Keypress: o
489.3970 	Level image=waterlogo.jpg 	25
490.3917 	Level injecting via pump at address 0 	25
496.3898 	DATA 	Keypress: o
496.3912 	DATA 	Keypress: o
496.3927 	DATA 	Keypress: o
496.3939 	DATA 	Keypress: o
496.3986 	Level WAIT 	25
497.3886 	Level RINSE 	25
499.3901 	DATA 	Keypress: o
499.3950 	Level jitter 	25
500.3840 	Level finished 	25
500.3988 	Level image=tasty.jpg 	25
501.3867 	DATA 	Keypress: o
501.3991 	Level injecting via pump at address 1 	25
507.3895 	DATA 	Keypress: o
507.3906 	DATA 	Keypress: o
507.3918 	DATA 	Keypress: o
507.3989 	Level WAIT 	25
508.3969 	Level RINSE 	25
510.3886 	DATA 	Keypress: o
510.3991 	Level jitter 	25
516.3840 	Level finished 	25
