141.1645 	DATA 	Keypress: o
141.1655 	Level start key press 	25
143.1696 	DATA 	Keypress: o
145.1698 	DATA 	Keypress: o
147.1699 	DATA 	Keypress: o
149.1704 	DATA 	Keypress: o
149.5515 	Level image=waterlogo.jpg 	25
150.4848 	Level injecting via pump at address 0 	25
156.4735 	DATA 	Keypress: o
156.4748 	DATA 	Keypress: o
156.4758 	DATA 	Keypress: o
156.4859 	Level WAIT 	25
157.4705 	DATA 	Keypress: o
157.4856 	Level RINSE 	25
159.4816 	DATA 	Keypress: o
159.5025 	Level jitter 	25
165.4680 	Level finished 	25
165.4695 	DATA 	Keypress: o
165.4708 	DATA 	Keypress: o
165.4721 	DATA 	Keypress: o
165.5032 	Level image=tasty.jpg 	25
166.4871 	Level injecting via pump at address 1 	25
172.4732 	DATA 	Keypress: o
172.4743 	DATA 	Keypress: o
172.4753 	DATA 	Keypress: o
172.4874 	Level WAIT 	25
173.4708 	DATA 	Keypress: o
173.4875 	Level RINSE 	25
175.4734 	DATA 	Keypress: o
175.4876 	Level jitter 	25
181.4680 	Level finished 	25
181.4693 	DATA 	Keypress: o
181.4705 	DATA 	Keypress: o
181.4716 	DATA 	Keypress: o
181.4888 	Level image=tasty.jpg 	25
182.4886 	Level injecting via pump at address 1 	25
188.4736 	DATA 	Keypress: o
188.4748 	DATA 	Keypress: o
188.4761 	DATA 	Keypress: o
188.4893 	Level WAIT 	25
189.4708 	DATA 	Keypress: o
189.4894 	Level RINSE 	25
191.4732 	DATA 	Keypress: o
191.4899 	Level jitter 	25
193.4680 	Level finished 	25
193.4691 	DATA 	Keypress: o
193.5066 	Level image=waterlogo.jpg 	25
194.4900 	Level injecting via pump at address 0 	25
200.4738 	DATA 	Keypress: o
200.4751 	DATA 	Keypress: o
200.4764 	DATA 	Keypress: o
200.4906 	Level WAIT 	25
201.4706 	DATA 	Keypress: o
201.4912 	Level RINSE 	25
203.4730 	DATA 	Keypress: o
203.4910 	Level jitter 	25
209.4680 	Level finished 	25
209.4697 	DATA 	Keypress: o
209.4711 	DATA 	Keypress: o
209.4724 	DATA 	Keypress: o
209.4916 	Level image=tasty.jpg 	25
210.4918 	Level injecting via pump at address 1 	25
216.4731 	DATA 	Keypress: o
216.4743 	DATA 	Keypress: o
216.4753 	DATA 	Keypress: o
216.4930 	Level WAIT 	25
217.4705 	DATA 	Keypress: o
217.4927 	Level RINSE 	25
219.4732 	DATA 	Keypress: o
219.4928 	Level jitter 	25
224.4680 	Level finished 	25
224.4695 	DATA 	Keypress: o
224.4709 	DATA 	Keypress: o
224.4934 	Level image=waterlogo.jpg 	25
225.4708 	DATA 	Keypress: o
225.4770 	Level injecting via pump at address 0 	25
231.4734 	DATA 	Keypress: o
231.4747 	DATA 	Keypress: o
231.4757 	DATA 	Keypress: o
231.4947 	Level WAIT 	25
232.4777 	Level RINSE 	25
234.4731 	DATA 	Keypress: o
234.4779 	Level jitter 	25
239.4680 	Level finished 	25
239.4693 	DATA 	Keypress: o
239.4706 	DATA 	Keypress: o
239.4717 	DATA 	Keypress: o
239.4952 	Level image=tasty.jpg 	25
240.4953 	Level injecting via pump at address 1 	25
246.4738 	DATA 	Keypress: o
246.4752 	DATA 	Keypress: o
246.4764 	DATA 	Keypress: o
246.4965 	Level WAIT 	25
247.4709 	DATA 	Keypress: o
247.4795 	Level RINSE 	25
249.4734 	DATA 	Keypress: o
249.4964 	Level jitter 	25
255.4680 	Level finished 	25
255.4694 	DATA 	Keypress: o
255.4707 	DATA 	Keypress: o
255.4717 	DATA 	Keypress: o
255.4971 	Level image=waterlogo.jpg 	25
256.4811 	Level injecting via pump at address 0 	25
262.4736 	DATA 	Keypress: o
262.4751 	DATA 	Keypress: o
262.4763 	DATA 	Keypress: o
262.4978 	Level WAIT 	25
263.4708 	DATA 	Keypress: o
263.4813 	Level RINSE 	25
265.4736 	DATA 	Keypress: o
265.4982 	Level jitter 	25
268.4680 	Level finished 	25
268.4695 	DATA 	Keypress: o
268.4990 	Level image=tasty.jpg 	25
269.4708 	DATA 	Keypress: o
269.4821 	Level injecting via pump at address 1 	25
275.4742 	DATA 	Keypress: o
275.4756 	DATA 	Keypress: o
275.4769 	DATA 	Keypress: o
275.4828 	Level WAIT 	25
276.4828 	Level RINSE 	25
278.4725 	DATA 	Keypress: o
278.4834 	Level jitter 	25
286.4680 	Level finished 	25
286.4695 	DATA 	Keypress: o
286.4710 	DATA 	Keypress: o
286.4728 	DATA 	Keypress: o
286.4746 	DATA 	Keypress: o
286.5008 	Level image=waterlogo.jpg 	25
287.4706 	DATA 	Keypress: o
287.5010 	Level injecting via pump at address 0 	25
293.4730 	DATA 	Keypress: o
293.4743 	DATA 	Keypress: o
293.4753 	DATA 	Keypress: o
293.5019 	Level WAIT 	25
294.4850 	Level RINSE 	25
296.4735 	DATA 	Keypress: o
296.5019 	Level jitter 	25
298.4680 	Level finished 	25
298.4691 	DATA 	Keypress: o
298.4856 	Level image=tasty.jpg 	25
299.4709 	DATA 	Keypress: o
299.5022 	Level injecting via pump at address 1 	25
305.4745 	DATA 	Keypress: o
305.4756 	DATA 	Keypress: o
305.4766 	DATA 	Keypress: o
305.5032 	Level WAIT 	25
306.4863 	Level RINSE 	25
308.4735 	DATA 	Keypress: o
308.5032 	Level jitter 	25
317.4680 	Level finished 	25
317.4694 	DATA 	Keypress: o
317.4706 	DATA 	Keypress: o
317.4716 	DATA 	Keypress: o
317.4726 	DATA 	Keypress: o
317.4736 	DATA 	Keypress: o
317.5047 	Level image=waterlogo.jpg 	25
318.4878 	Level injecting via pump at address 0 	25
324.4730 	DATA 	Keypress: o
324.4741 	DATA 	Keypress: o
324.4751 	DATA 	Keypress: o
324.5052 	Level WAIT 	25
325.4706 	DATA 	Keypress: o
325.4887 	Level RINSE 	25
327.4733 	DATA 	Keypress: o
327.4893 	Level jitter 	25
329.4680 	Level finished 	25
329.4692 	DATA 	Keypress: o
329.4892 	Level image=tasty.jpg 	25
330.4893 	Level injecting via pump at address 1 	25
336.4730 	DATA 	Keypress: o
336.4743 	DATA 	Keypress: o
336.4753 	DATA 	Keypress: o
336.4899 	Level WAIT 	25
337.4705 	DATA 	Keypress: o
337.4738 	Level RINSE 	25
339.4724 	DATA 	Keypress: o
339.4903 	Level jitter 	25
342.4680 	Level finished 	25
342.4691 	DATA 	Keypress: o
342.4907 	Level image=waterlogo.jpg 	25
343.4704 	DATA 	Keypress: o
343.4909 	Level injecting via pump at address 0 	25
349.4746 	DATA 	Keypress: o
349.4761 	DATA 	Keypress: o
349.4774 	DATA 	Keypress: o
349.5085 	Level WAIT 	25
350.4750 	Level RINSE 	25
352.4734 	DATA 	Keypress: o
352.4918 	Level jitter 	25
356.4680 	Level finished 	25
356.4696 	DATA 	Keypress: o
356.4711 	DATA 	Keypress: o
356.4923 	Level image=tasty.jpg 	25
357.4704 	DATA 	Keypress: o
357.4925 	Level injecting via pump at address 1 	25
363.4730 	DATA 	Keypress: o
363.4744 	DATA 	Keypress: o
363.4755 	DATA 	Keypress: o
363.4934 	Level WAIT 	25
364.4932 	Level RINSE 	25
366.4748 	DATA 	Keypress: o
366.4934 	Level jitter 	25
367.4680 	Level finished 	25
367.4691 	DATA 	Keypress: o
367.4936 	Level image=waterlogo.jpg 	25
368.4937 	Level injecting via pump at address 0 	25
374.4747 	DATA 	Keypress: o
374.4760 	DATA 	Keypress: o
374.4773 	DATA 	Keypress: o
374.4947 	Level WAIT 	25
375.4705 	DATA 	Keypress: o
375.4778 	Level RINSE 	25
377.4735 	DATA 	Keypress: o
377.4946 	Level jitter 	25
380.4680 	Level finished 	25
380.4691 	DATA 	Keypress: o
380.4950 	Level image=tasty.jpg 	25
381.4705 	DATA 	Keypress: o
381.4786 	Level injecting via pump at address 1 	25
387.4742 	DATA 	Keypress: o
387.4754 	DATA 	Keypress: o
387.4767 	DATA 	Keypress: o
387.4796 	Level WAIT 	25
388.4793 	Level RINSE 	25
390.4731 	DATA 	Keypress: o
390.4963 	Level jitter 	25
398.4680 	Level finished 	25
398.4694 	DATA 	Keypress: o
398.4706 	DATA 	Keypress: o
398.4716 	DATA 	Keypress: o
398.4727 	DATA 	Keypress: o
398.4977 	Level image=tasty.jpg 	25
399.4708 	DATA 	Keypress: o
399.4974 	Level injecting via pump at address 1 	25
405.4732 	DATA 	Keypress: o
405.4744 	DATA 	Keypress: o
405.4758 	DATA 	Keypress: o
405.4980 	Level WAIT 	25
406.4814 	Level RINSE 	25
408.4735 	DATA 	Keypress: o
408.4987 	Level jitter 	25
412.4680 	Level finished 	25
412.4693 	DATA 	Keypress: o
412.4705 	DATA 	Keypress: o
412.4821 	Level image=waterlogo.jpg 	25
413.4704 	DATA 	Keypress: o
413.4823 	Level injecting via pump at address 0 	25
419.4745 	DATA 	Keypress: o
419.4757 	DATA 	Keypress: o
419.4767 	DATA 	Keypress: o
419.4834 	Level WAIT 	25
420.4831 	Level RINSE 	25
422.4724 	DATA 	Keypress: o
422.4833 	Level jitter 	25
425.4680 	Level finished 	25
425.4693 	DATA 	Keypress: o
425.4705 	DATA 	Keypress: o
425.4838 	Level image=tasty.jpg 	25
426.4838 	Level injecting via pump at address 1 	25
432.4731 	DATA 	Keypress: o
432.4743 	DATA 	Keypress: o
432.4753 	DATA 	Keypress: o
432.4848 	Level WAIT 	25
433.4706 	DATA 	Keypress: o
433.5013 	Level RINSE 	25
435.4732 	DATA 	Keypress: o
435.4848 	Level jitter 	25
440.4680 	Level finished 	25
440.4694 	DATA 	Keypress: o
440.4706 	DATA 	Keypress: o
440.4855 	Level image=waterlogo.jpg 	25
441.4708 	DATA 	Keypress: o
441.4856 	Level injecting via pump at address 0 	25
447.4729 	DATA 	Keypress: o
447.4741 	DATA 	Keypress: o
447.4752 	DATA 	Keypress: o
447.4866 	Level WAIT 	25
448.4864 	Level RINSE 	25
450.4734 	DATA 	Keypress: o
450.4866 	Level jitter 	25
455.4680 	Level finished 	25
455.4694 	DATA 	Keypress: o
455.4707 	DATA 	Keypress: o
455.4719 	DATA 	Keypress: o
455.5039 	Level image=waterlogo.jpg 	25
456.4873 	Level injecting via pump at address 0 	25
462.4736 	DATA 	Keypress: o
462.4749 	DATA 	Keypress: o
462.4759 	DATA 	Keypress: o
462.4884 	Level WAIT 	25
463.4705 	DATA 	Keypress: o
463.4881 	Level RINSE 	25
465.4730 	DATA 	Keypress: o
465.4884 	Level jitter 	25
474.4680 	Level finished 	25
474.4694 	DATA 	Keypress: o
474.4707 	DATA 	Keypress: o
474.4717 	DATA 	Keypress: o
474.4727 	DATA 	Keypress: o
474.5065 	Level image=tasty.jpg 	25
475.4705 	DATA 	Keypress: o
475.4895 	Level injecting via pump at address 1 	25
481.4737 	DATA 	Keypress: o
481.4751 	DATA 	Keypress: o
481.4764 	DATA 	Keypress: o
481.4902 	Level WAIT 	25
482.4904 	Level RINSE 	25
484.4730 	DATA 	Keypress: o
484.4909 	Level jitter 	25
486.4680 	Level finished 	25
486.4692 	DATA 	Keypress: o
486.4908 	Level image=waterlogo.jpg 	25
487.4713 	DATA 	Keypress: o
487.4743 	Level injecting via pump at address 0 	25
493.4732 	DATA 	Keypress: o
493.4743 	DATA 	Keypress: o
493.4752 	DATA 	Keypress: o
493.4916 	Level WAIT 	25
494.4922 	Level RINSE 	25
496.4729 	DATA 	Keypress: o
496.4920 	Level jitter 	25
499.4680 	Level finished 	25
499.4694 	DATA 	Keypress: o
499.4706 	DATA 	Keypress: o
499.5090 	Level image=waterlogo.jpg 	25
500.4758 	Level injecting via pump at address 0 	25
506.4734 	DATA 	Keypress: o
506.4746 	DATA 	Keypress: o
506.4757 	DATA 	Keypress: o
506.4935 	Level WAIT 	25
507.4721 	DATA 	Keypress: o
507.4933 	Level RINSE 	25
509.4740 	DATA 	Keypress: o
509.4934 	Level jitter 	25
514.4680 	Level finished 	25
514.4694 	DATA 	Keypress: o
514.4707 	DATA 	Keypress: o
514.4941 	Level image=tasty.jpg 	25
515.4704 	DATA 	Keypress: o
515.4776 	Level injecting via pump at address 1 	25
521.4736 	DATA 	Keypress: o
521.4749 	DATA 	Keypress: o
521.4762 	DATA 	Keypress: o
521.4953 	Level WAIT 	25
522.4784 	Level RINSE 	25
524.4730 	DATA 	Keypress: o
524.4952 	Level jitter 	25
526.4680 	Level finished 	25
526.4692 	DATA 	Keypress: o
526.4956 	Level image=tasty.jpg 	25
527.4704 	DATA 	Keypress: o
527.4957 	Level injecting via pump at address 1 	25
533.4732 	DATA 	Keypress: o
533.4745 	DATA 	Keypress: o
533.4757 	DATA 	Keypress: o
533.4966 	Level WAIT 	25
534.4797 	Level RINSE 	25
536.4728 	DATA 	Keypress: o
536.4966 	Level jitter 	25
543.4680 	Level finished 	25
543.4694 	DATA 	Keypress: o
543.4706 	DATA 	Keypress: o
543.4721 	DATA 	Keypress: o
543.4733 	DATA 	Keypress: o
543.4813 	Level image=waterlogo.jpg 	25
544.4809 	Level injecting via pump at address 0 	25
550.4733 	DATA 	Keypress: o
550.4746 	DATA 	Keypress: o
550.4757 	DATA 	Keypress: o
550.4817 	Level WAIT 	25
551.4704 	DATA 	Keypress: o
551.4818 	Level RINSE 	25
553.4730 	DATA 	Keypress: o
553.4823 	Level jitter 	25
556.4680 	Level finished 	25
556.4692 	DATA 	Keypress: o
556.4823 	Level image=tasty.jpg 	25
557.4705 	DATA 	Keypress: o
557.4825 	Level injecting via pump at address 1 	25
563.4743 	DATA 	Keypress: o
563.4755 	DATA 	Keypress: o
563.4766 	DATA 	Keypress: o
563.5002 	Level WAIT 	25
564.4834 	Level RINSE 	25
566.4737 	DATA 	Keypress: o
566.4836 	Level jitter 	25
568.4680 	Level finished 	25
568.4694 	DATA 	Keypress: o
568.4838 	Level image=waterlogo.jpg 	25
569.4707 	DATA 	Keypress: o
569.4839 	Level injecting via pump at address 0 	25
575.4736 	DATA 	Keypress: o
575.4748 	DATA 	Keypress: o
575.4757 	DATA 	Keypress: o
575.4849 	Level WAIT 	25
576.4847 	Level RINSE 	25
578.4747 	DATA 	Keypress: o
578.4849 	Level jitter 	25
586.4680 	Level finished 	25
586.4696 	DATA 	Keypress: o
586.4710 	DATA 	Keypress: o
586.4725 	DATA 	Keypress: o
586.4737 	DATA 	Keypress: o
586.5029 	Level image=tasty.jpg 	25
587.4708 	DATA 	Keypress: o
587.4860 	Level injecting via pump at address 1 	25
593.4738 	DATA 	Keypress: o
593.4752 	DATA 	Keypress: o
593.4764 	DATA 	Keypress: o
593.4867 	Level WAIT 	25
594.4869 	Level RINSE 	25
596.4745 	DATA 	Keypress: o
596.4873 	Level jitter 	25
598.4680 	Level finished 	25
598.4692 	DATA 	Keypress: o
598.4873 	Level image=waterlogo.jpg 	25
599.4708 	DATA 	Keypress: o
599.5042 	Level injecting via pump at address 0 	25
605.4733 	DATA 	Keypress: o
605.4744 	DATA 	Keypress: o
605.4754 	DATA 	Keypress: o
605.5047 	Level WAIT 	25
606.4887 	Level RINSE 	25
608.4746 	DATA 	Keypress: o
608.5051 	Level jitter 	25
615.4680 	Level finished 	25
