64.3562 	DATA 	Keypress: o
64.3570 	Level start key press 	25
66.3693 	DATA 	Keypress: o
68.3693 	DATA 	Keypress: o
70.3695 	DATA 	Keypress: o
72.3697 	DATA 	Keypress: o
72.7340 	Level image=waterlogo.jpg 	25
73.6674 	Level injecting via pump at address 0 	25
79.6558 	DATA 	Keypress: o
79.6570 	DATA 	Keypress: o
79.6579 	DATA 	Keypress: o
79.6848 	Level WAIT 	25
80.6544 	DATA 	Keypress: o
80.6678 	Level RINSE 	25
82.6653 	DATA 	Keypress: o
82.6847 	Level jitter 	25
88.6507 	Level finished 	25
88.6522 	DATA 	Keypress: o
88.6533 	DATA 	Keypress: o
88.6543 	DATA 	Keypress: o
88.6851 	Level image=tasty.jpg 	25
89.6690 	Level injecting via pump at address 1 	25
95.6566 	DATA 	Keypress: o
95.6580 	DATA 	Keypress: o
95.6592 	DATA 	Keypress: o
95.6690 	Level WAIT 	25
96.6535 	DATA 	Keypress: o
96.6690 	Level RINSE 	25
98.6560 	DATA 	Keypress: o
98.6691 	Level jitter 	25
104.6507 	Level finished 	25
104.6522 	DATA 	Keypress: o
104.6536 	DATA 	Keypress: o
104.6549 	DATA 	Keypress: o
104.6866 	Level image=tasty.jpg 	25
105.6697 	Level injecting via pump at address 1 	25
111.6580 	DATA 	Keypress: o
111.6597 	DATA 	Keypress: o
111.6615 	DATA 	Keypress: o
111.6699 	Level WAIT 	25
112.6536 	DATA 	Keypress: o
112.6702 	Level RINSE 	25
114.6556 	DATA 	Keypress: o
114.6706 	Level jitter 	25
116.6507 	Level finished 	25
116.6519 	DATA 	Keypress: o
116.6870 	Level image=waterlogo.jpg 	25
117.6705 	Level injecting via pump at address 0 	25
123.6564 	DATA 	Keypress: o
123.6577 	DATA 	Keypress: o
123.6589 	DATA 	Keypress: o
123.6709 	Level WAIT 	25
124.6535 	DATA 	Keypress: o
124.6714 	Level RINSE 	25
126.6558 	DATA 	Keypress: o
126.6710 	Level jitter 	25
132.6507 	Level finished 	25
132.6520 	DATA 	Keypress: o
132.6532 	DATA 	Keypress: o
132.6542 	DATA 	Keypress: o
132.6881 	Level image=tasty.jpg 	25
133.6716 	Level injecting via pump at address 1 	25
139.6552 	DATA 	Keypress: o
139.6563 	DATA 	Keypress: o
139.6573 	DATA 	Keypress: o
139.6724 	Level WAIT 	25
140.6544 	DATA 	Keypress: o
140.6719 	Level RINSE 	25
142.6578 	DATA 	Keypress: o
142.6720 	Level jitter 	25
147.6507 	Level finished 	25
147.6521 	DATA 	Keypress: o
147.6535 	DATA 	Keypress: o
147.6725 	Level image=waterlogo.jpg 	25
148.6534 	DATA 	Keypress: o
148.6560 	Level injecting via pump at address 0 	25
154.6569 	DATA 	Keypress: o
154.6582 	DATA 	Keypress: o
154.6594 	DATA 	Keypress: o
154.6901 	Level WAIT 	25
155.6730 	Level RINSE 	25
157.6560 	DATA 	Keypress: o
157.6731 	Level jitter 	25
162.6507 	Level finished 	25
162.6522 	DATA 	Keypress: o
162.6536 	DATA 	Keypress: o
162.6547 	DATA 	Keypress: o
162.6736 	Level image=tasty.jpg 	25
163.6737 	Level injecting via pump at address 1 	25
169.6559 	DATA 	Keypress: o
169.6572 	DATA 	Keypress: o
169.6583 	DATA 	Keypress: o
169.6744 	Level WAIT 	25
170.6535 	DATA 	Keypress: o
170.6574 	Level RINSE 	25
172.6563 	DATA 	Keypress: o
172.6741 	Level jitter 	25
178.6507 	Level finished 	25
178.6520 	DATA 	Keypress: o
178.6532 	DATA 	Keypress: o
178.6544 	DATA 	Keypress: o
178.6747 	Level image=waterlogo.jpg 	25
179.6752 	Level injecting via pump at address 0 	25
185.6559 	DATA 	Keypress: o
185.6571 	DATA 	Keypress: o
185.6585 	DATA 	Keypress: o
185.6918 	Level WAIT 	25
186.6535 	DATA 	Keypress: o
186.6752 	Level RINSE 	25
188.6556 	DATA 	Keypress: o
188.6753 	Level jitter 	25
191.6507 	Level finished 	25
191.6520 	DATA 	Keypress: o
191.6760 	Level image=tasty.jpg 	25
192.6535 	DATA 	Keypress: o
192.6590 	Level injecting via pump at address 1 	25
198.6555 	DATA 	Keypress: o
198.6565 	DATA 	Keypress: o
198.6575 	DATA 	Keypress: o
198.6760 	Level WAIT 	25
199.6761 	Level RINSE 	25
201.6560 	DATA 	Keypress: o
201.6598 	Level jitter 	25
209.6507 	Level finished 	25
209.6521 	DATA 	Keypress: o
209.6534 	DATA 	Keypress: o
209.6545 	DATA 	Keypress: o
209.6557 	DATA 	Keypress: o
209.6769 	Level image=waterlogo.jpg 	25
210.6531 	DATA 	Keypress: o
210.6770 	Level injecting via pump at address 0 	25
216.6565 	DATA 	Keypress: o
216.6579 	DATA 	Keypress: o
216.6592 	DATA 	Keypress: o
216.6776 	Level WAIT 	25
217.6607 	Level RINSE 	25
219.6551 	DATA 	Keypress: o
219.6775 	Level jitter 	25
221.6507 	Level finished 	25
221.6520 	DATA 	Keypress: o
221.6777 	Level image=tasty.jpg 	25
222.6533 	DATA 	Keypress: o
222.6777 	Level injecting via pump at address 1 	25
228.6561 	DATA 	Keypress: o
228.6574 	DATA 	Keypress: o
228.6586 	DATA 	Keypress: o
228.6784 	Level WAIT 	25
229.6615 	Level RINSE 	25
231.6561 	DATA 	Keypress: o
231.6782 	Level jitter 	25
240.6507 	Level finished 	25
240.6521 	DATA 	Keypress: o
240.6532 	DATA 	Keypress: o
240.6541 	DATA 	Keypress: o
240.6550 	DATA 	Keypress: o
240.6559 	DATA 	Keypress: o
240.6794 	Level image=waterlogo.jpg 	25
241.6790 	Level injecting via pump at address 0 	25
247.6557 	DATA 	Keypress: o
247.6569 	DATA 	Keypress: o
247.6579 	DATA 	Keypress: o
247.6794 	Level WAIT 	25
248.6533 	DATA 	Keypress: o
248.6629 	Level RINSE 	25
250.6563 	DATA 	Keypress: o
250.6801 	Level jitter 	25
252.6507 	Level finished 	25
252.6522 	DATA 	Keypress: o
252.6798 	Level image=tasty.jpg 	25
253.6799 	Level injecting via pump at address 1 	25
259.6561 	DATA 	Keypress: o
259.6573 	DATA 	Keypress: o
259.6585 	DATA 	Keypress: o
259.6802 	Level WAIT 	25
260.6533 	DATA 	Keypress: o
260.6806 	Level RINSE 	25
262.6562 	DATA 	Keypress: o
262.6804 	Level jitter 	25
265.6507 	Level finished 	25
265.6522 	DATA 	Keypress: o
265.6807 	Level image=waterlogo.jpg 	25
266.6533 	DATA 	Keypress: o
266.6808 	Level injecting via pump at address 0 	25
272.6565 	DATA 	Keypress: o
272.6577 	DATA 	Keypress: o
272.6590 	DATA 	Keypress: o
272.6815 	Level WAIT 	25
273.6644 	Level RINSE 	25
275.6561 	DATA 	Keypress: o
275.6813 	Level jitter 	25
279.6507 	Level finished 	25
279.6520 	DATA 	Keypress: o
279.6529 	DATA 	Keypress: o
279.6650 	Level image=tasty.jpg 	25
280.6532 	DATA 	Keypress: o
280.6652 	Level injecting via pump at address 1 	25
286.6564 	DATA 	Keypress: o
286.6576 	DATA 	Keypress: o
286.6586 	DATA 	Keypress: o
286.6658 	Level WAIT 	25
287.6655 	Level RINSE 	25
289.6560 	DATA 	Keypress: o
289.6656 	Level jitter 	25
290.6507 	Level finished 	25
290.6519 	DATA 	Keypress: o
290.6824 	Level image=waterlogo.jpg 	25
291.6825 	Level injecting via pump at address 0 	25
297.6566 	DATA 	Keypress: o
297.6580 	DATA 	Keypress: o
297.6592 	DATA 	Keypress: o
297.6833 	Level WAIT 	25
298.6533 	DATA 	Keypress: o
298.6663 	Level RINSE 	25
300.6565 	DATA 	Keypress: o
300.6830 	Level jitter 	25
303.6507 	Level finished 	25
303.6521 	DATA 	Keypress: o
303.6832 	Level image=tasty.jpg 	25
304.6536 	DATA 	Keypress: o
304.6667 	Level injecting via pump at address 1 	25
310.6553 	DATA 	Keypress: o
310.6564 	DATA 	Keypress: o
310.6574 	DATA 	Keypress: o
310.6842 	Level WAIT 	25
311.6671 	Level RINSE 	25
313.6563 	DATA 	Keypress: o
313.6840 	Level jitter 	25
321.6507 	Level finished 	25
321.6519 	DATA 	Keypress: o
321.6530 	DATA 	Keypress: o
321.6541 	DATA 	Keypress: o
321.6551 	DATA 	Keypress: o
321.6850 	Level image=tasty.jpg 	25
322.6535 	DATA 	Keypress: o
322.6846 	Level injecting via pump at address 1 	25
328.6562 	DATA 	Keypress: o
328.6574 	DATA 	Keypress: o
328.6584 	DATA 	Keypress: o
328.6850 	Level WAIT 	25
329.6684 	Level RINSE 	25
331.6561 	DATA 	Keypress: o
331.6856 	Level jitter 	25
335.6507 	Level finished 	25
335.6521 	DATA 	Keypress: o
335.6533 	DATA 	Keypress: o
335.6855 	Level image=waterlogo.jpg 	25
336.6535 	DATA 	Keypress: o
336.6690 	Level injecting via pump at address 0 	25
342.6571 	DATA 	Keypress: o
342.6583 	DATA 	Keypress: o
342.6595 	DATA 	Keypress: o
342.6695 	Level WAIT 	25
343.6693 	Level RINSE 	25
345.6563 	DATA 	Keypress: o
345.6694 	Level jitter 	25
348.6507 	Level finished 	25
348.6522 	DATA 	Keypress: o
348.6535 	DATA 	Keypress: o
348.6698 	Level image=tasty.jpg 	25
349.6699 	Level injecting via pump at address 1 	25
355.6569 	DATA 	Keypress: o
355.6587 	DATA 	Keypress: o
355.6603 	DATA 	Keypress: o
355.6704 	Level WAIT 	25
356.6538 	DATA 	Keypress: o
356.6702 	Level RINSE 	25
358.6562 	DATA 	Keypress: o
358.6703 	Level jitter 	25
363.6507 	Level finished 	25
363.6521 	DATA 	Keypress: o
363.6533 	DATA 	Keypress: o
363.6874 	Level image=waterlogo.jpg 	25
364.6537 	DATA 	Keypress: o
364.6709 	Level injecting via pump at address 0 	25
370.6557 	DATA 	Keypress: o
370.6570 	DATA 	Keypress: o
370.6582 	DATA 	Keypress: o
370.6716 	Level WAIT 	25
371.6713 	Level RINSE 	25
373.6569 	DATA 	Keypress: o
373.6713 	Level jitter 	25
378.6507 	Level finished 	25
378.6522 	DATA 	Keypress: o
378.6536 	DATA 	Keypress: o
378.6546 	DATA 	Keypress: o
378.6884 	Level image=waterlogo.jpg 	25
379.6552 	Level injecting via pump at address 0 	25
385.6563 	DATA 	Keypress: o
385.6575 	DATA 	Keypress: o
385.6587 	DATA 	Keypress: o
385.6725 	Level WAIT 	25
386.6534 	DATA 	Keypress: o
386.6723 	Level RINSE 	25
388.6559 	DATA 	Keypress: o
388.6891 	Level jitter 	25
397.6507 	Level finished 	25
397.6521 	DATA 	Keypress: o
397.6532 	DATA 	Keypress: o
397.6543 	DATA 	Keypress: o
397.6555 	DATA 	Keypress: o
397.6903 	Level image=tasty.jpg 	25
398.6535 	DATA 	Keypress: o
398.6732 	Level injecting via pump at address 1 	25
404.6562 	DATA 	Keypress: o
404.6576 	DATA 	Keypress: o
404.6590 	DATA 	Keypress: o
404.6735 	Level WAIT 	25
405.6736 	Level RINSE 	25
407.6557 	DATA 	Keypress: o
407.6742 	Level jitter 	25
409.6507 	Level finished 	25
409.6519 	DATA 	Keypress: o
409.6740 	Level image=waterlogo.jpg 	25
410.6534 	DATA 	Keypress: o
410.6574 	Level injecting via pump at address 0 	25
416.6566 	DATA 	Keypress: o
416.6580 	DATA 	Keypress: o
416.6595 	DATA 	Keypress: o
416.6910 	Level WAIT 	25
417.6583 	Level RINSE 	25
419.6555 	DATA 	Keypress: o
419.6746 	Level jitter 	25
422.6507 	Level finished 	25
422.6521 	DATA 	Keypress: o
422.6533 	DATA 	Keypress: o
422.6915 	Level image=waterlogo.jpg 	25
423.6583 	Level injecting via pump at address 0 	25
429.6557 	DATA 	Keypress: o
429.6570 	DATA 	Keypress: o
429.6581 	DATA 	Keypress: o
429.6756 	Level WAIT 	25
430.6534 	DATA 	Keypress: o
430.6754 	Level RINSE 	25
432.6560 	DATA 	Keypress: o
432.6589 	Level jitter 	25
437.6507 	Level finished 	25
437.6521 	DATA 	Keypress: o
437.6536 	DATA 	Keypress: o
437.6760 	Level image=tasty.jpg 	25
438.6531 	DATA 	Keypress: o
438.6761 	Level injecting via pump at address 1 	25
444.6567 	DATA 	Keypress: o
444.6584 	DATA 	Keypress: o
444.6601 	DATA 	Keypress: o
444.6934 	Level WAIT 	25
445.6596 	Level RINSE 	25
447.6564 	DATA 	Keypress: o
447.6765 	Level jitter 	25
449.6507 	Level finished 	25
449.6518 	DATA 	Keypress: o
449.6767 	Level image=tasty.jpg 	25
450.6533 	DATA 	Keypress: o
450.6769 	Level injecting via pump at address 1 	25
456.6570 	DATA 	Keypress: o
456.6586 	DATA 	Keypress: o
456.6603 	DATA 	Keypress: o
456.6775 	Level WAIT 	25
457.6605 	Level RINSE 	25
459.6556 	DATA 	Keypress: o
459.6773 	Level jitter 	25
466.6507 	Level finished 	25
466.6520 	DATA 	Keypress: o
466.6535 	DATA 	Keypress: o
466.6545 	DATA 	Keypress: o
466.6556 	DATA 	Keypress: o
466.6950 	Level image=waterlogo.jpg 	25
467.6613 	Level injecting via pump at address 0 	25
473.6561 	DATA 	Keypress: o
473.6573 	DATA 	Keypress: o
473.6586 	DATA 	Keypress: o
473.6783 	Level WAIT 	25
474.6536 	DATA 	Keypress: o
474.6784 	Level RINSE 	25
476.6566 	DATA 	Keypress: o
476.6621 	Level jitter 	25
479.6507 	Level finished 	25
479.6520 	DATA 	Keypress: o
479.6621 	Level image=tasty.jpg 	25
480.6530 	DATA 	Keypress: o
480.6622 	Level injecting via pump at address 1 	25
486.6567 	DATA 	Keypress: o
486.6581 	DATA 	Keypress: o
486.6596 	DATA 	Keypress: o
486.6796 	Level WAIT 	25
487.6793 	Level RINSE 	25
489.6556 	DATA 	Keypress: o
489.6628 	Level jitter 	25
491.6507 	Level finished 	25
491.6518 	DATA 	Keypress: o
491.6796 	Level image=waterlogo.jpg 	25
492.6535 	DATA 	Keypress: o
492.6630 	Level injecting via pump at address 0 	25
498.6556 	DATA 	Keypress: o
498.6568 	DATA 	Keypress: o
498.6579 	DATA 	Keypress: o
498.6637 	Level WAIT 	25
499.6635 	Level RINSE 	25
501.6561 	DATA 	Keypress: o
501.6636 	Level jitter 	25
509.6507 	Level finished 	25
509.6523 	DATA 	Keypress: o
509.6537 	DATA 	Keypress: o
509.6547 	DATA 	Keypress: o
509.6557 	DATA 	Keypress: o
509.6813 	Level image=tasty.jpg 	25
510.6536 	DATA 	Keypress: o
510.6642 	Level injecting via pump at address 1 	25
516.6567 	DATA 	Keypress: o
516.6582 	DATA 	Keypress: o
516.6596 	DATA 	Keypress: o
516.6813 	Level WAIT 	25
517.6647 	Level RINSE 	25
519.6563 	DATA 	Keypress: o
519.6819 	Level jitter 	25
521.6507 	Level finished 	25
521.6518 	DATA 	Keypress: o
521.6817 	Level image=waterlogo.jpg 	25
522.6533 	DATA 	Keypress: o
522.6818 	Level injecting via pump at address 0 	25
528.6555 	DATA 	Keypress: o
528.6565 	DATA 	Keypress: o
528.6574 	DATA 	Keypress: o
528.6821 	Level WAIT 	25
529.6660 	Level RINSE 	25
531.6556 	DATA 	Keypress: o
531.6823 	Level jitter 	25
538.6507 	Level finished 	25
