70.7210 	DATA 	Keypress: o
70.7218 	Level start key press 	25
72.7325 	DATA 	Keypress: o
74.7326 	DATA 	Keypress: o
76.7328 	DATA 	Keypress: o
78.7333 	DATA 	Keypress: o
79.1142 	Level image=waterlogo.jpg 	25
80.0480 	Level injecting via pump at address 0 	25
86.0357 	DATA 	Keypress: o
86.0368 	DATA 	Keypress: o
86.0378 	DATA 	Keypress: o
86.0485 	Level WAIT 	25
87.0336 	DATA 	Keypress: o
87.0486 	Level RINSE 	25
89.0441 	DATA 	Keypress: o
89.0653 	Level jitter 	25
91.0309 	Level finished 	25
91.0322 	DATA 	Keypress: o
91.0660 	Level image=tasty.jpg 	25
92.0491 	Level injecting via pump at address 1 	25
98.0360 	DATA 	Keypress: o
98.0371 	DATA 	Keypress: o
98.0381 	DATA 	Keypress: o
98.0663 	Level WAIT 	25
99.0333 	DATA 	Keypress: o
99.0499 	Level RINSE 	25
101.0361 	DATA 	Keypress: o
101.0671 	Level jitter 	25
103.0309 	Level finished 	25
103.0320 	DATA 	Keypress: o
103.0503 	Level image=tasty.jpg 	25
104.0504 	Level injecting via pump at address 0 	25
110.0358 	DATA 	Keypress: o
110.0371 	DATA 	Keypress: o
110.0383 	DATA 	Keypress: o
110.0678 	Level WAIT 	25
111.0334 	DATA 	Keypress: o
111.0516 	Level RINSE 	25
113.0358 	DATA 	Keypress: o
113.0515 	Level jitter 	25
118.0309 	Level finished 	25
118.0321 	DATA 	Keypress: o
118.0333 	DATA 	Keypress: o
118.0521 	Level image=tasty.jpg 	25
119.0334 	DATA 	Keypress: o
119.0522 	Level injecting via pump at address 1 	25
125.0358 	DATA 	Keypress: o
125.0371 	DATA 	Keypress: o
125.0382 	DATA 	Keypress: o
125.0533 	Level WAIT 	25
126.0530 	Level RINSE 	25
128.0361 	DATA 	Keypress: o
128.0532 	Level jitter 	25
134.0309 	Level finished 	25
134.0321 	DATA 	Keypress: o
134.0331 	DATA 	Keypress: o
134.0341 	DATA 	Keypress: o
134.0539 	Level image=tasty.jpg 	25
135.0332 	DATA 	Keypress: o
135.0545 	Level injecting via pump at address 0 	25
141.0361 	DATA 	Keypress: o
141.0373 	DATA 	Keypress: o
141.0385 	DATA 	Keypress: o
141.0547 	Level WAIT 	25
142.0549 	Level RINSE 	25
144.0360 	DATA 	Keypress: o
144.0551 	Level jitter 	25
146.0309 	Level finished 	25
146.0320 	DATA 	Keypress: o
146.0559 	Level image=waterlogo.jpg 	25
147.0337 	DATA 	Keypress: o
147.0555 	Level injecting via pump at address 0 	25
153.0358 	DATA 	Keypress: o
153.0371 	DATA 	Keypress: o
153.0383 	DATA 	Keypress: o
153.0561 	Level WAIT 	25
154.0563 	Level RINSE 	25
156.0361 	DATA 	Keypress: o
156.0569 	Level jitter 	25
165.0309 	Level finished 	25
165.0321 	DATA 	Keypress: o
165.0331 	DATA 	Keypress: o
165.0340 	DATA 	Keypress: o
165.0349 	DATA 	Keypress: o
165.0359 	DATA 	Keypress: o
165.0576 	Level image=tasty.jpg 	25
166.0581 	Level injecting via pump at address 0 	25
172.0362 	DATA 	Keypress: o
172.0374 	DATA 	Keypress: o
172.0386 	DATA 	Keypress: o
172.0584 	Level WAIT 	25
173.0332 	DATA 	Keypress: o
173.0586 	Level RINSE 	25
175.0358 	DATA 	Keypress: o
175.0587 	Level jitter 	25
176.0309 	Level finished 	25
176.0592 	Level image=waterlogo.jpg 	25
177.0332 	DATA 	Keypress: o
177.0422 	Level injecting via pump at address 0 	25
183.0361 	DATA 	Keypress: o
183.0374 	DATA 	Keypress: o
183.0387 	DATA 	Keypress: o
183.0430 	Level WAIT 	25
184.0432 	Level RINSE 	25
186.0353 	DATA 	Keypress: o
186.0437 	Level jitter 	25
192.0309 	Level finished 	25
192.0321 	DATA 	Keypress: o
192.0330 	DATA 	Keypress: o
192.0340 	DATA 	Keypress: o
192.0607 	Level image=tasty.jpg 	25
193.0332 	DATA 	Keypress: o
193.0442 	Level injecting via pump at address 0 	25
199.0363 	DATA 	Keypress: o
199.0376 	DATA 	Keypress: o
199.0388 	DATA 	Keypress: o
199.0453 	Level WAIT 	25
200.0450 	Level RINSE 	25
202.0356 	DATA 	Keypress: o
202.0451 	Level jitter 	25
210.0309 	Level finished 	25
210.0321 	DATA 	Keypress: o
210.0330 	DATA 	Keypress: o
210.0340 	DATA 	Keypress: o
210.0349 	DATA 	Keypress: o
210.0632 	Level image=tasty.jpg 	25
211.0340 	DATA 	Keypress: o
211.0463 	Level injecting via pump at address 1 	25
217.0354 	DATA 	Keypress: o
217.0366 	DATA 	Keypress: o
217.0377 	DATA 	Keypress: o
217.0469 	Level WAIT 	25
218.0471 	Level RINSE 	25
220.0365 	DATA 	Keypress: o
220.0643 	Level jitter 	25
225.0309 	Level finished 	25
225.0322 	DATA 	Keypress: o
225.0331 	DATA 	Keypress: o
225.0340 	DATA 	Keypress: o
225.0646 	Level image=tasty.jpg 	25
226.0647 	Level injecting via pump at address 0 	25
232.0364 	DATA 	Keypress: o
232.0377 	DATA 	Keypress: o
232.0389 	DATA 	Keypress: o
232.0659 	Level WAIT 	25
233.0338 	DATA 	Keypress: o
233.0489 	Level RINSE 	25
235.0370 	DATA 	Keypress: o
235.0657 	Level jitter 	25
242.0309 	Level finished 	25
242.0321 	DATA 	Keypress: o
242.0331 	DATA 	Keypress: o
242.0343 	DATA 	Keypress: o
242.0504 	Level image=waterlogo.jpg 	25
243.0337 	DATA 	Keypress: o
243.0501 	Level injecting via pump at address 0 	25
249.0360 	DATA 	Keypress: o
249.0373 	DATA 	Keypress: o
249.0385 	DATA 	Keypress: o
249.0506 	Level WAIT 	25
250.0508 	Level RINSE 	25
252.0359 	DATA 	Keypress: o
252.0514 	Level jitter 	25
258.0309 	Level finished 	25
258.0322 	DATA 	Keypress: o
258.0334 	DATA 	Keypress: o
258.0346 	DATA 	Keypress: o
258.0518 	Level image=waterlogo.jpg 	25
259.0335 	DATA 	Keypress: o
259.0519 	Level injecting via pump at address 0 	25
265.0361 	DATA 	Keypress: o
265.0370 	DATA 	Keypress: o
265.0380 	DATA 	Keypress: o
265.0529 	Level WAIT 	25
266.0526 	Level RINSE 	25
268.0375 	DATA 	Keypress: o
268.0529 	Level jitter 	25
270.0309 	Level finished 	25
270.0321 	DATA 	Keypress: o
270.0698 	Level image=tasty.jpg 	25
271.0336 	DATA 	Keypress: o
271.0534 	Level injecting via pump at address 0 	25
277.0363 	DATA 	Keypress: o
277.0373 	DATA 	Keypress: o
277.0383 	DATA 	Keypress: o
277.0543 	Level WAIT 	25
278.0541 	Level RINSE 	25
280.0365 	DATA 	Keypress: o
280.0542 	Level jitter 	25
287.0309 	Level finished 	25
287.0322 	DATA 	Keypress: o
287.0334 	DATA 	Keypress: o
287.0344 	DATA 	Keypress: o
287.0353 	DATA 	Keypress: o
287.0556 	Level image=tasty.jpg 	25
288.0553 	Level injecting via pump at address 1 	25
294.0360 	DATA 	Keypress: o
294.0372 	DATA 	Keypress: o
294.0385 	DATA 	Keypress: o
294.0559 	Level WAIT 	25
295.0333 	DATA 	Keypress: o
295.0561 	Level RINSE 	25
297.0354 	DATA 	Keypress: o
297.0568 	Level jitter 	25
305.0309 	Level finished 	25
305.0321 	DATA 	Keypress: o
305.0332 	DATA 	Keypress: o
305.0342 	DATA 	Keypress: o
305.0353 	DATA 	Keypress: o
305.0573 	Level image=waterlogo.jpg 	25
306.0574 	Level injecting via pump at address 0 	25
312.0355 	DATA 	Keypress: o
312.0365 	DATA 	Keypress: o
312.0375 	DATA 	Keypress: o
312.0585 	Level WAIT 	25
313.0332 	DATA 	Keypress: o
313.0582 	Level RINSE 	25
315.0365 	DATA 	Keypress: o
315.0585 	Level jitter 	25
323.0309 	Level finished 	25
323.0321 	DATA 	Keypress: o
323.0330 	DATA 	Keypress: o
323.0339 	DATA 	Keypress: o
323.0349 	DATA 	Keypress: o
323.0598 	Level image=tasty.jpg 	25
324.0429 	Level injecting via pump at address 1 	25
330.0365 	DATA 	Keypress: o
330.0381 	DATA 	Keypress: o
330.0396 	DATA 	Keypress: o
330.0601 	Level WAIT 	25
331.0333 	DATA 	Keypress: o
331.0435 	Level RINSE 	25
333.0359 	DATA 	Keypress: o
333.0442 	Level jitter 	25
335.0309 	Level finished 	25
335.0320 	DATA 	Keypress: o
335.0608 	Level image=tasty.jpg 	25
336.0442 	Level injecting via pump at address 0 	25
342.0352 	DATA 	Keypress: o
342.0363 	DATA 	Keypress: o
342.0374 	DATA 	Keypress: o
342.0449 	Level WAIT 	25
343.0334 	DATA 	Keypress: o
343.0455 	Level RINSE 	25
345.0357 	DATA 	Keypress: o
345.0452 	Level jitter 	25
349.0309 	Level finished 	25
349.0322 	DATA 	Keypress: o
349.0331 	DATA 	Keypress: o
349.0458 	Level image=tasty.jpg 	25
350.0459 	Level injecting via pump at address 1 	25
356.0357 	DATA 	Keypress: o
356.0367 	DATA 	Keypress: o
356.0379 	DATA 	Keypress: o
356.0636 	Level WAIT 	25
357.0333 	DATA 	Keypress: o
357.0634 	Level RINSE 	25
359.0352 	DATA 	Keypress: o
359.0468 	Level jitter 	25
362.0309 	Level finished 	25
362.0320 	DATA 	Keypress: o
362.0472 	Level image=tasty.jpg 	25
363.0334 	DATA 	Keypress: o
363.0641 	Level injecting via pump at address 0 	25
369.0370 	DATA 	Keypress: o
369.0382 	DATA 	Keypress: o
369.0394 	DATA 	Keypress: o
369.0651 	Level WAIT 	25
370.0483 	Level RINSE 	25
372.0359 	DATA 	Keypress: o
372.0483 	Level jitter 	25
380.0309 	Level finished 	25
380.0320 	DATA 	Keypress: o
380.0331 	DATA 	Keypress: o
380.0343 	DATA 	Keypress: o
380.0355 	DATA 	Keypress: o
380.0498 	Level image=waterlogo.jpg 	25
381.0332 	DATA 	Keypress: o
381.0496 	Level injecting via pump at address 0 	25
387.0359 	DATA 	Keypress: o
387.0369 	DATA 	Keypress: o
387.0379 	DATA 	Keypress: o
387.0502 	Level WAIT 	25
388.0503 	Level RINSE 	25
390.0367 	DATA 	Keypress: o
390.0509 	Level jitter 	25
395.0309 	Level finished 	25
395.0323 	DATA 	Keypress: o
395.0335 	DATA 	Keypress: o
395.0347 	DATA 	Keypress: o
395.0511 	Level image=tasty.jpg 	25
396.0513 	Level injecting via pump at address 1 	25
402.0363 	DATA 	Keypress: o
402.0379 	DATA 	Keypress: o
402.0395 	DATA 	Keypress: o
402.0523 	Level WAIT 	25
403.0332 	DATA 	Keypress: o
403.0520 	Level RINSE 	25
405.0353 	DATA 	Keypress: o
405.0522 	Level jitter 	25
412.0309 	Level finished 	25
412.0322 	DATA 	Keypress: o
412.0332 	DATA 	Keypress: o
412.0341 	DATA 	Keypress: o
412.0535 	Level image=tasty.jpg 	25
413.0336 	DATA 	Keypress: o
413.0532 	Level injecting via pump at address 0 	25
419.0360 	DATA 	Keypress: o
419.0371 	DATA 	Keypress: o
419.0383 	DATA 	Keypress: o
419.0538 	Level WAIT 	25
420.0374 	Level RINSE 	25
422.0360 	DATA 	Keypress: o
422.0546 	Level jitter 	25
430.0309 	Level finished 	25
430.0321 	DATA 	Keypress: o
430.0331 	DATA 	Keypress: o
430.0342 	DATA 	Keypress: o
430.0352 	DATA 	Keypress: o
430.0552 	Level image=tasty.jpg 	25
431.0332 	DATA 	Keypress: o
431.0554 	Level injecting via pump at address 0 	25
437.0367 	DATA 	Keypress: o
437.0379 	DATA 	Keypress: o
437.0391 	DATA 	Keypress: o
437.0564 	Level WAIT 	25
438.0561 	Level RINSE 	25
440.0362 	DATA 	Keypress: o
440.0564 	Level jitter 	25
447.0309 	Level finished 	25
