107.4782 	DATA 	Keypress: o
107.4790 	Level start key press 	25
109.4821 	DATA 	Keypress: o
111.4872 	DATA 	Keypress: o
113.4821 	DATA 	Keypress: o
115.5421 	DATA 	Keypress: o
115.5475 	Level image=waterlogo.jpg 	25
116.4595 	Level injecting via pump at address 0 	25
122.4513 	DATA 	Keypress: o
122.4527 	DATA 	Keypress: o
122.4538 	DATA 	Keypress: o
122.4619 	Level WAIT 	25
123.4566 	Level RINSE 	25
125.4582 	DATA 	Keypress: o
125.4615 	Level jitter 	25
131.4454 	Level finished 	25
131.4468 	DATA 	Keypress: o
131.4480 	DATA 	Keypress: o
131.4492 	DATA 	Keypress: o
131.4619 	Level image=tasty.jpg 	25
132.4478 	DATA 	Keypress: o
132.4595 	Level injecting via pump at address 1 	25
138.4503 	DATA 	Keypress: o
138.4514 	DATA 	Keypress: o
138.4524 	DATA 	Keypress: o
138.4616 	Level WAIT 	25
139.4566 	Level RINSE 	25
141.4509 	DATA 	Keypress: o
141.4625 	Level jitter 	25
147.4454 	Level finished 	25
147.4468 	DATA 	Keypress: o
147.4479 	DATA 	Keypress: o
147.4490 	DATA 	Keypress: o
147.4645 	Level image=tasty.jpg 	25
148.4478 	DATA 	Keypress: o
148.4588 	Level injecting via pump at address 1 	25
154.4513 	DATA 	Keypress: o
154.4526 	DATA 	Keypress: o
154.4539 	DATA 	Keypress: o
154.4613 	Level WAIT 	25
155.4562 	Level RINSE 	25
157.4498 	DATA 	Keypress: o
157.4626 	Level jitter 	25
159.4454 	Level finished 	25
159.4467 	DATA 	Keypress: o
159.4654 	Level image=waterlogo.jpg 	25
160.4483 	DATA 	Keypress: o
160.4634 	Level injecting via pump at address 0 	25
166.4515 	DATA 	Keypress: o
166.4528 	DATA 	Keypress: o
166.4539 	DATA 	Keypress: o
166.4647 	Level WAIT 	25
167.4501 	Level RINSE 	25
169.4526 	DATA 	Keypress: o
169.4655 	Level jitter 	25
175.4454 	Level finished 	25
175.4469 	DATA 	Keypress: o
175.4482 	DATA 	Keypress: o
175.4493 	DATA 	Keypress: o
175.4671 	Level image=tasty.jpg 	25
176.4482 	DATA 	Keypress: o
176.4513 	Level injecting via pump at address 1 	25
182.4511 	DATA 	Keypress: o
182.4523 	DATA 	Keypress: o
182.4535 	DATA 	Keypress: o
182.4648 	Level WAIT 	25
183.4523 	Level RINSE 	25
185.4505 	DATA 	Keypress: o
185.4656 	Level jitter 	25
190.4454 	Level finished 	25
190.4467 	DATA 	Keypress: o
190.4477 	DATA 	Keypress: o
190.4486 	DATA 	Keypress: o
190.4560 	Level image=waterlogo.jpg 	25
191.4509 	Level injecting via pump at address 0 	25
197.4503 	DATA 	Keypress: o
197.4514 	DATA 	Keypress: o
197.4524 	DATA 	Keypress: o
197.4705 	Level WAIT 	25
198.4482 	DATA 	Keypress: o
198.4535 	Level RINSE 	25
200.4508 	DATA 	Keypress: o
200.4541 	Level jitter 	25
205.4454 	Level finished 	25
205.4469 	DATA 	Keypress: o
205.4483 	DATA 	Keypress: o
205.4616 	Level image=tasty.jpg 	25
206.4477 	DATA 	Keypress: o
206.4542 	Level injecting via pump at address 1 	25
212.4507 	DATA 	Keypress: o
212.4521 	DATA 	Keypress: o
212.4533 	DATA 	Keypress: o
212.4582 	Level WAIT 	25
213.4530 	Level RINSE 	25
215.4502 	DATA 	Keypress: o
215.4560 	Level jitter 	25
221.4454 	Level finished 	25
221.4468 	DATA 	Keypress: o
221.4479 	DATA 	Keypress: o
221.4489 	DATA 	Keypress: o
221.4562 	Level image=waterlogo.jpg 	25
222.4478 	DATA 	Keypress: o
222.4568 	Level injecting via pump at address 0 	25
228.4508 	DATA 	Keypress: o
228.4520 	DATA 	Keypress: o
228.4530 	DATA 	Keypress: o
228.4574 	Level WAIT 	25
229.4528 	Level RINSE 	25
231.4503 	DATA 	Keypress: o
231.4578 	Level jitter 	25
234.4454 	Level finished 	25
234.4468 	DATA 	Keypress: o
234.4480 	DATA 	Keypress: o
234.4582 	Level image=tasty.jpg 	25
235.4551 	Level injecting via pump at address 1 	25
241.4509 	DATA 	Keypress: o
241.4521 	DATA 	Keypress: o
241.4531 	DATA 	Keypress: o
241.4562 	Level WAIT 	25
242.4478 	DATA 	Keypress: o
242.4522 	Level RINSE 	25
244.4499 	DATA 	Keypress: o
244.4578 	Level jitter 	25
252.4454 	Level finished 	25
252.4468 	DATA 	Keypress: o
252.4480 	DATA 	Keypress: o
252.4489 	DATA 	Keypress: o
252.4499 	DATA 	Keypress: o
252.4599 	Level image=waterlogo.jpg 	25
253.4600 	Level injecting via pump at address 0 	25
259.4503 	DATA 	Keypress: o
259.4517 	DATA 	Keypress: o
259.4529 	DATA 	Keypress: o
259.4604 	Level WAIT 	25
260.4480 	DATA 	Keypress: o
260.4575 	Level RINSE 	25
262.4506 	DATA 	Keypress: o
262.4613 	Level jitter 	25
264.4454 	Level finished 	25
264.4467 	DATA 	Keypress: o
264.4614 	Level image=tasty.jpg 	25
265.4615 	Level injecting via pump at address 1 	25
271.4509 	DATA 	Keypress: o
271.4523 	DATA 	Keypress: o
271.4535 	DATA 	Keypress: o
271.4619 	Level WAIT 	25
272.4478 	DATA 	Keypress: o
272.4617 	Level RINSE 	25
274.4507 	DATA 	Keypress: o
274.4628 	Level jitter 	25
283.4454 	Level finished 	25
283.4468 	DATA 	Keypress: o
283.4479 	DATA 	Keypress: o
283.4488 	DATA 	Keypress: o
283.4497 	DATA 	Keypress: o
283.4637 	Level image=waterlogo.jpg 	25
284.4480 	DATA 	Keypress: o
284.4634 	Level injecting via pump at address 0 	25
290.4508 	DATA 	Keypress: o
290.4520 	DATA 	Keypress: o
290.4530 	DATA 	Keypress: o
290.4647 	Level WAIT 	25
291.4619 	Level RINSE 	25
293.4497 	DATA 	Keypress: o
293.4651 	Level jitter 	25
295.4454 	Level finished 	25
295.4467 	DATA 	Keypress: o
295.4574 	Level image=tasty.jpg 	25
296.4482 	DATA 	Keypress: o
296.4528 	Level injecting via pump at address 1 	25
302.4510 	DATA 	Keypress: o
302.4522 	DATA 	Keypress: o
302.4533 	DATA 	Keypress: o
302.4652 	Level WAIT 	25
303.4500 	Level RINSE 	25
305.4502 	DATA 	Keypress: o
305.4553 	Level jitter 	25
308.4454 	Level finished 	25
308.4466 	DATA 	Keypress: o
308.4476 	DATA 	Keypress: o
308.4563 	Level image=waterlogo.jpg 	25
309.4496 	Level injecting via pump at address 0 	25
315.4511 	DATA 	Keypress: o
315.4521 	DATA 	Keypress: o
315.4530 	DATA 	Keypress: o
315.4671 	Level WAIT 	25
316.4482 	DATA 	Keypress: o
316.4648 	Level RINSE 	25
318.4508 	DATA 	Keypress: o
318.4540 	Level jitter 	25
322.4454 	Level finished 	25
322.4466 	DATA 	Keypress: o
322.4476 	DATA 	Keypress: o
322.4672 	Level image=tasty.jpg 	25
323.4521 	Level injecting via pump at address 1 	25
329.4507 	DATA 	Keypress: o
329.4520 	DATA 	Keypress: o
329.4530 	DATA 	Keypress: o
329.4639 	Level WAIT 	25
330.4483 	DATA 	Keypress: o
330.4526 	Level RINSE 	25
332.4512 	DATA 	Keypress: o
332.4647 	Level jitter 	25
333.4454 	Level finished 	25
333.4532 	Level image=waterlogo.jpg 	25
334.4478 	DATA 	Keypress: o
334.4523 	Level injecting via pump at address 0 	25
340.4512 	DATA 	Keypress: o
340.4524 	DATA 	Keypress: o
340.4535 	DATA 	Keypress: o
340.4570 	Level WAIT 	25
341.4510 	Level RINSE 	25
343.4509 	DATA 	Keypress: o
343.4541 	Level jitter 	25
346.4454 	Level finished 	25
346.4468 	DATA 	Keypress: o
346.4480 	DATA 	Keypress: o
346.4583 	Level image=tasty.jpg 	25
347.4534 	Level injecting via pump at address 1 	25
353.4507 	DATA 	Keypress: o
353.4520 	DATA 	Keypress: o
353.4529 	DATA 	Keypress: o
353.4720 	Level WAIT 	25
354.4477 	DATA 	Keypress: o
354.4549 	Level RINSE 	25
356.4504 	DATA 	Keypress: o
356.4558 	Level jitter 	25
364.4454 	Level finished 	25
364.4467 	DATA 	Keypress: o
364.4480 	DATA 	Keypress: o
364.4490 	DATA 	Keypress: o
364.4500 	DATA 	Keypress: o
364.4646 	Level image=tasty.jpg 	25
365.4562 	Level injecting via pump at address 1 	25
371.4505 	DATA 	Keypress: o
371.4519 	DATA 	Keypress: o
371.4531 	DATA 	Keypress: o
371.4574 	Level WAIT 	25
372.4478 	DATA 	Keypress: o
372.4555 	Level RINSE 	25
374.4504 	DATA 	Keypress: o
374.4581 	Level jitter 	25
378.4454 	Level finished 	25
378.4467 	DATA 	Keypress: o
378.4478 	DATA 	Keypress: o
378.4578 	Level image=waterlogo.jpg 	25
379.4530 	Level injecting via pump at address 0 	25
385.4509 	DATA 	Keypress: o
385.4521 	DATA 	Keypress: o
385.4531 	DATA 	Keypress: o
385.4586 	Level WAIT 	25
386.4481 	DATA 	Keypress: o
386.4592 	Level RINSE 	25
388.4503 	DATA 	Keypress: o
388.4553 	Level jitter 	25
391.4454 	Level finished 	25
391.4469 	DATA 	Keypress: o
391.4562 	Level image=tasty.jpg 	25
392.4480 	DATA 	Keypress: o
392.4513 	Level injecting via pump at address 1 	25
398.4500 	DATA 	Keypress: o
398.4512 	DATA 	Keypress: o
398.4521 	DATA 	Keypress: o
398.4601 	Level WAIT 	25
399.4598 	Level RINSE 	25
401.4499 	DATA 	Keypress: o
401.4541 	Level jitter 	25
406.4454 	Level finished 	25
406.4467 	DATA 	Keypress: o
406.4480 	DATA 	Keypress: o
406.4491 	DATA 	Keypress: o
406.4612 	Level image=waterlogo.jpg 	25
407.4562 	Level injecting via pump at address 0 	25
413.4502 	DATA 	Keypress: o
413.4516 	DATA 	Keypress: o
413.4527 	DATA 	Keypress: o
413.4588 	Level WAIT 	25
414.4481 	DATA 	Keypress: o
414.4535 	Level RINSE 	25
416.4512 	DATA 	Keypress: o
416.4586 	Level jitter 	25
421.4454 	Level finished 	25
421.4468 	DATA 	Keypress: o
421.4480 	DATA 	Keypress: o
421.4629 	Level image=waterlogo.jpg 	25
422.4478 	DATA 	Keypress: o
422.4611 	Level injecting via pump at address 0 	25
428.4504 	DATA 	Keypress: o
428.4514 	DATA 	Keypress: o
428.4524 	DATA 	Keypress: o
428.4635 	Level WAIT 	25
429.4583 	Level RINSE 	25
431.4506 	DATA 	Keypress: o
431.4644 	Level jitter 	25
440.4454 	Level finished 	25
440.4468 	DATA 	Keypress: o
440.4482 	DATA 	Keypress: o
440.4494 	DATA 	Keypress: o
440.4505 	DATA 	Keypress: o
440.4514 	DATA 	Keypress: o
440.4651 	Level image=tasty.jpg 	25
441.4619 	Level injecting via pump at address 1 	25
447.4506 	DATA 	Keypress: o
447.4517 	DATA 	Keypress: o
447.4530 	DATA 	Keypress: o
447.4641 	Level WAIT 	25
448.4478 	DATA 	Keypress: o
448.4581 	Level RINSE 	25
450.4506 	DATA 	Keypress: o
450.4657 	Level jitter 	25
452.4454 	Level finished 	25
452.4467 	DATA 	Keypress: o
452.4544 	Level image=waterlogo.jpg 	25
453.4496 	Level injecting via pump at address 0 	25
459.4506 	DATA 	Keypress: o
459.4520 	DATA 	Keypress: o
459.4531 	DATA 	Keypress: o
459.4677 	Level WAIT 	25
460.4483 	DATA 	Keypress: o
460.4632 	Level RINSE 	25
462.4507 	DATA 	Keypress: o
462.4680 	Level jitter 	25
465.4454 	Level finished 	25
465.4466 	DATA 	Keypress: o
465.4680 	Level image=waterlogo.jpg 	25
466.4483 	DATA 	Keypress: o
466.4515 	Level injecting via pump at address 0 	25
472.4507 	DATA 	Keypress: o
472.4519 	DATA 	Keypress: o
472.4531 	DATA 	Keypress: o
472.4666 	Level WAIT 	25
473.4527 	Level RINSE 	25
475.4499 	DATA 	Keypress: o
475.4531 	Level jitter 	25
480.4454 	Level finished 	25
480.4467 	DATA 	Keypress: o
480.4479 	DATA 	Keypress: o
480.4491 	DATA 	Keypress: o
480.4576 	Level image=tasty.jpg 	25
481.4527 	Level injecting via pump at address 1 	25
487.4504 	DATA 	Keypress: o
487.4516 	DATA 	Keypress: o
487.4526 	DATA 	Keypress: o
487.4714 	Level WAIT 	25
488.4479 	DATA 	Keypress: o
488.4541 	Level RINSE 	25
490.4502 	DATA 	Keypress: o
490.4546 	Level jitter 	25
492.4454 	Level finished 	25
492.4466 	DATA 	Keypress: o
492.4542 	Level image=tasty.jpg 	25
493.4546 	Level injecting via pump at address 1 	25
499.4502 	DATA 	Keypress: o
499.4514 	DATA 	Keypress: o
499.4522 	DATA 	Keypress: o
499.4558 	Level WAIT 	25
500.4478 	DATA 	Keypress: o
500.4535 	Level RINSE 	25
502.4506 	DATA 	Keypress: o
502.4561 	Level jitter 	25
509.4454 	Level finished 	25
509.4469 	DATA 	Keypress: o
509.4480 	DATA 	Keypress: o
509.4490 	DATA 	Keypress: o
509.4572 	Level image=waterlogo.jpg 	25
510.4480 	DATA 	Keypress: o
510.4512 	Level injecting via pump at address 0 	25
516.4513 	DATA 	Keypress: o
516.4527 	DATA 	Keypress: o
516.4539 	DATA 	Keypress: o
516.4573 	Level WAIT 	25
517.4575 	Level RINSE 	25
519.4498 	DATA 	Keypress: o
519.4546 	Level jitter 	25
522.4454 	Level finished 	25
522.4467 	DATA 	Keypress: o
522.4478 	DATA 	Keypress: o
522.4556 	Level image=tasty.jpg 	25
523.4508 	Level injecting via pump at address 1 	25
529.4509 	DATA 	Keypress: o
529.4522 	DATA 	Keypress: o
529.4534 	DATA 	Keypress: o
529.4594 	Level WAIT 	25
530.4482 	DATA 	Keypress: o
530.4585 	Level RINSE 	25
532.4497 	DATA 	Keypress: o
532.4530 	Level jitter 	25
534.4454 	Level finished 	25
534.4469 	DATA 	Keypress: o
534.4593 	Level image=waterlogo.jpg 	25
535.4543 	Level injecting via pump at address 0 	25
541.4506 	DATA 	Keypress: o
541.4517 	DATA 	Keypress: o
541.4526 	DATA 	Keypress: o
541.4570 	Level WAIT 	25
542.4479 	DATA 	Keypress: o
542.4510 	Level RINSE 	25
544.4507 	DATA 	Keypress: o
544.4575 	Level jitter 	25
552.4454 	Level finished 	25
552.4467 	DATA 	Keypress: o
552.4479 	DATA 	Keypress: o
552.4488 	DATA 	Keypress: o
552.4497 	DATA 	Keypress: o
552.4615 	Level image=tasty.jpg 	25
553.4602 	Level injecting via pump at address 1 	25
559.4501 	DATA 	Keypress: o
559.4512 	DATA 	Keypress: o
559.4521 	DATA 	Keypress: o
559.4625 	Level WAIT 	25
560.4480 	DATA 	Keypress: o
560.4567 	Level RINSE 	25
562.4515 	DATA 	Keypress: o
562.4629 	Level jitter 	25
564.4454 	Level finished 	25
564.4466 	DATA 	Keypress: o
564.4627 	Level image=waterlogo.jpg 	25
565.4628 	Level injecting via pump at address 0 	25
571.4507 	DATA 	Keypress: o
571.4520 	DATA 	Keypress: o
571.4531 	DATA 	Keypress: o
571.4640 	Level WAIT 	25
572.4479 	DATA 	Keypress: o
572.4615 	Level RINSE 	25
574.4498 	DATA 	Keypress: o
574.4642 	Level jitter 	25
581.4454 	Level finished 	25
