48.0099 	DATA 	Keypress: o
48.0107 	Level start key press 	25
50.0126 	DATA 	Keypress: o
52.0128 	DATA 	Keypress: o
54.0130 	DATA 	Keypress: o
56.0132 	DATA 	Keypress: o
56.3942 	Level image=waterlogo.jpg 	25
57.3278 	Level injecting via pump at address 0 	25
63.3168 	DATA 	Keypress: o
63.3182 	DATA 	Keypress: o
63.3194 	DATA 	Keypress: o
63.3456 	Level WAIT 	25
64.3139 	DATA 	Keypress: o
64.3284 	Level RINSE 	25
66.3247 	DATA 	Keypress: o
66.3454 	Level jitter 	25
73.3109 	Level finished 	25
73.3123 	DATA 	Keypress: o
73.3135 	DATA 	Keypress: o
73.3148 	DATA 	Keypress: o
73.3301 	Level image=tasty.jpg 	25
74.3133 	DATA 	Keypress: o
74.3297 	Level injecting via pump at address 0 	25
80.3164 	DATA 	Keypress: o
80.3177 	DATA 	Keypress: o
80.3189 	DATA 	Keypress: o
80.3303 	Level WAIT 	25
81.3305 	Level RINSE 	25
83.3155 	DATA 	Keypress: o
83.3311 	Level jitter 	25
87.3109 	Level finished 	25
87.3121 	DATA 	Keypress: o
87.3134 	DATA 	Keypress: o
87.3313 	Level image=tasty.jpg 	25
88.3137 	DATA 	Keypress: o
88.3480 	Level injecting via pump at address 1 	25
94.3160 	DATA 	Keypress: o
94.3171 	DATA 	Keypress: o
94.3182 	DATA 	Keypress: o
94.3489 	Level WAIT 	25
95.3322 	Level RINSE 	25
97.3154 	DATA 	Keypress: o
97.3323 	Level jitter 	25
98.3109 	Level finished 	25
98.3122 	DATA 	Keypress: o
98.3325 	Level image=tasty.jpg 	25
99.3327 	Level injecting via pump at address 0 	25
105.3166 	DATA 	Keypress: o
105.3178 	DATA 	Keypress: o
105.3190 	DATA 	Keypress: o
105.3336 	Level WAIT 	25
106.3137 	DATA 	Keypress: o
106.3334 	Level RINSE 	25
108.3160 	DATA 	Keypress: o
108.3336 	Level jitter 	25
116.3109 	Level finished 	25
116.3124 	DATA 	Keypress: o
116.3138 	DATA 	Keypress: o
116.3150 	DATA 	Keypress: o
116.3162 	DATA 	Keypress: o
116.3517 	Level image=waterlogo.jpg 	25
117.3181 	Level injecting via pump at address 0 	25
123.3163 	DATA 	Keypress: o
123.3175 	DATA 	Keypress: o
123.3185 	DATA 	Keypress: o
123.3354 	Level WAIT 	25
124.3134 	DATA 	Keypress: o
124.3356 	Level RINSE 	25
126.3160 	DATA 	Keypress: o
126.3362 	Level jitter 	25
134.3109 	Level finished 	25
134.3124 	DATA 	Keypress: o
134.3138 	DATA 	Keypress: o
134.3151 	DATA 	Keypress: o
134.3163 	DATA 	Keypress: o
134.3367 	Level image=waterlogo.jpg 	25
135.3202 	Level injecting via pump at address 0 	25
141.3161 	DATA 	Keypress: o
141.3172 	DATA 	Keypress: o
141.3182 	DATA 	Keypress: o
141.3379 	Level WAIT 	25
142.3140 	DATA 	Keypress: o
142.3210 	Level RINSE 	25
144.3158 	DATA 	Keypress: o
144.3379 	Level jitter 	25
150.3109 	Level finished 	25
150.3122 	DATA 	Keypress: o
150.3134 	DATA 	Keypress: o
150.3143 	DATA 	Keypress: o
150.3386 	Level image=tasty.jpg 	25
151.3225 	Level injecting via pump at address 1 	25
157.3165 	DATA 	Keypress: o
157.3178 	DATA 	Keypress: o
157.3189 	DATA 	Keypress: o
157.3227 	Level WAIT 	25
158.3134 	DATA 	Keypress: o
158.3228 	Level RINSE 	25
160.3159 	DATA 	Keypress: o
160.3231 	Level jitter 	25
162.3109 	Level finished 	25
162.3121 	DATA 	Keypress: o
162.3404 	Level image=tasty.jpg 	25
163.3235 	Level injecting via pump at address 0 	25
169.3158 	DATA 	Keypress: o
169.3169 	DATA 	Keypress: o
169.3178 	DATA 	Keypress: o
169.3408 	Level WAIT 	25
170.3137 	DATA 	Keypress: o
170.3244 	Level RINSE 	25
172.3181 	DATA 	Keypress: o
172.3416 	Level jitter 	25
178.3109 	Level finished 	25
178.3122 	DATA 	Keypress: o
178.3134 	DATA 	Keypress: o
178.3147 	DATA 	Keypress: o
178.3419 	Level image=waterlogo.jpg 	25
179.3253 	Level injecting via pump at address 0 	25
185.3168 	DATA 	Keypress: o
185.3181 	DATA 	Keypress: o
185.3191 	DATA 	Keypress: o
185.3264 	Level WAIT 	25
186.3138 	DATA 	Keypress: o
186.3262 	Level RINSE 	25
188.3163 	DATA 	Keypress: o
188.3263 	Level jitter 	25
190.3109 	Level finished 	25
190.3122 	DATA 	Keypress: o
190.3433 	Level image=waterlogo.jpg 	25
191.3267 	Level injecting via pump at address 0 	25
197.3161 	DATA 	Keypress: o
197.3174 	DATA 	Keypress: o
197.3186 	DATA 	Keypress: o
197.3445 	Level WAIT 	25
198.3135 	DATA 	Keypress: o
198.3277 	Level RINSE 	25
200.3155 	DATA 	Keypress: o
200.3445 	Level jitter 	25
209.3109 	Level finished 	25
209.3123 	DATA 	Keypress: o
209.3135 	DATA 	Keypress: o
209.3145 	DATA 	Keypress: o
209.3154 	DATA 	Keypress: o
209.3459 	Level image=tasty.jpg 	25
210.3137 	DATA 	Keypress: o
210.3290 	Level injecting via pump at address 1 	25
216.3168 	DATA 	Keypress: o
216.3179 	DATA 	Keypress: o
216.3189 	DATA 	Keypress: o
216.3296 	Level WAIT 	25
217.3298 	Level RINSE 	25
219.3156 	DATA 	Keypress: o
219.3471 	Level jitter 	25
226.3109 	Level finished 	25
226.3125 	DATA 	Keypress: o
226.3139 	DATA 	Keypress: o
226.3154 	DATA 	Keypress: o
226.3167 	DATA 	Keypress: o
226.3309 	Level image=tasty.jpg 	25
227.3311 	Level injecting via pump at address 0 	25
233.3167 	DATA 	Keypress: o
233.3181 	DATA 	Keypress: o
233.3193 	DATA 	Keypress: o
233.3320 	Level WAIT 	25
234.3137 	DATA 	Keypress: o
234.3317 	Level RINSE 	25
236.3154 	DATA 	Keypress: o
236.3319 	Level jitter 	25
243.3109 	Level finished 	25
243.3124 	DATA 	Keypress: o
243.3137 	DATA 	Keypress: o
243.3147 	DATA 	Keypress: o
243.3333 	Level image=waterlogo.jpg 	25
244.3135 	DATA 	Keypress: o
244.3330 	Level injecting via pump at address 0 	25
250.3163 	DATA 	Keypress: o
250.3176 	DATA 	Keypress: o
250.3188 	DATA 	Keypress: o
250.3503 	Level WAIT 	25
251.3171 	Level RINSE 	25
253.3181 	DATA 	Keypress: o
253.3510 	Level jitter 	25
258.3109 	Level finished 	25
258.3123 	DATA 	Keypress: o
258.3138 	DATA 	Keypress: o
258.3150 	DATA 	Keypress: o
258.3346 	Level image=tasty.jpg 	25
259.3347 	Level injecting via pump at address 0 	25
265.3169 	DATA 	Keypress: o
265.3182 	DATA 	Keypress: o
265.3195 	DATA 	Keypress: o
265.3358 	Level WAIT 	25
266.3133 	DATA 	Keypress: o
266.3189 	Level RINSE 	25
268.3161 	DATA 	Keypress: o
268.3358 	Level jitter 	25
269.3109 	Level finished 	25
269.3360 	Level image=tasty.jpg 	25
270.3133 	DATA 	Keypress: o
270.3361 	Level injecting via pump at address 1 	25
276.3160 	DATA 	Keypress: o
276.3175 	DATA 	Keypress: o
276.3187 	DATA 	Keypress: o
276.3371 	Level WAIT 	25
277.3368 	Level RINSE 	25
279.3152 	DATA 	Keypress: o
279.3204 	Level jitter 	25
282.3109 	Level finished 	25
282.3123 	DATA 	Keypress: o
282.3135 	DATA 	Keypress: o
282.3374 	Level image=tasty.jpg 	25
283.3376 	Level injecting via pump at address 0 	25
289.3164 	DATA 	Keypress: o
289.3178 	DATA 	Keypress: o
289.3191 	DATA 	Keypress: o
289.3386 	Level WAIT 	25
290.3133 	DATA 	Keypress: o
290.3384 	Level RINSE 	25
292.3165 	DATA 	Keypress: o
292.3385 	Level jitter 	25
294.3109 	Level finished 	25
294.3123 	DATA 	Keypress: o
294.3221 	Level image=tasty.jpg 	25
295.3224 	Level injecting via pump at address 1 	25
301.3162 	DATA 	Keypress: o
301.3172 	DATA 	Keypress: o
301.3181 	DATA 	Keypress: o
301.3401 	Level WAIT 	25
302.3136 	DATA 	Keypress: o
302.3398 	Level RINSE 	25
304.3163 	DATA 	Keypress: o
304.3233 	Level jitter 	25
306.3109 	Level finished 	25
306.3122 	DATA 	Keypress: o
306.3402 	Level image=tasty.jpg 	25
307.3237 	Level injecting via pump at address 0 	25
313.3174 	DATA 	Keypress: o
313.3193 	DATA 	Keypress: o
313.3208 	DATA 	Keypress: o
313.3245 	Level WAIT 	25
314.3139 	DATA 	Keypress: o
314.3245 	Level RINSE 	25
316.3163 	DATA 	Keypress: o
316.3246 	Level jitter 	25
317.3109 	Level finished 	25
317.3248 	Level image=waterlogo.jpg 	25
318.3138 	DATA 	Keypress: o
318.3416 	Level injecting via pump at address 0 	25
324.3170 	DATA 	Keypress: o
324.3183 	DATA 	Keypress: o
324.3196 	DATA 	Keypress: o
324.3428 	Level WAIT 	25
325.3425 	Level RINSE 	25
327.3154 	DATA 	Keypress: o
327.3427 	Level jitter 	25
333.3109 	Level finished 	25
333.3124 	DATA 	Keypress: o
333.3137 	DATA 	Keypress: o
333.3154 	DATA 	Keypress: o
333.3434 	Level image=tasty.jpg 	25
334.3133 	DATA 	Keypress: o
334.3439 	Level injecting via pump at address 1 	25
340.3162 	DATA 	Keypress: o
340.3175 	DATA 	Keypress: o
340.3185 	DATA 	Keypress: o
340.3442 	Level WAIT 	25
341.3276 	Level RINSE 	25
343.3155 	DATA 	Keypress: o
343.3446 	Level jitter 	25
346.3109 	Level finished 	25
346.3122 	DATA 	Keypress: o
346.3137 	DATA 	Keypress: o
346.3453 	Level image=tasty.jpg 	25
347.3451 	Level injecting via pump at address 0 	25
353.3165 	DATA 	Keypress: o
353.3178 	DATA 	Keypress: o
353.3191 	DATA 	Keypress: o
353.3457 	Level WAIT 	25
354.3136 	DATA 	Keypress: o
354.3293 	Level RINSE 	25
356.3162 	DATA 	Keypress: o
356.3465 	Level jitter 	25
358.3109 	Level finished 	25
358.3120 	DATA 	Keypress: o
358.3297 	Level image=tasty.jpg 	25
359.3298 	Level injecting via pump at address 1 	25
365.3160 	DATA 	Keypress: o
365.3173 	DATA 	Keypress: o
365.3185 	DATA 	Keypress: o
365.3470 	Level WAIT 	25
366.3137 	DATA 	Keypress: o
366.3309 	Level RINSE 	25
368.3159 	DATA 	Keypress: o
368.3309 	Level jitter 	25
372.3109 	Level finished 	25
372.3122 	DATA 	Keypress: o
372.3133 	DATA 	Keypress: o
372.3313 	Level image=tasty.jpg 	25
373.3314 	Level injecting via pump at address 0 	25
379.3164 	DATA 	Keypress: o
379.3178 	DATA 	Keypress: o
379.3191 	DATA 	Keypress: o
379.3326 	Level WAIT 	25
380.3136 	DATA 	Keypress: o
380.3322 	Level RINSE 	25
382.3162 	DATA 	Keypress: o
382.3325 	Level jitter 	25
389.3109 	Level finished 	25
389.3124 	DATA 	Keypress: o
389.3138 	DATA 	Keypress: o
389.3151 	DATA 	Keypress: o
389.3336 	Level image=tasty.jpg 	25
390.3133 	DATA 	Keypress: o
390.3334 	Level injecting via pump at address 0 	25
396.3163 	DATA 	Keypress: o
396.3175 	DATA 	Keypress: o
396.3185 	DATA 	Keypress: o
396.3342 	Level WAIT 	25
397.3175 	Level RINSE 	25
399.3159 	DATA 	Keypress: o
399.3348 	Level jitter 	25
403.3109 	Level finished 	25
