66.1376 	DATA 	Keypress: o
66.1385 	Level start key press 	25
68.1419 	DATA 	Keypress: o
70.1411 	DATA 	Keypress: o
72.1413 	DATA 	Keypress: o
74.1416 	DATA 	Keypress: o
74.6892 	Level image=waterlogo.jpg 	25
75.6230 	Level injecting via pump at address 0 	25
81.6110 	DATA 	Keypress: o
81.6120 	DATA 	Keypress: o
81.6130 	DATA 	Keypress: o
81.6397 	Level WAIT 	25
82.6085 	DATA 	Keypress: o
82.6398 	Level RINSE 	25
84.6194 	DATA 	Keypress: o
84.6399 	Level jitter 	25
91.6059 	Level finished 	25
91.6071 	DATA 	Keypress: o
91.6082 	DATA 	Keypress: o
91.6093 	DATA 	Keypress: o
91.6408 	Level image=waterlogo.jpg 	25
92.6082 	DATA 	Keypress: o
92.6238 	Level injecting via pump at address 0 	25
98.6113 	DATA 	Keypress: o
98.6126 	DATA 	Keypress: o
98.6137 	DATA 	Keypress: o
98.6241 	Level WAIT 	25
99.6243 	Level RINSE 	25
101.6108 	DATA 	Keypress: o
101.6414 	Level jitter 	25
106.6059 	Level finished 	25
106.6071 	DATA 	Keypress: o
106.6082 	DATA 	Keypress: o
106.6092 	DATA 	Keypress: o
106.6248 	Level image=tasty.jpg 	25
107.6249 	Level injecting via pump at address 1 	25
113.6114 	DATA 	Keypress: o
113.6126 	DATA 	Keypress: o
113.6138 	DATA 	Keypress: o
113.6422 	Level WAIT 	25
114.6082 	DATA 	Keypress: o
114.6253 	Level RINSE 	25
116.6110 	DATA 	Keypress: o
116.6254 	Level jitter 	25
119.6059 	Level finished 	25
119.6070 	DATA 	Keypress: o
119.6256 	Level image=tasty.jpg 	25
120.6085 	DATA 	Keypress: o
120.6257 	Level injecting via pump at address 0 	25
126.6113 	DATA 	Keypress: o
126.6124 	DATA 	Keypress: o
126.6133 	DATA 	Keypress: o
126.6265 	Level WAIT 	25
127.6262 	Level RINSE 	25
129.6112 	DATA 	Keypress: o
129.6430 	Level jitter 	25
135.6059 	Level finished 	25
135.6071 	DATA 	Keypress: o
135.6083 	DATA 	Keypress: o
135.6094 	DATA 	Keypress: o
135.6435 	Level image=tasty.jpg 	25
136.6086 	DATA 	Keypress: o
136.6273 	Level injecting via pump at address 0 	25
142.6117 	DATA 	Keypress: o
142.6131 	DATA 	Keypress: o
142.6143 	DATA 	Keypress: o
142.6272 	Level WAIT 	25
143.6273 	Level RINSE 	25
145.6105 	DATA 	Keypress: o
145.6274 	Level jitter 	25
154.6059 	Level finished 	25
154.6071 	DATA 	Keypress: o
154.6082 	DATA 	Keypress: o
154.6094 	DATA 	Keypress: o
154.6106 	DATA 	Keypress: o
154.6115 	DATA 	Keypress: o
154.6451 	Level image=tasty.jpg 	25
155.6282 	Level injecting via pump at address 1 	25
161.6102 	DATA 	Keypress: o
161.6111 	DATA 	Keypress: o
161.6122 	DATA 	Keypress: o
161.6285 	Level WAIT 	25
162.6087 	DATA 	Keypress: o
162.6286 	Level RINSE 	25
164.6113 	DATA 	Keypress: o
164.6291 	Level jitter 	25
170.6059 	Level finished 	25
170.6072 	DATA 	Keypress: o
170.6084 	DATA 	Keypress: o
170.6096 	DATA 	Keypress: o
170.6292 	Level image=tasty.jpg 	25
171.6293 	Level injecting via pump at address 0 	25
177.6110 	DATA 	Keypress: o
177.6121 	DATA 	Keypress: o
177.6132 	DATA 	Keypress: o
177.6300 	Level WAIT 	25
178.6086 	DATA 	Keypress: o
178.6298 	Level RINSE 	25
180.6114 	DATA 	Keypress: o
180.6299 	Level jitter 	25
183.6059 	Level finished 	25
183.6070 	DATA 	Keypress: o
183.6301 	Level image=tasty.jpg 	25
184.6082 	DATA 	Keypress: o
184.6302 	Level injecting via pump at address 1 	25
190.6117 	DATA 	Keypress: o
190.6129 	DATA 	Keypress: o
190.6139 	DATA 	Keypress: o
190.6310 	Level WAIT 	25
191.6306 	Level RINSE 	25
193.6113 	DATA 	Keypress: o
193.6307 	Level jitter 	25
198.6059 	Level finished 	25
198.6072 	DATA 	Keypress: o
198.6084 	DATA 	Keypress: o
198.6095 	DATA 	Keypress: o
198.6311 	Level image=tasty.jpg 	25
199.6312 	Level injecting via pump at address 0 	25
205.6112 	DATA 	Keypress: o
205.6122 	DATA 	Keypress: o
205.6131 	DATA 	Keypress: o
205.6320 	Level WAIT 	25
206.6084 	DATA 	Keypress: o
206.6317 	Level RINSE 	25
208.6108 	DATA 	Keypress: o
208.6317 	Level jitter 	25
209.6059 	Level finished 	25
209.6319 	Level image=waterlogo.jpg 	25
210.6088 	DATA 	Keypress: o
210.6319 	Level injecting via pump at address 0 	25
216.6109 	DATA 	Keypress: o
216.6119 	DATA 	Keypress: o
216.6128 	DATA 	Keypress: o
216.6328 	Level WAIT 	25
217.6158 	Level RINSE 	25
219.6110 	DATA 	Keypress: o
219.6326 	Level jitter 	25
224.6059 	Level finished 	25
224.6072 	DATA 	Keypress: o
224.6082 	DATA 	Keypress: o
224.6092 	DATA 	Keypress: o
224.6329 	Level image=waterlogo.jpg 	25
225.6330 	Level injecting via pump at address 0 	25
231.6102 	DATA 	Keypress: o
231.6112 	DATA 	Keypress: o
231.6123 	DATA 	Keypress: o
231.6338 	Level WAIT 	25
232.6086 	DATA 	Keypress: o
232.6335 	Level RINSE 	25
234.6115 	DATA 	Keypress: o
234.6336 	Level jitter 	25
237.6059 	Level finished 	25
237.6071 	DATA 	Keypress: o
237.6338 	Level image=tasty.jpg 	25
238.6082 	DATA 	Keypress: o
238.6339 	Level injecting via pump at address 0 	25
244.6110 	DATA 	Keypress: o
244.6119 	DATA 	Keypress: o
244.6129 	DATA 	Keypress: o
244.6347 	Level WAIT 	25
245.6177 	Level RINSE 	25
247.6106 	DATA 	Keypress: o
247.6345 	Level jitter 	25
253.6059 	Level finished 	25
253.6071 	DATA 	Keypress: o
253.6080 	DATA 	Keypress: o
253.6090 	DATA 	Keypress: o
253.6349 	Level image=waterlogo.jpg 	25
254.6082 	DATA 	Keypress: o
254.6188 	Level injecting via pump at address 0 	25
260.6103 	DATA 	Keypress: o
260.6115 	DATA 	Keypress: o
260.6125 	DATA 	Keypress: o
260.6354 	Level WAIT 	25
261.6188 	Level RINSE 	25
263.6109 	DATA 	Keypress: o
263.6356 	Level jitter 	25
265.6059 	Level finished 	25
265.6070 	DATA 	Keypress: o
265.6361 	Level image=waterlogo.jpg 	25
266.6086 	DATA 	Keypress: o
266.6358 	Level injecting via pump at address 0 	25
272.6114 	DATA 	Keypress: o
272.6125 	DATA 	Keypress: o
272.6134 	DATA 	Keypress: o
272.6362 	Level WAIT 	25
273.6196 	Level RINSE 	25
275.6103 	DATA 	Keypress: o
275.6369 	Level jitter 	25
283.6059 	Level finished 	25
283.6071 	DATA 	Keypress: o
283.6080 	DATA 	Keypress: o
283.6092 	DATA 	Keypress: o
283.6104 	DATA 	Keypress: o
283.6370 	Level image=tasty.jpg 	25
284.6084 	DATA 	Keypress: o
284.6205 	Level injecting via pump at address 0 	25
290.6103 	DATA 	Keypress: o
290.6114 	DATA 	Keypress: o
290.6124 	DATA 	Keypress: o
290.6379 	Level WAIT 	25
291.6376 	Level RINSE 	25
293.6108 	DATA 	Keypress: o
293.6210 	Level jitter 	25
298.6059 	Level finished 	25
298.6072 	DATA 	Keypress: o
298.6084 	DATA 	Keypress: o
298.6094 	DATA 	Keypress: o
298.6214 	Level image=waterlogo.jpg 	25
299.6215 	Level injecting via pump at address 0 	25
305.6109 	DATA 	Keypress: o
305.6119 	DATA 	Keypress: o
305.6128 	DATA 	Keypress: o
305.6222 	Level WAIT 	25
306.6085 	DATA 	Keypress: o
306.6219 	Level RINSE 	25
308.6117 	DATA 	Keypress: o
308.6220 	Level jitter 	25
313.6059 	Level finished 	25
313.6071 	DATA 	Keypress: o
313.6081 	DATA 	Keypress: o
313.6391 	Level image=tasty.jpg 	25
314.6082 	DATA 	Keypress: o
314.6226 	Level injecting via pump at address 0 	25
320.6113 	DATA 	Keypress: o
320.6125 	DATA 	Keypress: o
320.6135 	DATA 	Keypress: o
320.6232 	Level WAIT 	25
321.6230 	Level RINSE 	25
323.6103 	DATA 	Keypress: o
323.6230 	Level jitter 	25
330.6059 	Level finished 	25
330.6071 	DATA 	Keypress: o
330.6084 	DATA 	Keypress: o
330.6096 	DATA 	Keypress: o
330.6107 	DATA 	Keypress: o
330.6240 	Level image=tasty.jpg 	25
331.6237 	Level injecting via pump at address 1 	25
337.6102 	DATA 	Keypress: o
337.6112 	DATA 	Keypress: o
337.6122 	DATA 	Keypress: o
337.6240 	Level WAIT 	25
338.6082 	DATA 	Keypress: o
338.6408 	Level RINSE 	25
340.6103 	DATA 	Keypress: o
340.6246 	Level jitter 	25
344.6059 	Level finished 	25
344.6070 	DATA 	Keypress: o
344.6080 	DATA 	Keypress: o
344.6412 	Level image=tasty.jpg 	25
345.6247 	Level injecting via pump at address 0 	25
351.6114 	DATA 	Keypress: o
351.6127 	DATA 	Keypress: o
351.6137 	DATA 	Keypress: o
351.6253 	Level WAIT 	25
352.6086 	DATA 	Keypress: o
352.6251 	Level RINSE 	25
354.6109 	DATA 	Keypress: o
354.6251 	Level jitter 	25
357.6059 	Level finished 	25
357.6070 	DATA 	Keypress: o
357.6255 	Level image=tasty.jpg 	25
358.6086 	DATA 	Keypress: o
358.6256 	Level injecting via pump at address 1 	25
364.6108 	DATA 	Keypress: o
364.6123 	DATA 	Keypress: o
364.6136 	DATA 	Keypress: o
364.6263 	Level WAIT 	25
365.6260 	Level RINSE 	25
367.6109 	DATA 	Keypress: o
367.6260 	Level jitter 	25
372.6059 	Level finished 	25
372.6071 	DATA 	Keypress: o
372.6083 	DATA 	Keypress: o
372.6094 	DATA 	Keypress: o
372.6431 	Level image=tasty.jpg 	25
373.6266 	Level injecting via pump at address 0 	25
379.6104 	DATA 	Keypress: o
379.6117 	DATA 	Keypress: o
379.6127 	DATA 	Keypress: o
379.6273 	Level WAIT 	25
380.6086 	DATA 	Keypress: o
380.6270 	Level RINSE 	25
382.6116 	DATA 	Keypress: o
382.6271 	Level jitter 	25
383.6059 	Level finished 	25
383.6272 	Level image=tasty.jpg 	25
384.6085 	DATA 	Keypress: o
384.6273 	Level injecting via pump at address 1 	25
390.6102 	DATA 	Keypress: o
390.6113 	DATA 	Keypress: o
390.6125 	DATA 	Keypress: o
390.6280 	Level WAIT 	25
391.6277 	Level RINSE 	25
393.6109 	DATA 	Keypress: o
393.6278 	Level jitter 	25
402.6059 	Level finished 	25
402.6075 	DATA 	Keypress: o
402.6089 	DATA 	Keypress: o
402.6101 	DATA 	Keypress: o
402.6112 	DATA 	Keypress: o
402.6122 	DATA 	Keypress: o
402.6290 	Level image=tasty.jpg 	25
403.6287 	Level injecting via pump at address 1 	25
409.6106 	DATA 	Keypress: o
409.6116 	DATA 	Keypress: o
409.6125 	DATA 	Keypress: o
409.6290 	Level WAIT 	25
410.6088 	DATA 	Keypress: o
410.6124 	Level RINSE 	25
412.6112 	DATA 	Keypress: o
412.6296 	Level jitter 	25
421.6059 	Level finished 	25
421.6071 	DATA 	Keypress: o
421.6081 	DATA 	Keypress: o
421.6090 	DATA 	Keypress: o
421.6099 	DATA 	Keypress: o
421.6298 	Level image=tasty.jpg 	25
422.6088 	DATA 	Keypress: o
422.6303 	Level injecting via pump at address 0 	25
428.6115 	DATA 	Keypress: o
428.6126 	DATA 	Keypress: o
428.6135 	DATA 	Keypress: o
428.6303 	Level WAIT 	25
429.6137 	Level RINSE 	25
431.6111 	DATA 	Keypress: o
431.6306 	Level jitter 	25
433.6059 	Level finished 	25
