58.0941 	DATA 	Keypress: o
58.0949 	Level start key press 	25
60.0990 	DATA 	Keypress: o
62.1088 	DATA 	Keypress: o
64.1081 	DATA 	Keypress: o
66.1361 	DATA 	Keypress: o
66.1396 	Level image=waterlogo.jpg 	25
67.0888 	Level injecting via pump at address 0 	25
73.0793 	DATA 	Keypress: o
73.0806 	DATA 	Keypress: o
73.0818 	DATA 	Keypress: o
73.0901 	Level WAIT 	25
74.0888 	Level RINSE 	25
76.0873 	DATA 	Keypress: o
76.0957 	Level jitter 	25
78.0738 	Level finished 	25
78.0751 	DATA 	Keypress: o
78.0846 	Level image=tasty.jpg 	25
79.0767 	DATA 	Keypress: o
79.0898 	Level injecting via pump at address 1 	25
85.0800 	DATA 	Keypress: o
85.0813 	DATA 	Keypress: o
85.0826 	DATA 	Keypress: o
85.0902 	Level WAIT 	25
86.0908 	Level RINSE 	25
88.0792 	DATA 	Keypress: o
88.0825 	Level jitter 	25
90.0738 	Level finished 	25
90.0751 	DATA 	Keypress: o
90.0881 	Level image=tasty.jpg 	25
91.0767 	DATA 	Keypress: o
91.0828 	Level injecting via pump at address 0 	25
97.0793 	DATA 	Keypress: o
97.0806 	DATA 	Keypress: o
97.0819 	DATA 	Keypress: o
97.0911 	Level WAIT 	25
98.0795 	Level RINSE 	25
100.0785 	DATA 	Keypress: o
100.0848 	Level jitter 	25
105.0738 	Level finished 	25
105.0751 	DATA 	Keypress: o
105.0763 	DATA 	Keypress: o
105.0775 	DATA 	Keypress: o
105.0921 	Level image=tasty.jpg 	25
106.0876 	Level injecting via pump at address 1 	25
112.0799 	DATA 	Keypress: o
112.0812 	DATA 	Keypress: o
112.0825 	DATA 	Keypress: o
112.0889 	Level WAIT 	25
113.0767 	DATA 	Keypress: o
113.0828 	Level RINSE 	25
115.0793 	DATA 	Keypress: o
115.0898 	Level jitter 	25
121.0738 	Level finished 	25
121.0751 	DATA 	Keypress: o
121.0764 	DATA 	Keypress: o
121.0776 	DATA 	Keypress: o
121.0908 	Level image=tasty.jpg 	25
122.0862 	Level injecting via pump at address 0 	25
128.0795 	DATA 	Keypress: o
128.0807 	DATA 	Keypress: o
128.0820 	DATA 	Keypress: o
128.0877 	Level WAIT 	25
129.0773 	DATA 	Keypress: o
129.0828 	Level RINSE 	25
131.0786 	DATA 	Keypress: o
131.0888 	Level jitter 	25
133.0738 	Level finished 	25
133.0749 	DATA 	Keypress: o
133.0943 	Level image=waterlogo.jpg 	25
134.0887 	Level injecting via pump at address 0 	25
140.0798 	DATA 	Keypress: o
140.0811 	DATA 	Keypress: o
140.0825 	DATA 	Keypress: o
140.0916 	Level WAIT 	25
141.0763 	DATA 	Keypress: o
141.0862 	Level RINSE 	25
143.0792 	DATA 	Keypress: o
143.0923 	Level jitter 	25
152.0738 	Level finished 	25
152.0750 	DATA 	Keypress: o
152.0761 	DATA 	Keypress: o
152.0772 	DATA 	Keypress: o
152.0782 	DATA 	Keypress: o
152.0949 	Level image=tasty.jpg 	25
153.0766 	DATA 	Keypress: o
153.0895 	Level injecting via pump at address 0 	25
159.0795 	DATA 	Keypress: o
159.0808 	DATA 	Keypress: o
159.0820 	DATA 	Keypress: o
159.0908 	Level WAIT 	25
160.0785 	Level RINSE 	25
162.0789 	DATA 	Keypress: o
162.0917 	Level jitter 	25
163.0738 	Level finished 	25
163.0749 	DATA 	Keypress: o
163.0873 	Level image=waterlogo.jpg 	25
164.0797 	Level injecting via pump at address 0 	25
170.0795 	DATA 	Keypress: o
170.0808 	DATA 	Keypress: o
170.0820 	DATA 	Keypress: o
170.0957 	Level WAIT 	25
171.0767 	DATA 	Keypress: o
171.0799 	Level RINSE 	25
173.0786 	DATA 	Keypress: o
173.0842 	Level jitter 	25
179.0738 	Level finished 	25
179.0755 	DATA 	Keypress: o
179.0771 	DATA 	Keypress: o
179.0789 	DATA 	Keypress: o
179.0969 	Level image=tasty.jpg 	25
180.0807 	Level injecting via pump at address 0 	25
186.0800 	DATA 	Keypress: o
186.0813 	DATA 	Keypress: o
186.0826 	DATA 	Keypress: o
186.0973 	Level WAIT 	25
187.0763 	DATA 	Keypress: o
187.0809 	Level RINSE 	25
189.0789 	DATA 	Keypress: o
189.0822 	Level jitter 	25
197.0738 	Level finished 	25
197.0752 	DATA 	Keypress: o
197.0766 	DATA 	Keypress: o
197.0778 	DATA 	Keypress: o
197.0790 	DATA 	Keypress: o
197.0912 	Level image=tasty.jpg 	25
198.0818 	Level injecting via pump at address 1 	25
204.0795 	DATA 	Keypress: o
204.0812 	DATA 	Keypress: o
204.0826 	DATA 	Keypress: o
204.0866 	Level WAIT 	25
205.0767 	DATA 	Keypress: o
205.0820 	Level RINSE 	25
207.0797 	DATA 	Keypress: o
207.0881 	Level jitter 	25
212.0738 	Level finished 	25
212.0751 	DATA 	Keypress: o
212.0764 	DATA 	Keypress: o
212.0948 	Level image=tasty.jpg 	25
213.0762 	DATA 	Keypress: o
213.0829 	Level injecting via pump at address 0 	25
219.0795 	DATA 	Keypress: o
219.0808 	DATA 	Keypress: o
219.0820 	DATA 	Keypress: o
219.0911 	Level WAIT 	25
220.0828 	Level RINSE 	25
222.0796 	DATA 	Keypress: o
222.0827 	Level jitter 	25
229.0738 	Level finished 	25
229.0756 	DATA 	Keypress: o
229.0770 	DATA 	Keypress: o
229.0782 	DATA 	Keypress: o
229.0795 	DATA 	Keypress: o
229.0896 	Level image=waterlogo.jpg 	25
230.0828 	Level injecting via pump at address 0 	25
236.0796 	DATA 	Keypress: o
236.0809 	DATA 	Keypress: o
236.0821 	DATA 	Keypress: o
236.0862 	Level WAIT 	25
237.0767 	DATA 	Keypress: o
237.0798 	Level RINSE 	25
239.0783 	DATA 	Keypress: o
239.0842 	Level jitter 	25
245.0738 	Level finished 	25
245.0750 	DATA 	Keypress: o
245.0763 	DATA 	Keypress: o
245.0775 	DATA 	Keypress: o
245.0876 	Level image=waterlogo.jpg 	25
246.0818 	Level injecting via pump at address 0 	25
252.0798 	DATA 	Keypress: o
252.0812 	DATA 	Keypress: o
252.0825 	DATA 	Keypress: o
252.0838 	DATA 	Keypress: o
252.1012 	Level WAIT 	25
253.0791 	Level RINSE 	25
255.0787 	DATA 	Keypress: o
255.0845 	Level jitter 	25
257.0738 	Level finished 	25
257.0751 	DATA 	Keypress: o
257.0858 	Level image=tasty.jpg 	25
258.0855 	Level injecting via pump at address 0 	25
264.0800 	DATA 	Keypress: o
264.0813 	DATA 	Keypress: o
264.0828 	DATA 	Keypress: o
264.0840 	DATA 	Keypress: o
264.0880 	Level WAIT 	25
265.0818 	Level RINSE 	25
267.0791 	DATA 	Keypress: o
267.0857 	Level jitter 	25
274.0738 	Level finished 	25
274.0750 	DATA 	Keypress: o
274.0763 	DATA 	Keypress: o
274.0781 	DATA 	Keypress: o
274.0864 	DATA 	Keypress: o
274.1015 	Level image=tasty.jpg 	25
275.0796 	Level injecting via pump at address 1 	25
281.0791 	DATA 	Keypress: o
281.0805 	DATA 	Keypress: o
281.0817 	DATA 	Keypress: o
281.0872 	Level WAIT 	25
282.0878 	Level RINSE 	25
284.0786 	DATA 	Keypress: o
284.0822 	Level jitter 	25
292.0738 	Level finished 	25
292.0752 	DATA 	Keypress: o
292.0765 	DATA 	Keypress: o
292.0778 	DATA 	Keypress: o
292.0790 	DATA 	Keypress: o
292.0863 	DATA 	Keypress: o
292.0897 	Level image=waterlogo.jpg 	25
293.0839 	Level injecting via pump at address 0 	25
299.0786 	DATA 	Keypress: o
299.0798 	DATA 	Keypress: o
299.0808 	DATA 	Keypress: o
299.0870 	Level WAIT 	25
300.0807 	Level RINSE 	25
302.0792 	DATA 	Keypress: o
302.0806 	DATA 	Keypress: o
302.0868 	Level jitter 	25
310.0738 	Level finished 	25
310.0752 	DATA 	Keypress: o
310.0762 	DATA 	Keypress: o
310.0772 	DATA 	Keypress: o
310.0827 	DATA 	Keypress: o
310.0900 	Level image=tasty.jpg 	25
311.0888 	Level injecting via pump at address 1 	25
317.0793 	DATA 	Keypress: o
317.0806 	DATA 	Keypress: o
317.0820 	DATA 	Keypress: o
317.0898 	Level WAIT 	25
318.0860 	Level RINSE 	25
320.0793 	DATA 	Keypress: o
320.0809 	DATA 	Keypress: o
320.0901 	Level jitter 	25
322.0738 	Level finished 	25
322.0810 	Level image=tasty.jpg 	25
323.0763 	DATA 	Keypress: o
323.0898 	Level injecting via pump at address 0 	25
329.0796 	DATA 	Keypress: o
329.0809 	DATA 	Keypress: o
329.0821 	DATA 	Keypress: o
329.0908 	Level WAIT 	25
330.0892 	Level RINSE 	25
332.0794 	DATA 	Keypress: o
332.0807 	DATA 	Keypress: o
332.0907 	Level jitter 	25
336.0738 	Level finished 	25
336.0751 	DATA 	Keypress: o
336.0817 	DATA 	Keypress: o
336.0908 	Level image=tasty.jpg 	25
337.0863 	Level injecting via pump at address 1 	25
343.0787 	DATA 	Keypress: o
343.0798 	DATA 	Keypress: o
343.0808 	DATA 	Keypress: o
343.0880 	Level WAIT 	25
344.0826 	Level RINSE 	25
346.0793 	DATA 	Keypress: o
346.0807 	DATA 	Keypress: o
346.0880 	Level jitter 	25
349.0738 	Level finished 	25
349.0750 	DATA 	Keypress: o
349.0888 	Level image=tasty.jpg 	25
350.0839 	Level injecting via pump at address 0 	25
356.0790 	DATA 	Keypress: o
356.0803 	DATA 	Keypress: o
356.0816 	DATA 	Keypress: o
356.0827 	DATA 	Keypress: o
356.0863 	Level WAIT 	25
357.0807 	Level RINSE 	25
359.0786 	DATA 	Keypress: o
359.0860 	Level jitter 	25
367.0738 	Level finished 	25
367.0750 	DATA 	Keypress: o
367.0762 	DATA 	Keypress: o
367.0772 	DATA 	Keypress: o
367.0782 	DATA 	Keypress: o
367.0932 	Level image=waterlogo.jpg 	25
368.0891 	Level injecting via pump at address 0 	25
374.0800 	DATA 	Keypress: o
374.0813 	DATA 	Keypress: o
374.0826 	DATA 	Keypress: o
374.0838 	DATA 	Keypress: o
374.0907 	Level WAIT 	25
375.0858 	Level RINSE 	25
377.0798 	DATA 	Keypress: o
377.0922 	Level jitter 	25
382.0738 	Level finished 	25
382.0754 	DATA 	Keypress: o
382.0768 	DATA 	Keypress: o
382.0782 	DATA 	Keypress: o
382.0938 	Level image=tasty.jpg 	25
383.0783 	Level injecting via pump at address 1 	25
389.0784 	DATA 	Keypress: o
389.0797 	DATA 	Keypress: o
389.0809 	DATA 	Keypress: o
389.0954 	Level WAIT 	25
390.0768 	DATA 	Keypress: o
390.0898 	Level RINSE 	25
392.0785 	DATA 	Keypress: o
392.0948 	Level jitter 	25
399.0738 	Level finished 	25
399.0752 	DATA 	Keypress: o
399.0763 	DATA 	Keypress: o
399.0773 	DATA 	Keypress: o
399.0922 	Level image=tasty.jpg 	25
400.0772 	DATA 	Keypress: o
400.0868 	Level injecting via pump at address 0 	25
406.0790 	DATA 	Keypress: o
406.0803 	DATA 	Keypress: o
406.0815 	DATA 	Keypress: o
406.0885 	Level WAIT 	25
407.0796 	Level RINSE 	25
409.0792 	DATA 	Keypress: o
409.0904 	Level jitter 	25
417.0738 	Level finished 	25
417.0753 	DATA 	Keypress: o
417.0768 	DATA 	Keypress: o
417.0780 	DATA 	Keypress: o
417.0791 	DATA 	Keypress: o
417.0968 	Level image=tasty.jpg 	25
418.0806 	Level injecting via pump at address 0 	25
424.0800 	DATA 	Keypress: o
424.0815 	DATA 	Keypress: o
424.0827 	DATA 	Keypress: o
424.0838 	DATA 	Keypress: o
424.0942 	Level WAIT 	25
425.0808 	Level RINSE 	25
427.0797 	DATA 	Keypress: o
427.0948 	Level jitter 	25
434.0738 	Level finished 	25
