51.4196 	DATA 	Keypress: o
51.4209 	Level start key press 	25
53.4308 	DATA 	Keypress: o
55.4310 	DATA 	Keypress: o
57.4313 	DATA 	Keypress: o
59.4316 	DATA 	Keypress: o
59.7958 	Level image=tasty.jpg 	25
60.7295 	Level injecting via pump at address 1 	25
66.7180 	DATA 	Keypress: o
66.7192 	DATA 	Keypress: o
66.7204 	DATA 	Keypress: o
66.7471 	Level WAIT 	25
67.7150 	DATA 	Keypress: o
67.7301 	Level RINSE 	25
69.7255 	DATA 	Keypress: o
69.7470 	Level jitter 	25
78.7125 	Level finished 	25
78.7137 	DATA 	Keypress: o
78.7147 	DATA 	Keypress: o
78.7157 	DATA 	Keypress: o
78.7169 	DATA 	Keypress: o
78.7485 	Level image=waterlogo.jpg 	25
79.7150 	DATA 	Keypress: o
79.7315 	Level injecting via pump at address 0 	25
85.7170 	DATA 	Keypress: o
85.7181 	DATA 	Keypress: o
85.7191 	DATA 	Keypress: o
85.7322 	Level WAIT 	25
86.7323 	Level RINSE 	25
88.7168 	DATA 	Keypress: o
88.7496 	Level jitter 	25
92.7125 	Level finished 	25
92.7138 	DATA 	Keypress: o
92.7148 	DATA 	Keypress: o
92.7331 	Level image=tasty.jpg 	25
93.7149 	DATA 	Keypress: o
93.7332 	Level injecting via pump at address 1 	25
99.7175 	DATA 	Keypress: o
99.7184 	DATA 	Keypress: o
99.7194 	DATA 	Keypress: o
99.7342 	Level WAIT 	25
100.7339 	Level RINSE 	25
102.7174 	DATA 	Keypress: o
102.7342 	Level jitter 	25
106.7125 	Level finished 	25
106.7137 	DATA 	Keypress: o
106.7148 	DATA 	Keypress: o
106.7347 	Level image=waterlogo.jpg 	25
107.7150 	DATA 	Keypress: o
107.7181 	Level injecting via pump at address 0 	25
113.7180 	DATA 	Keypress: o
113.7191 	DATA 	Keypress: o
113.7202 	DATA 	Keypress: o
113.7359 	Level WAIT 	25
114.7356 	Level RINSE 	25
116.7174 	DATA 	Keypress: o
116.7359 	Level jitter 	25
120.7125 	Level finished 	25
120.7137 	DATA 	Keypress: o
120.7148 	DATA 	Keypress: o
120.7364 	Level image=waterlogo.jpg 	25
121.7150 	DATA 	Keypress: o
121.7364 	Level injecting via pump at address 0 	25
127.7171 	DATA 	Keypress: o
127.7182 	DATA 	Keypress: o
127.7191 	DATA 	Keypress: o
127.7375 	Level WAIT 	25
128.7372 	Level RINSE 	25
130.7171 	DATA 	Keypress: o
130.7375 	Level jitter 	25
134.7125 	Level finished 	25
134.7138 	DATA 	Keypress: o
134.7148 	DATA 	Keypress: o
134.7380 	Level image=tasty.jpg 	25
135.7150 	DATA 	Keypress: o
135.7214 	Level injecting via pump at address 1 	25
141.7173 	DATA 	Keypress: o
141.7183 	DATA 	Keypress: o
141.7192 	DATA 	Keypress: o
141.7391 	Level WAIT 	25
142.7223 	Level RINSE 	25
144.7172 	DATA 	Keypress: o
144.7390 	Level jitter 	25
150.7125 	Level finished 	25
150.7137 	DATA 	Keypress: o
150.7147 	DATA 	Keypress: o
150.7156 	DATA 	Keypress: o
150.7398 	Level image=waterlogo.jpg 	25
151.7149 	DATA 	Keypress: o
151.7237 	Level injecting via pump at address 0 	25
157.7175 	DATA 	Keypress: o
157.7187 	DATA 	Keypress: o
157.7198 	DATA 	Keypress: o
157.7240 	Level WAIT 	25
158.7242 	Level RINSE 	25
160.7174 	DATA 	Keypress: o
160.7242 	Level jitter 	25
163.7125 	Level finished 	25
163.7137 	DATA 	Keypress: o
163.7147 	DATA 	Keypress: o
163.7251 	Level image=tasty.jpg 	25
164.7248 	Level injecting via pump at address 1 	25
170.7179 	DATA 	Keypress: o
170.7192 	DATA 	Keypress: o
170.7204 	DATA 	Keypress: o
170.7421 	Level WAIT 	25
171.7150 	DATA 	Keypress: o
171.7423 	Level RINSE 	25
173.7175 	DATA 	Keypress: o
173.7262 	Level jitter 	25
176.7125 	Level finished 	25
176.7136 	DATA 	Keypress: o
176.7262 	Level image=waterlogo.jpg 	25
177.7149 	DATA 	Keypress: o
177.7263 	Level injecting via pump at address 0 	25
183.7181 	DATA 	Keypress: o
183.7193 	DATA 	Keypress: o
183.7203 	DATA 	Keypress: o
183.7440 	Level WAIT 	25
184.7437 	Level RINSE 	25
186.7178 	DATA 	Keypress: o
186.7274 	Level jitter 	25
190.7125 	Level finished 	25
190.7139 	DATA 	Keypress: o
190.7151 	DATA 	Keypress: o
190.7446 	Level image=waterlogo.jpg 	25
191.7151 	DATA 	Keypress: o
191.7448 	Level injecting via pump at address 0 	25
197.7169 	DATA 	Keypress: o
197.7180 	DATA 	Keypress: o
197.7189 	DATA 	Keypress: o
197.7457 	Level WAIT 	25
198.7287 	Level RINSE 	25
200.7168 	DATA 	Keypress: o
200.7456 	Level jitter 	25
205.7125 	Level finished 	25
205.7137 	DATA 	Keypress: o
205.7147 	DATA 	Keypress: o
205.7156 	DATA 	Keypress: o
205.7295 	Level image=tasty.jpg 	25
206.7297 	Level injecting via pump at address 1 	25
212.7174 	DATA 	Keypress: o
212.7184 	DATA 	Keypress: o
212.7194 	DATA 	Keypress: o
212.7474 	Level WAIT 	25
213.7149 	DATA 	Keypress: o
213.7305 	Level RINSE 	25
215.7173 	DATA 	Keypress: o
215.7308 	Level jitter 	25
218.7125 	Level finished 	25
218.7136 	DATA 	Keypress: o
218.7477 	Level image=waterlogo.jpg 	25
219.7152 	DATA 	Keypress: o
219.7479 	Level injecting via pump at address 0 	25
225.7169 	DATA 	Keypress: o
225.7181 	DATA 	Keypress: o
225.7193 	DATA 	Keypress: o
225.7489 	Level WAIT 	25
226.7320 	Level RINSE 	25
228.7170 	DATA 	Keypress: o
228.7489 	Level jitter 	25
236.7125 	Level finished 	25
236.7138 	DATA 	Keypress: o
236.7151 	DATA 	Keypress: o
236.7163 	DATA 	Keypress: o
236.7173 	DATA 	Keypress: o
236.7336 	Level image=tasty.jpg 	25
237.7152 	DATA 	Keypress: o
237.7333 	Level injecting via pump at address 1 	25
243.7175 	DATA 	Keypress: o
243.7187 	DATA 	Keypress: o
243.7199 	DATA 	Keypress: o
243.7340 	Level WAIT 	25
244.7342 	Level RINSE 	25
246.7176 	DATA 	Keypress: o
246.7347 	Level jitter 	25
248.7125 	Level finished 	25
248.7136 	DATA 	Keypress: o
248.7346 	Level image=tasty.jpg 	25
249.7149 	DATA 	Keypress: o
249.7347 	Level injecting via pump at address 1 	25
255.7173 	DATA 	Keypress: o
255.7185 	DATA 	Keypress: o
255.7198 	DATA 	Keypress: o
255.7353 	Level WAIT 	25
256.7360 	Level RINSE 	25
258.7175 	DATA 	Keypress: o
258.7358 	Level jitter 	25
260.7125 	Level finished 	25
260.7136 	DATA 	Keypress: o
260.7361 	Level image=waterlogo.jpg 	25
261.7155 	DATA 	Keypress: o
261.7362 	Level injecting via pump at address 0 	25
267.7170 	DATA 	Keypress: o
267.7182 	DATA 	Keypress: o
267.7193 	DATA 	Keypress: o
267.7371 	Level WAIT 	25
268.7369 	Level RINSE 	25
270.7174 	DATA 	Keypress: o
270.7371 	Level jitter 	25
273.7125 	Level finished 	25
273.7137 	DATA 	Keypress: o
273.7147 	DATA 	Keypress: o
273.7376 	Level image=tasty.jpg 	25
274.7377 	Level injecting via pump at address 1 	25
280.7169 	DATA 	Keypress: o
280.7179 	DATA 	Keypress: o
280.7189 	DATA 	Keypress: o
280.7387 	Level WAIT 	25
281.7152 	DATA 	Keypress: o
281.7384 	Level RINSE 	25
283.7177 	DATA 	Keypress: o
283.7386 	Level jitter 	25
285.7125 	Level finished 	25
285.7136 	DATA 	Keypress: o
285.7389 	Level image=waterlogo.jpg 	25
286.7224 	Level injecting via pump at address 0 	25
292.7177 	DATA 	Keypress: o
292.7189 	DATA 	Keypress: o
292.7199 	DATA 	Keypress: o
292.7400 	Level WAIT 	25
293.7150 	DATA 	Keypress: o
293.7399 	Level RINSE 	25
295.7170 	DATA 	Keypress: o
295.7400 	Level jitter 	25
296.7125 	Level finished 	25
296.7402 	Level image=tasty.jpg 	25
297.7153 	DATA 	Keypress: o
297.7403 	Level injecting via pump at address 1 	25
303.7169 	DATA 	Keypress: o
303.7180 	DATA 	Keypress: o
303.7191 	DATA 	Keypress: o
303.7414 	Level WAIT 	25
304.7244 	Level RINSE 	25
306.7176 	DATA 	Keypress: o
306.7413 	Level jitter 	25
308.7125 	Level finished 	25
308.7136 	DATA 	Keypress: o
308.7416 	Level image=waterlogo.jpg 	25
309.7149 	DATA 	Keypress: o
309.7416 	Level injecting via pump at address 0 	25
315.7179 	DATA 	Keypress: o
315.7190 	DATA 	Keypress: o
315.7201 	DATA 	Keypress: o
315.7428 	Level WAIT 	25
316.7258 	Level RINSE 	25
318.7174 	DATA 	Keypress: o
318.7428 	Level jitter 	25
324.7125 	Level finished 	25
324.7137 	DATA 	Keypress: o
324.7149 	DATA 	Keypress: o
324.7160 	DATA 	Keypress: o
324.7435 	Level image=waterlogo.jpg 	25
325.7148 	DATA 	Keypress: o
325.7440 	Level injecting via pump at address 0 	25
331.7171 	DATA 	Keypress: o
331.7183 	DATA 	Keypress: o
331.7193 	DATA 	Keypress: o
331.7443 	Level WAIT 	25
332.7277 	Level RINSE 	25
334.7172 	DATA 	Keypress: o
334.7446 	Level jitter 	25
337.7125 	Level finished 	25
337.7137 	DATA 	Keypress: o
337.7147 	DATA 	Keypress: o
337.7454 	Level image=tasty.jpg 	25
338.7285 	Level injecting via pump at address 1 	25
344.7168 	DATA 	Keypress: o
344.7180 	DATA 	Keypress: o
344.7190 	DATA 	Keypress: o
344.7291 	Level WAIT 	25
345.7148 	DATA 	Keypress: o
345.7293 	Level RINSE 	25
347.7178 	DATA 	Keypress: o
347.7466 	Level jitter 	25
355.7125 	Level finished 	25
355.7137 	DATA 	Keypress: o
355.7146 	DATA 	Keypress: o
355.7155 	DATA 	Keypress: o
355.7165 	DATA 	Keypress: o
355.7471 	Level image=waterlogo.jpg 	25
356.7306 	Level injecting via pump at address 0 	25
362.7169 	DATA 	Keypress: o
362.7179 	DATA 	Keypress: o
362.7191 	DATA 	Keypress: o
362.7483 	Level WAIT 	25
363.7150 	DATA 	Keypress: o
363.7313 	Level RINSE 	25
365.7177 	DATA 	Keypress: o
365.7482 	Level jitter 	25
370.7125 	Level finished 	25
370.7137 	DATA 	Keypress: o
370.7147 	DATA 	Keypress: o
370.7323 	Level image=tasty.jpg 	25
371.7149 	DATA 	Keypress: o
371.7324 	Level injecting via pump at address 1 	25
377.7173 	DATA 	Keypress: o
377.7184 	DATA 	Keypress: o
377.7193 	DATA 	Keypress: o
377.7333 	Level WAIT 	25
378.7331 	Level RINSE 	25
380.7177 	DATA 	Keypress: o
380.7333 	Level jitter 	25
384.7125 	Level finished 	25
384.7136 	DATA 	Keypress: o
384.7146 	DATA 	Keypress: o
384.7505 	Level image=waterlogo.jpg 	25
385.7150 	DATA 	Keypress: o
385.7341 	Level injecting via pump at address 0 	25
391.7178 	DATA 	Keypress: o
391.7190 	DATA 	Keypress: o
391.7202 	DATA 	Keypress: o
391.7349 	Level WAIT 	25
392.7347 	Level RINSE 	25
394.7172 	DATA 	Keypress: o
394.7349 	Level jitter 	25
399.7125 	Level finished 	25
399.7137 	DATA 	Keypress: o
399.7147 	DATA 	Keypress: o
399.7157 	DATA 	Keypress: o
399.7356 	Level image=tasty.jpg 	25
400.7358 	Level injecting via pump at address 1 	25
406.7177 	DATA 	Keypress: o
406.7189 	DATA 	Keypress: o
406.7198 	DATA 	Keypress: o
406.7367 	Level WAIT 	25
407.7150 	DATA 	Keypress: o
407.7199 	Level RINSE 	25
409.7178 	DATA 	Keypress: o
409.7367 	Level jitter 	25
418.7125 	Level finished 	25
418.7137 	DATA 	Keypress: o
418.7146 	DATA 	Keypress: o
418.7156 	DATA 	Keypress: o
418.7165 	DATA 	Keypress: o
418.7382 	Level image=waterlogo.jpg 	25
419.7150 	DATA 	Keypress: o
419.7213 	Level injecting via pump at address 0 	25
425.7169 	DATA 	Keypress: o
425.7180 	DATA 	Keypress: o
425.7190 	DATA 	Keypress: o
425.7386 	Level WAIT 	25
426.7220 	Level RINSE 	25
428.7171 	DATA 	Keypress: o
428.7394 	Level jitter 	25
437.7125 	Level finished 	25
437.7136 	DATA 	Keypress: o
437.7146 	DATA 	Keypress: o
437.7156 	DATA 	Keypress: o
437.7165 	DATA 	Keypress: o
437.7175 	DATA 	Keypress: o
437.7400 	Level image=tasty.jpg 	25
438.7239 	Level injecting via pump at address 1 	25
444.7173 	DATA 	Keypress: o
444.7184 	DATA 	Keypress: o
444.7193 	DATA 	Keypress: o
444.7241 	Level WAIT 	25
445.7150 	DATA 	Keypress: o
445.7243 	Level RINSE 	25
447.7175 	DATA 	Keypress: o
447.7244 	Level jitter 	25
451.7125 	Level finished 	25
451.7137 	DATA 	Keypress: o
451.7146 	DATA 	Keypress: o
451.7421 	Level image=tasty.jpg 	25
452.7418 	Level injecting via pump at address 1 	25
458.7178 	DATA 	Keypress: o
458.7190 	DATA 	Keypress: o
458.7202 	DATA 	Keypress: o
458.7425 	Level WAIT 	25
459.7150 	DATA 	Keypress: o
459.7426 	Level RINSE 	25
461.7169 	DATA 	Keypress: o
461.7431 	Level jitter 	25
464.7125 	Level finished 	25
464.7138 	DATA 	Keypress: o
464.7431 	Level image=waterlogo.jpg 	25
465.7152 	DATA 	Keypress: o
465.7433 	Level injecting via pump at address 0 	25
471.7172 	DATA 	Keypress: o
471.7183 	DATA 	Keypress: o
471.7192 	DATA 	Keypress: o
471.7445 	Level WAIT 	25
472.7274 	Level RINSE 	25
474.7178 	DATA 	Keypress: o
474.7443 	Level jitter 	25
475.7125 	Level finished 	25
475.7136 	DATA 	Keypress: o
475.7277 	Level image=tasty.jpg 	25
476.7279 	Level injecting via pump at address 1 	25
482.7175 	DATA 	Keypress: o
482.7184 	DATA 	Keypress: o
482.7194 	DATA 	Keypress: o
482.7290 	Level WAIT 	25
483.7148 	DATA 	Keypress: o
483.7287 	Level RINSE 	25
485.7176 	DATA 	Keypress: o
485.7289 	Level jitter 	25
492.7125 	Level finished 	25
492.7138 	DATA 	Keypress: o
492.7151 	DATA 	Keypress: o
492.7162 	DATA 	Keypress: o
492.7301 	Level image=waterlogo.jpg 	25
493.7148 	DATA 	Keypress: o
493.7299 	Level injecting via pump at address 0 	25
499.7175 	DATA 	Keypress: o
499.7186 	DATA 	Keypress: o
499.7196 	DATA 	Keypress: o
499.7472 	Level WAIT 	25
500.7306 	Level RINSE 	25
502.7187 	DATA 	Keypress: o
502.7479 	Level jitter 	25
503.7125 	Level finished 	25
503.7136 	DATA 	Keypress: o
503.7477 	Level image=tasty.jpg 	25
504.7312 	Level injecting via pump at address 1 	25
510.7175 	DATA 	Keypress: o
510.7186 	DATA 	Keypress: o
510.7196 	DATA 	Keypress: o
510.7319 	Level WAIT 	25
511.7152 	DATA 	Keypress: o
511.7321 	Level RINSE 	25
513.7175 	DATA 	Keypress: o
513.7326 	Level jitter 	25
519.7125 	Level finished 	25
