57.0874 	DATA 	Keypress: o
57.0882 	Level start key press 	25
59.0918 	DATA 	Keypress: o
61.0919 	DATA 	Keypress: o
63.0921 	DATA 	Keypress: o
65.0924 	DATA 	Keypress: o
65.6068 	Level image=tasty.jpg 	25
66.5569 	Level injecting via pump at address 1 	25
72.5453 	DATA 	Keypress: o
72.5467 	DATA 	Keypress: o
72.5479 	DATA 	Keypress: o
72.5580 	Level WAIT 	25
73.5427 	DATA 	Keypress: o
73.5578 	Level RINSE 	25
75.5515 	DATA 	Keypress: o
75.5580 	Level jitter 	25
84.5401 	Level finished 	25
84.5415 	DATA 	Keypress: o
84.5427 	DATA 	Keypress: o
84.5439 	DATA 	Keypress: o
84.5449 	DATA 	Keypress: o
84.5594 	Level image=waterlogo.jpg 	25
85.5425 	DATA 	Keypress: o
85.5592 	Level injecting via pump at address 0 	25
91.5450 	DATA 	Keypress: o
91.5461 	DATA 	Keypress: o
91.5471 	DATA 	Keypress: o
91.5598 	Level WAIT 	25
92.5599 	Level RINSE 	25
94.5447 	DATA 	Keypress: o
94.5606 	Level jitter 	25
98.5401 	Level finished 	25
98.5413 	DATA 	Keypress: o
98.5424 	DATA 	Keypress: o
98.5606 	Level image=tasty.jpg 	25
99.5423 	DATA 	Keypress: o
99.5608 	Level injecting via pump at address 1 	25
105.5458 	DATA 	Keypress: o
105.5471 	DATA 	Keypress: o
105.5482 	DATA 	Keypress: o
105.5785 	Level WAIT 	25
106.5616 	Level RINSE 	25
108.5445 	DATA 	Keypress: o
108.5618 	Level jitter 	25
112.5401 	Level finished 	25
112.5414 	DATA 	Keypress: o
112.5426 	DATA 	Keypress: o
112.5623 	Level image=waterlogo.jpg 	25
113.5429 	DATA 	Keypress: o
113.5625 	Level injecting via pump at address 0 	25
119.5455 	DATA 	Keypress: o
119.5466 	DATA 	Keypress: o
119.5477 	DATA 	Keypress: o
119.5635 	Level WAIT 	25
120.5633 	Level RINSE 	25
122.5457 	DATA 	Keypress: o
122.5634 	Level jitter 	25
126.5401 	Level finished 	25
126.5415 	DATA 	Keypress: o
126.5427 	DATA 	Keypress: o
126.5639 	Level image=waterlogo.jpg 	25
127.5424 	DATA 	Keypress: o
127.5641 	Level injecting via pump at address 0 	25
133.5459 	DATA 	Keypress: o
133.5474 	DATA 	Keypress: o
133.5487 	DATA 	Keypress: o
133.5819 	Level WAIT 	25
134.5481 	Level RINSE 	25
136.5451 	DATA 	Keypress: o
136.5650 	Level jitter 	25
140.5401 	Level finished 	25
140.5413 	DATA 	Keypress: o
140.5424 	DATA 	Keypress: o
140.5656 	Level image=tasty.jpg 	25
141.5436 	DATA 	Keypress: o
141.5657 	Level injecting via pump at address 1 	25
147.5451 	DATA 	Keypress: o
147.5464 	DATA 	Keypress: o
147.5474 	DATA 	Keypress: o
147.5669 	Level WAIT 	25
148.5666 	Level RINSE 	25
150.5451 	DATA 	Keypress: o
150.5667 	Level jitter 	25
156.5401 	Level finished 	25
156.5414 	DATA 	Keypress: o
156.5426 	DATA 	Keypress: o
156.5436 	DATA 	Keypress: o
156.5675 	Level image=waterlogo.jpg 	25
157.5426 	DATA 	Keypress: o
157.5680 	Level injecting via pump at address 0 	25
163.5455 	DATA 	Keypress: o
163.5469 	DATA 	Keypress: o
163.5480 	DATA 	Keypress: o
163.5683 	Level WAIT 	25
164.5684 	Level RINSE 	25
166.5450 	DATA 	Keypress: o
166.5686 	Level jitter 	25
169.5401 	Level finished 	25
169.5413 	DATA 	Keypress: o
169.5423 	DATA 	Keypress: o
169.5693 	Level image=tasty.jpg 	25
170.5691 	Level injecting via pump at address 1 	25
176.5450 	DATA 	Keypress: o
176.5462 	DATA 	Keypress: o
176.5472 	DATA 	Keypress: o
176.5698 	Level WAIT 	25
177.5424 	DATA 	Keypress: o
177.5700 	Level RINSE 	25
179.5445 	DATA 	Keypress: o
179.5704 	Level jitter 	25
182.5401 	Level finished 	25
182.5415 	DATA 	Keypress: o
182.5705 	Level image=waterlogo.jpg 	25
183.5424 	DATA 	Keypress: o
183.5706 	Level injecting via pump at address 0 	25
189.5456 	DATA 	Keypress: o
189.5468 	DATA 	Keypress: o
189.5480 	DATA 	Keypress: o
189.5717 	Level WAIT 	25
190.5547 	Level RINSE 	25
192.5449 	DATA 	Keypress: o
192.5717 	Level jitter 	25
196.5401 	Level finished 	25
196.5414 	DATA 	Keypress: o
196.5424 	DATA 	Keypress: o
196.5555 	Level image=waterlogo.jpg 	25
197.5425 	DATA 	Keypress: o
197.5556 	Level injecting via pump at address 0 	25
203.5457 	DATA 	Keypress: o
203.5470 	DATA 	Keypress: o
203.5483 	DATA 	Keypress: o
203.5566 	Level WAIT 	25
204.5564 	Level RINSE 	25
206.5454 	DATA 	Keypress: o
206.5566 	Level jitter 	25
211.5401 	Level finished 	25
211.5413 	DATA 	Keypress: o
211.5423 	DATA 	Keypress: o
211.5435 	DATA 	Keypress: o
211.5739 	Level image=tasty.jpg 	25
212.5574 	Level injecting via pump at address 1 	25
218.5450 	DATA 	Keypress: o
218.5460 	DATA 	Keypress: o
218.5469 	DATA 	Keypress: o
218.5584 	Level WAIT 	25
219.5424 	DATA 	Keypress: o
219.5582 	Level RINSE 	25
221.5455 	DATA 	Keypress: o
221.5583 	Level jitter 	25
224.5401 	Level finished 	25
224.5414 	DATA 	Keypress: o
224.5587 	Level image=waterlogo.jpg 	25
225.5425 	DATA 	Keypress: o
225.5588 	Level injecting via pump at address 0 	25
231.5448 	DATA 	Keypress: o
231.5458 	DATA 	Keypress: o
231.5470 	DATA 	Keypress: o
231.5600 	Level WAIT 	25
232.5596 	Level RINSE 	25
234.5456 	DATA 	Keypress: o
234.5599 	Level jitter 	25
242.5401 	Level finished 	25
242.5414 	DATA 	Keypress: o
242.5428 	DATA 	Keypress: o
242.5443 	DATA 	Keypress: o
242.5457 	DATA 	Keypress: o
242.5779 	Level image=tasty.jpg 	25
243.5424 	DATA 	Keypress: o
243.5611 	Level injecting via pump at address 1 	25
249.5451 	DATA 	Keypress: o
249.5461 	DATA 	Keypress: o
249.5474 	DATA 	Keypress: o
249.5616 	Level WAIT 	25
250.5617 	Level RINSE 	25
252.5459 	DATA 	Keypress: o
252.5623 	Level jitter 	25
254.5401 	Level finished 	25
254.5414 	DATA 	Keypress: o
254.5622 	Level image=tasty.jpg 	25
255.5428 	DATA 	Keypress: o
255.5624 	Level injecting via pump at address 1 	25
261.5456 	DATA 	Keypress: o
261.5468 	DATA 	Keypress: o
261.5482 	DATA 	Keypress: o
261.5797 	Level WAIT 	25
262.5467 	Level RINSE 	25
264.5452 	DATA 	Keypress: o
264.5634 	Level jitter 	25
266.5401 	Level finished 	25
266.5412 	DATA 	Keypress: o
266.5636 	Level image=waterlogo.jpg 	25
267.5430 	DATA 	Keypress: o
267.5637 	Level injecting via pump at address 0 	25
273.5450 	DATA 	Keypress: o
273.5462 	DATA 	Keypress: o
273.5473 	DATA 	Keypress: o
273.5649 	Level WAIT 	25
274.5479 	Level RINSE 	25
276.5455 	DATA 	Keypress: o
276.5648 	Level jitter 	25
279.5401 	Level finished 	25
279.5413 	DATA 	Keypress: o
279.5424 	DATA 	Keypress: o
279.5652 	Level image=tasty.jpg 	25
280.5653 	Level injecting via pump at address 1 	25
286.5453 	DATA 	Keypress: o
286.5465 	DATA 	Keypress: o
286.5475 	DATA 	Keypress: o
286.5664 	Level WAIT 	25
287.5424 	DATA 	Keypress: o
287.5494 	Level RINSE 	25
289.5459 	DATA 	Keypress: o
289.5663 	Level jitter 	25
291.5401 	Level finished 	25
291.5414 	DATA 	Keypress: o
291.5665 	Level image=waterlogo.jpg 	25
292.5667 	Level injecting via pump at address 0 	25
298.5458 	DATA 	Keypress: o
298.5474 	DATA 	Keypress: o
298.5487 	DATA 	Keypress: o
298.5677 	Level WAIT 	25
299.5425 	DATA 	Keypress: o
299.5508 	Level RINSE 	25
301.5452 	DATA 	Keypress: o
301.5677 	Level jitter 	25
302.5401 	Level finished 	25
302.5513 	Level image=tasty.jpg 	25
303.5429 	DATA 	Keypress: o
303.5513 	Level injecting via pump at address 1 	25
309.5462 	DATA 	Keypress: o
309.5475 	DATA 	Keypress: o
309.5489 	DATA 	Keypress: o
309.5690 	Level WAIT 	25
310.5687 	Level RINSE 	25
312.5451 	DATA 	Keypress: o
312.5524 	Level jitter 	25
314.5401 	Level finished 	25
314.5413 	DATA 	Keypress: o
314.5693 	Level image=waterlogo.jpg 	25
315.5429 	DATA 	Keypress: o
315.5527 	Level injecting via pump at address 0 	25
321.5460 	DATA 	Keypress: o
321.5473 	DATA 	Keypress: o
321.5486 	DATA 	Keypress: o
321.5538 	Level WAIT 	25
322.5535 	Level RINSE 	25
324.5448 	DATA 	Keypress: o
324.5537 	Level jitter 	25
330.5401 	Level finished 	25
330.5414 	DATA 	Keypress: o
330.5425 	DATA 	Keypress: o
330.5434 	DATA 	Keypress: o
330.5544 	Level image=waterlogo.jpg 	25
331.5426 	DATA 	Keypress: o
331.5549 	Level injecting via pump at address 0 	25
337.5451 	DATA 	Keypress: o
337.5463 	DATA 	Keypress: o
337.5473 	DATA 	Keypress: o
337.5553 	Level WAIT 	25
338.5554 	Level RINSE 	25
340.5451 	DATA 	Keypress: o
340.5556 	Level jitter 	25
343.5401 	Level finished 	25
343.5414 	DATA 	Keypress: o
343.5426 	DATA 	Keypress: o
343.5563 	Level image=tasty.jpg 	25
344.5561 	Level injecting via pump at address 1 	25
350.5454 	DATA 	Keypress: o
350.5468 	DATA 	Keypress: o
350.5480 	DATA 	Keypress: o
350.5567 	Level WAIT 	25
351.5431 	DATA 	Keypress: o
351.5735 	Level RINSE 	25
353.5464 	DATA 	Keypress: o
353.5574 	Level jitter 	25
361.5401 	Level finished 	25
361.5414 	DATA 	Keypress: o
361.5427 	DATA 	Keypress: o
361.5437 	DATA 	Keypress: o
361.5447 	DATA 	Keypress: o
361.5748 	Level image=waterlogo.jpg 	25
362.5582 	Level injecting via pump at address 0 	25
368.5456 	DATA 	Keypress: o
368.5470 	DATA 	Keypress: o
368.5483 	DATA 	Keypress: o
368.5593 	Level WAIT 	25
369.5425 	DATA 	Keypress: o
369.5591 	Level RINSE 	25
371.5450 	DATA 	Keypress: o
371.5592 	Level jitter 	25
376.5401 	Level finished 	25
376.5415 	DATA 	Keypress: o
376.5428 	DATA 	Keypress: o
376.5765 	Level image=tasty.jpg 	25
377.5429 	DATA 	Keypress: o
377.5599 	Level injecting via pump at address 1 	25
383.5451 	DATA 	Keypress: o
383.5462 	DATA 	Keypress: o
383.5472 	DATA 	Keypress: o
383.5610 	Level WAIT 	25
384.5609 	Level RINSE 	25
386.5445 	DATA 	Keypress: o
386.5777 	Level jitter 	25
390.5401 	Level finished 	25
390.5413 	DATA 	Keypress: o
390.5424 	DATA 	Keypress: o
390.5615 	Level image=waterlogo.jpg 	25
391.5424 	DATA 	Keypress: o
391.5616 	Level injecting via pump at address 0 	25
397.5457 	DATA 	Keypress: o
397.5470 	DATA 	Keypress: o
397.5483 	DATA 	Keypress: o
397.5627 	Level WAIT 	25
398.5625 	Level RINSE 	25
400.5451 	DATA 	Keypress: o
400.5626 	Level jitter 	25
405.5401 	Level finished 	25
405.5414 	DATA 	Keypress: o
405.5426 	DATA 	Keypress: o
405.5437 	DATA 	Keypress: o
405.5632 	Level image=tasty.jpg 	25
406.5633 	Level injecting via pump at address 1 	25
412.5453 	DATA 	Keypress: o
412.5465 	DATA 	Keypress: o
412.5477 	DATA 	Keypress: o
412.5645 	Level WAIT 	25
413.5426 	DATA 	Keypress: o
413.5642 	Level RINSE 	25
415.5450 	DATA 	Keypress: o
415.5643 	Level jitter 	25
424.5401 	Level finished 	25
424.5413 	DATA 	Keypress: o
424.5422 	DATA 	Keypress: o
424.5432 	DATA 	Keypress: o
424.5441 	DATA 	Keypress: o
424.5658 	Level image=waterlogo.jpg 	25
425.5427 	DATA 	Keypress: o
425.5656 	Level injecting via pump at address 0 	25
431.5453 	DATA 	Keypress: o
431.5467 	DATA 	Keypress: o
431.5479 	DATA 	Keypress: o
431.5662 	Level WAIT 	25
432.5663 	Level RINSE 	25
434.5455 	DATA 	Keypress: o
434.5669 	Level jitter 	25
443.5401 	Level finished 	25
443.5413 	DATA 	Keypress: o
443.5427 	DATA 	Keypress: o
443.5438 	DATA 	Keypress: o
443.5451 	DATA 	Keypress: o
443.5462 	DATA 	Keypress: o
443.5677 	Level image=tasty.jpg 	25
444.5682 	Level injecting via pump at address 1 	25
450.5445 	DATA 	Keypress: o
450.5456 	DATA 	Keypress: o
450.5465 	DATA 	Keypress: o
450.5684 	Level WAIT 	25
451.5424 	DATA 	Keypress: o
451.5686 	Level RINSE 	25
453.5451 	DATA 	Keypress: o
453.5688 	Level jitter 	25
457.5401 	Level finished 	25
457.5414 	DATA 	Keypress: o
457.5426 	DATA 	Keypress: o
457.5697 	Level image=tasty.jpg 	25
458.5527 	Level injecting via pump at address 1 	25
464.5458 	DATA 	Keypress: o
464.5471 	DATA 	Keypress: o
464.5482 	DATA 	Keypress: o
464.5700 	Level WAIT 	25
465.5425 	DATA 	Keypress: o
465.5536 	Level RINSE 	25
467.5451 	DATA 	Keypress: o
467.5709 	Level jitter 	25
470.5401 	Level finished 	25
470.5413 	DATA 	Keypress: o
470.5709 	Level image=waterlogo.jpg 	25
471.5425 	DATA 	Keypress: o
471.5543 	Level injecting via pump at address 0 	25
477.5464 	DATA 	Keypress: o
477.5476 	DATA 	Keypress: o
477.5486 	DATA 	Keypress: o
477.5551 	Level WAIT 	25
478.5551 	Level RINSE 	25
480.5446 	DATA 	Keypress: o
480.5553 	Level jitter 	25
481.5401 	Level finished 	25
481.5412 	DATA 	Keypress: o
481.5555 	Level image=tasty.jpg 	25
482.5556 	Level injecting via pump at address 1 	25
488.5450 	DATA 	Keypress: o
488.5462 	DATA 	Keypress: o
488.5472 	DATA 	Keypress: o
488.5733 	Level WAIT 	25
489.5427 	DATA 	Keypress: o
489.5730 	Level RINSE 	25
491.5454 	DATA 	Keypress: o
491.5732 	Level jitter 	25
498.5401 	Level finished 	25
498.5415 	DATA 	Keypress: o
498.5428 	DATA 	Keypress: o
498.5443 	DATA 	Keypress: o
498.5745 	Level image=waterlogo.jpg 	25
499.5428 	DATA 	Keypress: o
499.5576 	Level injecting via pump at address 0 	25
505.5459 	DATA 	Keypress: o
505.5473 	DATA 	Keypress: o
505.5484 	DATA 	Keypress: o
505.5582 	Level WAIT 	25
506.5583 	Level RINSE 	25
508.5466 	DATA 	Keypress: o
508.5590 	Level jitter 	25
509.5401 	Level finished 	25
509.5412 	DATA 	Keypress: o
509.5588 	Level image=tasty.jpg 	25
510.5589 	Level injecting via pump at address 1 	25
516.5460 	DATA 	Keypress: o
516.5475 	DATA 	Keypress: o
516.5488 	DATA 	Keypress: o
516.5762 	Level WAIT 	25
517.5425 	DATA 	Keypress: o
517.5596 	Level RINSE 	25
519.5453 	DATA 	Keypress: o
519.5602 	Level jitter 	25
525.5401 	Level finished 	25
