62.9623 	DATA 	Keypress: o
62.9633 	Level start key press 	25
64.9629 	DATA 	Keypress: o
66.9628 	DATA 	Keypress: o
68.9630 	DATA 	Keypress: o
70.9632 	DATA 	Keypress: o
71.3442 	Level image=tasty.jpg 	25
72.2778 	Level injecting via pump at address 1 	25
78.2666 	DATA 	Keypress: o
78.2677 	DATA 	Keypress: o
78.2687 	DATA 	Keypress: o
78.2951 	Level WAIT 	25
79.2632 	DATA 	Keypress: o
79.2781 	Level RINSE 	25
81.2733 	DATA 	Keypress: o
81.2949 	Level jitter 	25
90.2608 	Level finished 	25
90.2620 	DATA 	Keypress: o
90.2630 	DATA 	Keypress: o
90.2640 	DATA 	Keypress: o
90.2649 	DATA 	Keypress: o
90.2960 	Level image=waterlogo.jpg 	25
91.2633 	DATA 	Keypress: o
91.2790 	Level injecting via pump at address 0 	25
97.2661 	DATA 	Keypress: o
97.2672 	DATA 	Keypress: o
97.2682 	DATA 	Keypress: o
97.2793 	Level WAIT 	25
98.2795 	Level RINSE 	25
100.2662 	DATA 	Keypress: o
100.2799 	Level jitter 	25
104.2608 	Level finished 	25
104.2620 	DATA 	Keypress: o
104.2631 	DATA 	Keypress: o
104.2798 	Level image=tasty.jpg 	25
105.2633 	DATA 	Keypress: o
105.2799 	Level injecting via pump at address 1 	25
111.2660 	DATA 	Keypress: o
111.2672 	DATA 	Keypress: o
111.2682 	DATA 	Keypress: o
111.2808 	Level WAIT 	25
112.2804 	Level RINSE 	25
114.2661 	DATA 	Keypress: o
114.2806 	Level jitter 	25
118.2608 	Level finished 	25
118.2621 	DATA 	Keypress: o
118.2633 	DATA 	Keypress: o
118.2975 	Level image=waterlogo.jpg 	25
119.2636 	DATA 	Keypress: o
119.2809 	Level injecting via pump at address 0 	25
125.2667 	DATA 	Keypress: o
125.2681 	DATA 	Keypress: o
125.2693 	DATA 	Keypress: o
125.2817 	Level WAIT 	25
126.2814 	Level RINSE 	25
128.2658 	DATA 	Keypress: o
128.2981 	Level jitter 	25
132.2608 	Level finished 	25
132.2620 	DATA 	Keypress: o
132.2631 	DATA 	Keypress: o
132.2818 	Level image=waterlogo.jpg 	25
133.2636 	DATA 	Keypress: o
133.2819 	Level injecting via pump at address 0 	25
139.2663 	DATA 	Keypress: o
139.2676 	DATA 	Keypress: o
139.2686 	DATA 	Keypress: o
139.2827 	Level WAIT 	25
140.2823 	Level RINSE 	25
142.2666 	DATA 	Keypress: o
142.2825 	Level jitter 	25
146.2608 	Level finished 	25
146.2621 	DATA 	Keypress: o
146.2631 	DATA 	Keypress: o
146.2827 	Level image=tasty.jpg 	25
147.2633 	DATA 	Keypress: o
147.2829 	Level injecting via pump at address 1 	25
153.2657 	DATA 	Keypress: o
153.2667 	DATA 	Keypress: o
153.2677 	DATA 	Keypress: o
153.3002 	Level WAIT 	25
154.2833 	Level RINSE 	25
156.2657 	DATA 	Keypress: o
156.2834 	Level jitter 	25
162.2608 	Level finished 	25
162.2623 	DATA 	Keypress: o
162.2636 	DATA 	Keypress: o
162.2648 	DATA 	Keypress: o
162.3006 	Level image=waterlogo.jpg 	25
163.2633 	DATA 	Keypress: o
163.2843 	Level injecting via pump at address 0 	25
169.2662 	DATA 	Keypress: o
169.2675 	DATA 	Keypress: o
169.2685 	DATA 	Keypress: o
169.2843 	Level WAIT 	25
170.2845 	Level RINSE 	25
172.2662 	DATA 	Keypress: o
172.2845 	Level jitter 	25
175.2608 	Level finished 	25
175.2620 	DATA 	Keypress: o
175.2631 	DATA 	Keypress: o
175.2851 	Level image=tasty.jpg 	25
176.2849 	Level injecting via pump at address 1 	25
182.2662 	DATA 	Keypress: o
182.2672 	DATA 	Keypress: o
182.2682 	DATA 	Keypress: o
182.2852 	Level WAIT 	25
183.2637 	DATA 	Keypress: o
183.2853 	Level RINSE 	25
185.2658 	DATA 	Keypress: o
185.2858 	Level jitter 	25
188.2608 	Level finished 	25
188.2620 	DATA 	Keypress: o
188.2856 	Level image=waterlogo.jpg 	25
189.2635 	DATA 	Keypress: o
189.2857 	Level injecting via pump at address 0 	25
195.2663 	DATA 	Keypress: o
195.2675 	DATA 	Keypress: o
195.2685 	DATA 	Keypress: o
195.2865 	Level WAIT 	25
196.2862 	Level RINSE 	25
198.2657 	DATA 	Keypress: o
198.2863 	Level jitter 	25
202.2608 	Level finished 	25
202.2620 	DATA 	Keypress: o
202.2631 	DATA 	Keypress: o
202.2866 	Level image=waterlogo.jpg 	25
203.2638 	DATA 	Keypress: o
203.2700 	Level injecting via pump at address 0 	25
209.2665 	DATA 	Keypress: o
209.2680 	DATA 	Keypress: o
209.2694 	DATA 	Keypress: o
209.2874 	Level WAIT 	25
210.2706 	Level RINSE 	25
212.2659 	DATA 	Keypress: o
212.2873 	Level jitter 	25
217.2608 	Level finished 	25
217.2621 	DATA 	Keypress: o
217.2635 	DATA 	Keypress: o
217.2647 	DATA 	Keypress: o
217.2876 	Level image=tasty.jpg 	25
218.2877 	Level injecting via pump at address 1 	25
224.2655 	DATA 	Keypress: o
224.2666 	DATA 	Keypress: o
224.2675 	DATA 	Keypress: o
224.2885 	Level WAIT 	25
225.2636 	DATA 	Keypress: o
225.2716 	Level RINSE 	25
227.2659 	DATA 	Keypress: o
227.2883 	Level jitter 	25
230.2608 	Level finished 	25
230.2621 	DATA 	Keypress: o
230.2886 	Level image=waterlogo.jpg 	25
231.2636 	DATA 	Keypress: o
231.2886 	Level injecting via pump at address 0 	25
237.2663 	DATA 	Keypress: o
237.2676 	DATA 	Keypress: o
237.2688 	DATA 	Keypress: o
237.2893 	Level WAIT 	25
238.2725 	Level RINSE 	25
240.2655 	DATA 	Keypress: o
240.2891 	Level jitter 	25
248.2608 	Level finished 	25
248.2621 	DATA 	Keypress: o
248.2633 	DATA 	Keypress: o
248.2645 	DATA 	Keypress: o
248.2657 	DATA 	Keypress: o
248.2902 	Level image=tasty.jpg 	25
249.2633 	DATA 	Keypress: o
249.2899 	Level injecting via pump at address 1 	25
255.2664 	DATA 	Keypress: o
255.2677 	DATA 	Keypress: o
255.2690 	DATA 	Keypress: o
255.2902 	Level WAIT 	25
256.2904 	Level RINSE 	25
258.2659 	DATA 	Keypress: o
258.2910 	Level jitter 	25
260.2608 	Level finished 	25
260.2620 	DATA 	Keypress: o
260.2739 	Level image=tasty.jpg 	25
261.2637 	DATA 	Keypress: o
261.2907 	Level injecting via pump at address 1 	25
267.2661 	DATA 	Keypress: o
267.2671 	DATA 	Keypress: o
267.2681 	DATA 	Keypress: o
267.2910 	Level WAIT 	25
268.2916 	Level RINSE 	25
270.2653 	DATA 	Keypress: o
270.2913 	Level jitter 	25
272.2608 	Level finished 	25
272.2620 	DATA 	Keypress: o
272.2747 	Level image=waterlogo.jpg 	25
273.2633 	DATA 	Keypress: o
273.2749 	Level injecting via pump at address 0 	25
279.2660 	DATA 	Keypress: o
279.2673 	DATA 	Keypress: o
279.2685 	DATA 	Keypress: o
279.2922 	Level WAIT 	25
280.2753 	Level RINSE 	25
282.2663 	DATA 	Keypress: o
282.2755 	Level jitter 	25
285.2608 	Level finished 	25
285.2625 	DATA 	Keypress: o
285.2637 	DATA 	Keypress: o
285.2756 	Level image=tasty.jpg 	25
286.2757 	Level injecting via pump at address 1 	25
292.2661 	DATA 	Keypress: o
292.2673 	DATA 	Keypress: o
292.2683 	DATA 	Keypress: o
292.2931 	Level WAIT 	25
293.2637 	DATA 	Keypress: o
293.2929 	Level RINSE 	25
295.2657 	DATA 	Keypress: o
295.2763 	Level jitter 	25
297.2608 	Level finished 	25
297.2622 	DATA 	Keypress: o
297.2766 	Level image=waterlogo.jpg 	25
298.2766 	Level injecting via pump at address 0 	25
304.2656 	DATA 	Keypress: o
304.2666 	DATA 	Keypress: o
304.2676 	DATA 	Keypress: o
304.2773 	Level WAIT 	25
305.2636 	DATA 	Keypress: o
305.2770 	Level RINSE 	25
307.2653 	DATA 	Keypress: o
307.2771 	Level jitter 	25
308.2608 	Level finished 	25
308.2773 	Level image=tasty.jpg 	25
309.2632 	DATA 	Keypress: o
309.2940 	Level injecting via pump at address 1 	25
315.2660 	DATA 	Keypress: o
315.2672 	DATA 	Keypress: o
315.2683 	DATA 	Keypress: o
315.2948 	Level WAIT 	25
316.2778 	Level RINSE 	25
318.2655 	DATA 	Keypress: o
318.2945 	Level jitter 	25
320.2608 	Level finished 	25
320.2620 	DATA 	Keypress: o
320.2781 	Level image=waterlogo.jpg 	25
321.2639 	DATA 	Keypress: o
321.2948 	Level injecting via pump at address 0 	25
327.2663 	DATA 	Keypress: o
327.2673 	DATA 	Keypress: o
327.2682 	DATA 	Keypress: o
327.2957 	Level WAIT 	25
328.2786 	Level RINSE 	25
330.2659 	DATA 	Keypress: o
330.2955 	Level jitter 	25
336.2608 	Level finished 	25
336.2623 	DATA 	Keypress: o
336.2637 	DATA 	Keypress: o
336.2649 	DATA 	Keypress: o
336.2959 	Level image=waterlogo.jpg 	25
337.2637 	DATA 	Keypress: o
337.2964 	Level injecting via pump at address 0 	25
343.2656 	DATA 	Keypress: o
343.2667 	DATA 	Keypress: o
343.2677 	DATA 	Keypress: o
343.2963 	Level WAIT 	25
344.2797 	Level RINSE 	25
346.2663 	DATA 	Keypress: o
346.2966 	Level jitter 	25
349.2608 	Level finished 	25
349.2621 	DATA 	Keypress: o
349.2632 	DATA 	Keypress: o
349.2972 	Level image=tasty.jpg 	25
350.2800 	Level injecting via pump at address 1 	25
356.2662 	DATA 	Keypress: o
356.2674 	DATA 	Keypress: o
356.2684 	DATA 	Keypress: o
356.2805 	Level WAIT 	25
357.2636 	DATA 	Keypress: o
357.2806 	Level RINSE 	25
359.2667 	DATA 	Keypress: o
359.2811 	Level jitter 	25
367.2608 	Level finished 	25
367.2623 	DATA 	Keypress: o
367.2637 	DATA 	Keypress: o
367.2649 	DATA 	Keypress: o
367.2661 	DATA 	Keypress: o
367.2980 	Level image=waterlogo.jpg 	25
368.2815 	Level injecting via pump at address 0 	25
374.2661 	DATA 	Keypress: o
374.2675 	DATA 	Keypress: o
374.2687 	DATA 	Keypress: o
374.2990 	Level WAIT 	25
375.2633 	DATA 	Keypress: o
375.2818 	Level RINSE 	25
377.2663 	DATA 	Keypress: o
377.2820 	Level jitter 	25
382.2608 	Level finished 	25
382.2621 	DATA 	Keypress: o
382.2633 	DATA 	Keypress: o
382.2824 	Level image=tasty.jpg 	25
383.2636 	DATA 	Keypress: o
383.2826 	Level injecting via pump at address 1 	25
389.2652 	DATA 	Keypress: o
389.2662 	DATA 	Keypress: o
389.2672 	DATA 	Keypress: o
389.2832 	Level WAIT 	25
390.2828 	Level RINSE 	25
392.2653 	DATA 	Keypress: o
392.2830 	Level jitter 	25
396.2608 	Level finished 	25
396.2620 	DATA 	Keypress: o
396.2630 	DATA 	Keypress: o
396.3000 	Level image=waterlogo.jpg 	25
397.2636 	DATA 	Keypress: o
397.2835 	Level injecting via pump at address 0 	25
403.2660 	DATA 	Keypress: o
403.2672 	DATA 	Keypress: o
403.2681 	DATA 	Keypress: o
403.2842 	Level WAIT 	25
404.2839 	Level RINSE 	25
406.2654 	DATA 	Keypress: o
406.2839 	Level jitter 	25
411.2608 	Level finished 	25
411.2621 	DATA 	Keypress: o
411.2631 	DATA 	Keypress: o
411.2642 	DATA 	Keypress: o
411.2844 	Level image=tasty.jpg 	25
412.2845 	Level injecting via pump at address 1 	25
418.2662 	DATA 	Keypress: o
418.2674 	DATA 	Keypress: o
418.2685 	DATA 	Keypress: o
418.3020 	Level WAIT 	25
419.2633 	DATA 	Keypress: o
419.2849 	Level RINSE 	25
421.2659 	DATA 	Keypress: o
421.2850 	Level jitter 	25
430.2608 	Level finished 	25
430.2624 	DATA 	Keypress: o
430.2637 	DATA 	Keypress: o
430.2651 	DATA 	Keypress: o
430.2664 	DATA 	Keypress: o
430.3028 	Level image=waterlogo.jpg 	25
431.2632 	DATA 	Keypress: o
431.2691 	Level injecting via pump at address 0 	25
437.2665 	DATA 	Keypress: o
437.2679 	DATA 	Keypress: o
437.2691 	DATA 	Keypress: o
437.2861 	Level WAIT 	25
438.2696 	Level RINSE 	25
440.2656 	DATA 	Keypress: o
440.2868 	Level jitter 	25
449.2608 	Level finished 	25
449.2623 	DATA 	Keypress: o
449.2633 	DATA 	Keypress: o
449.2643 	DATA 	Keypress: o
449.2653 	DATA 	Keypress: o
449.2663 	DATA 	Keypress: o
449.2870 	Level image=tasty.jpg 	25
450.2709 	Level injecting via pump at address 1 	25
456.2661 	DATA 	Keypress: o
456.2673 	DATA 	Keypress: o
456.2683 	DATA 	Keypress: o
456.2875 	Level WAIT 	25
457.2632 	DATA 	Keypress: o
457.2876 	Level RINSE 	25
459.2659 	DATA 	Keypress: o
459.2709 	Level jitter 	25
463.2608 	Level finished 	25
463.2622 	DATA 	Keypress: o
463.2635 	DATA 	Keypress: o
463.2884 	Level image=tasty.jpg 	25
464.2880 	Level injecting via pump at address 1 	25
470.2662 	DATA 	Keypress: o
470.2673 	DATA 	Keypress: o
470.2683 	DATA 	Keypress: o
470.2885 	Level WAIT 	25
471.2641 	DATA 	Keypress: o
471.2886 	Level RINSE 	25
473.2659 	DATA 	Keypress: o
473.2890 	Level jitter 	25
476.2608 	Level finished 	25
476.2620 	DATA 	Keypress: o
476.2888 	Level image=waterlogo.jpg 	25
477.2635 	DATA 	Keypress: o
477.2889 	Level injecting via pump at address 0 	25
483.2668 	DATA 	Keypress: o
483.2682 	DATA 	Keypress: o
483.2695 	DATA 	Keypress: o
483.2897 	Level WAIT 	25
484.2727 	Level RINSE 	25
486.2658 	DATA 	Keypress: o
486.2896 	Level jitter 	25
487.2608 	Level finished 	25
487.2620 	DATA 	Keypress: o
487.2729 	Level image=tasty.jpg 	25
488.2730 	Level injecting via pump at address 1 	25
494.2660 	DATA 	Keypress: o
494.2672 	DATA 	Keypress: o
494.2683 	DATA 	Keypress: o
494.2905 	Level WAIT 	25
495.2637 	DATA 	Keypress: o
495.2901 	Level RINSE 	25
497.2659 	DATA 	Keypress: o
497.2736 	Level jitter 	25
504.2608 	Level finished 	25
504.2624 	DATA 	Keypress: o
504.2638 	DATA 	Keypress: o
504.2650 	DATA 	Keypress: o
504.2912 	Level image=waterlogo.jpg 	25
505.2638 	DATA 	Keypress: o
505.2909 	Level injecting via pump at address 0 	25
511.2661 	DATA 	Keypress: o
511.2672 	DATA 	Keypress: o
511.2682 	DATA 	Keypress: o
511.2912 	Level WAIT 	25
512.2747 	Level RINSE 	25
514.2670 	DATA 	Keypress: o
514.2919 	Level jitter 	25
515.2608 	Level finished 	25
515.2621 	DATA 	Keypress: o
515.2916 	Level image=tasty.jpg 	25
516.2749 	Level injecting via pump at address 1 	25
522.2654 	DATA 	Keypress: o
522.2664 	DATA 	Keypress: o
522.2674 	DATA 	Keypress: o
522.2753 	Level WAIT 	25
523.2641 	DATA 	Keypress: o
523.2755 	Level RINSE 	25
525.2661 	DATA 	Keypress: o
525.2760 	Level jitter 	25
531.2608 	Level finished 	25
