67.1034 	DATA 	Keypress: o
67.1044 	Level start key press 	25
69.1128 	DATA 	Keypress: o
71.1129 	DATA 	Keypress: o
73.1129 	DATA 	Keypress: o
75.1131 	DATA 	Keypress: o
75.5275 	Level image=waterlogo.jpg 	25
76.4279 	Level injecting via pump at address 0 	25
82.4169 	DATA 	Keypress: o
82.4183 	DATA 	Keypress: o
82.4196 	DATA 	Keypress: o
82.4279 	Level WAIT 	25
83.4134 	DATA 	Keypress: o
83.4281 	Level RINSE 	25
85.4245 	DATA 	Keypress: o
85.4282 	Level jitter 	25
91.4107 	Level finished 	25
91.4122 	DATA 	Keypress: o
91.4135 	DATA 	Keypress: o
91.4147 	DATA 	Keypress: o
91.4458 	Level image=tasty.jpg 	25
92.4287 	Level injecting via pump at address 1 	25
98.4160 	DATA 	Keypress: o
98.4171 	DATA 	Keypress: o
98.4181 	DATA 	Keypress: o
98.4291 	Level WAIT 	25
99.4136 	DATA 	Keypress: o
99.4292 	Level RINSE 	25
101.4161 	DATA 	Keypress: o
101.4297 	Level jitter 	25
107.4107 	Level finished 	25
107.4119 	DATA 	Keypress: o
107.4129 	DATA 	Keypress: o
107.4139 	DATA 	Keypress: o
107.4297 	Level image=tasty.jpg 	25
108.4298 	Level injecting via pump at address 1 	25
114.4159 	DATA 	Keypress: o
114.4174 	DATA 	Keypress: o
114.4187 	DATA 	Keypress: o
114.4306 	Level WAIT 	25
115.4132 	DATA 	Keypress: o
115.4303 	Level RINSE 	25
117.4152 	DATA 	Keypress: o
117.4304 	Level jitter 	25
119.4107 	Level finished 	25
119.4121 	DATA 	Keypress: o
119.4472 	Level image=waterlogo.jpg 	25
120.4306 	Level injecting via pump at address 0 	25
126.4167 	DATA 	Keypress: o
126.4181 	DATA 	Keypress: o
126.4191 	DATA 	Keypress: o
126.4314 	Level WAIT 	25
127.4133 	DATA 	Keypress: o
127.4311 	Level RINSE 	25
129.4161 	DATA 	Keypress: o
129.4312 	Level jitter 	25
135.4107 	Level finished 	25
135.4122 	DATA 	Keypress: o
135.4135 	DATA 	Keypress: o
135.4146 	DATA 	Keypress: o
135.4316 	Level image=tasty.jpg 	25
136.4321 	Level injecting via pump at address 1 	25
142.4162 	DATA 	Keypress: o
142.4176 	DATA 	Keypress: o
142.4188 	DATA 	Keypress: o
142.4321 	Level WAIT 	25
143.4136 	DATA 	Keypress: o
143.4322 	Level RINSE 	25
145.4152 	DATA 	Keypress: o
145.4324 	Level jitter 	25
150.4107 	Level finished 	25
150.4120 	DATA 	Keypress: o
150.4131 	DATA 	Keypress: o
150.4498 	Level image=waterlogo.jpg 	25
151.4134 	DATA 	Keypress: o
151.4327 	Level injecting via pump at address 0 	25
157.4166 	DATA 	Keypress: o
157.4180 	DATA 	Keypress: o
157.4192 	DATA 	Keypress: o
157.4331 	Level WAIT 	25
158.4333 	Level RINSE 	25
160.4177 	DATA 	Keypress: o
160.4338 	Level jitter 	25
165.4107 	Level finished 	25
165.4122 	DATA 	Keypress: o
165.4135 	DATA 	Keypress: o
165.4147 	DATA 	Keypress: o
165.4337 	Level image=tasty.jpg 	25
166.4338 	Level injecting via pump at address 1 	25
172.4170 	DATA 	Keypress: o
172.4184 	DATA 	Keypress: o
172.4197 	DATA 	Keypress: o
172.4512 	Level WAIT 	25
173.4139 	DATA 	Keypress: o
173.4341 	Level RINSE 	25
175.4153 	DATA 	Keypress: o
175.4344 	Level jitter 	25
181.4107 	Level finished 	25
181.4119 	DATA 	Keypress: o
181.4129 	DATA 	Keypress: o
181.4138 	DATA 	Keypress: o
181.4347 	Level image=waterlogo.jpg 	25
182.4187 	Level injecting via pump at address 0 	25
188.4163 	DATA 	Keypress: o
188.4175 	DATA 	Keypress: o
188.4188 	DATA 	Keypress: o
188.4354 	Level WAIT 	25
189.4135 	DATA 	Keypress: o
189.4355 	Level RINSE 	25
191.4161 	DATA 	Keypress: o
191.4354 	Level jitter 	25
194.4107 	Level finished 	25
194.4119 	DATA 	Keypress: o
194.4361 	Level image=tasty.jpg 	25
195.4135 	DATA 	Keypress: o
195.4358 	Level injecting via pump at address 1 	25
201.4170 	DATA 	Keypress: o
201.4182 	DATA 	Keypress: o
201.4195 	DATA 	Keypress: o
201.4362 	Level WAIT 	25
202.4363 	Level RINSE 	25
204.4161 	DATA 	Keypress: o
204.4369 	Level jitter 	25
212.4107 	Level finished 	25
212.4120 	DATA 	Keypress: o
212.4134 	DATA 	Keypress: o
212.4146 	DATA 	Keypress: o
212.4158 	DATA 	Keypress: o
212.4369 	Level image=waterlogo.jpg 	25
213.4136 	DATA 	Keypress: o
213.4205 	Level injecting via pump at address 0 	25
219.4164 	DATA 	Keypress: o
219.4176 	DATA 	Keypress: o
219.4188 	DATA 	Keypress: o
219.4378 	Level WAIT 	25
220.4208 	Level RINSE 	25
222.4159 	DATA 	Keypress: o
222.4375 	Level jitter 	25
224.4107 	Level finished 	25
224.4121 	DATA 	Keypress: o
224.4377 	Level image=tasty.jpg 	25
225.4133 	DATA 	Keypress: o
225.4378 	Level injecting via pump at address 1 	25
231.4164 	DATA 	Keypress: o
231.4176 	DATA 	Keypress: o
231.4189 	DATA 	Keypress: o
231.4387 	Level WAIT 	25
232.4216 	Level RINSE 	25
234.4158 	DATA 	Keypress: o
234.4384 	Level jitter 	25
243.4107 	Level finished 	25
243.4124 	DATA 	Keypress: o
243.4136 	DATA 	Keypress: o
243.4146 	DATA 	Keypress: o
243.4157 	DATA 	Keypress: o
243.4167 	DATA 	Keypress: o
243.4396 	Level image=waterlogo.jpg 	25
244.4392 	Level injecting via pump at address 0 	25
250.4156 	DATA 	Keypress: o
250.4167 	DATA 	Keypress: o
250.4178 	DATA 	Keypress: o
250.4395 	Level WAIT 	25
251.4140 	DATA 	Keypress: o
251.4229 	Level RINSE 	25
253.4161 	DATA 	Keypress: o
253.4401 	Level jitter 	25
255.4107 	Level finished 	25
255.4121 	DATA 	Keypress: o
255.4399 	Level image=tasty.jpg 	25
256.4400 	Level injecting via pump at address 1 	25
262.4163 	DATA 	Keypress: o
262.4176 	DATA 	Keypress: o
262.4188 	DATA 	Keypress: o
262.4404 	Level WAIT 	25
263.4142 	DATA 	Keypress: o
263.4240 	Level RINSE 	25
265.4162 	DATA 	Keypress: o
265.4405 	Level jitter 	25
268.4107 	Level finished 	25
268.4121 	DATA 	Keypress: o
268.4408 	Level image=waterlogo.jpg 	25
269.4134 	DATA 	Keypress: o
269.4409 	Level injecting via pump at address 0 	25
275.4167 	DATA 	Keypress: o
275.4179 	DATA 	Keypress: o
275.4193 	DATA 	Keypress: o
275.4418 	Level WAIT 	25
276.4247 	Level RINSE 	25
278.4151 	DATA 	Keypress: o
278.4414 	Level jitter 	25
282.4107 	Level finished 	25
282.4120 	DATA 	Keypress: o
282.4130 	DATA 	Keypress: o
282.4251 	Level image=tasty.jpg 	25
283.4136 	DATA 	Keypress: o
283.4252 	Level injecting via pump at address 1 	25
289.4178 	DATA 	Keypress: o
289.4191 	DATA 	Keypress: o
289.4206 	DATA 	Keypress: o
289.4427 	Level WAIT 	25
290.4256 	Level RINSE 	25
292.4161 	DATA 	Keypress: o
292.4257 	Level jitter 	25
293.4107 	Level finished 	25
293.4121 	DATA 	Keypress: o
293.4425 	Level image=waterlogo.jpg 	25
294.4427 	Level injecting via pump at address 0 	25
300.4161 	DATA 	Keypress: o
300.4174 	DATA 	Keypress: o
300.4186 	DATA 	Keypress: o
300.4434 	Level WAIT 	25
301.4136 	DATA 	Keypress: o
301.4265 	Level RINSE 	25
303.4168 	DATA 	Keypress: o
303.4432 	Level jitter 	25
306.4107 	Level finished 	25
306.4121 	DATA 	Keypress: o
306.4435 	Level image=tasty.jpg 	25
307.4137 	DATA 	Keypress: o
307.4268 	Level injecting via pump at address 1 	25
313.4164 	DATA 	Keypress: o
313.4177 	DATA 	Keypress: o
313.4190 	DATA 	Keypress: o
313.4277 	Level WAIT 	25
314.4274 	Level RINSE 	25
316.4164 	DATA 	Keypress: o
316.4274 	Level jitter 	25
324.4107 	Level finished 	25
324.4120 	DATA 	Keypress: o
324.4132 	DATA 	Keypress: o
324.4145 	DATA 	Keypress: o
324.4156 	DATA 	Keypress: o
324.4451 	Level image=tasty.jpg 	25
325.4135 	DATA 	Keypress: o
325.4447 	Level injecting via pump at address 1 	25
331.4162 	DATA 	Keypress: o
331.4175 	DATA 	Keypress: o
331.4187 	DATA 	Keypress: o
331.4451 	Level WAIT 	25
332.4286 	Level RINSE 	25
334.4170 	DATA 	Keypress: o
334.4458 	Level jitter 	25
338.4107 	Level finished 	25
338.4121 	DATA 	Keypress: o
338.4134 	DATA 	Keypress: o
338.4289 	Level image=waterlogo.jpg 	25
339.4137 	DATA 	Keypress: o
339.4291 	Level injecting via pump at address 0 	25
345.4186 	DATA 	Keypress: o
345.4197 	DATA 	Keypress: o
345.4208 	DATA 	Keypress: o
345.4296 	Level WAIT 	25
346.4295 	Level RINSE 	25
348.4153 	DATA 	Keypress: o
348.4296 	Level jitter 	25
351.4107 	Level finished 	25
351.4120 	DATA 	Keypress: o
351.4130 	DATA 	Keypress: o
351.4298 	Level image=tasty.jpg 	25
352.4299 	Level injecting via pump at address 1 	25
358.4163 	DATA 	Keypress: o
358.4176 	DATA 	Keypress: o
358.4188 	DATA 	Keypress: o
358.4308 	Level WAIT 	25
359.4137 	DATA 	Keypress: o
359.4305 	Level RINSE 	25
361.4162 	DATA 	Keypress: o
361.4305 	Level jitter 	25
366.4107 	Level finished 	25
366.4119 	DATA 	Keypress: o
366.4130 	DATA 	Keypress: o
366.4309 	Level image=waterlogo.jpg 	25
367.4136 	DATA 	Keypress: o
367.4310 	Level injecting via pump at address 0 	25
373.4152 	DATA 	Keypress: o
373.4164 	DATA 	Keypress: o
373.4174 	DATA 	Keypress: o
373.4319 	Level WAIT 	25
374.4314 	Level RINSE 	25
376.4166 	DATA 	Keypress: o
376.4315 	Level jitter 	25
381.4107 	Level finished 	25
381.4123 	DATA 	Keypress: o
381.4137 	DATA 	Keypress: o
381.4150 	DATA 	Keypress: o
381.4486 	Level image=waterlogo.jpg 	25
382.4320 	Level injecting via pump at address 0 	25
388.4166 	DATA 	Keypress: o
388.4179 	DATA 	Keypress: o
388.4191 	DATA 	Keypress: o
388.4328 	Level WAIT 	25
389.4143 	DATA 	Keypress: o
389.4324 	Level RINSE 	25
391.4157 	DATA 	Keypress: o
391.4326 	Level jitter 	25
400.4107 	Level finished 	25
400.4120 	DATA 	Keypress: o
400.4130 	DATA 	Keypress: o
400.4139 	DATA 	Keypress: o
400.4148 	DATA 	Keypress: o
400.4504 	Level image=tasty.jpg 	25
401.4137 	DATA 	Keypress: o
401.4333 	Level injecting via pump at address 1 	25
407.4164 	DATA 	Keypress: o
407.4177 	DATA 	Keypress: o
407.4189 	DATA 	Keypress: o
407.4337 	Level WAIT 	25
408.4338 	Level RINSE 	25
410.4162 	DATA 	Keypress: o
410.4342 	Level jitter 	25
412.4107 	Level finished 	25
412.4120 	DATA 	Keypress: o
412.4341 	Level image=waterlogo.jpg 	25
413.4136 	DATA 	Keypress: o
413.4175 	Level injecting via pump at address 0 	25
419.4174 	DATA 	Keypress: o
419.4187 	DATA 	Keypress: o
419.4198 	DATA 	Keypress: o
419.4345 	Level WAIT 	25
420.4351 	Level RINSE 	25
422.4158 	DATA 	Keypress: o
422.4180 	Level jitter 	25
425.4107 	Level finished 	25
425.4119 	DATA 	Keypress: o
425.4130 	DATA 	Keypress: o
425.4349 	Level image=waterlogo.jpg 	25
426.4349 	Level injecting via pump at address 0 	25
432.4163 	DATA 	Keypress: o
432.4176 	DATA 	Keypress: o
432.4188 	DATA 	Keypress: o
432.4358 	Level WAIT 	25
433.4136 	DATA 	Keypress: o
433.4355 	Level RINSE 	25
435.4187 	DATA 	Keypress: o
435.4356 	Level jitter 	25
440.4107 	Level finished 	25
440.4120 	DATA 	Keypress: o
440.4131 	DATA 	Keypress: o
440.4360 	Level image=tasty.jpg 	25
441.4133 	DATA 	Keypress: o
441.4195 	Level injecting via pump at address 1 	25
447.4163 	DATA 	Keypress: o
447.4176 	DATA 	Keypress: o
447.4188 	DATA 	Keypress: o
447.4368 	Level WAIT 	25
448.4199 	Level RINSE 	25
450.4160 	DATA 	Keypress: o
450.4366 	Level jitter 	25
452.4107 	Level finished 	25
452.4119 	DATA 	Keypress: o
452.4368 	Level image=tasty.jpg 	25
453.4135 	DATA 	Keypress: o
453.4369 	Level injecting via pump at address 1 	25
459.4154 	DATA 	Keypress: o
459.4165 	DATA 	Keypress: o
459.4176 	DATA 	Keypress: o
459.4378 	Level WAIT 	25
460.4207 	Level RINSE 	25
462.4158 	DATA 	Keypress: o
462.4374 	Level jitter 	25
469.4107 	Level finished 	25
469.4123 	DATA 	Keypress: o
469.4136 	DATA 	Keypress: o
469.4148 	DATA 	Keypress: o
469.4160 	DATA 	Keypress: o
469.4384 	Level image=waterlogo.jpg 	25
470.4215 	Level injecting via pump at address 0 	25
476.4159 	DATA 	Keypress: o
476.4171 	DATA 	Keypress: o
476.4183 	DATA 	Keypress: o
476.4384 	Level WAIT 	25
477.4139 	DATA 	Keypress: o
477.4385 	Level RINSE 	25
479.4162 	DATA 	Keypress: o
479.4391 	Level jitter 	25
482.4107 	Level finished 	25
482.4123 	DATA 	Keypress: o
482.4389 	Level image=tasty.jpg 	25
483.4135 	DATA 	Keypress: o
483.4390 	Level injecting via pump at address 1 	25
489.4171 	DATA 	Keypress: o
489.4189 	DATA 	Keypress: o
489.4205 	DATA 	Keypress: o
489.4399 	Level WAIT 	25
490.4394 	Level RINSE 	25
492.4158 	DATA 	Keypress: o
492.4395 	Level jitter 	25
494.4107 	Level finished 	25
494.4121 	DATA 	Keypress: o
494.4230 	Level image=waterlogo.jpg 	25
495.4136 	DATA 	Keypress: o
495.4232 	Level injecting via pump at address 0 	25
501.4160 	DATA 	Keypress: o
501.4174 	DATA 	Keypress: o
501.4186 	DATA 	Keypress: o
501.4405 	Level WAIT 	25
502.4404 	Level RINSE 	25
504.4161 	DATA 	Keypress: o
504.4237 	Level jitter 	25
512.4107 	Level finished 	25
512.4122 	DATA 	Keypress: o
512.4135 	DATA 	Keypress: o
512.4147 	DATA 	Keypress: o
512.4159 	DATA 	Keypress: o
512.4414 	Level image=tasty.jpg 	25
513.4141 	DATA 	Keypress: o
513.4244 	Level injecting via pump at address 1 	25
519.4159 	DATA 	Keypress: o
519.4172 	DATA 	Keypress: o
519.4187 	DATA 	Keypress: o
519.4247 	Level WAIT 	25
520.4248 	Level RINSE 	25
522.4175 	DATA 	Keypress: o
522.4254 	Level jitter 	25
524.4107 	Level finished 	25
524.4119 	DATA 	Keypress: o
524.4417 	Level image=waterlogo.jpg 	25
525.4132 	DATA 	Keypress: o
525.4252 	Level injecting via pump at address 0 	25
531.4165 	DATA 	Keypress: o
531.4178 	DATA 	Keypress: o
531.4198 	DATA 	Keypress: o
531.4423 	Level WAIT 	25
532.4261 	Level RINSE 	25
534.4162 	DATA 	Keypress: o
534.4424 	Level jitter 	25
541.4107 	Level finished 	25
