54.3970 	DATA 	Keypress: o
54.3981 	Level start key press 	25
56.4114 	DATA 	Keypress: o
58.4116 	DATA 	Keypress: o
60.4117 	DATA 	Keypress: o
62.4119 	DATA 	Keypress: o
62.9927 	Level image=tasty.jpg 	25
63.9433 	Level injecting via pump at address 1 	25
69.9147 	DATA 	Keypress: o
69.9158 	DATA 	Keypress: o
69.9168 	DATA 	Keypress: o
69.9432 	Level WAIT 	25
70.9126 	DATA 	Keypress: o
70.9266 	Level RINSE 	25
72.9230 	DATA 	Keypress: o
72.9434 	Level jitter 	25
81.9094 	Level finished 	25
81.9108 	DATA 	Keypress: o
81.9123 	DATA 	Keypress: o
81.9137 	DATA 	Keypress: o
81.9148 	DATA 	Keypress: o
81.9445 	Level image=waterlogo.jpg 	25
82.9119 	DATA 	Keypress: o
82.9442 	Level injecting via pump at address 0 	25
88.9150 	DATA 	Keypress: o
88.9164 	DATA 	Keypress: o
88.9177 	DATA 	Keypress: o
88.9446 	Level WAIT 	25
89.9279 	Level RINSE 	25
91.9141 	DATA 	Keypress: o
91.9451 	Level jitter 	25
95.9094 	Level finished 	25
95.9109 	DATA 	Keypress: o
95.9121 	DATA 	Keypress: o
95.9284 	Level image=tasty.jpg 	25
96.9119 	DATA 	Keypress: o
96.9286 	Level injecting via pump at address 1 	25
102.9145 	DATA 	Keypress: o
102.9157 	DATA 	Keypress: o
102.9169 	DATA 	Keypress: o
102.9292 	Level WAIT 	25
103.9289 	Level RINSE 	25
105.9147 	DATA 	Keypress: o
105.9290 	Level jitter 	25
109.9094 	Level finished 	25
109.9108 	DATA 	Keypress: o
109.9121 	DATA 	Keypress: o
109.9294 	Level image=waterlogo.jpg 	25
110.9122 	DATA 	Keypress: o
110.9461 	Level injecting via pump at address 0 	25
116.9149 	DATA 	Keypress: o
116.9162 	DATA 	Keypress: o
116.9175 	DATA 	Keypress: o
116.9469 	Level WAIT 	25
117.9298 	Level RINSE 	25
119.9140 	DATA 	Keypress: o
119.9300 	Level jitter 	25
123.9094 	Level finished 	25
123.9107 	DATA 	Keypress: o
123.9118 	DATA 	Keypress: o
123.9303 	Level image=waterlogo.jpg 	25
124.9123 	DATA 	Keypress: o
124.9304 	Level injecting via pump at address 0 	25
130.9145 	DATA 	Keypress: o
130.9158 	DATA 	Keypress: o
130.9170 	DATA 	Keypress: o
130.9312 	Level WAIT 	25
131.9308 	Level RINSE 	25
133.9144 	DATA 	Keypress: o
133.9309 	Level jitter 	25
137.9094 	Level finished 	25
137.9107 	DATA 	Keypress: o
137.9119 	DATA 	Keypress: o
137.9312 	Level image=tasty.jpg 	25
138.9119 	DATA 	Keypress: o
138.9315 	Level injecting via pump at address 1 	25
144.9146 	DATA 	Keypress: o
144.9156 	DATA 	Keypress: o
144.9166 	DATA 	Keypress: o
144.9489 	Level WAIT 	25
145.9151 	Level RINSE 	25
147.9151 	DATA 	Keypress: o
147.9319 	Level jitter 	25
153.9094 	Level finished 	25
153.9108 	DATA 	Keypress: o
153.9121 	DATA 	Keypress: o
153.9131 	DATA 	Keypress: o
153.9324 	Level image=waterlogo.jpg 	25
154.9118 	DATA 	Keypress: o
154.9162 	Level injecting via pump at address 0 	25
160.9153 	DATA 	Keypress: o
160.9167 	DATA 	Keypress: o
160.9179 	DATA 	Keypress: o
160.9496 	Level WAIT 	25
161.9329 	Level RINSE 	25
163.9145 	DATA 	Keypress: o
163.9330 	Level jitter 	25
166.9094 	Level finished 	25
166.9107 	DATA 	Keypress: o
166.9118 	DATA 	Keypress: o
166.9338 	Level image=tasty.jpg 	25
167.9167 	Level injecting via pump at address 1 	25
173.9148 	DATA 	Keypress: o
173.9161 	DATA 	Keypress: o
173.9173 	DATA 	Keypress: o
173.9337 	Level WAIT 	25
174.9123 	DATA 	Keypress: o
174.9338 	Level RINSE 	25
176.9140 	DATA 	Keypress: o
176.9177 	Level jitter 	25
179.9094 	Level finished 	25
179.9108 	DATA 	Keypress: o
179.9341 	Level image=waterlogo.jpg 	25
180.9120 	DATA 	Keypress: o
180.9343 	Level injecting via pump at address 0 	25
186.9154 	DATA 	Keypress: o
186.9167 	DATA 	Keypress: o
186.9180 	DATA 	Keypress: o
186.9350 	Level WAIT 	25
187.9347 	Level RINSE 	25
189.9149 	DATA 	Keypress: o
189.9348 	Level jitter 	25
193.9094 	Level finished 	25
193.9107 	DATA 	Keypress: o
193.9118 	DATA 	Keypress: o
193.9351 	Level image=waterlogo.jpg 	25
194.9122 	DATA 	Keypress: o
194.9352 	Level injecting via pump at address 0 	25
200.9149 	DATA 	Keypress: o
200.9162 	DATA 	Keypress: o
200.9175 	DATA 	Keypress: o
200.9360 	Level WAIT 	25
201.9190 	Level RINSE 	25
203.9141 	DATA 	Keypress: o
203.9357 	Level jitter 	25
208.9094 	Level finished 	25
208.9113 	DATA 	Keypress: o
208.9128 	DATA 	Keypress: o
208.9140 	DATA 	Keypress: o
208.9361 	Level image=tasty.jpg 	25
209.9363 	Level injecting via pump at address 1 	25
215.9148 	DATA 	Keypress: o
215.9161 	DATA 	Keypress: o
215.9173 	DATA 	Keypress: o
215.9370 	Level WAIT 	25
216.9123 	DATA 	Keypress: o
216.9367 	Level RINSE 	25
218.9151 	DATA 	Keypress: o
218.9368 	Level jitter 	25
221.9094 	Level finished 	25
221.9108 	DATA 	Keypress: o
221.9370 	Level image=waterlogo.jpg 	25
222.9122 	DATA 	Keypress: o
222.9371 	Level injecting via pump at address 0 	25
228.9150 	DATA 	Keypress: o
228.9163 	DATA 	Keypress: o
228.9178 	DATA 	Keypress: o
228.9379 	Level WAIT 	25
229.9209 	Level RINSE 	25
231.9153 	DATA 	Keypress: o
231.9377 	Level jitter 	25
239.9094 	Level finished 	25
239.9107 	DATA 	Keypress: o
239.9119 	DATA 	Keypress: o
239.9129 	DATA 	Keypress: o
239.9139 	DATA 	Keypress: o
239.9388 	Level image=tasty.jpg 	25
240.9122 	DATA 	Keypress: o
240.9385 	Level injecting via pump at address 1 	25
246.9141 	DATA 	Keypress: o
246.9153 	DATA 	Keypress: o
246.9163 	DATA 	Keypress: o
246.9387 	Level WAIT 	25
247.9389 	Level RINSE 	25
249.9145 	DATA 	Keypress: o
249.9393 	Level jitter 	25
251.9094 	Level finished 	25
251.9106 	DATA 	Keypress: o
251.9226 	Level image=tasty.jpg 	25
252.9118 	DATA 	Keypress: o
252.9227 	Level injecting via pump at address 1 	25
258.9155 	DATA 	Keypress: o
258.9168 	DATA 	Keypress: o
258.9180 	DATA 	Keypress: o
258.9396 	Level WAIT 	25
259.9401 	Level RINSE 	25
261.9149 	DATA 	Keypress: o
261.9231 	Level jitter 	25
263.9094 	Level finished 	25
263.9110 	DATA 	Keypress: o
263.9399 	Level image=waterlogo.jpg 	25
264.9118 	DATA 	Keypress: o
264.9235 	Level injecting via pump at address 0 	25
270.9143 	DATA 	Keypress: o
270.9153 	DATA 	Keypress: o
270.9163 	DATA 	Keypress: o
270.9242 	Level WAIT 	25
271.9239 	Level RINSE 	25
273.9139 	DATA 	Keypress: o
273.9239 	Level jitter 	25
276.9094 	Level finished 	25
276.9107 	DATA 	Keypress: o
276.9118 	DATA 	Keypress: o
276.9242 	Level image=tasty.jpg 	25
277.9243 	Level injecting via pump at address 1 	25
283.9150 	DATA 	Keypress: o
283.9164 	DATA 	Keypress: o
283.9177 	DATA 	Keypress: o
283.9418 	Level WAIT 	25
284.9119 	DATA 	Keypress: o
284.9415 	Level RINSE 	25
286.9148 	DATA 	Keypress: o
286.9248 	Level jitter 	25
288.9094 	Level finished 	25
288.9108 	DATA 	Keypress: o
288.9250 	Level image=waterlogo.jpg 	25
289.9251 	Level injecting via pump at address 0 	25
295.9149 	DATA 	Keypress: o
295.9162 	DATA 	Keypress: o
295.9175 	DATA 	Keypress: o
295.9260 	Level WAIT 	25
296.9119 	DATA 	Keypress: o
296.9256 	Level RINSE 	25
298.9142 	DATA 	Keypress: o
298.9256 	Level jitter 	25
299.9094 	Level finished 	25
299.9257 	Level image=tasty.jpg 	25
300.9119 	DATA 	Keypress: o
300.9426 	Level injecting via pump at address 1 	25
306.9150 	DATA 	Keypress: o
306.9163 	DATA 	Keypress: o
306.9176 	DATA 	Keypress: o
306.9433 	Level WAIT 	25
307.9263 	Level RINSE 	25
309.9153 	DATA 	Keypress: o
309.9431 	Level jitter 	25
311.9094 	Level finished 	25
311.9107 	DATA 	Keypress: o
311.9266 	Level image=waterlogo.jpg 	25
312.9122 	DATA 	Keypress: o
312.9267 	Level injecting via pump at address 0 	25
318.9154 	DATA 	Keypress: o
318.9168 	DATA 	Keypress: o
318.9178 	DATA 	Keypress: o
318.9441 	Level WAIT 	25
319.9438 	Level RINSE 	25
321.9147 	DATA 	Keypress: o
321.9273 	Level jitter 	25
327.9094 	Level finished 	25
327.9108 	DATA 	Keypress: o
327.9122 	DATA 	Keypress: o
327.9136 	DATA 	Keypress: o
327.9445 	Level image=waterlogo.jpg 	25
328.9119 	DATA 	Keypress: o
328.9282 	Level injecting via pump at address 0 	25
334.9148 	DATA 	Keypress: o
334.9161 	DATA 	Keypress: o
334.9173 	DATA 	Keypress: o
334.9448 	Level WAIT 	25
335.9283 	Level RINSE 	25
337.9139 	DATA 	Keypress: o
337.9284 	Level jitter 	25
340.9094 	Level finished 	25
340.9107 	DATA 	Keypress: o
340.9118 	DATA 	Keypress: o
340.9458 	Level image=tasty.jpg 	25
341.9287 	Level injecting via pump at address 1 	25
347.9151 	DATA 	Keypress: o
347.9165 	DATA 	Keypress: o
347.9178 	DATA 	Keypress: o
347.9457 	Level WAIT 	25
348.9120 	DATA 	Keypress: o
348.9291 	Level RINSE 	25
350.9144 	DATA 	Keypress: o
350.9463 	Level jitter 	25
358.9094 	Level finished 	25
358.9108 	DATA 	Keypress: o
358.9121 	DATA 	Keypress: o
358.9133 	DATA 	Keypress: o
358.9145 	DATA 	Keypress: o
358.9298 	Level image=waterlogo.jpg 	25
359.9299 	Level injecting via pump at address 0 	25
365.9149 	DATA 	Keypress: o
365.9163 	DATA 	Keypress: o
365.9178 	DATA 	Keypress: o
365.9474 	Level WAIT 	25
366.9122 	DATA 	Keypress: o
366.9135 	Level RINSE 	25
368.9152 	DATA 	Keypress: o
368.9306 	Level jitter 	25
373.9094 	Level finished 	25
373.9109 	DATA 	Keypress: o
373.9122 	DATA 	Keypress: o
373.9309 	Level image=tasty.jpg 	25
374.9122 	DATA 	Keypress: o
374.9310 	Level injecting via pump at address 1 	25
380.9141 	DATA 	Keypress: o
380.9152 	DATA 	Keypress: o
380.9163 	DATA 	Keypress: o
380.9318 	Level WAIT 	25
381.9315 	Level RINSE 	25
383.9145 	DATA 	Keypress: o
383.9316 	Level jitter 	25
387.9094 	Level finished 	25
387.9107 	DATA 	Keypress: o
387.9118 	DATA 	Keypress: o
387.9318 	Level image=waterlogo.jpg 	25
388.9118 	DATA 	Keypress: o
388.9153 	Level injecting via pump at address 0 	25
394.9159 	DATA 	Keypress: o
394.9173 	DATA 	Keypress: o
394.9186 	DATA 	Keypress: o
394.9494 	Level WAIT 	25
395.9325 	Level RINSE 	25
397.9142 	DATA 	Keypress: o
397.9326 	Level jitter 	25
402.9094 	Level finished 	25
402.9110 	DATA 	Keypress: o
402.9124 	DATA 	Keypress: o
402.9136 	DATA 	Keypress: o
402.9328 	Level image=tasty.jpg 	25
403.9330 	Level injecting via pump at address 1 	25
409.9150 	DATA 	Keypress: o
409.9163 	DATA 	Keypress: o
409.9176 	DATA 	Keypress: o
409.9338 	Level WAIT 	25
410.9121 	DATA 	Keypress: o
410.9167 	Level RINSE 	25
412.9148 	DATA 	Keypress: o
412.9336 	Level jitter 	25
421.9094 	Level finished 	25
421.9107 	DATA 	Keypress: o
421.9118 	DATA 	Keypress: o
421.9128 	DATA 	Keypress: o
421.9137 	DATA 	Keypress: o
421.9347 	Level image=waterlogo.jpg 	25
422.9117 	DATA 	Keypress: o
422.9343 	Level injecting via pump at address 0 	25
428.9150 	DATA 	Keypress: o
428.9162 	DATA 	Keypress: o
428.9173 	DATA 	Keypress: o
428.9346 	Level WAIT 	25
429.9181 	Level RINSE 	25
431.9152 	DATA 	Keypress: o
431.9353 	Level jitter 	25
440.9094 	Level finished 	25
440.9108 	DATA 	Keypress: o
440.9121 	DATA 	Keypress: o
440.9132 	DATA 	Keypress: o
440.9141 	DATA 	Keypress: o
440.9152 	DATA 	Keypress: o
440.9356 	Level image=tasty.jpg 	25
441.9193 	Level injecting via pump at address 1 	25
447.9150 	DATA 	Keypress: o
447.9163 	DATA 	Keypress: o
447.9176 	DATA 	Keypress: o
447.9359 	Level WAIT 	25
448.9120 	DATA 	Keypress: o
448.9194 	Level RINSE 	25
450.9143 	DATA 	Keypress: o
450.9362 	Level jitter 	25
454.9094 	Level finished 	25
454.9107 	DATA 	Keypress: o
454.9117 	DATA 	Keypress: o
454.9370 	Level image=tasty.jpg 	25
455.9366 	Level injecting via pump at address 1 	25
461.9140 	DATA 	Keypress: o
461.9152 	DATA 	Keypress: o
461.9164 	DATA 	Keypress: o
461.9369 	Level WAIT 	25
462.9118 	DATA 	Keypress: o
462.9370 	Level RINSE 	25
464.9140 	DATA 	Keypress: o
464.9375 	Level jitter 	25
467.9094 	Level finished 	25
467.9108 	DATA 	Keypress: o
467.9374 	Level image=waterlogo.jpg 	25
468.9123 	DATA 	Keypress: o
468.9376 	Level injecting via pump at address 0 	25
474.9148 	DATA 	Keypress: o
474.9160 	DATA 	Keypress: o
474.9170 	DATA 	Keypress: o
474.9382 	Level WAIT 	25
475.9379 	Level RINSE 	25
477.9144 	DATA 	Keypress: o
477.9380 	Level jitter 	25
478.9094 	Level finished 	25
478.9107 	DATA 	Keypress: o
478.9381 	Level image=tasty.jpg 	25
479.9216 	Level injecting via pump at address 1 	25
485.9150 	DATA 	Keypress: o
485.9163 	DATA 	Keypress: o
485.9176 	DATA 	Keypress: o
485.9223 	Level WAIT 	25
486.9123 	DATA 	Keypress: o
486.9220 	Level RINSE 	25
488.9148 	DATA 	Keypress: o
488.9221 	Level jitter 	25
495.9094 	Level finished 	25
495.9110 	DATA 	Keypress: o
495.9124 	DATA 	Keypress: o
495.9136 	DATA 	Keypress: o
495.9398 	Level image=waterlogo.jpg 	25
496.9123 	DATA 	Keypress: o
496.9395 	Level injecting via pump at address 0 	25
502.9141 	DATA 	Keypress: o
502.9152 	DATA 	Keypress: o
502.9162 	DATA 	Keypress: o
502.9397 	Level WAIT 	25
503.9399 	Level RINSE 	25
505.9157 	DATA 	Keypress: o
505.9404 	Level jitter 	25
506.9094 	Level finished 	25
506.9107 	DATA 	Keypress: o
506.9400 	Level image=tasty.jpg 	25
507.9236 	Level injecting via pump at address 1 	25
513.9143 	DATA 	Keypress: o
513.9153 	DATA 	Keypress: o
513.9165 	DATA 	Keypress: o
513.9238 	Level WAIT 	25
514.9122 	DATA 	Keypress: o
514.9239 	Level RINSE 	25
516.9150 	DATA 	Keypress: o
516.9245 	Level jitter 	25
522.9094 	Level finished 	25
