23.2810 	WARNING 	User requested fullscreen with size [800 600], but screen is actually [1280, 1024]. Using actual size
68.4213 	DATA 	Keypress: o
68.4223 	Level start key press 	25
70.4238 	DATA 	Keypress: o
72.4226 	DATA 	Keypress: o
74.4228 	DATA 	Keypress: o
76.4217 	DATA 	Keypress: o
77.5686 	Level image=tasty.jpg 	25
78.4886 	DATA 	Keypress: o
78.5021 	Level injecting via pump at address 1 	25
84.4913 	DATA 	Keypress: o
84.4928 	DATA 	Keypress: o
84.4940 	DATA 	Keypress: o
84.5171 	Level WAIT 	25
85.4991 	Level RINSE 	25
87.4992 	DATA 	Keypress: o
87.5151 	Level jitter 	25
96.4854 	Level finished 	25
96.4871 	DATA 	Keypress: o
96.4884 	DATA 	Keypress: o
96.4897 	DATA 	Keypress: o
96.4909 	DATA 	Keypress: o
96.4921 	DATA 	Keypress: o
96.5136 	Level image=waterlogo.jpg 	25
97.4964 	Level injecting via pump at address 0 	25
103.4912 	DATA 	Keypress: o
103.4928 	DATA 	Keypress: o
103.4940 	DATA 	Keypress: o
103.5104 	Level WAIT 	25
104.4881 	DATA 	Keypress: o
104.4941 	Level RINSE 	25
106.4914 	DATA 	Keypress: o
106.5056 	Level jitter 	25
110.4854 	Level finished 	25
110.4871 	DATA 	Keypress: o
110.4885 	DATA 	Keypress: o
110.5064 	Level image=tasty.jpg 	25
111.5085 	Level injecting via pump at address 1 	25
117.4911 	DATA 	Keypress: o
117.4924 	DATA 	Keypress: o
117.4936 	DATA 	Keypress: o
117.5069 	Level WAIT 	25
118.4886 	DATA 	Keypress: o
118.5054 	Level RINSE 	25
120.4908 	DATA 	Keypress: o
120.5054 	Level jitter 	25
124.4854 	Level finished 	25
124.4868 	DATA 	Keypress: o
124.4881 	DATA 	Keypress: o
124.5033 	Level image=waterlogo.jpg 	25
125.5031 	Level injecting via pump at address 0 	25
131.4915 	DATA 	Keypress: o
131.4927 	DATA 	Keypress: o
131.4940 	DATA 	Keypress: o
131.5015 	Level WAIT 	25
132.4884 	DATA 	Keypress: o
132.5014 	Level RINSE 	25
134.4905 	DATA 	Keypress: o
134.5173 	Level jitter 	25
138.4854 	Level finished 	25
138.4868 	DATA 	Keypress: o
138.4881 	DATA 	Keypress: o
138.4994 	Level image=waterlogo.jpg 	25
139.4984 	Level injecting via pump at address 0 	25
145.4903 	DATA 	Keypress: o
145.4914 	DATA 	Keypress: o
145.4926 	DATA 	Keypress: o
145.4975 	Level WAIT 	25
146.4883 	DATA 	Keypress: o
146.4970 	Level RINSE 	25
148.4905 	DATA 	Keypress: o
148.5128 	Level jitter 	25
152.4854 	Level finished 	25
152.4868 	DATA 	Keypress: o
152.4881 	DATA 	Keypress: o
152.5109 	Level image=tasty.jpg 	25
153.5084 	Level injecting via pump at address 1 	25
159.4914 	DATA 	Keypress: o
159.4927 	DATA 	Keypress: o
159.4939 	DATA 	Keypress: o
159.5097 	Level WAIT 	25
160.4883 	DATA 	Keypress: o
160.5083 	Level RINSE 	25
162.4917 	DATA 	Keypress: o
162.5083 	Level jitter 	25
168.4854 	Level finished 	25
168.4869 	DATA 	Keypress: o
168.4884 	DATA 	Keypress: o
168.4897 	DATA 	Keypress: o
168.5225 	Level image=waterlogo.jpg 	25
169.5065 	Level injecting via pump at address 0 	25
175.4909 	DATA 	Keypress: o
175.4925 	DATA 	Keypress: o
175.4938 	DATA 	Keypress: o
175.5037 	Level WAIT 	25
176.4884 	DATA 	Keypress: o
176.4934 	Level RINSE 	25
178.4908 	DATA 	Keypress: o
178.5021 	Level jitter 	25
181.4854 	Level finished 	25
181.4867 	DATA 	Keypress: o
181.5026 	Level image=tasty.jpg 	25
182.4883 	DATA 	Keypress: o
182.5011 	Level injecting via pump at address 1 	25
188.4911 	DATA 	Keypress: o
188.4927 	DATA 	Keypress: o
188.4940 	DATA 	Keypress: o
188.4990 	Level WAIT 	25
189.4991 	Level RINSE 	25
191.4909 	DATA 	Keypress: o
191.4993 	Level jitter 	25
194.4854 	Level finished 	25
194.4868 	DATA 	Keypress: o
194.4881 	DATA 	Keypress: o
194.5121 	Level image=waterlogo.jpg 	25
195.4975 	Level injecting via pump at address 0 	25
201.4915 	DATA 	Keypress: o
201.4932 	DATA 	Keypress: o
201.4947 	DATA 	Keypress: o
201.5118 	Level WAIT 	25
202.4882 	DATA 	Keypress: o
202.5111 	Level RINSE 	25
204.4903 	DATA 	Keypress: o
204.5103 	Level jitter 	25
208.4854 	Level finished 	25
208.4868 	DATA 	Keypress: o
208.4881 	DATA 	Keypress: o
208.5090 	Level image=waterlogo.jpg 	25
209.5087 	Level injecting via pump at address 0 	25
215.4903 	DATA 	Keypress: o
215.4914 	DATA 	Keypress: o
215.4924 	DATA 	Keypress: o
215.5076 	Level WAIT 	25
216.4882 	DATA 	Keypress: o
216.4971 	Level RINSE 	25
218.4909 	DATA 	Keypress: o
218.5062 	Level jitter 	25
223.4854 	Level finished 	25
223.4869 	DATA 	Keypress: o
223.4882 	DATA 	Keypress: o
223.5050 	Level image=tasty.jpg 	25
224.4882 	DATA 	Keypress: o
224.5037 	Level injecting via pump at address 1 	25
230.4910 	DATA 	Keypress: o
230.4923 	DATA 	Keypress: o
230.4935 	DATA 	Keypress: o
230.5026 	Level WAIT 	25
231.5018 	Level RINSE 	25
233.4911 	DATA 	Keypress: o
233.5011 	Level jitter 	25
236.4854 	Level finished 	25
236.4868 	DATA 	Keypress: o
236.4881 	DATA 	Keypress: o
236.5009 	Level image=waterlogo.jpg 	25
237.4994 	Level injecting via pump at address 0 	25
243.4910 	DATA 	Keypress: o
243.4924 	DATA 	Keypress: o
243.4936 	DATA 	Keypress: o
243.5149 	Level WAIT 	25
244.4883 	DATA 	Keypress: o
244.4976 	Level RINSE 	25
246.4911 	DATA 	Keypress: o
246.5132 	Level jitter 	25
254.4854 	Level finished 	25
254.4873 	DATA 	Keypress: o
254.4890 	DATA 	Keypress: o
254.4900 	DATA 	Keypress: o
254.4910 	DATA 	Keypress: o
254.5112 	Level image=tasty.jpg 	25
255.5103 	Level injecting via pump at address 1 	25
261.4912 	DATA 	Keypress: o
261.4926 	DATA 	Keypress: o
261.4938 	DATA 	Keypress: o
261.5081 	Level WAIT 	25
262.4883 	DATA 	Keypress: o
262.5080 	Level RINSE 	25
264.4912 	DATA 	Keypress: o
264.5079 	Level jitter 	25
266.4854 	Level finished 	25
266.4868 	DATA 	Keypress: o
266.5072 	Level image=tasty.jpg 	25
267.5072 	Level injecting via pump at address 1 	25
273.4916 	DATA 	Keypress: o
273.4929 	DATA 	Keypress: o
273.4942 	DATA 	Keypress: o
273.5041 	Level WAIT 	25
274.4887 	DATA 	Keypress: o
274.5049 	Level RINSE 	25
276.4904 	DATA 	Keypress: o
276.5007 	Level jitter 	25
278.4854 	Level finished 	25
278.4868 	DATA 	Keypress: o
278.5029 	Level image=waterlogo.jpg 	25
279.5005 	Level injecting via pump at address 0 	25
285.4909 	DATA 	Keypress: o
285.4922 	DATA 	Keypress: o
285.4934 	DATA 	Keypress: o
285.5178 	Level WAIT 	25
286.4883 	DATA 	Keypress: o
286.5002 	Level RINSE 	25
288.4900 	DATA 	Keypress: o
288.5161 	Level jitter 	25
291.4854 	Level finished 	25
291.4868 	DATA 	Keypress: o
291.5151 	Level image=tasty.jpg 	25
292.4881 	DATA 	Keypress: o
292.4990 	Level injecting via pump at address 1 	25
298.4902 	DATA 	Keypress: o
298.4915 	DATA 	Keypress: o
298.4927 	DATA 	Keypress: o
298.5131 	Level WAIT 	25
299.4962 	Level RINSE 	25
301.4912 	DATA 	Keypress: o
301.4961 	Level jitter 	25
303.4854 	Level finished 	25
303.4868 	DATA 	Keypress: o
303.5028 	Level image=waterlogo.jpg 	25
304.4882 	DATA 	Keypress: o
304.4944 	Level injecting via pump at address 0 	25
310.4901 	DATA 	Keypress: o
310.4915 	DATA 	Keypress: o
310.4925 	DATA 	Keypress: o
310.5094 	Level WAIT 	25
311.4928 	Level RINSE 	25
313.4909 	DATA 	Keypress: o
313.5026 	Level jitter 	25
314.4854 	Level finished 	25
314.4867 	DATA 	Keypress: o
314.5076 	Level image=tasty.jpg 	25
315.4912 	Level injecting via pump at address 1 	25
321.4907 	DATA 	Keypress: o
321.4921 	DATA 	Keypress: o
321.4933 	DATA 	Keypress: o
321.5041 	Level WAIT 	25
322.4878 	DATA 	Keypress: o
322.5041 	Level RINSE 	25
324.4911 	DATA 	Keypress: o
324.5046 	Level jitter 	25
326.4854 	Level finished 	25
326.4866 	DATA 	Keypress: o
326.5214 	Level image=waterlogo.jpg 	25
327.5202 	Level injecting via pump at address 0 	25
333.4914 	DATA 	Keypress: o
333.4927 	DATA 	Keypress: o
333.4939 	DATA 	Keypress: o
333.5188 	Level WAIT 	25
334.4884 	DATA 	Keypress: o
334.5012 	Level RINSE 	25
336.4908 	DATA 	Keypress: o
336.5172 	Level jitter 	25
342.4854 	Level finished 	25
342.4868 	DATA 	Keypress: o
342.4878 	DATA 	Keypress: o
342.4888 	DATA 	Keypress: o
342.5159 	Level image=waterlogo.jpg 	25
343.4986 	Level injecting via pump at address 0 	25
349.4907 	DATA 	Keypress: o
349.4920 	DATA 	Keypress: o
349.4930 	DATA 	Keypress: o
349.5126 	Level WAIT 	25
350.4885 	DATA 	Keypress: o
350.4967 	Level RINSE 	25
352.4910 	DATA 	Keypress: o
352.5118 	Level jitter 	25
355.4854 	Level finished 	25
355.4870 	DATA 	Keypress: o
355.5068 	Level image=tasty.jpg 	25
356.4885 	DATA 	Keypress: o
356.4945 	Level injecting via pump at address 1 	25
362.4916 	DATA 	Keypress: o
362.4929 	DATA 	Keypress: o
362.4942 	DATA 	Keypress: o
362.5089 	Level WAIT 	25
363.4920 	Level RINSE 	25
365.4915 	DATA 	Keypress: o
365.5087 	Level jitter 	25
373.4854 	Level finished 	25
373.4870 	DATA 	Keypress: o
373.4883 	DATA 	Keypress: o
373.4893 	DATA 	Keypress: o
373.4904 	DATA 	Keypress: o
373.5059 	Level image=waterlogo.jpg 	25
374.4883 	DATA 	Keypress: o
374.5045 	Level injecting via pump at address 0 	25
380.4916 	DATA 	Keypress: o
380.4929 	DATA 	Keypress: o
380.4941 	DATA 	Keypress: o
380.5031 	Level WAIT 	25
381.5030 	Level RINSE 	25
383.4918 	DATA 	Keypress: o
383.5022 	Level jitter 	25
388.4854 	Level finished 	25
388.4870 	DATA 	Keypress: o
388.4884 	DATA 	Keypress: o
388.4898 	DATA 	Keypress: o
388.5006 	Level image=tasty.jpg 	25
389.4914 	Level injecting via pump at address 1 	25
395.4917 	DATA 	Keypress: o
395.4930 	DATA 	Keypress: o
395.4943 	DATA 	Keypress: o
395.5087 	Level WAIT 	25
396.4884 	DATA 	Keypress: o
396.4975 	Level RINSE 	25
398.4910 	DATA 	Keypress: o
398.4971 	Level jitter 	25
402.4854 	Level finished 	25
402.4868 	DATA 	Keypress: o
402.4881 	DATA 	Keypress: o
402.5121 	Level image=waterlogo.jpg 	25
403.4960 	Level injecting via pump at address 0 	25
409.4914 	DATA 	Keypress: o
409.4928 	DATA 	Keypress: o
409.4941 	DATA 	Keypress: o
409.5278 	Level WAIT 	25
410.4884 	DATA 	Keypress: o
410.5102 	Level RINSE 	25
412.4907 	DATA 	Keypress: o
412.5088 	Level jitter 	25
417.4854 	Level finished 	25
417.4869 	DATA 	Keypress: o
417.4884 	DATA 	Keypress: o
417.5071 	Level image=tasty.jpg 	25
418.4885 	DATA 	Keypress: o
418.5068 	Level injecting via pump at address 1 	25
424.4915 	DATA 	Keypress: o
424.4929 	DATA 	Keypress: o
424.4941 	DATA 	Keypress: o
424.5052 	Level WAIT 	25
425.5052 	Level RINSE 	25
427.4909 	DATA 	Keypress: o
427.5037 	Level jitter 	25
436.4854 	Level finished 	25
436.4869 	DATA 	Keypress: o
436.4882 	DATA 	Keypress: o
436.4895 	DATA 	Keypress: o
436.4907 	DATA 	Keypress: o
436.4921 	DATA 	Keypress: o
436.5119 	Level image=waterlogo.jpg 	25
437.5005 	Level injecting via pump at address 0 	25
443.4915 	DATA 	Keypress: o
443.4928 	DATA 	Keypress: o
443.4941 	DATA 	Keypress: o
443.5162 	Level WAIT 	25
444.4882 	DATA 	Keypress: o
444.4990 	Level RINSE 	25
446.4914 	DATA 	Keypress: o
446.4986 	Level jitter 	25
455.4854 	Level finished 	25
455.4867 	DATA 	Keypress: o
455.4878 	DATA 	Keypress: o
455.4889 	DATA 	Keypress: o
455.4902 	DATA 	Keypress: o
455.5124 	Level image=tasty.jpg 	25
456.4883 	DATA 	Keypress: o
456.5115 	Level injecting via pump at address 1 	25
462.4907 	DATA 	Keypress: o
462.4917 	DATA 	Keypress: o
462.4927 	DATA 	Keypress: o
462.5263 	Level WAIT 	25
463.5094 	Level RINSE 	25
465.4905 	DATA 	Keypress: o
465.5083 	Level jitter 	25
469.4854 	Level finished 	25
469.4869 	DATA 	Keypress: o
469.4882 	DATA 	Keypress: o
469.5076 	Level image=tasty.jpg 	25
470.4884 	DATA 	Keypress: o
470.5074 	Level injecting via pump at address 1 	25
476.4906 	DATA 	Keypress: o
476.4917 	DATA 	Keypress: o
476.4929 	DATA 	Keypress: o
476.5045 	Level WAIT 	25
477.5041 	Level RINSE 	25
479.4907 	DATA 	Keypress: o
479.5039 	Level jitter 	25
482.4854 	Level finished 	25
482.4868 	DATA 	Keypress: o
482.4881 	DATA 	Keypress: o
482.5032 	Level image=waterlogo.jpg 	25
483.4986 	Level injecting via pump at address 0 	25
489.4914 	DATA 	Keypress: o
489.4927 	DATA 	Keypress: o
489.4940 	DATA 	Keypress: o
489.5014 	Level WAIT 	25
490.4883 	DATA 	Keypress: o
490.5008 	Level RINSE 	25
492.4909 	DATA 	Keypress: o
492.5160 	Level jitter 	25
493.4854 	Level finished 	25
493.5164 	Level image=tasty.jpg 	25
494.4882 	DATA 	Keypress: o
494.4985 	Level injecting via pump at address 1 	25
500.4900 	DATA 	Keypress: o
500.4911 	DATA 	Keypress: o
500.4922 	DATA 	Keypress: o
500.5137 	Level WAIT 	25
501.4961 	Level RINSE 	25
503.4910 	DATA 	Keypress: o
503.5122 	Level jitter 	25
510.4854 	Level finished 	25
510.4867 	DATA 	Keypress: o
510.4877 	DATA 	Keypress: o
510.4887 	DATA 	Keypress: o
510.4897 	DATA 	Keypress: o
510.5106 	Level image=waterlogo.jpg 	25
511.5097 	Level injecting via pump at address 0 	25
517.4916 	DATA 	Keypress: o
517.4927 	DATA 	Keypress: o
517.4939 	DATA 	Keypress: o
517.5004 	Level WAIT 	25
518.4881 	DATA 	Keypress: o
518.5072 	Level RINSE 	25
520.4925 	DATA 	Keypress: o
520.5076 	Level jitter 	25
521.4854 	Level finished 	25
521.5071 	Level image=tasty.jpg 	25
522.4878 	DATA 	Keypress: o
522.5004 	Level injecting via pump at address 1 	25
528.4909 	DATA 	Keypress: o
528.4922 	DATA 	Keypress: o
528.4936 	DATA 	Keypress: o
528.5012 	Level WAIT 	25
529.5010 	Level RINSE 	25
531.4911 	DATA 	Keypress: o
531.5025 	Level jitter 	25
537.4854 	Level finished 	25
