45.6033 	DATA 	Keypress: o
45.6045 	Level start key press 	25
47.6110 	DATA 	Keypress: o
49.6180 	DATA 	Keypress: o
51.6111 	DATA 	Keypress: o
53.6446 	DATA 	Keypress: o
53.6590 	Level image=waterlogo.jpg 	25
54.5891 	Level injecting via pump at address 0 	25
60.5804 	DATA 	Keypress: o
60.5817 	DATA 	Keypress: o
60.5829 	DATA 	Keypress: o
60.5917 	Level WAIT 	25
61.5864 	Level RINSE 	25
63.5889 	DATA 	Keypress: o
63.5922 	Level jitter 	25
70.5749 	Level finished 	25
70.5764 	DATA 	Keypress: o
70.5778 	DATA 	Keypress: o
70.5791 	DATA 	Keypress: o
70.5803 	DATA 	Keypress: o
70.5901 	Level image=tasty.jpg 	25
71.5842 	Level injecting via pump at address 0 	25
77.5801 	DATA 	Keypress: o
77.5814 	DATA 	Keypress: o
77.5826 	DATA 	Keypress: o
77.5859 	Level WAIT 	25
78.5774 	DATA 	Keypress: o
78.5807 	Level RINSE 	25
80.5797 	DATA 	Keypress: o
80.5877 	Level jitter 	25
84.5749 	Level finished 	25
84.5762 	DATA 	Keypress: o
84.5772 	DATA 	Keypress: o
84.5958 	Level image=tasty.jpg 	25
85.5946 	Level injecting via pump at address 1 	25
91.5803 	DATA 	Keypress: o
91.5815 	DATA 	Keypress: o
91.5825 	DATA 	Keypress: o
91.5962 	Level WAIT 	25
92.5772 	DATA 	Keypress: o
92.5804 	Level RINSE 	25
94.5793 	DATA 	Keypress: o
94.5969 	Level jitter 	25
95.5749 	Level finished 	25
95.5921 	Level image=tasty.jpg 	25
96.5774 	DATA 	Keypress: o
96.5809 	Level injecting via pump at address 0 	25
102.5808 	DATA 	Keypress: o
102.5821 	DATA 	Keypress: o
102.5833 	DATA 	Keypress: o
102.5895 	Level WAIT 	25
103.5814 	Level RINSE 	25
105.5798 	DATA 	Keypress: o
105.5894 	Level jitter 	25
113.5749 	Level finished 	25
113.5762 	DATA 	Keypress: o
113.5776 	DATA 	Keypress: o
113.5787 	DATA 	Keypress: o
113.5796 	DATA 	Keypress: o
113.5982 	Level image=waterlogo.jpg 	25
114.5772 	DATA 	Keypress: o
114.5828 	Level injecting via pump at address 0 	25
120.5803 	DATA 	Keypress: o
120.5816 	DATA 	Keypress: o
120.5830 	DATA 	Keypress: o
120.5942 	Level WAIT 	25
121.5833 	Level RINSE 	25
123.5798 	DATA 	Keypress: o
123.5835 	Level jitter 	25
131.5749 	Level finished 	25
131.5765 	DATA 	Keypress: o
131.5779 	DATA 	Keypress: o
131.5791 	DATA 	Keypress: o
131.5803 	DATA 	Keypress: o
131.6007 	Level image=waterlogo.jpg 	25
132.5777 	DATA 	Keypress: o
132.5821 	Level injecting via pump at address 0 	25
138.5804 	DATA 	Keypress: o
138.5816 	DATA 	Keypress: o
138.5828 	DATA 	Keypress: o
138.6005 	Level WAIT 	25
139.5851 	Level RINSE 	25
141.5797 	DATA 	Keypress: o
141.5851 	Level jitter 	25
147.5749 	Level finished 	25
147.5764 	DATA 	Keypress: o
147.5775 	DATA 	Keypress: o
147.5785 	DATA 	Keypress: o
147.5865 	Level image=tasty.jpg 	25
148.5777 	DATA 	Keypress: o
148.5827 	Level injecting via pump at address 1 	25
154.5798 	DATA 	Keypress: o
154.5810 	DATA 	Keypress: o
154.5820 	DATA 	Keypress: o
154.5865 	Level WAIT 	25
155.5868 	Level RINSE 	25
157.5801 	DATA 	Keypress: o
157.5846 	Level jitter 	25
159.5749 	Level finished 	25
159.5761 	DATA 	Keypress: o
159.5875 	Level image=tasty.jpg 	25
160.5774 	DATA 	Keypress: o
160.5863 	Level injecting via pump at address 0 	25
166.5803 	DATA 	Keypress: o
166.5816 	DATA 	Keypress: o
166.5828 	DATA 	Keypress: o
166.5874 	Level WAIT 	25
167.5824 	Level RINSE 	25
169.5818 	DATA 	Keypress: o
169.5888 	Level jitter 	25
175.5749 	Level finished 	25
175.5762 	DATA 	Keypress: o
175.5774 	DATA 	Keypress: o
175.5787 	DATA 	Keypress: o
175.5893 	Level image=waterlogo.jpg 	25
176.5775 	DATA 	Keypress: o
176.5859 	Level injecting via pump at address 0 	25
182.5809 	DATA 	Keypress: o
182.5823 	DATA 	Keypress: o
182.5835 	DATA 	Keypress: o
182.5885 	Level WAIT 	25
183.5823 	Level RINSE 	25
185.5801 	DATA 	Keypress: o
185.5880 	Level jitter 	25
187.5749 	Level finished 	25
187.5760 	DATA 	Keypress: o
187.5905 	Level image=waterlogo.jpg 	25
188.5773 	DATA 	Keypress: o
188.5894 	Level injecting via pump at address 0 	25
194.5807 	DATA 	Keypress: o
194.5820 	DATA 	Keypress: o
194.5831 	DATA 	Keypress: o
194.5921 	Level WAIT 	25
195.5858 	Level RINSE 	25
197.5795 	DATA 	Keypress: o
197.5918 	Level jitter 	25
206.5749 	Level finished 	25
206.5763 	DATA 	Keypress: o
206.5775 	DATA 	Keypress: o
206.5786 	DATA 	Keypress: o
206.5796 	DATA 	Keypress: o
206.5805 	DATA 	Keypress: o
206.5937 	Level image=tasty.jpg 	25
207.5904 	Level injecting via pump at address 1 	25
213.5804 	DATA 	Keypress: o
213.5816 	DATA 	Keypress: o
213.5825 	DATA 	Keypress: o
213.5916 	Level WAIT 	25
214.5772 	DATA 	Keypress: o
214.5868 	Level RINSE 	25
216.5801 	DATA 	Keypress: o
216.5931 	Level jitter 	25
223.5749 	Level finished 	25
223.5762 	DATA 	Keypress: o
223.5774 	DATA 	Keypress: o
223.5785 	DATA 	Keypress: o
223.5900 	Level image=tasty.jpg 	25
224.5773 	DATA 	Keypress: o
224.5851 	Level injecting via pump at address 0 	25
230.5806 	DATA 	Keypress: o
230.5822 	DATA 	Keypress: o
230.5834 	DATA 	Keypress: o
230.5868 	Level WAIT 	25
231.5792 	Level RINSE 	25
233.5791 	DATA 	Keypress: o
233.5876 	Level jitter 	25
240.5749 	Level finished 	25
240.5764 	DATA 	Keypress: o
240.5778 	DATA 	Keypress: o
240.5790 	DATA 	Keypress: o
240.5802 	DATA 	Keypress: o
240.5973 	Level image=waterlogo.jpg 	25
241.5791 	Level injecting via pump at address 0 	25
247.5798 	DATA 	Keypress: o
247.5808 	DATA 	Keypress: o
247.5817 	DATA 	Keypress: o
247.5983 	Level WAIT 	25
248.5774 	DATA 	Keypress: o
248.5817 	Level RINSE 	25
250.5803 	DATA 	Keypress: o
250.5988 	Level jitter 	25
255.5749 	Level finished 	25
255.5761 	DATA 	Keypress: o
255.5771 	DATA 	Keypress: o
255.5896 	Level image=tasty.jpg 	25
256.5774 	DATA 	Keypress: o
256.5827 	Level injecting via pump at address 0 	25
262.5808 	DATA 	Keypress: o
262.5820 	DATA 	Keypress: o
262.5830 	DATA 	Keypress: o
262.5867 	Level WAIT 	25
263.5811 	Level RINSE 	25
265.5797 	DATA 	Keypress: o
265.5831 	Level jitter 	25
266.5749 	Level finished 	25
266.5761 	DATA 	Keypress: o
266.5835 	Level image=tasty.jpg 	25
267.5833 	Level injecting via pump at address 1 	25
273.5809 	DATA 	Keypress: o
273.5823 	DATA 	Keypress: o
273.5836 	DATA 	Keypress: o
273.5959 	Level WAIT 	25
274.5773 	DATA 	Keypress: o
274.5846 	Level RINSE 	25
276.5792 	DATA 	Keypress: o
276.5847 	Level jitter 	25
279.5749 	Level finished 	25
279.5761 	DATA 	Keypress: o
279.5855 	Level image=tasty.jpg 	25
280.5777 	DATA 	Keypress: o
280.5856 	Level injecting via pump at address 0 	25
286.5808 	DATA 	Keypress: o
286.5822 	DATA 	Keypress: o
286.5834 	DATA 	Keypress: o
286.5945 	Level WAIT 	25
287.5863 	Level RINSE 	25
289.5802 	DATA 	Keypress: o
289.5863 	Level jitter 	25
291.5749 	Level finished 	25
291.5761 	DATA 	Keypress: o
291.5843 	Level image=tasty.jpg 	25
292.5777 	DATA 	Keypress: o
292.5864 	Level injecting via pump at address 1 	25
298.5797 	DATA 	Keypress: o
298.5806 	DATA 	Keypress: o
298.5816 	DATA 	Keypress: o
298.5870 	Level WAIT 	25
299.5867 	Level RINSE 	25
301.5805 	DATA 	Keypress: o
301.5879 	Level jitter 	25
303.5749 	Level finished 	25
303.5760 	DATA 	Keypress: o
303.5880 	Level image=tasty.jpg 	25
304.5775 	DATA 	Keypress: o
304.5830 	Level injecting via pump at address 0 	25
310.5812 	DATA 	Keypress: o
310.5830 	DATA 	Keypress: o
310.5846 	DATA 	Keypress: o
310.5884 	Level WAIT 	25
311.5804 	Level RINSE 	25
313.5798 	DATA 	Keypress: o
313.5865 	Level jitter 	25
314.5749 	Level finished 	25
314.5760 	DATA 	Keypress: o
314.5895 	Level image=waterlogo.jpg 	25
315.5896 	Level injecting via pump at address 0 	25
321.5803 	DATA 	Keypress: o
321.5815 	DATA 	Keypress: o
321.5825 	DATA 	Keypress: o
321.5902 	Level WAIT 	25
322.5773 	DATA 	Keypress: o
322.5899 	Level RINSE 	25
324.5801 	DATA 	Keypress: o
324.5899 	Level jitter 	25
330.5749 	Level finished 	25
330.5762 	DATA 	Keypress: o
330.5772 	DATA 	Keypress: o
330.5781 	DATA 	Keypress: o
330.5912 	Level image=tasty.jpg 	25
331.5917 	Level injecting via pump at address 1 	25
337.5798 	DATA 	Keypress: o
337.5810 	DATA 	Keypress: o
337.5820 	DATA 	Keypress: o
337.5915 	Level WAIT 	25
338.5774 	DATA 	Keypress: o
338.5886 	Level RINSE 	25
340.5796 	DATA 	Keypress: o
340.5916 	Level jitter 	25
343.5749 	Level finished 	25
343.5762 	DATA 	Keypress: o
343.5932 	Level image=tasty.jpg 	25
344.5775 	DATA 	Keypress: o
344.5910 	Level injecting via pump at address 0 	25
350.5802 	DATA 	Keypress: o
350.5814 	DATA 	Keypress: o
350.5826 	DATA 	Keypress: o
350.5932 	Level WAIT 	25
351.5884 	Level RINSE 	25
353.5802 	DATA 	Keypress: o
353.5940 	Level jitter 	25
355.5749 	Level finished 	25
355.5762 	DATA 	Keypress: o
355.5834 	Level image=tasty.jpg 	25
356.5774 	DATA 	Keypress: o
356.5935 	Level injecting via pump at address 1 	25
362.5798 	DATA 	Keypress: o
362.5810 	DATA 	Keypress: o
362.5820 	DATA 	Keypress: o
362.5947 	Level WAIT 	25
363.5922 	Level RINSE 	25
365.5801 	DATA 	Keypress: o
365.5949 	Level jitter 	25
369.5749 	Level finished 	25
369.5761 	DATA 	Keypress: o
369.5775 	DATA 	Keypress: o
369.5941 	Level image=tasty.jpg 	25
370.5773 	DATA 	Keypress: o
370.5882 	Level injecting via pump at address 0 	25
376.5804 	DATA 	Keypress: o
376.5818 	DATA 	Keypress: o
376.5830 	DATA 	Keypress: o
376.5908 	Level WAIT 	25
377.5804 	Level RINSE 	25
379.5800 	DATA 	Keypress: o
379.5915 	Level jitter 	25
386.5749 	Level finished 	25
386.5763 	DATA 	Keypress: o
386.5778 	DATA 	Keypress: o
386.5790 	DATA 	Keypress: o
386.5801 	DATA 	Keypress: o
386.5890 	Level image=tasty.jpg 	25
387.5805 	Level injecting via pump at address 0 	25
393.5802 	DATA 	Keypress: o
393.5814 	DATA 	Keypress: o
393.5827 	DATA 	Keypress: o
393.5983 	Level WAIT 	25
394.5777 	DATA 	Keypress: o
394.5822 	Level RINSE 	25
396.5802 	DATA 	Keypress: o
396.5867 	Level jitter 	25
400.5749 	Level finished 	25
