67.1417 	DATA 	Keypress: o
67.1425 	Level start key press 	25
69.1569 	DATA 	Keypress: o
71.1570 	DATA 	Keypress: o
73.1571 	DATA 	Keypress: o
75.1405 	DATA 	Keypress: o
75.6881 	Level image=tasty.jpg 	25
76.6217 	Level injecting via pump at address 1 	25
82.6095 	DATA 	Keypress: o
82.6106 	DATA 	Keypress: o
82.6118 	DATA 	Keypress: o
82.6223 	Level WAIT 	25
83.6078 	DATA 	Keypress: o
83.6388 	Level RINSE 	25
85.6185 	DATA 	Keypress: o
85.6388 	Level jitter 	25
94.6049 	Level finished 	25
94.6061 	DATA 	Keypress: o
94.6071 	DATA 	Keypress: o
94.6081 	DATA 	Keypress: o
94.6091 	DATA 	Keypress: o
94.6233 	Level image=waterlogo.jpg 	25
95.6079 	DATA 	Keypress: o
95.6229 	Level injecting via pump at address 0 	25
101.6104 	DATA 	Keypress: o
101.6117 	DATA 	Keypress: o
101.6129 	DATA 	Keypress: o
101.6399 	Level WAIT 	25
102.6233 	Level RINSE 	25
104.6102 	DATA 	Keypress: o
104.6240 	Level jitter 	25
108.6049 	Level finished 	25
108.6061 	DATA 	Keypress: o
108.6071 	DATA 	Keypress: o
108.6405 	Level image=tasty.jpg 	25
109.6072 	DATA 	Keypress: o
109.6239 	Level injecting via pump at address 1 	25
115.6102 	DATA 	Keypress: o
115.6115 	DATA 	Keypress: o
115.6127 	DATA 	Keypress: o
115.6246 	Level WAIT 	25
116.6243 	Level RINSE 	25
118.6099 	DATA 	Keypress: o
118.6244 	Level jitter 	25
122.6049 	Level finished 	25
122.6061 	DATA 	Keypress: o
122.6073 	DATA 	Keypress: o
122.6249 	Level image=waterlogo.jpg 	25
123.6075 	DATA 	Keypress: o
123.6249 	Level injecting via pump at address 0 	25
129.6098 	DATA 	Keypress: o
129.6108 	DATA 	Keypress: o
129.6118 	DATA 	Keypress: o
129.6256 	Level WAIT 	25
130.6253 	Level RINSE 	25
132.6103 	DATA 	Keypress: o
132.6254 	Level jitter 	25
136.6049 	Level finished 	25
136.6062 	DATA 	Keypress: o
136.6072 	DATA 	Keypress: o
136.6424 	Level image=waterlogo.jpg 	25
137.6075 	DATA 	Keypress: o
137.6259 	Level injecting via pump at address 0 	25
143.6097 	DATA 	Keypress: o
143.6107 	DATA 	Keypress: o
143.6117 	DATA 	Keypress: o
143.6266 	Level WAIT 	25
144.6263 	Level RINSE 	25
146.6104 	DATA 	Keypress: o
146.6430 	Level jitter 	25
150.6049 	Level finished 	25
150.6061 	DATA 	Keypress: o
150.6072 	DATA 	Keypress: o
150.6268 	Level image=tasty.jpg 	25
151.6073 	DATA 	Keypress: o
151.6269 	Level injecting via pump at address 1 	25
157.6102 	DATA 	Keypress: o
157.6114 	DATA 	Keypress: o
157.6126 	DATA 	Keypress: o
157.6275 	Level WAIT 	25
158.6272 	Level RINSE 	25
160.6101 	DATA 	Keypress: o
160.6273 	Level jitter 	25
166.6049 	Level finished 	25
166.6061 	DATA 	Keypress: o
166.6072 	DATA 	Keypress: o
166.6082 	DATA 	Keypress: o
166.6279 	Level image=waterlogo.jpg 	25
167.6077 	DATA 	Keypress: o
167.6284 	Level injecting via pump at address 0 	25
173.6103 	DATA 	Keypress: o
173.6118 	DATA 	Keypress: o
173.6131 	DATA 	Keypress: o
173.6282 	Level WAIT 	25
174.6283 	Level RINSE 	25
176.6094 	DATA 	Keypress: o
176.6285 	Level jitter 	25
179.6049 	Level finished 	25
179.6061 	DATA 	Keypress: o
179.6072 	DATA 	Keypress: o
179.6293 	Level image=tasty.jpg 	25
180.6289 	Level injecting via pump at address 1 	25
186.6104 	DATA 	Keypress: o
186.6118 	DATA 	Keypress: o
186.6130 	DATA 	Keypress: o
186.6291 	Level WAIT 	25
187.6079 	DATA 	Keypress: o
187.6126 	Level RINSE 	25
189.6102 	DATA 	Keypress: o
189.6297 	Level jitter 	25
192.6049 	Level finished 	25
192.6060 	DATA 	Keypress: o
192.6296 	Level image=waterlogo.jpg 	25
193.6073 	DATA 	Keypress: o
193.6130 	Level injecting via pump at address 0 	25
199.6104 	DATA 	Keypress: o
199.6116 	DATA 	Keypress: o
199.6128 	DATA 	Keypress: o
199.6472 	Level WAIT 	25
200.6135 	Level RINSE 	25
202.6102 	DATA 	Keypress: o
202.6302 	Level jitter 	25
206.6049 	Level finished 	25
206.6062 	DATA 	Keypress: o
206.6072 	DATA 	Keypress: o
206.6306 	Level image=waterlogo.jpg 	25
207.6075 	DATA 	Keypress: o
207.6308 	Level injecting via pump at address 0 	25
213.6106 	DATA 	Keypress: o
213.6120 	DATA 	Keypress: o
213.6133 	DATA 	Keypress: o
213.6314 	Level WAIT 	25
214.6311 	Level RINSE 	25
216.6099 	DATA 	Keypress: o
216.6312 	Level jitter 	25
221.6049 	Level finished 	25
221.6061 	DATA 	Keypress: o
221.6072 	DATA 	Keypress: o
221.6083 	DATA 	Keypress: o
221.6150 	Level image=tasty.jpg 	25
222.6150 	Level injecting via pump at address 1 	25
228.6105 	DATA 	Keypress: o
228.6118 	DATA 	Keypress: o
228.6130 	DATA 	Keypress: o
228.6324 	Level WAIT 	25
229.6074 	DATA 	Keypress: o
229.6321 	Level RINSE 	25
231.6097 	DATA 	Keypress: o
231.6156 	Level jitter 	25
234.6049 	Level finished 	25
234.6063 	DATA 	Keypress: o
234.6325 	Level image=waterlogo.jpg 	25
235.6073 	DATA 	Keypress: o
235.6326 	Level injecting via pump at address 0 	25
241.6102 	DATA 	Keypress: o
241.6114 	DATA 	Keypress: o
241.6127 	DATA 	Keypress: o
241.6333 	Level WAIT 	25
242.6330 	Level RINSE 	25
244.6105 	DATA 	Keypress: o
244.6331 	Level jitter 	25
252.6049 	Level finished 	25
252.6061 	DATA 	Keypress: o
252.6072 	DATA 	Keypress: o
252.6083 	DATA 	Keypress: o
252.6093 	DATA 	Keypress: o
252.6343 	Level image=tasty.jpg 	25
253.6072 	DATA 	Keypress: o
253.6171 	Level injecting via pump at address 1 	25
259.6104 	DATA 	Keypress: o
259.6117 	DATA 	Keypress: o
259.6130 	DATA 	Keypress: o
259.6341 	Level WAIT 	25
260.6176 	Level RINSE 	25
262.6094 	DATA 	Keypress: o
262.6182 	Level jitter 	25
264.6049 	Level finished 	25
264.6060 	DATA 	Keypress: o
264.6346 	Level image=tasty.jpg 	25
265.6073 	DATA 	Keypress: o
265.6180 	Level injecting via pump at address 1 	25
271.6105 	DATA 	Keypress: o
271.6116 	DATA 	Keypress: o
271.6126 	DATA 	Keypress: o
271.6183 	Level WAIT 	25
272.6189 	Level RINSE 	25
274.6099 	DATA 	Keypress: o
274.6186 	Level jitter 	25
276.6049 	Level finished 	25
276.6060 	DATA 	Keypress: o
276.6354 	Level image=waterlogo.jpg 	25
277.6075 	DATA 	Keypress: o
277.6355 	Level injecting via pump at address 0 	25
283.6103 	DATA 	Keypress: o
283.6117 	DATA 	Keypress: o
283.6129 	DATA 	Keypress: o
283.6363 	Level WAIT 	25
284.6192 	Level RINSE 	25
286.6102 	DATA 	Keypress: o
286.6361 	Level jitter 	25
289.6049 	Level finished 	25
289.6061 	DATA 	Keypress: o
289.6072 	DATA 	Keypress: o
289.6363 	Level image=tasty.jpg 	25
290.6198 	Level injecting via pump at address 1 	25
296.6098 	DATA 	Keypress: o
296.6108 	DATA 	Keypress: o
296.6117 	DATA 	Keypress: o
296.6204 	Level WAIT 	25
297.6077 	DATA 	Keypress: o
297.6201 	Level RINSE 	25
299.6104 	DATA 	Keypress: o
299.6202 	Level jitter 	25
301.6049 	Level finished 	25
301.6060 	DATA 	Keypress: o
301.6371 	Level image=waterlogo.jpg 	25
302.6372 	Level injecting via pump at address 0 	25
308.6101 	DATA 	Keypress: o
308.6114 	DATA 	Keypress: o
308.6126 	DATA 	Keypress: o
308.6380 	Level WAIT 	25
309.6080 	DATA 	Keypress: o
309.6210 	Level RINSE 	25
311.6094 	DATA 	Keypress: o
311.6378 	Level jitter 	25
312.6049 	Level finished 	25
312.6212 	Level image=tasty.jpg 	25
313.6077 	DATA 	Keypress: o
313.6213 	Level injecting via pump at address 1 	25
319.6104 	DATA 	Keypress: o
319.6118 	DATA 	Keypress: o
319.6130 	DATA 	Keypress: o
319.6221 	Level WAIT 	25
320.6218 	Level RINSE 	25
322.6103 	DATA 	Keypress: o
322.6218 	Level jitter 	25
324.6049 	Level finished 	25
324.6062 	DATA 	Keypress: o
324.6221 	Level image=waterlogo.jpg 	25
325.6073 	DATA 	Keypress: o
325.6222 	Level injecting via pump at address 0 	25
331.6097 	DATA 	Keypress: o
331.6108 	DATA 	Keypress: o
331.6119 	DATA 	Keypress: o
331.6230 	Level WAIT 	25
332.6226 	Level RINSE 	25
334.6097 	DATA 	Keypress: o
334.6228 	Level jitter 	25
340.6049 	Level finished 	25
340.6061 	DATA 	Keypress: o
340.6072 	DATA 	Keypress: o
340.6081 	DATA 	Keypress: o
340.6231 	Level image=waterlogo.jpg 	25
341.6078 	DATA 	Keypress: o
341.6236 	Level injecting via pump at address 0 	25
347.6096 	DATA 	Keypress: o
347.6108 	DATA 	Keypress: o
347.6120 	DATA 	Keypress: o
347.6236 	Level WAIT 	25
348.6238 	Level RINSE 	25
350.6097 	DATA 	Keypress: o
350.6238 	Level jitter 	25
353.6049 	Level finished 	25
353.6064 	DATA 	Keypress: o
353.6078 	DATA 	Keypress: o
353.6244 	Level image=tasty.jpg 	25
354.6241 	Level injecting via pump at address 1 	25
360.6102 	DATA 	Keypress: o
360.6114 	DATA 	Keypress: o
360.6125 	DATA 	Keypress: o
360.6245 	Level WAIT 	25
361.6073 	DATA 	Keypress: o
361.6246 	Level RINSE 	25
363.6108 	DATA 	Keypress: o
363.6252 	Level jitter 	25
371.6049 	Level finished 	25
371.6063 	DATA 	Keypress: o
371.6077 	DATA 	Keypress: o
371.6091 	DATA 	Keypress: o
371.6103 	DATA 	Keypress: o
371.6252 	Level image=waterlogo.jpg 	25
372.6253 	Level injecting via pump at address 0 	25
378.6105 	DATA 	Keypress: o
378.6120 	DATA 	Keypress: o
378.6132 	DATA 	Keypress: o
378.6263 	Level WAIT 	25
379.6072 	DATA 	Keypress: o
379.6259 	Level RINSE 	25
381.6101 	DATA 	Keypress: o
381.6259 	Level jitter 	25
386.6049 	Level finished 	25
386.6061 	DATA 	Keypress: o
386.6072 	DATA 	Keypress: o
386.6430 	Level image=tasty.jpg 	25
387.6077 	DATA 	Keypress: o
387.6264 	Level injecting via pump at address 1 	25
393.6104 	DATA 	Keypress: o
393.6118 	DATA 	Keypress: o
393.6130 	DATA 	Keypress: o
393.6273 	Level WAIT 	25
394.6268 	Level RINSE 	25
396.6095 	DATA 	Keypress: o
396.6269 	Level jitter 	25
400.6049 	Level finished 	25
400.6061 	DATA 	Keypress: o
400.6071 	DATA 	Keypress: o
400.6273 	Level image=waterlogo.jpg 	25
401.6078 	DATA 	Keypress: o
401.6274 	Level injecting via pump at address 0 	25
407.6115 	DATA 	Keypress: o
407.6131 	DATA 	Keypress: o
407.6144 	DATA 	Keypress: o
407.6282 	Level WAIT 	25
408.6279 	Level RINSE 	25
410.6094 	DATA 	Keypress: o
410.6280 	Level jitter 	25
415.6049 	Level finished 	25
415.6063 	DATA 	Keypress: o
415.6076 	DATA 	Keypress: o
415.6088 	DATA 	Keypress: o
415.6283 	Level image=tasty.jpg 	25
416.6284 	Level injecting via pump at address 1 	25
422.6099 	DATA 	Keypress: o
422.6110 	DATA 	Keypress: o
422.6121 	DATA 	Keypress: o
422.6293 	Level WAIT 	25
423.6078 	DATA 	Keypress: o
423.6289 	Level RINSE 	25
425.6103 	DATA 	Keypress: o
425.6290 	Level jitter 	25
434.6049 	Level finished 	25
434.6062 	DATA 	Keypress: o
434.6073 	DATA 	Keypress: o
434.6083 	DATA 	Keypress: o
434.6093 	DATA 	Keypress: o
434.6301 	Level image=waterlogo.jpg 	25
435.6073 	DATA 	Keypress: o
435.6298 	Level injecting via pump at address 0 	25
441.6109 	DATA 	Keypress: o
441.6121 	DATA 	Keypress: o
441.6132 	DATA 	Keypress: o
441.6300 	Level WAIT 	25
442.6301 	Level RINSE 	25
444.6113 	DATA 	Keypress: o
444.6307 	Level jitter 	25
453.6049 	Level finished 	25
453.6062 	DATA 	Keypress: o
453.6075 	DATA 	Keypress: o
453.6089 	DATA 	Keypress: o
453.6104 	DATA 	Keypress: o
453.6116 	DATA 	Keypress: o
453.6309 	Level image=tasty.jpg 	25
454.6314 	Level injecting via pump at address 1 	25
460.6112 	DATA 	Keypress: o
460.6128 	DATA 	Keypress: o
460.6140 	DATA 	Keypress: o
460.6314 	Level WAIT 	25
461.6073 	DATA 	Keypress: o
461.6315 	Level RINSE 	25
463.6103 	DATA 	Keypress: o
463.6316 	Level jitter 	25
467.6049 	Level finished 	25
467.6063 	DATA 	Keypress: o
467.6073 	DATA 	Keypress: o
467.6323 	Level image=tasty.jpg 	25
468.6153 	Level injecting via pump at address 1 	25
474.6094 	DATA 	Keypress: o
474.6105 	DATA 	Keypress: o
474.6115 	DATA 	Keypress: o
474.6156 	Level WAIT 	25
475.6075 	DATA 	Keypress: o
475.6324 	Level RINSE 	25
477.6105 	DATA 	Keypress: o
477.6163 	Level jitter 	25
480.6049 	Level finished 	25
480.6061 	DATA 	Keypress: o
480.6161 	Level image=waterlogo.jpg 	25
481.6076 	DATA 	Keypress: o
481.6162 	Level injecting via pump at address 0 	25
487.6103 	DATA 	Keypress: o
487.6114 	DATA 	Keypress: o
487.6124 	DATA 	Keypress: o
487.6336 	Level WAIT 	25
488.6334 	Level RINSE 	25
490.6099 	DATA 	Keypress: o
490.6168 	Level jitter 	25
491.6049 	Level finished 	25
491.6062 	DATA 	Keypress: o
491.6336 	Level image=tasty.jpg 	25
492.6337 	Level injecting via pump at address 1 	25
498.6103 	DATA 	Keypress: o
498.6116 	DATA 	Keypress: o
498.6129 	DATA 	Keypress: o
498.6344 	Level WAIT 	25
499.6077 	DATA 	Keypress: o
499.6174 	Level RINSE 	25
501.6100 	DATA 	Keypress: o
501.6342 	Level jitter 	25
508.6049 	Level finished 	25
508.6061 	DATA 	Keypress: o
508.6071 	DATA 	Keypress: o
508.6081 	DATA 	Keypress: o
508.6353 	Level image=waterlogo.jpg 	25
509.6073 	DATA 	Keypress: o
509.6181 	Level injecting via pump at address 0 	25
515.6100 	DATA 	Keypress: o
515.6110 	DATA 	Keypress: o
515.6120 	DATA 	Keypress: o
515.6185 	Level WAIT 	25
516.6186 	Level RINSE 	25
518.6118 	DATA 	Keypress: o
518.6192 	Level jitter 	25
519.6049 	Level finished 	25
519.6060 	DATA 	Keypress: o
519.6355 	Level image=tasty.jpg 	25
520.6356 	Level injecting via pump at address 1 	25
526.6098 	DATA 	Keypress: o
526.6109 	DATA 	Keypress: o
526.6118 	DATA 	Keypress: o
526.6359 	Level WAIT 	25
527.6072 	DATA 	Keypress: o
527.6193 	Level RINSE 	25
529.6093 	DATA 	Keypress: o
529.6365 	Level jitter 	25
535.6049 	Level finished 	25
