44.6775 	DATA 	Keypress: o
44.6783 	Level start key press 	25
46.6799 	DATA 	Keypress: o
48.6801 	DATA 	Keypress: o
50.6802 	DATA 	Keypress: o
52.6804 	DATA 	Keypress: o
53.1946 	Level image=waterlogo.jpg 	25
54.1447 	Level injecting via pump at address 0 	25
60.1337 	DATA 	Keypress: o
60.1351 	DATA 	Keypress: o
60.1363 	DATA 	Keypress: o
60.1456 	Level WAIT 	25
61.1307 	DATA 	Keypress: o
61.1452 	Level RINSE 	25
63.1445 	DATA 	Keypress: o
63.1619 	Level jitter 	25
70.1280 	Level finished 	25
70.1294 	DATA 	Keypress: o
70.1307 	DATA 	Keypress: o
70.1319 	DATA 	Keypress: o
70.1629 	Level image=waterlogo.jpg 	25
71.1309 	DATA 	Keypress: o
71.1626 	Level injecting via pump at address 0 	25
77.1347 	DATA 	Keypress: o
77.1361 	DATA 	Keypress: o
77.1373 	DATA 	Keypress: o
77.1629 	Level WAIT 	25
78.1464 	Level RINSE 	25
80.1327 	DATA 	Keypress: o
80.1636 	Level jitter 	25
85.1280 	Level finished 	25
85.1294 	DATA 	Keypress: o
85.1309 	DATA 	Keypress: o
85.1324 	DATA 	Keypress: o
85.1469 	Level image=tasty.jpg 	25
86.1471 	Level injecting via pump at address 1 	25
92.1334 	DATA 	Keypress: o
92.1348 	DATA 	Keypress: o
92.1359 	DATA 	Keypress: o
92.1645 	Level WAIT 	25
93.1303 	DATA 	Keypress: o
93.1642 	Level RINSE 	25
95.1338 	DATA 	Keypress: o
95.1475 	Level jitter 	25
98.1280 	Level finished 	25
98.1293 	DATA 	Keypress: o
98.1478 	Level image=tasty.jpg 	25
99.1308 	DATA 	Keypress: o
99.1479 	Level injecting via pump at address 0 	25
105.1344 	DATA 	Keypress: o
105.1358 	DATA 	Keypress: o
105.1372 	DATA 	Keypress: o
105.1654 	Level WAIT 	25
106.1483 	Level RINSE 	25
108.1339 	DATA 	Keypress: o
108.1651 	Level jitter 	25
114.1280 	Level finished 	25
114.1294 	DATA 	Keypress: o
114.1305 	DATA 	Keypress: o
114.1316 	DATA 	Keypress: o
114.1655 	Level image=tasty.jpg 	25
115.1312 	DATA 	Keypress: o
115.1495 	Level injecting via pump at address 0 	25
121.1339 	DATA 	Keypress: o
121.1353 	DATA 	Keypress: o
121.1363 	DATA 	Keypress: o
121.1661 	Level WAIT 	25
122.1494 	Level RINSE 	25
124.1334 	DATA 	Keypress: o
124.1662 	Level jitter 	25
133.1280 	Level finished 	25
133.1295 	DATA 	Keypress: o
133.1309 	DATA 	Keypress: o
133.1322 	DATA 	Keypress: o
133.1334 	DATA 	Keypress: o
133.1346 	DATA 	Keypress: o
133.1674 	Level image=tasty.jpg 	25
134.1336 	Level injecting via pump at address 1 	25
140.1338 	DATA 	Keypress: o
140.1352 	DATA 	Keypress: o
140.1364 	DATA 	Keypress: o
140.1506 	Level WAIT 	25
141.1305 	DATA 	Keypress: o
141.1507 	Level RINSE 	25
143.1338 	DATA 	Keypress: o
143.1513 	Level jitter 	25
149.1280 	Level finished 	25
149.1294 	DATA 	Keypress: o
149.1311 	DATA 	Keypress: o
149.1324 	DATA 	Keypress: o
149.1681 	Level image=tasty.jpg 	25
150.1347 	Level injecting via pump at address 0 	25
156.1345 	DATA 	Keypress: o
156.1360 	DATA 	Keypress: o
156.1373 	DATA 	Keypress: o
156.1522 	Level WAIT 	25
157.1318 	DATA 	Keypress: o
157.1519 	Level RINSE 	25
159.1333 	DATA 	Keypress: o
159.1520 	Level jitter 	25
162.1280 	Level finished 	25
162.1292 	DATA 	Keypress: o
162.1522 	Level image=tasty.jpg 	25
163.1303 	DATA 	Keypress: o
163.1523 	Level injecting via pump at address 1 	25
169.1336 	DATA 	Keypress: o
169.1352 	DATA 	Keypress: o
169.1369 	DATA 	Keypress: o
169.1530 	Level WAIT 	25
170.1527 	Level RINSE 	25
172.1325 	DATA 	Keypress: o
172.1529 	Level jitter 	25
177.1280 	Level finished 	25
177.1294 	DATA 	Keypress: o
177.1307 	DATA 	Keypress: o
177.1321 	DATA 	Keypress: o
177.1699 	Level image=tasty.jpg 	25
178.1366 	Level injecting via pump at address 0 	25
184.1340 	DATA 	Keypress: o
184.1355 	DATA 	Keypress: o
184.1371 	DATA 	Keypress: o
184.1541 	Level WAIT 	25
185.1306 	DATA 	Keypress: o
185.1537 	Level RINSE 	25
187.1336 	DATA 	Keypress: o
187.1372 	Level jitter 	25
188.1280 	Level finished 	25
188.1541 	Level image=waterlogo.jpg 	25
189.1305 	DATA 	Keypress: o
189.1542 	Level injecting via pump at address 0 	25
195.1338 	DATA 	Keypress: o
195.1353 	DATA 	Keypress: o
195.1366 	DATA 	Keypress: o
195.1548 	Level WAIT 	25
196.1379 	Level RINSE 	25
198.1331 	DATA 	Keypress: o
198.1546 	Level jitter 	25
203.1280 	Level finished 	25
203.1294 	DATA 	Keypress: o
203.1305 	DATA 	Keypress: o
203.1315 	DATA 	Keypress: o
203.1550 	Level image=waterlogo.jpg 	25
204.1552 	Level injecting via pump at address 0 	25
210.1338 	DATA 	Keypress: o
210.1352 	DATA 	Keypress: o
210.1365 	DATA 	Keypress: o
210.1559 	Level WAIT 	25
211.1307 	DATA 	Keypress: o
211.1556 	Level RINSE 	25
213.1338 	DATA 	Keypress: o
213.1556 	Level jitter 	25
216.1280 	Level finished 	25
216.1293 	DATA 	Keypress: o
216.1559 	Level image=tasty.jpg 	25
217.1304 	DATA 	Keypress: o
217.1561 	Level injecting via pump at address 0 	25
223.1337 	DATA 	Keypress: o
223.1352 	DATA 	Keypress: o
223.1363 	DATA 	Keypress: o
223.1568 	Level WAIT 	25
224.1564 	Level RINSE 	25
226.1330 	DATA 	Keypress: o
226.1565 	Level jitter 	25
232.1280 	Level finished 	25
232.1297 	DATA 	Keypress: o
232.1309 	DATA 	Keypress: o
232.1322 	DATA 	Keypress: o
232.1571 	Level image=waterlogo.jpg 	25
233.1308 	DATA 	Keypress: o
233.1577 	Level injecting via pump at address 0 	25
239.1335 	DATA 	Keypress: o
239.1349 	DATA 	Keypress: o
239.1362 	DATA 	Keypress: o
239.1574 	Level WAIT 	25
240.1409 	Level RINSE 	25
242.1329 	DATA 	Keypress: o
242.1576 	Level jitter 	25
244.1280 	Level finished 	25
244.1291 	DATA 	Keypress: o
244.1583 	Level image=waterlogo.jpg 	25
245.1306 	DATA 	Keypress: o
245.1580 	Level injecting via pump at address 0 	25
251.1337 	DATA 	Keypress: o
251.1349 	DATA 	Keypress: o
251.1359 	DATA 	Keypress: o
251.1583 	Level WAIT 	25
252.1584 	Level RINSE 	25
254.1325 	DATA 	Keypress: o
254.1589 	Level jitter 	25
262.1280 	Level finished 	25
262.1294 	DATA 	Keypress: o
262.1306 	DATA 	Keypress: o
262.1318 	DATA 	Keypress: o
262.1331 	DATA 	Keypress: o
262.1424 	Level image=tasty.jpg 	25
263.1317 	DATA 	Keypress: o
263.1424 	Level injecting via pump at address 0 	25
269.1332 	DATA 	Keypress: o
269.1344 	DATA 	Keypress: o
269.1355 	DATA 	Keypress: o
269.1600 	Level WAIT 	25
270.1430 	Level RINSE 	25
272.1332 	DATA 	Keypress: o
272.1431 	Level jitter 	25
277.1280 	Level finished 	25
277.1294 	DATA 	Keypress: o
277.1305 	DATA 	Keypress: o
277.1315 	DATA 	Keypress: o
277.1602 	Level image=waterlogo.jpg 	25
278.1435 	Level injecting via pump at address 0 	25
284.1340 	DATA 	Keypress: o
284.1354 	DATA 	Keypress: o
284.1367 	DATA 	Keypress: o
284.1444 	Level WAIT 	25
285.1305 	DATA 	Keypress: o
285.1441 	Level RINSE 	25
287.1328 	DATA 	Keypress: o
287.1442 	Level jitter 	25
292.1280 	Level finished 	25
292.1293 	DATA 	Keypress: o
292.1303 	DATA 	Keypress: o
292.1612 	Level image=tasty.jpg 	25
293.1305 	DATA 	Keypress: o
293.1446 	Level injecting via pump at address 0 	25
299.1332 	DATA 	Keypress: o
299.1343 	DATA 	Keypress: o
299.1353 	DATA 	Keypress: o
299.1454 	Level WAIT 	25
300.1450 	Level RINSE 	25
302.1337 	DATA 	Keypress: o
302.1618 	Level jitter 	25
309.1280 	Level finished 	25
309.1293 	DATA 	Keypress: o
309.1303 	DATA 	Keypress: o
309.1317 	DATA 	Keypress: o
309.1332 	DATA 	Keypress: o
309.1461 	Level image=tasty.jpg 	25
310.1458 	Level injecting via pump at address 1 	25
316.1334 	DATA 	Keypress: o
316.1347 	DATA 	Keypress: o
316.1357 	DATA 	Keypress: o
316.1461 	Level WAIT 	25
317.1307 	DATA 	Keypress: o
317.1463 	Level RINSE 	25
319.1326 	DATA 	Keypress: o
319.1467 	Level jitter 	25
323.1280 	Level finished 	25
323.1294 	DATA 	Keypress: o
323.1307 	DATA 	Keypress: o
323.1633 	Level image=tasty.jpg 	25
324.1467 	Level injecting via pump at address 0 	25
330.1336 	DATA 	Keypress: o
330.1348 	DATA 	Keypress: o
330.1358 	DATA 	Keypress: o
330.1642 	Level WAIT 	25
331.1305 	DATA 	Keypress: o
331.1471 	Level RINSE 	25
333.1325 	DATA 	Keypress: o
333.1640 	Level jitter 	25
336.1280 	Level finished 	25
336.1293 	DATA 	Keypress: o
336.1642 	Level image=tasty.jpg 	25
337.1308 	DATA 	Keypress: o
337.1476 	Level injecting via pump at address 1 	25
343.1345 	DATA 	Keypress: o
343.1359 	DATA 	Keypress: o
343.1372 	DATA 	Keypress: o
343.1485 	Level WAIT 	25
344.1482 	Level RINSE 	25
346.1334 	DATA 	Keypress: o
346.1482 	Level jitter 	25
351.1280 	Level finished 	25
351.1296 	DATA 	Keypress: o
351.1308 	DATA 	Keypress: o
351.1318 	DATA 	Keypress: o
351.1485 	Level image=tasty.jpg 	25
352.1486 	Level injecting via pump at address 0 	25
358.1338 	DATA 	Keypress: o
358.1355 	DATA 	Keypress: o
358.1369 	DATA 	Keypress: o
358.1661 	Level WAIT 	25
359.1312 	DATA 	Keypress: o
359.1492 	Level RINSE 	25
361.1336 	DATA 	Keypress: o
361.1659 	Level jitter 	25
362.1280 	Level finished 	25
362.1493 	Level image=tasty.jpg 	25
363.1304 	DATA 	Keypress: o
363.1494 	Level injecting via pump at address 1 	25
369.1326 	DATA 	Keypress: o
369.1337 	DATA 	Keypress: o
369.1349 	DATA 	Keypress: o
369.1503 	Level WAIT 	25
370.1499 	Level RINSE 	25
372.1325 	DATA 	Keypress: o
372.1501 	Level jitter 	25
381.1280 	Level finished 	25
381.1294 	DATA 	Keypress: o
381.1306 	DATA 	Keypress: o
381.1318 	DATA 	Keypress: o
381.1330 	DATA 	Keypress: o
381.1340 	DATA 	Keypress: o
381.1510 	Level image=tasty.jpg 	25
382.1507 	Level injecting via pump at address 1 	25
388.1337 	DATA 	Keypress: o
388.1351 	DATA 	Keypress: o
388.1363 	DATA 	Keypress: o
388.1511 	Level WAIT 	25
389.1306 	DATA 	Keypress: o
389.1512 	Level RINSE 	25
391.1332 	DATA 	Keypress: o
391.1517 	Level jitter 	25
400.1280 	Level finished 	25
400.1294 	DATA 	Keypress: o
400.1307 	DATA 	Keypress: o
400.1319 	DATA 	Keypress: o
400.1331 	DATA 	Keypress: o
400.1520 	Level image=tasty.jpg 	25
401.1304 	DATA 	Keypress: o
401.1526 	Level injecting via pump at address 0 	25
407.1335 	DATA 	Keypress: o
407.1348 	DATA 	Keypress: o
407.1358 	DATA 	Keypress: o
407.1525 	Level WAIT 	25
408.1524 	Level RINSE 	25
410.1334 	DATA 	Keypress: o
410.1526 	Level jitter 	25
412.1280 	Level finished 	25
