106.6392 	DATA 	Keypress: o
106.6403 	Level start key press 	25
108.6414 	DATA 	Keypress: o
110.6417 	DATA 	Keypress: o
112.6419 	DATA 	Keypress: o
114.6422 	DATA 	Keypress: o
115.2399 	Level image=waterlogo.jpg 	25
116.1400 	Level injecting via pump at address 0 	25
122.1282 	DATA 	Keypress: o
122.1294 	DATA 	Keypress: o
122.1304 	DATA 	Keypress: o
122.1409 	Level WAIT 	25
123.1257 	DATA 	Keypress: o
123.1407 	Level RINSE 	25
125.1364 	DATA 	Keypress: o
125.1576 	Level jitter 	25
131.1231 	Level finished 	25
131.1244 	DATA 	Keypress: o
131.1256 	DATA 	Keypress: o
131.1268 	DATA 	Keypress: o
131.1584 	Level image=tasty.jpg 	25
132.1422 	Level injecting via pump at address 1 	25
138.1300 	DATA 	Keypress: o
138.1319 	DATA 	Keypress: o
138.1334 	DATA 	Keypress: o
138.1590 	Level WAIT 	25
139.1267 	DATA 	Keypress: o
139.1593 	Level RINSE 	25
141.1275 	DATA 	Keypress: o
141.1428 	Level jitter 	25
147.1231 	Level finished 	25
147.1246 	DATA 	Keypress: o
147.1259 	DATA 	Keypress: o
147.1270 	DATA 	Keypress: o
147.1439 	Level image=tasty.jpg 	25
148.1437 	Level injecting via pump at address 1 	25
154.1280 	DATA 	Keypress: o
154.1293 	DATA 	Keypress: o
154.1303 	DATA 	Keypress: o
154.1610 	Level WAIT 	25
155.1259 	DATA 	Keypress: o
155.1445 	Level RINSE 	25
157.1274 	DATA 	Keypress: o
157.1451 	Level jitter 	25
159.1231 	Level finished 	25
159.1243 	DATA 	Keypress: o
159.1451 	Level image=waterlogo.jpg 	25
160.1452 	Level injecting via pump at address 0 	25
166.1284 	DATA 	Keypress: o
166.1295 	DATA 	Keypress: o
166.1305 	DATA 	Keypress: o
166.1457 	Level WAIT 	25
167.1255 	DATA 	Keypress: o
167.1463 	Level RINSE 	25
169.1279 	DATA 	Keypress: o
169.1460 	Level jitter 	25
175.1231 	Level finished 	25
175.1244 	DATA 	Keypress: o
175.1258 	DATA 	Keypress: o
175.1270 	DATA 	Keypress: o
175.1468 	Level image=tasty.jpg 	25
176.1470 	Level injecting via pump at address 1 	25
182.1282 	DATA 	Keypress: o
182.1294 	DATA 	Keypress: o
182.1305 	DATA 	Keypress: o
182.1480 	Level WAIT 	25
183.1256 	DATA 	Keypress: o
183.1312 	Level RINSE 	25
185.1275 	DATA 	Keypress: o
185.1480 	Level jitter 	25
190.1231 	Level finished 	25
190.1245 	DATA 	Keypress: o
190.1258 	DATA 	Keypress: o
190.1486 	Level image=waterlogo.jpg 	25
191.1262 	DATA 	Keypress: o
191.1487 	Level injecting via pump at address 0 	25
197.1280 	DATA 	Keypress: o
197.1294 	DATA 	Keypress: o
197.1305 	DATA 	Keypress: o
197.1498 	Level WAIT 	25
198.1495 	Level RINSE 	25
200.1290 	DATA 	Keypress: o
200.1497 	Level jitter 	25
205.1231 	Level finished 	25
205.1243 	DATA 	Keypress: o
205.1254 	DATA 	Keypress: o
205.1266 	DATA 	Keypress: o
205.1503 	Level image=tasty.jpg 	25
206.1338 	Level injecting via pump at address 1 	25
212.1281 	DATA 	Keypress: o
212.1293 	DATA 	Keypress: o
212.1304 	DATA 	Keypress: o
212.1516 	Level WAIT 	25
213.1254 	DATA 	Keypress: o
213.1513 	Level RINSE 	25
215.1277 	DATA 	Keypress: o
215.1348 	Level jitter 	25
221.1231 	Level finished 	25
221.1244 	DATA 	Keypress: o
221.1256 	DATA 	Keypress: o
221.1266 	DATA 	Keypress: o
221.1522 	Level image=waterlogo.jpg 	25
222.1361 	Level injecting via pump at address 0 	25
228.1285 	DATA 	Keypress: o
228.1297 	DATA 	Keypress: o
228.1309 	DATA 	Keypress: o
228.1530 	Level WAIT 	25
229.1262 	DATA 	Keypress: o
229.1531 	Level RINSE 	25
231.1280 	DATA 	Keypress: o
231.1367 	Level jitter 	25
234.1231 	Level finished 	25
234.1242 	DATA 	Keypress: o
234.1375 	Level image=tasty.jpg 	25
235.1258 	DATA 	Keypress: o
235.1539 	Level injecting via pump at address 1 	25
241.1279 	DATA 	Keypress: o
241.1290 	DATA 	Keypress: o
241.1299 	DATA 	Keypress: o
241.1545 	Level WAIT 	25
242.1547 	Level RINSE 	25
244.1280 	DATA 	Keypress: o
244.1553 	Level jitter 	25
252.1231 	Level finished 	25
252.1244 	DATA 	Keypress: o
252.1256 	DATA 	Keypress: o
252.1266 	DATA 	Keypress: o
252.1276 	DATA 	Keypress: o
252.1392 	Level image=waterlogo.jpg 	25
253.1259 	DATA 	Keypress: o
253.1394 	Level injecting via pump at address 0 	25
259.1281 	DATA 	Keypress: o
259.1291 	DATA 	Keypress: o
259.1301 	DATA 	Keypress: o
259.1404 	Level WAIT 	25
260.1401 	Level RINSE 	25
262.1282 	DATA 	Keypress: o
262.1403 	Level jitter 	25
264.1231 	Level finished 	25
264.1242 	DATA 	Keypress: o
264.1406 	Level image=tasty.jpg 	25
265.1254 	DATA 	Keypress: o
265.1407 	Level injecting via pump at address 1 	25
271.1280 	DATA 	Keypress: o
271.1293 	DATA 	Keypress: o
271.1305 	DATA 	Keypress: o
271.1418 	Level WAIT 	25
272.1415 	Level RINSE 	25
274.1283 	DATA 	Keypress: o
274.1417 	Level jitter 	25
283.1231 	Level finished 	25
283.1244 	DATA 	Keypress: o
283.1256 	DATA 	Keypress: o
283.1266 	DATA 	Keypress: o
283.1276 	DATA 	Keypress: o
283.1286 	DATA 	Keypress: o
283.1433 	Level image=waterlogo.jpg 	25
284.1430 	Level injecting via pump at address 0 	25
290.1289 	DATA 	Keypress: o
290.1303 	DATA 	Keypress: o
290.1316 	DATA 	Keypress: o
290.1436 	Level WAIT 	25
291.1259 	DATA 	Keypress: o
291.1437 	Level RINSE 	25
293.1285 	DATA 	Keypress: o
293.1443 	Level jitter 	25
295.1231 	Level finished 	25
295.1242 	DATA 	Keypress: o
295.1608 	Level image=tasty.jpg 	25
296.1444 	Level injecting via pump at address 1 	25
302.1279 	DATA 	Keypress: o
302.1292 	DATA 	Keypress: o
302.1303 	DATA 	Keypress: o
302.1449 	Level WAIT 	25
303.1254 	DATA 	Keypress: o
303.1455 	Level RINSE 	25
305.1280 	DATA 	Keypress: o
305.1453 	Level jitter 	25
308.1231 	Level finished 	25
308.1244 	DATA 	Keypress: o
308.1457 	Level image=waterlogo.jpg 	25
309.1254 	DATA 	Keypress: o
309.1458 	Level injecting via pump at address 0 	25
315.1286 	DATA 	Keypress: o
315.1298 	DATA 	Keypress: o
315.1309 	DATA 	Keypress: o
315.1469 	Level WAIT 	25
316.1467 	Level RINSE 	25
318.1281 	DATA 	Keypress: o
318.1469 	Level jitter 	25
322.1231 	Level finished 	25
322.1247 	DATA 	Keypress: o
322.1260 	DATA 	Keypress: o
322.1473 	Level image=tasty.jpg 	25
323.1255 	DATA 	Keypress: o
323.1475 	Level injecting via pump at address 1 	25
329.1276 	DATA 	Keypress: o
329.1288 	DATA 	Keypress: o
329.1301 	DATA 	Keypress: o
329.1486 	Level WAIT 	25
330.1316 	Level RINSE 	25
332.1287 	DATA 	Keypress: o
332.1484 	Level jitter 	25
333.1231 	Level finished 	25
333.1242 	DATA 	Keypress: o
333.1487 	Level image=waterlogo.jpg 	25
334.1488 	Level injecting via pump at address 0 	25
340.1282 	DATA 	Keypress: o
340.1294 	DATA 	Keypress: o
340.1308 	DATA 	Keypress: o
340.1499 	Level WAIT 	25
341.1261 	DATA 	Keypress: o
341.1497 	Level RINSE 	25
343.1279 	DATA 	Keypress: o
343.1499 	Level jitter 	25
346.1231 	Level finished 	25
346.1244 	DATA 	Keypress: o
346.1501 	Level image=tasty.jpg 	25
347.1255 	DATA 	Keypress: o
347.1503 	Level injecting via pump at address 1 	25
353.1285 	DATA 	Keypress: o
353.1298 	DATA 	Keypress: o
353.1309 	DATA 	Keypress: o
353.1514 	Level WAIT 	25
354.1511 	Level RINSE 	25
356.1280 	DATA 	Keypress: o
356.1514 	Level jitter 	25
364.1231 	Level finished 	25
364.1244 	DATA 	Keypress: o
364.1258 	DATA 	Keypress: o
364.1271 	DATA 	Keypress: o
364.1282 	DATA 	Keypress: o
364.1361 	Level image=tasty.jpg 	25
365.1255 	DATA 	Keypress: o
365.1357 	Level injecting via pump at address 1 	25
371.1278 	DATA 	Keypress: o
371.1292 	DATA 	Keypress: o
371.1304 	DATA 	Keypress: o
371.1531 	Level WAIT 	25
372.1365 	Level RINSE 	25
374.1274 	DATA 	Keypress: o
374.1371 	Level jitter 	25
378.1231 	Level finished 	25
378.1242 	DATA 	Keypress: o
378.1253 	DATA 	Keypress: o
378.1539 	Level image=waterlogo.jpg 	25
379.1253 	DATA 	Keypress: o
379.1540 	Level injecting via pump at address 0 	25
385.1278 	DATA 	Keypress: o
385.1289 	DATA 	Keypress: o
385.1298 	DATA 	Keypress: o
385.1551 	Level WAIT 	25
386.1382 	Level RINSE 	25
388.1280 	DATA 	Keypress: o
388.1550 	Level jitter 	25
391.1231 	Level finished 	25
391.1244 	DATA 	Keypress: o
391.1257 	DATA 	Keypress: o
391.1554 	Level image=tasty.jpg 	25
392.1390 	Level injecting via pump at address 1 	25
398.1280 	DATA 	Keypress: o
398.1294 	DATA 	Keypress: o
398.1303 	DATA 	Keypress: o
398.1566 	Level WAIT 	25
399.1258 	DATA 	Keypress: o
399.1397 	Level RINSE 	25
401.1286 	DATA 	Keypress: o
401.1566 	Level jitter 	25
406.1231 	Level finished 	25
406.1244 	DATA 	Keypress: o
406.1256 	DATA 	Keypress: o
406.1571 	Level image=waterlogo.jpg 	25
407.1259 	DATA 	Keypress: o
407.1573 	Level injecting via pump at address 0 	25
413.1280 	DATA 	Keypress: o
413.1294 	DATA 	Keypress: o
413.1306 	DATA 	Keypress: o
413.1584 	Level WAIT 	25
414.1414 	Level RINSE 	25
416.1285 	DATA 	Keypress: o
416.1416 	Level jitter 	25
421.1231 	Level finished 	25
421.1244 	DATA 	Keypress: o
421.1257 	DATA 	Keypress: o
421.1269 	DATA 	Keypress: o
421.1423 	Level image=waterlogo.jpg 	25
422.1424 	Level injecting via pump at address 0 	25
428.1275 	DATA 	Keypress: o
428.1287 	DATA 	Keypress: o
428.1299 	DATA 	Keypress: o
428.1434 	Level WAIT 	25
429.1254 	DATA 	Keypress: o
429.1432 	Level RINSE 	25
431.1294 	DATA 	Keypress: o
431.1433 	Level jitter 	25
440.1231 	Level finished 	25
440.1243 	DATA 	Keypress: o
440.1252 	DATA 	Keypress: o
440.1262 	DATA 	Keypress: o
440.1272 	DATA 	Keypress: o
440.1450 	Level image=tasty.jpg 	25
441.1261 	DATA 	Keypress: o
441.1446 	Level injecting via pump at address 1 	25
447.1285 	DATA 	Keypress: o
447.1298 	DATA 	Keypress: o
447.1308 	DATA 	Keypress: o
447.1453 	Level WAIT 	25
448.1454 	Level RINSE 	25
450.1280 	DATA 	Keypress: o
450.1460 	Level jitter 	25
452.1231 	Level finished 	25
452.1245 	DATA 	Keypress: o
452.1459 	Level image=waterlogo.jpg 	25
453.1254 	DATA 	Keypress: o
453.1461 	Level injecting via pump at address 0 	25
459.1291 	DATA 	Keypress: o
459.1305 	DATA 	Keypress: o
459.1317 	DATA 	Keypress: o
459.1466 	Level WAIT 	25
460.1472 	Level RINSE 	25
462.1278 	DATA 	Keypress: o
462.1470 	Level jitter 	25
465.1231 	Level finished 	25
465.1245 	DATA 	Keypress: o
465.1258 	DATA 	Keypress: o
465.1474 	Level image=waterlogo.jpg 	25
466.1476 	Level injecting via pump at address 0 	25
472.1281 	DATA 	Keypress: o
472.1293 	DATA 	Keypress: o
472.1304 	DATA 	Keypress: o
472.1485 	Level WAIT 	25
473.1255 	DATA 	Keypress: o
473.1483 	Level RINSE 	25
475.1275 	DATA 	Keypress: o
475.1485 	Level jitter 	25
480.1231 	Level finished 	25
480.1244 	DATA 	Keypress: o
480.1255 	DATA 	Keypress: o
480.1492 	Level image=tasty.jpg 	25
481.1255 	DATA 	Keypress: o
481.1493 	Level injecting via pump at address 1 	25
487.1280 	DATA 	Keypress: o
487.1294 	DATA 	Keypress: o
487.1309 	DATA 	Keypress: o
487.1504 	Level WAIT 	25
488.1501 	Level RINSE 	25
490.1288 	DATA 	Keypress: o
490.1502 	Level jitter 	25
492.1231 	Level finished 	25
492.1243 	DATA 	Keypress: o
492.1339 	Level image=tasty.jpg 	25
493.1254 	DATA 	Keypress: o
493.1340 	Level injecting via pump at address 1 	25
499.1283 	DATA 	Keypress: o
499.1293 	DATA 	Keypress: o
499.1302 	DATA 	Keypress: o
499.1517 	Level WAIT 	25
500.1515 	Level RINSE 	25
502.1300 	DATA 	Keypress: o
502.1517 	Level jitter 	25
509.1231 	Level finished 	25
509.1244 	DATA 	Keypress: o
509.1259 	DATA 	Keypress: o
509.1271 	DATA 	Keypress: o
509.1283 	DATA 	Keypress: o
509.1530 	Level image=waterlogo.jpg 	25
510.1528 	Level injecting via pump at address 0 	25
516.1286 	DATA 	Keypress: o
516.1302 	DATA 	Keypress: o
516.1313 	DATA 	Keypress: o
516.1533 	Level WAIT 	25
517.1256 	DATA 	Keypress: o
517.1368 	Level RINSE 	25
519.1275 	DATA 	Keypress: o
519.1540 	Level jitter 	25
522.1231 	Level finished 	25
522.1245 	DATA 	Keypress: o
522.1541 	Level image=tasty.jpg 	25
523.1256 	DATA 	Keypress: o
523.1375 	Level injecting via pump at address 1 	25
529.1290 	DATA 	Keypress: o
529.1302 	DATA 	Keypress: o
529.1314 	DATA 	Keypress: o
529.1552 	Level WAIT 	25
530.1383 	Level RINSE 	25
532.1296 	DATA 	Keypress: o
532.1552 	Level jitter 	25
534.1231 	Level finished 	25
534.1243 	DATA 	Keypress: o
534.1554 	Level image=waterlogo.jpg 	25
535.1256 	DATA 	Keypress: o
535.1556 	Level injecting via pump at address 0 	25
541.1281 	DATA 	Keypress: o
541.1290 	DATA 	Keypress: o
541.1302 	DATA 	Keypress: o
541.1568 	Level WAIT 	25
542.1396 	Level RINSE 	25
544.1284 	DATA 	Keypress: o
544.1566 	Level jitter 	25
552.1231 	Level finished 	25
552.1244 	DATA 	Keypress: o
552.1255 	DATA 	Keypress: o
552.1265 	DATA 	Keypress: o
552.1275 	DATA 	Keypress: o
552.1413 	Level image=tasty.jpg 	25
553.1259 	DATA 	Keypress: o
553.1410 	Level injecting via pump at address 1 	25
559.1281 	DATA 	Keypress: o
559.1294 	DATA 	Keypress: o
559.1306 	DATA 	Keypress: o
559.1416 	Level WAIT 	25
560.1418 	Level RINSE 	25
562.1296 	DATA 	Keypress: o
562.1424 	Level jitter 	25
564.1231 	Level finished 	25
564.1244 	DATA 	Keypress: o
564.1424 	Level image=waterlogo.jpg 	25
565.1258 	DATA 	Keypress: o
565.1425 	Level injecting via pump at address 0 	25
571.1275 	DATA 	Keypress: o
571.1284 	DATA 	Keypress: o
571.1295 	DATA 	Keypress: o
571.1430 	Level WAIT 	25
572.1436 	Level RINSE 	25
574.1283 	DATA 	Keypress: o
574.1434 	Level jitter 	25
581.1231 	Level finished 	25
