68.5804 	DATA 	Keypress: o
68.5812 	Level start key press 	25
70.6112 	DATA 	Keypress: o
72.5945 	DATA 	Keypress: o
74.5946 	DATA 	Keypress: o
76.5948 	DATA 	Keypress: o
77.1091 	Level image=waterlogo.jpg 	25
78.0593 	Level injecting via pump at address 0 	25
84.0480 	DATA 	Keypress: o
84.0493 	DATA 	Keypress: o
84.0504 	DATA 	Keypress: o
84.0601 	Level WAIT 	25
85.0450 	DATA 	Keypress: o
85.0598 	Level RINSE 	25
87.0552 	DATA 	Keypress: o
87.0765 	Level jitter 	25
94.0425 	Level finished 	25
94.0440 	DATA 	Keypress: o
94.0453 	DATA 	Keypress: o
94.0464 	DATA 	Keypress: o
94.0608 	Level image=tasty.jpg 	25
95.0454 	DATA 	Keypress: o
95.0605 	Level injecting via pump at address 0 	25
101.0471 	DATA 	Keypress: o
101.0481 	DATA 	Keypress: o
101.0491 	DATA 	Keypress: o
101.0775 	Level WAIT 	25
102.0609 	Level RINSE 	25
104.0478 	DATA 	Keypress: o
104.0614 	Level jitter 	25
108.0425 	Level finished 	25
108.0440 	DATA 	Keypress: o
108.0452 	DATA 	Keypress: o
108.0780 	Level image=tasty.jpg 	25
109.0455 	DATA 	Keypress: o
109.0614 	Level injecting via pump at address 1 	25
115.0476 	DATA 	Keypress: o
115.0486 	DATA 	Keypress: o
115.0497 	DATA 	Keypress: o
115.0622 	Level WAIT 	25
116.0620 	Level RINSE 	25
118.0467 	DATA 	Keypress: o
118.0620 	Level jitter 	25
119.0425 	Level finished 	25
119.0436 	DATA 	Keypress: o
119.0621 	Level image=tasty.jpg 	25
120.0622 	Level injecting via pump at address 0 	25
126.0479 	DATA 	Keypress: o
126.0489 	DATA 	Keypress: o
126.0499 	DATA 	Keypress: o
126.0796 	Level WAIT 	25
127.0449 	DATA 	Keypress: o
127.0627 	Level RINSE 	25
129.0482 	DATA 	Keypress: o
129.0628 	Level jitter 	25
137.0425 	Level finished 	25
137.0439 	DATA 	Keypress: o
137.0451 	DATA 	Keypress: o
137.0462 	DATA 	Keypress: o
137.0472 	DATA 	Keypress: o
137.0638 	Level image=waterlogo.jpg 	25
138.0634 	Level injecting via pump at address 0 	25
144.0470 	DATA 	Keypress: o
144.0483 	DATA 	Keypress: o
144.0493 	DATA 	Keypress: o
144.0639 	Level WAIT 	25
145.0453 	DATA 	Keypress: o
145.0640 	Level RINSE 	25
147.0483 	DATA 	Keypress: o
147.0644 	Level jitter 	25
155.0425 	Level finished 	25
155.0439 	DATA 	Keypress: o
155.0450 	DATA 	Keypress: o
155.0460 	DATA 	Keypress: o
155.0469 	DATA 	Keypress: o
155.0646 	Level image=waterlogo.jpg 	25
156.0647 	Level injecting via pump at address 0 	25
162.0477 	DATA 	Keypress: o
162.0489 	DATA 	Keypress: o
162.0501 	DATA 	Keypress: o
162.0654 	Level WAIT 	25
163.0455 	DATA 	Keypress: o
163.0651 	Level RINSE 	25
165.0472 	DATA 	Keypress: o
165.0652 	Level jitter 	25
171.0425 	Level finished 	25
171.0437 	DATA 	Keypress: o
171.0449 	DATA 	Keypress: o
171.0460 	DATA 	Keypress: o
171.0657 	Level image=tasty.jpg 	25
172.0662 	Level injecting via pump at address 1 	25
178.0482 	DATA 	Keypress: o
178.0496 	DATA 	Keypress: o
178.0508 	DATA 	Keypress: o
178.0661 	Level WAIT 	25
179.0450 	DATA 	Keypress: o
179.0662 	Level RINSE 	25
181.0469 	DATA 	Keypress: o
181.0663 	Level jitter 	25
183.0425 	Level finished 	25
183.0438 	DATA 	Keypress: o
183.0669 	Level image=tasty.jpg 	25
184.0666 	Level injecting via pump at address 0 	25
190.0479 	DATA 	Keypress: o
190.0491 	DATA 	Keypress: o
190.0503 	DATA 	Keypress: o
190.0669 	Level WAIT 	25
191.0453 	DATA 	Keypress: o
191.0671 	Level RINSE 	25
193.0476 	DATA 	Keypress: o
193.0675 	Level jitter 	25
199.0425 	Level finished 	25
199.0440 	DATA 	Keypress: o
199.0450 	DATA 	Keypress: o
199.0462 	DATA 	Keypress: o
199.0676 	Level image=waterlogo.jpg 	25
200.0678 	Level injecting via pump at address 0 	25
206.0474 	DATA 	Keypress: o
206.0484 	DATA 	Keypress: o
206.0494 	DATA 	Keypress: o
206.0684 	Level WAIT 	25
207.0450 	DATA 	Keypress: o
207.0681 	Level RINSE 	25
209.0480 	DATA 	Keypress: o
209.0682 	Level jitter 	25
211.0425 	Level finished 	25
211.0438 	DATA 	Keypress: o
211.0685 	Level image=waterlogo.jpg 	25
212.0520 	Level injecting via pump at address 0 	25
218.0474 	DATA 	Keypress: o
218.0484 	DATA 	Keypress: o
218.0494 	DATA 	Keypress: o
218.0693 	Level WAIT 	25
219.0453 	DATA 	Keypress: o
219.0690 	Level RINSE 	25
221.0470 	DATA 	Keypress: o
221.0524 	Level jitter 	25
230.0425 	Level finished 	25
230.0440 	DATA 	Keypress: o
230.0453 	DATA 	Keypress: o
230.0464 	DATA 	Keypress: o
230.0473 	DATA 	Keypress: o
230.0702 	Level image=tasty.jpg 	25
231.0453 	DATA 	Keypress: o
231.0532 	Level injecting via pump at address 1 	25
237.0475 	DATA 	Keypress: o
237.0487 	DATA 	Keypress: o
237.0497 	DATA 	Keypress: o
237.0702 	Level WAIT 	25
238.0703 	Level RINSE 	25
240.0482 	DATA 	Keypress: o
240.0708 	Level jitter 	25
247.0425 	Level finished 	25
247.0438 	DATA 	Keypress: o
247.0450 	DATA 	Keypress: o
247.0460 	DATA 	Keypress: o
247.0470 	DATA 	Keypress: o
247.0710 	Level image=tasty.jpg 	25
248.0710 	Level injecting via pump at address 0 	25
254.0475 	DATA 	Keypress: o
254.0486 	DATA 	Keypress: o
254.0496 	DATA 	Keypress: o
254.0717 	Level WAIT 	25
255.0450 	DATA 	Keypress: o
255.0549 	Level RINSE 	25
257.0470 	DATA 	Keypress: o
257.0716 	Level jitter 	25
264.0425 	Level finished 	25
264.0439 	DATA 	Keypress: o
264.0451 	DATA 	Keypress: o
264.0462 	DATA 	Keypress: o
264.0725 	Level image=waterlogo.jpg 	25
265.0449 	DATA 	Keypress: o
265.0555 	Level injecting via pump at address 0 	25
271.0470 	DATA 	Keypress: o
271.0480 	DATA 	Keypress: o
271.0489 	DATA 	Keypress: o
271.0559 	Level WAIT 	25
272.0559 	Level RINSE 	25
274.0476 	DATA 	Keypress: o
274.0564 	Level jitter 	25
279.0425 	Level finished 	25
279.0439 	DATA 	Keypress: o
279.0451 	DATA 	Keypress: o
279.0461 	DATA 	Keypress: o
279.0731 	Level image=tasty.jpg 	25
280.0565 	Level injecting via pump at address 0 	25
286.0475 	DATA 	Keypress: o
286.0487 	DATA 	Keypress: o
286.0499 	DATA 	Keypress: o
286.0573 	Level WAIT 	25
287.0449 	DATA 	Keypress: o
287.0570 	Level RINSE 	25
289.0473 	DATA 	Keypress: o
289.0739 	Level jitter 	25
290.0425 	Level finished 	25
290.0572 	Level image=tasty.jpg 	25
291.0450 	DATA 	Keypress: o
291.0573 	Level injecting via pump at address 1 	25
297.0471 	DATA 	Keypress: o
297.0484 	DATA 	Keypress: o
297.0493 	DATA 	Keypress: o
297.0747 	Level WAIT 	25
298.0744 	Level RINSE 	25
300.0475 	DATA 	Keypress: o
300.0579 	Level jitter 	25
303.0425 	Level finished 	25
303.0438 	DATA 	Keypress: o
303.0450 	DATA 	Keypress: o
303.0749 	Level image=tasty.jpg 	25
304.0582 	Level injecting via pump at address 0 	25
310.0470 	DATA 	Keypress: o
310.0480 	DATA 	Keypress: o
310.0490 	DATA 	Keypress: o
310.0756 	Level WAIT 	25
311.0449 	DATA 	Keypress: o
311.0587 	Level RINSE 	25
313.0483 	DATA 	Keypress: o
313.0754 	Level jitter 	25
315.0425 	Level finished 	25
315.0438 	DATA 	Keypress: o
315.0590 	Level image=tasty.jpg 	25
316.0590 	Level injecting via pump at address 1 	25
322.0480 	DATA 	Keypress: o
322.0492 	DATA 	Keypress: o
322.0504 	DATA 	Keypress: o
322.0765 	Level WAIT 	25
323.0452 	DATA 	Keypress: o
323.0761 	Level RINSE 	25
325.0475 	DATA 	Keypress: o
325.0596 	Level jitter 	25
327.0425 	Level finished 	25
327.0437 	DATA 	Keypress: o
327.0599 	Level image=tasty.jpg 	25
328.0600 	Level injecting via pump at address 0 	25
334.0479 	DATA 	Keypress: o
334.0491 	DATA 	Keypress: o
334.0503 	DATA 	Keypress: o
334.0606 	Level WAIT 	25
335.0451 	DATA 	Keypress: o
335.0603 	Level RINSE 	25
337.0478 	DATA 	Keypress: o
337.0604 	Level jitter 	25
338.0425 	Level finished 	25
338.0605 	Level image=waterlogo.jpg 	25
339.0453 	DATA 	Keypress: o
339.0606 	Level injecting via pump at address 0 	25
345.0485 	DATA 	Keypress: o
345.0499 	DATA 	Keypress: o
345.0510 	DATA 	Keypress: o
345.0781 	Level WAIT 	25
346.0611 	Level RINSE 	25
348.0480 	DATA 	Keypress: o
348.0779 	Level jitter 	25
354.0425 	Level finished 	25
354.0438 	DATA 	Keypress: o
354.0448 	DATA 	Keypress: o
354.0457 	DATA 	Keypress: o
354.0783 	Level image=tasty.jpg 	25
355.0454 	DATA 	Keypress: o
355.0622 	Level injecting via pump at address 1 	25
361.0470 	DATA 	Keypress: o
361.0480 	DATA 	Keypress: o
361.0489 	DATA 	Keypress: o
361.0621 	Level WAIT 	25
362.0622 	Level RINSE 	25
364.0475 	DATA 	Keypress: o
364.0623 	Level jitter 	25
367.0425 	Level finished 	25
367.0439 	DATA 	Keypress: o
367.0451 	DATA 	Keypress: o
367.0796 	Level image=tasty.jpg 	25
368.0627 	Level injecting via pump at address 0 	25
374.0481 	DATA 	Keypress: o
374.0493 	DATA 	Keypress: o
374.0504 	DATA 	Keypress: o
374.0630 	Level WAIT 	25
375.0452 	DATA 	Keypress: o
375.0631 	Level RINSE 	25
377.0472 	DATA 	Keypress: o
377.0636 	Level jitter 	25
379.0425 	Level finished 	25
379.0437 	DATA 	Keypress: o
379.0633 	Level image=tasty.jpg 	25
380.0634 	Level injecting via pump at address 1 	25
386.0470 	DATA 	Keypress: o
386.0480 	DATA 	Keypress: o
386.0489 	DATA 	Keypress: o
386.0639 	Level WAIT 	25
387.0450 	DATA 	Keypress: o
387.0643 	Level RINSE 	25
389.0479 	DATA 	Keypress: o
389.0640 	Level jitter 	25
393.0425 	Level finished 	25
393.0436 	DATA 	Keypress: o
393.0446 	DATA 	Keypress: o
393.0643 	Level image=tasty.jpg 	25
394.0644 	Level injecting via pump at address 0 	25
400.0475 	DATA 	Keypress: o
400.0487 	DATA 	Keypress: o
400.0499 	DATA 	Keypress: o
400.0652 	Level WAIT 	25
401.0449 	DATA 	Keypress: o
401.0650 	Level RINSE 	25
403.0475 	DATA 	Keypress: o
403.0650 	Level jitter 	25
410.0425 	Level finished 	25
410.0439 	DATA 	Keypress: o
410.0451 	DATA 	Keypress: o
410.0460 	DATA 	Keypress: o
410.0659 	Level image=tasty.jpg 	25
411.0449 	DATA 	Keypress: o
411.0490 	Level injecting via pump at address 0 	25
417.0483 	DATA 	Keypress: o
417.0496 	DATA 	Keypress: o
417.0509 	DATA 	Keypress: o
417.0826 	Level WAIT 	25
418.0660 	Level RINSE 	25
420.0469 	DATA 	Keypress: o
420.0665 	Level jitter 	25
424.0425 	Level finished 	25
