52.5501 	DATA 	Keypress: o
52.5508 	Level start key press 	25
54.5594 	DATA 	Keypress: o
56.5587 	DATA 	Keypress: o
58.5596 	DATA 	Keypress: o
60.5854 	DATA 	Keypress: o
60.5908 	Level image=waterlogo.jpg 	25
61.5377 	Level injecting via pump at address 0 	25
67.5322 	DATA 	Keypress: o
67.5333 	DATA 	Keypress: o
67.5342 	DATA 	Keypress: o
67.5402 	Level WAIT 	25
68.5340 	Level RINSE 	25
70.5393 	DATA 	Keypress: o
70.5424 	Level jitter 	25
79.5269 	Level finished 	25
79.5281 	DATA 	Keypress: o
79.5291 	DATA 	Keypress: o
79.5301 	DATA 	Keypress: o
79.5310 	DATA 	Keypress: o
79.5319 	DATA 	Keypress: o
79.5442 	Level image=waterlogo.jpg 	25
80.5387 	Level injecting via pump at address 0 	25
86.5313 	DATA 	Keypress: o
86.5323 	DATA 	Keypress: o
86.5335 	DATA 	Keypress: o
86.5409 	Level WAIT 	25
87.5301 	DATA 	Keypress: o
87.5356 	Level RINSE 	25
89.5319 	DATA 	Keypress: o
89.5413 	Level jitter 	25
94.5269 	Level finished 	25
94.5281 	DATA 	Keypress: o
94.5292 	DATA 	Keypress: o
94.5452 	Level image=tasty.jpg 	25
95.5297 	DATA 	Keypress: o
95.5433 	Level injecting via pump at address 0 	25
101.5320 	DATA 	Keypress: o
101.5333 	DATA 	Keypress: o
101.5343 	DATA 	Keypress: o
101.5459 	Level WAIT 	25
102.5406 	Level RINSE 	25
104.5312 	DATA 	Keypress: o
104.5457 	Level jitter 	25
105.5269 	Level finished 	25
105.5281 	DATA 	Keypress: o
105.5408 	Level image=tasty.jpg 	25
106.5358 	Level injecting via pump at address 1 	25
112.5326 	DATA 	Keypress: o
112.5339 	DATA 	Keypress: o
112.5349 	DATA 	Keypress: o
112.5384 	Level WAIT 	25
113.5294 	DATA 	Keypress: o
113.5327 	Level RINSE 	25
115.5314 	DATA 	Keypress: o
115.5392 	Level jitter 	25
120.5269 	Level finished 	25
120.5282 	DATA 	Keypress: o
120.5294 	DATA 	Keypress: o
120.5466 	Level image=tasty.jpg 	25
121.5296 	DATA 	Keypress: o
121.5405 	Level injecting via pump at address 0 	25
127.5312 	DATA 	Keypress: o
127.5323 	DATA 	Keypress: o
127.5332 	DATA 	Keypress: o
127.5439 	Level WAIT 	25
128.5325 	Level RINSE 	25
130.5318 	DATA 	Keypress: o
130.5440 	Level jitter 	25
134.5269 	Level finished 	25
134.5281 	DATA 	Keypress: o
134.5291 	DATA 	Keypress: o
134.5398 	Level image=waterlogo.jpg 	25
135.5297 	DATA 	Keypress: o
135.5331 	Level injecting via pump at address 0 	25
141.5313 	DATA 	Keypress: o
141.5323 	DATA 	Keypress: o
141.5332 	DATA 	Keypress: o
141.5368 	Level WAIT 	25
142.5314 	Level RINSE 	25
144.5321 	DATA 	Keypress: o
144.5376 	Level jitter 	25
146.5269 	Level finished 	25
146.5280 	DATA 	Keypress: o
146.5438 	Level image=tasty.jpg 	25
147.5295 	DATA 	Keypress: o
147.5349 	Level injecting via pump at address 0 	25
153.5315 	DATA 	Keypress: o
153.5326 	DATA 	Keypress: o
153.5338 	DATA 	Keypress: o
153.5412 	Level WAIT 	25
154.5352 	Level RINSE 	25
156.5311 	DATA 	Keypress: o
156.5355 	Level jitter 	25
164.5269 	Level finished 	25
164.5281 	DATA 	Keypress: o
164.5293 	DATA 	Keypress: o
164.5304 	DATA 	Keypress: o
164.5313 	DATA 	Keypress: o
164.5501 	Level image=waterlogo.jpg 	25
165.5301 	DATA 	Keypress: o
165.5367 	Level injecting via pump at address 0 	25
171.5318 	DATA 	Keypress: o
171.5328 	DATA 	Keypress: o
171.5337 	DATA 	Keypress: o
171.5368 	Level WAIT 	25
172.5376 	Level RINSE 	25
174.5318 	DATA 	Keypress: o
174.5374 	Level jitter 	25
179.5269 	Level finished 	25
179.5283 	DATA 	Keypress: o
179.5296 	DATA 	Keypress: o
179.5306 	DATA 	Keypress: o
179.5375 	Level image=tasty.jpg 	25
180.5323 	Level injecting via pump at address 1 	25
186.5316 	DATA 	Keypress: o
186.5326 	DATA 	Keypress: o
186.5335 	DATA 	Keypress: o
186.5389 	Level WAIT 	25
187.5293 	DATA 	Keypress: o
187.5387 	Level RINSE 	25
189.5317 	DATA 	Keypress: o
189.5363 	Level jitter 	25
191.5269 	Level finished 	25
191.5282 	DATA 	Keypress: o
191.5398 	Level image=tasty.jpg 	25
192.5369 	Level injecting via pump at address 0 	25
198.5313 	DATA 	Keypress: o
198.5324 	DATA 	Keypress: o
198.5333 	DATA 	Keypress: o
198.5388 	Level WAIT 	25
199.5297 	DATA 	Keypress: o
199.5331 	Level RINSE 	25
201.5328 	DATA 	Keypress: o
201.5393 	Level jitter 	25
204.5269 	Level finished 	25
204.5281 	DATA 	Keypress: o
204.5405 	Level image=waterlogo.jpg 	25
205.5296 	DATA 	Keypress: o
205.5353 	Level injecting via pump at address 0 	25
211.5322 	DATA 	Keypress: o
211.5334 	DATA 	Keypress: o
211.5346 	DATA 	Keypress: o
211.5382 	Level WAIT 	25
212.5326 	Level RINSE 	25
214.5320 	DATA 	Keypress: o
214.5382 	Level jitter 	25
222.5269 	Level finished 	25
222.5285 	DATA 	Keypress: o
222.5301 	DATA 	Keypress: o
222.5313 	DATA 	Keypress: o
222.5325 	DATA 	Keypress: o
222.5432 	Level image=tasty.jpg 	25
223.5292 	DATA 	Keypress: o
223.5419 	Level injecting via pump at address 0 	25
229.5322 	DATA 	Keypress: o
229.5334 	DATA 	Keypress: o
229.5344 	DATA 	Keypress: o
229.5437 	Level WAIT 	25
230.5377 	Level RINSE 	25
232.5313 	DATA 	Keypress: o
232.5441 	Level jitter 	25
234.5269 	Level finished 	25
234.5280 	DATA 	Keypress: o
234.5450 	Level image=tasty.jpg 	25
235.5292 	DATA 	Keypress: o
235.5450 	Level injecting via pump at address 1 	25
241.5319 	DATA 	Keypress: o
241.5329 	DATA 	Keypress: o
241.5338 	DATA 	Keypress: o
241.5452 	Level WAIT 	25
242.5427 	Level RINSE 	25
244.5312 	DATA 	Keypress: o
244.5454 	Level jitter 	25
253.5269 	Level finished 	25
253.5281 	DATA 	Keypress: o
253.5293 	DATA 	Keypress: o
253.5303 	DATA 	Keypress: o
253.5312 	DATA 	Keypress: o
253.5322 	DATA 	Keypress: o
253.5471 	Level image=waterlogo.jpg 	25
254.5461 	Level injecting via pump at address 0 	25
260.5332 	DATA 	Keypress: o
260.5347 	DATA 	Keypress: o
260.5361 	DATA 	Keypress: o
260.5471 	Level WAIT 	25
261.5295 	DATA 	Keypress: o
261.5433 	Level RINSE 	25
263.5318 	DATA 	Keypress: o
263.5487 	Level jitter 	25
271.5269 	Level finished 	25
271.5282 	DATA 	Keypress: o
271.5296 	DATA 	Keypress: o
271.5308 	DATA 	Keypress: o
271.5320 	DATA 	Keypress: o
271.5405 	Level image=tasty.jpg 	25
272.5325 	Level injecting via pump at address 0 	25
278.5319 	DATA 	Keypress: o
278.5329 	DATA 	Keypress: o
278.5338 	DATA 	Keypress: o
278.5374 	Level WAIT 	25
279.5301 	DATA 	Keypress: o
279.5331 	Level RINSE 	25
281.5320 	DATA 	Keypress: o
281.5382 	Level jitter 	25
283.5269 	Level finished 	25
283.5282 	DATA 	Keypress: o
283.5443 	Level image=waterlogo.jpg 	25
284.5334 	Level injecting via pump at address 0 	25
290.5316 	DATA 	Keypress: o
290.5328 	DATA 	Keypress: o
290.5339 	DATA 	Keypress: o
290.5420 	Level WAIT 	25
291.5296 	DATA 	Keypress: o
291.5340 	Level RINSE 	25
293.5326 	DATA 	Keypress: o
293.5427 	Level jitter 	25
300.5269 	Level finished 	25
300.5281 	DATA 	Keypress: o
300.5292 	DATA 	Keypress: o
300.5301 	DATA 	Keypress: o
300.5395 	Level image=tasty.jpg 	25
301.5293 	DATA 	Keypress: o
301.5335 	Level injecting via pump at address 1 	25
307.5316 	DATA 	Keypress: o
307.5327 	DATA 	Keypress: o
307.5339 	DATA 	Keypress: o
307.5524 	Level WAIT 	25
308.5312 	Level RINSE 	25
310.5322 	DATA 	Keypress: o
310.5369 	Level jitter 	25
315.5269 	Level finished 	25
315.5289 	DATA 	Keypress: o
315.5304 	DATA 	Keypress: o
315.5316 	DATA 	Keypress: o
315.5437 	Level image=tasty.jpg 	25
316.5379 	Level injecting via pump at address 0 	25
322.5325 	DATA 	Keypress: o
322.5341 	DATA 	Keypress: o
322.5353 	DATA 	Keypress: o
322.5388 	Level WAIT 	25
323.5295 	DATA 	Keypress: o
323.5361 	Level RINSE 	25
325.5322 	DATA 	Keypress: o
325.5390 	Level jitter 	25
327.5269 	Level finished 	25
327.5282 	DATA 	Keypress: o
327.5391 	Level image=tasty.jpg 	25
328.5384 	Level injecting via pump at address 1 	25
334.5322 	DATA 	Keypress: o
334.5337 	DATA 	Keypress: o
334.5347 	DATA 	Keypress: o
334.5397 	Level WAIT 	25
335.5293 	DATA 	Keypress: o
335.5398 	Level RINSE 	25
337.5321 	DATA 	Keypress: o
337.5398 	Level jitter 	25
340.5269 	Level finished 	25
340.5280 	DATA 	Keypress: o
340.5400 	Level image=tasty.jpg 	25
341.5294 	DATA 	Keypress: o
341.5401 	Level injecting via pump at address 0 	25
347.5320 	DATA 	Keypress: o
347.5331 	DATA 	Keypress: o
347.5341 	DATA 	Keypress: o
347.5417 	Level WAIT 	25
348.5384 	Level RINSE 	25
350.5330 	DATA 	Keypress: o
350.5415 	Level jitter 	25
352.5269 	Level finished 	25
352.5281 	DATA 	Keypress: o
352.5415 	Level image=tasty.jpg 	25
353.5293 	DATA 	Keypress: o
353.5417 	Level injecting via pump at address 1 	25
359.5321 	DATA 	Keypress: o
359.5332 	DATA 	Keypress: o
359.5342 	DATA 	Keypress: o
359.5422 	Level WAIT 	25
360.5419 	Level RINSE 	25
362.5319 	DATA 	Keypress: o
362.5430 	Level jitter 	25
366.5269 	Level finished 	25
366.5281 	DATA 	Keypress: o
366.5291 	DATA 	Keypress: o
366.5434 	Level image=tasty.jpg 	25
367.5296 	DATA 	Keypress: o
367.5394 	Level injecting via pump at address 0 	25
373.5327 	DATA 	Keypress: o
373.5340 	DATA 	Keypress: o
373.5352 	DATA 	Keypress: o
373.5420 	Level WAIT 	25
374.5356 	Level RINSE 	25
376.5318 	DATA 	Keypress: o
376.5417 	Level jitter 	25
378.5269 	Level finished 	25
378.5282 	DATA 	Keypress: o
378.5449 	Level image=tasty.jpg 	25
379.5294 	DATA 	Keypress: o
379.5428 	Level injecting via pump at address 1 	25
385.5317 	DATA 	Keypress: o
385.5327 	DATA 	Keypress: o
385.5337 	DATA 	Keypress: o
385.5455 	Level WAIT 	25
386.5405 	Level RINSE 	25
388.5320 	DATA 	Keypress: o
388.5452 	Level jitter 	25
396.5269 	Level finished 	25
396.5280 	DATA 	Keypress: o
396.5290 	DATA 	Keypress: o
396.5300 	DATA 	Keypress: o
396.5309 	DATA 	Keypress: o
396.5384 	Level image=tasty.jpg 	25
397.5295 	DATA 	Keypress: o
397.5328 	Level injecting via pump at address 0 	25
403.5322 	DATA 	Keypress: o
403.5334 	DATA 	Keypress: o
403.5344 	DATA 	Keypress: o
403.5480 	Level WAIT 	25
404.5310 	Level RINSE 	25
406.5314 	DATA 	Keypress: o
406.5363 	Level jitter 	25
413.5269 	Level finished 	25
