68.9961 	DATA 	Keypress: o
68.9971 	Level start key press 	25
71.0068 	DATA 	Keypress: o
73.0069 	DATA 	Keypress: o
75.0072 	DATA 	Keypress: o
77.0075 	DATA 	Keypress: o
77.3718 	Level image=waterlogo.jpg 	25
78.3057 	Level injecting via pump at address 0 	25
84.2941 	DATA 	Keypress: o
84.2953 	DATA 	Keypress: o
84.2965 	DATA 	Keypress: o
84.3226 	Level WAIT 	25
85.2908 	DATA 	Keypress: o
85.3061 	Level RINSE 	25
87.3014 	DATA 	Keypress: o
87.3229 	Level jitter 	25
94.2884 	Level finished 	25
94.2896 	DATA 	Keypress: o
94.2906 	DATA 	Keypress: o
94.2916 	DATA 	Keypress: o
94.3076 	Level image=tasty.jpg 	25
95.2908 	DATA 	Keypress: o
95.3073 	Level injecting via pump at address 0 	25
101.2930 	DATA 	Keypress: o
101.2940 	DATA 	Keypress: o
101.2950 	DATA 	Keypress: o
101.3079 	Level WAIT 	25
102.3080 	Level RINSE 	25
104.2933 	DATA 	Keypress: o
104.3087 	Level jitter 	25
108.2884 	Level finished 	25
108.2898 	DATA 	Keypress: o
108.2909 	DATA 	Keypress: o
108.3088 	Level image=tasty.jpg 	25
109.2910 	DATA 	Keypress: o
109.3090 	Level injecting via pump at address 1 	25
115.2935 	DATA 	Keypress: o
115.2947 	DATA 	Keypress: o
115.2959 	DATA 	Keypress: o
115.3267 	Level WAIT 	25
116.3097 	Level RINSE 	25
118.2933 	DATA 	Keypress: o
118.3099 	Level jitter 	25
119.2884 	Level finished 	25
119.2895 	DATA 	Keypress: o
119.3100 	Level image=tasty.jpg 	25
120.3102 	Level injecting via pump at address 0 	25
126.2942 	DATA 	Keypress: o
126.2954 	DATA 	Keypress: o
126.2965 	DATA 	Keypress: o
126.3112 	Level WAIT 	25
127.2912 	DATA 	Keypress: o
127.3110 	Level RINSE 	25
129.2935 	DATA 	Keypress: o
129.3111 	Level jitter 	25
137.2884 	Level finished 	25
137.2896 	DATA 	Keypress: o
137.2908 	DATA 	Keypress: o
137.2919 	DATA 	Keypress: o
137.2931 	DATA 	Keypress: o
137.3292 	Level image=waterlogo.jpg 	25
138.2956 	Level injecting via pump at address 0 	25
144.2938 	DATA 	Keypress: o
144.2950 	DATA 	Keypress: o
144.2962 	DATA 	Keypress: o
144.3129 	Level WAIT 	25
145.2910 	DATA 	Keypress: o
145.3130 	Level RINSE 	25
147.2933 	DATA 	Keypress: o
147.2970 	Level jitter 	25
155.2884 	Level finished 	25
155.2896 	DATA 	Keypress: o
155.2908 	DATA 	Keypress: o
155.2919 	DATA 	Keypress: o
155.2931 	DATA 	Keypress: o
155.3142 	Level image=waterlogo.jpg 	25
156.3144 	Level injecting via pump at address 0 	25
162.2935 	DATA 	Keypress: o
162.2947 	DATA 	Keypress: o
162.2959 	DATA 	Keypress: o
162.3154 	Level WAIT 	25
163.2910 	DATA 	Keypress: o
163.2986 	Level RINSE 	25
165.2939 	DATA 	Keypress: o
165.3154 	Level jitter 	25
171.2884 	Level finished 	25
171.2895 	DATA 	Keypress: o
171.2905 	DATA 	Keypress: o
171.2915 	DATA 	Keypress: o
171.3161 	Level image=tasty.jpg 	25
172.3000 	Level injecting via pump at address 1 	25
178.2937 	DATA 	Keypress: o
178.2949 	DATA 	Keypress: o
178.2961 	DATA 	Keypress: o
178.3003 	Level WAIT 	25
179.2908 	DATA 	Keypress: o
179.3004 	Level RINSE 	25
181.2934 	DATA 	Keypress: o
181.3005 	Level jitter 	25
183.2884 	Level finished 	25
183.2896 	DATA 	Keypress: o
183.3180 	Level image=tasty.jpg 	25
184.3177 	Level injecting via pump at address 0 	25
190.2930 	DATA 	Keypress: o
190.2940 	DATA 	Keypress: o
190.2950 	DATA 	Keypress: o
190.3183 	Level WAIT 	25
191.2913 	DATA 	Keypress: o
191.3019 	Level RINSE 	25
193.2934 	DATA 	Keypress: o
193.3191 	Level jitter 	25
199.2884 	Level finished 	25
199.2896 	DATA 	Keypress: o
199.2906 	DATA 	Keypress: o
199.2915 	DATA 	Keypress: o
199.3194 	Level image=waterlogo.jpg 	25
200.3029 	Level injecting via pump at address 0 	25
206.2947 	DATA 	Keypress: o
206.2960 	DATA 	Keypress: o
206.2972 	DATA 	Keypress: o
206.3041 	Level WAIT 	25
207.2911 	DATA 	Keypress: o
207.3037 	Level RINSE 	25
209.2939 	DATA 	Keypress: o
209.3206 	Level jitter 	25
211.2884 	Level finished 	25
211.2895 	DATA 	Keypress: o
211.3208 	Level image=waterlogo.jpg 	25
212.3210 	Level injecting via pump at address 0 	25
218.2939 	DATA 	Keypress: o
218.2952 	DATA 	Keypress: o
218.2964 	DATA 	Keypress: o
218.3219 	Level WAIT 	25
219.2909 	DATA 	Keypress: o
219.3052 	Level RINSE 	25
221.2938 	DATA 	Keypress: o
221.3219 	Level jitter 	25
230.2884 	Level finished 	25
230.2897 	DATA 	Keypress: o
230.2906 	DATA 	Keypress: o
230.2915 	DATA 	Keypress: o
230.2926 	DATA 	Keypress: o
230.3234 	Level image=tasty.jpg 	25
231.2908 	DATA 	Keypress: o
231.3065 	Level injecting via pump at address 1 	25
237.2928 	DATA 	Keypress: o
237.2938 	DATA 	Keypress: o
237.2948 	DATA 	Keypress: o
237.3238 	Level WAIT 	25
238.3072 	Level RINSE 	25
240.2932 	DATA 	Keypress: o
240.3246 	Level jitter 	25
247.2884 	Level finished 	25
247.2896 	DATA 	Keypress: o
247.2906 	DATA 	Keypress: o
247.2916 	DATA 	Keypress: o
247.2925 	DATA 	Keypress: o
247.3083 	Level image=tasty.jpg 	25
248.3085 	Level injecting via pump at address 0 	25
254.2930 	DATA 	Keypress: o
254.2940 	DATA 	Keypress: o
254.2951 	DATA 	Keypress: o
254.3095 	Level WAIT 	25
255.2912 	DATA 	Keypress: o
255.3092 	Level RINSE 	25
257.2934 	DATA 	Keypress: o
257.3094 	Level jitter 	25
264.2884 	Level finished 	25
264.2896 	DATA 	Keypress: o
264.2906 	DATA 	Keypress: o
264.2917 	DATA 	Keypress: o
264.3108 	Level image=waterlogo.jpg 	25
265.2910 	DATA 	Keypress: o
265.3105 	Level injecting via pump at address 0 	25
271.2938 	DATA 	Keypress: o
271.2951 	DATA 	Keypress: o
271.2962 	DATA 	Keypress: o
271.3278 	Level WAIT 	25
272.2946 	Level RINSE 	25
274.2935 	DATA 	Keypress: o
274.3119 	Level jitter 	25
279.2884 	Level finished 	25
279.2896 	DATA 	Keypress: o
279.2908 	DATA 	Keypress: o
279.2920 	DATA 	Keypress: o
279.3121 	Level image=tasty.jpg 	25
280.3122 	Level injecting via pump at address 0 	25
286.2938 	DATA 	Keypress: o
286.2947 	DATA 	Keypress: o
286.2957 	DATA 	Keypress: o
286.3132 	Level WAIT 	25
287.2910 	DATA 	Keypress: o
287.3130 	Level RINSE 	25
289.2929 	DATA 	Keypress: o
289.3132 	Level jitter 	25
290.2884 	Level finished 	25
290.3134 	Level image=tasty.jpg 	25
291.2912 	DATA 	Keypress: o
291.2968 	Level injecting via pump at address 1 	25
297.2931 	DATA 	Keypress: o
297.2942 	DATA 	Keypress: o
297.2953 	DATA 	Keypress: o
297.3146 	Level WAIT 	25
298.3143 	Level RINSE 	25
300.2933 	DATA 	Keypress: o
300.2978 	Level jitter 	25
303.2884 	Level finished 	25
303.2896 	DATA 	Keypress: o
303.2907 	DATA 	Keypress: o
303.3149 	Level image=tasty.jpg 	25
304.2984 	Level injecting via pump at address 0 	25
310.2931 	DATA 	Keypress: o
310.2942 	DATA 	Keypress: o
310.2951 	DATA 	Keypress: o
310.3160 	Level WAIT 	25
311.2909 	DATA 	Keypress: o
311.3158 	Level RINSE 	25
313.2940 	DATA 	Keypress: o
313.3160 	Level jitter 	25
315.2884 	Level finished 	25
315.2896 	DATA 	Keypress: o
315.3163 	Level image=tasty.jpg 	25
316.2998 	Level injecting via pump at address 1 	25
322.2936 	DATA 	Keypress: o
322.2948 	DATA 	Keypress: o
322.2959 	DATA 	Keypress: o
322.3008 	Level WAIT 	25
323.2907 	DATA 	Keypress: o
323.3005 	Level RINSE 	25
325.2937 	DATA 	Keypress: o
325.3007 	Level jitter 	25
327.2884 	Level finished 	25
327.2896 	DATA 	Keypress: o
327.3177 	Level image=tasty.jpg 	25
328.3012 	Level injecting via pump at address 0 	25
334.2929 	DATA 	Keypress: o
334.2939 	DATA 	Keypress: o
334.2949 	DATA 	Keypress: o
334.3022 	Level WAIT 	25
335.2909 	DATA 	Keypress: o
335.3019 	Level RINSE 	25
337.2932 	DATA 	Keypress: o
337.3189 	Level jitter 	25
338.2884 	Level finished 	25
338.3023 	Level image=waterlogo.jpg 	25
339.2907 	DATA 	Keypress: o
339.3191 	Level injecting via pump at address 0 	25
345.2934 	DATA 	Keypress: o
345.2943 	DATA 	Keypress: o
345.2952 	DATA 	Keypress: o
345.3201 	Level WAIT 	25
346.3199 	Level RINSE 	25
348.2929 	DATA 	Keypress: o
348.3034 	Level jitter 	25
354.2884 	Level finished 	25
354.2898 	DATA 	Keypress: o
354.2910 	DATA 	Keypress: o
354.2920 	DATA 	Keypress: o
354.3208 	Level image=tasty.jpg 	25
355.2907 	DATA 	Keypress: o
355.3214 	Level injecting via pump at address 1 	25
361.2933 	DATA 	Keypress: o
361.2944 	DATA 	Keypress: o
361.2954 	DATA 	Keypress: o
361.3216 	Level WAIT 	25
362.3051 	Level RINSE 	25
364.2931 	DATA 	Keypress: o
364.3053 	Level jitter 	25
367.2884 	Level finished 	25
367.2896 	DATA 	Keypress: o
367.2906 	DATA 	Keypress: o
367.3227 	Level image=tasty.jpg 	25
368.3225 	Level injecting via pump at address 0 	25
374.2935 	DATA 	Keypress: o
374.2945 	DATA 	Keypress: o
374.2954 	DATA 	Keypress: o
374.3231 	Level WAIT 	25
375.2910 	DATA 	Keypress: o
375.3067 	Level RINSE 	25
377.2937 	DATA 	Keypress: o
377.3240 	Level jitter 	25
379.2884 	Level finished 	25
379.2898 	DATA 	Keypress: o
379.3070 	Level image=tasty.jpg 	25
380.3072 	Level injecting via pump at address 1 	25
386.2930 	DATA 	Keypress: o
386.2941 	DATA 	Keypress: o
386.2950 	DATA 	Keypress: o
386.3078 	Level WAIT 	25
387.2913 	DATA 	Keypress: o
387.3084 	Level RINSE 	25
389.2938 	DATA 	Keypress: o
389.3083 	Level jitter 	25
393.2884 	Level finished 	25
393.2896 	DATA 	Keypress: o
393.2906 	DATA 	Keypress: o
393.3255 	Level image=tasty.jpg 	25
394.3089 	Level injecting via pump at address 0 	25
400.2931 	DATA 	Keypress: o
400.2942 	DATA 	Keypress: o
400.2951 	DATA 	Keypress: o
400.3099 	Level WAIT 	25
401.2914 	DATA 	Keypress: o
401.3097 	Level RINSE 	25
403.2937 	DATA 	Keypress: o
403.3098 	Level jitter 	25
410.2884 	Level finished 	25
410.2897 	DATA 	Keypress: o
410.2909 	DATA 	Keypress: o
410.2919 	DATA 	Keypress: o
410.3111 	Level image=tasty.jpg 	25
411.2910 	DATA 	Keypress: o
411.3109 	Level injecting via pump at address 0 	25
417.2939 	DATA 	Keypress: o
417.2949 	DATA 	Keypress: o
417.2958 	DATA 	Keypress: o
417.3115 	Level WAIT 	25
418.3117 	Level RINSE 	25
420.2929 	DATA 	Keypress: o
420.3122 	Level jitter 	25
424.2884 	Level finished 	25
