62.2356 	DATA 	Keypress: o
62.2366 	Level start key press 	25
64.2476 	DATA 	Keypress: o
66.2476 	DATA 	Keypress: o
68.2479 	DATA 	Keypress: o
70.2485 	DATA 	Keypress: o
70.7126 	Level image=waterlogo.jpg 	25
71.6295 	Level injecting via pump at address 0 	25
77.6004 	DATA 	Keypress: o
77.6015 	DATA 	Keypress: o
77.6024 	DATA 	Keypress: o
77.6304 	Level WAIT 	25
78.5986 	DATA 	Keypress: o
78.6135 	Level RINSE 	25
80.6087 	DATA 	Keypress: o
80.6303 	Level jitter 	25
86.5959 	Level finished 	25
86.5972 	DATA 	Keypress: o
86.5984 	DATA 	Keypress: o
86.5997 	DATA 	Keypress: o
86.6310 	Level image=tasty.jpg 	25
87.6149 	Level injecting via pump at address 1 	25
93.6006 	DATA 	Keypress: o
93.6019 	DATA 	Keypress: o
93.6032 	DATA 	Keypress: o
93.6151 	Level WAIT 	25
94.5989 	DATA 	Keypress: o
94.6153 	Level RINSE 	25
96.6009 	DATA 	Keypress: o
96.6321 	Level jitter 	25
102.5959 	Level finished 	25
102.5971 	DATA 	Keypress: o
102.5984 	DATA 	Keypress: o
102.5996 	DATA 	Keypress: o
102.6332 	Level image=tasty.jpg 	25
103.6162 	Level injecting via pump at address 1 	25
109.6014 	DATA 	Keypress: o
109.6030 	DATA 	Keypress: o
109.6043 	DATA 	Keypress: o
109.6169 	Level WAIT 	25
110.5983 	DATA 	Keypress: o
110.6170 	Level RINSE 	25
112.6004 	DATA 	Keypress: o
112.6175 	Level jitter 	25
114.5959 	Level finished 	25
114.5971 	DATA 	Keypress: o
114.6174 	Level image=waterlogo.jpg 	25
115.6009 	Level injecting via pump at address 0 	25
121.6016 	DATA 	Keypress: o
121.6028 	DATA 	Keypress: o
121.6038 	DATA 	Keypress: o
121.6181 	Level WAIT 	25
122.5985 	DATA 	Keypress: o
122.6188 	Level RINSE 	25
124.6009 	DATA 	Keypress: o
124.6185 	Level jitter 	25
130.5959 	Level finished 	25
130.5973 	DATA 	Keypress: o
130.5986 	DATA 	Keypress: o
130.5998 	DATA 	Keypress: o
130.6358 	Level image=tasty.jpg 	25
131.6027 	Level injecting via pump at address 1 	25
137.6016 	DATA 	Keypress: o
137.6031 	DATA 	Keypress: o
137.6044 	DATA 	Keypress: o
137.6204 	Level WAIT 	25
138.5988 	DATA 	Keypress: o
138.6201 	Level RINSE 	25
140.6023 	DATA 	Keypress: o
140.6202 	Level jitter 	25
145.5959 	Level finished 	25
145.5970 	DATA 	Keypress: o
145.5980 	DATA 	Keypress: o
145.6208 	Level image=waterlogo.jpg 	25
146.5982 	DATA 	Keypress: o
146.6044 	Level injecting via pump at address 0 	25
152.6006 	DATA 	Keypress: o
152.6016 	DATA 	Keypress: o
152.6025 	DATA 	Keypress: o
152.6221 	Level WAIT 	25
153.6050 	Level RINSE 	25
155.6012 	DATA 	Keypress: o
155.6218 	Level jitter 	25
160.5959 	Level finished 	25
160.5973 	DATA 	Keypress: o
160.5990 	DATA 	Keypress: o
160.6005 	DATA 	Keypress: o
160.6225 	Level image=tasty.jpg 	25
161.6226 	Level injecting via pump at address 1 	25
167.6013 	DATA 	Keypress: o
167.6025 	DATA 	Keypress: o
167.6035 	DATA 	Keypress: o
167.6237 	Level WAIT 	25
168.5985 	DATA 	Keypress: o
168.6067 	Level RINSE 	25
170.6003 	DATA 	Keypress: o
170.6236 	Level jitter 	25
176.5959 	Level finished 	25
176.5971 	DATA 	Keypress: o
176.5982 	DATA 	Keypress: o
176.5994 	DATA 	Keypress: o
176.6243 	Level image=waterlogo.jpg 	25
177.6248 	Level injecting via pump at address 0 	25
183.6013 	DATA 	Keypress: o
183.6026 	DATA 	Keypress: o
183.6039 	DATA 	Keypress: o
183.6249 	Level WAIT 	25
184.5985 	DATA 	Keypress: o
184.6084 	Level RINSE 	25
186.6012 	DATA 	Keypress: o
186.6253 	Level jitter 	25
189.5959 	Level finished 	25
189.5971 	DATA 	Keypress: o
189.6261 	Level image=tasty.jpg 	25
190.5986 	DATA 	Keypress: o
190.6093 	Level injecting via pump at address 1 	25
196.6013 	DATA 	Keypress: o
196.6023 	DATA 	Keypress: o
196.6033 	DATA 	Keypress: o
196.6098 	Level WAIT 	25
197.6098 	Level RINSE 	25
199.6005 	DATA 	Keypress: o
199.6272 	Level jitter 	25
207.5959 	Level finished 	25
207.5971 	DATA 	Keypress: o
207.5984 	DATA 	Keypress: o
207.5999 	DATA 	Keypress: o
207.6010 	DATA 	Keypress: o
207.6276 	Level image=waterlogo.jpg 	25
208.5987 	DATA 	Keypress: o
208.6279 	Level injecting via pump at address 0 	25
214.6009 	DATA 	Keypress: o
214.6019 	DATA 	Keypress: o
214.6029 	DATA 	Keypress: o
214.6288 	Level WAIT 	25
215.6118 	Level RINSE 	25
217.6012 	DATA 	Keypress: o
217.6286 	Level jitter 	25
219.5959 	Level finished 	25
219.5971 	DATA 	Keypress: o
219.6124 	Level image=tasty.jpg 	25
220.5984 	DATA 	Keypress: o
220.6126 	Level injecting via pump at address 1 	25
226.6015 	DATA 	Keypress: o
226.6028 	DATA 	Keypress: o
226.6040 	DATA 	Keypress: o
226.6302 	Level WAIT 	25
227.6298 	Level RINSE 	25
229.6014 	DATA 	Keypress: o
229.6133 	Level jitter 	25
238.5959 	Level finished 	25
238.5971 	DATA 	Keypress: o
238.5982 	DATA 	Keypress: o
238.5991 	DATA 	Keypress: o
238.6001 	DATA 	Keypress: o
238.6010 	DATA 	Keypress: o
238.6316 	Level image=waterlogo.jpg 	25
239.6145 	Level injecting via pump at address 0 	25
245.6011 	DATA 	Keypress: o
245.6022 	DATA 	Keypress: o
245.6032 	DATA 	Keypress: o
245.6317 	Level WAIT 	25
246.5988 	DATA 	Keypress: o
246.6153 	Level RINSE 	25
248.6014 	DATA 	Keypress: o
248.6160 	Level jitter 	25
250.5959 	Level finished 	25
250.5972 	DATA 	Keypress: o
250.6158 	Level image=tasty.jpg 	25
251.6158 	Level injecting via pump at address 1 	25
257.6013 	DATA 	Keypress: o
257.6026 	DATA 	Keypress: o
257.6038 	DATA 	Keypress: o
257.6164 	Level WAIT 	25
258.5987 	DATA 	Keypress: o
258.6170 	Level RINSE 	25
260.6013 	DATA 	Keypress: o
260.6168 	Level jitter 	25
263.5959 	Level finished 	25
263.5971 	DATA 	Keypress: o
263.6172 	Level image=waterlogo.jpg 	25
264.5982 	DATA 	Keypress: o
264.6174 	Level injecting via pump at address 0 	25
270.6018 	DATA 	Keypress: o
270.6032 	DATA 	Keypress: o
270.6048 	DATA 	Keypress: o
270.6350 	Level WAIT 	25
271.6014 	Level RINSE 	25
273.6013 	DATA 	Keypress: o
273.6182 	Level jitter 	25
277.5959 	Level finished 	25
277.5975 	DATA 	Keypress: o
277.5985 	DATA 	Keypress: o
277.6353 	Level image=tasty.jpg 	25
278.5982 	DATA 	Keypress: o
278.6190 	Level injecting via pump at address 1 	25
284.6012 	DATA 	Keypress: o
284.6029 	DATA 	Keypress: o
284.6044 	DATA 	Keypress: o
284.6198 	Level WAIT 	25
285.6195 	Level RINSE 	25
287.6016 	DATA 	Keypress: o
287.6197 	Level jitter 	25
288.5959 	Level finished 	25
288.5972 	DATA 	Keypress: o
288.6199 	Level image=waterlogo.jpg 	25
289.6200 	Level injecting via pump at address 0 	25
295.6015 	DATA 	Keypress: o
295.6029 	DATA 	Keypress: o
295.6041 	DATA 	Keypress: o
295.6211 	Level WAIT 	25
296.5986 	DATA 	Keypress: o
296.6041 	Level RINSE 	25
298.6024 	DATA 	Keypress: o
298.6209 	Level jitter 	25
301.5959 	Level finished 	25
301.5972 	DATA 	Keypress: o
301.6213 	Level image=tasty.jpg 	25
302.5983 	DATA 	Keypress: o
302.6215 	Level injecting via pump at address 1 	25
308.6015 	DATA 	Keypress: o
308.6027 	DATA 	Keypress: o
308.6040 	DATA 	Keypress: o
308.6225 	Level WAIT 	25
309.6055 	Level RINSE 	25
311.6014 	DATA 	Keypress: o
311.6224 	Level jitter 	25
319.5959 	Level finished 	25
319.5972 	DATA 	Keypress: o
319.5982 	DATA 	Keypress: o
319.5992 	DATA 	Keypress: o
319.6002 	DATA 	Keypress: o
319.6238 	Level image=tasty.jpg 	25
320.5988 	DATA 	Keypress: o
320.6236 	Level injecting via pump at address 1 	25
326.6011 	DATA 	Keypress: o
326.6024 	DATA 	Keypress: o
326.6036 	DATA 	Keypress: o
326.6241 	Level WAIT 	25
327.6075 	Level RINSE 	25
329.6009 	DATA 	Keypress: o
329.6248 	Level jitter 	25
333.5959 	Level finished 	25
333.5973 	DATA 	Keypress: o
333.5986 	DATA 	Keypress: o
333.6249 	Level image=waterlogo.jpg 	25
334.5986 	DATA 	Keypress: o
334.6084 	Level injecting via pump at address 0 	25
340.6017 	DATA 	Keypress: o
340.6029 	DATA 	Keypress: o
340.6039 	DATA 	Keypress: o
340.6094 	Level WAIT 	25
341.6090 	Level RINSE 	25
343.6012 	DATA 	Keypress: o
343.6092 	Level jitter 	25
346.5959 	Level finished 	25
346.5971 	DATA 	Keypress: o
346.5981 	DATA 	Keypress: o
346.6097 	Level image=tasty.jpg 	25
347.6097 	Level injecting via pump at address 1 	25
353.6010 	DATA 	Keypress: o
353.6023 	DATA 	Keypress: o
353.6033 	DATA 	Keypress: o
353.6274 	Level WAIT 	25
354.5983 	DATA 	Keypress: o
354.6271 	Level RINSE 	25
356.6009 	DATA 	Keypress: o
356.6107 	Level jitter 	25
361.5959 	Level finished 	25
361.5972 	DATA 	Keypress: o
361.5982 	DATA 	Keypress: o
361.6279 	Level image=waterlogo.jpg 	25
362.5982 	DATA 	Keypress: o
362.6114 	Level injecting via pump at address 0 	25
368.6010 	DATA 	Keypress: o
368.6023 	DATA 	Keypress: o
368.6036 	DATA 	Keypress: o
368.6124 	Level WAIT 	25
369.6121 	Level RINSE 	25
371.6012 	DATA 	Keypress: o
371.6123 	Level jitter 	25
376.5959 	Level finished 	25
376.5971 	DATA 	Keypress: o
376.5982 	DATA 	Keypress: o
376.5994 	DATA 	Keypress: o
376.6296 	Level image=waterlogo.jpg 	25
377.6131 	Level injecting via pump at address 0 	25
383.6014 	DATA 	Keypress: o
383.6028 	DATA 	Keypress: o
383.6043 	DATA 	Keypress: o
383.6307 	Level WAIT 	25
384.5983 	DATA 	Keypress: o
384.6138 	Level RINSE 	25
386.6016 	DATA 	Keypress: o
386.6306 	Level jitter 	25
395.5959 	Level finished 	25
395.5971 	DATA 	Keypress: o
395.5981 	DATA 	Keypress: o
395.5991 	DATA 	Keypress: o
395.6000 	DATA 	Keypress: o
395.6321 	Level image=tasty.jpg 	25
396.5983 	DATA 	Keypress: o
396.6151 	Level injecting via pump at address 1 	25
402.6011 	DATA 	Keypress: o
402.6024 	DATA 	Keypress: o
402.6037 	DATA 	Keypress: o
402.6158 	Level WAIT 	25
403.6160 	Level RINSE 	25
405.6012 	DATA 	Keypress: o
405.6164 	Level jitter 	25
407.5959 	Level finished 	25
407.5971 	DATA 	Keypress: o
407.6163 	Level image=waterlogo.jpg 	25
408.5987 	DATA 	Keypress: o
408.6165 	Level injecting via pump at address 0 	25
414.6025 	DATA 	Keypress: o
414.6039 	DATA 	Keypress: o
414.6054 	DATA 	Keypress: o
414.6337 	Level WAIT 	25
415.6176 	Level RINSE 	25
417.6014 	DATA 	Keypress: o
417.6174 	Level jitter 	25
420.5959 	Level finished 	25
420.5974 	DATA 	Keypress: o
420.5986 	DATA 	Keypress: o
420.6345 	Level image=waterlogo.jpg 	25
421.6012 	Level injecting via pump at address 0 	25
427.6007 	DATA 	Keypress: o
427.6017 	DATA 	Keypress: o
427.6027 	DATA 	Keypress: o
427.6189 	Level WAIT 	25
428.5988 	DATA 	Keypress: o
428.6186 	Level RINSE 	25
430.6012 	DATA 	Keypress: o
430.6189 	Level jitter 	25
435.5959 	Level finished 	25
435.5973 	DATA 	Keypress: o
435.5986 	DATA 	Keypress: o
435.6194 	Level image=tasty.jpg 	25
436.5986 	DATA 	Keypress: o
436.6195 	Level injecting via pump at address 1 	25
442.6014 	DATA 	Keypress: o
442.6027 	DATA 	Keypress: o
442.6039 	DATA 	Keypress: o
442.6206 	Level WAIT 	25
443.6036 	Level RINSE 	25
445.6007 	DATA 	Keypress: o
445.6205 	Level jitter 	25
447.5959 	Level finished 	25
447.5971 	DATA 	Keypress: o
447.6208 	Level image=tasty.jpg 	25
448.5983 	DATA 	Keypress: o
448.6209 	Level injecting via pump at address 1 	25
454.6020 	DATA 	Keypress: o
454.6033 	DATA 	Keypress: o
454.6045 	DATA 	Keypress: o
454.6219 	Level WAIT 	25
455.6051 	Level RINSE 	25
457.6004 	DATA 	Keypress: o
457.6218 	Level jitter 	25
464.5959 	Level finished 	25
464.5974 	DATA 	Keypress: o
464.5988 	DATA 	Keypress: o
464.5999 	DATA 	Keypress: o
464.6010 	DATA 	Keypress: o
464.6397 	Level image=waterlogo.jpg 	25
465.6060 	Level injecting via pump at address 0 	25
471.6012 	DATA 	Keypress: o
471.6028 	DATA 	Keypress: o
471.6045 	DATA 	Keypress: o
471.6233 	Level WAIT 	25
472.5983 	DATA 	Keypress: o
472.6235 	Level RINSE 	25
474.6015 	DATA 	Keypress: o
474.6074 	Level jitter 	25
477.5959 	Level finished 	25
477.5970 	DATA 	Keypress: o
477.6073 	Level image=tasty.jpg 	25
478.5984 	DATA 	Keypress: o
478.6075 	Level injecting via pump at address 1 	25
484.6010 	DATA 	Keypress: o
484.6023 	DATA 	Keypress: o
484.6033 	DATA 	Keypress: o
484.6251 	Level WAIT 	25
485.6249 	Level RINSE 	25
487.6013 	DATA 	Keypress: o
487.6084 	Level jitter 	25
489.5959 	Level finished 	25
489.5972 	DATA 	Keypress: o
489.6254 	Level image=waterlogo.jpg 	25
490.5984 	DATA 	Keypress: o
490.6089 	Level injecting via pump at address 0 	25
496.6010 	DATA 	Keypress: o
496.6020 	DATA 	Keypress: o
496.6031 	DATA 	Keypress: o
496.6099 	Level WAIT 	25
497.6095 	Level RINSE 	25
499.6009 	DATA 	Keypress: o
499.6098 	Level jitter 	25
507.5959 	Level finished 	25
507.5971 	DATA 	Keypress: o
507.5982 	DATA 	Keypress: o
507.5992 	DATA 	Keypress: o
507.6001 	DATA 	Keypress: o
507.6278 	Level image=tasty.jpg 	25
508.5983 	DATA 	Keypress: o
508.6108 	Level injecting via pump at address 1 	25
514.6014 	DATA 	Keypress: o
514.6027 	DATA 	Keypress: o
514.6039 	DATA 	Keypress: o
514.6281 	Level WAIT 	25
515.6116 	Level RINSE 	25
517.6020 	DATA 	Keypress: o
517.6288 	Level jitter 	25
519.5959 	Level finished 	25
519.5969 	DATA 	Keypress: o
519.6287 	Level image=waterlogo.jpg 	25
520.5983 	DATA 	Keypress: o
520.6289 	Level injecting via pump at address 0 	25
526.6008 	DATA 	Keypress: o
526.6021 	DATA 	Keypress: o
526.6035 	DATA 	Keypress: o
526.6293 	Level WAIT 	25
527.6133 	Level RINSE 	25
529.6004 	DATA 	Keypress: o
529.6297 	Level jitter 	25
536.5959 	Level finished 	25
