66.4588 	DATA 	Keypress: o
66.4596 	Level start key press 	25
68.4713 	DATA 	Keypress: o
70.4713 	DATA 	Keypress: o
72.4716 	DATA 	Keypress: o
74.4717 	DATA 	Keypress: o
75.0026 	Level image=waterlogo.jpg 	25
75.9365 	Level injecting via pump at address 0 	25
81.9245 	DATA 	Keypress: o
81.9256 	DATA 	Keypress: o
81.9265 	DATA 	Keypress: o
81.9531 	Level WAIT 	25
82.9222 	DATA 	Keypress: o
82.9364 	Level RINSE 	25
84.9327 	DATA 	Keypress: o
84.9533 	Level jitter 	25
93.9193 	Level finished 	25
93.9207 	DATA 	Keypress: o
93.9220 	DATA 	Keypress: o
93.9232 	DATA 	Keypress: o
93.9244 	DATA 	Keypress: o
93.9543 	Level image=waterlogo.jpg 	25
94.9219 	DATA 	Keypress: o
94.9540 	Level injecting via pump at address 0 	25
100.9249 	DATA 	Keypress: o
100.9262 	DATA 	Keypress: o
100.9275 	DATA 	Keypress: o
100.9544 	Level WAIT 	25
101.9378 	Level RINSE 	25
103.9242 	DATA 	Keypress: o
103.9550 	Level jitter 	25
108.9193 	Level finished 	25
108.9211 	DATA 	Keypress: o
108.9224 	DATA 	Keypress: o
108.9236 	DATA 	Keypress: o
108.9384 	Level image=tasty.jpg 	25
109.9385 	Level injecting via pump at address 0 	25
115.9239 	DATA 	Keypress: o
115.9250 	DATA 	Keypress: o
115.9262 	DATA 	Keypress: o
115.9391 	Level WAIT 	25
116.9216 	DATA 	Keypress: o
116.9555 	Level RINSE 	25
118.9250 	DATA 	Keypress: o
118.9389 	Level jitter 	25
119.9193 	Level finished 	25
119.9557 	Level image=tasty.jpg 	25
120.9217 	DATA 	Keypress: o
120.9392 	Level injecting via pump at address 1 	25
126.9245 	DATA 	Keypress: o
126.9259 	DATA 	Keypress: o
126.9269 	DATA 	Keypress: o
126.9399 	Level WAIT 	25
127.9395 	Level RINSE 	25
129.9238 	DATA 	Keypress: o
129.9397 	Level jitter 	25
134.9193 	Level finished 	25
134.9205 	DATA 	Keypress: o
134.9216 	DATA 	Keypress: o
134.9227 	DATA 	Keypress: o
134.9567 	Level image=tasty.jpg 	25
135.9235 	Level injecting via pump at address 0 	25
141.9245 	DATA 	Keypress: o
141.9255 	DATA 	Keypress: o
141.9265 	DATA 	Keypress: o
141.9577 	Level WAIT 	25
142.9219 	DATA 	Keypress: o
142.9406 	Level RINSE 	25
144.9239 	DATA 	Keypress: o
144.9574 	Level jitter 	25
148.9193 	Level finished 	25
148.9205 	DATA 	Keypress: o
148.9215 	DATA 	Keypress: o
148.9410 	Level image=waterlogo.jpg 	25
149.9411 	Level injecting via pump at address 0 	25
155.9242 	DATA 	Keypress: o
155.9254 	DATA 	Keypress: o
155.9263 	DATA 	Keypress: o
155.9419 	Level WAIT 	25
156.9226 	DATA 	Keypress: o
156.9416 	Level RINSE 	25
158.9246 	DATA 	Keypress: o
158.9417 	Level jitter 	25
160.9193 	Level finished 	25
160.9205 	DATA 	Keypress: o
160.9418 	Level image=tasty.jpg 	25
161.9420 	Level injecting via pump at address 0 	25
167.9249 	DATA 	Keypress: o
167.9262 	DATA 	Keypress: o
167.9274 	DATA 	Keypress: o
167.9428 	Level WAIT 	25
168.9222 	DATA 	Keypress: o
168.9425 	Level RINSE 	25
170.9243 	DATA 	Keypress: o
170.9425 	Level jitter 	25
178.9193 	Level finished 	25
178.9207 	DATA 	Keypress: o
178.9218 	DATA 	Keypress: o
178.9230 	DATA 	Keypress: o
178.9245 	DATA 	Keypress: o
178.9602 	Level image=waterlogo.jpg 	25
179.9265 	Level injecting via pump at address 0 	25
185.9249 	DATA 	Keypress: o
185.9262 	DATA 	Keypress: o
185.9274 	DATA 	Keypress: o
185.9435 	Level WAIT 	25
186.9221 	DATA 	Keypress: o
186.9436 	Level RINSE 	25
188.9243 	DATA 	Keypress: o
188.9276 	Level jitter 	25
193.9193 	Level finished 	25
193.9206 	DATA 	Keypress: o
193.9216 	DATA 	Keypress: o
193.9442 	Level image=tasty.jpg 	25
194.9216 	DATA 	Keypress: o
194.9443 	Level injecting via pump at address 1 	25
200.9248 	DATA 	Keypress: o
200.9260 	DATA 	Keypress: o
200.9272 	DATA 	Keypress: o
200.9450 	Level WAIT 	25
201.9280 	Level RINSE 	25
203.9245 	DATA 	Keypress: o
203.9448 	Level jitter 	25
205.9193 	Level finished 	25
205.9206 	DATA 	Keypress: o
205.9449 	Level image=tasty.jpg 	25
206.9219 	DATA 	Keypress: o
206.9451 	Level injecting via pump at address 0 	25
212.9244 	DATA 	Keypress: o
212.9256 	DATA 	Keypress: o
212.9269 	DATA 	Keypress: o
212.9458 	Level WAIT 	25
213.9288 	Level RINSE 	25
215.9237 	DATA 	Keypress: o
215.9456 	Level jitter 	25
218.9193 	Level finished 	25
218.9208 	DATA 	Keypress: o
218.9220 	DATA 	Keypress: o
218.9458 	Level image=waterlogo.jpg 	25
219.9460 	Level injecting via pump at address 0 	25
225.9248 	DATA 	Keypress: o
225.9261 	DATA 	Keypress: o
225.9274 	DATA 	Keypress: o
225.9468 	Level WAIT 	25
226.9219 	DATA 	Keypress: o
226.9297 	Level RINSE 	25
228.9251 	DATA 	Keypress: o
228.9465 	Level jitter 	25
236.9193 	Level finished 	25
236.9209 	DATA 	Keypress: o
236.9221 	DATA 	Keypress: o
236.9233 	DATA 	Keypress: o
236.9245 	DATA 	Keypress: o
236.9476 	Level image=tasty.jpg 	25
237.9472 	Level injecting via pump at address 0 	25
243.9241 	DATA 	Keypress: o
243.9253 	DATA 	Keypress: o
243.9263 	DATA 	Keypress: o
243.9475 	Level WAIT 	25
244.9217 	DATA 	Keypress: o
244.9476 	Level RINSE 	25
246.9245 	DATA 	Keypress: o
246.9482 	Level jitter 	25
248.9193 	Level finished 	25
248.9205 	DATA 	Keypress: o
248.9479 	Level image=tasty.jpg 	25
249.9480 	Level injecting via pump at address 1 	25
255.9247 	DATA 	Keypress: o
255.9260 	DATA 	Keypress: o
255.9272 	DATA 	Keypress: o
255.9484 	Level WAIT 	25
256.9225 	DATA 	Keypress: o
256.9489 	Level RINSE 	25
258.9246 	DATA 	Keypress: o
258.9485 	Level jitter 	25
267.9193 	Level finished 	25
267.9206 	DATA 	Keypress: o
267.9216 	DATA 	Keypress: o
267.9225 	DATA 	Keypress: o
267.9235 	DATA 	Keypress: o
267.9498 	Level image=waterlogo.jpg 	25
268.9216 	DATA 	Keypress: o
268.9494 	Level injecting via pump at address 0 	25
274.9251 	DATA 	Keypress: o
274.9264 	DATA 	Keypress: o
274.9276 	DATA 	Keypress: o
274.9497 	Level WAIT 	25
275.9498 	Level RINSE 	25
277.9249 	DATA 	Keypress: o
277.9503 	Level jitter 	25
285.9193 	Level finished 	25
285.9206 	DATA 	Keypress: o
285.9216 	DATA 	Keypress: o
285.9227 	DATA 	Keypress: o
285.9237 	DATA 	Keypress: o
285.9338 	Level image=tasty.jpg 	25
286.9223 	DATA 	Keypress: o
286.9339 	Level injecting via pump at address 0 	25
292.9245 	DATA 	Keypress: o
292.9255 	DATA 	Keypress: o
292.9264 	DATA 	Keypress: o
292.9348 	Level WAIT 	25
293.9344 	Level RINSE 	25
295.9244 	DATA 	Keypress: o
295.9344 	Level jitter 	25
297.9193 	Level finished 	25
297.9204 	DATA 	Keypress: o
297.9514 	Level image=waterlogo.jpg 	25
298.9222 	DATA 	Keypress: o
298.9347 	Level injecting via pump at address 0 	25
304.9247 	DATA 	Keypress: o
304.9260 	DATA 	Keypress: o
304.9272 	DATA 	Keypress: o
304.9356 	Level WAIT 	25
305.9352 	Level RINSE 	25
307.9246 	DATA 	Keypress: o
307.9354 	Level jitter 	25
314.9193 	Level finished 	25
314.9206 	DATA 	Keypress: o
314.9217 	DATA 	Keypress: o
314.9229 	DATA 	Keypress: o
314.9242 	DATA 	Keypress: o
314.9529 	Level image=tasty.jpg 	25
315.9359 	Level injecting via pump at address 1 	25
321.9249 	DATA 	Keypress: o
321.9264 	DATA 	Keypress: o
321.9275 	DATA 	Keypress: o
321.9529 	Level WAIT 	25
322.9217 	DATA 	Keypress: o
322.9531 	Level RINSE 	25
324.9246 	DATA 	Keypress: o
324.9369 	Level jitter 	25
329.9193 	Level finished 	25
329.9205 	DATA 	Keypress: o
329.9215 	DATA 	Keypress: o
329.9368 	Level image=tasty.jpg 	25
330.9220 	DATA 	Keypress: o
330.9369 	Level injecting via pump at address 0 	25
336.9247 	DATA 	Keypress: o
336.9258 	DATA 	Keypress: o
336.9268 	DATA 	Keypress: o
336.9378 	Level WAIT 	25
337.9375 	Level RINSE 	25
339.9244 	DATA 	Keypress: o
339.9375 	Level jitter 	25
341.9193 	Level finished 	25
341.9204 	DATA 	Keypress: o
341.9377 	Level image=tasty.jpg 	25
342.9223 	DATA 	Keypress: o
342.9378 	Level injecting via pump at address 1 	25
348.9248 	DATA 	Keypress: o
348.9260 	DATA 	Keypress: o
348.9273 	DATA 	Keypress: o
348.9386 	Level WAIT 	25
349.9383 	Level RINSE 	25
351.9238 	DATA 	Keypress: o
351.9384 	Level jitter 	25
354.9193 	Level finished 	25
354.9205 	DATA 	Keypress: o
354.9216 	DATA 	Keypress: o
354.9386 	Level image=tasty.jpg 	25
355.9386 	Level injecting via pump at address 0 	25
361.9259 	DATA 	Keypress: o
361.9273 	DATA 	Keypress: o
361.9285 	DATA 	Keypress: o
361.9394 	Level WAIT 	25
362.9219 	DATA 	Keypress: o
362.9392 	Level RINSE 	25
364.9244 	DATA 	Keypress: o
364.9393 	Level jitter 	25
366.9193 	Level finished 	25
366.9207 	DATA 	Keypress: o
366.9395 	Level image=tasty.jpg 	25
367.9395 	Level injecting via pump at address 1 	25
373.9246 	DATA 	Keypress: o
373.9260 	DATA 	Keypress: o
373.9275 	DATA 	Keypress: o
373.9403 	Level WAIT 	25
374.9221 	DATA 	Keypress: o
374.9399 	Level RINSE 	25
376.9252 	DATA 	Keypress: o
376.9401 	Level jitter 	25
380.9193 	Level finished 	25
380.9205 	DATA 	Keypress: o
380.9216 	DATA 	Keypress: o
380.9404 	Level image=tasty.jpg 	25
381.9405 	Level injecting via pump at address 0 	25
387.9246 	DATA 	Keypress: o
387.9259 	DATA 	Keypress: o
387.9274 	DATA 	Keypress: o
387.9579 	Level WAIT 	25
388.9219 	DATA 	Keypress: o
388.9409 	Level RINSE 	25
390.9244 	DATA 	Keypress: o
390.9410 	Level jitter 	25
392.9193 	Level finished 	25
392.9205 	DATA 	Keypress: o
392.9412 	Level image=tasty.jpg 	25
393.9414 	Level injecting via pump at address 1 	25
399.9242 	DATA 	Keypress: o
399.9253 	DATA 	Keypress: o
399.9262 	DATA 	Keypress: o
399.9420 	Level WAIT 	25
400.9223 	DATA 	Keypress: o
400.9417 	Level RINSE 	25
402.9247 	DATA 	Keypress: o
402.9418 	Level jitter 	25
410.9193 	Level finished 	25
410.9207 	DATA 	Keypress: o
410.9220 	DATA 	Keypress: o
410.9230 	DATA 	Keypress: o
410.9240 	DATA 	Keypress: o
410.9428 	Level image=tasty.jpg 	25
411.9426 	Level injecting via pump at address 0 	25
417.9245 	DATA 	Keypress: o
417.9256 	DATA 	Keypress: o
417.9266 	DATA 	Keypress: o
417.9429 	Level WAIT 	25
418.9226 	DATA 	Keypress: o
418.9430 	Level RINSE 	25
420.9247 	DATA 	Keypress: o
420.9436 	Level jitter 	25
427.9193 	Level finished 	25
