54.3508 	DATA 	Keypress: o
54.3516 	Level start key press 	25
56.3643 	DATA 	Keypress: o
58.3642 	DATA 	Keypress: o
60.3644 	DATA 	Keypress: o
62.3645 	DATA 	Keypress: o
62.8788 	Level image=waterlogo.jpg 	25
63.8293 	Level injecting via pump at address 0 	25
69.8007 	DATA 	Keypress: o
69.8020 	DATA 	Keypress: o
69.8032 	DATA 	Keypress: o
69.8292 	Level WAIT 	25
70.7982 	DATA 	Keypress: o
70.8126 	Level RINSE 	25
72.8084 	DATA 	Keypress: o
72.8294 	Level jitter 	25
74.7954 	Level finished 	25
74.7968 	DATA 	Keypress: o
74.8131 	Level image=tasty.jpg 	25
75.8130 	Level injecting via pump at address 1 	25
81.8009 	DATA 	Keypress: o
81.8022 	DATA 	Keypress: o
81.8034 	DATA 	Keypress: o
81.8301 	Level WAIT 	25
82.7981 	DATA 	Keypress: o
82.8135 	Level RINSE 	25
84.8003 	DATA 	Keypress: o
84.8140 	Level jitter 	25
86.7954 	Level finished 	25
86.7966 	DATA 	Keypress: o
86.8137 	Level image=tasty.jpg 	25
87.8138 	Level injecting via pump at address 0 	25
93.8006 	DATA 	Keypress: o
93.8020 	DATA 	Keypress: o
93.8030 	DATA 	Keypress: o
93.8142 	Level WAIT 	25
94.7978 	DATA 	Keypress: o
94.8147 	Level RINSE 	25
96.7998 	DATA 	Keypress: o
96.8145 	Level jitter 	25
101.7954 	Level finished 	25
101.7966 	DATA 	Keypress: o
101.7977 	DATA 	Keypress: o
101.8148 	Level image=tasty.jpg 	25
102.7982 	DATA 	Keypress: o
102.8149 	Level injecting via pump at address 1 	25
108.8010 	DATA 	Keypress: o
108.8023 	DATA 	Keypress: o
108.8035 	DATA 	Keypress: o
108.8156 	Level WAIT 	25
109.8153 	Level RINSE 	25
111.8004 	DATA 	Keypress: o
111.8155 	Level jitter 	25
117.7954 	Level finished 	25
117.7966 	DATA 	Keypress: o
117.7979 	DATA 	Keypress: o
117.7991 	DATA 	Keypress: o
117.8159 	Level image=tasty.jpg 	25
118.7982 	DATA 	Keypress: o
118.8165 	Level injecting via pump at address 0 	25
124.8016 	DATA 	Keypress: o
124.8029 	DATA 	Keypress: o
124.8041 	DATA 	Keypress: o
124.8163 	Level WAIT 	25
125.8165 	Level RINSE 	25
127.8008 	DATA 	Keypress: o
127.8165 	Level jitter 	25
129.7954 	Level finished 	25
129.7966 	DATA 	Keypress: o
129.8172 	Level image=waterlogo.jpg 	25
130.7985 	DATA 	Keypress: o
130.8168 	Level injecting via pump at address 0 	25
136.8007 	DATA 	Keypress: o
136.8018 	DATA 	Keypress: o
136.8028 	DATA 	Keypress: o
136.8172 	Level WAIT 	25
137.8172 	Level RINSE 	25
139.8008 	DATA 	Keypress: o
139.8177 	Level jitter 	25
148.7954 	Level finished 	25
148.7966 	DATA 	Keypress: o
148.7978 	DATA 	Keypress: o
148.7990 	DATA 	Keypress: o
148.8002 	DATA 	Keypress: o
148.8012 	DATA 	Keypress: o
148.8181 	Level image=tasty.jpg 	25
149.8186 	Level injecting via pump at address 0 	25
155.8010 	DATA 	Keypress: o
155.8023 	DATA 	Keypress: o
155.8035 	DATA 	Keypress: o
155.8185 	Level WAIT 	25
156.7979 	DATA 	Keypress: o
156.8185 	Level RINSE 	25
158.8001 	DATA 	Keypress: o
158.8187 	Level jitter 	25
159.7954 	Level finished 	25
159.8193 	Level image=waterlogo.jpg 	25
160.7978 	DATA 	Keypress: o
160.8023 	Level injecting via pump at address 0 	25
166.8003 	DATA 	Keypress: o
166.8017 	DATA 	Keypress: o
166.8029 	DATA 	Keypress: o
166.8359 	Level WAIT 	25
167.8026 	Level RINSE 	25
169.8003 	DATA 	Keypress: o
169.8199 	Level jitter 	25
175.7954 	Level finished 	25
175.7968 	DATA 	Keypress: o
175.7981 	DATA 	Keypress: o
175.7991 	DATA 	Keypress: o
175.8199 	Level image=tasty.jpg 	25
176.7980 	DATA 	Keypress: o
176.8033 	Level injecting via pump at address 0 	25
182.8010 	DATA 	Keypress: o
182.8024 	DATA 	Keypress: o
182.8036 	DATA 	Keypress: o
182.8207 	Level WAIT 	25
183.8204 	Level RINSE 	25
185.8008 	DATA 	Keypress: o
185.8039 	Level jitter 	25
193.7954 	Level finished 	25
193.7968 	DATA 	Keypress: o
193.7981 	DATA 	Keypress: o
193.7993 	DATA 	Keypress: o
193.8005 	DATA 	Keypress: o
193.8217 	Level image=tasty.jpg 	25
194.7982 	DATA 	Keypress: o
194.8213 	Level injecting via pump at address 1 	25
200.8001 	DATA 	Keypress: o
200.8013 	DATA 	Keypress: o
200.8023 	DATA 	Keypress: o
200.8216 	Level WAIT 	25
201.8051 	Level RINSE 	25
203.8002 	DATA 	Keypress: o
203.8222 	Level jitter 	25
208.7954 	Level finished 	25
208.7966 	DATA 	Keypress: o
208.7978 	DATA 	Keypress: o
208.7991 	DATA 	Keypress: o
208.8222 	Level image=tasty.jpg 	25
209.8223 	Level injecting via pump at address 0 	25
215.8002 	DATA 	Keypress: o
215.8012 	DATA 	Keypress: o
215.8022 	DATA 	Keypress: o
215.8230 	Level WAIT 	25
216.7988 	DATA 	Keypress: o
216.8227 	Level RINSE 	25
218.8009 	DATA 	Keypress: o
218.8228 	Level jitter 	25
225.7954 	Level finished 	25
225.7966 	DATA 	Keypress: o
225.7977 	DATA 	Keypress: o
225.7987 	DATA 	Keypress: o
225.8238 	Level image=waterlogo.jpg 	25
226.7985 	DATA 	Keypress: o
226.8067 	Level injecting via pump at address 0 	25
232.8012 	DATA 	Keypress: o
232.8024 	DATA 	Keypress: o
232.8037 	DATA 	Keypress: o
232.8072 	Level WAIT 	25
233.8072 	Level RINSE 	25
235.8001 	DATA 	Keypress: o
235.8077 	Level jitter 	25
241.7954 	Level finished 	25
241.7966 	DATA 	Keypress: o
241.7978 	DATA 	Keypress: o
241.7991 	DATA 	Keypress: o
241.8245 	Level image=waterlogo.jpg 	25
242.7982 	DATA 	Keypress: o
242.8078 	Level injecting via pump at address 0 	25
248.8005 	DATA 	Keypress: o
248.8019 	DATA 	Keypress: o
248.8031 	DATA 	Keypress: o
248.8254 	Level WAIT 	25
249.8083 	Level RINSE 	25
251.8009 	DATA 	Keypress: o
251.8084 	Level jitter 	25
253.7954 	Level finished 	25
253.7967 	DATA 	Keypress: o
253.8253 	Level image=tasty.jpg 	25
254.7980 	DATA 	Keypress: o
254.8087 	Level injecting via pump at address 0 	25
260.8005 	DATA 	Keypress: o
260.8016 	DATA 	Keypress: o
260.8025 	DATA 	Keypress: o
260.8095 	Level WAIT 	25
261.8092 	Level RINSE 	25
263.7998 	DATA 	Keypress: o
263.8093 	Level jitter 	25
270.7954 	Level finished 	25
270.7968 	DATA 	Keypress: o
270.7982 	DATA 	Keypress: o
270.7994 	DATA 	Keypress: o
270.8006 	DATA 	Keypress: o
270.8268 	Level image=tasty.jpg 	25
271.8099 	Level injecting via pump at address 1 	25
277.8007 	DATA 	Keypress: o
277.8019 	DATA 	Keypress: o
277.8029 	DATA 	Keypress: o
277.8269 	Level WAIT 	25
278.7979 	DATA 	Keypress: o
278.8271 	Level RINSE 	25
280.8008 	DATA 	Keypress: o
280.8109 	Level jitter 	25
288.7954 	Level finished 	25
288.7966 	DATA 	Keypress: o
288.7976 	DATA 	Keypress: o
288.7985 	DATA 	Keypress: o
288.7994 	DATA 	Keypress: o
288.8111 	Level image=waterlogo.jpg 	25
289.8112 	Level injecting via pump at address 0 	25
295.8013 	DATA 	Keypress: o
295.8027 	DATA 	Keypress: o
295.8042 	DATA 	Keypress: o
295.8119 	Level WAIT 	25
296.7983 	DATA 	Keypress: o
296.8115 	Level RINSE 	25
298.8018 	DATA 	Keypress: o
298.8117 	Level jitter 	25
306.7954 	Level finished 	25
306.7968 	DATA 	Keypress: o
306.7980 	DATA 	Keypress: o
306.7992 	DATA 	Keypress: o
306.8004 	DATA 	Keypress: o
306.8293 	Level image=tasty.jpg 	25
307.8123 	Level injecting via pump at address 1 	25
313.8007 	DATA 	Keypress: o
313.8019 	DATA 	Keypress: o
313.8029 	DATA 	Keypress: o
313.8127 	Level WAIT 	25
314.7982 	DATA 	Keypress: o
314.8128 	Level RINSE 	25
316.8000 	DATA 	Keypress: o
316.8134 	Level jitter 	25
318.7954 	Level finished 	25
318.7968 	DATA 	Keypress: o
318.8297 	Level image=tasty.jpg 	25
319.8299 	Level injecting via pump at address 0 	25
325.8009 	DATA 	Keypress: o
325.8022 	DATA 	Keypress: o
325.8034 	DATA 	Keypress: o
325.8302 	Level WAIT 	25
326.7986 	DATA 	Keypress: o
326.8141 	Level RINSE 	25
328.8006 	DATA 	Keypress: o
328.8304 	Level jitter 	25
332.7954 	Level finished 	25
332.7968 	DATA 	Keypress: o
332.7980 	DATA 	Keypress: o
332.8141 	Level image=tasty.jpg 	25
333.8143 	Level injecting via pump at address 1 	25
339.8011 	DATA 	Keypress: o
339.8025 	DATA 	Keypress: o
339.8037 	DATA 	Keypress: o
339.8149 	Level WAIT 	25
340.7978 	DATA 	Keypress: o
340.8146 	Level RINSE 	25
342.8004 	DATA 	Keypress: o
342.8147 	Level jitter 	25
345.7954 	Level finished 	25
345.7967 	DATA 	Keypress: o
345.8150 	Level image=tasty.jpg 	25
346.7982 	DATA 	Keypress: o
346.8152 	Level injecting via pump at address 0 	25
352.8013 	DATA 	Keypress: o
352.8025 	DATA 	Keypress: o
352.8035 	DATA 	Keypress: o
352.8158 	Level WAIT 	25
353.8155 	Level RINSE 	25
355.8009 	DATA 	Keypress: o
355.8156 	Level jitter 	25
363.7954 	Level finished 	25
363.7967 	DATA 	Keypress: o
363.7981 	DATA 	Keypress: o
363.7994 	DATA 	Keypress: o
363.8006 	DATA 	Keypress: o
363.8167 	Level image=waterlogo.jpg 	25
364.7977 	DATA 	Keypress: o
364.8163 	Level injecting via pump at address 0 	25
370.8006 	DATA 	Keypress: o
370.8019 	DATA 	Keypress: o
370.8034 	DATA 	Keypress: o
370.8166 	Level WAIT 	25
371.8167 	Level RINSE 	25
373.8013 	DATA 	Keypress: o
373.8173 	Level jitter 	25
378.7954 	Level finished 	25
378.7966 	DATA 	Keypress: o
378.7977 	DATA 	Keypress: o
378.7990 	DATA 	Keypress: o
378.8339 	Level image=tasty.jpg 	25
379.8173 	Level injecting via pump at address 1 	25
385.8010 	DATA 	Keypress: o
385.8024 	DATA 	Keypress: o
385.8036 	DATA 	Keypress: o
385.8181 	Level WAIT 	25
386.7985 	DATA 	Keypress: o
386.8177 	Level RINSE 	25
388.8009 	DATA 	Keypress: o
388.8179 	Level jitter 	25
395.7954 	Level finished 	25
395.7966 	DATA 	Keypress: o
395.7977 	DATA 	Keypress: o
395.7989 	DATA 	Keypress: o
395.8188 	Level image=tasty.jpg 	25
396.7977 	DATA 	Keypress: o
396.8185 	Level injecting via pump at address 0 	25
402.7999 	DATA 	Keypress: o
402.8011 	DATA 	Keypress: o
402.8021 	DATA 	Keypress: o
402.8189 	Level WAIT 	25
403.8190 	Level RINSE 	25
405.7999 	DATA 	Keypress: o
405.8195 	Level jitter 	25
413.7954 	Level finished 	25
413.7968 	DATA 	Keypress: o
413.7982 	DATA 	Keypress: o
413.7994 	DATA 	Keypress: o
413.8006 	DATA 	Keypress: o
413.8196 	Level image=tasty.jpg 	25
414.7981 	DATA 	Keypress: o
414.8198 	Level injecting via pump at address 0 	25
420.8009 	DATA 	Keypress: o
420.8022 	DATA 	Keypress: o
420.8034 	DATA 	Keypress: o
420.8206 	Level WAIT 	25
421.8202 	Level RINSE 	25
423.7999 	DATA 	Keypress: o
423.8203 	Level jitter 	25
430.7954 	Level finished 	25
