65.3431 	DATA 	Keypress: o
65.3439 	Level start key press 	25
67.3421 	DATA 	Keypress: o
69.3535 	DATA 	Keypress: o
71.3541 	DATA 	Keypress: o
73.3542 	DATA 	Keypress: o
74.2866 	Level image=waterlogo.jpg 	25
75.2153 	Level injecting via pump at address 0 	25
81.2102 	DATA 	Keypress: o
81.2119 	DATA 	Keypress: o
81.2132 	DATA 	Keypress: o
81.2332 	Level WAIT 	25
82.2069 	DATA 	Keypress: o
82.2121 	Level RINSE 	25
84.2178 	DATA 	Keypress: o
84.2351 	Level jitter 	25
91.2039 	Level finished 	25
91.2054 	DATA 	Keypress: o
91.2067 	DATA 	Keypress: o
91.2080 	DATA 	Keypress: o
91.2204 	Level image=waterlogo.jpg 	25
92.2071 	DATA 	Keypress: o
92.2253 	Level injecting via pump at address 0 	25
98.2099 	DATA 	Keypress: o
98.2113 	DATA 	Keypress: o
98.2124 	DATA 	Keypress: o
98.2270 	Level WAIT 	25
99.2221 	Level RINSE 	25
101.2095 	DATA 	Keypress: o
101.2203 	Level jitter 	25
106.2039 	Level finished 	25
106.2055 	DATA 	Keypress: o
106.2070 	DATA 	Keypress: o
106.2084 	DATA 	Keypress: o
106.2346 	Level image=tasty.jpg 	25
107.2297 	Level injecting via pump at address 1 	25
113.2099 	DATA 	Keypress: o
113.2113 	DATA 	Keypress: o
113.2127 	DATA 	Keypress: o
113.2324 	Level WAIT 	25
114.2070 	DATA 	Keypress: o
114.2103 	Level RINSE 	25
116.2096 	DATA 	Keypress: o
116.2329 	Level jitter 	25
119.2039 	Level finished 	25
119.2053 	DATA 	Keypress: o
119.2169 	Level image=tasty.jpg 	25
120.2067 	DATA 	Keypress: o
120.2111 	Level injecting via pump at address 0 	25
126.2099 	DATA 	Keypress: o
126.2111 	DATA 	Keypress: o
126.2123 	DATA 	Keypress: o
126.2222 	Level WAIT 	25
127.2082 	Level RINSE 	25
129.2097 	DATA 	Keypress: o
129.2145 	Level jitter 	25
135.2039 	Level finished 	25
135.2057 	DATA 	Keypress: o
135.2072 	DATA 	Keypress: o
135.2084 	DATA 	Keypress: o
135.2165 	Level image=tasty.jpg 	25
136.2070 	DATA 	Keypress: o
136.2107 	Level injecting via pump at address 0 	25
142.2111 	DATA 	Keypress: o
142.2128 	DATA 	Keypress: o
142.2142 	DATA 	Keypress: o
142.2232 	Level WAIT 	25
143.2229 	Level RINSE 	25
145.2093 	DATA 	Keypress: o
145.2297 	Level jitter 	25
154.2039 	Level finished 	25
154.2057 	DATA 	Keypress: o
154.2073 	DATA 	Keypress: o
154.2087 	DATA 	Keypress: o
154.2100 	DATA 	Keypress: o
154.2113 	DATA 	Keypress: o
154.2321 	Level image=tasty.jpg 	25
155.2099 	Level injecting via pump at address 1 	25
161.2115 	DATA 	Keypress: o
161.2132 	DATA 	Keypress: o
161.2146 	DATA 	Keypress: o
161.2235 	Level WAIT 	25
162.2071 	DATA 	Keypress: o
162.2230 	Level RINSE 	25
164.2099 	DATA 	Keypress: o
164.2139 	Level jitter 	25
170.2039 	Level finished 	25
170.2054 	DATA 	Keypress: o
170.2070 	DATA 	Keypress: o
170.2086 	DATA 	Keypress: o
170.2313 	Level image=tasty.jpg 	25
171.2242 	Level injecting via pump at address 0 	25
177.2101 	DATA 	Keypress: o
177.2116 	DATA 	Keypress: o
177.2129 	DATA 	Keypress: o
177.2251 	Level WAIT 	25
178.2077 	DATA 	Keypress: o
178.2219 	Level RINSE 	25
180.2098 	DATA 	Keypress: o
180.2249 	Level jitter 	25
183.2039 	Level finished 	25
183.2053 	DATA 	Keypress: o
183.2132 	Level image=tasty.jpg 	25
184.2068 	DATA 	Keypress: o
184.2239 	Level injecting via pump at address 1 	25
190.2100 	DATA 	Keypress: o
190.2115 	DATA 	Keypress: o
190.2130 	DATA 	Keypress: o
190.2263 	Level WAIT 	25
191.2199 	Level RINSE 	25
193.2102 	DATA 	Keypress: o
193.2268 	Level jitter 	25
198.2039 	Level finished 	25
198.2056 	DATA 	Keypress: o
198.2070 	DATA 	Keypress: o
198.2082 	DATA 	Keypress: o
198.2337 	Level image=tasty.jpg 	25
199.2096 	Level injecting via pump at address 0 	25
205.2104 	DATA 	Keypress: o
205.2120 	DATA 	Keypress: o
205.2133 	DATA 	Keypress: o
205.2270 	Level WAIT 	25
206.2070 	DATA 	Keypress: o
206.2243 	Level RINSE 	25
208.2113 	DATA 	Keypress: o
208.2149 	Level jitter 	25
209.2039 	Level finished 	25
209.2259 	Level image=waterlogo.jpg 	25
210.2068 	DATA 	Keypress: o
210.2209 	Level injecting via pump at address 0 	25
216.2101 	DATA 	Keypress: o
216.2114 	DATA 	Keypress: o
216.2126 	DATA 	Keypress: o
216.2224 	Level WAIT 	25
217.2164 	Level RINSE 	25
219.2099 	DATA 	Keypress: o
219.2229 	Level jitter 	25
224.2039 	Level finished 	25
224.2053 	DATA 	Keypress: o
224.2066 	DATA 	Keypress: o
224.2077 	DATA 	Keypress: o
224.2284 	Level image=waterlogo.jpg 	25
225.2250 	Level injecting via pump at address 0 	25
231.2101 	DATA 	Keypress: o
231.2119 	DATA 	Keypress: o
231.2133 	DATA 	Keypress: o
231.2263 	Level WAIT 	25
232.2067 	DATA 	Keypress: o
232.2127 	Level RINSE 	25
234.2093 	DATA 	Keypress: o
234.2270 	Level jitter 	25
237.2039 	Level finished 	25
237.2052 	DATA 	Keypress: o
237.2281 	Level image=tasty.jpg 	25
238.2070 	DATA 	Keypress: o
238.2230 	Level injecting via pump at address 0 	25
244.2102 	DATA 	Keypress: o
244.2117 	DATA 	Keypress: o
244.2132 	DATA 	Keypress: o
244.2253 	Level WAIT 	25
245.2129 	Level RINSE 	25
247.2098 	DATA 	Keypress: o
247.2248 	Level jitter 	25
253.2039 	Level finished 	25
253.2053 	DATA 	Keypress: o
253.2066 	DATA 	Keypress: o
253.2077 	DATA 	Keypress: o
253.2265 	Level image=waterlogo.jpg 	25
254.2068 	DATA 	Keypress: o
254.2216 	Level injecting via pump at address 0 	25
260.2102 	DATA 	Keypress: o
260.2116 	DATA 	Keypress: o
260.2129 	DATA 	Keypress: o
260.2236 	Level WAIT 	25
261.2148 	Level RINSE 	25
263.2095 	DATA 	Keypress: o
263.2238 	Level jitter 	25
265.2039 	Level finished 	25
265.2054 	DATA 	Keypress: o
265.2312 	Level image=waterlogo.jpg 	25
266.2066 	DATA 	Keypress: o
266.2247 	Level injecting via pump at address 0 	25
272.2113 	DATA 	Keypress: o
272.2129 	DATA 	Keypress: o
272.2142 	DATA 	Keypress: o
272.2272 	Level WAIT 	25
273.2216 	Level RINSE 	25
275.2102 	DATA 	Keypress: o
275.2283 	Level jitter 	25
283.2039 	Level finished 	25
283.2053 	DATA 	Keypress: o
283.2068 	DATA 	Keypress: o
283.2080 	DATA 	Keypress: o
283.2092 	DATA 	Keypress: o
283.2196 	Level image=tasty.jpg 	25
284.2068 	DATA 	Keypress: o
284.2137 	Level injecting via pump at address 0 	25
290.2100 	DATA 	Keypress: o
290.2114 	DATA 	Keypress: o
290.2127 	DATA 	Keypress: o
290.2324 	Level WAIT 	25
291.2096 	Level RINSE 	25
293.2094 	DATA 	Keypress: o
293.2165 	Level jitter 	25
298.2039 	Level finished 	25
298.2056 	DATA 	Keypress: o
298.2071 	DATA 	Keypress: o
298.2084 	DATA 	Keypress: o
298.2226 	Level image=waterlogo.jpg 	25
299.2349 	Level injecting via pump at address 0 	25
305.2100 	DATA 	Keypress: o
305.2115 	DATA 	Keypress: o
305.2127 	DATA 	Keypress: o
305.2202 	Level WAIT 	25
306.2067 	DATA 	Keypress: o
306.2313 	Level RINSE 	25
308.2102 	DATA 	Keypress: o
308.2204 	Level jitter 	25
313.2039 	Level finished 	25
313.2056 	DATA 	Keypress: o
313.2070 	DATA 	Keypress: o
313.2268 	Level image=tasty.jpg 	25
314.2066 	DATA 	Keypress: o
314.2180 	Level injecting via pump at address 0 	25
320.2098 	DATA 	Keypress: o
320.2112 	DATA 	Keypress: o
320.2126 	DATA 	Keypress: o
320.2190 	Level WAIT 	25
321.2189 	Level RINSE 	25
323.2103 	DATA 	Keypress: o
323.2186 	Level jitter 	25
330.2039 	Level finished 	25
330.2054 	DATA 	Keypress: o
330.2068 	DATA 	Keypress: o
330.2079 	DATA 	Keypress: o
330.2090 	DATA 	Keypress: o
330.2217 	Level image=tasty.jpg 	25
331.2320 	Level injecting via pump at address 1 	25
337.2101 	DATA 	Keypress: o
337.2115 	DATA 	Keypress: o
337.2131 	DATA 	Keypress: o
337.2342 	Level WAIT 	25
338.2069 	DATA 	Keypress: o
338.2127 	Level RINSE 	25
340.2100 	DATA 	Keypress: o
340.2350 	Level jitter 	25
344.2039 	Level finished 	25
344.2053 	DATA 	Keypress: o
344.2066 	DATA 	Keypress: o
344.2306 	Level image=tasty.jpg 	25
345.2082 	Level injecting via pump at address 0 	25
351.2097 	DATA 	Keypress: o
351.2111 	DATA 	Keypress: o
351.2122 	DATA 	Keypress: o
351.2270 	Level WAIT 	25
352.2066 	DATA 	Keypress: o
352.2209 	Level RINSE 	25
354.2094 	DATA 	Keypress: o
354.2208 	Level jitter 	25
357.2039 	Level finished 	25
357.2053 	DATA 	Keypress: o
357.2283 	Level image=tasty.jpg 	25
358.2068 	DATA 	Keypress: o
358.2206 	Level injecting via pump at address 1 	25
364.2108 	DATA 	Keypress: o
364.2122 	DATA 	Keypress: o
364.2135 	DATA 	Keypress: o
364.2261 	Level WAIT 	25
365.2194 	Level RINSE 	25
367.2107 	DATA 	Keypress: o
367.2256 	Level jitter 	25
372.2039 	Level finished 	25
372.2056 	DATA 	Keypress: o
372.2073 	DATA 	Keypress: o
372.2087 	DATA 	Keypress: o
372.2324 	Level image=tasty.jpg 	25
373.2107 	Level injecting via pump at address 0 	25
379.2101 	DATA 	Keypress: o
379.2114 	DATA 	Keypress: o
379.2128 	DATA 	Keypress: o
379.2220 	Level WAIT 	25
380.2077 	DATA 	Keypress: o
380.2219 	Level RINSE 	25
382.2111 	DATA 	Keypress: o
382.2222 	Level jitter 	25
383.2039 	Level finished 	25
383.2229 	Level image=tasty.jpg 	25
384.2068 	DATA 	Keypress: o
384.2193 	Level injecting via pump at address 1 	25
390.2106 	DATA 	Keypress: o
390.2119 	DATA 	Keypress: o
390.2132 	DATA 	Keypress: o
390.2378 	Level WAIT 	25
391.2157 	Level RINSE 	25
393.2099 	DATA 	Keypress: o
393.2390 	Level jitter 	25
402.2039 	Level finished 	25
402.2056 	DATA 	Keypress: o
402.2072 	DATA 	Keypress: o
402.2086 	DATA 	Keypress: o
402.2099 	DATA 	Keypress: o
402.2112 	DATA 	Keypress: o
402.2413 	Level image=tasty.jpg 	25
403.2199 	Level injecting via pump at address 1 	25
409.2100 	DATA 	Keypress: o
409.2114 	DATA 	Keypress: o
409.2126 	DATA 	Keypress: o
409.2218 	Level WAIT 	25
410.2072 	DATA 	Keypress: o
410.2154 	Level RINSE 	25
412.2091 	DATA 	Keypress: o
412.2386 	Level jitter 	25
421.2039 	Level finished 	25
421.2056 	DATA 	Keypress: o
421.2072 	DATA 	Keypress: o
421.2086 	DATA 	Keypress: o
421.2098 	DATA 	Keypress: o
421.2409 	Level image=tasty.jpg 	25
422.2067 	DATA 	Keypress: o
422.2193 	Level injecting via pump at address 0 	25
428.2096 	DATA 	Keypress: o
428.2109 	DATA 	Keypress: o
428.2121 	DATA 	Keypress: o
428.2379 	Level WAIT 	25
429.2157 	Level RINSE 	25
431.2089 	DATA 	Keypress: o
431.2382 	Level jitter 	25
433.2039 	Level finished 	25
