116.1922 	DATA 	Keypress: o
116.1932 	Level start key press 	25
118.1939 	DATA 	Keypress: o
120.2079 	DATA 	Keypress: o
122.1935 	DATA 	Keypress: o
124.1916 	DATA 	Keypress: o
125.2919 	Level image=waterlogo.jpg 	25
126.1159 	Level injecting via pump at address 0 	25
132.1105 	DATA 	Keypress: o
132.1119 	DATA 	Keypress: o
132.1137 	DATA 	Keypress: o
132.1346 	Level WAIT 	25
133.1079 	DATA 	Keypress: o
133.1124 	Level RINSE 	25
135.1214 	DATA 	Keypress: o
135.1353 	Level jitter 	25
141.1046 	Level finished 	25
141.1061 	DATA 	Keypress: o
141.1075 	DATA 	Keypress: o
141.1087 	DATA 	Keypress: o
141.1369 	Level image=tasty.jpg 	25
142.1144 	Level injecting via pump at address 1 	25
148.1111 	DATA 	Keypress: o
148.1126 	DATA 	Keypress: o
148.1139 	DATA 	Keypress: o
148.1328 	Level WAIT 	25
149.1071 	DATA 	Keypress: o
149.1114 	Level RINSE 	25
151.1101 	DATA 	Keypress: o
151.1174 	Level jitter 	25
157.1046 	Level finished 	25
157.1062 	DATA 	Keypress: o
157.1076 	DATA 	Keypress: o
157.1089 	DATA 	Keypress: o
157.1357 	Level image=tasty.jpg 	25
158.1134 	Level injecting via pump at address 1 	25
164.1097 	DATA 	Keypress: o
164.1108 	DATA 	Keypress: o
164.1118 	DATA 	Keypress: o
164.1154 	Level WAIT 	25
165.1079 	DATA 	Keypress: o
165.1234 	Level RINSE 	25
167.1102 	DATA 	Keypress: o
167.1325 	Level jitter 	25
169.1046 	Level finished 	25
169.1062 	DATA 	Keypress: o
169.1387 	Level image=waterlogo.jpg 	25
170.1178 	Level injecting via pump at address 0 	25
176.1109 	DATA 	Keypress: o
176.1124 	DATA 	Keypress: o
176.1137 	DATA 	Keypress: o
176.1356 	Level WAIT 	25
177.1081 	DATA 	Keypress: o
177.1133 	Level RINSE 	25
179.1099 	DATA 	Keypress: o
179.1359 	Level jitter 	25
185.1046 	Level finished 	25
185.1062 	DATA 	Keypress: o
185.1078 	DATA 	Keypress: o
185.1091 	DATA 	Keypress: o
185.1376 	Level image=tasty.jpg 	25
186.1170 	Level injecting via pump at address 1 	25
192.1102 	DATA 	Keypress: o
192.1119 	DATA 	Keypress: o
192.1138 	DATA 	Keypress: o
192.1340 	Level WAIT 	25
193.1075 	DATA 	Keypress: o
193.1126 	Level RINSE 	25
195.1108 	DATA 	Keypress: o
195.1183 	Level jitter 	25
200.1046 	Level finished 	25
200.1062 	DATA 	Keypress: o
200.1076 	DATA 	Keypress: o
200.1258 	Level image=waterlogo.jpg 	25
201.1075 	DATA 	Keypress: o
201.1201 	Level injecting via pump at address 0 	25
207.1106 	DATA 	Keypress: o
207.1122 	DATA 	Keypress: o
207.1136 	DATA 	Keypress: o
207.1383 	Level WAIT 	25
208.1164 	Level RINSE 	25
210.1107 	DATA 	Keypress: o
210.1239 	Level jitter 	25
215.1046 	Level finished 	25
215.1065 	DATA 	Keypress: o
215.1083 	DATA 	Keypress: o
215.1100 	DATA 	Keypress: o
215.1276 	Level image=tasty.jpg 	25
216.1244 	Level injecting via pump at address 1 	25
222.1104 	DATA 	Keypress: o
222.1118 	DATA 	Keypress: o
222.1130 	DATA 	Keypress: o
222.1271 	Level WAIT 	25
223.1074 	DATA 	Keypress: o
223.1215 	Level RINSE 	25
225.1112 	DATA 	Keypress: o
225.1276 	Level jitter 	25
231.1046 	Level finished 	25
231.1062 	DATA 	Keypress: o
231.1075 	DATA 	Keypress: o
231.1086 	DATA 	Keypress: o
231.1286 	Level image=waterlogo.jpg 	25
232.1238 	Level injecting via pump at address 0 	25
238.1108 	DATA 	Keypress: o
238.1123 	DATA 	Keypress: o
238.1140 	DATA 	Keypress: o
238.1256 	Level WAIT 	25
239.1086 	DATA 	Keypress: o
239.1195 	Level RINSE 	25
241.1103 	DATA 	Keypress: o
241.1263 	Level jitter 	25
244.1046 	Level finished 	25
244.1060 	DATA 	Keypress: o
244.1269 	Level image=tasty.jpg 	25
245.1076 	DATA 	Keypress: o
245.1226 	Level injecting via pump at address 1 	25
251.1116 	DATA 	Keypress: o
251.1133 	DATA 	Keypress: o
251.1146 	DATA 	Keypress: o
251.1236 	Level WAIT 	25
252.1127 	Level RINSE 	25
254.1108 	DATA 	Keypress: o
254.1251 	Level jitter 	25
262.1046 	Level finished 	25
262.1062 	DATA 	Keypress: o
262.1076 	DATA 	Keypress: o
262.1089 	DATA 	Keypress: o
262.1103 	DATA 	Keypress: o
262.1307 	Level image=waterlogo.jpg 	25
263.1075 	DATA 	Keypress: o
263.1266 	Level injecting via pump at address 0 	25
269.1107 	DATA 	Keypress: o
269.1124 	DATA 	Keypress: o
269.1138 	DATA 	Keypress: o
269.1286 	Level WAIT 	25
270.1229 	Level RINSE 	25
272.1097 	DATA 	Keypress: o
272.1289 	Level jitter 	25
274.1046 	Level finished 	25
274.1060 	DATA 	Keypress: o
274.1191 	Level image=tasty.jpg 	25
275.1075 	DATA 	Keypress: o
275.1144 	Level injecting via pump at address 1 	25
281.1107 	DATA 	Keypress: o
281.1123 	DATA 	Keypress: o
281.1136 	DATA 	Keypress: o
281.1319 	Level WAIT 	25
282.1264 	Level RINSE 	25
284.1105 	DATA 	Keypress: o
284.1324 	Level jitter 	25
293.1046 	Level finished 	25
293.1061 	DATA 	Keypress: o
293.1075 	DATA 	Keypress: o
293.1089 	DATA 	Keypress: o
293.1102 	DATA 	Keypress: o
293.1115 	DATA 	Keypress: o
293.1324 	Level image=waterlogo.jpg 	25
294.1296 	Level injecting via pump at address 0 	25
300.1110 	DATA 	Keypress: o
300.1125 	DATA 	Keypress: o
300.1136 	DATA 	Keypress: o
300.1320 	Level WAIT 	25
301.1076 	DATA 	Keypress: o
301.1265 	Level RINSE 	25
303.1102 	DATA 	Keypress: o
303.1331 	Level jitter 	25
305.1046 	Level finished 	25
305.1062 	DATA 	Keypress: o
305.1226 	Level image=tasty.jpg 	25
306.1175 	Level injecting via pump at address 1 	25
312.1099 	DATA 	Keypress: o
312.1115 	DATA 	Keypress: o
312.1126 	DATA 	Keypress: o
312.1356 	Level WAIT 	25
313.1077 	DATA 	Keypress: o
313.1132 	Level RINSE 	25
315.1101 	DATA 	Keypress: o
315.1170 	Level jitter 	25
318.1046 	Level finished 	25
318.1061 	DATA 	Keypress: o
318.1201 	Level image=waterlogo.jpg 	25
319.1085 	DATA 	Keypress: o
319.1155 	Level injecting via pump at address 0 	25
325.1099 	DATA 	Keypress: o
325.1112 	DATA 	Keypress: o
325.1121 	DATA 	Keypress: o
325.1341 	Level WAIT 	25
326.1285 	Level RINSE 	25
328.1103 	DATA 	Keypress: o
328.1336 	Level jitter 	25
332.1046 	Level finished 	25
332.1060 	DATA 	Keypress: o
332.1071 	DATA 	Keypress: o
332.1294 	Level image=tasty.jpg 	25
333.1079 	DATA 	Keypress: o
333.1184 	Level injecting via pump at address 1 	25
339.1104 	DATA 	Keypress: o
339.1118 	DATA 	Keypress: o
339.1130 	DATA 	Keypress: o
339.1194 	Level WAIT 	25
340.1196 	Level RINSE 	25
342.1106 	DATA 	Keypress: o
342.1197 	Level jitter 	25
343.1046 	Level finished 	25
343.1060 	DATA 	Keypress: o
343.1220 	Level image=waterlogo.jpg 	25
344.1174 	Level injecting via pump at address 0 	25
350.1107 	DATA 	Keypress: o
350.1121 	DATA 	Keypress: o
350.1133 	DATA 	Keypress: o
350.1350 	Level WAIT 	25
351.1075 	DATA 	Keypress: o
351.1296 	Level RINSE 	25
353.1105 	DATA 	Keypress: o
353.1353 	Level jitter 	25
356.1046 	Level finished 	25
356.1061 	DATA 	Keypress: o
356.1362 	Level image=tasty.jpg 	25
357.1077 	DATA 	Keypress: o
357.1317 	Level injecting via pump at address 1 	25
363.1098 	DATA 	Keypress: o
363.1110 	DATA 	Keypress: o
363.1121 	DATA 	Keypress: o
363.1330 	Level WAIT 	25
364.1115 	Level RINSE 	25
366.1101 	DATA 	Keypress: o
366.1176 	Level jitter 	25
374.1046 	Level finished 	25
374.1063 	DATA 	Keypress: o
374.1076 	DATA 	Keypress: o
374.1087 	DATA 	Keypress: o
374.1098 	DATA 	Keypress: o
374.1220 	Level image=tasty.jpg 	25
375.1079 	DATA 	Keypress: o
375.1194 	Level injecting via pump at address 1 	25
381.1107 	DATA 	Keypress: o
381.1121 	DATA 	Keypress: o
381.1134 	DATA 	Keypress: o
381.1376 	Level WAIT 	25
382.1166 	Level RINSE 	25
384.1101 	DATA 	Keypress: o
384.1226 	Level jitter 	25
388.1046 	Level finished 	25
388.1064 	DATA 	Keypress: o
388.1078 	DATA 	Keypress: o
388.1175 	Level image=waterlogo.jpg 	25
389.1075 	DATA 	Keypress: o
389.1128 	Level injecting via pump at address 0 	25
395.1115 	DATA 	Keypress: o
395.1129 	DATA 	Keypress: o
395.1145 	DATA 	Keypress: o
395.1309 	Level WAIT 	25
396.1093 	Level RINSE 	25
398.1107 	DATA 	Keypress: o
398.1153 	Level jitter 	25
401.1046 	Level finished 	25
401.1059 	DATA 	Keypress: o
401.1071 	DATA 	Keypress: o
401.1324 	Level image=tasty.jpg 	25
402.1115 	Level injecting via pump at address 1 	25
408.1105 	DATA 	Keypress: o
408.1121 	DATA 	Keypress: o
408.1134 	DATA 	Keypress: o
408.1249 	Level WAIT 	25
409.1083 	DATA 	Keypress: o
409.1235 	Level RINSE 	25
411.1104 	DATA 	Keypress: o
411.1135 	Level jitter 	25
416.1046 	Level finished 	25
416.1060 	DATA 	Keypress: o
416.1074 	DATA 	Keypress: o
416.1365 	Level image=waterlogo.jpg 	25
417.1085 	DATA 	Keypress: o
417.1153 	Level injecting via pump at address 0 	25
423.1104 	DATA 	Keypress: o
423.1117 	DATA 	Keypress: o
423.1129 	DATA 	Keypress: o
423.1334 	Level WAIT 	25
424.1119 	Level RINSE 	25
426.1112 	DATA 	Keypress: o
426.1175 	Level jitter 	25
431.1046 	Level finished 	25
431.1064 	DATA 	Keypress: o
431.1086 	DATA 	Keypress: o
431.1101 	DATA 	Keypress: o
431.1410 	Level image=waterlogo.jpg 	25
432.1197 	Level injecting via pump at address 0 	25
438.1107 	DATA 	Keypress: o
438.1121 	DATA 	Keypress: o
438.1134 	DATA 	Keypress: o
438.1220 	Level WAIT 	25
439.1075 	DATA 	Keypress: o
439.1155 	Level RINSE 	25
441.1093 	DATA 	Keypress: o
441.1214 	Level jitter 	25
450.1046 	Level finished 	25
450.1061 	DATA 	Keypress: o
450.1075 	DATA 	Keypress: o
450.1087 	DATA 	Keypress: o
450.1099 	DATA 	Keypress: o
450.1241 	Level image=tasty.jpg 	25
451.1077 	DATA 	Keypress: o
451.1196 	Level injecting via pump at address 1 	25
457.1100 	DATA 	Keypress: o
457.1115 	DATA 	Keypress: o
457.1126 	DATA 	Keypress: o
457.1205 	Level WAIT 	25
458.1105 	Level RINSE 	25
460.1100 	DATA 	Keypress: o
460.1390 	Level jitter 	25
462.1046 	Level finished 	25
462.1059 	DATA 	Keypress: o
462.1284 	Level image=waterlogo.jpg 	25
463.1078 	DATA 	Keypress: o
463.1221 	Level injecting via pump at address 0 	25
469.1101 	DATA 	Keypress: o
469.1116 	DATA 	Keypress: o
469.1128 	DATA 	Keypress: o
469.1246 	Level WAIT 	25
470.1120 	Level RINSE 	25
472.1096 	DATA 	Keypress: o
472.1248 	Level jitter 	25
475.1046 	Level finished 	25
475.1059 	DATA 	Keypress: o
475.1072 	DATA 	Keypress: o
475.1263 	Level image=waterlogo.jpg 	25
476.1214 	Level injecting via pump at address 0 	25
482.1105 	DATA 	Keypress: o
482.1120 	DATA 	Keypress: o
482.1134 	DATA 	Keypress: o
482.1223 	Level WAIT 	25
483.1079 	DATA 	Keypress: o
483.1166 	Level RINSE 	25
485.1114 	DATA 	Keypress: o
485.1236 	Level jitter 	25
490.1046 	Level finished 	25
490.1060 	DATA 	Keypress: o
490.1071 	DATA 	Keypress: o
490.1302 	Level image=tasty.jpg 	25
491.1077 	DATA 	Keypress: o
491.1247 	Level injecting via pump at address 1 	25
497.1112 	DATA 	Keypress: o
497.1130 	DATA 	Keypress: o
497.1143 	DATA 	Keypress: o
497.1267 	Level WAIT 	25
498.1130 	Level RINSE 	25
500.1107 	DATA 	Keypress: o
500.1277 	Level jitter 	25
502.1046 	Level finished 	25
502.1060 	DATA 	Keypress: o
502.1165 	Level image=tasty.jpg 	25
503.1073 	DATA 	Keypress: o
503.1117 	Level injecting via pump at address 1 	25
509.1106 	DATA 	Keypress: o
509.1120 	DATA 	Keypress: o
509.1135 	DATA 	Keypress: o
509.1300 	Level WAIT 	25
510.1138 	Level RINSE 	25
512.1101 	DATA 	Keypress: o
512.1309 	Level jitter 	25
519.1046 	Level finished 	25
519.1059 	DATA 	Keypress: o
519.1070 	DATA 	Keypress: o
519.1080 	DATA 	Keypress: o
519.1091 	DATA 	Keypress: o
519.1278 	Level image=waterlogo.jpg 	25
520.1226 	Level injecting via pump at address 0 	25
526.1106 	DATA 	Keypress: o
526.1119 	DATA 	Keypress: o
526.1129 	DATA 	Keypress: o
526.1245 	Level WAIT 	25
527.1070 	DATA 	Keypress: o
527.1150 	Level RINSE 	25
529.1101 	DATA 	Keypress: o
529.1249 	Level jitter 	25
532.1046 	Level finished 	25
532.1060 	DATA 	Keypress: o
532.1164 	Level image=tasty.jpg 	25
533.1074 	DATA 	Keypress: o
533.1197 	Level injecting via pump at address 1 	25
539.1111 	DATA 	Keypress: o
539.1125 	DATA 	Keypress: o
539.1138 	DATA 	Keypress: o
539.1222 	Level WAIT 	25
540.1336 	Level RINSE 	25
542.1091 	DATA 	Keypress: o
542.1227 	Level jitter 	25
544.1046 	Level finished 	25
544.1061 	DATA 	Keypress: o
544.1295 	Level image=waterlogo.jpg 	25
545.1077 	DATA 	Keypress: o
545.1240 	Level injecting via pump at address 0 	25
551.1099 	DATA 	Keypress: o
551.1112 	DATA 	Keypress: o
551.1123 	DATA 	Keypress: o
551.1259 	Level WAIT 	25
552.1195 	Level RINSE 	25
554.1098 	DATA 	Keypress: o
554.1258 	Level jitter 	25
562.1046 	Level finished 	25
562.1062 	DATA 	Keypress: o
562.1076 	DATA 	Keypress: o
562.1089 	DATA 	Keypress: o
562.1101 	DATA 	Keypress: o
562.1340 	Level image=tasty.jpg 	25
563.1076 	DATA 	Keypress: o
563.1124 	Level injecting via pump at address 1 	25
569.1109 	DATA 	Keypress: o
569.1124 	DATA 	Keypress: o
569.1138 	DATA 	Keypress: o
569.1308 	Level WAIT 	25
570.1187 	Level RINSE 	25
572.1128 	DATA 	Keypress: o
572.1320 	Level jitter 	25
574.1046 	Level finished 	25
574.1060 	DATA 	Keypress: o
574.1212 	Level image=waterlogo.jpg 	25
575.1072 	DATA 	Keypress: o
575.1321 	Level injecting via pump at address 0 	25
581.1105 	DATA 	Keypress: o
581.1117 	DATA 	Keypress: o
581.1128 	DATA 	Keypress: o
581.1333 	Level WAIT 	25
582.1118 	Level RINSE 	25
584.1098 	DATA 	Keypress: o
584.1348 	Level jitter 	25
591.1046 	Level finished 	25
