116.6889 	DATA 	Keypress: o
116.6900 	Level start key press 	25
118.6901 	DATA 	Keypress: o
120.6902 	DATA 	Keypress: o
122.6904 	DATA 	Keypress: o
124.7074 	DATA 	Keypress: o
125.2051 	Level image=waterlogo.jpg 	25
126.1553 	Level injecting via pump at address 0 	25
132.1439 	DATA 	Keypress: o
132.1453 	DATA 	Keypress: o
132.1465 	DATA 	Keypress: o
132.1562 	Level WAIT 	25
133.1408 	DATA 	Keypress: o
133.1560 	Level RINSE 	25
135.1513 	DATA 	Keypress: o
135.1729 	Level jitter 	25
141.1384 	Level finished 	25
141.1396 	DATA 	Keypress: o
141.1408 	DATA 	Keypress: o
141.1421 	DATA 	Keypress: o
141.1570 	Level image=tasty.jpg 	25
142.1575 	Level injecting via pump at address 1 	25
148.1448 	DATA 	Keypress: o
148.1466 	DATA 	Keypress: o
148.1481 	DATA 	Keypress: o
148.1744 	Level WAIT 	25
149.1410 	DATA 	Keypress: o
149.1578 	Level RINSE 	25
151.1427 	DATA 	Keypress: o
151.1581 	Level jitter 	25
157.1384 	Level finished 	25
157.1398 	DATA 	Keypress: o
157.1409 	DATA 	Keypress: o
157.1418 	DATA 	Keypress: o
157.1592 	Level image=tasty.jpg 	25
158.1589 	Level injecting via pump at address 1 	25
164.1438 	DATA 	Keypress: o
164.1451 	DATA 	Keypress: o
164.1465 	DATA 	Keypress: o
164.1596 	Level WAIT 	25
165.1407 	DATA 	Keypress: o
165.1598 	Level RINSE 	25
167.1432 	DATA 	Keypress: o
167.1604 	Level jitter 	25
169.1384 	Level finished 	25
169.1397 	DATA 	Keypress: o
169.1604 	Level image=waterlogo.jpg 	25
170.1605 	Level injecting via pump at address 0 	25
176.1442 	DATA 	Keypress: o
176.1454 	DATA 	Keypress: o
176.1466 	DATA 	Keypress: o
176.1609 	Level WAIT 	25
177.1410 	DATA 	Keypress: o
177.1615 	Level RINSE 	25
179.1432 	DATA 	Keypress: o
179.1614 	Level jitter 	25
185.1384 	Level finished 	25
185.1396 	DATA 	Keypress: o
185.1405 	DATA 	Keypress: o
185.1416 	DATA 	Keypress: o
185.1621 	Level image=tasty.jpg 	25
186.1622 	Level injecting via pump at address 1 	25
192.1441 	DATA 	Keypress: o
192.1456 	DATA 	Keypress: o
192.1468 	DATA 	Keypress: o
192.1633 	Level WAIT 	25
193.1412 	DATA 	Keypress: o
193.1630 	Level RINSE 	25
195.1433 	DATA 	Keypress: o
195.1633 	Level jitter 	25
200.1384 	Level finished 	25
200.1400 	DATA 	Keypress: o
200.1412 	DATA 	Keypress: o
200.1638 	Level image=waterlogo.jpg 	25
201.1411 	DATA 	Keypress: o
201.1640 	Level injecting via pump at address 0 	25
207.1433 	DATA 	Keypress: o
207.1445 	DATA 	Keypress: o
207.1457 	DATA 	Keypress: o
207.1651 	Level WAIT 	25
208.1648 	Level RINSE 	25
210.1437 	DATA 	Keypress: o
210.1650 	Level jitter 	25
215.1384 	Level finished 	25
215.1398 	DATA 	Keypress: o
215.1410 	DATA 	Keypress: o
215.1421 	DATA 	Keypress: o
215.1656 	Level image=tasty.jpg 	25
216.1490 	Level injecting via pump at address 1 	25
222.1433 	DATA 	Keypress: o
222.1445 	DATA 	Keypress: o
222.1457 	DATA 	Keypress: o
222.1668 	Level WAIT 	25
223.1413 	DATA 	Keypress: o
223.1665 	Level RINSE 	25
225.1437 	DATA 	Keypress: o
225.1501 	Level jitter 	25
231.1384 	Level finished 	25
231.1397 	DATA 	Keypress: o
231.1411 	DATA 	Keypress: o
231.1423 	DATA 	Keypress: o
231.1508 	Level image=waterlogo.jpg 	25
232.1514 	Level injecting via pump at address 0 	25
238.1441 	DATA 	Keypress: o
238.1454 	DATA 	Keypress: o
238.1466 	DATA 	Keypress: o
238.1683 	Level WAIT 	25
239.1413 	DATA 	Keypress: o
239.1684 	Level RINSE 	25
241.1437 	DATA 	Keypress: o
241.1519 	Level jitter 	25
244.1384 	Level finished 	25
244.1396 	DATA 	Keypress: o
244.1527 	Level image=tasty.jpg 	25
245.1411 	DATA 	Keypress: o
245.1525 	Level injecting via pump at address 1 	25
251.1443 	DATA 	Keypress: o
251.1459 	DATA 	Keypress: o
251.1472 	DATA 	Keypress: o
251.1698 	Level WAIT 	25
252.1699 	Level RINSE 	25
254.1434 	DATA 	Keypress: o
254.1538 	Level jitter 	25
262.1384 	Level finished 	25
262.1398 	DATA 	Keypress: o
262.1410 	DATA 	Keypress: o
262.1420 	DATA 	Keypress: o
262.1431 	DATA 	Keypress: o
262.1544 	Level image=waterlogo.jpg 	25
263.1414 	DATA 	Keypress: o
263.1546 	Level injecting via pump at address 0 	25
269.1432 	DATA 	Keypress: o
269.1441 	DATA 	Keypress: o
269.1451 	DATA 	Keypress: o
269.1557 	Level WAIT 	25
270.1553 	Level RINSE 	25
272.1439 	DATA 	Keypress: o
272.1556 	Level jitter 	25
274.1384 	Level finished 	25
274.1395 	DATA 	Keypress: o
274.1725 	Level image=tasty.jpg 	25
275.1408 	DATA 	Keypress: o
275.1560 	Level injecting via pump at address 1 	25
281.1433 	DATA 	Keypress: o
281.1446 	DATA 	Keypress: o
281.1457 	DATA 	Keypress: o
281.1571 	Level WAIT 	25
282.1568 	Level RINSE 	25
284.1438 	DATA 	Keypress: o
284.1569 	Level jitter 	25
293.1384 	Level finished 	25
293.1396 	DATA 	Keypress: o
293.1408 	DATA 	Keypress: o
293.1419 	DATA 	Keypress: o
293.1430 	DATA 	Keypress: o
293.1440 	DATA 	Keypress: o
293.1751 	Level image=waterlogo.jpg 	25
294.1583 	Level injecting via pump at address 0 	25
300.1433 	DATA 	Keypress: o
300.1446 	DATA 	Keypress: o
300.1457 	DATA 	Keypress: o
300.1589 	Level WAIT 	25
301.1412 	DATA 	Keypress: o
301.1590 	Level RINSE 	25
303.1429 	DATA 	Keypress: o
303.1596 	Level jitter 	25
305.1384 	Level finished 	25
305.1397 	DATA 	Keypress: o
305.1595 	Level image=tasty.jpg 	25
306.1430 	Level injecting via pump at address 1 	25
312.1444 	DATA 	Keypress: o
312.1458 	DATA 	Keypress: o
312.1471 	DATA 	Keypress: o
312.1602 	Level WAIT 	25
313.1409 	DATA 	Keypress: o
313.1608 	Level RINSE 	25
315.1435 	DATA 	Keypress: o
315.1773 	Level jitter 	25
318.1384 	Level finished 	25
318.1396 	DATA 	Keypress: o
318.1776 	Level image=waterlogo.jpg 	25
319.1408 	DATA 	Keypress: o
319.1611 	Level injecting via pump at address 0 	25
325.1436 	DATA 	Keypress: o
325.1447 	DATA 	Keypress: o
325.1457 	DATA 	Keypress: o
325.1621 	Level WAIT 	25
326.1619 	Level RINSE 	25
328.1427 	DATA 	Keypress: o
328.1621 	Level jitter 	25
332.1384 	Level finished 	25
332.1397 	DATA 	Keypress: o
332.1412 	DATA 	Keypress: o
332.1626 	Level image=tasty.jpg 	25
333.1413 	DATA 	Keypress: o
333.1627 	Level injecting via pump at address 1 	25
339.1431 	DATA 	Keypress: o
339.1443 	DATA 	Keypress: o
339.1454 	DATA 	Keypress: o
339.1639 	Level WAIT 	25
340.1469 	Level RINSE 	25
342.1437 	DATA 	Keypress: o
342.1637 	Level jitter 	25
343.1384 	Level finished 	25
343.1395 	DATA 	Keypress: o
343.1639 	Level image=waterlogo.jpg 	25
344.1474 	Level injecting via pump at address 0 	25
350.1438 	DATA 	Keypress: o
350.1450 	DATA 	Keypress: o
350.1460 	DATA 	Keypress: o
350.1651 	Level WAIT 	25
351.1413 	DATA 	Keypress: o
351.1649 	Level RINSE 	25
353.1437 	DATA 	Keypress: o
353.1484 	Level jitter 	25
356.1384 	Level finished 	25
356.1396 	DATA 	Keypress: o
356.1487 	Level image=tasty.jpg 	25
357.1408 	DATA 	Keypress: o
357.1655 	Level injecting via pump at address 1 	25
363.1438 	DATA 	Keypress: o
363.1451 	DATA 	Keypress: o
363.1464 	DATA 	Keypress: o
363.1666 	Level WAIT 	25
364.1664 	Level RINSE 	25
366.1428 	DATA 	Keypress: o
366.1499 	Level jitter 	25
374.1384 	Level finished 	25
374.1396 	DATA 	Keypress: o
374.1406 	DATA 	Keypress: o
374.1415 	DATA 	Keypress: o
374.1425 	DATA 	Keypress: o
374.1678 	Level image=tasty.jpg 	25
375.1407 	DATA 	Keypress: o
375.1510 	Level injecting via pump at address 1 	25
381.1432 	DATA 	Keypress: o
381.1445 	DATA 	Keypress: o
381.1455 	DATA 	Keypress: o
381.1516 	Level WAIT 	25
382.1518 	Level RINSE 	25
384.1436 	DATA 	Keypress: o
384.1524 	Level jitter 	25
388.1384 	Level finished 	25
388.1395 	DATA 	Keypress: o
388.1406 	DATA 	Keypress: o
388.1691 	Level image=waterlogo.jpg 	25
389.1407 	DATA 	Keypress: o
389.1693 	Level injecting via pump at address 0 	25
395.1438 	DATA 	Keypress: o
395.1450 	DATA 	Keypress: o
395.1461 	DATA 	Keypress: o
395.1704 	Level WAIT 	25
396.1702 	Level RINSE 	25
398.1432 	DATA 	Keypress: o
398.1703 	Level jitter 	25
401.1384 	Level finished 	25
401.1397 	DATA 	Keypress: o
401.1409 	DATA 	Keypress: o
401.1707 	Level image=tasty.jpg 	25
402.1708 	Level injecting via pump at address 1 	25
408.1435 	DATA 	Keypress: o
408.1447 	DATA 	Keypress: o
408.1458 	DATA 	Keypress: o
408.1719 	Level WAIT 	25
409.1408 	DATA 	Keypress: o
409.1550 	Level RINSE 	25
411.1433 	DATA 	Keypress: o
411.1718 	Level jitter 	25
416.1384 	Level finished 	25
416.1396 	DATA 	Keypress: o
416.1405 	DATA 	Keypress: o
416.1557 	Level image=waterlogo.jpg 	25
417.1411 	DATA 	Keypress: o
417.1559 	Level injecting via pump at address 0 	25
423.1441 	DATA 	Keypress: o
423.1455 	DATA 	Keypress: o
423.1468 	DATA 	Keypress: o
423.1736 	Level WAIT 	25
424.1567 	Level RINSE 	25
426.1437 	DATA 	Keypress: o
426.1569 	Level jitter 	25
431.1384 	Level finished 	25
431.1398 	DATA 	Keypress: o
431.1410 	DATA 	Keypress: o
431.1421 	DATA 	Keypress: o
431.1576 	Level image=waterlogo.jpg 	25
432.1577 	Level injecting via pump at address 0 	25
438.1429 	DATA 	Keypress: o
438.1439 	DATA 	Keypress: o
438.1448 	DATA 	Keypress: o
438.1587 	Level WAIT 	25
439.1410 	DATA 	Keypress: o
439.1584 	Level RINSE 	25
441.1437 	DATA 	Keypress: o
441.1586 	Level jitter 	25
450.1384 	Level finished 	25
450.1396 	DATA 	Keypress: o
450.1406 	DATA 	Keypress: o
450.1415 	DATA 	Keypress: o
450.1424 	DATA 	Keypress: o
450.1602 	Level image=tasty.jpg 	25
451.1413 	DATA 	Keypress: o
451.1599 	Level injecting via pump at address 1 	25
457.1431 	DATA 	Keypress: o
457.1443 	DATA 	Keypress: o
457.1453 	DATA 	Keypress: o
457.1605 	Level WAIT 	25
458.1606 	Level RINSE 	25
460.1427 	DATA 	Keypress: o
460.1613 	Level jitter 	25
462.1384 	Level finished 	25
462.1397 	DATA 	Keypress: o
462.1612 	Level image=waterlogo.jpg 	25
463.1407 	DATA 	Keypress: o
463.1614 	Level injecting via pump at address 0 	25
469.1433 	DATA 	Keypress: o
469.1443 	DATA 	Keypress: o
469.1453 	DATA 	Keypress: o
469.1619 	Level WAIT 	25
470.1625 	Level RINSE 	25
472.1434 	DATA 	Keypress: o
472.1623 	Level jitter 	25
475.1384 	Level finished 	25
475.1396 	DATA 	Keypress: o
475.1406 	DATA 	Keypress: o
475.1627 	Level image=waterlogo.jpg 	25
476.1629 	Level injecting via pump at address 0 	25
482.1433 	DATA 	Keypress: o
482.1445 	DATA 	Keypress: o
482.1458 	DATA 	Keypress: o
482.1638 	Level WAIT 	25
483.1412 	DATA 	Keypress: o
483.1636 	Level RINSE 	25
485.1434 	DATA 	Keypress: o
485.1638 	Level jitter 	25
490.1384 	Level finished 	25
490.1397 	DATA 	Keypress: o
490.1408 	DATA 	Keypress: o
490.1477 	Level image=tasty.jpg 	25
491.1409 	DATA 	Keypress: o
491.1647 	Level injecting via pump at address 1 	25
497.1431 	DATA 	Keypress: o
497.1443 	DATA 	Keypress: o
497.1453 	DATA 	Keypress: o
497.1655 	Level WAIT 	25
498.1654 	Level RINSE 	25
500.1434 	DATA 	Keypress: o
500.1655 	Level jitter 	25
502.1384 	Level finished 	25
502.1397 	DATA 	Keypress: o
502.1658 	Level image=tasty.jpg 	25
503.1410 	DATA 	Keypress: o
503.1494 	Level injecting via pump at address 1 	25
509.1442 	DATA 	Keypress: o
509.1451 	DATA 	Keypress: o
509.1462 	DATA 	Keypress: o
509.1670 	Level WAIT 	25
510.1500 	Level RINSE 	25
512.1438 	DATA 	Keypress: o
512.1503 	Level jitter 	25
519.1384 	Level finished 	25
519.1398 	DATA 	Keypress: o
519.1409 	DATA 	Keypress: o
519.1418 	DATA 	Keypress: o
519.1427 	DATA 	Keypress: o
519.1683 	Level image=waterlogo.jpg 	25
520.1680 	Level injecting via pump at address 0 	25
526.1437 	DATA 	Keypress: o
526.1450 	DATA 	Keypress: o
526.1463 	DATA 	Keypress: o
526.1686 	Level WAIT 	25
527.1410 	DATA 	Keypress: o
527.1687 	Level RINSE 	25
529.1437 	DATA 	Keypress: o
529.1693 	Level jitter 	25
532.1384 	Level finished 	25
532.1396 	DATA 	Keypress: o
532.1694 	Level image=tasty.jpg 	25
533.1411 	DATA 	Keypress: o
533.1695 	Level injecting via pump at address 1 	25
539.1432 	DATA 	Keypress: o
539.1441 	DATA 	Keypress: o
539.1450 	DATA 	Keypress: o
539.1705 	Level WAIT 	25
540.1536 	Level RINSE 	25
542.1449 	DATA 	Keypress: o
542.1705 	Level jitter 	25
544.1384 	Level finished 	25
544.1396 	DATA 	Keypress: o
544.1541 	Level image=waterlogo.jpg 	25
545.1409 	DATA 	Keypress: o
545.1543 	Level injecting via pump at address 0 	25
551.1435 	DATA 	Keypress: o
551.1447 	DATA 	Keypress: o
551.1459 	DATA 	Keypress: o
551.1720 	Level WAIT 	25
552.1717 	Level RINSE 	25
554.1440 	DATA 	Keypress: o
554.1552 	Level jitter 	25
562.1384 	Level finished 	25
562.1398 	DATA 	Keypress: o
562.1414 	DATA 	Keypress: o
562.1427 	DATA 	Keypress: o
562.1439 	DATA 	Keypress: o
562.1565 	Level image=tasty.jpg 	25
563.1411 	DATA 	Keypress: o
563.1563 	Level injecting via pump at address 1 	25
569.1439 	DATA 	Keypress: o
569.1451 	DATA 	Keypress: o
569.1463 	DATA 	Keypress: o
569.1569 	Level WAIT 	25
570.1571 	Level RINSE 	25
572.1449 	DATA 	Keypress: o
572.1577 	Level jitter 	25
574.1384 	Level finished 	25
574.1398 	DATA 	Keypress: o
574.1742 	Level image=waterlogo.jpg 	25
575.1412 	DATA 	Keypress: o
575.1578 	Level injecting via pump at address 0 	25
581.1433 	DATA 	Keypress: o
581.1445 	DATA 	Keypress: o
581.1456 	DATA 	Keypress: o
581.1583 	Level WAIT 	25
582.1588 	Level RINSE 	25
584.1439 	DATA 	Keypress: o
584.1587 	Level jitter 	25
591.1384 	Level finished 	25
