39.9828 	DATA 	Keypress: o
39.9840 	Level start key press 	25
41.9937 	DATA 	Keypress: o
43.9938 	DATA 	Keypress: o
45.9941 	DATA 	Keypress: o
47.9944 	DATA 	Keypress: o
48.5087 	Level image=tasty.jpg 	25
49.4593 	Level injecting via pump at address 1 	25
55.4468 	DATA 	Keypress: o
55.4478 	DATA 	Keypress: o
55.4487 	DATA 	Keypress: o
55.4762 	Level WAIT 	25
56.4445 	DATA 	Keypress: o
56.4597 	Level RINSE 	25
58.4552 	DATA 	Keypress: o
58.4766 	Level jitter 	25
67.4420 	Level finished 	25
67.4432 	DATA 	Keypress: o
67.4443 	DATA 	Keypress: o
67.4452 	DATA 	Keypress: o
67.4464 	DATA 	Keypress: o
67.4780 	Level image=waterlogo.jpg 	25
68.4445 	DATA 	Keypress: o
68.4778 	Level injecting via pump at address 0 	25
74.4472 	DATA 	Keypress: o
74.4482 	DATA 	Keypress: o
74.4492 	DATA 	Keypress: o
74.4784 	Level WAIT 	25
75.4619 	Level RINSE 	25
77.4466 	DATA 	Keypress: o
77.4625 	Level jitter 	25
81.4420 	Level finished 	25
81.4433 	DATA 	Keypress: o
81.4443 	DATA 	Keypress: o
81.4626 	Level image=tasty.jpg 	25
82.4446 	DATA 	Keypress: o
82.4628 	Level injecting via pump at address 1 	25
88.4470 	DATA 	Keypress: o
88.4481 	DATA 	Keypress: o
88.4493 	DATA 	Keypress: o
88.4639 	Level WAIT 	25
89.4636 	Level RINSE 	25
91.4470 	DATA 	Keypress: o
91.4638 	Level jitter 	25
95.4420 	Level finished 	25
95.4434 	DATA 	Keypress: o
95.4447 	DATA 	Keypress: o
95.4643 	Level image=waterlogo.jpg 	25
96.4448 	DATA 	Keypress: o
96.4644 	Level injecting via pump at address 0 	25
102.4470 	DATA 	Keypress: o
102.4482 	DATA 	Keypress: o
102.4492 	DATA 	Keypress: o
102.4655 	Level WAIT 	25
103.4485 	Level RINSE 	25
105.4474 	DATA 	Keypress: o
105.4654 	Level jitter 	25
109.4420 	Level finished 	25
109.4433 	DATA 	Keypress: o
109.4442 	DATA 	Keypress: o
109.4659 	Level image=waterlogo.jpg 	25
110.4448 	DATA 	Keypress: o
110.4661 	Level injecting via pump at address 0 	25
116.4478 	DATA 	Keypress: o
116.4490 	DATA 	Keypress: o
116.4504 	DATA 	Keypress: o
116.4672 	Level WAIT 	25
117.4669 	Level RINSE 	25
119.4470 	DATA 	Keypress: o
119.4670 	Level jitter 	25
123.4420 	Level finished 	25
123.4432 	DATA 	Keypress: o
123.4442 	DATA 	Keypress: o
123.4675 	Level image=tasty.jpg 	25
124.4444 	DATA 	Keypress: o
124.4676 	Level injecting via pump at address 1 	25
130.4468 	DATA 	Keypress: o
130.4478 	DATA 	Keypress: o
130.4491 	DATA 	Keypress: o
130.4688 	Level WAIT 	25
131.4518 	Level RINSE 	25
133.4471 	DATA 	Keypress: o
133.4687 	Level jitter 	25
139.4420 	Level finished 	25
139.4433 	DATA 	Keypress: o
139.4443 	DATA 	Keypress: o
139.4455 	DATA 	Keypress: o
139.4695 	Level image=waterlogo.jpg 	25
140.4443 	DATA 	Keypress: o
140.4534 	Level injecting via pump at address 0 	25
146.4472 	DATA 	Keypress: o
146.4484 	DATA 	Keypress: o
146.4495 	DATA 	Keypress: o
146.4703 	Level WAIT 	25
147.4536 	Level RINSE 	25
149.4470 	DATA 	Keypress: o
149.4705 	Level jitter 	25
152.4420 	Level finished 	25
152.4433 	DATA 	Keypress: o
152.4446 	DATA 	Keypress: o
152.4713 	Level image=tasty.jpg 	25
153.4544 	Level injecting via pump at address 1 	25
159.4472 	DATA 	Keypress: o
159.4484 	DATA 	Keypress: o
159.4496 	DATA 	Keypress: o
159.4550 	Level WAIT 	25
160.4444 	DATA 	Keypress: o
160.4552 	Level RINSE 	25
162.4470 	DATA 	Keypress: o
162.4558 	Level jitter 	25
165.4420 	Level finished 	25
165.4433 	DATA 	Keypress: o
165.4558 	Level image=waterlogo.jpg 	25
166.4446 	DATA 	Keypress: o
166.4560 	Level injecting via pump at address 0 	25
172.4468 	DATA 	Keypress: o
172.4478 	DATA 	Keypress: o
172.4487 	DATA 	Keypress: o
172.4569 	Level WAIT 	25
173.4567 	Level RINSE 	25
175.4471 	DATA 	Keypress: o
175.4569 	Level jitter 	25
179.4420 	Level finished 	25
179.4435 	DATA 	Keypress: o
179.4449 	DATA 	Keypress: o
179.4741 	Level image=waterlogo.jpg 	25
180.4446 	DATA 	Keypress: o
180.4742 	Level injecting via pump at address 0 	25
186.4469 	DATA 	Keypress: o
186.4480 	DATA 	Keypress: o
186.4493 	DATA 	Keypress: o
186.4754 	Level WAIT 	25
187.4584 	Level RINSE 	25
189.4465 	DATA 	Keypress: o
189.4754 	Level jitter 	25
194.4420 	Level finished 	25
194.4432 	DATA 	Keypress: o
194.4444 	DATA 	Keypress: o
194.4456 	DATA 	Keypress: o
194.4592 	Level image=tasty.jpg 	25
195.4594 	Level injecting via pump at address 1 	25
201.4464 	DATA 	Keypress: o
201.4475 	DATA 	Keypress: o
201.4487 	DATA 	Keypress: o
201.4603 	Level WAIT 	25
202.4446 	DATA 	Keypress: o
202.4769 	Level RINSE 	25
204.4485 	DATA 	Keypress: o
204.4603 	Level jitter 	25
207.4420 	Level finished 	25
207.4433 	DATA 	Keypress: o
207.4607 	Level image=waterlogo.jpg 	25
208.4446 	DATA 	Keypress: o
208.4609 	Level injecting via pump at address 0 	25
214.4475 	DATA 	Keypress: o
214.4487 	DATA 	Keypress: o
214.4498 	DATA 	Keypress: o
214.4786 	Level WAIT 	25
215.4616 	Level RINSE 	25
217.4463 	DATA 	Keypress: o
217.4618 	Level jitter 	25
225.4420 	Level finished 	25
225.4432 	DATA 	Keypress: o
225.4443 	DATA 	Keypress: o
225.4453 	DATA 	Keypress: o
225.4462 	DATA 	Keypress: o
225.4633 	Level image=tasty.jpg 	25
226.4446 	DATA 	Keypress: o
226.4631 	Level injecting via pump at address 1 	25
232.4474 	DATA 	Keypress: o
232.4486 	DATA 	Keypress: o
232.4498 	DATA 	Keypress: o
232.4636 	Level WAIT 	25
233.4638 	Level RINSE 	25
235.4467 	DATA 	Keypress: o
235.4643 	Level jitter 	25
237.4420 	Level finished 	25
237.4432 	DATA 	Keypress: o
237.4642 	Level image=tasty.jpg 	25
238.4446 	DATA 	Keypress: o
238.4644 	Level injecting via pump at address 1 	25
244.4470 	DATA 	Keypress: o
244.4481 	DATA 	Keypress: o
244.4490 	DATA 	Keypress: o
244.4650 	Level WAIT 	25
245.4656 	Level RINSE 	25
247.4464 	DATA 	Keypress: o
247.4653 	Level jitter 	25
249.4420 	Level finished 	25
249.4433 	DATA 	Keypress: o
249.4823 	Level image=waterlogo.jpg 	25
250.4449 	DATA 	Keypress: o
250.4657 	Level injecting via pump at address 0 	25
256.4473 	DATA 	Keypress: o
256.4484 	DATA 	Keypress: o
256.4494 	DATA 	Keypress: o
256.4669 	Level WAIT 	25
257.4667 	Level RINSE 	25
259.4472 	DATA 	Keypress: o
259.4668 	Level jitter 	25
262.4420 	Level finished 	25
262.4432 	DATA 	Keypress: o
262.4442 	DATA 	Keypress: o
262.4672 	Level image=tasty.jpg 	25
263.4673 	Level injecting via pump at address 1 	25
269.4465 	DATA 	Keypress: o
269.4476 	DATA 	Keypress: o
269.4486 	DATA 	Keypress: o
269.4684 	Level WAIT 	25
270.4449 	DATA 	Keypress: o
270.4682 	Level RINSE 	25
272.4473 	DATA 	Keypress: o
272.4683 	Level jitter 	25
274.4420 	Level finished 	25
274.4434 	DATA 	Keypress: o
274.4685 	Level image=waterlogo.jpg 	25
275.4520 	Level injecting via pump at address 0 	25
281.4471 	DATA 	Keypress: o
281.4482 	DATA 	Keypress: o
281.4492 	DATA 	Keypress: o
281.4698 	Level WAIT 	25
282.4444 	DATA 	Keypress: o
282.4695 	Level RINSE 	25
284.4470 	DATA 	Keypress: o
284.4531 	Level jitter 	25
285.4420 	Level finished 	25
285.4698 	Level image=tasty.jpg 	25
286.4448 	DATA 	Keypress: o
286.4701 	Level injecting via pump at address 1 	25
292.4473 	DATA 	Keypress: o
292.4485 	DATA 	Keypress: o
292.4497 	DATA 	Keypress: o
292.4710 	Level WAIT 	25
293.4541 	Level RINSE 	25
295.4469 	DATA 	Keypress: o
295.4710 	Level jitter 	25
297.4420 	Level finished 	25
297.4433 	DATA 	Keypress: o
297.4713 	Level image=waterlogo.jpg 	25
298.4448 	DATA 	Keypress: o
298.4714 	Level injecting via pump at address 0 	25
304.4474 	DATA 	Keypress: o
304.4483 	DATA 	Keypress: o
304.4492 	DATA 	Keypress: o
304.4724 	Level WAIT 	25
305.4721 	Level RINSE 	25
307.4465 	DATA 	Keypress: o
307.4724 	Level jitter 	25
313.4420 	Level finished 	25
313.4433 	DATA 	Keypress: o
313.4444 	DATA 	Keypress: o
313.4453 	DATA 	Keypress: o
313.4732 	Level image=waterlogo.jpg 	25
314.4449 	DATA 	Keypress: o
314.4738 	Level injecting via pump at address 0 	25
320.4476 	DATA 	Keypress: o
320.4493 	DATA 	Keypress: o
320.4505 	DATA 	Keypress: o
320.4739 	Level WAIT 	25
321.4575 	Level RINSE 	25
323.4470 	DATA 	Keypress: o
323.4743 	Level jitter 	25
326.4420 	Level finished 	25
326.4433 	DATA 	Keypress: o
326.4443 	DATA 	Keypress: o
326.4751 	Level image=tasty.jpg 	25
327.4749 	Level injecting via pump at address 1 	25
333.4465 	DATA 	Keypress: o
333.4476 	DATA 	Keypress: o
333.4485 	DATA 	Keypress: o
333.4754 	Level WAIT 	25
334.4449 	DATA 	Keypress: o
334.4589 	Level RINSE 	25
336.4477 	DATA 	Keypress: o
336.4762 	Level jitter 	25
344.4420 	Level finished 	25
344.4434 	DATA 	Keypress: o
344.4445 	DATA 	Keypress: o
344.4458 	DATA 	Keypress: o
344.4469 	DATA 	Keypress: o
344.4769 	Level image=waterlogo.jpg 	25
345.4602 	Level injecting via pump at address 0 	25
351.4471 	DATA 	Keypress: o
351.4482 	DATA 	Keypress: o
351.4494 	DATA 	Keypress: o
351.4779 	Level WAIT 	25
352.4446 	DATA 	Keypress: o
352.4777 	Level RINSE 	25
354.4464 	DATA 	Keypress: o
354.4613 	Level jitter 	25
359.4420 	Level finished 	25
359.4434 	DATA 	Keypress: o
359.4446 	DATA 	Keypress: o
359.4619 	Level image=tasty.jpg 	25
360.4448 	DATA 	Keypress: o
360.4620 	Level injecting via pump at address 1 	25
366.4469 	DATA 	Keypress: o
366.4478 	DATA 	Keypress: o
366.4487 	DATA 	Keypress: o
366.4631 	Level WAIT 	25
367.4629 	Level RINSE 	25
369.4474 	DATA 	Keypress: o
369.4631 	Level jitter 	25
373.4421 	Level finished 	25
373.4433 	DATA 	Keypress: o
373.4443 	DATA 	Keypress: o
373.4635 	Level image=waterlogo.jpg 	25
374.4444 	DATA 	Keypress: o
374.4469 	Level injecting via pump at address 0 	25
380.4476 	DATA 	Keypress: o
380.4485 	DATA 	Keypress: o
380.4495 	DATA 	Keypress: o
380.4813 	Level WAIT 	25
381.4645 	Level RINSE 	25
383.4475 	DATA 	Keypress: o
383.4647 	Level jitter 	25
388.4420 	Level finished 	25
388.4432 	DATA 	Keypress: o
388.4443 	DATA 	Keypress: o
388.4455 	DATA 	Keypress: o
388.4653 	Level image=tasty.jpg 	25
389.4654 	Level injecting via pump at address 1 	25
395.4471 	DATA 	Keypress: o
395.4481 	DATA 	Keypress: o
395.4490 	DATA 	Keypress: o
395.4665 	Level WAIT 	25
396.4445 	DATA 	Keypress: o
396.4495 	Level RINSE 	25
398.4476 	DATA 	Keypress: o
398.4665 	Level jitter 	25
407.4420 	Level finished 	25
407.4433 	DATA 	Keypress: o
407.4443 	DATA 	Keypress: o
407.4452 	DATA 	Keypress: o
407.4461 	DATA 	Keypress: o
407.4679 	Level image=waterlogo.jpg 	25
408.4447 	DATA 	Keypress: o
408.4676 	Level injecting via pump at address 0 	25
414.4469 	DATA 	Keypress: o
414.4481 	DATA 	Keypress: o
414.4492 	DATA 	Keypress: o
414.4683 	Level WAIT 	25
415.4518 	Level RINSE 	25
417.4468 	DATA 	Keypress: o
417.4691 	Level jitter 	25
426.4420 	Level finished 	25
426.4434 	DATA 	Keypress: o
426.4446 	DATA 	Keypress: o
426.4457 	DATA 	Keypress: o
426.4469 	DATA 	Keypress: o
426.4479 	DATA 	Keypress: o
426.4698 	Level image=tasty.jpg 	25
427.4703 	Level injecting via pump at address 1 	25
433.4472 	DATA 	Keypress: o
433.4482 	DATA 	Keypress: o
433.4491 	DATA 	Keypress: o
433.4705 	Level WAIT 	25
434.4450 	DATA 	Keypress: o
434.4541 	Level RINSE 	25
436.4470 	DATA 	Keypress: o
436.4709 	Level jitter 	25
440.4420 	Level finished 	25
440.4432 	DATA 	Keypress: o
440.4442 	DATA 	Keypress: o
440.4551 	Level image=tasty.jpg 	25
441.4548 	Level injecting via pump at address 1 	25
447.4472 	DATA 	Keypress: o
447.4484 	DATA 	Keypress: o
447.4495 	DATA 	Keypress: o
447.4721 	Level WAIT 	25
448.4444 	DATA 	Keypress: o
448.4723 	Level RINSE 	25
450.4470 	DATA 	Keypress: o
450.4563 	Level jitter 	25
453.4420 	Level finished 	25
453.4432 	DATA 	Keypress: o
453.4562 	Level image=waterlogo.jpg 	25
454.4446 	DATA 	Keypress: o
454.4731 	Level injecting via pump at address 0 	25
460.4475 	DATA 	Keypress: o
460.4487 	DATA 	Keypress: o
460.4498 	DATA 	Keypress: o
460.4741 	Level WAIT 	25
461.4738 	Level RINSE 	25
463.4470 	DATA 	Keypress: o
463.4574 	Level jitter 	25
464.4420 	Level finished 	25
464.4434 	DATA 	Keypress: o
464.4742 	Level image=tasty.jpg 	25
465.4577 	Level injecting via pump at address 1 	25
471.4465 	DATA 	Keypress: o
471.4476 	DATA 	Keypress: o
471.4485 	DATA 	Keypress: o
471.4587 	Level WAIT 	25
472.4444 	DATA 	Keypress: o
472.4584 	Level RINSE 	25
474.4465 	DATA 	Keypress: o
474.4586 	Level jitter 	25
481.4420 	Level finished 	25
481.4432 	DATA 	Keypress: o
481.4443 	DATA 	Keypress: o
481.4452 	DATA 	Keypress: o
481.4599 	Level image=waterlogo.jpg 	25
482.4448 	DATA 	Keypress: o
482.4596 	Level injecting via pump at address 0 	25
488.4472 	DATA 	Keypress: o
488.4483 	DATA 	Keypress: o
488.4497 	DATA 	Keypress: o
488.4603 	Level WAIT 	25
489.4604 	Level RINSE 	25
491.4479 	DATA 	Keypress: o
491.4611 	Level jitter 	25
492.4420 	Level finished 	25
492.4431 	DATA 	Keypress: o
492.4775 	Level image=tasty.jpg 	25
493.4610 	Level injecting via pump at address 1 	25
499.4466 	DATA 	Keypress: o
499.4476 	DATA 	Keypress: o
499.4486 	DATA 	Keypress: o
499.4616 	Level WAIT 	25
500.4445 	DATA 	Keypress: o
500.4617 	Level RINSE 	25
502.4471 	DATA 	Keypress: o
502.4623 	Level jitter 	25
508.4420 	Level finished 	25
