69.3522 	DATA 	Keypress: o
69.3528 	Level start key press 	25
71.3593 	DATA 	Keypress: o
73.3596 	DATA 	Keypress: o
75.3598 	DATA 	Keypress: o
77.3600 	DATA 	Keypress: o
77.7577 	Level image=waterlogo.jpg 	25
78.6746 	Level injecting via pump at address 0 	25
84.6467 	DATA 	Keypress: o
84.6480 	DATA 	Keypress: o
84.6492 	DATA 	Keypress: o
84.6755 	Level WAIT 	25
85.6455 	DATA 	Keypress: o
85.6585 	Level RINSE 	25
87.6542 	DATA 	Keypress: o
87.6755 	Level jitter 	25
93.6410 	Level finished 	25
93.6425 	DATA 	Keypress: o
93.6440 	DATA 	Keypress: o
93.6452 	DATA 	Keypress: o
93.6763 	Level image=tasty.jpg 	25
94.6601 	Level injecting via pump at address 1 	25
100.6463 	DATA 	Keypress: o
100.6475 	DATA 	Keypress: o
100.6487 	DATA 	Keypress: o
100.6603 	Level WAIT 	25
101.6439 	DATA 	Keypress: o
101.6605 	Level RINSE 	25
103.6458 	DATA 	Keypress: o
103.6607 	Level jitter 	25
109.6410 	Level finished 	25
109.6425 	DATA 	Keypress: o
109.6437 	DATA 	Keypress: o
109.6448 	DATA 	Keypress: o
109.6786 	Level image=tasty.jpg 	25
110.6615 	Level injecting via pump at address 1 	25
116.6467 	DATA 	Keypress: o
116.6481 	DATA 	Keypress: o
116.6493 	DATA 	Keypress: o
116.6622 	Level WAIT 	25
117.6437 	DATA 	Keypress: o
117.6624 	Level RINSE 	25
119.6461 	DATA 	Keypress: o
119.6631 	Level jitter 	25
121.6410 	Level finished 	25
121.6424 	DATA 	Keypress: o
121.6628 	Level image=waterlogo.jpg 	25
122.6463 	Level injecting via pump at address 0 	25
128.6467 	DATA 	Keypress: o
128.6478 	DATA 	Keypress: o
128.6490 	DATA 	Keypress: o
128.6636 	Level WAIT 	25
129.6437 	DATA 	Keypress: o
129.6641 	Level RINSE 	25
131.6468 	DATA 	Keypress: o
131.6807 	Level jitter 	25
137.6410 	Level finished 	25
137.6428 	DATA 	Keypress: o
137.6442 	DATA 	Keypress: o
137.6453 	DATA 	Keypress: o
137.6815 	Level image=tasty.jpg 	25
138.6482 	Level injecting via pump at address 1 	25
144.6463 	DATA 	Keypress: o
144.6473 	DATA 	Keypress: o
144.6482 	DATA 	Keypress: o
144.6659 	Level WAIT 	25
145.6439 	DATA 	Keypress: o
145.6657 	Level RINSE 	25
147.6460 	DATA 	Keypress: o
147.6492 	Level jitter 	25
152.6410 	Level finished 	25
152.6426 	DATA 	Keypress: o
152.6439 	DATA 	Keypress: o
152.6665 	Level image=waterlogo.jpg 	25
153.6435 	DATA 	Keypress: o
153.6500 	Level injecting via pump at address 0 	25
159.6457 	DATA 	Keypress: o
159.6467 	DATA 	Keypress: o
159.6478 	DATA 	Keypress: o
159.6677 	Level WAIT 	25
160.6507 	Level RINSE 	25
162.6471 	DATA 	Keypress: o
162.6677 	Level jitter 	25
167.6410 	Level finished 	25
167.6422 	DATA 	Keypress: o
167.6432 	DATA 	Keypress: o
167.6443 	DATA 	Keypress: o
167.6682 	Level image=tasty.jpg 	25
168.6684 	Level injecting via pump at address 1 	25
174.6461 	DATA 	Keypress: o
174.6473 	DATA 	Keypress: o
174.6485 	DATA 	Keypress: o
174.6695 	Level WAIT 	25
175.6441 	DATA 	Keypress: o
175.6525 	Level RINSE 	25
177.6456 	DATA 	Keypress: o
177.6695 	Level jitter 	25
183.6410 	Level finished 	25
183.6424 	DATA 	Keypress: o
183.6438 	DATA 	Keypress: o
183.6448 	DATA 	Keypress: o
183.6701 	Level image=waterlogo.jpg 	25
184.6706 	Level injecting via pump at address 0 	25
190.6466 	DATA 	Keypress: o
190.6478 	DATA 	Keypress: o
190.6490 	DATA 	Keypress: o
190.6709 	Level WAIT 	25
191.6436 	DATA 	Keypress: o
191.6544 	Level RINSE 	25
193.6459 	DATA 	Keypress: o
193.6712 	Level jitter 	25
196.6410 	Level finished 	25
196.6424 	DATA 	Keypress: o
196.6720 	Level image=tasty.jpg 	25
197.6437 	DATA 	Keypress: o
197.6551 	Level injecting via pump at address 1 	25
203.6461 	DATA 	Keypress: o
203.6473 	DATA 	Keypress: o
203.6482 	DATA 	Keypress: o
203.6557 	Level WAIT 	25
204.6559 	Level RINSE 	25
206.6460 	DATA 	Keypress: o
206.6564 	Level jitter 	25
214.6410 	Level finished 	25
214.6423 	DATA 	Keypress: o
214.6432 	DATA 	Keypress: o
214.6442 	DATA 	Keypress: o
214.6451 	DATA 	Keypress: o
214.6738 	Level image=waterlogo.jpg 	25
215.6434 	DATA 	Keypress: o
215.6739 	Level injecting via pump at address 0 	25
221.6463 	DATA 	Keypress: o
221.6478 	DATA 	Keypress: o
221.6490 	DATA 	Keypress: o
221.6748 	Level WAIT 	25
222.6579 	Level RINSE 	25
224.6462 	DATA 	Keypress: o
224.6747 	Level jitter 	25
226.6410 	Level finished 	25
226.6424 	DATA 	Keypress: o
226.6585 	Level image=tasty.jpg 	25
227.6439 	DATA 	Keypress: o
227.6586 	Level injecting via pump at address 1 	25
233.6460 	DATA 	Keypress: o
233.6471 	DATA 	Keypress: o
233.6480 	DATA 	Keypress: o
233.6764 	Level WAIT 	25
234.6762 	Level RINSE 	25
236.6468 	DATA 	Keypress: o
236.6596 	Level jitter 	25
245.6410 	Level finished 	25
245.6423 	DATA 	Keypress: o
245.6435 	DATA 	Keypress: o
245.6447 	DATA 	Keypress: o
245.6458 	DATA 	Keypress: o
245.6468 	DATA 	Keypress: o
245.6777 	Level image=waterlogo.jpg 	25
246.6609 	Level injecting via pump at address 0 	25
252.6457 	DATA 	Keypress: o
252.6467 	DATA 	Keypress: o
252.6476 	DATA 	Keypress: o
252.6614 	Level WAIT 	25
253.6436 	DATA 	Keypress: o
253.6616 	Level RINSE 	25
255.6465 	DATA 	Keypress: o
255.6622 	Level jitter 	25
257.6410 	Level finished 	25
257.6427 	DATA 	Keypress: o
257.6621 	Level image=tasty.jpg 	25
258.6623 	Level injecting via pump at address 1 	25
264.6459 	DATA 	Keypress: o
264.6470 	DATA 	Keypress: o
264.6480 	DATA 	Keypress: o
264.6628 	Level WAIT 	25
265.6438 	DATA 	Keypress: o
265.6634 	Level RINSE 	25
267.6461 	DATA 	Keypress: o
267.6632 	Level jitter 	25
270.6410 	Level finished 	25
270.6425 	DATA 	Keypress: o
270.6636 	Level image=waterlogo.jpg 	25
271.6436 	DATA 	Keypress: o
271.6638 	Level injecting via pump at address 0 	25
277.6466 	DATA 	Keypress: o
277.6482 	DATA 	Keypress: o
277.6497 	DATA 	Keypress: o
277.6648 	Level WAIT 	25
278.6479 	Level RINSE 	25
280.6461 	DATA 	Keypress: o
280.6647 	Level jitter 	25
284.6410 	Level finished 	25
284.6424 	DATA 	Keypress: o
284.6437 	DATA 	Keypress: o
284.6653 	Level image=tasty.jpg 	25
285.6438 	DATA 	Keypress: o
285.6654 	Level injecting via pump at address 1 	25
291.6466 	DATA 	Keypress: o
291.6479 	DATA 	Keypress: o
291.6491 	DATA 	Keypress: o
291.6664 	Level WAIT 	25
292.6662 	Level RINSE 	25
294.6462 	DATA 	Keypress: o
294.6664 	Level jitter 	25
295.6410 	Level finished 	25
295.6421 	DATA 	Keypress: o
295.6665 	Level image=waterlogo.jpg 	25
296.6667 	Level injecting via pump at address 0 	25
302.6468 	DATA 	Keypress: o
302.6480 	DATA 	Keypress: o
302.6492 	DATA 	Keypress: o
302.6676 	Level WAIT 	25
303.6440 	DATA 	Keypress: o
303.6509 	Level RINSE 	25
305.6464 	DATA 	Keypress: o
305.6676 	Level jitter 	25
308.6410 	Level finished 	25
308.6424 	DATA 	Keypress: o
308.6681 	Level image=tasty.jpg 	25
309.6441 	DATA 	Keypress: o
309.6515 	Level injecting via pump at address 1 	25
315.6466 	DATA 	Keypress: o
315.6480 	DATA 	Keypress: o
315.6492 	DATA 	Keypress: o
315.6693 	Level WAIT 	25
316.6523 	Level RINSE 	25
318.6462 	DATA 	Keypress: o
318.6692 	Level jitter 	25
326.6410 	Level finished 	25
326.6429 	DATA 	Keypress: o
326.6448 	DATA 	Keypress: o
326.6460 	DATA 	Keypress: o
326.6472 	DATA 	Keypress: o
326.6706 	Level image=tasty.jpg 	25
327.6439 	DATA 	Keypress: o
327.6703 	Level injecting via pump at address 1 	25
333.6466 	DATA 	Keypress: o
333.6481 	DATA 	Keypress: o
333.6492 	DATA 	Keypress: o
333.6709 	Level WAIT 	25
334.6544 	Level RINSE 	25
336.6460 	DATA 	Keypress: o
336.6717 	Level jitter 	25
340.6410 	Level finished 	25
340.6423 	DATA 	Keypress: o
340.6433 	DATA 	Keypress: o
340.6718 	Level image=waterlogo.jpg 	25
341.6438 	DATA 	Keypress: o
341.6554 	Level injecting via pump at address 0 	25
347.6459 	DATA 	Keypress: o
347.6472 	DATA 	Keypress: o
347.6484 	DATA 	Keypress: o
347.6563 	Level WAIT 	25
348.6560 	Level RINSE 	25
350.6458 	DATA 	Keypress: o
350.6562 	Level jitter 	25
353.6410 	Level finished 	25
353.6426 	DATA 	Keypress: o
353.6437 	DATA 	Keypress: o
353.6567 	Level image=tasty.jpg 	25
354.6569 	Level injecting via pump at address 1 	25
360.6460 	DATA 	Keypress: o
360.6470 	DATA 	Keypress: o
360.6480 	DATA 	Keypress: o
360.6578 	Level WAIT 	25
361.6439 	DATA 	Keypress: o
361.6575 	Level RINSE 	25
363.6464 	DATA 	Keypress: o
363.6578 	Level jitter 	25
368.6410 	Level finished 	25
368.6423 	DATA 	Keypress: o
368.6434 	DATA 	Keypress: o
368.6750 	Level image=waterlogo.jpg 	25
369.6440 	DATA 	Keypress: o
369.6587 	Level injecting via pump at address 0 	25
375.6465 	DATA 	Keypress: o
375.6479 	DATA 	Keypress: o
375.6490 	DATA 	Keypress: o
375.6596 	Level WAIT 	25
376.6593 	Level RINSE 	25
378.6471 	DATA 	Keypress: o
378.6595 	Level jitter 	25
383.6410 	Level finished 	25
383.6425 	DATA 	Keypress: o
383.6438 	DATA 	Keypress: o
383.6450 	DATA 	Keypress: o
383.6768 	Level image=waterlogo.jpg 	25
384.6604 	Level injecting via pump at address 0 	25
390.6463 	DATA 	Keypress: o
390.6474 	DATA 	Keypress: o
390.6484 	DATA 	Keypress: o
390.6781 	Level WAIT 	25
391.6439 	DATA 	Keypress: o
391.6611 	Level RINSE 	25
393.6460 	DATA 	Keypress: o
393.6779 	Level jitter 	25
402.6410 	Level finished 	25
402.6425 	DATA 	Keypress: o
402.6439 	DATA 	Keypress: o
402.6454 	DATA 	Keypress: o
402.6465 	DATA 	Keypress: o
402.6795 	Level image=tasty.jpg 	25
403.6438 	DATA 	Keypress: o
403.6625 	Level injecting via pump at address 1 	25
409.6468 	DATA 	Keypress: o
409.6479 	DATA 	Keypress: o
409.6491 	DATA 	Keypress: o
409.6631 	Level WAIT 	25
410.6633 	Level RINSE 	25
412.6462 	DATA 	Keypress: o
412.6640 	Level jitter 	25
414.6410 	Level finished 	25
414.6425 	DATA 	Keypress: o
414.6639 	Level image=waterlogo.jpg 	25
415.6436 	DATA 	Keypress: o
415.6640 	Level injecting via pump at address 0 	25
421.6474 	DATA 	Keypress: o
421.6488 	DATA 	Keypress: o
421.6500 	DATA 	Keypress: o
421.6812 	Level WAIT 	25
422.6486 	Level RINSE 	25
424.6463 	DATA 	Keypress: o
424.6649 	Level jitter 	25
427.6410 	Level finished 	25
427.6425 	DATA 	Keypress: o
427.6438 	DATA 	Keypress: o
427.6653 	Level image=waterlogo.jpg 	25
428.6488 	Level injecting via pump at address 0 	25
434.6461 	DATA 	Keypress: o
434.6471 	DATA 	Keypress: o
434.6480 	DATA 	Keypress: o
434.6664 	Level WAIT 	25
435.6440 	DATA 	Keypress: o
435.6662 	Level RINSE 	25
437.6466 	DATA 	Keypress: o
437.6499 	Level jitter 	25
442.6410 	Level finished 	25
442.6427 	DATA 	Keypress: o
442.6441 	DATA 	Keypress: o
442.6672 	Level image=tasty.jpg 	25
443.6438 	DATA 	Keypress: o
443.6673 	Level injecting via pump at address 1 	25
449.6464 	DATA 	Keypress: o
449.6474 	DATA 	Keypress: o
449.6483 	DATA 	Keypress: o
449.6681 	Level WAIT 	25
450.6513 	Level RINSE 	25
452.6467 	DATA 	Keypress: o
452.6682 	Level jitter 	25
454.6410 	Level finished 	25
454.6423 	DATA 	Keypress: o
454.6685 	Level image=tasty.jpg 	25
455.6439 	DATA 	Keypress: o
455.6686 	Level injecting via pump at address 1 	25
461.6466 	DATA 	Keypress: o
461.6478 	DATA 	Keypress: o
461.6490 	DATA 	Keypress: o
461.6696 	Level WAIT 	25
462.6528 	Level RINSE 	25
464.6458 	DATA 	Keypress: o
464.6696 	Level jitter 	25
471.6410 	Level finished 	25
471.6423 	DATA 	Keypress: o
471.6433 	DATA 	Keypress: o
471.6443 	DATA 	Keypress: o
471.6452 	DATA 	Keypress: o
471.6709 	Level image=waterlogo.jpg 	25
472.6538 	Level injecting via pump at address 0 	25
478.6467 	DATA 	Keypress: o
478.6483 	DATA 	Keypress: o
478.6495 	DATA 	Keypress: o
478.6546 	Level WAIT 	25
479.6439 	DATA 	Keypress: o
479.6548 	Level RINSE 	25
481.6454 	DATA 	Keypress: o
481.6554 	Level jitter 	25
484.6410 	Level finished 	25
484.6423 	DATA 	Keypress: o
484.6554 	Level image=tasty.jpg 	25
485.6439 	DATA 	Keypress: o
485.6554 	Level injecting via pump at address 1 	25
491.6462 	DATA 	Keypress: o
491.6472 	DATA 	Keypress: o
491.6482 	DATA 	Keypress: o
491.6565 	Level WAIT 	25
492.6562 	Level RINSE 	25
494.6457 	DATA 	Keypress: o
494.6564 	Level jitter 	25
496.6410 	Level finished 	25
496.6423 	DATA 	Keypress: o
496.6733 	Level image=waterlogo.jpg 	25
497.6439 	DATA 	Keypress: o
497.6569 	Level injecting via pump at address 0 	25
503.6458 	DATA 	Keypress: o
503.6468 	DATA 	Keypress: o
503.6478 	DATA 	Keypress: o
503.6579 	Level WAIT 	25
504.6576 	Level RINSE 	25
506.6457 	DATA 	Keypress: o
506.6579 	Level jitter 	25
514.6410 	Level finished 	25
514.6423 	DATA 	Keypress: o
514.6433 	DATA 	Keypress: o
514.6443 	DATA 	Keypress: o
514.6452 	DATA 	Keypress: o
514.6760 	Level image=tasty.jpg 	25
515.6438 	DATA 	Keypress: o
515.6589 	Level injecting via pump at address 1 	25
521.6467 	DATA 	Keypress: o
521.6479 	DATA 	Keypress: o
521.6489 	DATA 	Keypress: o
521.6762 	Level WAIT 	25
522.6597 	Level RINSE 	25
524.6472 	DATA 	Keypress: o
524.6770 	Level jitter 	25
526.6410 	Level finished 	25
526.6422 	DATA 	Keypress: o
526.6603 	Level image=waterlogo.jpg 	25
527.6436 	DATA 	Keypress: o
527.6604 	Level injecting via pump at address 0 	25
533.6459 	DATA 	Keypress: o
533.6471 	DATA 	Keypress: o
533.6481 	DATA 	Keypress: o
533.6776 	Level WAIT 	25
534.6615 	Level RINSE 	25
536.6461 	DATA 	Keypress: o
536.6613 	Level jitter 	25
543.6410 	Level finished 	25
