65.9138 	DATA 	Keypress: o
65.9145 	Level start key press 	25
67.9178 	DATA 	Keypress: o
69.9239 	DATA 	Keypress: o
71.9231 	DATA 	Keypress: o
73.9457 	DATA 	Keypress: o
73.9501 	Level image=waterlogo.jpg 	25
74.8947 	Level injecting via pump at address 0 	25
80.8897 	DATA 	Keypress: o
80.8906 	DATA 	Keypress: o
80.8916 	DATA 	Keypress: o
80.8971 	Level WAIT 	25
81.8917 	Level RINSE 	25
83.8983 	DATA 	Keypress: o
83.9015 	Level jitter 	25
90.8845 	Level finished 	25
90.8857 	DATA 	Keypress: o
90.8867 	DATA 	Keypress: o
90.8879 	DATA 	Keypress: o
90.8891 	DATA 	Keypress: o
90.9024 	Level image=waterlogo.jpg 	25
91.8890 	Level injecting via pump at address 0 	25
97.8898 	DATA 	Keypress: o
97.8909 	DATA 	Keypress: o
97.8922 	DATA 	Keypress: o
97.9017 	Level WAIT 	25
98.8868 	DATA 	Keypress: o
98.9017 	Level RINSE 	25
100.8897 	DATA 	Keypress: o
100.9020 	Level jitter 	25
105.8845 	Level finished 	25
105.8861 	DATA 	Keypress: o
105.8871 	DATA 	Keypress: o
105.8987 	Level image=tasty.jpg 	25
106.8869 	DATA 	Keypress: o
106.8936 	Level injecting via pump at address 1 	25
112.8898 	DATA 	Keypress: o
112.8910 	DATA 	Keypress: o
112.8920 	DATA 	Keypress: o
112.8957 	Level WAIT 	25
113.8897 	Level RINSE 	25
115.8893 	DATA 	Keypress: o
115.8957 	Level jitter 	25
118.8845 	Level finished 	25
118.8857 	DATA 	Keypress: o
118.8867 	DATA 	Keypress: o
118.8966 	Level image=tasty.jpg 	25
119.8918 	Level injecting via pump at address 0 	25
125.8907 	DATA 	Keypress: o
125.8920 	DATA 	Keypress: o
125.8931 	DATA 	Keypress: o
125.9041 	Level WAIT 	25
126.8868 	DATA 	Keypress: o
126.9037 	Level RINSE 	25
128.8890 	DATA 	Keypress: o
128.8933 	Level jitter 	25
134.8845 	Level finished 	25
134.8857 	DATA 	Keypress: o
134.8868 	DATA 	Keypress: o
134.8878 	DATA 	Keypress: o
134.8957 	Level image=tasty.jpg 	25
135.8911 	Level injecting via pump at address 0 	25
141.8897 	DATA 	Keypress: o
141.8909 	DATA 	Keypress: o
141.8921 	DATA 	Keypress: o
141.9046 	Level WAIT 	25
142.8871 	DATA 	Keypress: o
142.9038 	Level RINSE 	25
144.8898 	DATA 	Keypress: o
144.8929 	Level jitter 	25
153.8845 	Level finished 	25
153.8857 	DATA 	Keypress: o
153.8867 	DATA 	Keypress: o
153.8876 	DATA 	Keypress: o
153.8886 	DATA 	Keypress: o
153.8961 	Level image=tasty.jpg 	25
154.8868 	DATA 	Keypress: o
154.8898 	Level injecting via pump at address 1 	25
160.8896 	DATA 	Keypress: o
160.8906 	DATA 	Keypress: o
160.8915 	DATA 	Keypress: o
160.9067 	Level WAIT 	25
161.8897 	Level RINSE 	25
163.8898 	DATA 	Keypress: o
163.8934 	Level jitter 	25
169.8845 	Level finished 	25
169.8857 	DATA 	Keypress: o
169.8867 	DATA 	Keypress: o
169.8876 	DATA 	Keypress: o
169.9067 	Level image=tasty.jpg 	25
170.8870 	DATA 	Keypress: o
170.8902 	Level injecting via pump at address 0 	25
176.8898 	DATA 	Keypress: o
176.8911 	DATA 	Keypress: o
176.8923 	DATA 	Keypress: o
176.9080 	Level WAIT 	25
177.8908 	Level RINSE 	25
179.8897 	DATA 	Keypress: o
179.9078 	Level jitter 	25
182.8845 	Level finished 	25
182.8857 	DATA 	Keypress: o
182.8868 	DATA 	Keypress: o
182.9077 	Level image=tasty.jpg 	25
183.8918 	Level injecting via pump at address 1 	25
189.8898 	DATA 	Keypress: o
189.8912 	DATA 	Keypress: o
189.8924 	DATA 	Keypress: o
189.9060 	Level WAIT 	25
190.8868 	DATA 	Keypress: o
190.8922 	Level RINSE 	25
192.8904 	DATA 	Keypress: o
192.9067 	Level jitter 	25
197.8845 	Level finished 	25
197.8858 	DATA 	Keypress: o
197.8871 	DATA 	Keypress: o
197.8968 	Level image=tasty.jpg 	25
198.8869 	DATA 	Keypress: o
198.8909 	Level injecting via pump at address 0 	25
204.8905 	DATA 	Keypress: o
204.8917 	DATA 	Keypress: o
204.8932 	DATA 	Keypress: o
204.9100 	Level WAIT 	25
205.8927 	Level RINSE 	25
207.8903 	DATA 	Keypress: o
207.8937 	Level jitter 	25
208.8845 	Level finished 	25
208.8856 	DATA 	Keypress: o
208.9059 	Level image=waterlogo.jpg 	25
209.8927 	Level injecting via pump at address 0 	25
215.8902 	DATA 	Keypress: o
215.8914 	DATA 	Keypress: o
215.8925 	DATA 	Keypress: o
215.9021 	Level WAIT 	25
216.8869 	DATA 	Keypress: o
216.8935 	Level RINSE 	25
218.8897 	DATA 	Keypress: o
218.8941 	Level jitter 	25
223.8845 	Level finished 	25
223.8859 	DATA 	Keypress: o
223.8871 	DATA 	Keypress: o
223.9095 	Level image=waterlogo.jpg 	25
224.8870 	DATA 	Keypress: o
224.8936 	Level injecting via pump at address 0 	25
230.8896 	DATA 	Keypress: o
230.8906 	DATA 	Keypress: o
230.8915 	DATA 	Keypress: o
230.8950 	Level WAIT 	25
231.8948 	Level RINSE 	25
233.8907 	DATA 	Keypress: o
233.8951 	Level jitter 	25
236.8845 	Level finished 	25
236.8860 	DATA 	Keypress: o
236.8872 	DATA 	Keypress: o
236.8945 	Level image=tasty.jpg 	25
237.8947 	Level injecting via pump at address 0 	25
243.8900 	DATA 	Keypress: o
243.8911 	DATA 	Keypress: o
243.8921 	DATA 	Keypress: o
243.8958 	Level WAIT 	25
244.8870 	DATA 	Keypress: o
244.8959 	Level RINSE 	25
246.8896 	DATA 	Keypress: o
246.8960 	Level jitter 	25
252.8845 	Level finished 	25
252.8857 	DATA 	Keypress: o
252.8866 	DATA 	Keypress: o
252.8879 	DATA 	Keypress: o
252.8967 	Level image=waterlogo.jpg 	25
253.8961 	Level injecting via pump at address 0 	25
259.8892 	DATA 	Keypress: o
259.8903 	DATA 	Keypress: o
259.8912 	DATA 	Keypress: o
259.8967 	Level WAIT 	25
260.8870 	DATA 	Keypress: o
260.8968 	Level RINSE 	25
262.8895 	DATA 	Keypress: o
262.8969 	Level jitter 	25
264.8845 	Level finished 	25
264.8856 	DATA 	Keypress: o
264.8941 	Level image=waterlogo.jpg 	25
265.8887 	Level injecting via pump at address 0 	25
271.8893 	DATA 	Keypress: o
271.8904 	DATA 	Keypress: o
271.8914 	DATA 	Keypress: o
271.8977 	Level WAIT 	25
272.8868 	DATA 	Keypress: o
272.8977 	Level RINSE 	25
274.8899 	DATA 	Keypress: o
274.8980 	Level jitter 	25
282.8845 	Level finished 	25
282.8857 	DATA 	Keypress: o
282.8868 	DATA 	Keypress: o
282.8879 	DATA 	Keypress: o
282.8891 	DATA 	Keypress: o
282.8986 	Level image=tasty.jpg 	25
283.8937 	Level injecting via pump at address 0 	25
289.8896 	DATA 	Keypress: o
289.8907 	DATA 	Keypress: o
289.8919 	DATA 	Keypress: o
289.8957 	Level WAIT 	25
290.8869 	DATA 	Keypress: o
290.8899 	Level RINSE 	25
292.8888 	DATA 	Keypress: o
292.8959 	Level jitter 	25
297.8845 	Level finished 	25
297.8858 	DATA 	Keypress: o
297.8871 	DATA 	Keypress: o
297.8987 	Level image=waterlogo.jpg 	25
298.8868 	DATA 	Keypress: o
298.8981 	Level injecting via pump at address 0 	25
304.8904 	DATA 	Keypress: o
304.8917 	DATA 	Keypress: o
304.8927 	DATA 	Keypress: o
304.8991 	Level WAIT 	25
305.8940 	Level RINSE 	25
307.8892 	DATA 	Keypress: o
307.8996 	Level jitter 	25
312.8845 	Level finished 	25
312.8857 	DATA 	Keypress: o
312.8866 	DATA 	Keypress: o
312.8876 	DATA 	Keypress: o
312.8997 	Level image=tasty.jpg 	25
313.8998 	Level injecting via pump at address 0 	25
319.8900 	DATA 	Keypress: o
319.8911 	DATA 	Keypress: o
319.8921 	DATA 	Keypress: o
319.9009 	Level WAIT 	25
320.8870 	DATA 	Keypress: o
320.8988 	Level RINSE 	25
322.8889 	DATA 	Keypress: o
322.9006 	Level jitter 	25
329.8845 	Level finished 	25
329.8858 	DATA 	Keypress: o
329.8870 	DATA 	Keypress: o
329.8883 	DATA 	Keypress: o
329.9012 	Level image=tasty.jpg 	25
330.8870 	DATA 	Keypress: o
330.8959 	Level injecting via pump at address 1 	25
336.8903 	DATA 	Keypress: o
336.8917 	DATA 	Keypress: o
336.8929 	DATA 	Keypress: o
336.8975 	Level WAIT 	25
337.8922 	Level RINSE 	25
339.8893 	DATA 	Keypress: o
339.8980 	Level jitter 	25
343.8845 	Level finished 	25
343.8858 	DATA 	Keypress: o
343.8870 	DATA 	Keypress: o
343.8938 	Level image=tasty.jpg 	25
344.8877 	DATA 	Keypress: o
344.9030 	Level injecting via pump at address 0 	25
350.8902 	DATA 	Keypress: o
350.8914 	DATA 	Keypress: o
350.8925 	DATA 	Keypress: o
350.9030 	Level WAIT 	25
351.9009 	Level RINSE 	25
353.8892 	DATA 	Keypress: o
353.9036 	Level jitter 	25
356.8845 	Level finished 	25
356.8861 	DATA 	Keypress: o
356.8874 	DATA 	Keypress: o
356.9027 	Level image=tasty.jpg 	25
357.9035 	Level injecting via pump at address 1 	25
363.8896 	DATA 	Keypress: o
363.8906 	DATA 	Keypress: o
363.8915 	DATA 	Keypress: o
363.9040 	Level WAIT 	25
364.8879 	DATA 	Keypress: o
364.8997 	Level RINSE 	25
366.8897 	DATA 	Keypress: o
366.9037 	Level jitter 	25
371.8845 	Level finished 	25
371.8857 	DATA 	Keypress: o
371.8866 	DATA 	Keypress: o
371.8957 	Level image=tasty.jpg 	25
372.8868 	DATA 	Keypress: o
372.8914 	Level injecting via pump at address 0 	25
378.8903 	DATA 	Keypress: o
378.8919 	DATA 	Keypress: o
378.8929 	DATA 	Keypress: o
378.9047 	Level WAIT 	25
379.8886 	Level RINSE 	25
381.8891 	DATA 	Keypress: o
381.8935 	Level jitter 	25
382.8845 	Level finished 	25
382.8856 	DATA 	Keypress: o
382.9047 	Level image=tasty.jpg 	25
383.8886 	Level injecting via pump at address 1 	25
389.8902 	DATA 	Keypress: o
389.8914 	DATA 	Keypress: o
389.8925 	DATA 	Keypress: o
389.9020 	Level WAIT 	25
390.8871 	DATA 	Keypress: o
390.8957 	Level RINSE 	25
392.8894 	DATA 	Keypress: o
392.9018 	Level jitter 	25
401.8845 	Level finished 	25
401.8858 	DATA 	Keypress: o
401.8870 	DATA 	Keypress: o
401.8882 	DATA 	Keypress: o
401.8894 	DATA 	Keypress: o
401.9051 	Level image=tasty.jpg 	25
402.8870 	DATA 	Keypress: o
402.8902 	Level injecting via pump at address 1 	25
408.8900 	DATA 	Keypress: o
408.8913 	DATA 	Keypress: o
408.8926 	DATA 	Keypress: o
408.9006 	Level WAIT 	25
409.8897 	Level RINSE 	25
411.8893 	DATA 	Keypress: o
411.9019 	Level jitter 	25
420.8845 	Level finished 	25
420.8858 	DATA 	Keypress: o
420.8871 	DATA 	Keypress: o
420.8883 	DATA 	Keypress: o
420.8895 	DATA 	Keypress: o
420.8907 	DATA 	Keypress: o
420.9047 	Level image=tasty.jpg 	25
421.8919 	Level injecting via pump at address 0 	25
427.8904 	DATA 	Keypress: o
427.8917 	DATA 	Keypress: o
427.8927 	DATA 	Keypress: o
427.9005 	Level WAIT 	25
428.8868 	DATA 	Keypress: o
428.8909 	Level RINSE 	25
430.8889 	DATA 	Keypress: o
430.8920 	Level jitter 	25
432.8845 	Level finished 	25
