70.8355 	DATA 	Keypress: o
70.8362 	Level start key press 	25
72.8468 	DATA 	Keypress: o
74.8470 	DATA 	Keypress: o
76.8471 	DATA 	Keypress: o
78.8473 	DATA 	Keypress: o
79.2286 	Level image=tasty.jpg 	25
80.1619 	Level injecting via pump at address 1 	25
86.1504 	DATA 	Keypress: o
86.1515 	DATA 	Keypress: o
86.1527 	DATA 	Keypress: o
86.1630 	Level WAIT 	25
87.1475 	DATA 	Keypress: o
87.1628 	Level RINSE 	25
89.1586 	DATA 	Keypress: o
89.1629 	Level jitter 	25
98.1451 	Level finished 	25
98.1463 	DATA 	Keypress: o
98.1473 	DATA 	Keypress: o
98.1485 	DATA 	Keypress: o
98.1496 	DATA 	Keypress: o
98.1811 	Level image=waterlogo.jpg 	25
99.1479 	DATA 	Keypress: o
99.1642 	Level injecting via pump at address 0 	25
105.1505 	DATA 	Keypress: o
105.1518 	DATA 	Keypress: o
105.1530 	DATA 	Keypress: o
105.1649 	Level WAIT 	25
106.1650 	Level RINSE 	25
108.1501 	DATA 	Keypress: o
108.1656 	Level jitter 	25
112.1451 	Level finished 	25
112.1465 	DATA 	Keypress: o
112.1476 	DATA 	Keypress: o
112.1656 	Level image=tasty.jpg 	25
113.1474 	DATA 	Keypress: o
113.1658 	Level injecting via pump at address 1 	25
119.1502 	DATA 	Keypress: o
119.1515 	DATA 	Keypress: o
119.1525 	DATA 	Keypress: o
119.1670 	Level WAIT 	25
120.1667 	Level RINSE 	25
122.1494 	DATA 	Keypress: o
122.1668 	Level jitter 	25
126.1451 	Level finished 	25
126.1463 	DATA 	Keypress: o
126.1474 	DATA 	Keypress: o
126.1840 	Level image=waterlogo.jpg 	25
127.1477 	DATA 	Keypress: o
127.1675 	Level injecting via pump at address 0 	25
133.1505 	DATA 	Keypress: o
133.1518 	DATA 	Keypress: o
133.1529 	DATA 	Keypress: o
133.1686 	Level WAIT 	25
134.1683 	Level RINSE 	25
136.1505 	DATA 	Keypress: o
136.1684 	Level jitter 	25
140.1451 	Level finished 	25
140.1465 	DATA 	Keypress: o
140.1476 	DATA 	Keypress: o
140.1689 	Level image=waterlogo.jpg 	25
141.1479 	DATA 	Keypress: o
141.1691 	Level injecting via pump at address 0 	25
147.1500 	DATA 	Keypress: o
147.1509 	DATA 	Keypress: o
147.1518 	DATA 	Keypress: o
147.1702 	Level WAIT 	25
148.1700 	Level RINSE 	25
150.1501 	DATA 	Keypress: o
150.1701 	Level jitter 	25
154.1452 	Level finished 	25
154.1464 	DATA 	Keypress: o
154.1474 	DATA 	Keypress: o
154.1706 	Level image=tasty.jpg 	25
155.1479 	DATA 	Keypress: o
155.1541 	Level injecting via pump at address 1 	25
161.1506 	DATA 	Keypress: o
161.1519 	DATA 	Keypress: o
161.1531 	DATA 	Keypress: o
161.1718 	Level WAIT 	25
162.1549 	Level RINSE 	25
164.1504 	DATA 	Keypress: o
164.1550 	Level jitter 	25
170.1451 	Level finished 	25
170.1466 	DATA 	Keypress: o
170.1482 	DATA 	Keypress: o
170.1495 	DATA 	Keypress: o
170.1725 	Level image=waterlogo.jpg 	25
171.1479 	DATA 	Keypress: o
171.1564 	Level injecting via pump at address 0 	25
177.1503 	DATA 	Keypress: o
177.1513 	DATA 	Keypress: o
177.1524 	DATA 	Keypress: o
177.1734 	Level WAIT 	25
178.1568 	Level RINSE 	25
180.1501 	DATA 	Keypress: o
180.1569 	Level jitter 	25
183.1451 	Level finished 	25
183.1467 	DATA 	Keypress: o
183.1480 	DATA 	Keypress: o
183.1577 	Level image=tasty.jpg 	25
184.1575 	Level injecting via pump at address 1 	25
190.1507 	DATA 	Keypress: o
190.1519 	DATA 	Keypress: o
190.1531 	DATA 	Keypress: o
190.1748 	Level WAIT 	25
191.1477 	DATA 	Keypress: o
191.1750 	Level RINSE 	25
193.1505 	DATA 	Keypress: o
193.1588 	Level jitter 	25
196.1452 	Level finished 	25
196.1463 	DATA 	Keypress: o
196.1588 	Level image=waterlogo.jpg 	25
197.1477 	DATA 	Keypress: o
197.1757 	Level injecting via pump at address 0 	25
203.1507 	DATA 	Keypress: o
203.1519 	DATA 	Keypress: o
203.1530 	DATA 	Keypress: o
203.1768 	Level WAIT 	25
204.1765 	Level RINSE 	25
206.1505 	DATA 	Keypress: o
206.1767 	Level jitter 	25
210.1451 	Level finished 	25
210.1465 	DATA 	Keypress: o
210.1477 	DATA 	Keypress: o
210.1771 	Level image=waterlogo.jpg 	25
211.1477 	DATA 	Keypress: o
211.1606 	Level injecting via pump at address 0 	25
217.1507 	DATA 	Keypress: o
217.1520 	DATA 	Keypress: o
217.1531 	DATA 	Keypress: o
217.1617 	Level WAIT 	25
218.1614 	Level RINSE 	25
220.1496 	DATA 	Keypress: o
220.1784 	Level jitter 	25
225.1451 	Level finished 	25
225.1465 	DATA 	Keypress: o
225.1478 	DATA 	Keypress: o
225.1489 	DATA 	Keypress: o
225.1790 	Level image=tasty.jpg 	25
226.1791 	Level injecting via pump at address 1 	25
232.1504 	DATA 	Keypress: o
232.1516 	DATA 	Keypress: o
232.1526 	DATA 	Keypress: o
232.1801 	Level WAIT 	25
233.1480 	DATA 	Keypress: o
233.1631 	Level RINSE 	25
235.1509 	DATA 	Keypress: o
235.1801 	Level jitter 	25
238.1451 	Level finished 	25
238.1463 	DATA 	Keypress: o
238.1804 	Level image=waterlogo.jpg 	25
239.1489 	DATA 	Keypress: o
239.1638 	Level injecting via pump at address 0 	25
245.1498 	DATA 	Keypress: o
245.1508 	DATA 	Keypress: o
245.1518 	DATA 	Keypress: o
245.1816 	Level WAIT 	25
246.1648 	Level RINSE 	25
248.1495 	DATA 	Keypress: o
248.1816 	Level jitter 	25
256.1451 	Level finished 	25
256.1466 	DATA 	Keypress: o
256.1479 	DATA 	Keypress: o
256.1491 	DATA 	Keypress: o
256.1502 	DATA 	Keypress: o
256.1662 	Level image=tasty.jpg 	25
257.1475 	DATA 	Keypress: o
257.1661 	Level injecting via pump at address 1 	25
263.1506 	DATA 	Keypress: o
263.1519 	DATA 	Keypress: o
263.1531 	DATA 	Keypress: o
263.1834 	Level WAIT 	25
264.1501 	Level RINSE 	25
266.1506 	DATA 	Keypress: o
266.1674 	Level jitter 	25
268.1451 	Level finished 	25
268.1463 	DATA 	Keypress: o
268.1673 	Level image=tasty.jpg 	25
269.1478 	DATA 	Keypress: o
269.1674 	Level injecting via pump at address 1 	25
275.1511 	DATA 	Keypress: o
275.1523 	DATA 	Keypress: o
275.1535 	DATA 	Keypress: o
275.1682 	Level WAIT 	25
276.1686 	Level RINSE 	25
278.1507 	DATA 	Keypress: o
278.1684 	Level jitter 	25
280.1451 	Level finished 	25
280.1466 	DATA 	Keypress: o
280.1686 	Level image=waterlogo.jpg 	25
281.1481 	DATA 	Keypress: o
281.1688 	Level injecting via pump at address 0 	25
287.1510 	DATA 	Keypress: o
287.1523 	DATA 	Keypress: o
287.1535 	DATA 	Keypress: o
287.1699 	Level WAIT 	25
288.1697 	Level RINSE 	25
290.1496 	DATA 	Keypress: o
290.1698 	Level jitter 	25
293.1451 	Level finished 	25
293.1465 	DATA 	Keypress: o
293.1479 	DATA 	Keypress: o
293.1702 	Level image=tasty.jpg 	25
294.1703 	Level injecting via pump at address 1 	25
300.1506 	DATA 	Keypress: o
300.1519 	DATA 	Keypress: o
300.1531 	DATA 	Keypress: o
300.1715 	Level WAIT 	25
301.1480 	DATA 	Keypress: o
301.1712 	Level RINSE 	25
303.1505 	DATA 	Keypress: o
303.1715 	Level jitter 	25
305.1451 	Level finished 	25
305.1465 	DATA 	Keypress: o
305.1716 	Level image=waterlogo.jpg 	25
306.1717 	Level injecting via pump at address 0 	25
312.1506 	DATA 	Keypress: o
312.1519 	DATA 	Keypress: o
312.1528 	DATA 	Keypress: o
312.1728 	Level WAIT 	25
313.1478 	DATA 	Keypress: o
313.1726 	Level RINSE 	25
315.1506 	DATA 	Keypress: o
315.1728 	Level jitter 	25
316.1451 	Level finished 	25
316.1730 	Level image=tasty.jpg 	25
317.1479 	DATA 	Keypress: o
317.1564 	Level injecting via pump at address 1 	25
323.1498 	DATA 	Keypress: o
323.1509 	DATA 	Keypress: o
323.1521 	DATA 	Keypress: o
323.1741 	Level WAIT 	25
324.1572 	Level RINSE 	25
326.1506 	DATA 	Keypress: o
326.1740 	Level jitter 	25
328.1451 	Level finished 	25
328.1464 	DATA 	Keypress: o
328.1744 	Level image=waterlogo.jpg 	25
329.1479 	DATA 	Keypress: o
329.1745 	Level injecting via pump at address 0 	25
335.1502 	DATA 	Keypress: o
335.1512 	DATA 	Keypress: o
335.1522 	DATA 	Keypress: o
335.1754 	Level WAIT 	25
336.1585 	Level RINSE 	25
338.1505 	DATA 	Keypress: o
338.1754 	Level jitter 	25
344.1451 	Level finished 	25
344.1465 	DATA 	Keypress: o
344.1478 	DATA 	Keypress: o
344.1489 	DATA 	Keypress: o
344.1763 	Level image=waterlogo.jpg 	25
345.1481 	DATA 	Keypress: o
345.1601 	Level injecting via pump at address 0 	25
351.1500 	DATA 	Keypress: o
351.1513 	DATA 	Keypress: o
351.1525 	DATA 	Keypress: o
351.1770 	Level WAIT 	25
352.1604 	Level RINSE 	25
354.1502 	DATA 	Keypress: o
354.1774 	Level jitter 	25
357.1451 	Level finished 	25
357.1467 	DATA 	Keypress: o
357.1480 	DATA 	Keypress: o
357.1782 	Level image=tasty.jpg 	25
358.1612 	Level injecting via pump at address 1 	25
364.1504 	DATA 	Keypress: o
364.1516 	DATA 	Keypress: o
364.1527 	DATA 	Keypress: o
364.1618 	Level WAIT 	25
365.1480 	DATA 	Keypress: o
365.1620 	Level RINSE 	25
367.1510 	DATA 	Keypress: o
367.1626 	Level jitter 	25
375.1451 	Level finished 	25
375.1465 	DATA 	Keypress: o
375.1478 	DATA 	Keypress: o
375.1490 	DATA 	Keypress: o
375.1501 	DATA 	Keypress: o
375.1799 	Level image=waterlogo.jpg 	25
376.1801 	Level injecting via pump at address 0 	25
382.1498 	DATA 	Keypress: o
382.1508 	DATA 	Keypress: o
382.1519 	DATA 	Keypress: o
382.1810 	Level WAIT 	25
383.1480 	DATA 	Keypress: o
383.1642 	Level RINSE 	25
385.1501 	DATA 	Keypress: o
385.1810 	Level jitter 	25
390.1452 	Level finished 	25
390.1467 	DATA 	Keypress: o
390.1479 	DATA 	Keypress: o
390.1649 	Level image=tasty.jpg 	25
391.1480 	DATA 	Keypress: o
391.1650 	Level injecting via pump at address 1 	25
397.1505 	DATA 	Keypress: o
397.1518 	DATA 	Keypress: o
397.1530 	DATA 	Keypress: o
397.1827 	Level WAIT 	25
398.1491 	Level RINSE 	25
400.1501 	DATA 	Keypress: o
400.1662 	Level jitter 	25
404.1451 	Level finished 	25
404.1464 	DATA 	Keypress: o
404.1474 	DATA 	Keypress: o
404.1834 	Level image=waterlogo.jpg 	25
405.1480 	DATA 	Keypress: o
405.1667 	Level injecting via pump at address 0 	25
411.1513 	DATA 	Keypress: o
411.1526 	DATA 	Keypress: o
411.1539 	DATA 	Keypress: o
411.1678 	Level WAIT 	25
412.1676 	Level RINSE 	25
414.1495 	DATA 	Keypress: o
414.1678 	Level jitter 	25
419.1451 	Level finished 	25
419.1465 	DATA 	Keypress: o
419.1476 	DATA 	Keypress: o
419.1488 	DATA 	Keypress: o
419.1683 	Level image=tasty.jpg 	25
420.1518 	Level injecting via pump at address 1 	25
426.1501 	DATA 	Keypress: o
426.1511 	DATA 	Keypress: o
426.1521 	DATA 	Keypress: o
426.1862 	Level WAIT 	25
427.1476 	DATA 	Keypress: o
427.1693 	Level RINSE 	25
429.1502 	DATA 	Keypress: o
429.1695 	Level jitter 	25
438.1451 	Level finished 	25
438.1465 	DATA 	Keypress: o
438.1479 	DATA 	Keypress: o
438.1491 	DATA 	Keypress: o
438.1502 	DATA 	Keypress: o
438.1710 	Level image=waterlogo.jpg 	25
439.1476 	DATA 	Keypress: o
439.1541 	Level injecting via pump at address 0 	25
445.1506 	DATA 	Keypress: o
445.1519 	DATA 	Keypress: o
445.1531 	DATA 	Keypress: o
445.1713 	Level WAIT 	25
446.1548 	Level RINSE 	25
448.1506 	DATA 	Keypress: o
448.1554 	Level jitter 	25
457.1451 	Level finished 	25
457.1465 	DATA 	Keypress: o
457.1477 	DATA 	Keypress: o
457.1487 	DATA 	Keypress: o
457.1497 	DATA 	Keypress: o
457.1506 	DATA 	Keypress: o
457.1729 	Level image=tasty.jpg 	25
458.1567 	Level injecting via pump at address 1 	25
464.1505 	DATA 	Keypress: o
464.1518 	DATA 	Keypress: o
464.1531 	DATA 	Keypress: o
464.1736 	Level WAIT 	25
465.1478 	DATA 	Keypress: o
465.1737 	Level RINSE 	25
467.1500 	DATA 	Keypress: o
467.1573 	Level jitter 	25
471.1451 	Level finished 	25
471.1464 	DATA 	Keypress: o
471.1476 	DATA 	Keypress: o
471.1749 	Level image=tasty.jpg 	25
472.1747 	Level injecting via pump at address 1 	25
478.1496 	DATA 	Keypress: o
478.1506 	DATA 	Keypress: o
478.1520 	DATA 	Keypress: o
478.1752 	Level WAIT 	25
479.1475 	DATA 	Keypress: o
479.1753 	Level RINSE 	25
481.1510 	DATA 	Keypress: o
481.1760 	Level jitter 	25
484.1451 	Level finished 	25
484.1465 	DATA 	Keypress: o
484.1760 	Level image=waterlogo.jpg 	25
485.1478 	DATA 	Keypress: o
485.1762 	Level injecting via pump at address 0 	25
491.1507 	DATA 	Keypress: o
491.1518 	DATA 	Keypress: o
491.1528 	DATA 	Keypress: o
491.1771 	Level WAIT 	25
492.1602 	Level RINSE 	25
494.1500 	DATA 	Keypress: o
494.1770 	Level jitter 	25
495.1451 	Level finished 	25
495.1463 	DATA 	Keypress: o
495.1607 	Level image=tasty.jpg 	25
496.1608 	Level injecting via pump at address 1 	25
502.1496 	DATA 	Keypress: o
502.1506 	DATA 	Keypress: o
502.1516 	DATA 	Keypress: o
502.1617 	Level WAIT 	25
503.1476 	DATA 	Keypress: o
503.1615 	Level RINSE 	25
505.1502 	DATA 	Keypress: o
505.1617 	Level jitter 	25
512.1451 	Level finished 	25
512.1464 	DATA 	Keypress: o
512.1474 	DATA 	Keypress: o
512.1483 	DATA 	Keypress: o
512.1796 	Level image=waterlogo.jpg 	25
513.1476 	DATA 	Keypress: o
513.1794 	Level injecting via pump at address 0 	25
519.1508 	DATA 	Keypress: o
519.1519 	DATA 	Keypress: o
519.1529 	DATA 	Keypress: o
519.1800 	Level WAIT 	25
520.1635 	Level RINSE 	25
522.1513 	DATA 	Keypress: o
522.1807 	Level jitter 	25
523.1451 	Level finished 	25
523.1462 	DATA 	Keypress: o
523.1639 	Level image=tasty.jpg 	25
524.1641 	Level injecting via pump at address 1 	25
530.1498 	DATA 	Keypress: o
530.1510 	DATA 	Keypress: o
530.1520 	DATA 	Keypress: o
530.1646 	Level WAIT 	25
531.1475 	DATA 	Keypress: o
531.1648 	Level RINSE 	25
533.1500 	DATA 	Keypress: o
533.1654 	Level jitter 	25
539.1451 	Level finished 	25
