95.8793 	DATA 	Keypress: o
95.8802 	Level start key press 	25
97.8827 	DATA 	Keypress: o
99.8828 	DATA 	Keypress: o
101.8830 	DATA 	Keypress: o
103.8834 	DATA 	Keypress: o
104.3977 	Level image=waterlogo.jpg 	25
105.3478 	Level injecting via pump at address 0 	25
111.3386 	DATA 	Keypress: o
111.3405 	DATA 	Keypress: o
111.3421 	DATA 	Keypress: o
111.3654 	Level WAIT 	25
112.3337 	DATA 	Keypress: o
112.3487 	Level RINSE 	25
114.3446 	DATA 	Keypress: o
114.3655 	Level jitter 	25
120.3311 	Level finished 	25
120.3323 	DATA 	Keypress: o
120.3333 	DATA 	Keypress: o
120.3342 	DATA 	Keypress: o
120.3496 	Level image=tasty.jpg 	25
121.3500 	Level injecting via pump at address 1 	25
127.3367 	DATA 	Keypress: o
127.3381 	DATA 	Keypress: o
127.3392 	DATA 	Keypress: o
127.3505 	Level WAIT 	25
128.3341 	DATA 	Keypress: o
128.3506 	Level RINSE 	25
130.3363 	DATA 	Keypress: o
130.3507 	Level jitter 	25
136.3311 	Level finished 	25
136.3324 	DATA 	Keypress: o
136.3338 	DATA 	Keypress: o
136.3350 	DATA 	Keypress: o
136.3519 	Level image=tasty.jpg 	25
137.3516 	Level injecting via pump at address 1 	25
143.3363 	DATA 	Keypress: o
143.3375 	DATA 	Keypress: o
143.3386 	DATA 	Keypress: o
143.3522 	Level WAIT 	25
144.3335 	DATA 	Keypress: o
144.3357 	Level RINSE 	25
146.3360 	DATA 	Keypress: o
146.3530 	Level jitter 	25
148.3311 	Level finished 	25
148.3322 	DATA 	Keypress: o
148.3528 	Level image=waterlogo.jpg 	25
149.3530 	Level injecting via pump at address 0 	25
155.3373 	DATA 	Keypress: o
155.3387 	DATA 	Keypress: o
155.3400 	DATA 	Keypress: o
155.3537 	Level WAIT 	25
156.3337 	DATA 	Keypress: o
156.3540 	Level RINSE 	25
158.3360 	DATA 	Keypress: o
158.3540 	Level jitter 	25
164.3311 	Level finished 	25
164.3325 	DATA 	Keypress: o
164.3337 	DATA 	Keypress: o
164.3349 	DATA 	Keypress: o
164.3547 	Level image=tasty.jpg 	25
165.3549 	Level injecting via pump at address 1 	25
171.3362 	DATA 	Keypress: o
171.3375 	DATA 	Keypress: o
171.3387 	DATA 	Keypress: o
171.3559 	Level WAIT 	25
172.3343 	DATA 	Keypress: o
172.3556 	Level RINSE 	25
174.3359 	DATA 	Keypress: o
174.3559 	Level jitter 	25
179.3311 	Level finished 	25
179.3323 	DATA 	Keypress: o
179.3334 	DATA 	Keypress: o
179.3565 	Level image=waterlogo.jpg 	25
180.3336 	DATA 	Keypress: o
180.3566 	Level injecting via pump at address 0 	25
186.3369 	DATA 	Keypress: o
186.3383 	DATA 	Keypress: o
186.3395 	DATA 	Keypress: o
186.3577 	Level WAIT 	25
187.3574 	Level RINSE 	25
189.3364 	DATA 	Keypress: o
189.3576 	Level jitter 	25
194.3311 	Level finished 	25
194.3324 	DATA 	Keypress: o
194.3336 	DATA 	Keypress: o
194.3348 	DATA 	Keypress: o
194.3417 	Level image=tasty.jpg 	25
195.3417 	Level injecting via pump at address 1 	25
201.3355 	DATA 	Keypress: o
201.3365 	DATA 	Keypress: o
201.3374 	DATA 	Keypress: o
201.3594 	Level WAIT 	25
202.3340 	DATA 	Keypress: o
202.3591 	Level RINSE 	25
204.3365 	DATA 	Keypress: o
204.3427 	Level jitter 	25
210.3311 	Level finished 	25
210.3323 	DATA 	Keypress: o
210.3332 	DATA 	Keypress: o
210.3342 	DATA 	Keypress: o
210.3435 	Level image=waterlogo.jpg 	25
211.3440 	Level injecting via pump at address 0 	25
217.3361 	DATA 	Keypress: o
217.3373 	DATA 	Keypress: o
217.3386 	DATA 	Keypress: o
217.3608 	Level WAIT 	25
218.3338 	DATA 	Keypress: o
218.3610 	Level RINSE 	25
220.3361 	DATA 	Keypress: o
220.3446 	Level jitter 	25
223.3311 	Level finished 	25
223.3324 	DATA 	Keypress: o
223.3454 	Level image=tasty.jpg 	25
224.3334 	DATA 	Keypress: o
224.3617 	Level injecting via pump at address 1 	25
230.3369 	DATA 	Keypress: o
230.3383 	DATA 	Keypress: o
230.3394 	DATA 	Keypress: o
230.3624 	Level WAIT 	25
231.3626 	Level RINSE 	25
233.3365 	DATA 	Keypress: o
233.3630 	Level jitter 	25
241.3311 	Level finished 	25
241.3323 	DATA 	Keypress: o
241.3336 	DATA 	Keypress: o
241.3347 	DATA 	Keypress: o
241.3359 	DATA 	Keypress: o
241.3470 	Level image=waterlogo.jpg 	25
242.3334 	DATA 	Keypress: o
242.3472 	Level injecting via pump at address 0 	25
248.3363 	DATA 	Keypress: o
248.3377 	DATA 	Keypress: o
248.3390 	DATA 	Keypress: o
248.3482 	Level WAIT 	25
249.3480 	Level RINSE 	25
251.3361 	DATA 	Keypress: o
251.3482 	Level jitter 	25
253.3311 	Level finished 	25
253.3322 	DATA 	Keypress: o
253.3651 	Level image=tasty.jpg 	25
254.3333 	DATA 	Keypress: o
254.3486 	Level injecting via pump at address 1 	25
260.3364 	DATA 	Keypress: o
260.3376 	DATA 	Keypress: o
260.3386 	DATA 	Keypress: o
260.3496 	Level WAIT 	25
261.3494 	Level RINSE 	25
263.3363 	DATA 	Keypress: o
263.3496 	Level jitter 	25
272.3311 	Level finished 	25
272.3326 	DATA 	Keypress: o
272.3339 	DATA 	Keypress: o
272.3352 	DATA 	Keypress: o
272.3364 	DATA 	Keypress: o
272.3376 	DATA 	Keypress: o
272.3511 	Level image=waterlogo.jpg 	25
273.3508 	Level injecting via pump at address 0 	25
279.3365 	DATA 	Keypress: o
279.3378 	DATA 	Keypress: o
279.3389 	DATA 	Keypress: o
279.3515 	Level WAIT 	25
280.3337 	DATA 	Keypress: o
280.3517 	Level RINSE 	25
282.3364 	DATA 	Keypress: o
282.3523 	Level jitter 	25
284.3311 	Level finished 	25
284.3322 	DATA 	Keypress: o
284.3688 	Level image=tasty.jpg 	25
285.3522 	Level injecting via pump at address 1 	25
291.3368 	DATA 	Keypress: o
291.3382 	DATA 	Keypress: o
291.3395 	DATA 	Keypress: o
291.3529 	Level WAIT 	25
292.3339 	DATA 	Keypress: o
292.3535 	Level RINSE 	25
294.3360 	DATA 	Keypress: o
294.3533 	Level jitter 	25
297.3311 	Level finished 	25
297.3322 	DATA 	Keypress: o
297.3536 	Level image=waterlogo.jpg 	25
298.3340 	DATA 	Keypress: o
298.3537 	Level injecting via pump at address 0 	25
304.3359 	DATA 	Keypress: o
304.3369 	DATA 	Keypress: o
304.3377 	DATA 	Keypress: o
304.3548 	Level WAIT 	25
305.3545 	Level RINSE 	25
307.3359 	DATA 	Keypress: o
307.3547 	Level jitter 	25
311.3311 	Level finished 	25
311.3325 	DATA 	Keypress: o
311.3340 	DATA 	Keypress: o
311.3553 	Level image=tasty.jpg 	25
312.3334 	DATA 	Keypress: o
312.3554 	Level injecting via pump at address 1 	25
318.3360 	DATA 	Keypress: o
318.3373 	DATA 	Keypress: o
318.3386 	DATA 	Keypress: o
318.3564 	Level WAIT 	25
319.3396 	Level RINSE 	25
321.3364 	DATA 	Keypress: o
321.3564 	Level jitter 	25
322.3311 	Level finished 	25
322.3322 	DATA 	Keypress: o
322.3399 	Level image=waterlogo.jpg 	25
323.3400 	Level injecting via pump at address 0 	25
329.3368 	DATA 	Keypress: o
329.3381 	DATA 	Keypress: o
329.3391 	DATA 	Keypress: o
329.3577 	Level WAIT 	25
330.3342 	DATA 	Keypress: o
330.3575 	Level RINSE 	25
332.3371 	DATA 	Keypress: o
332.3576 	Level jitter 	25
335.3311 	Level finished 	25
335.3324 	DATA 	Keypress: o
335.3581 	Level image=tasty.jpg 	25
336.3338 	DATA 	Keypress: o
336.3582 	Level injecting via pump at address 1 	25
342.3360 	DATA 	Keypress: o
342.3371 	DATA 	Keypress: o
342.3382 	DATA 	Keypress: o
342.3592 	Level WAIT 	25
343.3590 	Level RINSE 	25
345.3356 	DATA 	Keypress: o
345.3591 	Level jitter 	25
353.3311 	Level finished 	25
353.3326 	DATA 	Keypress: o
353.3343 	DATA 	Keypress: o
353.3355 	DATA 	Keypress: o
353.3367 	DATA 	Keypress: o
353.3606 	Level image=tasty.jpg 	25
354.3338 	DATA 	Keypress: o
354.3436 	Level injecting via pump at address 1 	25
360.3369 	DATA 	Keypress: o
360.3383 	DATA 	Keypress: o
360.3395 	DATA 	Keypress: o
360.3609 	Level WAIT 	25
361.3444 	Level RINSE 	25
363.3364 	DATA 	Keypress: o
363.3451 	Level jitter 	25
367.3311 	Level finished 	25
367.3323 	DATA 	Keypress: o
367.3334 	DATA 	Keypress: o
367.3619 	Level image=waterlogo.jpg 	25
368.3337 	DATA 	Keypress: o
368.3619 	Level injecting via pump at address 0 	25
374.3373 	DATA 	Keypress: o
374.3386 	DATA 	Keypress: o
374.3399 	DATA 	Keypress: o
374.3629 	Level WAIT 	25
375.3461 	Level RINSE 	25
377.3355 	DATA 	Keypress: o
377.3629 	Level jitter 	25
380.3311 	Level finished 	25
380.3323 	DATA 	Keypress: o
380.3336 	DATA 	Keypress: o
380.3633 	Level image=tasty.jpg 	25
381.3636 	Level injecting via pump at address 1 	25
387.3362 	DATA 	Keypress: o
387.3373 	DATA 	Keypress: o
387.3382 	DATA 	Keypress: o
387.3644 	Level WAIT 	25
388.3340 	DATA 	Keypress: o
388.3475 	Level RINSE 	25
390.3365 	DATA 	Keypress: o
390.3643 	Level jitter 	25
395.3311 	Level finished 	25
395.3324 	DATA 	Keypress: o
395.3336 	DATA 	Keypress: o
395.3484 	Level image=waterlogo.jpg 	25
396.3338 	DATA 	Keypress: o
396.3485 	Level injecting via pump at address 0 	25
402.3365 	DATA 	Keypress: o
402.3379 	DATA 	Keypress: o
402.3390 	DATA 	Keypress: o
402.3662 	Level WAIT 	25
403.3493 	Level RINSE 	25
405.3365 	DATA 	Keypress: o
405.3496 	Level jitter 	25
410.3311 	Level finished 	25
410.3326 	DATA 	Keypress: o
410.3341 	DATA 	Keypress: o
410.3353 	DATA 	Keypress: o
410.3501 	Level image=waterlogo.jpg 	25
411.3502 	Level injecting via pump at address 0 	25
417.3365 	DATA 	Keypress: o
417.3377 	DATA 	Keypress: o
417.3389 	DATA 	Keypress: o
417.3513 	Level WAIT 	25
418.3335 	DATA 	Keypress: o
418.3511 	Level RINSE 	25
420.3369 	DATA 	Keypress: o
420.3513 	Level jitter 	25
429.3311 	Level finished 	25
429.3324 	DATA 	Keypress: o
429.3336 	DATA 	Keypress: o
429.3346 	DATA 	Keypress: o
429.3356 	DATA 	Keypress: o
429.3527 	Level image=tasty.jpg 	25
430.3334 	DATA 	Keypress: o
430.3525 	Level injecting via pump at address 1 	25
436.3360 	DATA 	Keypress: o
436.3372 	DATA 	Keypress: o
436.3384 	DATA 	Keypress: o
436.3532 	Level WAIT 	25
437.3533 	Level RINSE 	25
439.3370 	DATA 	Keypress: o
439.3539 	Level jitter 	25
441.3311 	Level finished 	25
441.3326 	DATA 	Keypress: o
441.3538 	Level image=waterlogo.jpg 	25
442.3340 	DATA 	Keypress: o
442.3539 	Level injecting via pump at address 0 	25
448.3364 	DATA 	Keypress: o
448.3376 	DATA 	Keypress: o
448.3387 	DATA 	Keypress: o
448.3545 	Level WAIT 	25
449.3551 	Level RINSE 	25
451.3369 	DATA 	Keypress: o
451.3549 	Level jitter 	25
454.3311 	Level finished 	25
454.3322 	DATA 	Keypress: o
454.3332 	DATA 	Keypress: o
454.3553 	Level image=waterlogo.jpg 	25
455.3554 	Level injecting via pump at address 0 	25
461.3369 	DATA 	Keypress: o
461.3384 	DATA 	Keypress: o
461.3396 	DATA 	Keypress: o
461.3564 	Level WAIT 	25
462.3339 	DATA 	Keypress: o
462.3562 	Level RINSE 	25
464.3356 	DATA 	Keypress: o
464.3565 	Level jitter 	25
469.3311 	Level finished 	25
469.3326 	DATA 	Keypress: o
469.3340 	DATA 	Keypress: o
469.3570 	Level image=tasty.jpg 	25
470.3338 	DATA 	Keypress: o
470.3572 	Level injecting via pump at address 1 	25
476.3362 	DATA 	Keypress: o
476.3376 	DATA 	Keypress: o
476.3388 	DATA 	Keypress: o
476.3582 	Level WAIT 	25
477.3580 	Level RINSE 	25
479.3371 	DATA 	Keypress: o
479.3582 	Level jitter 	25
481.3311 	Level finished 	25
481.3325 	DATA 	Keypress: o
481.3585 	Level image=tasty.jpg 	25
482.3337 	DATA 	Keypress: o
482.3419 	Level injecting via pump at address 1 	25
488.3358 	DATA 	Keypress: o
488.3371 	DATA 	Keypress: o
488.3383 	DATA 	Keypress: o
488.3596 	Level WAIT 	25
489.3593 	Level RINSE 	25
491.3371 	DATA 	Keypress: o
491.3429 	Level jitter 	25
498.3311 	Level finished 	25
498.3323 	DATA 	Keypress: o
498.3334 	DATA 	Keypress: o
498.3344 	DATA 	Keypress: o
498.3355 	DATA 	Keypress: o
498.3608 	Level image=waterlogo.jpg 	25
499.3606 	Level injecting via pump at address 0 	25
505.3361 	DATA 	Keypress: o
505.3375 	DATA 	Keypress: o
505.3385 	DATA 	Keypress: o
505.3612 	Level WAIT 	25
506.3335 	DATA 	Keypress: o
506.3446 	Level RINSE 	25
508.3358 	DATA 	Keypress: o
508.3620 	Level jitter 	25
511.3311 	Level finished 	25
511.3323 	DATA 	Keypress: o
511.3619 	Level image=tasty.jpg 	25
512.3337 	DATA 	Keypress: o
512.3621 	Level injecting via pump at address 1 	25
518.3367 	DATA 	Keypress: o
518.3377 	DATA 	Keypress: o
518.3386 	DATA 	Keypress: o
518.3631 	Level WAIT 	25
519.3462 	Level RINSE 	25
521.3376 	DATA 	Keypress: o
521.3631 	Level jitter 	25
523.3311 	Level finished 	25
523.3325 	DATA 	Keypress: o
523.3634 	Level image=waterlogo.jpg 	25
524.3339 	DATA 	Keypress: o
524.3635 	Level injecting via pump at address 0 	25
530.3379 	DATA 	Keypress: o
530.3395 	DATA 	Keypress: o
530.3409 	DATA 	Keypress: o
530.3643 	Level WAIT 	25
531.3476 	Level RINSE 	25
533.3361 	DATA 	Keypress: o
533.3644 	Level jitter 	25
541.3311 	Level finished 	25
541.3325 	DATA 	Keypress: o
541.3339 	DATA 	Keypress: o
541.3352 	DATA 	Keypress: o
541.3364 	DATA 	Keypress: o
541.3491 	Level image=tasty.jpg 	25
542.3336 	DATA 	Keypress: o
542.3489 	Level injecting via pump at address 1 	25
548.3365 	DATA 	Keypress: o
548.3381 	DATA 	Keypress: o
548.3395 	DATA 	Keypress: o
548.3496 	Level WAIT 	25
549.3497 	Level RINSE 	25
551.3391 	DATA 	Keypress: o
551.3502 	Level jitter 	25
553.3311 	Level finished 	25
553.3323 	DATA 	Keypress: o
553.3501 	Level image=waterlogo.jpg 	25
554.3333 	DATA 	Keypress: o
554.3503 	Level injecting via pump at address 0 	25
560.3375 	DATA 	Keypress: o
560.3389 	DATA 	Keypress: o
560.3401 	DATA 	Keypress: o
560.3510 	Level WAIT 	25
561.3516 	Level RINSE 	25
563.3368 	DATA 	Keypress: o
563.3513 	Level jitter 	25
570.3311 	Level finished 	25
