68.4320 	DATA 	Keypress: o
68.4329 	Level start key press 	25
70.4363 	DATA 	Keypress: o
72.4364 	DATA 	Keypress: o
74.4367 	DATA 	Keypress: o
76.4370 	DATA 	Keypress: o
76.9514 	Level image=waterlogo.jpg 	25
77.9016 	Level injecting via pump at address 0 	25
83.8893 	DATA 	Keypress: o
83.8903 	DATA 	Keypress: o
83.8916 	DATA 	Keypress: o
83.9026 	Level WAIT 	25
84.8876 	DATA 	Keypress: o
84.9023 	Level RINSE 	25
86.8987 	DATA 	Keypress: o
86.9192 	Level jitter 	25
88.8847 	Level finished 	25
88.8859 	DATA 	Keypress: o
88.9028 	Level image=tasty.jpg 	25
89.9029 	Level injecting via pump at address 1 	25
95.8892 	DATA 	Keypress: o
95.8903 	DATA 	Keypress: o
95.8918 	DATA 	Keypress: o
95.9039 	Level WAIT 	25
96.8873 	DATA 	Keypress: o
96.9037 	Level RINSE 	25
98.8890 	DATA 	Keypress: o
98.9040 	Level jitter 	25
100.8847 	Level finished 	25
100.8859 	DATA 	Keypress: o
100.9209 	Level image=tasty.jpg 	25
101.9045 	Level injecting via pump at address 0 	25
107.8899 	DATA 	Keypress: o
107.8911 	DATA 	Keypress: o
107.8922 	DATA 	Keypress: o
107.9054 	Level WAIT 	25
108.8873 	DATA 	Keypress: o
108.9051 	Level RINSE 	25
110.8910 	DATA 	Keypress: o
110.9053 	Level jitter 	25
115.8847 	Level finished 	25
115.8861 	DATA 	Keypress: o
115.8871 	DATA 	Keypress: o
115.9061 	Level image=tasty.jpg 	25
116.8875 	DATA 	Keypress: o
116.9062 	Level injecting via pump at address 1 	25
122.8912 	DATA 	Keypress: o
122.8924 	DATA 	Keypress: o
122.8936 	DATA 	Keypress: o
122.9239 	Level WAIT 	25
123.9069 	Level RINSE 	25
125.8900 	DATA 	Keypress: o
125.9071 	Level jitter 	25
131.8847 	Level finished 	25
131.8862 	DATA 	Keypress: o
131.8876 	DATA 	Keypress: o
131.8888 	DATA 	Keypress: o
131.9245 	Level image=tasty.jpg 	25
132.8872 	DATA 	Keypress: o
132.8917 	Level injecting via pump at address 0 	25
138.8897 	DATA 	Keypress: o
138.8909 	DATA 	Keypress: o
138.8919 	DATA 	Keypress: o
138.9086 	Level WAIT 	25
139.9088 	Level RINSE 	25
141.8890 	DATA 	Keypress: o
141.9089 	Level jitter 	25
143.8847 	Level finished 	25
143.8858 	DATA 	Keypress: o
143.9097 	Level image=waterlogo.jpg 	25
144.8873 	DATA 	Keypress: o
144.9095 	Level injecting via pump at address 0 	25
150.8902 	DATA 	Keypress: o
150.8914 	DATA 	Keypress: o
150.8928 	DATA 	Keypress: o
150.9101 	Level WAIT 	25
151.8935 	Level RINSE 	25
153.8903 	DATA 	Keypress: o
153.9107 	Level jitter 	25
162.8847 	Level finished 	25
162.8860 	DATA 	Keypress: o
162.8870 	DATA 	Keypress: o
162.8880 	DATA 	Keypress: o
162.8889 	DATA 	Keypress: o
162.8898 	DATA 	Keypress: o
162.9114 	Level image=tasty.jpg 	25
163.8953 	Level injecting via pump at address 0 	25
169.8901 	DATA 	Keypress: o
169.8914 	DATA 	Keypress: o
169.8925 	DATA 	Keypress: o
169.9122 	Level WAIT 	25
170.8871 	DATA 	Keypress: o
170.8958 	Level RINSE 	25
172.8898 	DATA 	Keypress: o
172.9126 	Level jitter 	25
173.8847 	Level finished 	25
173.8964 	Level image=waterlogo.jpg 	25
174.8874 	DATA 	Keypress: o
174.9130 	Level injecting via pump at address 0 	25
180.8897 	DATA 	Keypress: o
180.8908 	DATA 	Keypress: o
180.8917 	DATA 	Keypress: o
180.9135 	Level WAIT 	25
181.9136 	Level RINSE 	25
183.8890 	DATA 	Keypress: o
183.9142 	Level jitter 	25
189.8847 	Level finished 	25
189.8859 	DATA 	Keypress: o
189.8871 	DATA 	Keypress: o
189.8883 	DATA 	Keypress: o
189.9147 	Level image=tasty.jpg 	25
190.8872 	DATA 	Keypress: o
190.9148 	Level injecting via pump at address 0 	25
196.8909 	DATA 	Keypress: o
196.8921 	DATA 	Keypress: o
196.8933 	DATA 	Keypress: o
196.9157 	Level WAIT 	25
197.9155 	Level RINSE 	25
199.8892 	DATA 	Keypress: o
199.9157 	Level jitter 	25
207.8847 	Level finished 	25
207.8859 	DATA 	Keypress: o
207.8870 	DATA 	Keypress: o
207.8883 	DATA 	Keypress: o
207.8896 	DATA 	Keypress: o
207.9005 	Level image=tasty.jpg 	25
208.8872 	DATA 	Keypress: o
208.9002 	Level injecting via pump at address 1 	25
214.8893 	DATA 	Keypress: o
214.8903 	DATA 	Keypress: o
214.8913 	DATA 	Keypress: o
214.9009 	Level WAIT 	25
215.9010 	Level RINSE 	25
217.8901 	DATA 	Keypress: o
217.9015 	Level jitter 	25
222.8847 	Level finished 	25
222.8859 	DATA 	Keypress: o
222.8868 	DATA 	Keypress: o
222.8878 	DATA 	Keypress: o
222.9185 	Level image=tasty.jpg 	25
223.9019 	Level injecting via pump at address 0 	25
229.8898 	DATA 	Keypress: o
229.8910 	DATA 	Keypress: o
229.8922 	DATA 	Keypress: o
229.9029 	Level WAIT 	25
230.8872 	DATA 	Keypress: o
230.9027 	Level RINSE 	25
232.8900 	DATA 	Keypress: o
232.9029 	Level jitter 	25
239.8847 	Level finished 	25
239.8860 	DATA 	Keypress: o
239.8870 	DATA 	Keypress: o
239.8882 	DATA 	Keypress: o
239.9042 	Level image=waterlogo.jpg 	25
240.8875 	DATA 	Keypress: o
240.9040 	Level injecting via pump at address 0 	25
246.8891 	DATA 	Keypress: o
246.8902 	DATA 	Keypress: o
246.8911 	DATA 	Keypress: o
246.9045 	Level WAIT 	25
247.9047 	Level RINSE 	25
249.8900 	DATA 	Keypress: o
249.9053 	Level jitter 	25
255.8847 	Level finished 	25
255.8859 	DATA 	Keypress: o
255.8870 	DATA 	Keypress: o
255.8879 	DATA 	Keypress: o
255.9057 	Level image=waterlogo.jpg 	25
256.8871 	DATA 	Keypress: o
256.9058 	Level injecting via pump at address 0 	25
262.8900 	DATA 	Keypress: o
262.8912 	DATA 	Keypress: o
262.8923 	DATA 	Keypress: o
262.9235 	Level WAIT 	25
263.8899 	Level RINSE 	25
265.8889 	DATA 	Keypress: o
265.9068 	Level jitter 	25
267.8847 	Level finished 	25
267.8860 	DATA 	Keypress: o
267.9071 	Level image=tasty.jpg 	25
268.8873 	DATA 	Keypress: o
268.9072 	Level injecting via pump at address 0 	25
274.8896 	DATA 	Keypress: o
274.8905 	DATA 	Keypress: o
274.8915 	DATA 	Keypress: o
274.9082 	Level WAIT 	25
275.9079 	Level RINSE 	25
277.8890 	DATA 	Keypress: o
277.9082 	Level jitter 	25
284.8847 	Level finished 	25
284.8859 	DATA 	Keypress: o
284.8869 	DATA 	Keypress: o
284.8881 	DATA 	Keypress: o
284.8892 	DATA 	Keypress: o
284.9095 	Level image=tasty.jpg 	25
285.8925 	Level injecting via pump at address 1 	25
291.8900 	DATA 	Keypress: o
291.8911 	DATA 	Keypress: o
291.8921 	DATA 	Keypress: o
291.9098 	Level WAIT 	25
292.8875 	DATA 	Keypress: o
292.9100 	Level RINSE 	25
294.8891 	DATA 	Keypress: o
294.8940 	Level jitter 	25
302.8847 	Level finished 	25
302.8860 	DATA 	Keypress: o
302.8870 	DATA 	Keypress: o
302.8878 	DATA 	Keypress: o
302.8887 	DATA 	Keypress: o
302.9111 	Level image=waterlogo.jpg 	25
303.9113 	Level injecting via pump at address 0 	25
309.8900 	DATA 	Keypress: o
309.8913 	DATA 	Keypress: o
309.8924 	DATA 	Keypress: o
309.9124 	Level WAIT 	25
310.8876 	DATA 	Keypress: o
310.8955 	Level RINSE 	25
312.8905 	DATA 	Keypress: o
312.9123 	Level jitter 	25
320.8847 	Level finished 	25
320.8860 	DATA 	Keypress: o
320.8870 	DATA 	Keypress: o
320.8881 	DATA 	Keypress: o
320.8893 	DATA 	Keypress: o
320.9136 	Level image=tasty.jpg 	25
321.9133 	Level injecting via pump at address 1 	25
327.8900 	DATA 	Keypress: o
327.8912 	DATA 	Keypress: o
327.8923 	DATA 	Keypress: o
327.9140 	Level WAIT 	25
328.8873 	DATA 	Keypress: o
328.9143 	Level RINSE 	25
330.8898 	DATA 	Keypress: o
330.9148 	Level jitter 	25
332.8847 	Level finished 	25
332.8859 	DATA 	Keypress: o
332.8980 	Level image=tasty.jpg 	25
333.8981 	Level injecting via pump at address 0 	25
339.8898 	DATA 	Keypress: o
339.8911 	DATA 	Keypress: o
339.8924 	DATA 	Keypress: o
339.9154 	Level WAIT 	25
340.8871 	DATA 	Keypress: o
340.9161 	Level RINSE 	25
342.8899 	DATA 	Keypress: o
342.8991 	Level jitter 	25
346.8847 	Level finished 	25
346.8859 	DATA 	Keypress: o
346.8869 	DATA 	Keypress: o
346.9163 	Level image=tasty.jpg 	25
347.8997 	Level injecting via pump at address 1 	25
353.8905 	DATA 	Keypress: o
353.8919 	DATA 	Keypress: o
353.8930 	DATA 	Keypress: o
353.9175 	Level WAIT 	25
354.8872 	DATA 	Keypress: o
354.9005 	Level RINSE 	25
356.8897 	DATA 	Keypress: o
356.9175 	Level jitter 	25
359.8847 	Level finished 	25
359.8860 	DATA 	Keypress: o
359.9179 	Level image=tasty.jpg 	25
360.8872 	DATA 	Keypress: o
360.9013 	Level injecting via pump at address 0 	25
366.8901 	DATA 	Keypress: o
366.8913 	DATA 	Keypress: o
366.8924 	DATA 	Keypress: o
366.9023 	Level WAIT 	25
367.9021 	Level RINSE 	25
369.8897 	DATA 	Keypress: o
369.9022 	Level jitter 	25
377.8847 	Level finished 	25
377.8859 	DATA 	Keypress: o
377.8869 	DATA 	Keypress: o
377.8880 	DATA 	Keypress: o
377.8890 	DATA 	Keypress: o
377.9203 	Level image=waterlogo.jpg 	25
378.8873 	DATA 	Keypress: o
378.9201 	Level injecting via pump at address 0 	25
384.8899 	DATA 	Keypress: o
384.8910 	DATA 	Keypress: o
384.8919 	DATA 	Keypress: o
384.9207 	Level WAIT 	25
385.9041 	Level RINSE 	25
387.8897 	DATA 	Keypress: o
387.9215 	Level jitter 	25
392.8847 	Level finished 	25
392.8860 	DATA 	Keypress: o
392.8871 	DATA 	Keypress: o
392.8883 	DATA 	Keypress: o
392.9050 	Level image=tasty.jpg 	25
393.9052 	Level injecting via pump at address 1 	25
399.8895 	DATA 	Keypress: o
399.8906 	DATA 	Keypress: o
399.8915 	DATA 	Keypress: o
399.9062 	Level WAIT 	25
400.8871 	DATA 	Keypress: o
400.9059 	Level RINSE 	25
402.8900 	DATA 	Keypress: o
402.9061 	Level jitter 	25
409.8847 	Level finished 	25
409.8861 	DATA 	Keypress: o
409.8873 	DATA 	Keypress: o
409.8885 	DATA 	Keypress: o
409.9240 	Level image=tasty.jpg 	25
410.8874 	DATA 	Keypress: o
410.9072 	Level injecting via pump at address 0 	25
416.8902 	DATA 	Keypress: o
416.8915 	DATA 	Keypress: o
416.8926 	DATA 	Keypress: o
416.9078 	Level WAIT 	25
417.9079 	Level RINSE 	25
419.8896 	DATA 	Keypress: o
419.9085 	Level jitter 	25
427.8847 	Level finished 	25
427.8860 	DATA 	Keypress: o
427.8870 	DATA 	Keypress: o
427.8878 	DATA 	Keypress: o
427.8890 	DATA 	Keypress: o
427.9090 	Level image=tasty.jpg 	25
428.8871 	DATA 	Keypress: o
428.9092 	Level injecting via pump at address 0 	25
434.8904 	DATA 	Keypress: o
434.8915 	DATA 	Keypress: o
434.8929 	DATA 	Keypress: o
434.9102 	Level WAIT 	25
435.8934 	Level RINSE 	25
437.8897 	DATA 	Keypress: o
437.9102 	Level jitter 	25
444.8847 	Level finished 	25
