54.6886 	DATA 	Keypress: o
54.6896 	Level start key press 	25
56.6984 	DATA 	Keypress: o
58.6984 	DATA 	Keypress: o
60.6986 	DATA 	Keypress: o
62.6987 	DATA 	Keypress: o
63.2631 	Level image=waterlogo.jpg 	25
64.1965 	Level injecting via pump at address 0 	25
70.1852 	DATA 	Keypress: o
70.1867 	DATA 	Keypress: o
70.1886 	DATA 	Keypress: o
70.2139 	Level WAIT 	25
71.1822 	DATA 	Keypress: o
71.2136 	Level RINSE 	25
73.1933 	DATA 	Keypress: o
73.2138 	Level jitter 	25
82.1798 	Level finished 	25
82.1811 	DATA 	Keypress: o
82.1820 	DATA 	Keypress: o
82.1830 	DATA 	Keypress: o
82.1839 	DATA 	Keypress: o
82.2148 	Level image=waterlogo.jpg 	25
83.1824 	DATA 	Keypress: o
83.1979 	Level injecting via pump at address 0 	25
89.1854 	DATA 	Keypress: o
89.1868 	DATA 	Keypress: o
89.1881 	DATA 	Keypress: o
89.2149 	Level WAIT 	25
90.1982 	Level RINSE 	25
92.1846 	DATA 	Keypress: o
92.1988 	Level jitter 	25
97.1798 	Level finished 	25
97.1810 	DATA 	Keypress: o
97.1821 	DATA 	Keypress: o
97.1834 	DATA 	Keypress: o
97.1988 	Level image=tasty.jpg 	25
98.1990 	Level injecting via pump at address 0 	25
104.1848 	DATA 	Keypress: o
104.1860 	DATA 	Keypress: o
104.1872 	DATA 	Keypress: o
104.1996 	Level WAIT 	25
105.1826 	DATA 	Keypress: o
105.1992 	Level RINSE 	25
107.1848 	DATA 	Keypress: o
107.1994 	Level jitter 	25
108.1798 	Level finished 	25
108.1995 	Level image=tasty.jpg 	25
109.1821 	DATA 	Keypress: o
109.1996 	Level injecting via pump at address 1 	25
115.1859 	DATA 	Keypress: o
115.1876 	DATA 	Keypress: o
115.1891 	DATA 	Keypress: o
115.2004 	Level WAIT 	25
116.2000 	Level RINSE 	25
118.1847 	DATA 	Keypress: o
118.2169 	Level jitter 	25
123.1798 	Level finished 	25
123.1810 	DATA 	Keypress: o
123.1821 	DATA 	Keypress: o
123.1832 	DATA 	Keypress: o
123.2005 	Level image=tasty.jpg 	25
124.2007 	Level injecting via pump at address 0 	25
130.1844 	DATA 	Keypress: o
130.1854 	DATA 	Keypress: o
130.1864 	DATA 	Keypress: o
130.2181 	Level WAIT 	25
131.1822 	DATA 	Keypress: o
131.2011 	Level RINSE 	25
133.1842 	DATA 	Keypress: o
133.2012 	Level jitter 	25
137.1798 	Level finished 	25
137.1812 	DATA 	Keypress: o
137.1824 	DATA 	Keypress: o
137.2015 	Level image=waterlogo.jpg 	25
138.2016 	Level injecting via pump at address 0 	25
144.1842 	DATA 	Keypress: o
144.1854 	DATA 	Keypress: o
144.1864 	DATA 	Keypress: o
144.2023 	Level WAIT 	25
145.1822 	DATA 	Keypress: o
145.2021 	Level RINSE 	25
147.1860 	DATA 	Keypress: o
147.2022 	Level jitter 	25
149.1798 	Level finished 	25
149.1810 	DATA 	Keypress: o
149.2023 	Level image=tasty.jpg 	25
150.2024 	Level injecting via pump at address 0 	25
156.1845 	DATA 	Keypress: o
156.1856 	DATA 	Keypress: o
156.1868 	DATA 	Keypress: o
156.2033 	Level WAIT 	25
157.1824 	DATA 	Keypress: o
157.2029 	Level RINSE 	25
159.1852 	DATA 	Keypress: o
159.2030 	Level jitter 	25
167.1798 	Level finished 	25
167.1813 	DATA 	Keypress: o
167.1828 	DATA 	Keypress: o
167.1839 	DATA 	Keypress: o
167.1851 	DATA 	Keypress: o
167.2206 	Level image=waterlogo.jpg 	25
168.1870 	Level injecting via pump at address 0 	25
174.1850 	DATA 	Keypress: o
174.1862 	DATA 	Keypress: o
174.1874 	DATA 	Keypress: o
174.2207 	Level WAIT 	25
175.1824 	DATA 	Keypress: o
175.2041 	Level RINSE 	25
177.1848 	DATA 	Keypress: o
177.2046 	Level jitter 	25
182.1798 	Level finished 	25
182.1812 	DATA 	Keypress: o
182.1824 	DATA 	Keypress: o
182.2046 	Level image=tasty.jpg 	25
183.1823 	DATA 	Keypress: o
183.2047 	Level injecting via pump at address 1 	25
189.1851 	DATA 	Keypress: o
189.1861 	DATA 	Keypress: o
189.1871 	DATA 	Keypress: o
189.2054 	Level WAIT 	25
190.1885 	Level RINSE 	25
192.1848 	DATA 	Keypress: o
192.2052 	Level jitter 	25
194.1798 	Level finished 	25
194.1813 	DATA 	Keypress: o
194.2054 	Level image=tasty.jpg 	25
195.1822 	DATA 	Keypress: o
195.2055 	Level injecting via pump at address 0 	25
201.1864 	DATA 	Keypress: o
201.1878 	DATA 	Keypress: o
201.1890 	DATA 	Keypress: o
201.2063 	Level WAIT 	25
202.2060 	Level RINSE 	25
204.1842 	DATA 	Keypress: o
204.2061 	Level jitter 	25
207.1798 	Level finished 	25
207.1810 	DATA 	Keypress: o
207.1821 	DATA 	Keypress: o
207.2063 	Level image=waterlogo.jpg 	25
208.2064 	Level injecting via pump at address 0 	25
214.1852 	DATA 	Keypress: o
214.1865 	DATA 	Keypress: o
214.1879 	DATA 	Keypress: o
214.2073 	Level WAIT 	25
215.1823 	DATA 	Keypress: o
215.1902 	Level RINSE 	25
217.1852 	DATA 	Keypress: o
217.2070 	Level jitter 	25
225.1798 	Level finished 	25
225.1811 	DATA 	Keypress: o
225.1821 	DATA 	Keypress: o
225.1831 	DATA 	Keypress: o
225.1840 	DATA 	Keypress: o
225.2081 	Level image=tasty.jpg 	25
226.2077 	Level injecting via pump at address 0 	25
232.1856 	DATA 	Keypress: o
232.1871 	DATA 	Keypress: o
232.1884 	DATA 	Keypress: o
232.2080 	Level WAIT 	25
233.1822 	DATA 	Keypress: o
233.2081 	Level RINSE 	25
235.1845 	DATA 	Keypress: o
235.2086 	Level jitter 	25
237.1798 	Level finished 	25
237.1814 	DATA 	Keypress: o
237.1918 	Level image=tasty.jpg 	25
238.1919 	Level injecting via pump at address 1 	25
244.1848 	DATA 	Keypress: o
244.1861 	DATA 	Keypress: o
244.1873 	DATA 	Keypress: o
244.2088 	Level WAIT 	25
245.1824 	DATA 	Keypress: o
245.2093 	Level RINSE 	25
247.1851 	DATA 	Keypress: o
247.1924 	Level jitter 	25
256.1798 	Level finished 	25
256.1812 	DATA 	Keypress: o
256.1825 	DATA 	Keypress: o
256.1837 	DATA 	Keypress: o
256.1849 	DATA 	Keypress: o
256.2102 	Level image=waterlogo.jpg 	25
257.1821 	DATA 	Keypress: o
257.1932 	Level injecting via pump at address 0 	25
263.1864 	DATA 	Keypress: o
263.1878 	DATA 	Keypress: o
263.1890 	DATA 	Keypress: o
263.2102 	Level WAIT 	25
264.2102 	Level RINSE 	25
266.1852 	DATA 	Keypress: o
266.1942 	Level jitter 	25
274.1798 	Level finished 	25
274.1811 	DATA 	Keypress: o
274.1821 	DATA 	Keypress: o
274.1831 	DATA 	Keypress: o
274.1841 	DATA 	Keypress: o
274.2109 	Level image=tasty.jpg 	25
275.1823 	DATA 	Keypress: o
275.1943 	Level injecting via pump at address 0 	25
281.1866 	DATA 	Keypress: o
281.1879 	DATA 	Keypress: o
281.1895 	DATA 	Keypress: o
281.2118 	Level WAIT 	25
282.1949 	Level RINSE 	25
284.1852 	DATA 	Keypress: o
284.1949 	Level jitter 	25
286.1798 	Level finished 	25
286.1809 	DATA 	Keypress: o
286.2119 	Level image=waterlogo.jpg 	25
287.1825 	DATA 	Keypress: o
287.1952 	Level injecting via pump at address 0 	25
293.1849 	DATA 	Keypress: o
293.1863 	DATA 	Keypress: o
293.1875 	DATA 	Keypress: o
293.1960 	Level WAIT 	25
294.1957 	Level RINSE 	25
296.1854 	DATA 	Keypress: o
296.1959 	Level jitter 	25
303.1798 	Level finished 	25
303.1813 	DATA 	Keypress: o
303.1826 	DATA 	Keypress: o
303.1838 	DATA 	Keypress: o
303.1854 	DATA 	Keypress: o
303.2134 	Level image=tasty.jpg 	25
304.1964 	Level injecting via pump at address 1 	25
310.1849 	DATA 	Keypress: o
310.1859 	DATA 	Keypress: o
310.1868 	DATA 	Keypress: o
310.1968 	Level WAIT 	25
311.1829 	DATA 	Keypress: o
311.2135 	Level RINSE 	25
313.1858 	DATA 	Keypress: o
313.1972 	Level jitter 	25
318.1798 	Level finished 	25
318.1812 	DATA 	Keypress: o
318.1824 	DATA 	Keypress: o
318.1973 	Level image=tasty.jpg 	25
319.1823 	DATA 	Keypress: o
319.1974 	Level injecting via pump at address 0 	25
325.1844 	DATA 	Keypress: o
325.1854 	DATA 	Keypress: o
325.1864 	DATA 	Keypress: o
325.1983 	Level WAIT 	25
326.1979 	Level RINSE 	25
328.1868 	DATA 	Keypress: o
328.1980 	Level jitter 	25
330.1798 	Level finished 	25
330.1809 	DATA 	Keypress: o
330.2149 	Level image=tasty.jpg 	25
331.1827 	DATA 	Keypress: o
331.1982 	Level injecting via pump at address 1 	25
337.1855 	DATA 	Keypress: o
337.1868 	DATA 	Keypress: o
337.1880 	DATA 	Keypress: o
337.1991 	Level WAIT 	25
338.1987 	Level RINSE 	25
340.1844 	DATA 	Keypress: o
340.1989 	Level jitter 	25
343.1798 	Level finished 	25
343.1811 	DATA 	Keypress: o
343.1821 	DATA 	Keypress: o
343.1991 	Level image=tasty.jpg 	25
344.1991 	Level injecting via pump at address 0 	25
350.1850 	DATA 	Keypress: o
350.1861 	DATA 	Keypress: o
350.1871 	DATA 	Keypress: o
350.1999 	Level WAIT 	25
351.1826 	DATA 	Keypress: o
351.1996 	Level RINSE 	25
353.1850 	DATA 	Keypress: o
353.1997 	Level jitter 	25
355.1798 	Level finished 	25
355.1812 	DATA 	Keypress: o
355.2165 	Level image=tasty.jpg 	25
356.2000 	Level injecting via pump at address 1 	25
362.1846 	DATA 	Keypress: o
362.1856 	DATA 	Keypress: o
362.1866 	DATA 	Keypress: o
362.2007 	Level WAIT 	25
363.1827 	DATA 	Keypress: o
363.2004 	Level RINSE 	25
365.1856 	DATA 	Keypress: o
365.2005 	Level jitter 	25
369.1798 	Level finished 	25
369.1810 	DATA 	Keypress: o
369.1820 	DATA 	Keypress: o
369.2010 	Level image=tasty.jpg 	25
370.2010 	Level injecting via pump at address 0 	25
376.1851 	DATA 	Keypress: o
376.1862 	DATA 	Keypress: o
376.1872 	DATA 	Keypress: o
376.2017 	Level WAIT 	25
377.1822 	DATA 	Keypress: o
377.2014 	Level RINSE 	25
379.1854 	DATA 	Keypress: o
379.2015 	Level jitter 	25
381.1798 	Level finished 	25
381.1810 	DATA 	Keypress: o
381.2017 	Level image=tasty.jpg 	25
382.2019 	Level injecting via pump at address 1 	25
388.1845 	DATA 	Keypress: o
388.1857 	DATA 	Keypress: o
388.1869 	DATA 	Keypress: o
388.2026 	Level WAIT 	25
389.1822 	DATA 	Keypress: o
389.2022 	Level RINSE 	25
391.1845 	DATA 	Keypress: o
391.2023 	Level jitter 	25
399.1798 	Level finished 	25
399.1812 	DATA 	Keypress: o
399.1824 	DATA 	Keypress: o
399.1834 	DATA 	Keypress: o
399.1843 	DATA 	Keypress: o
399.2034 	Level image=tasty.jpg 	25
400.2030 	Level injecting via pump at address 0 	25
406.1862 	DATA 	Keypress: o
406.1875 	DATA 	Keypress: o
406.1890 	DATA 	Keypress: o
406.2034 	Level WAIT 	25
407.1825 	DATA 	Keypress: o
407.2035 	Level RINSE 	25
409.1853 	DATA 	Keypress: o
409.2040 	Level jitter 	25
416.1798 	Level finished 	25
