61.5215 	DATA 	Keypress: o
61.5221 	Level start key press 	25
63.5282 	DATA 	Keypress: o
65.5284 	DATA 	Keypress: o
67.5286 	DATA 	Keypress: o
69.5290 	DATA 	Keypress: o
69.9101 	Level image=waterlogo.jpg 	25
70.8434 	Level injecting via pump at address 0 	25
76.8320 	DATA 	Keypress: o
76.8332 	DATA 	Keypress: o
76.8341 	DATA 	Keypress: o
76.8444 	Level WAIT 	25
77.8290 	DATA 	Keypress: o
77.8442 	Level RINSE 	25
79.8397 	DATA 	Keypress: o
79.8611 	Level jitter 	25
88.8265 	Level finished 	25
88.8281 	DATA 	Keypress: o
88.8295 	DATA 	Keypress: o
88.8307 	DATA 	Keypress: o
88.8319 	DATA 	Keypress: o
88.8626 	Level image=waterlogo.jpg 	25
89.8289 	DATA 	Keypress: o
89.8456 	Level injecting via pump at address 0 	25
95.8317 	DATA 	Keypress: o
95.8329 	DATA 	Keypress: o
95.8339 	DATA 	Keypress: o
95.8464 	Level WAIT 	25
96.8464 	Level RINSE 	25
98.8310 	DATA 	Keypress: o
98.8470 	Level jitter 	25
103.8265 	Level finished 	25
103.8279 	DATA 	Keypress: o
103.8290 	DATA 	Keypress: o
103.8300 	DATA 	Keypress: o
103.8472 	Level image=tasty.jpg 	25
104.8474 	Level injecting via pump at address 0 	25
110.8321 	DATA 	Keypress: o
110.8334 	DATA 	Keypress: o
110.8345 	DATA 	Keypress: o
110.8651 	Level WAIT 	25
111.8292 	DATA 	Keypress: o
111.8482 	Level RINSE 	25
113.8315 	DATA 	Keypress: o
113.8484 	Level jitter 	25
114.8265 	Level finished 	25
114.8485 	Level image=tasty.jpg 	25
115.8291 	DATA 	Keypress: o
115.8487 	Level injecting via pump at address 1 	25
121.8328 	DATA 	Keypress: o
121.8341 	DATA 	Keypress: o
121.8352 	DATA 	Keypress: o
121.8498 	Level WAIT 	25
122.8496 	Level RINSE 	25
124.8319 	DATA 	Keypress: o
124.8497 	Level jitter 	25
129.8265 	Level finished 	25
129.8278 	DATA 	Keypress: o
129.8289 	DATA 	Keypress: o
129.8298 	DATA 	Keypress: o
129.8670 	Level image=tasty.jpg 	25
130.8504 	Level injecting via pump at address 0 	25
136.8319 	DATA 	Keypress: o
136.8332 	DATA 	Keypress: o
136.8343 	DATA 	Keypress: o
136.8515 	Level WAIT 	25
137.8288 	DATA 	Keypress: o
137.8513 	Level RINSE 	25
139.8315 	DATA 	Keypress: o
139.8515 	Level jitter 	25
143.8265 	Level finished 	25
143.8279 	DATA 	Keypress: o
143.8290 	DATA 	Keypress: o
143.8520 	Level image=waterlogo.jpg 	25
144.8521 	Level injecting via pump at address 0 	25
150.8314 	DATA 	Keypress: o
150.8325 	DATA 	Keypress: o
150.8335 	DATA 	Keypress: o
150.8532 	Level WAIT 	25
151.8293 	DATA 	Keypress: o
151.8362 	Level RINSE 	25
153.8322 	DATA 	Keypress: o
153.8531 	Level jitter 	25
155.8265 	Level finished 	25
155.8277 	DATA 	Keypress: o
155.8533 	Level image=tasty.jpg 	25
156.8535 	Level injecting via pump at address 0 	25
162.8318 	DATA 	Keypress: o
162.8332 	DATA 	Keypress: o
162.8344 	DATA 	Keypress: o
162.8546 	Level WAIT 	25
163.8290 	DATA 	Keypress: o
163.8543 	Level RINSE 	25
165.8311 	DATA 	Keypress: o
165.8545 	Level jitter 	25
173.8265 	Level finished 	25
173.8278 	DATA 	Keypress: o
173.8290 	DATA 	Keypress: o
173.8298 	DATA 	Keypress: o
173.8308 	DATA 	Keypress: o
173.8392 	Level image=waterlogo.jpg 	25
174.8388 	Level injecting via pump at address 0 	25
180.8316 	DATA 	Keypress: o
180.8328 	DATA 	Keypress: o
180.8338 	DATA 	Keypress: o
180.8563 	Level WAIT 	25
181.8296 	DATA 	Keypress: o
181.8565 	Level RINSE 	25
183.8318 	DATA 	Keypress: o
183.8403 	Level jitter 	25
188.8265 	Level finished 	25
188.8281 	DATA 	Keypress: o
188.8295 	DATA 	Keypress: o
188.8572 	Level image=tasty.jpg 	25
189.8292 	DATA 	Keypress: o
189.8408 	Level injecting via pump at address 1 	25
195.8313 	DATA 	Keypress: o
195.8324 	DATA 	Keypress: o
195.8333 	DATA 	Keypress: o
195.8418 	Level WAIT 	25
196.8415 	Level RINSE 	25
198.8317 	DATA 	Keypress: o
198.8416 	Level jitter 	25
200.8265 	Level finished 	25
200.8278 	DATA 	Keypress: o
200.8586 	Level image=tasty.jpg 	25
201.8291 	DATA 	Keypress: o
201.8421 	Level injecting via pump at address 0 	25
207.8316 	DATA 	Keypress: o
207.8328 	DATA 	Keypress: o
207.8339 	DATA 	Keypress: o
207.8599 	Level WAIT 	25
208.8428 	Level RINSE 	25
210.8315 	DATA 	Keypress: o
210.8598 	Level jitter 	25
213.8265 	Level finished 	25
213.8277 	DATA 	Keypress: o
213.8287 	DATA 	Keypress: o
213.8602 	Level image=waterlogo.jpg 	25
214.8436 	Level injecting via pump at address 0 	25
220.8321 	DATA 	Keypress: o
220.8336 	DATA 	Keypress: o
220.8348 	DATA 	Keypress: o
220.8447 	Level WAIT 	25
221.8292 	DATA 	Keypress: o
221.8444 	Level RINSE 	25
223.8318 	DATA 	Keypress: o
223.8447 	Level jitter 	25
231.8265 	Level finished 	25
231.8280 	DATA 	Keypress: o
231.8293 	DATA 	Keypress: o
231.8304 	DATA 	Keypress: o
231.8314 	DATA 	Keypress: o
231.8626 	Level image=tasty.jpg 	25
232.8458 	Level injecting via pump at address 0 	25
238.8318 	DATA 	Keypress: o
238.8333 	DATA 	Keypress: o
238.8343 	DATA 	Keypress: o
238.8631 	Level WAIT 	25
239.8289 	DATA 	Keypress: o
239.8466 	Level RINSE 	25
241.8315 	DATA 	Keypress: o
241.8638 	Level jitter 	25
243.8265 	Level finished 	25
243.8277 	DATA 	Keypress: o
243.8470 	Level image=tasty.jpg 	25
244.8471 	Level injecting via pump at address 1 	25
250.8315 	DATA 	Keypress: o
250.8328 	DATA 	Keypress: o
250.8339 	DATA 	Keypress: o
250.8644 	Level WAIT 	25
251.8293 	DATA 	Keypress: o
251.8483 	Level RINSE 	25
253.8310 	DATA 	Keypress: o
253.8481 	Level jitter 	25
262.8265 	Level finished 	25
262.8279 	DATA 	Keypress: o
262.8292 	DATA 	Keypress: o
262.8305 	DATA 	Keypress: o
262.8317 	DATA 	Keypress: o
262.8497 	Level image=waterlogo.jpg 	25
263.8289 	DATA 	Keypress: o
263.8495 	Level injecting via pump at address 0 	25
269.8314 	DATA 	Keypress: o
269.8327 	DATA 	Keypress: o
269.8339 	DATA 	Keypress: o
269.8500 	Level WAIT 	25
270.8335 	Level RINSE 	25
272.8311 	DATA 	Keypress: o
272.8508 	Level jitter 	25
280.8265 	Level finished 	25
280.8278 	DATA 	Keypress: o
280.8289 	DATA 	Keypress: o
280.8298 	DATA 	Keypress: o
280.8308 	DATA 	Keypress: o
280.8513 	Level image=tasty.jpg 	25
281.8289 	DATA 	Keypress: o
281.8515 	Level injecting via pump at address 0 	25
287.8317 	DATA 	Keypress: o
287.8330 	DATA 	Keypress: o
287.8342 	DATA 	Keypress: o
287.8526 	Level WAIT 	25
288.8523 	Level RINSE 	25
290.8314 	DATA 	Keypress: o
290.8525 	Level jitter 	25
292.8265 	Level finished 	25
292.8278 	DATA 	Keypress: o
292.8528 	Level image=waterlogo.jpg 	25
293.8291 	DATA 	Keypress: o
293.8530 	Level injecting via pump at address 0 	25
299.8311 	DATA 	Keypress: o
299.8320 	DATA 	Keypress: o
299.8329 	DATA 	Keypress: o
299.8539 	Level WAIT 	25
300.8537 	Level RINSE 	25
302.8319 	DATA 	Keypress: o
302.8539 	Level jitter 	25
309.8265 	Level finished 	25
309.8278 	DATA 	Keypress: o
309.8289 	DATA 	Keypress: o
309.8300 	DATA 	Keypress: o
309.8311 	DATA 	Keypress: o
309.8551 	Level image=tasty.jpg 	25
310.8549 	Level injecting via pump at address 1 	25
316.8317 	DATA 	Keypress: o
316.8328 	DATA 	Keypress: o
316.8338 	DATA 	Keypress: o
316.8555 	Level WAIT 	25
317.8290 	DATA 	Keypress: o
317.8391 	Level RINSE 	25
319.8317 	DATA 	Keypress: o
319.8563 	Level jitter 	25
324.8265 	Level finished 	25
324.8279 	DATA 	Keypress: o
324.8290 	DATA 	Keypress: o
324.8565 	Level image=tasty.jpg 	25
325.8290 	DATA 	Keypress: o
325.8567 	Level injecting via pump at address 0 	25
331.8324 	DATA 	Keypress: o
331.8338 	DATA 	Keypress: o
331.8348 	DATA 	Keypress: o
331.8577 	Level WAIT 	25
332.8408 	Level RINSE 	25
334.8314 	DATA 	Keypress: o
334.8576 	Level jitter 	25
336.8265 	Level finished 	25
336.8276 	DATA 	Keypress: o
336.8413 	Level image=tasty.jpg 	25
337.8293 	DATA 	Keypress: o
337.8581 	Level injecting via pump at address 1 	25
343.8324 	DATA 	Keypress: o
343.8338 	DATA 	Keypress: o
343.8351 	DATA 	Keypress: o
343.8591 	Level WAIT 	25
344.8588 	Level RINSE 	25
346.8320 	DATA 	Keypress: o
346.8424 	Level jitter 	25
349.8265 	Level finished 	25
349.8277 	DATA 	Keypress: o
349.8286 	DATA 	Keypress: o
349.8428 	Level image=tasty.jpg 	25
350.8429 	Level injecting via pump at address 0 	25
356.8321 	DATA 	Keypress: o
356.8335 	DATA 	Keypress: o
356.8346 	DATA 	Keypress: o
356.8606 	Level WAIT 	25
357.8291 	DATA 	Keypress: o
357.8437 	Level RINSE 	25
359.8315 	DATA 	Keypress: o
359.8605 	Level jitter 	25
361.8265 	Level finished 	25
361.8277 	DATA 	Keypress: o
361.8442 	Level image=tasty.jpg 	25
362.8443 	Level injecting via pump at address 1 	25
368.8321 	DATA 	Keypress: o
368.8334 	DATA 	Keypress: o
368.8346 	DATA 	Keypress: o
368.8620 	Level WAIT 	25
369.8289 	DATA 	Keypress: o
369.8618 	Level RINSE 	25
371.8318 	DATA 	Keypress: o
371.8453 	Level jitter 	25
375.8265 	Level finished 	25
375.8279 	DATA 	Keypress: o
375.8291 	DATA 	Keypress: o
375.8625 	Level image=tasty.jpg 	25
376.8459 	Level injecting via pump at address 0 	25
382.8323 	DATA 	Keypress: o
382.8337 	DATA 	Keypress: o
382.8349 	DATA 	Keypress: o
382.8469 	Level WAIT 	25
383.8289 	DATA 	Keypress: o
383.8467 	Level RINSE 	25
385.8319 	DATA 	Keypress: o
385.8469 	Level jitter 	25
387.8265 	Level finished 	25
387.8278 	DATA 	Keypress: o
387.8473 	Level image=tasty.jpg 	25
388.8475 	Level injecting via pump at address 1 	25
394.8318 	DATA 	Keypress: o
394.8328 	DATA 	Keypress: o
394.8338 	DATA 	Keypress: o
394.8651 	Level WAIT 	25
395.8291 	DATA 	Keypress: o
395.8482 	Level RINSE 	25
397.8317 	DATA 	Keypress: o
397.8484 	Level jitter 	25
405.8265 	Level finished 	25
405.8280 	DATA 	Keypress: o
405.8294 	DATA 	Keypress: o
405.8305 	DATA 	Keypress: o
405.8314 	DATA 	Keypress: o
405.8498 	Level image=tasty.jpg 	25
406.8494 	Level injecting via pump at address 0 	25
412.8324 	DATA 	Keypress: o
412.8336 	DATA 	Keypress: o
412.8347 	DATA 	Keypress: o
412.8501 	Level WAIT 	25
413.8290 	DATA 	Keypress: o
413.8502 	Level RINSE 	25
415.8317 	DATA 	Keypress: o
415.8509 	Level jitter 	25
422.8265 	Level finished 	25
