56.5787 	DATA 	Keypress: o
56.5796 	Level start key press 	25
58.5851 	DATA 	Keypress: o
60.6017 	DATA 	Keypress: o
62.5853 	DATA 	Keypress: o
64.5855 	DATA 	Keypress: o
65.0997 	Level image=waterlogo.jpg 	25
66.0498 	Level injecting via pump at address 0 	25
72.0386 	DATA 	Keypress: o
72.0400 	DATA 	Keypress: o
72.0412 	DATA 	Keypress: o
72.0673 	Level WAIT 	25
73.0359 	DATA 	Keypress: o
73.0670 	Level RINSE 	25
75.0470 	DATA 	Keypress: o
75.0671 	Level jitter 	25
82.0331 	Level finished 	25
82.0345 	DATA 	Keypress: o
82.0358 	DATA 	Keypress: o
82.0370 	DATA 	Keypress: o
82.0679 	Level image=tasty.jpg 	25
83.0359 	DATA 	Keypress: o
83.0511 	Level injecting via pump at address 0 	25
89.0387 	DATA 	Keypress: o
89.0401 	DATA 	Keypress: o
89.0413 	DATA 	Keypress: o
89.0513 	Level WAIT 	25
90.0514 	Level RINSE 	25
92.0382 	DATA 	Keypress: o
92.0686 	Level jitter 	25
96.0331 	Level finished 	25
96.0346 	DATA 	Keypress: o
96.0359 	DATA 	Keypress: o
96.0519 	Level image=tasty.jpg 	25
97.0356 	DATA 	Keypress: o
97.0520 	Level injecting via pump at address 1 	25
103.0395 	DATA 	Keypress: o
103.0407 	DATA 	Keypress: o
103.0420 	DATA 	Keypress: o
103.0527 	Level WAIT 	25
104.0524 	Level RINSE 	25
106.0383 	DATA 	Keypress: o
106.0525 	Level jitter 	25
107.0331 	Level finished 	25
107.0347 	DATA 	Keypress: o
107.0692 	Level image=tasty.jpg 	25
108.0527 	Level injecting via pump at address 0 	25
114.0393 	DATA 	Keypress: o
114.0406 	DATA 	Keypress: o
114.0418 	DATA 	Keypress: o
114.0534 	Level WAIT 	25
115.0359 	DATA 	Keypress: o
115.0531 	Level RINSE 	25
117.0385 	DATA 	Keypress: o
117.0533 	Level jitter 	25
125.0331 	Level finished 	25
125.0348 	DATA 	Keypress: o
125.0363 	DATA 	Keypress: o
125.0376 	DATA 	Keypress: o
125.0389 	DATA 	Keypress: o
125.0709 	Level image=waterlogo.jpg 	25
126.0540 	Level injecting via pump at address 0 	25
132.0389 	DATA 	Keypress: o
132.0406 	DATA 	Keypress: o
132.0418 	DATA 	Keypress: o
132.0710 	Level WAIT 	25
133.0355 	DATA 	Keypress: o
133.0544 	Level RINSE 	25
135.0376 	DATA 	Keypress: o
135.0549 	Level jitter 	25
143.0331 	Level finished 	25
143.0344 	DATA 	Keypress: o
143.0356 	DATA 	Keypress: o
143.0368 	DATA 	Keypress: o
143.0381 	DATA 	Keypress: o
143.0551 	Level image=waterlogo.jpg 	25
144.0552 	Level injecting via pump at address 0 	25
150.0382 	DATA 	Keypress: o
150.0392 	DATA 	Keypress: o
150.0402 	DATA 	Keypress: o
150.0559 	Level WAIT 	25
151.0360 	DATA 	Keypress: o
151.0556 	Level RINSE 	25
153.0385 	DATA 	Keypress: o
153.0557 	Level jitter 	25
159.0331 	Level finished 	25
159.0343 	DATA 	Keypress: o
159.0354 	DATA 	Keypress: o
159.0367 	DATA 	Keypress: o
159.0562 	Level image=tasty.jpg 	25
160.0567 	Level injecting via pump at address 1 	25
166.0377 	DATA 	Keypress: o
166.0387 	DATA 	Keypress: o
166.0397 	DATA 	Keypress: o
166.0566 	Level WAIT 	25
167.0359 	DATA 	Keypress: o
167.0401 	Level RINSE 	25
169.0384 	DATA 	Keypress: o
169.0569 	Level jitter 	25
171.0331 	Level finished 	25
171.0345 	DATA 	Keypress: o
171.0575 	Level image=tasty.jpg 	25
172.0571 	Level injecting via pump at address 0 	25
178.0375 	DATA 	Keypress: o
178.0387 	DATA 	Keypress: o
178.0399 	DATA 	Keypress: o
178.0574 	Level WAIT 	25
179.0358 	DATA 	Keypress: o
179.0575 	Level RINSE 	25
181.0378 	DATA 	Keypress: o
181.0580 	Level jitter 	25
187.0331 	Level finished 	25
187.0345 	DATA 	Keypress: o
187.0356 	DATA 	Keypress: o
187.0366 	DATA 	Keypress: o
187.0581 	Level image=waterlogo.jpg 	25
188.0582 	Level injecting via pump at address 0 	25
194.0389 	DATA 	Keypress: o
194.0402 	DATA 	Keypress: o
194.0412 	DATA 	Keypress: o
194.0589 	Level WAIT 	25
195.0354 	DATA 	Keypress: o
195.0586 	Level RINSE 	25
197.0383 	DATA 	Keypress: o
197.0587 	Level jitter 	25
199.0331 	Level finished 	25
199.0342 	DATA 	Keypress: o
199.0590 	Level image=waterlogo.jpg 	25
200.0591 	Level injecting via pump at address 0 	25
206.0378 	DATA 	Keypress: o
206.0390 	DATA 	Keypress: o
206.0403 	DATA 	Keypress: o
206.0598 	Level WAIT 	25
207.0359 	DATA 	Keypress: o
207.0594 	Level RINSE 	25
209.0382 	DATA 	Keypress: o
209.0596 	Level jitter 	25
218.0331 	Level finished 	25
218.0344 	DATA 	Keypress: o
218.0356 	DATA 	Keypress: o
218.0368 	DATA 	Keypress: o
218.0381 	DATA 	Keypress: o
218.0607 	Level image=tasty.jpg 	25
219.0360 	DATA 	Keypress: o
219.0603 	Level injecting via pump at address 1 	25
225.0376 	DATA 	Keypress: o
225.0386 	DATA 	Keypress: o
225.0396 	DATA 	Keypress: o
225.0607 	Level WAIT 	25
226.0608 	Level RINSE 	25
228.0390 	DATA 	Keypress: o
228.0614 	Level jitter 	25
235.0331 	Level finished 	25
235.0345 	DATA 	Keypress: o
235.0358 	DATA 	Keypress: o
235.0370 	DATA 	Keypress: o
235.0381 	DATA 	Keypress: o
235.0614 	Level image=tasty.jpg 	25
236.0449 	Level injecting via pump at address 0 	25
242.0390 	DATA 	Keypress: o
242.0403 	DATA 	Keypress: o
242.0415 	DATA 	Keypress: o
242.0456 	Level WAIT 	25
243.0359 	DATA 	Keypress: o
243.0453 	Level RINSE 	25
245.0385 	DATA 	Keypress: o
245.0454 	Level jitter 	25
252.0331 	Level finished 	25
252.0344 	DATA 	Keypress: o
252.0357 	DATA 	Keypress: o
252.0369 	DATA 	Keypress: o
252.0630 	Level image=waterlogo.jpg 	25
253.0358 	DATA 	Keypress: o
253.0627 	Level injecting via pump at address 0 	25
259.0385 	DATA 	Keypress: o
259.0398 	DATA 	Keypress: o
259.0409 	DATA 	Keypress: o
259.0630 	Level WAIT 	25
260.0631 	Level RINSE 	25
262.0385 	DATA 	Keypress: o
262.0637 	Level jitter 	25
267.0331 	Level finished 	25
267.0347 	DATA 	Keypress: o
267.0360 	DATA 	Keypress: o
267.0372 	DATA 	Keypress: o
267.0470 	Level image=tasty.jpg 	25
268.0471 	Level injecting via pump at address 0 	25
274.0388 	DATA 	Keypress: o
274.0401 	DATA 	Keypress: o
274.0414 	DATA 	Keypress: o
274.0645 	Level WAIT 	25
275.0355 	DATA 	Keypress: o
275.0475 	Level RINSE 	25
277.0381 	DATA 	Keypress: o
277.0476 	Level jitter 	25
278.0331 	Level finished 	25
278.0644 	Level image=tasty.jpg 	25
279.0355 	DATA 	Keypress: o
279.0645 	Level injecting via pump at address 1 	25
285.0386 	DATA 	Keypress: o
285.0400 	DATA 	Keypress: o
285.0410 	DATA 	Keypress: o
285.0653 	Level WAIT 	25
286.0483 	Level RINSE 	25
288.0384 	DATA 	Keypress: o
288.0650 	Level jitter 	25
291.0331 	Level finished 	25
291.0343 	DATA 	Keypress: o
291.0354 	DATA 	Keypress: o
291.0653 	Level image=tasty.jpg 	25
292.0487 	Level injecting via pump at address 0 	25
298.0389 	DATA 	Keypress: o
298.0402 	DATA 	Keypress: o
298.0415 	DATA 	Keypress: o
298.0495 	Level WAIT 	25
299.0357 	DATA 	Keypress: o
299.0491 	Level RINSE 	25
301.0390 	DATA 	Keypress: o
301.0660 	Level jitter 	25
303.0331 	Level finished 	25
303.0344 	DATA 	Keypress: o
303.0661 	Level image=tasty.jpg 	25
304.0662 	Level injecting via pump at address 1 	25
310.0383 	DATA 	Keypress: o
310.0396 	DATA 	Keypress: o
310.0409 	DATA 	Keypress: o
310.0670 	Level WAIT 	25
311.0359 	DATA 	Keypress: o
311.0501 	Level RINSE 	25
313.0376 	DATA 	Keypress: o
313.0668 	Level jitter 	25
315.0331 	Level finished 	25
315.0343 	DATA 	Keypress: o
315.0503 	Level image=tasty.jpg 	25
316.0504 	Level injecting via pump at address 0 	25
322.0385 	DATA 	Keypress: o
322.0399 	DATA 	Keypress: o
322.0412 	DATA 	Keypress: o
322.0678 	Level WAIT 	25
323.0358 	DATA 	Keypress: o
323.0509 	Level RINSE 	25
325.0381 	DATA 	Keypress: o
325.0510 	Level jitter 	25
326.0331 	Level finished 	25
326.0677 	Level image=waterlogo.jpg 	25
327.0359 	DATA 	Keypress: o
327.0511 	Level injecting via pump at address 0 	25
333.0396 	DATA 	Keypress: o
333.0410 	DATA 	Keypress: o
333.0422 	DATA 	Keypress: o
333.0519 	Level WAIT 	25
334.0516 	Level RINSE 	25
336.0385 	DATA 	Keypress: o
336.0517 	Level jitter 	25
342.0331 	Level finished 	25
342.0343 	DATA 	Keypress: o
342.0355 	DATA 	Keypress: o
342.0368 	DATA 	Keypress: o
342.0521 	Level image=tasty.jpg 	25
343.0356 	DATA 	Keypress: o
343.0526 	Level injecting via pump at address 1 	25
349.0386 	DATA 	Keypress: o
349.0399 	DATA 	Keypress: o
349.0411 	DATA 	Keypress: o
349.0526 	Level WAIT 	25
350.0527 	Level RINSE 	25
352.0380 	DATA 	Keypress: o
352.0528 	Level jitter 	25
355.0331 	Level finished 	25
355.0345 	DATA 	Keypress: o
355.0361 	DATA 	Keypress: o
355.0536 	Level image=tasty.jpg 	25
356.0531 	Level injecting via pump at address 0 	25
362.0386 	DATA 	Keypress: o
362.0402 	DATA 	Keypress: o
362.0414 	DATA 	Keypress: o
362.0535 	Level WAIT 	25
363.0366 	DATA 	Keypress: o
363.0536 	Level RINSE 	25
365.0388 	DATA 	Keypress: o
365.0542 	Level jitter 	25
367.0331 	Level finished 	25
367.0345 	DATA 	Keypress: o
367.0539 	Level image=tasty.jpg 	25
368.0541 	Level injecting via pump at address 1 	25
374.0377 	DATA 	Keypress: o
374.0387 	DATA 	Keypress: o
374.0399 	DATA 	Keypress: o
374.0543 	Level WAIT 	25
375.0359 	DATA 	Keypress: o
375.0548 	Level RINSE 	25
377.0375 	DATA 	Keypress: o
377.0545 	Level jitter 	25
381.0331 	Level finished 	25
381.0343 	DATA 	Keypress: o
381.0353 	DATA 	Keypress: o
381.0549 	Level image=tasty.jpg 	25
382.0550 	Level injecting via pump at address 0 	25
388.0387 	DATA 	Keypress: o
388.0401 	DATA 	Keypress: o
388.0411 	DATA 	Keypress: o
388.0725 	Level WAIT 	25
389.0359 	DATA 	Keypress: o
389.0554 	Level RINSE 	25
391.0384 	DATA 	Keypress: o
391.0555 	Level jitter 	25
398.0331 	Level finished 	25
398.0344 	DATA 	Keypress: o
398.0355 	DATA 	Keypress: o
398.0365 	DATA 	Keypress: o
398.0565 	Level image=tasty.jpg 	25
399.0361 	DATA 	Keypress: o
399.0561 	Level injecting via pump at address 0 	25
405.0388 	DATA 	Keypress: o
405.0403 	DATA 	Keypress: o
405.0415 	DATA 	Keypress: o
405.0564 	Level WAIT 	25
406.0566 	Level RINSE 	25
408.0375 	DATA 	Keypress: o
408.0571 	Level jitter 	25
412.0331 	Level finished 	25
