70.1695 	DATA 	Keypress: o
70.1701 	Level start key press 	25
72.1711 	DATA 	Keypress: o
74.1683 	DATA 	Keypress: o
76.1878 	DATA 	Keypress: o
78.2209 	DATA 	Keypress: o
78.2286 	Level image=waterlogo.jpg 	25
79.1565 	Level injecting via pump at address 0 	25
85.1561 	DATA 	Keypress: o
85.1573 	DATA 	Keypress: o
85.1584 	DATA 	Keypress: o
85.1670 	Level WAIT 	25
86.1666 	Level RINSE 	25
88.1642 	DATA 	Keypress: o
88.1756 	Level jitter 	25
97.1509 	Level finished 	25
97.1524 	DATA 	Keypress: o
97.1537 	DATA 	Keypress: o
97.1549 	DATA 	Keypress: o
97.1561 	DATA 	Keypress: o
97.1572 	DATA 	Keypress: o
97.1682 	Level image=waterlogo.jpg 	25
98.1565 	Level injecting via pump at address 0 	25
104.1570 	DATA 	Keypress: o
104.1585 	DATA 	Keypress: o
104.1598 	DATA 	Keypress: o
104.1677 	Level WAIT 	25
105.1537 	DATA 	Keypress: o
105.1679 	Level RINSE 	25
107.1564 	DATA 	Keypress: o
107.1602 	Level jitter 	25
112.1509 	Level finished 	25
112.1522 	DATA 	Keypress: o
112.1533 	DATA 	Keypress: o
112.1664 	Level image=tasty.jpg 	25
113.1537 	DATA 	Keypress: o
113.1618 	Level injecting via pump at address 0 	25
119.1562 	DATA 	Keypress: o
119.1574 	DATA 	Keypress: o
119.1586 	DATA 	Keypress: o
119.1638 	Level WAIT 	25
120.1576 	Level RINSE 	25
122.1562 	DATA 	Keypress: o
122.1636 	Level jitter 	25
123.1509 	Level finished 	25
123.1521 	DATA 	Keypress: o
123.1686 	Level image=tasty.jpg 	25
124.1695 	Level injecting via pump at address 1 	25
130.1571 	DATA 	Keypress: o
130.1584 	DATA 	Keypress: o
130.1595 	DATA 	Keypress: o
130.1698 	Level WAIT 	25
131.1539 	DATA 	Keypress: o
131.1656 	Level RINSE 	25
133.1565 	DATA 	Keypress: o
133.1695 	Level jitter 	25
138.1509 	Level finished 	25
138.1524 	DATA 	Keypress: o
138.1537 	DATA 	Keypress: o
138.1631 	Level image=tasty.jpg 	25
139.1540 	DATA 	Keypress: o
139.1574 	Level injecting via pump at address 0 	25
145.1561 	DATA 	Keypress: o
145.1574 	DATA 	Keypress: o
145.1584 	DATA 	Keypress: o
145.1712 	Level WAIT 	25
146.1706 	Level RINSE 	25
148.1562 	DATA 	Keypress: o
148.1595 	Level jitter 	25
152.1509 	Level finished 	25
152.1523 	DATA 	Keypress: o
152.1536 	DATA 	Keypress: o
152.1706 	Level image=waterlogo.jpg 	25
153.1537 	DATA 	Keypress: o
153.1666 	Level injecting via pump at address 0 	25
159.1567 	DATA 	Keypress: o
159.1580 	DATA 	Keypress: o
159.1592 	DATA 	Keypress: o
159.1690 	Level WAIT 	25
160.1554 	Level RINSE 	25
162.1562 	DATA 	Keypress: o
162.1695 	Level jitter 	25
164.1509 	Level finished 	25
164.1522 	DATA 	Keypress: o
164.1716 	Level image=tasty.jpg 	25
165.1537 	DATA 	Keypress: o
165.1705 	Level injecting via pump at address 0 	25
171.1566 	DATA 	Keypress: o
171.1579 	DATA 	Keypress: o
171.1592 	DATA 	Keypress: o
171.1720 	Level WAIT 	25
172.1555 	Level RINSE 	25
174.1566 	DATA 	Keypress: o
174.1726 	Level jitter 	25
182.1509 	Level finished 	25
182.1521 	DATA 	Keypress: o
182.1531 	DATA 	Keypress: o
182.1541 	DATA 	Keypress: o
182.1551 	DATA 	Keypress: o
182.1639 	Level image=waterlogo.jpg 	25
183.1532 	DATA 	Keypress: o
183.1564 	Level injecting via pump at address 0 	25
189.1555 	DATA 	Keypress: o
189.1565 	DATA 	Keypress: o
189.1575 	DATA 	Keypress: o
189.1606 	Level WAIT 	25
190.1554 	Level RINSE 	25
192.1565 	DATA 	Keypress: o
192.1613 	Level jitter 	25
197.1509 	Level finished 	25
197.1521 	DATA 	Keypress: o
197.1531 	DATA 	Keypress: o
197.1541 	DATA 	Keypress: o
197.1686 	Level image=tasty.jpg 	25
198.1576 	Level injecting via pump at address 1 	25
204.1567 	DATA 	Keypress: o
204.1579 	DATA 	Keypress: o
204.1591 	DATA 	Keypress: o
204.1654 	Level WAIT 	25
205.1538 	DATA 	Keypress: o
205.1584 	Level RINSE 	25
207.1564 	DATA 	Keypress: o
207.1659 	Level jitter 	25
209.1509 	Level finished 	25
209.1524 	DATA 	Keypress: o
209.1716 	Level image=tasty.jpg 	25
210.1587 	Level injecting via pump at address 0 	25
216.1562 	DATA 	Keypress: o
216.1576 	DATA 	Keypress: o
216.1589 	DATA 	Keypress: o
216.1679 	Level WAIT 	25
217.1538 	DATA 	Keypress: o
217.1583 	Level RINSE 	25
219.1560 	DATA 	Keypress: o
219.1594 	Level jitter 	25
222.1509 	Level finished 	25
222.1522 	DATA 	Keypress: o
222.1695 	Level image=waterlogo.jpg 	25
223.1538 	DATA 	Keypress: o
223.1595 	Level injecting via pump at address 0 	25
229.1559 	DATA 	Keypress: o
229.1570 	DATA 	Keypress: o
229.1581 	DATA 	Keypress: o
229.1660 	Level WAIT 	25
230.1596 	Level RINSE 	25
232.1560 	DATA 	Keypress: o
232.1593 	Level jitter 	25
240.1509 	Level finished 	25
240.1522 	DATA 	Keypress: o
240.1532 	DATA 	Keypress: o
240.1541 	DATA 	Keypress: o
240.1551 	DATA 	Keypress: o
240.1609 	DATA 	Keypress: o
240.1754 	Level image=tasty.jpg 	25
241.1608 	Level injecting via pump at address 0 	25
247.1564 	DATA 	Keypress: o
247.1576 	DATA 	Keypress: o
247.1587 	DATA 	Keypress: o
247.1705 	Level WAIT 	25
248.1607 	Level RINSE 	25
250.1564 	DATA 	Keypress: o
250.1611 	Level jitter 	25
252.1509 	Level finished 	25
252.1521 	DATA 	Keypress: o
252.1608 	Level image=tasty.jpg 	25
253.1537 	DATA 	Keypress: o
253.1569 	Level injecting via pump at address 1 	25
259.1563 	DATA 	Keypress: o
259.1575 	DATA 	Keypress: o
259.1586 	DATA 	Keypress: o
259.1618 	Level WAIT 	25
260.1621 	Level RINSE 	25
262.1567 	DATA 	Keypress: o
262.1621 	Level jitter 	25
271.1509 	Level finished 	25
271.1521 	DATA 	Keypress: o
271.1531 	DATA 	Keypress: o
271.1542 	DATA 	Keypress: o
271.1552 	DATA 	Keypress: o
271.1561 	DATA 	Keypress: o
271.1780 	Level image=waterlogo.jpg 	25
272.1565 	Level injecting via pump at address 0 	25
278.1565 	DATA 	Keypress: o
278.1578 	DATA 	Keypress: o
278.1592 	DATA 	Keypress: o
278.1605 	DATA 	Keypress: o
278.1745 	Level WAIT 	25
279.1626 	Level RINSE 	25
281.1560 	DATA 	Keypress: o
281.1629 	Level jitter 	25
289.1509 	Level finished 	25
289.1524 	DATA 	Keypress: o
289.1539 	DATA 	Keypress: o
289.1552 	DATA 	Keypress: o
289.1564 	DATA 	Keypress: o
289.1638 	Level image=tasty.jpg 	25
290.1611 	Level injecting via pump at address 0 	25
296.1562 	DATA 	Keypress: o
296.1574 	DATA 	Keypress: o
296.1585 	DATA 	Keypress: o
296.1596 	DATA 	Keypress: o
296.1631 	Level WAIT 	25
297.1576 	Level RINSE 	25
299.1563 	DATA 	Keypress: o
299.1636 	Level jitter 	25
301.1509 	Level finished 	25
301.1522 	DATA 	Keypress: o
301.1646 	Level image=waterlogo.jpg 	25
302.1646 	Level injecting via pump at address 0 	25
308.1565 	DATA 	Keypress: o
308.1579 	DATA 	Keypress: o
308.1594 	DATA 	Keypress: o
308.1606 	DATA 	Keypress: o
308.1658 	Level WAIT 	25
309.1614 	Level RINSE 	25
311.1572 	DATA 	Keypress: o
311.1658 	Level jitter 	25
318.1509 	Level finished 	25
318.1524 	DATA 	Keypress: o
318.1537 	DATA 	Keypress: o
318.1550 	DATA 	Keypress: o
318.1611 	DATA 	Keypress: o
318.1659 	Level image=tasty.jpg 	25
319.1587 	Level injecting via pump at address 1 	25
325.1561 	DATA 	Keypress: o
325.1572 	DATA 	Keypress: o
325.1585 	DATA 	Keypress: o
325.1657 	Level WAIT 	25
326.1666 	Level RINSE 	25
328.1554 	DATA 	Keypress: o
328.1618 	Level jitter 	25
333.1509 	Level finished 	25
333.1523 	DATA 	Keypress: o
333.1536 	DATA 	Keypress: o
333.1548 	DATA 	Keypress: o
333.1666 	Level image=tasty.jpg 	25
334.1626 	Level injecting via pump at address 0 	25
340.1569 	DATA 	Keypress: o
340.1581 	DATA 	Keypress: o
340.1594 	DATA 	Keypress: o
340.1606 	DATA 	Keypress: o
340.1644 	Level WAIT 	25
341.1586 	Level RINSE 	25
343.1556 	DATA 	Keypress: o
343.1649 	Level jitter 	25
345.1509 	Level finished 	25
345.1520 	DATA 	Keypress: o
345.1679 	Level image=tasty.jpg 	25
346.1656 	Level injecting via pump at address 1 	25
352.1582 	DATA 	Keypress: o
352.1596 	DATA 	Keypress: o
352.1608 	DATA 	Keypress: o
352.1620 	DATA 	Keypress: o
352.1680 	Level WAIT 	25
353.1626 	Level RINSE 	25
355.1564 	DATA 	Keypress: o
355.1686 	Level jitter 	25
358.1509 	Level finished 	25
358.1524 	DATA 	Keypress: o
358.1591 	DATA 	Keypress: o
358.1686 	Level image=tasty.jpg 	25
359.1637 	Level injecting via pump at address 0 	25
365.1567 	DATA 	Keypress: o
365.1580 	DATA 	Keypress: o
365.1593 	DATA 	Keypress: o
365.1663 	Level WAIT 	25
366.1606 	Level RINSE 	25
368.1567 	DATA 	Keypress: o
368.1580 	DATA 	Keypress: o
368.1666 	Level jitter 	25
370.1509 	Level finished 	25
370.1565 	DATA 	Keypress: o
370.1686 	Level image=tasty.jpg 	25
371.1677 	Level injecting via pump at address 1 	25
377.1556 	DATA 	Keypress: o
377.1567 	DATA 	Keypress: o
377.1577 	DATA 	Keypress: o
377.1690 	Level WAIT 	25
378.1636 	Level RINSE 	25
380.1568 	DATA 	Keypress: o
380.1581 	DATA 	Keypress: o
380.1695 	Level jitter 	25
384.1509 	Level finished 	25
384.1523 	DATA 	Keypress: o
384.1585 	DATA 	Keypress: o
384.1654 	Level image=tasty.jpg 	25
385.1607 	Level injecting via pump at address 0 	25
391.1559 	DATA 	Keypress: o
391.1570 	DATA 	Keypress: o
391.1581 	DATA 	Keypress: o
391.1630 	Level WAIT 	25
392.1538 	Level RINSE 	25
394.1568 	DATA 	Keypress: o
394.1579 	DATA 	Keypress: o
394.1635 	Level jitter 	25
396.1509 	Level finished 	25
396.1561 	DATA 	Keypress: o
396.1686 	Level image=tasty.jpg 	25
397.1636 	Level injecting via pump at address 1 	25
403.1566 	DATA 	Keypress: o
403.1580 	DATA 	Keypress: o
403.1592 	DATA 	Keypress: o
403.1660 	Level WAIT 	25
404.1558 	Level RINSE 	25
406.1564 	DATA 	Keypress: o
406.1575 	DATA 	Keypress: o
406.1667 	Level jitter 	25
414.1509 	Level finished 	25
414.1521 	DATA 	Keypress: o
414.1532 	DATA 	Keypress: o
414.1542 	DATA 	Keypress: o
414.1551 	DATA 	Keypress: o
414.1731 	Level image=tasty.jpg 	25
415.1555 	Level injecting via pump at address 0 	25
421.1560 	DATA 	Keypress: o
421.1570 	DATA 	Keypress: o
421.1580 	DATA 	Keypress: o
421.1706 	Level WAIT 	25
422.1538 	DATA 	Keypress: o
422.1652 	Level RINSE 	25
424.1570 	DATA 	Keypress: o
424.1720 	Level jitter 	25
431.1509 	Level finished 	25
