44.0191 	DATA 	Keypress: o
44.0201 	Level start key press 	25
46.0247 	DATA 	Keypress: o
48.0247 	DATA 	Keypress: o
50.0249 	DATA 	Keypress: o
52.0250 	DATA 	Keypress: o
52.4559 	Level image=waterlogo.jpg 	25
53.3894 	Level injecting via pump at address 0 	25
59.3618 	DATA 	Keypress: o
59.3631 	DATA 	Keypress: o
59.3644 	DATA 	Keypress: o
59.3901 	Level WAIT 	25
60.3583 	DATA 	Keypress: o
60.3731 	Level RINSE 	25
62.3697 	DATA 	Keypress: o
62.3899 	Level jitter 	25
68.3559 	Level finished 	25
68.3571 	DATA 	Keypress: o
68.3581 	DATA 	Keypress: o
68.3591 	DATA 	Keypress: o
68.3904 	Level image=tasty.jpg 	25
69.3742 	Level injecting via pump at address 1 	25
75.3614 	DATA 	Keypress: o
75.3627 	DATA 	Keypress: o
75.3639 	DATA 	Keypress: o
75.3742 	Level WAIT 	25
76.3588 	DATA 	Keypress: o
76.3743 	Level RINSE 	25
78.3604 	DATA 	Keypress: o
78.3910 	Level jitter 	25
84.3559 	Level finished 	25
84.3573 	DATA 	Keypress: o
84.3589 	DATA 	Keypress: o
84.3605 	DATA 	Keypress: o
84.3925 	Level image=tasty.jpg 	25
85.3749 	Level injecting via pump at address 1 	25
91.3619 	DATA 	Keypress: o
91.3634 	DATA 	Keypress: o
91.3647 	DATA 	Keypress: o
91.3753 	Level WAIT 	25
92.3584 	DATA 	Keypress: o
92.3754 	Level RINSE 	25
94.3613 	DATA 	Keypress: o
94.3760 	Level jitter 	25
96.3559 	Level finished 	25
96.3572 	DATA 	Keypress: o
96.3923 	Level image=waterlogo.jpg 	25
97.3757 	Level injecting via pump at address 0 	25
103.3618 	DATA 	Keypress: o
103.3631 	DATA 	Keypress: o
103.3644 	DATA 	Keypress: o
103.3928 	Level WAIT 	25
104.3583 	DATA 	Keypress: o
104.3766 	Level RINSE 	25
106.3605 	DATA 	Keypress: o
106.3929 	Level jitter 	25
112.3559 	Level finished 	25
112.3575 	DATA 	Keypress: o
112.3589 	DATA 	Keypress: o
112.3602 	DATA 	Keypress: o
112.3935 	Level image=tasty.jpg 	25
113.3768 	Level injecting via pump at address 1 	25
119.3616 	DATA 	Keypress: o
119.3629 	DATA 	Keypress: o
119.3641 	DATA 	Keypress: o
119.3776 	Level WAIT 	25
120.3586 	DATA 	Keypress: o
120.3772 	Level RINSE 	25
122.3609 	DATA 	Keypress: o
122.3775 	Level jitter 	25
127.3559 	Level finished 	25
127.3574 	DATA 	Keypress: o
127.3588 	DATA 	Keypress: o
127.3777 	Level image=waterlogo.jpg 	25
128.3588 	DATA 	Keypress: o
128.3612 	Level injecting via pump at address 0 	25
134.3612 	DATA 	Keypress: o
134.3624 	DATA 	Keypress: o
134.3636 	DATA 	Keypress: o
134.3953 	Level WAIT 	25
135.3783 	Level RINSE 	25
137.3608 	DATA 	Keypress: o
137.3785 	Level jitter 	25
142.3559 	Level finished 	25
142.3571 	DATA 	Keypress: o
142.3583 	DATA 	Keypress: o
142.3592 	DATA 	Keypress: o
142.3788 	Level image=tasty.jpg 	25
143.3789 	Level injecting via pump at address 1 	25
149.3616 	DATA 	Keypress: o
149.3630 	DATA 	Keypress: o
149.3642 	DATA 	Keypress: o
149.3798 	Level WAIT 	25
150.3583 	DATA 	Keypress: o
150.3627 	Level RINSE 	25
152.3616 	DATA 	Keypress: o
152.3796 	Level jitter 	25
158.3559 	Level finished 	25
158.3571 	DATA 	Keypress: o
158.3581 	DATA 	Keypress: o
158.3591 	DATA 	Keypress: o
158.3799 	Level image=waterlogo.jpg 	25
159.3804 	Level injecting via pump at address 0 	25
165.3615 	DATA 	Keypress: o
165.3628 	DATA 	Keypress: o
165.3640 	DATA 	Keypress: o
165.3804 	Level WAIT 	25
166.3588 	DATA 	Keypress: o
166.3638 	Level RINSE 	25
168.3612 	DATA 	Keypress: o
168.3806 	Level jitter 	25
171.3559 	Level finished 	25
171.3571 	DATA 	Keypress: o
171.3813 	Level image=tasty.jpg 	25
172.3585 	DATA 	Keypress: o
172.3642 	Level injecting via pump at address 1 	25
178.3617 	DATA 	Keypress: o
178.3630 	DATA 	Keypress: o
178.3641 	DATA 	Keypress: o
178.3813 	Level WAIT 	25
179.3647 	Level RINSE 	25
181.3611 	DATA 	Keypress: o
181.3820 	Level jitter 	25
189.3559 	Level finished 	25
189.3572 	DATA 	Keypress: o
189.3582 	DATA 	Keypress: o
189.3591 	DATA 	Keypress: o
189.3601 	DATA 	Keypress: o
189.3820 	Level image=waterlogo.jpg 	25
190.3582 	DATA 	Keypress: o
190.3821 	Level injecting via pump at address 0 	25
196.3619 	DATA 	Keypress: o
196.3633 	DATA 	Keypress: o
196.3645 	DATA 	Keypress: o
196.3830 	Level WAIT 	25
197.3659 	Level RINSE 	25
199.3606 	DATA 	Keypress: o
199.3827 	Level jitter 	25
201.3559 	Level finished 	25
201.3571 	DATA 	Keypress: o
201.3829 	Level image=tasty.jpg 	25
202.3585 	DATA 	Keypress: o
202.3830 	Level injecting via pump at address 1 	25
208.3615 	DATA 	Keypress: o
208.3628 	DATA 	Keypress: o
208.3640 	DATA 	Keypress: o
208.3838 	Level WAIT 	25
209.3835 	Level RINSE 	25
211.3613 	DATA 	Keypress: o
211.3836 	Level jitter 	25
220.3559 	Level finished 	25
220.3571 	DATA 	Keypress: o
220.3583 	DATA 	Keypress: o
220.3593 	DATA 	Keypress: o
220.3603 	DATA 	Keypress: o
220.3613 	DATA 	Keypress: o
220.3846 	Level image=waterlogo.jpg 	25
221.3843 	Level injecting via pump at address 0 	25
227.3606 	DATA 	Keypress: o
227.3617 	DATA 	Keypress: o
227.3626 	DATA 	Keypress: o
227.3846 	Level WAIT 	25
228.3588 	DATA 	Keypress: o
228.3681 	Level RINSE 	25
230.3614 	DATA 	Keypress: o
230.3852 	Level jitter 	25
232.3559 	Level finished 	25
232.3572 	DATA 	Keypress: o
232.3850 	Level image=tasty.jpg 	25
233.3851 	Level injecting via pump at address 1 	25
239.3610 	DATA 	Keypress: o
239.3621 	DATA 	Keypress: o
239.3631 	DATA 	Keypress: o
239.3855 	Level WAIT 	25
240.3588 	DATA 	Keypress: o
240.3860 	Level RINSE 	25
242.3611 	DATA 	Keypress: o
242.3856 	Level jitter 	25
245.3559 	Level finished 	25
245.3571 	DATA 	Keypress: o
245.3859 	Level image=waterlogo.jpg 	25
246.3592 	DATA 	Keypress: o
246.3860 	Level injecting via pump at address 0 	25
252.3611 	DATA 	Keypress: o
252.3623 	DATA 	Keypress: o
252.3633 	DATA 	Keypress: o
252.3869 	Level WAIT 	25
253.3698 	Level RINSE 	25
255.3611 	DATA 	Keypress: o
255.3865 	Level jitter 	25
259.3559 	Level finished 	25
259.3572 	DATA 	Keypress: o
259.3583 	DATA 	Keypress: o
259.3869 	Level image=tasty.jpg 	25
260.3583 	DATA 	Keypress: o
260.3703 	Level injecting via pump at address 1 	25
266.3615 	DATA 	Keypress: o
266.3628 	DATA 	Keypress: o
266.3641 	DATA 	Keypress: o
266.3711 	Level WAIT 	25
267.3707 	Level RINSE 	25
269.3609 	DATA 	Keypress: o
269.3709 	Level jitter 	25
270.3559 	Level finished 	25
270.3572 	DATA 	Keypress: o
270.3876 	Level image=waterlogo.jpg 	25
271.3877 	Level injecting via pump at address 0 	25
277.3617 	DATA 	Keypress: o
277.3632 	DATA 	Keypress: o
277.3650 	DATA 	Keypress: o
277.3885 	Level WAIT 	25
278.3588 	DATA 	Keypress: o
278.3716 	Level RINSE 	25
280.3615 	DATA 	Keypress: o
280.3883 	Level jitter 	25
283.3559 	Level finished 	25
283.3573 	DATA 	Keypress: o
283.3886 	Level image=tasty.jpg 	25
284.3587 	DATA 	Keypress: o
284.3886 	Level injecting via pump at address 1 	25
290.3606 	DATA 	Keypress: o
290.3618 	DATA 	Keypress: o
290.3629 	DATA 	Keypress: o
290.3894 	Level WAIT 	25
291.3725 	Level RINSE 	25
293.3607 	DATA 	Keypress: o
293.3892 	Level jitter 	25
301.3559 	Level finished 	25
301.3572 	DATA 	Keypress: o
301.3586 	DATA 	Keypress: o
301.3598 	DATA 	Keypress: o
301.3610 	DATA 	Keypress: o
301.3902 	Level image=tasty.jpg 	25
302.3586 	DATA 	Keypress: o
302.3732 	Level injecting via pump at address 1 	25
308.3617 	DATA 	Keypress: o
308.3630 	DATA 	Keypress: o
308.3642 	DATA 	Keypress: o
308.3903 	Level WAIT 	25
309.3736 	Level RINSE 	25
311.3610 	DATA 	Keypress: o
311.3742 	Level jitter 	25
315.3559 	Level finished 	25
315.3571 	DATA 	Keypress: o
315.3582 	DATA 	Keypress: o
315.3907 	Level image=waterlogo.jpg 	25
316.3593 	DATA 	Keypress: o
316.3742 	Level injecting via pump at address 0 	25
322.3617 	DATA 	Keypress: o
322.3628 	DATA 	Keypress: o
322.3641 	DATA 	Keypress: o
322.3750 	Level WAIT 	25
323.3746 	Level RINSE 	25
325.3613 	DATA 	Keypress: o
325.3747 	Level jitter 	25
328.3559 	Level finished 	25
328.3571 	DATA 	Keypress: o
328.3582 	DATA 	Keypress: o
328.3750 	Level image=tasty.jpg 	25
329.3751 	Level injecting via pump at address 1 	25
335.3610 	DATA 	Keypress: o
335.3623 	DATA 	Keypress: o
335.3635 	DATA 	Keypress: o
335.3759 	Level WAIT 	25
336.3593 	DATA 	Keypress: o
336.3756 	Level RINSE 	25
338.3610 	DATA 	Keypress: o
338.3756 	Level jitter 	25
343.3559 	Level finished 	25
343.3571 	DATA 	Keypress: o
343.3581 	DATA 	Keypress: o
343.3927 	Level image=waterlogo.jpg 	25
344.3586 	DATA 	Keypress: o
344.3761 	Level injecting via pump at address 0 	25
350.3613 	DATA 	Keypress: o
350.3625 	DATA 	Keypress: o
350.3636 	DATA 	Keypress: o
350.3769 	Level WAIT 	25
351.3766 	Level RINSE 	25
353.3608 	DATA 	Keypress: o
353.3766 	Level jitter 	25
358.3559 	Level finished 	25
358.3571 	DATA 	Keypress: o
358.3581 	DATA 	Keypress: o
358.3591 	DATA 	Keypress: o
358.3771 	Level image=waterlogo.jpg 	25
359.3607 	Level injecting via pump at address 0 	25
365.3619 	DATA 	Keypress: o
365.3634 	DATA 	Keypress: o
365.3647 	DATA 	Keypress: o
365.3946 	Level WAIT 	25
366.3588 	DATA 	Keypress: o
366.3776 	Level RINSE 	25
368.3611 	DATA 	Keypress: o
368.3777 	Level jitter 	25
377.3559 	Level finished 	25
377.3573 	DATA 	Keypress: o
377.3587 	DATA 	Keypress: o
377.3600 	DATA 	Keypress: o
377.3612 	DATA 	Keypress: o
377.3954 	Level image=tasty.jpg 	25
378.3583 	DATA 	Keypress: o
378.3618 	Level injecting via pump at address 1 	25
384.3616 	DATA 	Keypress: o
384.3629 	DATA 	Keypress: o
384.3640 	DATA 	Keypress: o
384.3788 	Level WAIT 	25
385.3789 	Level RINSE 	25
387.3607 	DATA 	Keypress: o
387.3627 	Level jitter 	25
389.3559 	Level finished 	25
389.3570 	DATA 	Keypress: o
389.3792 	Level image=waterlogo.jpg 	25
390.3586 	DATA 	Keypress: o
390.3793 	Level injecting via pump at address 0 	25
396.3613 	DATA 	Keypress: o
396.3626 	DATA 	Keypress: o
396.3636 	DATA 	Keypress: o
396.3963 	Level WAIT 	25
397.3635 	Level RINSE 	25
399.3612 	DATA 	Keypress: o
399.3798 	Level jitter 	25
402.3559 	Level finished 	25
402.3572 	DATA 	Keypress: o
402.3582 	DATA 	Keypress: o
402.3801 	Level image=waterlogo.jpg 	25
403.3636 	Level injecting via pump at address 0 	25
409.3613 	DATA 	Keypress: o
409.3625 	DATA 	Keypress: o
409.3635 	DATA 	Keypress: o
409.3810 	Level WAIT 	25
410.3588 	DATA 	Keypress: o
410.3806 	Level RINSE 	25
412.3613 	DATA 	Keypress: o
412.3640 	Level jitter 	25
417.3559 	Level finished 	25
417.3571 	DATA 	Keypress: o
417.3582 	DATA 	Keypress: o
417.3811 	Level image=tasty.jpg 	25
418.3587 	DATA 	Keypress: o
418.3812 	Level injecting via pump at address 1 	25
424.3616 	DATA 	Keypress: o
424.3628 	DATA 	Keypress: o
424.3639 	DATA 	Keypress: o
424.3819 	Level WAIT 	25
425.3650 	Level RINSE 	25
427.3612 	DATA 	Keypress: o
427.3817 	Level jitter 	25
429.3559 	Level finished 	25
429.3571 	DATA 	Keypress: o
429.3819 	Level image=tasty.jpg 	25
430.3583 	DATA 	Keypress: o
430.3821 	Level injecting via pump at address 1 	25
436.3616 	DATA 	Keypress: o
436.3629 	DATA 	Keypress: o
436.3641 	DATA 	Keypress: o
436.3829 	Level WAIT 	25
437.3658 	Level RINSE 	25
439.3613 	DATA 	Keypress: o
439.3826 	Level jitter 	25
446.3559 	Level finished 	25
446.3572 	DATA 	Keypress: o
446.3585 	DATA 	Keypress: o
446.3596 	DATA 	Keypress: o
446.3606 	DATA 	Keypress: o
446.3835 	Level image=waterlogo.jpg 	25
447.3666 	Level injecting via pump at address 0 	25
453.3615 	DATA 	Keypress: o
453.3629 	DATA 	Keypress: o
453.3642 	DATA 	Keypress: o
453.3835 	Level WAIT 	25
454.3588 	DATA 	Keypress: o
454.3837 	Level RINSE 	25
456.3614 	DATA 	Keypress: o
456.3675 	Level jitter 	25
459.3559 	Level finished 	25
459.3573 	DATA 	Keypress: o
459.3673 	Level image=tasty.jpg 	25
460.3586 	DATA 	Keypress: o
460.3676 	Level injecting via pump at address 1 	25
466.3619 	DATA 	Keypress: o
466.3632 	DATA 	Keypress: o
466.3645 	DATA 	Keypress: o
466.3850 	Level WAIT 	25
467.3846 	Level RINSE 	25
469.3605 	DATA 	Keypress: o
469.3680 	Level jitter 	25
471.3559 	Level finished 	25
471.3570 	DATA 	Keypress: o
471.3849 	Level image=waterlogo.jpg 	25
472.3587 	DATA 	Keypress: o
472.3683 	Level injecting via pump at address 0 	25
478.3613 	DATA 	Keypress: o
478.3623 	DATA 	Keypress: o
478.3633 	DATA 	Keypress: o
478.3690 	Level WAIT 	25
479.3687 	Level RINSE 	25
481.3613 	DATA 	Keypress: o
481.3688 	Level jitter 	25
489.3559 	Level finished 	25
489.3575 	DATA 	Keypress: o
489.3589 	DATA 	Keypress: o
489.3600 	DATA 	Keypress: o
489.3610 	DATA 	Keypress: o
489.3865 	Level image=tasty.jpg 	25
490.3588 	DATA 	Keypress: o
490.3696 	Level injecting via pump at address 1 	25
496.3616 	DATA 	Keypress: o
496.3628 	DATA 	Keypress: o
496.3639 	DATA 	Keypress: o
496.3866 	Level WAIT 	25
497.3700 	Level RINSE 	25
499.3622 	DATA 	Keypress: o
499.3871 	Level jitter 	25
501.3559 	Level finished 	25
501.3575 	DATA 	Keypress: o
501.3869 	Level image=waterlogo.jpg 	25
502.3587 	DATA 	Keypress: o
502.3870 	Level injecting via pump at address 0 	25
508.3613 	DATA 	Keypress: o
508.3626 	DATA 	Keypress: o
508.3636 	DATA 	Keypress: o
508.3874 	Level WAIT 	25
509.3712 	Level RINSE 	25
511.3619 	DATA 	Keypress: o
511.3876 	Level jitter 	25
518.3559 	Level finished 	25
