52.1541 	DATA 	Keypress: o
52.1548 	Level start key press 	25
54.1608 	DATA 	Keypress: o
56.1777 	DATA 	Keypress: o
58.1613 	DATA 	Keypress: o
60.1616 	DATA 	Keypress: o
60.6926 	Level image=waterlogo.jpg 	25
61.6265 	Level injecting via pump at address 0 	25
67.6147 	DATA 	Keypress: o
67.6157 	DATA 	Keypress: o
67.6167 	DATA 	Keypress: o
67.6434 	Level WAIT 	25
68.6117 	DATA 	Keypress: o
68.6436 	Level RINSE 	25
70.6225 	DATA 	Keypress: o
70.6438 	Level jitter 	25
77.6093 	Level finished 	25
77.6106 	DATA 	Keypress: o
77.6117 	DATA 	Keypress: o
77.6128 	DATA 	Keypress: o
77.6449 	Level image=tasty.jpg 	25
78.6117 	DATA 	Keypress: o
78.6281 	Level injecting via pump at address 0 	25
84.6138 	DATA 	Keypress: o
84.6149 	DATA 	Keypress: o
84.6158 	DATA 	Keypress: o
84.6287 	Level WAIT 	25
85.6288 	Level RINSE 	25
87.6138 	DATA 	Keypress: o
87.6461 	Level jitter 	25
91.6093 	Level finished 	25
91.6105 	DATA 	Keypress: o
91.6115 	DATA 	Keypress: o
91.6296 	Level image=tasty.jpg 	25
92.6120 	DATA 	Keypress: o
92.6298 	Level injecting via pump at address 1 	25
98.6141 	DATA 	Keypress: o
98.6151 	DATA 	Keypress: o
98.6160 	DATA 	Keypress: o
98.6307 	Level WAIT 	25
99.6305 	Level RINSE 	25
101.6145 	DATA 	Keypress: o
101.6307 	Level jitter 	25
102.6093 	Level finished 	25
102.6106 	DATA 	Keypress: o
102.6309 	Level image=tasty.jpg 	25
103.6144 	Level injecting via pump at address 0 	25
109.6148 	DATA 	Keypress: o
109.6161 	DATA 	Keypress: o
109.6173 	DATA 	Keypress: o
109.6320 	Level WAIT 	25
110.6117 	DATA 	Keypress: o
110.6317 	Level RINSE 	25
112.6137 	DATA 	Keypress: o
112.6152 	Level jitter 	25
120.6093 	Level finished 	25
120.6107 	DATA 	Keypress: o
120.6118 	DATA 	Keypress: o
120.6130 	DATA 	Keypress: o
120.6141 	DATA 	Keypress: o
120.6334 	Level image=waterlogo.jpg 	25
121.6332 	Level injecting via pump at address 0 	25
127.6146 	DATA 	Keypress: o
127.6159 	DATA 	Keypress: o
127.6170 	DATA 	Keypress: o
127.6337 	Level WAIT 	25
128.6121 	DATA 	Keypress: o
128.6172 	Level RINSE 	25
130.6137 	DATA 	Keypress: o
130.6345 	Level jitter 	25
138.6093 	Level finished 	25
138.6105 	DATA 	Keypress: o
138.6116 	DATA 	Keypress: o
138.6128 	DATA 	Keypress: o
138.6140 	DATA 	Keypress: o
138.6351 	Level image=waterlogo.jpg 	25
139.6352 	Level injecting via pump at address 0 	25
145.6137 	DATA 	Keypress: o
145.6148 	DATA 	Keypress: o
145.6157 	DATA 	Keypress: o
145.6362 	Level WAIT 	25
146.6118 	DATA 	Keypress: o
146.6360 	Level RINSE 	25
148.6147 	DATA 	Keypress: o
148.6362 	Level jitter 	25
154.6093 	Level finished 	25
154.6105 	DATA 	Keypress: o
154.6116 	DATA 	Keypress: o
154.6128 	DATA 	Keypress: o
154.6369 	Level image=tasty.jpg 	25
155.6375 	Level injecting via pump at address 1 	25
161.6142 	DATA 	Keypress: o
161.6155 	DATA 	Keypress: o
161.6166 	DATA 	Keypress: o
161.6377 	Level WAIT 	25
162.6116 	DATA 	Keypress: o
162.6212 	Level RINSE 	25
164.6145 	DATA 	Keypress: o
164.6381 	Level jitter 	25
166.6093 	Level finished 	25
166.6105 	DATA 	Keypress: o
166.6220 	Level image=tasty.jpg 	25
167.6385 	Level injecting via pump at address 0 	25
173.6145 	DATA 	Keypress: o
173.6159 	DATA 	Keypress: o
173.6170 	DATA 	Keypress: o
173.6390 	Level WAIT 	25
174.6121 	DATA 	Keypress: o
174.6392 	Level RINSE 	25
176.6148 	DATA 	Keypress: o
176.6399 	Level jitter 	25
182.6093 	Level finished 	25
182.6106 	DATA 	Keypress: o
182.6119 	DATA 	Keypress: o
182.6131 	DATA 	Keypress: o
182.6402 	Level image=waterlogo.jpg 	25
183.6403 	Level injecting via pump at address 0 	25
189.6149 	DATA 	Keypress: o
189.6161 	DATA 	Keypress: o
189.6173 	DATA 	Keypress: o
189.6414 	Level WAIT 	25
190.6123 	DATA 	Keypress: o
190.6411 	Level RINSE 	25
192.6142 	DATA 	Keypress: o
192.6414 	Level jitter 	25
194.6093 	Level finished 	25
194.6108 	DATA 	Keypress: o
194.6249 	Level image=waterlogo.jpg 	25
195.6251 	Level injecting via pump at address 0 	25
201.6148 	DATA 	Keypress: o
201.6161 	DATA 	Keypress: o
201.6173 	DATA 	Keypress: o
201.6428 	Level WAIT 	25
202.6121 	DATA 	Keypress: o
202.6426 	Level RINSE 	25
204.6143 	DATA 	Keypress: o
204.6262 	Level jitter 	25
213.6093 	Level finished 	25
213.6112 	DATA 	Keypress: o
213.6126 	DATA 	Keypress: o
213.6141 	DATA 	Keypress: o
213.6153 	DATA 	Keypress: o
213.6442 	Level image=tasty.jpg 	25
214.6119 	DATA 	Keypress: o
214.6273 	Level injecting via pump at address 1 	25
220.6137 	DATA 	Keypress: o
220.6147 	DATA 	Keypress: o
220.6158 	DATA 	Keypress: o
220.6280 	Level WAIT 	25
221.6281 	Level RINSE 	25
223.6146 	DATA 	Keypress: o
223.6287 	Level jitter 	25
230.6093 	Level finished 	25
230.6107 	DATA 	Keypress: o
230.6117 	DATA 	Keypress: o
230.6127 	DATA 	Keypress: o
230.6136 	DATA 	Keypress: o
230.6458 	Level image=tasty.jpg 	25
231.6294 	Level injecting via pump at address 0 	25
237.6144 	DATA 	Keypress: o
237.6156 	DATA 	Keypress: o
237.6168 	DATA 	Keypress: o
237.6304 	Level WAIT 	25
238.6120 	DATA 	Keypress: o
238.6301 	Level RINSE 	25
240.6144 	DATA 	Keypress: o
240.6303 	Level jitter 	25
247.6093 	Level finished 	25
247.6105 	DATA 	Keypress: o
247.6114 	DATA 	Keypress: o
247.6124 	DATA 	Keypress: o
247.6317 	Level image=waterlogo.jpg 	25
248.6117 	DATA 	Keypress: o
248.6314 	Level injecting via pump at address 0 	25
254.6143 	DATA 	Keypress: o
254.6155 	DATA 	Keypress: o
254.6165 	DATA 	Keypress: o
254.6319 	Level WAIT 	25
255.6321 	Level RINSE 	25
257.6136 	DATA 	Keypress: o
257.6327 	Level jitter 	25
262.6093 	Level finished 	25
262.6106 	DATA 	Keypress: o
262.6119 	DATA 	Keypress: o
262.6131 	DATA 	Keypress: o
262.6330 	Level image=tasty.jpg 	25
263.6332 	Level injecting via pump at address 0 	25
269.6151 	DATA 	Keypress: o
269.6165 	DATA 	Keypress: o
269.6175 	DATA 	Keypress: o
269.6341 	Level WAIT 	25
270.6117 	DATA 	Keypress: o
270.6338 	Level RINSE 	25
272.6147 	DATA 	Keypress: o
272.6341 	Level jitter 	25
273.6093 	Level finished 	25
273.6343 	Level image=tasty.jpg 	25
274.6120 	DATA 	Keypress: o
274.6344 	Level injecting via pump at address 1 	25
280.6145 	DATA 	Keypress: o
280.6157 	DATA 	Keypress: o
280.6167 	DATA 	Keypress: o
280.6354 	Level WAIT 	25
281.6185 	Level RINSE 	25
283.6145 	DATA 	Keypress: o
283.6353 	Level jitter 	25
286.6093 	Level finished 	25
286.6105 	DATA 	Keypress: o
286.6115 	DATA 	Keypress: o
286.6357 	Level image=tasty.jpg 	25
287.6193 	Level injecting via pump at address 0 	25
293.6140 	DATA 	Keypress: o
293.6153 	DATA 	Keypress: o
293.6165 	DATA 	Keypress: o
293.6370 	Level WAIT 	25
294.6117 	DATA 	Keypress: o
294.6199 	Level RINSE 	25
296.6141 	DATA 	Keypress: o
296.6368 	Level jitter 	25
298.6093 	Level finished 	25
298.6104 	DATA 	Keypress: o
298.6371 	Level image=tasty.jpg 	25
299.6372 	Level injecting via pump at address 1 	25
305.6137 	DATA 	Keypress: o
305.6150 	DATA 	Keypress: o
305.6162 	DATA 	Keypress: o
305.6384 	Level WAIT 	25
306.6116 	DATA 	Keypress: o
306.6215 	Level RINSE 	25
308.6143 	DATA 	Keypress: o
308.6383 	Level jitter 	25
310.6093 	Level finished 	25
310.6107 	DATA 	Keypress: o
310.6386 	Level image=tasty.jpg 	25
311.6387 	Level injecting via pump at address 0 	25
317.6139 	DATA 	Keypress: o
317.6150 	DATA 	Keypress: o
317.6162 	DATA 	Keypress: o
317.6398 	Level WAIT 	25
318.6118 	DATA 	Keypress: o
318.6228 	Level RINSE 	25
320.6143 	DATA 	Keypress: o
320.6397 	Level jitter 	25
321.6093 	Level finished 	25
321.6399 	Level image=waterlogo.jpg 	25
322.6117 	DATA 	Keypress: o
322.6233 	Level injecting via pump at address 0 	25
328.6142 	DATA 	Keypress: o
328.6152 	DATA 	Keypress: o
328.6161 	DATA 	Keypress: o
328.6244 	Level WAIT 	25
329.6241 	Level RINSE 	25
331.6142 	DATA 	Keypress: o
331.6244 	Level jitter 	25
337.6093 	Level finished 	25
337.6105 	DATA 	Keypress: o
337.6115 	DATA 	Keypress: o
337.6124 	DATA 	Keypress: o
337.6251 	Level image=tasty.jpg 	25
338.6124 	DATA 	Keypress: o
338.6256 	Level injecting via pump at address 1 	25
344.6143 	DATA 	Keypress: o
344.6154 	DATA 	Keypress: o
344.6163 	DATA 	Keypress: o
344.6259 	Level WAIT 	25
345.6260 	Level RINSE 	25
347.6138 	DATA 	Keypress: o
347.6262 	Level jitter 	25
350.6093 	Level finished 	25
350.6105 	DATA 	Keypress: o
350.6115 	DATA 	Keypress: o
350.6270 	Level image=tasty.jpg 	25
351.6267 	Level injecting via pump at address 0 	25
357.6143 	DATA 	Keypress: o
357.6156 	DATA 	Keypress: o
357.6166 	DATA 	Keypress: o
357.6274 	Level WAIT 	25
358.6117 	DATA 	Keypress: o
358.6275 	Level RINSE 	25
360.6147 	DATA 	Keypress: o
360.6282 	Level jitter 	25
362.6093 	Level finished 	25
362.6104 	DATA 	Keypress: o
362.6280 	Level image=tasty.jpg 	25
363.6281 	Level injecting via pump at address 1 	25
369.6147 	DATA 	Keypress: o
369.6159 	DATA 	Keypress: o
369.6169 	DATA 	Keypress: o
369.6287 	Level WAIT 	25
370.6117 	DATA 	Keypress: o
370.6294 	Level RINSE 	25
372.6142 	DATA 	Keypress: o
372.6291 	Level jitter 	25
376.6093 	Level finished 	25
376.6107 	DATA 	Keypress: o
376.6120 	DATA 	Keypress: o
376.6296 	Level image=tasty.jpg 	25
377.6298 	Level injecting via pump at address 0 	25
383.6146 	DATA 	Keypress: o
383.6158 	DATA 	Keypress: o
383.6168 	DATA 	Keypress: o
383.6475 	Level WAIT 	25
384.6120 	DATA 	Keypress: o
384.6306 	Level RINSE 	25
386.6145 	DATA 	Keypress: o
386.6308 	Level jitter 	25
393.6093 	Level finished 	25
393.6105 	DATA 	Keypress: o
393.6115 	DATA 	Keypress: o
393.6124 	DATA 	Keypress: o
393.6321 	Level image=tasty.jpg 	25
394.6121 	DATA 	Keypress: o
394.6318 	Level injecting via pump at address 0 	25
400.6149 	DATA 	Keypress: o
400.6160 	DATA 	Keypress: o
400.6170 	DATA 	Keypress: o
400.6324 	Level WAIT 	25
401.6325 	Level RINSE 	25
403.6149 	DATA 	Keypress: o
403.6333 	Level jitter 	25
407.6093 	Level finished 	25
