56.3576 	DATA 	Keypress: o
56.3587 	Level start key press 	25
58.3706 	DATA 	Keypress: o
60.3707 	DATA 	Keypress: o
62.3711 	DATA 	Keypress: o
64.3713 	DATA 	Keypress: o
64.8357 	Level image=tasty.jpg 	25
65.7858 	Level injecting via pump at address 1 	25
71.7585 	DATA 	Keypress: o
71.7599 	DATA 	Keypress: o
71.7612 	DATA 	Keypress: o
71.7869 	Level WAIT 	25
72.7552 	DATA 	Keypress: o
72.7699 	Level RINSE 	25
74.7661 	DATA 	Keypress: o
74.7868 	Level jitter 	25
83.7524 	Level finished 	25
83.7537 	DATA 	Keypress: o
83.7548 	DATA 	Keypress: o
83.7558 	DATA 	Keypress: o
83.7568 	DATA 	Keypress: o
83.7884 	Level image=waterlogo.jpg 	25
84.7550 	DATA 	Keypress: o
84.7715 	Level injecting via pump at address 0 	25
90.7583 	DATA 	Keypress: o
90.7597 	DATA 	Keypress: o
90.7608 	DATA 	Keypress: o
90.7887 	Level WAIT 	25
91.7722 	Level RINSE 	25
93.7571 	DATA 	Keypress: o
93.7894 	Level jitter 	25
97.7524 	Level finished 	25
97.7537 	DATA 	Keypress: o
97.7546 	DATA 	Keypress: o
97.7730 	Level image=tasty.jpg 	25
98.7552 	DATA 	Keypress: o
98.7731 	Level injecting via pump at address 1 	25
104.7583 	DATA 	Keypress: o
104.7596 	DATA 	Keypress: o
104.7609 	DATA 	Keypress: o
104.7740 	Level WAIT 	25
105.7738 	Level RINSE 	25
107.7577 	DATA 	Keypress: o
107.7740 	Level jitter 	25
111.7524 	Level finished 	25
111.7539 	DATA 	Keypress: o
111.7553 	DATA 	Keypress: o
111.7746 	Level image=waterlogo.jpg 	25
112.7554 	DATA 	Keypress: o
112.7580 	Level injecting via pump at address 0 	25
118.7579 	DATA 	Keypress: o
118.7590 	DATA 	Keypress: o
118.7599 	DATA 	Keypress: o
118.7924 	Level WAIT 	25
119.7754 	Level RINSE 	25
121.7577 	DATA 	Keypress: o
121.7756 	Level jitter 	25
125.7524 	Level finished 	25
125.7537 	DATA 	Keypress: o
125.7548 	DATA 	Keypress: o
125.7763 	Level image=waterlogo.jpg 	25
126.7553 	DATA 	Keypress: o
126.7764 	Level injecting via pump at address 0 	25
132.7580 	DATA 	Keypress: o
132.7594 	DATA 	Keypress: o
132.7607 	DATA 	Keypress: o
132.7773 	Level WAIT 	25
133.7771 	Level RINSE 	25
135.7574 	DATA 	Keypress: o
135.7773 	Level jitter 	25
139.7524 	Level finished 	25
139.7542 	DATA 	Keypress: o
139.7556 	DATA 	Keypress: o
139.7778 	Level image=tasty.jpg 	25
140.7556 	DATA 	Keypress: o
140.7781 	Level injecting via pump at address 1 	25
146.7580 	DATA 	Keypress: o
146.7591 	DATA 	Keypress: o
146.7601 	DATA 	Keypress: o
146.7790 	Level WAIT 	25
147.7621 	Level RINSE 	25
149.7585 	DATA 	Keypress: o
149.7789 	Level jitter 	25
155.7524 	Level finished 	25
155.7540 	DATA 	Keypress: o
155.7554 	DATA 	Keypress: o
155.7564 	DATA 	Keypress: o
155.7798 	Level image=waterlogo.jpg 	25
156.7552 	DATA 	Keypress: o
156.7635 	Level injecting via pump at address 0 	25
162.7578 	DATA 	Keypress: o
162.7591 	DATA 	Keypress: o
162.7605 	DATA 	Keypress: o
162.7638 	Level WAIT 	25
163.7639 	Level RINSE 	25
165.7575 	DATA 	Keypress: o
165.7642 	Level jitter 	25
168.7524 	Level finished 	25
168.7536 	DATA 	Keypress: o
168.7547 	DATA 	Keypress: o
168.7816 	Level image=tasty.jpg 	25
169.7646 	Level injecting via pump at address 1 	25
175.7580 	DATA 	Keypress: o
175.7594 	DATA 	Keypress: o
175.7607 	DATA 	Keypress: o
175.7819 	Level WAIT 	25
176.7552 	DATA 	Keypress: o
176.7654 	Level RINSE 	25
178.7571 	DATA 	Keypress: o
178.7660 	Level jitter 	25
181.7524 	Level finished 	25
181.7537 	DATA 	Keypress: o
181.7661 	Level image=waterlogo.jpg 	25
182.7552 	DATA 	Keypress: o
182.7662 	Level injecting via pump at address 0 	25
188.7576 	DATA 	Keypress: o
188.7586 	DATA 	Keypress: o
188.7596 	DATA 	Keypress: o
188.7839 	Level WAIT 	25
189.7670 	Level RINSE 	25
191.7573 	DATA 	Keypress: o
191.7672 	Level jitter 	25
195.7525 	Level finished 	25
195.7537 	DATA 	Keypress: o
195.7547 	DATA 	Keypress: o
195.7843 	Level image=waterlogo.jpg 	25
196.7551 	DATA 	Keypress: o
196.7845 	Level injecting via pump at address 0 	25
202.7580 	DATA 	Keypress: o
202.7591 	DATA 	Keypress: o
202.7602 	DATA 	Keypress: o
202.7855 	Level WAIT 	25
203.7686 	Level RINSE 	25
205.7568 	DATA 	Keypress: o
205.7855 	Level jitter 	25
210.7524 	Level finished 	25
210.7538 	DATA 	Keypress: o
210.7552 	DATA 	Keypress: o
210.7564 	DATA 	Keypress: o
210.7694 	Level image=tasty.jpg 	25
211.7696 	Level injecting via pump at address 1 	25
217.7580 	DATA 	Keypress: o
217.7593 	DATA 	Keypress: o
217.7605 	DATA 	Keypress: o
217.7872 	Level WAIT 	25
218.7550 	DATA 	Keypress: o
218.7870 	Level RINSE 	25
220.7582 	DATA 	Keypress: o
220.7704 	Level jitter 	25
223.7524 	Level finished 	25
223.7537 	DATA 	Keypress: o
223.7710 	Level image=waterlogo.jpg 	25
224.7551 	DATA 	Keypress: o
224.7878 	Level injecting via pump at address 0 	25
230.7580 	DATA 	Keypress: o
230.7592 	DATA 	Keypress: o
230.7603 	DATA 	Keypress: o
230.7887 	Level WAIT 	25
231.7718 	Level RINSE 	25
233.7573 	DATA 	Keypress: o
233.7720 	Level jitter 	25
241.7524 	Level finished 	25
241.7539 	DATA 	Keypress: o
241.7553 	DATA 	Keypress: o
241.7565 	DATA 	Keypress: o
241.7577 	DATA 	Keypress: o
241.7734 	Level image=tasty.jpg 	25
242.7552 	DATA 	Keypress: o
242.7732 	Level injecting via pump at address 1 	25
248.7576 	DATA 	Keypress: o
248.7588 	DATA 	Keypress: o
248.7598 	DATA 	Keypress: o
248.7739 	Level WAIT 	25
249.7740 	Level RINSE 	25
251.7582 	DATA 	Keypress: o
251.7746 	Level jitter 	25
253.7524 	Level finished 	25
253.7536 	DATA 	Keypress: o
253.7745 	Level image=tasty.jpg 	25
254.7549 	DATA 	Keypress: o
254.7745 	Level injecting via pump at address 1 	25
260.7581 	DATA 	Keypress: o
260.7591 	DATA 	Keypress: o
260.7600 	DATA 	Keypress: o
260.7752 	Level WAIT 	25
261.7758 	Level RINSE 	25
263.7574 	DATA 	Keypress: o
263.7756 	Level jitter 	25
265.7524 	Level finished 	25
265.7537 	DATA 	Keypress: o
265.7759 	Level image=waterlogo.jpg 	25
266.7552 	DATA 	Keypress: o
266.7761 	Level injecting via pump at address 0 	25
272.7583 	DATA 	Keypress: o
272.7597 	DATA 	Keypress: o
272.7609 	DATA 	Keypress: o
272.7770 	Level WAIT 	25
273.7767 	Level RINSE 	25
275.7591 	DATA 	Keypress: o
275.7769 	Level jitter 	25
278.7525 	Level finished 	25
278.7536 	DATA 	Keypress: o
278.7546 	DATA 	Keypress: o
278.7774 	Level image=tasty.jpg 	25
279.7776 	Level injecting via pump at address 1 	25
285.7580 	DATA 	Keypress: o
285.7592 	DATA 	Keypress: o
285.7602 	DATA 	Keypress: o
285.7785 	Level WAIT 	25
286.7552 	DATA 	Keypress: o
286.7783 	Level RINSE 	25
288.7577 	DATA 	Keypress: o
288.7785 	Level jitter 	25
290.7524 	Level finished 	25
290.7536 	DATA 	Keypress: o
290.7622 	Level image=waterlogo.jpg 	25
291.7623 	Level injecting via pump at address 0 	25
297.7573 	DATA 	Keypress: o
297.7586 	DATA 	Keypress: o
297.7597 	DATA 	Keypress: o
297.7799 	Level WAIT 	25
298.7550 	DATA 	Keypress: o
298.7797 	Level RINSE 	25
300.7576 	DATA 	Keypress: o
300.7799 	Level jitter 	25
301.7524 	Level finished 	25
301.7800 	Level image=tasty.jpg 	25
302.7548 	DATA 	Keypress: o
302.7802 	Level injecting via pump at address 1 	25
308.7575 	DATA 	Keypress: o
308.7585 	DATA 	Keypress: o
308.7595 	DATA 	Keypress: o
308.7813 	Level WAIT 	25
309.7643 	Level RINSE 	25
311.7581 	DATA 	Keypress: o
311.7811 	Level jitter 	25
313.7524 	Level finished 	25
313.7537 	DATA 	Keypress: o
313.7814 	Level image=waterlogo.jpg 	25
314.7550 	DATA 	Keypress: o
314.7816 	Level injecting via pump at address 0 	25
320.7579 	DATA 	Keypress: o
320.7589 	DATA 	Keypress: o
320.7599 	DATA 	Keypress: o
320.7826 	Level WAIT 	25
321.7823 	Level RINSE 	25
323.7578 	DATA 	Keypress: o
323.7826 	Level jitter 	25
329.7524 	Level finished 	25
329.7540 	DATA 	Keypress: o
329.7554 	DATA 	Keypress: o
329.7566 	DATA 	Keypress: o
329.7834 	Level image=waterlogo.jpg 	25
330.7549 	DATA 	Keypress: o
330.7839 	Level injecting via pump at address 0 	25
336.7574 	DATA 	Keypress: o
336.7586 	DATA 	Keypress: o
336.7596 	DATA 	Keypress: o
336.7841 	Level WAIT 	25
337.7676 	Level RINSE 	25
339.7573 	DATA 	Keypress: o
339.7845 	Level jitter 	25
342.7524 	Level finished 	25
342.7539 	DATA 	Keypress: o
342.7551 	DATA 	Keypress: o
342.7852 	Level image=tasty.jpg 	25
343.7683 	Level injecting via pump at address 1 	25
349.7570 	DATA 	Keypress: o
349.7580 	DATA 	Keypress: o
349.7589 	DATA 	Keypress: o
349.7857 	Level WAIT 	25
350.7552 	DATA 	Keypress: o
350.7691 	Level RINSE 	25
352.7582 	DATA 	Keypress: o
352.7864 	Level jitter 	25
360.7524 	Level finished 	25
360.7538 	DATA 	Keypress: o
360.7551 	DATA 	Keypress: o
360.7562 	DATA 	Keypress: o
360.7574 	DATA 	Keypress: o
360.7869 	Level image=waterlogo.jpg 	25
361.7705 	Level injecting via pump at address 0 	25
367.7580 	DATA 	Keypress: o
367.7594 	DATA 	Keypress: o
367.7606 	DATA 	Keypress: o
367.7882 	Level WAIT 	25
368.7549 	DATA 	Keypress: o
368.7712 	Level RINSE 	25
370.7578 	DATA 	Keypress: o
370.7713 	Level jitter 	25
375.7524 	Level finished 	25
375.7538 	DATA 	Keypress: o
375.7552 	DATA 	Keypress: o
375.7721 	Level image=tasty.jpg 	25
376.7549 	DATA 	Keypress: o
376.7723 	Level injecting via pump at address 1 	25
382.7583 	DATA 	Keypress: o
382.7598 	DATA 	Keypress: o
382.7610 	DATA 	Keypress: o
382.7732 	Level WAIT 	25
383.7729 	Level RINSE 	25
385.7570 	DATA 	Keypress: o
385.7731 	Level jitter 	25
389.7524 	Level finished 	25
389.7538 	DATA 	Keypress: o
389.7555 	DATA 	Keypress: o
389.7903 	Level image=waterlogo.jpg 	25
390.7552 	DATA 	Keypress: o
390.7739 	Level injecting via pump at address 0 	25
396.7585 	DATA 	Keypress: o
396.7598 	DATA 	Keypress: o
396.7611 	DATA 	Keypress: o
396.7748 	Level WAIT 	25
397.7746 	Level RINSE 	25
399.7574 	DATA 	Keypress: o
399.7915 	Level jitter 	25
404.7524 	Level finished 	25
404.7538 	DATA 	Keypress: o
404.7553 	DATA 	Keypress: o
404.7566 	DATA 	Keypress: o
404.7755 	Level image=tasty.jpg 	25
405.7757 	Level injecting via pump at address 1 	25
411.7577 	DATA 	Keypress: o
411.7590 	DATA 	Keypress: o
411.7602 	DATA 	Keypress: o
411.7766 	Level WAIT 	25
412.7552 	DATA 	Keypress: o
412.7596 	Level RINSE 	25
414.7568 	DATA 	Keypress: o
414.7765 	Level jitter 	25
423.7524 	Level finished 	25
423.7538 	DATA 	Keypress: o
423.7550 	DATA 	Keypress: o
423.7560 	DATA 	Keypress: o
423.7570 	DATA 	Keypress: o
423.7780 	Level image=waterlogo.jpg 	25
424.7550 	DATA 	Keypress: o
424.7611 	Level injecting via pump at address 0 	25
430.7575 	DATA 	Keypress: o
430.7585 	DATA 	Keypress: o
430.7594 	DATA 	Keypress: o
430.7784 	Level WAIT 	25
431.7619 	Level RINSE 	25
433.7583 	DATA 	Keypress: o
433.7792 	Level jitter 	25
442.7524 	Level finished 	25
442.7536 	DATA 	Keypress: o
442.7547 	DATA 	Keypress: o
442.7557 	DATA 	Keypress: o
442.7569 	DATA 	Keypress: o
442.7580 	DATA 	Keypress: o
442.7798 	Level image=tasty.jpg 	25
443.7638 	Level injecting via pump at address 1 	25
449.7578 	DATA 	Keypress: o
449.7591 	DATA 	Keypress: o
449.7603 	DATA 	Keypress: o
449.7639 	Level WAIT 	25
450.7552 	DATA 	Keypress: o
450.7641 	Level RINSE 	25
452.7570 	DATA 	Keypress: o
452.7809 	Level jitter 	25
456.7524 	Level finished 	25
456.7538 	DATA 	Keypress: o
456.7552 	DATA 	Keypress: o
456.7819 	Level image=tasty.jpg 	25
457.7650 	Level injecting via pump at address 1 	25
463.7572 	DATA 	Keypress: o
463.7587 	DATA 	Keypress: o
463.7598 	DATA 	Keypress: o
463.7823 	Level WAIT 	25
464.7550 	DATA 	Keypress: o
464.7825 	Level RINSE 	25
466.7571 	DATA 	Keypress: o
466.7830 	Level jitter 	25
469.7524 	Level finished 	25
469.7538 	DATA 	Keypress: o
469.7830 	Level image=waterlogo.jpg 	25
470.7548 	DATA 	Keypress: o
470.7831 	Level injecting via pump at address 0 	25
476.7584 	DATA 	Keypress: o
476.7599 	DATA 	Keypress: o
476.7612 	DATA 	Keypress: o
476.7842 	Level WAIT 	25
477.7840 	Level RINSE 	25
479.7578 	DATA 	Keypress: o
479.7843 	Level jitter 	25
480.7524 	Level finished 	25
480.7535 	DATA 	Keypress: o
480.7844 	Level image=tasty.jpg 	25
481.7677 	Level injecting via pump at address 1 	25
487.7578 	DATA 	Keypress: o
487.7592 	DATA 	Keypress: o
487.7605 	DATA 	Keypress: o
487.7688 	Level WAIT 	25
488.7550 	DATA 	Keypress: o
488.7686 	Level RINSE 	25
490.7573 	DATA 	Keypress: o
490.7687 	Level jitter 	25
497.7524 	Level finished 	25
497.7541 	DATA 	Keypress: o
497.7557 	DATA 	Keypress: o
497.7570 	DATA 	Keypress: o
497.7866 	Level image=waterlogo.jpg 	25
498.7547 	DATA 	Keypress: o
498.7697 	Level injecting via pump at address 0 	25
504.7579 	DATA 	Keypress: o
504.7593 	DATA 	Keypress: o
504.7606 	DATA 	Keypress: o
504.7871 	Level WAIT 	25
505.7873 	Level RINSE 	25
507.7594 	DATA 	Keypress: o
507.7879 	Level jitter 	25
508.7524 	Level finished 	25
508.7536 	DATA 	Keypress: o
508.7876 	Level image=tasty.jpg 	25
509.7710 	Level injecting via pump at address 1 	25
515.7580 	DATA 	Keypress: o
515.7592 	DATA 	Keypress: o
515.7605 	DATA 	Keypress: o
515.7717 	Level WAIT 	25
516.7549 	DATA 	Keypress: o
516.7719 	Level RINSE 	25
518.7578 	DATA 	Keypress: o
518.7725 	Level jitter 	25
524.7524 	Level finished 	25
