65.3137 	DATA 	Keypress: o
65.3145 	Level start key press 	25
67.3134 	DATA 	Keypress: o
69.3185 	DATA 	Keypress: o
71.3132 	DATA 	Keypress: o
73.3363 	DATA 	Keypress: o
73.3409 	Level image=tasty.jpg 	25
74.2901 	Level injecting via pump at address 1 	25
80.2827 	DATA 	Keypress: o
80.2841 	DATA 	Keypress: o
80.2851 	DATA 	Keypress: o
80.2918 	Level WAIT 	25
81.2873 	Level RINSE 	25
83.2907 	DATA 	Keypress: o
83.2940 	Level jitter 	25
92.2769 	Level finished 	25
92.2784 	DATA 	Keypress: o
92.2797 	DATA 	Keypress: o
92.2809 	DATA 	Keypress: o
92.2822 	DATA 	Keypress: o
92.2834 	DATA 	Keypress: o
92.2975 	Level image=waterlogo.jpg 	25
93.2911 	Level injecting via pump at address 0 	25
99.2826 	DATA 	Keypress: o
99.2839 	DATA 	Keypress: o
99.2851 	DATA 	Keypress: o
99.2933 	Level WAIT 	25
100.2795 	DATA 	Keypress: o
100.2882 	Level RINSE 	25
102.2816 	DATA 	Keypress: o
102.2937 	Level jitter 	25
106.2769 	Level finished 	25
106.2781 	DATA 	Keypress: o
106.2793 	DATA 	Keypress: o
106.2906 	Level image=tasty.jpg 	25
107.2857 	Level injecting via pump at address 1 	25
113.2823 	DATA 	Keypress: o
113.2836 	DATA 	Keypress: o
113.2847 	DATA 	Keypress: o
113.2954 	Level WAIT 	25
114.2795 	DATA 	Keypress: o
114.2950 	Level RINSE 	25
116.2819 	DATA 	Keypress: o
116.2881 	Level jitter 	25
120.2769 	Level finished 	25
120.2783 	DATA 	Keypress: o
120.2796 	DATA 	Keypress: o
120.2963 	Level image=waterlogo.jpg 	25
121.2954 	Level injecting via pump at address 0 	25
127.2824 	DATA 	Keypress: o
127.2834 	DATA 	Keypress: o
127.2844 	DATA 	Keypress: o
127.2970 	Level WAIT 	25
128.2798 	DATA 	Keypress: o
128.2916 	Level RINSE 	25
130.2822 	DATA 	Keypress: o
130.2967 	Level jitter 	25
134.2769 	Level finished 	25
134.2784 	DATA 	Keypress: o
134.2797 	DATA 	Keypress: o
134.2943 	Level image=waterlogo.jpg 	25
135.2811 	Level injecting via pump at address 0 	25
141.2816 	DATA 	Keypress: o
141.2830 	DATA 	Keypress: o
141.2842 	DATA 	Keypress: o
141.2910 	Level WAIT 	25
142.2794 	DATA 	Keypress: o
142.2861 	Level RINSE 	25
144.2815 	DATA 	Keypress: o
144.2913 	Level jitter 	25
148.2769 	Level finished 	25
148.2783 	DATA 	Keypress: o
148.2797 	DATA 	Keypress: o
148.2880 	Level image=tasty.jpg 	25
149.2826 	Level injecting via pump at address 1 	25
155.2827 	DATA 	Keypress: o
155.2841 	DATA 	Keypress: o
155.2853 	DATA 	Keypress: o
155.3003 	Level WAIT 	25
156.2793 	DATA 	Keypress: o
156.2837 	Level RINSE 	25
158.2827 	DATA 	Keypress: o
158.3000 	Level jitter 	25
164.2769 	Level finished 	25
164.2783 	DATA 	Keypress: o
164.2797 	DATA 	Keypress: o
164.2811 	DATA 	Keypress: o
164.3013 	Level image=waterlogo.jpg 	25
165.2819 	Level injecting via pump at address 0 	25
171.2815 	DATA 	Keypress: o
171.2826 	DATA 	Keypress: o
171.2836 	DATA 	Keypress: o
171.3006 	Level WAIT 	25
172.2798 	DATA 	Keypress: o
172.2854 	Level RINSE 	25
174.2815 	DATA 	Keypress: o
174.2847 	Level jitter 	25
177.2769 	Level finished 	25
177.2783 	DATA 	Keypress: o
177.2867 	Level image=tasty.jpg 	25
178.2797 	DATA 	Keypress: o
178.2860 	Level injecting via pump at address 1 	25
184.2823 	DATA 	Keypress: o
184.2837 	DATA 	Keypress: o
184.2849 	DATA 	Keypress: o
184.2992 	Level WAIT 	25
185.2863 	Level RINSE 	25
187.2822 	DATA 	Keypress: o
187.2868 	Level jitter 	25
190.2769 	Level finished 	25
190.2783 	DATA 	Keypress: o
190.2796 	DATA 	Keypress: o
190.2877 	Level image=waterlogo.jpg 	25
191.2878 	Level injecting via pump at address 0 	25
197.2835 	DATA 	Keypress: o
197.2848 	DATA 	Keypress: o
197.2860 	DATA 	Keypress: o
197.2982 	Level WAIT 	25
198.2795 	DATA 	Keypress: o
198.2878 	Level RINSE 	25
200.2822 	DATA 	Keypress: o
200.2887 	Level jitter 	25
204.2769 	Level finished 	25
204.2783 	DATA 	Keypress: o
204.2795 	DATA 	Keypress: o
204.2884 	Level image=waterlogo.jpg 	25
205.2891 	Level injecting via pump at address 0 	25
211.2815 	DATA 	Keypress: o
211.2826 	DATA 	Keypress: o
211.2836 	DATA 	Keypress: o
211.2896 	Level WAIT 	25
212.2798 	DATA 	Keypress: o
212.2865 	Level RINSE 	25
214.2814 	DATA 	Keypress: o
214.2895 	Level jitter 	25
219.2769 	Level finished 	25
219.2786 	DATA 	Keypress: o
219.2802 	DATA 	Keypress: o
219.2906 	Level image=tasty.jpg 	25
220.2794 	DATA 	Keypress: o
220.2909 	Level injecting via pump at address 1 	25
226.2825 	DATA 	Keypress: o
226.2837 	DATA 	Keypress: o
226.2849 	DATA 	Keypress: o
226.2915 	Level WAIT 	25
227.2911 	Level RINSE 	25
229.2826 	DATA 	Keypress: o
229.2912 	Level jitter 	25
232.2769 	Level finished 	25
232.2782 	DATA 	Keypress: o
232.2792 	DATA 	Keypress: o
232.2927 	Level image=waterlogo.jpg 	25
233.2925 	Level injecting via pump at address 0 	25
239.2817 	DATA 	Keypress: o
239.2830 	DATA 	Keypress: o
239.2842 	DATA 	Keypress: o
239.2931 	Level WAIT 	25
240.2801 	DATA 	Keypress: o
240.2898 	Level RINSE 	25
242.2823 	DATA 	Keypress: o
242.2928 	Level jitter 	25
250.2769 	Level finished 	25
250.2782 	DATA 	Keypress: o
250.2792 	DATA 	Keypress: o
250.2802 	DATA 	Keypress: o
250.2811 	DATA 	Keypress: o
250.2945 	Level image=tasty.jpg 	25
251.2822 	Level injecting via pump at address 1 	25
257.2825 	DATA 	Keypress: o
257.2837 	DATA 	Keypress: o
257.2847 	DATA 	Keypress: o
257.2945 	Level WAIT 	25
258.2797 	DATA 	Keypress: o
258.2946 	Level RINSE 	25
260.2822 	DATA 	Keypress: o
260.2860 	Level jitter 	25
262.2769 	Level finished 	25
262.2781 	DATA 	Keypress: o
262.2913 	Level image=tasty.jpg 	25
263.2868 	Level injecting via pump at address 1 	25
269.2828 	DATA 	Keypress: o
269.2841 	DATA 	Keypress: o
269.2854 	DATA 	Keypress: o
269.2888 	Level WAIT 	25
270.2793 	DATA 	Keypress: o
270.2843 	Level RINSE 	25
272.2822 	DATA 	Keypress: o
272.2893 	Level jitter 	25
274.2769 	Level finished 	25
274.2781 	DATA 	Keypress: o
274.2953 	Level image=waterlogo.jpg 	25
275.2904 	Level injecting via pump at address 0 	25
281.2819 	DATA 	Keypress: o
281.2832 	DATA 	Keypress: o
281.2843 	DATA 	Keypress: o
281.2930 	Level WAIT 	25
282.2795 	DATA 	Keypress: o
282.2867 	Level RINSE 	25
284.2820 	DATA 	Keypress: o
284.2938 	Level jitter 	25
287.2769 	Level finished 	25
287.2782 	DATA 	Keypress: o
287.2942 	Level image=tasty.jpg 	25
288.2795 	DATA 	Keypress: o
288.2890 	Level injecting via pump at address 1 	25
294.2824 	DATA 	Keypress: o
294.2837 	DATA 	Keypress: o
294.2850 	DATA 	Keypress: o
294.2916 	Level WAIT 	25
295.2827 	Level RINSE 	25
297.2818 	DATA 	Keypress: o
297.2923 	Level jitter 	25
299.2769 	Level finished 	25
299.2780 	DATA 	Keypress: o
299.2985 	Level image=waterlogo.jpg 	25
300.2793 	DATA 	Keypress: o
300.2836 	Level injecting via pump at address 0 	25
306.2824 	DATA 	Keypress: o
306.2837 	DATA 	Keypress: o
306.2850 	DATA 	Keypress: o
306.2952 	Level WAIT 	25
307.2836 	Level RINSE 	25
309.2821 	DATA 	Keypress: o
309.2959 	Level jitter 	25
310.2769 	Level finished 	25
310.2782 	DATA 	Keypress: o
310.2910 	Level image=tasty.jpg 	25
311.2844 	Level injecting via pump at address 1 	25
317.2824 	DATA 	Keypress: o
317.2838 	DATA 	Keypress: o
317.2850 	DATA 	Keypress: o
317.2886 	Level WAIT 	25
318.2793 	DATA 	Keypress: o
318.2824 	Level RINSE 	25
320.2822 	DATA 	Keypress: o
320.2854 	Level jitter 	25
322.2769 	Level finished 	25
322.2781 	DATA 	Keypress: o
322.2946 	Level image=waterlogo.jpg 	25
323.2856 	Level injecting via pump at address 0 	25
329.2828 	DATA 	Keypress: o
329.2841 	DATA 	Keypress: o
329.2854 	DATA 	Keypress: o
329.2924 	Level WAIT 	25
330.2798 	DATA 	Keypress: o
330.2859 	Level RINSE 	25
332.2822 	DATA 	Keypress: o
332.2867 	Level jitter 	25
338.2769 	Level finished 	25
338.2783 	DATA 	Keypress: o
338.2796 	DATA 	Keypress: o
338.2807 	DATA 	Keypress: o
338.2945 	Level image=waterlogo.jpg 	25
339.2881 	Level injecting via pump at address 0 	25
345.2824 	DATA 	Keypress: o
345.2839 	DATA 	Keypress: o
345.2854 	DATA 	Keypress: o
345.2885 	Level WAIT 	25
346.2799 	DATA 	Keypress: o
346.2855 	Level RINSE 	25
348.2823 	DATA 	Keypress: o
348.2887 	Level jitter 	25
351.2769 	Level finished 	25
351.2783 	DATA 	Keypress: o
351.2902 	Level image=tasty.jpg 	25
352.2793 	DATA 	Keypress: o
352.2882 	Level injecting via pump at address 1 	25
358.2824 	DATA 	Keypress: o
358.2836 	DATA 	Keypress: o
358.2849 	DATA 	Keypress: o
358.2894 	Level WAIT 	25
359.2851 	Level RINSE 	25
361.2819 	DATA 	Keypress: o
361.2908 	Level jitter 	25
369.2769 	Level finished 	25
369.2782 	DATA 	Keypress: o
369.2793 	DATA 	Keypress: o
369.2804 	DATA 	Keypress: o
369.2814 	DATA 	Keypress: o
369.2915 	Level image=waterlogo.jpg 	25
370.2795 	DATA 	Keypress: o
370.2909 	Level injecting via pump at address 0 	25
376.2825 	DATA 	Keypress: o
376.2838 	DATA 	Keypress: o
376.2850 	DATA 	Keypress: o
376.2923 	Level WAIT 	25
377.2910 	Level RINSE 	25
379.2823 	DATA 	Keypress: o
379.2921 	Level jitter 	25
384.2769 	Level finished 	25
384.2782 	DATA 	Keypress: o
384.2792 	DATA 	Keypress: o
384.2803 	DATA 	Keypress: o
384.2873 	Level image=tasty.jpg 	25
385.2824 	Level injecting via pump at address 1 	25
391.2828 	DATA 	Keypress: o
391.2841 	DATA 	Keypress: o
391.2854 	DATA 	Keypress: o
391.2942 	Level WAIT 	25
392.2795 	DATA 	Keypress: o
392.2938 	Level RINSE 	25
394.2813 	DATA 	Keypress: o
394.2857 	Level jitter 	25
398.2769 	Level finished 	25
398.2784 	DATA 	Keypress: o
398.2797 	DATA 	Keypress: o
398.2940 	Level image=waterlogo.jpg 	25
399.2921 	Level injecting via pump at address 0 	25
405.2819 	DATA 	Keypress: o
405.2829 	DATA 	Keypress: o
405.2839 	DATA 	Keypress: o
405.2947 	Level WAIT 	25
406.2798 	DATA 	Keypress: o
406.2894 	Level RINSE 	25
408.2823 	DATA 	Keypress: o
408.2956 	Level jitter 	25
413.2769 	Level finished 	25
413.2787 	DATA 	Keypress: o
413.2800 	DATA 	Keypress: o
413.2957 	Level image=tasty.jpg 	25
414.2793 	DATA 	Keypress: o
414.2958 	Level injecting via pump at address 1 	25
420.2820 	DATA 	Keypress: o
420.2833 	DATA 	Keypress: o
420.2843 	DATA 	Keypress: o
420.2974 	Level WAIT 	25
421.2944 	Level RINSE 	25
423.2817 	DATA 	Keypress: o
423.2972 	Level jitter 	25
432.2769 	Level finished 	25
432.2783 	DATA 	Keypress: o
432.2796 	DATA 	Keypress: o
432.2809 	DATA 	Keypress: o
432.2821 	DATA 	Keypress: o
432.2834 	DATA 	Keypress: o
432.2990 	Level image=waterlogo.jpg 	25
433.2814 	Level injecting via pump at address 0 	25
439.2822 	DATA 	Keypress: o
439.2832 	DATA 	Keypress: o
439.2842 	DATA 	Keypress: o
439.2993 	Level WAIT 	25
440.2793 	DATA 	Keypress: o
440.2825 	Level RINSE 	25
442.2823 	DATA 	Keypress: o
442.2994 	Level jitter 	25
451.2769 	Level finished 	25
451.2784 	DATA 	Keypress: o
451.2798 	DATA 	Keypress: o
451.2810 	DATA 	Keypress: o
451.2823 	DATA 	Keypress: o
451.2999 	Level image=tasty.jpg 	25
452.2793 	DATA 	Keypress: o
452.2830 	Level injecting via pump at address 1 	25
458.2835 	DATA 	Keypress: o
458.2848 	DATA 	Keypress: o
458.2860 	DATA 	Keypress: o
458.3002 	Level WAIT 	25
459.2848 	Level RINSE 	25
461.2816 	DATA 	Keypress: o
461.2848 	Level jitter 	25
465.2769 	Level finished 	25
465.2783 	DATA 	Keypress: o
465.2796 	DATA 	Keypress: o
465.2975 	Level image=tasty.jpg 	25
466.2793 	DATA 	Keypress: o
466.2860 	Level injecting via pump at address 1 	25
472.2824 	DATA 	Keypress: o
472.2837 	DATA 	Keypress: o
472.2848 	DATA 	Keypress: o
472.2944 	Level WAIT 	25
473.2864 	Level RINSE 	25
475.2823 	DATA 	Keypress: o
475.2873 	Level jitter 	25
478.2769 	Level finished 	25
478.2781 	DATA 	Keypress: o
478.2791 	DATA 	Keypress: o
478.2957 	Level image=waterlogo.jpg 	25
479.2877 	Level injecting via pump at address 0 	25
485.2831 	DATA 	Keypress: o
485.2844 	DATA 	Keypress: o
485.2855 	DATA 	Keypress: o
485.2933 	Level WAIT 	25
486.2798 	DATA 	Keypress: o
486.2881 	Level RINSE 	25
488.2815 	DATA 	Keypress: o
488.2881 	Level jitter 	25
489.2769 	Level finished 	25
489.2884 	Level image=tasty.jpg 	25
490.2793 	DATA 	Keypress: o
490.2837 	Level injecting via pump at address 1 	25
496.2825 	DATA 	Keypress: o
496.2838 	DATA 	Keypress: o
496.2850 	DATA 	Keypress: o
496.2898 	Level WAIT 	25
497.2888 	Level RINSE 	25
499.2820 	DATA 	Keypress: o
499.2865 	Level jitter 	25
506.2769 	Level finished 	25
506.2783 	DATA 	Keypress: o
506.2796 	DATA 	Keypress: o
506.2808 	DATA 	Keypress: o
506.2821 	DATA 	Keypress: o
506.2904 	Level image=waterlogo.jpg 	25
507.2900 	Level injecting via pump at address 0 	25
513.2826 	DATA 	Keypress: o
513.2840 	DATA 	Keypress: o
513.2852 	DATA 	Keypress: o
513.2911 	Level WAIT 	25
514.2798 	DATA 	Keypress: o
514.2913 	Level RINSE 	25
516.2841 	DATA 	Keypress: o
516.2918 	Level jitter 	25
517.2769 	Level finished 	25
517.2916 	Level image=tasty.jpg 	25
518.2802 	DATA 	Keypress: o
518.2876 	Level injecting via pump at address 1 	25
524.2822 	DATA 	Keypress: o
524.2834 	DATA 	Keypress: o
524.2844 	DATA 	Keypress: o
524.2897 	Level WAIT 	25
525.2837 	Level RINSE 	25
527.2825 	DATA 	Keypress: o
527.2903 	Level jitter 	25
533.2769 	Level finished 	25
