59.9580 	DATA 	Keypress: o
59.9591 	Level start key press 	25
61.9685 	DATA 	Keypress: o
63.9686 	DATA 	Keypress: o
65.9688 	DATA 	Keypress: o
67.9692 	DATA 	Keypress: o
68.5002 	Level image=waterlogo.jpg 	25
69.4507 	Level injecting via pump at address 0 	25
75.4390 	DATA 	Keypress: o
75.4403 	DATA 	Keypress: o
75.4415 	DATA 	Keypress: o
75.4677 	Level WAIT 	25
76.4361 	DATA 	Keypress: o
76.4678 	Level RINSE 	25
78.4458 	DATA 	Keypress: o
78.4680 	Level jitter 	25
85.4335 	Level finished 	25
85.4346 	DATA 	Keypress: o
85.4356 	DATA 	Keypress: o
85.4366 	DATA 	Keypress: o
85.4694 	Level image=waterlogo.jpg 	25
86.4357 	DATA 	Keypress: o
86.4524 	Level injecting via pump at address 0 	25
92.4378 	DATA 	Keypress: o
92.4391 	DATA 	Keypress: o
92.4403 	DATA 	Keypress: o
92.4696 	Level WAIT 	25
93.4531 	Level RINSE 	25
95.4384 	DATA 	Keypress: o
95.4704 	Level jitter 	25
100.4335 	Level finished 	25
100.4348 	DATA 	Keypress: o
100.4357 	DATA 	Keypress: o
100.4367 	DATA 	Keypress: o
100.4540 	Level image=tasty.jpg 	25
101.4541 	Level injecting via pump at address 1 	25
107.4389 	DATA 	Keypress: o
107.4401 	DATA 	Keypress: o
107.4411 	DATA 	Keypress: o
107.4718 	Level WAIT 	25
108.4362 	DATA 	Keypress: o
108.4549 	Level RINSE 	25
110.4384 	DATA 	Keypress: o
110.4551 	Level jitter 	25
113.4335 	Level finished 	25
113.4346 	DATA 	Keypress: o
113.4554 	Level image=tasty.jpg 	25
114.4362 	DATA 	Keypress: o
114.4389 	Level injecting via pump at address 0 	25
120.4389 	DATA 	Keypress: o
120.4402 	DATA 	Keypress: o
120.4413 	DATA 	Keypress: o
120.4734 	Level WAIT 	25
121.4564 	Level RINSE 	25
123.4384 	DATA 	Keypress: o
123.4566 	Level jitter 	25
129.4335 	Level finished 	25
129.4346 	DATA 	Keypress: o
129.4356 	DATA 	Keypress: o
129.4366 	DATA 	Keypress: o
129.4574 	Level image=tasty.jpg 	25
130.4360 	DATA 	Keypress: o
130.4413 	Level injecting via pump at address 0 	25
136.4391 	DATA 	Keypress: o
136.4404 	DATA 	Keypress: o
136.4415 	DATA 	Keypress: o
136.4581 	Level WAIT 	25
137.4582 	Level RINSE 	25
139.4384 	DATA 	Keypress: o
139.4418 	Level jitter 	25
148.4335 	Level finished 	25
148.4348 	DATA 	Keypress: o
148.4361 	DATA 	Keypress: o
148.4373 	DATA 	Keypress: o
148.4385 	DATA 	Keypress: o
148.4397 	DATA 	Keypress: o
148.4766 	Level image=tasty.jpg 	25
149.4432 	Level injecting via pump at address 1 	25
155.4386 	DATA 	Keypress: o
155.4397 	DATA 	Keypress: o
155.4407 	DATA 	Keypress: o
155.4604 	Level WAIT 	25
156.4360 	DATA 	Keypress: o
156.4605 	Level RINSE 	25
158.4387 	DATA 	Keypress: o
158.4444 	Level jitter 	25
164.4335 	Level finished 	25
164.4348 	DATA 	Keypress: o
164.4358 	DATA 	Keypress: o
164.4367 	DATA 	Keypress: o
164.4449 	Level image=tasty.jpg 	25
165.4450 	Level injecting via pump at address 0 	25
171.4378 	DATA 	Keypress: o
171.4389 	DATA 	Keypress: o
171.4398 	DATA 	Keypress: o
171.4626 	Level WAIT 	25
172.4358 	DATA 	Keypress: o
172.4624 	Level RINSE 	25
174.4385 	DATA 	Keypress: o
174.4459 	Level jitter 	25
177.4335 	Level finished 	25
177.4346 	DATA 	Keypress: o
177.4463 	Level image=tasty.jpg 	25
178.4366 	DATA 	Keypress: o
178.4631 	Level injecting via pump at address 1 	25
184.4388 	DATA 	Keypress: o
184.4401 	DATA 	Keypress: o
184.4411 	DATA 	Keypress: o
184.4642 	Level WAIT 	25
185.4639 	Level RINSE 	25
187.4379 	DATA 	Keypress: o
187.4474 	Level jitter 	25
192.4335 	Level finished 	25
192.4346 	DATA 	Keypress: o
192.4356 	DATA 	Keypress: o
192.4366 	DATA 	Keypress: o
192.4482 	Level image=tasty.jpg 	25
193.4483 	Level injecting via pump at address 0 	25
199.4389 	DATA 	Keypress: o
199.4401 	DATA 	Keypress: o
199.4412 	DATA 	Keypress: o
199.4492 	Level WAIT 	25
200.4362 	DATA 	Keypress: o
200.4489 	Level RINSE 	25
202.4383 	DATA 	Keypress: o
202.4491 	Level jitter 	25
203.4335 	Level finished 	25
203.4493 	Level image=waterlogo.jpg 	25
204.4363 	DATA 	Keypress: o
204.4661 	Level injecting via pump at address 0 	25
210.4381 	DATA 	Keypress: o
210.4391 	DATA 	Keypress: o
210.4400 	DATA 	Keypress: o
210.4672 	Level WAIT 	25
211.4502 	Level RINSE 	25
213.4388 	DATA 	Keypress: o
213.4672 	Level jitter 	25
218.4335 	Level finished 	25
218.4347 	DATA 	Keypress: o
218.4358 	DATA 	Keypress: o
218.4370 	DATA 	Keypress: o
218.4511 	Level image=waterlogo.jpg 	25
219.4513 	Level injecting via pump at address 0 	25
225.4384 	DATA 	Keypress: o
225.4397 	DATA 	Keypress: o
225.4407 	DATA 	Keypress: o
225.4690 	Level WAIT 	25
226.4360 	DATA 	Keypress: o
226.4687 	Level RINSE 	25
228.4383 	DATA 	Keypress: o
228.4522 	Level jitter 	25
231.4335 	Level finished 	25
231.4346 	DATA 	Keypress: o
231.4526 	Level image=tasty.jpg 	25
232.4362 	DATA 	Keypress: o
232.4527 	Level injecting via pump at address 0 	25
238.4390 	DATA 	Keypress: o
238.4403 	DATA 	Keypress: o
238.4416 	DATA 	Keypress: o
238.4705 	Level WAIT 	25
239.4535 	Level RINSE 	25
241.4383 	DATA 	Keypress: o
241.4538 	Level jitter 	25
247.4335 	Level finished 	25
247.4347 	DATA 	Keypress: o
247.4357 	DATA 	Keypress: o
247.4366 	DATA 	Keypress: o
247.4545 	Level image=waterlogo.jpg 	25
248.4359 	DATA 	Keypress: o
248.4551 	Level injecting via pump at address 0 	25
254.4378 	DATA 	Keypress: o
254.4388 	DATA 	Keypress: o
254.4398 	DATA 	Keypress: o
254.4719 	Level WAIT 	25
255.4554 	Level RINSE 	25
257.4393 	DATA 	Keypress: o
257.4556 	Level jitter 	25
259.4335 	Level finished 	25
259.4346 	DATA 	Keypress: o
259.4563 	Level image=waterlogo.jpg 	25
260.4358 	DATA 	Keypress: o
260.4560 	Level injecting via pump at address 0 	25
266.4385 	DATA 	Keypress: o
266.4395 	DATA 	Keypress: o
266.4405 	DATA 	Keypress: o
266.4568 	Level WAIT 	25
267.4401 	Level RINSE 	25
269.4379 	DATA 	Keypress: o
269.4574 	Level jitter 	25
277.4335 	Level finished 	25
277.4347 	DATA 	Keypress: o
277.4359 	DATA 	Keypress: o
277.4370 	DATA 	Keypress: o
277.4382 	DATA 	Keypress: o
277.4580 	Level image=tasty.jpg 	25
278.4358 	DATA 	Keypress: o
278.4582 	Level injecting via pump at address 0 	25
284.4379 	DATA 	Keypress: o
284.4391 	DATA 	Keypress: o
284.4403 	DATA 	Keypress: o
284.4591 	Level WAIT 	25
285.4589 	Level RINSE 	25
287.4386 	DATA 	Keypress: o
287.4591 	Level jitter 	25
292.4335 	Level finished 	25
292.4346 	DATA 	Keypress: o
292.4356 	DATA 	Keypress: o
292.4371 	DATA 	Keypress: o
292.4598 	Level image=waterlogo.jpg 	25
293.4432 	Level injecting via pump at address 0 	25
299.4381 	DATA 	Keypress: o
299.4392 	DATA 	Keypress: o
299.4401 	DATA 	Keypress: o
299.4609 	Level WAIT 	25
300.4365 	DATA 	Keypress: o
300.4606 	Level RINSE 	25
302.4381 	DATA 	Keypress: o
302.4442 	Level jitter 	25
307.4335 	Level finished 	25
307.4348 	DATA 	Keypress: o
307.4359 	DATA 	Keypress: o
307.4616 	Level image=tasty.jpg 	25
308.4362 	DATA 	Keypress: o
308.4450 	Level injecting via pump at address 0 	25
314.4389 	DATA 	Keypress: o
314.4401 	DATA 	Keypress: o
314.4413 	DATA 	Keypress: o
314.4460 	Level WAIT 	25
315.4457 	Level RINSE 	25
317.4385 	DATA 	Keypress: o
317.4460 	Level jitter 	25
324.4335 	Level finished 	25
324.4347 	DATA 	Keypress: o
324.4357 	DATA 	Keypress: o
324.4369 	DATA 	Keypress: o
324.4382 	DATA 	Keypress: o
324.4640 	Level image=tasty.jpg 	25
325.4469 	Level injecting via pump at address 1 	25
331.4379 	DATA 	Keypress: o
331.4390 	DATA 	Keypress: o
331.4400 	DATA 	Keypress: o
331.4643 	Level WAIT 	25
332.4364 	DATA 	Keypress: o
332.4644 	Level RINSE 	25
334.4381 	DATA 	Keypress: o
334.4651 	Level jitter 	25
338.4335 	Level finished 	25
338.4347 	DATA 	Keypress: o
338.4358 	DATA 	Keypress: o
338.4652 	Level image=tasty.jpg 	25
339.4486 	Level injecting via pump at address 0 	25
345.4389 	DATA 	Keypress: o
345.4400 	DATA 	Keypress: o
345.4410 	DATA 	Keypress: o
345.4497 	Level WAIT 	25
346.4360 	DATA 	Keypress: o
346.4495 	Level RINSE 	25
348.4379 	DATA 	Keypress: o
348.4496 	Level jitter 	25
351.4335 	Level finished 	25
351.4346 	DATA 	Keypress: o
351.4667 	Level image=tasty.jpg 	25
352.4363 	DATA 	Keypress: o
352.4501 	Level injecting via pump at address 1 	25
358.4386 	DATA 	Keypress: o
358.4398 	DATA 	Keypress: o
358.4408 	DATA 	Keypress: o
358.4511 	Level WAIT 	25
359.4510 	Level RINSE 	25
361.4382 	DATA 	Keypress: o
361.4512 	Level jitter 	25
366.4335 	Level finished 	25
366.4348 	DATA 	Keypress: o
366.4358 	DATA 	Keypress: o
366.4368 	DATA 	Keypress: o
366.4685 	Level image=tasty.jpg 	25
367.4519 	Level injecting via pump at address 0 	25
373.4388 	DATA 	Keypress: o
373.4400 	DATA 	Keypress: o
373.4410 	DATA 	Keypress: o
373.4530 	Level WAIT 	25
374.4362 	DATA 	Keypress: o
374.4527 	Level RINSE 	25
376.4387 	DATA 	Keypress: o
376.4695 	Level jitter 	25
377.4335 	Level finished 	25
377.4531 	Level image=tasty.jpg 	25
378.4358 	DATA 	Keypress: o
378.4532 	Level injecting via pump at address 1 	25
384.4387 	DATA 	Keypress: o
384.4399 	DATA 	Keypress: o
384.4411 	DATA 	Keypress: o
384.4541 	Level WAIT 	25
385.4539 	Level RINSE 	25
387.4379 	DATA 	Keypress: o
387.4542 	Level jitter 	25
396.4335 	Level finished 	25
396.4346 	DATA 	Keypress: o
396.4356 	DATA 	Keypress: o
396.4366 	DATA 	Keypress: o
396.4375 	DATA 	Keypress: o
396.4384 	DATA 	Keypress: o
396.4556 	Level image=tasty.jpg 	25
397.4554 	Level injecting via pump at address 1 	25
403.4387 	DATA 	Keypress: o
403.4400 	DATA 	Keypress: o
403.4411 	DATA 	Keypress: o
403.4560 	Level WAIT 	25
404.4361 	DATA 	Keypress: o
404.4562 	Level RINSE 	25
406.4388 	DATA 	Keypress: o
406.4568 	Level jitter 	25
415.4335 	Level finished 	25
415.4346 	DATA 	Keypress: o
415.4356 	DATA 	Keypress: o
415.4368 	DATA 	Keypress: o
415.4379 	DATA 	Keypress: o
415.4574 	Level image=tasty.jpg 	25
416.4362 	DATA 	Keypress: o
416.4581 	Level injecting via pump at address 0 	25
422.4388 	DATA 	Keypress: o
422.4398 	DATA 	Keypress: o
422.4407 	DATA 	Keypress: o
422.4582 	Level WAIT 	25
423.4417 	Level RINSE 	25
425.4384 	DATA 	Keypress: o
425.4586 	Level jitter 	25
427.4335 	Level finished 	25
