92.9917 	DATA 	Keypress: o
92.9927 	Level start key press 	25
95.0030 	DATA 	Keypress: o
97.0033 	DATA 	Keypress: o
99.0036 	DATA 	Keypress: o
101.0205 	DATA 	Keypress: o
101.5181 	Level image=waterlogo.jpg 	25
102.4682 	Level injecting via pump at address 0 	25
108.4560 	DATA 	Keypress: o
108.4571 	DATA 	Keypress: o
108.4584 	DATA 	Keypress: o
108.4693 	Level WAIT 	25
109.4539 	DATA 	Keypress: o
109.4690 	Level RINSE 	25
111.4649 	DATA 	Keypress: o
111.4860 	Level jitter 	25
113.4515 	Level finished 	25
113.4526 	DATA 	Keypress: o
113.4861 	Level image=tasty.jpg 	25
114.4696 	Level injecting via pump at address 1 	25
120.4568 	DATA 	Keypress: o
120.4580 	DATA 	Keypress: o
120.4591 	DATA 	Keypress: o
120.4708 	Level WAIT 	25
121.4539 	DATA 	Keypress: o
121.4705 	Level RINSE 	25
123.4563 	DATA 	Keypress: o
123.4706 	Level jitter 	25
125.4515 	Level finished 	25
125.4526 	DATA 	Keypress: o
125.4877 	Level image=tasty.jpg 	25
126.4711 	Level injecting via pump at address 0 	25
132.4569 	DATA 	Keypress: o
132.4582 	DATA 	Keypress: o
132.4593 	DATA 	Keypress: o
132.4721 	Level WAIT 	25
133.4544 	DATA 	Keypress: o
133.4719 	Level RINSE 	25
135.4558 	DATA 	Keypress: o
135.4888 	Level jitter 	25
140.4515 	Level finished 	25
140.4527 	DATA 	Keypress: o
140.4537 	DATA 	Keypress: o
140.4727 	Level image=tasty.jpg 	25
141.4541 	DATA 	Keypress: o
141.4728 	Level injecting via pump at address 1 	25
147.4561 	DATA 	Keypress: o
147.4572 	DATA 	Keypress: o
147.4581 	DATA 	Keypress: o
147.4739 	Level WAIT 	25
148.4569 	Level RINSE 	25
150.4568 	DATA 	Keypress: o
150.4739 	Level jitter 	25
156.4515 	Level finished 	25
156.4527 	DATA 	Keypress: o
156.4537 	DATA 	Keypress: o
156.4548 	DATA 	Keypress: o
156.4745 	Level image=tasty.jpg 	25
157.4541 	DATA 	Keypress: o
157.4585 	Level injecting via pump at address 0 	25
163.4568 	DATA 	Keypress: o
163.4580 	DATA 	Keypress: o
163.4592 	DATA 	Keypress: o
163.4920 	Level WAIT 	25
164.4587 	Level RINSE 	25
166.4566 	DATA 	Keypress: o
166.4756 	Level jitter 	25
168.4515 	Level finished 	25
168.4527 	DATA 	Keypress: o
168.4763 	Level image=waterlogo.jpg 	25
169.4543 	DATA 	Keypress: o
169.4760 	Level injecting via pump at address 0 	25
175.4562 	DATA 	Keypress: o
175.4571 	DATA 	Keypress: o
175.4580 	DATA 	Keypress: o
175.4767 	Level WAIT 	25
176.4602 	Level RINSE 	25
178.4567 	DATA 	Keypress: o
178.4776 	Level jitter 	25
187.4515 	Level finished 	25
187.4528 	DATA 	Keypress: o
187.4537 	DATA 	Keypress: o
187.4546 	DATA 	Keypress: o
187.4555 	DATA 	Keypress: o
187.4565 	DATA 	Keypress: o
187.4782 	Level image=tasty.jpg 	25
188.4788 	Level injecting via pump at address 0 	25
194.4561 	DATA 	Keypress: o
194.4571 	DATA 	Keypress: o
194.4583 	DATA 	Keypress: o
194.4790 	Level WAIT 	25
195.4539 	DATA 	Keypress: o
195.4623 	Level RINSE 	25
197.4569 	DATA 	Keypress: o
197.4793 	Level jitter 	25
198.4515 	Level finished 	25
198.4632 	Level image=waterlogo.jpg 	25
199.4538 	DATA 	Keypress: o
199.4795 	Level injecting via pump at address 0 	25
205.4570 	DATA 	Keypress: o
205.4582 	DATA 	Keypress: o
205.4593 	DATA 	Keypress: o
205.4802 	Level WAIT 	25
206.4804 	Level RINSE 	25
208.4564 	DATA 	Keypress: o
208.4811 	Level jitter 	25
214.4515 	Level finished 	25
214.4527 	DATA 	Keypress: o
214.4538 	DATA 	Keypress: o
214.4547 	DATA 	Keypress: o
214.4813 	Level image=tasty.jpg 	25
215.4542 	DATA 	Keypress: o
215.4814 	Level injecting via pump at address 0 	25
221.4577 	DATA 	Keypress: o
221.4592 	DATA 	Keypress: o
221.4607 	DATA 	Keypress: o
221.4826 	Level WAIT 	25
222.4823 	Level RINSE 	25
224.4562 	DATA 	Keypress: o
224.4824 	Level jitter 	25
232.4515 	Level finished 	25
232.4527 	DATA 	Keypress: o
232.4537 	DATA 	Keypress: o
232.4547 	DATA 	Keypress: o
232.4556 	DATA 	Keypress: o
232.4672 	Level image=tasty.jpg 	25
233.4539 	DATA 	Keypress: o
233.4669 	Level injecting via pump at address 1 	25
239.4565 	DATA 	Keypress: o
239.4577 	DATA 	Keypress: o
239.4589 	DATA 	Keypress: o
239.4675 	Level WAIT 	25
240.4677 	Level RINSE 	25
242.4566 	DATA 	Keypress: o
242.4683 	Level jitter 	25
247.4515 	Level finished 	25
247.4527 	DATA 	Keypress: o
247.4537 	DATA 	Keypress: o
247.4549 	DATA 	Keypress: o
247.4852 	Level image=tasty.jpg 	25
248.4686 	Level injecting via pump at address 0 	25
254.4569 	DATA 	Keypress: o
254.4579 	DATA 	Keypress: o
254.4588 	DATA 	Keypress: o
254.4697 	Level WAIT 	25
255.4539 	DATA 	Keypress: o
255.4695 	Level RINSE 	25
257.4569 	DATA 	Keypress: o
257.4697 	Level jitter 	25
264.4515 	Level finished 	25
264.4527 	DATA 	Keypress: o
264.4538 	DATA 	Keypress: o
264.4550 	DATA 	Keypress: o
264.4709 	Level image=waterlogo.jpg 	25
265.4540 	DATA 	Keypress: o
265.4706 	Level injecting via pump at address 0 	25
271.4567 	DATA 	Keypress: o
271.4580 	DATA 	Keypress: o
271.4591 	DATA 	Keypress: o
271.4713 	Level WAIT 	25
272.4715 	Level RINSE 	25
274.4558 	DATA 	Keypress: o
274.4721 	Level jitter 	25
280.4515 	Level finished 	25
280.4527 	DATA 	Keypress: o
280.4539 	DATA 	Keypress: o
280.4550 	DATA 	Keypress: o
280.4724 	Level image=waterlogo.jpg 	25
281.4542 	DATA 	Keypress: o
281.4725 	Level injecting via pump at address 0 	25
287.4565 	DATA 	Keypress: o
287.4575 	DATA 	Keypress: o
287.4585 	DATA 	Keypress: o
287.4735 	Level WAIT 	25
288.4566 	Level RINSE 	25
290.4569 	DATA 	Keypress: o
290.4736 	Level jitter 	25
292.4515 	Level finished 	25
292.4526 	DATA 	Keypress: o
292.4738 	Level image=tasty.jpg 	25
293.4541 	DATA 	Keypress: o
293.4739 	Level injecting via pump at address 0 	25
299.4573 	DATA 	Keypress: o
299.4586 	DATA 	Keypress: o
299.4597 	DATA 	Keypress: o
299.4750 	Level WAIT 	25
300.4747 	Level RINSE 	25
302.4568 	DATA 	Keypress: o
302.4749 	Level jitter 	25
309.4515 	Level finished 	25
309.4527 	DATA 	Keypress: o
309.4537 	DATA 	Keypress: o
309.4549 	DATA 	Keypress: o
309.4561 	DATA 	Keypress: o
309.4762 	Level image=tasty.jpg 	25
310.4592 	Level injecting via pump at address 1 	25
316.4563 	DATA 	Keypress: o
316.4573 	DATA 	Keypress: o
316.4583 	DATA 	Keypress: o
316.4766 	Level WAIT 	25
317.4544 	DATA 	Keypress: o
317.4767 	Level RINSE 	25
319.4569 	DATA 	Keypress: o
319.4774 	Level jitter 	25
327.4515 	Level finished 	25
327.4527 	DATA 	Keypress: o
327.4539 	DATA 	Keypress: o
327.4548 	DATA 	Keypress: o
327.4557 	DATA 	Keypress: o
327.4779 	Level image=waterlogo.jpg 	25
328.4780 	Level injecting via pump at address 0 	25
334.4563 	DATA 	Keypress: o
334.4575 	DATA 	Keypress: o
334.4585 	DATA 	Keypress: o
334.4791 	Level WAIT 	25
335.4544 	DATA 	Keypress: o
335.4621 	Level RINSE 	25
337.4564 	DATA 	Keypress: o
337.4790 	Level jitter 	25
345.4515 	Level finished 	25
345.4527 	DATA 	Keypress: o
345.4536 	DATA 	Keypress: o
345.4546 	DATA 	Keypress: o
345.4555 	DATA 	Keypress: o
345.4805 	Level image=tasty.jpg 	25
346.4803 	Level injecting via pump at address 1 	25
352.4567 	DATA 	Keypress: o
352.4577 	DATA 	Keypress: o
352.4586 	DATA 	Keypress: o
352.4808 	Level WAIT 	25
353.4542 	DATA 	Keypress: o
353.4809 	Level RINSE 	25
355.4560 	DATA 	Keypress: o
355.4815 	Level jitter 	25
357.4515 	Level finished 	25
357.4529 	DATA 	Keypress: o
357.4649 	Level image=tasty.jpg 	25
358.4649 	Level injecting via pump at address 0 	25
364.4568 	DATA 	Keypress: o
364.4580 	DATA 	Keypress: o
364.4592 	DATA 	Keypress: o
364.4821 	Level WAIT 	25
365.4538 	DATA 	Keypress: o
365.4827 	Level RINSE 	25
367.4566 	DATA 	Keypress: o
367.4658 	Level jitter 	25
371.4515 	Level finished 	25
371.4527 	DATA 	Keypress: o
371.4536 	DATA 	Keypress: o
371.4830 	Level image=tasty.jpg 	25
372.4832 	Level injecting via pump at address 1 	25
378.4572 	DATA 	Keypress: o
378.4585 	DATA 	Keypress: o
378.4597 	DATA 	Keypress: o
378.4843 	Level WAIT 	25
379.4543 	DATA 	Keypress: o
379.4673 	Level RINSE 	25
381.4566 	DATA 	Keypress: o
381.4841 	Level jitter 	25
384.4515 	Level finished 	25
384.4526 	DATA 	Keypress: o
384.4845 	Level image=tasty.jpg 	25
385.4542 	DATA 	Keypress: o
385.4681 	Level injecting via pump at address 0 	25
391.4565 	DATA 	Keypress: o
391.4577 	DATA 	Keypress: o
391.4589 	DATA 	Keypress: o
391.4690 	Level WAIT 	25
392.4688 	Level RINSE 	25
394.4564 	DATA 	Keypress: o
394.4857 	Level jitter 	25
402.4515 	Level finished 	25
402.4527 	DATA 	Keypress: o
402.4540 	DATA 	Keypress: o
402.4552 	DATA 	Keypress: o
402.4564 	DATA 	Keypress: o
402.4871 	Level image=waterlogo.jpg 	25
403.4538 	DATA 	Keypress: o
403.4701 	Level injecting via pump at address 0 	25
409.4560 	DATA 	Keypress: o
409.4571 	DATA 	Keypress: o
409.4580 	DATA 	Keypress: o
409.4874 	Level WAIT 	25
410.4709 	Level RINSE 	25
412.4562 	DATA 	Keypress: o
412.4716 	Level jitter 	25
417.4515 	Level finished 	25
417.4528 	DATA 	Keypress: o
417.4539 	DATA 	Keypress: o
417.4549 	DATA 	Keypress: o
417.4718 	Level image=tasty.jpg 	25
418.4719 	Level injecting via pump at address 1 	25
424.4561 	DATA 	Keypress: o
424.4571 	DATA 	Keypress: o
424.4580 	DATA 	Keypress: o
424.4729 	Level WAIT 	25
425.4540 	DATA 	Keypress: o
425.4727 	Level RINSE 	25
427.4563 	DATA 	Keypress: o
427.4729 	Level jitter 	25
434.4515 	Level finished 	25
434.4527 	DATA 	Keypress: o
434.4536 	DATA 	Keypress: o
434.4546 	DATA 	Keypress: o
434.4742 	Level image=tasty.jpg 	25
435.4543 	DATA 	Keypress: o
435.4738 	Level injecting via pump at address 0 	25
441.4566 	DATA 	Keypress: o
441.4578 	DATA 	Keypress: o
441.4588 	DATA 	Keypress: o
441.4745 	Level WAIT 	25
442.4747 	Level RINSE 	25
444.4562 	DATA 	Keypress: o
444.4754 	Level jitter 	25
452.4515 	Level finished 	25
452.4529 	DATA 	Keypress: o
452.4541 	DATA 	Keypress: o
452.4552 	DATA 	Keypress: o
452.4564 	DATA 	Keypress: o
452.4759 	Level image=tasty.jpg 	25
453.4539 	DATA 	Keypress: o
453.4760 	Level injecting via pump at address 0 	25
459.4571 	DATA 	Keypress: o
459.4583 	DATA 	Keypress: o
459.4596 	DATA 	Keypress: o
459.4771 	Level WAIT 	25
460.4601 	Level RINSE 	25
462.4565 	DATA 	Keypress: o
462.4770 	Level jitter 	25
469.4515 	Level finished 	25
