53.0717 	DATA 	Keypress: o
53.0727 	Level start key press 	25
55.0985 	DATA 	Keypress: o
57.0822 	DATA 	Keypress: o
59.0824 	DATA 	Keypress: o
61.0826 	DATA 	Keypress: o
61.6305 	Level image=waterlogo.jpg 	25
62.5810 	Level injecting via pump at address 0 	25
68.5685 	DATA 	Keypress: o
68.5696 	DATA 	Keypress: o
68.5708 	DATA 	Keypress: o
68.5810 	Level WAIT 	25
69.5660 	DATA 	Keypress: o
69.5812 	Level RINSE 	25
71.5766 	DATA 	Keypress: o
71.5980 	Level jitter 	25
80.5636 	Level finished 	25
80.5650 	DATA 	Keypress: o
80.5661 	DATA 	Keypress: o
80.5670 	DATA 	Keypress: o
80.5680 	DATA 	Keypress: o
80.5829 	Level image=waterlogo.jpg 	25
81.5659 	DATA 	Keypress: o
81.5827 	Level injecting via pump at address 0 	25
87.5681 	DATA 	Keypress: o
87.5692 	DATA 	Keypress: o
87.5704 	DATA 	Keypress: o
87.5833 	Level WAIT 	25
88.5835 	Level RINSE 	25
90.5679 	DATA 	Keypress: o
90.5841 	Level jitter 	25
95.5636 	Level finished 	25
95.5648 	DATA 	Keypress: o
95.5658 	DATA 	Keypress: o
95.5667 	DATA 	Keypress: o
95.6010 	Level image=tasty.jpg 	25
96.5844 	Level injecting via pump at address 0 	25
102.5688 	DATA 	Keypress: o
102.5698 	DATA 	Keypress: o
102.5708 	DATA 	Keypress: o
102.5855 	Level WAIT 	25
103.5660 	DATA 	Keypress: o
103.5852 	Level RINSE 	25
105.5685 	DATA 	Keypress: o
105.5855 	Level jitter 	25
106.5636 	Level finished 	25
106.5856 	Level image=tasty.jpg 	25
107.5661 	DATA 	Keypress: o
107.5857 	Level injecting via pump at address 1 	25
113.5690 	DATA 	Keypress: o
113.5700 	DATA 	Keypress: o
113.5710 	DATA 	Keypress: o
113.5867 	Level WAIT 	25
114.5697 	Level RINSE 	25
116.5680 	DATA 	Keypress: o
116.5866 	Level jitter 	25
121.5636 	Level finished 	25
121.5648 	DATA 	Keypress: o
121.5657 	DATA 	Keypress: o
121.5667 	DATA 	Keypress: o
121.5873 	Level image=tasty.jpg 	25
122.5874 	Level injecting via pump at address 0 	25
128.5692 	DATA 	Keypress: o
128.5703 	DATA 	Keypress: o
128.5712 	DATA 	Keypress: o
128.5885 	Level WAIT 	25
129.5662 	DATA 	Keypress: o
129.5882 	Level RINSE 	25
131.5681 	DATA 	Keypress: o
131.5885 	Level jitter 	25
135.5636 	Level finished 	25
135.5648 	DATA 	Keypress: o
135.5657 	DATA 	Keypress: o
135.5890 	Level image=waterlogo.jpg 	25
136.5724 	Level injecting via pump at address 0 	25
142.5687 	DATA 	Keypress: o
142.5697 	DATA 	Keypress: o
142.5706 	DATA 	Keypress: o
142.5901 	Level WAIT 	25
143.5664 	DATA 	Keypress: o
143.5733 	Level RINSE 	25
145.5699 	DATA 	Keypress: o
145.5901 	Level jitter 	25
147.5636 	Level finished 	25
147.5649 	DATA 	Keypress: o
147.5904 	Level image=tasty.jpg 	25
148.5906 	Level injecting via pump at address 0 	25
154.5680 	DATA 	Keypress: o
154.5691 	DATA 	Keypress: o
154.5701 	DATA 	Keypress: o
154.5916 	Level WAIT 	25
155.5660 	DATA 	Keypress: o
155.5746 	Level RINSE 	25
157.5686 	DATA 	Keypress: o
157.5915 	Level jitter 	25
165.5636 	Level finished 	25
165.5650 	DATA 	Keypress: o
165.5663 	DATA 	Keypress: o
165.5675 	DATA 	Keypress: o
165.5686 	DATA 	Keypress: o
165.5928 	Level image=waterlogo.jpg 	25
166.5926 	Level injecting via pump at address 0 	25
172.5690 	DATA 	Keypress: o
172.5702 	DATA 	Keypress: o
172.5714 	DATA 	Keypress: o
172.5932 	Level WAIT 	25
173.5665 	DATA 	Keypress: o
173.5934 	Level RINSE 	25
175.5691 	DATA 	Keypress: o
175.5941 	Level jitter 	25
180.5636 	Level finished 	25
180.5650 	DATA 	Keypress: o
180.5663 	DATA 	Keypress: o
180.5775 	Level image=tasty.jpg 	25
181.5659 	DATA 	Keypress: o
181.5776 	Level injecting via pump at address 1 	25
187.5696 	DATA 	Keypress: o
187.5710 	DATA 	Keypress: o
187.5724 	DATA 	Keypress: o
187.5953 	Level WAIT 	25
188.5785 	Level RINSE 	25
190.5680 	DATA 	Keypress: o
190.5786 	Level jitter 	25
192.5636 	Level finished 	25
192.5647 	DATA 	Keypress: o
192.5957 	Level image=tasty.jpg 	25
193.5659 	DATA 	Keypress: o
193.5791 	Level injecting via pump at address 0 	25
199.5682 	DATA 	Keypress: o
199.5693 	DATA 	Keypress: o
199.5702 	DATA 	Keypress: o
199.5801 	Level WAIT 	25
200.5799 	Level RINSE 	25
202.5685 	DATA 	Keypress: o
202.5801 	Level jitter 	25
205.5636 	Level finished 	25
205.5647 	DATA 	Keypress: o
205.5657 	DATA 	Keypress: o
205.5804 	Level image=waterlogo.jpg 	25
206.5806 	Level injecting via pump at address 0 	25
212.5690 	DATA 	Keypress: o
212.5701 	DATA 	Keypress: o
212.5714 	DATA 	Keypress: o
212.5817 	Level WAIT 	25
213.5661 	DATA 	Keypress: o
213.5814 	Level RINSE 	25
215.5684 	DATA 	Keypress: o
215.5816 	Level jitter 	25
223.5636 	Level finished 	25
223.5648 	DATA 	Keypress: o
223.5658 	DATA 	Keypress: o
223.5666 	DATA 	Keypress: o
223.5676 	DATA 	Keypress: o
223.5996 	Level image=tasty.jpg 	25
224.5827 	Level injecting via pump at address 0 	25
230.5687 	DATA 	Keypress: o
230.5697 	DATA 	Keypress: o
230.5706 	DATA 	Keypress: o
230.5833 	Level WAIT 	25
231.5665 	DATA 	Keypress: o
231.5836 	Level RINSE 	25
233.5685 	DATA 	Keypress: o
233.5841 	Level jitter 	25
235.5636 	Level finished 	25
235.5650 	DATA 	Keypress: o
235.5839 	Level image=tasty.jpg 	25
236.5842 	Level injecting via pump at address 1 	25
242.5687 	DATA 	Keypress: o
242.5698 	DATA 	Keypress: o
242.5707 	DATA 	Keypress: o
242.5848 	Level WAIT 	25
243.5658 	DATA 	Keypress: o
243.5854 	Level RINSE 	25
245.5688 	DATA 	Keypress: o
245.6017 	Level jitter 	25
254.5636 	Level finished 	25
254.5650 	DATA 	Keypress: o
254.5663 	DATA 	Keypress: o
254.5674 	DATA 	Keypress: o
254.5686 	DATA 	Keypress: o
254.6032 	Level image=waterlogo.jpg 	25
255.5660 	DATA 	Keypress: o
255.5863 	Level injecting via pump at address 0 	25
261.5683 	DATA 	Keypress: o
261.5693 	DATA 	Keypress: o
261.5703 	DATA 	Keypress: o
261.5870 	Level WAIT 	25
262.5871 	Level RINSE 	25
264.5678 	DATA 	Keypress: o
264.5710 	Level jitter 	25
272.5636 	Level finished 	25
272.5648 	DATA 	Keypress: o
272.5658 	DATA 	Keypress: o
272.5667 	DATA 	Keypress: o
272.5677 	DATA 	Keypress: o
272.5883 	Level image=tasty.jpg 	25
273.5660 	DATA 	Keypress: o
273.5885 	Level injecting via pump at address 0 	25
279.5686 	DATA 	Keypress: o
279.5697 	DATA 	Keypress: o
279.5709 	DATA 	Keypress: o
279.5895 	Level WAIT 	25
280.5725 	Level RINSE 	25
282.5689 	DATA 	Keypress: o
282.5894 	Level jitter 	25
284.5636 	Level finished 	25
284.5649 	DATA 	Keypress: o
284.5897 	Level image=waterlogo.jpg 	25
285.5660 	DATA 	Keypress: o
285.5899 	Level injecting via pump at address 0 	25
291.5684 	DATA 	Keypress: o
291.5693 	DATA 	Keypress: o
291.5704 	DATA 	Keypress: o
291.5908 	Level WAIT 	25
292.5739 	Level RINSE 	25
294.5683 	DATA 	Keypress: o
294.5908 	Level jitter 	25
301.5636 	Level finished 	25
301.5650 	DATA 	Keypress: o
301.5661 	DATA 	Keypress: o
301.5671 	DATA 	Keypress: o
301.5680 	DATA 	Keypress: o
301.5921 	Level image=tasty.jpg 	25
302.5751 	Level injecting via pump at address 1 	25
308.5688 	DATA 	Keypress: o
308.5698 	DATA 	Keypress: o
308.5707 	DATA 	Keypress: o
308.5758 	Level WAIT 	25
309.5663 	DATA 	Keypress: o
309.5759 	Level RINSE 	25
311.5686 	DATA 	Keypress: o
311.5766 	Level jitter 	25
316.5636 	Level finished 	25
316.5648 	DATA 	Keypress: o
316.5657 	DATA 	Keypress: o
316.5935 	Level image=tasty.jpg 	25
317.5659 	DATA 	Keypress: o
317.5769 	Level injecting via pump at address 0 	25
323.5686 	DATA 	Keypress: o
323.5697 	DATA 	Keypress: o
323.5706 	DATA 	Keypress: o
323.5946 	Level WAIT 	25
324.5777 	Level RINSE 	25
326.5686 	DATA 	Keypress: o
326.5946 	Level jitter 	25
328.5636 	Level finished 	25
328.5649 	DATA 	Keypress: o
328.5949 	Level image=tasty.jpg 	25
329.5660 	DATA 	Keypress: o
329.5950 	Level injecting via pump at address 1 	25
335.5689 	DATA 	Keypress: o
335.5700 	DATA 	Keypress: o
335.5710 	DATA 	Keypress: o
335.5960 	Level WAIT 	25
336.5791 	Level RINSE 	25
338.5680 	DATA 	Keypress: o
338.5959 	Level jitter 	25
341.5636 	Level finished 	25
341.5650 	DATA 	Keypress: o
341.5663 	DATA 	Keypress: o
341.5963 	Level image=tasty.jpg 	25
342.5799 	Level injecting via pump at address 0 	25
348.5687 	DATA 	Keypress: o
348.5699 	DATA 	Keypress: o
348.5711 	DATA 	Keypress: o
348.5976 	Level WAIT 	25
349.5663 	DATA 	Keypress: o
349.5806 	Level RINSE 	25
351.5689 	DATA 	Keypress: o
351.5975 	Level jitter 	25
353.5636 	Level finished 	25
353.5648 	DATA 	Keypress: o
353.5811 	Level image=tasty.jpg 	25
354.5979 	Level injecting via pump at address 1 	25
360.5684 	DATA 	Keypress: o
360.5697 	DATA 	Keypress: o
360.5707 	DATA 	Keypress: o
360.5990 	Level WAIT 	25
361.5661 	DATA 	Keypress: o
361.5820 	Level RINSE 	25
363.5688 	DATA 	Keypress: o
363.5989 	Level jitter 	25
367.5636 	Level finished 	25
367.5647 	DATA 	Keypress: o
367.5658 	DATA 	Keypress: o
367.5827 	Level image=tasty.jpg 	25
368.5829 	Level injecting via pump at address 0 	25
374.5688 	DATA 	Keypress: o
374.5700 	DATA 	Keypress: o
374.5712 	DATA 	Keypress: o
374.5838 	Level WAIT 	25
375.5664 	DATA 	Keypress: o
375.5836 	Level RINSE 	25
377.5685 	DATA 	Keypress: o
377.5838 	Level jitter 	25
379.5636 	Level finished 	25
379.5647 	DATA 	Keypress: o
379.6008 	Level image=tasty.jpg 	25
380.5842 	Level injecting via pump at address 1 	25
386.5689 	DATA 	Keypress: o
386.5699 	DATA 	Keypress: o
386.5711 	DATA 	Keypress: o
386.5854 	Level WAIT 	25
387.5664 	DATA 	Keypress: o
387.5851 	Level RINSE 	25
389.5681 	DATA 	Keypress: o
389.5852 	Level jitter 	25
397.5636 	Level finished 	25
397.5648 	DATA 	Keypress: o
397.5657 	DATA 	Keypress: o
397.5666 	DATA 	Keypress: o
397.5676 	DATA 	Keypress: o
397.5867 	Level image=tasty.jpg 	25
398.5697 	Level injecting via pump at address 0 	25
404.5692 	DATA 	Keypress: o
404.5704 	DATA 	Keypress: o
404.5717 	DATA 	Keypress: o
404.6037 	Level WAIT 	25
405.5664 	DATA 	Keypress: o
405.5872 	Level RINSE 	25
407.5683 	DATA 	Keypress: o
407.5877 	Level jitter 	25
414.5636 	Level finished 	25
