55.1824 	DATA 	Keypress: o
55.1833 	Level start key press 	25
57.1920 	DATA 	Keypress: o
59.1920 	DATA 	Keypress: o
61.1922 	DATA 	Keypress: o
63.1926 	DATA 	Keypress: o
63.6401 	Level image=waterlogo.jpg 	25
64.5904 	Level injecting via pump at address 0 	25
70.5626 	DATA 	Keypress: o
70.5640 	DATA 	Keypress: o
70.5652 	DATA 	Keypress: o
70.5914 	Level WAIT 	25
71.5595 	DATA 	Keypress: o
71.5745 	Level RINSE 	25
73.5694 	DATA 	Keypress: o
73.5914 	Level jitter 	25
80.5569 	Level finished 	25
80.5581 	DATA 	Keypress: o
80.5592 	DATA 	Keypress: o
80.5605 	DATA 	Keypress: o
80.5759 	Level image=waterlogo.jpg 	25
81.5592 	DATA 	Keypress: o
81.5757 	Level injecting via pump at address 0 	25
87.5620 	DATA 	Keypress: o
87.5631 	DATA 	Keypress: o
87.5642 	DATA 	Keypress: o
87.5763 	Level WAIT 	25
88.5765 	Level RINSE 	25
90.5617 	DATA 	Keypress: o
90.5772 	Level jitter 	25
95.5569 	Level finished 	25
95.5584 	DATA 	Keypress: o
95.5595 	DATA 	Keypress: o
95.5607 	DATA 	Keypress: o
95.5941 	Level image=tasty.jpg 	25
96.5775 	Level injecting via pump at address 1 	25
102.5614 	DATA 	Keypress: o
102.5628 	DATA 	Keypress: o
102.5640 	DATA 	Keypress: o
102.5785 	Level WAIT 	25
103.5592 	DATA 	Keypress: o
103.5783 	Level RINSE 	25
105.5614 	DATA 	Keypress: o
105.5785 	Level jitter 	25
108.5569 	Level finished 	25
108.5581 	DATA 	Keypress: o
108.5788 	Level image=tasty.jpg 	25
109.5594 	DATA 	Keypress: o
109.5790 	Level injecting via pump at address 0 	25
115.5624 	DATA 	Keypress: o
115.5634 	DATA 	Keypress: o
115.5644 	DATA 	Keypress: o
115.5800 	Level WAIT 	25
116.5798 	Level RINSE 	25
118.5618 	DATA 	Keypress: o
118.5800 	Level jitter 	25
124.5569 	Level finished 	25
124.5584 	DATA 	Keypress: o
124.5596 	DATA 	Keypress: o
124.5608 	DATA 	Keypress: o
124.5807 	Level image=tasty.jpg 	25
125.5596 	DATA 	Keypress: o
125.5813 	Level injecting via pump at address 0 	25
131.5625 	DATA 	Keypress: o
131.5638 	DATA 	Keypress: o
131.5650 	DATA 	Keypress: o
131.5815 	Level WAIT 	25
132.5817 	Level RINSE 	25
134.5619 	DATA 	Keypress: o
134.5819 	Level jitter 	25
143.5569 	Level finished 	25
143.5582 	DATA 	Keypress: o
143.5593 	DATA 	Keypress: o
143.5602 	DATA 	Keypress: o
143.5611 	DATA 	Keypress: o
143.5620 	DATA 	Keypress: o
143.5834 	Level image=tasty.jpg 	25
144.5831 	Level injecting via pump at address 1 	25
150.5615 	DATA 	Keypress: o
150.5625 	DATA 	Keypress: o
150.5634 	DATA 	Keypress: o
150.5838 	Level WAIT 	25
151.5593 	DATA 	Keypress: o
151.5839 	Level RINSE 	25
153.5622 	DATA 	Keypress: o
153.5845 	Level jitter 	25
159.5569 	Level finished 	25
159.5582 	DATA 	Keypress: o
159.5592 	DATA 	Keypress: o
159.5600 	DATA 	Keypress: o
159.5848 	Level image=tasty.jpg 	25
160.5850 	Level injecting via pump at address 0 	25
166.5615 	DATA 	Keypress: o
166.5625 	DATA 	Keypress: o
166.5634 	DATA 	Keypress: o
166.5860 	Level WAIT 	25
167.5594 	DATA 	Keypress: o
167.5858 	Level RINSE 	25
169.5619 	DATA 	Keypress: o
169.5860 	Level jitter 	25
172.5569 	Level finished 	25
172.5581 	DATA 	Keypress: o
172.5864 	Level image=tasty.jpg 	25
173.5594 	DATA 	Keypress: o
173.5865 	Level injecting via pump at address 1 	25
179.5625 	DATA 	Keypress: o
179.5638 	DATA 	Keypress: o
179.5650 	DATA 	Keypress: o
179.5876 	Level WAIT 	25
180.5706 	Level RINSE 	25
182.5626 	DATA 	Keypress: o
182.5875 	Level jitter 	25
187.5569 	Level finished 	25
187.5582 	DATA 	Keypress: o
187.5594 	DATA 	Keypress: o
187.5608 	DATA 	Keypress: o
187.5881 	Level image=tasty.jpg 	25
188.5717 	Level injecting via pump at address 0 	25
194.5623 	DATA 	Keypress: o
194.5636 	DATA 	Keypress: o
194.5651 	DATA 	Keypress: o
194.5894 	Level WAIT 	25
195.5592 	DATA 	Keypress: o
195.5891 	Level RINSE 	25
197.5624 	DATA 	Keypress: o
197.5893 	Level jitter 	25
198.5569 	Level finished 	25
198.5894 	Level image=waterlogo.jpg 	25
199.5597 	DATA 	Keypress: o
199.5728 	Level injecting via pump at address 0 	25
205.5615 	DATA 	Keypress: o
205.5625 	DATA 	Keypress: o
205.5634 	DATA 	Keypress: o
205.5739 	Level WAIT 	25
206.5736 	Level RINSE 	25
208.5617 	DATA 	Keypress: o
208.5739 	Level jitter 	25
213.5569 	Level finished 	25
213.5581 	DATA 	Keypress: o
213.5591 	DATA 	Keypress: o
213.5601 	DATA 	Keypress: o
213.5912 	Level image=waterlogo.jpg 	25
214.5747 	Level injecting via pump at address 0 	25
220.5624 	DATA 	Keypress: o
220.5638 	DATA 	Keypress: o
220.5651 	DATA 	Keypress: o
220.5924 	Level WAIT 	25
221.5593 	DATA 	Keypress: o
221.5753 	Level RINSE 	25
223.5627 	DATA 	Keypress: o
223.5923 	Level jitter 	25
226.5569 	Level finished 	25
226.5582 	DATA 	Keypress: o
226.5926 	Level image=tasty.jpg 	25
227.5598 	DATA 	Keypress: o
227.5761 	Level injecting via pump at address 0 	25
233.5625 	DATA 	Keypress: o
233.5639 	DATA 	Keypress: o
233.5652 	DATA 	Keypress: o
233.5772 	Level WAIT 	25
234.5769 	Level RINSE 	25
236.5620 	DATA 	Keypress: o
236.5771 	Level jitter 	25
242.5569 	Level finished 	25
242.5583 	DATA 	Keypress: o
242.5596 	DATA 	Keypress: o
242.5608 	DATA 	Keypress: o
242.5946 	Level image=waterlogo.jpg 	25
243.5593 	DATA 	Keypress: o
243.5785 	Level injecting via pump at address 0 	25
249.5613 	DATA 	Keypress: o
249.5623 	DATA 	Keypress: o
249.5636 	DATA 	Keypress: o
249.5786 	Level WAIT 	25
250.5788 	Level RINSE 	25
252.5621 	DATA 	Keypress: o
252.5790 	Level jitter 	25
254.5569 	Level finished 	25
254.5582 	DATA 	Keypress: o
254.5963 	Level image=waterlogo.jpg 	25
255.5592 	DATA 	Keypress: o
255.5794 	Level injecting via pump at address 0 	25
261.5626 	DATA 	Keypress: o
261.5639 	DATA 	Keypress: o
261.5652 	DATA 	Keypress: o
261.5802 	Level WAIT 	25
262.5803 	Level RINSE 	25
264.5625 	DATA 	Keypress: o
264.5808 	Level jitter 	25
272.5569 	Level finished 	25
272.5581 	DATA 	Keypress: o
272.5591 	DATA 	Keypress: o
272.5603 	DATA 	Keypress: o
272.5614 	DATA 	Keypress: o
272.5814 	Level image=tasty.jpg 	25
273.5593 	DATA 	Keypress: o
273.5816 	Level injecting via pump at address 0 	25
279.5622 	DATA 	Keypress: o
279.5632 	DATA 	Keypress: o
279.5642 	DATA 	Keypress: o
279.5825 	Level WAIT 	25
280.5656 	Level RINSE 	25
282.5622 	DATA 	Keypress: o
282.5825 	Level jitter 	25
287.5569 	Level finished 	25
287.5581 	DATA 	Keypress: o
287.5593 	DATA 	Keypress: o
287.5604 	DATA 	Keypress: o
287.5832 	Level image=waterlogo.jpg 	25
288.5834 	Level injecting via pump at address 0 	25
294.5618 	DATA 	Keypress: o
294.5632 	DATA 	Keypress: o
294.5642 	DATA 	Keypress: o
294.5843 	Level WAIT 	25
295.5595 	DATA 	Keypress: o
295.5841 	Level RINSE 	25
297.5621 	DATA 	Keypress: o
297.5843 	Level jitter 	25
302.5569 	Level finished 	25
302.5584 	DATA 	Keypress: o
302.5595 	DATA 	Keypress: o
302.5849 	Level image=tasty.jpg 	25
303.5597 	DATA 	Keypress: o
303.5851 	Level injecting via pump at address 0 	25
309.5614 	DATA 	Keypress: o
309.5625 	DATA 	Keypress: o
309.5635 	DATA 	Keypress: o
309.5861 	Level WAIT 	25
310.5858 	Level RINSE 	25
312.5613 	DATA 	Keypress: o
312.5861 	Level jitter 	25
319.5569 	Level finished 	25
319.5581 	DATA 	Keypress: o
319.5593 	DATA 	Keypress: o
319.5605 	DATA 	Keypress: o
319.5616 	DATA 	Keypress: o
319.5874 	Level image=tasty.jpg 	25
320.5871 	Level injecting via pump at address 1 	25
326.5616 	DATA 	Keypress: o
326.5628 	DATA 	Keypress: o
326.5639 	DATA 	Keypress: o
326.5877 	Level WAIT 	25
327.5597 	DATA 	Keypress: o
327.5712 	Level RINSE 	25
329.5623 	DATA 	Keypress: o
329.5884 	Level jitter 	25
333.5569 	Level finished 	25
333.5581 	DATA 	Keypress: o
333.5591 	DATA 	Keypress: o
333.5718 	Level image=tasty.jpg 	25
334.5720 	Level injecting via pump at address 0 	25
340.5618 	DATA 	Keypress: o
340.5630 	DATA 	Keypress: o
340.5640 	DATA 	Keypress: o
340.5731 	Level WAIT 	25
341.5594 	DATA 	Keypress: o
341.5728 	Level RINSE 	25
343.5616 	DATA 	Keypress: o
343.5731 	Level jitter 	25
346.5569 	Level finished 	25
346.5581 	DATA 	Keypress: o
346.5734 	Level image=tasty.jpg 	25
347.5593 	DATA 	Keypress: o
347.5735 	Level injecting via pump at address 1 	25
353.5622 	DATA 	Keypress: o
353.5635 	DATA 	Keypress: o
353.5647 	DATA 	Keypress: o
353.5912 	Level WAIT 	25
354.5744 	Level RINSE 	25
356.5623 	DATA 	Keypress: o
356.5745 	Level jitter 	25
361.5569 	Level finished 	25
361.5583 	DATA 	Keypress: o
361.5597 	DATA 	Keypress: o
361.5609 	DATA 	Keypress: o
361.5751 	Level image=tasty.jpg 	25
362.5753 	Level injecting via pump at address 0 	25
368.5624 	DATA 	Keypress: o
368.5636 	DATA 	Keypress: o
368.5648 	DATA 	Keypress: o
368.5763 	Level WAIT 	25
369.5597 	DATA 	Keypress: o
369.5761 	Level RINSE 	25
371.5622 	DATA 	Keypress: o
371.5763 	Level jitter 	25
372.5569 	Level finished 	25
372.5765 	Level image=tasty.jpg 	25
373.5596 	DATA 	Keypress: o
373.5933 	Level injecting via pump at address 1 	25
379.5621 	DATA 	Keypress: o
379.5634 	DATA 	Keypress: o
379.5646 	DATA 	Keypress: o
379.5943 	Level WAIT 	25
380.5774 	Level RINSE 	25
382.5622 	DATA 	Keypress: o
382.5943 	Level jitter 	25
391.5569 	Level finished 	25
391.5584 	DATA 	Keypress: o
391.5595 	DATA 	Keypress: o
391.5605 	DATA 	Keypress: o
391.5616 	DATA 	Keypress: o
391.5626 	DATA 	Keypress: o
391.5958 	Level image=tasty.jpg 	25
392.5621 	Level injecting via pump at address 1 	25
398.5621 	DATA 	Keypress: o
398.5632 	DATA 	Keypress: o
398.5644 	DATA 	Keypress: o
398.5961 	Level WAIT 	25
399.5593 	DATA 	Keypress: o
399.5796 	Level RINSE 	25
401.5623 	DATA 	Keypress: o
401.5803 	Level jitter 	25
410.5569 	Level finished 	25
410.5581 	DATA 	Keypress: o
410.5593 	DATA 	Keypress: o
410.5605 	DATA 	Keypress: o
410.5617 	DATA 	Keypress: o
410.5975 	Level image=tasty.jpg 	25
411.5597 	DATA 	Keypress: o
411.5648 	Level injecting via pump at address 0 	25
417.5627 	DATA 	Keypress: o
417.5643 	DATA 	Keypress: o
417.5654 	DATA 	Keypress: o
417.5817 	Level WAIT 	25
418.5818 	Level RINSE 	25
420.5623 	DATA 	Keypress: o
420.5653 	Level jitter 	25
422.5569 	Level finished 	25
