57.4282 	DATA 	Keypress: o
57.4296 	Level start key press 	25
59.4273 	DATA 	Keypress: o
61.4330 	DATA 	Keypress: o
63.4331 	DATA 	Keypress: o
65.4610 	DATA 	Keypress: o
65.4768 	Level image=waterlogo.jpg 	25
66.4041 	Level injecting via pump at address 0 	25
72.4043 	DATA 	Keypress: o
72.4055 	DATA 	Keypress: o
72.4068 	DATA 	Keypress: o
72.4128 	Level WAIT 	25
73.4127 	Level RINSE 	25
75.4124 	DATA 	Keypress: o
75.4244 	Level jitter 	25
82.3988 	Level finished 	25
82.4001 	DATA 	Keypress: o
82.4012 	DATA 	Keypress: o
82.4022 	DATA 	Keypress: o
82.4032 	DATA 	Keypress: o
82.4146 	Level image=waterlogo.jpg 	25
83.4142 	Level injecting via pump at address 0 	25
89.4043 	DATA 	Keypress: o
89.4057 	DATA 	Keypress: o
89.4070 	DATA 	Keypress: o
89.4149 	Level WAIT 	25
90.4013 	DATA 	Keypress: o
90.4125 	Level RINSE 	25
92.4041 	DATA 	Keypress: o
92.4146 	Level jitter 	25
97.3988 	Level finished 	25
97.4002 	DATA 	Keypress: o
97.4012 	DATA 	Keypress: o
97.4094 	Level image=tasty.jpg 	25
98.4014 	DATA 	Keypress: o
98.4159 	Level injecting via pump at address 1 	25
104.4042 	DATA 	Keypress: o
104.4055 	DATA 	Keypress: o
104.4068 	DATA 	Keypress: o
104.4161 	Level WAIT 	25
105.4157 	Level RINSE 	25
107.4039 	DATA 	Keypress: o
107.4073 	Level jitter 	25
110.3988 	Level finished 	25
110.4008 	DATA 	Keypress: o
110.4025 	DATA 	Keypress: o
110.4172 	Level image=tasty.jpg 	25
111.4030 	Level injecting via pump at address 0 	25
117.4049 	DATA 	Keypress: o
117.4062 	DATA 	Keypress: o
117.4075 	DATA 	Keypress: o
117.4176 	Level WAIT 	25
118.4017 	DATA 	Keypress: o
118.4164 	Level RINSE 	25
120.4036 	DATA 	Keypress: o
120.4174 	Level jitter 	25
126.3988 	Level finished 	25
126.4001 	DATA 	Keypress: o
126.4013 	DATA 	Keypress: o
126.4025 	DATA 	Keypress: o
126.4190 	Level image=tasty.jpg 	25
127.4191 	Level injecting via pump at address 0 	25
133.4045 	DATA 	Keypress: o
133.4058 	DATA 	Keypress: o
133.4070 	DATA 	Keypress: o
133.4189 	Level WAIT 	25
134.4013 	DATA 	Keypress: o
134.4161 	Level RINSE 	25
136.4033 	DATA 	Keypress: o
136.4191 	Level jitter 	25
145.3988 	Level finished 	25
145.4003 	DATA 	Keypress: o
145.4015 	DATA 	Keypress: o
145.4029 	DATA 	Keypress: o
145.4041 	DATA 	Keypress: o
145.4212 	Level image=tasty.jpg 	25
146.4017 	DATA 	Keypress: o
146.4196 	Level injecting via pump at address 1 	25
152.4044 	DATA 	Keypress: o
152.4058 	DATA 	Keypress: o
152.4069 	DATA 	Keypress: o
152.4218 	Level WAIT 	25
153.4056 	Level RINSE 	25
155.4041 	DATA 	Keypress: o
155.4222 	Level jitter 	25
161.3988 	Level finished 	25
161.4002 	DATA 	Keypress: o
161.4015 	DATA 	Keypress: o
161.4029 	DATA 	Keypress: o
161.4222 	Level image=tasty.jpg 	25
162.4012 	DATA 	Keypress: o
162.4063 	Level injecting via pump at address 0 	25
168.4045 	DATA 	Keypress: o
168.4058 	DATA 	Keypress: o
168.4070 	DATA 	Keypress: o
168.4219 	Level WAIT 	25
169.4065 	Level RINSE 	25
171.4042 	DATA 	Keypress: o
171.4074 	Level jitter 	25
174.3988 	Level finished 	25
174.4000 	DATA 	Keypress: o
174.4011 	DATA 	Keypress: o
174.4231 	Level image=tasty.jpg 	25
175.4068 	Level injecting via pump at address 1 	25
181.4033 	DATA 	Keypress: o
181.4043 	DATA 	Keypress: o
181.4053 	DATA 	Keypress: o
181.4089 	Level WAIT 	25
182.4017 	DATA 	Keypress: o
182.4082 	Level RINSE 	25
184.4039 	DATA 	Keypress: o
184.4081 	Level jitter 	25
189.3988 	Level finished 	25
189.4003 	DATA 	Keypress: o
189.4016 	DATA 	Keypress: o
189.4089 	Level image=tasty.jpg 	25
190.4016 	DATA 	Keypress: o
190.4063 	Level injecting via pump at address 0 	25
196.4042 	DATA 	Keypress: o
196.4053 	DATA 	Keypress: o
196.4062 	DATA 	Keypress: o
196.4099 	Level WAIT 	25
197.4032 	Level RINSE 	25
199.4039 	DATA 	Keypress: o
199.4096 	Level jitter 	25
200.3988 	Level finished 	25
200.4000 	DATA 	Keypress: o
200.4099 	Level image=waterlogo.jpg 	25
201.4099 	Level injecting via pump at address 0 	25
207.4034 	DATA 	Keypress: o
207.4046 	DATA 	Keypress: o
207.4056 	DATA 	Keypress: o
207.4115 	Level WAIT 	25
208.4017 	DATA 	Keypress: o
208.4112 	Level RINSE 	25
210.4042 	DATA 	Keypress: o
210.4110 	Level jitter 	25
215.3988 	Level finished 	25
215.4001 	DATA 	Keypress: o
215.4011 	DATA 	Keypress: o
215.4088 	Level image=waterlogo.jpg 	25
216.4012 	DATA 	Keypress: o
216.4116 	Level injecting via pump at address 0 	25
222.4040 	DATA 	Keypress: o
222.4052 	DATA 	Keypress: o
222.4064 	DATA 	Keypress: o
222.4132 	Level WAIT 	25
223.4129 	Level RINSE 	25
225.4046 	DATA 	Keypress: o
225.4129 	Level jitter 	25
228.3988 	Level finished 	25
228.4003 	DATA 	Keypress: o
228.4016 	DATA 	Keypress: o
228.4131 	Level image=tasty.jpg 	25
229.4030 	Level injecting via pump at address 0 	25
235.4040 	DATA 	Keypress: o
235.4054 	DATA 	Keypress: o
235.4067 	DATA 	Keypress: o
235.4149 	Level WAIT 	25
236.4017 	DATA 	Keypress: o
236.4145 	Level RINSE 	25
238.4042 	DATA 	Keypress: o
238.4145 	Level jitter 	25
244.3988 	Level finished 	25
244.4001 	DATA 	Keypress: o
244.4012 	DATA 	Keypress: o
244.4024 	DATA 	Keypress: o
244.4147 	Level image=waterlogo.jpg 	25
245.4152 	Level injecting via pump at address 0 	25
251.4041 	DATA 	Keypress: o
251.4053 	DATA 	Keypress: o
251.4065 	DATA 	Keypress: o
251.4160 	Level WAIT 	25
252.4013 	DATA 	Keypress: o
252.4151 	Level RINSE 	25
254.4038 	DATA 	Keypress: o
254.4162 	Level jitter 	25
256.3988 	Level finished 	25
256.4001 	DATA 	Keypress: o
256.4117 	Level image=waterlogo.jpg 	25
257.4064 	Level injecting via pump at address 0 	25
263.4050 	DATA 	Keypress: o
263.4063 	DATA 	Keypress: o
263.4073 	DATA 	Keypress: o
263.4175 	Level WAIT 	25
264.4014 	DATA 	Keypress: o
264.4176 	Level RINSE 	25
266.4042 	DATA 	Keypress: o
266.4091 	Level jitter 	25
274.3988 	Level finished 	25
274.4004 	DATA 	Keypress: o
274.4016 	DATA 	Keypress: o
274.4028 	DATA 	Keypress: o
274.4040 	DATA 	Keypress: o
274.4170 	Level image=tasty.jpg 	25
275.4121 	Level injecting via pump at address 0 	25
281.4048 	DATA 	Keypress: o
281.4063 	DATA 	Keypress: o
281.4075 	DATA 	Keypress: o
281.4145 	Level WAIT 	25
282.4016 	DATA 	Keypress: o
282.4083 	Level RINSE 	25
284.4034 	DATA 	Keypress: o
284.4145 	Level jitter 	25
289.3988 	Level finished 	25
289.4003 	DATA 	Keypress: o
289.4016 	DATA 	Keypress: o
289.4197 	Level image=waterlogo.jpg 	25
290.4016 	DATA 	Keypress: o
290.4168 	Level injecting via pump at address 0 	25
296.4047 	DATA 	Keypress: o
296.4061 	DATA 	Keypress: o
296.4073 	DATA 	Keypress: o
296.4194 	Level WAIT 	25
297.4040 	Level RINSE 	25
299.4047 	DATA 	Keypress: o
299.4190 	Level jitter 	25
304.3988 	Level finished 	25
304.4003 	DATA 	Keypress: o
304.4016 	DATA 	Keypress: o
304.4028 	DATA 	Keypress: o
304.4214 	Level image=tasty.jpg 	25
305.4054 	Level injecting via pump at address 0 	25
311.4037 	DATA 	Keypress: o
311.4048 	DATA 	Keypress: o
311.4058 	DATA 	Keypress: o
311.4230 	Level WAIT 	25
312.4019 	DATA 	Keypress: o
312.4065 	Level RINSE 	25
314.4041 	DATA 	Keypress: o
314.4075 	Level jitter 	25
321.3988 	Level finished 	25
321.4007 	DATA 	Keypress: o
321.4021 	DATA 	Keypress: o
321.4036 	DATA 	Keypress: o
321.4214 	Level image=tasty.jpg 	25
322.4012 	DATA 	Keypress: o
322.4070 	Level injecting via pump at address 1 	25
328.4048 	DATA 	Keypress: o
328.4062 	DATA 	Keypress: o
328.4074 	DATA 	Keypress: o
328.4184 	Level WAIT 	25
329.4074 	Level RINSE 	25
331.4038 	DATA 	Keypress: o
331.4086 	Level jitter 	25
335.3988 	Level finished 	25
335.4004 	DATA 	Keypress: o
335.4015 	DATA 	Keypress: o
335.4085 	Level image=tasty.jpg 	25
336.4013 	DATA 	Keypress: o
336.4089 	Level injecting via pump at address 0 	25
342.4049 	DATA 	Keypress: o
342.4062 	DATA 	Keypress: o
342.4074 	DATA 	Keypress: o
342.4113 	Level WAIT 	25
343.4059 	Level RINSE 	25
345.4042 	DATA 	Keypress: o
345.4099 	Level jitter 	25
348.3988 	Level finished 	25
348.4004 	DATA 	Keypress: o
348.4017 	DATA 	Keypress: o
348.4107 	Level image=tasty.jpg 	25
349.4083 	Level injecting via pump at address 1 	25
355.4046 	DATA 	Keypress: o
355.4059 	DATA 	Keypress: o
355.4071 	DATA 	Keypress: o
355.4109 	Level WAIT 	25
356.4012 	DATA 	Keypress: o
356.4044 	Level RINSE 	25
358.4042 	DATA 	Keypress: o
358.4106 	Level jitter 	25
363.3988 	Level finished 	25
363.4001 	DATA 	Keypress: o
363.4012 	DATA 	Keypress: o
363.4118 	Level image=tasty.jpg 	25
364.4013 	DATA 	Keypress: o
364.4120 	Level injecting via pump at address 0 	25
370.4040 	DATA 	Keypress: o
370.4057 	DATA 	Keypress: o
370.4069 	DATA 	Keypress: o
370.4127 	Level WAIT 	25
371.4104 	Level RINSE 	25
373.4047 	DATA 	Keypress: o
373.4133 	Level jitter 	25
374.3988 	Level finished 	25
374.4004 	DATA 	Keypress: o
374.4102 	Level image=tasty.jpg 	25
375.4055 	Level injecting via pump at address 1 	25
381.4046 	DATA 	Keypress: o
381.4060 	DATA 	Keypress: o
381.4072 	DATA 	Keypress: o
381.4141 	Level WAIT 	25
382.4023 	DATA 	Keypress: o
382.4138 	Level RINSE 	25
384.4036 	DATA 	Keypress: o
384.4088 	Level jitter 	25
393.3988 	Level finished 	25
393.4001 	DATA 	Keypress: o
393.4011 	DATA 	Keypress: o
393.4021 	DATA 	Keypress: o
393.4031 	DATA 	Keypress: o
393.4115 	Level image=tasty.jpg 	25
394.4016 	DATA 	Keypress: o
394.4061 	Level injecting via pump at address 1 	25
400.4037 	DATA 	Keypress: o
400.4048 	DATA 	Keypress: o
400.4059 	DATA 	Keypress: o
400.4155 	Level WAIT 	25
401.4035 	Level RINSE 	25
403.4042 	DATA 	Keypress: o
403.4089 	Level jitter 	25
412.3988 	Level finished 	25
412.4001 	DATA 	Keypress: o
412.4013 	DATA 	Keypress: o
412.4025 	DATA 	Keypress: o
412.4036 	DATA 	Keypress: o
412.4046 	DATA 	Keypress: o
412.4125 	Level image=tasty.jpg 	25
413.4075 	Level injecting via pump at address 0 	25
419.4053 	DATA 	Keypress: o
419.4066 	DATA 	Keypress: o
419.4078 	DATA 	Keypress: o
419.4182 	Level WAIT 	25
420.4017 	DATA 	Keypress: o
420.4184 	Level RINSE 	25
422.4049 	DATA 	Keypress: o
422.4093 	Level jitter 	25
424.3988 	Level finished 	25
