84.3206 	DATA 	Keypress: o
84.3219 	Level start key press 	25
86.3321 	DATA 	Keypress: o
88.3163 	DATA 	Keypress: o
90.3182 	DATA 	Keypress: o
92.3915 	Level image=waterlogo.jpg 	25
92.3930 	DATA 	Keypress: o
93.3111 	Level injecting via pump at address 0 	25
99.3030 	DATA 	Keypress: o
99.3042 	DATA 	Keypress: o
99.3052 	DATA 	Keypress: o
102.3107 	DATA 	Keypress: o
108.2978 	Level finished 	25
108.2993 	DATA 	Keypress: o
108.3006 	DATA 	Keypress: o
108.3018 	DATA 	Keypress: o
108.3087 	Level image=tasty.jpg 	25
109.3003 	DATA 	Keypress: o
109.3124 	Level injecting via pump at address 1 	25
115.3026 	DATA 	Keypress: o
115.3035 	DATA 	Keypress: o
115.3045 	DATA 	Keypress: o
118.3031 	DATA 	Keypress: o
124.2978 	Level finished 	25
124.2990 	DATA 	Keypress: o
124.3000 	DATA 	Keypress: o
124.3013 	DATA 	Keypress: o
124.3054 	Level image=tasty.jpg 	25
125.3000 	DATA 	Keypress: o
125.3131 	Level injecting via pump at address 1 	25
131.3033 	DATA 	Keypress: o
131.3045 	DATA 	Keypress: o
131.3055 	DATA 	Keypress: o
134.3026 	DATA 	Keypress: o
136.2978 	Level finished 	25
136.2989 	DATA 	Keypress: o
136.3042 	Level image=waterlogo.jpg 	25
137.3003 	DATA 	Keypress: o
137.3143 	Level injecting via pump at address 0 	25
143.3033 	DATA 	Keypress: o
143.3043 	DATA 	Keypress: o
143.3053 	DATA 	Keypress: o
146.3024 	DATA 	Keypress: o
152.2978 	Level finished 	25
152.2991 	DATA 	Keypress: o
152.3003 	DATA 	Keypress: o
152.3013 	DATA 	Keypress: o
152.3054 	Level image=tasty.jpg 	25
153.3005 	DATA 	Keypress: o
153.3150 	Level injecting via pump at address 1 	25
159.3023 	DATA 	Keypress: o
159.3033 	DATA 	Keypress: o
159.3044 	DATA 	Keypress: o
162.3023 	DATA 	Keypress: o
167.2978 	Level finished 	25
167.2990 	DATA 	Keypress: o
167.3001 	DATA 	Keypress: o
167.3011 	DATA 	Keypress: o
167.3056 	Level image=waterlogo.jpg 	25
168.3051 	Level injecting via pump at address 0 	25
174.3030 	DATA 	Keypress: o
174.3043 	DATA 	Keypress: o
174.3055 	DATA 	Keypress: o
175.3002 	DATA 	Keypress: o
177.3033 	DATA 	Keypress: o
182.2978 	Level finished 	25
182.2990 	DATA 	Keypress: o
182.3000 	DATA 	Keypress: o
182.3046 	Level image=tasty.jpg 	25
183.3002 	DATA 	Keypress: o
183.3092 	Level injecting via pump at address 1 	25
189.3023 	DATA 	Keypress: o
189.3034 	DATA 	Keypress: o
189.3044 	DATA 	Keypress: o
192.3028 	DATA 	Keypress: o
198.2978 	Level finished 	25
198.2991 	DATA 	Keypress: o
198.3002 	DATA 	Keypress: o
198.3011 	DATA 	Keypress: o
198.3058 	Level image=waterlogo.jpg 	25
199.3005 	DATA 	Keypress: o
199.3084 	Level injecting via pump at address 0 	25
205.3030 	DATA 	Keypress: o
205.3042 	DATA 	Keypress: o
205.3054 	DATA 	Keypress: o
208.3023 	DATA 	Keypress: o
211.2978 	Level finished 	25
211.2990 	DATA 	Keypress: o
211.3000 	DATA 	Keypress: o
211.3040 	Level image=tasty.jpg 	25
212.3030 	Level injecting via pump at address 1 	25
218.3026 	DATA 	Keypress: o
218.3036 	DATA 	Keypress: o
218.3046 	DATA 	Keypress: o
219.3003 	DATA 	Keypress: o
221.3028 	DATA 	Keypress: o
229.2978 	Level finished 	25
229.2993 	DATA 	Keypress: o
229.3006 	DATA 	Keypress: o
229.3018 	DATA 	Keypress: o
229.3030 	DATA 	Keypress: o
229.3079 	Level image=waterlogo.jpg 	25
230.3042 	Level injecting via pump at address 0 	25
236.3031 	DATA 	Keypress: o
236.3042 	DATA 	Keypress: o
236.3051 	DATA 	Keypress: o
237.3001 	DATA 	Keypress: o
239.3030 	DATA 	Keypress: o
241.2978 	Level finished 	25
241.2989 	DATA 	Keypress: o
241.3028 	Level image=tasty.jpg 	25
242.3053 	Level injecting via pump at address 1 	25
248.3025 	DATA 	Keypress: o
248.3038 	DATA 	Keypress: o
248.3049 	DATA 	Keypress: o
249.3003 	DATA 	Keypress: o
251.3025 	DATA 	Keypress: o
260.2978 	Level finished 	25
260.2990 	DATA 	Keypress: o
260.3000 	DATA 	Keypress: o
260.3010 	DATA 	Keypress: o
260.3023 	DATA 	Keypress: o
260.3071 	Level image=waterlogo.jpg 	25
260.3084 	DATA 	Keypress: o
261.3061 	Level injecting via pump at address 0 	25
267.3024 	DATA 	Keypress: o
267.3036 	DATA 	Keypress: o
267.3046 	DATA 	Keypress: o
270.3027 	DATA 	Keypress: o
272.2978 	Level finished 	25
272.2989 	DATA 	Keypress: o
272.3030 	Level image=tasty.jpg 	25
273.3005 	DATA 	Keypress: o
273.3074 	Level injecting via pump at address 1 	25
279.3025 	DATA 	Keypress: o
279.3035 	DATA 	Keypress: o
279.3044 	DATA 	Keypress: o
282.3028 	DATA 	Keypress: o
285.2978 	Level finished 	25
285.2990 	DATA 	Keypress: o
285.3000 	DATA 	Keypress: o
285.3045 	Level image=waterlogo.jpg 	25
286.3073 	Level injecting via pump at address 0 	25
292.3030 	DATA 	Keypress: o
292.3042 	DATA 	Keypress: o
292.3054 	DATA 	Keypress: o
293.3001 	DATA 	Keypress: o
295.3036 	DATA 	Keypress: o
299.2978 	Level finished 	25
299.2990 	DATA 	Keypress: o
299.3001 	DATA 	Keypress: o
299.3040 	Level image=tasty.jpg 	25
300.3084 	Level injecting via pump at address 1 	25
306.3030 	DATA 	Keypress: o
306.3042 	DATA 	Keypress: o
306.3054 	DATA 	Keypress: o
307.3006 	DATA 	Keypress: o
309.3029 	DATA 	Keypress: o
310.2978 	Level finished 	25
310.3023 	Level image=waterlogo.jpg 	25
311.3002 	DATA 	Keypress: o
311.3093 	Level injecting via pump at address 0 	25
317.3033 	DATA 	Keypress: o
317.3045 	DATA 	Keypress: o
317.3056 	DATA 	Keypress: o
320.3025 	DATA 	Keypress: o
323.2978 	Level finished 	25
323.2990 	DATA 	Keypress: o
323.3000 	DATA 	Keypress: o
323.3038 	Level image=tasty.jpg 	25
324.3110 	Level injecting via pump at address 1 	25
330.3039 	DATA 	Keypress: o
330.3055 	DATA 	Keypress: o
330.3070 	DATA 	Keypress: o
330.3081 	DATA 	Keypress: o
333.3022 	DATA 	Keypress: o
341.2978 	Level finished 	25
341.2991 	DATA 	Keypress: o
341.3003 	DATA 	Keypress: o
341.3013 	DATA 	Keypress: o
341.3023 	DATA 	Keypress: o
341.3071 	Level image=tasty.jpg 	25
342.3041 	Level injecting via pump at address 1 	25
348.3031 	DATA 	Keypress: o
348.3044 	DATA 	Keypress: o
348.3054 	DATA 	Keypress: o
348.3066 	DATA 	Keypress: o
351.3031 	DATA 	Keypress: o
355.2978 	Level finished 	25
355.2990 	DATA 	Keypress: o
355.3001 	DATA 	Keypress: o
355.3059 	Level image=waterlogo.jpg 	25
356.3131 	Level injecting via pump at address 0 	25
362.3031 	DATA 	Keypress: o
362.3042 	DATA 	Keypress: o
362.3053 	DATA 	Keypress: o
362.3065 	DATA 	Keypress: o
365.3040 	DATA 	Keypress: o
368.2978 	Level finished 	25
368.2989 	DATA 	Keypress: o
368.3030 	Level image=tasty.jpg 	25
368.3042 	DATA 	Keypress: o
369.3121 	Level injecting via pump at address 1 	25
375.3030 	DATA 	Keypress: o
375.3042 	DATA 	Keypress: o
375.3052 	DATA 	Keypress: o
378.3030 	DATA 	Keypress: o
378.3042 	DATA 	Keypress: o
383.2978 	Level finished 	25
383.2990 	DATA 	Keypress: o
383.3000 	DATA 	Keypress: o
383.3045 	Level image=waterlogo.jpg 	25
384.3143 	Level injecting via pump at address 0 	25
390.3031 	DATA 	Keypress: o
390.3043 	DATA 	Keypress: o
390.3056 	DATA 	Keypress: o
390.3067 	DATA 	Keypress: o
393.3033 	DATA 	Keypress: o
398.2978 	Level finished 	25
398.2990 	DATA 	Keypress: o
398.3000 	DATA 	Keypress: o
398.3053 	Level image=waterlogo.jpg 	25
398.3067 	DATA 	Keypress: o
399.3041 	Level injecting via pump at address 0 	25
405.3026 	DATA 	Keypress: o
405.3036 	DATA 	Keypress: o
405.3045 	DATA 	Keypress: o
408.3023 	DATA 	Keypress: o
408.3034 	DATA 	Keypress: o
417.2978 	Level finished 	25
417.2990 	DATA 	Keypress: o
417.3000 	DATA 	Keypress: o
417.3010 	DATA 	Keypress: o
417.3021 	DATA 	Keypress: o
417.3071 	Level image=tasty.jpg 	25
418.3035 	Level injecting via pump at address 1 	25
424.3026 	DATA 	Keypress: o
424.3035 	DATA 	Keypress: o
424.3045 	DATA 	Keypress: o
424.3054 	DATA 	Keypress: o
427.3030 	DATA 	Keypress: o
429.2978 	Level finished 	25
429.2991 	DATA 	Keypress: o
429.3049 	Level image=waterlogo.jpg 	25
430.3070 	Level injecting via pump at address 0 	25
436.3030 	DATA 	Keypress: o
436.3041 	DATA 	Keypress: o
436.3051 	DATA 	Keypress: o
436.3060 	DATA 	Keypress: o
439.3022 	DATA 	Keypress: o
442.2978 	Level finished 	25
442.2990 	DATA 	Keypress: o
442.3001 	DATA 	Keypress: o
442.3059 	Level image=waterlogo.jpg 	25
443.3020 	Level injecting via pump at address 0 	25
449.3035 	DATA 	Keypress: o
449.3048 	DATA 	Keypress: o
449.3060 	DATA 	Keypress: o
450.3007 	DATA 	Keypress: o
452.3033 	DATA 	Keypress: o
457.2978 	Level finished 	25
457.2993 	DATA 	Keypress: o
457.3006 	DATA 	Keypress: o
457.3054 	Level image=tasty.jpg 	25
458.3007 	DATA 	Keypress: o
458.3092 	Level injecting via pump at address 1 	25
464.3032 	DATA 	Keypress: o
464.3045 	DATA 	Keypress: o
464.3055 	DATA 	Keypress: o
467.3031 	DATA 	Keypress: o
469.2978 	Level finished 	25
469.2989 	DATA 	Keypress: o
469.3027 	Level image=tasty.jpg 	25
470.3004 	DATA 	Keypress: o
470.3037 	Level injecting via pump at address 1 	25
476.3031 	DATA 	Keypress: o
476.3043 	DATA 	Keypress: o
476.3055 	DATA 	Keypress: o
479.3035 	DATA 	Keypress: o
486.2978 	Level finished 	25
486.2990 	DATA 	Keypress: o
486.3000 	DATA 	Keypress: o
486.3010 	DATA 	Keypress: o
486.3019 	DATA 	Keypress: o
486.3067 	Level image=waterlogo.jpg 	25
487.3051 	Level injecting via pump at address 0 	25
493.3164 	DATA 	Keypress: o
493.3206 	DATA 	Keypress: o
493.3247 	DATA 	Keypress: o
494.3066 	DATA 	Keypress: o
496.3028 	DATA 	Keypress: o
499.2978 	Level finished 	25
499.2990 	DATA 	Keypress: o
499.3038 	Level image=tasty.jpg 	25
500.3012 	DATA 	Keypress: o
500.3044 	Level injecting via pump at address 1 	25
506.3028 	DATA 	Keypress: o
506.3039 	DATA 	Keypress: o
506.3051 	DATA 	Keypress: o
509.3149 	DATA 	Keypress: o
511.2978 	Level finished 	25
511.3014 	DATA 	Keypress: o
511.3192 	Level image=waterlogo.jpg 	25
512.3064 	DATA 	Keypress: o
512.3240 	Level injecting via pump at address 0 	25
518.3029 	DATA 	Keypress: o
518.3039 	DATA 	Keypress: o
518.3048 	DATA 	Keypress: o
521.3038 	DATA 	Keypress: o
529.2978 	Level finished 	25
529.3016 	DATA 	Keypress: o
529.3057 	DATA 	Keypress: o
529.3099 	DATA 	Keypress: o
529.3141 	DATA 	Keypress: o
529.3297 	Level image=tasty.jpg 	25
530.3007 	DATA 	Keypress: o
530.3081 	Level injecting via pump at address 1 	25
536.3156 	DATA 	Keypress: o
536.3196 	DATA 	Keypress: o
536.3236 	DATA 	Keypress: o
539.3025 	DATA 	Keypress: o
541.2978 	Level finished 	25
541.2989 	DATA 	Keypress: o
541.3040 	Level image=waterlogo.jpg 	25
542.3066 	DATA 	Keypress: o
542.3169 	Level injecting via pump at address 0 	25
548.3032 	DATA 	Keypress: o
548.3045 	DATA 	Keypress: o
548.3057 	DATA 	Keypress: o
551.3030 	DATA 	Keypress: o
558.2978 	Level finished 	25
