100.1956 	DATA 	Keypress: o
100.1962 	Level start key press 	25
102.2072 	DATA 	Keypress: o
104.2072 	DATA 	Keypress: o
106.2075 	DATA 	Keypress: o
108.2077 	DATA 	Keypress: o
108.6886 	Level image=waterlogo.jpg 	25
109.6059 	Level injecting via pump at address 0 	25
115.5772 	DATA 	Keypress: o
115.5782 	DATA 	Keypress: o
115.5792 	DATA 	Keypress: o
115.6057 	Level WAIT 	25
116.5747 	DATA 	Keypress: o
116.5891 	Level RINSE 	25
118.5853 	DATA 	Keypress: o
118.6058 	Level jitter 	25
124.5718 	Level finished 	25
124.5732 	DATA 	Keypress: o
124.5745 	DATA 	Keypress: o
124.5756 	DATA 	Keypress: o
124.6068 	Level image=tasty.jpg 	25
125.5898 	Level injecting via pump at address 1 	25
131.5766 	DATA 	Keypress: o
131.5777 	DATA 	Keypress: o
131.5787 	DATA 	Keypress: o
131.5901 	Level WAIT 	25
132.5746 	DATA 	Keypress: o
132.5902 	Level RINSE 	25
134.5770 	DATA 	Keypress: o
134.6073 	Level jitter 	25
140.5718 	Level finished 	25
140.5730 	DATA 	Keypress: o
140.5740 	DATA 	Keypress: o
140.5749 	DATA 	Keypress: o
140.6075 	Level image=tasty.jpg 	25
141.5908 	Level injecting via pump at address 1 	25
147.5770 	DATA 	Keypress: o
147.5782 	DATA 	Keypress: o
147.5793 	DATA 	Keypress: o
147.5917 	Level WAIT 	25
148.5746 	DATA 	Keypress: o
148.5914 	Level RINSE 	25
150.5764 	DATA 	Keypress: o
150.5914 	Level jitter 	25
152.5718 	Level finished 	25
152.5730 	DATA 	Keypress: o
152.5916 	Level image=waterlogo.jpg 	25
153.5917 	Level injecting via pump at address 0 	25
159.5770 	DATA 	Keypress: o
159.5781 	DATA 	Keypress: o
159.5791 	DATA 	Keypress: o
159.6091 	Level WAIT 	25
160.5743 	DATA 	Keypress: o
160.5921 	Level RINSE 	25
162.5764 	DATA 	Keypress: o
162.6089 	Level jitter 	25
168.5718 	Level finished 	25
168.5732 	DATA 	Keypress: o
168.5745 	DATA 	Keypress: o
168.5757 	DATA 	Keypress: o
168.6094 	Level image=tasty.jpg 	25
169.5932 	Level injecting via pump at address 1 	25
175.5770 	DATA 	Keypress: o
175.5783 	DATA 	Keypress: o
175.5795 	DATA 	Keypress: o
175.5932 	Level WAIT 	25
176.5744 	DATA 	Keypress: o
176.5933 	Level RINSE 	25
178.5772 	DATA 	Keypress: o
178.5934 	Level jitter 	25
183.5718 	Level finished 	25
183.5730 	DATA 	Keypress: o
183.5740 	DATA 	Keypress: o
183.5941 	Level image=waterlogo.jpg 	25
184.5746 	DATA 	Keypress: o
184.5771 	Level injecting via pump at address 0 	25
190.5781 	DATA 	Keypress: o
190.5795 	DATA 	Keypress: o
190.5807 	DATA 	Keypress: o
190.6108 	Level WAIT 	25
191.5943 	Level RINSE 	25
193.5774 	DATA 	Keypress: o
193.5948 	Level jitter 	25
198.5718 	Level finished 	25
198.5730 	DATA 	Keypress: o
198.5741 	DATA 	Keypress: o
198.5750 	DATA 	Keypress: o
198.5947 	Level image=tasty.jpg 	25
199.5948 	Level injecting via pump at address 1 	25
205.5775 	DATA 	Keypress: o
205.5789 	DATA 	Keypress: o
205.5805 	DATA 	Keypress: o
205.5957 	Level WAIT 	25
206.5746 	DATA 	Keypress: o
206.5786 	Level RINSE 	25
208.5765 	DATA 	Keypress: o
208.5955 	Level jitter 	25
214.5718 	Level finished 	25
214.5732 	DATA 	Keypress: o
214.5745 	DATA 	Keypress: o
214.5755 	DATA 	Keypress: o
214.5958 	Level image=waterlogo.jpg 	25
215.5964 	Level injecting via pump at address 0 	25
221.5772 	DATA 	Keypress: o
221.5785 	DATA 	Keypress: o
221.5798 	DATA 	Keypress: o
221.5964 	Level WAIT 	25
222.5747 	DATA 	Keypress: o
222.5797 	Level RINSE 	25
224.5768 	DATA 	Keypress: o
224.5965 	Level jitter 	25
227.5718 	Level finished 	25
227.5730 	DATA 	Keypress: o
227.5971 	Level image=tasty.jpg 	25
228.5746 	DATA 	Keypress: o
228.5802 	Level injecting via pump at address 1 	25
234.5781 	DATA 	Keypress: o
234.5794 	DATA 	Keypress: o
234.5806 	DATA 	Keypress: o
234.5972 	Level WAIT 	25
235.5807 	Level RINSE 	25
237.5768 	DATA 	Keypress: o
237.5979 	Level jitter 	25
245.5718 	Level finished 	25
245.5732 	DATA 	Keypress: o
245.5745 	DATA 	Keypress: o
245.5755 	DATA 	Keypress: o
245.5765 	DATA 	Keypress: o
245.5980 	Level image=waterlogo.jpg 	25
246.5742 	DATA 	Keypress: o
246.5981 	Level injecting via pump at address 0 	25
252.5767 	DATA 	Keypress: o
252.5778 	DATA 	Keypress: o
252.5789 	DATA 	Keypress: o
252.5990 	Level WAIT 	25
253.5818 	Level RINSE 	25
255.5769 	DATA 	Keypress: o
255.5986 	Level jitter 	25
257.5718 	Level finished 	25
257.5730 	DATA 	Keypress: o
257.5988 	Level image=tasty.jpg 	25
258.5750 	DATA 	Keypress: o
258.5989 	Level injecting via pump at address 1 	25
264.5769 	DATA 	Keypress: o
264.5780 	DATA 	Keypress: o
264.5792 	DATA 	Keypress: o
264.5998 	Level WAIT 	25
265.5995 	Level RINSE 	25
267.5771 	DATA 	Keypress: o
267.5995 	Level jitter 	25
276.5718 	Level finished 	25
276.5730 	DATA 	Keypress: o
276.5740 	DATA 	Keypress: o
276.5750 	DATA 	Keypress: o
276.5760 	DATA 	Keypress: o
276.5770 	DATA 	Keypress: o
276.6006 	Level image=waterlogo.jpg 	25
277.6003 	Level injecting via pump at address 0 	25
283.5765 	DATA 	Keypress: o
283.5776 	DATA 	Keypress: o
283.5786 	DATA 	Keypress: o
283.6006 	Level WAIT 	25
284.5744 	DATA 	Keypress: o
284.5840 	Level RINSE 	25
286.5771 	DATA 	Keypress: o
286.6012 	Level jitter 	25
288.5718 	Level finished 	25
288.5732 	DATA 	Keypress: o
288.6010 	Level image=tasty.jpg 	25
289.6011 	Level injecting via pump at address 1 	25
295.5771 	DATA 	Keypress: o
295.5783 	DATA 	Keypress: o
295.5795 	DATA 	Keypress: o
295.6014 	Level WAIT 	25
296.5744 	DATA 	Keypress: o
296.6019 	Level RINSE 	25
298.5769 	DATA 	Keypress: o
298.6016 	Level jitter 	25
301.5718 	Level finished 	25
301.5730 	DATA 	Keypress: o
301.6018 	Level image=waterlogo.jpg 	25
302.5748 	DATA 	Keypress: o
302.6020 	Level injecting via pump at address 0 	25
308.5768 	DATA 	Keypress: o
308.5778 	DATA 	Keypress: o
308.5787 	DATA 	Keypress: o
308.6028 	Level WAIT 	25
309.5857 	Level RINSE 	25
311.5772 	DATA 	Keypress: o
311.6025 	Level jitter 	25
315.5718 	Level finished 	25
315.5730 	DATA 	Keypress: o
315.5741 	DATA 	Keypress: o
315.6028 	Level image=tasty.jpg 	25
316.5744 	DATA 	Keypress: o
316.5864 	Level injecting via pump at address 1 	25
322.5773 	DATA 	Keypress: o
322.5786 	DATA 	Keypress: o
322.5796 	DATA 	Keypress: o
322.5870 	Level WAIT 	25
323.5867 	Level RINSE 	25
325.5769 	DATA 	Keypress: o
325.5868 	Level jitter 	25
326.5718 	Level finished 	25
326.5730 	DATA 	Keypress: o
326.6036 	Level image=waterlogo.jpg 	25
327.6037 	Level injecting via pump at address 0 	25
333.5770 	DATA 	Keypress: o
333.5780 	DATA 	Keypress: o
333.5790 	DATA 	Keypress: o
333.6044 	Level WAIT 	25
334.5748 	DATA 	Keypress: o
334.5875 	Level RINSE 	25
336.5774 	DATA 	Keypress: o
336.6043 	Level jitter 	25
339.5718 	Level finished 	25
339.5730 	DATA 	Keypress: o
339.6045 	Level image=tasty.jpg 	25
340.5746 	DATA 	Keypress: o
340.6045 	Level injecting via pump at address 1 	25
346.5770 	DATA 	Keypress: o
346.5780 	DATA 	Keypress: o
346.5790 	DATA 	Keypress: o
346.6053 	Level WAIT 	25
347.5884 	Level RINSE 	25
349.5763 	DATA 	Keypress: o
349.6051 	Level jitter 	25
357.5718 	Level finished 	25
357.5732 	DATA 	Keypress: o
357.5746 	DATA 	Keypress: o
357.5759 	DATA 	Keypress: o
357.5771 	DATA 	Keypress: o
357.6061 	Level image=tasty.jpg 	25
358.5752 	DATA 	Keypress: o
358.6058 	Level injecting via pump at address 1 	25
364.5774 	DATA 	Keypress: o
364.5787 	DATA 	Keypress: o
364.5799 	DATA 	Keypress: o
364.6062 	Level WAIT 	25
365.5895 	Level RINSE 	25
367.5765 	DATA 	Keypress: o
367.5901 	Level jitter 	25
371.5718 	Level finished 	25
371.5731 	DATA 	Keypress: o
371.5741 	DATA 	Keypress: o
371.6067 	Level image=waterlogo.jpg 	25
372.5744 	DATA 	Keypress: o
372.5901 	Level injecting via pump at address 0 	25
378.5772 	DATA 	Keypress: o
378.5785 	DATA 	Keypress: o
378.5796 	DATA 	Keypress: o
378.5909 	Level WAIT 	25
379.5906 	Level RINSE 	25
381.5778 	DATA 	Keypress: o
381.5906 	Level jitter 	25
384.5718 	Level finished 	25
384.5732 	DATA 	Keypress: o
384.5745 	DATA 	Keypress: o
384.5909 	Level image=tasty.jpg 	25
385.5910 	Level injecting via pump at address 1 	25
391.5770 	DATA 	Keypress: o
391.5780 	DATA 	Keypress: o
391.5790 	DATA 	Keypress: o
391.5919 	Level WAIT 	25
392.5744 	DATA 	Keypress: o
392.5915 	Level RINSE 	25
394.5766 	DATA 	Keypress: o
394.5916 	Level jitter 	25
399.5718 	Level finished 	25
399.5733 	DATA 	Keypress: o
399.5745 	DATA 	Keypress: o
399.6086 	Level image=waterlogo.jpg 	25
400.5743 	DATA 	Keypress: o
400.5921 	Level injecting via pump at address 0 	25
406.5767 	DATA 	Keypress: o
406.5777 	DATA 	Keypress: o
406.5787 	DATA 	Keypress: o
406.5928 	Level WAIT 	25
407.5925 	Level RINSE 	25
409.5775 	DATA 	Keypress: o
409.5926 	Level jitter 	25
414.5718 	Level finished 	25
414.5731 	DATA 	Keypress: o
414.5742 	DATA 	Keypress: o
414.5753 	DATA 	Keypress: o
414.6096 	Level image=waterlogo.jpg 	25
415.5765 	Level injecting via pump at address 0 	25
421.5772 	DATA 	Keypress: o
421.5786 	DATA 	Keypress: o
421.5798 	DATA 	Keypress: o
421.6106 	Level WAIT 	25
422.5745 	DATA 	Keypress: o
422.5935 	Level RINSE 	25
424.5770 	DATA 	Keypress: o
424.5936 	Level jitter 	25
433.5718 	Level finished 	25
433.5731 	DATA 	Keypress: o
433.5741 	DATA 	Keypress: o
433.5751 	DATA 	Keypress: o
433.5760 	DATA 	Keypress: o
433.6114 	Level image=tasty.jpg 	25
434.5748 	DATA 	Keypress: o
434.5945 	Level injecting via pump at address 1 	25
440.5765 	DATA 	Keypress: o
440.5779 	DATA 	Keypress: o
440.5793 	DATA 	Keypress: o
440.5947 	Level WAIT 	25
441.5948 	Level RINSE 	25
443.5764 	DATA 	Keypress: o
443.5953 	Level jitter 	25
445.5718 	Level finished 	25
445.5731 	DATA 	Keypress: o
445.5952 	Level image=waterlogo.jpg 	25
446.5744 	DATA 	Keypress: o
446.5952 	Level injecting via pump at address 0 	25
452.5767 	DATA 	Keypress: o
452.5778 	DATA 	Keypress: o
452.5788 	DATA 	Keypress: o
452.5955 	Level WAIT 	25
453.5794 	Level RINSE 	25
455.5770 	DATA 	Keypress: o
455.5958 	Level jitter 	25
458.5718 	Level finished 	25
458.5731 	DATA 	Keypress: o
458.5741 	DATA 	Keypress: o
458.5960 	Level image=waterlogo.jpg 	25
459.5795 	Level injecting via pump at address 0 	25
465.5764 	DATA 	Keypress: o
465.5775 	DATA 	Keypress: o
465.5786 	DATA 	Keypress: o
465.5968 	Level WAIT 	25
466.5747 	DATA 	Keypress: o
466.5965 	Level RINSE 	25
468.5764 	DATA 	Keypress: o
468.5800 	Level jitter 	25
473.5718 	Level finished 	25
473.5733 	DATA 	Keypress: o
473.5746 	DATA 	Keypress: o
473.5971 	Level image=tasty.jpg 	25
474.5742 	DATA 	Keypress: o
474.5972 	Level injecting via pump at address 1 	25
480.5765 	DATA 	Keypress: o
480.5776 	DATA 	Keypress: o
480.5786 	DATA 	Keypress: o
480.5979 	Level WAIT 	25
481.5809 	Level RINSE 	25
483.5776 	DATA 	Keypress: o
483.5977 	Level jitter 	25
485.5718 	Level finished 	25
485.5732 	DATA 	Keypress: o
485.5979 	Level image=tasty.jpg 	25
486.5746 	DATA 	Keypress: o
486.5980 	Level injecting via pump at address 1 	25
492.5775 	DATA 	Keypress: o
492.5787 	DATA 	Keypress: o
492.5799 	DATA 	Keypress: o
492.5988 	Level WAIT 	25
493.5817 	Level RINSE 	25
495.5772 	DATA 	Keypress: o
495.5985 	Level jitter 	25
502.5718 	Level finished 	25
502.5732 	DATA 	Keypress: o
502.5745 	DATA 	Keypress: o
502.5758 	DATA 	Keypress: o
502.5770 	DATA 	Keypress: o
502.6161 	Level image=waterlogo.jpg 	25
503.5825 	Level injecting via pump at address 0 	25
509.5766 	DATA 	Keypress: o
509.5777 	DATA 	Keypress: o
509.5789 	DATA 	Keypress: o
509.5828 	Level WAIT 	25
510.5747 	DATA 	Keypress: o
510.5996 	Level RINSE 	25
512.5769 	DATA 	Keypress: o
512.5834 	Level jitter 	25
515.5718 	Level finished 	25
515.5737 	DATA 	Keypress: o
515.5834 	Level image=tasty.jpg 	25
516.5742 	DATA 	Keypress: o
516.5834 	Level injecting via pump at address 1 	25
522.5774 	DATA 	Keypress: o
522.5787 	DATA 	Keypress: o
522.5800 	DATA 	Keypress: o
522.6009 	Level WAIT 	25
523.6005 	Level RINSE 	25
525.5765 	DATA 	Keypress: o
525.5839 	Level jitter 	25
527.5718 	Level finished 	25
527.5731 	DATA 	Keypress: o
527.6008 	Level image=waterlogo.jpg 	25
528.5746 	DATA 	Keypress: o
528.5843 	Level injecting via pump at address 0 	25
534.5770 	DATA 	Keypress: o
534.5780 	DATA 	Keypress: o
534.5790 	DATA 	Keypress: o
534.5849 	Level WAIT 	25
535.5847 	Level RINSE 	25
537.5770 	DATA 	Keypress: o
537.5847 	Level jitter 	25
545.5718 	Level finished 	25
545.5731 	DATA 	Keypress: o
545.5742 	DATA 	Keypress: o
545.5752 	DATA 	Keypress: o
545.5762 	DATA 	Keypress: o
545.6025 	Level image=tasty.jpg 	25
546.5744 	DATA 	Keypress: o
546.5855 	Level injecting via pump at address 1 	25
552.5770 	DATA 	Keypress: o
552.5780 	DATA 	Keypress: o
552.5790 	DATA 	Keypress: o
552.6024 	Level WAIT 	25
553.5859 	Level RINSE 	25
555.5779 	DATA 	Keypress: o
555.6031 	Level jitter 	25
557.5718 	Level finished 	25
557.5730 	DATA 	Keypress: o
557.6028 	Level image=waterlogo.jpg 	25
558.5753 	DATA 	Keypress: o
558.6030 	Level injecting via pump at address 0 	25
564.5774 	DATA 	Keypress: o
564.5786 	DATA 	Keypress: o
564.5798 	DATA 	Keypress: o
564.6034 	Level WAIT 	25
565.5871 	Level RINSE 	25
567.5771 	DATA 	Keypress: o
567.6035 	Level jitter 	25
574.5718 	Level finished 	25
