58.7907 	DATA 	Keypress: o
58.7913 	Level start key press 	25
60.7956 	DATA 	Keypress: o
62.7958 	DATA 	Keypress: o
64.7961 	DATA 	Keypress: o
66.7963 	DATA 	Keypress: o
67.3273 	Level image=waterlogo.jpg 	25
68.2773 	Level injecting via pump at address 0 	25
74.2658 	DATA 	Keypress: o
74.2670 	DATA 	Keypress: o
74.2680 	DATA 	Keypress: o
74.2950 	Level WAIT 	25
75.2630 	DATA 	Keypress: o
75.2948 	Level RINSE 	25
77.2738 	DATA 	Keypress: o
77.2950 	Level jitter 	25
79.2605 	Level finished 	25
79.2617 	DATA 	Keypress: o
79.2785 	Level image=tasty.jpg 	25
80.2787 	Level injecting via pump at address 1 	25
86.2664 	DATA 	Keypress: o
86.2681 	DATA 	Keypress: o
86.2699 	DATA 	Keypress: o
86.2797 	Level WAIT 	25
87.2635 	DATA 	Keypress: o
87.2793 	Level RINSE 	25
89.2656 	DATA 	Keypress: o
89.2796 	Level jitter 	25
91.2605 	Level finished 	25
91.2617 	DATA 	Keypress: o
91.2965 	Level image=tasty.jpg 	25
92.2802 	Level injecting via pump at address 0 	25
98.2660 	DATA 	Keypress: o
98.2677 	DATA 	Keypress: o
98.2690 	DATA 	Keypress: o
98.2811 	Level WAIT 	25
99.2629 	DATA 	Keypress: o
99.2807 	Level RINSE 	25
101.2651 	DATA 	Keypress: o
101.2809 	Level jitter 	25
106.2605 	Level finished 	25
106.2619 	DATA 	Keypress: o
106.2632 	DATA 	Keypress: o
106.2982 	Level image=tasty.jpg 	25
107.2631 	DATA 	Keypress: o
107.2817 	Level injecting via pump at address 1 	25
113.2663 	DATA 	Keypress: o
113.2676 	DATA 	Keypress: o
113.2689 	DATA 	Keypress: o
113.2827 	Level WAIT 	25
114.2824 	Level RINSE 	25
116.2652 	DATA 	Keypress: o
116.2825 	Level jitter 	25
122.2605 	Level finished 	25
122.2621 	DATA 	Keypress: o
122.2634 	DATA 	Keypress: o
122.2646 	DATA 	Keypress: o
122.3000 	Level image=tasty.jpg 	25
123.2633 	DATA 	Keypress: o
123.2839 	Level injecting via pump at address 0 	25
129.2657 	DATA 	Keypress: o
129.2668 	DATA 	Keypress: o
129.2680 	DATA 	Keypress: o
129.2841 	Level WAIT 	25
130.2842 	Level RINSE 	25
132.2658 	DATA 	Keypress: o
132.2844 	Level jitter 	25
134.2605 	Level finished 	25
134.2617 	DATA 	Keypress: o
134.2852 	Level image=waterlogo.jpg 	25
135.2629 	DATA 	Keypress: o
135.2682 	Level injecting via pump at address 0 	25
141.2655 	DATA 	Keypress: o
141.2667 	DATA 	Keypress: o
141.2678 	DATA 	Keypress: o
141.2854 	Level WAIT 	25
142.2689 	Level RINSE 	25
144.2656 	DATA 	Keypress: o
144.2861 	Level jitter 	25
153.2605 	Level finished 	25
153.2621 	DATA 	Keypress: o
153.2636 	DATA 	Keypress: o
153.2648 	DATA 	Keypress: o
153.2661 	DATA 	Keypress: o
153.2673 	DATA 	Keypress: o
153.3035 	Level image=tasty.jpg 	25
154.2707 	Level injecting via pump at address 0 	25
160.2652 	DATA 	Keypress: o
160.2662 	DATA 	Keypress: o
160.2673 	DATA 	Keypress: o
160.2709 	Level WAIT 	25
161.2630 	DATA 	Keypress: o
161.2877 	Level RINSE 	25
163.2660 	DATA 	Keypress: o
163.2711 	Level jitter 	25
164.2605 	Level finished 	25
164.2885 	Level image=waterlogo.jpg 	25
165.2633 	DATA 	Keypress: o
165.2882 	Level injecting via pump at address 0 	25
171.2653 	DATA 	Keypress: o
171.2663 	DATA 	Keypress: o
171.2673 	DATA 	Keypress: o
171.2887 	Level WAIT 	25
172.2889 	Level RINSE 	25
174.2664 	DATA 	Keypress: o
174.2896 	Level jitter 	25
180.2605 	Level finished 	25
180.2620 	DATA 	Keypress: o
180.2632 	DATA 	Keypress: o
180.2644 	DATA 	Keypress: o
180.2898 	Level image=tasty.jpg 	25
181.2633 	DATA 	Keypress: o
181.2899 	Level injecting via pump at address 0 	25
187.2655 	DATA 	Keypress: o
187.2666 	DATA 	Keypress: o
187.2675 	DATA 	Keypress: o
187.2909 	Level WAIT 	25
188.2740 	Level RINSE 	25
190.2659 	DATA 	Keypress: o
190.2909 	Level jitter 	25
198.2605 	Level finished 	25
198.2620 	DATA 	Keypress: o
198.2632 	DATA 	Keypress: o
198.2643 	DATA 	Keypress: o
198.2653 	DATA 	Keypress: o
198.2922 	Level image=tasty.jpg 	25
199.2635 	DATA 	Keypress: o
199.2752 	Level injecting via pump at address 1 	25
205.2668 	DATA 	Keypress: o
205.2681 	DATA 	Keypress: o
205.2693 	DATA 	Keypress: o
205.2925 	Level WAIT 	25
206.2927 	Level RINSE 	25
208.2660 	DATA 	Keypress: o
208.2766 	Level jitter 	25
213.2605 	Level finished 	25
213.2620 	DATA 	Keypress: o
213.2633 	DATA 	Keypress: o
213.2645 	DATA 	Keypress: o
213.2767 	Level image=tasty.jpg 	25
214.2769 	Level injecting via pump at address 0 	25
220.2663 	DATA 	Keypress: o
220.2676 	DATA 	Keypress: o
220.2688 	DATA 	Keypress: o
220.2778 	Level WAIT 	25
221.2631 	DATA 	Keypress: o
221.2776 	Level RINSE 	25
223.2660 	DATA 	Keypress: o
223.2778 	Level jitter 	25
230.2605 	Level finished 	25
230.2619 	DATA 	Keypress: o
230.2630 	DATA 	Keypress: o
230.2640 	DATA 	Keypress: o
230.2957 	Level image=waterlogo.jpg 	25
231.2633 	DATA 	Keypress: o
231.2954 	Level injecting via pump at address 0 	25
237.2661 	DATA 	Keypress: o
237.2674 	DATA 	Keypress: o
237.2686 	DATA 	Keypress: o
237.2962 	Level WAIT 	25
238.2795 	Level RINSE 	25
240.2657 	DATA 	Keypress: o
240.2801 	Level jitter 	25
246.2605 	Level finished 	25
246.2618 	DATA 	Keypress: o
246.2629 	DATA 	Keypress: o
246.2639 	DATA 	Keypress: o
246.2971 	Level image=waterlogo.jpg 	25
247.2629 	DATA 	Keypress: o
247.2806 	Level injecting via pump at address 0 	25
253.2658 	DATA 	Keypress: o
253.2670 	DATA 	Keypress: o
253.2680 	DATA 	Keypress: o
253.2982 	Level WAIT 	25
254.2813 	Level RINSE 	25
256.2661 	DATA 	Keypress: o
256.2981 	Level jitter 	25
258.2605 	Level finished 	25
258.2619 	DATA 	Keypress: o
258.2817 	Level image=tasty.jpg 	25
259.2630 	DATA 	Keypress: o
259.2820 	Level injecting via pump at address 0 	25
265.2666 	DATA 	Keypress: o
265.2680 	DATA 	Keypress: o
265.2692 	DATA 	Keypress: o
265.2997 	Level WAIT 	25
266.2659 	Level RINSE 	25
268.2661 	DATA 	Keypress: o
268.2827 	Level jitter 	25
275.2605 	Level finished 	25
275.2620 	DATA 	Keypress: o
275.2633 	DATA 	Keypress: o
275.2646 	DATA 	Keypress: o
275.2658 	DATA 	Keypress: o
275.3007 	Level image=tasty.jpg 	25
276.2837 	Level injecting via pump at address 1 	25
282.2658 	DATA 	Keypress: o
282.2670 	DATA 	Keypress: o
282.2681 	DATA 	Keypress: o
282.2843 	Level WAIT 	25
283.2634 	DATA 	Keypress: o
283.2845 	Level RINSE 	25
285.2652 	DATA 	Keypress: o
285.2851 	Level jitter 	25
293.2605 	Level finished 	25
293.2620 	DATA 	Keypress: o
293.2634 	DATA 	Keypress: o
293.2648 	DATA 	Keypress: o
293.2661 	DATA 	Keypress: o
293.2856 	Level image=waterlogo.jpg 	25
294.2690 	Level injecting via pump at address 0 	25
300.2658 	DATA 	Keypress: o
300.2669 	DATA 	Keypress: o
300.2679 	DATA 	Keypress: o
300.2868 	Level WAIT 	25
301.2638 	DATA 	Keypress: o
301.2698 	Level RINSE 	25
303.2654 	DATA 	Keypress: o
303.2867 	Level jitter 	25
311.2605 	Level finished 	25
311.2619 	DATA 	Keypress: o
311.2632 	DATA 	Keypress: o
311.2646 	DATA 	Keypress: o
311.2660 	DATA 	Keypress: o
311.2880 	Level image=tasty.jpg 	25
312.2877 	Level injecting via pump at address 1 	25
318.2658 	DATA 	Keypress: o
318.2671 	DATA 	Keypress: o
318.2683 	DATA 	Keypress: o
318.2884 	Level WAIT 	25
319.2634 	DATA 	Keypress: o
319.2717 	Level RINSE 	25
321.2663 	DATA 	Keypress: o
321.2890 	Level jitter 	25
323.2605 	Level finished 	25
323.2619 	DATA 	Keypress: o
323.2889 	Level image=tasty.jpg 	25
324.2891 	Level injecting via pump at address 0 	25
330.2652 	DATA 	Keypress: o
330.2663 	DATA 	Keypress: o
330.2673 	DATA 	Keypress: o
330.2897 	Level WAIT 	25
331.2635 	DATA 	Keypress: o
331.2903 	Level RINSE 	25
333.2661 	DATA 	Keypress: o
333.2900 	Level jitter 	25
337.2605 	Level finished 	25
337.2618 	DATA 	Keypress: o
337.2629 	DATA 	Keypress: o
337.2904 	Level image=tasty.jpg 	25
338.2739 	Level injecting via pump at address 1 	25
344.2660 	DATA 	Keypress: o
344.2671 	DATA 	Keypress: o
344.2681 	DATA 	Keypress: o
344.2750 	Level WAIT 	25
345.2640 	DATA 	Keypress: o
345.2746 	Level RINSE 	25
347.2660 	DATA 	Keypress: o
347.2748 	Level jitter 	25
350.2605 	Level finished 	25
350.2618 	DATA 	Keypress: o
350.2919 	Level image=tasty.jpg 	25
351.2634 	DATA 	Keypress: o
351.2753 	Level injecting via pump at address 0 	25
357.2659 	DATA 	Keypress: o
357.2672 	DATA 	Keypress: o
357.2685 	DATA 	Keypress: o
357.2764 	Level WAIT 	25
358.2761 	Level RINSE 	25
360.2653 	DATA 	Keypress: o
360.2763 	Level jitter 	25
368.2605 	Level finished 	25
368.2619 	DATA 	Keypress: o
368.2634 	DATA 	Keypress: o
368.2651 	DATA 	Keypress: o
368.2666 	DATA 	Keypress: o
368.2943 	Level image=waterlogo.jpg 	25
369.2633 	DATA 	Keypress: o
369.2774 	Level injecting via pump at address 0 	25
375.2661 	DATA 	Keypress: o
375.2673 	DATA 	Keypress: o
375.2686 	DATA 	Keypress: o
375.2947 	Level WAIT 	25
376.2781 	Level RINSE 	25
378.2663 	DATA 	Keypress: o
378.2954 	Level jitter 	25
383.2605 	Level finished 	25
383.2617 	DATA 	Keypress: o
383.2630 	DATA 	Keypress: o
383.2642 	DATA 	Keypress: o
383.2956 	Level image=tasty.jpg 	25
384.2791 	Level injecting via pump at address 1 	25
390.2663 	DATA 	Keypress: o
390.2676 	DATA 	Keypress: o
390.2689 	DATA 	Keypress: o
390.2966 	Level WAIT 	25
391.2630 	DATA 	Keypress: o
391.2798 	Level RINSE 	25
393.2660 	DATA 	Keypress: o
393.2799 	Level jitter 	25
400.2605 	Level finished 	25
400.2620 	DATA 	Keypress: o
400.2632 	DATA 	Keypress: o
400.2644 	DATA 	Keypress: o
400.2812 	Level image=tasty.jpg 	25
401.2634 	DATA 	Keypress: o
401.2810 	Level injecting via pump at address 0 	25
407.2658 	DATA 	Keypress: o
407.2672 	DATA 	Keypress: o
407.2683 	DATA 	Keypress: o
407.2815 	Level WAIT 	25
408.2816 	Level RINSE 	25
410.2651 	DATA 	Keypress: o
410.2822 	Level jitter 	25
418.2605 	Level finished 	25
418.2621 	DATA 	Keypress: o
418.2636 	DATA 	Keypress: o
418.2648 	DATA 	Keypress: o
418.2660 	DATA 	Keypress: o
418.2994 	Level image=tasty.jpg 	25
419.2631 	DATA 	Keypress: o
419.2662 	Level injecting via pump at address 0 	25
425.2661 	DATA 	Keypress: o
425.2674 	DATA 	Keypress: o
425.2685 	DATA 	Keypress: o
425.2839 	Level WAIT 	25
426.2836 	Level RINSE 	25
428.2660 	DATA 	Keypress: o
428.2838 	Level jitter 	25
435.2605 	Level finished 	25
