51.4613 	DATA 	Keypress: o
51.4622 	Level start key press 	25
53.4639 	DATA 	Keypress: o
55.4690 	DATA 	Keypress: o
57.4681 	DATA 	Keypress: o
59.4933 	DATA 	Keypress: o
59.4965 	Level image=waterlogo.jpg 	25
60.4409 	Level injecting via pump at address 0 	25
66.4359 	DATA 	Keypress: o
66.4372 	DATA 	Keypress: o
66.4384 	DATA 	Keypress: o
66.4433 	Level WAIT 	25
67.4379 	Level RINSE 	25
69.4432 	DATA 	Keypress: o
69.4465 	Level jitter 	25
78.4301 	Level finished 	25
78.4314 	DATA 	Keypress: o
78.4328 	DATA 	Keypress: o
78.4345 	DATA 	Keypress: o
78.4359 	DATA 	Keypress: o
78.4370 	DATA 	Keypress: o
78.4471 	Level image=waterlogo.jpg 	25
79.4410 	Level injecting via pump at address 0 	25
85.4357 	DATA 	Keypress: o
85.4370 	DATA 	Keypress: o
85.4382 	DATA 	Keypress: o
85.4428 	Level WAIT 	25
86.4329 	DATA 	Keypress: o
86.4373 	Level RINSE 	25
88.4348 	DATA 	Keypress: o
88.4433 	Level jitter 	25
93.4301 	Level finished 	25
93.4313 	DATA 	Keypress: o
93.4326 	DATA 	Keypress: o
93.4479 	Level image=tasty.jpg 	25
94.4326 	DATA 	Keypress: o
94.4450 	Level injecting via pump at address 0 	25
100.4348 	DATA 	Keypress: o
100.4358 	DATA 	Keypress: o
100.4368 	DATA 	Keypress: o
100.4474 	Level WAIT 	25
101.4420 	Level RINSE 	25
103.4348 	DATA 	Keypress: o
103.4479 	Level jitter 	25
104.4301 	Level finished 	25
104.4314 	DATA 	Keypress: o
104.4429 	Level image=tasty.jpg 	25
105.4368 	Level injecting via pump at address 1 	25
111.4358 	DATA 	Keypress: o
111.4369 	DATA 	Keypress: o
111.4379 	DATA 	Keypress: o
111.4493 	Level WAIT 	25
112.4324 	DATA 	Keypress: o
112.4500 	Level RINSE 	25
114.4357 	DATA 	Keypress: o
114.4399 	Level jitter 	25
119.4301 	Level finished 	25
119.4313 	DATA 	Keypress: o
119.4324 	DATA 	Keypress: o
119.4470 	Level image=tasty.jpg 	25
120.4329 	DATA 	Keypress: o
120.4413 	Level injecting via pump at address 0 	25
126.4347 	DATA 	Keypress: o
126.4357 	DATA 	Keypress: o
126.4367 	DATA 	Keypress: o
126.4434 	Level WAIT 	25
127.4347 	Level RINSE 	25
129.4347 	DATA 	Keypress: o
129.4439 	Level jitter 	25
133.4301 	Level finished 	25
133.4313 	DATA 	Keypress: o
133.4323 	DATA 	Keypress: o
133.4399 	Level image=waterlogo.jpg 	25
134.4328 	DATA 	Keypress: o
134.4511 	Level injecting via pump at address 0 	25
140.4349 	DATA 	Keypress: o
140.4360 	DATA 	Keypress: o
140.4370 	DATA 	Keypress: o
140.4523 	Level WAIT 	25
141.4350 	Level RINSE 	25
143.4350 	DATA 	Keypress: o
143.4519 	Level jitter 	25
145.4301 	Level finished 	25
145.4314 	DATA 	Keypress: o
145.4429 	Level image=tasty.jpg 	25
146.4328 	DATA 	Keypress: o
146.4380 	Level injecting via pump at address 0 	25
152.4349 	DATA 	Keypress: o
152.4360 	DATA 	Keypress: o
152.4370 	DATA 	Keypress: o
152.4523 	Level WAIT 	25
153.4343 	Level RINSE 	25
155.4351 	DATA 	Keypress: o
155.4407 	Level jitter 	25
163.4301 	Level finished 	25
163.4316 	DATA 	Keypress: o
163.4329 	DATA 	Keypress: o
163.4340 	DATA 	Keypress: o
163.4352 	DATA 	Keypress: o
163.4482 	Level image=waterlogo.jpg 	25
164.4325 	DATA 	Keypress: o
164.4369 	Level injecting via pump at address 0 	25
170.4347 	DATA 	Keypress: o
170.4357 	DATA 	Keypress: o
170.4367 	DATA 	Keypress: o
170.4439 	Level WAIT 	25
171.4369 	Level RINSE 	25
173.4353 	DATA 	Keypress: o
173.4453 	Level jitter 	25
178.4301 	Level finished 	25
178.4313 	DATA 	Keypress: o
178.4324 	DATA 	Keypress: o
178.4334 	DATA 	Keypress: o
178.4520 	Level image=tasty.jpg 	25
179.4380 	Level injecting via pump at address 1 	25
185.4349 	DATA 	Keypress: o
185.4361 	DATA 	Keypress: o
185.4371 	DATA 	Keypress: o
185.4492 	Level WAIT 	25
186.4329 	DATA 	Keypress: o
186.4382 	Level RINSE 	25
188.4355 	DATA 	Keypress: o
188.4489 	Level jitter 	25
190.4301 	Level finished 	25
190.4313 	DATA 	Keypress: o
190.4385 	Level image=tasty.jpg 	25
191.4343 	Level injecting via pump at address 0 	25
197.4357 	DATA 	Keypress: o
197.4371 	DATA 	Keypress: o
197.4383 	DATA 	Keypress: o
197.4522 	Level WAIT 	25
198.4325 	DATA 	Keypress: o
198.4390 	Level RINSE 	25
200.4348 	DATA 	Keypress: o
200.4389 	Level jitter 	25
203.4301 	Level finished 	25
203.4313 	DATA 	Keypress: o
203.4389 	Level image=waterlogo.jpg 	25
204.4330 	DATA 	Keypress: o
204.4398 	Level injecting via pump at address 0 	25
210.4346 	DATA 	Keypress: o
210.4357 	DATA 	Keypress: o
210.4366 	DATA 	Keypress: o
210.4402 	Level WAIT 	25
211.4402 	Level RINSE 	25
213.4351 	DATA 	Keypress: o
213.4394 	Level jitter 	25
221.4301 	Level finished 	25
221.4314 	DATA 	Keypress: o
221.4327 	DATA 	Keypress: o
221.4339 	DATA 	Keypress: o
221.4351 	DATA 	Keypress: o
221.4433 	Level image=tasty.jpg 	25
222.4326 	DATA 	Keypress: o
222.4370 	Level injecting via pump at address 0 	25
228.4350 	DATA 	Keypress: o
228.4366 	DATA 	Keypress: o
228.4381 	DATA 	Keypress: o
228.4549 	Level WAIT 	25
229.4409 	Level RINSE 	25
231.4352 	DATA 	Keypress: o
231.4402 	Level jitter 	25
233.4301 	Level finished 	25
233.4314 	DATA 	Keypress: o
233.4418 	Level image=tasty.jpg 	25
234.4324 	DATA 	Keypress: o
234.4400 	Level injecting via pump at address 1 	25
240.4345 	DATA 	Keypress: o
240.4357 	DATA 	Keypress: o
240.4368 	DATA 	Keypress: o
240.4421 	Level WAIT 	25
241.4372 	Level RINSE 	25
243.4345 	DATA 	Keypress: o
243.4421 	Level jitter 	25
252.4301 	Level finished 	25
252.4314 	DATA 	Keypress: o
252.4327 	DATA 	Keypress: o
252.4339 	DATA 	Keypress: o
252.4350 	DATA 	Keypress: o
252.4361 	DATA 	Keypress: o
252.4462 	Level image=waterlogo.jpg 	25
253.4400 	Level injecting via pump at address 0 	25
259.4350 	DATA 	Keypress: o
259.4362 	DATA 	Keypress: o
259.4374 	DATA 	Keypress: o
259.4419 	Level WAIT 	25
260.4326 	DATA 	Keypress: o
260.4370 	Level RINSE 	25
262.4348 	DATA 	Keypress: o
262.4433 	Level jitter 	25
270.4301 	Level finished 	25
270.4314 	DATA 	Keypress: o
270.4324 	DATA 	Keypress: o
270.4334 	DATA 	Keypress: o
270.4344 	DATA 	Keypress: o
270.4439 	Level image=tasty.jpg 	25
271.4440 	Level injecting via pump at address 0 	25
277.4353 	DATA 	Keypress: o
277.4364 	DATA 	Keypress: o
277.4374 	DATA 	Keypress: o
277.4443 	Level WAIT 	25
278.4329 	DATA 	Keypress: o
278.4424 	Level RINSE 	25
280.4346 	DATA 	Keypress: o
280.4439 	Level jitter 	25
282.4301 	Level finished 	25
282.4313 	DATA 	Keypress: o
282.4450 	Level image=waterlogo.jpg 	25
283.4450 	Level injecting via pump at address 0 	25
289.4347 	DATA 	Keypress: o
289.4360 	DATA 	Keypress: o
289.4373 	DATA 	Keypress: o
289.4454 	Level WAIT 	25
290.4328 	DATA 	Keypress: o
290.4450 	Level RINSE 	25
292.4351 	DATA 	Keypress: o
292.4449 	Level jitter 	25
299.4301 	Level finished 	25
299.4313 	DATA 	Keypress: o
299.4325 	DATA 	Keypress: o
299.4337 	DATA 	Keypress: o
299.4466 	Level image=tasty.jpg 	25
300.4326 	DATA 	Keypress: o
300.4421 	Level injecting via pump at address 1 	25
306.4347 	DATA 	Keypress: o
306.4358 	DATA 	Keypress: o
306.4367 	DATA 	Keypress: o
306.4439 	Level WAIT 	25
307.4390 	Level RINSE 	25
309.4350 	DATA 	Keypress: o
309.4453 	Level jitter 	25
314.4301 	Level finished 	25
314.4313 	DATA 	Keypress: o
314.4326 	DATA 	Keypress: o
314.4338 	DATA 	Keypress: o
314.4470 	Level image=tasty.jpg 	25
315.4470 	Level injecting via pump at address 0 	25
321.4351 	DATA 	Keypress: o
321.4365 	DATA 	Keypress: o
321.4378 	DATA 	Keypress: o
321.4474 	Level WAIT 	25
322.4327 	DATA 	Keypress: o
322.4429 	Level RINSE 	25
324.4354 	DATA 	Keypress: o
324.4469 	Level jitter 	25
326.4301 	Level finished 	25
326.4313 	DATA 	Keypress: o
326.4384 	Level image=tasty.jpg 	25
327.4472 	Level injecting via pump at address 1 	25
333.4351 	DATA 	Keypress: o
333.4362 	DATA 	Keypress: o
333.4372 	DATA 	Keypress: o
333.4484 	Level WAIT 	25
334.4328 	DATA 	Keypress: o
334.4470 	Level RINSE 	25
336.4358 	DATA 	Keypress: o
336.4482 	Level jitter 	25
339.4301 	Level finished 	25
339.4317 	DATA 	Keypress: o
339.4485 	Level image=tasty.jpg 	25
340.4329 	DATA 	Keypress: o
340.4480 	Level injecting via pump at address 0 	25
346.4356 	DATA 	Keypress: o
346.4370 	DATA 	Keypress: o
346.4383 	DATA 	Keypress: o
346.4494 	Level WAIT 	25
347.4448 	Level RINSE 	25
349.4349 	DATA 	Keypress: o
349.4497 	Level jitter 	25
351.4301 	Level finished 	25
351.4314 	DATA 	Keypress: o
351.4409 	Level image=tasty.jpg 	25
352.4331 	DATA 	Keypress: o
352.4490 	Level injecting via pump at address 1 	25
358.4354 	DATA 	Keypress: o
358.4366 	DATA 	Keypress: o
358.4375 	DATA 	Keypress: o
358.4503 	Level WAIT 	25
359.4475 	Level RINSE 	25
361.4352 	DATA 	Keypress: o
361.4497 	Level jitter 	25
365.4301 	Level finished 	25
365.4313 	DATA 	Keypress: o
365.4324 	DATA 	Keypress: o
365.4499 	Level image=tasty.jpg 	25
366.4328 	DATA 	Keypress: o
366.4441 	Level injecting via pump at address 0 	25
372.4350 	DATA 	Keypress: o
372.4363 	DATA 	Keypress: o
372.4374 	DATA 	Keypress: o
372.4464 	Level WAIT 	25
373.4344 	Level RINSE 	25
375.4351 	DATA 	Keypress: o
375.4475 	Level jitter 	25
377.4301 	Level finished 	25
377.4313 	DATA 	Keypress: o
377.4509 	Level image=tasty.jpg 	25
378.4329 	DATA 	Keypress: o
378.4482 	Level injecting via pump at address 1 	25
384.4352 	DATA 	Keypress: o
384.4363 	DATA 	Keypress: o
384.4373 	DATA 	Keypress: o
384.4503 	Level WAIT 	25
385.4347 	Level RINSE 	25
387.4351 	DATA 	Keypress: o
387.4499 	Level jitter 	25
395.4301 	Level finished 	25
395.4314 	DATA 	Keypress: o
395.4324 	DATA 	Keypress: o
395.4334 	DATA 	Keypress: o
395.4345 	DATA 	Keypress: o
395.4420 	Level image=tasty.jpg 	25
396.4324 	DATA 	Keypress: o
396.4357 	Level injecting via pump at address 0 	25
402.4364 	DATA 	Keypress: o
402.4377 	DATA 	Keypress: o
402.4388 	DATA 	Keypress: o
402.4530 	Level WAIT 	25
403.4369 	Level RINSE 	25
405.4345 	DATA 	Keypress: o
405.4393 	Level jitter 	25
412.4301 	Level finished 	25
