61.1589 	DATA 	Keypress: o
61.1596 	Level start key press 	25
63.1701 	DATA 	Keypress: o
65.1704 	DATA 	Keypress: o
67.1722 	DATA 	Keypress: o
69.1707 	DATA 	Keypress: o
70.1711 	Level image=waterlogo.jpg 	25
71.1002 	Level injecting via pump at address 0 	25
77.0881 	DATA 	Keypress: o
77.0893 	DATA 	Keypress: o
77.0905 	DATA 	Keypress: o
77.1177 	Level WAIT 	25
78.0859 	DATA 	Keypress: o
78.0953 	Level RINSE 	25
80.0965 	DATA 	Keypress: o
80.0998 	Level jitter 	25
82.0825 	Level finished 	25
82.0843 	DATA 	Keypress: o
82.1003 	Level image=tasty.jpg 	25
83.1002 	Level injecting via pump at address 1 	25
89.0882 	DATA 	Keypress: o
89.0895 	DATA 	Keypress: o
89.0907 	DATA 	Keypress: o
89.1047 	Level WAIT 	25
90.0857 	DATA 	Keypress: o
90.0996 	Level RINSE 	25
92.0881 	DATA 	Keypress: o
92.1019 	Level jitter 	25
94.0825 	Level finished 	25
94.0844 	DATA 	Keypress: o
94.0946 	Level image=tasty.jpg 	25
95.0901 	Level injecting via pump at address 0 	25
101.0878 	DATA 	Keypress: o
101.0891 	DATA 	Keypress: o
101.0902 	DATA 	Keypress: o
101.1078 	Level WAIT 	25
102.0860 	DATA 	Keypress: o
102.1026 	Level RINSE 	25
104.0880 	DATA 	Keypress: o
104.1090 	Level jitter 	25
109.0825 	Level finished 	25
109.0837 	DATA 	Keypress: o
109.0848 	DATA 	Keypress: o
109.0995 	Level image=tasty.jpg 	25
110.0852 	DATA 	Keypress: o
110.1098 	Level injecting via pump at address 1 	25
116.0885 	DATA 	Keypress: o
116.0898 	DATA 	Keypress: o
116.0909 	DATA 	Keypress: o
116.1120 	Level WAIT 	25
117.0897 	Level RINSE 	25
119.0881 	DATA 	Keypress: o
119.0956 	Level jitter 	25
125.0825 	Level finished 	25
125.0841 	DATA 	Keypress: o
125.0856 	DATA 	Keypress: o
125.0869 	DATA 	Keypress: o
125.1141 	Level image=tasty.jpg 	25
126.0855 	DATA 	Keypress: o
126.0925 	Level injecting via pump at address 0 	25
132.0882 	DATA 	Keypress: o
132.0895 	DATA 	Keypress: o
132.0906 	DATA 	Keypress: o
132.0948 	Level WAIT 	25
133.0886 	Level RINSE 	25
135.0876 	DATA 	Keypress: o
135.0955 	Level jitter 	25
137.0825 	Level finished 	25
137.0839 	DATA 	Keypress: o
137.1012 	Level image=waterlogo.jpg 	25
138.0855 	DATA 	Keypress: o
138.0957 	Level injecting via pump at address 0 	25
144.0886 	DATA 	Keypress: o
144.0899 	DATA 	Keypress: o
144.0911 	DATA 	Keypress: o
144.0980 	Level WAIT 	25
145.0885 	Level RINSE 	25
147.0884 	DATA 	Keypress: o
147.1150 	Level jitter 	25
156.0825 	Level finished 	25
156.0842 	DATA 	Keypress: o
156.0854 	DATA 	Keypress: o
156.0864 	DATA 	Keypress: o
156.0874 	DATA 	Keypress: o
156.0886 	DATA 	Keypress: o
156.1180 	Level image=tasty.jpg 	25
157.0959 	Level injecting via pump at address 0 	25
163.0883 	DATA 	Keypress: o
163.0899 	DATA 	Keypress: o
163.0911 	DATA 	Keypress: o
163.0977 	Level WAIT 	25
164.0851 	DATA 	Keypress: o
164.0927 	Level RINSE 	25
166.0883 	DATA 	Keypress: o
166.0987 	Level jitter 	25
167.0825 	Level finished 	25
167.0938 	Level image=waterlogo.jpg 	25
168.0858 	DATA 	Keypress: o
168.1041 	Level injecting via pump at address 0 	25
174.0886 	DATA 	Keypress: o
174.0900 	DATA 	Keypress: o
174.0911 	DATA 	Keypress: o
174.1067 	Level WAIT 	25
175.1006 	Level RINSE 	25
177.0876 	DATA 	Keypress: o
177.1080 	Level jitter 	25
183.0825 	Level finished 	25
183.0838 	DATA 	Keypress: o
183.0850 	DATA 	Keypress: o
183.0862 	DATA 	Keypress: o
183.1077 	Level image=tasty.jpg 	25
184.0851 	DATA 	Keypress: o
184.1031 	Level injecting via pump at address 0 	25
190.0881 	DATA 	Keypress: o
190.0895 	DATA 	Keypress: o
190.0906 	DATA 	Keypress: o
190.1051 	Level WAIT 	25
191.0907 	Level RINSE 	25
193.0880 	DATA 	Keypress: o
193.1066 	Level jitter 	25
201.0825 	Level finished 	25
201.0841 	DATA 	Keypress: o
201.0855 	DATA 	Keypress: o
201.0867 	DATA 	Keypress: o
201.0879 	DATA 	Keypress: o
201.1140 	Level image=tasty.jpg 	25
202.0851 	DATA 	Keypress: o
202.0921 	Level injecting via pump at address 1 	25
208.0881 	DATA 	Keypress: o
208.0896 	DATA 	Keypress: o
208.0909 	DATA 	Keypress: o
208.1089 	Level WAIT 	25
209.1046 	Level RINSE 	25
211.0879 	DATA 	Keypress: o
211.0956 	Level jitter 	25
216.0825 	Level finished 	25
216.0842 	DATA 	Keypress: o
216.0857 	DATA 	Keypress: o
216.0869 	DATA 	Keypress: o
216.1015 	Level image=tasty.jpg 	25
217.0935 	Level injecting via pump at address 0 	25
223.0880 	DATA 	Keypress: o
223.0893 	DATA 	Keypress: o
223.0903 	DATA 	Keypress: o
223.0983 	Level WAIT 	25
224.0856 	DATA 	Keypress: o
224.1099 	Level RINSE 	25
226.0880 	DATA 	Keypress: o
226.0994 	Level jitter 	25
233.0825 	Level finished 	25
233.0839 	DATA 	Keypress: o
233.0849 	DATA 	Keypress: o
233.0859 	DATA 	Keypress: o
233.1109 	Level image=waterlogo.jpg 	25
234.0851 	DATA 	Keypress: o
234.0895 	Level injecting via pump at address 0 	25
240.0882 	DATA 	Keypress: o
240.0894 	DATA 	Keypress: o
240.0909 	DATA 	Keypress: o
240.1076 	Level WAIT 	25
241.1036 	Level RINSE 	25
243.0876 	DATA 	Keypress: o
243.1090 	Level jitter 	25
249.0825 	Level finished 	25
249.0839 	DATA 	Keypress: o
249.0851 	DATA 	Keypress: o
249.0861 	DATA 	Keypress: o
249.1105 	Level image=waterlogo.jpg 	25
250.0853 	DATA 	Keypress: o
250.1055 	Level injecting via pump at address 0 	25
256.0881 	DATA 	Keypress: o
256.0895 	DATA 	Keypress: o
256.0909 	DATA 	Keypress: o
256.1071 	Level WAIT 	25
257.0958 	Level RINSE 	25
259.0881 	DATA 	Keypress: o
259.1080 	Level jitter 	25
261.0825 	Level finished 	25
261.0836 	DATA 	Keypress: o
261.0965 	Level image=tasty.jpg 	25
262.0854 	DATA 	Keypress: o
262.1086 	Level injecting via pump at address 0 	25
268.0888 	DATA 	Keypress: o
268.0904 	DATA 	Keypress: o
268.0916 	DATA 	Keypress: o
268.1107 	Level WAIT 	25
269.0893 	Level RINSE 	25
271.0881 	DATA 	Keypress: o
271.0953 	Level jitter 	25
278.0825 	Level finished 	25
278.0841 	DATA 	Keypress: o
278.0852 	DATA 	Keypress: o
278.0862 	DATA 	Keypress: o
278.0871 	DATA 	Keypress: o
278.1079 	Level image=tasty.jpg 	25
279.0976 	Level injecting via pump at address 1 	25
285.0879 	DATA 	Keypress: o
285.0892 	DATA 	Keypress: o
285.0904 	DATA 	Keypress: o
285.1038 	Level WAIT 	25
286.0855 	DATA 	Keypress: o
286.0982 	Level RINSE 	25
288.0881 	DATA 	Keypress: o
288.0978 	Level jitter 	25
296.0825 	Level finished 	25
296.0840 	DATA 	Keypress: o
296.0853 	DATA 	Keypress: o
296.0865 	DATA 	Keypress: o
296.0877 	DATA 	Keypress: o
296.1137 	Level image=waterlogo.jpg 	25
297.0907 	Level injecting via pump at address 0 	25
303.0882 	DATA 	Keypress: o
303.0894 	DATA 	Keypress: o
303.0906 	DATA 	Keypress: o
303.0995 	Level WAIT 	25
304.0854 	DATA 	Keypress: o
304.1038 	Level RINSE 	25
306.0878 	DATA 	Keypress: o
306.1096 	Level jitter 	25
314.0825 	Level finished 	25
314.0840 	DATA 	Keypress: o
314.0852 	DATA 	Keypress: o
314.0863 	DATA 	Keypress: o
314.0876 	DATA 	Keypress: o
314.1021 	Level image=tasty.jpg 	25
315.0961 	Level injecting via pump at address 1 	25
321.0876 	DATA 	Keypress: o
321.0887 	DATA 	Keypress: o
321.0899 	DATA 	Keypress: o
321.1141 	Level WAIT 	25
322.0856 	DATA 	Keypress: o
322.0927 	Level RINSE 	25
324.0881 	DATA 	Keypress: o
324.0998 	Level jitter 	25
326.0825 	Level finished 	25
326.0838 	DATA 	Keypress: o
326.1001 	Level image=tasty.jpg 	25
327.1165 	Level injecting via pump at address 0 	25
333.0882 	DATA 	Keypress: o
333.0897 	DATA 	Keypress: o
333.0909 	DATA 	Keypress: o
333.1176 	Level WAIT 	25
334.0857 	DATA 	Keypress: o
334.0963 	Level RINSE 	25
336.0882 	DATA 	Keypress: o
336.1026 	Level jitter 	25
340.0825 	Level finished 	25
340.0840 	DATA 	Keypress: o
340.0851 	DATA 	Keypress: o
340.0980 	Level image=tasty.jpg 	25
341.0921 	Level injecting via pump at address 1 	25
347.0887 	DATA 	Keypress: o
347.0898 	DATA 	Keypress: o
347.0907 	DATA 	Keypress: o
347.0943 	Level WAIT 	25
348.0853 	DATA 	Keypress: o
348.0885 	Level RINSE 	25
350.0880 	DATA 	Keypress: o
350.0947 	Level jitter 	25
353.0825 	Level finished 	25
353.0838 	DATA 	Keypress: o
353.0955 	Level image=tasty.jpg 	25
354.0860 	DATA 	Keypress: o
354.1075 	Level injecting via pump at address 0 	25
360.0882 	DATA 	Keypress: o
360.0896 	DATA 	Keypress: o
360.0908 	DATA 	Keypress: o
360.1034 	Level WAIT 	25
361.1033 	Level RINSE 	25
363.0882 	DATA 	Keypress: o
363.0930 	Level jitter 	25
371.0825 	Level finished 	25
371.0839 	DATA 	Keypress: o
371.0850 	DATA 	Keypress: o
371.0860 	DATA 	Keypress: o
371.0870 	DATA 	Keypress: o
371.1020 	Level image=waterlogo.jpg 	25
372.0854 	DATA 	Keypress: o
372.0954 	Level injecting via pump at address 0 	25
378.0882 	DATA 	Keypress: o
378.0895 	DATA 	Keypress: o
378.0906 	DATA 	Keypress: o
378.0970 	Level WAIT 	25
379.0917 	Level RINSE 	25
381.0882 	DATA 	Keypress: o
381.0990 	Level jitter 	25
386.0825 	Level finished 	25
386.0841 	DATA 	Keypress: o
386.0854 	DATA 	Keypress: o
386.0865 	DATA 	Keypress: o
386.1050 	Level image=tasty.jpg 	25
387.1007 	Level injecting via pump at address 1 	25
393.0877 	DATA 	Keypress: o
393.0888 	DATA 	Keypress: o
393.0898 	DATA 	Keypress: o
393.1185 	Level WAIT 	25
394.0854 	DATA 	Keypress: o
394.0965 	Level RINSE 	25
396.0880 	DATA 	Keypress: o
396.1023 	Level jitter 	25
403.0825 	Level finished 	25
403.0839 	DATA 	Keypress: o
403.0851 	DATA 	Keypress: o
403.0860 	DATA 	Keypress: o
403.1157 	Level image=tasty.jpg 	25
404.0855 	DATA 	Keypress: o
404.0945 	Level injecting via pump at address 0 	25
410.0881 	DATA 	Keypress: o
410.0896 	DATA 	Keypress: o
410.0908 	DATA 	Keypress: o
410.0954 	Level WAIT 	25
411.0901 	Level RINSE 	25
413.0880 	DATA 	Keypress: o
413.0970 	Level jitter 	25
421.0825 	Level finished 	25
421.0840 	DATA 	Keypress: o
421.0852 	DATA 	Keypress: o
421.0862 	DATA 	Keypress: o
421.0872 	DATA 	Keypress: o
421.1037 	Level image=tasty.jpg 	25
422.0852 	DATA 	Keypress: o
422.0995 	Level injecting via pump at address 0 	25
428.0882 	DATA 	Keypress: o
428.0896 	DATA 	Keypress: o
428.0908 	DATA 	Keypress: o
428.1005 	Level WAIT 	25
429.0906 	Level RINSE 	25
431.0879 	DATA 	Keypress: o
431.1011 	Level jitter 	25
438.0825 	Level finished 	25
