74.2750 	DATA 	Keypress: o
74.2759 	Level start key press 	25
76.2746 	DATA 	Keypress: o
78.2747 	DATA 	Keypress: o
80.2749 	DATA 	Keypress: o
82.2751 	DATA 	Keypress: o
82.8227 	Level image=tasty.jpg 	25
83.7565 	Level injecting via pump at address 1 	25
89.7449 	DATA 	Keypress: o
89.7463 	DATA 	Keypress: o
89.7478 	DATA 	Keypress: o
89.7731 	Level WAIT 	25
90.7422 	DATA 	Keypress: o
90.7567 	Level RINSE 	25
92.7528 	DATA 	Keypress: o
92.7734 	Level jitter 	25
101.7394 	Level finished 	25
101.7408 	DATA 	Keypress: o
101.7418 	DATA 	Keypress: o
101.7427 	DATA 	Keypress: o
101.7436 	DATA 	Keypress: o
101.7744 	Level image=waterlogo.jpg 	25
102.7428 	DATA 	Keypress: o
102.7741 	Level injecting via pump at address 0 	25
108.7444 	DATA 	Keypress: o
108.7458 	DATA 	Keypress: o
108.7470 	DATA 	Keypress: o
108.7745 	Level WAIT 	25
109.7579 	Level RINSE 	25
111.7442 	DATA 	Keypress: o
111.7751 	Level jitter 	25
115.7394 	Level finished 	25
115.7408 	DATA 	Keypress: o
115.7421 	DATA 	Keypress: o
115.7583 	Level image=tasty.jpg 	25
116.7418 	DATA 	Keypress: o
116.7585 	Level injecting via pump at address 1 	25
122.7440 	DATA 	Keypress: o
122.7450 	DATA 	Keypress: o
122.7459 	DATA 	Keypress: o
122.7591 	Level WAIT 	25
123.7589 	Level RINSE 	25
125.7442 	DATA 	Keypress: o
125.7590 	Level jitter 	25
129.7394 	Level finished 	25
129.7407 	DATA 	Keypress: o
129.7418 	DATA 	Keypress: o
129.7593 	Level image=waterlogo.jpg 	25
130.7423 	DATA 	Keypress: o
130.7594 	Level injecting via pump at address 0 	25
136.7452 	DATA 	Keypress: o
136.7464 	DATA 	Keypress: o
136.7476 	DATA 	Keypress: o
136.7769 	Level WAIT 	25
137.7598 	Level RINSE 	25
139.7444 	DATA 	Keypress: o
139.7599 	Level jitter 	25
143.7394 	Level finished 	25
143.7407 	DATA 	Keypress: o
143.7417 	DATA 	Keypress: o
143.7603 	Level image=waterlogo.jpg 	25
144.7420 	DATA 	Keypress: o
144.7604 	Level injecting via pump at address 0 	25
150.7442 	DATA 	Keypress: o
150.7454 	DATA 	Keypress: o
150.7463 	DATA 	Keypress: o
150.7611 	Level WAIT 	25
151.7608 	Level RINSE 	25
153.7442 	DATA 	Keypress: o
153.7609 	Level jitter 	25
157.7394 	Level finished 	25
157.7407 	DATA 	Keypress: o
157.7417 	DATA 	Keypress: o
157.7612 	Level image=tasty.jpg 	25
158.7422 	DATA 	Keypress: o
158.7613 	Level injecting via pump at address 1 	25
164.7445 	DATA 	Keypress: o
164.7454 	DATA 	Keypress: o
164.7464 	DATA 	Keypress: o
164.7620 	Level WAIT 	25
165.7451 	Level RINSE 	25
167.7441 	DATA 	Keypress: o
167.7619 	Level jitter 	25
173.7394 	Level finished 	25
173.7408 	DATA 	Keypress: o
173.7420 	DATA 	Keypress: o
173.7432 	DATA 	Keypress: o
173.7624 	Level image=waterlogo.jpg 	25
174.7420 	DATA 	Keypress: o
174.7629 	Level injecting via pump at address 0 	25
180.7441 	DATA 	Keypress: o
180.7451 	DATA 	Keypress: o
180.7460 	DATA 	Keypress: o
180.7628 	Level WAIT 	25
181.7462 	Level RINSE 	25
183.7448 	DATA 	Keypress: o
183.7630 	Level jitter 	25
186.7394 	Level finished 	25
186.7407 	DATA 	Keypress: o
186.7422 	DATA 	Keypress: o
186.7636 	Level image=tasty.jpg 	25
187.7467 	Level injecting via pump at address 1 	25
193.7448 	DATA 	Keypress: o
193.7459 	DATA 	Keypress: o
193.7471 	DATA 	Keypress: o
193.7637 	Level WAIT 	25
194.7421 	DATA 	Keypress: o
194.7638 	Level RINSE 	25
196.7446 	DATA 	Keypress: o
196.7476 	Level jitter 	25
199.7394 	Level finished 	25
199.7407 	DATA 	Keypress: o
199.7641 	Level image=waterlogo.jpg 	25
200.7420 	DATA 	Keypress: o
200.7642 	Level injecting via pump at address 0 	25
206.7447 	DATA 	Keypress: o
206.7457 	DATA 	Keypress: o
206.7466 	DATA 	Keypress: o
206.7651 	Level WAIT 	25
207.7647 	Level RINSE 	25
209.7447 	DATA 	Keypress: o
209.7648 	Level jitter 	25
213.7394 	Level finished 	25
213.7408 	DATA 	Keypress: o
213.7420 	DATA 	Keypress: o
213.7650 	Level image=waterlogo.jpg 	25
214.7422 	DATA 	Keypress: o
214.7652 	Level injecting via pump at address 0 	25
220.7450 	DATA 	Keypress: o
220.7463 	DATA 	Keypress: o
220.7474 	DATA 	Keypress: o
220.7661 	Level WAIT 	25
221.7489 	Level RINSE 	25
223.7448 	DATA 	Keypress: o
223.7657 	Level jitter 	25
228.7394 	Level finished 	25
228.7408 	DATA 	Keypress: o
228.7419 	DATA 	Keypress: o
228.7429 	DATA 	Keypress: o
228.7661 	Level image=tasty.jpg 	25
229.7662 	Level injecting via pump at address 1 	25
235.7447 	DATA 	Keypress: o
235.7458 	DATA 	Keypress: o
235.7469 	DATA 	Keypress: o
235.7670 	Level WAIT 	25
236.7422 	DATA 	Keypress: o
236.7667 	Level RINSE 	25
238.7454 	DATA 	Keypress: o
238.7668 	Level jitter 	25
241.7394 	Level finished 	25
241.7407 	DATA 	Keypress: o
241.7670 	Level image=waterlogo.jpg 	25
242.7422 	DATA 	Keypress: o
242.7671 	Level injecting via pump at address 0 	25
248.7450 	DATA 	Keypress: o
248.7463 	DATA 	Keypress: o
248.7477 	DATA 	Keypress: o
248.7679 	Level WAIT 	25
249.7509 	Level RINSE 	25
251.7446 	DATA 	Keypress: o
251.7677 	Level jitter 	25
259.7394 	Level finished 	25
259.7407 	DATA 	Keypress: o
259.7417 	DATA 	Keypress: o
259.7426 	DATA 	Keypress: o
259.7436 	DATA 	Keypress: o
259.7687 	Level image=tasty.jpg 	25
260.7423 	DATA 	Keypress: o
260.7684 	Level injecting via pump at address 1 	25
266.7446 	DATA 	Keypress: o
266.7456 	DATA 	Keypress: o
266.7467 	DATA 	Keypress: o
266.7687 	Level WAIT 	25
267.7688 	Level RINSE 	25
269.7447 	DATA 	Keypress: o
269.7693 	Level jitter 	25
271.7394 	Level finished 	25
271.7407 	DATA 	Keypress: o
271.7524 	Level image=tasty.jpg 	25
272.7422 	DATA 	Keypress: o
272.7526 	Level injecting via pump at address 1 	25
278.7456 	DATA 	Keypress: o
278.7468 	DATA 	Keypress: o
278.7480 	DATA 	Keypress: o
278.7696 	Level WAIT 	25
279.7533 	Level RINSE 	25
281.7440 	DATA 	Keypress: o
281.7530 	Level jitter 	25
283.7394 	Level finished 	25
283.7406 	DATA 	Keypress: o
283.7699 	Level image=waterlogo.jpg 	25
284.7420 	DATA 	Keypress: o
284.7534 	Level injecting via pump at address 0 	25
290.7444 	DATA 	Keypress: o
290.7456 	DATA 	Keypress: o
290.7467 	DATA 	Keypress: o
290.7541 	Level WAIT 	25
291.7538 	Level RINSE 	25
293.7447 	DATA 	Keypress: o
293.7539 	Level jitter 	25
296.7394 	Level finished 	25
296.7409 	DATA 	Keypress: o
296.7421 	DATA 	Keypress: o
296.7541 	Level image=tasty.jpg 	25
297.7543 	Level injecting via pump at address 1 	25
303.7449 	DATA 	Keypress: o
303.7461 	DATA 	Keypress: o
303.7473 	DATA 	Keypress: o
303.7551 	Level WAIT 	25
304.7422 	DATA 	Keypress: o
304.7547 	Level RINSE 	25
306.7441 	DATA 	Keypress: o
306.7548 	Level jitter 	25
308.7394 	Level finished 	25
308.7408 	DATA 	Keypress: o
308.7717 	Level image=waterlogo.jpg 	25
309.7550 	Level injecting via pump at address 0 	25
315.7451 	DATA 	Keypress: o
315.7463 	DATA 	Keypress: o
315.7475 	DATA 	Keypress: o
315.7559 	Level WAIT 	25
316.7419 	DATA 	Keypress: o
316.7556 	Level RINSE 	25
318.7446 	DATA 	Keypress: o
318.7556 	Level jitter 	25
319.7394 	Level finished 	25
319.7557 	Level image=tasty.jpg 	25
320.7558 	Level injecting via pump at address 1 	25
326.7433 	DATA 	Keypress: lcommand
326.7566 	Level WAIT 	25
327.7418 	DATA 	Keypress: lcommand
327.7563 	Level RINSE 	25
329.7438 	DATA 	Keypress: lcommand
329.7495 	DATA 	Keypress: grave
329.7503 	DATA 	Keypress: escape
329.7510 	DATA 	Keypress: escape
329.7515 	DATA 	Keypress: escape
329.7522 	DATA 	Keypress: escape
329.7530 	DATA 	Keypress: lcommand
329.7534 	DATA 	Keypress: c
329.7541 	DATA 	Keypress: c
329.7548 	DATA 	Keypress: c
329.7554 	DATA 	Keypress: c
329.7730 	Level jitter 	25
331.7394 	Level finished 	25
331.7412 	DATA 	Keypress: c
331.7424 	DATA 	Keypress: c
331.7436 	DATA 	Keypress: c
331.7447 	DATA 	Keypress: c
331.7459 	DATA 	Keypress: c
331.7470 	DATA 	Keypress: c
331.7481 	DATA 	Keypress: c
331.7732 	Level image=waterlogo.jpg 	25
332.7418 	DATA 	Keypress: c
332.7426 	DATA 	Keypress: loption
332.7436 	DATA 	Keypress: c
332.7447 	DATA 	Keypress: c
332.7457 	DATA 	Keypress: c
332.7467 	DATA 	Keypress: c
332.7478 	DATA 	Keypress: c
332.7733 	Level injecting via pump at address 0 	25
338.7447 	DATA 	Keypress: lcommand
338.7452 	DATA 	Keypress: c
338.7458 	DATA 	Keypress: c
338.7464 	DATA 	Keypress: c
338.7470 	DATA 	Keypress: c
338.7483 	DATA 	Keypress: c
338.7490 	DATA 	Keypress: lctrl
338.7495 	DATA 	Keypress: c
338.7501 	DATA 	Keypress: c
338.7508 	DATA 	Keypress: c
338.7514 	DATA 	Keypress: c
338.7521 	DATA 	Keypress: c
338.7534 	DATA 	Keypress: c
338.7546 	DATA 	Keypress: c
338.7557 	DATA 	Keypress: c
338.7562 	DATA 	Keypress: lshift
338.7569 	DATA 	Keypress: c
338.7579 	DATA 	Keypress: c
338.7588 	DATA 	Keypress: c
338.7597 	DATA 	Keypress: lcommand
338.7601 	DATA 	Keypress: c
338.7608 	DATA 	Keypress: c
338.7614 	DATA 	Keypress: c
338.7741 	Level WAIT 	25
339.7415 	DATA 	Keypress: loption
339.7426 	DATA 	Keypress: c
339.7438 	DATA 	Keypress: c
339.7449 	DATA 	Keypress: c
339.7458 	DATA 	Keypress: lctrl
339.7738 	Level RINSE 	25
341.7438 	DATA 	Keypress: c
341.7445 	DATA 	Keypress: c
341.7451 	DATA 	Keypress: c
341.7572 	Level jitter 	25
347.7394 	Level finished 	25
347.7401 	DATA 	Keypress: lctrl
347.7406 	DATA 	Keypress: c
347.7412 	DATA 	Keypress: c
347.7419 	DATA 	Keypress: c
347.7427 	DATA 	Keypress: lctrl
347.7431 	DATA 	Keypress: c
347.7437 	DATA 	Keypress: c
347.7444 	DATA 	Keypress: c
347.7450 	DATA 	Keypress: c
347.7457 	DATA 	Keypress: c
347.7463 	DATA 	Keypress: c
347.7470 	DATA 	Keypress: c
347.7477 	DATA 	Keypress: c
347.7483 	DATA 	Keypress: c
347.7490 	DATA 	Keypress: c
347.7497 	DATA 	Keypress: c
347.7504 	DATA 	Keypress: lctrl
347.7508 	DATA 	Keypress: q
347.7523 	DATA 	Keypress: q
347.7527 	DATA 	Keypress: lctrl
347.7534 	DATA 	Keypress: q
347.7541 	DATA 	Keypress: q
347.7547 	DATA 	Keypress: q
