52.5148 	DATA 	Keypress: o
52.5156 	Level start key press 	25
54.5283 	DATA 	Keypress: o
56.5284 	DATA 	Keypress: o
58.5287 	DATA 	Keypress: o
60.5291 	DATA 	Keypress: o
60.9933 	Level image=waterlogo.jpg 	25
61.9439 	Level injecting via pump at address 0 	25
67.9149 	DATA 	Keypress: o
67.9162 	DATA 	Keypress: o
67.9174 	DATA 	Keypress: o
67.9442 	Level WAIT 	25
68.9126 	DATA 	Keypress: o
68.9276 	Level RINSE 	25
70.9231 	DATA 	Keypress: o
70.9445 	Level jitter 	25
77.9100 	Level finished 	25
77.9113 	DATA 	Keypress: o
77.9123 	DATA 	Keypress: o
77.9133 	DATA 	Keypress: o
77.9291 	Level image=waterlogo.jpg 	25
78.9125 	DATA 	Keypress: o
78.9288 	Level injecting via pump at address 0 	25
84.9145 	DATA 	Keypress: o
84.9155 	DATA 	Keypress: o
84.9164 	DATA 	Keypress: o
84.9294 	Level WAIT 	25
85.9296 	Level RINSE 	25
87.9148 	DATA 	Keypress: o
87.9303 	Level jitter 	25
92.9100 	Level finished 	25
92.9114 	DATA 	Keypress: o
92.9127 	DATA 	Keypress: o
92.9138 	DATA 	Keypress: o
92.9471 	Level image=tasty.jpg 	25
93.9306 	Level injecting via pump at address 1 	25
99.9152 	DATA 	Keypress: o
99.9164 	DATA 	Keypress: o
99.9174 	DATA 	Keypress: o
99.9316 	Level WAIT 	25
100.9126 	DATA 	Keypress: o
100.9314 	Level RINSE 	25
102.9153 	DATA 	Keypress: o
102.9316 	Level jitter 	25
105.9100 	Level finished 	25
105.9113 	DATA 	Keypress: o
105.9321 	Level image=tasty.jpg 	25
106.9131 	DATA 	Keypress: o
106.9322 	Level injecting via pump at address 0 	25
112.9158 	DATA 	Keypress: o
112.9171 	DATA 	Keypress: o
112.9184 	DATA 	Keypress: o
112.9331 	Level WAIT 	25
113.9328 	Level RINSE 	25
115.9150 	DATA 	Keypress: o
115.9330 	Level jitter 	25
121.9100 	Level finished 	25
121.9112 	DATA 	Keypress: o
121.9123 	DATA 	Keypress: o
121.9135 	DATA 	Keypress: o
121.9338 	Level image=tasty.jpg 	25
122.9125 	DATA 	Keypress: o
122.9343 	Level injecting via pump at address 0 	25
128.9151 	DATA 	Keypress: o
128.9161 	DATA 	Keypress: o
128.9170 	DATA 	Keypress: o
128.9346 	Level WAIT 	25
129.9347 	Level RINSE 	25
131.9145 	DATA 	Keypress: o
131.9350 	Level jitter 	25
140.9100 	Level finished 	25
140.9112 	DATA 	Keypress: o
140.9124 	DATA 	Keypress: o
140.9135 	DATA 	Keypress: o
140.9147 	DATA 	Keypress: o
140.9157 	DATA 	Keypress: o
140.9364 	Level image=tasty.jpg 	25
141.9361 	Level injecting via pump at address 1 	25
147.9147 	DATA 	Keypress: o
147.9160 	DATA 	Keypress: o
147.9171 	DATA 	Keypress: o
147.9369 	Level WAIT 	25
148.9125 	DATA 	Keypress: o
148.9371 	Level RINSE 	25
150.9152 	DATA 	Keypress: o
150.9375 	Level jitter 	25
156.9100 	Level finished 	25
156.9112 	DATA 	Keypress: o
156.9121 	DATA 	Keypress: o
156.9132 	DATA 	Keypress: o
156.9379 	Level image=tasty.jpg 	25
157.9380 	Level injecting via pump at address 0 	25
163.9145 	DATA 	Keypress: o
163.9156 	DATA 	Keypress: o
163.9165 	DATA 	Keypress: o
163.9392 	Level WAIT 	25
164.9126 	DATA 	Keypress: o
164.9389 	Level RINSE 	25
166.9146 	DATA 	Keypress: o
166.9390 	Level jitter 	25
169.9100 	Level finished 	25
169.9114 	DATA 	Keypress: o
169.9394 	Level image=tasty.jpg 	25
170.9125 	DATA 	Keypress: o
170.9395 	Level injecting via pump at address 1 	25
176.9147 	DATA 	Keypress: o
176.9156 	DATA 	Keypress: o
176.9166 	DATA 	Keypress: o
176.9407 	Level WAIT 	25
177.9236 	Level RINSE 	25
179.9149 	DATA 	Keypress: o
179.9406 	Level jitter 	25
184.9100 	Level finished 	25
184.9113 	DATA 	Keypress: o
184.9124 	DATA 	Keypress: o
184.9135 	DATA 	Keypress: o
184.9412 	Level image=tasty.jpg 	25
185.9247 	Level injecting via pump at address 0 	25
191.9158 	DATA 	Keypress: o
191.9169 	DATA 	Keypress: o
191.9179 	DATA 	Keypress: o
191.9424 	Level WAIT 	25
192.9125 	DATA 	Keypress: o
192.9422 	Level RINSE 	25
194.9150 	DATA 	Keypress: o
194.9423 	Level jitter 	25
195.9100 	Level finished 	25
195.9424 	Level image=waterlogo.jpg 	25
196.9129 	DATA 	Keypress: o
196.9259 	Level injecting via pump at address 0 	25
202.9153 	DATA 	Keypress: o
202.9165 	DATA 	Keypress: o
202.9176 	DATA 	Keypress: o
202.9271 	Level WAIT 	25
203.9268 	Level RINSE 	25
205.9154 	DATA 	Keypress: o
205.9269 	Level jitter 	25
210.9100 	Level finished 	25
210.9112 	DATA 	Keypress: o
210.9122 	DATA 	Keypress: o
210.9134 	DATA 	Keypress: o
210.9442 	Level image=waterlogo.jpg 	25
211.9277 	Level injecting via pump at address 0 	25
217.9159 	DATA 	Keypress: o
217.9173 	DATA 	Keypress: o
217.9186 	DATA 	Keypress: o
217.9453 	Level WAIT 	25
218.9129 	DATA 	Keypress: o
218.9285 	Level RINSE 	25
220.9158 	DATA 	Keypress: o
220.9454 	Level jitter 	25
223.9100 	Level finished 	25
223.9111 	DATA 	Keypress: o
223.9458 	Level image=tasty.jpg 	25
224.9125 	DATA 	Keypress: o
224.9292 	Level injecting via pump at address 0 	25
230.9153 	DATA 	Keypress: o
230.9164 	DATA 	Keypress: o
230.9174 	DATA 	Keypress: o
230.9304 	Level WAIT 	25
231.9301 	Level RINSE 	25
233.9149 	DATA 	Keypress: o
233.9302 	Level jitter 	25
239.9100 	Level finished 	25
239.9112 	DATA 	Keypress: o
239.9122 	DATA 	Keypress: o
239.9133 	DATA 	Keypress: o
239.9309 	Level image=waterlogo.jpg 	25
240.9127 	DATA 	Keypress: o
240.9314 	Level injecting via pump at address 0 	25
246.9143 	DATA 	Keypress: o
246.9153 	DATA 	Keypress: o
246.9163 	DATA 	Keypress: o
246.9318 	Level WAIT 	25
247.9319 	Level RINSE 	25
249.9157 	DATA 	Keypress: o
249.9321 	Level jitter 	25
251.9100 	Level finished 	25
251.9111 	DATA 	Keypress: o
251.9327 	Level image=waterlogo.jpg 	25
252.9123 	DATA 	Keypress: o
252.9325 	Level injecting via pump at address 0 	25
258.9157 	DATA 	Keypress: o
258.9169 	DATA 	Keypress: o
258.9181 	DATA 	Keypress: o
258.9331 	Level WAIT 	25
259.9334 	Level RINSE 	25
261.9150 	DATA 	Keypress: o
261.9339 	Level jitter 	25
269.9100 	Level finished 	25
269.9112 	DATA 	Keypress: o
269.9123 	DATA 	Keypress: o
269.9133 	DATA 	Keypress: o
269.9142 	DATA 	Keypress: o
269.9345 	Level image=tasty.jpg 	25
270.9128 	DATA 	Keypress: o
270.9346 	Level injecting via pump at address 0 	25
276.9155 	DATA 	Keypress: o
276.9168 	DATA 	Keypress: o
276.9182 	DATA 	Keypress: o
276.9356 	Level WAIT 	25
277.9187 	Level RINSE 	25
279.9148 	DATA 	Keypress: o
279.9355 	Level jitter 	25
284.9100 	Level finished 	25
284.9112 	DATA 	Keypress: o
284.9122 	DATA 	Keypress: o
284.9132 	DATA 	Keypress: o
284.9362 	Level image=waterlogo.jpg 	25
285.9364 	Level injecting via pump at address 0 	25
291.9149 	DATA 	Keypress: o
291.9163 	DATA 	Keypress: o
291.9172 	DATA 	Keypress: o
291.9374 	Level WAIT 	25
292.9124 	DATA 	Keypress: o
292.9372 	Level RINSE 	25
294.9155 	DATA 	Keypress: o
294.9374 	Level jitter 	25
299.9100 	Level finished 	25
299.9113 	DATA 	Keypress: o
299.9123 	DATA 	Keypress: o
299.9379 	Level image=tasty.jpg 	25
300.9128 	DATA 	Keypress: o
300.9381 	Level injecting via pump at address 0 	25
306.9151 	DATA 	Keypress: o
306.9163 	DATA 	Keypress: o
306.9174 	DATA 	Keypress: o
306.9391 	Level WAIT 	25
307.9389 	Level RINSE 	25
309.9148 	DATA 	Keypress: o
309.9391 	Level jitter 	25
316.9100 	Level finished 	25
316.9114 	DATA 	Keypress: o
316.9126 	DATA 	Keypress: o
316.9137 	DATA 	Keypress: o
316.9148 	DATA 	Keypress: o
316.9404 	Level image=tasty.jpg 	25
317.9402 	Level injecting via pump at address 1 	25
323.9151 	DATA 	Keypress: o
323.9164 	DATA 	Keypress: o
323.9176 	DATA 	Keypress: o
323.9407 	Level WAIT 	25
324.9125 	DATA 	Keypress: o
324.9242 	Level RINSE 	25
326.9147 	DATA 	Keypress: o
326.9414 	Level jitter 	25
330.9100 	Level finished 	25
330.9112 	DATA 	Keypress: o
330.9123 	DATA 	Keypress: o
330.9249 	Level image=tasty.jpg 	25
331.9250 	Level injecting via pump at address 0 	25
337.9153 	DATA 	Keypress: o
337.9165 	DATA 	Keypress: o
337.9175 	DATA 	Keypress: o
337.9261 	Level WAIT 	25
338.9123 	DATA 	Keypress: o
338.9258 	Level RINSE 	25
340.9154 	DATA 	Keypress: o
340.9260 	Level jitter 	25
343.9100 	Level finished 	25
343.9113 	DATA 	Keypress: o
343.9264 	Level image=tasty.jpg 	25
344.9125 	DATA 	Keypress: o
344.9265 	Level injecting via pump at address 1 	25
350.9150 	DATA 	Keypress: o
350.9162 	DATA 	Keypress: o
350.9173 	DATA 	Keypress: o
350.9441 	Level WAIT 	25
351.9273 	Level RINSE 	25
353.9148 	DATA 	Keypress: o
353.9275 	Level jitter 	25
358.9100 	Level finished 	25
358.9112 	DATA 	Keypress: o
358.9122 	DATA 	Keypress: o
358.9134 	DATA 	Keypress: o
358.9282 	Level image=tasty.jpg 	25
359.9283 	Level injecting via pump at address 0 	25
365.9151 	DATA 	Keypress: o
365.9163 	DATA 	Keypress: o
365.9174 	DATA 	Keypress: o
365.9294 	Level WAIT 	25
366.9128 	DATA 	Keypress: o
366.9291 	Level RINSE 	25
368.9156 	DATA 	Keypress: o
368.9293 	Level jitter 	25
369.9100 	Level finished 	25
369.9295 	Level image=tasty.jpg 	25
370.9125 	DATA 	Keypress: o
370.9462 	Level injecting via pump at address 1 	25
376.9154 	DATA 	Keypress: o
376.9168 	DATA 	Keypress: o
376.9178 	DATA 	Keypress: o
376.9474 	Level WAIT 	25
377.9304 	Level RINSE 	25
379.9156 	DATA 	Keypress: o
379.9473 	Level jitter 	25
388.9100 	Level finished 	25
388.9113 	DATA 	Keypress: o
388.9124 	DATA 	Keypress: o
388.9133 	DATA 	Keypress: o
388.9142 	DATA 	Keypress: o
388.9154 	DATA 	Keypress: o
388.9488 	Level image=tasty.jpg 	25
389.9151 	Level injecting via pump at address 1 	25
395.9158 	DATA 	Keypress: o
395.9171 	DATA 	Keypress: o
395.9183 	DATA 	Keypress: o
395.9492 	Level WAIT 	25
396.9123 	DATA 	Keypress: o
396.9326 	Level RINSE 	25
398.9152 	DATA 	Keypress: o
398.9333 	Level jitter 	25
407.9100 	Level finished 	25
407.9114 	DATA 	Keypress: o
407.9126 	DATA 	Keypress: o
407.9138 	DATA 	Keypress: o
407.9150 	DATA 	Keypress: o
407.9505 	Level image=tasty.jpg 	25
408.9127 	DATA 	Keypress: o
408.9179 	Level injecting via pump at address 0 	25
414.9151 	DATA 	Keypress: o
414.9162 	DATA 	Keypress: o
414.9171 	DATA 	Keypress: o
414.9348 	Level WAIT 	25
415.9349 	Level RINSE 	25
417.9149 	DATA 	Keypress: o
417.9184 	Level jitter 	25
419.9100 	Level finished 	25
