53.4395 	DATA 	Keypress: o
53.4405 	Level start key press 	25
55.4387 	DATA 	Keypress: o
57.4385 	DATA 	Keypress: o
59.4388 	DATA 	Keypress: o
61.4388 	DATA 	Keypress: o
61.9699 	Level image=tasty.jpg 	25
62.9036 	Level injecting via pump at address 1 	25
68.8918 	DATA 	Keypress: o
68.8930 	DATA 	Keypress: o
68.8940 	DATA 	Keypress: o
68.9036 	Level WAIT 	25
69.8891 	DATA 	Keypress: o
69.9037 	Level RINSE 	25
71.8997 	DATA 	Keypress: o
71.9204 	Level jitter 	25
80.8864 	Level finished 	25
80.8879 	DATA 	Keypress: o
80.8892 	DATA 	Keypress: o
80.8905 	DATA 	Keypress: o
80.8917 	DATA 	Keypress: o
80.9049 	Level image=waterlogo.jpg 	25
81.8892 	DATA 	Keypress: o
81.9045 	Level injecting via pump at address 0 	25
87.8919 	DATA 	Keypress: o
87.8932 	DATA 	Keypress: o
87.8944 	DATA 	Keypress: o
87.9050 	Level WAIT 	25
88.9050 	Level RINSE 	25
90.8919 	DATA 	Keypress: o
90.9055 	Level jitter 	25
94.8864 	Level finished 	25
94.8878 	DATA 	Keypress: o
94.8890 	DATA 	Keypress: o
94.9221 	Level image=tasty.jpg 	25
95.8890 	DATA 	Keypress: o
95.9055 	Level injecting via pump at address 1 	25
101.8910 	DATA 	Keypress: o
101.8920 	DATA 	Keypress: o
101.8930 	DATA 	Keypress: o
101.9230 	Level WAIT 	25
102.9061 	Level RINSE 	25
104.8912 	DATA 	Keypress: o
104.9228 	Level jitter 	25
108.8864 	Level finished 	25
108.8877 	DATA 	Keypress: o
108.8887 	DATA 	Keypress: o
108.9064 	Level image=waterlogo.jpg 	25
109.8893 	DATA 	Keypress: o
109.9065 	Level injecting via pump at address 0 	25
115.8925 	DATA 	Keypress: o
115.8938 	DATA 	Keypress: o
115.8950 	DATA 	Keypress: o
115.9073 	Level WAIT 	25
116.9070 	Level RINSE 	25
118.8917 	DATA 	Keypress: o
118.9070 	Level jitter 	25
122.8864 	Level finished 	25
122.8878 	DATA 	Keypress: o
122.8889 	DATA 	Keypress: o
122.9241 	Level image=waterlogo.jpg 	25
123.8888 	DATA 	Keypress: o
123.9074 	Level injecting via pump at address 0 	25
129.8920 	DATA 	Keypress: o
129.8932 	DATA 	Keypress: o
129.8944 	DATA 	Keypress: o
129.9249 	Level WAIT 	25
130.9080 	Level RINSE 	25
132.8915 	DATA 	Keypress: o
132.9081 	Level jitter 	25
136.8864 	Level finished 	25
136.8884 	DATA 	Keypress: o
136.8904 	DATA 	Keypress: o
136.9083 	Level image=tasty.jpg 	25
137.8892 	DATA 	Keypress: o
137.9084 	Level injecting via pump at address 1 	25
143.8920 	DATA 	Keypress: o
143.8933 	DATA 	Keypress: o
143.8945 	DATA 	Keypress: o
143.9093 	Level WAIT 	25
144.9090 	Level RINSE 	25
146.8922 	DATA 	Keypress: o
146.9091 	Level jitter 	25
152.8864 	Level finished 	25
152.8879 	DATA 	Keypress: o
152.8890 	DATA 	Keypress: o
152.8900 	DATA 	Keypress: o
152.9094 	Level image=waterlogo.jpg 	25
153.8888 	DATA 	Keypress: o
153.9100 	Level injecting via pump at address 0 	25
159.8917 	DATA 	Keypress: o
159.8930 	DATA 	Keypress: o
159.8942 	DATA 	Keypress: o
159.9100 	Level WAIT 	25
160.9101 	Level RINSE 	25
162.8921 	DATA 	Keypress: o
162.9101 	Level jitter 	25
165.8864 	Level finished 	25
165.8881 	DATA 	Keypress: o
165.8896 	DATA 	Keypress: o
165.9107 	Level image=tasty.jpg 	25
166.9104 	Level injecting via pump at address 1 	25
172.8917 	DATA 	Keypress: o
172.8930 	DATA 	Keypress: o
172.8942 	DATA 	Keypress: o
172.9108 	Level WAIT 	25
173.8892 	DATA 	Keypress: o
173.9110 	Level RINSE 	25
175.8915 	DATA 	Keypress: o
175.9115 	Level jitter 	25
178.8864 	Level finished 	25
178.8877 	DATA 	Keypress: o
178.9112 	Level image=waterlogo.jpg 	25
179.8888 	DATA 	Keypress: o
179.9113 	Level injecting via pump at address 0 	25
185.8931 	DATA 	Keypress: o
185.8944 	DATA 	Keypress: o
185.8960 	DATA 	Keypress: o
185.9121 	Level WAIT 	25
186.8951 	Level RINSE 	25
188.8911 	DATA 	Keypress: o
188.9120 	Level jitter 	25
192.8864 	Level finished 	25
192.8878 	DATA 	Keypress: o
192.8891 	DATA 	Keypress: o
192.9122 	Level image=waterlogo.jpg 	25
193.8893 	DATA 	Keypress: o
193.9123 	Level injecting via pump at address 0 	25
199.8921 	DATA 	Keypress: o
199.8933 	DATA 	Keypress: o
199.8946 	DATA 	Keypress: o
199.9131 	Level WAIT 	25
200.9128 	Level RINSE 	25
202.8920 	DATA 	Keypress: o
202.9129 	Level jitter 	25
207.8864 	Level finished 	25
207.8877 	DATA 	Keypress: o
207.8888 	DATA 	Keypress: o
207.8898 	DATA 	Keypress: o
207.9132 	Level image=tasty.jpg 	25
208.8967 	Level injecting via pump at address 1 	25
214.8922 	DATA 	Keypress: o
214.8936 	DATA 	Keypress: o
214.8950 	DATA 	Keypress: o
214.9141 	Level WAIT 	25
215.8894 	DATA 	Keypress: o
215.9138 	Level RINSE 	25
217.8916 	DATA 	Keypress: o
217.8972 	Level jitter 	25
220.8864 	Level finished 	25
220.8878 	DATA 	Keypress: o
220.8974 	Level image=waterlogo.jpg 	25
221.8892 	DATA 	Keypress: o
221.8975 	Level injecting via pump at address 0 	25
227.8922 	DATA 	Keypress: o
227.8935 	DATA 	Keypress: o
227.8946 	DATA 	Keypress: o
227.9149 	Level WAIT 	25
228.9147 	Level RINSE 	25
230.8918 	DATA 	Keypress: o
230.8981 	Level jitter 	25
238.8864 	Level finished 	25
238.8881 	DATA 	Keypress: o
238.8894 	DATA 	Keypress: o
238.8906 	DATA 	Keypress: o
238.8918 	DATA 	Keypress: o
238.9158 	Level image=tasty.jpg 	25
239.8890 	DATA 	Keypress: o
239.8988 	Level injecting via pump at address 1 	25
245.8921 	DATA 	Keypress: o
245.8934 	DATA 	Keypress: o
245.8946 	DATA 	Keypress: o
245.8992 	Level WAIT 	25
246.8992 	Level RINSE 	25
248.8911 	DATA 	Keypress: o
248.8997 	Level jitter 	25
250.8864 	Level finished 	25
250.8878 	DATA 	Keypress: o
250.9162 	Level image=tasty.jpg 	25
251.8893 	DATA 	Keypress: o
251.9163 	Level injecting via pump at address 1 	25
257.8922 	DATA 	Keypress: o
257.8934 	DATA 	Keypress: o
257.8946 	DATA 	Keypress: o
257.9166 	Level WAIT 	25
258.9005 	Level RINSE 	25
260.8920 	DATA 	Keypress: o
260.9169 	Level jitter 	25
262.8864 	Level finished 	25
262.8878 	DATA 	Keypress: o
262.9170 	Level image=waterlogo.jpg 	25
263.8888 	DATA 	Keypress: o
263.9171 	Level injecting via pump at address 0 	25
269.8920 	DATA 	Keypress: o
269.8933 	DATA 	Keypress: o
269.8945 	DATA 	Keypress: o
269.9179 	Level WAIT 	25
270.9010 	Level RINSE 	25
272.8920 	DATA 	Keypress: o
272.9177 	Level jitter 	25
275.8864 	Level finished 	25
275.8883 	DATA 	Keypress: o
275.8893 	DATA 	Keypress: o
275.9180 	Level image=tasty.jpg 	25
276.9013 	Level injecting via pump at address 1 	25
282.8922 	DATA 	Keypress: o
282.8935 	DATA 	Keypress: o
282.8946 	DATA 	Keypress: o
282.9188 	Level WAIT 	25
283.8904 	DATA 	Keypress: o
283.9018 	Level RINSE 	25
285.8926 	DATA 	Keypress: o
285.9186 	Level jitter 	25
287.8864 	Level finished 	25
287.8878 	DATA 	Keypress: o
287.9188 	Level image=waterlogo.jpg 	25
288.9189 	Level injecting via pump at address 0 	25
294.8921 	DATA 	Keypress: o
294.8940 	DATA 	Keypress: o
294.8955 	DATA 	Keypress: o
294.9196 	Level WAIT 	25
295.8890 	DATA 	Keypress: o
295.9026 	Level RINSE 	25
297.8923 	DATA 	Keypress: o
297.9194 	Level jitter 	25
298.8864 	Level finished 	25
298.9029 	Level image=tasty.jpg 	25
299.8887 	DATA 	Keypress: o
299.9030 	Level injecting via pump at address 1 	25
305.8921 	DATA 	Keypress: o
305.8934 	DATA 	Keypress: o
305.8948 	DATA 	Keypress: o
305.9037 	Level WAIT 	25
306.9033 	Level RINSE 	25
308.8914 	DATA 	Keypress: o
308.9035 	Level jitter 	25
310.8864 	Level finished 	25
310.8878 	DATA 	Keypress: o
310.9203 	Level image=waterlogo.jpg 	25
311.8893 	DATA 	Keypress: o
311.9038 	Level injecting via pump at address 0 	25
317.8914 	DATA 	Keypress: o
317.8924 	DATA 	Keypress: o
317.8934 	DATA 	Keypress: o
317.9045 	Level WAIT 	25
318.9042 	Level RINSE 	25
320.8917 	DATA 	Keypress: o
320.9043 	Level jitter 	25
326.8864 	Level finished 	25
326.8878 	DATA 	Keypress: o
326.8891 	DATA 	Keypress: o
326.8904 	DATA 	Keypress: o
326.9048 	Level image=waterlogo.jpg 	25
327.8893 	DATA 	Keypress: o
327.9053 	Level injecting via pump at address 0 	25
333.8922 	DATA 	Keypress: o
333.8936 	DATA 	Keypress: o
333.8949 	DATA 	Keypress: o
333.9051 	Level WAIT 	25
334.9053 	Level RINSE 	25
336.8916 	DATA 	Keypress: o
336.9053 	Level jitter 	25
339.8864 	Level finished 	25
339.8877 	DATA 	Keypress: o
339.8887 	DATA 	Keypress: o
339.9061 	Level image=tasty.jpg 	25
340.9058 	Level injecting via pump at address 1 	25
346.8922 	DATA 	Keypress: o
346.8935 	DATA 	Keypress: o
346.8948 	DATA 	Keypress: o
346.9061 	Level WAIT 	25
347.8890 	DATA 	Keypress: o
347.9062 	Level RINSE 	25
349.8922 	DATA 	Keypress: o
349.9067 	Level jitter 	25
357.8864 	Level finished 	25
357.8876 	DATA 	Keypress: o
357.8890 	DATA 	Keypress: o
357.8900 	DATA 	Keypress: o
357.8910 	DATA 	Keypress: o
357.9235 	Level image=waterlogo.jpg 	25
358.9071 	Level injecting via pump at address 0 	25
364.8914 	DATA 	Keypress: o
364.8925 	DATA 	Keypress: o
364.8935 	DATA 	Keypress: o
364.9077 	Level WAIT 	25
365.8894 	DATA 	Keypress: o
365.9074 	Level RINSE 	25
367.8918 	DATA 	Keypress: o
367.9075 	Level jitter 	25
372.8864 	Level finished 	25
372.8876 	DATA 	Keypress: o
372.8887 	DATA 	Keypress: o
372.9080 	Level image=tasty.jpg 	25
373.8892 	DATA 	Keypress: o
373.9081 	Level injecting via pump at address 1 	25
379.8910 	DATA 	Keypress: o
379.8921 	DATA 	Keypress: o
379.8931 	DATA 	Keypress: o
379.9087 	Level WAIT 	25
380.9085 	Level RINSE 	25
382.8920 	DATA 	Keypress: o
382.9253 	Level jitter 	25
386.8864 	Level finished 	25
386.8878 	DATA 	Keypress: o
386.8892 	DATA 	Keypress: o
386.9090 	Level image=waterlogo.jpg 	25
387.8893 	DATA 	Keypress: o
387.9091 	Level injecting via pump at address 0 	25
393.8926 	DATA 	Keypress: o
393.8940 	DATA 	Keypress: o
393.8951 	DATA 	Keypress: o
393.9097 	Level WAIT 	25
394.9095 	Level RINSE 	25
396.8919 	DATA 	Keypress: o
396.9095 	Level jitter 	25
401.8864 	Level finished 	25
401.8877 	DATA 	Keypress: o
401.8888 	DATA 	Keypress: o
401.8897 	DATA 	Keypress: o
401.9100 	Level image=tasty.jpg 	25
402.9101 	Level injecting via pump at address 1 	25
408.8913 	DATA 	Keypress: o
408.8923 	DATA 	Keypress: o
408.8933 	DATA 	Keypress: o
408.9108 	Level WAIT 	25
409.8890 	DATA 	Keypress: o
409.9105 	Level RINSE 	25
411.8924 	DATA 	Keypress: o
411.9106 	Level jitter 	25
420.8864 	Level finished 	25
420.8876 	DATA 	Keypress: o
420.8887 	DATA 	Keypress: o
420.8900 	DATA 	Keypress: o
420.8912 	DATA 	Keypress: o
420.9116 	Level image=waterlogo.jpg 	25
421.8896 	DATA 	Keypress: o
421.9114 	Level injecting via pump at address 0 	25
427.8915 	DATA 	Keypress: o
427.8926 	DATA 	Keypress: o
427.8936 	DATA 	Keypress: o
427.9117 	Level WAIT 	25
428.9119 	Level RINSE 	25
430.8922 	DATA 	Keypress: o
430.9124 	Level jitter 	25
439.8864 	Level finished 	25
439.8879 	DATA 	Keypress: o
439.8893 	DATA 	Keypress: o
439.8905 	DATA 	Keypress: o
439.8917 	DATA 	Keypress: o
439.8931 	DATA 	Keypress: o
439.9125 	Level image=tasty.jpg 	25
440.9132 	Level injecting via pump at address 1 	25
446.8914 	DATA 	Keypress: o
446.8925 	DATA 	Keypress: o
446.8936 	DATA 	Keypress: o
446.9131 	Level WAIT 	25
447.8893 	DATA 	Keypress: o
447.9131 	Level RINSE 	25
449.8922 	DATA 	Keypress: o
449.9132 	Level jitter 	25
453.8864 	Level finished 	25
453.8881 	DATA 	Keypress: o
453.8895 	DATA 	Keypress: o
453.9139 	Level image=tasty.jpg 	25
454.8971 	Level injecting via pump at address 1 	25
460.8917 	DATA 	Keypress: o
460.8928 	DATA 	Keypress: o
460.8938 	DATA 	Keypress: o
460.9140 	Level WAIT 	25
461.8898 	DATA 	Keypress: o
461.8973 	Level RINSE 	25
463.8915 	DATA 	Keypress: o
463.9146 	Level jitter 	25
466.8864 	Level finished 	25
466.8876 	DATA 	Keypress: o
466.9144 	Level image=waterlogo.jpg 	25
467.8892 	DATA 	Keypress: o
467.8980 	Level injecting via pump at address 0 	25
473.8924 	DATA 	Keypress: o
473.8938 	DATA 	Keypress: o
473.8952 	DATA 	Keypress: o
473.9154 	Level WAIT 	25
474.8983 	Level RINSE 	25
476.8918 	DATA 	Keypress: o
476.8984 	Level jitter 	25
477.8864 	Level finished 	25
477.8875 	DATA 	Keypress: o
477.9152 	Level image=tasty.jpg 	25
478.9153 	Level injecting via pump at address 1 	25
484.8912 	DATA 	Keypress: o
484.8923 	DATA 	Keypress: o
484.8933 	DATA 	Keypress: o
484.9161 	Level WAIT 	25
485.8894 	DATA 	Keypress: o
485.9158 	Level RINSE 	25
487.8915 	DATA 	Keypress: o
487.9159 	Level jitter 	25
494.8864 	Level finished 	25
494.8880 	DATA 	Keypress: o
494.8894 	DATA 	Keypress: o
494.8906 	DATA 	Keypress: o
494.9168 	Level image=waterlogo.jpg 	25
495.8888 	DATA 	Keypress: o
495.8998 	Level injecting via pump at address 0 	25
501.8914 	DATA 	Keypress: o
501.8926 	DATA 	Keypress: o
501.8936 	DATA 	Keypress: o
501.9001 	Level WAIT 	25
502.9002 	Level RINSE 	25
504.8926 	DATA 	Keypress: o
504.9007 	Level jitter 	25
505.8864 	Level finished 	25
505.8876 	DATA 	Keypress: o
505.9004 	Level image=tasty.jpg 	25
506.9172 	Level injecting via pump at address 1 	25
512.8925 	DATA 	Keypress: o
512.8939 	DATA 	Keypress: o
512.8950 	DATA 	Keypress: o
512.9175 	Level WAIT 	25
513.8898 	DATA 	Keypress: o
513.9176 	Level RINSE 	25
515.8915 	DATA 	Keypress: o
515.9182 	Level jitter 	25
521.8864 	Level finished 	25
