81.6756 	DATA 	Keypress: o
81.6763 	Level start key press 	25
83.6867 	DATA 	Keypress: o
85.6859 	DATA 	Keypress: o
87.6869 	DATA 	Keypress: o
89.6865 	DATA 	Keypress: o
90.4865 	Level image=waterlogo.jpg 	25
91.4108 	Level injecting via pump at address 0 	25
97.4095 	DATA 	Keypress: o
97.4109 	DATA 	Keypress: o
97.4123 	DATA 	Keypress: o
97.4182 	Level WAIT 	25
98.4062 	DATA 	Keypress: o
98.4175 	Level RINSE 	25
100.4171 	DATA 	Keypress: o
100.4292 	Level jitter 	25
102.4034 	Level finished 	25
102.4048 	DATA 	Keypress: o
102.4363 	Level image=tasty.jpg 	25
103.4305 	Level injecting via pump at address 1 	25
109.4093 	DATA 	Keypress: o
109.4109 	DATA 	Keypress: o
109.4122 	DATA 	Keypress: o
109.4314 	Level WAIT 	25
110.4069 	DATA 	Keypress: o
110.4102 	Level RINSE 	25
112.4089 	DATA 	Keypress: o
112.4168 	Level jitter 	25
114.4034 	Level finished 	25
114.4049 	DATA 	Keypress: o
114.4196 	Level image=tasty.jpg 	25
115.4174 	Level injecting via pump at address 0 	25
121.4089 	DATA 	Keypress: o
121.4103 	DATA 	Keypress: o
121.4115 	DATA 	Keypress: o
121.4356 	Level WAIT 	25
122.4064 	DATA 	Keypress: o
122.4134 	Level RINSE 	25
124.4092 	DATA 	Keypress: o
124.4192 	Level jitter 	25
129.4034 	Level finished 	25
129.4053 	DATA 	Keypress: o
129.4067 	DATA 	Keypress: o
129.4203 	Level image=tasty.jpg 	25
130.4059 	DATA 	Keypress: o
130.4208 	Level injecting via pump at address 1 	25
136.4094 	DATA 	Keypress: o
136.4107 	DATA 	Keypress: o
136.4117 	DATA 	Keypress: o
136.4227 	Level WAIT 	25
137.4172 	Level RINSE 	25
139.4090 	DATA 	Keypress: o
139.4204 	Level jitter 	25
145.4034 	Level finished 	25
145.4051 	DATA 	Keypress: o
145.4065 	DATA 	Keypress: o
145.4079 	DATA 	Keypress: o
145.4214 	Level image=tasty.jpg 	25
146.4065 	DATA 	Keypress: o
146.4213 	Level injecting via pump at address 0 	25
152.4098 	DATA 	Keypress: o
152.4113 	DATA 	Keypress: o
152.4125 	DATA 	Keypress: o
152.4214 	Level WAIT 	25
153.4165 	Level RINSE 	25
155.4093 	DATA 	Keypress: o
155.4223 	Level jitter 	25
157.4034 	Level finished 	25
157.4049 	DATA 	Keypress: o
157.4296 	Level image=waterlogo.jpg 	25
158.4065 	DATA 	Keypress: o
158.4223 	Level injecting via pump at address 0 	25
164.4096 	DATA 	Keypress: o
164.4113 	DATA 	Keypress: o
164.4129 	DATA 	Keypress: o
164.4221 	Level WAIT 	25
165.4204 	Level RINSE 	25
167.4107 	DATA 	Keypress: o
167.4236 	Level jitter 	25
176.4034 	Level finished 	25
176.4049 	DATA 	Keypress: o
176.4064 	DATA 	Keypress: o
176.4076 	DATA 	Keypress: o
176.4089 	DATA 	Keypress: o
176.4102 	DATA 	Keypress: o
176.4292 	Level image=tasty.jpg 	25
177.4238 	Level injecting via pump at address 0 	25
183.4090 	DATA 	Keypress: o
183.4102 	DATA 	Keypress: o
183.4113 	DATA 	Keypress: o
183.4254 	Level WAIT 	25
184.4065 	DATA 	Keypress: o
184.4195 	Level RINSE 	25
186.4098 	DATA 	Keypress: o
186.4235 	Level jitter 	25
187.4034 	Level finished 	25
187.4218 	Level image=waterlogo.jpg 	25
188.4063 	DATA 	Keypress: o
188.4155 	Level injecting via pump at address 0 	25
194.4097 	DATA 	Keypress: o
194.4112 	DATA 	Keypress: o
194.4125 	DATA 	Keypress: o
194.4172 	Level WAIT 	25
195.4113 	Level RINSE 	25
197.4094 	DATA 	Keypress: o
197.4178 	Level jitter 	25
203.4034 	Level finished 	25
203.4048 	DATA 	Keypress: o
203.4062 	DATA 	Keypress: o
203.4075 	DATA 	Keypress: o
203.4196 	Level image=tasty.jpg 	25
204.4059 	DATA 	Keypress: o
204.4141 	Level injecting via pump at address 0 	25
210.4095 	DATA 	Keypress: o
210.4108 	DATA 	Keypress: o
210.4121 	DATA 	Keypress: o
210.4169 	Level WAIT 	25
211.4277 	Level RINSE 	25
213.4090 	DATA 	Keypress: o
213.4174 	Level jitter 	25
221.4034 	Level finished 	25
221.4048 	DATA 	Keypress: o
221.4063 	DATA 	Keypress: o
221.4075 	DATA 	Keypress: o
221.4088 	DATA 	Keypress: o
221.4413 	Level image=tasty.jpg 	25
222.4063 	DATA 	Keypress: o
222.4203 	Level injecting via pump at address 1 	25
228.4097 	DATA 	Keypress: o
228.4114 	DATA 	Keypress: o
228.4127 	DATA 	Keypress: o
228.4214 	Level WAIT 	25
229.4164 	Level RINSE 	25
231.4090 	DATA 	Keypress: o
231.4220 	Level jitter 	25
236.4034 	Level finished 	25
236.4049 	DATA 	Keypress: o
236.4065 	DATA 	Keypress: o
236.4081 	DATA 	Keypress: o
236.4275 	Level image=tasty.jpg 	25
237.4112 	Level injecting via pump at address 0 	25
243.4092 	DATA 	Keypress: o
243.4106 	DATA 	Keypress: o
243.4118 	DATA 	Keypress: o
243.4417 	Level WAIT 	25
244.4065 	DATA 	Keypress: o
244.4195 	Level RINSE 	25
246.4088 	DATA 	Keypress: o
246.4258 	Level jitter 	25
253.4034 	Level finished 	25
253.4049 	DATA 	Keypress: o
253.4063 	DATA 	Keypress: o
253.4075 	DATA 	Keypress: o
253.4235 	Level image=waterlogo.jpg 	25
254.4064 	DATA 	Keypress: o
254.4172 	Level injecting via pump at address 0 	25
260.4086 	DATA 	Keypress: o
260.4098 	DATA 	Keypress: o
260.4109 	DATA 	Keypress: o
260.4187 	Level WAIT 	25
261.4124 	Level RINSE 	25
263.4090 	DATA 	Keypress: o
263.4205 	Level jitter 	25
269.4034 	Level finished 	25
269.4051 	DATA 	Keypress: o
269.4065 	DATA 	Keypress: o
269.4078 	DATA 	Keypress: o
269.4214 	Level image=waterlogo.jpg 	25
270.4060 	DATA 	Keypress: o
270.4129 	Level injecting via pump at address 0 	25
276.4092 	DATA 	Keypress: o
276.4106 	DATA 	Keypress: o
276.4119 	DATA 	Keypress: o
276.4187 	Level WAIT 	25
277.4292 	Level RINSE 	25
279.4088 	DATA 	Keypress: o
279.4194 	Level jitter 	25
281.4034 	Level finished 	25
281.4048 	DATA 	Keypress: o
281.4135 	Level image=tasty.jpg 	25
282.4064 	DATA 	Keypress: o
282.4145 	Level injecting via pump at address 0 	25
288.4099 	DATA 	Keypress: o
288.4114 	DATA 	Keypress: o
288.4127 	DATA 	Keypress: o
288.4225 	Level WAIT 	25
289.4148 	Level RINSE 	25
291.4091 	DATA 	Keypress: o
291.4225 	Level jitter 	25
298.4034 	Level finished 	25
298.4050 	DATA 	Keypress: o
298.4064 	DATA 	Keypress: o
298.4077 	DATA 	Keypress: o
298.4089 	DATA 	Keypress: o
298.4189 	Level image=tasty.jpg 	25
299.4139 	Level injecting via pump at address 1 	25
305.4083 	DATA 	Keypress: o
305.4094 	DATA 	Keypress: o
305.4107 	DATA 	Keypress: o
305.4315 	Level WAIT 	25
306.4063 	DATA 	Keypress: o
306.4106 	Level RINSE 	25
308.4085 	DATA 	Keypress: o
308.4170 	Level jitter 	25
316.4034 	Level finished 	25
316.4048 	DATA 	Keypress: o
316.4059 	DATA 	Keypress: o
316.4068 	DATA 	Keypress: o
316.4078 	DATA 	Keypress: o
316.4234 	Level image=waterlogo.jpg 	25
317.4186 	Level injecting via pump at address 0 	25
323.4092 	DATA 	Keypress: o
323.4104 	DATA 	Keypress: o
323.4116 	DATA 	Keypress: o
323.4203 	Level WAIT 	25
324.4064 	DATA 	Keypress: o
324.4313 	Level RINSE 	25
326.4092 	DATA 	Keypress: o
326.4207 	Level jitter 	25
334.4034 	Level finished 	25
334.4048 	DATA 	Keypress: o
334.4060 	DATA 	Keypress: o
334.4073 	DATA 	Keypress: o
334.4085 	DATA 	Keypress: o
334.4298 	Level image=tasty.jpg 	25
335.4078 	Level injecting via pump at address 1 	25
341.4093 	DATA 	Keypress: o
341.4106 	DATA 	Keypress: o
341.4119 	DATA 	Keypress: o
341.4257 	Level WAIT 	25
342.4063 	DATA 	Keypress: o
342.4187 	Level RINSE 	25
344.4097 	DATA 	Keypress: o
344.4274 	Level jitter 	25
346.4034 	Level finished 	25
346.4048 	DATA 	Keypress: o
346.4162 	Level image=tasty.jpg 	25
347.4278 	Level injecting via pump at address 0 	25
353.4094 	DATA 	Keypress: o
353.4110 	DATA 	Keypress: o
353.4123 	DATA 	Keypress: o
353.4293 	Level WAIT 	25
354.4064 	DATA 	Keypress: o
354.4238 	Level RINSE 	25
356.4094 	DATA 	Keypress: o
356.4291 	Level jitter 	25
360.4034 	Level finished 	25
360.4049 	DATA 	Keypress: o
360.4061 	DATA 	Keypress: o
360.4195 	Level image=tasty.jpg 	25
361.4367 	Level injecting via pump at address 1 	25
367.4086 	DATA 	Keypress: o
367.4097 	DATA 	Keypress: o
367.4108 	DATA 	Keypress: o
367.4217 	Level WAIT 	25
368.4066 	DATA 	Keypress: o
368.4332 	Level RINSE 	25
370.4091 	DATA 	Keypress: o
370.4223 	Level jitter 	25
373.4034 	Level finished 	25
373.4049 	DATA 	Keypress: o
373.4237 	Level image=tasty.jpg 	25
374.4062 	DATA 	Keypress: o
374.4178 	Level injecting via pump at address 0 	25
380.4095 	DATA 	Keypress: o
380.4110 	DATA 	Keypress: o
380.4121 	DATA 	Keypress: o
380.4207 	Level WAIT 	25
381.4151 	Level RINSE 	25
383.4094 	DATA 	Keypress: o
383.4369 	Level jitter 	25
391.4034 	Level finished 	25
391.4052 	DATA 	Keypress: o
391.4067 	DATA 	Keypress: o
391.4078 	DATA 	Keypress: o
391.4089 	DATA 	Keypress: o
391.4226 	Level image=waterlogo.jpg 	25
392.4063 	DATA 	Keypress: o
392.4213 	Level injecting via pump at address 0 	25
398.4098 	DATA 	Keypress: o
398.4113 	DATA 	Keypress: o
398.4126 	DATA 	Keypress: o
398.4221 	Level WAIT 	25
399.4194 	Level RINSE 	25
401.4102 	DATA 	Keypress: o
401.4222 	Level jitter 	25
406.4034 	Level finished 	25
406.4049 	DATA 	Keypress: o
406.4064 	DATA 	Keypress: o
406.4076 	DATA 	Keypress: o
406.4157 	Level image=tasty.jpg 	25
407.4104 	Level injecting via pump at address 1 	25
413.4097 	DATA 	Keypress: o
413.4113 	DATA 	Keypress: o
413.4128 	DATA 	Keypress: o
413.4292 	Level WAIT 	25
414.4061 	DATA 	Keypress: o
414.4245 	Level RINSE 	25
416.4091 	DATA 	Keypress: o
416.4134 	Level jitter 	25
423.4034 	Level finished 	25
423.4049 	DATA 	Keypress: o
423.4062 	DATA 	Keypress: o
423.4075 	DATA 	Keypress: o
423.4268 	Level image=tasty.jpg 	25
424.4066 	DATA 	Keypress: o
424.4209 	Level injecting via pump at address 0 	25
430.4095 	DATA 	Keypress: o
430.4110 	DATA 	Keypress: o
430.4122 	DATA 	Keypress: o
430.4225 	Level WAIT 	25
431.4173 	Level RINSE 	25
433.4094 	DATA 	Keypress: o
433.4238 	Level jitter 	25
441.4034 	Level finished 	25
441.4050 	DATA 	Keypress: o
441.4065 	DATA 	Keypress: o
441.4082 	DATA 	Keypress: o
441.4097 	DATA 	Keypress: o
441.4312 	Level image=tasty.jpg 	25
442.4064 	DATA 	Keypress: o
442.4102 	Level injecting via pump at address 0 	25
448.4102 	DATA 	Keypress: o
448.4117 	DATA 	Keypress: o
448.4129 	DATA 	Keypress: o
448.4262 	Level WAIT 	25
449.4224 	Level RINSE 	25
451.4095 	DATA 	Keypress: o
451.4130 	Level jitter 	25
458.4034 	Level finished 	25
