60.5146 	DATA 	Keypress: o
60.5154 	Level start key press 	25
62.5158 	DATA 	Keypress: o
64.5158 	DATA 	Keypress: o
66.5160 	DATA 	Keypress: o
68.5163 	DATA 	Keypress: o
68.8974 	Level image=waterlogo.jpg 	25
69.8311 	Level injecting via pump at address 0 	25
75.8189 	DATA 	Keypress: o
75.8200 	DATA 	Keypress: o
75.8210 	DATA 	Keypress: o
75.8310 	Level WAIT 	25
76.8167 	DATA 	Keypress: o
76.8312 	Level RINSE 	25
78.8275 	DATA 	Keypress: o
78.8479 	Level jitter 	25
80.8139 	Level finished 	25
80.8152 	DATA 	Keypress: o
80.8486 	Level image=tasty.jpg 	25
81.8482 	Level injecting via pump at address 1 	25
87.8184 	DATA 	Keypress: o
87.8194 	DATA 	Keypress: o
87.8204 	DATA 	Keypress: o
87.8485 	Level WAIT 	25
88.8166 	DATA 	Keypress: o
88.8319 	Level RINSE 	25
90.8189 	DATA 	Keypress: o
90.8491 	Level jitter 	25
92.8139 	Level finished 	25
92.8152 	DATA 	Keypress: o
92.8323 	Level image=tasty.jpg 	25
93.8324 	Level injecting via pump at address 0 	25
99.8190 	DATA 	Keypress: o
99.8202 	DATA 	Keypress: o
99.8211 	DATA 	Keypress: o
99.8493 	Level WAIT 	25
100.8167 	DATA 	Keypress: o
100.8332 	Level RINSE 	25
102.8185 	DATA 	Keypress: o
102.8329 	Level jitter 	25
107.8139 	Level finished 	25
107.8153 	DATA 	Keypress: o
107.8165 	DATA 	Keypress: o
107.8333 	Level image=tasty.jpg 	25
108.8167 	DATA 	Keypress: o
108.8333 	Level injecting via pump at address 1 	25
114.8192 	DATA 	Keypress: o
114.8202 	DATA 	Keypress: o
114.8211 	DATA 	Keypress: o
114.8341 	Level WAIT 	25
115.8338 	Level RINSE 	25
117.8183 	DATA 	Keypress: o
117.8339 	Level jitter 	25
123.8139 	Level finished 	25
123.8151 	DATA 	Keypress: o
123.8161 	DATA 	Keypress: o
123.8170 	DATA 	Keypress: o
123.8344 	Level image=tasty.jpg 	25
124.8167 	DATA 	Keypress: o
124.8348 	Level injecting via pump at address 0 	25
130.8185 	DATA 	Keypress: o
130.8195 	DATA 	Keypress: o
130.8206 	DATA 	Keypress: o
130.8348 	Level WAIT 	25
131.8349 	Level RINSE 	25
133.8182 	DATA 	Keypress: o
133.8350 	Level jitter 	25
135.8139 	Level finished 	25
135.8150 	DATA 	Keypress: o
135.8357 	Level image=waterlogo.jpg 	25
136.8166 	DATA 	Keypress: o
136.8353 	Level injecting via pump at address 0 	25
142.8189 	DATA 	Keypress: o
142.8198 	DATA 	Keypress: o
142.8207 	DATA 	Keypress: o
142.8356 	Level WAIT 	25
143.8358 	Level RINSE 	25
145.8186 	DATA 	Keypress: o
145.8363 	Level jitter 	25
154.8139 	Level finished 	25
154.8152 	DATA 	Keypress: o
154.8163 	DATA 	Keypress: o
154.8173 	DATA 	Keypress: o
154.8182 	DATA 	Keypress: o
154.8191 	DATA 	Keypress: o
154.8365 	Level image=tasty.jpg 	25
155.8370 	Level injecting via pump at address 0 	25
161.8193 	DATA 	Keypress: o
161.8205 	DATA 	Keypress: o
161.8215 	DATA 	Keypress: o
161.8370 	Level WAIT 	25
162.8166 	DATA 	Keypress: o
162.8371 	Level RINSE 	25
164.8188 	DATA 	Keypress: o
164.8373 	Level jitter 	25
165.8139 	Level finished 	25
165.8377 	Level image=waterlogo.jpg 	25
166.8163 	DATA 	Keypress: o
166.8207 	Level injecting via pump at address 0 	25
172.8190 	DATA 	Keypress: o
172.8200 	DATA 	Keypress: o
172.8210 	DATA 	Keypress: o
172.8377 	Level WAIT 	25
173.8378 	Level RINSE 	25
175.8188 	DATA 	Keypress: o
175.8217 	Level jitter 	25
181.8139 	Level finished 	25
181.8151 	DATA 	Keypress: o
181.8160 	DATA 	Keypress: o
181.8169 	DATA 	Keypress: o
181.8551 	Level image=tasty.jpg 	25
182.8166 	DATA 	Keypress: o
182.8385 	Level injecting via pump at address 0 	25
188.8186 	DATA 	Keypress: o
188.8197 	DATA 	Keypress: o
188.8208 	DATA 	Keypress: o
188.8392 	Level WAIT 	25
189.8388 	Level RINSE 	25
191.8187 	DATA 	Keypress: o
191.8391 	Level jitter 	25
199.8139 	Level finished 	25
199.8154 	DATA 	Keypress: o
199.8165 	DATA 	Keypress: o
199.8175 	DATA 	Keypress: o
199.8185 	DATA 	Keypress: o
199.8400 	Level image=tasty.jpg 	25
200.8167 	DATA 	Keypress: o
200.8231 	Level injecting via pump at address 1 	25
206.8186 	DATA 	Keypress: o
206.8198 	DATA 	Keypress: o
206.8208 	DATA 	Keypress: o
206.8401 	Level WAIT 	25
207.8235 	Level RINSE 	25
209.8189 	DATA 	Keypress: o
209.8407 	Level jitter 	25
214.8139 	Level finished 	25
214.8151 	DATA 	Keypress: o
214.8162 	DATA 	Keypress: o
214.8171 	DATA 	Keypress: o
214.8406 	Level image=tasty.jpg 	25
215.8408 	Level injecting via pump at address 0 	25
221.8208 	DATA 	Keypress: o
221.8225 	DATA 	Keypress: o
221.8240 	DATA 	Keypress: o
221.8416 	Level WAIT 	25
222.8167 	DATA 	Keypress: o
222.8245 	Level RINSE 	25
224.8191 	DATA 	Keypress: o
224.8413 	Level jitter 	25
231.8139 	Level finished 	25
231.8155 	DATA 	Keypress: o
231.8167 	DATA 	Keypress: o
231.8178 	DATA 	Keypress: o
231.8423 	Level image=waterlogo.jpg 	25
232.8163 	DATA 	Keypress: o
232.8253 	Level injecting via pump at address 0 	25
238.8189 	DATA 	Keypress: o
238.8202 	DATA 	Keypress: o
238.8213 	DATA 	Keypress: o
238.8423 	Level WAIT 	25
239.8424 	Level RINSE 	25
241.8188 	DATA 	Keypress: o
241.8262 	Level jitter 	25
247.8139 	Level finished 	25
247.8151 	DATA 	Keypress: o
247.8161 	DATA 	Keypress: o
247.8170 	DATA 	Keypress: o
247.8263 	Level image=waterlogo.jpg 	25
248.8163 	DATA 	Keypress: o
248.8264 	Level injecting via pump at address 0 	25
254.8194 	DATA 	Keypress: o
254.8207 	DATA 	Keypress: o
254.8218 	DATA 	Keypress: o
254.8438 	Level WAIT 	25
255.8435 	Level RINSE 	25
257.8187 	DATA 	Keypress: o
257.8269 	Level jitter 	25
259.8139 	Level finished 	25
259.8151 	DATA 	Keypress: o
259.8437 	Level image=tasty.jpg 	25
260.8163 	DATA 	Keypress: o
260.8273 	Level injecting via pump at address 0 	25
266.8192 	DATA 	Keypress: o
266.8201 	DATA 	Keypress: o
266.8210 	DATA 	Keypress: o
266.8279 	Level WAIT 	25
267.8276 	Level RINSE 	25
269.8188 	DATA 	Keypress: o
269.8277 	Level jitter 	25
276.8139 	Level finished 	25
276.8150 	DATA 	Keypress: o
276.8160 	DATA 	Keypress: o
276.8169 	DATA 	Keypress: o
276.8179 	DATA 	Keypress: o
276.8454 	Level image=tasty.jpg 	25
277.8450 	Level injecting via pump at address 1 	25
283.8183 	DATA 	Keypress: o
283.8193 	DATA 	Keypress: o
283.8201 	DATA 	Keypress: o
283.8454 	Level WAIT 	25
284.8167 	DATA 	Keypress: o
284.8455 	Level RINSE 	25
286.8188 	DATA 	Keypress: o
286.8459 	Level jitter 	25
294.8139 	Level finished 	25
294.8153 	DATA 	Keypress: o
294.8165 	DATA 	Keypress: o
294.8176 	DATA 	Keypress: o
294.8186 	DATA 	Keypress: o
294.8295 	Level image=waterlogo.jpg 	25
295.8296 	Level injecting via pump at address 0 	25
301.8189 	DATA 	Keypress: o
301.8199 	DATA 	Keypress: o
301.8209 	DATA 	Keypress: o
301.8304 	Level WAIT 	25
302.8167 	DATA 	Keypress: o
302.8467 	Level RINSE 	25
304.8196 	DATA 	Keypress: o
304.8302 	Level jitter 	25
312.8139 	Level finished 	25
312.8150 	DATA 	Keypress: o
312.8160 	DATA 	Keypress: o
312.8171 	DATA 	Keypress: o
312.8183 	DATA 	Keypress: o
312.8479 	Level image=tasty.jpg 	25
313.8308 	Level injecting via pump at address 1 	25
319.8190 	DATA 	Keypress: o
319.8201 	DATA 	Keypress: o
319.8216 	DATA 	Keypress: o
319.8313 	Level WAIT 	25
320.8167 	DATA 	Keypress: o
320.8313 	Level RINSE 	25
322.8193 	DATA 	Keypress: o
322.8318 	Level jitter 	25
324.8139 	Level finished 	25
324.8152 	DATA 	Keypress: o
324.8483 	Level image=tasty.jpg 	25
325.8317 	Level injecting via pump at address 0 	25
331.8184 	DATA 	Keypress: o
331.8196 	DATA 	Keypress: o
331.8208 	DATA 	Keypress: o
331.8321 	Level WAIT 	25
332.8163 	DATA 	Keypress: o
332.8326 	Level RINSE 	25
334.8189 	DATA 	Keypress: o
334.8489 	Level jitter 	25
338.8139 	Level finished 	25
338.8153 	DATA 	Keypress: o
338.8164 	DATA 	Keypress: o
338.8326 	Level image=tasty.jpg 	25
339.8326 	Level injecting via pump at address 1 	25
345.8186 	DATA 	Keypress: o
345.8197 	DATA 	Keypress: o
345.8208 	DATA 	Keypress: o
345.8335 	Level WAIT 	25
346.8163 	DATA 	Keypress: o
346.8331 	Level RINSE 	25
348.8183 	DATA 	Keypress: o
348.8333 	Level jitter 	25
351.8139 	Level finished 	25
351.8150 	DATA 	Keypress: o
351.8334 	Level image=tasty.jpg 	25
352.8162 	DATA 	Keypress: o
352.8335 	Level injecting via pump at address 0 	25
358.8193 	DATA 	Keypress: o
358.8205 	DATA 	Keypress: o
358.8216 	DATA 	Keypress: o
358.8510 	Level WAIT 	25
359.8174 	Level RINSE 	25
361.8189 	DATA 	Keypress: o
361.8342 	Level jitter 	25
369.8139 	Level finished 	25
369.8152 	DATA 	Keypress: o
369.8164 	DATA 	Keypress: o
369.8175 	DATA 	Keypress: o
369.8187 	DATA 	Keypress: o
369.8352 	Level image=waterlogo.jpg 	25
370.8167 	DATA 	Keypress: o
370.8348 	Level injecting via pump at address 0 	25
376.8184 	DATA 	Keypress: o
376.8193 	DATA 	Keypress: o
376.8203 	DATA 	Keypress: o
376.8351 	Level WAIT 	25
377.8353 	Level RINSE 	25
379.8191 	DATA 	Keypress: o
379.8357 	Level jitter 	25
384.8139 	Level finished 	25
384.8152 	DATA 	Keypress: o
384.8162 	DATA 	Keypress: o
384.8172 	DATA 	Keypress: o
384.8357 	Level image=tasty.jpg 	25
385.8358 	Level injecting via pump at address 1 	25
391.8193 	DATA 	Keypress: o
391.8205 	DATA 	Keypress: o
391.8215 	DATA 	Keypress: o
391.8366 	Level WAIT 	25
392.8166 	DATA 	Keypress: o
392.8363 	Level RINSE 	25
394.8188 	DATA 	Keypress: o
394.8364 	Level jitter 	25
401.8139 	Level finished 	25
401.8152 	DATA 	Keypress: o
401.8161 	DATA 	Keypress: o
401.8170 	DATA 	Keypress: o
401.8373 	Level image=tasty.jpg 	25
402.8166 	DATA 	Keypress: o
402.8370 	Level injecting via pump at address 0 	25
408.8184 	DATA 	Keypress: o
408.8193 	DATA 	Keypress: o
408.8202 	DATA 	Keypress: o
408.8373 	Level WAIT 	25
409.8208 	Level RINSE 	25
411.8191 	DATA 	Keypress: o
411.8380 	Level jitter 	25
419.8139 	Level finished 	25
419.8152 	DATA 	Keypress: o
419.8162 	DATA 	Keypress: o
419.8173 	DATA 	Keypress: o
419.8183 	DATA 	Keypress: o
419.8382 	Level image=tasty.jpg 	25
420.8162 	DATA 	Keypress: o
420.8383 	Level injecting via pump at address 0 	25
426.8187 	DATA 	Keypress: o
426.8197 	DATA 	Keypress: o
426.8210 	DATA 	Keypress: o
426.8390 	Level WAIT 	25
427.8387 	Level RINSE 	25
429.8195 	DATA 	Keypress: o
429.8388 	Level jitter 	25
436.8139 	Level finished 	25
