56.9639 	DATA 	Keypress: o
56.9647 	Level start key press 	25
58.9669 	DATA 	Keypress: o
60.9669 	DATA 	Keypress: o
62.9673 	DATA 	Keypress: o
64.9675 	DATA 	Keypress: o
65.4152 	Level image=waterlogo.jpg 	25
66.3321 	Level injecting via pump at address 0 	25
72.3035 	DATA 	Keypress: o
72.3047 	DATA 	Keypress: o
72.3057 	DATA 	Keypress: o
72.3331 	Level WAIT 	25
73.3010 	DATA 	Keypress: o
73.3163 	Level RINSE 	25
75.3115 	DATA 	Keypress: o
75.3331 	Level jitter 	25
81.2986 	Level finished 	25
81.2998 	DATA 	Keypress: o
81.3008 	DATA 	Keypress: o
81.3017 	DATA 	Keypress: o
81.3338 	Level image=tasty.jpg 	25
82.3177 	Level injecting via pump at address 1 	25
88.3029 	DATA 	Keypress: o
88.3039 	DATA 	Keypress: o
88.3049 	DATA 	Keypress: o
88.3180 	Level WAIT 	25
89.3009 	DATA 	Keypress: o
89.3181 	Level RINSE 	25
91.3029 	DATA 	Keypress: o
91.3350 	Level jitter 	25
97.2985 	Level finished 	25
97.2998 	DATA 	Keypress: o
97.3009 	DATA 	Keypress: o
97.3020 	DATA 	Keypress: o
97.3361 	Level image=tasty.jpg 	25
98.3191 	Level injecting via pump at address 1 	25
104.3032 	DATA 	Keypress: o
104.3044 	DATA 	Keypress: o
104.3056 	DATA 	Keypress: o
104.3198 	Level WAIT 	25
105.3009 	DATA 	Keypress: o
105.3199 	Level RINSE 	25
107.3043 	DATA 	Keypress: o
107.3206 	Level jitter 	25
109.2985 	Level finished 	25
109.2998 	DATA 	Keypress: o
109.3204 	Level image=waterlogo.jpg 	25
110.3039 	Level injecting via pump at address 0 	25
116.3034 	DATA 	Keypress: o
116.3044 	DATA 	Keypress: o
116.3054 	DATA 	Keypress: o
116.3379 	Level WAIT 	25
117.3017 	DATA 	Keypress: o
117.3219 	Level RINSE 	25
119.3029 	DATA 	Keypress: o
119.3215 	Level jitter 	25
125.2985 	Level finished 	25
125.3001 	DATA 	Keypress: o
125.3011 	DATA 	Keypress: o
125.3021 	DATA 	Keypress: o
125.3390 	Level image=tasty.jpg 	25
126.3058 	Level injecting via pump at address 1 	25
132.3029 	DATA 	Keypress: o
132.3039 	DATA 	Keypress: o
132.3048 	DATA 	Keypress: o
132.3236 	Level WAIT 	25
133.3008 	DATA 	Keypress: o
133.3233 	Level RINSE 	25
135.3038 	DATA 	Keypress: o
135.3068 	Level jitter 	25
140.2985 	Level finished 	25
140.2998 	DATA 	Keypress: o
140.3008 	DATA 	Keypress: o
140.3241 	Level image=waterlogo.jpg 	25
141.3011 	DATA 	Keypress: o
141.3076 	Level injecting via pump at address 0 	25
147.3036 	DATA 	Keypress: o
147.3046 	DATA 	Keypress: o
147.3056 	DATA 	Keypress: o
147.3252 	Level WAIT 	25
148.3083 	Level RINSE 	25
150.3042 	DATA 	Keypress: o
150.3252 	Level jitter 	25
155.2985 	Level finished 	25
155.2999 	DATA 	Keypress: o
155.3011 	DATA 	Keypress: o
155.3023 	DATA 	Keypress: o
155.3258 	Level image=tasty.jpg 	25
156.3260 	Level injecting via pump at address 1 	25
162.3033 	DATA 	Keypress: o
162.3043 	DATA 	Keypress: o
162.3052 	DATA 	Keypress: o
162.3270 	Level WAIT 	25
163.3011 	DATA 	Keypress: o
163.3100 	Level RINSE 	25
165.3035 	DATA 	Keypress: o
165.3270 	Level jitter 	25
171.2985 	Level finished 	25
171.3000 	DATA 	Keypress: o
171.3012 	DATA 	Keypress: o
171.3023 	DATA 	Keypress: o
171.3276 	Level image=waterlogo.jpg 	25
172.3283 	Level injecting via pump at address 0 	25
178.3039 	DATA 	Keypress: o
178.3052 	DATA 	Keypress: o
178.3064 	DATA 	Keypress: o
178.3285 	Level WAIT 	25
179.3011 	DATA 	Keypress: o
179.3119 	Level RINSE 	25
181.3034 	DATA 	Keypress: o
181.3288 	Level jitter 	25
184.2986 	Level finished 	25
184.2997 	DATA 	Keypress: o
184.3296 	Level image=tasty.jpg 	25
185.3015 	DATA 	Keypress: o
185.3128 	Level injecting via pump at address 1 	25
191.3037 	DATA 	Keypress: o
191.3048 	DATA 	Keypress: o
191.3061 	DATA 	Keypress: o
191.3133 	Level WAIT 	25
192.3134 	Level RINSE 	25
194.3028 	DATA 	Keypress: o
194.3308 	Level jitter 	25
202.2985 	Level finished 	25
202.2998 	DATA 	Keypress: o
202.3008 	DATA 	Keypress: o
202.3018 	DATA 	Keypress: o
202.3027 	DATA 	Keypress: o
202.3314 	Level image=waterlogo.jpg 	25
203.3009 	DATA 	Keypress: o
203.3316 	Level injecting via pump at address 0 	25
209.3043 	DATA 	Keypress: o
209.3058 	DATA 	Keypress: o
209.3073 	DATA 	Keypress: o
209.3325 	Level WAIT 	25
210.3156 	Level RINSE 	25
212.3031 	DATA 	Keypress: o
212.3324 	Level jitter 	25
214.2985 	Level finished 	25
214.2997 	DATA 	Keypress: o
214.3162 	Level image=tasty.jpg 	25
215.3013 	DATA 	Keypress: o
215.3162 	Level injecting via pump at address 1 	25
221.3031 	DATA 	Keypress: o
221.3043 	DATA 	Keypress: o
221.3055 	DATA 	Keypress: o
221.3339 	Level WAIT 	25
222.3170 	Level RINSE 	25
224.3039 	DATA 	Keypress: o
224.3172 	Level jitter 	25
233.2985 	Level finished 	25
233.2997 	DATA 	Keypress: o
233.3007 	DATA 	Keypress: o
233.3017 	DATA 	Keypress: o
233.3026 	DATA 	Keypress: o
233.3036 	DATA 	Keypress: o
233.3187 	Level image=waterlogo.jpg 	25
234.3184 	Level injecting via pump at address 0 	25
240.3030 	DATA 	Keypress: o
240.3039 	DATA 	Keypress: o
240.3049 	DATA 	Keypress: o
240.3191 	Level WAIT 	25
241.3009 	DATA 	Keypress: o
241.3192 	Level RINSE 	25
243.3036 	DATA 	Keypress: o
243.3199 	Level jitter 	25
245.2985 	Level finished 	25
245.2997 	DATA 	Keypress: o
245.3197 	Level image=tasty.jpg 	25
246.3198 	Level injecting via pump at address 1 	25
252.3029 	DATA 	Keypress: o
252.3039 	DATA 	Keypress: o
252.3049 	DATA 	Keypress: o
252.3205 	Level WAIT 	25
253.3014 	DATA 	Keypress: o
253.3211 	Level RINSE 	25
255.3041 	DATA 	Keypress: o
255.3209 	Level jitter 	25
258.2985 	Level finished 	25
258.2997 	DATA 	Keypress: o
258.3213 	Level image=waterlogo.jpg 	25
259.3009 	DATA 	Keypress: o
259.3213 	Level injecting via pump at address 0 	25
265.3035 	DATA 	Keypress: o
265.3047 	DATA 	Keypress: o
265.3060 	DATA 	Keypress: o
265.3224 	Level WAIT 	25
266.3056 	Level RINSE 	25
268.3034 	DATA 	Keypress: o
268.3224 	Level jitter 	25
272.2985 	Level finished 	25
272.3000 	DATA 	Keypress: o
272.3011 	DATA 	Keypress: o
272.3395 	Level image=tasty.jpg 	25
273.3012 	DATA 	Keypress: o
273.3231 	Level injecting via pump at address 1 	25
279.3035 	DATA 	Keypress: o
279.3046 	DATA 	Keypress: o
279.3058 	DATA 	Keypress: o
279.3239 	Level WAIT 	25
280.3237 	Level RINSE 	25
282.3040 	DATA 	Keypress: o
282.3239 	Level jitter 	25
283.2985 	Level finished 	25
283.2997 	DATA 	Keypress: o
283.3241 	Level image=waterlogo.jpg 	25
284.3243 	Level injecting via pump at address 0 	25
290.3030 	DATA 	Keypress: o
290.3040 	DATA 	Keypress: o
290.3049 	DATA 	Keypress: o
290.3253 	Level WAIT 	25
291.3013 	DATA 	Keypress: o
291.3084 	Level RINSE 	25
293.3039 	DATA 	Keypress: o
293.3252 	Level jitter 	25
296.2985 	Level finished 	25
296.2998 	DATA 	Keypress: o
296.3257 	Level image=tasty.jpg 	25
297.3013 	DATA 	Keypress: o
297.3257 	Level injecting via pump at address 1 	25
303.3031 	DATA 	Keypress: o
303.3042 	DATA 	Keypress: o
303.3051 	DATA 	Keypress: o
303.3268 	Level WAIT 	25
304.3099 	Level RINSE 	25
306.3032 	DATA 	Keypress: o
306.3268 	Level jitter 	25
314.2985 	Level finished 	25
314.2999 	DATA 	Keypress: o
314.3011 	DATA 	Keypress: o
314.3023 	DATA 	Keypress: o
314.3033 	DATA 	Keypress: o
314.3282 	Level image=tasty.jpg 	25
315.3013 	DATA 	Keypress: o
315.3280 	Level injecting via pump at address 1 	25
321.3036 	DATA 	Keypress: o
321.3047 	DATA 	Keypress: o
321.3056 	DATA 	Keypress: o
321.3286 	Level WAIT 	25
322.3120 	Level RINSE 	25
324.3029 	DATA 	Keypress: o
324.3292 	Level jitter 	25
328.2985 	Level finished 	25
328.2997 	DATA 	Keypress: o
328.3008 	DATA 	Keypress: o
328.3295 	Level image=waterlogo.jpg 	25
329.3009 	DATA 	Keypress: o
329.3129 	Level injecting via pump at address 0 	25
335.3043 	DATA 	Keypress: o
335.3056 	DATA 	Keypress: o
335.3067 	DATA 	Keypress: o
335.3139 	Level WAIT 	25
336.3137 	Level RINSE 	25
338.3035 	DATA 	Keypress: o
338.3138 	Level jitter 	25
341.2985 	Level finished 	25
341.2997 	DATA 	Keypress: o
341.3007 	DATA 	Keypress: o
341.3142 	Level image=tasty.jpg 	25
342.3143 	Level injecting via pump at address 1 	25
348.3040 	DATA 	Keypress: o
348.3053 	DATA 	Keypress: o
348.3065 	DATA 	Keypress: o
348.3154 	Level WAIT 	25
349.3013 	DATA 	Keypress: o
349.3151 	Level RINSE 	25
351.3037 	DATA 	Keypress: o
351.3154 	Level jitter 	25
356.2985 	Level finished 	25
356.2997 	DATA 	Keypress: o
356.3007 	DATA 	Keypress: o
356.3327 	Level image=waterlogo.jpg 	25
357.3013 	DATA 	Keypress: o
357.3161 	Level injecting via pump at address 0 	25
363.3036 	DATA 	Keypress: o
363.3047 	DATA 	Keypress: o
363.3056 	DATA 	Keypress: o
363.3173 	Level WAIT 	25
364.3169 	Level RINSE 	25
366.3046 	DATA 	Keypress: o
366.3172 	Level jitter 	25
371.2985 	Level finished 	25
371.2998 	DATA 	Keypress: o
371.3008 	DATA 	Keypress: o
371.3018 	DATA 	Keypress: o
371.3344 	Level image=waterlogo.jpg 	25
372.3011 	Level injecting via pump at address 0 	25
378.3030 	DATA 	Keypress: o
378.3041 	DATA 	Keypress: o
378.3054 	DATA 	Keypress: o
378.3356 	Level WAIT 	25
379.3013 	DATA 	Keypress: o
379.3187 	Level RINSE 	25
381.3029 	DATA 	Keypress: o
381.3355 	Level jitter 	25
390.2985 	Level finished 	25
390.2997 	DATA 	Keypress: o
390.3008 	DATA 	Keypress: o
390.3017 	DATA 	Keypress: o
390.3026 	DATA 	Keypress: o
390.3370 	Level image=tasty.jpg 	25
391.3008 	DATA 	Keypress: o
391.3201 	Level injecting via pump at address 1 	25
397.3029 	DATA 	Keypress: o
397.3039 	DATA 	Keypress: o
397.3049 	DATA 	Keypress: o
397.3209 	Level WAIT 	25
398.3210 	Level RINSE 	25
400.3028 	DATA 	Keypress: o
400.3215 	Level jitter 	25
402.2985 	Level finished 	25
402.2996 	DATA 	Keypress: o
402.3214 	Level image=waterlogo.jpg 	25
403.3013 	DATA 	Keypress: o
403.3215 	Level injecting via pump at address 0 	25
409.3039 	DATA 	Keypress: o
409.3051 	DATA 	Keypress: o
409.3062 	DATA 	Keypress: o
409.3388 	Level WAIT 	25
410.3060 	Level RINSE 	25
412.3038 	DATA 	Keypress: o
412.3226 	Level jitter 	25
415.2986 	Level finished 	25
415.2998 	DATA 	Keypress: o
415.3008 	DATA 	Keypress: o
415.3229 	Level image=waterlogo.jpg 	25
416.3063 	Level injecting via pump at address 0 	25
422.3030 	DATA 	Keypress: o
422.3040 	DATA 	Keypress: o
422.3049 	DATA 	Keypress: o
422.3239 	Level WAIT 	25
423.3015 	DATA 	Keypress: o
423.3237 	Level RINSE 	25
425.3032 	DATA 	Keypress: o
425.3073 	Level jitter 	25
430.2985 	Level finished 	25
430.2999 	DATA 	Keypress: o
430.3011 	DATA 	Keypress: o
430.3246 	Level image=tasty.jpg 	25
431.3011 	DATA 	Keypress: o
431.3247 	Level injecting via pump at address 1 	25
437.3030 	DATA 	Keypress: o
437.3040 	DATA 	Keypress: o
437.3052 	DATA 	Keypress: o
437.3259 	Level WAIT 	25
438.3090 	Level RINSE 	25
440.3035 	DATA 	Keypress: o
440.3259 	Level jitter 	25
442.2985 	Level finished 	25
442.2998 	DATA 	Keypress: o
442.3261 	Level image=tasty.jpg 	25
443.3008 	DATA 	Keypress: o
443.3262 	Level injecting via pump at address 1 	25
449.3029 	DATA 	Keypress: o
449.3039 	DATA 	Keypress: o
449.3050 	DATA 	Keypress: o
449.3272 	Level WAIT 	25
450.3104 	Level RINSE 	25
452.3036 	DATA 	Keypress: o
452.3272 	Level jitter 	25
459.2985 	Level finished 	25
459.3000 	DATA 	Keypress: o
459.3012 	DATA 	Keypress: o
459.3024 	DATA 	Keypress: o
459.3039 	DATA 	Keypress: o
459.3285 	Level image=waterlogo.jpg 	25
460.3115 	Level injecting via pump at address 0 	25
466.3036 	DATA 	Keypress: o
466.3046 	DATA 	Keypress: o
466.3055 	DATA 	Keypress: o
466.3121 	Level WAIT 	25
467.3009 	DATA 	Keypress: o
467.3123 	Level RINSE 	25
469.3041 	DATA 	Keypress: o
469.3129 	Level jitter 	25
472.2985 	Level finished 	25
472.2997 	DATA 	Keypress: o
472.3129 	Level image=tasty.jpg 	25
473.3010 	DATA 	Keypress: o
473.3131 	Level injecting via pump at address 1 	25
479.3045 	DATA 	Keypress: o
479.3057 	DATA 	Keypress: o
479.3069 	DATA 	Keypress: o
479.3142 	Level WAIT 	25
480.3139 	Level RINSE 	25
482.3038 	DATA 	Keypress: o
482.3141 	Level jitter 	25
484.2985 	Level finished 	25
484.2997 	DATA 	Keypress: o
484.3311 	Level image=waterlogo.jpg 	25
485.3009 	DATA 	Keypress: o
485.3144 	Level injecting via pump at address 0 	25
491.3038 	DATA 	Keypress: o
491.3052 	DATA 	Keypress: o
491.3064 	DATA 	Keypress: o
491.3155 	Level WAIT 	25
492.3152 	Level RINSE 	25
494.3035 	DATA 	Keypress: o
494.3155 	Level jitter 	25
502.2985 	Level finished 	25
502.2997 	DATA 	Keypress: o
502.3007 	DATA 	Keypress: o
502.3017 	DATA 	Keypress: o
502.3029 	DATA 	Keypress: o
502.3335 	Level image=tasty.jpg 	25
503.3013 	DATA 	Keypress: o
503.3166 	Level injecting via pump at address 1 	25
509.3039 	DATA 	Keypress: o
509.3052 	DATA 	Keypress: o
509.3064 	DATA 	Keypress: o
509.3338 	Level WAIT 	25
510.3173 	Level RINSE 	25
512.3044 	DATA 	Keypress: o
512.3347 	Level jitter 	25
514.2985 	Level finished 	25
514.2997 	DATA 	Keypress: o
514.3178 	Level image=waterlogo.jpg 	25
515.3010 	DATA 	Keypress: o
515.3179 	Level injecting via pump at address 0 	25
521.3034 	DATA 	Keypress: o
521.3045 	DATA 	Keypress: o
521.3056 	DATA 	Keypress: o
521.3352 	Level WAIT 	25
522.3192 	Level RINSE 	25
524.3028 	DATA 	Keypress: o
524.3190 	Level jitter 	25
531.2985 	Level finished 	25
