65.9753 	DATA 	Keypress: o
65.9764 	Level start key press 	25
67.9812 	DATA 	Keypress: o
69.9812 	DATA 	Keypress: o
71.9814 	DATA 	Keypress: o
73.9817 	DATA 	Keypress: o
74.5462 	Level image=waterlogo.jpg 	25
75.4629 	Level injecting via pump at address 0 	25
81.4520 	DATA 	Keypress: o
81.4533 	DATA 	Keypress: o
81.4545 	DATA 	Keypress: o
81.4806 	Level WAIT 	25
82.4490 	DATA 	Keypress: o
82.4804 	Level RINSE 	25
84.4599 	DATA 	Keypress: o
84.4807 	Level jitter 	25
90.4462 	Level finished 	25
90.4474 	DATA 	Keypress: o
90.4482 	DATA 	Keypress: o
90.4492 	DATA 	Keypress: o
90.4813 	Level image=tasty.jpg 	25
91.4653 	Level injecting via pump at address 1 	25
97.4515 	DATA 	Keypress: o
97.4527 	DATA 	Keypress: o
97.4537 	DATA 	Keypress: o
97.4822 	Level WAIT 	25
98.4489 	DATA 	Keypress: o
98.4656 	Level RINSE 	25
100.4515 	DATA 	Keypress: o
100.4658 	Level jitter 	25
106.4462 	Level finished 	25
106.4475 	DATA 	Keypress: o
106.4485 	DATA 	Keypress: o
106.4495 	DATA 	Keypress: o
106.4669 	Level image=tasty.jpg 	25
107.4668 	Level injecting via pump at address 1 	25
113.4518 	DATA 	Keypress: o
113.4531 	DATA 	Keypress: o
113.4542 	DATA 	Keypress: o
113.4840 	Level WAIT 	25
114.4486 	DATA 	Keypress: o
114.4674 	Level RINSE 	25
116.4518 	DATA 	Keypress: o
116.4681 	Level jitter 	25
118.4462 	Level finished 	25
118.4475 	DATA 	Keypress: o
118.4680 	Level image=waterlogo.jpg 	25
119.4681 	Level injecting via pump at address 0 	25
125.4510 	DATA 	Keypress: o
125.4521 	DATA 	Keypress: o
125.4530 	DATA 	Keypress: o
125.4687 	Level WAIT 	25
126.4489 	DATA 	Keypress: o
126.4693 	Level RINSE 	25
128.4515 	DATA 	Keypress: o
128.4691 	Level jitter 	25
134.4462 	Level finished 	25
134.4477 	DATA 	Keypress: o
134.4491 	DATA 	Keypress: o
134.4503 	DATA 	Keypress: o
134.4698 	Level image=tasty.jpg 	25
135.4700 	Level injecting via pump at address 1 	25
141.4514 	DATA 	Keypress: o
141.4526 	DATA 	Keypress: o
141.4538 	DATA 	Keypress: o
141.4710 	Level WAIT 	25
142.4485 	DATA 	Keypress: o
142.4541 	Level RINSE 	25
144.4507 	DATA 	Keypress: o
144.4709 	Level jitter 	25
149.4462 	Level finished 	25
149.4474 	DATA 	Keypress: o
149.4485 	DATA 	Keypress: o
149.4716 	Level image=waterlogo.jpg 	25
150.4485 	DATA 	Keypress: o
150.4718 	Level injecting via pump at address 0 	25
156.4512 	DATA 	Keypress: o
156.4525 	DATA 	Keypress: o
156.4537 	DATA 	Keypress: o
156.4727 	Level WAIT 	25
157.4725 	Level RINSE 	25
159.4514 	DATA 	Keypress: o
159.4726 	Level jitter 	25
164.4462 	Level finished 	25
164.4475 	DATA 	Keypress: o
164.4488 	DATA 	Keypress: o
164.4500 	DATA 	Keypress: o
164.4734 	Level image=tasty.jpg 	25
165.4568 	Level injecting via pump at address 1 	25
171.4521 	DATA 	Keypress: o
171.4533 	DATA 	Keypress: o
171.4545 	DATA 	Keypress: o
171.4745 	Level WAIT 	25
172.4490 	DATA 	Keypress: o
172.4743 	Level RINSE 	25
174.4520 	DATA 	Keypress: o
174.4745 	Level jitter 	25
180.4462 	Level finished 	25
180.4475 	DATA 	Keypress: o
180.4484 	DATA 	Keypress: o
180.4494 	DATA 	Keypress: o
180.4753 	Level image=waterlogo.jpg 	25
181.4759 	Level injecting via pump at address 0 	25
187.4511 	DATA 	Keypress: o
187.4522 	DATA 	Keypress: o
187.4532 	DATA 	Keypress: o
187.4760 	Level WAIT 	25
188.4490 	DATA 	Keypress: o
188.4761 	Level RINSE 	25
190.4506 	DATA 	Keypress: o
190.4763 	Level jitter 	25
193.4462 	Level finished 	25
193.4475 	DATA 	Keypress: o
193.4772 	Level image=tasty.jpg 	25
194.4490 	DATA 	Keypress: o
194.4770 	Level injecting via pump at address 1 	25
200.4522 	DATA 	Keypress: o
200.4536 	DATA 	Keypress: o
200.4546 	DATA 	Keypress: o
200.4775 	Level WAIT 	25
201.4610 	Level RINSE 	25
203.4508 	DATA 	Keypress: o
203.4783 	Level jitter 	25
211.4462 	Level finished 	25
211.4481 	DATA 	Keypress: o
211.4492 	DATA 	Keypress: o
211.4502 	DATA 	Keypress: o
211.4511 	DATA 	Keypress: o
211.4621 	Level image=waterlogo.jpg 	25
212.4489 	DATA 	Keypress: o
212.4623 	Level injecting via pump at address 0 	25
218.4506 	DATA 	Keypress: o
218.4517 	DATA 	Keypress: o
218.4530 	DATA 	Keypress: o
218.4634 	Level WAIT 	25
219.4632 	Level RINSE 	25
221.4507 	DATA 	Keypress: o
221.4634 	Level jitter 	25
223.4462 	Level finished 	25
223.4474 	DATA 	Keypress: o
223.4636 	Level image=tasty.jpg 	25
224.4489 	DATA 	Keypress: o
224.4638 	Level injecting via pump at address 1 	25
230.4519 	DATA 	Keypress: o
230.4533 	DATA 	Keypress: o
230.4545 	DATA 	Keypress: o
230.4648 	Level WAIT 	25
231.4645 	Level RINSE 	25
233.4520 	DATA 	Keypress: o
233.4648 	Level jitter 	25
242.4462 	Level finished 	25
242.4477 	DATA 	Keypress: o
242.4489 	DATA 	Keypress: o
242.4501 	DATA 	Keypress: o
242.4513 	DATA 	Keypress: o
242.4525 	DATA 	Keypress: o
242.4662 	Level image=waterlogo.jpg 	25
243.4659 	Level injecting via pump at address 0 	25
249.4516 	DATA 	Keypress: o
249.4528 	DATA 	Keypress: o
249.4538 	DATA 	Keypress: o
249.4667 	Level WAIT 	25
250.4490 	DATA 	Keypress: o
250.4668 	Level RINSE 	25
252.4512 	DATA 	Keypress: o
252.4674 	Level jitter 	25
254.4462 	Level finished 	25
254.4475 	DATA 	Keypress: o
254.4840 	Level image=tasty.jpg 	25
255.4674 	Level injecting via pump at address 1 	25
261.4514 	DATA 	Keypress: o
261.4526 	DATA 	Keypress: o
261.4536 	DATA 	Keypress: o
261.4680 	Level WAIT 	25
262.4484 	DATA 	Keypress: o
262.4687 	Level RINSE 	25
264.4520 	DATA 	Keypress: o
264.4684 	Level jitter 	25
267.4462 	Level finished 	25
267.4475 	DATA 	Keypress: o
267.4687 	Level image=waterlogo.jpg 	25
268.4486 	DATA 	Keypress: o
268.4688 	Level injecting via pump at address 0 	25
274.4522 	DATA 	Keypress: o
274.4534 	DATA 	Keypress: o
274.4546 	DATA 	Keypress: o
274.4700 	Level WAIT 	25
275.4697 	Level RINSE 	25
277.4515 	DATA 	Keypress: o
277.4700 	Level jitter 	25
281.4462 	Level finished 	25
281.4475 	DATA 	Keypress: o
281.4488 	DATA 	Keypress: o
281.4704 	Level image=tasty.jpg 	25
282.4487 	DATA 	Keypress: o
282.4706 	Level injecting via pump at address 1 	25
288.4508 	DATA 	Keypress: o
288.4518 	DATA 	Keypress: o
288.4528 	DATA 	Keypress: o
288.4716 	Level WAIT 	25
289.4546 	Level RINSE 	25
291.4520 	DATA 	Keypress: o
291.4716 	Level jitter 	25
292.4462 	Level finished 	25
292.4474 	DATA 	Keypress: o
292.4718 	Level image=waterlogo.jpg 	25
293.4719 	Level injecting via pump at address 0 	25
299.4521 	DATA 	Keypress: o
299.4534 	DATA 	Keypress: o
299.4547 	DATA 	Keypress: o
299.4728 	Level WAIT 	25
300.4485 	DATA 	Keypress: o
300.4726 	Level RINSE 	25
302.4516 	DATA 	Keypress: o
302.4728 	Level jitter 	25
305.4462 	Level finished 	25
305.4474 	DATA 	Keypress: o
305.4733 	Level image=tasty.jpg 	25
306.4489 	DATA 	Keypress: o
306.4735 	Level injecting via pump at address 1 	25
312.4513 	DATA 	Keypress: o
312.4523 	DATA 	Keypress: o
312.4532 	DATA 	Keypress: o
312.4744 	Level WAIT 	25
313.4741 	Level RINSE 	25
315.4505 	DATA 	Keypress: o
315.4743 	Level jitter 	25
323.4462 	Level finished 	25
323.4476 	DATA 	Keypress: o
323.4492 	DATA 	Keypress: o
323.4503 	DATA 	Keypress: o
323.4515 	DATA 	Keypress: o
323.4757 	Level image=tasty.jpg 	25
324.4489 	DATA 	Keypress: o
324.4588 	Level injecting via pump at address 1 	25
330.4512 	DATA 	Keypress: o
330.4523 	DATA 	Keypress: o
330.4532 	DATA 	Keypress: o
330.4761 	Level WAIT 	25
331.4762 	Level RINSE 	25
333.4505 	DATA 	Keypress: o
333.4602 	Level jitter 	25
337.4462 	Level finished 	25
337.4474 	DATA 	Keypress: o
337.4484 	DATA 	Keypress: o
337.4770 	Level image=waterlogo.jpg 	25
338.4489 	DATA 	Keypress: o
338.4771 	Level injecting via pump at address 0 	25
344.4509 	DATA 	Keypress: o
344.4519 	DATA 	Keypress: o
344.4529 	DATA 	Keypress: o
344.4781 	Level WAIT 	25
345.4613 	Level RINSE 	25
347.4513 	DATA 	Keypress: o
347.4781 	Level jitter 	25
350.4462 	Level finished 	25
350.4476 	DATA 	Keypress: o
350.4489 	DATA 	Keypress: o
350.4785 	Level image=tasty.jpg 	25
351.4619 	Level injecting via pump at address 1 	25
357.4506 	DATA 	Keypress: o
357.4517 	DATA 	Keypress: o
357.4526 	DATA 	Keypress: o
357.4630 	Level WAIT 	25
358.4485 	DATA 	Keypress: o
358.4628 	Level RINSE 	25
360.4512 	DATA 	Keypress: o
360.4796 	Level jitter 	25
365.4462 	Level finished 	25
365.4474 	DATA 	Keypress: o
365.4484 	DATA 	Keypress: o
365.4803 	Level image=waterlogo.jpg 	25
366.4487 	DATA 	Keypress: o
366.4804 	Level injecting via pump at address 0 	25
372.4512 	DATA 	Keypress: o
372.4523 	DATA 	Keypress: o
372.4533 	DATA 	Keypress: o
372.4814 	Level WAIT 	25
373.4646 	Level RINSE 	25
375.4510 	DATA 	Keypress: o
375.4814 	Level jitter 	25
380.4462 	Level finished 	25
380.4475 	DATA 	Keypress: o
380.4488 	DATA 	Keypress: o
380.4500 	DATA 	Keypress: o
380.4653 	Level image=waterlogo.jpg 	25
381.4655 	Level injecting via pump at address 0 	25
387.4514 	DATA 	Keypress: o
387.4525 	DATA 	Keypress: o
387.4535 	DATA 	Keypress: o
387.4665 	Level WAIT 	25
388.4488 	DATA 	Keypress: o
388.4663 	Level RINSE 	25
390.4517 	DATA 	Keypress: o
390.4665 	Level jitter 	25
399.4462 	Level finished 	25
399.4474 	DATA 	Keypress: o
399.4483 	DATA 	Keypress: o
399.4493 	DATA 	Keypress: o
399.4503 	DATA 	Keypress: o
399.4678 	Level image=tasty.jpg 	25
400.4486 	DATA 	Keypress: o
400.4677 	Level injecting via pump at address 1 	25
406.4516 	DATA 	Keypress: o
406.4532 	DATA 	Keypress: o
406.4545 	DATA 	Keypress: o
406.4683 	Level WAIT 	25
407.4518 	Level RINSE 	25
409.4544 	DATA 	Keypress: o
409.4691 	Level jitter 	25
411.4462 	Level finished 	25
411.4474 	DATA 	Keypress: o
411.4689 	Level image=waterlogo.jpg 	25
412.4485 	DATA 	Keypress: o
412.4691 	Level injecting via pump at address 0 	25
418.4519 	DATA 	Keypress: o
418.4531 	DATA 	Keypress: o
418.4542 	DATA 	Keypress: o
418.4698 	Level WAIT 	25
419.4704 	Level RINSE 	25
421.4506 	DATA 	Keypress: o
421.4701 	Level jitter 	25
424.4462 	Level finished 	25
424.4473 	DATA 	Keypress: o
424.4483 	DATA 	Keypress: o
424.4705 	Level image=waterlogo.jpg 	25
425.4706 	Level injecting via pump at address 0 	25
431.4512 	DATA 	Keypress: o
431.4525 	DATA 	Keypress: o
431.4536 	DATA 	Keypress: o
431.4717 	Level WAIT 	25
432.4486 	DATA 	Keypress: o
432.4548 	Level RINSE 	25
434.4516 	DATA 	Keypress: o
434.4716 	Level jitter 	25
439.4462 	Level finished 	25
439.4480 	DATA 	Keypress: o
439.4497 	DATA 	Keypress: o
439.4722 	Level image=tasty.jpg 	25
440.4488 	DATA 	Keypress: o
440.4724 	Level injecting via pump at address 1 	25
446.4513 	DATA 	Keypress: o
446.4524 	DATA 	Keypress: o
446.4536 	DATA 	Keypress: o
446.4735 	Level WAIT 	25
447.4733 	Level RINSE 	25
449.4517 	DATA 	Keypress: o
449.4734 	Level jitter 	25
451.4462 	Level finished 	25
451.4475 	DATA 	Keypress: o
451.4570 	Level image=tasty.jpg 	25
452.4489 	DATA 	Keypress: o
452.4738 	Level injecting via pump at address 1 	25
458.4518 	DATA 	Keypress: o
458.4531 	DATA 	Keypress: o
458.4542 	DATA 	Keypress: o
458.4749 	Level WAIT 	25
459.4746 	Level RINSE 	25
461.4514 	DATA 	Keypress: o
461.4748 	Level jitter 	25
468.4462 	Level finished 	25
468.4474 	DATA 	Keypress: o
468.4485 	DATA 	Keypress: o
468.4495 	DATA 	Keypress: o
468.4506 	DATA 	Keypress: o
468.4760 	Level image=waterlogo.jpg 	25
469.4757 	Level injecting via pump at address 0 	25
475.4509 	DATA 	Keypress: o
475.4519 	DATA 	Keypress: o
475.4530 	DATA 	Keypress: o
475.4764 	Level WAIT 	25
476.4490 	DATA 	Keypress: o
476.4599 	Level RINSE 	25
478.4525 	DATA 	Keypress: o
478.4771 	Level jitter 	25
481.4462 	Level finished 	25
481.4473 	DATA 	Keypress: o
481.4772 	Level image=tasty.jpg 	25
482.4486 	DATA 	Keypress: o
482.4607 	Level injecting via pump at address 1 	25
488.4517 	DATA 	Keypress: o
488.4528 	DATA 	Keypress: o
488.4540 	DATA 	Keypress: o
488.4783 	Level WAIT 	25
489.4614 	Level RINSE 	25
491.4512 	DATA 	Keypress: o
491.4784 	Level jitter 	25
493.4462 	Level finished 	25
493.4473 	DATA 	Keypress: o
493.4786 	Level image=waterlogo.jpg 	25
494.4489 	DATA 	Keypress: o
494.4787 	Level injecting via pump at address 0 	25
500.4509 	DATA 	Keypress: o
500.4520 	DATA 	Keypress: o
500.4530 	DATA 	Keypress: o
500.4797 	Level WAIT 	25
501.4629 	Level RINSE 	25
503.4512 	DATA 	Keypress: o
503.4797 	Level jitter 	25
511.4462 	Level finished 	25
511.4474 	DATA 	Keypress: o
511.4485 	DATA 	Keypress: o
511.4497 	DATA 	Keypress: o
511.4510 	DATA 	Keypress: o
511.4645 	Level image=tasty.jpg 	25
512.4490 	DATA 	Keypress: o
512.4642 	Level injecting via pump at address 1 	25
518.4512 	DATA 	Keypress: o
518.4523 	DATA 	Keypress: o
518.4534 	DATA 	Keypress: o
518.4648 	Level WAIT 	25
519.4649 	Level RINSE 	25
521.4521 	DATA 	Keypress: o
521.4655 	Level jitter 	25
523.4462 	Level finished 	25
523.4473 	DATA 	Keypress: o
523.4654 	Level image=waterlogo.jpg 	25
524.4485 	DATA 	Keypress: o
524.4655 	Level injecting via pump at address 0 	25
530.4509 	DATA 	Keypress: o
530.4519 	DATA 	Keypress: o
530.4528 	DATA 	Keypress: o
530.4663 	Level WAIT 	25
531.4667 	Level RINSE 	25
533.4508 	DATA 	Keypress: o
533.4665 	Level jitter 	25
540.4462 	Level finished 	25
