93.6901 	DATA 	Keypress: o
93.6908 	Level start key press 	25
95.7040 	DATA 	Keypress: o
97.7039 	DATA 	Keypress: o
99.7039 	DATA 	Keypress: o
101.6877 	DATA 	Keypress: o
102.2519 	Level image=waterlogo.jpg 	25
103.1687 	Level injecting via pump at address 0 	25
109.1567 	DATA 	Keypress: o
109.1580 	DATA 	Keypress: o
109.1589 	DATA 	Keypress: o
109.1693 	Level WAIT 	25
110.1545 	DATA 	Keypress: o
110.1691 	Level RINSE 	25
112.1648 	DATA 	Keypress: o
112.1859 	Level jitter 	25
118.1519 	Level finished 	25
118.1531 	DATA 	Keypress: o
118.1543 	DATA 	Keypress: o
118.1556 	DATA 	Keypress: o
118.1697 	Level image=tasty.jpg 	25
119.1701 	Level injecting via pump at address 1 	25
125.1571 	DATA 	Keypress: o
125.1586 	DATA 	Keypress: o
125.1600 	DATA 	Keypress: o
125.1867 	Level WAIT 	25
126.1547 	DATA 	Keypress: o
126.1868 	Level RINSE 	25
128.1572 	DATA 	Keypress: o
128.1703 	Level jitter 	25
134.1519 	Level finished 	25
134.1530 	DATA 	Keypress: o
134.1540 	DATA 	Keypress: o
134.1551 	DATA 	Keypress: o
134.1711 	Level image=tasty.jpg 	25
135.1708 	Level injecting via pump at address 1 	25
141.1570 	DATA 	Keypress: o
141.1584 	DATA 	Keypress: o
141.1595 	DATA 	Keypress: o
141.1878 	Level WAIT 	25
142.1543 	DATA 	Keypress: o
142.1713 	Level RINSE 	25
144.1565 	DATA 	Keypress: o
144.1718 	Level jitter 	25
146.1519 	Level finished 	25
146.1530 	DATA 	Keypress: o
146.1717 	Level image=waterlogo.jpg 	25
147.1717 	Level injecting via pump at address 0 	25
153.1571 	DATA 	Keypress: o
153.1583 	DATA 	Keypress: o
153.1595 	DATA 	Keypress: o
153.1720 	Level WAIT 	25
154.1547 	DATA 	Keypress: o
154.1725 	Level RINSE 	25
156.1567 	DATA 	Keypress: o
156.1722 	Level jitter 	25
162.1519 	Level finished 	25
162.1531 	DATA 	Keypress: o
162.1542 	DATA 	Keypress: o
162.1554 	DATA 	Keypress: o
162.1726 	Level image=tasty.jpg 	25
163.1727 	Level injecting via pump at address 1 	25
169.1568 	DATA 	Keypress: o
169.1581 	DATA 	Keypress: o
169.1593 	DATA 	Keypress: o
169.1735 	Level WAIT 	25
170.1542 	DATA 	Keypress: o
170.1732 	Level RINSE 	25
172.1562 	DATA 	Keypress: o
172.1733 	Level jitter 	25
177.1519 	Level finished 	25
177.1531 	DATA 	Keypress: o
177.1542 	DATA 	Keypress: o
177.1737 	Level image=waterlogo.jpg 	25
178.1543 	DATA 	Keypress: o
178.1738 	Level injecting via pump at address 0 	25
184.1569 	DATA 	Keypress: o
184.1580 	DATA 	Keypress: o
184.1589 	DATA 	Keypress: o
184.1745 	Level WAIT 	25
185.1742 	Level RINSE 	25
187.1565 	DATA 	Keypress: o
187.1744 	Level jitter 	25
192.1519 	Level finished 	25
192.1531 	DATA 	Keypress: o
192.1540 	DATA 	Keypress: o
192.1550 	DATA 	Keypress: o
192.1747 	Level image=tasty.jpg 	25
193.1748 	Level injecting via pump at address 1 	25
199.1566 	DATA 	Keypress: o
199.1578 	DATA 	Keypress: o
199.1590 	DATA 	Keypress: o
199.1756 	Level WAIT 	25
200.1542 	DATA 	Keypress: o
200.1753 	Level RINSE 	25
202.1566 	DATA 	Keypress: o
202.1754 	Level jitter 	25
208.1519 	Level finished 	25
208.1534 	DATA 	Keypress: o
208.1547 	DATA 	Keypress: o
208.1559 	DATA 	Keypress: o
208.1759 	Level image=waterlogo.jpg 	25
209.1763 	Level injecting via pump at address 0 	25
215.1574 	DATA 	Keypress: o
215.1588 	DATA 	Keypress: o
215.1601 	DATA 	Keypress: o
215.1763 	Level WAIT 	25
216.1543 	DATA 	Keypress: o
216.1764 	Level RINSE 	25
218.1562 	DATA 	Keypress: o
218.1766 	Level jitter 	25
221.1519 	Level finished 	25
221.1530 	DATA 	Keypress: o
221.1771 	Level image=tasty.jpg 	25
222.1545 	DATA 	Keypress: o
222.1768 	Level injecting via pump at address 1 	25
228.1572 	DATA 	Keypress: o
228.1582 	DATA 	Keypress: o
228.1592 	DATA 	Keypress: o
228.1772 	Level WAIT 	25
229.1773 	Level RINSE 	25
231.1568 	DATA 	Keypress: o
231.1778 	Level jitter 	25
239.1519 	Level finished 	25
239.1532 	DATA 	Keypress: o
239.1547 	DATA 	Keypress: o
239.1558 	DATA 	Keypress: o
239.1568 	DATA 	Keypress: o
239.1780 	Level image=waterlogo.jpg 	25
240.1543 	DATA 	Keypress: o
240.1781 	Level injecting via pump at address 0 	25
246.1568 	DATA 	Keypress: o
246.1581 	DATA 	Keypress: o
246.1591 	DATA 	Keypress: o
246.1789 	Level WAIT 	25
247.1786 	Level RINSE 	25
249.1562 	DATA 	Keypress: o
249.1786 	Level jitter 	25
251.1519 	Level finished 	25
251.1530 	DATA 	Keypress: o
251.1788 	Level image=tasty.jpg 	25
252.1543 	DATA 	Keypress: o
252.1622 	Level injecting via pump at address 1 	25
258.1570 	DATA 	Keypress: o
258.1580 	DATA 	Keypress: o
258.1590 	DATA 	Keypress: o
258.1797 	Level WAIT 	25
259.1627 	Level RINSE 	25
261.1571 	DATA 	Keypress: o
261.1628 	Level jitter 	25
270.1519 	Level finished 	25
270.1532 	DATA 	Keypress: o
270.1544 	DATA 	Keypress: o
270.1554 	DATA 	Keypress: o
270.1564 	DATA 	Keypress: o
270.1574 	DATA 	Keypress: o
270.1805 	Level image=waterlogo.jpg 	25
271.1636 	Level injecting via pump at address 0 	25
277.1571 	DATA 	Keypress: o
277.1583 	DATA 	Keypress: o
277.1596 	DATA 	Keypress: o
277.1806 	Level WAIT 	25
278.1545 	DATA 	Keypress: o
278.1807 	Level RINSE 	25
280.1566 	DATA 	Keypress: o
280.1645 	Level jitter 	25
282.1519 	Level finished 	25
282.1530 	DATA 	Keypress: o
282.1809 	Level image=tasty.jpg 	25
283.1644 	Level injecting via pump at address 1 	25
289.1567 	DATA 	Keypress: o
289.1582 	DATA 	Keypress: o
289.1593 	DATA 	Keypress: o
289.1647 	Level WAIT 	25
290.1541 	DATA 	Keypress: o
290.1652 	Level RINSE 	25
292.1563 	DATA 	Keypress: o
292.1649 	Level jitter 	25
295.1519 	Level finished 	25
295.1530 	DATA 	Keypress: o
295.1651 	Level image=waterlogo.jpg 	25
296.1545 	DATA 	Keypress: o
296.1652 	Level injecting via pump at address 0 	25
302.1565 	DATA 	Keypress: o
302.1576 	DATA 	Keypress: o
302.1585 	DATA 	Keypress: o
302.1660 	Level WAIT 	25
303.1657 	Level RINSE 	25
305.1563 	DATA 	Keypress: o
305.1658 	Level jitter 	25
309.1519 	Level finished 	25
309.1531 	DATA 	Keypress: o
309.1543 	DATA 	Keypress: o
309.1828 	Level image=tasty.jpg 	25
310.1541 	DATA 	Keypress: o
310.1829 	Level injecting via pump at address 1 	25
316.1576 	DATA 	Keypress: o
316.1589 	DATA 	Keypress: o
316.1602 	DATA 	Keypress: o
316.1836 	Level WAIT 	25
317.1667 	Level RINSE 	25
319.1568 	DATA 	Keypress: o
319.1835 	Level jitter 	25
320.1519 	Level finished 	25
320.1530 	DATA 	Keypress: o
320.1669 	Level image=waterlogo.jpg 	25
321.1669 	Level injecting via pump at address 0 	25
327.1574 	DATA 	Keypress: o
327.1586 	DATA 	Keypress: o
327.1596 	DATA 	Keypress: o
327.1676 	Level WAIT 	25
328.1542 	DATA 	Keypress: o
328.1675 	Level RINSE 	25
330.1568 	DATA 	Keypress: o
330.1676 	Level jitter 	25
333.1519 	Level finished 	25
333.1532 	DATA 	Keypress: o
333.1678 	Level image=tasty.jpg 	25
334.1546 	DATA 	Keypress: o
334.1679 	Level injecting via pump at address 1 	25
340.1570 	DATA 	Keypress: o
340.1580 	DATA 	Keypress: o
340.1589 	DATA 	Keypress: o
340.1687 	Level WAIT 	25
341.1684 	Level RINSE 	25
343.1561 	DATA 	Keypress: o
343.1685 	Level jitter 	25
351.1519 	Level finished 	25
351.1532 	DATA 	Keypress: o
351.1545 	DATA 	Keypress: o
351.1555 	DATA 	Keypress: o
351.1564 	DATA 	Keypress: o
351.1861 	Level image=tasty.jpg 	25
352.1543 	DATA 	Keypress: o
352.1691 	Level injecting via pump at address 1 	25
358.1571 	DATA 	Keypress: o
358.1584 	DATA 	Keypress: o
358.1596 	DATA 	Keypress: o
358.1696 	Level WAIT 	25
359.1697 	Level RINSE 	25
361.1562 	DATA 	Keypress: o
361.1701 	Level jitter 	25
365.1519 	Level finished 	25
365.1531 	DATA 	Keypress: o
365.1542 	DATA 	Keypress: o
365.1700 	Level image=waterlogo.jpg 	25
366.1547 	DATA 	Keypress: o
366.1701 	Level injecting via pump at address 0 	25
372.1572 	DATA 	Keypress: o
372.1584 	DATA 	Keypress: o
372.1593 	DATA 	Keypress: o
372.1875 	Level WAIT 	25
373.1706 	Level RINSE 	25
375.1569 	DATA 	Keypress: o
375.1706 	Level jitter 	25
378.1519 	Level finished 	25
378.1532 	DATA 	Keypress: o
378.1545 	DATA 	Keypress: o
378.1877 	Level image=tasty.jpg 	25
379.1710 	Level injecting via pump at address 1 	25
385.1573 	DATA 	Keypress: o
385.1585 	DATA 	Keypress: o
385.1597 	DATA 	Keypress: o
385.1884 	Level WAIT 	25
386.1545 	DATA 	Keypress: o
386.1715 	Level RINSE 	25
388.1570 	DATA 	Keypress: o
388.1882 	Level jitter 	25
393.1519 	Level finished 	25
393.1531 	DATA 	Keypress: o
393.1542 	DATA 	Keypress: o
393.1719 	Level image=waterlogo.jpg 	25
394.1543 	DATA 	Keypress: o
394.1720 	Level injecting via pump at address 0 	25
400.1577 	DATA 	Keypress: o
400.1591 	DATA 	Keypress: o
400.1605 	DATA 	Keypress: o
400.1895 	Level WAIT 	25
401.1558 	Level RINSE 	25
403.1565 	DATA 	Keypress: o
403.1726 	Level jitter 	25
408.1519 	Level finished 	25
408.1532 	DATA 	Keypress: o
408.1544 	DATA 	Keypress: o
408.1553 	DATA 	Keypress: o
408.1730 	Level image=waterlogo.jpg 	25
409.1730 	Level injecting via pump at address 0 	25
415.1567 	DATA 	Keypress: o
415.1578 	DATA 	Keypress: o
415.1588 	DATA 	Keypress: o
415.1739 	Level WAIT 	25
416.1543 	DATA 	Keypress: o
416.1736 	Level RINSE 	25
418.1565 	DATA 	Keypress: o
418.1736 	Level jitter 	25
427.1519 	Level finished 	25
427.1531 	DATA 	Keypress: o
427.1542 	DATA 	Keypress: o
427.1553 	DATA 	Keypress: o
427.1565 	DATA 	Keypress: o
427.1747 	Level image=tasty.jpg 	25
428.1547 	DATA 	Keypress: o
428.1744 	Level injecting via pump at address 1 	25
434.1569 	DATA 	Keypress: o
434.1581 	DATA 	Keypress: o
434.1593 	DATA 	Keypress: o
434.1747 	Level WAIT 	25
435.1748 	Level RINSE 	25
437.1573 	DATA 	Keypress: o
437.1753 	Level jitter 	25
439.1519 	Level finished 	25
439.1530 	DATA 	Keypress: o
439.1751 	Level image=waterlogo.jpg 	25
440.1543 	DATA 	Keypress: o
440.1752 	Level injecting via pump at address 0 	25
446.1566 	DATA 	Keypress: o
446.1579 	DATA 	Keypress: o
446.1590 	DATA 	Keypress: o
446.1756 	Level WAIT 	25
447.1758 	Level RINSE 	25
449.1568 	DATA 	Keypress: o
449.1757 	Level jitter 	25
452.1519 	Level finished 	25
452.1531 	DATA 	Keypress: o
452.1541 	DATA 	Keypress: o
452.1760 	Level image=waterlogo.jpg 	25
453.1761 	Level injecting via pump at address 0 	25
459.1571 	DATA 	Keypress: o
459.1583 	DATA 	Keypress: o
459.1596 	DATA 	Keypress: o
459.1769 	Level WAIT 	25
460.1546 	DATA 	Keypress: o
460.1767 	Level RINSE 	25
462.1562 	DATA 	Keypress: o
462.1767 	Level jitter 	25
467.1519 	Level finished 	25
467.1532 	DATA 	Keypress: o
467.1544 	DATA 	Keypress: o
467.1770 	Level image=tasty.jpg 	25
468.1542 	DATA 	Keypress: o
468.1771 	Level injecting via pump at address 1 	25
474.1568 	DATA 	Keypress: o
474.1579 	DATA 	Keypress: o
474.1589 	DATA 	Keypress: o
474.1779 	Level WAIT 	25
475.1776 	Level RINSE 	25
477.1566 	DATA 	Keypress: o
477.1777 	Level jitter 	25
479.1519 	Level finished 	25
479.1530 	DATA 	Keypress: o
479.1612 	Level image=tasty.jpg 	25
480.1544 	DATA 	Keypress: o
480.1613 	Level injecting via pump at address 1 	25
486.1569 	DATA 	Keypress: o
486.1578 	DATA 	Keypress: o
486.1588 	DATA 	Keypress: o
486.1788 	Level WAIT 	25
487.1784 	Level RINSE 	25
489.1562 	DATA 	Keypress: o
489.1619 	Level jitter 	25
496.1519 	Level finished 	25
496.1532 	DATA 	Keypress: o
496.1547 	DATA 	Keypress: o
496.1558 	DATA 	Keypress: o
496.1568 	DATA 	Keypress: o
496.1794 	Level image=waterlogo.jpg 	25
497.1791 	Level injecting via pump at address 0 	25
503.1568 	DATA 	Keypress: o
503.1581 	DATA 	Keypress: o
503.1594 	DATA 	Keypress: o
503.1796 	Level WAIT 	25
504.1547 	DATA 	Keypress: o
504.1628 	Level RINSE 	25
506.1564 	DATA 	Keypress: o
506.1801 	Level jitter 	25
509.1519 	Level finished 	25
509.1530 	DATA 	Keypress: o
509.1799 	Level image=tasty.jpg 	25
510.1543 	DATA 	Keypress: o
510.1800 	Level injecting via pump at address 1 	25
516.1572 	DATA 	Keypress: o
516.1582 	DATA 	Keypress: o
516.1591 	DATA 	Keypress: o
516.1808 	Level WAIT 	25
517.1638 	Level RINSE 	25
519.1561 	DATA 	Keypress: o
519.1806 	Level jitter 	25
521.1519 	Level finished 	25
521.1530 	DATA 	Keypress: o
521.1807 	Level image=waterlogo.jpg 	25
522.1545 	DATA 	Keypress: o
522.1809 	Level injecting via pump at address 0 	25
528.1568 	DATA 	Keypress: o
528.1582 	DATA 	Keypress: o
528.1594 	DATA 	Keypress: o
528.1816 	Level WAIT 	25
529.1647 	Level RINSE 	25
531.1573 	DATA 	Keypress: o
531.1815 	Level jitter 	25
539.1519 	Level finished 	25
539.1532 	DATA 	Keypress: o
539.1545 	DATA 	Keypress: o
539.1555 	DATA 	Keypress: o
539.1565 	DATA 	Keypress: o
539.1823 	Level image=tasty.jpg 	25
540.1545 	DATA 	Keypress: o
540.1655 	Level injecting via pump at address 1 	25
546.1569 	DATA 	Keypress: o
546.1580 	DATA 	Keypress: o
546.1592 	DATA 	Keypress: o
546.1825 	Level WAIT 	25
547.1827 	Level RINSE 	25
549.1580 	DATA 	Keypress: o
549.1830 	Level jitter 	25
551.1519 	Level finished 	25
551.1530 	DATA 	Keypress: o
551.1662 	Level image=waterlogo.jpg 	25
552.1545 	DATA 	Keypress: o
552.1663 	Level injecting via pump at address 0 	25
558.1580 	DATA 	Keypress: o
558.1592 	DATA 	Keypress: o
558.1607 	DATA 	Keypress: o
558.1833 	Level WAIT 	25
559.1671 	Level RINSE 	25
561.1570 	DATA 	Keypress: o
561.1668 	Level jitter 	25
568.1519 	Level finished 	25
