61.4653 	DATA 	Keypress: o
61.4664 	Level start key press 	25
63.4644 	DATA 	Keypress: o
65.4763 	DATA 	Keypress: o
67.4770 	DATA 	Keypress: o
69.4992 	DATA 	Keypress: o
69.5076 	Level image=waterlogo.jpg 	25
70.4574 	Level injecting via pump at address 0 	25
76.4472 	DATA 	Keypress: o
76.4486 	DATA 	Keypress: o
76.4498 	DATA 	Keypress: o
76.4581 	Level WAIT 	25
77.4568 	Level RINSE 	25
79.4553 	DATA 	Keypress: o
79.4585 	Level jitter 	25
86.4422 	Level finished 	25
86.4435 	DATA 	Keypress: o
86.4447 	DATA 	Keypress: o
86.4460 	DATA 	Keypress: o
86.4472 	DATA 	Keypress: o
86.4598 	Level image=tasty.jpg 	25
87.4544 	Level injecting via pump at address 0 	25
93.4473 	DATA 	Keypress: o
93.4485 	DATA 	Keypress: o
93.4496 	DATA 	Keypress: o
93.4561 	Level WAIT 	25
94.4447 	DATA 	Keypress: o
94.4510 	Level RINSE 	25
96.4467 	DATA 	Keypress: o
96.4571 	Level jitter 	25
100.4422 	Level finished 	25
100.4435 	DATA 	Keypress: o
100.4448 	DATA 	Keypress: o
100.4539 	Level image=tasty.jpg 	25
101.4473 	Level injecting via pump at address 1 	25
107.4477 	DATA 	Keypress: o
107.4491 	DATA 	Keypress: o
107.4504 	DATA 	Keypress: o
107.4625 	Level WAIT 	25
108.4451 	DATA 	Keypress: o
108.4613 	Level RINSE 	25
110.4476 	DATA 	Keypress: o
110.4508 	Level jitter 	25
111.4422 	Level finished 	25
111.4624 	Level image=tasty.jpg 	25
112.4450 	DATA 	Keypress: o
112.4567 	Level injecting via pump at address 0 	25
118.4480 	DATA 	Keypress: o
118.4494 	DATA 	Keypress: o
118.4507 	DATA 	Keypress: o
118.4594 	Level WAIT 	25
119.4467 	Level RINSE 	25
121.4468 	DATA 	Keypress: o
121.4599 	Level jitter 	25
129.4422 	Level finished 	25
129.4434 	DATA 	Keypress: o
129.4445 	DATA 	Keypress: o
129.4455 	DATA 	Keypress: o
129.4465 	DATA 	Keypress: o
129.4648 	Level image=waterlogo.jpg 	25
130.4450 	DATA 	Keypress: o
130.4483 	Level injecting via pump at address 0 	25
136.4475 	DATA 	Keypress: o
136.4487 	DATA 	Keypress: o
136.4497 	DATA 	Keypress: o
136.4646 	Level WAIT 	25
137.4487 	Level RINSE 	25
139.4476 	DATA 	Keypress: o
139.4666 	Level jitter 	25
147.4422 	Level finished 	25
147.4437 	DATA 	Keypress: o
147.4451 	DATA 	Keypress: o
147.4462 	DATA 	Keypress: o
147.4474 	DATA 	Keypress: o
147.4572 	Level image=waterlogo.jpg 	25
148.4448 	DATA 	Keypress: o
148.4501 	Level injecting via pump at address 0 	25
154.4472 	DATA 	Keypress: o
154.4484 	DATA 	Keypress: o
154.4494 	DATA 	Keypress: o
154.4549 	Level WAIT 	25
155.4485 	Level RINSE 	25
157.4479 	DATA 	Keypress: o
157.4512 	Level jitter 	25
163.4422 	Level finished 	25
163.4436 	DATA 	Keypress: o
163.4448 	DATA 	Keypress: o
163.4458 	DATA 	Keypress: o
163.4577 	Level image=tasty.jpg 	25
164.4449 	DATA 	Keypress: o
164.4519 	Level injecting via pump at address 1 	25
170.4478 	DATA 	Keypress: o
170.4493 	DATA 	Keypress: o
170.4505 	DATA 	Keypress: o
170.4538 	Level WAIT 	25
171.4488 	Level RINSE 	25
173.4471 	DATA 	Keypress: o
173.4534 	Level jitter 	25
175.4422 	Level finished 	25
175.4433 	DATA 	Keypress: o
175.4531 	Level image=tasty.jpg 	25
176.4447 	DATA 	Keypress: o
176.4528 	Level injecting via pump at address 0 	25
182.4476 	DATA 	Keypress: o
182.4489 	DATA 	Keypress: o
182.4499 	DATA 	Keypress: o
182.4542 	Level WAIT 	25
183.4529 	Level RINSE 	25
185.4468 	DATA 	Keypress: o
185.4543 	Level jitter 	25
191.4422 	Level finished 	25
191.4436 	DATA 	Keypress: o
191.4449 	DATA 	Keypress: o
191.4462 	DATA 	Keypress: o
191.4553 	Level image=waterlogo.jpg 	25
192.4445 	DATA 	Keypress: o
192.4555 	Level injecting via pump at address 0 	25
198.4477 	DATA 	Keypress: o
198.4487 	DATA 	Keypress: o
198.4497 	DATA 	Keypress: o
198.4568 	Level WAIT 	25
199.4526 	Level RINSE 	25
201.4479 	DATA 	Keypress: o
201.4567 	Level jitter 	25
203.4422 	Level finished 	25
203.4434 	DATA 	Keypress: o
203.4568 	Level image=waterlogo.jpg 	25
204.4450 	DATA 	Keypress: o
204.4569 	Level injecting via pump at address 0 	25
210.4482 	DATA 	Keypress: o
210.4496 	DATA 	Keypress: o
210.4507 	DATA 	Keypress: o
210.4575 	Level WAIT 	25
211.4569 	Level RINSE 	25
213.4475 	DATA 	Keypress: o
213.4573 	Level jitter 	25
222.4422 	Level finished 	25
222.4436 	DATA 	Keypress: o
222.4449 	DATA 	Keypress: o
222.4460 	DATA 	Keypress: o
222.4471 	DATA 	Keypress: o
222.4481 	DATA 	Keypress: o
222.4592 	Level image=tasty.jpg 	25
223.4591 	Level injecting via pump at address 1 	25
229.4482 	DATA 	Keypress: o
229.4495 	DATA 	Keypress: o
229.4508 	DATA 	Keypress: o
229.4598 	Level WAIT 	25
230.4445 	DATA 	Keypress: o
230.4571 	Level RINSE 	25
232.4476 	DATA 	Keypress: o
232.4606 	Level jitter 	25
239.4422 	Level finished 	25
239.4436 	DATA 	Keypress: o
239.4448 	DATA 	Keypress: o
239.4458 	DATA 	Keypress: o
239.4606 	Level image=tasty.jpg 	25
240.4447 	DATA 	Keypress: o
240.4554 	Level injecting via pump at address 0 	25
246.4472 	DATA 	Keypress: o
246.4484 	DATA 	Keypress: o
246.4494 	DATA 	Keypress: o
246.4574 	Level WAIT 	25
247.4521 	Level RINSE 	25
249.4466 	DATA 	Keypress: o
249.4578 	Level jitter 	25
256.4422 	Level finished 	25
256.4435 	DATA 	Keypress: o
256.4448 	DATA 	Keypress: o
256.4460 	DATA 	Keypress: o
256.4473 	DATA 	Keypress: o
256.4627 	Level image=waterlogo.jpg 	25
257.4463 	Level injecting via pump at address 0 	25
263.4476 	DATA 	Keypress: o
263.4488 	DATA 	Keypress: o
263.4498 	DATA 	Keypress: o
263.4639 	Level WAIT 	25
264.4450 	DATA 	Keypress: o
264.4627 	Level RINSE 	25
266.4468 	DATA 	Keypress: o
266.4532 	Level jitter 	25
271.4422 	Level finished 	25
271.4435 	DATA 	Keypress: o
271.4447 	DATA 	Keypress: o
271.4601 	Level image=tasty.jpg 	25
272.4448 	DATA 	Keypress: o
272.4481 	Level injecting via pump at address 0 	25
278.4481 	DATA 	Keypress: o
278.4495 	DATA 	Keypress: o
278.4505 	DATA 	Keypress: o
278.4564 	Level WAIT 	25
279.4485 	Level RINSE 	25
281.4471 	DATA 	Keypress: o
281.4575 	Level jitter 	25
282.4422 	Level finished 	25
282.4435 	DATA 	Keypress: o
282.4528 	Level image=tasty.jpg 	25
283.4467 	Level injecting via pump at address 1 	25
289.4470 	DATA 	Keypress: o
289.4482 	DATA 	Keypress: o
289.4492 	DATA 	Keypress: o
289.4655 	Level WAIT 	25
290.4452 	DATA 	Keypress: o
290.4497 	Level RINSE 	25
292.4473 	DATA 	Keypress: o
292.4505 	Level jitter 	25
295.4422 	Level finished 	25
295.4434 	DATA 	Keypress: o
295.4512 	Level image=tasty.jpg 	25
296.4448 	DATA 	Keypress: o
296.4503 	Level injecting via pump at address 0 	25
302.4478 	DATA 	Keypress: o
302.4490 	DATA 	Keypress: o
302.4500 	DATA 	Keypress: o
302.4650 	Level WAIT 	25
303.4518 	Level RINSE 	25
305.4475 	DATA 	Keypress: o
305.4517 	Level jitter 	25
307.4422 	Level finished 	25
307.4433 	DATA 	Keypress: o
307.4518 	Level image=tasty.jpg 	25
308.4447 	DATA 	Keypress: o
308.4500 	Level injecting via pump at address 1 	25
314.4478 	DATA 	Keypress: o
314.4492 	DATA 	Keypress: o
314.4504 	DATA 	Keypress: o
314.4685 	Level WAIT 	25
315.4463 	Level RINSE 	25
317.4471 	DATA 	Keypress: o
317.4525 	Level jitter 	25
319.4422 	Level finished 	25
319.4433 	DATA 	Keypress: o
319.4534 	Level image=tasty.jpg 	25
320.4450 	DATA 	Keypress: o
320.4535 	Level injecting via pump at address 0 	25
326.4471 	DATA 	Keypress: o
326.4483 	DATA 	Keypress: o
326.4494 	DATA 	Keypress: o
326.4540 	Level WAIT 	25
327.4510 	Level RINSE 	25
329.4468 	DATA 	Keypress: o
329.4549 	Level jitter 	25
330.4422 	Level finished 	25
330.4434 	DATA 	Keypress: o
330.4514 	Level image=waterlogo.jpg 	25
331.4468 	Level injecting via pump at address 0 	25
337.4483 	DATA 	Keypress: o
337.4496 	DATA 	Keypress: o
337.4509 	DATA 	Keypress: o
337.4557 	Level WAIT 	25
338.4446 	DATA 	Keypress: o
338.4556 	Level RINSE 	25
340.4475 	DATA 	Keypress: o
340.4561 	Level jitter 	25
346.4422 	Level finished 	25
346.4437 	DATA 	Keypress: o
346.4451 	DATA 	Keypress: o
346.4463 	DATA 	Keypress: o
346.4561 	Level image=tasty.jpg 	25
347.4469 	Level injecting via pump at address 1 	25
353.4476 	DATA 	Keypress: o
353.4488 	DATA 	Keypress: o
353.4498 	DATA 	Keypress: o
353.4569 	Level WAIT 	25
354.4446 	DATA 	Keypress: o
354.4571 	Level RINSE 	25
356.4465 	DATA 	Keypress: o
356.4496 	Level jitter 	25
359.4422 	Level finished 	25
359.4435 	DATA 	Keypress: o
359.4590 	Level image=tasty.jpg 	25
360.4445 	DATA 	Keypress: o
360.4584 	Level injecting via pump at address 0 	25
366.4472 	DATA 	Keypress: o
366.4486 	DATA 	Keypress: o
366.4498 	DATA 	Keypress: o
366.4586 	Level WAIT 	25
367.4577 	Level RINSE 	25
369.4479 	DATA 	Keypress: o
369.4591 	Level jitter 	25
371.4422 	Level finished 	25
371.4435 	DATA 	Keypress: o
371.4538 	Level image=tasty.jpg 	25
372.4445 	DATA 	Keypress: o
372.4489 	Level injecting via pump at address 1 	25
378.4473 	DATA 	Keypress: o
378.4486 	DATA 	Keypress: o
378.4497 	DATA 	Keypress: o
378.4603 	Level WAIT 	25
379.4609 	Level RINSE 	25
381.4478 	DATA 	Keypress: o
381.4523 	Level jitter 	25
385.4422 	Level finished 	25
385.4436 	DATA 	Keypress: o
385.4448 	DATA 	Keypress: o
385.4616 	Level image=tasty.jpg 	25
386.4448 	DATA 	Keypress: o
386.4586 	Level injecting via pump at address 0 	25
392.4481 	DATA 	Keypress: o
392.4494 	DATA 	Keypress: o
392.4507 	DATA 	Keypress: o
392.4615 	Level WAIT 	25
393.4562 	Level RINSE 	25
395.4472 	DATA 	Keypress: o
395.4622 	Level jitter 	25
402.4422 	Level finished 	25
402.4437 	DATA 	Keypress: o
402.4451 	DATA 	Keypress: o
402.4465 	DATA 	Keypress: o
402.4477 	DATA 	Keypress: o
402.4595 	Level image=tasty.jpg 	25
403.4465 	Level injecting via pump at address 0 	25
409.4484 	DATA 	Keypress: o
409.4497 	DATA 	Keypress: o
409.4509 	DATA 	Keypress: o
409.4555 	Level WAIT 	25
410.4446 	DATA 	Keypress: o
410.4477 	Level RINSE 	25
412.4477 	DATA 	Keypress: o
412.4572 	Level jitter 	25
416.4422 	Level finished 	25
