52.2470 	DATA 	Keypress: o
52.2478 	Level start key press 	25
54.2480 	DATA 	Keypress: o
56.2539 	DATA 	Keypress: o
58.2483 	DATA 	Keypress: o
60.2778 	DATA 	Keypress: o
60.2811 	Level image=tasty.jpg 	25
61.2260 	Level injecting via pump at address 1 	25
67.2176 	DATA 	Keypress: o
67.2190 	DATA 	Keypress: o
67.2202 	DATA 	Keypress: o
67.2285 	Level WAIT 	25
68.2230 	Level RINSE 	25
70.2253 	DATA 	Keypress: o
70.2286 	Level jitter 	25
79.2118 	Level finished 	25
79.2132 	DATA 	Keypress: o
79.2145 	DATA 	Keypress: o
79.2155 	DATA 	Keypress: o
79.2165 	DATA 	Keypress: o
79.2174 	DATA 	Keypress: o
79.2302 	Level image=waterlogo.jpg 	25
80.2270 	Level injecting via pump at address 0 	25
86.2173 	DATA 	Keypress: o
86.2185 	DATA 	Keypress: o
86.2195 	DATA 	Keypress: o
86.2292 	Level WAIT 	25
87.2150 	DATA 	Keypress: o
87.2234 	Level RINSE 	25
89.2169 	DATA 	Keypress: o
89.2307 	Level jitter 	25
93.2118 	Level finished 	25
93.2131 	DATA 	Keypress: o
93.2144 	DATA 	Keypress: o
93.2255 	Level image=tasty.jpg 	25
94.2206 	Level injecting via pump at address 1 	25
100.2172 	DATA 	Keypress: o
100.2185 	DATA 	Keypress: o
100.2195 	DATA 	Keypress: o
100.2231 	Level WAIT 	25
101.2145 	DATA 	Keypress: o
101.2178 	Level RINSE 	25
103.2167 	DATA 	Keypress: o
103.2229 	Level jitter 	25
107.2118 	Level finished 	25
107.2137 	DATA 	Keypress: o
107.2155 	DATA 	Keypress: o
107.2332 	Level image=waterlogo.jpg 	25
108.2162 	Level injecting via pump at address 0 	25
114.2175 	DATA 	Keypress: o
114.2187 	DATA 	Keypress: o
114.2197 	DATA 	Keypress: o
114.2329 	Level WAIT 	25
115.2142 	DATA 	Keypress: o
115.2174 	Level RINSE 	25
117.2185 	DATA 	Keypress: o
117.2337 	Level jitter 	25
121.2118 	Level finished 	25
121.2132 	DATA 	Keypress: o
121.2144 	DATA 	Keypress: o
121.2294 	Level image=waterlogo.jpg 	25
122.2186 	Level injecting via pump at address 0 	25
128.2174 	DATA 	Keypress: o
128.2186 	DATA 	Keypress: o
128.2196 	DATA 	Keypress: o
128.2265 	Level WAIT 	25
129.2143 	DATA 	Keypress: o
129.2187 	Level RINSE 	25
131.2166 	DATA 	Keypress: o
131.2198 	Level jitter 	25
135.2118 	Level finished 	25
135.2130 	DATA 	Keypress: o
135.2140 	DATA 	Keypress: o
135.2234 	Level image=tasty.jpg 	25
136.2174 	Level injecting via pump at address 1 	25
142.2178 	DATA 	Keypress: o
142.2192 	DATA 	Keypress: o
142.2204 	DATA 	Keypress: o
142.2362 	Level WAIT 	25
143.2142 	DATA 	Keypress: o
143.2209 	Level RINSE 	25
145.2168 	DATA 	Keypress: o
145.2209 	Level jitter 	25
151.2118 	Level finished 	25
151.2133 	DATA 	Keypress: o
151.2145 	DATA 	Keypress: o
151.2155 	DATA 	Keypress: o
151.2232 	Level image=waterlogo.jpg 	25
152.2176 	Level injecting via pump at address 0 	25
158.2172 	DATA 	Keypress: o
158.2185 	DATA 	Keypress: o
158.2196 	DATA 	Keypress: o
158.2227 	Level WAIT 	25
159.2147 	DATA 	Keypress: o
159.2226 	Level RINSE 	25
161.2162 	DATA 	Keypress: o
161.2207 	Level jitter 	25
164.2118 	Level finished 	25
164.2130 	DATA 	Keypress: o
164.2221 	Level image=tasty.jpg 	25
165.2143 	DATA 	Keypress: o
165.2229 	Level injecting via pump at address 1 	25
171.2176 	DATA 	Keypress: o
171.2190 	DATA 	Keypress: o
171.2202 	DATA 	Keypress: o
171.2235 	Level WAIT 	25
172.2243 	Level RINSE 	25
174.2166 	DATA 	Keypress: o
174.2204 	Level jitter 	25
177.2118 	Level finished 	25
177.2131 	DATA 	Keypress: o
177.2140 	DATA 	Keypress: o
177.2241 	Level image=waterlogo.jpg 	25
178.2245 	Level injecting via pump at address 0 	25
184.2178 	DATA 	Keypress: o
184.2191 	DATA 	Keypress: o
184.2203 	DATA 	Keypress: o
184.2252 	Level WAIT 	25
185.2142 	DATA 	Keypress: o
185.2261 	Level RINSE 	25
187.2170 	DATA 	Keypress: o
187.2263 	Level jitter 	25
191.2118 	Level finished 	25
191.2132 	DATA 	Keypress: o
191.2146 	DATA 	Keypress: o
191.2260 	Level image=waterlogo.jpg 	25
192.2253 	Level injecting via pump at address 0 	25
198.2185 	DATA 	Keypress: o
198.2204 	DATA 	Keypress: o
198.2221 	DATA 	Keypress: o
198.2272 	Level WAIT 	25
199.2145 	DATA 	Keypress: o
199.2224 	Level RINSE 	25
201.2169 	DATA 	Keypress: o
201.2277 	Level jitter 	25
206.2118 	Level finished 	25
206.2132 	DATA 	Keypress: o
206.2144 	DATA 	Keypress: o
206.2276 	Level image=tasty.jpg 	25
207.2141 	DATA 	Keypress: o
207.2288 	Level injecting via pump at address 1 	25
213.2176 	DATA 	Keypress: o
213.2188 	DATA 	Keypress: o
213.2200 	DATA 	Keypress: o
213.2296 	Level WAIT 	25
214.2274 	Level RINSE 	25
216.2180 	DATA 	Keypress: o
216.2294 	Level jitter 	25
219.2118 	Level finished 	25
219.2132 	DATA 	Keypress: o
219.2145 	DATA 	Keypress: o
219.2295 	Level image=waterlogo.jpg 	25
220.2286 	Level injecting via pump at address 0 	25
226.2174 	DATA 	Keypress: o
226.2188 	DATA 	Keypress: o
226.2200 	DATA 	Keypress: o
226.2302 	Level WAIT 	25
227.2145 	DATA 	Keypress: o
227.2261 	Level RINSE 	25
229.2172 	DATA 	Keypress: o
229.2311 	Level jitter 	25
237.2118 	Level finished 	25
237.2134 	DATA 	Keypress: o
237.2146 	DATA 	Keypress: o
237.2158 	DATA 	Keypress: o
237.2170 	DATA 	Keypress: o
237.2318 	Level image=tasty.jpg 	25
238.2186 	Level injecting via pump at address 1 	25
244.2170 	DATA 	Keypress: o
244.2182 	DATA 	Keypress: o
244.2192 	DATA 	Keypress: o
244.2328 	Level WAIT 	25
245.2145 	DATA 	Keypress: o
245.2319 	Level RINSE 	25
247.2164 	DATA 	Keypress: o
247.2220 	Level jitter 	25
249.2118 	Level finished 	25
249.2131 	DATA 	Keypress: o
249.2280 	Level image=tasty.jpg 	25
250.2161 	Level injecting via pump at address 1 	25
256.2188 	DATA 	Keypress: o
256.2201 	DATA 	Keypress: o
256.2212 	DATA 	Keypress: o
256.2244 	Level WAIT 	25
257.2146 	DATA 	Keypress: o
257.2184 	Level RINSE 	25
259.2185 	DATA 	Keypress: o
259.2250 	Level jitter 	25
261.2118 	Level finished 	25
261.2131 	DATA 	Keypress: o
261.2315 	Level image=waterlogo.jpg 	25
262.2175 	Level injecting via pump at address 0 	25
268.2169 	DATA 	Keypress: o
268.2182 	DATA 	Keypress: o
268.2195 	DATA 	Keypress: o
268.2283 	Level WAIT 	25
269.2153 	DATA 	Keypress: o
269.2187 	Level RINSE 	25
271.2172 	DATA 	Keypress: o
271.2290 	Level jitter 	25
274.2118 	Level finished 	25
274.2132 	DATA 	Keypress: o
274.2302 	Level image=tasty.jpg 	25
275.2146 	DATA 	Keypress: o
275.2191 	Level injecting via pump at address 1 	25
281.2173 	DATA 	Keypress: o
281.2186 	DATA 	Keypress: o
281.2200 	DATA 	Keypress: o
281.2268 	Level WAIT 	25
282.2206 	Level RINSE 	25
284.2179 	DATA 	Keypress: o
284.2210 	Level jitter 	25
286.2118 	Level finished 	25
286.2130 	DATA 	Keypress: o
286.2207 	Level image=waterlogo.jpg 	25
287.2142 	DATA 	Keypress: o
287.2208 	Level injecting via pump at address 0 	25
293.2175 	DATA 	Keypress: o
293.2192 	DATA 	Keypress: o
293.2206 	DATA 	Keypress: o
293.2315 	Level WAIT 	25
294.2212 	Level RINSE 	25
296.2162 	DATA 	Keypress: o
296.2223 	Level jitter 	25
297.2118 	Level finished 	25
297.2132 	DATA 	Keypress: o
297.2226 	Level image=tasty.jpg 	25
298.2214 	Level injecting via pump at address 1 	25
304.2173 	DATA 	Keypress: o
304.2186 	DATA 	Keypress: o
304.2199 	DATA 	Keypress: o
304.2237 	Level WAIT 	25
305.2146 	DATA 	Keypress: o
305.2179 	Level RINSE 	25
307.2166 	DATA 	Keypress: o
307.2228 	Level jitter 	25
309.2118 	Level finished 	25
309.2133 	DATA 	Keypress: o
309.2229 	Level image=waterlogo.jpg 	25
310.2242 	Level injecting via pump at address 0 	25
316.2177 	DATA 	Keypress: o
316.2190 	DATA 	Keypress: o
316.2200 	DATA 	Keypress: o
316.2246 	Level WAIT 	25
317.2143 	DATA 	Keypress: o
317.2223 	Level RINSE 	25
319.2178 	DATA 	Keypress: o
319.2241 	Level jitter 	25
325.2118 	Level finished 	25
325.2131 	DATA 	Keypress: o
325.2144 	DATA 	Keypress: o
325.2154 	DATA 	Keypress: o
325.2256 	Level image=waterlogo.jpg 	25
326.2258 	Level injecting via pump at address 0 	25
332.2168 	DATA 	Keypress: o
332.2180 	DATA 	Keypress: o
332.2190 	DATA 	Keypress: o
332.2257 	Level WAIT 	25
333.2145 	DATA 	Keypress: o
333.2220 	Level RINSE 	25
335.2171 	DATA 	Keypress: o
335.2264 	Level jitter 	25
338.2118 	Level finished 	25
338.2130 	DATA 	Keypress: o
338.2275 	Level image=tasty.jpg 	25
339.2146 	DATA 	Keypress: o
339.2244 	Level injecting via pump at address 1 	25
345.2174 	DATA 	Keypress: o
345.2185 	DATA 	Keypress: o
345.2196 	DATA 	Keypress: o
345.2259 	Level WAIT 	25
346.2206 	Level RINSE 	25
348.2170 	DATA 	Keypress: o
348.2271 	Level jitter 	25
356.2118 	Level finished 	25
356.2132 	DATA 	Keypress: o
356.2144 	DATA 	Keypress: o
356.2154 	DATA 	Keypress: o
356.2164 	DATA 	Keypress: o
356.2292 	Level image=waterlogo.jpg 	25
357.2144 	DATA 	Keypress: o
357.2292 	Level injecting via pump at address 0 	25
363.2175 	DATA 	Keypress: o
363.2188 	DATA 	Keypress: o
363.2199 	DATA 	Keypress: o
363.2298 	Level WAIT 	25
364.2265 	Level RINSE 	25
366.2161 	DATA 	Keypress: o
366.2296 	Level jitter 	25
371.2118 	Level finished 	25
371.2132 	DATA 	Keypress: o
371.2147 	DATA 	Keypress: o
371.2159 	DATA 	Keypress: o
371.2231 	Level image=tasty.jpg 	25
372.2187 	Level injecting via pump at address 1 	25
378.2173 	DATA 	Keypress: o
378.2186 	DATA 	Keypress: o
378.2197 	DATA 	Keypress: o
378.2315 	Level WAIT 	25
379.2147 	DATA 	Keypress: o
379.2312 	Level RINSE 	25
381.2172 	DATA 	Keypress: o
381.2218 	Level jitter 	25
385.2118 	Level finished 	25
385.2133 	DATA 	Keypress: o
385.2145 	DATA 	Keypress: o
385.2326 	Level image=waterlogo.jpg 	25
386.2162 	Level injecting via pump at address 0 	25
392.2178 	DATA 	Keypress: o
392.2190 	DATA 	Keypress: o
392.2202 	DATA 	Keypress: o
392.2307 	Level WAIT 	25
393.2142 	DATA 	Keypress: o
393.2250 	Level RINSE 	25
395.2162 	DATA 	Keypress: o
395.2313 	Level jitter 	25
400.2118 	Level finished 	25
400.2134 	DATA 	Keypress: o
400.2146 	DATA 	Keypress: o
400.2221 	Level image=tasty.jpg 	25
401.2148 	DATA 	Keypress: o
401.2333 	Level injecting via pump at address 1 	25
407.2170 	DATA 	Keypress: o
407.2182 	DATA 	Keypress: o
407.2193 	DATA 	Keypress: o
407.2349 	Level WAIT 	25
408.2186 	Level RINSE 	25
410.2161 	DATA 	Keypress: o
410.2193 	Level jitter 	25
419.2118 	Level finished 	25
419.2133 	DATA 	Keypress: o
419.2148 	DATA 	Keypress: o
419.2161 	DATA 	Keypress: o
419.2173 	DATA 	Keypress: o
419.2185 	DATA 	Keypress: o
419.2365 	Level image=waterlogo.jpg 	25
420.2170 	Level injecting via pump at address 0 	25
426.2174 	DATA 	Keypress: o
426.2186 	DATA 	Keypress: o
426.2196 	DATA 	Keypress: o
426.2365 	Level WAIT 	25
427.2147 	DATA 	Keypress: o
427.2203 	Level RINSE 	25
429.2167 	DATA 	Keypress: o
429.2213 	Level jitter 	25
438.2118 	Level finished 	25
438.2133 	DATA 	Keypress: o
438.2146 	DATA 	Keypress: o
438.2161 	DATA 	Keypress: o
438.2173 	DATA 	Keypress: o
438.2388 	Level image=tasty.jpg 	25
439.2144 	DATA 	Keypress: o
439.2193 	Level injecting via pump at address 1 	25
445.2178 	DATA 	Keypress: o
445.2194 	DATA 	Keypress: o
445.2207 	DATA 	Keypress: o
445.2374 	Level WAIT 	25
446.2224 	Level RINSE 	25
448.2179 	DATA 	Keypress: o
448.2213 	Level jitter 	25
452.2118 	Level finished 	25
452.2132 	DATA 	Keypress: o
452.2148 	DATA 	Keypress: o
452.2241 	Level image=tasty.jpg 	25
453.2147 	DATA 	Keypress: o
453.2241 	Level injecting via pump at address 1 	25
459.2179 	DATA 	Keypress: o
459.2195 	DATA 	Keypress: o
459.2207 	DATA 	Keypress: o
459.2240 	Level WAIT 	25
460.2249 	Level RINSE 	25
462.2167 	DATA 	Keypress: o
462.2251 	Level jitter 	25
465.2118 	Level finished 	25
465.2132 	DATA 	Keypress: o
465.2144 	DATA 	Keypress: o
465.2251 	Level image=waterlogo.jpg 	25
466.2253 	Level injecting via pump at address 0 	25
472.2181 	DATA 	Keypress: o
472.2195 	DATA 	Keypress: o
472.2207 	DATA 	Keypress: o
472.2268 	Level WAIT 	25
473.2142 	DATA 	Keypress: o
473.2247 	Level RINSE 	25
475.2173 	DATA 	Keypress: o
475.2257 	Level jitter 	25
476.2118 	Level finished 	25
476.2252 	Level image=tasty.jpg 	25
477.2143 	DATA 	Keypress: o
477.2200 	Level injecting via pump at address 1 	25
483.2175 	DATA 	Keypress: o
483.2187 	DATA 	Keypress: o
483.2199 	DATA 	Keypress: o
483.2276 	Level WAIT 	25
484.2163 	Level RINSE 	25
486.2171 	DATA 	Keypress: o
486.2223 	Level jitter 	25
493.2118 	Level finished 	25
493.2132 	DATA 	Keypress: o
493.2145 	DATA 	Keypress: o
493.2155 	DATA 	Keypress: o
493.2166 	DATA 	Keypress: o
493.2290 	Level image=waterlogo.jpg 	25
494.2288 	Level injecting via pump at address 0 	25
500.2180 	DATA 	Keypress: o
500.2193 	DATA 	Keypress: o
500.2205 	DATA 	Keypress: o
500.2294 	Level WAIT 	25
501.2150 	DATA 	Keypress: o
501.2276 	Level RINSE 	25
503.2195 	DATA 	Keypress: o
503.2296 	Level jitter 	25
504.2118 	Level finished 	25
504.2293 	Level image=tasty.jpg 	25
505.2146 	DATA 	Keypress: o
505.2236 	Level injecting via pump at address 1 	25
511.2169 	DATA 	Keypress: o
511.2181 	DATA 	Keypress: o
511.2192 	DATA 	Keypress: o
511.2256 	Level WAIT 	25
512.2206 	Level RINSE 	25
514.2160 	DATA 	Keypress: o
514.2270 	Level jitter 	25
520.2118 	Level finished 	25
