86.8131 	DATA 	Keypress: o
86.8139 	Level start key press 	25
88.8216 	DATA 	Keypress: o
90.8217 	DATA 	Keypress: o
92.8218 	DATA 	Keypress: o
94.8220 	DATA 	Keypress: o
95.1862 	Level image=waterlogo.jpg 	25
96.1201 	Level injecting via pump at address 0 	25
102.1086 	DATA 	Keypress: o
102.1101 	DATA 	Keypress: o
102.1114 	DATA 	Keypress: o
102.1200 	Level WAIT 	25
103.1053 	DATA 	Keypress: o
103.1201 	Level RINSE 	25
105.1163 	DATA 	Keypress: o
105.1369 	Level jitter 	25
112.1028 	Level finished 	25
112.1040 	DATA 	Keypress: o
112.1050 	DATA 	Keypress: o
112.1060 	DATA 	Keypress: o
112.1212 	Level image=tasty.jpg 	25
113.1057 	DATA 	Keypress: o
113.1208 	Level injecting via pump at address 0 	25
119.1082 	DATA 	Keypress: o
119.1095 	DATA 	Keypress: o
119.1107 	DATA 	Keypress: o
119.1212 	Level WAIT 	25
120.1212 	Level RINSE 	25
122.1077 	DATA 	Keypress: o
122.1218 	Level jitter 	25
126.1028 	Level finished 	25
126.1047 	DATA 	Keypress: o
126.1063 	DATA 	Keypress: o
126.1384 	Level image=tasty.jpg 	25
127.1054 	DATA 	Keypress: o
127.1218 	Level injecting via pump at address 1 	25
133.1088 	DATA 	Keypress: o
133.1101 	DATA 	Keypress: o
133.1114 	DATA 	Keypress: o
133.1392 	Level WAIT 	25
134.1222 	Level RINSE 	25
136.1079 	DATA 	Keypress: o
136.1390 	Level jitter 	25
137.1028 	Level finished 	25
137.1041 	DATA 	Keypress: o
137.1225 	Level image=tasty.jpg 	25
138.1226 	Level injecting via pump at address 0 	25
144.1093 	DATA 	Keypress: o
144.1108 	DATA 	Keypress: o
144.1121 	DATA 	Keypress: o
144.1233 	Level WAIT 	25
145.1058 	DATA 	Keypress: o
145.1230 	Level RINSE 	25
147.1080 	DATA 	Keypress: o
147.1231 	Level jitter 	25
155.1028 	Level finished 	25
155.1041 	DATA 	Keypress: o
155.1052 	DATA 	Keypress: o
155.1062 	DATA 	Keypress: o
155.1072 	DATA 	Keypress: o
155.1409 	Level image=waterlogo.jpg 	25
156.1238 	Level injecting via pump at address 0 	25
162.1089 	DATA 	Keypress: o
162.1103 	DATA 	Keypress: o
162.1116 	DATA 	Keypress: o
162.1241 	Level WAIT 	25
163.1057 	DATA 	Keypress: o
163.1243 	Level RINSE 	25
165.1077 	DATA 	Keypress: o
165.1248 	Level jitter 	25
173.1028 	Level finished 	25
173.1042 	DATA 	Keypress: o
173.1053 	DATA 	Keypress: o
173.1063 	DATA 	Keypress: o
173.1072 	DATA 	Keypress: o
173.1417 	Level image=waterlogo.jpg 	25
174.1084 	Level injecting via pump at address 0 	25
180.1084 	DATA 	Keypress: o
180.1099 	DATA 	Keypress: o
180.1109 	DATA 	Keypress: o
180.1258 	Level WAIT 	25
181.1053 	DATA 	Keypress: o
181.1256 	Level RINSE 	25
183.1089 	DATA 	Keypress: o
183.1422 	Level jitter 	25
189.1028 	Level finished 	25
189.1041 	DATA 	Keypress: o
189.1054 	DATA 	Keypress: o
189.1066 	DATA 	Keypress: o
189.1427 	Level image=tasty.jpg 	25
190.1100 	Level injecting via pump at address 1 	25
196.1086 	DATA 	Keypress: o
196.1101 	DATA 	Keypress: o
196.1114 	DATA 	Keypress: o
196.1266 	Level WAIT 	25
197.1057 	DATA 	Keypress: o
197.1267 	Level RINSE 	25
199.1080 	DATA 	Keypress: o
199.1267 	Level jitter 	25
201.1028 	Level finished 	25
201.1043 	DATA 	Keypress: o
201.1273 	Level image=tasty.jpg 	25
202.1103 	Level injecting via pump at address 0 	25
208.1089 	DATA 	Keypress: o
208.1102 	DATA 	Keypress: o
208.1115 	DATA 	Keypress: o
208.1439 	Level WAIT 	25
209.1055 	DATA 	Keypress: o
209.1275 	Level RINSE 	25
211.1082 	DATA 	Keypress: o
211.1280 	Level jitter 	25
217.1028 	Level finished 	25
217.1041 	DATA 	Keypress: o
217.1053 	DATA 	Keypress: o
217.1066 	DATA 	Keypress: o
217.1447 	Level image=waterlogo.jpg 	25
218.1114 	Level injecting via pump at address 0 	25
224.1091 	DATA 	Keypress: o
224.1104 	DATA 	Keypress: o
224.1116 	DATA 	Keypress: o
224.1289 	Level WAIT 	25
225.1057 	DATA 	Keypress: o
225.1286 	Level RINSE 	25
227.1076 	DATA 	Keypress: o
227.1120 	Level jitter 	25
229.1028 	Level finished 	25
229.1040 	DATA 	Keypress: o
229.1288 	Level image=waterlogo.jpg 	25
230.1122 	Level injecting via pump at address 0 	25
236.1087 	DATA 	Keypress: o
236.1101 	DATA 	Keypress: o
236.1114 	DATA 	Keypress: o
236.1297 	Level WAIT 	25
237.1056 	DATA 	Keypress: o
237.1127 	Level RINSE 	25
239.1077 	DATA 	Keypress: o
239.1295 	Level jitter 	25
248.1028 	Level finished 	25
248.1043 	DATA 	Keypress: o
248.1056 	DATA 	Keypress: o
248.1068 	DATA 	Keypress: o
248.1077 	DATA 	Keypress: o
248.1306 	Level image=tasty.jpg 	25
249.1054 	DATA 	Keypress: o
249.1137 	Level injecting via pump at address 1 	25
255.1089 	DATA 	Keypress: o
255.1109 	DATA 	Keypress: o
255.1123 	DATA 	Keypress: o
255.1306 	Level WAIT 	25
256.1139 	Level RINSE 	25
258.1083 	DATA 	Keypress: o
258.1312 	Level jitter 	25
265.1028 	Level finished 	25
265.1042 	DATA 	Keypress: o
265.1056 	DATA 	Keypress: o
265.1068 	DATA 	Keypress: o
265.1081 	DATA 	Keypress: o
265.1313 	Level image=tasty.jpg 	25
266.1314 	Level injecting via pump at address 0 	25
272.1084 	DATA 	Keypress: o
272.1096 	DATA 	Keypress: o
272.1107 	DATA 	Keypress: o
272.1322 	Level WAIT 	25
273.1057 	DATA 	Keypress: o
273.1319 	Level RINSE 	25
275.1084 	DATA 	Keypress: o
275.1319 	Level jitter 	25
282.1028 	Level finished 	25
282.1043 	DATA 	Keypress: o
282.1057 	DATA 	Keypress: o
282.1069 	DATA 	Keypress: o
282.1330 	Level image=waterlogo.jpg 	25
283.1059 	DATA 	Keypress: o
283.1158 	Level injecting via pump at address 0 	25
289.1083 	DATA 	Keypress: o
289.1096 	DATA 	Keypress: o
289.1108 	DATA 	Keypress: o
289.1329 	Level WAIT 	25
290.1164 	Level RINSE 	25
292.1074 	DATA 	Keypress: o
292.1335 	Level jitter 	25
297.1028 	Level finished 	25
297.1044 	DATA 	Keypress: o
297.1059 	DATA 	Keypress: o
297.1072 	DATA 	Keypress: o
297.1336 	Level image=tasty.jpg 	25
298.1337 	Level injecting via pump at address 0 	25
304.1093 	DATA 	Keypress: o
304.1106 	DATA 	Keypress: o
304.1116 	DATA 	Keypress: o
304.1343 	Level WAIT 	25
305.1053 	DATA 	Keypress: o
305.1174 	Level RINSE 	25
307.1082 	DATA 	Keypress: o
307.1341 	Level jitter 	25
308.1028 	Level finished 	25
308.1176 	Level image=tasty.jpg 	25
309.1052 	DATA 	Keypress: o
309.1177 	Level injecting via pump at address 1 	25
315.1083 	DATA 	Keypress: o
315.1096 	DATA 	Keypress: o
315.1109 	DATA 	Keypress: o
315.1184 	Level WAIT 	25
316.1181 	Level RINSE 	25
318.1082 	DATA 	Keypress: o
318.1182 	Level jitter 	25
321.1028 	Level finished 	25
321.1042 	DATA 	Keypress: o
321.1055 	DATA 	Keypress: o
321.1186 	Level image=tasty.jpg 	25
322.1187 	Level injecting via pump at address 0 	25
328.1084 	DATA 	Keypress: o
328.1098 	DATA 	Keypress: o
328.1109 	DATA 	Keypress: o
328.1360 	Level WAIT 	25
329.1053 	DATA 	Keypress: o
329.1190 	Level RINSE 	25
331.1084 	DATA 	Keypress: o
331.1191 	Level jitter 	25
333.1028 	Level finished 	25
333.1044 	DATA 	Keypress: o
333.1193 	Level image=tasty.jpg 	25
334.1195 	Level injecting via pump at address 1 	25
340.1077 	DATA 	Keypress: o
340.1089 	DATA 	Keypress: o
340.1099 	DATA 	Keypress: o
340.1202 	Level WAIT 	25
341.1057 	DATA 	Keypress: o
341.1199 	Level RINSE 	25
343.1088 	DATA 	Keypress: o
343.1199 	Level jitter 	25
345.1028 	Level finished 	25
345.1041 	DATA 	Keypress: o
345.1368 	Level image=tasty.jpg 	25
346.1202 	Level injecting via pump at address 0 	25
352.1089 	DATA 	Keypress: o
352.1103 	DATA 	Keypress: o
352.1116 	DATA 	Keypress: o
352.1211 	Level WAIT 	25
353.1053 	DATA 	Keypress: o
353.1207 	Level RINSE 	25
355.1088 	DATA 	Keypress: o
355.1208 	Level jitter 	25
356.1028 	Level finished 	25
356.1209 	Level image=waterlogo.jpg 	25
357.1052 	DATA 	Keypress: o
357.1209 	Level injecting via pump at address 0 	25
363.1087 	DATA 	Keypress: o
363.1098 	DATA 	Keypress: o
363.1108 	DATA 	Keypress: o
363.1384 	Level WAIT 	25
364.1381 	Level RINSE 	25
366.1082 	DATA 	Keypress: o
366.1216 	Level jitter 	25
372.1028 	Level finished 	25
372.1042 	DATA 	Keypress: o
372.1056 	DATA 	Keypress: o
372.1068 	DATA 	Keypress: o
372.1220 	Level image=tasty.jpg 	25
373.1060 	DATA 	Keypress: o
373.1225 	Level injecting via pump at address 1 	25
379.1083 	DATA 	Keypress: o
379.1096 	DATA 	Keypress: o
379.1107 	DATA 	Keypress: o
379.1391 	Level WAIT 	25
380.1226 	Level RINSE 	25
382.1085 	DATA 	Keypress: o
382.1226 	Level jitter 	25
385.1028 	Level finished 	25
385.1042 	DATA 	Keypress: o
385.1056 	DATA 	Keypress: o
385.1401 	Level image=tasty.jpg 	25
386.1063 	Level injecting via pump at address 0 	25
392.1085 	DATA 	Keypress: o
392.1098 	DATA 	Keypress: o
392.1110 	DATA 	Keypress: o
392.1400 	Level WAIT 	25
393.1059 	DATA 	Keypress: o
393.1235 	Level RINSE 	25
395.1083 	DATA 	Keypress: o
395.1407 	Level jitter 	25
397.1028 	Level finished 	25
397.1040 	DATA 	Keypress: o
397.1237 	Level image=tasty.jpg 	25
398.1238 	Level injecting via pump at address 1 	25
404.1088 	DATA 	Keypress: o
404.1102 	DATA 	Keypress: o
404.1114 	DATA 	Keypress: o
404.1409 	Level WAIT 	25
405.1053 	DATA 	Keypress: o
405.1248 	Level RINSE 	25
407.1080 	DATA 	Keypress: o
407.1244 	Level jitter 	25
411.1028 	Level finished 	25
411.1041 	DATA 	Keypress: o
411.1053 	DATA 	Keypress: o
411.1248 	Level image=tasty.jpg 	25
412.1248 	Level injecting via pump at address 0 	25
418.1080 	DATA 	Keypress: o
418.1093 	DATA 	Keypress: o
418.1103 	DATA 	Keypress: o
418.1255 	Level WAIT 	25
419.1053 	DATA 	Keypress: o
419.1253 	Level RINSE 	25
421.1082 	DATA 	Keypress: o
421.1254 	Level jitter 	25
428.1028 	Level finished 	25
428.1043 	DATA 	Keypress: o
428.1057 	DATA 	Keypress: o
428.1069 	DATA 	Keypress: o
428.1263 	Level image=tasty.jpg 	25
429.1053 	DATA 	Keypress: o
429.1260 	Level injecting via pump at address 0 	25
435.1090 	DATA 	Keypress: o
435.1103 	DATA 	Keypress: o
435.1116 	DATA 	Keypress: o
435.1263 	Level WAIT 	25
436.1098 	Level RINSE 	25
438.1075 	DATA 	Keypress: o
438.1270 	Level jitter 	25
442.1028 	Level finished 	25
