113.9040 	DATA 	Keypress: o
113.9047 	Level start key press 	25
115.9183 	DATA 	Keypress: o
117.9183 	DATA 	Keypress: o
119.9185 	DATA 	Keypress: o
121.9188 	DATA 	Keypress: o
122.4333 	Level image=waterlogo.jpg 	25
123.3505 	Level injecting via pump at address 0 	25
129.3222 	DATA 	Keypress: o
129.3235 	DATA 	Keypress: o
129.3247 	DATA 	Keypress: o
129.3506 	Level WAIT 	25
130.3190 	DATA 	Keypress: o
130.3342 	Level RINSE 	25
132.3298 	DATA 	Keypress: o
132.3510 	Level jitter 	25
138.3166 	Level finished 	25
138.3177 	DATA 	Keypress: o
138.3187 	DATA 	Keypress: o
138.3196 	DATA 	Keypress: o
138.3522 	Level image=tasty.jpg 	25
139.3353 	Level injecting via pump at address 1 	25
145.3210 	DATA 	Keypress: o
145.3220 	DATA 	Keypress: o
145.3230 	DATA 	Keypress: o
145.3359 	Level WAIT 	25
146.3190 	DATA 	Keypress: o
146.3361 	Level RINSE 	25
148.3216 	DATA 	Keypress: o
148.3534 	Level jitter 	25
154.3166 	Level finished 	25
154.3180 	DATA 	Keypress: o
154.3192 	DATA 	Keypress: o
154.3204 	DATA 	Keypress: o
154.3538 	Level image=tasty.jpg 	25
155.3371 	Level injecting via pump at address 1 	25
161.3210 	DATA 	Keypress: o
161.3222 	DATA 	Keypress: o
161.3233 	DATA 	Keypress: o
161.3381 	Level WAIT 	25
162.3191 	DATA 	Keypress: o
162.3380 	Level RINSE 	25
164.3215 	DATA 	Keypress: o
164.3382 	Level jitter 	25
166.3166 	Level finished 	25
166.3177 	DATA 	Keypress: o
166.3384 	Level image=waterlogo.jpg 	25
167.3219 	Level injecting via pump at address 0 	25
173.3222 	DATA 	Keypress: o
173.3235 	DATA 	Keypress: o
173.3247 	DATA 	Keypress: o
173.3562 	Level WAIT 	25
174.3192 	DATA 	Keypress: o
174.3393 	Level RINSE 	25
176.3212 	DATA 	Keypress: o
176.3396 	Level jitter 	25
182.3166 	Level finished 	25
182.3178 	DATA 	Keypress: o
182.3187 	DATA 	Keypress: o
182.3198 	DATA 	Keypress: o
182.3570 	Level image=tasty.jpg 	25
183.3241 	Level injecting via pump at address 1 	25
189.3218 	DATA 	Keypress: o
189.3230 	DATA 	Keypress: o
189.3243 	DATA 	Keypress: o
189.3411 	Level WAIT 	25
190.3191 	DATA 	Keypress: o
190.3412 	Level RINSE 	25
192.3216 	DATA 	Keypress: o
192.3247 	Level jitter 	25
197.3166 	Level finished 	25
197.3179 	DATA 	Keypress: o
197.3189 	DATA 	Keypress: o
197.3424 	Level image=waterlogo.jpg 	25
198.3189 	DATA 	Keypress: o
198.3422 	Level injecting via pump at address 0 	25
204.3218 	DATA 	Keypress: o
204.3229 	DATA 	Keypress: o
204.3241 	DATA 	Keypress: o
204.3429 	Level WAIT 	25
205.3263 	Level RINSE 	25
207.3217 	DATA 	Keypress: o
207.3436 	Level jitter 	25
212.3166 	Level finished 	25
212.3180 	DATA 	Keypress: o
212.3193 	DATA 	Keypress: o
212.3205 	DATA 	Keypress: o
212.3438 	Level image=tasty.jpg 	25
213.3439 	Level injecting via pump at address 1 	25
219.3218 	DATA 	Keypress: o
219.3228 	DATA 	Keypress: o
219.3237 	DATA 	Keypress: o
219.3450 	Level WAIT 	25
220.3194 	DATA 	Keypress: o
220.3281 	Level RINSE 	25
222.3218 	DATA 	Keypress: o
222.3450 	Level jitter 	25
228.3166 	Level finished 	25
228.3178 	DATA 	Keypress: o
228.3189 	DATA 	Keypress: o
228.3201 	DATA 	Keypress: o
228.3456 	Level image=waterlogo.jpg 	25
229.3462 	Level injecting via pump at address 0 	25
235.3217 	DATA 	Keypress: o
235.3229 	DATA 	Keypress: o
235.3239 	DATA 	Keypress: o
235.3465 	Level WAIT 	25
236.3191 	DATA 	Keypress: o
236.3299 	Level RINSE 	25
238.3214 	DATA 	Keypress: o
238.3468 	Level jitter 	25
241.3166 	Level finished 	25
241.3179 	DATA 	Keypress: o
241.3476 	Level image=tasty.jpg 	25
242.3192 	DATA 	Keypress: o
242.3307 	Level injecting via pump at address 1 	25
248.3232 	DATA 	Keypress: o
248.3245 	DATA 	Keypress: o
248.3256 	DATA 	Keypress: o
248.3312 	Level WAIT 	25
249.3314 	Level RINSE 	25
251.3218 	DATA 	Keypress: o
251.3487 	Level jitter 	25
259.3166 	Level finished 	25
259.3178 	DATA 	Keypress: o
259.3188 	DATA 	Keypress: o
259.3197 	DATA 	Keypress: o
259.3206 	DATA 	Keypress: o
259.3493 	Level image=waterlogo.jpg 	25
260.3190 	DATA 	Keypress: o
260.3494 	Level injecting via pump at address 0 	25
266.3209 	DATA 	Keypress: o
266.3223 	DATA 	Keypress: o
266.3234 	DATA 	Keypress: o
266.3505 	Level WAIT 	25
267.3335 	Level RINSE 	25
269.3218 	DATA 	Keypress: o
269.3504 	Level jitter 	25
271.3166 	Level finished 	25
271.3176 	DATA 	Keypress: o
271.3340 	Level image=tasty.jpg 	25
272.3192 	DATA 	Keypress: o
272.3342 	Level injecting via pump at address 1 	25
278.3210 	DATA 	Keypress: o
278.3220 	DATA 	Keypress: o
278.3231 	DATA 	Keypress: o
278.3519 	Level WAIT 	25
279.3349 	Level RINSE 	25
281.3221 	DATA 	Keypress: o
281.3351 	Level jitter 	25
290.3166 	Level finished 	25
290.3178 	DATA 	Keypress: o
290.3188 	DATA 	Keypress: o
290.3198 	DATA 	Keypress: o
290.3207 	DATA 	Keypress: o
290.3217 	DATA 	Keypress: o
290.3367 	Level image=waterlogo.jpg 	25
291.3363 	Level injecting via pump at address 0 	25
297.3211 	DATA 	Keypress: o
297.3221 	DATA 	Keypress: o
297.3232 	DATA 	Keypress: o
297.3370 	Level WAIT 	25
298.3191 	DATA 	Keypress: o
298.3371 	Level RINSE 	25
300.3216 	DATA 	Keypress: o
300.3378 	Level jitter 	25
302.3166 	Level finished 	25
302.3177 	DATA 	Keypress: o
302.3377 	Level image=tasty.jpg 	25
303.3379 	Level injecting via pump at address 1 	25
309.3212 	DATA 	Keypress: o
309.3221 	DATA 	Keypress: o
309.3230 	DATA 	Keypress: o
309.3384 	Level WAIT 	25
310.3188 	DATA 	Keypress: o
310.3389 	Level RINSE 	25
312.3221 	DATA 	Keypress: o
312.3388 	Level jitter 	25
315.3166 	Level finished 	25
315.3177 	DATA 	Keypress: o
315.3392 	Level image=waterlogo.jpg 	25
316.3192 	DATA 	Keypress: o
316.3393 	Level injecting via pump at address 0 	25
322.3225 	DATA 	Keypress: o
322.3239 	DATA 	Keypress: o
322.3251 	DATA 	Keypress: o
322.3403 	Level WAIT 	25
323.3234 	Level RINSE 	25
325.3219 	DATA 	Keypress: o
325.3403 	Level jitter 	25
329.3166 	Level finished 	25
329.3177 	DATA 	Keypress: o
329.3188 	DATA 	Keypress: o
329.3408 	Level image=tasty.jpg 	25
330.3193 	DATA 	Keypress: o
330.3409 	Level injecting via pump at address 1 	25
336.3219 	DATA 	Keypress: o
336.3231 	DATA 	Keypress: o
336.3243 	DATA 	Keypress: o
336.3420 	Level WAIT 	25
337.3417 	Level RINSE 	25
339.3216 	DATA 	Keypress: o
339.3419 	Level jitter 	25
340.3166 	Level finished 	25
340.3178 	DATA 	Keypress: o
340.3421 	Level image=waterlogo.jpg 	25
341.3422 	Level injecting via pump at address 0 	25
347.3212 	DATA 	Keypress: o
347.3222 	DATA 	Keypress: o
347.3232 	DATA 	Keypress: o
347.3434 	Level WAIT 	25
348.3194 	DATA 	Keypress: o
348.3263 	Level RINSE 	25
350.3214 	DATA 	Keypress: o
350.3432 	Level jitter 	25
353.3166 	Level finished 	25
353.3177 	DATA 	Keypress: o
353.3436 	Level image=tasty.jpg 	25
354.3190 	DATA 	Keypress: o
354.3437 	Level injecting via pump at address 1 	25
360.3209 	DATA 	Keypress: o
360.3219 	DATA 	Keypress: o
360.3229 	DATA 	Keypress: o
360.3448 	Level WAIT 	25
361.3278 	Level RINSE 	25
363.3215 	DATA 	Keypress: o
363.3448 	Level jitter 	25
371.3166 	Level finished 	25
371.3179 	DATA 	Keypress: o
371.3191 	DATA 	Keypress: o
371.3201 	DATA 	Keypress: o
371.3210 	DATA 	Keypress: o
371.3461 	Level image=tasty.jpg 	25
372.3188 	DATA 	Keypress: o
372.3458 	Level injecting via pump at address 1 	25
378.3210 	DATA 	Keypress: o
378.3221 	DATA 	Keypress: o
378.3230 	DATA 	Keypress: o
378.3464 	Level WAIT 	25
379.3466 	Level RINSE 	25
381.3209 	DATA 	Keypress: o
381.3472 	Level jitter 	25
385.3166 	Level finished 	25
385.3181 	DATA 	Keypress: o
385.3194 	DATA 	Keypress: o
385.3473 	Level image=waterlogo.jpg 	25
386.3194 	DATA 	Keypress: o
386.3309 	Level injecting via pump at address 0 	25
392.3215 	DATA 	Keypress: o
392.3225 	DATA 	Keypress: o
392.3234 	DATA 	Keypress: o
392.3318 	Level WAIT 	25
393.3315 	Level RINSE 	25
395.3212 	DATA 	Keypress: o
395.3318 	Level jitter 	25
398.3166 	Level finished 	25
398.3177 	DATA 	Keypress: o
398.3187 	DATA 	Keypress: o
398.3322 	Level image=tasty.jpg 	25
399.3324 	Level injecting via pump at address 1 	25
405.3213 	DATA 	Keypress: o
405.3223 	DATA 	Keypress: o
405.3233 	DATA 	Keypress: o
405.3333 	Level WAIT 	25
406.3189 	DATA 	Keypress: o
406.3331 	Level RINSE 	25
408.3211 	DATA 	Keypress: o
408.3333 	Level jitter 	25
413.3166 	Level finished 	25
413.3177 	DATA 	Keypress: o
413.3187 	DATA 	Keypress: o
413.3506 	Level image=waterlogo.jpg 	25
414.3199 	DATA 	Keypress: o
414.3341 	Level injecting via pump at address 0 	25
420.3216 	DATA 	Keypress: o
420.3226 	DATA 	Keypress: o
420.3235 	DATA 	Keypress: o
420.3351 	Level WAIT 	25
421.3348 	Level RINSE 	25
423.3213 	DATA 	Keypress: o
423.3351 	Level jitter 	25
428.3166 	Level finished 	25
428.3178 	DATA 	Keypress: o
428.3189 	DATA 	Keypress: o
428.3198 	DATA 	Keypress: o
428.3523 	Level image=waterlogo.jpg 	25
429.3191 	Level injecting via pump at address 0 	25
435.3220 	DATA 	Keypress: o
435.3232 	DATA 	Keypress: o
435.3244 	DATA 	Keypress: o
435.3535 	Level WAIT 	25
436.3189 	DATA 	Keypress: o
436.3365 	Level RINSE 	25
438.3208 	DATA 	Keypress: o
438.3534 	Level jitter 	25
447.3166 	Level finished 	25
447.3178 	DATA 	Keypress: o
447.3188 	DATA 	Keypress: o
447.3197 	DATA 	Keypress: o
447.3206 	DATA 	Keypress: o
447.3550 	Level image=tasty.jpg 	25
448.3195 	DATA 	Keypress: o
448.3380 	Level injecting via pump at address 1 	25
454.3219 	DATA 	Keypress: o
454.3232 	DATA 	Keypress: o
454.3242 	DATA 	Keypress: o
454.3387 	Level WAIT 	25
455.3389 	Level RINSE 	25
457.3242 	DATA 	Keypress: o
457.3561 	Level jitter 	25
459.3166 	Level finished 	25
459.3176 	DATA 	Keypress: o
459.3393 	Level image=waterlogo.jpg 	25
460.3190 	DATA 	Keypress: o
460.3394 	Level injecting via pump at address 0 	25
466.3219 	DATA 	Keypress: o
466.3230 	DATA 	Keypress: o
466.3240 	DATA 	Keypress: o
466.3401 	Level WAIT 	25
467.3240 	Level RINSE 	25
469.3221 	DATA 	Keypress: o
469.3404 	Level jitter 	25
472.3166 	Level finished 	25
472.3179 	DATA 	Keypress: o
472.3191 	DATA 	Keypress: o
472.3409 	Level image=waterlogo.jpg 	25
473.3243 	Level injecting via pump at address 0 	25
479.3218 	DATA 	Keypress: o
479.3230 	DATA 	Keypress: o
479.3240 	DATA 	Keypress: o
479.3419 	Level WAIT 	25
480.3189 	DATA 	Keypress: o
480.3417 	Level RINSE 	25
482.3214 	DATA 	Keypress: o
482.3419 	Level jitter 	25
487.3166 	Level finished 	25
487.3177 	DATA 	Keypress: o
487.3187 	DATA 	Keypress: o
487.3427 	Level image=tasty.jpg 	25
488.3192 	DATA 	Keypress: o
488.3428 	Level injecting via pump at address 1 	25
494.3217 	DATA 	Keypress: o
494.3228 	DATA 	Keypress: o
494.3237 	DATA 	Keypress: o
494.3437 	Level WAIT 	25
495.3269 	Level RINSE 	25
497.3221 	DATA 	Keypress: o
497.3437 	Level jitter 	25
499.3166 	Level finished 	25
499.3179 	DATA 	Keypress: o
499.3440 	Level image=tasty.jpg 	25
500.3189 	DATA 	Keypress: o
500.3442 	Level injecting via pump at address 1 	25
506.3219 	DATA 	Keypress: o
506.3231 	DATA 	Keypress: o
506.3242 	DATA 	Keypress: o
506.3451 	Level WAIT 	25
507.3282 	Level RINSE 	25
509.3218 	DATA 	Keypress: o
509.3451 	Level jitter 	25
516.3166 	Level finished 	25
516.3177 	DATA 	Keypress: o
516.3189 	DATA 	Keypress: o
516.3200 	DATA 	Keypress: o
516.3211 	DATA 	Keypress: o
516.3464 	Level image=waterlogo.jpg 	25
517.3294 	Level injecting via pump at address 0 	25
523.3219 	DATA 	Keypress: o
523.3231 	DATA 	Keypress: o
523.3243 	DATA 	Keypress: o
523.3301 	Level WAIT 	25
524.3194 	DATA 	Keypress: o
524.3302 	Level RINSE 	25
526.3209 	DATA 	Keypress: o
526.3309 	Level jitter 	25
529.3166 	Level finished 	25
529.3178 	DATA 	Keypress: o
529.3308 	Level image=tasty.jpg 	25
530.3194 	DATA 	Keypress: o
530.3309 	Level injecting via pump at address 1 	25
536.3221 	DATA 	Keypress: o
536.3231 	DATA 	Keypress: o
536.3241 	DATA 	Keypress: o
536.3321 	Level WAIT 	25
537.3318 	Level RINSE 	25
539.3214 	DATA 	Keypress: o
539.3320 	Level jitter 	25
541.3166 	Level finished 	25
541.3177 	DATA 	Keypress: o
541.3489 	Level image=waterlogo.jpg 	25
542.3193 	DATA 	Keypress: o
542.3324 	Level injecting via pump at address 0 	25
548.3219 	DATA 	Keypress: o
548.3231 	DATA 	Keypress: o
548.3243 	DATA 	Keypress: o
548.3333 	Level WAIT 	25
549.3331 	Level RINSE 	25
551.3212 	DATA 	Keypress: o
551.3334 	Level jitter 	25
559.3166 	Level finished 	25
559.3180 	DATA 	Keypress: o
559.3191 	DATA 	Keypress: o
559.3202 	DATA 	Keypress: o
559.3211 	DATA 	Keypress: o
559.3515 	Level image=tasty.jpg 	25
560.3189 	DATA 	Keypress: o
560.3513 	Level injecting via pump at address 1 	25
566.3217 	DATA 	Keypress: o
566.3231 	DATA 	Keypress: o
566.3244 	DATA 	Keypress: o
566.3517 	Level WAIT 	25
567.3353 	Level RINSE 	25
569.3236 	DATA 	Keypress: o
569.3525 	Level jitter 	25
571.3166 	Level finished 	25
571.3177 	DATA 	Keypress: o
571.3358 	Level image=waterlogo.jpg 	25
572.3193 	DATA 	Keypress: o
572.3358 	Level injecting via pump at address 0 	25
578.3221 	DATA 	Keypress: o
578.3233 	DATA 	Keypress: o
578.3245 	DATA 	Keypress: o
578.3532 	Level WAIT 	25
579.3370 	Level RINSE 	25
581.3213 	DATA 	Keypress: o
581.3369 	Level jitter 	25
588.3166 	Level finished 	25
