102.9055 	DATA 	Keypress: o
102.9065 	Level start key press 	25
104.9125 	DATA 	Keypress: o
106.9292 	DATA 	Keypress: o
108.9127 	DATA 	Keypress: o
110.9130 	DATA 	Keypress: o
111.4480 	Level image=waterlogo.jpg 	25
112.3773 	Level injecting via pump at address 0 	25
118.3662 	DATA 	Keypress: o
118.3673 	DATA 	Keypress: o
118.3684 	DATA 	Keypress: o
119.3630 	DATA 	Keypress: o
121.3736 	DATA 	Keypress: o
127.3606 	Level finished 	25
127.3622 	DATA 	Keypress: o
127.3637 	DATA 	Keypress: o
127.3649 	DATA 	Keypress: o
127.3725 	Level image=tasty.jpg 	25
128.3788 	Level injecting via pump at address 1 	25
134.3651 	DATA 	Keypress: o
134.3661 	DATA 	Keypress: o
134.3671 	DATA 	Keypress: o
135.3630 	DATA 	Keypress: o
137.3652 	DATA 	Keypress: o
143.3606 	Level finished 	25
143.3620 	DATA 	Keypress: o
143.3634 	DATA 	Keypress: o
143.3647 	DATA 	Keypress: o
143.3697 	Level image=tasty.jpg 	25
144.3961 	Level injecting via pump at address 1 	25
150.3655 	DATA 	Keypress: o
150.3668 	DATA 	Keypress: o
150.3678 	DATA 	Keypress: o
151.3631 	DATA 	Keypress: o
153.3653 	DATA 	Keypress: o
155.3606 	Level finished 	25
155.3620 	DATA 	Keypress: o
155.3674 	Level image=waterlogo.jpg 	25
156.3804 	Level injecting via pump at address 0 	25
162.3672 	DATA 	Keypress: o
162.3685 	DATA 	Keypress: o
162.3695 	DATA 	Keypress: o
163.3634 	DATA 	Keypress: o
165.3660 	DATA 	Keypress: o
171.3606 	Level finished 	25
171.3621 	DATA 	Keypress: o
171.3635 	DATA 	Keypress: o
171.3648 	DATA 	Keypress: o
171.3705 	Level image=tasty.jpg 	25
172.3815 	Level injecting via pump at address 1 	25
178.3657 	DATA 	Keypress: o
178.3669 	DATA 	Keypress: o
178.3679 	DATA 	Keypress: o
179.3630 	DATA 	Keypress: o
181.3657 	DATA 	Keypress: o
186.3606 	Level finished 	25
186.3621 	DATA 	Keypress: o
186.3633 	DATA 	Keypress: o
186.3686 	Level image=waterlogo.jpg 	25
187.3630 	DATA 	Keypress: o
187.3825 	Level injecting via pump at address 0 	25
193.3655 	DATA 	Keypress: o
193.3668 	DATA 	Keypress: o
193.3679 	DATA 	Keypress: o
196.3661 	DATA 	Keypress: o
201.3606 	Level finished 	25
201.3620 	DATA 	Keypress: o
201.3632 	DATA 	Keypress: o
201.3643 	DATA 	Keypress: o
201.3684 	Level image=tasty.jpg 	25
202.3835 	Level injecting via pump at address 1 	25
208.3680 	DATA 	Keypress: o
208.3698 	DATA 	Keypress: o
208.3713 	DATA 	Keypress: o
209.3632 	DATA 	Keypress: o
211.3651 	DATA 	Keypress: o
217.3606 	Level finished 	25
217.3620 	DATA 	Keypress: o
217.3637 	DATA 	Keypress: o
217.3653 	DATA 	Keypress: o
217.3712 	Level image=waterlogo.jpg 	25
218.3851 	Level injecting via pump at address 0 	25
224.3663 	DATA 	Keypress: o
224.3677 	DATA 	Keypress: o
224.3688 	DATA 	Keypress: o
225.3632 	DATA 	Keypress: o
227.3657 	DATA 	Keypress: o
230.3606 	Level finished 	25
230.3619 	DATA 	Keypress: o
230.3663 	Level image=tasty.jpg 	25
231.3629 	DATA 	Keypress: o
231.3856 	Level injecting via pump at address 1 	25
237.3671 	DATA 	Keypress: o
237.3686 	DATA 	Keypress: o
237.3699 	DATA 	Keypress: o
240.3661 	DATA 	Keypress: o
248.3606 	Level finished 	25
248.3620 	DATA 	Keypress: o
248.3632 	DATA 	Keypress: o
248.3644 	DATA 	Keypress: o
248.3657 	DATA 	Keypress: o
248.3705 	Level image=waterlogo.jpg 	25
249.3637 	DATA 	Keypress: o
249.3868 	Level injecting via pump at address 0 	25
255.3655 	DATA 	Keypress: o
255.3668 	DATA 	Keypress: o
255.3677 	DATA 	Keypress: o
258.3660 	DATA 	Keypress: o
260.3606 	Level finished 	25
260.3619 	DATA 	Keypress: o
260.3669 	Level image=tasty.jpg 	25
261.3633 	DATA 	Keypress: o
261.3877 	Level injecting via pump at address 1 	25
267.3656 	DATA 	Keypress: o
267.3668 	DATA 	Keypress: o
267.3677 	DATA 	Keypress: o
270.3659 	DATA 	Keypress: o
279.3606 	Level finished 	25
279.3621 	DATA 	Keypress: o
279.3633 	DATA 	Keypress: o
279.3643 	DATA 	Keypress: o
279.3655 	DATA 	Keypress: o
279.3665 	DATA 	Keypress: o
279.3715 	Level image=waterlogo.jpg 	25
280.3722 	Level injecting via pump at address 0 	25
286.3660 	DATA 	Keypress: o
286.3672 	DATA 	Keypress: o
286.3684 	DATA 	Keypress: o
287.3630 	DATA 	Keypress: o
289.3674 	DATA 	Keypress: o
291.3606 	Level finished 	25
291.3619 	DATA 	Keypress: o
291.3665 	Level image=tasty.jpg 	25
292.3730 	Level injecting via pump at address 1 	25
298.3658 	DATA 	Keypress: o
298.3669 	DATA 	Keypress: o
298.3679 	DATA 	Keypress: o
299.3639 	DATA 	Keypress: o
301.3663 	DATA 	Keypress: o
304.3606 	Level finished 	25
304.3621 	DATA 	Keypress: o
304.3679 	Level image=waterlogo.jpg 	25
305.3634 	DATA 	Keypress: o
305.3907 	Level injecting via pump at address 0 	25
311.3661 	DATA 	Keypress: o
311.3672 	DATA 	Keypress: o
311.3684 	DATA 	Keypress: o
314.3659 	DATA 	Keypress: o
318.3606 	Level finished 	25
318.3621 	DATA 	Keypress: o
318.3635 	DATA 	Keypress: o
318.3676 	Level image=tasty.jpg 	25
319.3640 	DATA 	Keypress: o
319.3749 	Level injecting via pump at address 1 	25
325.3660 	DATA 	Keypress: o
325.3674 	DATA 	Keypress: o
325.3684 	DATA 	Keypress: o
328.3652 	DATA 	Keypress: o
329.3606 	Level finished 	25
329.3621 	DATA 	Keypress: o
329.3685 	Level image=waterlogo.jpg 	25
330.3758 	Level injecting via pump at address 0 	25
336.3662 	DATA 	Keypress: o
336.3674 	DATA 	Keypress: o
336.3684 	DATA 	Keypress: o
337.3629 	DATA 	Keypress: o
339.3659 	DATA 	Keypress: o
342.3606 	Level finished 	25
342.3619 	DATA 	Keypress: o
342.3660 	Level image=tasty.jpg 	25
343.3632 	DATA 	Keypress: o
343.3933 	Level injecting via pump at address 1 	25
349.3664 	DATA 	Keypress: o
349.3677 	DATA 	Keypress: o
349.3688 	DATA 	Keypress: o
352.3658 	DATA 	Keypress: o
360.3606 	Level finished 	25
360.3620 	DATA 	Keypress: o
360.3635 	DATA 	Keypress: o
360.3650 	DATA 	Keypress: o
360.3660 	DATA 	Keypress: o
360.3702 	Level image=tasty.jpg 	25
361.3629 	DATA 	Keypress: o
361.3778 	Level injecting via pump at address 1 	25
367.3656 	DATA 	Keypress: o
367.3668 	DATA 	Keypress: o
367.3678 	DATA 	Keypress: o
370.3656 	DATA 	Keypress: o
374.3606 	Level finished 	25
374.3621 	DATA 	Keypress: o
374.3634 	DATA 	Keypress: o
374.3682 	Level image=waterlogo.jpg 	25
375.3633 	DATA 	Keypress: o
375.3788 	Level injecting via pump at address 0 	25
381.3665 	DATA 	Keypress: o
381.3679 	DATA 	Keypress: o
381.3692 	DATA 	Keypress: o
384.3661 	DATA 	Keypress: o
387.3606 	Level finished 	25
387.3620 	DATA 	Keypress: o
387.3632 	DATA 	Keypress: o
387.3672 	Level image=tasty.jpg 	25
388.3798 	Level injecting via pump at address 1 	25
394.3669 	DATA 	Keypress: o
394.3681 	DATA 	Keypress: o
394.3693 	DATA 	Keypress: o
395.3634 	DATA 	Keypress: o
397.3658 	DATA 	Keypress: o
402.3606 	Level finished 	25
402.3621 	DATA 	Keypress: o
402.3635 	DATA 	Keypress: o
402.3683 	Level image=waterlogo.jpg 	25
403.3631 	DATA 	Keypress: o
403.3808 	Level injecting via pump at address 0 	25
409.3667 	DATA 	Keypress: o
409.3681 	DATA 	Keypress: o
409.3693 	DATA 	Keypress: o
412.3664 	DATA 	Keypress: o
417.3606 	Level finished 	25
417.3620 	DATA 	Keypress: o
417.3634 	DATA 	Keypress: o
417.3647 	DATA 	Keypress: o
417.3699 	Level image=waterlogo.jpg 	25
418.3818 	Level injecting via pump at address 0 	25
424.3657 	DATA 	Keypress: o
424.3671 	DATA 	Keypress: o
424.3683 	DATA 	Keypress: o
425.3634 	DATA 	Keypress: o
427.3661 	DATA 	Keypress: o
436.3606 	Level finished 	25
436.3620 	DATA 	Keypress: o
436.3631 	DATA 	Keypress: o
436.3640 	DATA 	Keypress: o
436.3650 	DATA 	Keypress: o
436.3690 	Level image=tasty.jpg 	25
437.3629 	DATA 	Keypress: o
437.3831 	Level injecting via pump at address 1 	25
443.3658 	DATA 	Keypress: o
443.3669 	DATA 	Keypress: o
443.3679 	DATA 	Keypress: o
446.3652 	DATA 	Keypress: o
448.3606 	Level finished 	25
448.3619 	DATA 	Keypress: o
448.3669 	Level image=waterlogo.jpg 	25
449.3631 	DATA 	Keypress: o
449.3839 	Level injecting via pump at address 0 	25
455.3666 	DATA 	Keypress: o
455.3680 	DATA 	Keypress: o
455.3691 	DATA 	Keypress: o
458.3660 	DATA 	Keypress: o
461.3606 	Level finished 	25
461.3620 	DATA 	Keypress: o
461.3633 	DATA 	Keypress: o
461.3692 	Level image=waterlogo.jpg 	25
462.3848 	Level injecting via pump at address 0 	25
468.3665 	DATA 	Keypress: o
468.3679 	DATA 	Keypress: o
468.3692 	DATA 	Keypress: o
469.3632 	DATA 	Keypress: o
471.3664 	DATA 	Keypress: o
476.3606 	Level finished 	25
476.3622 	DATA 	Keypress: o
476.3636 	DATA 	Keypress: o
476.3687 	Level image=tasty.jpg 	25
477.3638 	DATA 	Keypress: o
477.3858 	Level injecting via pump at address 1 	25
483.3659 	DATA 	Keypress: o
483.3672 	DATA 	Keypress: o
483.3682 	DATA 	Keypress: o
486.3652 	DATA 	Keypress: o
488.3606 	Level finished 	25
488.3620 	DATA 	Keypress: o
488.3669 	Level image=tasty.jpg 	25
489.3630 	DATA 	Keypress: o
489.3868 	Level injecting via pump at address 1 	25
495.3663 	DATA 	Keypress: o
495.3675 	DATA 	Keypress: o
495.3687 	DATA 	Keypress: o
498.3663 	DATA 	Keypress: o
505.3606 	Level finished 	25
505.3620 	DATA 	Keypress: o
505.3631 	DATA 	Keypress: o
505.3641 	DATA 	Keypress: o
505.3650 	DATA 	Keypress: o
505.3698 	Level image=waterlogo.jpg 	25
506.3878 	Level injecting via pump at address 0 	25
512.3664 	DATA 	Keypress: o
512.3678 	DATA 	Keypress: o
512.3690 	DATA 	Keypress: o
513.3631 	DATA 	Keypress: o
515.3660 	DATA 	Keypress: o
518.3606 	Level finished 	25
518.3619 	DATA 	Keypress: o
518.3667 	Level image=tasty.jpg 	25
519.3629 	DATA 	Keypress: o
519.3721 	Level injecting via pump at address 1 	25
525.3663 	DATA 	Keypress: o
525.3674 	DATA 	Keypress: o
525.3683 	DATA 	Keypress: o
528.3661 	DATA 	Keypress: o
530.3606 	Level finished 	25
530.3617 	DATA 	Keypress: o
530.3662 	Level image=waterlogo.jpg 	25
531.3630 	DATA 	Keypress: o
531.3897 	Level injecting via pump at address 0 	25
537.3677 	DATA 	Keypress: o
537.3695 	DATA 	Keypress: o
537.3710 	DATA 	Keypress: o
540.3657 	DATA 	Keypress: o
548.3606 	Level finished 	25
548.3620 	DATA 	Keypress: o
548.3634 	DATA 	Keypress: o
548.3647 	DATA 	Keypress: o
548.3663 	DATA 	Keypress: o
548.3713 	Level image=tasty.jpg 	25
549.3629 	DATA 	Keypress: o
549.3908 	Level injecting via pump at address 1 	25
555.3661 	DATA 	Keypress: o
555.3674 	DATA 	Keypress: o
555.3687 	DATA 	Keypress: o
558.3680 	DATA 	Keypress: o
560.3606 	Level finished 	25
560.3619 	DATA 	Keypress: o
560.3675 	Level image=waterlogo.jpg 	25
561.3629 	DATA 	Keypress: o
561.3749 	Level injecting via pump at address 0 	25
567.3652 	DATA 	Keypress: o
567.3662 	DATA 	Keypress: o
567.3672 	DATA 	Keypress: o
570.3656 	DATA 	Keypress: o
577.3606 	Level finished 	25
