75.7215 	DATA 	Keypress: o
75.7226 	Level start key press 	25
77.7207 	DATA 	Keypress: o
79.7207 	DATA 	Keypress: o
81.7209 	DATA 	Keypress: o
83.7211 	DATA 	Keypress: o
84.2854 	Level image=waterlogo.jpg 	25
85.2193 	Level injecting via pump at address 0 	25
91.1908 	DATA 	Keypress: o
91.1921 	DATA 	Keypress: o
91.1933 	DATA 	Keypress: o
91.2192 	Level WAIT 	25
92.1877 	DATA 	Keypress: o
92.2025 	Level RINSE 	25
94.1986 	DATA 	Keypress: o
94.2193 	Level jitter 	25
100.1853 	Level finished 	25
100.1865 	DATA 	Keypress: o
100.1879 	DATA 	Keypress: o
100.1891 	DATA 	Keypress: o
100.2203 	Level image=tasty.jpg 	25
101.2032 	Level injecting via pump at address 1 	25
107.1905 	DATA 	Keypress: o
107.1919 	DATA 	Keypress: o
107.1931 	DATA 	Keypress: o
107.2036 	Level WAIT 	25
108.1881 	DATA 	Keypress: o
108.2037 	Level RINSE 	25
110.1910 	DATA 	Keypress: o
110.2209 	Level jitter 	25
116.1853 	Level finished 	25
116.1865 	DATA 	Keypress: o
116.1875 	DATA 	Keypress: o
116.1884 	DATA 	Keypress: o
116.2210 	Level image=tasty.jpg 	25
117.2043 	Level injecting via pump at address 1 	25
123.1906 	DATA 	Keypress: o
123.1923 	DATA 	Keypress: o
123.1937 	DATA 	Keypress: o
123.2052 	Level WAIT 	25
124.1883 	DATA 	Keypress: o
124.2049 	Level RINSE 	25
126.1906 	DATA 	Keypress: o
126.2049 	Level jitter 	25
128.1853 	Level finished 	25
128.1864 	DATA 	Keypress: o
128.2050 	Level image=waterlogo.jpg 	25
129.2052 	Level injecting via pump at address 0 	25
135.1918 	DATA 	Keypress: o
135.1932 	DATA 	Keypress: o
135.1944 	DATA 	Keypress: o
135.2226 	Level WAIT 	25
136.1880 	DATA 	Keypress: o
136.2056 	Level RINSE 	25
138.1903 	DATA 	Keypress: o
138.2223 	Level jitter 	25
144.1853 	Level finished 	25
144.1865 	DATA 	Keypress: o
144.1877 	DATA 	Keypress: o
144.1890 	DATA 	Keypress: o
144.2229 	Level image=tasty.jpg 	25
145.2067 	Level injecting via pump at address 1 	25
151.1910 	DATA 	Keypress: o
151.1924 	DATA 	Keypress: o
151.1934 	DATA 	Keypress: o
151.2066 	Level WAIT 	25
152.1881 	DATA 	Keypress: o
152.2068 	Level RINSE 	25
154.1899 	DATA 	Keypress: o
154.2069 	Level jitter 	25
159.1853 	Level finished 	25
159.1866 	DATA 	Keypress: o
159.1876 	DATA 	Keypress: o
159.2076 	Level image=waterlogo.jpg 	25
160.1881 	DATA 	Keypress: o
160.2073 	Level injecting via pump at address 0 	25
166.1906 	DATA 	Keypress: o
166.1919 	DATA 	Keypress: o
166.1931 	DATA 	Keypress: o
166.2243 	Level WAIT 	25
167.2078 	Level RINSE 	25
169.1911 	DATA 	Keypress: o
169.2084 	Level jitter 	25
174.1853 	Level finished 	25
174.1865 	DATA 	Keypress: o
174.1876 	DATA 	Keypress: o
174.1885 	DATA 	Keypress: o
174.2082 	Level image=tasty.jpg 	25
175.2083 	Level injecting via pump at address 1 	25
181.1903 	DATA 	Keypress: o
181.1916 	DATA 	Keypress: o
181.1928 	DATA 	Keypress: o
181.2092 	Level WAIT 	25
182.1878 	DATA 	Keypress: o
182.1921 	Level RINSE 	25
184.1905 	DATA 	Keypress: o
184.2089 	Level jitter 	25
190.1853 	Level finished 	25
190.1865 	DATA 	Keypress: o
190.1878 	DATA 	Keypress: o
190.1890 	DATA 	Keypress: o
190.2093 	Level image=waterlogo.jpg 	25
191.2099 	Level injecting via pump at address 0 	25
197.1916 	DATA 	Keypress: o
197.1931 	DATA 	Keypress: o
197.1942 	DATA 	Keypress: o
197.2099 	Level WAIT 	25
198.1882 	DATA 	Keypress: o
198.1932 	Level RINSE 	25
200.1904 	DATA 	Keypress: o
200.2100 	Level jitter 	25
203.1853 	Level finished 	25
203.1865 	DATA 	Keypress: o
203.2107 	Level image=tasty.jpg 	25
204.1878 	DATA 	Keypress: o
204.1937 	Level injecting via pump at address 1 	25
210.1914 	DATA 	Keypress: o
210.1927 	DATA 	Keypress: o
210.1940 	DATA 	Keypress: o
210.2107 	Level WAIT 	25
211.1941 	Level RINSE 	25
213.1904 	DATA 	Keypress: o
213.2114 	Level jitter 	25
221.1853 	Level finished 	25
221.1865 	DATA 	Keypress: o
221.1877 	DATA 	Keypress: o
221.1890 	DATA 	Keypress: o
221.1901 	DATA 	Keypress: o
221.2115 	Level image=waterlogo.jpg 	25
222.1881 	DATA 	Keypress: o
222.2116 	Level injecting via pump at address 0 	25
228.1900 	DATA 	Keypress: o
228.1913 	DATA 	Keypress: o
228.1924 	DATA 	Keypress: o
228.2123 	Level WAIT 	25
229.1953 	Level RINSE 	25
231.1911 	DATA 	Keypress: o
231.2121 	Level jitter 	25
233.1853 	Level finished 	25
233.1864 	DATA 	Keypress: o
233.2123 	Level image=tasty.jpg 	25
234.1882 	DATA 	Keypress: o
234.2124 	Level injecting via pump at address 1 	25
240.1912 	DATA 	Keypress: o
240.1925 	DATA 	Keypress: o
240.1938 	DATA 	Keypress: o
240.2132 	Level WAIT 	25
241.2129 	Level RINSE 	25
243.1901 	DATA 	Keypress: o
243.2129 	Level jitter 	25
252.1853 	Level finished 	25
252.1865 	DATA 	Keypress: o
252.1878 	DATA 	Keypress: o
252.1890 	DATA 	Keypress: o
252.1901 	DATA 	Keypress: o
252.1912 	DATA 	Keypress: o
252.2141 	Level image=waterlogo.jpg 	25
253.2138 	Level injecting via pump at address 0 	25
259.1902 	DATA 	Keypress: o
259.1913 	DATA 	Keypress: o
259.1923 	DATA 	Keypress: o
259.2140 	Level WAIT 	25
260.1877 	DATA 	Keypress: o
260.1975 	Level RINSE 	25
262.1903 	DATA 	Keypress: o
262.2146 	Level jitter 	25
264.1853 	Level finished 	25
264.1866 	DATA 	Keypress: o
264.2145 	Level image=tasty.jpg 	25
265.2146 	Level injecting via pump at address 1 	25
271.1908 	DATA 	Keypress: o
271.1922 	DATA 	Keypress: o
271.1935 	DATA 	Keypress: o
271.2149 	Level WAIT 	25
272.1878 	DATA 	Keypress: o
272.2154 	Level RINSE 	25
274.1907 	DATA 	Keypress: o
274.2151 	Level jitter 	25
277.1853 	Level finished 	25
277.1866 	DATA 	Keypress: o
277.2153 	Level image=waterlogo.jpg 	25
278.1876 	DATA 	Keypress: o
278.2154 	Level injecting via pump at address 0 	25
284.1902 	DATA 	Keypress: o
284.1913 	DATA 	Keypress: o
284.1923 	DATA 	Keypress: o
284.2163 	Level WAIT 	25
285.1992 	Level RINSE 	25
287.1907 	DATA 	Keypress: o
287.2160 	Level jitter 	25
291.1853 	Level finished 	25
291.1866 	DATA 	Keypress: o
291.1880 	DATA 	Keypress: o
291.2163 	Level image=tasty.jpg 	25
292.1886 	DATA 	Keypress: o
292.1998 	Level injecting via pump at address 1 	25
298.1900 	DATA 	Keypress: o
298.1911 	DATA 	Keypress: o
298.1920 	DATA 	Keypress: o
298.2003 	Level WAIT 	25
299.2002 	Level RINSE 	25
301.1901 	DATA 	Keypress: o
301.2003 	Level jitter 	25
302.1853 	Level finished 	25
302.1865 	DATA 	Keypress: o
302.2171 	Level image=waterlogo.jpg 	25
303.2171 	Level injecting via pump at address 0 	25
309.1907 	DATA 	Keypress: o
309.1919 	DATA 	Keypress: o
309.1931 	DATA 	Keypress: o
309.2179 	Level WAIT 	25
310.1882 	DATA 	Keypress: o
310.2010 	Level RINSE 	25
312.1903 	DATA 	Keypress: o
312.2178 	Level jitter 	25
315.1853 	Level finished 	25
315.1865 	DATA 	Keypress: o
315.2180 	Level image=tasty.jpg 	25
316.1881 	DATA 	Keypress: o
316.2182 	Level injecting via pump at address 1 	25
322.1900 	DATA 	Keypress: o
322.1910 	DATA 	Keypress: o
322.1919 	DATA 	Keypress: o
322.2188 	Level WAIT 	25
323.2019 	Level RINSE 	25
325.1903 	DATA 	Keypress: o
325.2186 	Level jitter 	25
333.1853 	Level finished 	25
333.1867 	DATA 	Keypress: o
333.1880 	DATA 	Keypress: o
333.1892 	DATA 	Keypress: o
333.1906 	DATA 	Keypress: o
333.2196 	Level image=tasty.jpg 	25
334.1882 	DATA 	Keypress: o
334.2026 	Level injecting via pump at address 1 	25
340.1899 	DATA 	Keypress: o
340.1910 	DATA 	Keypress: o
340.1919 	DATA 	Keypress: o
340.2197 	Level WAIT 	25
341.2199 	Level RINSE 	25
343.1908 	DATA 	Keypress: o
343.2036 	Level jitter 	25
347.1853 	Level finished 	25
347.1866 	DATA 	Keypress: o
347.1879 	DATA 	Keypress: o
347.2202 	Level image=waterlogo.jpg 	25
348.1879 	DATA 	Keypress: o
348.2036 	Level injecting via pump at address 0 	25
354.1915 	DATA 	Keypress: o
354.1928 	DATA 	Keypress: o
354.1941 	DATA 	Keypress: o
354.2044 	Level WAIT 	25
355.2041 	Level RINSE 	25
357.1898 	DATA 	Keypress: o
357.2041 	Level jitter 	25
360.1853 	Level finished 	25
360.1865 	DATA 	Keypress: o
360.1878 	DATA 	Keypress: o
360.2044 	Level image=tasty.jpg 	25
361.2045 	Level injecting via pump at address 1 	25
367.1912 	DATA 	Keypress: o
367.1925 	DATA 	Keypress: o
367.1937 	DATA 	Keypress: o
367.2054 	Level WAIT 	25
368.1882 	DATA 	Keypress: o
368.2050 	Level RINSE 	25
370.1908 	DATA 	Keypress: o
370.2050 	Level jitter 	25
375.1853 	Level finished 	25
375.1865 	DATA 	Keypress: o
375.1877 	DATA 	Keypress: o
375.2221 	Level image=waterlogo.jpg 	25
376.1881 	DATA 	Keypress: o
376.2055 	Level injecting via pump at address 0 	25
382.1903 	DATA 	Keypress: o
382.1916 	DATA 	Keypress: o
382.1929 	DATA 	Keypress: o
382.2064 	Level WAIT 	25
383.2060 	Level RINSE 	25
385.1909 	DATA 	Keypress: o
385.2061 	Level jitter 	25
390.1853 	Level finished 	25
390.1865 	DATA 	Keypress: o
390.1875 	DATA 	Keypress: o
390.1886 	DATA 	Keypress: o
390.2064 	Level image=waterlogo.jpg 	25
391.1900 	Level injecting via pump at address 0 	25
397.1909 	DATA 	Keypress: o
397.1921 	DATA 	Keypress: o
397.1934 	DATA 	Keypress: o
397.2241 	Level WAIT 	25
398.1879 	DATA 	Keypress: o
398.2070 	Level RINSE 	25
400.1904 	DATA 	Keypress: o
400.2071 	Level jitter 	25
409.1853 	Level finished 	25
409.1866 	DATA 	Keypress: o
409.1878 	DATA 	Keypress: o
409.1890 	DATA 	Keypress: o
409.1901 	DATA 	Keypress: o
409.2249 	Level image=tasty.jpg 	25
410.1881 	DATA 	Keypress: o
410.2080 	Level injecting via pump at address 1 	25
416.1898 	DATA 	Keypress: o
416.1908 	DATA 	Keypress: o
416.1918 	DATA 	Keypress: o
416.2081 	Level WAIT 	25
417.2083 	Level RINSE 	25
419.1899 	DATA 	Keypress: o
419.2088 	Level jitter 	25
421.1853 	Level finished 	25
421.1864 	DATA 	Keypress: o
421.2086 	Level image=waterlogo.jpg 	25
422.1881 	DATA 	Keypress: o
422.2087 	Level injecting via pump at address 0 	25
428.1907 	DATA 	Keypress: o
428.1919 	DATA 	Keypress: o
428.1931 	DATA 	Keypress: o
428.2258 	Level WAIT 	25
429.1929 	Level RINSE 	25
431.1896 	DATA 	Keypress: o
431.2092 	Level jitter 	25
434.1853 	Level finished 	25
434.1865 	DATA 	Keypress: o
434.1875 	DATA 	Keypress: o
434.2095 	Level image=waterlogo.jpg 	25
435.1929 	Level injecting via pump at address 0 	25
441.1905 	DATA 	Keypress: o
441.1916 	DATA 	Keypress: o
441.1926 	DATA 	Keypress: o
441.2103 	Level WAIT 	25
442.1882 	DATA 	Keypress: o
442.2100 	Level RINSE 	25
444.1906 	DATA 	Keypress: o
444.1935 	Level jitter 	25
449.1853 	Level finished 	25
449.1866 	DATA 	Keypress: o
449.1879 	DATA 	Keypress: o
449.2105 	Level image=tasty.jpg 	25
450.1881 	DATA 	Keypress: o
450.2107 	Level injecting via pump at address 1 	25
456.1909 	DATA 	Keypress: o
456.1922 	DATA 	Keypress: o
456.1935 	DATA 	Keypress: o
456.2114 	Level WAIT 	25
457.1944 	Level RINSE 	25
459.1911 	DATA 	Keypress: o
459.2112 	Level jitter 	25
461.1853 	Level finished 	25
461.1869 	DATA 	Keypress: o
461.2114 	Level image=tasty.jpg 	25
462.1881 	DATA 	Keypress: o
462.2115 	Level injecting via pump at address 1 	25
468.1913 	DATA 	Keypress: o
468.1926 	DATA 	Keypress: o
468.1937 	DATA 	Keypress: o
468.2123 	Level WAIT 	25
469.1952 	Level RINSE 	25
471.1907 	DATA 	Keypress: o
471.2120 	Level jitter 	25
478.1853 	Level finished 	25
478.1866 	DATA 	Keypress: o
478.1879 	DATA 	Keypress: o
478.1891 	DATA 	Keypress: o
478.1903 	DATA 	Keypress: o
478.2130 	Level image=waterlogo.jpg 	25
479.1960 	Level injecting via pump at address 0 	25
485.1907 	DATA 	Keypress: o
485.1922 	DATA 	Keypress: o
485.1934 	DATA 	Keypress: o
485.2130 	Level WAIT 	25
486.1886 	DATA 	Keypress: o
486.2131 	Level RINSE 	25
488.1907 	DATA 	Keypress: o
488.1970 	Level jitter 	25
491.1853 	Level finished 	25
491.1872 	DATA 	Keypress: o
491.1969 	Level image=tasty.jpg 	25
492.1881 	DATA 	Keypress: o
492.1970 	Level injecting via pump at address 1 	25
498.1911 	DATA 	Keypress: o
498.1925 	DATA 	Keypress: o
498.1939 	DATA 	Keypress: o
498.2144 	Level WAIT 	25
499.2140 	Level RINSE 	25
501.1898 	DATA 	Keypress: o
501.1974 	Level jitter 	25
503.1853 	Level finished 	25
503.1864 	DATA 	Keypress: o
503.2143 	Level image=waterlogo.jpg 	25
504.1881 	DATA 	Keypress: o
504.1977 	Level injecting via pump at address 0 	25
510.1900 	DATA 	Keypress: o
510.1910 	DATA 	Keypress: o
510.1920 	DATA 	Keypress: o
510.1985 	Level WAIT 	25
511.1981 	Level RINSE 	25
513.1910 	DATA 	Keypress: o
513.1982 	Level jitter 	25
521.1853 	Level finished 	25
521.1865 	DATA 	Keypress: o
521.1875 	DATA 	Keypress: o
521.1885 	DATA 	Keypress: o
521.1895 	DATA 	Keypress: o
521.2159 	Level image=tasty.jpg 	25
522.1878 	DATA 	Keypress: o
522.2156 	Level injecting via pump at address 1 	25
528.1907 	DATA 	Keypress: o
528.1921 	DATA 	Keypress: o
528.1933 	DATA 	Keypress: o
528.2160 	Level WAIT 	25
529.1994 	Level RINSE 	25
531.1940 	DATA 	Keypress: o
531.2166 	Level jitter 	25
533.1853 	Level finished 	25
533.1864 	DATA 	Keypress: o
533.2163 	Level image=waterlogo.jpg 	25
534.1882 	DATA 	Keypress: o
534.2164 	Level injecting via pump at address 0 	25
540.1909 	DATA 	Keypress: o
540.1926 	DATA 	Keypress: o
540.1939 	DATA 	Keypress: o
540.2169 	Level WAIT 	25
541.2006 	Level RINSE 	25
543.1897 	DATA 	Keypress: o
543.2169 	Level jitter 	25
550.1853 	Level finished 	25
