116.6066 	DATA 	Keypress: o
116.6074 	Level start key press 	25
118.6127 	DATA 	Keypress: o
120.6081 	DATA 	Keypress: o
122.6082 	DATA 	Keypress: o
124.6527 	DATA 	Keypress: o
124.6619 	Level image=waterlogo.jpg 	25
125.6050 	Level injecting via pump at address 0 	25
131.5985 	DATA 	Keypress: o
131.5998 	DATA 	Keypress: o
131.6011 	DATA 	Keypress: o
131.6058 	Level WAIT 	25
132.6044 	Level RINSE 	25
134.6065 	DATA 	Keypress: o
134.6077 	DATA 	Keypress: o
134.6111 	Level jitter 	25
140.5925 	Level finished 	25
140.5938 	DATA 	Keypress: o
140.5949 	DATA 	Keypress: o
140.6071 	Level image=tasty.jpg 	25
141.5953 	DATA 	Keypress: o
141.6071 	Level injecting via pump at address 1 	25
147.5976 	DATA 	Keypress: o
147.5986 	DATA 	Keypress: o
147.5996 	DATA 	Keypress: o
147.6082 	Level WAIT 	25
148.6043 	Level RINSE 	25
150.5974 	DATA 	Keypress: o
150.6080 	Level jitter 	25
156.5925 	Level finished 	25
156.5938 	DATA 	Keypress: o
156.5950 	DATA 	Keypress: o
156.5963 	DATA 	Keypress: o
156.6101 	Level image=tasty.jpg 	25
157.5954 	DATA 	Keypress: o
157.6065 	Level injecting via pump at address 1 	25
163.5980 	DATA 	Keypress: o
163.5993 	DATA 	Keypress: o
163.6004 	DATA 	Keypress: o
163.6088 	Level WAIT 	25
164.6040 	Level RINSE 	25
166.5978 	DATA 	Keypress: o
166.6101 	Level jitter 	25
168.5925 	Level finished 	25
168.5939 	DATA 	Keypress: o
168.6099 	Level image=waterlogo.jpg 	25
169.5953 	DATA 	Keypress: o
169.6101 	Level injecting via pump at address 0 	25
175.5976 	DATA 	Keypress: o
175.5987 	DATA 	Keypress: o
175.5997 	DATA 	Keypress: o
175.6114 	Level WAIT 	25
176.6086 	Level RINSE 	25
178.5976 	DATA 	Keypress: o
178.6116 	Level jitter 	25
184.5925 	Level finished 	25
184.5939 	DATA 	Keypress: o
184.5952 	DATA 	Keypress: o
184.5965 	DATA 	Keypress: o
184.6118 	Level image=tasty.jpg 	25
185.5950 	DATA 	Keypress: o
185.6108 	Level injecting via pump at address 1 	25
191.5976 	DATA 	Keypress: o
191.5990 	DATA 	Keypress: o
191.6003 	DATA 	Keypress: o
191.6135 	Level WAIT 	25
192.5967 	Level RINSE 	25
194.5975 	DATA 	Keypress: o
194.6132 	Level jitter 	25
199.5925 	Level finished 	25
199.5937 	DATA 	Keypress: o
199.5948 	DATA 	Keypress: o
199.5957 	DATA 	Keypress: o
199.6045 	Level image=waterlogo.jpg 	25
200.5981 	Level injecting via pump at address 0 	25
206.5972 	DATA 	Keypress: o
206.5983 	DATA 	Keypress: o
206.5993 	DATA 	Keypress: o
206.6152 	Level WAIT 	25
207.5950 	DATA 	Keypress: o
207.5983 	Level RINSE 	25
209.5982 	DATA 	Keypress: o
209.6016 	Level jitter 	25
214.5925 	Level finished 	25
214.5941 	DATA 	Keypress: o
214.5955 	DATA 	Keypress: o
214.6092 	Level image=tasty.jpg 	25
215.5951 	DATA 	Keypress: o
215.5993 	Level injecting via pump at address 1 	25
221.5976 	DATA 	Keypress: o
221.5989 	DATA 	Keypress: o
221.6001 	DATA 	Keypress: o
221.6059 	Level WAIT 	25
222.5999 	Level RINSE 	25
224.5977 	DATA 	Keypress: o
224.6071 	Level jitter 	25
230.5925 	Level finished 	25
230.5938 	DATA 	Keypress: o
230.5950 	DATA 	Keypress: o
230.5960 	DATA 	Keypress: o
230.6086 	Level image=waterlogo.jpg 	25
231.5952 	DATA 	Keypress: o
231.6013 	Level injecting via pump at address 0 	25
237.5973 	DATA 	Keypress: o
237.5986 	DATA 	Keypress: o
237.5997 	DATA 	Keypress: o
237.6063 	Level WAIT 	25
238.6003 	Level RINSE 	25
240.5976 	DATA 	Keypress: o
240.6020 	Level jitter 	25
243.5925 	Level finished 	25
243.5939 	DATA 	Keypress: o
243.5952 	DATA 	Keypress: o
243.6029 	Level image=tasty.jpg 	25
244.6028 	Level injecting via pump at address 1 	25
250.5981 	DATA 	Keypress: o
250.5993 	DATA 	Keypress: o
250.6005 	DATA 	Keypress: o
250.6038 	Level WAIT 	25
251.5956 	DATA 	Keypress: o
251.5989 	Level RINSE 	25
253.5975 	DATA 	Keypress: o
253.6044 	Level jitter 	25
261.5925 	Level finished 	25
261.5939 	DATA 	Keypress: o
261.5951 	DATA 	Keypress: o
261.5961 	DATA 	Keypress: o
261.5971 	DATA 	Keypress: o
261.6135 	Level image=waterlogo.jpg 	25
262.6047 	Level injecting via pump at address 0 	25
268.5971 	DATA 	Keypress: o
268.5981 	DATA 	Keypress: o
268.5991 	DATA 	Keypress: o
268.6052 	Level WAIT 	25
269.5952 	DATA 	Keypress: o
269.6048 	Level RINSE 	25
271.5994 	DATA 	Keypress: o
271.6060 	Level jitter 	25
273.5925 	Level finished 	25
273.5939 	DATA 	Keypress: o
273.6014 	Level image=tasty.jpg 	25
274.6063 	Level injecting via pump at address 1 	25
280.5976 	DATA 	Keypress: o
280.5986 	DATA 	Keypress: o
280.5996 	DATA 	Keypress: o
280.6069 	Level WAIT 	25
281.5950 	DATA 	Keypress: o
281.6064 	Level RINSE 	25
283.5978 	DATA 	Keypress: o
283.6076 	Level jitter 	25
292.5925 	Level finished 	25
292.5939 	DATA 	Keypress: o
292.5950 	DATA 	Keypress: o
292.5960 	DATA 	Keypress: o
292.5970 	DATA 	Keypress: o
292.6091 	Level image=waterlogo.jpg 	25
293.5954 	DATA 	Keypress: o
293.6081 	Level injecting via pump at address 0 	25
299.5969 	DATA 	Keypress: o
299.5982 	DATA 	Keypress: o
299.5993 	DATA 	Keypress: o
299.6093 	Level WAIT 	25
300.6092 	Level RINSE 	25
302.5974 	DATA 	Keypress: o
302.6096 	Level jitter 	25
304.5925 	Level finished 	25
304.5937 	DATA 	Keypress: o
304.6055 	Level image=tasty.jpg 	25
305.5952 	DATA 	Keypress: o
305.6007 	Level injecting via pump at address 1 	25
311.5976 	DATA 	Keypress: o
311.5989 	DATA 	Keypress: o
311.6000 	DATA 	Keypress: o
311.6109 	Level WAIT 	25
312.5973 	Level RINSE 	25
314.5979 	DATA 	Keypress: o
314.6030 	Level jitter 	25
317.5925 	Level finished 	25
317.5937 	DATA 	Keypress: o
317.5947 	DATA 	Keypress: o
317.6042 	Level image=waterlogo.jpg 	25
318.5992 	Level injecting via pump at address 0 	25
324.5986 	DATA 	Keypress: o
324.5998 	DATA 	Keypress: o
324.6011 	DATA 	Keypress: o
324.6128 	Level WAIT 	25
325.5954 	DATA 	Keypress: o
325.6116 	Level RINSE 	25
327.5969 	DATA 	Keypress: o
327.6025 	Level jitter 	25
331.5926 	Level finished 	25
331.5940 	DATA 	Keypress: o
331.5952 	DATA 	Keypress: o
331.6129 	Level image=tasty.jpg 	25
332.6096 	Level injecting via pump at address 1 	25
338.5972 	DATA 	Keypress: o
338.5983 	DATA 	Keypress: o
338.5995 	DATA 	Keypress: o
338.6115 	Level WAIT 	25
339.5950 	DATA 	Keypress: o
339.6063 	Level RINSE 	25
341.5978 	DATA 	Keypress: o
341.6123 	Level jitter 	25
342.5925 	Level finished 	25
342.6066 	Level image=waterlogo.jpg 	25
343.5950 	DATA 	Keypress: o
343.6026 	Level injecting via pump at address 0 	25
349.5975 	DATA 	Keypress: o
349.5986 	DATA 	Keypress: o
349.5998 	DATA 	Keypress: o
349.6046 	Level WAIT 	25
350.5988 	Level RINSE 	25
352.5997 	DATA 	Keypress: o
352.6056 	Level jitter 	25
355.5925 	Level finished 	25
355.5941 	DATA 	Keypress: o
355.5955 	DATA 	Keypress: o
355.6061 	Level image=tasty.jpg 	25
356.5990 	Level injecting via pump at address 1 	25
362.5995 	DATA 	Keypress: o
362.6011 	DATA 	Keypress: o
362.6023 	DATA 	Keypress: o
362.6166 	Level WAIT 	25
363.5953 	DATA 	Keypress: o
363.5997 	Level RINSE 	25
365.5978 	DATA 	Keypress: o
365.6034 	Level jitter 	25
373.5926 	Level finished 	25
373.5939 	DATA 	Keypress: o
373.5952 	DATA 	Keypress: o
373.5965 	DATA 	Keypress: o
373.5976 	DATA 	Keypress: o
373.6122 	Level image=tasty.jpg 	25
374.6010 	Level injecting via pump at address 1 	25
380.5978 	DATA 	Keypress: o
380.5991 	DATA 	Keypress: o
380.6003 	DATA 	Keypress: o
380.6086 	Level WAIT 	25
381.5950 	DATA 	Keypress: o
381.6026 	Level RINSE 	25
383.5975 	DATA 	Keypress: o
383.6025 	Level jitter 	25
387.5925 	Level finished 	25
387.5938 	DATA 	Keypress: o
387.5949 	DATA 	Keypress: o
387.6060 	Level image=waterlogo.jpg 	25
388.6003 	Level injecting via pump at address 0 	25
394.5979 	DATA 	Keypress: o
394.5994 	DATA 	Keypress: o
394.6005 	DATA 	Keypress: o
394.6040 	Level WAIT 	25
395.5950 	DATA 	Keypress: o
395.6040 	Level RINSE 	25
397.5976 	DATA 	Keypress: o
397.6029 	Level jitter 	25
400.5925 	Level finished 	25
400.5937 	DATA 	Keypress: o
400.6041 	Level image=tasty.jpg 	25
401.5950 	DATA 	Keypress: o
401.5992 	Level injecting via pump at address 1 	25
407.5984 	DATA 	Keypress: o
407.5998 	DATA 	Keypress: o
407.6010 	DATA 	Keypress: o
407.6058 	Level WAIT 	25
408.6059 	Level RINSE 	25
410.5968 	DATA 	Keypress: o
410.6025 	Level jitter 	25
415.5926 	Level finished 	25
415.5939 	DATA 	Keypress: o
415.5953 	DATA 	Keypress: o
415.5965 	DATA 	Keypress: o
415.6054 	Level image=waterlogo.jpg 	25
416.6042 	Level injecting via pump at address 0 	25
422.5978 	DATA 	Keypress: o
422.5989 	DATA 	Keypress: o
422.6000 	DATA 	Keypress: o
422.6065 	Level WAIT 	25
423.5956 	DATA 	Keypress: o
423.6012 	Level RINSE 	25
425.5972 	DATA 	Keypress: o
425.6074 	Level jitter 	25
430.5925 	Level finished 	25
430.5938 	DATA 	Keypress: o
430.5949 	DATA 	Keypress: o
430.6080 	Level image=waterlogo.jpg 	25
431.5954 	DATA 	Keypress: o
431.6077 	Level injecting via pump at address 0 	25
437.5980 	DATA 	Keypress: o
437.5993 	DATA 	Keypress: o
437.6004 	DATA 	Keypress: o
437.6093 	Level WAIT 	25
438.6061 	Level RINSE 	25
440.5975 	DATA 	Keypress: o
440.6084 	Level jitter 	25
449.5925 	Level finished 	25
449.5938 	DATA 	Keypress: o
449.5948 	DATA 	Keypress: o
449.5959 	DATA 	Keypress: o
449.5972 	DATA 	Keypress: o
449.5981 	DATA 	Keypress: o
449.6098 	Level image=tasty.jpg 	25
450.6104 	Level injecting via pump at address 1 	25
456.5979 	DATA 	Keypress: o
456.5992 	DATA 	Keypress: o
456.6002 	DATA 	Keypress: o
456.6107 	Level WAIT 	25
457.5950 	DATA 	Keypress: o
457.6068 	Level RINSE 	25
459.5978 	DATA 	Keypress: o
459.6116 	Level jitter 	25
461.5925 	Level finished 	25
461.5938 	DATA 	Keypress: o
461.6020 	Level image=waterlogo.jpg 	25
462.5971 	Level injecting via pump at address 0 	25
468.5984 	DATA 	Keypress: o
468.5998 	DATA 	Keypress: o
468.6011 	DATA 	Keypress: o
468.6123 	Level WAIT 	25
469.5952 	DATA 	Keypress: o
469.6109 	Level RINSE 	25
471.5974 	DATA 	Keypress: o
471.6004 	Level jitter 	25
474.5925 	Level finished 	25
474.5939 	DATA 	Keypress: o
474.6017 	Level image=waterlogo.jpg 	25
475.5953 	DATA 	Keypress: o
475.6128 	Level injecting via pump at address 0 	25
481.5976 	DATA 	Keypress: o
481.5988 	DATA 	Keypress: o
481.5998 	DATA 	Keypress: o
481.6144 	Level WAIT 	25
482.5971 	Level RINSE 	25
484.5974 	DATA 	Keypress: o
484.6141 	Level jitter 	25
489.5925 	Level finished 	25
489.5937 	DATA 	Keypress: o
489.5947 	DATA 	Keypress: o
489.5956 	DATA 	Keypress: o
489.6064 	Level image=tasty.jpg 	25
490.5981 	Level injecting via pump at address 1 	25
496.5980 	DATA 	Keypress: o
496.5993 	DATA 	Keypress: o
496.6003 	DATA 	Keypress: o
496.6162 	Level WAIT 	25
497.5949 	DATA 	Keypress: o
497.5982 	Level RINSE 	25
499.5975 	DATA 	Keypress: o
499.6038 	Level jitter 	25
501.5925 	Level finished 	25
501.5938 	DATA 	Keypress: o
501.6099 	Level image=tasty.jpg 	25
502.5990 	Level injecting via pump at address 1 	25
508.5981 	DATA 	Keypress: o
508.5994 	DATA 	Keypress: o
508.6005 	DATA 	Keypress: o
508.6067 	Level WAIT 	25
509.5953 	DATA 	Keypress: o
509.6004 	Level RINSE 	25
511.5976 	DATA 	Keypress: o
511.6008 	Level jitter 	25
518.5925 	Level finished 	25
518.5939 	DATA 	Keypress: o
518.5952 	DATA 	Keypress: o
518.5964 	DATA 	Keypress: o
518.6181 	Level image=waterlogo.jpg 	25
519.5949 	DATA 	Keypress: o
519.5993 	Level injecting via pump at address 0 	25
525.5981 	DATA 	Keypress: o
525.5997 	DATA 	Keypress: o
525.6010 	DATA 	Keypress: o
525.6184 	Level WAIT 	25
526.6022 	Level RINSE 	25
528.5969 	DATA 	Keypress: o
528.6027 	Level jitter 	25
531.5925 	Level finished 	25
531.5937 	DATA 	Keypress: o
531.5947 	DATA 	Keypress: o
531.6023 	Level image=tasty.jpg 	25
532.5979 	Level injecting via pump at address 1 	25
538.5986 	DATA 	Keypress: o
538.6000 	DATA 	Keypress: o
538.6013 	DATA 	Keypress: o
538.6170 	Level WAIT 	25
539.5950 	DATA 	Keypress: o
539.6038 	Level RINSE 	25
541.5977 	DATA 	Keypress: o
541.6008 	Level jitter 	25
543.5925 	Level finished 	25
543.5938 	DATA 	Keypress: o
543.6048 	Level image=waterlogo.jpg 	25
544.6023 	Level injecting via pump at address 0 	25
550.5982 	DATA 	Keypress: o
550.5994 	DATA 	Keypress: o
550.6007 	DATA 	Keypress: o
550.6044 	Level WAIT 	25
551.5955 	DATA 	Keypress: o
551.5987 	Level RINSE 	25
553.5976 	DATA 	Keypress: o
553.6053 	Level jitter 	25
561.5925 	Level finished 	25
561.5939 	DATA 	Keypress: o
561.5952 	DATA 	Keypress: o
561.5965 	DATA 	Keypress: o
561.5977 	DATA 	Keypress: o
561.6062 	Level image=tasty.jpg 	25
562.6060 	Level injecting via pump at address 1 	25
568.5981 	DATA 	Keypress: o
568.5994 	DATA 	Keypress: o
568.6005 	DATA 	Keypress: o
568.6065 	Level WAIT 	25
569.5954 	DATA 	Keypress: o
569.6055 	Level RINSE 	25
571.5987 	DATA 	Keypress: o
571.6076 	Level jitter 	25
573.5925 	Level finished 	25
573.5937 	DATA 	Keypress: o
573.6013 	Level image=waterlogo.jpg 	25
574.6074 	Level injecting via pump at address 0 	25
580.5980 	DATA 	Keypress: o
580.5992 	DATA 	Keypress: o
580.6002 	DATA 	Keypress: o
580.6079 	Level WAIT 	25
581.5952 	DATA 	Keypress: o
581.6092 	Level RINSE 	25
583.5975 	DATA 	Keypress: o
583.6088 	Level jitter 	25
590.5925 	Level finished 	25
