77.9523 	DATA 	Keypress: o
77.9533 	Level start key press 	25
79.9515 	DATA 	Keypress: o
81.9509 	DATA 	Keypress: o
83.9517 	DATA 	Keypress: o
85.9521 	DATA 	Keypress: o
86.4832 	Level image=tasty.jpg 	25
87.4337 	Level injecting via pump at address 1 	25
93.4225 	DATA 	Keypress: o
93.4237 	DATA 	Keypress: o
93.4247 	DATA 	Keypress: o
93.4506 	Level WAIT 	25
94.4190 	DATA 	Keypress: o
94.4341 	Level RINSE 	25
96.4298 	DATA 	Keypress: o
96.4509 	Level jitter 	25
105.4164 	Level finished 	25
105.4177 	DATA 	Keypress: o
105.4189 	DATA 	Keypress: o
105.4199 	DATA 	Keypress: o
105.4207 	DATA 	Keypress: o
105.4524 	Level image=waterlogo.jpg 	25
106.4188 	DATA 	Keypress: o
106.4355 	Level injecting via pump at address 0 	25
112.4209 	DATA 	Keypress: o
112.4219 	DATA 	Keypress: o
112.4228 	DATA 	Keypress: o
112.4528 	Level WAIT 	25
113.4364 	Level RINSE 	25
115.4217 	DATA 	Keypress: o
115.4369 	Level jitter 	25
119.4164 	Level finished 	25
119.4183 	DATA 	Keypress: o
119.4197 	DATA 	Keypress: o
119.4370 	Level image=tasty.jpg 	25
120.4190 	DATA 	Keypress: o
120.4371 	Level injecting via pump at address 1 	25
126.4220 	DATA 	Keypress: o
126.4234 	DATA 	Keypress: o
126.4244 	DATA 	Keypress: o
126.4382 	Level WAIT 	25
127.4380 	Level RINSE 	25
129.4214 	DATA 	Keypress: o
129.4381 	Level jitter 	25
133.4164 	Level finished 	25
133.4176 	DATA 	Keypress: o
133.4187 	DATA 	Keypress: o
133.4386 	Level image=waterlogo.jpg 	25
134.4190 	DATA 	Keypress: o
134.4388 	Level injecting via pump at address 0 	25
140.4225 	DATA 	Keypress: o
140.4238 	DATA 	Keypress: o
140.4250 	DATA 	Keypress: o
140.4565 	Level WAIT 	25
141.4230 	Level RINSE 	25
143.4209 	DATA 	Keypress: o
143.4398 	Level jitter 	25
147.4164 	Level finished 	25
147.4178 	DATA 	Keypress: o
147.4191 	DATA 	Keypress: o
147.4402 	Level image=waterlogo.jpg 	25
148.4191 	DATA 	Keypress: o
148.4404 	Level injecting via pump at address 0 	25
154.4222 	DATA 	Keypress: o
154.4234 	DATA 	Keypress: o
154.4249 	DATA 	Keypress: o
154.4415 	Level WAIT 	25
155.4413 	Level RINSE 	25
157.4211 	DATA 	Keypress: o
157.4415 	Level jitter 	25
161.4164 	Level finished 	25
161.4181 	DATA 	Keypress: o
161.4193 	DATA 	Keypress: o
161.4419 	Level image=tasty.jpg 	25
162.4192 	DATA 	Keypress: o
162.4419 	Level injecting via pump at address 1 	25
168.4216 	DATA 	Keypress: o
168.4228 	DATA 	Keypress: o
168.4237 	DATA 	Keypress: o
168.4431 	Level WAIT 	25
169.4261 	Level RINSE 	25
171.4220 	DATA 	Keypress: o
171.4431 	Level jitter 	25
177.4164 	Level finished 	25
177.4178 	DATA 	Keypress: o
177.4190 	DATA 	Keypress: o
177.4202 	DATA 	Keypress: o
177.4438 	Level image=waterlogo.jpg 	25
178.4190 	DATA 	Keypress: o
178.4443 	Level injecting via pump at address 0 	25
184.4220 	DATA 	Keypress: o
184.4233 	DATA 	Keypress: o
184.4244 	DATA 	Keypress: o
184.4446 	Level WAIT 	25
185.4280 	Level RINSE 	25
187.4218 	DATA 	Keypress: o
187.4449 	Level jitter 	25
190.4164 	Level finished 	25
190.4176 	DATA 	Keypress: o
190.4188 	DATA 	Keypress: o
190.4457 	Level image=tasty.jpg 	25
191.4288 	Level injecting via pump at address 1 	25
197.4214 	DATA 	Keypress: o
197.4226 	DATA 	Keypress: o
197.4238 	DATA 	Keypress: o
197.4294 	Level WAIT 	25
198.4191 	DATA 	Keypress: o
198.4296 	Level RINSE 	25
200.4214 	DATA 	Keypress: o
200.4302 	Level jitter 	25
203.4164 	Level finished 	25
203.4177 	DATA 	Keypress: o
203.4468 	Level image=waterlogo.jpg 	25
204.4192 	DATA 	Keypress: o
204.4303 	Level injecting via pump at address 0 	25
210.4227 	DATA 	Keypress: o
210.4241 	DATA 	Keypress: o
210.4253 	DATA 	Keypress: o
210.4314 	Level WAIT 	25
211.4311 	Level RINSE 	25
213.4214 	DATA 	Keypress: o
213.4313 	Level jitter 	25
217.4164 	Level finished 	25
217.4178 	DATA 	Keypress: o
217.4190 	DATA 	Keypress: o
217.4484 	Level image=waterlogo.jpg 	25
218.4190 	DATA 	Keypress: o
218.4486 	Level injecting via pump at address 0 	25
224.4218 	DATA 	Keypress: o
224.4230 	DATA 	Keypress: o
224.4242 	DATA 	Keypress: o
224.4497 	Level WAIT 	25
225.4328 	Level RINSE 	25
227.4218 	DATA 	Keypress: o
227.4496 	Level jitter 	25
232.4164 	Level finished 	25
232.4176 	DATA 	Keypress: o
232.4186 	DATA 	Keypress: o
232.4195 	DATA 	Keypress: o
232.4336 	Level image=tasty.jpg 	25
233.4336 	Level injecting via pump at address 1 	25
239.4219 	DATA 	Keypress: o
239.4231 	DATA 	Keypress: o
239.4242 	DATA 	Keypress: o
239.4348 	Level WAIT 	25
240.4188 	DATA 	Keypress: o
240.4344 	Level RINSE 	25
242.4216 	DATA 	Keypress: o
242.4347 	Level jitter 	25
245.4164 	Level finished 	25
245.4176 	DATA 	Keypress: o
245.4350 	Level image=waterlogo.jpg 	25
246.4192 	DATA 	Keypress: o
246.4352 	Level injecting via pump at address 0 	25
252.4225 	DATA 	Keypress: o
252.4240 	DATA 	Keypress: o
252.4252 	DATA 	Keypress: o
252.4530 	Level WAIT 	25
253.4193 	Level RINSE 	25
255.4218 	DATA 	Keypress: o
255.4362 	Level jitter 	25
263.4164 	Level finished 	25
263.4179 	DATA 	Keypress: o
263.4194 	DATA 	Keypress: o
263.4205 	DATA 	Keypress: o
263.4217 	DATA 	Keypress: o
263.4375 	Level image=tasty.jpg 	25
264.4190 	DATA 	Keypress: o
264.4373 	Level injecting via pump at address 1 	25
270.4212 	DATA 	Keypress: o
270.4226 	DATA 	Keypress: o
270.4239 	DATA 	Keypress: o
270.4379 	Level WAIT 	25
271.4381 	Level RINSE 	25
273.4214 	DATA 	Keypress: o
273.4387 	Level jitter 	25
275.4164 	Level finished 	25
275.4177 	DATA 	Keypress: o
275.4386 	Level image=tasty.jpg 	25
276.4192 	DATA 	Keypress: o
276.4387 	Level injecting via pump at address 1 	25
282.4220 	DATA 	Keypress: o
282.4231 	DATA 	Keypress: o
282.4240 	DATA 	Keypress: o
282.4395 	Level WAIT 	25
283.4400 	Level RINSE 	25
285.4209 	DATA 	Keypress: o
285.4397 	Level jitter 	25
287.4164 	Level finished 	25
287.4178 	DATA 	Keypress: o
287.4400 	Level image=waterlogo.jpg 	25
288.4189 	DATA 	Keypress: o
288.4401 	Level injecting via pump at address 0 	25
294.4214 	DATA 	Keypress: o
294.4227 	DATA 	Keypress: o
294.4237 	DATA 	Keypress: o
294.4412 	Level WAIT 	25
295.4409 	Level RINSE 	25
297.4208 	DATA 	Keypress: o
297.4244 	Level jitter 	25
300.4164 	Level finished 	25
300.4177 	DATA 	Keypress: o
300.4188 	DATA 	Keypress: o
300.4415 	Level image=tasty.jpg 	25
301.4417 	Level injecting via pump at address 1 	25
307.4209 	DATA 	Keypress: o
307.4218 	DATA 	Keypress: o
307.4228 	DATA 	Keypress: o
307.4427 	Level WAIT 	25
308.4192 	DATA 	Keypress: o
308.4424 	Level RINSE 	25
310.4218 	DATA 	Keypress: o
310.4427 	Level jitter 	25
312.4164 	Level finished 	25
312.4180 	DATA 	Keypress: o
312.4429 	Level image=waterlogo.jpg 	25
313.4263 	Level injecting via pump at address 0 	25
319.4220 	DATA 	Keypress: o
319.4234 	DATA 	Keypress: o
319.4248 	DATA 	Keypress: o
319.4441 	Level WAIT 	25
320.4193 	DATA 	Keypress: o
320.4438 	Level RINSE 	25
322.4209 	DATA 	Keypress: o
322.4274 	Level jitter 	25
323.4164 	Level finished 	25
323.4442 	Level image=tasty.jpg 	25
324.4192 	DATA 	Keypress: o
324.4444 	Level injecting via pump at address 1 	25
330.4221 	DATA 	Keypress: o
330.4233 	DATA 	Keypress: o
330.4245 	DATA 	Keypress: o
330.4453 	Level WAIT 	25
331.4451 	Level RINSE 	25
333.4219 	DATA 	Keypress: o
333.4453 	Level jitter 	25
335.4164 	Level finished 	25
335.4177 	DATA 	Keypress: o
335.4290 	Level image=waterlogo.jpg 	25
336.4191 	DATA 	Keypress: o
336.4458 	Level injecting via pump at address 0 	25
342.4221 	DATA 	Keypress: o
342.4232 	DATA 	Keypress: o
342.4244 	DATA 	Keypress: o
342.4468 	Level WAIT 	25
343.4465 	Level RINSE 	25
345.4217 	DATA 	Keypress: o
345.4468 	Level jitter 	25
351.4164 	Level finished 	25
351.4178 	DATA 	Keypress: o
351.4190 	DATA 	Keypress: o
351.4202 	DATA 	Keypress: o
351.4475 	Level image=waterlogo.jpg 	25
352.4192 	DATA 	Keypress: o
352.4480 	Level injecting via pump at address 0 	25
358.4213 	DATA 	Keypress: o
358.4226 	DATA 	Keypress: o
358.4239 	DATA 	Keypress: o
358.4483 	Level WAIT 	25
359.4484 	Level RINSE 	25
361.4225 	DATA 	Keypress: o
361.4486 	Level jitter 	25
364.4164 	Level finished 	25
364.4178 	DATA 	Keypress: o
364.4190 	DATA 	Keypress: o
364.4494 	Level image=tasty.jpg 	25
365.4491 	Level injecting via pump at address 1 	25
371.4217 	DATA 	Keypress: o
371.4227 	DATA 	Keypress: o
371.4236 	DATA 	Keypress: o
371.4497 	Level WAIT 	25
372.4192 	DATA 	Keypress: o
372.4332 	Level RINSE 	25
374.4239 	DATA 	Keypress: o
374.4504 	Level jitter 	25
382.4164 	Level finished 	25
382.4178 	DATA 	Keypress: o
382.4189 	DATA 	Keypress: o
382.4199 	DATA 	Keypress: o
382.4211 	DATA 	Keypress: o
382.4344 	Level image=waterlogo.jpg 	25
383.4346 	Level injecting via pump at address 0 	25
389.4222 	DATA 	Keypress: o
389.4236 	DATA 	Keypress: o
389.4249 	DATA 	Keypress: o
389.4523 	Level WAIT 	25
390.4192 	DATA 	Keypress: o
390.4519 	Level RINSE 	25
392.4222 	DATA 	Keypress: o
392.4355 	Level jitter 	25
397.4164 	Level finished 	25
397.4176 	DATA 	Keypress: o
397.4186 	DATA 	Keypress: o
397.4362 	Level image=tasty.jpg 	25
398.4191 	DATA 	Keypress: o
398.4363 	Level injecting via pump at address 1 	25
404.4219 	DATA 	Keypress: o
404.4234 	DATA 	Keypress: o
404.4245 	DATA 	Keypress: o
404.4373 	Level WAIT 	25
405.4371 	Level RINSE 	25
407.4217 	DATA 	Keypress: o
407.4374 	Level jitter 	25
411.4164 	Level finished 	25
411.4176 	DATA 	Keypress: o
411.4186 	DATA 	Keypress: o
411.4378 	Level image=waterlogo.jpg 	25
412.4192 	DATA 	Keypress: o
412.4380 	Level injecting via pump at address 0 	25
418.4221 	DATA 	Keypress: o
418.4234 	DATA 	Keypress: o
418.4247 	DATA 	Keypress: o
418.4557 	Level WAIT 	25
419.4388 	Level RINSE 	25
421.4214 	DATA 	Keypress: o
421.4390 	Level jitter 	25
426.4164 	Level finished 	25
426.4178 	DATA 	Keypress: o
426.4190 	DATA 	Keypress: o
426.4200 	DATA 	Keypress: o
426.4395 	Level image=tasty.jpg 	25
427.4397 	Level injecting via pump at address 1 	25
433.4219 	DATA 	Keypress: o
433.4232 	DATA 	Keypress: o
433.4244 	DATA 	Keypress: o
433.4408 	Level WAIT 	25
434.4192 	DATA 	Keypress: o
434.4406 	Level RINSE 	25
436.4209 	DATA 	Keypress: o
436.4407 	Level jitter 	25
445.4164 	Level finished 	25
445.4177 	DATA 	Keypress: o
445.4187 	DATA 	Keypress: o
445.4196 	DATA 	Keypress: o
445.4206 	DATA 	Keypress: o
445.4422 	Level image=waterlogo.jpg 	25
446.4189 	DATA 	Keypress: o
446.4419 	Level injecting via pump at address 0 	25
452.4217 	DATA 	Keypress: o
452.4228 	DATA 	Keypress: o
452.4237 	DATA 	Keypress: o
452.4426 	Level WAIT 	25
453.4260 	Level RINSE 	25
455.4212 	DATA 	Keypress: o
455.4434 	Level jitter 	25
464.4164 	Level finished 	25
464.4178 	DATA 	Keypress: o
464.4192 	DATA 	Keypress: o
464.4204 	DATA 	Keypress: o
464.4216 	DATA 	Keypress: o
464.4227 	DATA 	Keypress: o
464.4441 	Level image=tasty.jpg 	25
465.4447 	Level injecting via pump at address 1 	25
471.4214 	DATA 	Keypress: o
471.4225 	DATA 	Keypress: o
471.4234 	DATA 	Keypress: o
471.4448 	Level WAIT 	25
472.4194 	DATA 	Keypress: o
472.4283 	Level RINSE 	25
474.4218 	DATA 	Keypress: o
474.4451 	Level jitter 	25
478.4164 	Level finished 	25
478.4179 	DATA 	Keypress: o
478.4193 	DATA 	Keypress: o
478.4294 	Level image=tasty.jpg 	25
479.4291 	Level injecting via pump at address 1 	25
485.4215 	DATA 	Keypress: o
485.4225 	DATA 	Keypress: o
485.4234 	DATA 	Keypress: o
485.4465 	Level WAIT 	25
486.4193 	DATA 	Keypress: o
486.4466 	Level RINSE 	25
488.4210 	DATA 	Keypress: o
488.4306 	Level jitter 	25
491.4164 	Level finished 	25
491.4176 	DATA 	Keypress: o
491.4305 	Level image=waterlogo.jpg 	25
492.4191 	DATA 	Keypress: o
492.4306 	Level injecting via pump at address 0 	25
498.4229 	DATA 	Keypress: o
498.4241 	DATA 	Keypress: o
498.4252 	DATA 	Keypress: o
498.4483 	Level WAIT 	25
499.4482 	Level RINSE 	25
501.4216 	DATA 	Keypress: o
501.4316 	Level jitter 	25
502.4164 	Level finished 	25
502.4177 	DATA 	Keypress: o
502.4485 	Level image=tasty.jpg 	25
503.4320 	Level injecting via pump at address 1 	25
509.4224 	DATA 	Keypress: o
509.4237 	DATA 	Keypress: o
509.4249 	DATA 	Keypress: o
509.4330 	Level WAIT 	25
510.4188 	DATA 	Keypress: o
510.4327 	Level RINSE 	25
512.4212 	DATA 	Keypress: o
512.4329 	Level jitter 	25
519.4164 	Level finished 	25
519.4179 	DATA 	Keypress: o
519.4193 	DATA 	Keypress: o
519.4205 	DATA 	Keypress: o
519.4343 	Level image=waterlogo.jpg 	25
520.4192 	DATA 	Keypress: o
520.4339 	Level injecting via pump at address 0 	25
526.4215 	DATA 	Keypress: o
526.4226 	DATA 	Keypress: o
526.4236 	DATA 	Keypress: o
526.4346 	Level WAIT 	25
527.4347 	Level RINSE 	25
529.4219 	DATA 	Keypress: o
529.4353 	Level jitter 	25
530.4164 	Level finished 	25
530.4177 	DATA 	Keypress: o
530.4517 	Level image=tasty.jpg 	25
531.4352 	Level injecting via pump at address 1 	25
537.4216 	DATA 	Keypress: o
537.4229 	DATA 	Keypress: o
537.4239 	DATA 	Keypress: o
537.4358 	Level WAIT 	25
538.4191 	DATA 	Keypress: o
538.4361 	Level RINSE 	25
540.4207 	DATA 	Keypress: o
540.4533 	Level jitter 	25
546.4164 	Level finished 	25
