56.5754 	DATA 	Keypress: o
56.5762 	Level start key press 	25
58.5760 	DATA 	Keypress: o
60.5761 	DATA 	Keypress: o
62.5762 	DATA 	Keypress: o
64.5763 	DATA 	Keypress: o
64.9741 	Level image=tasty.jpg 	25
65.9080 	Level injecting via pump at address 1 	25
71.8967 	DATA 	Keypress: o
71.8981 	DATA 	Keypress: o
71.8993 	DATA 	Keypress: o
71.9078 	Level WAIT 	25
72.8931 	DATA 	Keypress: o
72.9079 	Level RINSE 	25
74.9039 	DATA 	Keypress: o
74.9081 	Level jitter 	25
83.8907 	Level finished 	25
83.8920 	DATA 	Keypress: o
83.8931 	DATA 	Keypress: o
83.8943 	DATA 	Keypress: o
83.8955 	DATA 	Keypress: o
83.9259 	Level image=waterlogo.jpg 	25
84.8932 	DATA 	Keypress: o
84.9088 	Level injecting via pump at address 0 	25
90.8958 	DATA 	Keypress: o
90.8970 	DATA 	Keypress: o
90.8980 	DATA 	Keypress: o
90.9092 	Level WAIT 	25
91.9093 	Level RINSE 	25
93.8961 	DATA 	Keypress: o
93.9099 	Level jitter 	25
97.8907 	Level finished 	25
97.8923 	DATA 	Keypress: o
97.8935 	DATA 	Keypress: o
97.9097 	Level image=tasty.jpg 	25
98.8946 	DATA 	Keypress: o
98.9098 	Level injecting via pump at address 1 	25
104.8962 	DATA 	Keypress: o
104.8977 	DATA 	Keypress: o
104.8991 	DATA 	Keypress: o
104.9272 	Level WAIT 	25
105.9103 	Level RINSE 	25
107.8964 	DATA 	Keypress: o
107.9104 	Level jitter 	25
111.8907 	Level finished 	25
111.8920 	DATA 	Keypress: o
111.8931 	DATA 	Keypress: o
111.9274 	Level image=waterlogo.jpg 	25
112.8940 	DATA 	Keypress: o
112.9108 	Level injecting via pump at address 0 	25
118.8959 	DATA 	Keypress: o
118.8969 	DATA 	Keypress: o
118.8979 	DATA 	Keypress: o
118.9116 	Level WAIT 	25
119.9112 	Level RINSE 	25
121.8960 	DATA 	Keypress: o
121.9113 	Level jitter 	25
125.8907 	Level finished 	25
125.8921 	DATA 	Keypress: o
125.8931 	DATA 	Keypress: o
125.9116 	Level image=waterlogo.jpg 	25
126.8932 	DATA 	Keypress: o
126.9117 	Level injecting via pump at address 0 	25
132.8960 	DATA 	Keypress: o
132.8971 	DATA 	Keypress: o
132.8982 	DATA 	Keypress: o
132.9125 	Level WAIT 	25
133.9122 	Level RINSE 	25
135.8956 	DATA 	Keypress: o
135.9123 	Level jitter 	25
139.8907 	Level finished 	25
139.8919 	DATA 	Keypress: o
139.8930 	DATA 	Keypress: o
139.9293 	Level image=tasty.jpg 	25
140.8932 	DATA 	Keypress: o
140.9127 	Level injecting via pump at address 1 	25
146.8963 	DATA 	Keypress: o
146.8977 	DATA 	Keypress: o
146.8989 	DATA 	Keypress: o
146.9135 	Level WAIT 	25
147.9132 	Level RINSE 	25
149.8965 	DATA 	Keypress: o
149.9133 	Level jitter 	25
155.8907 	Level finished 	25
155.8920 	DATA 	Keypress: o
155.8931 	DATA 	Keypress: o
155.8944 	DATA 	Keypress: o
155.9305 	Level image=waterlogo.jpg 	25
156.8935 	DATA 	Keypress: o
156.9143 	Level injecting via pump at address 0 	25
162.8953 	DATA 	Keypress: o
162.8963 	DATA 	Keypress: o
162.8973 	DATA 	Keypress: o
162.9141 	Level WAIT 	25
163.9143 	Level RINSE 	25
165.8958 	DATA 	Keypress: o
165.9144 	Level jitter 	25
168.8907 	Level finished 	25
168.8919 	DATA 	Keypress: o
168.8931 	DATA 	Keypress: o
168.9150 	Level image=tasty.jpg 	25
169.9147 	Level injecting via pump at address 1 	25
175.8954 	DATA 	Keypress: o
175.8966 	DATA 	Keypress: o
175.8976 	DATA 	Keypress: o
175.9150 	Level WAIT 	25
176.8932 	DATA 	Keypress: o
176.9151 	Level RINSE 	25
178.8956 	DATA 	Keypress: o
178.9157 	Level jitter 	25
181.8907 	Level finished 	25
181.8919 	DATA 	Keypress: o
181.9156 	Level image=waterlogo.jpg 	25
182.8936 	DATA 	Keypress: o
182.9156 	Level injecting via pump at address 0 	25
188.8962 	DATA 	Keypress: o
188.8972 	DATA 	Keypress: o
188.8982 	DATA 	Keypress: o
188.9164 	Level WAIT 	25
189.9160 	Level RINSE 	25
191.8958 	DATA 	Keypress: o
191.9162 	Level jitter 	25
195.8907 	Level finished 	25
195.8920 	DATA 	Keypress: o
195.8930 	DATA 	Keypress: o
195.9166 	Level image=waterlogo.jpg 	25
196.8930 	DATA 	Keypress: o
196.8998 	Level injecting via pump at address 0 	25
202.8960 	DATA 	Keypress: o
202.8973 	DATA 	Keypress: o
202.8985 	DATA 	Keypress: o
202.9173 	Level WAIT 	25
203.9004 	Level RINSE 	25
205.8952 	DATA 	Keypress: o
205.9005 	Level jitter 	25
210.8907 	Level finished 	25
210.8919 	DATA 	Keypress: o
210.8931 	DATA 	Keypress: o
210.8943 	DATA 	Keypress: o
210.9176 	Level image=tasty.jpg 	25
211.9176 	Level injecting via pump at address 1 	25
217.8970 	DATA 	Keypress: o
217.8989 	DATA 	Keypress: o
217.9005 	DATA 	Keypress: o
217.9183 	Level WAIT 	25
218.8931 	DATA 	Keypress: o
218.9015 	Level RINSE 	25
220.8957 	DATA 	Keypress: o
220.9182 	Level jitter 	25
223.8907 	Level finished 	25
223.8920 	DATA 	Keypress: o
223.9185 	Level image=waterlogo.jpg 	25
224.8936 	DATA 	Keypress: o
224.9018 	Level injecting via pump at address 0 	25
230.8952 	DATA 	Keypress: o
230.8963 	DATA 	Keypress: o
230.8973 	DATA 	Keypress: o
230.9026 	Level WAIT 	25
231.9022 	Level RINSE 	25
233.8960 	DATA 	Keypress: o
233.9190 	Level jitter 	25
241.8907 	Level finished 	25
241.8920 	DATA 	Keypress: o
241.8932 	DATA 	Keypress: o
241.8945 	DATA 	Keypress: o
241.8957 	DATA 	Keypress: o
241.9200 	Level image=tasty.jpg 	25
242.8936 	DATA 	Keypress: o
242.9197 	Level injecting via pump at address 1 	25
248.8958 	DATA 	Keypress: o
248.8969 	DATA 	Keypress: o
248.8980 	DATA 	Keypress: o
248.9201 	Level WAIT 	25
249.9036 	Level RINSE 	25
251.8958 	DATA 	Keypress: o
251.9207 	Level jitter 	25
253.8907 	Level finished 	25
253.8918 	DATA 	Keypress: o
253.9206 	Level image=tasty.jpg 	25
254.8936 	DATA 	Keypress: o
254.9206 	Level injecting via pump at address 1 	25
260.8966 	DATA 	Keypress: o
260.8977 	DATA 	Keypress: o
260.8986 	DATA 	Keypress: o
260.9209 	Level WAIT 	25
261.9215 	Level RINSE 	25
263.8952 	DATA 	Keypress: o
263.9211 	Level jitter 	25
265.8907 	Level finished 	25
265.8918 	DATA 	Keypress: o
265.9046 	Level image=waterlogo.jpg 	25
266.8931 	DATA 	Keypress: o
266.9048 	Level injecting via pump at address 0 	25
272.8961 	DATA 	Keypress: o
272.8975 	DATA 	Keypress: o
272.8988 	DATA 	Keypress: o
272.9221 	Level WAIT 	25
273.9218 	Level RINSE 	25
275.8959 	DATA 	Keypress: o
275.9053 	Level jitter 	25
278.8907 	Level finished 	25
278.8923 	DATA 	Keypress: o
278.8937 	DATA 	Keypress: o
278.9222 	Level image=tasty.jpg 	25
279.9056 	Level injecting via pump at address 1 	25
285.8971 	DATA 	Keypress: o
285.8985 	DATA 	Keypress: o
285.8998 	DATA 	Keypress: o
285.9230 	Level WAIT 	25
286.8936 	DATA 	Keypress: o
286.9227 	Level RINSE 	25
288.8968 	DATA 	Keypress: o
288.9228 	Level jitter 	25
290.8907 	Level finished 	25
290.8919 	DATA 	Keypress: o
290.9065 	Level image=waterlogo.jpg 	25
291.9065 	Level injecting via pump at address 0 	25
297.8960 	DATA 	Keypress: o
297.8974 	DATA 	Keypress: o
297.8987 	DATA 	Keypress: o
297.9239 	Level WAIT 	25
298.8935 	DATA 	Keypress: o
298.9236 	Level RINSE 	25
300.8952 	DATA 	Keypress: o
300.9070 	Level jitter 	25
301.8907 	Level finished 	25
301.9238 	Level image=tasty.jpg 	25
302.8936 	DATA 	Keypress: o
302.9072 	Level injecting via pump at address 1 	25
308.8962 	DATA 	Keypress: o
308.8975 	DATA 	Keypress: o
308.8987 	DATA 	Keypress: o
308.9080 	Level WAIT 	25
309.9077 	Level RINSE 	25
311.8961 	DATA 	Keypress: o
311.9245 	Level jitter 	25
313.8907 	Level finished 	25
313.8920 	DATA 	Keypress: o
313.9246 	Level image=waterlogo.jpg 	25
314.8933 	DATA 	Keypress: o
314.9247 	Level injecting via pump at address 0 	25
320.8963 	DATA 	Keypress: o
320.8973 	DATA 	Keypress: o
320.8984 	DATA 	Keypress: o
320.9254 	Level WAIT 	25
321.9085 	Level RINSE 	25
323.8961 	DATA 	Keypress: o
323.9253 	Level jitter 	25
329.8907 	Level finished 	25
329.8921 	DATA 	Keypress: o
329.8932 	DATA 	Keypress: o
329.8942 	DATA 	Keypress: o
329.9257 	Level image=waterlogo.jpg 	25
330.8933 	DATA 	Keypress: o
330.9096 	Level injecting via pump at address 0 	25
336.8960 	DATA 	Keypress: o
336.8976 	DATA 	Keypress: o
336.8991 	DATA 	Keypress: o
336.9261 	Level WAIT 	25
337.9095 	Level RINSE 	25
339.8960 	DATA 	Keypress: o
339.9264 	Level jitter 	25
342.8907 	Level finished 	25
342.8921 	DATA 	Keypress: o
342.8934 	DATA 	Keypress: o
342.9270 	Level image=tasty.jpg 	25
343.9100 	Level injecting via pump at address 1 	25
349.8961 	DATA 	Keypress: o
349.8975 	DATA 	Keypress: o
349.8991 	DATA 	Keypress: o
349.9105 	Level WAIT 	25
350.8933 	DATA 	Keypress: o
350.9105 	Level RINSE 	25
352.8966 	DATA 	Keypress: o
352.9110 	Level jitter 	25
360.8907 	Level finished 	25
360.8922 	DATA 	Keypress: o
360.8937 	DATA 	Keypress: o
360.8950 	DATA 	Keypress: o
360.8962 	DATA 	Keypress: o
360.9278 	Level image=waterlogo.jpg 	25
361.8946 	Level injecting via pump at address 0 	25
367.8967 	DATA 	Keypress: o
367.8980 	DATA 	Keypress: o
367.8993 	DATA 	Keypress: o
367.9286 	Level WAIT 	25
368.8935 	DATA 	Keypress: o
368.9117 	Level RINSE 	25
370.8952 	DATA 	Keypress: o
370.9118 	Level jitter 	25
375.8907 	Level finished 	25
375.8919 	DATA 	Keypress: o
375.8932 	DATA 	Keypress: o
375.9122 	Level image=tasty.jpg 	25
376.8932 	DATA 	Keypress: o
376.9124 	Level injecting via pump at address 1 	25
382.8955 	DATA 	Keypress: o
382.8965 	DATA 	Keypress: o
382.8975 	DATA 	Keypress: o
382.9131 	Level WAIT 	25
383.8961 	Level RINSE 	25
385.8956 	DATA 	Keypress: o
385.9128 	Level jitter 	25
389.8907 	Level finished 	25
389.8919 	DATA 	Keypress: o
389.8931 	DATA 	Keypress: o
389.9298 	Level image=waterlogo.jpg 	25
390.8936 	DATA 	Keypress: o
390.9133 	Level injecting via pump at address 0 	25
396.8963 	DATA 	Keypress: o
396.8975 	DATA 	Keypress: o
396.8985 	DATA 	Keypress: o
396.9140 	Level WAIT 	25
397.9137 	Level RINSE 	25
399.8958 	DATA 	Keypress: o
399.9138 	Level jitter 	25
404.8907 	Level finished 	25
404.8923 	DATA 	Keypress: o
404.8937 	DATA 	Keypress: o
404.8950 	DATA 	Keypress: o
404.9309 	Level image=tasty.jpg 	25
405.8976 	Level injecting via pump at address 1 	25
411.8958 	DATA 	Keypress: o
411.8969 	DATA 	Keypress: o
411.8979 	DATA 	Keypress: o
411.9151 	Level WAIT 	25
412.8937 	DATA 	Keypress: o
412.9148 	Level RINSE 	25
414.8961 	DATA 	Keypress: o
414.9148 	Level jitter 	25
423.8907 	Level finished 	25
423.8920 	DATA 	Keypress: o
423.8932 	DATA 	Keypress: o
423.8942 	DATA 	Keypress: o
423.8954 	DATA 	Keypress: o
423.9327 	Level image=waterlogo.jpg 	25
424.8934 	DATA 	Keypress: o
424.8989 	Level injecting via pump at address 0 	25
430.8953 	DATA 	Keypress: o
430.8964 	DATA 	Keypress: o
430.8975 	DATA 	Keypress: o
430.9159 	Level WAIT 	25
431.9160 	Level RINSE 	25
433.8958 	DATA 	Keypress: o
433.8999 	Level jitter 	25
442.8907 	Level finished 	25
442.8922 	DATA 	Keypress: o
442.8935 	DATA 	Keypress: o
442.8945 	DATA 	Keypress: o
442.8955 	DATA 	Keypress: o
442.8964 	DATA 	Keypress: o
442.9336 	Level image=tasty.jpg 	25
443.9008 	Level injecting via pump at address 1 	25
449.8958 	DATA 	Keypress: o
449.8972 	DATA 	Keypress: o
449.8985 	DATA 	Keypress: o
449.9173 	Level WAIT 	25
450.8936 	DATA 	Keypress: o
450.9175 	Level RINSE 	25
452.8955 	DATA 	Keypress: o
452.9008 	Level jitter 	25
456.8907 	Level finished 	25
456.8921 	DATA 	Keypress: o
456.8934 	DATA 	Keypress: o
456.9182 	Level image=tasty.jpg 	25
457.9179 	Level injecting via pump at address 1 	25
463.8961 	DATA 	Keypress: o
463.8972 	DATA 	Keypress: o
463.8983 	DATA 	Keypress: o
463.9183 	Level WAIT 	25
464.8932 	DATA 	Keypress: o
464.9016 	Level RINSE 	25
466.8956 	DATA 	Keypress: o
466.9189 	Level jitter 	25
469.8907 	Level finished 	25
469.8919 	DATA 	Keypress: o
469.9187 	Level image=waterlogo.jpg 	25
470.8931 	DATA 	Keypress: o
470.9188 	Level injecting via pump at address 0 	25
476.8961 	DATA 	Keypress: o
476.8973 	DATA 	Keypress: o
476.8984 	DATA 	Keypress: o
476.9197 	Level WAIT 	25
477.9025 	Level RINSE 	25
479.8959 	DATA 	Keypress: o
479.9195 	Level jitter 	25
480.8907 	Level finished 	25
480.8918 	DATA 	Keypress: o
480.9028 	Level image=tasty.jpg 	25
481.9028 	Level injecting via pump at address 1 	25
487.8961 	DATA 	Keypress: o
487.8977 	DATA 	Keypress: o
487.8993 	DATA 	Keypress: o
487.9202 	Level WAIT 	25
488.8934 	DATA 	Keypress: o
488.9200 	Level RINSE 	25
490.8962 	DATA 	Keypress: o
490.9035 	Level jitter 	25
497.8907 	Level finished 	25
497.8922 	DATA 	Keypress: o
497.8933 	DATA 	Keypress: o
497.8945 	DATA 	Keypress: o
497.9210 	Level image=waterlogo.jpg 	25
498.8936 	DATA 	Keypress: o
498.9207 	Level injecting via pump at address 0 	25
504.8965 	DATA 	Keypress: o
504.8978 	DATA 	Keypress: o
504.8990 	DATA 	Keypress: o
504.9211 	Level WAIT 	25
505.9046 	Level RINSE 	25
507.8981 	DATA 	Keypress: o
507.9218 	Level jitter 	25
508.8907 	Level finished 	25
508.8918 	DATA 	Keypress: o
508.9047 	Level image=tasty.jpg 	25
509.9048 	Level injecting via pump at address 1 	25
515.8955 	DATA 	Keypress: o
515.8966 	DATA 	Keypress: o
515.8977 	DATA 	Keypress: o
515.9052 	Level WAIT 	25
516.8931 	DATA 	Keypress: o
516.9219 	Level RINSE 	25
518.8960 	DATA 	Keypress: o
518.9059 	Level jitter 	25
524.8907 	Level finished 	25
