65.9880 	DATA 	Keypress: o
65.9887 	Level start key press 	25
67.9991 	DATA 	Keypress: o
69.9992 	DATA 	Keypress: o
71.9993 	DATA 	Keypress: o
73.9994 	DATA 	Keypress: o
74.3400 	Level image=waterlogo.jpg 	25
75.2976 	Level injecting via pump at address 0 	25
81.2863 	DATA 	Keypress: o
81.2879 	DATA 	Keypress: o
81.2894 	DATA 	Keypress: o
82.2831 	DATA 	Keypress: o
84.2936 	DATA 	Keypress: o
93.2804 	Level finished 	25
93.2815 	DATA 	Keypress: o
93.2825 	DATA 	Keypress: o
93.2834 	DATA 	Keypress: o
93.2844 	DATA 	Keypress: o
93.2893 	Level image=waterlogo.jpg 	25
94.2831 	DATA 	Keypress: o
94.2985 	Level injecting via pump at address 0 	25
100.2857 	DATA 	Keypress: o
100.2870 	DATA 	Keypress: o
100.2880 	DATA 	Keypress: o
103.2857 	DATA 	Keypress: o
108.2804 	Level finished 	25
108.2816 	DATA 	Keypress: o
108.2826 	DATA 	Keypress: o
108.2837 	DATA 	Keypress: o
108.2881 	Level image=tasty.jpg 	25
109.2995 	Level injecting via pump at address 0 	25
115.2858 	DATA 	Keypress: o
115.2872 	DATA 	Keypress: o
115.2883 	DATA 	Keypress: o
116.2829 	DATA 	Keypress: o
118.2850 	DATA 	Keypress: o
119.2804 	Level finished 	25
119.2842 	Level image=tasty.jpg 	25
120.2832 	DATA 	Keypress: o
120.3003 	Level injecting via pump at address 1 	25
126.2865 	DATA 	Keypress: o
126.2877 	DATA 	Keypress: o
126.2888 	DATA 	Keypress: o
129.2859 	DATA 	Keypress: o
134.2804 	Level finished 	25
134.2817 	DATA 	Keypress: o
134.2829 	DATA 	Keypress: o
134.2839 	DATA 	Keypress: o
134.2881 	Level image=tasty.jpg 	25
135.3013 	Level injecting via pump at address 0 	25
141.2864 	DATA 	Keypress: o
141.2876 	DATA 	Keypress: o
141.2888 	DATA 	Keypress: o
142.2834 	DATA 	Keypress: o
144.2856 	DATA 	Keypress: o
148.2804 	Level finished 	25
148.2815 	DATA 	Keypress: o
148.2825 	DATA 	Keypress: o
148.2880 	Level image=waterlogo.jpg 	25
149.3023 	Level injecting via pump at address 0 	25
155.2858 	DATA 	Keypress: o
155.2873 	DATA 	Keypress: o
155.2886 	DATA 	Keypress: o
156.2830 	DATA 	Keypress: o
158.2857 	DATA 	Keypress: o
160.2804 	Level finished 	25
160.2815 	DATA 	Keypress: o
160.2854 	Level image=tasty.jpg 	25
161.3031 	Level injecting via pump at address 0 	25
167.2855 	DATA 	Keypress: o
167.2868 	DATA 	Keypress: o
167.2878 	DATA 	Keypress: o
168.2831 	DATA 	Keypress: o
170.2854 	DATA 	Keypress: o
178.2804 	Level finished 	25
178.2817 	DATA 	Keypress: o
178.2830 	DATA 	Keypress: o
178.2840 	DATA 	Keypress: o
178.2849 	DATA 	Keypress: o
178.2896 	Level image=waterlogo.jpg 	25
179.3044 	Level injecting via pump at address 0 	25
185.2857 	DATA 	Keypress: o
185.2870 	DATA 	Keypress: o
185.2880 	DATA 	Keypress: o
186.2828 	DATA 	Keypress: o
188.2853 	DATA 	Keypress: o
193.2804 	Level finished 	25
193.2817 	DATA 	Keypress: o
193.2828 	DATA 	Keypress: o
193.2868 	Level image=tasty.jpg 	25
194.2833 	DATA 	Keypress: o
194.2888 	Level injecting via pump at address 1 	25
200.2861 	DATA 	Keypress: o
200.2873 	DATA 	Keypress: o
200.2883 	DATA 	Keypress: o
203.2857 	DATA 	Keypress: o
205.2804 	Level finished 	25
205.2816 	DATA 	Keypress: o
205.2860 	Level image=tasty.jpg 	25
206.2831 	DATA 	Keypress: o
206.3062 	Level injecting via pump at address 0 	25
212.2865 	DATA 	Keypress: o
212.2878 	DATA 	Keypress: o
212.2891 	DATA 	Keypress: o
215.2851 	DATA 	Keypress: o
218.2804 	Level finished 	25
218.2815 	DATA 	Keypress: o
218.2825 	DATA 	Keypress: o
218.2871 	Level image=waterlogo.jpg 	25
219.2904 	Level injecting via pump at address 0 	25
225.2858 	DATA 	Keypress: o
225.2872 	DATA 	Keypress: o
225.2885 	DATA 	Keypress: o
226.2832 	DATA 	Keypress: o
228.2856 	DATA 	Keypress: o
236.2804 	Level finished 	25
236.2817 	DATA 	Keypress: o
236.2830 	DATA 	Keypress: o
236.2840 	DATA 	Keypress: o
236.2850 	DATA 	Keypress: o
236.2892 	Level image=tasty.jpg 	25
237.3083 	Level injecting via pump at address 0 	25
243.2862 	DATA 	Keypress: o
243.2877 	DATA 	Keypress: o
243.2889 	DATA 	Keypress: o
244.2832 	DATA 	Keypress: o
246.2858 	DATA 	Keypress: o
248.2804 	Level finished 	25
248.2815 	DATA 	Keypress: o
248.2855 	Level image=tasty.jpg 	25
249.3092 	Level injecting via pump at address 1 	25
255.2858 	DATA 	Keypress: o
255.2871 	DATA 	Keypress: o
255.2883 	DATA 	Keypress: o
256.2833 	DATA 	Keypress: o
258.2854 	DATA 	Keypress: o
267.2804 	Level finished 	25
267.2817 	DATA 	Keypress: o
267.2829 	DATA 	Keypress: o
267.2840 	DATA 	Keypress: o
267.2850 	DATA 	Keypress: o
267.2897 	Level image=waterlogo.jpg 	25
268.2832 	DATA 	Keypress: o
268.3104 	Level injecting via pump at address 0 	25
274.2859 	DATA 	Keypress: o
274.2873 	DATA 	Keypress: o
274.2886 	DATA 	Keypress: o
277.2858 	DATA 	Keypress: o
285.2804 	Level finished 	25
285.2818 	DATA 	Keypress: o
285.2830 	DATA 	Keypress: o
285.2840 	DATA 	Keypress: o
285.2850 	DATA 	Keypress: o
285.2896 	Level image=tasty.jpg 	25
286.2831 	DATA 	Keypress: o
286.2951 	Level injecting via pump at address 0 	25
292.2858 	DATA 	Keypress: o
292.2874 	DATA 	Keypress: o
292.2888 	DATA 	Keypress: o
295.2861 	DATA 	Keypress: o
297.2804 	Level finished 	25
297.2816 	DATA 	Keypress: o
297.2869 	Level image=waterlogo.jpg 	25
298.2828 	DATA 	Keypress: o
298.2960 	Level injecting via pump at address 0 	25
304.2866 	DATA 	Keypress: o
304.2879 	DATA 	Keypress: o
304.2891 	DATA 	Keypress: o
307.2858 	DATA 	Keypress: o
314.2804 	Level finished 	25
314.2817 	DATA 	Keypress: o
314.2829 	DATA 	Keypress: o
314.2838 	DATA 	Keypress: o
314.2848 	DATA 	Keypress: o
314.2895 	Level image=tasty.jpg 	25
315.3137 	Level injecting via pump at address 1 	25
321.2869 	DATA 	Keypress: o
321.2883 	DATA 	Keypress: o
321.2895 	DATA 	Keypress: o
322.2828 	DATA 	Keypress: o
324.2858 	DATA 	Keypress: o
329.2804 	Level finished 	25
329.2820 	DATA 	Keypress: o
329.2833 	DATA 	Keypress: o
329.2883 	Level image=tasty.jpg 	25
330.2831 	DATA 	Keypress: o
330.2981 	Level injecting via pump at address 0 	25
336.2855 	DATA 	Keypress: o
336.2867 	DATA 	Keypress: o
336.2877 	DATA 	Keypress: o
339.2853 	DATA 	Keypress: o
341.2804 	Level finished 	25
341.2815 	DATA 	Keypress: o
341.2854 	Level image=tasty.jpg 	25
342.2831 	DATA 	Keypress: o
342.2990 	Level injecting via pump at address 1 	25
348.2858 	DATA 	Keypress: o
348.2872 	DATA 	Keypress: o
348.2883 	DATA 	Keypress: o
351.2857 	DATA 	Keypress: o
354.2804 	Level finished 	25
354.2816 	DATA 	Keypress: o
354.2829 	DATA 	Keypress: o
354.2868 	Level image=tasty.jpg 	25
355.2999 	Level injecting via pump at address 0 	25
361.2859 	DATA 	Keypress: o
361.2870 	DATA 	Keypress: o
361.2879 	DATA 	Keypress: o
362.2829 	DATA 	Keypress: o
364.2856 	DATA 	Keypress: o
366.2804 	Level finished 	25
366.2815 	DATA 	Keypress: o
366.2853 	Level image=tasty.jpg 	25
367.3006 	Level injecting via pump at address 1 	25
373.2864 	DATA 	Keypress: o
373.2877 	DATA 	Keypress: o
373.2888 	DATA 	Keypress: o
374.2832 	DATA 	Keypress: o
376.2848 	DATA 	Keypress: o
380.2804 	Level finished 	25
380.2816 	DATA 	Keypress: o
380.2827 	DATA 	Keypress: o
380.2866 	Level image=tasty.jpg 	25
381.2850 	Level injecting via pump at address 0 	25
387.2858 	DATA 	Keypress: o
387.2872 	DATA 	Keypress: o
387.2882 	DATA 	Keypress: o
388.2831 	DATA 	Keypress: o
390.2860 	DATA 	Keypress: o
392.2804 	Level finished 	25
392.2815 	DATA 	Keypress: o
392.2862 	Level image=tasty.jpg 	25
393.3024 	Level injecting via pump at address 1 	25
399.2859 	DATA 	Keypress: o
399.2871 	DATA 	Keypress: o
399.2881 	DATA 	Keypress: o
400.2835 	DATA 	Keypress: o
402.2862 	DATA 	Keypress: o
410.2804 	Level finished 	25
410.2817 	DATA 	Keypress: o
410.2829 	DATA 	Keypress: o
410.2840 	DATA 	Keypress: o
410.2851 	DATA 	Keypress: o
410.2895 	Level image=tasty.jpg 	25
411.3037 	Level injecting via pump at address 0 	25
417.2862 	DATA 	Keypress: o
417.2876 	DATA 	Keypress: o
417.2888 	DATA 	Keypress: o
418.2832 	DATA 	Keypress: o
420.2853 	DATA 	Keypress: o
427.2804 	Level finished 	25
