58.1045 	DATA 	Keypress: o
58.1055 	Level start key press 	25
60.1044 	DATA 	Keypress: o
62.1194 	DATA 	Keypress: o
64.1043 	DATA 	Keypress: o
66.1501 	DATA 	Keypress: o
66.1652 	Level image=waterlogo.jpg 	25
67.0943 	Level injecting via pump at address 0 	25
73.0884 	DATA 	Keypress: o
73.0895 	DATA 	Keypress: o
73.0905 	DATA 	Keypress: o
73.0966 	Level WAIT 	25
74.0912 	Level RINSE 	25
76.0972 	DATA 	Keypress: o
76.1005 	Level jitter 	25
83.0832 	Level finished 	25
83.0846 	DATA 	Keypress: o
83.0858 	DATA 	Keypress: o
83.0870 	DATA 	Keypress: o
83.0883 	DATA 	Keypress: o
83.1016 	Level image=tasty.jpg 	25
84.0886 	Level injecting via pump at address 0 	25
90.0881 	DATA 	Keypress: o
90.0892 	DATA 	Keypress: o
90.0902 	DATA 	Keypress: o
90.1015 	Level WAIT 	25
91.0856 	DATA 	Keypress: o
91.1013 	Level RINSE 	25
93.0882 	DATA 	Keypress: o
93.1026 	Level jitter 	25
97.0832 	Level finished 	25
97.0848 	DATA 	Keypress: o
97.0861 	DATA 	Keypress: o
97.1027 	Level image=tasty.jpg 	25
98.0972 	Level injecting via pump at address 1 	25
104.0879 	DATA 	Keypress: o
104.0890 	DATA 	Keypress: o
104.0900 	DATA 	Keypress: o
104.0996 	Level WAIT 	25
105.0859 	DATA 	Keypress: o
105.0944 	Level RINSE 	25
107.0884 	DATA 	Keypress: o
107.1002 	Level jitter 	25
108.0832 	Level finished 	25
108.0942 	Level image=tasty.jpg 	25
109.0856 	DATA 	Keypress: o
109.0901 	Level injecting via pump at address 0 	25
115.0897 	DATA 	Keypress: o
115.0910 	DATA 	Keypress: o
115.0922 	DATA 	Keypress: o
115.1044 	Level WAIT 	25
116.1031 	Level RINSE 	25
118.0886 	DATA 	Keypress: o
118.0920 	Level jitter 	25
126.0832 	Level finished 	25
126.0846 	DATA 	Keypress: o
126.0859 	DATA 	Keypress: o
126.0871 	DATA 	Keypress: o
126.0882 	DATA 	Keypress: o
126.0995 	Level image=waterlogo.jpg 	25
127.0858 	DATA 	Keypress: o
127.0943 	Level injecting via pump at address 0 	25
133.0895 	DATA 	Keypress: o
133.0908 	DATA 	Keypress: o
133.0921 	DATA 	Keypress: o
133.0965 	Level WAIT 	25
134.0879 	Level RINSE 	25
136.0885 	DATA 	Keypress: o
136.0976 	Level jitter 	25
144.0832 	Level finished 	25
144.0847 	DATA 	Keypress: o
144.0864 	DATA 	Keypress: o
144.0881 	DATA 	Keypress: o
144.0898 	DATA 	Keypress: o
144.1053 	Level image=waterlogo.jpg 	25
145.0857 	DATA 	Keypress: o
145.0891 	Level injecting via pump at address 0 	25
151.0891 	DATA 	Keypress: o
151.0903 	DATA 	Keypress: o
151.0915 	DATA 	Keypress: o
151.1015 	Level WAIT 	25
152.0896 	Level RINSE 	25
154.0889 	DATA 	Keypress: o
154.1020 	Level jitter 	25
160.0832 	Level finished 	25
160.0848 	DATA 	Keypress: o
160.0864 	DATA 	Keypress: o
160.0877 	DATA 	Keypress: o
160.1043 	Level image=tasty.jpg 	25
161.0869 	DATA 	Keypress: o
161.0901 	Level injecting via pump at address 1 	25
167.0889 	DATA 	Keypress: o
167.0904 	DATA 	Keypress: o
167.0921 	DATA 	Keypress: o
167.1003 	Level WAIT 	25
168.0912 	Level RINSE 	25
170.0895 	DATA 	Keypress: o
170.1010 	Level jitter 	25
172.0832 	Level finished 	25
172.0844 	DATA 	Keypress: o
172.1076 	Level image=tasty.jpg 	25
173.0856 	DATA 	Keypress: o
173.0912 	Level injecting via pump at address 0 	25
179.0892 	DATA 	Keypress: o
179.0904 	DATA 	Keypress: o
179.0916 	DATA 	Keypress: o
179.1032 	Level WAIT 	25
180.0911 	Level RINSE 	25
182.0887 	DATA 	Keypress: o
182.0924 	Level jitter 	25
188.0832 	Level finished 	25
188.0845 	DATA 	Keypress: o
188.0856 	DATA 	Keypress: o
188.0867 	DATA 	Keypress: o
188.1063 	Level image=waterlogo.jpg 	25
189.0856 	DATA 	Keypress: o
189.0923 	Level injecting via pump at address 0 	25
195.0886 	DATA 	Keypress: o
195.0898 	DATA 	Keypress: o
195.0907 	DATA 	Keypress: o
195.1026 	Level WAIT 	25
196.0921 	Level RINSE 	25
198.0885 	DATA 	Keypress: o
198.0930 	Level jitter 	25
200.0832 	Level finished 	25
200.0843 	DATA 	Keypress: o
200.0931 	Level image=waterlogo.jpg 	25
201.0861 	DATA 	Keypress: o
201.0935 	Level injecting via pump at address 0 	25
207.0887 	DATA 	Keypress: o
207.0900 	DATA 	Keypress: o
207.0911 	DATA 	Keypress: o
207.1066 	Level WAIT 	25
208.0933 	Level RINSE 	25
210.0878 	DATA 	Keypress: o
210.0933 	Level jitter 	25
219.0832 	Level finished 	25
219.0847 	DATA 	Keypress: o
219.0861 	DATA 	Keypress: o
219.0873 	DATA 	Keypress: o
219.0885 	DATA 	Keypress: o
219.0898 	DATA 	Keypress: o
219.1097 	Level image=tasty.jpg 	25
220.0877 	Level injecting via pump at address 1 	25
226.0910 	DATA 	Keypress: o
226.0930 	DATA 	Keypress: o
226.0943 	DATA 	Keypress: o
226.0956 	DATA 	Keypress: o
226.1063 	Level WAIT 	25
227.0942 	Level RINSE 	25
229.0887 	DATA 	Keypress: o
229.0951 	Level jitter 	25
236.0832 	Level finished 	25
236.0846 	DATA 	Keypress: o
236.0859 	DATA 	Keypress: o
236.0870 	DATA 	Keypress: o
236.0957 	Level image=tasty.jpg 	25
237.0860 	DATA 	Keypress: o
237.0955 	Level injecting via pump at address 0 	25
243.0884 	DATA 	Keypress: o
243.0897 	DATA 	Keypress: o
243.0910 	DATA 	Keypress: o
243.0956 	Level WAIT 	25
244.0946 	Level RINSE 	25
246.0885 	DATA 	Keypress: o
246.0957 	Level jitter 	25
253.0832 	Level finished 	25
253.0848 	DATA 	Keypress: o
253.0863 	DATA 	Keypress: o
253.0877 	DATA 	Keypress: o
253.0892 	DATA 	Keypress: o
253.1137 	Level image=waterlogo.jpg 	25
254.0916 	Level injecting via pump at address 0 	25
260.0884 	DATA 	Keypress: o
260.0896 	DATA 	Keypress: o
260.0908 	DATA 	Keypress: o
260.0920 	DATA 	Keypress: o
260.0965 	Level WAIT 	25
261.0874 	Level RINSE 	25
263.0886 	DATA 	Keypress: o
263.0946 	Level jitter 	25
268.0832 	Level finished 	25
268.0846 	DATA 	Keypress: o
268.0860 	DATA 	Keypress: o
268.0923 	DATA 	Keypress: o
268.0982 	Level image=tasty.jpg 	25
269.0965 	Level injecting via pump at address 0 	25
275.0888 	DATA 	Keypress: o
275.0900 	DATA 	Keypress: o
275.0910 	DATA 	Keypress: o
275.0976 	Level WAIT 	25
276.0922 	Level RINSE 	25
278.0885 	DATA 	Keypress: o
278.0983 	Level jitter 	25
279.0832 	Level finished 	25
279.0844 	DATA 	Keypress: o
279.0932 	Level image=tasty.jpg 	25
280.0876 	Level injecting via pump at address 1 	25
286.0888 	DATA 	Keypress: o
286.0900 	DATA 	Keypress: o
286.0913 	DATA 	Keypress: o
286.0923 	DATA 	Keypress: o
286.0996 	Level WAIT 	25
287.0992 	Level RINSE 	25
289.0885 	DATA 	Keypress: o
289.0993 	Level jitter 	25
292.0832 	Level finished 	25
292.0844 	DATA 	Keypress: o
292.0911 	Level image=tasty.jpg 	25
293.0860 	DATA 	Keypress: o
293.0993 	Level injecting via pump at address 0 	25
299.0885 	DATA 	Keypress: o
299.0896 	DATA 	Keypress: o
299.0905 	DATA 	Keypress: o
299.0996 	Level WAIT 	25
300.0993 	Level RINSE 	25
302.0901 	DATA 	Keypress: o
302.0916 	DATA 	Keypress: o
302.1002 	Level jitter 	25
304.0832 	Level finished 	25
304.0952 	Level image=tasty.jpg 	25
305.0868 	DATA 	Keypress: o
305.0901 	Level injecting via pump at address 1 	25
311.0887 	DATA 	Keypress: o
311.0900 	DATA 	Keypress: o
311.0912 	DATA 	Keypress: o
311.1006 	Level WAIT 	25
312.1002 	Level RINSE 	25
314.0888 	DATA 	Keypress: o
314.0903 	DATA 	Keypress: o
314.1002 	Level jitter 	25
316.0832 	Level finished 	25
316.0987 	Level image=tasty.jpg 	25
317.0859 	DATA 	Keypress: o
317.0933 	Level injecting via pump at address 0 	25
323.0880 	DATA 	Keypress: o
323.0890 	DATA 	Keypress: o
323.0900 	DATA 	Keypress: o
323.0946 	Level WAIT 	25
324.0894 	Level RINSE 	25
326.0884 	DATA 	Keypress: o
326.0897 	DATA 	Keypress: o
326.0952 	Level jitter 	25
327.0832 	Level finished 	25
327.0907 	Level image=waterlogo.jpg 	25
328.1021 	Level injecting via pump at address 0 	25
334.0893 	DATA 	Keypress: o
334.0906 	DATA 	Keypress: o
334.0918 	DATA 	Keypress: o
334.0930 	DATA 	Keypress: o
334.1026 	Level WAIT 	25
335.0986 	Level RINSE 	25
337.0894 	DATA 	Keypress: o
337.1022 	Level jitter 	25
343.0832 	Level finished 	25
343.0846 	DATA 	Keypress: o
343.0858 	DATA 	Keypress: o
343.0871 	DATA 	Keypress: o
343.1022 	Level image=tasty.jpg 	25
344.1007 	Level injecting via pump at address 1 	25
350.0896 	DATA 	Keypress: o
350.0912 	DATA 	Keypress: o
350.0925 	DATA 	Keypress: o
350.0937 	DATA 	Keypress: o
350.1022 	Level WAIT 	25
351.0972 	Level RINSE 	25
353.0882 	DATA 	Keypress: o
353.1033 	Level jitter 	25
356.0832 	Level finished 	25
356.0846 	DATA 	Keypress: o
356.0913 	DATA 	Keypress: o
356.1037 	Level image=tasty.jpg 	25
357.0873 	Level injecting via pump at address 0 	25
363.0880 	DATA 	Keypress: o
363.0890 	DATA 	Keypress: o
363.0900 	DATA 	Keypress: o
363.1002 	Level WAIT 	25
364.0876 	Level RINSE 	25
366.0888 	DATA 	Keypress: o
366.0901 	DATA 	Keypress: o
366.1019 	Level jitter 	25
368.0832 	Level finished 	25
368.0884 	DATA 	Keypress: o
368.1042 	Level image=tasty.jpg 	25
369.0877 	Level injecting via pump at address 1 	25
375.0887 	DATA 	Keypress: o
375.0900 	DATA 	Keypress: o
375.0913 	DATA 	Keypress: o
375.1032 	Level WAIT 	25
376.0888 	Level RINSE 	25
378.0891 	DATA 	Keypress: o
378.0904 	DATA 	Keypress: o
378.1042 	Level jitter 	25
382.0832 	Level finished 	25
382.0845 	DATA 	Keypress: o
382.0907 	DATA 	Keypress: o
382.1003 	Level image=tasty.jpg 	25
383.0886 	Level injecting via pump at address 0 	25
389.0886 	DATA 	Keypress: o
389.0900 	DATA 	Keypress: o
389.0912 	DATA 	Keypress: o
389.0974 	Level WAIT 	25
390.0879 	DATA 	Keypress: o
390.0912 	Level RINSE 	25
392.0904 	DATA 	Keypress: o
392.0977 	Level jitter 	25
399.0832 	Level finished 	25
399.0847 	DATA 	Keypress: o
399.0863 	DATA 	Keypress: o
399.0876 	DATA 	Keypress: o
399.1065 	Level image=tasty.jpg 	25
400.0888 	Level injecting via pump at address 0 	25
406.0892 	DATA 	Keypress: o
406.0905 	DATA 	Keypress: o
406.0917 	DATA 	Keypress: o
406.0929 	DATA 	Keypress: o
406.1073 	Level WAIT 	25
407.0905 	Level RINSE 	25
409.0883 	DATA 	Keypress: o
409.0916 	Level jitter 	25
413.0832 	Level finished 	25
