65.5326 	DATA 	Keypress: o
65.5334 	Level start key press 	25
67.5438 	DATA 	Keypress: o
69.5439 	DATA 	Keypress: o
71.5441 	DATA 	Keypress: o
73.5446 	DATA 	Keypress: o
74.0589 	Level image=waterlogo.jpg 	25
75.0094 	Level injecting via pump at address 0 	25
80.9806 	DATA 	Keypress: o
80.9819 	DATA 	Keypress: o
80.9829 	DATA 	Keypress: o
81.0097 	Level WAIT 	25
81.9783 	DATA 	Keypress: o
81.9931 	Level RINSE 	25
83.9893 	DATA 	Keypress: o
84.0101 	Level jitter 	25
90.9756 	Level finished 	25
90.9769 	DATA 	Keypress: o
90.9780 	DATA 	Keypress: o
90.9789 	DATA 	Keypress: o
90.9946 	Level image=waterlogo.jpg 	25
91.9781 	DATA 	Keypress: o
91.9944 	Level injecting via pump at address 0 	25
97.9812 	DATA 	Keypress: o
97.9825 	DATA 	Keypress: o
97.9838 	DATA 	Keypress: o
97.9950 	Level WAIT 	25
98.9951 	Level RINSE 	25
100.9805 	DATA 	Keypress: o
100.9956 	Level jitter 	25
105.9756 	Level finished 	25
105.9769 	DATA 	Keypress: o
105.9781 	DATA 	Keypress: o
105.9789 	DATA 	Keypress: o
106.0126 	Level image=tasty.jpg 	25
106.9961 	Level injecting via pump at address 1 	25
112.9811 	DATA 	Keypress: o
112.9824 	DATA 	Keypress: o
112.9836 	DATA 	Keypress: o
112.9971 	Level WAIT 	25
113.9782 	DATA 	Keypress: o
113.9968 	Level RINSE 	25
115.9801 	DATA 	Keypress: o
115.9970 	Level jitter 	25
118.9756 	Level finished 	25
118.9769 	DATA 	Keypress: o
118.9975 	Level image=tasty.jpg 	25
119.9780 	DATA 	Keypress: o
119.9976 	Level injecting via pump at address 0 	25
125.9813 	DATA 	Keypress: o
125.9825 	DATA 	Keypress: o
125.9837 	DATA 	Keypress: o
125.9986 	Level WAIT 	25
126.9984 	Level RINSE 	25
128.9805 	DATA 	Keypress: o
128.9985 	Level jitter 	25
134.9756 	Level finished 	25
134.9770 	DATA 	Keypress: o
134.9788 	DATA 	Keypress: o
134.9802 	DATA 	Keypress: o
134.9993 	Level image=tasty.jpg 	25
135.9779 	DATA 	Keypress: o
135.9999 	Level injecting via pump at address 0 	25
141.9818 	DATA 	Keypress: o
141.9831 	DATA 	Keypress: o
141.9842 	DATA 	Keypress: o
142.0001 	Level WAIT 	25
143.0002 	Level RINSE 	25
144.9810 	DATA 	Keypress: o
145.0004 	Level jitter 	25
153.9756 	Level finished 	25
153.9770 	DATA 	Keypress: o
153.9782 	DATA 	Keypress: o
153.9795 	DATA 	Keypress: o
153.9805 	DATA 	Keypress: o
153.9814 	DATA 	Keypress: o
154.0019 	Level image=tasty.jpg 	25
155.0016 	Level injecting via pump at address 1 	25
160.9809 	DATA 	Keypress: o
160.9822 	DATA 	Keypress: o
160.9834 	DATA 	Keypress: o
161.0023 	Level WAIT 	25
161.9783 	DATA 	Keypress: o
162.0025 	Level RINSE 	25
163.9803 	DATA 	Keypress: o
164.0031 	Level jitter 	25
169.9756 	Level finished 	25
169.9767 	DATA 	Keypress: o
169.9778 	DATA 	Keypress: o
169.9789 	DATA 	Keypress: o
170.0034 	Level image=tasty.jpg 	25
171.0036 	Level injecting via pump at address 0 	25
176.9803 	DATA 	Keypress: o
176.9813 	DATA 	Keypress: o
176.9822 	DATA 	Keypress: o
177.0046 	Level WAIT 	25
177.9778 	DATA 	Keypress: o
178.0043 	Level RINSE 	25
179.9806 	DATA 	Keypress: o
180.0045 	Level jitter 	25
182.9756 	Level finished 	25
182.9769 	DATA 	Keypress: o
183.0049 	Level image=tasty.jpg 	25
183.9780 	DATA 	Keypress: o
184.0051 	Level injecting via pump at address 1 	25
189.9807 	DATA 	Keypress: o
189.9819 	DATA 	Keypress: o
189.9829 	DATA 	Keypress: o
190.0061 	Level WAIT 	25
190.9893 	Level RINSE 	25
192.9805 	DATA 	Keypress: o
193.0060 	Level jitter 	25
197.9756 	Level finished 	25
197.9769 	DATA 	Keypress: o
197.9781 	DATA 	Keypress: o
197.9794 	DATA 	Keypress: o
198.0067 	Level image=tasty.jpg 	25
198.9900 	Level injecting via pump at address 0 	25
204.9809 	DATA 	Keypress: o
204.9821 	DATA 	Keypress: o
204.9831 	DATA 	Keypress: o
205.0078 	Level WAIT 	25
205.9783 	DATA 	Keypress: o
206.0076 	Level RINSE 	25
207.9804 	DATA 	Keypress: o
207.9911 	Level jitter 	25
208.9756 	Level finished 	25
209.0081 	Level image=waterlogo.jpg 	25
209.9779 	DATA 	Keypress: o
209.9914 	Level injecting via pump at address 0 	25
215.9809 	DATA 	Keypress: o
215.9823 	DATA 	Keypress: o
215.9836 	DATA 	Keypress: o
215.9925 	Level WAIT 	25
216.9922 	Level RINSE 	25
218.9802 	DATA 	Keypress: o
218.9924 	Level jitter 	25
223.9756 	Level finished 	25
223.9768 	DATA 	Keypress: o
223.9778 	DATA 	Keypress: o
223.9787 	DATA 	Keypress: o
224.0098 	Level image=waterlogo.jpg 	25
224.9932 	Level injecting via pump at address 0 	25
230.9806 	DATA 	Keypress: o
230.9818 	DATA 	Keypress: o
230.9831 	DATA 	Keypress: o
231.0108 	Level WAIT 	25
231.9779 	DATA 	Keypress: o
231.9940 	Level RINSE 	25
233.9807 	DATA 	Keypress: o
234.0108 	Level jitter 	25
236.9756 	Level finished 	25
236.9768 	DATA 	Keypress: o
237.0113 	Level image=tasty.jpg 	25
237.9784 	DATA 	Keypress: o
237.9946 	Level injecting via pump at address 0 	25
243.9804 	DATA 	Keypress: o
243.9814 	DATA 	Keypress: o
243.9823 	DATA 	Keypress: o
243.9958 	Level WAIT 	25
244.9955 	Level RINSE 	25
246.9809 	DATA 	Keypress: o
246.9957 	Level jitter 	25
252.9756 	Level finished 	25
252.9769 	DATA 	Keypress: o
252.9781 	DATA 	Keypress: o
252.9789 	DATA 	Keypress: o
253.0132 	Level image=waterlogo.jpg 	25
253.9782 	DATA 	Keypress: o
253.9969 	Level injecting via pump at address 0 	25
259.9807 	DATA 	Keypress: o
259.9818 	DATA 	Keypress: o
259.9828 	DATA 	Keypress: o
259.9972 	Level WAIT 	25
260.9974 	Level RINSE 	25
262.9805 	DATA 	Keypress: o
262.9976 	Level jitter 	25
264.9756 	Level finished 	25
264.9769 	DATA 	Keypress: o
264.9982 	Level image=waterlogo.jpg 	25
265.9781 	DATA 	Keypress: o
265.9979 	Level injecting via pump at address 0 	25
271.9808 	DATA 	Keypress: o
271.9818 	DATA 	Keypress: o
271.9827 	DATA 	Keypress: o
271.9986 	Level WAIT 	25
272.9988 	Level RINSE 	25
274.9808 	DATA 	Keypress: o
274.9995 	Level jitter 	25
282.9756 	Level finished 	25
282.9769 	DATA 	Keypress: o
282.9783 	DATA 	Keypress: o
282.9796 	DATA 	Keypress: o
282.9809 	DATA 	Keypress: o
282.9999 	Level image=tasty.jpg 	25
283.9778 	DATA 	Keypress: o
284.0000 	Level injecting via pump at address 0 	25
289.9808 	DATA 	Keypress: o
289.9817 	DATA 	Keypress: o
289.9826 	DATA 	Keypress: o
290.0012 	Level WAIT 	25
290.9842 	Level RINSE 	25
292.9804 	DATA 	Keypress: o
293.0011 	Level jitter 	25
297.9756 	Level finished 	25
297.9768 	DATA 	Keypress: o
297.9780 	DATA 	Keypress: o
297.9793 	DATA 	Keypress: o
298.0017 	Level image=waterlogo.jpg 	25
299.0018 	Level injecting via pump at address 0 	25
304.9808 	DATA 	Keypress: o
304.9819 	DATA 	Keypress: o
304.9829 	DATA 	Keypress: o
305.0029 	Level WAIT 	25
305.9780 	DATA 	Keypress: o
306.0027 	Level RINSE 	25
307.9809 	DATA 	Keypress: o
308.0028 	Level jitter 	25
312.9756 	Level finished 	25
312.9767 	DATA 	Keypress: o
312.9777 	DATA 	Keypress: o
312.9868 	Level image=tasty.jpg 	25
313.9778 	DATA 	Keypress: o
314.0036 	Level injecting via pump at address 0 	25
319.9813 	DATA 	Keypress: o
319.9825 	DATA 	Keypress: o
319.9837 	DATA 	Keypress: o
320.0047 	Level WAIT 	25
321.0045 	Level RINSE 	25
322.9803 	DATA 	Keypress: o
323.0046 	Level jitter 	25
329.9756 	Level finished 	25
329.9769 	DATA 	Keypress: o
329.9779 	DATA 	Keypress: o
329.9788 	DATA 	Keypress: o
329.9797 	DATA 	Keypress: o
330.0058 	Level image=tasty.jpg 	25
331.0055 	Level injecting via pump at address 1 	25
336.9808 	DATA 	Keypress: o
336.9818 	DATA 	Keypress: o
336.9828 	DATA 	Keypress: o
337.0062 	Level WAIT 	25
337.9784 	DATA 	Keypress: o
337.9897 	Level RINSE 	25
339.9806 	DATA 	Keypress: o
340.0070 	Level jitter 	25
343.9756 	Level finished 	25
343.9769 	DATA 	Keypress: o
343.9780 	DATA 	Keypress: o
343.9905 	Level image=tasty.jpg 	25
344.9906 	Level injecting via pump at address 0 	25
350.9820 	DATA 	Keypress: o
350.9835 	DATA 	Keypress: o
350.9851 	DATA 	Keypress: o
351.0082 	Level WAIT 	25
351.9780 	DATA 	Keypress: o
351.9913 	Level RINSE 	25
353.9805 	DATA 	Keypress: o
353.9915 	Level jitter 	25
356.9756 	Level finished 	25
356.9768 	DATA 	Keypress: o
356.9920 	Level image=tasty.jpg 	25
357.9781 	DATA 	Keypress: o
357.9921 	Level injecting via pump at address 1 	25
363.9806 	DATA 	Keypress: o
363.9817 	DATA 	Keypress: o
363.9827 	DATA 	Keypress: o
364.0099 	Level WAIT 	25
364.9928 	Level RINSE 	25
366.9811 	DATA 	Keypress: o
366.9930 	Level jitter 	25
371.9756 	Level finished 	25
371.9770 	DATA 	Keypress: o
371.9783 	DATA 	Keypress: o
371.9795 	DATA 	Keypress: o
371.9937 	Level image=tasty.jpg 	25
372.9939 	Level injecting via pump at address 0 	25
378.9812 	DATA 	Keypress: o
378.9826 	DATA 	Keypress: o
378.9838 	DATA 	Keypress: o
378.9948 	Level WAIT 	25
379.9780 	DATA 	Keypress: o
379.9946 	Level RINSE 	25
381.9816 	DATA 	Keypress: o
381.9948 	Level jitter 	25
382.9756 	Level finished 	25
382.9950 	Level image=tasty.jpg 	25
383.9783 	DATA 	Keypress: o
384.0118 	Level injecting via pump at address 1 	25
389.9801 	DATA 	Keypress: o
389.9811 	DATA 	Keypress: o
389.9820 	DATA 	Keypress: o
390.0129 	Level WAIT 	25
390.9959 	Level RINSE 	25
392.9806 	DATA 	Keypress: o
392.9961 	Level jitter 	25
401.9756 	Level finished 	25
401.9767 	DATA 	Keypress: o
401.9777 	DATA 	Keypress: o
401.9787 	DATA 	Keypress: o
401.9796 	DATA 	Keypress: o
401.9806 	DATA 	Keypress: o
402.0143 	Level image=tasty.jpg 	25
402.9807 	Level injecting via pump at address 1 	25
408.9807 	DATA 	Keypress: o
408.9819 	DATA 	Keypress: o
408.9830 	DATA 	Keypress: o
409.0147 	Level WAIT 	25
409.9782 	DATA 	Keypress: o
409.9981 	Level RINSE 	25
411.9802 	DATA 	Keypress: o
411.9987 	Level jitter 	25
420.9756 	Level finished 	25
420.9768 	DATA 	Keypress: o
420.9777 	DATA 	Keypress: o
420.9786 	DATA 	Keypress: o
420.9796 	DATA 	Keypress: o
420.9994 	Level image=tasty.jpg 	25
421.9780 	DATA 	Keypress: o
421.9833 	Level injecting via pump at address 0 	25
427.9805 	DATA 	Keypress: o
427.9815 	DATA 	Keypress: o
427.9824 	DATA 	Keypress: o
428.0002 	Level WAIT 	25
429.0004 	Level RINSE 	25
430.9806 	DATA 	Keypress: o
430.9838 	Level jitter 	25
432.9756 	Level finished 	25
