52.3692 	DATA 	Keypress: o
52.3698 	Level start key press 	25
54.3686 	DATA 	Keypress: o
56.3687 	DATA 	Keypress: o
58.3688 	DATA 	Keypress: o
60.3858 	DATA 	Keypress: o
60.8835 	Level image=waterlogo.jpg 	25
61.8337 	Level injecting via pump at address 0 	25
67.8218 	DATA 	Keypress: o
67.8228 	DATA 	Keypress: o
67.8237 	DATA 	Keypress: o
67.8347 	Level WAIT 	25
68.8194 	DATA 	Keypress: o
68.8345 	Level RINSE 	25
70.8306 	DATA 	Keypress: o
70.8513 	Level jitter 	25
77.8168 	Level finished 	25
77.8182 	DATA 	Keypress: o
77.8194 	DATA 	Keypress: o
77.8205 	DATA 	Keypress: o
77.8359 	Level image=tasty.jpg 	25
78.8196 	DATA 	Keypress: o
78.8357 	Level injecting via pump at address 0 	25
84.8221 	DATA 	Keypress: o
84.8233 	DATA 	Keypress: o
84.8245 	DATA 	Keypress: o
84.8530 	Level WAIT 	25
85.8365 	Level RINSE 	25
87.8224 	DATA 	Keypress: o
87.8372 	Level jitter 	25
91.8169 	Level finished 	25
91.8181 	DATA 	Keypress: o
91.8192 	DATA 	Keypress: o
91.8372 	Level image=tasty.jpg 	25
92.8194 	DATA 	Keypress: o
92.8373 	Level injecting via pump at address 1 	25
98.8224 	DATA 	Keypress: o
98.8236 	DATA 	Keypress: o
98.8246 	DATA 	Keypress: o
98.8383 	Level WAIT 	25
99.8381 	Level RINSE 	25
101.8218 	DATA 	Keypress: o
101.8383 	Level jitter 	25
102.8168 	Level finished 	25
102.8181 	DATA 	Keypress: o
102.8386 	Level image=tasty.jpg 	25
103.8387 	Level injecting via pump at address 0 	25
109.8232 	DATA 	Keypress: o
109.8245 	DATA 	Keypress: o
109.8258 	DATA 	Keypress: o
109.8563 	Level WAIT 	25
110.8192 	DATA 	Keypress: o
110.8228 	Level RINSE 	25
112.8217 	DATA 	Keypress: o
112.8396 	Level jitter 	25
120.8168 	Level finished 	25
120.8182 	DATA 	Keypress: o
120.8194 	DATA 	Keypress: o
120.8205 	DATA 	Keypress: o
120.8215 	DATA 	Keypress: o
120.8410 	Level image=waterlogo.jpg 	25
121.8407 	Level injecting via pump at address 0 	25
127.8223 	DATA 	Keypress: o
127.8236 	DATA 	Keypress: o
127.8247 	DATA 	Keypress: o
127.8413 	Level WAIT 	25
128.8193 	DATA 	Keypress: o
128.8415 	Level RINSE 	25
130.8217 	DATA 	Keypress: o
130.8422 	Level jitter 	25
138.8168 	Level finished 	25
138.8182 	DATA 	Keypress: o
138.8194 	DATA 	Keypress: o
138.8204 	DATA 	Keypress: o
138.8214 	DATA 	Keypress: o
138.8427 	Level image=waterlogo.jpg 	25
139.8428 	Level injecting via pump at address 0 	25
145.8216 	DATA 	Keypress: o
145.8226 	DATA 	Keypress: o
145.8235 	DATA 	Keypress: o
145.8439 	Level WAIT 	25
146.8193 	DATA 	Keypress: o
146.8437 	Level RINSE 	25
148.8222 	DATA 	Keypress: o
148.8438 	Level jitter 	25
154.8169 	Level finished 	25
154.8181 	DATA 	Keypress: o
154.8191 	DATA 	Keypress: o
154.8203 	DATA 	Keypress: o
154.8445 	Level image=tasty.jpg 	25
155.8451 	Level injecting via pump at address 1 	25
161.8216 	DATA 	Keypress: o
161.8227 	DATA 	Keypress: o
161.8237 	DATA 	Keypress: o
161.8454 	Level WAIT 	25
162.8194 	DATA 	Keypress: o
162.8454 	Level RINSE 	25
164.8213 	DATA 	Keypress: o
164.8456 	Level jitter 	25
166.8168 	Level finished 	25
166.8180 	DATA 	Keypress: o
166.8297 	Level image=tasty.jpg 	25
167.8294 	Level injecting via pump at address 0 	25
173.8214 	DATA 	Keypress: o
173.8224 	DATA 	Keypress: o
173.8234 	DATA 	Keypress: o
173.8300 	Level WAIT 	25
174.8192 	DATA 	Keypress: o
174.8470 	Level RINSE 	25
176.8219 	DATA 	Keypress: o
176.8308 	Level jitter 	25
182.8168 	Level finished 	25
182.8182 	DATA 	Keypress: o
182.8194 	DATA 	Keypress: o
182.8205 	DATA 	Keypress: o
182.8311 	Level image=waterlogo.jpg 	25
183.8314 	Level injecting via pump at address 0 	25
189.8220 	DATA 	Keypress: o
189.8231 	DATA 	Keypress: o
189.8241 	DATA 	Keypress: o
189.8491 	Level WAIT 	25
190.8193 	DATA 	Keypress: o
190.8488 	Level RINSE 	25
192.8218 	DATA 	Keypress: o
192.8322 	Level jitter 	25
194.8168 	Level finished 	25
194.8180 	DATA 	Keypress: o
194.8325 	Level image=waterlogo.jpg 	25
195.8327 	Level injecting via pump at address 0 	25
201.8223 	DATA 	Keypress: o
201.8237 	DATA 	Keypress: o
201.8247 	DATA 	Keypress: o
201.8338 	Level WAIT 	25
202.8194 	DATA 	Keypress: o
202.8334 	Level RINSE 	25
204.8218 	DATA 	Keypress: o
204.8336 	Level jitter 	25
213.8168 	Level finished 	25
213.8180 	DATA 	Keypress: o
213.8191 	DATA 	Keypress: o
213.8203 	DATA 	Keypress: o
213.8214 	DATA 	Keypress: o
213.8353 	Level image=tasty.jpg 	25
214.8194 	DATA 	Keypress: o
214.8350 	Level injecting via pump at address 1 	25
220.8214 	DATA 	Keypress: o
220.8226 	DATA 	Keypress: o
220.8235 	DATA 	Keypress: o
220.8355 	Level WAIT 	25
221.8357 	Level RINSE 	25
223.8221 	DATA 	Keypress: o
223.8363 	Level jitter 	25
230.8168 	Level finished 	25
230.8182 	DATA 	Keypress: o
230.8195 	DATA 	Keypress: o
230.8208 	DATA 	Keypress: o
230.8220 	DATA 	Keypress: o
230.8534 	Level image=tasty.jpg 	25
231.8369 	Level injecting via pump at address 0 	25
237.8223 	DATA 	Keypress: o
237.8235 	DATA 	Keypress: o
237.8247 	DATA 	Keypress: o
237.8546 	Level WAIT 	25
238.8196 	DATA 	Keypress: o
238.8377 	Level RINSE 	25
240.8214 	DATA 	Keypress: o
240.8379 	Level jitter 	25
247.8168 	Level finished 	25
247.8180 	DATA 	Keypress: o
247.8190 	DATA 	Keypress: o
247.8199 	DATA 	Keypress: o
247.8391 	Level image=waterlogo.jpg 	25
248.8197 	DATA 	Keypress: o
248.8388 	Level injecting via pump at address 0 	25
254.8213 	DATA 	Keypress: o
254.8223 	DATA 	Keypress: o
254.8233 	DATA 	Keypress: o
254.8395 	Level WAIT 	25
255.8397 	Level RINSE 	25
257.8219 	DATA 	Keypress: o
257.8403 	Level jitter 	25
262.8168 	Level finished 	25
262.8182 	DATA 	Keypress: o
262.8195 	DATA 	Keypress: o
262.8207 	DATA 	Keypress: o
262.8573 	Level image=tasty.jpg 	25
263.8240 	Level injecting via pump at address 0 	25
269.8228 	DATA 	Keypress: o
269.8241 	DATA 	Keypress: o
269.8254 	DATA 	Keypress: o
269.8417 	Level WAIT 	25
270.8195 	DATA 	Keypress: o
270.8415 	Level RINSE 	25
272.8216 	DATA 	Keypress: o
272.8249 	Level jitter 	25
273.8168 	Level finished 	25
273.8417 	Level image=tasty.jpg 	25
274.8193 	DATA 	Keypress: o
274.8419 	Level injecting via pump at address 1 	25
280.8227 	DATA 	Keypress: o
280.8241 	DATA 	Keypress: o
280.8251 	DATA 	Keypress: o
280.8430 	Level WAIT 	25
281.8427 	Level RINSE 	25
283.8222 	DATA 	Keypress: o
283.8429 	Level jitter 	25
286.8168 	Level finished 	25
286.8181 	DATA 	Keypress: o
286.8192 	DATA 	Keypress: o
286.8434 	Level image=tasty.jpg 	25
287.8434 	Level injecting via pump at address 0 	25
293.8228 	DATA 	Keypress: o
293.8242 	DATA 	Keypress: o
293.8254 	DATA 	Keypress: o
293.8445 	Level WAIT 	25
294.8197 	DATA 	Keypress: o
294.8276 	Level RINSE 	25
296.8224 	DATA 	Keypress: o
296.8444 	Level jitter 	25
298.8168 	Level finished 	25
298.8183 	DATA 	Keypress: o
298.8447 	Level image=tasty.jpg 	25
299.8449 	Level injecting via pump at address 1 	25
305.8222 	DATA 	Keypress: o
305.8234 	DATA 	Keypress: o
305.8244 	DATA 	Keypress: o
305.8459 	Level WAIT 	25
306.8194 	DATA 	Keypress: o
306.8456 	Level RINSE 	25
308.8232 	DATA 	Keypress: o
308.8458 	Level jitter 	25
310.8168 	Level finished 	25
310.8181 	DATA 	Keypress: o
310.8295 	Level image=tasty.jpg 	25
311.8296 	Level injecting via pump at address 0 	25
317.8222 	DATA 	Keypress: o
317.8235 	DATA 	Keypress: o
317.8249 	DATA 	Keypress: o
317.8472 	Level WAIT 	25
318.8194 	DATA 	Keypress: o
318.8470 	Level RINSE 	25
320.8223 	DATA 	Keypress: o
320.8472 	Level jitter 	25
321.8168 	Level finished 	25
321.8473 	Level image=waterlogo.jpg 	25
322.8193 	DATA 	Keypress: o
322.8309 	Level injecting via pump at address 0 	25
328.8219 	DATA 	Keypress: o
328.8231 	DATA 	Keypress: o
328.8243 	DATA 	Keypress: o
328.8486 	Level WAIT 	25
329.8316 	Level RINSE 	25
331.8219 	DATA 	Keypress: o
331.8485 	Level jitter 	25
337.8168 	Level finished 	25
337.8180 	DATA 	Keypress: o
337.8193 	DATA 	Keypress: o
337.8207 	DATA 	Keypress: o
337.8492 	Level image=tasty.jpg 	25
338.8192 	DATA 	Keypress: o
338.8332 	Level injecting via pump at address 1 	25
344.8225 	DATA 	Keypress: o
344.8238 	DATA 	Keypress: o
344.8251 	DATA 	Keypress: o
344.8334 	Level WAIT 	25
345.8335 	Level RINSE 	25
347.8218 	DATA 	Keypress: o
347.8337 	Level jitter 	25
350.8168 	Level finished 	25
350.8182 	DATA 	Keypress: o
350.8194 	DATA 	Keypress: o
350.8346 	Level image=tasty.jpg 	25
351.8343 	Level injecting via pump at address 0 	25
357.8219 	DATA 	Keypress: o
357.8231 	DATA 	Keypress: o
357.8243 	DATA 	Keypress: o
357.8349 	Level WAIT 	25
358.8192 	DATA 	Keypress: o
358.8350 	Level RINSE 	25
360.8226 	DATA 	Keypress: o
360.8356 	Level jitter 	25
362.8168 	Level finished 	25
362.8180 	DATA 	Keypress: o
362.8522 	Level image=tasty.jpg 	25
363.8356 	Level injecting via pump at address 1 	25
369.8225 	DATA 	Keypress: o
369.8238 	DATA 	Keypress: o
369.8250 	DATA 	Keypress: o
369.8364 	Level WAIT 	25
370.8194 	DATA 	Keypress: o
370.8368 	Level RINSE 	25
372.8220 	DATA 	Keypress: o
372.8366 	Level jitter 	25
376.8168 	Level finished 	25
376.8180 	DATA 	Keypress: o
376.8194 	DATA 	Keypress: o
376.8371 	Level image=tasty.jpg 	25
377.8372 	Level injecting via pump at address 0 	25
383.8220 	DATA 	Keypress: o
383.8233 	DATA 	Keypress: o
383.8243 	DATA 	Keypress: o
383.8384 	Level WAIT 	25
384.8196 	DATA 	Keypress: o
384.8381 	Level RINSE 	25
386.8214 	DATA 	Keypress: o
386.8383 	Level jitter 	25
393.8168 	Level finished 	25
393.8182 	DATA 	Keypress: o
393.8194 	DATA 	Keypress: o
393.8204 	DATA 	Keypress: o
393.8561 	Level image=tasty.jpg 	25
394.8193 	DATA 	Keypress: o
394.8393 	Level injecting via pump at address 0 	25
400.8227 	DATA 	Keypress: o
400.8242 	DATA 	Keypress: o
400.8254 	DATA 	Keypress: o
400.8399 	Level WAIT 	25
401.8400 	Level RINSE 	25
403.8217 	DATA 	Keypress: o
403.8239 	Level jitter 	25
407.8168 	Level finished 	25
