113.4146 	DATA 	Keypress: o
113.4152 	Level start key press 	25
115.4168 	DATA 	Keypress: o
117.4177 	DATA 	Keypress: o
119.4168 	DATA 	Keypress: o
121.4189 	DATA 	Keypress: o
122.2998 	Level image=waterlogo.jpg 	25
123.2024 	Level injecting via pump at address 0 	25
129.1878 	DATA 	Keypress: o
129.1891 	DATA 	Keypress: o
129.1903 	DATA 	Keypress: o
129.2035 	Level WAIT 	25
130.1856 	DATA 	Keypress: o
130.1987 	Level RINSE 	25
132.1974 	DATA 	Keypress: o
132.2047 	Level jitter 	25
138.1827 	Level finished 	25
138.1841 	DATA 	Keypress: o
138.1853 	DATA 	Keypress: o
138.1865 	DATA 	Keypress: o
138.2056 	Level image=tasty.jpg 	25
139.2018 	Level injecting via pump at address 1 	25
145.1891 	DATA 	Keypress: o
145.1906 	DATA 	Keypress: o
145.1919 	DATA 	Keypress: o
145.2019 	Level WAIT 	25
146.1854 	DATA 	Keypress: o
146.1977 	Level RINSE 	25
148.1881 	DATA 	Keypress: o
148.2006 	Level jitter 	25
154.1827 	Level finished 	25
154.1841 	DATA 	Keypress: o
154.1854 	DATA 	Keypress: o
154.1865 	DATA 	Keypress: o
154.2010 	Level image=tasty.jpg 	25
155.1996 	Level injecting via pump at address 1 	25
161.1882 	DATA 	Keypress: o
161.1893 	DATA 	Keypress: o
161.1902 	DATA 	Keypress: o
161.2011 	Level WAIT 	25
162.1856 	DATA 	Keypress: o
162.1966 	Level RINSE 	25
164.1878 	DATA 	Keypress: o
164.2011 	Level jitter 	25
166.1827 	Level finished 	25
166.1842 	DATA 	Keypress: o
166.1925 	Level image=waterlogo.jpg 	25
167.1873 	Level injecting via pump at address 0 	25
173.1897 	DATA 	Keypress: o
173.1910 	DATA 	Keypress: o
173.1922 	DATA 	Keypress: o
173.2013 	Level WAIT 	25
174.1854 	DATA 	Keypress: o
174.2003 	Level RINSE 	25
176.1886 	DATA 	Keypress: o
176.2064 	Level jitter 	25
182.1827 	Level finished 	25
182.1841 	DATA 	Keypress: o
182.1856 	DATA 	Keypress: o
182.1868 	DATA 	Keypress: o
182.2021 	Level image=tasty.jpg 	25
183.2019 	Level injecting via pump at address 1 	25
189.1880 	DATA 	Keypress: o
189.1891 	DATA 	Keypress: o
189.1901 	DATA 	Keypress: o
189.2040 	Level WAIT 	25
190.1861 	DATA 	Keypress: o
190.1987 	Level RINSE 	25
192.1884 	DATA 	Keypress: o
192.2031 	Level jitter 	25
197.1827 	Level finished 	25
197.1842 	DATA 	Keypress: o
197.1858 	DATA 	Keypress: o
197.2113 	Level image=waterlogo.jpg 	25
198.1858 	DATA 	Keypress: o
198.1904 	Level injecting via pump at address 0 	25
204.1885 	DATA 	Keypress: o
204.1898 	DATA 	Keypress: o
204.1910 	DATA 	Keypress: o
204.2040 	Level WAIT 	25
205.2025 	Level RINSE 	25
207.1890 	DATA 	Keypress: o
207.2096 	Level jitter 	25
212.1827 	Level finished 	25
212.1844 	DATA 	Keypress: o
212.1855 	DATA 	Keypress: o
212.1866 	DATA 	Keypress: o
212.2155 	Level image=tasty.jpg 	25
213.1947 	Level injecting via pump at address 1 	25
219.1884 	DATA 	Keypress: o
219.1893 	DATA 	Keypress: o
219.1902 	DATA 	Keypress: o
219.1960 	Level WAIT 	25
220.1855 	DATA 	Keypress: o
220.1907 	Level RINSE 	25
222.1885 	DATA 	Keypress: o
222.1962 	Level jitter 	25
228.1827 	Level finished 	25
228.1840 	DATA 	Keypress: o
228.1853 	DATA 	Keypress: o
228.1864 	DATA 	Keypress: o
228.1987 	Level image=waterlogo.jpg 	25
229.1940 	Level injecting via pump at address 0 	25
235.1884 	DATA 	Keypress: o
235.1897 	DATA 	Keypress: o
235.1910 	DATA 	Keypress: o
235.2108 	Level WAIT 	25
236.1854 	DATA 	Keypress: o
236.2057 	Level RINSE 	25
238.1879 	DATA 	Keypress: o
238.1956 	Level jitter 	25
241.1827 	Level finished 	25
241.1841 	DATA 	Keypress: o
241.1969 	Level image=tasty.jpg 	25
242.1855 	DATA 	Keypress: o
242.2075 	Level injecting via pump at address 1 	25
248.1881 	DATA 	Keypress: o
248.1892 	DATA 	Keypress: o
248.1906 	DATA 	Keypress: o
248.2067 	Level WAIT 	25
249.2040 	Level RINSE 	25
251.1884 	DATA 	Keypress: o
251.1945 	Level jitter 	25
259.1827 	Level finished 	25
259.1840 	DATA 	Keypress: o
259.1853 	DATA 	Keypress: o
259.1864 	DATA 	Keypress: o
259.1873 	DATA 	Keypress: o
259.2011 	Level image=waterlogo.jpg 	25
260.1857 	DATA 	Keypress: o
260.1968 	Level injecting via pump at address 0 	25
266.1883 	DATA 	Keypress: o
266.1896 	DATA 	Keypress: o
266.1912 	DATA 	Keypress: o
266.1979 	Level WAIT 	25
267.1926 	Level RINSE 	25
269.1871 	DATA 	Keypress: o
269.1917 	Level jitter 	25
271.1827 	Level finished 	25
271.1840 	DATA 	Keypress: o
271.2049 	Level image=tasty.jpg 	25
272.1855 	DATA 	Keypress: o
272.1926 	Level injecting via pump at address 1 	25
278.1886 	DATA 	Keypress: o
278.1898 	DATA 	Keypress: o
278.1908 	DATA 	Keypress: o
278.2021 	Level WAIT 	25
279.1928 	Level RINSE 	25
281.1885 	DATA 	Keypress: o
281.2016 	Level jitter 	25
290.1827 	Level finished 	25
290.1844 	DATA 	Keypress: o
290.1858 	DATA 	Keypress: o
290.1871 	DATA 	Keypress: o
290.1885 	DATA 	Keypress: o
290.1897 	DATA 	Keypress: o
290.2051 	Level image=waterlogo.jpg 	25
291.1929 	Level injecting via pump at address 0 	25
297.1888 	DATA 	Keypress: o
297.1901 	DATA 	Keypress: o
297.1913 	DATA 	Keypress: o
297.2008 	Level WAIT 	25
298.1856 	DATA 	Keypress: o
298.1959 	Level RINSE 	25
300.1888 	DATA 	Keypress: o
300.2028 	Level jitter 	25
302.1827 	Level finished 	25
302.1840 	DATA 	Keypress: o
302.2077 	Level image=tasty.jpg 	25
303.1945 	Level injecting via pump at address 1 	25
309.1879 	DATA 	Keypress: o
309.1890 	DATA 	Keypress: o
309.1900 	DATA 	Keypress: o
309.2041 	Level WAIT 	25
310.1855 	DATA 	Keypress: o
310.2001 	Level RINSE 	25
312.1879 	DATA 	Keypress: o
312.1947 	Level jitter 	25
315.1827 	Level finished 	25
315.1840 	DATA 	Keypress: o
315.2058 	Level image=waterlogo.jpg 	25
316.1859 	DATA 	Keypress: o
316.2015 	Level injecting via pump at address 0 	25
322.1887 	DATA 	Keypress: o
322.1900 	DATA 	Keypress: o
322.1913 	DATA 	Keypress: o
322.2027 	Level WAIT 	25
323.1976 	Level RINSE 	25
325.1890 	DATA 	Keypress: o
325.2032 	Level jitter 	25
329.1827 	Level finished 	25
329.1841 	DATA 	Keypress: o
329.1855 	DATA 	Keypress: o
329.1987 	Level image=tasty.jpg 	25
330.1852 	DATA 	Keypress: o
330.1944 	Level injecting via pump at address 1 	25
336.1881 	DATA 	Keypress: o
336.1894 	DATA 	Keypress: o
336.1907 	DATA 	Keypress: o
336.2131 	Level WAIT 	25
337.2068 	Level RINSE 	25
339.1883 	DATA 	Keypress: o
339.2127 	Level jitter 	25
340.1827 	Level finished 	25
340.1838 	DATA 	Keypress: o
340.1968 	Level image=waterlogo.jpg 	25
341.2027 	Level injecting via pump at address 0 	25
347.1879 	DATA 	Keypress: o
347.1891 	DATA 	Keypress: o
347.1904 	DATA 	Keypress: o
347.2051 	Level WAIT 	25
348.1860 	DATA 	Keypress: o
348.1975 	Level RINSE 	25
350.1887 	DATA 	Keypress: o
350.1977 	Level jitter 	25
353.1827 	Level finished 	25
353.1840 	DATA 	Keypress: o
353.2055 	Level image=tasty.jpg 	25
354.1855 	DATA 	Keypress: o
354.1975 	Level injecting via pump at address 1 	25
360.1884 	DATA 	Keypress: o
360.1896 	DATA 	Keypress: o
360.1908 	DATA 	Keypress: o
360.2033 	Level WAIT 	25
361.2140 	Level RINSE 	25
363.1882 	DATA 	Keypress: o
363.2035 	Level jitter 	25
371.1827 	Level finished 	25
371.1841 	DATA 	Keypress: o
371.1854 	DATA 	Keypress: o
371.1865 	DATA 	Keypress: o
371.1875 	DATA 	Keypress: o
371.2110 	Level image=tasty.jpg 	25
372.1857 	DATA 	Keypress: o
372.1889 	Level injecting via pump at address 1 	25
378.1884 	DATA 	Keypress: o
378.1897 	DATA 	Keypress: o
378.1909 	DATA 	Keypress: o
378.2079 	Level WAIT 	25
379.2018 	Level RINSE 	25
381.1883 	DATA 	Keypress: o
381.2091 	Level jitter 	25
385.1827 	Level finished 	25
385.1840 	DATA 	Keypress: o
385.1853 	DATA 	Keypress: o
385.2037 	Level image=waterlogo.jpg 	25
386.1855 	DATA 	Keypress: o
386.1984 	Level injecting via pump at address 0 	25
392.1887 	DATA 	Keypress: o
392.1900 	DATA 	Keypress: o
392.1912 	DATA 	Keypress: o
392.2004 	Level WAIT 	25
393.1957 	Level RINSE 	25
395.1876 	DATA 	Keypress: o
395.2014 	Level jitter 	25
398.1827 	Level finished 	25
398.1842 	DATA 	Keypress: o
398.1856 	DATA 	Keypress: o
398.2188 	Level image=tasty.jpg 	25
399.1976 	Level injecting via pump at address 1 	25
405.1882 	DATA 	Keypress: o
405.1892 	DATA 	Keypress: o
405.1903 	DATA 	Keypress: o
405.2150 	Level WAIT 	25
406.1855 	DATA 	Keypress: o
406.1937 	Level RINSE 	25
408.1879 	DATA 	Keypress: o
408.1994 	Level jitter 	25
413.1827 	Level finished 	25
413.1845 	DATA 	Keypress: o
413.1859 	DATA 	Keypress: o
413.2058 	Level image=waterlogo.jpg 	25
414.1859 	DATA 	Keypress: o
414.2016 	Level injecting via pump at address 0 	25
420.1886 	DATA 	Keypress: o
420.1898 	DATA 	Keypress: o
420.1911 	DATA 	Keypress: o
420.2028 	Level WAIT 	25
421.1979 	Level RINSE 	25
423.1882 	DATA 	Keypress: o
423.2197 	Level jitter 	25
428.1827 	Level finished 	25
428.1841 	DATA 	Keypress: o
428.1854 	DATA 	Keypress: o
428.1865 	DATA 	Keypress: o
428.2112 	Level image=waterlogo.jpg 	25
429.1885 	Level injecting via pump at address 0 	25
435.1886 	DATA 	Keypress: o
435.1900 	DATA 	Keypress: o
435.1913 	DATA 	Keypress: o
435.2038 	Level WAIT 	25
436.1855 	DATA 	Keypress: o
436.2014 	Level RINSE 	25
438.1885 	DATA 	Keypress: o
438.1916 	Level jitter 	25
447.1827 	Level finished 	25
447.1841 	DATA 	Keypress: o
447.1855 	DATA 	Keypress: o
447.1867 	DATA 	Keypress: o
447.1879 	DATA 	Keypress: o
447.2104 	Level image=tasty.jpg 	25
448.1857 	DATA 	Keypress: o
448.2055 	Level injecting via pump at address 1 	25
454.1885 	DATA 	Keypress: o
454.1898 	DATA 	Keypress: o
454.1910 	DATA 	Keypress: o
454.2042 	Level WAIT 	25
455.2019 	Level RINSE 	25
457.1883 	DATA 	Keypress: o
457.2085 	Level jitter 	25
459.1827 	Level finished 	25
459.1842 	DATA 	Keypress: o
459.2134 	Level image=waterlogo.jpg 	25
460.1855 	DATA 	Keypress: o
460.1919 	Level injecting via pump at address 0 	25
466.1889 	DATA 	Keypress: o
466.1901 	DATA 	Keypress: o
466.1911 	DATA 	Keypress: o
466.2055 	Level WAIT 	25
467.2050 	Level RINSE 	25
469.1884 	DATA 	Keypress: o
469.1947 	Level jitter 	25
472.1827 	Level finished 	25
472.1841 	DATA 	Keypress: o
472.1854 	DATA 	Keypress: o
472.2116 	Level image=waterlogo.jpg 	25
473.2061 	Level injecting via pump at address 0 	25
479.1886 	DATA 	Keypress: o
479.1902 	DATA 	Keypress: o
479.1913 	DATA 	Keypress: o
479.2071 	Level WAIT 	25
480.1857 	DATA 	Keypress: o
480.1893 	Level RINSE 	25
482.1871 	DATA 	Keypress: o
482.1927 	Level jitter 	25
487.1827 	Level finished 	25
487.1840 	DATA 	Keypress: o
487.1850 	DATA 	Keypress: o
487.1997 	Level image=tasty.jpg 	25
488.1856 	DATA 	Keypress: o
488.1945 	Level injecting via pump at address 1 	25
494.1885 	DATA 	Keypress: o
494.1899 	DATA 	Keypress: o
494.1911 	DATA 	Keypress: o
494.1960 	Level WAIT 	25
495.2077 	Level RINSE 	25
497.1883 	DATA 	Keypress: o
497.1964 	Level jitter 	25
499.1827 	Level finished 	25
499.1841 	DATA 	Keypress: o
499.2029 	Level image=tasty.jpg 	25
500.1856 	DATA 	Keypress: o
500.1915 	Level injecting via pump at address 1 	25
506.1887 	DATA 	Keypress: o
506.1900 	DATA 	Keypress: o
506.1912 	DATA 	Keypress: o
506.2160 	Level WAIT 	25
507.1936 	Level RINSE 	25
509.1882 	DATA 	Keypress: o
509.2001 	Level jitter 	25
516.1827 	Level finished 	25
516.1841 	DATA 	Keypress: o
516.1854 	DATA 	Keypress: o
516.1866 	DATA 	Keypress: o
516.1878 	DATA 	Keypress: o
516.1975 	Level image=waterlogo.jpg 	25
517.1917 	Level injecting via pump at address 0 	25
523.1884 	DATA 	Keypress: o
523.1897 	DATA 	Keypress: o
523.1908 	DATA 	Keypress: o
523.2093 	Level WAIT 	25
524.1851 	DATA 	Keypress: o
524.2040 	Level RINSE 	25
526.1875 	DATA 	Keypress: o
526.1934 	Level jitter 	25
529.1827 	Level finished 	25
529.1839 	DATA 	Keypress: o
529.1946 	Level image=tasty.jpg 	25
530.1856 	DATA 	Keypress: o
530.1905 	Level injecting via pump at address 1 	25
536.1882 	DATA 	Keypress: o
536.1892 	DATA 	Keypress: o
536.1903 	DATA 	Keypress: o
536.2089 	Level WAIT 	25
537.2023 	Level RINSE 	25
539.1881 	DATA 	Keypress: o
539.2087 	Level jitter 	25
541.1827 	Level finished 	25
541.1841 	DATA 	Keypress: o
541.1976 	Level image=waterlogo.jpg 	25
542.1853 	DATA 	Keypress: o
542.1936 	Level injecting via pump at address 0 	25
548.1881 	DATA 	Keypress: o
548.1894 	DATA 	Keypress: o
548.1908 	DATA 	Keypress: o
548.2120 	Level WAIT 	25
549.2056 	Level RINSE 	25
551.1882 	DATA 	Keypress: o
551.1960 	Level jitter 	25
559.1827 	Level finished 	25
559.1844 	DATA 	Keypress: o
559.1859 	DATA 	Keypress: o
559.1872 	DATA 	Keypress: o
559.1884 	DATA 	Keypress: o
559.2041 	Level image=tasty.jpg 	25
560.1853 	DATA 	Keypress: o
560.1948 	Level injecting via pump at address 1 	25
566.1878 	DATA 	Keypress: o
566.1889 	DATA 	Keypress: o
566.1902 	DATA 	Keypress: o
566.1998 	Level WAIT 	25
567.1941 	Level RINSE 	25
569.1900 	DATA 	Keypress: o
569.2010 	Level jitter 	25
571.1827 	Level finished 	25
571.1841 	DATA 	Keypress: o
571.2062 	Level image=waterlogo.jpg 	25
572.1856 	DATA 	Keypress: o
572.2015 	Level injecting via pump at address 0 	25
578.1885 	DATA 	Keypress: o
578.1897 	DATA 	Keypress: o
578.1909 	DATA 	Keypress: o
578.2035 	Level WAIT 	25
579.1966 	Level RINSE 	25
581.1877 	DATA 	Keypress: o
581.1967 	Level jitter 	25
588.1827 	Level finished 	25
