85.5138 	DATA 	Keypress: o
85.5146 	Level start key press 	25
87.5189 	DATA 	Keypress: o
89.5190 	DATA 	Keypress: o
91.5192 	DATA 	Keypress: o
93.5363 	DATA 	Keypress: o
94.0339 	Level image=tasty.jpg 	25
94.9846 	Level injecting via pump at address 1 	25
100.9735 	DATA 	Keypress: o
100.9748 	DATA 	Keypress: o
100.9758 	DATA 	Keypress: o
100.9846 	Level WAIT 	25
101.9706 	DATA 	Keypress: o
101.9847 	Level RINSE 	25
103.9812 	DATA 	Keypress: o
104.0016 	Level jitter 	25
112.9671 	Level finished 	25
112.9684 	DATA 	Keypress: o
112.9694 	DATA 	Keypress: o
112.9704 	DATA 	Keypress: o
112.9715 	DATA 	Keypress: o
112.9865 	Level image=waterlogo.jpg 	25
113.9699 	DATA 	Keypress: o
113.9862 	Level injecting via pump at address 0 	25
119.9724 	DATA 	Keypress: o
119.9735 	DATA 	Keypress: o
119.9746 	DATA 	Keypress: o
119.9868 	Level WAIT 	25
120.9870 	Level RINSE 	25
122.9725 	DATA 	Keypress: o
122.9877 	Level jitter 	25
126.9671 	Level finished 	25
126.9684 	DATA 	Keypress: o
126.9694 	DATA 	Keypress: o
127.0044 	Level image=tasty.jpg 	25
127.9705 	DATA 	Keypress: o
127.9878 	Level injecting via pump at address 1 	25
133.9720 	DATA 	Keypress: o
133.9729 	DATA 	Keypress: o
133.9738 	DATA 	Keypress: o
134.0055 	Level WAIT 	25
134.9886 	Level RINSE 	25
136.9726 	DATA 	Keypress: o
137.0055 	Level jitter 	25
140.9671 	Level finished 	25
140.9684 	DATA 	Keypress: o
140.9694 	DATA 	Keypress: o
140.9894 	Level image=waterlogo.jpg 	25
141.9700 	DATA 	Keypress: o
141.9895 	Level injecting via pump at address 0 	25
147.9734 	DATA 	Keypress: o
147.9748 	DATA 	Keypress: o
147.9760 	DATA 	Keypress: o
147.9905 	Level WAIT 	25
148.9903 	Level RINSE 	25
150.9724 	DATA 	Keypress: o
150.9905 	Level jitter 	25
154.9671 	Level finished 	25
154.9685 	DATA 	Keypress: o
154.9695 	DATA 	Keypress: o
154.9911 	Level image=waterlogo.jpg 	25
155.9699 	DATA 	Keypress: o
155.9745 	Level injecting via pump at address 0 	25
161.9723 	DATA 	Keypress: o
161.9733 	DATA 	Keypress: o
161.9742 	DATA 	Keypress: o
161.9922 	Level WAIT 	25
162.9754 	Level RINSE 	25
164.9716 	DATA 	Keypress: o
164.9921 	Level jitter 	25
168.9671 	Level finished 	25
168.9685 	DATA 	Keypress: o
168.9696 	DATA 	Keypress: o
168.9928 	Level image=tasty.jpg 	25
169.9699 	DATA 	Keypress: o
169.9928 	Level injecting via pump at address 1 	25
175.9726 	DATA 	Keypress: o
175.9741 	DATA 	Keypress: o
175.9754 	DATA 	Keypress: o
175.9938 	Level WAIT 	25
176.9936 	Level RINSE 	25
178.9726 	DATA 	Keypress: o
178.9938 	Level jitter 	25
184.9671 	Level finished 	25
184.9686 	DATA 	Keypress: o
184.9697 	DATA 	Keypress: o
184.9708 	DATA 	Keypress: o
184.9945 	Level image=waterlogo.jpg 	25
185.9699 	DATA 	Keypress: o
185.9950 	Level injecting via pump at address 0 	25
191.9730 	DATA 	Keypress: o
191.9743 	DATA 	Keypress: o
191.9755 	DATA 	Keypress: o
191.9953 	Level WAIT 	25
192.9954 	Level RINSE 	25
194.9721 	DATA 	Keypress: o
194.9955 	Level jitter 	25
197.9671 	Level finished 	25
197.9685 	DATA 	Keypress: o
197.9696 	DATA 	Keypress: o
197.9966 	Level image=tasty.jpg 	25
198.9962 	Level injecting via pump at address 1 	25
204.9726 	DATA 	Keypress: o
204.9741 	DATA 	Keypress: o
204.9754 	DATA 	Keypress: o
204.9968 	Level WAIT 	25
205.9697 	DATA 	Keypress: o
205.9804 	Level RINSE 	25
207.9726 	DATA 	Keypress: o
207.9976 	Level jitter 	25
210.9671 	Level finished 	25
210.9685 	DATA 	Keypress: o
210.9977 	Level image=waterlogo.jpg 	25
211.9697 	DATA 	Keypress: o
211.9978 	Level injecting via pump at address 0 	25
217.9728 	DATA 	Keypress: o
217.9737 	DATA 	Keypress: o
217.9746 	DATA 	Keypress: o
217.9987 	Level WAIT 	25
218.9819 	Level RINSE 	25
220.9721 	DATA 	Keypress: o
220.9987 	Level jitter 	25
224.9671 	Level finished 	25
224.9684 	DATA 	Keypress: o
224.9694 	DATA 	Keypress: o
224.9825 	Level image=waterlogo.jpg 	25
225.9695 	DATA 	Keypress: o
225.9827 	Level injecting via pump at address 0 	25
231.9729 	DATA 	Keypress: o
231.9745 	DATA 	Keypress: o
231.9757 	DATA 	Keypress: o
231.9837 	Level WAIT 	25
232.9835 	Level RINSE 	25
234.9719 	DATA 	Keypress: o
234.9837 	Level jitter 	25
239.9671 	Level finished 	25
239.9686 	DATA 	Keypress: o
239.9701 	DATA 	Keypress: o
239.9712 	DATA 	Keypress: o
240.0009 	Level image=tasty.jpg 	25
240.9844 	Level injecting via pump at address 1 	25
246.9727 	DATA 	Keypress: o
246.9741 	DATA 	Keypress: o
246.9753 	DATA 	Keypress: o
246.9855 	Level WAIT 	25
247.9708 	DATA 	Keypress: o
247.9852 	Level RINSE 	25
249.9726 	DATA 	Keypress: o
249.9855 	Level jitter 	25
252.9671 	Level finished 	25
252.9685 	DATA 	Keypress: o
252.9858 	Level image=waterlogo.jpg 	25
253.9696 	DATA 	Keypress: o
253.9860 	Level injecting via pump at address 0 	25
259.9717 	DATA 	Keypress: o
259.9728 	DATA 	Keypress: o
259.9738 	DATA 	Keypress: o
259.9869 	Level WAIT 	25
260.9868 	Level RINSE 	25
262.9723 	DATA 	Keypress: o
262.9870 	Level jitter 	25
270.9671 	Level finished 	25
270.9683 	DATA 	Keypress: o
270.9696 	DATA 	Keypress: o
270.9706 	DATA 	Keypress: o
270.9716 	DATA 	Keypress: o
271.0050 	Level image=tasty.jpg 	25
271.9697 	DATA 	Keypress: o
271.9880 	Level injecting via pump at address 1 	25
277.9722 	DATA 	Keypress: o
277.9734 	DATA 	Keypress: o
277.9746 	DATA 	Keypress: o
277.9887 	Level WAIT 	25
278.9889 	Level RINSE 	25
280.9723 	DATA 	Keypress: o
280.9895 	Level jitter 	25
282.9671 	Level finished 	25
282.9685 	DATA 	Keypress: o
282.9893 	Level image=tasty.jpg 	25
283.9699 	DATA 	Keypress: o
283.9728 	Level injecting via pump at address 1 	25
289.9722 	DATA 	Keypress: o
289.9732 	DATA 	Keypress: o
289.9741 	DATA 	Keypress: o
290.0068 	Level WAIT 	25
290.9907 	Level RINSE 	25
292.9716 	DATA 	Keypress: o
292.9905 	Level jitter 	25
294.9671 	Level finished 	25
294.9682 	DATA 	Keypress: o
294.9908 	Level image=waterlogo.jpg 	25
295.9701 	DATA 	Keypress: o
295.9908 	Level injecting via pump at address 0 	25
301.9717 	DATA 	Keypress: o
301.9729 	DATA 	Keypress: o
301.9740 	DATA 	Keypress: o
301.9920 	Level WAIT 	25
302.9751 	Level RINSE 	25
304.9719 	DATA 	Keypress: o
304.9919 	Level jitter 	25
307.9671 	Level finished 	25
307.9685 	DATA 	Keypress: o
307.9697 	DATA 	Keypress: o
307.9923 	Level image=tasty.jpg 	25
308.9757 	Level injecting via pump at address 1 	25
314.9727 	DATA 	Keypress: o
314.9739 	DATA 	Keypress: o
314.9752 	DATA 	Keypress: o
314.9934 	Level WAIT 	25
315.9700 	DATA 	Keypress: o
315.9765 	Level RINSE 	25
317.9727 	DATA 	Keypress: o
317.9934 	Level jitter 	25
319.9671 	Level finished 	25
319.9685 	DATA 	Keypress: o
319.9937 	Level image=waterlogo.jpg 	25
320.9939 	Level injecting via pump at address 0 	25
326.9725 	DATA 	Keypress: o
326.9738 	DATA 	Keypress: o
326.9750 	DATA 	Keypress: o
326.9949 	Level WAIT 	25
327.9697 	DATA 	Keypress: o
327.9779 	Level RINSE 	25
329.9726 	DATA 	Keypress: o
329.9948 	Level jitter 	25
330.9671 	Level finished 	25
330.9783 	Level image=tasty.jpg 	25
331.9699 	DATA 	Keypress: o
331.9785 	Level injecting via pump at address 1 	25
337.9725 	DATA 	Keypress: o
337.9739 	DATA 	Keypress: o
337.9750 	DATA 	Keypress: o
337.9962 	Level WAIT 	25
338.9959 	Level RINSE 	25
340.9724 	DATA 	Keypress: o
340.9794 	Level jitter 	25
342.9671 	Level finished 	25
342.9686 	DATA 	Keypress: o
342.9964 	Level image=waterlogo.jpg 	25
343.9697 	DATA 	Keypress: o
343.9798 	Level injecting via pump at address 0 	25
349.9725 	DATA 	Keypress: o
349.9735 	DATA 	Keypress: o
349.9745 	DATA 	Keypress: o
349.9808 	Level WAIT 	25
350.9806 	Level RINSE 	25
352.9718 	DATA 	Keypress: o
352.9808 	Level jitter 	25
358.9671 	Level finished 	25
358.9685 	DATA 	Keypress: o
358.9697 	DATA 	Keypress: o
358.9706 	DATA 	Keypress: o
358.9816 	Level image=waterlogo.jpg 	25
359.9702 	DATA 	Keypress: o
359.9821 	Level injecting via pump at address 0 	25
365.9723 	DATA 	Keypress: o
365.9733 	DATA 	Keypress: o
365.9742 	DATA 	Keypress: o
365.9823 	Level WAIT 	25
366.9825 	Level RINSE 	25
368.9729 	DATA 	Keypress: o
368.9826 	Level jitter 	25
371.9671 	Level finished 	25
371.9685 	DATA 	Keypress: o
371.9697 	DATA 	Keypress: o
371.9835 	Level image=tasty.jpg 	25
372.9833 	Level injecting via pump at address 1 	25
378.9721 	DATA 	Keypress: o
378.9735 	DATA 	Keypress: o
378.9748 	DATA 	Keypress: o
379.0005 	Level WAIT 	25
379.9700 	DATA 	Keypress: o
380.0006 	Level RINSE 	25
381.9723 	DATA 	Keypress: o
381.9846 	Level jitter 	25
389.9671 	Level finished 	25
389.9687 	DATA 	Keypress: o
389.9700 	DATA 	Keypress: o
389.9711 	DATA 	Keypress: o
389.9724 	DATA 	Keypress: o
390.0019 	Level image=waterlogo.jpg 	25
390.9854 	Level injecting via pump at address 0 	25
396.9722 	DATA 	Keypress: o
396.9732 	DATA 	Keypress: o
396.9742 	DATA 	Keypress: o
396.9864 	Level WAIT 	25
397.9702 	DATA 	Keypress: o
397.9861 	Level RINSE 	25
399.9727 	DATA 	Keypress: o
399.9863 	Level jitter 	25
404.9671 	Level finished 	25
404.9683 	DATA 	Keypress: o
404.9693 	DATA 	Keypress: o
405.0036 	Level image=tasty.jpg 	25
405.9698 	DATA 	Keypress: o
405.9871 	Level injecting via pump at address 1 	25
411.9724 	DATA 	Keypress: o
411.9734 	DATA 	Keypress: o
411.9745 	DATA 	Keypress: o
411.9881 	Level WAIT 	25
412.9878 	Level RINSE 	25
414.9716 	DATA 	Keypress: o
414.9881 	Level jitter 	25
418.9671 	Level finished 	25
418.9683 	DATA 	Keypress: o
418.9694 	DATA 	Keypress: o
418.9887 	Level image=waterlogo.jpg 	25
419.9695 	DATA 	Keypress: o
419.9888 	Level injecting via pump at address 0 	25
425.9731 	DATA 	Keypress: o
425.9745 	DATA 	Keypress: o
425.9756 	DATA 	Keypress: o
425.9897 	Level WAIT 	25
426.9895 	Level RINSE 	25
428.9721 	DATA 	Keypress: o
428.9897 	Level jitter 	25
433.9671 	Level finished 	25
433.9684 	DATA 	Keypress: o
433.9694 	DATA 	Keypress: o
433.9703 	DATA 	Keypress: o
433.9903 	Level image=tasty.jpg 	25
434.9905 	Level injecting via pump at address 1 	25
440.9718 	DATA 	Keypress: o
440.9728 	DATA 	Keypress: o
440.9737 	DATA 	Keypress: o
440.9914 	Level WAIT 	25
441.9696 	DATA 	Keypress: o
441.9913 	Level RINSE 	25
443.9726 	DATA 	Keypress: o
443.9915 	Level jitter 	25
452.9671 	Level finished 	25
452.9689 	DATA 	Keypress: o
452.9699 	DATA 	Keypress: o
452.9708 	DATA 	Keypress: o
452.9718 	DATA 	Keypress: o
452.9928 	Level image=waterlogo.jpg 	25
453.9698 	DATA 	Keypress: o
453.9927 	Level injecting via pump at address 0 	25
459.9723 	DATA 	Keypress: o
459.9736 	DATA 	Keypress: o
459.9748 	DATA 	Keypress: o
459.9934 	Level WAIT 	25
460.9935 	Level RINSE 	25
462.9730 	DATA 	Keypress: o
462.9941 	Level jitter 	25
471.9671 	Level finished 	25
471.9684 	DATA 	Keypress: o
471.9695 	DATA 	Keypress: o
471.9705 	DATA 	Keypress: o
471.9715 	DATA 	Keypress: o
471.9725 	DATA 	Keypress: o
471.9947 	Level image=tasty.jpg 	25
472.9954 	Level injecting via pump at address 1 	25
478.9719 	DATA 	Keypress: o
478.9729 	DATA 	Keypress: o
478.9739 	DATA 	Keypress: o
478.9956 	Level WAIT 	25
479.9695 	DATA 	Keypress: o
479.9957 	Level RINSE 	25
481.9725 	DATA 	Keypress: o
481.9959 	Level jitter 	25
485.9671 	Level finished 	25
485.9683 	DATA 	Keypress: o
485.9695 	DATA 	Keypress: o
485.9968 	Level image=tasty.jpg 	25
486.9800 	Level injecting via pump at address 1 	25
492.9726 	DATA 	Keypress: o
492.9739 	DATA 	Keypress: o
492.9750 	DATA 	Keypress: o
492.9973 	Level WAIT 	25
493.9696 	DATA 	Keypress: o
493.9807 	Level RINSE 	25
495.9720 	DATA 	Keypress: o
495.9979 	Level jitter 	25
498.9671 	Level finished 	25
498.9685 	DATA 	Keypress: o
498.9979 	Level image=waterlogo.jpg 	25
499.9697 	DATA 	Keypress: o
499.9814 	Level injecting via pump at address 0 	25
505.9719 	DATA 	Keypress: o
505.9733 	DATA 	Keypress: o
505.9743 	DATA 	Keypress: o
505.9824 	Level WAIT 	25
506.9822 	Level RINSE 	25
508.9719 	DATA 	Keypress: o
508.9824 	Level jitter 	25
509.9671 	Level finished 	25
509.9683 	DATA 	Keypress: o
509.9825 	Level image=tasty.jpg 	25
510.9827 	Level injecting via pump at address 1 	25
516.9722 	DATA 	Keypress: o
516.9732 	DATA 	Keypress: o
516.9742 	DATA 	Keypress: o
517.0005 	Level WAIT 	25
517.9696 	DATA 	Keypress: o
517.9835 	Level RINSE 	25
519.9721 	DATA 	Keypress: o
520.0004 	Level jitter 	25
526.9671 	Level finished 	25
526.9684 	DATA 	Keypress: o
526.9696 	DATA 	Keypress: o
526.9709 	DATA 	Keypress: o
527.0016 	Level image=waterlogo.jpg 	25
527.9697 	DATA 	Keypress: o
527.9846 	Level injecting via pump at address 0 	25
533.9717 	DATA 	Keypress: o
533.9729 	DATA 	Keypress: o
533.9739 	DATA 	Keypress: o
533.9853 	Level WAIT 	25
534.9855 	Level RINSE 	25
536.9740 	DATA 	Keypress: o
536.9861 	Level jitter 	25
537.9671 	Level finished 	25
537.9684 	DATA 	Keypress: o
537.9858 	Level image=tasty.jpg 	25
538.9860 	Level injecting via pump at address 1 	25
544.9725 	DATA 	Keypress: o
544.9737 	DATA 	Keypress: o
544.9749 	DATA 	Keypress: o
545.0033 	Level WAIT 	25
545.9697 	DATA 	Keypress: o
546.0034 	Level RINSE 	25
547.9724 	DATA 	Keypress: o
547.9873 	Level jitter 	25
553.9671 	Level finished 	25
