50.4396 	DATA 	Keypress: o
50.4405 	Level start key press 	25
52.4441 	DATA 	Keypress: o
54.4435 	DATA 	Keypress: o
56.4443 	DATA 	Keypress: o
58.4448 	DATA 	Keypress: o
58.9758 	Level image=waterlogo.jpg 	25
59.9096 	Level injecting via pump at address 0 	25
65.8972 	DATA 	Keypress: o
65.8985 	DATA 	Keypress: o
65.8995 	DATA 	Keypress: o
65.9265 	Level WAIT 	25
66.8949 	DATA 	Keypress: o
66.9267 	Level RINSE 	25
68.9056 	DATA 	Keypress: o
68.9269 	Level jitter 	25
77.8924 	Level finished 	25
77.8936 	DATA 	Keypress: o
77.8945 	DATA 	Keypress: o
77.8954 	DATA 	Keypress: o
77.8964 	DATA 	Keypress: o
77.9117 	Level image=waterlogo.jpg 	25
78.8952 	DATA 	Keypress: o
78.9114 	Level injecting via pump at address 0 	25
84.8973 	DATA 	Keypress: o
84.8984 	DATA 	Keypress: o
84.8993 	DATA 	Keypress: o
84.9288 	Level WAIT 	25
85.9122 	Level RINSE 	25
87.8969 	DATA 	Keypress: o
87.9128 	Level jitter 	25
92.8924 	Level finished 	25
92.8937 	DATA 	Keypress: o
92.8947 	DATA 	Keypress: o
92.8957 	DATA 	Keypress: o
92.9131 	Level image=tasty.jpg 	25
93.9132 	Level injecting via pump at address 0 	25
99.8979 	DATA 	Keypress: o
99.8994 	DATA 	Keypress: o
99.9006 	DATA 	Keypress: o
99.9142 	Level WAIT 	25
100.8952 	DATA 	Keypress: o
100.9141 	Level RINSE 	25
102.8968 	DATA 	Keypress: o
102.9142 	Level jitter 	25
103.8924 	Level finished 	25
103.9143 	Level image=tasty.jpg 	25
104.8950 	DATA 	Keypress: o
104.9145 	Level injecting via pump at address 1 	25
110.8984 	DATA 	Keypress: o
110.8996 	DATA 	Keypress: o
110.9008 	DATA 	Keypress: o
110.9156 	Level WAIT 	25
111.9153 	Level RINSE 	25
113.8971 	DATA 	Keypress: o
113.9156 	Level jitter 	25
118.8924 	Level finished 	25
118.8936 	DATA 	Keypress: o
118.8946 	DATA 	Keypress: o
118.8958 	DATA 	Keypress: o
118.9162 	Level image=tasty.jpg 	25
119.9163 	Level injecting via pump at address 0 	25
125.8978 	DATA 	Keypress: o
125.8993 	DATA 	Keypress: o
125.9006 	DATA 	Keypress: o
125.9173 	Level WAIT 	25
126.8953 	DATA 	Keypress: o
126.9004 	Level RINSE 	25
128.8974 	DATA 	Keypress: o
128.9173 	Level jitter 	25
132.8924 	Level finished 	25
132.8940 	DATA 	Keypress: o
132.8952 	DATA 	Keypress: o
132.9177 	Level image=waterlogo.jpg 	25
133.9179 	Level injecting via pump at address 0 	25
139.8977 	DATA 	Keypress: o
139.8987 	DATA 	Keypress: o
139.8996 	DATA 	Keypress: o
139.9190 	Level WAIT 	25
140.8949 	DATA 	Keypress: o
140.9187 	Level RINSE 	25
142.8978 	DATA 	Keypress: o
142.9190 	Level jitter 	25
144.8924 	Level finished 	25
144.8935 	DATA 	Keypress: o
144.9192 	Level image=tasty.jpg 	25
145.9027 	Level injecting via pump at address 0 	25
151.8974 	DATA 	Keypress: o
151.8986 	DATA 	Keypress: o
151.8995 	DATA 	Keypress: o
151.9204 	Level WAIT 	25
152.8951 	DATA 	Keypress: o
152.9201 	Level RINSE 	25
154.8976 	DATA 	Keypress: o
154.9037 	Level jitter 	25
162.8924 	Level finished 	25
162.8936 	DATA 	Keypress: o
162.8946 	DATA 	Keypress: o
162.8956 	DATA 	Keypress: o
162.8965 	DATA 	Keypress: o
162.9216 	Level image=waterlogo.jpg 	25
163.9048 	Level injecting via pump at address 0 	25
169.8978 	DATA 	Keypress: o
169.8990 	DATA 	Keypress: o
169.9000 	DATA 	Keypress: o
169.9221 	Level WAIT 	25
170.8955 	DATA 	Keypress: o
170.9055 	Level RINSE 	25
172.8976 	DATA 	Keypress: o
172.9229 	Level jitter 	25
177.8924 	Level finished 	25
177.8936 	DATA 	Keypress: o
177.8947 	DATA 	Keypress: o
177.9230 	Level image=tasty.jpg 	25
178.8948 	DATA 	Keypress: o
178.9232 	Level injecting via pump at address 1 	25
184.8975 	DATA 	Keypress: o
184.8985 	DATA 	Keypress: o
184.8995 	DATA 	Keypress: o
184.9241 	Level WAIT 	25
185.9073 	Level RINSE 	25
187.8972 	DATA 	Keypress: o
187.9242 	Level jitter 	25
189.8924 	Level finished 	25
189.8936 	DATA 	Keypress: o
189.9077 	Level image=tasty.jpg 	25
190.8950 	DATA 	Keypress: o
190.9245 	Level injecting via pump at address 0 	25
196.8971 	DATA 	Keypress: o
196.8981 	DATA 	Keypress: o
196.8990 	DATA 	Keypress: o
196.9256 	Level WAIT 	25
197.9254 	Level RINSE 	25
199.8968 	DATA 	Keypress: o
199.9089 	Level jitter 	25
202.8924 	Level finished 	25
202.8936 	DATA 	Keypress: o
202.8947 	DATA 	Keypress: o
202.9259 	Level image=waterlogo.jpg 	25
203.9261 	Level injecting via pump at address 0 	25
209.8979 	DATA 	Keypress: o
209.8991 	DATA 	Keypress: o
209.9003 	DATA 	Keypress: o
209.9271 	Level WAIT 	25
210.8954 	DATA 	Keypress: o
210.9103 	Level RINSE 	25
212.8984 	DATA 	Keypress: o
212.9271 	Level jitter 	25
220.8924 	Level finished 	25
220.8938 	DATA 	Keypress: o
220.8950 	DATA 	Keypress: o
220.8962 	DATA 	Keypress: o
220.8974 	DATA 	Keypress: o
220.9118 	Level image=tasty.jpg 	25
221.9116 	Level injecting via pump at address 0 	25
227.8979 	DATA 	Keypress: o
227.8995 	DATA 	Keypress: o
227.9006 	DATA 	Keypress: o
227.9122 	Level WAIT 	25
228.8952 	DATA 	Keypress: o
228.9123 	Level RINSE 	25
230.8983 	DATA 	Keypress: o
230.9130 	Level jitter 	25
232.8924 	Level finished 	25
232.8935 	DATA 	Keypress: o
232.9128 	Level image=tasty.jpg 	25
233.9130 	Level injecting via pump at address 1 	25
239.8975 	DATA 	Keypress: o
239.8987 	DATA 	Keypress: o
239.8998 	DATA 	Keypress: o
239.9136 	Level WAIT 	25
240.8950 	DATA 	Keypress: o
240.9142 	Level RINSE 	25
242.8978 	DATA 	Keypress: o
242.9139 	Level jitter 	25
251.8924 	Level finished 	25
251.8937 	DATA 	Keypress: o
251.8949 	DATA 	Keypress: o
251.8959 	DATA 	Keypress: o
251.8969 	DATA 	Keypress: o
251.9155 	Level image=waterlogo.jpg 	25
252.8952 	DATA 	Keypress: o
252.9152 	Level injecting via pump at address 0 	25
258.8974 	DATA 	Keypress: o
258.8984 	DATA 	Keypress: o
258.8995 	DATA 	Keypress: o
258.9158 	Level WAIT 	25
259.9159 	Level RINSE 	25
261.8983 	DATA 	Keypress: o
261.9165 	Level jitter 	25
269.8924 	Level finished 	25
269.8938 	DATA 	Keypress: o
269.8950 	DATA 	Keypress: o
269.8962 	DATA 	Keypress: o
269.8974 	DATA 	Keypress: o
269.9170 	Level image=tasty.jpg 	25
270.8952 	DATA 	Keypress: o
270.9173 	Level injecting via pump at address 0 	25
276.8978 	DATA 	Keypress: o
276.8991 	DATA 	Keypress: o
276.9002 	DATA 	Keypress: o
276.9183 	Level WAIT 	25
277.9180 	Level RINSE 	25
279.8975 	DATA 	Keypress: o
279.9182 	Level jitter 	25
281.8924 	Level finished 	25
281.8935 	DATA 	Keypress: o
281.9186 	Level image=waterlogo.jpg 	25
282.8953 	DATA 	Keypress: o
282.9020 	Level injecting via pump at address 0 	25
288.8978 	DATA 	Keypress: o
288.8990 	DATA 	Keypress: o
288.9001 	DATA 	Keypress: o
288.9197 	Level WAIT 	25
289.9028 	Level RINSE 	25
291.8976 	DATA 	Keypress: o
291.9030 	Level jitter 	25
298.8924 	Level finished 	25
298.8938 	DATA 	Keypress: o
298.8951 	DATA 	Keypress: o
298.8965 	DATA 	Keypress: o
298.8977 	DATA 	Keypress: o
298.9210 	Level image=tasty.jpg 	25
299.9207 	Level injecting via pump at address 1 	25
305.8978 	DATA 	Keypress: o
305.8991 	DATA 	Keypress: o
305.9003 	DATA 	Keypress: o
305.9213 	Level WAIT 	25
306.8953 	DATA 	Keypress: o
306.9215 	Level RINSE 	25
308.8977 	DATA 	Keypress: o
308.9221 	Level jitter 	25
313.8924 	Level finished 	25
313.8936 	DATA 	Keypress: o
313.8948 	DATA 	Keypress: o
313.9056 	Level image=tasty.jpg 	25
314.8953 	DATA 	Keypress: o
314.9057 	Level injecting via pump at address 0 	25
320.8980 	DATA 	Keypress: o
320.8992 	DATA 	Keypress: o
320.9003 	DATA 	Keypress: o
320.9235 	Level WAIT 	25
321.9067 	Level RINSE 	25
323.8979 	DATA 	Keypress: o
323.9067 	Level jitter 	25
325.8924 	Level finished 	25
325.8937 	DATA 	Keypress: o
325.9237 	Level image=tasty.jpg 	25
326.8953 	DATA 	Keypress: o
326.9071 	Level injecting via pump at address 1 	25
332.8977 	DATA 	Keypress: o
332.8987 	DATA 	Keypress: o
332.8998 	DATA 	Keypress: o
332.9082 	Level WAIT 	25
333.9079 	Level RINSE 	25
335.8978 	DATA 	Keypress: o
335.9082 	Level jitter 	25
338.8924 	Level finished 	25
338.8940 	DATA 	Keypress: o
338.8950 	DATA 	Keypress: o
338.9085 	Level image=tasty.jpg 	25
339.9087 	Level injecting via pump at address 0 	25
345.8976 	DATA 	Keypress: o
345.8992 	DATA 	Keypress: o
345.9003 	DATA 	Keypress: o
345.9097 	Level WAIT 	25
346.8952 	DATA 	Keypress: o
346.9095 	Level RINSE 	25
348.8970 	DATA 	Keypress: o
348.9096 	Level jitter 	25
350.8924 	Level finished 	25
350.8936 	DATA 	Keypress: o
350.9266 	Level image=tasty.jpg 	25
351.9101 	Level injecting via pump at address 1 	25
357.8969 	DATA 	Keypress: o
357.8979 	DATA 	Keypress: o
357.8989 	DATA 	Keypress: o
357.9111 	Level WAIT 	25
358.8955 	DATA 	Keypress: o
358.9108 	Level RINSE 	25
360.8984 	DATA 	Keypress: o
360.9110 	Level jitter 	25
364.8924 	Level finished 	25
364.8939 	DATA 	Keypress: o
364.8951 	DATA 	Keypress: o
364.9117 	Level image=tasty.jpg 	25
365.9118 	Level injecting via pump at address 0 	25
371.8978 	DATA 	Keypress: o
371.8990 	DATA 	Keypress: o
371.9002 	DATA 	Keypress: o
371.9295 	Level WAIT 	25
372.8948 	DATA 	Keypress: o
372.9124 	Level RINSE 	25
374.8982 	DATA 	Keypress: o
374.9127 	Level jitter 	25
376.8924 	Level finished 	25
376.8935 	DATA 	Keypress: o
376.9130 	Level image=tasty.jpg 	25
377.9131 	Level injecting via pump at address 1 	25
383.8979 	DATA 	Keypress: o
383.8992 	DATA 	Keypress: o
383.9004 	DATA 	Keypress: o
383.9142 	Level WAIT 	25
384.8953 	DATA 	Keypress: o
384.9139 	Level RINSE 	25
386.8974 	DATA 	Keypress: o
386.9141 	Level jitter 	25
394.8924 	Level finished 	25
394.8936 	DATA 	Keypress: o
394.8946 	DATA 	Keypress: o
394.8955 	DATA 	Keypress: o
394.8964 	DATA 	Keypress: o
394.9156 	Level image=tasty.jpg 	25
395.9153 	Level injecting via pump at address 0 	25
401.8979 	DATA 	Keypress: o
401.8992 	DATA 	Keypress: o
401.9003 	DATA 	Keypress: o
401.9158 	Level WAIT 	25
402.8950 	DATA 	Keypress: o
402.9160 	Level RINSE 	25
404.8974 	DATA 	Keypress: o
404.9166 	Level jitter 	25
411.8924 	Level finished 	25
