106.7569 	DATA 	Keypress: o
106.7576 	Level start key press 	25
108.7595 	DATA 	Keypress: o
110.7596 	DATA 	Keypress: o
112.7598 	DATA 	Keypress: o
114.7602 	DATA 	Keypress: o
115.2913 	Level image=tasty.jpg 	25
116.2414 	Level injecting via pump at address 1 	25
122.2296 	DATA 	Keypress: o
122.2307 	DATA 	Keypress: o
122.2316 	DATA 	Keypress: o
122.2591 	Level WAIT 	25
123.2269 	DATA 	Keypress: o
123.2422 	Level RINSE 	25
125.2376 	DATA 	Keypress: o
125.2590 	Level jitter 	25
134.2245 	Level finished 	25
134.2257 	DATA 	Keypress: o
134.2267 	DATA 	Keypress: o
134.2276 	DATA 	Keypress: o
134.2285 	DATA 	Keypress: o
134.2606 	Level image=waterlogo.jpg 	25
135.2274 	DATA 	Keypress: o
135.2436 	Level injecting via pump at address 0 	25
141.2291 	DATA 	Keypress: o
141.2303 	DATA 	Keypress: o
141.2312 	DATA 	Keypress: o
141.2609 	Level WAIT 	25
142.2445 	Level RINSE 	25
144.2290 	DATA 	Keypress: o
144.2450 	Level jitter 	25
148.2245 	Level finished 	25
148.2258 	DATA 	Keypress: o
148.2269 	DATA 	Keypress: o
148.2451 	Level image=tasty.jpg 	25
149.2274 	DATA 	Keypress: o
149.2452 	Level injecting via pump at address 1 	25
155.2299 	DATA 	Keypress: o
155.2311 	DATA 	Keypress: o
155.2323 	DATA 	Keypress: o
155.2463 	Level WAIT 	25
156.2461 	Level RINSE 	25
158.2299 	DATA 	Keypress: o
158.2463 	Level jitter 	25
162.2245 	Level finished 	25
162.2257 	DATA 	Keypress: o
162.2267 	DATA 	Keypress: o
162.2468 	Level image=waterlogo.jpg 	25
163.2269 	DATA 	Keypress: o
163.2469 	Level injecting via pump at address 0 	25
169.2298 	DATA 	Keypress: o
169.2310 	DATA 	Keypress: o
169.2322 	DATA 	Keypress: o
169.2479 	Level WAIT 	25
170.2310 	Level RINSE 	25
172.2290 	DATA 	Keypress: o
172.2479 	Level jitter 	25
176.2245 	Level finished 	25
176.2257 	DATA 	Keypress: o
176.2267 	DATA 	Keypress: o
176.2483 	Level image=waterlogo.jpg 	25
177.2268 	DATA 	Keypress: o
177.2485 	Level injecting via pump at address 0 	25
183.2296 	DATA 	Keypress: o
183.2309 	DATA 	Keypress: o
183.2321 	DATA 	Keypress: o
183.2496 	Level WAIT 	25
184.2494 	Level RINSE 	25
186.2295 	DATA 	Keypress: o
186.2496 	Level jitter 	25
190.2245 	Level finished 	25
190.2258 	DATA 	Keypress: o
190.2269 	DATA 	Keypress: o
190.2499 	Level image=tasty.jpg 	25
191.2269 	DATA 	Keypress: o
191.2502 	Level injecting via pump at address 1 	25
197.2297 	DATA 	Keypress: o
197.2308 	DATA 	Keypress: o
197.2318 	DATA 	Keypress: o
197.2512 	Level WAIT 	25
198.2343 	Level RINSE 	25
200.2297 	DATA 	Keypress: o
200.2512 	Level jitter 	25
206.2245 	Level finished 	25
206.2257 	DATA 	Keypress: o
206.2268 	DATA 	Keypress: o
206.2278 	DATA 	Keypress: o
206.2519 	Level image=waterlogo.jpg 	25
207.2268 	DATA 	Keypress: o
207.2524 	Level injecting via pump at address 0 	25
213.2298 	DATA 	Keypress: o
213.2312 	DATA 	Keypress: o
213.2323 	DATA 	Keypress: o
213.2527 	Level WAIT 	25
214.2361 	Level RINSE 	25
216.2297 	DATA 	Keypress: o
216.2530 	Level jitter 	25
219.2245 	Level finished 	25
219.2257 	DATA 	Keypress: o
219.2268 	DATA 	Keypress: o
219.2538 	Level image=tasty.jpg 	25
220.2368 	Level injecting via pump at address 1 	25
226.2303 	DATA 	Keypress: o
226.2316 	DATA 	Keypress: o
226.2329 	DATA 	Keypress: o
226.2376 	Level WAIT 	25
227.2270 	DATA 	Keypress: o
227.2377 	Level RINSE 	25
229.2290 	DATA 	Keypress: o
229.2550 	Level jitter 	25
232.2245 	Level finished 	25
232.2257 	DATA 	Keypress: o
232.2549 	Level image=waterlogo.jpg 	25
233.2274 	DATA 	Keypress: o
233.2383 	Level injecting via pump at address 0 	25
239.2304 	DATA 	Keypress: o
239.2316 	DATA 	Keypress: o
239.2327 	DATA 	Keypress: o
239.2395 	Level WAIT 	25
240.2392 	Level RINSE 	25
242.2298 	DATA 	Keypress: o
242.2393 	Level jitter 	25
246.2245 	Level finished 	25
246.2260 	DATA 	Keypress: o
246.2272 	DATA 	Keypress: o
246.2565 	Level image=waterlogo.jpg 	25
247.2272 	DATA 	Keypress: o
247.2567 	Level injecting via pump at address 0 	25
253.2301 	DATA 	Keypress: o
253.2313 	DATA 	Keypress: o
253.2325 	DATA 	Keypress: o
253.2577 	Level WAIT 	25
254.2409 	Level RINSE 	25
256.2297 	DATA 	Keypress: o
256.2577 	Level jitter 	25
261.2245 	Level finished 	25
261.2257 	DATA 	Keypress: o
261.2267 	DATA 	Keypress: o
261.2276 	DATA 	Keypress: o
261.2416 	Level image=tasty.jpg 	25
262.2417 	Level injecting via pump at address 1 	25
268.2300 	DATA 	Keypress: o
268.2312 	DATA 	Keypress: o
268.2322 	DATA 	Keypress: o
268.2429 	Level WAIT 	25
269.2273 	DATA 	Keypress: o
269.2427 	Level RINSE 	25
271.2293 	DATA 	Keypress: o
271.2428 	Level jitter 	25
274.2245 	Level finished 	25
274.2257 	DATA 	Keypress: o
274.2432 	Level image=waterlogo.jpg 	25
275.2276 	DATA 	Keypress: o
275.2433 	Level injecting via pump at address 0 	25
281.2299 	DATA 	Keypress: o
281.2311 	DATA 	Keypress: o
281.2323 	DATA 	Keypress: o
281.2609 	Level WAIT 	25
282.2442 	Level RINSE 	25
284.2288 	DATA 	Keypress: o
284.2443 	Level jitter 	25
292.2245 	Level finished 	25
292.2258 	DATA 	Keypress: o
292.2268 	DATA 	Keypress: o
292.2277 	DATA 	Keypress: o
292.2286 	DATA 	Keypress: o
292.2457 	Level image=tasty.jpg 	25
293.2274 	DATA 	Keypress: o
293.2454 	Level injecting via pump at address 1 	25
299.2297 	DATA 	Keypress: o
299.2308 	DATA 	Keypress: o
299.2318 	DATA 	Keypress: o
299.2460 	Level WAIT 	25
300.2462 	Level RINSE 	25
302.2296 	DATA 	Keypress: o
302.2467 	Level jitter 	25
304.2245 	Level finished 	25
304.2258 	DATA 	Keypress: o
304.2466 	Level image=tasty.jpg 	25
305.2272 	DATA 	Keypress: o
305.2468 	Level injecting via pump at address 1 	25
311.2302 	DATA 	Keypress: o
311.2314 	DATA 	Keypress: o
311.2324 	DATA 	Keypress: o
311.2475 	Level WAIT 	25
312.2481 	Level RINSE 	25
314.2295 	DATA 	Keypress: o
314.2477 	Level jitter 	25
316.2245 	Level finished 	25
316.2256 	DATA 	Keypress: o
316.2480 	Level image=waterlogo.jpg 	25
317.2269 	DATA 	Keypress: o
317.2315 	Level injecting via pump at address 0 	25
323.2299 	DATA 	Keypress: o
323.2309 	DATA 	Keypress: o
323.2319 	DATA 	Keypress: o
323.2493 	Level WAIT 	25
324.2490 	Level RINSE 	25
326.2316 	DATA 	Keypress: o
326.2493 	Level jitter 	25
329.2245 	Level finished 	25
329.2258 	DATA 	Keypress: o
329.2270 	DATA 	Keypress: o
329.2496 	Level image=tasty.jpg 	25
330.2330 	Level injecting via pump at address 1 	25
336.2298 	DATA 	Keypress: o
336.2311 	DATA 	Keypress: o
336.2322 	DATA 	Keypress: o
336.2507 	Level WAIT 	25
337.2269 	DATA 	Keypress: o
337.2505 	Level RINSE 	25
339.2297 	DATA 	Keypress: o
339.2507 	Level jitter 	25
341.2245 	Level finished 	25
341.2257 	DATA 	Keypress: o
341.2511 	Level image=waterlogo.jpg 	25
342.2344 	Level injecting via pump at address 0 	25
348.2297 	DATA 	Keypress: o
348.2310 	DATA 	Keypress: o
348.2323 	DATA 	Keypress: o
348.2521 	Level WAIT 	25
349.2272 	DATA 	Keypress: o
349.2519 	Level RINSE 	25
351.2295 	DATA 	Keypress: o
351.2355 	Level jitter 	25
352.2245 	Level finished 	25
352.2523 	Level image=tasty.jpg 	25
353.2274 	DATA 	Keypress: o
353.2525 	Level injecting via pump at address 1 	25
359.2292 	DATA 	Keypress: o
359.2304 	DATA 	Keypress: o
359.2314 	DATA 	Keypress: o
359.2534 	Level WAIT 	25
360.2532 	Level RINSE 	25
362.2293 	DATA 	Keypress: o
362.2534 	Level jitter 	25
364.2245 	Level finished 	25
364.2256 	DATA 	Keypress: o
364.2371 	Level image=waterlogo.jpg 	25
365.2274 	DATA 	Keypress: o
365.2538 	Level injecting via pump at address 0 	25
371.2300 	DATA 	Keypress: o
371.2313 	DATA 	Keypress: o
371.2325 	DATA 	Keypress: o
371.2549 	Level WAIT 	25
372.2546 	Level RINSE 	25
374.2290 	DATA 	Keypress: o
374.2381 	Level jitter 	25
380.2245 	Level finished 	25
380.2258 	DATA 	Keypress: o
380.2268 	DATA 	Keypress: o
380.2277 	DATA 	Keypress: o
380.2555 	Level image=waterlogo.jpg 	25
381.2269 	DATA 	Keypress: o
381.2561 	Level injecting via pump at address 0 	25
387.2289 	DATA 	Keypress: o
387.2300 	DATA 	Keypress: o
387.2309 	DATA 	Keypress: o
387.2563 	Level WAIT 	25
388.2565 	Level RINSE 	25
390.2295 	DATA 	Keypress: o
390.2567 	Level jitter 	25
393.2245 	Level finished 	25
393.2257 	DATA 	Keypress: o
393.2270 	DATA 	Keypress: o
393.2574 	Level image=tasty.jpg 	25
394.2572 	Level injecting via pump at address 1 	25
400.2296 	DATA 	Keypress: o
400.2306 	DATA 	Keypress: o
400.2316 	DATA 	Keypress: o
400.2579 	Level WAIT 	25
401.2274 	DATA 	Keypress: o
401.2413 	Level RINSE 	25
403.2293 	DATA 	Keypress: o
403.2586 	Level jitter 	25
411.2245 	Level finished 	25
411.2257 	DATA 	Keypress: o
411.2267 	DATA 	Keypress: o
411.2276 	DATA 	Keypress: o
411.2285 	DATA 	Keypress: o
411.2425 	Level image=waterlogo.jpg 	25
412.2426 	Level injecting via pump at address 0 	25
418.2300 	DATA 	Keypress: o
418.2312 	DATA 	Keypress: o
418.2324 	DATA 	Keypress: o
418.2437 	Level WAIT 	25
419.2271 	DATA 	Keypress: o
419.2435 	Level RINSE 	25
421.2291 	DATA 	Keypress: o
421.2436 	Level jitter 	25
426.2245 	Level finished 	25
426.2257 	DATA 	Keypress: o
426.2267 	DATA 	Keypress: o
426.2442 	Level image=tasty.jpg 	25
427.2273 	DATA 	Keypress: o
427.2443 	Level injecting via pump at address 1 	25
433.2290 	DATA 	Keypress: o
433.2299 	DATA 	Keypress: o
433.2309 	DATA 	Keypress: o
433.2454 	Level WAIT 	25
434.2452 	Level RINSE 	25
436.2293 	DATA 	Keypress: o
436.2454 	Level jitter 	25
440.2245 	Level finished 	25
440.2258 	DATA 	Keypress: o
440.2267 	DATA 	Keypress: o
440.2459 	Level image=waterlogo.jpg 	25
441.2271 	DATA 	Keypress: o
441.2460 	Level injecting via pump at address 0 	25
447.2301 	DATA 	Keypress: o
447.2313 	DATA 	Keypress: o
447.2325 	DATA 	Keypress: o
447.2637 	Level WAIT 	25
448.2302 	Level RINSE 	25
450.2298 	DATA 	Keypress: o
450.2470 	Level jitter 	25
455.2245 	Level finished 	25
455.2259 	DATA 	Keypress: o
455.2271 	DATA 	Keypress: o
455.2281 	DATA 	Keypress: o
455.2476 	Level image=tasty.jpg 	25
456.2478 	Level injecting via pump at address 1 	25
462.2300 	DATA 	Keypress: o
462.2312 	DATA 	Keypress: o
462.2324 	DATA 	Keypress: o
462.2488 	Level WAIT 	25
463.2269 	DATA 	Keypress: o
463.2486 	Level RINSE 	25
465.2288 	DATA 	Keypress: o
465.2488 	Level jitter 	25
474.2245 	Level finished 	25
474.2257 	DATA 	Keypress: o
474.2267 	DATA 	Keypress: o
474.2276 	DATA 	Keypress: o
474.2286 	DATA 	Keypress: o
474.2502 	Level image=waterlogo.jpg 	25
475.2269 	DATA 	Keypress: o
475.2500 	Level injecting via pump at address 0 	25
481.2294 	DATA 	Keypress: o
481.2305 	DATA 	Keypress: o
481.2315 	DATA 	Keypress: o
481.2507 	Level WAIT 	25
482.2341 	Level RINSE 	25
484.2302 	DATA 	Keypress: o
484.2513 	Level jitter 	25
493.2245 	Level finished 	25
493.2257 	DATA 	Keypress: o
493.2267 	DATA 	Keypress: o
493.2276 	DATA 	Keypress: o
493.2285 	DATA 	Keypress: o
493.2294 	DATA 	Keypress: o
493.2521 	Level image=tasty.jpg 	25
494.2526 	Level injecting via pump at address 1 	25
500.2291 	DATA 	Keypress: o
500.2303 	DATA 	Keypress: o
500.2316 	DATA 	Keypress: o
500.2529 	Level WAIT 	25
501.2274 	DATA 	Keypress: o
501.2363 	Level RINSE 	25
503.2299 	DATA 	Keypress: o
503.2532 	Level jitter 	25
507.2245 	Level finished 	25
507.2257 	DATA 	Keypress: o
507.2265 	DATA 	Keypress: o
507.2374 	Level image=tasty.jpg 	25
508.2371 	Level injecting via pump at address 1 	25
514.2293 	DATA 	Keypress: o
514.2303 	DATA 	Keypress: o
514.2315 	DATA 	Keypress: o
514.2545 	Level WAIT 	25
515.2268 	DATA 	Keypress: o
515.2547 	Level RINSE 	25
517.2294 	DATA 	Keypress: o
517.2386 	Level jitter 	25
520.2245 	Level finished 	25
520.2257 	DATA 	Keypress: o
520.2386 	Level image=waterlogo.jpg 	25
521.2269 	DATA 	Keypress: o
521.2387 	Level injecting via pump at address 0 	25
527.2293 	DATA 	Keypress: o
527.2303 	DATA 	Keypress: o
527.2313 	DATA 	Keypress: o
527.2564 	Level WAIT 	25
528.2562 	Level RINSE 	25
530.2288 	DATA 	Keypress: o
530.2397 	Level jitter 	25
531.2245 	Level finished 	25
531.2257 	DATA 	Keypress: o
531.2565 	Level image=tasty.jpg 	25
532.2400 	Level injecting via pump at address 1 	25
538.2300 	DATA 	Keypress: o
538.2312 	DATA 	Keypress: o
538.2322 	DATA 	Keypress: o
538.2409 	Level WAIT 	25
539.2269 	DATA 	Keypress: o
539.2408 	Level RINSE 	25
541.2294 	DATA 	Keypress: o
541.2576 	Level jitter 	25
548.2245 	Level finished 	25
548.2257 	DATA 	Keypress: o
548.2267 	DATA 	Keypress: o
548.2279 	DATA 	Keypress: o
548.2422 	Level image=waterlogo.jpg 	25
549.2272 	DATA 	Keypress: o
549.2420 	Level injecting via pump at address 0 	25
555.2289 	DATA 	Keypress: o
555.2299 	DATA 	Keypress: o
555.2308 	DATA 	Keypress: o
555.2426 	Level WAIT 	25
556.2427 	Level RINSE 	25
558.2312 	DATA 	Keypress: o
558.2433 	Level jitter 	25
559.2245 	Level finished 	25
559.2256 	DATA 	Keypress: o
559.2598 	Level image=tasty.jpg 	25
560.2433 	Level injecting via pump at address 1 	25
566.2300 	DATA 	Keypress: o
566.2312 	DATA 	Keypress: o
566.2323 	DATA 	Keypress: o
566.2606 	Level WAIT 	25
567.2269 	DATA 	Keypress: o
567.2440 	Level RINSE 	25
569.2288 	DATA 	Keypress: o
569.2614 	Level jitter 	25
575.2245 	Level finished 	25
