41.3637 	DATA 	Keypress: o
41.3643 	Level start key press 	25
43.3632 	DATA 	Keypress: o
45.3691 	DATA 	Keypress: o
47.3679 	DATA 	Keypress: o
49.3858 	DATA 	Keypress: o
50.2618 	Level image=tasty.jpg 	25
51.2152 	Level injecting via pump at address 1 	25
57.2054 	DATA 	Keypress: o
57.2067 	DATA 	Keypress: o
57.2079 	DATA 	Keypress: o
58.2027 	DATA 	Keypress: o
60.2143 	DATA 	Keypress: o
69.1998 	Level finished 	25
69.2013 	DATA 	Keypress: o
69.2023 	DATA 	Keypress: o
69.2035 	DATA 	Keypress: o
69.2046 	DATA 	Keypress: o
69.2114 	Level image=waterlogo.jpg 	25
70.2025 	DATA 	Keypress: o
70.2168 	Level injecting via pump at address 0 	25
76.2056 	DATA 	Keypress: o
76.2069 	DATA 	Keypress: o
76.2082 	DATA 	Keypress: o
79.2053 	DATA 	Keypress: o
83.1998 	Level finished 	25
83.2015 	DATA 	Keypress: o
83.2031 	DATA 	Keypress: o
83.2076 	Level image=tasty.jpg 	25
84.2027 	DATA 	Keypress: o
84.2115 	Level injecting via pump at address 1 	25
90.2056 	DATA 	Keypress: o
90.2069 	DATA 	Keypress: o
90.2081 	DATA 	Keypress: o
93.2049 	DATA 	Keypress: o
97.1998 	Level finished 	25
97.2016 	DATA 	Keypress: o
97.2028 	DATA 	Keypress: o
97.2079 	Level image=waterlogo.jpg 	25
98.2030 	DATA 	Keypress: o
98.2179 	Level injecting via pump at address 0 	25
104.2053 	DATA 	Keypress: o
104.2063 	DATA 	Keypress: o
104.2072 	DATA 	Keypress: o
107.2049 	DATA 	Keypress: o
111.1998 	Level finished 	25
111.2011 	DATA 	Keypress: o
111.2025 	DATA 	Keypress: o
111.2081 	Level image=waterlogo.jpg 	25
112.2028 	DATA 	Keypress: o
112.2308 	Level injecting via pump at address 0 	25
118.2056 	DATA 	Keypress: o
118.2068 	DATA 	Keypress: o
118.2081 	DATA 	Keypress: o
121.2055 	DATA 	Keypress: o
125.1998 	Level finished 	25
125.2015 	DATA 	Keypress: o
125.2028 	DATA 	Keypress: o
125.2072 	Level image=tasty.jpg 	25
126.2027 	DATA 	Keypress: o
126.2075 	Level injecting via pump at address 1 	25
132.2053 	DATA 	Keypress: o
132.2067 	DATA 	Keypress: o
132.2081 	DATA 	Keypress: o
135.2057 	DATA 	Keypress: o
141.1998 	Level finished 	25
141.2012 	DATA 	Keypress: o
141.2025 	DATA 	Keypress: o
141.2039 	DATA 	Keypress: o
141.2089 	Level image=waterlogo.jpg 	25
142.2027 	DATA 	Keypress: o
142.2226 	Level injecting via pump at address 0 	25
148.2047 	DATA 	Keypress: o
148.2058 	DATA 	Keypress: o
148.2069 	DATA 	Keypress: o
151.2050 	DATA 	Keypress: o
154.1998 	Level finished 	25
154.2015 	DATA 	Keypress: o
154.2032 	DATA 	Keypress: o
154.2087 	Level image=tasty.jpg 	25
155.2212 	Level injecting via pump at address 1 	25
161.2059 	DATA 	Keypress: o
161.2071 	DATA 	Keypress: o
161.2083 	DATA 	Keypress: o
162.2025 	DATA 	Keypress: o
164.2057 	DATA 	Keypress: o
167.1998 	Level finished 	25
167.2012 	DATA 	Keypress: o
167.2069 	Level image=waterlogo.jpg 	25
168.2029 	DATA 	Keypress: o
168.2195 	Level injecting via pump at address 0 	25
174.2064 	DATA 	Keypress: o
174.2078 	DATA 	Keypress: o
174.2091 	DATA 	Keypress: o
177.2055 	DATA 	Keypress: o
181.1998 	Level finished 	25
181.2014 	DATA 	Keypress: o
181.2027 	DATA 	Keypress: o
181.2088 	Level image=waterlogo.jpg 	25
182.2027 	DATA 	Keypress: o
182.2114 	Level injecting via pump at address 0 	25
188.2054 	DATA 	Keypress: o
188.2069 	DATA 	Keypress: o
188.2082 	DATA 	Keypress: o
191.2053 	DATA 	Keypress: o
196.1998 	Level finished 	25
196.2013 	DATA 	Keypress: o
196.2026 	DATA 	Keypress: o
196.2040 	DATA 	Keypress: o
196.2090 	Level image=tasty.jpg 	25
197.2157 	Level injecting via pump at address 1 	25
203.2055 	DATA 	Keypress: o
203.2067 	DATA 	Keypress: o
203.2080 	DATA 	Keypress: o
204.2029 	DATA 	Keypress: o
206.2055 	DATA 	Keypress: o
209.1998 	Level finished 	25
209.2011 	DATA 	Keypress: o
209.2062 	Level image=waterlogo.jpg 	25
210.2027 	DATA 	Keypress: o
210.2138 	Level injecting via pump at address 0 	25
216.2056 	DATA 	Keypress: o
216.2070 	DATA 	Keypress: o
216.2082 	DATA 	Keypress: o
219.2043 	DATA 	Keypress: o
227.1998 	Level finished 	25
227.2013 	DATA 	Keypress: o
227.2026 	DATA 	Keypress: o
227.2038 	DATA 	Keypress: o
227.2050 	DATA 	Keypress: o
227.2102 	Level image=tasty.jpg 	25
228.2028 	DATA 	Keypress: o
228.2197 	Level injecting via pump at address 1 	25
234.2066 	DATA 	Keypress: o
234.2082 	DATA 	Keypress: o
234.2095 	DATA 	Keypress: o
237.2054 	DATA 	Keypress: o
239.1998 	Level finished 	25
239.2011 	DATA 	Keypress: o
239.2051 	Level image=tasty.jpg 	25
240.2026 	DATA 	Keypress: o
240.2223 	Level injecting via pump at address 1 	25
246.2061 	DATA 	Keypress: o
246.2077 	DATA 	Keypress: o
246.2088 	DATA 	Keypress: o
249.2057 	DATA 	Keypress: o
251.1998 	Level finished 	25
251.2010 	DATA 	Keypress: o
251.2059 	Level image=waterlogo.jpg 	25
252.2027 	DATA 	Keypress: o
252.2258 	Level injecting via pump at address 0 	25
258.2050 	DATA 	Keypress: o
258.2061 	DATA 	Keypress: o
258.2072 	DATA 	Keypress: o
261.2055 	DATA 	Keypress: o
264.1998 	Level finished 	25
264.2012 	DATA 	Keypress: o
264.2024 	DATA 	Keypress: o
264.2070 	Level image=tasty.jpg 	25
265.2083 	Level injecting via pump at address 1 	25
271.2054 	DATA 	Keypress: o
271.2068 	DATA 	Keypress: o
271.2083 	DATA 	Keypress: o
272.2031 	DATA 	Keypress: o
274.2053 	DATA 	Keypress: o
276.1998 	Level finished 	25
276.2013 	DATA 	Keypress: o
276.2062 	Level image=waterlogo.jpg 	25
277.2115 	Level injecting via pump at address 0 	25
283.2054 	DATA 	Keypress: o
283.2067 	DATA 	Keypress: o
283.2079 	DATA 	Keypress: o
284.2026 	DATA 	Keypress: o
286.2058 	DATA 	Keypress: o
287.1998 	Level finished 	25
287.2049 	Level image=tasty.jpg 	25
288.2026 	DATA 	Keypress: o
288.2191 	Level injecting via pump at address 1 	25
294.2049 	DATA 	Keypress: o
294.2060 	DATA 	Keypress: o
294.2070 	DATA 	Keypress: o
297.2053 	DATA 	Keypress: o
299.1998 	Level finished 	25
299.2012 	DATA 	Keypress: o
299.2065 	Level image=waterlogo.jpg 	25
300.2026 	DATA 	Keypress: o
300.2059 	Level injecting via pump at address 0 	25
306.2054 	DATA 	Keypress: o
306.2068 	DATA 	Keypress: o
306.2080 	DATA 	Keypress: o
309.2048 	DATA 	Keypress: o
315.1998 	Level finished 	25
315.2014 	DATA 	Keypress: o
315.2028 	DATA 	Keypress: o
315.2041 	DATA 	Keypress: o
315.2115 	Level image=waterlogo.jpg 	25
316.2025 	DATA 	Keypress: o
316.2229 	Level injecting via pump at address 0 	25
322.2058 	DATA 	Keypress: o
322.2075 	DATA 	Keypress: o
322.2086 	DATA 	Keypress: o
325.2067 	DATA 	Keypress: o
328.1998 	Level finished 	25
328.2013 	DATA 	Keypress: o
328.2027 	DATA 	Keypress: o
328.2069 	Level image=tasty.jpg 	25
329.2172 	Level injecting via pump at address 1 	25
335.2059 	DATA 	Keypress: o
335.2077 	DATA 	Keypress: o
335.2093 	DATA 	Keypress: o
336.2032 	DATA 	Keypress: o
338.2049 	DATA 	Keypress: o
346.1998 	Level finished 	25
346.2012 	DATA 	Keypress: o
346.2025 	DATA 	Keypress: o
346.2036 	DATA 	Keypress: o
346.2048 	DATA 	Keypress: o
346.2111 	Level image=waterlogo.jpg 	25
347.2090 	Level injecting via pump at address 0 	25
353.2054 	DATA 	Keypress: o
353.2067 	DATA 	Keypress: o
353.2079 	DATA 	Keypress: o
354.2024 	DATA 	Keypress: o
356.2062 	DATA 	Keypress: o
361.1998 	Level finished 	25
361.2013 	DATA 	Keypress: o
361.2026 	DATA 	Keypress: o
361.2075 	Level image=tasty.jpg 	25
362.2033 	DATA 	Keypress: o
362.2129 	Level injecting via pump at address 1 	25
368.2058 	DATA 	Keypress: o
368.2071 	DATA 	Keypress: o
368.2083 	DATA 	Keypress: o
371.2053 	DATA 	Keypress: o
375.1998 	Level finished 	25
375.2011 	DATA 	Keypress: o
375.2022 	DATA 	Keypress: o
375.2076 	Level image=waterlogo.jpg 	25
376.2029 	DATA 	Keypress: o
376.2065 	Level injecting via pump at address 0 	25
382.2055 	DATA 	Keypress: o
382.2068 	DATA 	Keypress: o
382.2080 	DATA 	Keypress: o
385.2054 	DATA 	Keypress: o
390.1998 	Level finished 	25
390.2011 	DATA 	Keypress: o
390.2023 	DATA 	Keypress: o
390.2032 	DATA 	Keypress: o
390.2072 	Level image=tasty.jpg 	25
391.2105 	Level injecting via pump at address 1 	25
397.2059 	DATA 	Keypress: o
397.2073 	DATA 	Keypress: o
397.2085 	DATA 	Keypress: o
398.2027 	DATA 	Keypress: o
400.2055 	DATA 	Keypress: o
409.1998 	Level finished 	25
409.2012 	DATA 	Keypress: o
409.2024 	DATA 	Keypress: o
409.2036 	DATA 	Keypress: o
409.2046 	DATA 	Keypress: o
409.2095 	Level image=waterlogo.jpg 	25
410.2026 	DATA 	Keypress: o
410.2095 	Level injecting via pump at address 0 	25
416.2076 	DATA 	Keypress: o
416.2093 	DATA 	Keypress: o
416.2110 	DATA 	Keypress: o
419.2064 	DATA 	Keypress: o
428.1998 	Level finished 	25
428.2015 	DATA 	Keypress: o
428.2027 	DATA 	Keypress: o
428.2039 	DATA 	Keypress: o
428.2057 	DATA 	Keypress: o
428.2074 	DATA 	Keypress: o
428.2126 	Level image=tasty.jpg 	25
429.2101 	Level injecting via pump at address 1 	25
435.2055 	DATA 	Keypress: o
435.2070 	DATA 	Keypress: o
435.2084 	DATA 	Keypress: o
436.2032 	DATA 	Keypress: o
438.2055 	DATA 	Keypress: o
442.1998 	Level finished 	25
442.2013 	DATA 	Keypress: o
442.2027 	DATA 	Keypress: o
442.2078 	Level image=tasty.jpg 	25
443.2189 	Level injecting via pump at address 1 	25
449.2054 	DATA 	Keypress: o
449.2067 	DATA 	Keypress: o
449.2078 	DATA 	Keypress: o
450.2027 	DATA 	Keypress: o
452.2055 	DATA 	Keypress: o
455.1998 	Level finished 	25
455.2012 	DATA 	Keypress: o
455.2069 	Level image=waterlogo.jpg 	25
456.2028 	DATA 	Keypress: o
456.2171 	Level injecting via pump at address 0 	25
462.2057 	DATA 	Keypress: o
462.2070 	DATA 	Keypress: o
462.2083 	DATA 	Keypress: o
465.2055 	DATA 	Keypress: o
466.1998 	Level finished 	25
466.2011 	DATA 	Keypress: o
466.2061 	Level image=tasty.jpg 	25
467.2099 	Level injecting via pump at address 1 	25
473.2058 	DATA 	Keypress: o
473.2072 	DATA 	Keypress: o
473.2085 	DATA 	Keypress: o
474.2028 	DATA 	Keypress: o
476.2052 	DATA 	Keypress: o
483.1998 	Level finished 	25
483.2012 	DATA 	Keypress: o
483.2022 	DATA 	Keypress: o
483.2031 	DATA 	Keypress: o
483.2087 	Level image=waterlogo.jpg 	25
484.2030 	DATA 	Keypress: o
484.2112 	Level injecting via pump at address 0 	25
490.2057 	DATA 	Keypress: o
490.2069 	DATA 	Keypress: o
490.2079 	DATA 	Keypress: o
493.2050 	DATA 	Keypress: o
494.1998 	Level finished 	25
494.2014 	DATA 	Keypress: o
494.2063 	Level image=tasty.jpg 	25
495.2288 	Level injecting via pump at address 1 	25
501.2050 	DATA 	Keypress: o
501.2063 	DATA 	Keypress: o
501.2075 	DATA 	Keypress: o
502.2027 	DATA 	Keypress: o
504.2052 	DATA 	Keypress: o
510.1998 	Level finished 	25
