49.3048 	DATA 	Keypress: o
49.3058 	Level start key press 	25
51.3024 	DATA 	Keypress: o
53.3073 	DATA 	Keypress: o
55.3065 	DATA 	Keypress: o
57.3416 	DATA 	Keypress: o
57.3505 	Level image=waterlogo.jpg 	25
58.2796 	Level injecting via pump at address 0 	25
64.2774 	DATA 	Keypress: o
64.2784 	DATA 	Keypress: o
64.2794 	DATA 	Keypress: o
64.2869 	Level WAIT 	25
65.2865 	Level RINSE 	25
67.2873 	DATA 	Keypress: o
67.2985 	Level jitter 	25
76.2727 	Level finished 	25
76.2742 	DATA 	Keypress: o
76.2755 	DATA 	Keypress: o
76.2766 	DATA 	Keypress: o
76.2776 	DATA 	Keypress: o
76.2786 	DATA 	Keypress: o
76.2889 	Level image=waterlogo.jpg 	25
77.2785 	Level injecting via pump at address 0 	25
83.2778 	DATA 	Keypress: o
83.2790 	DATA 	Keypress: o
83.2801 	DATA 	Keypress: o
83.2885 	Level WAIT 	25
84.2753 	DATA 	Keypress: o
84.2885 	Level RINSE 	25
86.2779 	DATA 	Keypress: o
86.2816 	Level jitter 	25
91.2727 	Level finished 	25
91.2747 	DATA 	Keypress: o
91.2760 	DATA 	Keypress: o
91.2883 	Level image=tasty.jpg 	25
92.2761 	DATA 	Keypress: o
92.2836 	Level injecting via pump at address 0 	25
98.2783 	DATA 	Keypress: o
98.2795 	DATA 	Keypress: o
98.2806 	DATA 	Keypress: o
98.2856 	Level WAIT 	25
99.2802 	Level RINSE 	25
101.2779 	DATA 	Keypress: o
101.2855 	Level jitter 	25
102.2727 	Level finished 	25
102.2740 	DATA 	Keypress: o
102.2895 	Level image=tasty.jpg 	25
103.2895 	Level injecting via pump at address 1 	25
109.2791 	DATA 	Keypress: o
109.2808 	DATA 	Keypress: o
109.2818 	DATA 	Keypress: o
109.2898 	Level WAIT 	25
110.2756 	DATA 	Keypress: o
110.2885 	Level RINSE 	25
112.2781 	DATA 	Keypress: o
112.2905 	Level jitter 	25
117.2727 	Level finished 	25
117.2741 	DATA 	Keypress: o
117.2753 	DATA 	Keypress: o
117.2845 	Level image=tasty.jpg 	25
118.2753 	DATA 	Keypress: o
118.2796 	Level injecting via pump at address 0 	25
124.2782 	DATA 	Keypress: o
124.2794 	DATA 	Keypress: o
124.2805 	DATA 	Keypress: o
124.2909 	Level WAIT 	25
125.2917 	Level RINSE 	25
127.2780 	DATA 	Keypress: o
127.2824 	Level jitter 	25
131.2727 	Level finished 	25
131.2740 	DATA 	Keypress: o
131.2753 	DATA 	Keypress: o
131.2918 	Level image=waterlogo.jpg 	25
132.2762 	DATA 	Keypress: o
132.2885 	Level injecting via pump at address 0 	25
138.2785 	DATA 	Keypress: o
138.2802 	DATA 	Keypress: o
138.2815 	DATA 	Keypress: o
138.2909 	Level WAIT 	25
139.2857 	Level RINSE 	25
141.2778 	DATA 	Keypress: o
141.2915 	Level jitter 	25
143.2727 	Level finished 	25
143.2739 	DATA 	Keypress: o
143.2925 	Level image=tasty.jpg 	25
144.2756 	DATA 	Keypress: o
144.2925 	Level injecting via pump at address 0 	25
150.2788 	DATA 	Keypress: o
150.2803 	DATA 	Keypress: o
150.2815 	DATA 	Keypress: o
150.2928 	Level WAIT 	25
151.2885 	Level RINSE 	25
153.2772 	DATA 	Keypress: o
153.2925 	Level jitter 	25
161.2727 	Level finished 	25
161.2740 	DATA 	Keypress: o
161.2755 	DATA 	Keypress: o
161.2768 	DATA 	Keypress: o
161.2782 	DATA 	Keypress: o
161.2940 	Level image=waterlogo.jpg 	25
162.2756 	DATA 	Keypress: o
162.2813 	Level injecting via pump at address 0 	25
168.2782 	DATA 	Keypress: o
168.2794 	DATA 	Keypress: o
168.2806 	DATA 	Keypress: o
168.2935 	Level WAIT 	25
169.2769 	Level RINSE 	25
171.2778 	DATA 	Keypress: o
171.2837 	Level jitter 	25
176.2727 	Level finished 	25
176.2740 	DATA 	Keypress: o
176.2755 	DATA 	Keypress: o
176.2769 	DATA 	Keypress: o
176.2903 	Level image=tasty.jpg 	25
177.2783 	Level injecting via pump at address 1 	25
183.2792 	DATA 	Keypress: o
183.2804 	DATA 	Keypress: o
183.2815 	DATA 	Keypress: o
183.2878 	Level WAIT 	25
184.2750 	DATA 	Keypress: o
184.2783 	Level RINSE 	25
186.2776 	DATA 	Keypress: o
186.2876 	Level jitter 	25
188.2727 	Level finished 	25
188.2740 	DATA 	Keypress: o
188.2935 	Level image=tasty.jpg 	25
189.2793 	Level injecting via pump at address 0 	25
195.2785 	DATA 	Keypress: o
195.2799 	DATA 	Keypress: o
195.2813 	DATA 	Keypress: o
195.2909 	Level WAIT 	25
196.2751 	DATA 	Keypress: o
196.2795 	Level RINSE 	25
198.2786 	DATA 	Keypress: o
198.2905 	Level jitter 	25
201.2727 	Level finished 	25
201.2740 	DATA 	Keypress: o
201.2915 	Level image=waterlogo.jpg 	25
202.2756 	DATA 	Keypress: o
202.2803 	Level injecting via pump at address 0 	25
208.2783 	DATA 	Keypress: o
208.2796 	DATA 	Keypress: o
208.2809 	DATA 	Keypress: o
208.2889 	Level WAIT 	25
209.2805 	Level RINSE 	25
211.2778 	DATA 	Keypress: o
211.2895 	Level jitter 	25
219.2727 	Level finished 	25
219.2740 	DATA 	Keypress: o
219.2753 	DATA 	Keypress: o
219.2765 	DATA 	Keypress: o
219.2777 	DATA 	Keypress: o
219.2975 	Level image=tasty.jpg 	25
220.2754 	DATA 	Keypress: o
220.2813 	Level injecting via pump at address 0 	25
226.2778 	DATA 	Keypress: o
226.2790 	DATA 	Keypress: o
226.2801 	DATA 	Keypress: o
226.2935 	Level WAIT 	25
227.2818 	Level RINSE 	25
229.2776 	DATA 	Keypress: o
229.2827 	Level jitter 	25
231.2727 	Level finished 	25
231.2740 	DATA 	Keypress: o
231.2823 	Level image=tasty.jpg 	25
232.2754 	DATA 	Keypress: o
232.2786 	Level injecting via pump at address 1 	25
238.2785 	DATA 	Keypress: o
238.2799 	DATA 	Keypress: o
238.2812 	DATA 	Keypress: o
238.2967 	Level WAIT 	25
239.2829 	Level RINSE 	25
241.2781 	DATA 	Keypress: o
241.2814 	Level jitter 	25
250.2727 	Level finished 	25
250.2740 	DATA 	Keypress: o
250.2755 	DATA 	Keypress: o
250.2767 	DATA 	Keypress: o
250.2779 	DATA 	Keypress: o
250.2790 	DATA 	Keypress: o
250.3000 	Level image=waterlogo.jpg 	25
251.2784 	Level injecting via pump at address 0 	25
257.2779 	DATA 	Keypress: o
257.2790 	DATA 	Keypress: o
257.2800 	DATA 	Keypress: o
257.2834 	Level WAIT 	25
258.2750 	DATA 	Keypress: o
258.2837 	Level RINSE 	25
260.2781 	DATA 	Keypress: o
260.2818 	Level jitter 	25
268.2727 	Level finished 	25
268.2748 	DATA 	Keypress: o
268.2762 	DATA 	Keypress: o
268.2774 	DATA 	Keypress: o
268.2787 	DATA 	Keypress: o
268.2893 	Level image=tasty.jpg 	25
269.2835 	Level injecting via pump at address 0 	25
275.2782 	DATA 	Keypress: o
275.2796 	DATA 	Keypress: o
275.2808 	DATA 	Keypress: o
275.2858 	Level WAIT 	25
276.2752 	DATA 	Keypress: o
276.2794 	Level RINSE 	25
278.2784 	DATA 	Keypress: o
278.2848 	Level jitter 	25
280.2727 	Level finished 	25
280.2740 	DATA 	Keypress: o
280.2848 	Level image=waterlogo.jpg 	25
281.2856 	Level injecting via pump at address 0 	25
287.2778 	DATA 	Keypress: o
287.2789 	DATA 	Keypress: o
287.2799 	DATA 	Keypress: o
287.2859 	Level WAIT 	25
288.2757 	DATA 	Keypress: o
288.2834 	Level RINSE 	25
290.2790 	DATA 	Keypress: o
290.2854 	Level jitter 	25
297.2727 	Level finished 	25
297.2740 	DATA 	Keypress: o
297.2753 	DATA 	Keypress: o
297.2763 	DATA 	Keypress: o
297.2868 	Level image=tasty.jpg 	25
298.2754 	DATA 	Keypress: o
298.2808 	Level injecting via pump at address 1 	25
304.2787 	DATA 	Keypress: o
304.2800 	DATA 	Keypress: o
304.2813 	DATA 	Keypress: o
304.2869 	Level WAIT 	25
305.2771 	Level RINSE 	25
307.2778 	DATA 	Keypress: o
307.2837 	Level jitter 	25
312.2727 	Level finished 	25
312.2741 	DATA 	Keypress: o
312.2756 	DATA 	Keypress: o
312.2768 	DATA 	Keypress: o
312.2872 	Level image=tasty.jpg 	25
313.2846 	Level injecting via pump at address 0 	25
319.2779 	DATA 	Keypress: o
319.2791 	DATA 	Keypress: o
319.2803 	DATA 	Keypress: o
319.2869 	Level WAIT 	25
320.2754 	DATA 	Keypress: o
320.2815 	Level RINSE 	25
322.2783 	DATA 	Keypress: o
322.2874 	Level jitter 	25
324.2727 	Level finished 	25
324.2739 	DATA 	Keypress: o
324.2885 	Level image=tasty.jpg 	25
325.2885 	Level injecting via pump at address 1 	25
331.2777 	DATA 	Keypress: o
331.2787 	DATA 	Keypress: o
331.2797 	DATA 	Keypress: o
331.2896 	Level WAIT 	25
332.2755 	DATA 	Keypress: o
332.2850 	Level RINSE 	25
334.2775 	DATA 	Keypress: o
334.2885 	Level jitter 	25
337.2727 	Level finished 	25
337.2740 	DATA 	Keypress: o
337.2885 	Level image=tasty.jpg 	25
338.2756 	DATA 	Keypress: o
338.2865 	Level injecting via pump at address 0 	25
344.2786 	DATA 	Keypress: o
344.2803 	DATA 	Keypress: o
344.2816 	DATA 	Keypress: o
344.2888 	Level WAIT 	25
345.2825 	Level RINSE 	25
347.2773 	DATA 	Keypress: o
347.2884 	Level jitter 	25
349.2727 	Level finished 	25
349.2740 	DATA 	Keypress: o
349.2897 	Level image=tasty.jpg 	25
350.2753 	DATA 	Keypress: o
350.2896 	Level injecting via pump at address 1 	25
356.2786 	DATA 	Keypress: o
356.2801 	DATA 	Keypress: o
356.2814 	DATA 	Keypress: o
356.2909 	Level WAIT 	25
357.2867 	Level RINSE 	25
359.2779 	DATA 	Keypress: o
359.2900 	Level jitter 	25
363.2727 	Level finished 	25
363.2740 	DATA 	Keypress: o
363.2753 	DATA 	Keypress: o
363.2874 	Level image=tasty.jpg 	25
364.2751 	DATA 	Keypress: o
364.2826 	Level injecting via pump at address 0 	25
370.2786 	DATA 	Keypress: o
370.2799 	DATA 	Keypress: o
370.2811 	DATA 	Keypress: o
370.2849 	Level WAIT 	25
371.2795 	Level RINSE 	25
373.2779 	DATA 	Keypress: o
373.2857 	Level jitter 	25
375.2727 	Level finished 	25
375.2738 	DATA 	Keypress: o
375.2913 	Level image=tasty.jpg 	25
376.2753 	DATA 	Keypress: o
376.2855 	Level injecting via pump at address 1 	25
382.2777 	DATA 	Keypress: o
382.2789 	DATA 	Keypress: o
382.2800 	DATA 	Keypress: o
382.2879 	Level WAIT 	25
383.2825 	Level RINSE 	25
385.2778 	DATA 	Keypress: o
385.2892 	Level jitter 	25
393.2727 	Level finished 	25
393.2739 	DATA 	Keypress: o
393.2749 	DATA 	Keypress: o
393.2760 	DATA 	Keypress: o
393.2773 	DATA 	Keypress: o
393.2937 	Level image=tasty.jpg 	25
394.2755 	DATA 	Keypress: o
394.2915 	Level injecting via pump at address 0 	25
400.2777 	DATA 	Keypress: o
400.2790 	DATA 	Keypress: o
400.2803 	DATA 	Keypress: o
400.2928 	Level WAIT 	25
401.2772 	Level RINSE 	25
403.2778 	DATA 	Keypress: o
403.2939 	Level jitter 	25
410.2727 	Level finished 	25
