61.9005 	DATA 	Keypress: o
61.9014 	Level start key press 	25
63.9023 	DATA 	Keypress: o
65.9025 	DATA 	Keypress: o
67.9027 	DATA 	Keypress: o
69.9028 	DATA 	Keypress: o
70.4340 	Level image=waterlogo.jpg 	25
71.3676 	Level injecting via pump at address 0 	25
77.3560 	DATA 	Keypress: o
77.3573 	DATA 	Keypress: o
77.3584 	DATA 	Keypress: o
77.3852 	Level WAIT 	25
78.3534 	DATA 	Keypress: o
78.3682 	Level RINSE 	25
80.3643 	DATA 	Keypress: o
80.3851 	Level jitter 	25
87.3506 	Level finished 	25
87.3519 	DATA 	Keypress: o
87.3531 	DATA 	Keypress: o
87.3541 	DATA 	Keypress: o
87.3863 	Level image=tasty.jpg 	25
88.3534 	DATA 	Keypress: o
88.3694 	Level injecting via pump at address 0 	25
94.3554 	DATA 	Keypress: o
94.3565 	DATA 	Keypress: o
94.3574 	DATA 	Keypress: o
94.3701 	Level WAIT 	25
95.3703 	Level RINSE 	25
97.3551 	DATA 	Keypress: o
97.3708 	Level jitter 	25
101.3506 	Level finished 	25
101.3519 	DATA 	Keypress: o
101.3530 	DATA 	Keypress: o
101.3710 	Level image=tasty.jpg 	25
102.3534 	DATA 	Keypress: o
102.3711 	Level injecting via pump at address 1 	25
108.3558 	DATA 	Keypress: o
108.3570 	DATA 	Keypress: o
108.3582 	DATA 	Keypress: o
108.3721 	Level WAIT 	25
109.3719 	Level RINSE 	25
111.3554 	DATA 	Keypress: o
111.3720 	Level jitter 	25
112.3506 	Level finished 	25
112.3517 	DATA 	Keypress: o
112.3723 	Level image=tasty.jpg 	25
113.3724 	Level injecting via pump at address 0 	25
119.3555 	DATA 	Keypress: o
119.3565 	DATA 	Keypress: o
119.3575 	DATA 	Keypress: o
119.3734 	Level WAIT 	25
120.3530 	DATA 	Keypress: o
120.3732 	Level RINSE 	25
122.3551 	DATA 	Keypress: o
122.3733 	Level jitter 	25
130.3506 	Level finished 	25
130.3518 	DATA 	Keypress: o
130.3529 	DATA 	Keypress: o
130.3541 	DATA 	Keypress: o
130.3554 	DATA 	Keypress: o
130.3748 	Level image=waterlogo.jpg 	25
131.3745 	Level injecting via pump at address 0 	25
137.3550 	DATA 	Keypress: o
137.3561 	DATA 	Keypress: o
137.3571 	DATA 	Keypress: o
137.3751 	Level WAIT 	25
138.3531 	DATA 	Keypress: o
138.3586 	Level RINSE 	25
140.3559 	DATA 	Keypress: o
140.3758 	Level jitter 	25
148.3506 	Level finished 	25
148.3517 	DATA 	Keypress: o
148.3527 	DATA 	Keypress: o
148.3536 	DATA 	Keypress: o
148.3545 	DATA 	Keypress: o
148.3765 	Level image=waterlogo.jpg 	25
149.3766 	Level injecting via pump at address 0 	25
155.3557 	DATA 	Keypress: o
155.3570 	DATA 	Keypress: o
155.3581 	DATA 	Keypress: o
155.3776 	Level WAIT 	25
156.3529 	DATA 	Keypress: o
156.3607 	Level RINSE 	25
158.3561 	DATA 	Keypress: o
158.3776 	Level jitter 	25
164.3506 	Level finished 	25
164.3521 	DATA 	Keypress: o
164.3531 	DATA 	Keypress: o
164.3540 	DATA 	Keypress: o
164.3783 	Level image=tasty.jpg 	25
165.3789 	Level injecting via pump at address 1 	25
171.3555 	DATA 	Keypress: o
171.3566 	DATA 	Keypress: o
171.3576 	DATA 	Keypress: o
171.3791 	Level WAIT 	25
172.3529 	DATA 	Keypress: o
172.3625 	Level RINSE 	25
174.3549 	DATA 	Keypress: o
174.3795 	Level jitter 	25
176.3506 	Level finished 	25
176.3517 	DATA 	Keypress: o
176.3801 	Level image=tasty.jpg 	25
177.3798 	Level injecting via pump at address 0 	25
183.3558 	DATA 	Keypress: o
183.3570 	DATA 	Keypress: o
183.3580 	DATA 	Keypress: o
183.3805 	Level WAIT 	25
184.3534 	DATA 	Keypress: o
184.3807 	Level RINSE 	25
186.3555 	DATA 	Keypress: o
186.3813 	Level jitter 	25
192.3506 	Level finished 	25
192.3519 	DATA 	Keypress: o
192.3532 	DATA 	Keypress: o
192.3543 	DATA 	Keypress: o
192.3816 	Level image=waterlogo.jpg 	25
193.3817 	Level injecting via pump at address 0 	25
199.3559 	DATA 	Keypress: o
199.3571 	DATA 	Keypress: o
199.3583 	DATA 	Keypress: o
199.3828 	Level WAIT 	25
200.3535 	DATA 	Keypress: o
200.3658 	Level RINSE 	25
202.3552 	DATA 	Keypress: o
202.3828 	Level jitter 	25
204.3506 	Level finished 	25
204.3519 	DATA 	Keypress: o
204.3663 	Level image=waterlogo.jpg 	25
205.3664 	Level injecting via pump at address 0 	25
211.3560 	DATA 	Keypress: o
211.3575 	DATA 	Keypress: o
211.3587 	DATA 	Keypress: o
211.3842 	Level WAIT 	25
212.3529 	DATA 	Keypress: o
212.3839 	Level RINSE 	25
214.3554 	DATA 	Keypress: o
214.3675 	Level jitter 	25
223.3506 	Level finished 	25
223.3520 	DATA 	Keypress: o
223.3532 	DATA 	Keypress: o
223.3541 	DATA 	Keypress: o
223.3550 	DATA 	Keypress: o
223.3690 	Level image=tasty.jpg 	25
224.3529 	DATA 	Keypress: o
224.3687 	Level injecting via pump at address 1 	25
230.3553 	DATA 	Keypress: o
230.3564 	DATA 	Keypress: o
230.3574 	DATA 	Keypress: o
230.3860 	Level WAIT 	25
231.3695 	Level RINSE 	25
233.3552 	DATA 	Keypress: o
233.3701 	Level jitter 	25
240.3506 	Level finished 	25
240.3519 	DATA 	Keypress: o
240.3532 	DATA 	Keypress: o
240.3542 	DATA 	Keypress: o
240.3552 	DATA 	Keypress: o
240.3871 	Level image=tasty.jpg 	25
241.3708 	Level injecting via pump at address 0 	25
247.3552 	DATA 	Keypress: o
247.3562 	DATA 	Keypress: o
247.3573 	DATA 	Keypress: o
247.3716 	Level WAIT 	25
248.3530 	DATA 	Keypress: o
248.3714 	Level RINSE 	25
250.3554 	DATA 	Keypress: o
250.3716 	Level jitter 	25
257.3506 	Level finished 	25
257.3517 	DATA 	Keypress: o
257.3528 	DATA 	Keypress: o
257.3540 	DATA 	Keypress: o
257.3729 	Level image=waterlogo.jpg 	25
258.3532 	DATA 	Keypress: o
258.3727 	Level injecting via pump at address 0 	25
264.3557 	DATA 	Keypress: o
264.3569 	DATA 	Keypress: o
264.3578 	DATA 	Keypress: o
264.3733 	Level WAIT 	25
265.3734 	Level RINSE 	25
267.3550 	DATA 	Keypress: o
267.3741 	Level jitter 	25
272.3506 	Level finished 	25
272.3520 	DATA 	Keypress: o
272.3534 	DATA 	Keypress: o
272.3548 	DATA 	Keypress: o
272.3743 	Level image=tasty.jpg 	25
273.3744 	Level injecting via pump at address 0 	25
279.3561 	DATA 	Keypress: o
279.3571 	DATA 	Keypress: o
279.3580 	DATA 	Keypress: o
279.3754 	Level WAIT 	25
280.3530 	DATA 	Keypress: o
280.3751 	Level RINSE 	25
282.3560 	DATA 	Keypress: o
282.3754 	Level jitter 	25
283.3506 	Level finished 	25
283.3756 	Level image=tasty.jpg 	25
284.3529 	DATA 	Keypress: o
284.3590 	Level injecting via pump at address 1 	25
290.3553 	DATA 	Keypress: o
290.3565 	DATA 	Keypress: o
290.3576 	DATA 	Keypress: o
290.3767 	Level WAIT 	25
291.3598 	Level RINSE 	25
293.3549 	DATA 	Keypress: o
293.3767 	Level jitter 	25
296.3506 	Level finished 	25
296.3517 	DATA 	Keypress: o
296.3527 	DATA 	Keypress: o
296.3771 	Level image=tasty.jpg 	25
297.3605 	Level injecting via pump at address 0 	25
303.3562 	DATA 	Keypress: o
303.3576 	DATA 	Keypress: o
303.3588 	DATA 	Keypress: o
303.3782 	Level WAIT 	25
304.3533 	DATA 	Keypress: o
304.3780 	Level RINSE 	25
306.3561 	DATA 	Keypress: o
306.3615 	Level jitter 	25
308.3506 	Level finished 	25
308.3519 	DATA 	Keypress: o
308.3785 	Level image=tasty.jpg 	25
309.3620 	Level injecting via pump at address 1 	25
315.3559 	DATA 	Keypress: o
315.3572 	DATA 	Keypress: o
315.3582 	DATA 	Keypress: o
315.3796 	Level WAIT 	25
316.3529 	DATA 	Keypress: o
316.3627 	Level RINSE 	25
318.3558 	DATA 	Keypress: o
318.3796 	Level jitter 	25
320.3506 	Level finished 	25
320.3517 	DATA 	Keypress: o
320.3799 	Level image=tasty.jpg 	25
321.3801 	Level injecting via pump at address 0 	25
327.3551 	DATA 	Keypress: o
327.3561 	DATA 	Keypress: o
327.3570 	DATA 	Keypress: o
327.3812 	Level WAIT 	25
328.3530 	DATA 	Keypress: o
328.3642 	Level RINSE 	25
330.3558 	DATA 	Keypress: o
330.3810 	Level jitter 	25
331.3506 	Level finished 	25
331.3645 	Level image=waterlogo.jpg 	25
332.3534 	DATA 	Keypress: o
332.3646 	Level injecting via pump at address 0 	25
338.3560 	DATA 	Keypress: o
338.3570 	DATA 	Keypress: o
338.3579 	DATA 	Keypress: o
338.3658 	Level WAIT 	25
339.3654 	Level RINSE 	25
341.3557 	DATA 	Keypress: o
341.3656 	Level jitter 	25
347.3506 	Level finished 	25
347.3518 	DATA 	Keypress: o
347.3528 	DATA 	Keypress: o
347.3537 	DATA 	Keypress: o
347.3664 	Level image=tasty.jpg 	25
348.3535 	DATA 	Keypress: o
348.3670 	Level injecting via pump at address 1 	25
354.3559 	DATA 	Keypress: o
354.3572 	DATA 	Keypress: o
354.3582 	DATA 	Keypress: o
354.3671 	Level WAIT 	25
355.3673 	Level RINSE 	25
357.3549 	DATA 	Keypress: o
357.3675 	Level jitter 	25
360.3506 	Level finished 	25
360.3517 	DATA 	Keypress: o
360.3529 	DATA 	Keypress: o
360.3683 	Level image=tasty.jpg 	25
361.3680 	Level injecting via pump at address 0 	25
367.3551 	DATA 	Keypress: o
367.3561 	DATA 	Keypress: o
367.3570 	DATA 	Keypress: o
367.3687 	Level WAIT 	25
368.3529 	DATA 	Keypress: o
368.3855 	Level RINSE 	25
370.3556 	DATA 	Keypress: o
370.3694 	Level jitter 	25
372.3506 	Level finished 	25
372.3519 	DATA 	Keypress: o
372.3693 	Level image=tasty.jpg 	25
373.3694 	Level injecting via pump at address 1 	25
379.3559 	DATA 	Keypress: o
379.3572 	DATA 	Keypress: o
379.3584 	DATA 	Keypress: o
379.3701 	Level WAIT 	25
380.3530 	DATA 	Keypress: o
380.3707 	Level RINSE 	25
382.3555 	DATA 	Keypress: o
382.3705 	Level jitter 	25
386.3506 	Level finished 	25
386.3518 	DATA 	Keypress: o
386.3526 	DATA 	Keypress: o
386.3709 	Level image=tasty.jpg 	25
387.3544 	Level injecting via pump at address 0 	25
393.3554 	DATA 	Keypress: o
393.3567 	DATA 	Keypress: o
393.3579 	DATA 	Keypress: o
393.3888 	Level WAIT 	25
394.3534 	DATA 	Keypress: o
394.3719 	Level RINSE 	25
396.3557 	DATA 	Keypress: o
396.3887 	Level jitter 	25
403.3506 	Level finished 	25
403.3517 	DATA 	Keypress: o
403.3528 	DATA 	Keypress: o
403.3540 	DATA 	Keypress: o
403.3733 	Level image=tasty.jpg 	25
404.3529 	DATA 	Keypress: o
404.3731 	Level injecting via pump at address 0 	25
410.3562 	DATA 	Keypress: o
410.3574 	DATA 	Keypress: o
410.3585 	DATA 	Keypress: o
410.3738 	Level WAIT 	25
411.3739 	Level RINSE 	25
413.3559 	DATA 	Keypress: o
413.3745 	Level jitter 	25
417.3506 	Level finished 	25
