24.1881 	WARNING 	User requested fullscreen with size [800 600], but screen is actually [1280, 1024]. Using actual size
51.4150 	DATA 	Keypress: o
51.4158 	Level start key press 	25
53.4252 	DATA 	Keypress: o
55.4242 	DATA 	Keypress: o
57.4240 	DATA 	Keypress: o
59.4238 	DATA 	Keypress: o
60.5377 	Level image=waterlogo.jpg 	25
61.4614 	DATA 	Keypress: o
61.4877 	Level injecting via pump at address 0 	25
67.4637 	DATA 	Keypress: o
67.4647 	DATA 	Keypress: o
67.4657 	DATA 	Keypress: o
67.4848 	Level WAIT 	25
68.4844 	Level RINSE 	25
70.4726 	DATA 	Keypress: o
70.4841 	Level jitter 	25
79.4585 	Level finished 	25
79.4600 	DATA 	Keypress: o
79.4613 	DATA 	Keypress: o
79.4625 	DATA 	Keypress: o
79.4637 	DATA 	Keypress: o
79.4652 	DATA 	Keypress: o
79.4814 	Level image=waterlogo.jpg 	25
80.4646 	Level injecting via pump at address 0 	25
86.4639 	DATA 	Keypress: o
86.4652 	DATA 	Keypress: o
86.4664 	DATA 	Keypress: o
86.4789 	Level WAIT 	25
87.4611 	DATA 	Keypress: o
87.4781 	Level RINSE 	25
89.4639 	DATA 	Keypress: o
89.4779 	Level jitter 	25
94.4585 	Level finished 	25
94.4602 	DATA 	Keypress: o
94.4616 	DATA 	Keypress: o
94.4742 	Level image=tasty.jpg 	25
95.4618 	DATA 	Keypress: o
95.4763 	Level injecting via pump at address 0 	25
101.4649 	DATA 	Keypress: o
101.4662 	DATA 	Keypress: o
101.4674 	DATA 	Keypress: o
101.4915 	Level WAIT 	25
102.4740 	Level RINSE 	25
104.4641 	DATA 	Keypress: o
104.4893 	Level jitter 	25
105.4585 	Level finished 	25
105.4598 	DATA 	Keypress: o
105.4899 	Level image=tasty.jpg 	25
106.4720 	Level injecting via pump at address 1 	25
112.4636 	DATA 	Keypress: o
112.4650 	DATA 	Keypress: o
112.4662 	DATA 	Keypress: o
112.4871 	Level WAIT 	25
113.4612 	DATA 	Keypress: o
113.4696 	Level RINSE 	25
115.4640 	DATA 	Keypress: o
115.4699 	Level jitter 	25
120.4585 	Level finished 	25
120.4599 	DATA 	Keypress: o
120.4612 	DATA 	Keypress: o
120.4850 	Level image=tasty.jpg 	25
121.4614 	DATA 	Keypress: o
121.4675 	Level injecting via pump at address 0 	25
127.4643 	DATA 	Keypress: o
127.4656 	DATA 	Keypress: o
127.4668 	DATA 	Keypress: o
127.4821 	Level WAIT 	25
128.4656 	Level RINSE 	25
130.4633 	DATA 	Keypress: o
130.4759 	Level jitter 	25
134.4585 	Level finished 	25
134.4597 	DATA 	Keypress: o
134.4607 	DATA 	Keypress: o
134.4770 	Level image=waterlogo.jpg 	25
135.4615 	DATA 	Keypress: o
135.4801 	Level injecting via pump at address 0 	25
141.4640 	DATA 	Keypress: o
141.4653 	DATA 	Keypress: o
141.4665 	DATA 	Keypress: o
141.4781 	Level WAIT 	25
142.4941 	Level RINSE 	25
144.4639 	DATA 	Keypress: o
144.4768 	Level jitter 	25
146.4585 	Level finished 	25
146.4600 	DATA 	Keypress: o
146.4760 	Level image=tasty.jpg 	25
147.4613 	DATA 	Keypress: o
147.4759 	Level injecting via pump at address 0 	25
153.4643 	DATA 	Keypress: o
153.4657 	DATA 	Keypress: o
153.4674 	DATA 	Keypress: o
153.4740 	Level WAIT 	25
154.4739 	Level RINSE 	25
156.4636 	DATA 	Keypress: o
156.4887 	Level jitter 	25
164.4585 	Level finished 	25
164.4602 	DATA 	Keypress: o
164.4614 	DATA 	Keypress: o
164.4624 	DATA 	Keypress: o
164.4634 	DATA 	Keypress: o
164.4870 	Level image=waterlogo.jpg 	25
165.4617 	DATA 	Keypress: o
165.4699 	Level injecting via pump at address 0 	25
171.4643 	DATA 	Keypress: o
171.4657 	DATA 	Keypress: o
171.4669 	DATA 	Keypress: o
171.4786 	Level WAIT 	25
172.4674 	Level RINSE 	25
174.4651 	DATA 	Keypress: o
174.4796 	Level jitter 	25
179.4585 	Level finished 	25
179.4601 	DATA 	Keypress: o
179.4616 	DATA 	Keypress: o
179.4628 	DATA 	Keypress: o
179.4799 	Level image=tasty.jpg 	25
180.4647 	Level injecting via pump at address 1 	25
186.4642 	DATA 	Keypress: o
186.4655 	DATA 	Keypress: o
186.4665 	DATA 	Keypress: o
186.4803 	Level WAIT 	25
187.4615 	DATA 	Keypress: o
187.4793 	Level RINSE 	25
189.4642 	DATA 	Keypress: o
189.4948 	Level jitter 	25
191.4585 	Level finished 	25
191.4600 	DATA 	Keypress: o
191.4778 	Level image=tasty.jpg 	25
192.4771 	Level injecting via pump at address 0 	25
198.4640 	DATA 	Keypress: o
198.4653 	DATA 	Keypress: o
198.4666 	DATA 	Keypress: o
198.4754 	Level WAIT 	25
199.4614 	DATA 	Keypress: o
199.4747 	Level RINSE 	25
201.4641 	DATA 	Keypress: o
201.4750 	Level jitter 	25
204.4585 	Level finished 	25
204.4599 	DATA 	Keypress: o
204.4737 	Level image=waterlogo.jpg 	25
205.4614 	DATA 	Keypress: o
205.4735 	Level injecting via pump at address 0 	25
211.4645 	DATA 	Keypress: o
211.4658 	DATA 	Keypress: o
211.4670 	DATA 	Keypress: o
211.4722 	Level WAIT 	25
212.4705 	Level RINSE 	25
214.4649 	DATA 	Keypress: o
214.4696 	Level jitter 	25
222.4585 	Level finished 	25
222.4602 	DATA 	Keypress: o
222.4615 	DATA 	Keypress: o
222.4630 	DATA 	Keypress: o
222.4643 	DATA 	Keypress: o
222.4831 	Level image=tasty.jpg 	25
223.4616 	DATA 	Keypress: o
223.4679 	Level injecting via pump at address 0 	25
229.4642 	DATA 	Keypress: o
229.4654 	DATA 	Keypress: o
229.4666 	DATA 	Keypress: o
229.4825 	Level WAIT 	25
230.4814 	Level RINSE 	25
232.4642 	DATA 	Keypress: o
232.4814 	Level jitter 	25
234.4585 	Level finished 	25
234.4598 	DATA 	Keypress: o
234.4799 	Level image=tasty.jpg 	25
235.4616 	DATA 	Keypress: o
235.4808 	Level injecting via pump at address 1 	25
241.4643 	DATA 	Keypress: o
241.4656 	DATA 	Keypress: o
241.4670 	DATA 	Keypress: o
241.4777 	Level WAIT 	25
242.4674 	Level RINSE 	25
244.4630 	DATA 	Keypress: o
244.4767 	Level jitter 	25
253.4585 	Level finished 	25
253.4600 	DATA 	Keypress: o
253.4613 	DATA 	Keypress: o
253.4625 	DATA 	Keypress: o
253.4637 	DATA 	Keypress: o
253.4653 	DATA 	Keypress: o
253.4848 	Level image=waterlogo.jpg 	25
254.4734 	Level injecting via pump at address 0 	25
260.4644 	DATA 	Keypress: o
260.4659 	DATA 	Keypress: o
260.4671 	DATA 	Keypress: o
260.4720 	Level WAIT 	25
261.4614 	DATA 	Keypress: o
261.4710 	Level RINSE 	25
263.4640 	DATA 	Keypress: o
263.4714 	Level jitter 	25
271.4585 	Level finished 	25
271.4599 	DATA 	Keypress: o
271.4612 	DATA 	Keypress: o
271.4627 	DATA 	Keypress: o
271.4642 	DATA 	Keypress: o
271.4847 	Level image=tasty.jpg 	25
272.4852 	Level injecting via pump at address 0 	25
278.4640 	DATA 	Keypress: o
278.4653 	DATA 	Keypress: o
278.4669 	DATA 	Keypress: o
278.4834 	Level WAIT 	25
279.4614 	DATA 	Keypress: o
279.4826 	Level RINSE 	25
281.4634 	DATA 	Keypress: o
281.4815 	Level jitter 	25
283.4585 	Level finished 	25
283.4599 	DATA 	Keypress: o
283.4812 	Level image=waterlogo.jpg 	25
284.4803 	Level injecting via pump at address 0 	25
290.4641 	DATA 	Keypress: o
290.4653 	DATA 	Keypress: o
290.4663 	DATA 	Keypress: o
290.4795 	Level WAIT 	25
291.4613 	DATA 	Keypress: o
291.4712 	Level RINSE 	25
293.4644 	DATA 	Keypress: o
293.4708 	Level jitter 	25
300.4585 	Level finished 	25
300.4601 	DATA 	Keypress: o
300.4613 	DATA 	Keypress: o
300.4623 	DATA 	Keypress: o
300.4760 	Level image=tasty.jpg 	25
301.4614 	DATA 	Keypress: o
301.4710 	Level injecting via pump at address 1 	25
307.4641 	DATA 	Keypress: o
307.4654 	DATA 	Keypress: o
307.4666 	DATA 	Keypress: o
307.4729 	Level WAIT 	25
308.4725 	Level RINSE 	25
310.4641 	DATA 	Keypress: o
310.4893 	Level jitter 	25
315.4585 	Level finished 	25
315.4597 	DATA 	Keypress: o
315.4611 	DATA 	Keypress: o
315.4622 	DATA 	Keypress: o
315.4880 	Level image=tasty.jpg 	25
316.4869 	Level injecting via pump at address 0 	25
322.4641 	DATA 	Keypress: o
322.4654 	DATA 	Keypress: o
322.4668 	DATA 	Keypress: o
322.4852 	Level WAIT 	25
323.4613 	DATA 	Keypress: o
323.4849 	Level RINSE 	25
325.4642 	DATA 	Keypress: o
325.4837 	Level jitter 	25
327.4585 	Level finished 	25
327.4601 	DATA 	Keypress: o
327.4827 	Level image=tasty.jpg 	25
328.4827 	Level injecting via pump at address 1 	25
334.4644 	DATA 	Keypress: o
334.4657 	DATA 	Keypress: o
334.4670 	DATA 	Keypress: o
334.4736 	Level WAIT 	25
335.4613 	DATA 	Keypress: o
335.4742 	Level RINSE 	25
337.4641 	DATA 	Keypress: o
337.4795 	Level jitter 	25
340.4585 	Level finished 	25
340.4599 	DATA 	Keypress: o
340.4740 	Level image=tasty.jpg 	25
341.4612 	DATA 	Keypress: o
341.4788 	Level injecting via pump at address 0 	25
347.4645 	DATA 	Keypress: o
347.4660 	DATA 	Keypress: o
347.4678 	DATA 	Keypress: o
347.4775 	Level WAIT 	25
348.4759 	Level RINSE 	25
350.4641 	DATA 	Keypress: o
350.4920 	Level jitter 	25
352.4585 	Level finished 	25
352.4599 	DATA 	Keypress: o
352.4914 	Level image=tasty.jpg 	25
353.4613 	DATA 	Keypress: o
353.4754 	Level injecting via pump at address 1 	25
359.4631 	DATA 	Keypress: o
359.4643 	DATA 	Keypress: o
359.4654 	DATA 	Keypress: o
359.4902 	Level WAIT 	25
360.4728 	Level RINSE 	25
362.4643 	DATA 	Keypress: o
362.4712 	Level jitter 	25
366.4585 	Level finished 	25
366.4600 	DATA 	Keypress: o
366.4613 	DATA 	Keypress: o
366.4867 	Level image=tasty.jpg 	25
367.4613 	DATA 	Keypress: o
367.4870 	Level injecting via pump at address 0 	25
373.4641 	DATA 	Keypress: o
373.4653 	DATA 	Keypress: o
373.4666 	DATA 	Keypress: o
373.4762 	Level WAIT 	25
374.4685 	Level RINSE 	25
376.4640 	DATA 	Keypress: o
376.4762 	Level jitter 	25
378.4585 	Level finished 	25
378.4598 	DATA 	Keypress: o
378.4767 	Level image=tasty.jpg 	25
379.4611 	DATA 	Keypress: o
379.4657 	Level injecting via pump at address 1 	25
385.4642 	DATA 	Keypress: o
385.4655 	DATA 	Keypress: o
385.4668 	DATA 	Keypress: o
385.4770 	Level WAIT 	25
386.4768 	Level RINSE 	25
388.4648 	DATA 	Keypress: o
388.4769 	Level jitter 	25
396.4585 	Level finished 	25
396.4599 	DATA 	Keypress: o
396.4610 	DATA 	Keypress: o
396.4620 	DATA 	Keypress: o
396.4632 	DATA 	Keypress: o
396.4941 	Level image=tasty.jpg 	25
397.4616 	DATA 	Keypress: o
397.4768 	Level injecting via pump at address 0 	25
403.4645 	DATA 	Keypress: o
403.4658 	DATA 	Keypress: o
403.4670 	DATA 	Keypress: o
403.4756 	Level WAIT 	25
404.4748 	Level RINSE 	25
406.4643 	DATA 	Keypress: o
406.4742 	Level jitter 	25
413.4585 	Level finished 	25
