63.8058 	DATA 	Keypress: o
63.8065 	Level start key press 	25
65.8164 	DATA 	Keypress: o
67.8165 	DATA 	Keypress: o
69.8167 	DATA 	Keypress: o
71.8169 	DATA 	Keypress: o
72.2646 	Level image=waterlogo.jpg 	25
73.1981 	Level injecting via pump at address 0 	25
79.1864 	DATA 	Keypress: o
79.1875 	DATA 	Keypress: o
79.1884 	DATA 	Keypress: o
79.1992 	Level WAIT 	25
80.1838 	DATA 	Keypress: o
80.1989 	Level RINSE 	25
82.1950 	DATA 	Keypress: o
82.1990 	Level jitter 	25
89.1813 	Level finished 	25
89.1827 	DATA 	Keypress: o
89.1839 	DATA 	Keypress: o
89.1850 	DATA 	Keypress: o
89.2003 	Level image=waterlogo.jpg 	25
90.1836 	DATA 	Keypress: o
90.2001 	Level injecting via pump at address 0 	25
96.1858 	DATA 	Keypress: o
96.1868 	DATA 	Keypress: o
96.1877 	DATA 	Keypress: o
96.2007 	Level WAIT 	25
97.2009 	Level RINSE 	25
99.1857 	DATA 	Keypress: o
99.2015 	Level jitter 	25
104.1813 	Level finished 	25
104.1826 	DATA 	Keypress: o
104.1836 	DATA 	Keypress: o
104.1845 	DATA 	Keypress: o
104.2017 	Level image=tasty.jpg 	25
105.2018 	Level injecting via pump at address 1 	25
111.1864 	DATA 	Keypress: o
111.1874 	DATA 	Keypress: o
111.1883 	DATA 	Keypress: o
111.2028 	Level WAIT 	25
112.1838 	DATA 	Keypress: o
112.2026 	Level RINSE 	25
114.1861 	DATA 	Keypress: o
114.2028 	Level jitter 	25
117.1813 	Level finished 	25
117.1824 	DATA 	Keypress: o
117.2032 	Level image=tasty.jpg 	25
118.1837 	DATA 	Keypress: o
118.2034 	Level injecting via pump at address 0 	25
124.1870 	DATA 	Keypress: o
124.1881 	DATA 	Keypress: o
124.1891 	DATA 	Keypress: o
124.2044 	Level WAIT 	25
125.2041 	Level RINSE 	25
127.1864 	DATA 	Keypress: o
127.2043 	Level jitter 	25
133.1813 	Level finished 	25
133.1826 	DATA 	Keypress: o
133.1836 	DATA 	Keypress: o
133.1846 	DATA 	Keypress: o
133.2050 	Level image=tasty.jpg 	25
134.1839 	DATA 	Keypress: o
134.2057 	Level injecting via pump at address 0 	25
140.1863 	DATA 	Keypress: o
140.1874 	DATA 	Keypress: o
140.1883 	DATA 	Keypress: o
140.2059 	Level WAIT 	25
141.1894 	Level RINSE 	25
143.1857 	DATA 	Keypress: o
143.2062 	Level jitter 	25
152.1813 	Level finished 	25
152.1825 	DATA 	Keypress: o
152.1836 	DATA 	Keypress: o
152.1845 	DATA 	Keypress: o
152.1855 	DATA 	Keypress: o
152.1867 	DATA 	Keypress: o
152.2078 	Level image=tasty.jpg 	25
153.2075 	Level injecting via pump at address 1 	25
159.1864 	DATA 	Keypress: o
159.1874 	DATA 	Keypress: o
159.1886 	DATA 	Keypress: o
159.2081 	Level WAIT 	25
160.1837 	DATA 	Keypress: o
160.1916 	Level RINSE 	25
162.1860 	DATA 	Keypress: o
162.2089 	Level jitter 	25
168.1813 	Level finished 	25
168.1825 	DATA 	Keypress: o
168.1835 	DATA 	Keypress: o
168.1846 	DATA 	Keypress: o
168.2092 	Level image=tasty.jpg 	25
169.1926 	Level injecting via pump at address 0 	25
175.1858 	DATA 	Keypress: o
175.1868 	DATA 	Keypress: o
175.1878 	DATA 	Keypress: o
175.2103 	Level WAIT 	25
176.1839 	DATA 	Keypress: o
176.1935 	Level RINSE 	25
178.1863 	DATA 	Keypress: o
178.2103 	Level jitter 	25
181.1813 	Level finished 	25
181.1824 	DATA 	Keypress: o
181.2108 	Level image=tasty.jpg 	25
182.1841 	DATA 	Keypress: o
182.1942 	Level injecting via pump at address 1 	25
188.1863 	DATA 	Keypress: o
188.1876 	DATA 	Keypress: o
188.1887 	DATA 	Keypress: o
188.1953 	Level WAIT 	25
189.1950 	Level RINSE 	25
191.1859 	DATA 	Keypress: o
191.1953 	Level jitter 	25
196.1813 	Level finished 	25
196.1826 	DATA 	Keypress: o
196.1836 	DATA 	Keypress: o
196.1845 	DATA 	Keypress: o
196.2125 	Level image=tasty.jpg 	25
197.2127 	Level injecting via pump at address 0 	25
203.1873 	DATA 	Keypress: o
203.1886 	DATA 	Keypress: o
203.1897 	DATA 	Keypress: o
203.2136 	Level WAIT 	25
204.1840 	DATA 	Keypress: o
204.1968 	Level RINSE 	25
206.1866 	DATA 	Keypress: o
206.2136 	Level jitter 	25
207.1813 	Level finished 	25
207.1971 	Level image=waterlogo.jpg 	25
208.1837 	DATA 	Keypress: o
208.1972 	Level injecting via pump at address 0 	25
214.1867 	DATA 	Keypress: o
214.1878 	DATA 	Keypress: o
214.1888 	DATA 	Keypress: o
214.1983 	Level WAIT 	25
215.1980 	Level RINSE 	25
217.1865 	DATA 	Keypress: o
217.1983 	Level jitter 	25
222.1813 	Level finished 	25
222.1825 	DATA 	Keypress: o
222.1834 	DATA 	Keypress: o
222.1843 	DATA 	Keypress: o
222.1988 	Level image=waterlogo.jpg 	25
223.1990 	Level injecting via pump at address 0 	25
229.1866 	DATA 	Keypress: o
229.1882 	DATA 	Keypress: o
229.1896 	DATA 	Keypress: o
229.2000 	Level WAIT 	25
230.1841 	DATA 	Keypress: o
230.1998 	Level RINSE 	25
232.1870 	DATA 	Keypress: o
232.2000 	Level jitter 	25
235.1813 	Level finished 	25
235.1824 	DATA 	Keypress: o
235.2004 	Level image=tasty.jpg 	25
236.1838 	DATA 	Keypress: o
236.2005 	Level injecting via pump at address 0 	25
242.1865 	DATA 	Keypress: o
242.1874 	DATA 	Keypress: o
242.1883 	DATA 	Keypress: o
242.2016 	Level WAIT 	25
243.2013 	Level RINSE 	25
245.1864 	DATA 	Keypress: o
245.2015 	Level jitter 	25
251.1813 	Level finished 	25
251.1825 	DATA 	Keypress: o
251.1837 	DATA 	Keypress: o
251.1851 	DATA 	Keypress: o
251.2022 	Level image=waterlogo.jpg 	25
252.1839 	DATA 	Keypress: o
252.2028 	Level injecting via pump at address 0 	25
258.1860 	DATA 	Keypress: o
258.1870 	DATA 	Keypress: o
258.1880 	DATA 	Keypress: o
258.2030 	Level WAIT 	25
259.2031 	Level RINSE 	25
261.1859 	DATA 	Keypress: o
261.2034 	Level jitter 	25
263.1813 	Level finished 	25
263.1825 	DATA 	Keypress: o
263.2041 	Level image=waterlogo.jpg 	25
264.1837 	DATA 	Keypress: o
264.2039 	Level injecting via pump at address 0 	25
270.1869 	DATA 	Keypress: o
270.1881 	DATA 	Keypress: o
270.1892 	DATA 	Keypress: o
270.2043 	Level WAIT 	25
271.2045 	Level RINSE 	25
273.1868 	DATA 	Keypress: o
273.2052 	Level jitter 	25
281.1813 	Level finished 	25
281.1826 	DATA 	Keypress: o
281.1836 	DATA 	Keypress: o
281.1845 	DATA 	Keypress: o
281.1855 	DATA 	Keypress: o
281.2224 	Level image=tasty.jpg 	25
282.1843 	DATA 	Keypress: o
282.2059 	Level injecting via pump at address 0 	25
288.1864 	DATA 	Keypress: o
288.1874 	DATA 	Keypress: o
288.1883 	DATA 	Keypress: o
288.2070 	Level WAIT 	25
289.2067 	Level RINSE 	25
291.1863 	DATA 	Keypress: o
291.1902 	Level jitter 	25
296.1813 	Level finished 	25
296.1825 	DATA 	Keypress: o
296.1836 	DATA 	Keypress: o
296.1845 	DATA 	Keypress: o
296.2075 	Level image=waterlogo.jpg 	25
297.1910 	Level injecting via pump at address 0 	25
303.1863 	DATA 	Keypress: o
303.1874 	DATA 	Keypress: o
303.1884 	DATA 	Keypress: o
303.2087 	Level WAIT 	25
304.1841 	DATA 	Keypress: o
304.1918 	Level RINSE 	25
306.1864 	DATA 	Keypress: o
306.2087 	Level jitter 	25
311.1813 	Level finished 	25
311.1825 	DATA 	Keypress: o
311.1836 	DATA 	Keypress: o
311.2092 	Level image=tasty.jpg 	25
312.1839 	DATA 	Keypress: o
312.2094 	Level injecting via pump at address 0 	25
318.1867 	DATA 	Keypress: o
318.1879 	DATA 	Keypress: o
318.1891 	DATA 	Keypress: o
318.2105 	Level WAIT 	25
319.1935 	Level RINSE 	25
321.1867 	DATA 	Keypress: o
321.2104 	Level jitter 	25
328.1813 	Level finished 	25
328.1824 	DATA 	Keypress: o
328.1836 	DATA 	Keypress: o
328.1848 	DATA 	Keypress: o
328.1858 	DATA 	Keypress: o
328.2116 	Level image=tasty.jpg 	25
329.1948 	Level injecting via pump at address 1 	25
335.1865 	DATA 	Keypress: o
335.1876 	DATA 	Keypress: o
335.1888 	DATA 	Keypress: o
335.1954 	Level WAIT 	25
336.1837 	DATA 	Keypress: o
336.1955 	Level RINSE 	25
338.1856 	DATA 	Keypress: o
338.1961 	Level jitter 	25
342.1813 	Level finished 	25
342.1826 	DATA 	Keypress: o
342.1838 	DATA 	Keypress: o
342.2128 	Level image=tasty.jpg 	25
343.2130 	Level injecting via pump at address 0 	25
349.1868 	DATA 	Keypress: o
349.1878 	DATA 	Keypress: o
349.1886 	DATA 	Keypress: o
349.2141 	Level WAIT 	25
350.1841 	DATA 	Keypress: o
350.1971 	Level RINSE 	25
352.1863 	DATA 	Keypress: o
352.2140 	Level jitter 	25
355.1813 	Level finished 	25
355.1826 	DATA 	Keypress: o
355.2144 	Level image=tasty.jpg 	25
356.1839 	DATA 	Keypress: o
356.2146 	Level injecting via pump at address 1 	25
362.1867 	DATA 	Keypress: o
362.1879 	DATA 	Keypress: o
362.1891 	DATA 	Keypress: o
362.2157 	Level WAIT 	25
363.1986 	Level RINSE 	25
365.1862 	DATA 	Keypress: o
365.2156 	Level jitter 	25
370.1813 	Level finished 	25
370.1825 	DATA 	Keypress: o
370.1835 	DATA 	Keypress: o
370.1845 	DATA 	Keypress: o
370.1995 	Level image=tasty.jpg 	25
371.1996 	Level injecting via pump at address 0 	25
377.1869 	DATA 	Keypress: o
377.1883 	DATA 	Keypress: o
377.1894 	DATA 	Keypress: o
377.2174 	Level WAIT 	25
378.1837 	DATA 	Keypress: o
378.2171 	Level RINSE 	25
380.1870 	DATA 	Keypress: o
380.2006 	Level jitter 	25
381.1813 	Level finished 	25
381.2174 	Level image=tasty.jpg 	25
382.1837 	DATA 	Keypress: o
382.2009 	Level injecting via pump at address 1 	25
388.1868 	DATA 	Keypress: o
388.1880 	DATA 	Keypress: o
388.1891 	DATA 	Keypress: o
388.2021 	Level WAIT 	25
389.2018 	Level RINSE 	25
391.1868 	DATA 	Keypress: o
391.2019 	Level jitter 	25
400.1813 	Level finished 	25
400.1824 	DATA 	Keypress: o
400.1835 	DATA 	Keypress: o
400.1845 	DATA 	Keypress: o
400.1855 	DATA 	Keypress: o
400.1864 	DATA 	Keypress: o
400.2035 	Level image=tasty.jpg 	25
401.2032 	Level injecting via pump at address 1 	25
407.1869 	DATA 	Keypress: o
407.1882 	DATA 	Keypress: o
407.1892 	DATA 	Keypress: o
407.2038 	Level WAIT 	25
408.1841 	DATA 	Keypress: o
408.2040 	Level RINSE 	25
410.1866 	DATA 	Keypress: o
410.2045 	Level jitter 	25
419.1813 	Level finished 	25
419.1827 	DATA 	Keypress: o
419.1839 	DATA 	Keypress: o
419.1848 	DATA 	Keypress: o
419.1857 	DATA 	Keypress: o
419.2053 	Level image=tasty.jpg 	25
420.1838 	DATA 	Keypress: o
420.2058 	Level injecting via pump at address 0 	25
426.1870 	DATA 	Keypress: o
426.1880 	DATA 	Keypress: o
426.1890 	DATA 	Keypress: o
426.2060 	Level WAIT 	25
427.2061 	Level RINSE 	25
429.1858 	DATA 	Keypress: o
429.2064 	Level jitter 	25
431.1813 	Level finished 	25
