50.9887 	DATA 	Keypress: o
50.9897 	Level start key press 	25
52.9972 	DATA 	Keypress: o
54.9973 	DATA 	Keypress: o
56.9975 	DATA 	Keypress: o
59.0143 	DATA 	Keypress: o
59.5120 	Level image=waterlogo.jpg 	25
60.4625 	Level injecting via pump at address 0 	25
66.4507 	DATA 	Keypress: o
66.4519 	DATA 	Keypress: o
66.4531 	DATA 	Keypress: o
66.4624 	Level WAIT 	25
67.4481 	DATA 	Keypress: o
67.4625 	Level RINSE 	25
69.4583 	DATA 	Keypress: o
69.4792 	Level jitter 	25
76.4453 	Level finished 	25
76.4467 	DATA 	Keypress: o
76.4480 	DATA 	Keypress: o
76.4491 	DATA 	Keypress: o
76.4802 	Level image=waterlogo.jpg 	25
77.4476 	DATA 	Keypress: o
77.4633 	Level injecting via pump at address 0 	25
83.4509 	DATA 	Keypress: o
83.4522 	DATA 	Keypress: o
83.4535 	DATA 	Keypress: o
83.4802 	Level WAIT 	25
84.4638 	Level RINSE 	25
86.4503 	DATA 	Keypress: o
86.4643 	Level jitter 	25
91.4453 	Level finished 	25
91.4466 	DATA 	Keypress: o
91.4479 	DATA 	Keypress: o
91.4491 	DATA 	Keypress: o
91.4642 	Level image=tasty.jpg 	25
92.4643 	Level injecting via pump at address 1 	25
98.4506 	DATA 	Keypress: o
98.4520 	DATA 	Keypress: o
98.4531 	DATA 	Keypress: o
98.4651 	Level WAIT 	25
99.4481 	DATA 	Keypress: o
99.4649 	Level RINSE 	25
101.4497 	DATA 	Keypress: o
101.4649 	Level jitter 	25
104.4453 	Level finished 	25
104.4467 	DATA 	Keypress: o
104.4651 	Level image=tasty.jpg 	25
105.4479 	DATA 	Keypress: o
105.4652 	Level injecting via pump at address 0 	25
111.4502 	DATA 	Keypress: o
111.4513 	DATA 	Keypress: o
111.4525 	DATA 	Keypress: o
111.4826 	Level WAIT 	25
112.4490 	Level RINSE 	25
114.4506 	DATA 	Keypress: o
114.4658 	Level jitter 	25
120.4453 	Level finished 	25
120.4467 	DATA 	Keypress: o
120.4480 	DATA 	Keypress: o
120.4492 	DATA 	Keypress: o
120.4662 	Level image=tasty.jpg 	25
121.4477 	DATA 	Keypress: o
121.4667 	Level injecting via pump at address 0 	25
127.4506 	DATA 	Keypress: o
127.4518 	DATA 	Keypress: o
127.4528 	DATA 	Keypress: o
127.4833 	Level WAIT 	25
128.4669 	Level RINSE 	25
130.4504 	DATA 	Keypress: o
130.4669 	Level jitter 	25
139.4453 	Level finished 	25
139.4466 	DATA 	Keypress: o
139.4479 	DATA 	Keypress: o
139.4491 	DATA 	Keypress: o
139.4503 	DATA 	Keypress: o
139.4514 	DATA 	Keypress: o
139.4846 	Level image=tasty.jpg 	25
140.4510 	Level injecting via pump at address 1 	25
146.4510 	DATA 	Keypress: o
146.4525 	DATA 	Keypress: o
146.4537 	DATA 	Keypress: o
146.4847 	Level WAIT 	25
147.4482 	DATA 	Keypress: o
147.4681 	Level RINSE 	25
149.4509 	DATA 	Keypress: o
149.4686 	Level jitter 	25
155.4453 	Level finished 	25
155.4466 	DATA 	Keypress: o
155.4479 	DATA 	Keypress: o
155.4491 	DATA 	Keypress: o
155.4853 	Level image=tasty.jpg 	25
156.4520 	Level injecting via pump at address 0 	25
162.4510 	DATA 	Keypress: o
162.4524 	DATA 	Keypress: o
162.4536 	DATA 	Keypress: o
162.4695 	Level WAIT 	25
163.4486 	DATA 	Keypress: o
163.4692 	Level RINSE 	25
165.4509 	DATA 	Keypress: o
165.4692 	Level jitter 	25
168.4453 	Level finished 	25
168.4466 	DATA 	Keypress: o
168.4528 	Level image=tasty.jpg 	25
169.4481 	DATA 	Keypress: o
169.4697 	Level injecting via pump at address 1 	25
175.4512 	DATA 	Keypress: o
175.4526 	DATA 	Keypress: o
175.4540 	DATA 	Keypress: o
175.4704 	Level WAIT 	25
176.4701 	Level RINSE 	25
178.4497 	DATA 	Keypress: o
178.4701 	Level jitter 	25
183.4453 	Level finished 	25
183.4467 	DATA 	Keypress: o
183.4481 	DATA 	Keypress: o
183.4495 	DATA 	Keypress: o
183.4706 	Level image=tasty.jpg 	25
184.4540 	Level injecting via pump at address 0 	25
190.4517 	DATA 	Keypress: o
190.4530 	DATA 	Keypress: o
190.4540 	DATA 	Keypress: o
190.4714 	Level WAIT 	25
191.4481 	DATA 	Keypress: o
191.4711 	Level RINSE 	25
193.4501 	DATA 	Keypress: o
193.4545 	Level jitter 	25
194.4453 	Level finished 	25
194.4713 	Level image=waterlogo.jpg 	25
195.4481 	DATA 	Keypress: o
195.4714 	Level injecting via pump at address 0 	25
201.4511 	DATA 	Keypress: o
201.4526 	DATA 	Keypress: o
201.4540 	DATA 	Keypress: o
201.4723 	Level WAIT 	25
202.4719 	Level RINSE 	25
204.4509 	DATA 	Keypress: o
204.4720 	Level jitter 	25
209.4453 	Level finished 	25
209.4466 	DATA 	Keypress: o
209.4479 	DATA 	Keypress: o
209.4491 	DATA 	Keypress: o
209.4723 	Level image=waterlogo.jpg 	25
210.4559 	Level injecting via pump at address 0 	25
216.4510 	DATA 	Keypress: o
216.4523 	DATA 	Keypress: o
216.4536 	DATA 	Keypress: o
216.4733 	Level WAIT 	25
217.4482 	DATA 	Keypress: o
217.4729 	Level RINSE 	25
219.4505 	DATA 	Keypress: o
219.4730 	Level jitter 	25
222.4453 	Level finished 	25
222.4467 	DATA 	Keypress: o
222.4732 	Level image=tasty.jpg 	25
223.4481 	DATA 	Keypress: o
223.4733 	Level injecting via pump at address 0 	25
229.4500 	DATA 	Keypress: o
229.4510 	DATA 	Keypress: o
229.4519 	DATA 	Keypress: o
229.4742 	Level WAIT 	25
230.4739 	Level RINSE 	25
232.4504 	DATA 	Keypress: o
232.4739 	Level jitter 	25
238.4453 	Level finished 	25
238.4466 	DATA 	Keypress: o
238.4479 	DATA 	Keypress: o
238.4490 	DATA 	Keypress: o
238.4743 	Level image=waterlogo.jpg 	25
239.4480 	DATA 	Keypress: o
239.4749 	Level injecting via pump at address 0 	25
245.4506 	DATA 	Keypress: o
245.4519 	DATA 	Keypress: o
245.4530 	DATA 	Keypress: o
245.4749 	Level WAIT 	25
246.4582 	Level RINSE 	25
248.4503 	DATA 	Keypress: o
248.4750 	Level jitter 	25
250.4453 	Level finished 	25
250.4464 	DATA 	Keypress: o
250.4590 	Level image=waterlogo.jpg 	25
251.4480 	DATA 	Keypress: o
251.4752 	Level injecting via pump at address 0 	25
257.4515 	DATA 	Keypress: o
257.4528 	DATA 	Keypress: o
257.4541 	DATA 	Keypress: o
257.4757 	Level WAIT 	25
258.4758 	Level RINSE 	25
260.4505 	DATA 	Keypress: o
260.4763 	Level jitter 	25
268.4453 	Level finished 	25
268.4465 	DATA 	Keypress: o
268.4475 	DATA 	Keypress: o
268.4485 	DATA 	Keypress: o
268.4495 	DATA 	Keypress: o
268.4599 	Level image=tasty.jpg 	25
269.4481 	DATA 	Keypress: o
269.4599 	Level injecting via pump at address 0 	25
275.4507 	DATA 	Keypress: o
275.4520 	DATA 	Keypress: o
275.4530 	DATA 	Keypress: o
275.4606 	Level WAIT 	25
276.4603 	Level RINSE 	25
278.4500 	DATA 	Keypress: o
278.4604 	Level jitter 	25
283.4453 	Level finished 	25
283.4469 	DATA 	Keypress: o
283.4481 	DATA 	Keypress: o
283.4493 	DATA 	Keypress: o
283.4774 	Level image=waterlogo.jpg 	25
284.4609 	Level injecting via pump at address 0 	25
290.4501 	DATA 	Keypress: o
290.4513 	DATA 	Keypress: o
290.4526 	DATA 	Keypress: o
290.4616 	Level WAIT 	25
291.4481 	DATA 	Keypress: o
291.4613 	Level RINSE 	25
293.4501 	DATA 	Keypress: o
293.4614 	Level jitter 	25
298.4453 	Level finished 	25
298.4466 	DATA 	Keypress: o
298.4477 	DATA 	Keypress: o
298.4785 	Level image=tasty.jpg 	25
299.4477 	DATA 	Keypress: o
299.4786 	Level injecting via pump at address 0 	25
305.4511 	DATA 	Keypress: o
305.4524 	DATA 	Keypress: o
305.4536 	DATA 	Keypress: o
305.4793 	Level WAIT 	25
306.4624 	Level RINSE 	25
308.4503 	DATA 	Keypress: o
308.4792 	Level jitter 	25
315.4453 	Level finished 	25
315.4469 	DATA 	Keypress: o
315.4483 	DATA 	Keypress: o
315.4495 	DATA 	Keypress: o
315.4508 	DATA 	Keypress: o
315.4634 	Level image=tasty.jpg 	25
316.4631 	Level injecting via pump at address 1 	25
322.4500 	DATA 	Keypress: o
322.4510 	DATA 	Keypress: o
322.4520 	DATA 	Keypress: o
322.4635 	Level WAIT 	25
323.4482 	DATA 	Keypress: o
323.4636 	Level RINSE 	25
325.4508 	DATA 	Keypress: o
325.4641 	Level jitter 	25
329.4453 	Level finished 	25
329.4466 	DATA 	Keypress: o
329.4479 	DATA 	Keypress: o
329.4807 	Level image=tasty.jpg 	25
330.4641 	Level injecting via pump at address 0 	25
336.4521 	DATA 	Keypress: o
336.4537 	DATA 	Keypress: o
336.4549 	DATA 	Keypress: o
336.4815 	Level WAIT 	25
337.4480 	DATA 	Keypress: o
337.4645 	Level RINSE 	25
339.4514 	DATA 	Keypress: o
339.4813 	Level jitter 	25
342.4453 	Level finished 	25
342.4465 	DATA 	Keypress: o
342.4815 	Level image=tasty.jpg 	25
343.4481 	DATA 	Keypress: o
343.4650 	Level injecting via pump at address 1 	25
349.4499 	DATA 	Keypress: o
349.4509 	DATA 	Keypress: o
349.4519 	DATA 	Keypress: o
349.4658 	Level WAIT 	25
350.4654 	Level RINSE 	25
352.4499 	DATA 	Keypress: o
352.4821 	Level jitter 	25
357.4453 	Level finished 	25
357.4465 	DATA 	Keypress: o
357.4475 	DATA 	Keypress: o
357.4485 	DATA 	Keypress: o
357.4659 	Level image=tasty.jpg 	25
358.4660 	Level injecting via pump at address 0 	25
364.4508 	DATA 	Keypress: o
364.4522 	DATA 	Keypress: o
364.4535 	DATA 	Keypress: o
364.4835 	Level WAIT 	25
365.4479 	DATA 	Keypress: o
365.4664 	Level RINSE 	25
367.4508 	DATA 	Keypress: o
367.4666 	Level jitter 	25
368.4453 	Level finished 	25
368.4667 	Level image=tasty.jpg 	25
369.4478 	DATA 	Keypress: o
369.4669 	Level injecting via pump at address 1 	25
375.4506 	DATA 	Keypress: o
375.4519 	DATA 	Keypress: o
375.4529 	DATA 	Keypress: o
375.4675 	Level WAIT 	25
376.4672 	Level RINSE 	25
378.4497 	DATA 	Keypress: o
378.4673 	Level jitter 	25
387.4453 	Level finished 	25
387.4472 	DATA 	Keypress: o
387.4489 	DATA 	Keypress: o
387.4502 	DATA 	Keypress: o
387.4516 	DATA 	Keypress: o
387.4530 	DATA 	Keypress: o
387.4683 	Level image=tasty.jpg 	25
388.4681 	Level injecting via pump at address 1 	25
394.4509 	DATA 	Keypress: o
394.4522 	DATA 	Keypress: o
394.4535 	DATA 	Keypress: o
394.4684 	Level WAIT 	25
395.4477 	DATA 	Keypress: o
395.4685 	Level RINSE 	25
397.4503 	DATA 	Keypress: o
397.4691 	Level jitter 	25
406.4453 	Level finished 	25
406.4465 	DATA 	Keypress: o
406.4475 	DATA 	Keypress: o
406.4484 	DATA 	Keypress: o
406.4494 	DATA 	Keypress: o
406.4693 	Level image=tasty.jpg 	25
407.4480 	DATA 	Keypress: o
407.4698 	Level injecting via pump at address 0 	25
413.4513 	DATA 	Keypress: o
413.4526 	DATA 	Keypress: o
413.4539 	DATA 	Keypress: o
413.4698 	Level WAIT 	25
414.4699 	Level RINSE 	25
416.4499 	DATA 	Keypress: o
416.4699 	Level jitter 	25
418.4453 	Level finished 	25
