68.7712 	DATA 	Keypress: o
68.7723 	Level start key press 	25
70.7790 	DATA 	Keypress: o
72.7848 	DATA 	Keypress: o
74.7790 	DATA 	Keypress: o
76.8343 	DATA 	Keypress: o
76.8408 	Level image=waterlogo.jpg 	25
77.7568 	Level injecting via pump at address 0 	25
83.7452 	DATA 	Keypress: o
83.7467 	DATA 	Keypress: o
83.7480 	DATA 	Keypress: o
83.7582 	Level WAIT 	25
84.7529 	Level RINSE 	25
86.7532 	DATA 	Keypress: o
86.7576 	Level jitter 	25
92.7402 	Level finished 	25
92.7414 	DATA 	Keypress: o
92.7424 	DATA 	Keypress: o
92.7434 	DATA 	Keypress: o
92.7578 	Level image=tasty.jpg 	25
93.7430 	DATA 	Keypress: o
93.7563 	Level injecting via pump at address 1 	25
99.7452 	DATA 	Keypress: o
99.7463 	DATA 	Keypress: o
99.7475 	DATA 	Keypress: o
99.7578 	Level WAIT 	25
100.7520 	Level RINSE 	25
102.7452 	DATA 	Keypress: o
102.7578 	Level jitter 	25
108.7402 	Level finished 	25
108.7414 	DATA 	Keypress: o
108.7424 	DATA 	Keypress: o
108.7436 	DATA 	Keypress: o
108.7609 	Level image=tasty.jpg 	25
109.7430 	DATA 	Keypress: o
109.7549 	Level injecting via pump at address 1 	25
115.7460 	DATA 	Keypress: o
115.7474 	DATA 	Keypress: o
115.7487 	DATA 	Keypress: o
115.7566 	Level WAIT 	25
116.7509 	Level RINSE 	25
118.7452 	DATA 	Keypress: o
118.7572 	Level jitter 	25
120.7402 	Level finished 	25
120.7415 	DATA 	Keypress: o
120.7598 	Level image=waterlogo.jpg 	25
121.7429 	DATA 	Keypress: o
121.7578 	Level injecting via pump at address 0 	25
127.7457 	DATA 	Keypress: o
127.7468 	DATA 	Keypress: o
127.7480 	DATA 	Keypress: o
127.7598 	Level WAIT 	25
128.7452 	Level RINSE 	25
130.7448 	DATA 	Keypress: o
130.7611 	Level jitter 	25
136.7402 	Level finished 	25
136.7417 	DATA 	Keypress: o
136.7430 	DATA 	Keypress: o
136.7442 	DATA 	Keypress: o
136.7619 	Level image=tasty.jpg 	25
137.7429 	DATA 	Keypress: o
137.7569 	Level injecting via pump at address 1 	25
143.7457 	DATA 	Keypress: o
143.7468 	DATA 	Keypress: o
143.7478 	DATA 	Keypress: o
143.7595 	Level WAIT 	25
144.7448 	Level RINSE 	25
146.7451 	DATA 	Keypress: o
146.7599 	Level jitter 	25
151.7402 	Level finished 	25
151.7417 	DATA 	Keypress: o
151.7429 	DATA 	Keypress: o
151.7442 	DATA 	Keypress: o
151.7619 	Level image=waterlogo.jpg 	25
152.7443 	Level injecting via pump at address 0 	25
158.7457 	DATA 	Keypress: o
158.7470 	DATA 	Keypress: o
158.7482 	DATA 	Keypress: o
158.7632 	Level WAIT 	25
159.7432 	DATA 	Keypress: o
159.7464 	Level RINSE 	25
161.7456 	DATA 	Keypress: o
161.7628 	Level jitter 	25
166.7402 	Level finished 	25
166.7414 	DATA 	Keypress: o
166.7424 	DATA 	Keypress: o
166.7538 	Level image=tasty.jpg 	25
167.7426 	DATA 	Keypress: o
167.7469 	Level injecting via pump at address 1 	25
173.7457 	DATA 	Keypress: o
173.7470 	DATA 	Keypress: o
173.7482 	DATA 	Keypress: o
173.7642 	Level WAIT 	25
174.7458 	Level RINSE 	25
176.7453 	DATA 	Keypress: o
176.7518 	Level jitter 	25
182.7402 	Level finished 	25
182.7414 	DATA 	Keypress: o
182.7425 	DATA 	Keypress: o
182.7434 	DATA 	Keypress: o
182.7538 	Level image=waterlogo.jpg 	25
183.7429 	DATA 	Keypress: o
183.7491 	Level injecting via pump at address 0 	25
189.7454 	DATA 	Keypress: o
189.7464 	DATA 	Keypress: o
189.7475 	DATA 	Keypress: o
189.7648 	Level WAIT 	25
190.7449 	Level RINSE 	25
192.7452 	DATA 	Keypress: o
192.7485 	Level jitter 	25
195.7402 	Level finished 	25
195.7414 	DATA 	Keypress: o
195.7424 	DATA 	Keypress: o
195.7522 	Level image=tasty.jpg 	25
196.7458 	Level injecting via pump at address 1 	25
202.7466 	DATA 	Keypress: o
202.7478 	DATA 	Keypress: o
202.7491 	DATA 	Keypress: o
202.7639 	Level WAIT 	25
203.7430 	DATA 	Keypress: o
203.7498 	Level RINSE 	25
205.7450 	DATA 	Keypress: o
205.7497 	Level jitter 	25
213.7402 	Level finished 	25
213.7418 	DATA 	Keypress: o
213.7429 	DATA 	Keypress: o
213.7442 	DATA 	Keypress: o
213.7451 	DATA 	Keypress: o
213.7569 	Level image=waterlogo.jpg 	25
214.7499 	Level injecting via pump at address 0 	25
220.7453 	DATA 	Keypress: o
220.7464 	DATA 	Keypress: o
220.7473 	DATA 	Keypress: o
220.7511 	Level WAIT 	25
221.7428 	DATA 	Keypress: o
221.7479 	Level RINSE 	25
223.7462 	DATA 	Keypress: o
223.7507 	Level jitter 	25
225.7402 	Level finished 	25
225.7415 	DATA 	Keypress: o
225.7516 	Level image=tasty.jpg 	25
226.7512 	Level injecting via pump at address 1 	25
232.7460 	DATA 	Keypress: o
232.7474 	DATA 	Keypress: o
232.7486 	DATA 	Keypress: o
232.7522 	Level WAIT 	25
233.7430 	DATA 	Keypress: o
233.7509 	Level RINSE 	25
235.7464 	DATA 	Keypress: o
235.7519 	Level jitter 	25
244.7402 	Level finished 	25
244.7413 	DATA 	Keypress: o
244.7423 	DATA 	Keypress: o
244.7433 	DATA 	Keypress: o
244.7443 	DATA 	Keypress: o
244.7532 	Level image=waterlogo.jpg 	25
245.7429 	DATA 	Keypress: o
245.7519 	Level injecting via pump at address 0 	25
251.7447 	DATA 	Keypress: o
251.7458 	DATA 	Keypress: o
251.7468 	DATA 	Keypress: o
251.7528 	Level WAIT 	25
252.7514 	Level RINSE 	25
254.7454 	DATA 	Keypress: o
254.7532 	Level jitter 	25
256.7402 	Level finished 	25
256.7415 	DATA 	Keypress: o
256.7527 	Level image=tasty.jpg 	25
257.7425 	DATA 	Keypress: o
257.7527 	Level injecting via pump at address 1 	25
263.7454 	DATA 	Keypress: o
263.7468 	DATA 	Keypress: o
263.7479 	DATA 	Keypress: o
263.7541 	Level WAIT 	25
264.7543 	Level RINSE 	25
266.7452 	DATA 	Keypress: o
266.7538 	Level jitter 	25
269.7402 	Level finished 	25
269.7413 	DATA 	Keypress: o
269.7424 	DATA 	Keypress: o
269.7538 	Level image=waterlogo.jpg 	25
270.7543 	Level injecting via pump at address 0 	25
276.7459 	DATA 	Keypress: o
276.7471 	DATA 	Keypress: o
276.7481 	DATA 	Keypress: o
276.7549 	Level WAIT 	25
277.7430 	DATA 	Keypress: o
277.7531 	Level RINSE 	25
279.7452 	DATA 	Keypress: o
279.7549 	Level jitter 	25
283.7402 	Level finished 	25
283.7416 	DATA 	Keypress: o
283.7429 	DATA 	Keypress: o
283.7539 	Level image=tasty.jpg 	25
284.7488 	Level injecting via pump at address 1 	25
290.7459 	DATA 	Keypress: o
290.7472 	DATA 	Keypress: o
290.7484 	DATA 	Keypress: o
290.7563 	Level WAIT 	25
291.7430 	DATA 	Keypress: o
291.7553 	Level RINSE 	25
293.7454 	DATA 	Keypress: o
293.7519 	Level jitter 	25
294.7402 	Level finished 	25
294.7559 	Level image=waterlogo.jpg 	25
295.7430 	DATA 	Keypress: o
295.7559 	Level injecting via pump at address 0 	25
301.7459 	DATA 	Keypress: o
301.7474 	DATA 	Keypress: o
301.7488 	DATA 	Keypress: o
301.7561 	Level WAIT 	25
302.7541 	Level RINSE 	25
304.7460 	DATA 	Keypress: o
304.7558 	Level jitter 	25
307.7402 	Level finished 	25
307.7415 	DATA 	Keypress: o
307.7426 	DATA 	Keypress: o
307.7569 	Level image=tasty.jpg 	25
308.7560 	Level injecting via pump at address 1 	25
314.7453 	DATA 	Keypress: o
314.7466 	DATA 	Keypress: o
314.7477 	DATA 	Keypress: o
314.7572 	Level WAIT 	25
315.7427 	DATA 	Keypress: o
315.7521 	Level RINSE 	25
317.7452 	DATA 	Keypress: o
317.7568 	Level jitter 	25
325.7402 	Level finished 	25
325.7414 	DATA 	Keypress: o
325.7426 	DATA 	Keypress: o
325.7436 	DATA 	Keypress: o
325.7448 	DATA 	Keypress: o
325.7581 	Level image=tasty.jpg 	25
326.7446 	Level injecting via pump at address 1 	25
332.7457 	DATA 	Keypress: o
332.7470 	DATA 	Keypress: o
332.7482 	DATA 	Keypress: o
332.7577 	Level WAIT 	25
333.7426 	DATA 	Keypress: o
333.7568 	Level RINSE 	25
335.7453 	DATA 	Keypress: o
335.7592 	Level jitter 	25
339.7402 	Level finished 	25
339.7413 	DATA 	Keypress: o
339.7423 	DATA 	Keypress: o
339.7589 	Level image=waterlogo.jpg 	25
340.7539 	Level injecting via pump at address 0 	25
346.7460 	DATA 	Keypress: o
346.7473 	DATA 	Keypress: o
346.7485 	DATA 	Keypress: o
346.7551 	Level WAIT 	25
347.7427 	DATA 	Keypress: o
347.7498 	Level RINSE 	25
349.7447 	DATA 	Keypress: o
349.7558 	Level jitter 	25
352.7402 	Level finished 	25
352.7414 	DATA 	Keypress: o
352.7570 	Level image=tasty.jpg 	25
353.7430 	DATA 	Keypress: o
353.7519 	Level injecting via pump at address 1 	25
359.7457 	DATA 	Keypress: o
359.7469 	DATA 	Keypress: o
359.7479 	DATA 	Keypress: o
359.7541 	Level WAIT 	25
360.7480 	Level RINSE 	25
362.7459 	DATA 	Keypress: o
362.7538 	Level jitter 	25
367.7402 	Level finished 	25
367.7414 	DATA 	Keypress: o
367.7425 	DATA 	Keypress: o
367.7434 	DATA 	Keypress: o
367.7610 	Level image=waterlogo.jpg 	25
368.7447 	Level injecting via pump at address 0 	25
374.7452 	DATA 	Keypress: o
374.7464 	DATA 	Keypress: o
374.7476 	DATA 	Keypress: o
374.7574 	Level WAIT 	25
375.7426 	DATA 	Keypress: o
375.7530 	Level RINSE 	25
377.7458 	DATA 	Keypress: o
377.7591 	Level jitter 	25
382.7402 	Level finished 	25
382.7413 	DATA 	Keypress: o
382.7423 	DATA 	Keypress: o
382.7618 	Level image=waterlogo.jpg 	25
383.7427 	DATA 	Keypress: o
383.7602 	Level injecting via pump at address 0 	25
389.7458 	DATA 	Keypress: o
389.7471 	DATA 	Keypress: o
389.7484 	DATA 	Keypress: o
389.7622 	Level WAIT 	25
390.7459 	Level RINSE 	25
392.7454 	DATA 	Keypress: o
392.7628 	Level jitter 	25
401.7402 	Level finished 	25
401.7413 	DATA 	Keypress: o
401.7424 	DATA 	Keypress: o
401.7433 	DATA 	Keypress: o
401.7443 	DATA 	Keypress: o
401.7453 	DATA 	Keypress: o
401.7632 	Level image=tasty.jpg 	25
402.7469 	Level injecting via pump at address 1 	25
408.7454 	DATA 	Keypress: o
408.7468 	DATA 	Keypress: o
408.7480 	DATA 	Keypress: o
408.7618 	Level WAIT 	25
409.7426 	DATA 	Keypress: o
409.7468 	Level RINSE 	25
411.7459 	DATA 	Keypress: o
411.7633 	Level jitter 	25
413.7402 	Level finished 	25
413.7413 	DATA 	Keypress: o
413.7519 	Level image=waterlogo.jpg 	25
414.7469 	Level injecting via pump at address 0 	25
420.7450 	DATA 	Keypress: o
420.7461 	DATA 	Keypress: o
420.7471 	DATA 	Keypress: o
420.7638 	Level WAIT 	25
421.7430 	DATA 	Keypress: o
421.7481 	Level RINSE 	25
423.7457 	DATA 	Keypress: o
423.7499 	Level jitter 	25
426.7402 	Level finished 	25
426.7414 	DATA 	Keypress: o
426.7498 	Level image=waterlogo.jpg 	25
427.7426 	DATA 	Keypress: o
427.7457 	Level injecting via pump at address 0 	25
433.7453 	DATA 	Keypress: o
433.7466 	DATA 	Keypress: o
433.7476 	DATA 	Keypress: o
433.7632 	Level WAIT 	25
434.7490 	Level RINSE 	25
436.7449 	DATA 	Keypress: o
436.7481 	Level jitter 	25
441.7402 	Level finished 	25
441.7414 	DATA 	Keypress: o
441.7429 	DATA 	Keypress: o
441.7441 	DATA 	Keypress: o
441.7541 	Level image=tasty.jpg 	25
442.7489 	Level injecting via pump at address 1 	25
448.7447 	DATA 	Keypress: o
448.7458 	DATA 	Keypress: o
448.7468 	DATA 	Keypress: o
448.7502 	Level WAIT 	25
449.7430 	DATA 	Keypress: o
449.7462 	Level RINSE 	25
451.7460 	DATA 	Keypress: o
451.7505 	Level jitter 	25
453.7402 	Level finished 	25
453.7413 	DATA 	Keypress: o
453.7499 	Level image=tasty.jpg 	25
454.7500 	Level injecting via pump at address 1 	25
460.7453 	DATA 	Keypress: o
460.7463 	DATA 	Keypress: o
460.7473 	DATA 	Keypress: o
460.7511 	Level WAIT 	25
461.7427 	DATA 	Keypress: o
461.7490 	Level RINSE 	25
463.7448 	DATA 	Keypress: o
463.7510 	Level jitter 	25
470.7402 	Level finished 	25
470.7415 	DATA 	Keypress: o
470.7427 	DATA 	Keypress: o
470.7437 	DATA 	Keypress: o
470.7683 	Level image=waterlogo.jpg 	25
471.7428 	DATA 	Keypress: o
471.7463 	Level injecting via pump at address 0 	25
477.7448 	DATA 	Keypress: o
477.7459 	DATA 	Keypress: o
477.7469 	DATA 	Keypress: o
477.7512 	Level WAIT 	25
478.7520 	Level RINSE 	25
480.7457 	DATA 	Keypress: o
480.7492 	Level jitter 	25
483.7402 	Level finished 	25
483.7414 	DATA 	Keypress: o
483.7424 	DATA 	Keypress: o
483.7499 	Level image=tasty.jpg 	25
484.7447 	Level injecting via pump at address 1 	25
490.7457 	DATA 	Keypress: o
490.7470 	DATA 	Keypress: o
490.7483 	DATA 	Keypress: o
490.7523 	Level WAIT 	25
491.7428 	DATA 	Keypress: o
491.7531 	Level RINSE 	25
493.7455 	DATA 	Keypress: o
493.7528 	Level jitter 	25
495.7402 	Level finished 	25
495.7415 	DATA 	Keypress: o
495.7527 	Level image=waterlogo.jpg 	25
496.7479 	Level injecting via pump at address 0 	25
502.7456 	DATA 	Keypress: o
502.7468 	DATA 	Keypress: o
502.7477 	DATA 	Keypress: o
502.7539 	Level WAIT 	25
503.7429 	DATA 	Keypress: o
503.7536 	Level RINSE 	25
505.7448 	DATA 	Keypress: o
505.7506 	Level jitter 	25
513.7402 	Level finished 	25
513.7413 	DATA 	Keypress: o
513.7424 	DATA 	Keypress: o
513.7435 	DATA 	Keypress: o
513.7447 	DATA 	Keypress: o
513.7541 	Level image=tasty.jpg 	25
514.7538 	Level injecting via pump at address 1 	25
520.7452 	DATA 	Keypress: o
520.7465 	DATA 	Keypress: o
520.7477 	DATA 	Keypress: o
520.7543 	Level WAIT 	25
521.7426 	DATA 	Keypress: o
521.7499 	Level RINSE 	25
523.7471 	DATA 	Keypress: o
523.7552 	Level jitter 	25
525.7402 	Level finished 	25
525.7413 	DATA 	Keypress: o
525.7548 	Level image=waterlogo.jpg 	25
526.7548 	Level injecting via pump at address 0 	25
532.7453 	DATA 	Keypress: o
532.7466 	DATA 	Keypress: o
532.7478 	DATA 	Keypress: o
532.7490 	DATA 	Keypress: o
532.7558 	Level WAIT 	25
533.7534 	Level RINSE 	25
535.7454 	DATA 	Keypress: o
535.7560 	Level jitter 	25
542.7402 	Level finished 	25
