66.7565 	DATA 	Keypress: o
66.7573 	Level start key press 	25
68.7656 	DATA 	Keypress: o
70.7658 	DATA 	Keypress: o
72.7661 	DATA 	Keypress: o
74.7664 	DATA 	Keypress: o
75.2974 	Level image=tasty.jpg 	25
76.2475 	Level injecting via pump at address 1 	25
82.2357 	DATA 	Keypress: o
82.2369 	DATA 	Keypress: o
82.2379 	DATA 	Keypress: o
82.2486 	Level WAIT 	25
83.2332 	DATA 	Keypress: o
83.2651 	Level RINSE 	25
85.2438 	DATA 	Keypress: o
85.2652 	Level jitter 	25
94.2307 	Level finished 	25
94.2319 	DATA 	Keypress: o
94.2328 	DATA 	Keypress: o
94.2337 	DATA 	Keypress: o
94.2347 	DATA 	Keypress: o
94.2501 	Level image=waterlogo.jpg 	25
95.2331 	DATA 	Keypress: o
95.2498 	Level injecting via pump at address 0 	25
101.2358 	DATA 	Keypress: o
101.2368 	DATA 	Keypress: o
101.2378 	DATA 	Keypress: o
101.2504 	Level WAIT 	25
102.2507 	Level RINSE 	25
104.2356 	DATA 	Keypress: o
104.2512 	Level jitter 	25
108.2307 	Level finished 	25
108.2321 	DATA 	Keypress: o
108.2333 	DATA 	Keypress: o
108.2680 	Level image=tasty.jpg 	25
109.2335 	DATA 	Keypress: o
109.2514 	Level injecting via pump at address 1 	25
115.2364 	DATA 	Keypress: o
115.2375 	DATA 	Keypress: o
115.2384 	DATA 	Keypress: o
115.2525 	Level WAIT 	25
116.2522 	Level RINSE 	25
118.2351 	DATA 	Keypress: o
118.2525 	Level jitter 	25
122.2307 	Level finished 	25
122.2318 	DATA 	Keypress: o
122.2329 	DATA 	Keypress: o
122.2529 	Level image=waterlogo.jpg 	25
123.2334 	DATA 	Keypress: o
123.2531 	Level injecting via pump at address 0 	25
129.2362 	DATA 	Keypress: o
129.2375 	DATA 	Keypress: o
129.2387 	DATA 	Keypress: o
129.2541 	Level WAIT 	25
130.2538 	Level RINSE 	25
132.2356 	DATA 	Keypress: o
132.2541 	Level jitter 	25
136.2307 	Level finished 	25
136.2320 	DATA 	Keypress: o
136.2332 	DATA 	Keypress: o
136.2713 	Level image=waterlogo.jpg 	25
137.2332 	DATA 	Keypress: o
137.2380 	Level injecting via pump at address 0 	25
143.2353 	DATA 	Keypress: o
143.2365 	DATA 	Keypress: o
143.2376 	DATA 	Keypress: o
143.2557 	Level WAIT 	25
144.2555 	Level RINSE 	25
146.2358 	DATA 	Keypress: o
146.2390 	Level jitter 	25
150.2307 	Level finished 	25
150.2319 	DATA 	Keypress: o
150.2331 	DATA 	Keypress: o
150.2563 	Level image=tasty.jpg 	25
151.2334 	DATA 	Keypress: o
151.2563 	Level injecting via pump at address 1 	25
157.2361 	DATA 	Keypress: o
157.2373 	DATA 	Keypress: o
157.2384 	DATA 	Keypress: o
157.2574 	Level WAIT 	25
158.2571 	Level RINSE 	25
160.2355 	DATA 	Keypress: o
160.2573 	Level jitter 	25
166.2307 	Level finished 	25
166.2319 	DATA 	Keypress: o
166.2329 	DATA 	Keypress: o
166.2338 	DATA 	Keypress: o
166.2581 	Level image=waterlogo.jpg 	25
167.2332 	DATA 	Keypress: o
167.2586 	Level injecting via pump at address 0 	25
173.2359 	DATA 	Keypress: o
173.2371 	DATA 	Keypress: o
173.2382 	DATA 	Keypress: o
173.2588 	Level WAIT 	25
174.2590 	Level RINSE 	25
176.2353 	DATA 	Keypress: o
176.2592 	Level jitter 	25
179.2307 	Level finished 	25
179.2319 	DATA 	Keypress: o
179.2331 	DATA 	Keypress: o
179.2599 	Level image=tasty.jpg 	25
180.2597 	Level injecting via pump at address 1 	25
186.2359 	DATA 	Keypress: o
186.2371 	DATA 	Keypress: o
186.2382 	DATA 	Keypress: o
186.2603 	Level WAIT 	25
187.2331 	DATA 	Keypress: o
187.2438 	Level RINSE 	25
189.2354 	DATA 	Keypress: o
189.2612 	Level jitter 	25
192.2307 	Level finished 	25
192.2320 	DATA 	Keypress: o
192.2611 	Level image=waterlogo.jpg 	25
193.2333 	DATA 	Keypress: o
193.2446 	Level injecting via pump at address 0 	25
199.2355 	DATA 	Keypress: o
199.2367 	DATA 	Keypress: o
199.2378 	DATA 	Keypress: o
199.2456 	Level WAIT 	25
200.2454 	Level RINSE 	25
202.2352 	DATA 	Keypress: o
202.2622 	Level jitter 	25
206.2307 	Level finished 	25
206.2320 	DATA 	Keypress: o
206.2332 	DATA 	Keypress: o
206.2460 	Level image=waterlogo.jpg 	25
207.2334 	DATA 	Keypress: o
207.2462 	Level injecting via pump at address 0 	25
213.2357 	DATA 	Keypress: o
213.2366 	DATA 	Keypress: o
213.2376 	DATA 	Keypress: o
213.2639 	Level WAIT 	25
214.2470 	Level RINSE 	25
216.2357 	DATA 	Keypress: o
216.2471 	Level jitter 	25
221.2307 	Level finished 	25
221.2319 	DATA 	Keypress: o
221.2329 	DATA 	Keypress: o
221.2339 	DATA 	Keypress: o
221.2478 	Level image=tasty.jpg 	25
222.2479 	Level injecting via pump at address 1 	25
228.2359 	DATA 	Keypress: o
228.2370 	DATA 	Keypress: o
228.2381 	DATA 	Keypress: o
228.2491 	Level WAIT 	25
229.2335 	DATA 	Keypress: o
229.2488 	Level RINSE 	25
231.2360 	DATA 	Keypress: o
231.2489 	Level jitter 	25
234.2307 	Level finished 	25
234.2320 	DATA 	Keypress: o
234.2493 	Level image=waterlogo.jpg 	25
235.2335 	DATA 	Keypress: o
235.2494 	Level injecting via pump at address 0 	25
241.2358 	DATA 	Keypress: o
241.2368 	DATA 	Keypress: o
241.2378 	DATA 	Keypress: o
241.2505 	Level WAIT 	25
242.2503 	Level RINSE 	25
244.2356 	DATA 	Keypress: o
244.2505 	Level jitter 	25
252.2307 	Level finished 	25
252.2319 	DATA 	Keypress: o
252.2331 	DATA 	Keypress: o
252.2342 	DATA 	Keypress: o
252.2353 	DATA 	Keypress: o
252.2684 	Level image=tasty.jpg 	25
253.2336 	DATA 	Keypress: o
253.2515 	Level injecting via pump at address 1 	25
259.2353 	DATA 	Keypress: o
259.2362 	DATA 	Keypress: o
259.2372 	DATA 	Keypress: o
259.2522 	Level WAIT 	25
260.2523 	Level RINSE 	25
262.2353 	DATA 	Keypress: o
262.2529 	Level jitter 	25
264.2307 	Level finished 	25
264.2318 	DATA 	Keypress: o
264.2528 	Level image=tasty.jpg 	25
265.2336 	DATA 	Keypress: o
265.2529 	Level injecting via pump at address 1 	25
271.2365 	DATA 	Keypress: o
271.2378 	DATA 	Keypress: o
271.2389 	DATA 	Keypress: o
271.2536 	Level WAIT 	25
272.2540 	Level RINSE 	25
274.2357 	DATA 	Keypress: o
274.2539 	Level jitter 	25
276.2307 	Level finished 	25
276.2318 	DATA 	Keypress: o
276.2542 	Level image=waterlogo.jpg 	25
277.2335 	DATA 	Keypress: o
277.2376 	Level injecting via pump at address 0 	25
283.2359 	DATA 	Keypress: o
283.2371 	DATA 	Keypress: o
283.2382 	DATA 	Keypress: o
283.2720 	Level WAIT 	25
284.2384 	Level RINSE 	25
286.2350 	DATA 	Keypress: o
286.2554 	Level jitter 	25
289.2307 	Level finished 	25
289.2319 	DATA 	Keypress: o
289.2331 	DATA 	Keypress: o
289.2557 	Level image=tasty.jpg 	25
290.2392 	Level injecting via pump at address 1 	25
296.2361 	DATA 	Keypress: o
296.2374 	DATA 	Keypress: o
296.2385 	DATA 	Keypress: o
296.2569 	Level WAIT 	25
297.2335 	DATA 	Keypress: o
297.2566 	Level RINSE 	25
299.2356 	DATA 	Keypress: o
299.2401 	Level jitter 	25
301.2307 	Level finished 	25
301.2318 	DATA 	Keypress: o
301.2572 	Level image=waterlogo.jpg 	25
302.2406 	Level injecting via pump at address 0 	25
308.2357 	DATA 	Keypress: o
308.2367 	DATA 	Keypress: o
308.2377 	DATA 	Keypress: o
308.2583 	Level WAIT 	25
309.2333 	DATA 	Keypress: o
309.2414 	Level RINSE 	25
311.2352 	DATA 	Keypress: o
311.2582 	Level jitter 	25
312.2307 	Level finished 	25
312.2418 	Level image=tasty.jpg 	25
313.2331 	DATA 	Keypress: o
313.2586 	Level injecting via pump at address 1 	25
319.2359 	DATA 	Keypress: o
319.2372 	DATA 	Keypress: o
319.2386 	DATA 	Keypress: o
319.2595 	Level WAIT 	25
320.2593 	Level RINSE 	25
322.2352 	DATA 	Keypress: o
322.2595 	Level jitter 	25
324.2307 	Level finished 	25
324.2319 	DATA 	Keypress: o
324.2432 	Level image=waterlogo.jpg 	25
325.2333 	DATA 	Keypress: o
325.2434 	Level injecting via pump at address 0 	25
331.2362 	DATA 	Keypress: o
331.2374 	DATA 	Keypress: o
331.2385 	DATA 	Keypress: o
331.2610 	Level WAIT 	25
332.2440 	Level RINSE 	25
334.2357 	DATA 	Keypress: o
334.2443 	Level jitter 	25
340.2307 	Level finished 	25
340.2319 	DATA 	Keypress: o
340.2329 	DATA 	Keypress: o
340.2338 	DATA 	Keypress: o
340.2451 	Level image=waterlogo.jpg 	25
341.2335 	DATA 	Keypress: o
341.2456 	Level injecting via pump at address 0 	25
347.2358 	DATA 	Keypress: o
347.2368 	DATA 	Keypress: o
347.2378 	DATA 	Keypress: o
347.2624 	Level WAIT 	25
348.2460 	Level RINSE 	25
350.2351 	DATA 	Keypress: o
350.2461 	Level jitter 	25
353.2307 	Level finished 	25
353.2318 	DATA 	Keypress: o
353.2328 	DATA 	Keypress: o
353.2470 	Level image=tasty.jpg 	25
354.2467 	Level injecting via pump at address 1 	25
360.2352 	DATA 	Keypress: o
360.2363 	DATA 	Keypress: o
360.2373 	DATA 	Keypress: o
360.2640 	Level WAIT 	25
361.2335 	DATA 	Keypress: o
361.2641 	Level RINSE 	25
363.2359 	DATA 	Keypress: o
363.2480 	Level jitter 	25
371.2307 	Level finished 	25
371.2319 	DATA 	Keypress: o
371.2330 	DATA 	Keypress: o
371.2342 	DATA 	Keypress: o
371.2353 	DATA 	Keypress: o
371.2486 	Level image=waterlogo.jpg 	25
372.2487 	Level injecting via pump at address 0 	25
378.2353 	DATA 	Keypress: o
378.2363 	DATA 	Keypress: o
378.2372 	DATA 	Keypress: o
378.2498 	Level WAIT 	25
379.2331 	DATA 	Keypress: o
379.2495 	Level RINSE 	25
381.2357 	DATA 	Keypress: o
381.2497 	Level jitter 	25
386.2307 	Level finished 	25
386.2319 	DATA 	Keypress: o
386.2331 	DATA 	Keypress: o
386.2670 	Level image=tasty.jpg 	25
387.2330 	DATA 	Keypress: o
387.2504 	Level injecting via pump at address 1 	25
393.2350 	DATA 	Keypress: o
393.2361 	DATA 	Keypress: o
393.2375 	DATA 	Keypress: o
393.2515 	Level WAIT 	25
394.2513 	Level RINSE 	25
396.2357 	DATA 	Keypress: o
396.2515 	Level jitter 	25
400.2307 	Level finished 	25
400.2319 	DATA 	Keypress: o
400.2330 	DATA 	Keypress: o
400.2520 	Level image=waterlogo.jpg 	25
401.2332 	DATA 	Keypress: o
401.2521 	Level injecting via pump at address 0 	25
407.2361 	DATA 	Keypress: o
407.2371 	DATA 	Keypress: o
407.2380 	DATA 	Keypress: o
407.2531 	Level WAIT 	25
408.2529 	Level RINSE 	25
410.2357 	DATA 	Keypress: o
410.2531 	Level jitter 	25
415.2307 	Level finished 	25
415.2319 	DATA 	Keypress: o
415.2329 	DATA 	Keypress: o
415.2338 	DATA 	Keypress: o
415.2537 	Level image=tasty.jpg 	25
416.2539 	Level injecting via pump at address 1 	25
422.2357 	DATA 	Keypress: o
422.2367 	DATA 	Keypress: o
422.2377 	DATA 	Keypress: o
422.2549 	Level WAIT 	25
423.2335 	DATA 	Keypress: o
423.2547 	Level RINSE 	25
425.2359 	DATA 	Keypress: o
425.2549 	Level jitter 	25
434.2307 	Level finished 	25
434.2319 	DATA 	Keypress: o
434.2328 	DATA 	Keypress: o
434.2338 	DATA 	Keypress: o
434.2347 	DATA 	Keypress: o
434.2563 	Level image=waterlogo.jpg 	25
435.2332 	DATA 	Keypress: o
435.2561 	Level injecting via pump at address 0 	25
441.2361 	DATA 	Keypress: o
441.2373 	DATA 	Keypress: o
441.2385 	DATA 	Keypress: o
441.2568 	Level WAIT 	25
442.2569 	Level RINSE 	25
444.2365 	DATA 	Keypress: o
444.2574 	Level jitter 	25
453.2307 	Level finished 	25
453.2322 	DATA 	Keypress: o
453.2332 	DATA 	Keypress: o
453.2343 	DATA 	Keypress: o
453.2354 	DATA 	Keypress: o
453.2363 	DATA 	Keypress: o
453.2582 	Level image=tasty.jpg 	25
454.2588 	Level injecting via pump at address 1 	25
460.2359 	DATA 	Keypress: o
460.2371 	DATA 	Keypress: o
460.2381 	DATA 	Keypress: o
460.2589 	Level WAIT 	25
461.2333 	DATA 	Keypress: o
461.2591 	Level RINSE 	25
463.2355 	DATA 	Keypress: o
463.2592 	Level jitter 	25
467.2307 	Level finished 	25
467.2320 	DATA 	Keypress: o
467.2333 	DATA 	Keypress: o
467.2602 	Level image=tasty.jpg 	25
468.2432 	Level injecting via pump at address 1 	25
474.2361 	DATA 	Keypress: o
474.2374 	DATA 	Keypress: o
474.2384 	DATA 	Keypress: o
474.2439 	Level WAIT 	25
475.2333 	DATA 	Keypress: o
475.2441 	Level RINSE 	25
477.2356 	DATA 	Keypress: o
477.2447 	Level jitter 	25
480.2307 	Level finished 	25
480.2319 	DATA 	Keypress: o
480.2447 	Level image=waterlogo.jpg 	25
481.2331 	DATA 	Keypress: o
481.2448 	Level injecting via pump at address 0 	25
487.2362 	DATA 	Keypress: o
487.2374 	DATA 	Keypress: o
487.2384 	DATA 	Keypress: o
487.2459 	Level WAIT 	25
488.2456 	Level RINSE 	25
490.2357 	DATA 	Keypress: o
490.2457 	Level jitter 	25
491.2307 	Level finished 	25
491.2318 	DATA 	Keypress: o
491.2626 	Level image=tasty.jpg 	25
492.2627 	Level injecting via pump at address 1 	25
498.2362 	DATA 	Keypress: o
498.2375 	DATA 	Keypress: o
498.2386 	DATA 	Keypress: o
498.2636 	Level WAIT 	25
499.2333 	DATA 	Keypress: o
499.2468 	Level RINSE 	25
501.2352 	DATA 	Keypress: o
501.2637 	Level jitter 	25
508.2307 	Level finished 	25
508.2321 	DATA 	Keypress: o
508.2333 	DATA 	Keypress: o
508.2344 	DATA 	Keypress: o
508.2484 	Level image=waterlogo.jpg 	25
509.2331 	DATA 	Keypress: o
509.2481 	Level injecting via pump at address 0 	25
515.2357 	DATA 	Keypress: o
515.2367 	DATA 	Keypress: o
515.2377 	DATA 	Keypress: o
515.2487 	Level WAIT 	25
516.2488 	Level RINSE 	25
518.2367 	DATA 	Keypress: o
518.2494 	Level jitter 	25
519.2307 	Level finished 	25
519.2318 	DATA 	Keypress: o
519.2492 	Level image=tasty.jpg 	25
520.2493 	Level injecting via pump at address 1 	25
526.2368 	DATA 	Keypress: o
526.2380 	DATA 	Keypress: o
526.2396 	DATA 	Keypress: o
526.2667 	Level WAIT 	25
527.2335 	DATA 	Keypress: o
527.2501 	Level RINSE 	25
529.2351 	DATA 	Keypress: o
529.2507 	Level jitter 	25
535.2307 	Level finished 	25
