73.0688 	DATA 	Keypress: o
73.0696 	Level start key press 	25
75.0766 	DATA 	Keypress: o
77.0767 	DATA 	Keypress: o
79.0769 	DATA 	Keypress: o
81.0770 	DATA 	Keypress: o
81.5912 	Level image=waterlogo.jpg 	25
82.5247 	Level injecting via pump at address 0 	25
88.5133 	DATA 	Keypress: o
88.5145 	DATA 	Keypress: o
88.5156 	DATA 	Keypress: o
88.5421 	Level WAIT 	25
89.5103 	DATA 	Keypress: o
89.5251 	Level RINSE 	25
91.5200 	DATA 	Keypress: o
91.5419 	Level jitter 	25
98.5079 	Level finished 	25
98.5091 	DATA 	Keypress: o
98.5101 	DATA 	Keypress: o
98.5112 	DATA 	Keypress: o
98.5429 	Level image=tasty.jpg 	25
99.5103 	DATA 	Keypress: o
99.5259 	Level injecting via pump at address 0 	25
105.5124 	DATA 	Keypress: o
105.5134 	DATA 	Keypress: o
105.5143 	DATA 	Keypress: o
105.5262 	Level WAIT 	25
106.5263 	Level RINSE 	25
108.5127 	DATA 	Keypress: o
108.5269 	Level jitter 	25
112.5079 	Level finished 	25
112.5092 	DATA 	Keypress: o
112.5102 	DATA 	Keypress: o
112.5267 	Level image=tasty.jpg 	25
113.5106 	DATA 	Keypress: o
113.5268 	Level injecting via pump at address 1 	25
119.5129 	DATA 	Keypress: o
119.5140 	DATA 	Keypress: o
119.5149 	DATA 	Keypress: o
119.5276 	Level WAIT 	25
120.5273 	Level RINSE 	25
122.5125 	DATA 	Keypress: o
122.5274 	Level jitter 	25
123.5079 	Level finished 	25
123.5089 	DATA 	Keypress: o
123.5441 	Level image=tasty.jpg 	25
124.5277 	Level injecting via pump at address 0 	25
130.5129 	DATA 	Keypress: o
130.5141 	DATA 	Keypress: o
130.5152 	DATA 	Keypress: o
130.5283 	Level WAIT 	25
131.5105 	DATA 	Keypress: o
131.5280 	Level RINSE 	25
133.5131 	DATA 	Keypress: o
133.5281 	Level jitter 	25
141.5079 	Level finished 	25
141.5091 	DATA 	Keypress: o
141.5102 	DATA 	Keypress: o
141.5113 	DATA 	Keypress: o
141.5124 	DATA 	Keypress: o
141.5459 	Level image=waterlogo.jpg 	25
142.5121 	Level injecting via pump at address 0 	25
148.5131 	DATA 	Keypress: o
148.5142 	DATA 	Keypress: o
148.5152 	DATA 	Keypress: o
148.5458 	Level WAIT 	25
149.5107 	DATA 	Keypress: o
149.5293 	Level RINSE 	25
151.5133 	DATA 	Keypress: o
151.5464 	Level jitter 	25
159.5079 	Level finished 	25
159.5091 	DATA 	Keypress: o
159.5101 	DATA 	Keypress: o
159.5113 	DATA 	Keypress: o
159.5122 	DATA 	Keypress: o
159.5299 	Level image=waterlogo.jpg 	25
160.5301 	Level injecting via pump at address 0 	25
166.5129 	DATA 	Keypress: o
166.5140 	DATA 	Keypress: o
166.5150 	DATA 	Keypress: o
166.5309 	Level WAIT 	25
167.5106 	DATA 	Keypress: o
167.5139 	Level RINSE 	25
169.5131 	DATA 	Keypress: o
169.5306 	Level jitter 	25
175.5079 	Level finished 	25
175.5091 	DATA 	Keypress: o
175.5103 	DATA 	Keypress: o
175.5115 	DATA 	Keypress: o
175.5311 	Level image=tasty.jpg 	25
176.5316 	Level injecting via pump at address 1 	25
182.5132 	DATA 	Keypress: o
182.5144 	DATA 	Keypress: o
182.5156 	DATA 	Keypress: o
182.5316 	Level WAIT 	25
183.5103 	DATA 	Keypress: o
183.5150 	Level RINSE 	25
185.5123 	DATA 	Keypress: o
185.5317 	Level jitter 	25
187.5079 	Level finished 	25
187.5090 	DATA 	Keypress: o
187.5323 	Level image=tasty.jpg 	25
188.5320 	Level injecting via pump at address 0 	25
194.5134 	DATA 	Keypress: o
194.5147 	DATA 	Keypress: o
194.5158 	DATA 	Keypress: o
194.5324 	Level WAIT 	25
195.5103 	DATA 	Keypress: o
195.5326 	Level RINSE 	25
197.5126 	DATA 	Keypress: o
197.5331 	Level jitter 	25
203.5079 	Level finished 	25
203.5092 	DATA 	Keypress: o
203.5104 	DATA 	Keypress: o
203.5114 	DATA 	Keypress: o
203.5330 	Level image=waterlogo.jpg 	25
204.5331 	Level injecting via pump at address 0 	25
210.5136 	DATA 	Keypress: o
210.5149 	DATA 	Keypress: o
210.5160 	DATA 	Keypress: o
210.5339 	Level WAIT 	25
211.5103 	DATA 	Keypress: o
211.5169 	Level RINSE 	25
213.5128 	DATA 	Keypress: o
213.5337 	Level jitter 	25
215.5079 	Level finished 	25
215.5093 	DATA 	Keypress: o
215.5338 	Level image=waterlogo.jpg 	25
216.5340 	Level injecting via pump at address 0 	25
222.5125 	DATA 	Keypress: o
222.5136 	DATA 	Keypress: o
222.5146 	DATA 	Keypress: o
222.5348 	Level WAIT 	25
223.5106 	DATA 	Keypress: o
223.5344 	Level RINSE 	25
225.5131 	DATA 	Keypress: o
225.5346 	Level jitter 	25
234.5079 	Level finished 	25
234.5091 	DATA 	Keypress: o
234.5102 	DATA 	Keypress: o
234.5111 	DATA 	Keypress: o
234.5121 	DATA 	Keypress: o
234.5355 	Level image=tasty.jpg 	25
235.5105 	DATA 	Keypress: o
235.5353 	Level injecting via pump at address 1 	25
241.5126 	DATA 	Keypress: o
241.5136 	DATA 	Keypress: o
241.5145 	DATA 	Keypress: o
241.5357 	Level WAIT 	25
242.5190 	Level RINSE 	25
244.5127 	DATA 	Keypress: o
244.5362 	Level jitter 	25
251.5079 	Level finished 	25
251.5091 	DATA 	Keypress: o
251.5102 	DATA 	Keypress: o
251.5112 	DATA 	Keypress: o
251.5122 	DATA 	Keypress: o
251.5364 	Level image=tasty.jpg 	25
252.5198 	Level injecting via pump at address 0 	25
258.5131 	DATA 	Keypress: o
258.5140 	DATA 	Keypress: o
258.5150 	DATA 	Keypress: o
258.5205 	Level WAIT 	25
259.5106 	DATA 	Keypress: o
259.5202 	Level RINSE 	25
261.5133 	DATA 	Keypress: o
261.5203 	Level jitter 	25
268.5079 	Level finished 	25
268.5091 	DATA 	Keypress: o
268.5100 	DATA 	Keypress: o
268.5110 	DATA 	Keypress: o
268.5380 	Level image=waterlogo.jpg 	25
269.5104 	DATA 	Keypress: o
269.5377 	Level injecting via pump at address 0 	25
275.5133 	DATA 	Keypress: o
275.5144 	DATA 	Keypress: o
275.5154 	DATA 	Keypress: o
275.5379 	Level WAIT 	25
276.5380 	Level RINSE 	25
278.5123 	DATA 	Keypress: o
278.5385 	Level jitter 	25
283.5079 	Level finished 	25
283.5092 	DATA 	Keypress: o
283.5105 	DATA 	Keypress: o
283.5117 	DATA 	Keypress: o
283.5218 	Level image=tasty.jpg 	25
284.5220 	Level injecting via pump at address 0 	25
290.5129 	DATA 	Keypress: o
290.5139 	DATA 	Keypress: o
290.5148 	DATA 	Keypress: o
290.5393 	Level WAIT 	25
291.5107 	DATA 	Keypress: o
291.5391 	Level RINSE 	25
293.5131 	DATA 	Keypress: o
293.5226 	Level jitter 	25
294.5079 	Level finished 	25
294.5393 	Level image=tasty.jpg 	25
295.5106 	DATA 	Keypress: o
295.5227 	Level injecting via pump at address 1 	25
301.5128 	DATA 	Keypress: o
301.5139 	DATA 	Keypress: o
301.5149 	DATA 	Keypress: o
301.5402 	Level WAIT 	25
302.5232 	Level RINSE 	25
304.5124 	DATA 	Keypress: o
304.5399 	Level jitter 	25
307.5079 	Level finished 	25
307.5091 	DATA 	Keypress: o
307.5102 	DATA 	Keypress: o
307.5402 	Level image=tasty.jpg 	25
308.5237 	Level injecting via pump at address 0 	25
314.5123 	DATA 	Keypress: o
314.5134 	DATA 	Keypress: o
314.5145 	DATA 	Keypress: o
314.5244 	Level WAIT 	25
315.5102 	DATA 	Keypress: o
315.5241 	Level RINSE 	25
317.5132 	DATA 	Keypress: o
317.5242 	Level jitter 	25
319.5079 	Level finished 	25
319.5090 	DATA 	Keypress: o
319.5410 	Level image=tasty.jpg 	25
320.5246 	Level injecting via pump at address 1 	25
326.5131 	DATA 	Keypress: o
326.5142 	DATA 	Keypress: o
326.5152 	DATA 	Keypress: o
326.5420 	Level WAIT 	25
327.5103 	DATA 	Keypress: o
327.5249 	Level RINSE 	25
329.5129 	DATA 	Keypress: o
329.5417 	Level jitter 	25
331.5079 	Level finished 	25
331.5089 	DATA 	Keypress: o
331.5252 	Level image=tasty.jpg 	25
332.5253 	Level injecting via pump at address 0 	25
338.5154 	DATA 	Keypress: o
338.5170 	DATA 	Keypress: o
338.5183 	DATA 	Keypress: o
338.5428 	Level WAIT 	25
339.5107 	DATA 	Keypress: o
339.5257 	Level RINSE 	25
341.5130 	DATA 	Keypress: o
341.5426 	Level jitter 	25
342.5079 	Level finished 	25
342.5259 	Level image=waterlogo.jpg 	25
343.5105 	DATA 	Keypress: o
343.5260 	Level injecting via pump at address 0 	25
349.5136 	DATA 	Keypress: o
349.5151 	DATA 	Keypress: o
349.5163 	DATA 	Keypress: o
349.5269 	Level WAIT 	25
350.5266 	Level RINSE 	25
352.5129 	DATA 	Keypress: o
352.5266 	Level jitter 	25
358.5079 	Level finished 	25
358.5091 	DATA 	Keypress: o
358.5101 	DATA 	Keypress: o
358.5112 	DATA 	Keypress: o
358.5270 	Level image=tasty.jpg 	25
359.5105 	DATA 	Keypress: o
359.5275 	Level injecting via pump at address 1 	25
365.5131 	DATA 	Keypress: o
365.5142 	DATA 	Keypress: o
365.5152 	DATA 	Keypress: o
365.5276 	Level WAIT 	25
366.5277 	Level RINSE 	25
368.5130 	DATA 	Keypress: o
368.5277 	Level jitter 	25
371.5079 	Level finished 	25
371.5092 	DATA 	Keypress: o
371.5105 	DATA 	Keypress: o
371.5283 	Level image=tasty.jpg 	25
372.5280 	Level injecting via pump at address 0 	25
378.5131 	DATA 	Keypress: o
378.5143 	DATA 	Keypress: o
378.5153 	DATA 	Keypress: o
378.5284 	Level WAIT 	25
379.5106 	DATA 	Keypress: o
379.5286 	Level RINSE 	25
381.5127 	DATA 	Keypress: o
381.5290 	Level jitter 	25
383.5079 	Level finished 	25
383.5090 	DATA 	Keypress: o
383.5288 	Level image=tasty.jpg 	25
384.5288 	Level injecting via pump at address 1 	25
390.5122 	DATA 	Keypress: o
390.5133 	DATA 	Keypress: o
390.5143 	DATA 	Keypress: o
390.5292 	Level WAIT 	25
391.5104 	DATA 	Keypress: o
391.5298 	Level RINSE 	25
393.5127 	DATA 	Keypress: o
393.5295 	Level jitter 	25
397.5079 	Level finished 	25
397.5091 	DATA 	Keypress: o
397.5100 	DATA 	Keypress: o
397.5297 	Level image=tasty.jpg 	25
398.5131 	Level injecting via pump at address 0 	25
404.5131 	DATA 	Keypress: o
404.5144 	DATA 	Keypress: o
404.5156 	DATA 	Keypress: o
404.5472 	Level WAIT 	25
405.5105 	DATA 	Keypress: o
405.5303 	Level RINSE 	25
407.5133 	DATA 	Keypress: o
407.5304 	Level jitter 	25
414.5079 	Level finished 	25
414.5091 	DATA 	Keypress: o
414.5102 	DATA 	Keypress: o
414.5112 	DATA 	Keypress: o
414.5313 	Level image=tasty.jpg 	25
415.5103 	DATA 	Keypress: o
415.5310 	Level injecting via pump at address 0 	25
421.5137 	DATA 	Keypress: o
421.5149 	DATA 	Keypress: o
421.5161 	DATA 	Keypress: o
421.5314 	Level WAIT 	25
422.5315 	Level RINSE 	25
424.5130 	DATA 	Keypress: o
424.5320 	Level jitter 	25
428.5079 	Level finished 	25
