55.2794 	DATA 	Keypress: o
55.2805 	Level start key press 	25
57.2791 	DATA 	Keypress: o
59.2792 	DATA 	Keypress: o
61.2794 	DATA 	Keypress: o
63.2796 	DATA 	Keypress: o
63.8275 	Level image=waterlogo.jpg 	25
64.7443 	Level injecting via pump at address 0 	25
70.7164 	DATA 	Keypress: o
70.7177 	DATA 	Keypress: o
70.7189 	DATA 	Keypress: o
70.7453 	Level WAIT 	25
71.7137 	DATA 	Keypress: o
71.7283 	Level RINSE 	25
73.7238 	DATA 	Keypress: o
73.7452 	Level jitter 	25
79.7107 	Level finished 	25
79.7122 	DATA 	Keypress: o
79.7134 	DATA 	Keypress: o
79.7145 	DATA 	Keypress: o
79.7460 	Level image=tasty.jpg 	25
80.7297 	Level injecting via pump at address 1 	25
86.7162 	DATA 	Keypress: o
86.7172 	DATA 	Keypress: o
86.7182 	DATA 	Keypress: o
86.7299 	Level WAIT 	25
87.7135 	DATA 	Keypress: o
87.7301 	Level RINSE 	25
89.7152 	DATA 	Keypress: o
89.7468 	Level jitter 	25
95.7107 	Level finished 	25
95.7121 	DATA 	Keypress: o
95.7134 	DATA 	Keypress: o
95.7144 	DATA 	Keypress: o
95.7480 	Level image=tasty.jpg 	25
96.7310 	Level injecting via pump at address 1 	25
102.7153 	DATA 	Keypress: o
102.7163 	DATA 	Keypress: o
102.7173 	DATA 	Keypress: o
102.7317 	Level WAIT 	25
103.7132 	DATA 	Keypress: o
103.7319 	Level RINSE 	25
105.7159 	DATA 	Keypress: o
105.7323 	Level jitter 	25
107.7107 	Level finished 	25
107.7123 	DATA 	Keypress: o
107.7322 	Level image=waterlogo.jpg 	25
108.7157 	Level injecting via pump at address 0 	25
114.7166 	DATA 	Keypress: o
114.7179 	DATA 	Keypress: o
114.7191 	DATA 	Keypress: o
114.7496 	Level WAIT 	25
115.7133 	DATA 	Keypress: o
115.7336 	Level RINSE 	25
117.7154 	DATA 	Keypress: o
117.7333 	Level jitter 	25
123.7107 	Level finished 	25
123.7121 	DATA 	Keypress: o
123.7135 	DATA 	Keypress: o
123.7147 	DATA 	Keypress: o
123.7507 	Level image=tasty.jpg 	25
124.7174 	Level injecting via pump at address 1 	25
130.7161 	DATA 	Keypress: o
130.7174 	DATA 	Keypress: o
130.7186 	DATA 	Keypress: o
130.7351 	Level WAIT 	25
131.7134 	DATA 	Keypress: o
131.7349 	Level RINSE 	25
133.7154 	DATA 	Keypress: o
133.7183 	Level jitter 	25
138.7107 	Level finished 	25
138.7120 	DATA 	Keypress: o
138.7132 	DATA 	Keypress: o
138.7356 	Level image=waterlogo.jpg 	25
139.7138 	DATA 	Keypress: o
139.7357 	Level injecting via pump at address 0 	25
145.7163 	DATA 	Keypress: o
145.7177 	DATA 	Keypress: o
145.7190 	DATA 	Keypress: o
145.7369 	Level WAIT 	25
146.7197 	Level RINSE 	25
148.7158 	DATA 	Keypress: o
148.7366 	Level jitter 	25
153.7107 	Level finished 	25
153.7120 	DATA 	Keypress: o
153.7130 	DATA 	Keypress: o
153.7141 	DATA 	Keypress: o
153.7372 	Level image=tasty.jpg 	25
154.7374 	Level injecting via pump at address 1 	25
160.7156 	DATA 	Keypress: o
160.7168 	DATA 	Keypress: o
160.7178 	DATA 	Keypress: o
160.7384 	Level WAIT 	25
161.7132 	DATA 	Keypress: o
161.7215 	Level RINSE 	25
163.7161 	DATA 	Keypress: o
163.7383 	Level jitter 	25
169.7107 	Level finished 	25
169.7119 	DATA 	Keypress: o
169.7129 	DATA 	Keypress: o
169.7138 	DATA 	Keypress: o
169.7390 	Level image=waterlogo.jpg 	25
170.7396 	Level injecting via pump at address 0 	25
176.7159 	DATA 	Keypress: o
176.7173 	DATA 	Keypress: o
176.7185 	DATA 	Keypress: o
176.7398 	Level WAIT 	25
177.7133 	DATA 	Keypress: o
177.7232 	Level RINSE 	25
179.7158 	DATA 	Keypress: o
179.7400 	Level jitter 	25
182.7107 	Level finished 	25
182.7121 	DATA 	Keypress: o
182.7408 	Level image=tasty.jpg 	25
183.7135 	DATA 	Keypress: o
183.7239 	Level injecting via pump at address 1 	25
189.7161 	DATA 	Keypress: o
189.7174 	DATA 	Keypress: o
189.7186 	DATA 	Keypress: o
189.7243 	Level WAIT 	25
190.7246 	Level RINSE 	25
192.7158 	DATA 	Keypress: o
192.7419 	Level jitter 	25
200.7107 	Level finished 	25
200.7122 	DATA 	Keypress: o
200.7135 	DATA 	Keypress: o
200.7147 	DATA 	Keypress: o
200.7159 	DATA 	Keypress: o
200.7424 	Level image=waterlogo.jpg 	25
201.7142 	DATA 	Keypress: o
201.7425 	Level injecting via pump at address 0 	25
207.7160 	DATA 	Keypress: o
207.7171 	DATA 	Keypress: o
207.7180 	DATA 	Keypress: o
207.7435 	Level WAIT 	25
208.7265 	Level RINSE 	25
210.7157 	DATA 	Keypress: o
210.7433 	Level jitter 	25
212.7107 	Level finished 	25
212.7119 	DATA 	Keypress: o
212.7270 	Level image=tasty.jpg 	25
213.7135 	DATA 	Keypress: o
213.7273 	Level injecting via pump at address 1 	25
219.7154 	DATA 	Keypress: o
219.7165 	DATA 	Keypress: o
219.7174 	DATA 	Keypress: o
219.7449 	Level WAIT 	25
220.7446 	Level RINSE 	25
222.7165 	DATA 	Keypress: o
222.7280 	Level jitter 	25
231.7107 	Level finished 	25
231.7123 	DATA 	Keypress: o
231.7136 	DATA 	Keypress: o
231.7148 	DATA 	Keypress: o
231.7161 	DATA 	Keypress: o
231.7172 	DATA 	Keypress: o
231.7463 	Level image=waterlogo.jpg 	25
232.7292 	Level injecting via pump at address 0 	25
238.7156 	DATA 	Keypress: o
238.7168 	DATA 	Keypress: o
238.7178 	DATA 	Keypress: o
238.7465 	Level WAIT 	25
239.7138 	DATA 	Keypress: o
239.7300 	Level RINSE 	25
241.7161 	DATA 	Keypress: o
241.7307 	Level jitter 	25
243.7107 	Level finished 	25
243.7119 	DATA 	Keypress: o
243.7305 	Level image=tasty.jpg 	25
244.7306 	Level injecting via pump at address 1 	25
250.7162 	DATA 	Keypress: o
250.7175 	DATA 	Keypress: o
250.7188 	DATA 	Keypress: o
250.7311 	Level WAIT 	25
251.7136 	DATA 	Keypress: o
251.7316 	Level RINSE 	25
253.7161 	DATA 	Keypress: o
253.7314 	Level jitter 	25
256.7107 	Level finished 	25
256.7124 	DATA 	Keypress: o
256.7319 	Level image=waterlogo.jpg 	25
257.7142 	DATA 	Keypress: o
257.7320 	Level injecting via pump at address 0 	25
263.7167 	DATA 	Keypress: o
263.7180 	DATA 	Keypress: o
263.7193 	DATA 	Keypress: o
263.7497 	Level WAIT 	25
264.7160 	Level RINSE 	25
266.7164 	DATA 	Keypress: o
266.7328 	Level jitter 	25
270.7107 	Level finished 	25
270.7120 	DATA 	Keypress: o
270.7131 	DATA 	Keypress: o
270.7500 	Level image=tasty.jpg 	25
271.7134 	DATA 	Keypress: o
271.7335 	Level injecting via pump at address 1 	25
277.7161 	DATA 	Keypress: o
277.7175 	DATA 	Keypress: o
277.7188 	DATA 	Keypress: o
277.7345 	Level WAIT 	25
278.7342 	Level RINSE 	25
280.7158 	DATA 	Keypress: o
280.7344 	Level jitter 	25
281.7107 	Level finished 	25
281.7121 	DATA 	Keypress: o
281.7345 	Level image=waterlogo.jpg 	25
282.7347 	Level injecting via pump at address 0 	25
288.7165 	DATA 	Keypress: o
288.7179 	DATA 	Keypress: o
288.7191 	DATA 	Keypress: o
288.7357 	Level WAIT 	25
289.7137 	DATA 	Keypress: o
289.7187 	Level RINSE 	25
291.7166 	DATA 	Keypress: o
291.7356 	Level jitter 	25
294.7107 	Level finished 	25
294.7119 	DATA 	Keypress: o
294.7359 	Level image=tasty.jpg 	25
295.7133 	DATA 	Keypress: o
295.7361 	Level injecting via pump at address 1 	25
301.7167 	DATA 	Keypress: o
301.7180 	DATA 	Keypress: o
301.7193 	DATA 	Keypress: o
301.7372 	Level WAIT 	25
302.7201 	Level RINSE 	25
304.7154 	DATA 	Keypress: o
304.7369 	Level jitter 	25
312.7107 	Level finished 	25
312.7124 	DATA 	Keypress: o
312.7138 	DATA 	Keypress: o
312.7151 	DATA 	Keypress: o
312.7164 	DATA 	Keypress: o
312.7384 	Level image=tasty.jpg 	25
313.7139 	DATA 	Keypress: o
313.7381 	Level injecting via pump at address 1 	25
319.7160 	DATA 	Keypress: o
319.7177 	DATA 	Keypress: o
319.7195 	DATA 	Keypress: o
319.7386 	Level WAIT 	25
320.7388 	Level RINSE 	25
322.7161 	DATA 	Keypress: o
322.7393 	Level jitter 	25
326.7107 	Level finished 	25
326.7120 	DATA 	Keypress: o
326.7132 	DATA 	Keypress: o
326.7394 	Level image=waterlogo.jpg 	25
327.7135 	DATA 	Keypress: o
327.7229 	Level injecting via pump at address 0 	25
333.7167 	DATA 	Keypress: o
333.7181 	DATA 	Keypress: o
333.7194 	DATA 	Keypress: o
333.7239 	Level WAIT 	25
334.7236 	Level RINSE 	25
336.7161 	DATA 	Keypress: o
336.7238 	Level jitter 	25
339.7107 	Level finished 	25
339.7121 	DATA 	Keypress: o
339.7134 	DATA 	Keypress: o
339.7242 	Level image=tasty.jpg 	25
340.7243 	Level injecting via pump at address 1 	25
346.7165 	DATA 	Keypress: o
346.7178 	DATA 	Keypress: o
346.7189 	DATA 	Keypress: o
346.7420 	Level WAIT 	25
347.7132 	DATA 	Keypress: o
347.7250 	Level RINSE 	25
349.7170 	DATA 	Keypress: o
349.7252 	Level jitter 	25
354.7107 	Level finished 	25
354.7120 	DATA 	Keypress: o
354.7131 	DATA 	Keypress: o
354.7425 	Level image=waterlogo.jpg 	25
355.7131 	DATA 	Keypress: o
355.7260 	Level injecting via pump at address 0 	25
361.7154 	DATA 	Keypress: o
361.7167 	DATA 	Keypress: o
361.7181 	DATA 	Keypress: o
361.7269 	Level WAIT 	25
362.7267 	Level RINSE 	25
364.7165 	DATA 	Keypress: o
364.7269 	Level jitter 	25
369.7107 	Level finished 	25
369.7120 	DATA 	Keypress: o
369.7131 	DATA 	Keypress: o
369.7144 	DATA 	Keypress: o
369.7441 	Level image=waterlogo.jpg 	25
370.7276 	Level injecting via pump at address 0 	25
376.7166 	DATA 	Keypress: o
376.7179 	DATA 	Keypress: o
376.7191 	DATA 	Keypress: o
376.7453 	Level WAIT 	25
377.7138 	DATA 	Keypress: o
377.7283 	Level RINSE 	25
379.7162 	DATA 	Keypress: o
379.7452 	Level jitter 	25
388.7107 	Level finished 	25
388.7124 	DATA 	Keypress: o
388.7138 	DATA 	Keypress: o
388.7150 	DATA 	Keypress: o
388.7161 	DATA 	Keypress: o
388.7466 	Level image=tasty.jpg 	25
389.7134 	DATA 	Keypress: o
389.7297 	Level injecting via pump at address 1 	25
395.7153 	DATA 	Keypress: o
395.7163 	DATA 	Keypress: o
395.7173 	DATA 	Keypress: o
395.7303 	Level WAIT 	25
396.7304 	Level RINSE 	25
398.7158 	DATA 	Keypress: o
398.7476 	Level jitter 	25
400.7107 	Level finished 	25
400.7119 	DATA 	Keypress: o
400.7308 	Level image=waterlogo.jpg 	25
401.7133 	DATA 	Keypress: o
401.7309 	Level injecting via pump at address 0 	25
407.7156 	DATA 	Keypress: o
407.7167 	DATA 	Keypress: o
407.7178 	DATA 	Keypress: o
407.7482 	Level WAIT 	25
408.7322 	Level RINSE 	25
410.7162 	DATA 	Keypress: o
410.7319 	Level jitter 	25
413.7107 	Level finished 	25
413.7120 	DATA 	Keypress: o
413.7131 	DATA 	Keypress: o
413.7490 	Level image=waterlogo.jpg 	25
414.7157 	Level injecting via pump at address 0 	25
420.7167 	DATA 	Keypress: o
420.7181 	DATA 	Keypress: o
420.7194 	DATA 	Keypress: o
420.7334 	Level WAIT 	25
421.7131 	DATA 	Keypress: o
421.7331 	Level RINSE 	25
423.7153 	DATA 	Keypress: o
423.7333 	Level jitter 	25
428.7107 	Level finished 	25
428.7121 	DATA 	Keypress: o
428.7134 	DATA 	Keypress: o
428.7340 	Level image=tasty.jpg 	25
429.7131 	DATA 	Keypress: o
429.7340 	Level injecting via pump at address 1 	25
435.7162 	DATA 	Keypress: o
435.7174 	DATA 	Keypress: o
435.7185 	DATA 	Keypress: o
435.7350 	Level WAIT 	25
436.7182 	Level RINSE 	25
438.7168 	DATA 	Keypress: o
438.7350 	Level jitter 	25
440.7107 	Level finished 	25
440.7120 	DATA 	Keypress: o
440.7353 	Level image=tasty.jpg 	25
441.7136 	DATA 	Keypress: o
441.7354 	Level injecting via pump at address 1 	25
447.7163 	DATA 	Keypress: o
447.7177 	DATA 	Keypress: o
447.7189 	DATA 	Keypress: o
447.7363 	Level WAIT 	25
448.7361 	Level RINSE 	25
450.7153 	DATA 	Keypress: o
450.7363 	Level jitter 	25
457.7107 	Level finished 	25
457.7121 	DATA 	Keypress: o
457.7131 	DATA 	Keypress: o
457.7142 	DATA 	Keypress: o
457.7153 	DATA 	Keypress: o
457.7375 	Level image=waterlogo.jpg 	25
458.7205 	Level injecting via pump at address 0 	25
464.7157 	DATA 	Keypress: o
464.7170 	DATA 	Keypress: o
464.7182 	DATA 	Keypress: o
464.7377 	Level WAIT 	25
465.7136 	DATA 	Keypress: o
465.7379 	Level RINSE 	25
467.7162 	DATA 	Keypress: o
467.7218 	Level jitter 	25
470.7107 	Level finished 	25
470.7119 	DATA 	Keypress: o
470.7218 	Level image=tasty.jpg 	25
471.7134 	DATA 	Keypress: o
471.7219 	Level injecting via pump at address 1 	25
477.7165 	DATA 	Keypress: o
477.7179 	DATA 	Keypress: o
477.7192 	DATA 	Keypress: o
477.7396 	Level WAIT 	25
478.7393 	Level RINSE 	25
480.7158 	DATA 	Keypress: o
480.7229 	Level jitter 	25
482.7107 	Level finished 	25
482.7119 	DATA 	Keypress: o
482.7398 	Level image=waterlogo.jpg 	25
483.7132 	DATA 	Keypress: o
483.7232 	Level injecting via pump at address 0 	25
489.7166 	DATA 	Keypress: o
489.7180 	DATA 	Keypress: o
489.7193 	DATA 	Keypress: o
489.7242 	Level WAIT 	25
490.7239 	Level RINSE 	25
492.7152 	DATA 	Keypress: o
492.7241 	Level jitter 	25
500.7107 	Level finished 	25
500.7121 	DATA 	Keypress: o
500.7133 	DATA 	Keypress: o
500.7146 	DATA 	Keypress: o
500.7158 	DATA 	Keypress: o
500.7423 	Level image=tasty.jpg 	25
501.7131 	DATA 	Keypress: o
501.7419 	Level injecting via pump at address 1 	25
507.7165 	DATA 	Keypress: o
507.7179 	DATA 	Keypress: o
507.7192 	DATA 	Keypress: o
507.7424 	Level WAIT 	25
508.7260 	Level RINSE 	25
510.7173 	DATA 	Keypress: o
510.7433 	Level jitter 	25
512.7107 	Level finished 	25
512.7121 	DATA 	Keypress: o
512.7431 	Level image=waterlogo.jpg 	25
513.7132 	DATA 	Keypress: o
513.7432 	Level injecting via pump at address 0 	25
519.7164 	DATA 	Keypress: o
519.7177 	DATA 	Keypress: o
519.7189 	DATA 	Keypress: o
519.7437 	Level WAIT 	25
520.7277 	Level RINSE 	25
522.7153 	DATA 	Keypress: o
522.7441 	Level jitter 	25
529.7108 	Level finished 	25
