61.8196 	DATA 	Keypress: o
61.8203 	Level start key press 	25
63.8380 	DATA 	Keypress: o
65.8213 	DATA 	Keypress: o
67.8215 	DATA 	Keypress: o
69.8217 	DATA 	Keypress: o
70.3527 	Level image=waterlogo.jpg 	25
71.3027 	Level injecting via pump at address 0 	25
77.2916 	DATA 	Keypress: o
77.2928 	DATA 	Keypress: o
77.2940 	DATA 	Keypress: o
77.3035 	Level WAIT 	25
78.2889 	DATA 	Keypress: o
78.3032 	Level RINSE 	25
80.2995 	DATA 	Keypress: o
80.3200 	Level jitter 	25
82.2860 	Level finished 	25
82.2872 	DATA 	Keypress: o
82.3202 	Level image=tasty.jpg 	25
83.3037 	Level injecting via pump at address 1 	25
89.2906 	DATA 	Keypress: o
89.2916 	DATA 	Keypress: o
89.2925 	DATA 	Keypress: o
89.3043 	Level WAIT 	25
90.2887 	DATA 	Keypress: o
90.3040 	Level RINSE 	25
92.2913 	DATA 	Keypress: o
92.3041 	Level jitter 	25
94.2860 	Level finished 	25
94.2873 	DATA 	Keypress: o
94.3210 	Level image=tasty.jpg 	25
95.3046 	Level injecting via pump at address 0 	25
101.2908 	DATA 	Keypress: o
101.2918 	DATA 	Keypress: o
101.2930 	DATA 	Keypress: o
101.3220 	Level WAIT 	25
102.2894 	DATA 	Keypress: o
102.3049 	Level RINSE 	25
104.2917 	DATA 	Keypress: o
104.3216 	Level jitter 	25
109.2860 	Level finished 	25
109.2874 	DATA 	Keypress: o
109.2886 	DATA 	Keypress: o
109.3054 	Level image=tasty.jpg 	25
110.2884 	DATA 	Keypress: o
110.3056 	Level injecting via pump at address 1 	25
116.2916 	DATA 	Keypress: o
116.2928 	DATA 	Keypress: o
116.2939 	DATA 	Keypress: o
116.3230 	Level WAIT 	25
117.3059 	Level RINSE 	25
119.2905 	DATA 	Keypress: o
119.3060 	Level jitter 	25
125.2860 	Level finished 	25
125.2874 	DATA 	Keypress: o
125.2887 	DATA 	Keypress: o
125.2901 	DATA 	Keypress: o
125.3231 	Level image=tasty.jpg 	25
126.2888 	DATA 	Keypress: o
126.3071 	Level injecting via pump at address 0 	25
132.2916 	DATA 	Keypress: o
132.2928 	DATA 	Keypress: o
132.2940 	DATA 	Keypress: o
132.3236 	Level WAIT 	25
133.3070 	Level RINSE 	25
135.2913 	DATA 	Keypress: o
135.3071 	Level jitter 	25
137.2860 	Level finished 	25
137.2871 	DATA 	Keypress: o
137.3078 	Level image=waterlogo.jpg 	25
138.2888 	DATA 	Keypress: o
138.3074 	Level injecting via pump at address 0 	25
144.2916 	DATA 	Keypress: o
144.2933 	DATA 	Keypress: o
144.2949 	DATA 	Keypress: o
144.3244 	Level WAIT 	25
145.2911 	Level RINSE 	25
147.2921 	DATA 	Keypress: o
147.3083 	Level jitter 	25
156.2860 	Level finished 	25
156.2872 	DATA 	Keypress: o
156.2882 	DATA 	Keypress: o
156.2892 	DATA 	Keypress: o
156.2901 	DATA 	Keypress: o
156.2911 	DATA 	Keypress: o
156.3087 	Level image=tasty.jpg 	25
157.3091 	Level injecting via pump at address 0 	25
163.2918 	DATA 	Keypress: o
163.2931 	DATA 	Keypress: o
163.2942 	DATA 	Keypress: o
163.3257 	Level WAIT 	25
164.2884 	DATA 	Keypress: o
164.2926 	Level RINSE 	25
166.2904 	DATA 	Keypress: o
166.3092 	Level jitter 	25
167.2860 	Level finished 	25
167.3098 	Level image=waterlogo.jpg 	25
168.2895 	DATA 	Keypress: o
168.3096 	Level injecting via pump at address 0 	25
174.2909 	DATA 	Keypress: o
174.2921 	DATA 	Keypress: o
174.2931 	DATA 	Keypress: o
174.3098 	Level WAIT 	25
175.3099 	Level RINSE 	25
177.2913 	DATA 	Keypress: o
177.3104 	Level jitter 	25
183.2860 	Level finished 	25
183.2877 	DATA 	Keypress: o
183.2888 	DATA 	Keypress: o
183.2900 	DATA 	Keypress: o
183.3106 	Level image=tasty.jpg 	25
184.2888 	DATA 	Keypress: o
184.3107 	Level injecting via pump at address 0 	25
190.2919 	DATA 	Keypress: o
190.2933 	DATA 	Keypress: o
190.2951 	DATA 	Keypress: o
190.3113 	Level WAIT 	25
191.3110 	Level RINSE 	25
193.2913 	DATA 	Keypress: o
193.3111 	Level jitter 	25
201.2860 	Level finished 	25
201.2872 	DATA 	Keypress: o
201.2882 	DATA 	Keypress: o
201.2894 	DATA 	Keypress: o
201.2906 	DATA 	Keypress: o
201.3121 	Level image=tasty.jpg 	25
202.2887 	DATA 	Keypress: o
202.3118 	Level injecting via pump at address 1 	25
208.2916 	DATA 	Keypress: o
208.2928 	DATA 	Keypress: o
208.2942 	DATA 	Keypress: o
208.3121 	Level WAIT 	25
209.3122 	Level RINSE 	25
211.2915 	DATA 	Keypress: o
211.3129 	Level jitter 	25
216.2860 	Level finished 	25
216.2872 	DATA 	Keypress: o
216.2883 	DATA 	Keypress: o
216.2893 	DATA 	Keypress: o
216.3127 	Level image=tasty.jpg 	25
217.2961 	Level injecting via pump at address 0 	25
223.2917 	DATA 	Keypress: o
223.2929 	DATA 	Keypress: o
223.2941 	DATA 	Keypress: o
223.3136 	Level WAIT 	25
224.2889 	DATA 	Keypress: o
224.2967 	Level RINSE 	25
226.2918 	DATA 	Keypress: o
226.2967 	Level jitter 	25
233.2860 	Level finished 	25
233.2874 	DATA 	Keypress: o
233.2886 	DATA 	Keypress: o
233.2898 	DATA 	Keypress: o
233.3143 	Level image=waterlogo.jpg 	25
234.2888 	DATA 	Keypress: o
234.3140 	Level injecting via pump at address 0 	25
240.2914 	DATA 	Keypress: o
240.2927 	DATA 	Keypress: o
240.2939 	DATA 	Keypress: o
240.3144 	Level WAIT 	25
241.3146 	Level RINSE 	25
243.2911 	DATA 	Keypress: o
243.3151 	Level jitter 	25
249.2860 	Level finished 	25
249.2872 	DATA 	Keypress: o
249.2882 	DATA 	Keypress: o
249.2892 	DATA 	Keypress: o
249.3150 	Level image=waterlogo.jpg 	25
250.2888 	DATA 	Keypress: o
250.3151 	Level injecting via pump at address 0 	25
256.2916 	DATA 	Keypress: o
256.2928 	DATA 	Keypress: o
256.2940 	DATA 	Keypress: o
256.3160 	Level WAIT 	25
257.3157 	Level RINSE 	25
259.2915 	DATA 	Keypress: o
259.3156 	Level jitter 	25
261.2860 	Level finished 	25
261.2873 	DATA 	Keypress: o
261.2991 	Level image=tasty.jpg 	25
262.2884 	DATA 	Keypress: o
262.2993 	Level injecting via pump at address 0 	25
268.2922 	DATA 	Keypress: o
268.2935 	DATA 	Keypress: o
268.2947 	DATA 	Keypress: o
268.3168 	Level WAIT 	25
269.3164 	Level RINSE 	25
271.2919 	DATA 	Keypress: o
271.3166 	Level jitter 	25
278.2860 	Level finished 	25
278.2874 	DATA 	Keypress: o
278.2888 	DATA 	Keypress: o
278.2900 	DATA 	Keypress: o
278.2912 	DATA 	Keypress: o
278.3174 	Level image=tasty.jpg 	25
279.3004 	Level injecting via pump at address 1 	25
285.2916 	DATA 	Keypress: o
285.2928 	DATA 	Keypress: o
285.2938 	DATA 	Keypress: o
285.3175 	Level WAIT 	25
286.2887 	DATA 	Keypress: o
286.3008 	Level RINSE 	25
288.2915 	DATA 	Keypress: o
288.3181 	Level jitter 	25
296.2860 	Level finished 	25
296.2873 	DATA 	Keypress: o
296.2885 	DATA 	Keypress: o
296.2894 	DATA 	Keypress: o
296.2903 	DATA 	Keypress: o
296.3183 	Level image=waterlogo.jpg 	25
297.3017 	Level injecting via pump at address 0 	25
303.2918 	DATA 	Keypress: o
303.2931 	DATA 	Keypress: o
303.2947 	DATA 	Keypress: o
303.3191 	Level WAIT 	25
304.2888 	DATA 	Keypress: o
304.3021 	Level RINSE 	25
306.2911 	DATA 	Keypress: o
306.3189 	Level jitter 	25
314.2860 	Level finished 	25
314.2873 	DATA 	Keypress: o
314.2886 	DATA 	Keypress: o
314.2897 	DATA 	Keypress: o
314.2906 	DATA 	Keypress: o
314.3032 	Level image=tasty.jpg 	25
315.3030 	Level injecting via pump at address 1 	25
321.2915 	DATA 	Keypress: o
321.2928 	DATA 	Keypress: o
321.2940 	DATA 	Keypress: o
321.3033 	Level WAIT 	25
322.2889 	DATA 	Keypress: o
322.3034 	Level RINSE 	25
324.2915 	DATA 	Keypress: o
324.3040 	Level jitter 	25
326.2860 	Level finished 	25
326.2872 	DATA 	Keypress: o
326.3036 	Level image=tasty.jpg 	25
327.3037 	Level injecting via pump at address 0 	25
333.2912 	DATA 	Keypress: o
333.2925 	DATA 	Keypress: o
333.2937 	DATA 	Keypress: o
333.3041 	Level WAIT 	25
334.2890 	DATA 	Keypress: o
334.3046 	Level RINSE 	25
336.2914 	DATA 	Keypress: o
336.3043 	Level jitter 	25
340.2860 	Level finished 	25
340.2873 	DATA 	Keypress: o
340.2886 	DATA 	Keypress: o
340.3213 	Level image=tasty.jpg 	25
341.3047 	Level injecting via pump at address 1 	25
347.2919 	DATA 	Keypress: o
347.2932 	DATA 	Keypress: o
347.2944 	DATA 	Keypress: o
347.3222 	Level WAIT 	25
348.2889 	DATA 	Keypress: o
348.3052 	Level RINSE 	25
350.2908 	DATA 	Keypress: o
350.3053 	Level jitter 	25
353.2860 	Level finished 	25
353.2872 	DATA 	Keypress: o
353.3056 	Level image=tasty.jpg 	25
354.2889 	DATA 	Keypress: o
354.3057 	Level injecting via pump at address 0 	25
360.2913 	DATA 	Keypress: o
360.2923 	DATA 	Keypress: o
360.2933 	DATA 	Keypress: o
360.3231 	Level WAIT 	25
361.3061 	Level RINSE 	25
363.2915 	DATA 	Keypress: o
363.3228 	Level jitter 	25
371.2860 	Level finished 	25
371.2873 	DATA 	Keypress: o
371.2884 	DATA 	Keypress: o
371.2893 	DATA 	Keypress: o
371.2903 	DATA 	Keypress: o
371.3072 	Level image=waterlogo.jpg 	25
372.2887 	DATA 	Keypress: o
372.3069 	Level injecting via pump at address 0 	25
378.2917 	DATA 	Keypress: o
378.2930 	DATA 	Keypress: o
378.2942 	DATA 	Keypress: o
378.3238 	Level WAIT 	25
379.2906 	Level RINSE 	25
381.2923 	DATA 	Keypress: o
381.3079 	Level jitter 	25
386.2860 	Level finished 	25
386.2875 	DATA 	Keypress: o
386.2888 	DATA 	Keypress: o
386.2900 	DATA 	Keypress: o
386.3078 	Level image=tasty.jpg 	25
387.3079 	Level injecting via pump at address 1 	25
393.2906 	DATA 	Keypress: o
393.2915 	DATA 	Keypress: o
393.2924 	DATA 	Keypress: o
393.3087 	Level WAIT 	25
394.2889 	DATA 	Keypress: o
394.3084 	Level RINSE 	25
396.2910 	DATA 	Keypress: o
396.3085 	Level jitter 	25
403.2860 	Level finished 	25
403.2873 	DATA 	Keypress: o
403.2884 	DATA 	Keypress: o
403.2892 	DATA 	Keypress: o
403.3094 	Level image=tasty.jpg 	25
404.2889 	DATA 	Keypress: o
404.2924 	Level injecting via pump at address 0 	25
410.2906 	DATA 	Keypress: o
410.2917 	DATA 	Keypress: o
410.2927 	DATA 	Keypress: o
410.3261 	Level WAIT 	25
411.3096 	Level RINSE 	25
413.2914 	DATA 	Keypress: o
413.3101 	Level jitter 	25
421.2860 	Level finished 	25
421.2873 	DATA 	Keypress: o
421.2886 	DATA 	Keypress: o
421.2898 	DATA 	Keypress: o
421.2910 	DATA 	Keypress: o
421.3102 	Level image=tasty.jpg 	25
422.2890 	DATA 	Keypress: o
422.3103 	Level injecting via pump at address 0 	25
428.2916 	DATA 	Keypress: o
428.2929 	DATA 	Keypress: o
428.2941 	DATA 	Keypress: o
428.3111 	Level WAIT 	25
429.2941 	Level RINSE 	25
431.2925 	DATA 	Keypress: o
431.3109 	Level jitter 	25
438.2860 	Level finished 	25
