54.8186 	DATA 	Keypress: o
54.8194 	Level start key press 	25
56.8318 	DATA 	Keypress: o
58.8319 	DATA 	Keypress: o
60.8320 	DATA 	Keypress: o
62.8324 	DATA 	Keypress: o
63.3633 	Level image=waterlogo.jpg 	25
64.2971 	Level injecting via pump at address 0 	25
70.2854 	DATA 	Keypress: o
70.2864 	DATA 	Keypress: o
70.2875 	DATA 	Keypress: o
70.3137 	Level WAIT 	25
71.2828 	DATA 	Keypress: o
71.3138 	Level RINSE 	25
73.2932 	DATA 	Keypress: o
73.3139 	Level jitter 	25
80.2799 	Level finished 	25
80.2814 	DATA 	Keypress: o
80.2825 	DATA 	Keypress: o
80.2837 	DATA 	Keypress: o
80.3149 	Level image=tasty.jpg 	25
81.2840 	DATA 	Keypress: o
81.2978 	Level injecting via pump at address 0 	25
87.2845 	DATA 	Keypress: o
87.2855 	DATA 	Keypress: o
87.2864 	DATA 	Keypress: o
87.2984 	Level WAIT 	25
88.2984 	Level RINSE 	25
90.2849 	DATA 	Keypress: o
90.3156 	Level jitter 	25
94.2799 	Level finished 	25
94.2812 	DATA 	Keypress: o
94.2822 	DATA 	Keypress: o
94.2988 	Level image=tasty.jpg 	25
95.2824 	DATA 	Keypress: o
95.2989 	Level injecting via pump at address 1 	25
101.2853 	DATA 	Keypress: o
101.2866 	DATA 	Keypress: o
101.2878 	DATA 	Keypress: o
101.2997 	Level WAIT 	25
102.2994 	Level RINSE 	25
104.2848 	DATA 	Keypress: o
104.2994 	Level jitter 	25
105.2799 	Level finished 	25
105.2810 	DATA 	Keypress: o
105.3163 	Level image=tasty.jpg 	25
106.2996 	Level injecting via pump at address 0 	25
112.2851 	DATA 	Keypress: o
112.2863 	DATA 	Keypress: o
112.2873 	DATA 	Keypress: o
112.3004 	Level WAIT 	25
113.2824 	DATA 	Keypress: o
113.3001 	Level RINSE 	25
115.2850 	DATA 	Keypress: o
115.3001 	Level jitter 	25
123.2799 	Level finished 	25
123.2812 	DATA 	Keypress: o
123.2825 	DATA 	Keypress: o
123.2837 	DATA 	Keypress: o
123.2849 	DATA 	Keypress: o
123.3178 	Level image=waterlogo.jpg 	25
124.3009 	Level injecting via pump at address 0 	25
130.2856 	DATA 	Keypress: o
130.2868 	DATA 	Keypress: o
130.2880 	DATA 	Keypress: o
130.3179 	Level WAIT 	25
131.2824 	DATA 	Keypress: o
131.3014 	Level RINSE 	25
133.2861 	DATA 	Keypress: o
133.3019 	Level jitter 	25
141.2799 	Level finished 	25
141.2811 	DATA 	Keypress: o
141.2821 	DATA 	Keypress: o
141.2830 	DATA 	Keypress: o
141.2839 	DATA 	Keypress: o
141.3020 	Level image=waterlogo.jpg 	25
142.3021 	Level injecting via pump at address 0 	25
148.2844 	DATA 	Keypress: o
148.2854 	DATA 	Keypress: o
148.2863 	DATA 	Keypress: o
148.3028 	Level WAIT 	25
149.2827 	DATA 	Keypress: o
149.3026 	Level RINSE 	25
151.2848 	DATA 	Keypress: o
151.3027 	Level jitter 	25
157.2799 	Level finished 	25
157.2812 	DATA 	Keypress: o
157.2823 	DATA 	Keypress: o
157.2832 	DATA 	Keypress: o
157.3032 	Level image=tasty.jpg 	25
158.3037 	Level injecting via pump at address 1 	25
164.2857 	DATA 	Keypress: o
164.2871 	DATA 	Keypress: o
164.2883 	DATA 	Keypress: o
164.3036 	Level WAIT 	25
165.2827 	DATA 	Keypress: o
165.2871 	Level RINSE 	25
167.2849 	DATA 	Keypress: o
167.3038 	Level jitter 	25
169.2799 	Level finished 	25
169.2812 	DATA 	Keypress: o
169.3044 	Level image=tasty.jpg 	25
170.3041 	Level injecting via pump at address 0 	25
176.2854 	DATA 	Keypress: o
176.2869 	DATA 	Keypress: o
176.2879 	DATA 	Keypress: o
176.3044 	Level WAIT 	25
177.2828 	DATA 	Keypress: o
177.3045 	Level RINSE 	25
179.2850 	DATA 	Keypress: o
179.3050 	Level jitter 	25
185.2799 	Level finished 	25
185.2818 	DATA 	Keypress: o
185.2832 	DATA 	Keypress: o
185.2844 	DATA 	Keypress: o
185.3050 	Level image=waterlogo.jpg 	25
186.3052 	Level injecting via pump at address 0 	25
192.2847 	DATA 	Keypress: o
192.2857 	DATA 	Keypress: o
192.2867 	DATA 	Keypress: o
192.3058 	Level WAIT 	25
193.2826 	DATA 	Keypress: o
193.3056 	Level RINSE 	25
195.2848 	DATA 	Keypress: o
195.3057 	Level jitter 	25
197.2799 	Level finished 	25
197.2813 	DATA 	Keypress: o
197.3059 	Level image=waterlogo.jpg 	25
198.3060 	Level injecting via pump at address 0 	25
204.2848 	DATA 	Keypress: o
204.2861 	DATA 	Keypress: o
204.2874 	DATA 	Keypress: o
204.3068 	Level WAIT 	25
205.2827 	DATA 	Keypress: o
205.3064 	Level RINSE 	25
207.2849 	DATA 	Keypress: o
207.3065 	Level jitter 	25
216.2799 	Level finished 	25
216.2811 	DATA 	Keypress: o
216.2823 	DATA 	Keypress: o
216.2835 	DATA 	Keypress: o
216.2847 	DATA 	Keypress: o
216.3076 	Level image=tasty.jpg 	25
217.2827 	DATA 	Keypress: o
217.3074 	Level injecting via pump at address 1 	25
223.2855 	DATA 	Keypress: o
223.2868 	DATA 	Keypress: o
223.2879 	DATA 	Keypress: o
223.3077 	Level WAIT 	25
224.3077 	Level RINSE 	25
226.2849 	DATA 	Keypress: o
226.3082 	Level jitter 	25
233.2799 	Level finished 	25
233.2813 	DATA 	Keypress: o
233.2827 	DATA 	Keypress: o
233.2840 	DATA 	Keypress: o
233.2852 	DATA 	Keypress: o
233.3084 	Level image=tasty.jpg 	25
234.2918 	Level injecting via pump at address 0 	25
240.2845 	DATA 	Keypress: o
240.2856 	DATA 	Keypress: o
240.2868 	DATA 	Keypress: o
240.2926 	Level WAIT 	25
241.2827 	DATA 	Keypress: o
241.2924 	Level RINSE 	25
243.2850 	DATA 	Keypress: o
243.2923 	Level jitter 	25
250.2799 	Level finished 	25
250.2811 	DATA 	Keypress: o
250.2822 	DATA 	Keypress: o
250.2833 	DATA 	Keypress: o
250.3099 	Level image=waterlogo.jpg 	25
251.2828 	DATA 	Keypress: o
251.3096 	Level injecting via pump at address 0 	25
257.2857 	DATA 	Keypress: o
257.2870 	DATA 	Keypress: o
257.2880 	DATA 	Keypress: o
257.3100 	Level WAIT 	25
258.3101 	Level RINSE 	25
260.2849 	DATA 	Keypress: o
260.3107 	Level jitter 	25
265.2799 	Level finished 	25
265.2815 	DATA 	Keypress: o
265.2828 	DATA 	Keypress: o
265.2840 	DATA 	Keypress: o
265.2939 	Level image=tasty.jpg 	25
266.2940 	Level injecting via pump at address 0 	25
272.2856 	DATA 	Keypress: o
272.2868 	DATA 	Keypress: o
272.2881 	DATA 	Keypress: o
272.3114 	Level WAIT 	25
273.2827 	DATA 	Keypress: o
273.3111 	Level RINSE 	25
275.2855 	DATA 	Keypress: o
275.2947 	Level jitter 	25
276.2799 	Level finished 	25
276.3114 	Level image=tasty.jpg 	25
277.2824 	DATA 	Keypress: o
277.3115 	Level injecting via pump at address 1 	25
283.2855 	DATA 	Keypress: o
283.2867 	DATA 	Keypress: o
283.2879 	DATA 	Keypress: o
283.3121 	Level WAIT 	25
284.2952 	Level RINSE 	25
286.2845 	DATA 	Keypress: o
286.3120 	Level jitter 	25
289.2799 	Level finished 	25
289.2811 	DATA 	Keypress: o
289.2821 	DATA 	Keypress: o
289.3123 	Level image=tasty.jpg 	25
290.2957 	Level injecting via pump at address 0 	25
296.2858 	DATA 	Keypress: o
296.2871 	DATA 	Keypress: o
296.2883 	DATA 	Keypress: o
296.2964 	Level WAIT 	25
297.2824 	DATA 	Keypress: o
297.2961 	Level RINSE 	25
299.2852 	DATA 	Keypress: o
299.3129 	Level jitter 	25
301.2799 	Level finished 	25
301.2811 	DATA 	Keypress: o
301.3131 	Level image=tasty.jpg 	25
302.3132 	Level injecting via pump at address 1 	25
308.2843 	DATA 	Keypress: o
308.2854 	DATA 	Keypress: o
308.2863 	DATA 	Keypress: o
308.3139 	Level WAIT 	25
309.2828 	DATA 	Keypress: o
309.2970 	Level RINSE 	25
311.2849 	DATA 	Keypress: o
311.3137 	Level jitter 	25
313.2799 	Level finished 	25
313.2811 	DATA 	Keypress: o
313.2973 	Level image=tasty.jpg 	25
314.2974 	Level injecting via pump at address 0 	25
320.2850 	DATA 	Keypress: o
320.2862 	DATA 	Keypress: o
320.2874 	DATA 	Keypress: o
320.3148 	Level WAIT 	25
321.2828 	DATA 	Keypress: o
321.2977 	Level RINSE 	25
323.2847 	DATA 	Keypress: o
323.2979 	Level jitter 	25
324.2799 	Level finished 	25
324.3146 	Level image=waterlogo.jpg 	25
325.2826 	DATA 	Keypress: o
325.2981 	Level injecting via pump at address 0 	25
331.2849 	DATA 	Keypress: o
331.2859 	DATA 	Keypress: o
331.2868 	DATA 	Keypress: o
331.2988 	Level WAIT 	25
332.2986 	Level RINSE 	25
334.2852 	DATA 	Keypress: o
334.2986 	Level jitter 	25
340.2799 	Level finished 	25
340.2811 	DATA 	Keypress: o
340.2822 	DATA 	Keypress: o
340.2834 	DATA 	Keypress: o
340.2991 	Level image=tasty.jpg 	25
341.2827 	DATA 	Keypress: o
341.2997 	Level injecting via pump at address 1 	25
347.2854 	DATA 	Keypress: o
347.2868 	DATA 	Keypress: o
347.2880 	DATA 	Keypress: o
347.2995 	Level WAIT 	25
348.2996 	Level RINSE 	25
350.2849 	DATA 	Keypress: o
350.2997 	Level jitter 	25
353.2799 	Level finished 	25
353.2813 	DATA 	Keypress: o
353.2825 	DATA 	Keypress: o
353.3004 	Level image=tasty.jpg 	25
354.3000 	Level injecting via pump at address 0 	25
360.2845 	DATA 	Keypress: o
360.2855 	DATA 	Keypress: o
360.2864 	DATA 	Keypress: o
360.3004 	Level WAIT 	25
361.2823 	DATA 	Keypress: o
361.3005 	Level RINSE 	25
363.2849 	DATA 	Keypress: o
363.3011 	Level jitter 	25
365.2799 	Level finished 	25
365.2815 	DATA 	Keypress: o
365.3008 	Level image=tasty.jpg 	25
366.3009 	Level injecting via pump at address 1 	25
372.2849 	DATA 	Keypress: o
372.2859 	DATA 	Keypress: o
372.2869 	DATA 	Keypress: o
372.3013 	Level WAIT 	25
373.2824 	DATA 	Keypress: o
373.3019 	Level RINSE 	25
375.2847 	DATA 	Keypress: o
375.3014 	Level jitter 	25
379.2799 	Level finished 	25
379.2811 	DATA 	Keypress: o
379.2820 	DATA 	Keypress: o
379.3018 	Level image=tasty.jpg 	25
380.3019 	Level injecting via pump at address 0 	25
386.2849 	DATA 	Keypress: o
386.2862 	DATA 	Keypress: o
386.2872 	DATA 	Keypress: o
386.3193 	Level WAIT 	25
387.2823 	DATA 	Keypress: o
387.3024 	Level RINSE 	25
389.2853 	DATA 	Keypress: o
389.3024 	Level jitter 	25
396.2799 	Level finished 	25
396.2811 	DATA 	Keypress: o
396.2821 	DATA 	Keypress: o
396.2830 	DATA 	Keypress: o
396.3033 	Level image=tasty.jpg 	25
397.2827 	DATA 	Keypress: o
397.3030 	Level injecting via pump at address 0 	25
403.2850 	DATA 	Keypress: o
403.2860 	DATA 	Keypress: o
403.2870 	DATA 	Keypress: o
403.3034 	Level WAIT 	25
404.3035 	Level RINSE 	25
406.2845 	DATA 	Keypress: o
406.3040 	Level jitter 	25
410.2799 	Level finished 	25
