50.5219 	DATA 	Keypress: o
50.5229 	Level start key press 	25
52.5267 	DATA 	Keypress: o
54.5268 	DATA 	Keypress: o
56.5269 	DATA 	Keypress: o
58.5438 	DATA 	Keypress: o
59.0579 	Level image=waterlogo.jpg 	25
60.0085 	Level injecting via pump at address 0 	25
65.9971 	DATA 	Keypress: o
65.9984 	DATA 	Keypress: o
65.9996 	DATA 	Keypress: o
66.0085 	Level WAIT 	25
66.9943 	DATA 	Keypress: o
67.0085 	Level RINSE 	25
69.0047 	DATA 	Keypress: o
69.0254 	Level jitter 	25
75.9914 	Level finished 	25
75.9930 	DATA 	Keypress: o
75.9943 	DATA 	Keypress: o
75.9955 	DATA 	Keypress: o
76.0263 	Level image=waterlogo.jpg 	25
76.9942 	DATA 	Keypress: o
77.0259 	Level injecting via pump at address 0 	25
82.9971 	DATA 	Keypress: o
82.9984 	DATA 	Keypress: o
82.9997 	DATA 	Keypress: o
83.0263 	Level WAIT 	25
84.0097 	Level RINSE 	25
85.9965 	DATA 	Keypress: o
86.0269 	Level jitter 	25
90.9914 	Level finished 	25
90.9929 	DATA 	Keypress: o
90.9943 	DATA 	Keypress: o
90.9954 	DATA 	Keypress: o
91.0103 	Level image=tasty.jpg 	25
92.0104 	Level injecting via pump at address 1 	25
97.9960 	DATA 	Keypress: o
97.9972 	DATA 	Keypress: o
97.9984 	DATA 	Keypress: o
98.0111 	Level WAIT 	25
98.9944 	DATA 	Keypress: o
99.0275 	Level RINSE 	25
100.9969 	DATA 	Keypress: o
101.0109 	Level jitter 	25
103.9914 	Level finished 	25
103.9927 	DATA 	Keypress: o
104.0111 	Level image=tasty.jpg 	25
104.9939 	DATA 	Keypress: o
105.0113 	Level injecting via pump at address 0 	25
110.9973 	DATA 	Keypress: o
110.9987 	DATA 	Keypress: o
110.9999 	DATA 	Keypress: o
111.0287 	Level WAIT 	25
111.9950 	Level RINSE 	25
113.9959 	DATA 	Keypress: o
114.0118 	Level jitter 	25
119.9914 	Level finished 	25
119.9927 	DATA 	Keypress: o
119.9937 	DATA 	Keypress: o
119.9950 	DATA 	Keypress: o
120.0123 	Level image=tasty.jpg 	25
120.9943 	DATA 	Keypress: o
121.0128 	Level injecting via pump at address 0 	25
126.9966 	DATA 	Keypress: o
126.9977 	DATA 	Keypress: o
126.9988 	DATA 	Keypress: o
127.0294 	Level WAIT 	25
128.0128 	Level RINSE 	25
129.9967 	DATA 	Keypress: o
130.0129 	Level jitter 	25
138.9914 	Level finished 	25
138.9927 	DATA 	Keypress: o
138.9937 	DATA 	Keypress: o
138.9947 	DATA 	Keypress: o
138.9957 	DATA 	Keypress: o
138.9969 	DATA 	Keypress: o
139.0307 	Level image=tasty.jpg 	25
139.9969 	Level injecting via pump at address 1 	25
145.9960 	DATA 	Keypress: o
145.9970 	DATA 	Keypress: o
145.9979 	DATA 	Keypress: o
146.0306 	Level WAIT 	25
146.9938 	DATA 	Keypress: o
147.0141 	Level RINSE 	25
148.9970 	DATA 	Keypress: o
149.0147 	Level jitter 	25
154.9914 	Level finished 	25
154.9928 	DATA 	Keypress: o
154.9940 	DATA 	Keypress: o
154.9952 	DATA 	Keypress: o
155.0314 	Level image=tasty.jpg 	25
155.9981 	Level injecting via pump at address 0 	25
161.9972 	DATA 	Keypress: o
161.9986 	DATA 	Keypress: o
161.9999 	DATA 	Keypress: o
162.0155 	Level WAIT 	25
162.9943 	DATA 	Keypress: o
163.0152 	Level RINSE 	25
164.9967 	DATA 	Keypress: o
165.0153 	Level jitter 	25
167.9914 	Level finished 	25
167.9926 	DATA 	Keypress: o
167.9988 	Level image=tasty.jpg 	25
168.9938 	DATA 	Keypress: o
169.0156 	Level injecting via pump at address 1 	25
174.9973 	DATA 	Keypress: o
174.9987 	DATA 	Keypress: o
174.9999 	DATA 	Keypress: o
175.0164 	Level WAIT 	25
176.0160 	Level RINSE 	25
177.9972 	DATA 	Keypress: o
178.0162 	Level jitter 	25
182.9914 	Level finished 	25
182.9929 	DATA 	Keypress: o
182.9943 	DATA 	Keypress: o
182.9955 	DATA 	Keypress: o
183.0165 	Level image=tasty.jpg 	25
184.0000 	Level injecting via pump at address 0 	25
189.9963 	DATA 	Keypress: o
189.9974 	DATA 	Keypress: o
189.9984 	DATA 	Keypress: o
190.0174 	Level WAIT 	25
190.9945 	DATA 	Keypress: o
191.0171 	Level RINSE 	25
192.9965 	DATA 	Keypress: o
193.0005 	Level jitter 	25
193.9914 	Level finished 	25
194.0174 	Level image=waterlogo.jpg 	25
194.9940 	DATA 	Keypress: o
195.0175 	Level injecting via pump at address 0 	25
200.9966 	DATA 	Keypress: o
200.9979 	DATA 	Keypress: o
200.9990 	DATA 	Keypress: o
201.0182 	Level WAIT 	25
202.0179 	Level RINSE 	25
203.9964 	DATA 	Keypress: o
204.0180 	Level jitter 	25
208.9914 	Level finished 	25
208.9926 	DATA 	Keypress: o
208.9937 	DATA 	Keypress: o
208.9949 	DATA 	Keypress: o
209.0185 	Level image=waterlogo.jpg 	25
210.0018 	Level injecting via pump at address 0 	25
215.9968 	DATA 	Keypress: o
215.9981 	DATA 	Keypress: o
215.9991 	DATA 	Keypress: o
216.0192 	Level WAIT 	25
216.9942 	DATA 	Keypress: o
217.0189 	Level RINSE 	25
218.9975 	DATA 	Keypress: o
219.0190 	Level jitter 	25
221.9914 	Level finished 	25
221.9929 	DATA 	Keypress: o
222.0193 	Level image=tasty.jpg 	25
222.9941 	DATA 	Keypress: o
223.0195 	Level injecting via pump at address 0 	25
228.9963 	DATA 	Keypress: o
228.9973 	DATA 	Keypress: o
228.9982 	DATA 	Keypress: o
229.0201 	Level WAIT 	25
230.0198 	Level RINSE 	25
231.9968 	DATA 	Keypress: o
232.0199 	Level jitter 	25
237.9914 	Level finished 	25
237.9926 	DATA 	Keypress: o
237.9937 	DATA 	Keypress: o
237.9946 	DATA 	Keypress: o
238.0205 	Level image=waterlogo.jpg 	25
238.9942 	DATA 	Keypress: o
239.0210 	Level injecting via pump at address 0 	25
244.9971 	DATA 	Keypress: o
244.9983 	DATA 	Keypress: o
244.9994 	DATA 	Keypress: o
245.0208 	Level WAIT 	25
246.0042 	Level RINSE 	25
247.9963 	DATA 	Keypress: o
248.0210 	Level jitter 	25
249.9914 	Level finished 	25
249.9926 	DATA 	Keypress: o
250.0050 	Level image=waterlogo.jpg 	25
250.9945 	DATA 	Keypress: o
251.0213 	Level injecting via pump at address 0 	25
256.9965 	DATA 	Keypress: o
256.9975 	DATA 	Keypress: o
256.9984 	DATA 	Keypress: o
257.0216 	Level WAIT 	25
258.0218 	Level RINSE 	25
259.9966 	DATA 	Keypress: o
260.0222 	Level jitter 	25
267.9914 	Level finished 	25
267.9930 	DATA 	Keypress: o
267.9945 	DATA 	Keypress: o
267.9957 	DATA 	Keypress: o
267.9970 	DATA 	Keypress: o
268.0058 	Level image=tasty.jpg 	25
268.9941 	DATA 	Keypress: o
269.0059 	Level injecting via pump at address 0 	25
274.9982 	DATA 	Keypress: o
274.9997 	DATA 	Keypress: o
275.0013 	DATA 	Keypress: o
275.0232 	Level WAIT 	25
276.0063 	Level RINSE 	25
277.9959 	DATA 	Keypress: o
278.0065 	Level jitter 	25
282.9914 	Level finished 	25
282.9928 	DATA 	Keypress: o
282.9941 	DATA 	Keypress: o
282.9954 	DATA 	Keypress: o
283.0235 	Level image=waterlogo.jpg 	25
284.0069 	Level injecting via pump at address 0 	25
289.9969 	DATA 	Keypress: o
289.9981 	DATA 	Keypress: o
289.9994 	DATA 	Keypress: o
290.0078 	Level WAIT 	25
290.9940 	DATA 	Keypress: o
291.0074 	Level RINSE 	25
292.9974 	DATA 	Keypress: o
293.0075 	Level jitter 	25
297.9914 	Level finished 	25
297.9928 	DATA 	Keypress: o
297.9941 	DATA 	Keypress: o
298.0246 	Level image=tasty.jpg 	25
298.9938 	DATA 	Keypress: o
299.0078 	Level injecting via pump at address 0 	25
304.9970 	DATA 	Keypress: o
304.9985 	DATA 	Keypress: o
304.9998 	DATA 	Keypress: o
305.0254 	Level WAIT 	25
306.0085 	Level RINSE 	25
307.9969 	DATA 	Keypress: o
308.0251 	Level jitter 	25
314.9914 	Level finished 	25
314.9928 	DATA 	Keypress: o
314.9941 	DATA 	Keypress: o
314.9955 	DATA 	Keypress: o
314.9968 	DATA 	Keypress: o
315.0094 	Level image=tasty.jpg 	25
316.0091 	Level injecting via pump at address 1 	25
321.9971 	DATA 	Keypress: o
321.9985 	DATA 	Keypress: o
321.9996 	DATA 	Keypress: o
322.0095 	Level WAIT 	25
322.9938 	DATA 	Keypress: o
323.0096 	Level RINSE 	25
324.9965 	DATA 	Keypress: o
325.0101 	Level jitter 	25
328.9914 	Level finished 	25
328.9928 	DATA 	Keypress: o
328.9940 	DATA 	Keypress: o
329.0266 	Level image=tasty.jpg 	25
330.0101 	Level injecting via pump at address 0 	25
335.9979 	DATA 	Keypress: o
335.9994 	DATA 	Keypress: o
336.0005 	DATA 	Keypress: o
336.0275 	Level WAIT 	25
336.9939 	DATA 	Keypress: o
337.0105 	Level RINSE 	25
338.9963 	DATA 	Keypress: o
339.0274 	Level jitter 	25
341.9914 	Level finished 	25
341.9927 	DATA 	Keypress: o
342.0276 	Level image=tasty.jpg 	25
342.9938 	DATA 	Keypress: o
343.0110 	Level injecting via pump at address 1 	25
348.9965 	DATA 	Keypress: o
348.9977 	DATA 	Keypress: o
348.9989 	DATA 	Keypress: o
349.0119 	Level WAIT 	25
350.0115 	Level RINSE 	25
351.9971 	DATA 	Keypress: o
352.0282 	Level jitter 	25
356.9914 	Level finished 	25
356.9928 	DATA 	Keypress: o
356.9941 	DATA 	Keypress: o
356.9953 	DATA 	Keypress: o
357.0119 	Level image=tasty.jpg 	25
358.0120 	Level injecting via pump at address 0 	25
363.9973 	DATA 	Keypress: o
363.9987 	DATA 	Keypress: o
363.9998 	DATA 	Keypress: o
364.0294 	Level WAIT 	25
364.9942 	DATA 	Keypress: o
365.0126 	Level RINSE 	25
366.9972 	DATA 	Keypress: o
367.0125 	Level jitter 	25
367.9914 	Level finished 	25
368.0127 	Level image=tasty.jpg 	25
368.9946 	DATA 	Keypress: o
369.0127 	Level injecting via pump at address 1 	25
374.9972 	DATA 	Keypress: o
374.9985 	DATA 	Keypress: o
374.9996 	DATA 	Keypress: o
375.0136 	Level WAIT 	25
376.0132 	Level RINSE 	25
377.9967 	DATA 	Keypress: o
378.0134 	Level jitter 	25
386.9914 	Level finished 	25
386.9933 	DATA 	Keypress: o
386.9947 	DATA 	Keypress: o
386.9960 	DATA 	Keypress: o
386.9972 	DATA 	Keypress: o
386.9984 	DATA 	Keypress: o
387.0144 	Level image=tasty.jpg 	25
388.0141 	Level injecting via pump at address 1 	25
393.9969 	DATA 	Keypress: o
393.9982 	DATA 	Keypress: o
393.9993 	DATA 	Keypress: o
394.0145 	Level WAIT 	25
394.9942 	DATA 	Keypress: o
395.0146 	Level RINSE 	25
396.9959 	DATA 	Keypress: o
397.0151 	Level jitter 	25
405.9914 	Level finished 	25
405.9926 	DATA 	Keypress: o
405.9936 	DATA 	Keypress: o
405.9948 	DATA 	Keypress: o
405.9958 	DATA 	Keypress: o
406.0153 	Level image=tasty.jpg 	25
406.9940 	DATA 	Keypress: o
407.0159 	Level injecting via pump at address 0 	25
412.9975 	DATA 	Keypress: o
412.9989 	DATA 	Keypress: o
413.0002 	DATA 	Keypress: o
413.0157 	Level WAIT 	25
414.0158 	Level RINSE 	25
415.9964 	DATA 	Keypress: o
416.0159 	Level jitter 	25
417.9914 	Level finished 	25
