93.0870 	DATA 	Keypress: o
93.0879 	Level start key press 	25
95.0870 	DATA 	Keypress: o
97.0871 	DATA 	Keypress: o
99.0873 	DATA 	Keypress: o
101.0877 	DATA 	Keypress: o
101.6521 	Level image=waterlogo.jpg 	25
102.5856 	Level injecting via pump at address 0 	25
108.5735 	DATA 	Keypress: o
108.5747 	DATA 	Keypress: o
108.5757 	DATA 	Keypress: o
108.5867 	Level WAIT 	25
109.5712 	DATA 	Keypress: o
109.5864 	Level RINSE 	25
111.5822 	DATA 	Keypress: o
111.6032 	Level jitter 	25
117.5688 	Level finished 	25
117.5701 	DATA 	Keypress: o
117.5713 	DATA 	Keypress: o
117.5724 	DATA 	Keypress: o
117.5873 	Level image=tasty.jpg 	25
118.5878 	Level injecting via pump at address 1 	25
124.5733 	DATA 	Keypress: o
124.5743 	DATA 	Keypress: o
124.5753 	DATA 	Keypress: o
124.5881 	Level WAIT 	25
125.5715 	DATA 	Keypress: o
125.6049 	Level RINSE 	25
127.5743 	DATA 	Keypress: o
127.5884 	Level jitter 	25
133.5688 	Level finished 	25
133.5703 	DATA 	Keypress: o
133.5721 	DATA 	Keypress: o
133.5734 	DATA 	Keypress: o
133.5896 	Level image=tasty.jpg 	25
134.5893 	Level injecting via pump at address 1 	25
140.5741 	DATA 	Keypress: o
140.5753 	DATA 	Keypress: o
140.5765 	DATA 	Keypress: o
140.6066 	Level WAIT 	25
141.5713 	DATA 	Keypress: o
141.5901 	Level RINSE 	25
143.5747 	DATA 	Keypress: o
143.5907 	Level jitter 	25
145.5688 	Level finished 	25
145.5703 	DATA 	Keypress: o
145.5906 	Level image=waterlogo.jpg 	25
146.5907 	Level injecting via pump at address 0 	25
152.5742 	DATA 	Keypress: o
152.5753 	DATA 	Keypress: o
152.5762 	DATA 	Keypress: o
152.5915 	Level WAIT 	25
153.5716 	DATA 	Keypress: o
153.5919 	Level RINSE 	25
155.5737 	DATA 	Keypress: o
155.5918 	Level jitter 	25
161.5688 	Level finished 	25
161.5700 	DATA 	Keypress: o
161.5710 	DATA 	Keypress: o
161.5719 	DATA 	Keypress: o
161.5925 	Level image=tasty.jpg 	25
162.5926 	Level injecting via pump at address 1 	25
168.5740 	DATA 	Keypress: o
168.5752 	DATA 	Keypress: o
168.5762 	DATA 	Keypress: o
168.5936 	Level WAIT 	25
169.5717 	DATA 	Keypress: o
169.5767 	Level RINSE 	25
171.5733 	DATA 	Keypress: o
171.5936 	Level jitter 	25
176.5688 	Level finished 	25
176.5700 	DATA 	Keypress: o
176.5710 	DATA 	Keypress: o
176.5942 	Level image=waterlogo.jpg 	25
177.5716 	DATA 	Keypress: o
177.5944 	Level injecting via pump at address 0 	25
183.5741 	DATA 	Keypress: o
183.5754 	DATA 	Keypress: o
183.5765 	DATA 	Keypress: o
183.5954 	Level WAIT 	25
184.5952 	Level RINSE 	25
186.5746 	DATA 	Keypress: o
186.5954 	Level jitter 	25
191.5688 	Level finished 	25
191.5700 	DATA 	Keypress: o
191.5710 	DATA 	Keypress: o
191.5719 	DATA 	Keypress: o
191.5793 	Level image=tasty.jpg 	25
192.5795 	Level injecting via pump at address 1 	25
198.5738 	DATA 	Keypress: o
198.5749 	DATA 	Keypress: o
198.5759 	DATA 	Keypress: o
198.5971 	Level WAIT 	25
199.5712 	DATA 	Keypress: o
199.5969 	Level RINSE 	25
201.5741 	DATA 	Keypress: o
201.5971 	Level jitter 	25
207.5688 	Level finished 	25
207.5702 	DATA 	Keypress: o
207.5716 	DATA 	Keypress: o
207.5729 	DATA 	Keypress: o
207.5979 	Level image=waterlogo.jpg 	25
208.5817 	Level injecting via pump at address 0 	25
214.5741 	DATA 	Keypress: o
214.5751 	DATA 	Keypress: o
214.5761 	DATA 	Keypress: o
214.5986 	Level WAIT 	25
215.5714 	DATA 	Keypress: o
215.5988 	Level RINSE 	25
217.5732 	DATA 	Keypress: o
217.5823 	Level jitter 	25
220.5688 	Level finished 	25
220.5699 	DATA 	Keypress: o
220.5832 	Level image=tasty.jpg 	25
221.5713 	DATA 	Keypress: o
221.5995 	Level injecting via pump at address 1 	25
227.5743 	DATA 	Keypress: o
227.5755 	DATA 	Keypress: o
227.5767 	DATA 	Keypress: o
227.6001 	Level WAIT 	25
228.6003 	Level RINSE 	25
230.5741 	DATA 	Keypress: o
230.6008 	Level jitter 	25
238.5688 	Level finished 	25
238.5700 	DATA 	Keypress: o
238.5712 	DATA 	Keypress: o
238.5724 	DATA 	Keypress: o
238.5736 	DATA 	Keypress: o
238.5849 	Level image=waterlogo.jpg 	25
239.5715 	DATA 	Keypress: o
239.5850 	Level injecting via pump at address 0 	25
245.5744 	DATA 	Keypress: o
245.5755 	DATA 	Keypress: o
245.5767 	DATA 	Keypress: o
245.5861 	Level WAIT 	25
246.5858 	Level RINSE 	25
248.5741 	DATA 	Keypress: o
248.5860 	Level jitter 	25
250.5688 	Level finished 	25
250.5700 	DATA 	Keypress: o
250.5862 	Level image=tasty.jpg 	25
251.5715 	DATA 	Keypress: o
251.5864 	Level injecting via pump at address 1 	25
257.5738 	DATA 	Keypress: o
257.5751 	DATA 	Keypress: o
257.5762 	DATA 	Keypress: o
257.5874 	Level WAIT 	25
258.5872 	Level RINSE 	25
260.5743 	DATA 	Keypress: o
260.5874 	Level jitter 	25
269.5688 	Level finished 	25
269.5701 	DATA 	Keypress: o
269.5713 	DATA 	Keypress: o
269.5726 	DATA 	Keypress: o
269.5738 	DATA 	Keypress: o
269.5751 	DATA 	Keypress: o
269.5888 	Level image=waterlogo.jpg 	25
270.5886 	Level injecting via pump at address 0 	25
276.5742 	DATA 	Keypress: o
276.5755 	DATA 	Keypress: o
276.5767 	DATA 	Keypress: o
276.5893 	Level WAIT 	25
277.5715 	DATA 	Keypress: o
277.5895 	Level RINSE 	25
279.5740 	DATA 	Keypress: o
279.5900 	Level jitter 	25
281.5688 	Level finished 	25
281.5699 	DATA 	Keypress: o
281.6067 	Level image=tasty.jpg 	25
282.5901 	Level injecting via pump at address 1 	25
288.5741 	DATA 	Keypress: o
288.5757 	DATA 	Keypress: o
288.5770 	DATA 	Keypress: o
288.5906 	Level WAIT 	25
289.5715 	DATA 	Keypress: o
289.5913 	Level RINSE 	25
291.5737 	DATA 	Keypress: o
291.5910 	Level jitter 	25
294.5688 	Level finished 	25
294.5699 	DATA 	Keypress: o
294.5914 	Level image=waterlogo.jpg 	25
295.5710 	DATA 	Keypress: o
295.5915 	Level injecting via pump at address 0 	25
301.5741 	DATA 	Keypress: o
301.5753 	DATA 	Keypress: o
301.5763 	DATA 	Keypress: o
301.5926 	Level WAIT 	25
302.5923 	Level RINSE 	25
304.5736 	DATA 	Keypress: o
304.5925 	Level jitter 	25
308.5688 	Level finished 	25
308.5702 	DATA 	Keypress: o
308.5715 	DATA 	Keypress: o
308.5931 	Level image=tasty.jpg 	25
309.5713 	DATA 	Keypress: o
309.5932 	Level injecting via pump at address 1 	25
315.5731 	DATA 	Keypress: o
315.5742 	DATA 	Keypress: o
315.5751 	DATA 	Keypress: o
315.5942 	Level WAIT 	25
316.5773 	Level RINSE 	25
318.5740 	DATA 	Keypress: o
318.5942 	Level jitter 	25
319.5688 	Level finished 	25
319.5701 	DATA 	Keypress: o
319.5943 	Level image=waterlogo.jpg 	25
320.5945 	Level injecting via pump at address 0 	25
326.5733 	DATA 	Keypress: o
326.5743 	DATA 	Keypress: o
326.5753 	DATA 	Keypress: o
326.5955 	Level WAIT 	25
327.5719 	DATA 	Keypress: o
327.5953 	Level RINSE 	25
329.5747 	DATA 	Keypress: o
329.5954 	Level jitter 	25
332.5688 	Level finished 	25
332.5703 	DATA 	Keypress: o
332.5959 	Level image=tasty.jpg 	25
333.5712 	DATA 	Keypress: o
333.5961 	Level injecting via pump at address 1 	25
339.5742 	DATA 	Keypress: o
339.5755 	DATA 	Keypress: o
339.5765 	DATA 	Keypress: o
339.5970 	Level WAIT 	25
340.5968 	Level RINSE 	25
342.5740 	DATA 	Keypress: o
342.5969 	Level jitter 	25
350.5688 	Level finished 	25
350.5700 	DATA 	Keypress: o
350.5710 	DATA 	Keypress: o
350.5720 	DATA 	Keypress: o
350.5731 	DATA 	Keypress: o
350.5817 	Level image=tasty.jpg 	25
351.5716 	DATA 	Keypress: o
351.5814 	Level injecting via pump at address 1 	25
357.5741 	DATA 	Keypress: o
357.5754 	DATA 	Keypress: o
357.5766 	DATA 	Keypress: o
357.5987 	Level WAIT 	25
358.5823 	Level RINSE 	25
360.5740 	DATA 	Keypress: o
360.5829 	Level jitter 	25
364.5688 	Level finished 	25
364.5700 	DATA 	Keypress: o
364.5710 	DATA 	Keypress: o
364.5997 	Level image=waterlogo.jpg 	25
365.5711 	DATA 	Keypress: o
365.5998 	Level injecting via pump at address 0 	25
371.5748 	DATA 	Keypress: o
371.5762 	DATA 	Keypress: o
371.5772 	DATA 	Keypress: o
371.6007 	Level WAIT 	25
372.5839 	Level RINSE 	25
374.5741 	DATA 	Keypress: o
374.6007 	Level jitter 	25
377.5688 	Level finished 	25
377.5699 	DATA 	Keypress: o
377.5711 	DATA 	Keypress: o
377.6012 	Level image=tasty.jpg 	25
378.5846 	Level injecting via pump at address 1 	25
384.5742 	DATA 	Keypress: o
384.5754 	DATA 	Keypress: o
384.5764 	DATA 	Keypress: o
384.6023 	Level WAIT 	25
385.5711 	DATA 	Keypress: o
385.5854 	Level RINSE 	25
387.5736 	DATA 	Keypress: o
387.6022 	Level jitter 	25
392.5688 	Level finished 	25
392.5700 	DATA 	Keypress: o
392.5710 	DATA 	Keypress: o
392.5862 	Level image=waterlogo.jpg 	25
393.5715 	DATA 	Keypress: o
393.6031 	Level injecting via pump at address 0 	25
399.5741 	DATA 	Keypress: o
399.5753 	DATA 	Keypress: o
399.5766 	DATA 	Keypress: o
399.6040 	Level WAIT 	25
400.5871 	Level RINSE 	25
402.5740 	DATA 	Keypress: o
402.6040 	Level jitter 	25
407.5688 	Level finished 	25
407.5699 	DATA 	Keypress: o
407.5709 	DATA 	Keypress: o
407.5719 	DATA 	Keypress: o
407.5880 	Level image=waterlogo.jpg 	25
408.5881 	Level injecting via pump at address 0 	25
414.5739 	DATA 	Keypress: o
414.5752 	DATA 	Keypress: o
414.5763 	DATA 	Keypress: o
414.5892 	Level WAIT 	25
415.5715 	DATA 	Keypress: o
415.5889 	Level RINSE 	25
417.5737 	DATA 	Keypress: o
417.5892 	Level jitter 	25
426.5688 	Level finished 	25
426.5702 	DATA 	Keypress: o
426.5716 	DATA 	Keypress: o
426.5726 	DATA 	Keypress: o
426.5734 	DATA 	Keypress: o
426.5906 	Level image=tasty.jpg 	25
427.5713 	DATA 	Keypress: o
427.5903 	Level injecting via pump at address 1 	25
433.5740 	DATA 	Keypress: o
433.5752 	DATA 	Keypress: o
433.5764 	DATA 	Keypress: o
433.5911 	Level WAIT 	25
434.5911 	Level RINSE 	25
436.5738 	DATA 	Keypress: o
436.5916 	Level jitter 	25
438.5688 	Level finished 	25
438.5699 	DATA 	Keypress: o
438.5916 	Level image=waterlogo.jpg 	25
439.5713 	DATA 	Keypress: o
439.5918 	Level injecting via pump at address 0 	25
445.5742 	DATA 	Keypress: o
445.5753 	DATA 	Keypress: o
445.5765 	DATA 	Keypress: o
445.5924 	Level WAIT 	25
446.5930 	Level RINSE 	25
448.5743 	DATA 	Keypress: o
448.5927 	Level jitter 	25
451.5688 	Level finished 	25
451.5700 	DATA 	Keypress: o
451.5709 	DATA 	Keypress: o
451.5931 	Level image=waterlogo.jpg 	25
452.5933 	Level injecting via pump at address 0 	25
458.5741 	DATA 	Keypress: o
458.5752 	DATA 	Keypress: o
458.5763 	DATA 	Keypress: o
458.5944 	Level WAIT 	25
459.5712 	DATA 	Keypress: o
459.5941 	Level RINSE 	25
461.5740 	DATA 	Keypress: o
461.5944 	Level jitter 	25
466.5688 	Level finished 	25
466.5700 	DATA 	Keypress: o
466.5709 	DATA 	Keypress: o
466.5949 	Level image=tasty.jpg 	25
467.5712 	DATA 	Keypress: o
467.5950 	Level injecting via pump at address 1 	25
473.5734 	DATA 	Keypress: o
473.5744 	DATA 	Keypress: o
473.5754 	DATA 	Keypress: o
473.5961 	Level WAIT 	25
474.5959 	Level RINSE 	25
476.5745 	DATA 	Keypress: o
476.5961 	Level jitter 	25
478.5688 	Level finished 	25
478.5701 	DATA 	Keypress: o
478.5796 	Level image=tasty.jpg 	25
479.5714 	DATA 	Keypress: o
479.5797 	Level injecting via pump at address 1 	25
485.5735 	DATA 	Keypress: o
485.5745 	DATA 	Keypress: o
485.5755 	DATA 	Keypress: o
485.5975 	Level WAIT 	25
486.5973 	Level RINSE 	25
488.5744 	DATA 	Keypress: o
488.5808 	Level jitter 	25
495.5688 	Level finished 	25
495.5702 	DATA 	Keypress: o
495.5714 	DATA 	Keypress: o
495.5725 	DATA 	Keypress: o
495.5737 	DATA 	Keypress: o
495.5986 	Level image=waterlogo.jpg 	25
496.5984 	Level injecting via pump at address 0 	25
502.5741 	DATA 	Keypress: o
502.5755 	DATA 	Keypress: o
502.5766 	DATA 	Keypress: o
502.5991 	Level WAIT 	25
503.5711 	DATA 	Keypress: o
503.5825 	Level RINSE 	25
505.5741 	DATA 	Keypress: o
505.5998 	Level jitter 	25
508.5688 	Level finished 	25
508.5701 	DATA 	Keypress: o
508.6000 	Level image=tasty.jpg 	25
509.5712 	DATA 	Keypress: o
509.5833 	Level injecting via pump at address 1 	25
515.5748 	DATA 	Keypress: o
515.5760 	DATA 	Keypress: o
515.5772 	DATA 	Keypress: o
515.6011 	Level WAIT 	25
516.5841 	Level RINSE 	25
518.5751 	DATA 	Keypress: o
518.6010 	Level jitter 	25
520.5688 	Level finished 	25
520.5699 	DATA 	Keypress: o
520.6012 	Level image=waterlogo.jpg 	25
521.5715 	DATA 	Keypress: o
521.6013 	Level injecting via pump at address 0 	25
527.5742 	DATA 	Keypress: o
527.5754 	DATA 	Keypress: o
527.5764 	DATA 	Keypress: o
527.6024 	Level WAIT 	25
528.5855 	Level RINSE 	25
530.5743 	DATA 	Keypress: o
530.6024 	Level jitter 	25
538.5688 	Level finished 	25
538.5702 	DATA 	Keypress: o
538.5713 	DATA 	Keypress: o
538.5723 	DATA 	Keypress: o
538.5732 	DATA 	Keypress: o
538.5871 	Level image=tasty.jpg 	25
539.5715 	DATA 	Keypress: o
539.5868 	Level injecting via pump at address 1 	25
545.5731 	DATA 	Keypress: o
545.5744 	DATA 	Keypress: o
545.5754 	DATA 	Keypress: o
545.5874 	Level WAIT 	25
546.5875 	Level RINSE 	25
548.5753 	DATA 	Keypress: o
548.5882 	Level jitter 	25
550.5688 	Level finished 	25
550.5701 	DATA 	Keypress: o
550.5880 	Level image=waterlogo.jpg 	25
551.5713 	DATA 	Keypress: o
551.5882 	Level injecting via pump at address 0 	25
557.5737 	DATA 	Keypress: o
557.5748 	DATA 	Keypress: o
557.5757 	DATA 	Keypress: o
557.5889 	Level WAIT 	25
558.5895 	Level RINSE 	25
560.5732 	DATA 	Keypress: o
560.5892 	Level jitter 	25
567.5688 	Level finished 	25
