85.2658 	DATA 	Keypress: o
85.2666 	Level start key press 	25
87.2763 	DATA 	Keypress: o
89.2764 	DATA 	Keypress: o
91.2765 	DATA 	Keypress: o
93.2767 	DATA 	Keypress: o
93.8076 	Level image=waterlogo.jpg 	25
94.7244 	Level injecting via pump at address 0 	25
100.6966 	DATA 	Keypress: o
100.6979 	DATA 	Keypress: o
100.6991 	DATA 	Keypress: o
100.7251 	Level WAIT 	25
101.6938 	DATA 	Keypress: o
101.7083 	Level RINSE 	25
103.7043 	DATA 	Keypress: o
103.7250 	Level jitter 	25
109.6910 	Level finished 	25
109.6923 	DATA 	Keypress: o
109.6933 	DATA 	Keypress: o
109.6943 	DATA 	Keypress: o
109.7254 	Level image=tasty.jpg 	25
110.7092 	Level injecting via pump at address 1 	25
116.6967 	DATA 	Keypress: o
116.6983 	DATA 	Keypress: o
116.6998 	DATA 	Keypress: o
116.7091 	Level WAIT 	25
117.6938 	DATA 	Keypress: o
117.7093 	Level RINSE 	25
119.6961 	DATA 	Keypress: o
119.7261 	Level jitter 	25
125.6910 	Level finished 	25
125.6923 	DATA 	Keypress: o
125.6934 	DATA 	Keypress: o
125.6944 	DATA 	Keypress: o
125.7269 	Level image=tasty.jpg 	25
126.7099 	Level injecting via pump at address 1 	25
132.6960 	DATA 	Keypress: o
132.6973 	DATA 	Keypress: o
132.6984 	DATA 	Keypress: o
132.7102 	Level WAIT 	25
133.6938 	DATA 	Keypress: o
133.7104 	Level RINSE 	25
135.6959 	DATA 	Keypress: o
135.7109 	Level jitter 	25
137.6910 	Level finished 	25
137.6922 	DATA 	Keypress: o
137.7106 	Level image=waterlogo.jpg 	25
138.7107 	Level injecting via pump at address 0 	25
144.6962 	DATA 	Keypress: o
144.6974 	DATA 	Keypress: o
144.6984 	DATA 	Keypress: o
144.7277 	Level WAIT 	25
145.6933 	DATA 	Keypress: o
145.7117 	Level RINSE 	25
147.6964 	DATA 	Keypress: o
147.7280 	Level jitter 	25
153.6910 	Level finished 	25
153.6924 	DATA 	Keypress: o
153.6935 	DATA 	Keypress: o
153.6945 	DATA 	Keypress: o
153.7284 	Level image=tasty.jpg 	25
154.7119 	Level injecting via pump at address 1 	25
160.6965 	DATA 	Keypress: o
160.6979 	DATA 	Keypress: o
160.6993 	DATA 	Keypress: o
160.7127 	Level WAIT 	25
161.6938 	DATA 	Keypress: o
161.7123 	Level RINSE 	25
163.6959 	DATA 	Keypress: o
163.7124 	Level jitter 	25
168.6910 	Level finished 	25
168.6924 	DATA 	Keypress: o
168.6934 	DATA 	Keypress: o
168.7128 	Level image=waterlogo.jpg 	25
169.6937 	DATA 	Keypress: o
169.7129 	Level injecting via pump at address 0 	25
175.6965 	DATA 	Keypress: o
175.6977 	DATA 	Keypress: o
175.6989 	DATA 	Keypress: o
175.7303 	Level WAIT 	25
176.7133 	Level RINSE 	25
178.6965 	DATA 	Keypress: o
178.7134 	Level jitter 	25
183.6910 	Level finished 	25
183.6926 	DATA 	Keypress: o
183.6939 	DATA 	Keypress: o
183.6951 	DATA 	Keypress: o
183.7138 	Level image=tasty.jpg 	25
184.7139 	Level injecting via pump at address 1 	25
190.6962 	DATA 	Keypress: o
190.6972 	DATA 	Keypress: o
190.6982 	DATA 	Keypress: o
190.7147 	Level WAIT 	25
191.6936 	DATA 	Keypress: o
191.6977 	Level RINSE 	25
193.6963 	DATA 	Keypress: o
193.7145 	Level jitter 	25
199.6910 	Level finished 	25
199.6923 	DATA 	Keypress: o
199.6932 	DATA 	Keypress: o
199.6942 	DATA 	Keypress: o
199.7149 	Level image=waterlogo.jpg 	25
200.7155 	Level injecting via pump at address 0 	25
206.6964 	DATA 	Keypress: o
206.6978 	DATA 	Keypress: o
206.6992 	DATA 	Keypress: o
206.7153 	Level WAIT 	25
207.6934 	DATA 	Keypress: o
207.6988 	Level RINSE 	25
209.6960 	DATA 	Keypress: o
209.7156 	Level jitter 	25
212.6910 	Level finished 	25
212.6924 	DATA 	Keypress: o
212.7163 	Level image=tasty.jpg 	25
213.6937 	DATA 	Keypress: o
213.6993 	Level injecting via pump at address 1 	25
219.6965 	DATA 	Keypress: o
219.6976 	DATA 	Keypress: o
219.6988 	DATA 	Keypress: o
219.7162 	Level WAIT 	25
220.6997 	Level RINSE 	25
222.6958 	DATA 	Keypress: o
222.7169 	Level jitter 	25
230.6910 	Level finished 	25
230.6924 	DATA 	Keypress: o
230.6937 	DATA 	Keypress: o
230.6948 	DATA 	Keypress: o
230.6960 	DATA 	Keypress: o
230.7171 	Level image=waterlogo.jpg 	25
231.6939 	DATA 	Keypress: o
231.7173 	Level injecting via pump at address 0 	25
237.6959 	DATA 	Keypress: o
237.6971 	DATA 	Keypress: o
237.6982 	DATA 	Keypress: o
237.7179 	Level WAIT 	25
238.7010 	Level RINSE 	25
240.6956 	DATA 	Keypress: o
240.7177 	Level jitter 	25
242.6910 	Level finished 	25
242.6923 	DATA 	Keypress: o
242.7179 	Level image=tasty.jpg 	25
243.6934 	DATA 	Keypress: o
243.7180 	Level injecting via pump at address 1 	25
249.6959 	DATA 	Keypress: o
249.6972 	DATA 	Keypress: o
249.6984 	DATA 	Keypress: o
249.7188 	Level WAIT 	25
250.7184 	Level RINSE 	25
252.6965 	DATA 	Keypress: o
252.7185 	Level jitter 	25
261.6910 	Level finished 	25
261.6924 	DATA 	Keypress: o
261.6936 	DATA 	Keypress: o
261.6948 	DATA 	Keypress: o
261.6961 	DATA 	Keypress: o
261.6973 	DATA 	Keypress: o
261.7197 	Level image=waterlogo.jpg 	25
262.7194 	Level injecting via pump at address 0 	25
268.6967 	DATA 	Keypress: o
268.6978 	DATA 	Keypress: o
268.6991 	DATA 	Keypress: o
268.7196 	Level WAIT 	25
269.6938 	DATA 	Keypress: o
269.7031 	Level RINSE 	25
271.6960 	DATA 	Keypress: o
271.7203 	Level jitter 	25
273.6910 	Level finished 	25
273.6923 	DATA 	Keypress: o
273.7201 	Level image=tasty.jpg 	25
274.7202 	Level injecting via pump at address 1 	25
280.6960 	DATA 	Keypress: o
280.6971 	DATA 	Keypress: o
280.6980 	DATA 	Keypress: o
280.7205 	Level WAIT 	25
281.6938 	DATA 	Keypress: o
281.7210 	Level RINSE 	25
283.6963 	DATA 	Keypress: o
283.7206 	Level jitter 	25
286.6910 	Level finished 	25
286.6922 	DATA 	Keypress: o
286.7209 	Level image=waterlogo.jpg 	25
287.6934 	DATA 	Keypress: o
287.7211 	Level injecting via pump at address 0 	25
293.6969 	DATA 	Keypress: o
293.6982 	DATA 	Keypress: o
293.6994 	DATA 	Keypress: o
293.7218 	Level WAIT 	25
294.7048 	Level RINSE 	25
296.6960 	DATA 	Keypress: o
296.7216 	Level jitter 	25
300.6910 	Level finished 	25
300.6926 	DATA 	Keypress: o
300.6937 	DATA 	Keypress: o
300.7219 	Level image=tasty.jpg 	25
301.6939 	DATA 	Keypress: o
301.7054 	Level injecting via pump at address 1 	25
307.6961 	DATA 	Keypress: o
307.6970 	DATA 	Keypress: o
307.6980 	DATA 	Keypress: o
307.7061 	Level WAIT 	25
308.7058 	Level RINSE 	25
310.6960 	DATA 	Keypress: o
310.7059 	Level jitter 	25
311.6910 	Level finished 	25
311.6921 	DATA 	Keypress: o
311.7226 	Level image=waterlogo.jpg 	25
312.7228 	Level injecting via pump at address 0 	25
318.6960 	DATA 	Keypress: o
318.6973 	DATA 	Keypress: o
318.6984 	DATA 	Keypress: o
318.7236 	Level WAIT 	25
319.6938 	DATA 	Keypress: o
319.7065 	Level RINSE 	25
321.6967 	DATA 	Keypress: o
321.7233 	Level jitter 	25
324.6910 	Level finished 	25
324.6923 	DATA 	Keypress: o
324.7236 	Level image=tasty.jpg 	25
325.6939 	DATA 	Keypress: o
325.7236 	Level injecting via pump at address 1 	25
331.6963 	DATA 	Keypress: o
331.6974 	DATA 	Keypress: o
331.6984 	DATA 	Keypress: o
331.7245 	Level WAIT 	25
332.7074 	Level RINSE 	25
334.6963 	DATA 	Keypress: o
334.7243 	Level jitter 	25
342.6910 	Level finished 	25
342.6924 	DATA 	Keypress: o
342.6937 	DATA 	Keypress: o
342.6949 	DATA 	Keypress: o
342.6961 	DATA 	Keypress: o
342.7252 	Level image=tasty.jpg 	25
343.6939 	DATA 	Keypress: o
343.7083 	Level injecting via pump at address 1 	25
349.6960 	DATA 	Keypress: o
349.6970 	DATA 	Keypress: o
349.6980 	DATA 	Keypress: o
349.7253 	Level WAIT 	25
350.7254 	Level RINSE 	25
352.6960 	DATA 	Keypress: o
352.7092 	Level jitter 	25
356.6910 	Level finished 	25
356.6924 	DATA 	Keypress: o
356.6936 	DATA 	Keypress: o
356.7257 	Level image=waterlogo.jpg 	25
357.6937 	DATA 	Keypress: o
357.7093 	Level injecting via pump at address 0 	25
363.6968 	DATA 	Keypress: o
363.6982 	DATA 	Keypress: o
363.6994 	DATA 	Keypress: o
363.7100 	Level WAIT 	25
364.7096 	Level RINSE 	25
366.6963 	DATA 	Keypress: o
366.7097 	Level jitter 	25
369.6910 	Level finished 	25
369.6924 	DATA 	Keypress: o
369.6934 	DATA 	Keypress: o
369.7100 	Level image=tasty.jpg 	25
370.7102 	Level injecting via pump at address 1 	25
376.6960 	DATA 	Keypress: o
376.6973 	DATA 	Keypress: o
376.6985 	DATA 	Keypress: o
376.7108 	Level WAIT 	25
377.6938 	DATA 	Keypress: o
377.7106 	Level RINSE 	25
379.6962 	DATA 	Keypress: o
379.7106 	Level jitter 	25
384.6910 	Level finished 	25
384.6923 	DATA 	Keypress: o
384.6933 	DATA 	Keypress: o
384.7277 	Level image=waterlogo.jpg 	25
385.6934 	DATA 	Keypress: o
385.7113 	Level injecting via pump at address 0 	25
391.6963 	DATA 	Keypress: o
391.6975 	DATA 	Keypress: o
391.6987 	DATA 	Keypress: o
391.7118 	Level WAIT 	25
392.7115 	Level RINSE 	25
394.6967 	DATA 	Keypress: o
394.7117 	Level jitter 	25
399.6910 	Level finished 	25
399.6923 	DATA 	Keypress: o
399.6933 	DATA 	Keypress: o
399.6943 	DATA 	Keypress: o
399.7121 	Level image=waterlogo.jpg 	25
400.6955 	Level injecting via pump at address 0 	25
406.6961 	DATA 	Keypress: o
406.6972 	DATA 	Keypress: o
406.6984 	DATA 	Keypress: o
406.7297 	Level WAIT 	25
407.6938 	DATA 	Keypress: o
407.7126 	Level RINSE 	25
409.6961 	DATA 	Keypress: o
409.7127 	Level jitter 	25
418.6910 	Level finished 	25
418.6925 	DATA 	Keypress: o
418.6940 	DATA 	Keypress: o
418.6953 	DATA 	Keypress: o
418.6964 	DATA 	Keypress: o
418.7305 	Level image=tasty.jpg 	25
419.6934 	DATA 	Keypress: o
419.6968 	Level injecting via pump at address 1 	25
425.6961 	DATA 	Keypress: o
425.6974 	DATA 	Keypress: o
425.6986 	DATA 	Keypress: o
425.7138 	Level WAIT 	25
426.7139 	Level RINSE 	25
428.6956 	DATA 	Keypress: o
428.7145 	Level jitter 	25
430.6910 	Level finished 	25
430.6920 	DATA 	Keypress: o
430.7143 	Level image=waterlogo.jpg 	25
431.6939 	DATA 	Keypress: o
431.7144 	Level injecting via pump at address 0 	25
437.6968 	DATA 	Keypress: o
437.6981 	DATA 	Keypress: o
437.6993 	DATA 	Keypress: o
437.7313 	Level WAIT 	25
438.6986 	Level RINSE 	25
440.6963 	DATA 	Keypress: o
440.7149 	Level jitter 	25
443.6910 	Level finished 	25
443.6922 	DATA 	Keypress: o
443.6932 	DATA 	Keypress: o
443.7152 	Level image=waterlogo.jpg 	25
444.6985 	Level injecting via pump at address 0 	25
450.6962 	DATA 	Keypress: o
450.6975 	DATA 	Keypress: o
450.6987 	DATA 	Keypress: o
450.7160 	Level WAIT 	25
451.6934 	DATA 	Keypress: o
451.7156 	Level RINSE 	25
453.6959 	DATA 	Keypress: o
453.7157 	Level jitter 	25
458.6910 	Level finished 	25
458.6924 	DATA 	Keypress: o
458.6934 	DATA 	Keypress: o
458.7162 	Level image=tasty.jpg 	25
459.6936 	DATA 	Keypress: o
459.7163 	Level injecting via pump at address 1 	25
465.6955 	DATA 	Keypress: o
465.6965 	DATA 	Keypress: o
465.6975 	DATA 	Keypress: o
465.7169 	Level WAIT 	25
466.7000 	Level RINSE 	25
468.6970 	DATA 	Keypress: o
468.7168 	Level jitter 	25
470.6910 	Level finished 	25
470.6923 	DATA 	Keypress: o
470.7170 	Level image=tasty.jpg 	25
471.6935 	DATA 	Keypress: o
471.7171 	Level injecting via pump at address 1 	25
477.6963 	DATA 	Keypress: o
477.6976 	DATA 	Keypress: o
477.6988 	DATA 	Keypress: o
477.7178 	Level WAIT 	25
478.7008 	Level RINSE 	25
480.6962 	DATA 	Keypress: o
480.7176 	Level jitter 	25
487.6910 	Level finished 	25
487.6923 	DATA 	Keypress: o
487.6933 	DATA 	Keypress: o
487.6945 	DATA 	Keypress: o
487.6957 	DATA 	Keypress: o
487.7187 	Level image=waterlogo.jpg 	25
488.7016 	Level injecting via pump at address 0 	25
494.6955 	DATA 	Keypress: o
494.6966 	DATA 	Keypress: o
494.6978 	DATA 	Keypress: o
494.7019 	Level WAIT 	25
495.6934 	DATA 	Keypress: o
495.7186 	Level RINSE 	25
497.6960 	DATA 	Keypress: o
497.7026 	Level jitter 	25
500.6910 	Level finished 	25
500.6923 	DATA 	Keypress: o
500.7023 	Level image=tasty.jpg 	25
501.6934 	DATA 	Keypress: o
501.7024 	Level injecting via pump at address 1 	25
507.6968 	DATA 	Keypress: o
507.6982 	DATA 	Keypress: o
507.6993 	DATA 	Keypress: o
507.7198 	Level WAIT 	25
508.7197 	Level RINSE 	25
510.6960 	DATA 	Keypress: o
510.7030 	Level jitter 	25
512.6910 	Level finished 	25
512.6924 	DATA 	Keypress: o
512.7198 	Level image=waterlogo.jpg 	25
513.6933 	DATA 	Keypress: o
513.7034 	Level injecting via pump at address 0 	25
519.6961 	DATA 	Keypress: o
519.6971 	DATA 	Keypress: o
519.6981 	DATA 	Keypress: o
519.7040 	Level WAIT 	25
520.7037 	Level RINSE 	25
522.6955 	DATA 	Keypress: o
522.7038 	Level jitter 	25
530.6910 	Level finished 	25
530.6923 	DATA 	Keypress: o
530.6933 	DATA 	Keypress: o
530.6943 	DATA 	Keypress: o
530.6952 	DATA 	Keypress: o
530.7216 	Level image=tasty.jpg 	25
531.6937 	DATA 	Keypress: o
531.7213 	Level injecting via pump at address 1 	25
537.6955 	DATA 	Keypress: o
537.6965 	DATA 	Keypress: o
537.6976 	DATA 	Keypress: o
537.7214 	Level WAIT 	25
538.7049 	Level RINSE 	25
540.6983 	DATA 	Keypress: o
540.7222 	Level jitter 	25
542.6910 	Level finished 	25
542.6923 	DATA 	Keypress: o
542.7219 	Level image=waterlogo.jpg 	25
543.6940 	DATA 	Keypress: o
543.7221 	Level injecting via pump at address 0 	25
549.6962 	DATA 	Keypress: o
549.6973 	DATA 	Keypress: o
549.6985 	DATA 	Keypress: o
549.7223 	Level WAIT 	25
550.7062 	Level RINSE 	25
552.6963 	DATA 	Keypress: o
552.7225 	Level jitter 	25
559.6910 	Level finished 	25
