129.1354 	DATA 	Keypress: o
129.1363 	Level start key press 	25
131.1369 	DATA 	Keypress: o
133.1424 	DATA 	Keypress: o
135.1463 	DATA 	Keypress: o
137.1434 	DATA 	Keypress: o
137.8413 	Level image=waterlogo.jpg 	25
138.7742 	Level injecting via pump at address 0 	25
144.7641 	DATA 	Keypress: o
144.7652 	DATA 	Keypress: o
144.7664 	DATA 	Keypress: o
144.7787 	Level WAIT 	25
145.7614 	DATA 	Keypress: o
145.7736 	Level RINSE 	25
147.7726 	DATA 	Keypress: o
147.7803 	Level jitter 	25
153.7583 	Level finished 	25
153.7598 	DATA 	Keypress: o
153.7611 	DATA 	Keypress: o
153.7622 	DATA 	Keypress: o
153.7817 	Level image=tasty.jpg 	25
154.7744 	Level injecting via pump at address 1 	25
160.7634 	DATA 	Keypress: o
160.7644 	DATA 	Keypress: o
160.7653 	DATA 	Keypress: o
160.7749 	Level WAIT 	25
161.7612 	DATA 	Keypress: o
161.7892 	Level RINSE 	25
163.7640 	DATA 	Keypress: o
163.7764 	Level jitter 	25
169.7583 	Level finished 	25
169.7602 	DATA 	Keypress: o
169.7617 	DATA 	Keypress: o
169.7628 	DATA 	Keypress: o
169.7808 	Level image=tasty.jpg 	25
170.7753 	Level injecting via pump at address 1 	25
176.7638 	DATA 	Keypress: o
176.7648 	DATA 	Keypress: o
176.7658 	DATA 	Keypress: o
176.7777 	Level WAIT 	25
177.7621 	DATA 	Keypress: o
177.7881 	Level RINSE 	25
179.7642 	DATA 	Keypress: o
179.7764 	Level jitter 	25
181.7583 	Level finished 	25
181.7597 	DATA 	Keypress: o
181.7764 	Level image=waterlogo.jpg 	25
182.7770 	Level injecting via pump at address 0 	25
188.7651 	DATA 	Keypress: o
188.7666 	DATA 	Keypress: o
188.7678 	DATA 	Keypress: o
188.7771 	Level WAIT 	25
189.7611 	DATA 	Keypress: o
189.7750 	Level RINSE 	25
191.7639 	DATA 	Keypress: o
191.7773 	Level jitter 	25
197.7583 	Level finished 	25
197.7598 	DATA 	Keypress: o
197.7613 	DATA 	Keypress: o
197.7625 	DATA 	Keypress: o
197.7774 	Level image=tasty.jpg 	25
198.7779 	Level injecting via pump at address 1 	25
204.7642 	DATA 	Keypress: o
204.7655 	DATA 	Keypress: o
204.7667 	DATA 	Keypress: o
204.7789 	Level WAIT 	25
205.7610 	DATA 	Keypress: o
205.7740 	Level RINSE 	25
207.7633 	DATA 	Keypress: o
207.7802 	Level jitter 	25
212.7583 	Level finished 	25
212.7597 	DATA 	Keypress: o
212.7611 	DATA 	Keypress: o
212.7715 	Level image=waterlogo.jpg 	25
213.7610 	DATA 	Keypress: o
213.7818 	Level injecting via pump at address 0 	25
219.7645 	DATA 	Keypress: o
219.7659 	DATA 	Keypress: o
219.7671 	DATA 	Keypress: o
219.7790 	Level WAIT 	25
220.7791 	Level RINSE 	25
222.7643 	DATA 	Keypress: o
222.7689 	Level jitter 	25
227.7583 	Level finished 	25
227.7596 	DATA 	Keypress: o
227.7609 	DATA 	Keypress: o
227.7623 	DATA 	Keypress: o
227.7911 	Level image=tasty.jpg 	25
228.7693 	Level injecting via pump at address 1 	25
234.7639 	DATA 	Keypress: o
234.7652 	DATA 	Keypress: o
234.7664 	DATA 	Keypress: o
234.7715 	Level WAIT 	25
235.7613 	DATA 	Keypress: o
235.7657 	Level RINSE 	25
237.7640 	DATA 	Keypress: o
237.7719 	Level jitter 	25
243.7583 	Level finished 	25
243.7598 	DATA 	Keypress: o
243.7610 	DATA 	Keypress: o
243.7620 	DATA 	Keypress: o
243.7734 	Level image=waterlogo.jpg 	25
244.7690 	Level injecting via pump at address 0 	25
250.7643 	DATA 	Keypress: o
250.7657 	DATA 	Keypress: o
250.7669 	DATA 	Keypress: o
250.7702 	Level WAIT 	25
251.7612 	DATA 	Keypress: o
251.7817 	Level RINSE 	25
253.7639 	DATA 	Keypress: o
253.7720 	Level jitter 	25
256.7583 	Level finished 	25
256.7596 	DATA 	Keypress: o
256.7726 	Level image=tasty.jpg 	25
257.7612 	DATA 	Keypress: o
257.7657 	Level injecting via pump at address 1 	25
263.7643 	DATA 	Keypress: o
263.7656 	DATA 	Keypress: o
263.7667 	DATA 	Keypress: o
263.7856 	Level WAIT 	25
264.7804 	Level RINSE 	25
266.7638 	DATA 	Keypress: o
266.7698 	Level jitter 	25
274.7583 	Level finished 	25
274.7596 	DATA 	Keypress: o
274.7610 	DATA 	Keypress: o
274.7620 	DATA 	Keypress: o
274.7629 	DATA 	Keypress: o
274.7934 	Level image=waterlogo.jpg 	25
275.7613 	DATA 	Keypress: o
275.7717 	Level injecting via pump at address 0 	25
281.7640 	DATA 	Keypress: o
281.7650 	DATA 	Keypress: o
281.7663 	DATA 	Keypress: o
281.7736 	Level WAIT 	25
282.7854 	Level RINSE 	25
284.7641 	DATA 	Keypress: o
284.7741 	Level jitter 	25
286.7583 	Level finished 	25
286.7597 	DATA 	Keypress: o
286.7802 	Level image=tasty.jpg 	25
287.7612 	DATA 	Keypress: o
287.7671 	Level injecting via pump at address 1 	25
293.7647 	DATA 	Keypress: o
293.7662 	DATA 	Keypress: o
293.7678 	DATA 	Keypress: o
293.7777 	Level WAIT 	25
294.7714 	Level RINSE 	25
296.7643 	DATA 	Keypress: o
296.7772 	Level jitter 	25
305.7583 	Level finished 	25
305.7597 	DATA 	Keypress: o
305.7610 	DATA 	Keypress: o
305.7622 	DATA 	Keypress: o
305.7635 	DATA 	Keypress: o
305.7648 	DATA 	Keypress: o
305.7804 	Level image=waterlogo.jpg 	25
306.7685 	Level injecting via pump at address 0 	25
312.7648 	DATA 	Keypress: o
312.7666 	DATA 	Keypress: o
312.7680 	DATA 	Keypress: o
312.7763 	Level WAIT 	25
313.7613 	DATA 	Keypress: o
313.7694 	Level RINSE 	25
315.7642 	DATA 	Keypress: o
315.7777 	Level jitter 	25
317.7583 	Level finished 	25
317.7595 	DATA 	Keypress: o
317.7668 	Level image=tasty.jpg 	25
318.7791 	Level injecting via pump at address 1 	25
324.7639 	DATA 	Keypress: o
324.7653 	DATA 	Keypress: o
324.7666 	DATA 	Keypress: o
324.7796 	Level WAIT 	25
325.7614 	DATA 	Keypress: o
325.7708 	Level RINSE 	25
327.7642 	DATA 	Keypress: o
327.7817 	Level jitter 	25
330.7583 	Level finished 	25
330.7598 	DATA 	Keypress: o
330.7824 	Level image=waterlogo.jpg 	25
331.7610 	DATA 	Keypress: o
331.7763 	Level injecting via pump at address 0 	25
337.7643 	DATA 	Keypress: o
337.7654 	DATA 	Keypress: o
337.7664 	DATA 	Keypress: o
337.7788 	Level WAIT 	25
338.7733 	Level RINSE 	25
340.7641 	DATA 	Keypress: o
340.7793 	Level jitter 	25
344.7583 	Level finished 	25
344.7598 	DATA 	Keypress: o
344.7613 	DATA 	Keypress: o
344.7744 	Level image=tasty.jpg 	25
345.7613 	DATA 	Keypress: o
345.7693 	Level injecting via pump at address 1 	25
351.7634 	DATA 	Keypress: o
351.7645 	DATA 	Keypress: o
351.7655 	DATA 	Keypress: o
351.7884 	Level WAIT 	25
352.7663 	Level RINSE 	25
354.7632 	DATA 	Keypress: o
354.7723 	Level jitter 	25
355.7583 	Level finished 	25
355.7595 	DATA 	Keypress: o
355.7833 	Level image=waterlogo.jpg 	25
356.7724 	Level injecting via pump at address 0 	25
362.7649 	DATA 	Keypress: o
362.7662 	DATA 	Keypress: o
362.7677 	DATA 	Keypress: o
362.7804 	Level WAIT 	25
363.7612 	DATA 	Keypress: o
363.7723 	Level RINSE 	25
365.7643 	DATA 	Keypress: o
365.7724 	Level jitter 	25
368.7583 	Level finished 	25
368.7597 	DATA 	Keypress: o
368.7821 	Level image=tasty.jpg 	25
369.7612 	DATA 	Keypress: o
369.7734 	Level injecting via pump at address 1 	25
375.7638 	DATA 	Keypress: o
375.7651 	DATA 	Keypress: o
375.7663 	DATA 	Keypress: o
375.7780 	Level WAIT 	25
376.7897 	Level RINSE 	25
378.7631 	DATA 	Keypress: o
378.7737 	Level jitter 	25
386.7583 	Level finished 	25
386.7599 	DATA 	Keypress: o
386.7611 	DATA 	Keypress: o
386.7621 	DATA 	Keypress: o
386.7630 	DATA 	Keypress: o
386.7876 	Level image=tasty.jpg 	25
387.7612 	DATA 	Keypress: o
387.7811 	Level injecting via pump at address 1 	25
393.7640 	DATA 	Keypress: o
393.7654 	DATA 	Keypress: o
393.7666 	DATA 	Keypress: o
393.7746 	Level WAIT 	25
394.7743 	Level RINSE 	25
396.7641 	DATA 	Keypress: o
396.7842 	Level jitter 	25
400.7583 	Level finished 	25
400.7597 	DATA 	Keypress: o
400.7609 	DATA 	Keypress: o
400.7792 	Level image=waterlogo.jpg 	25
401.7613 	DATA 	Keypress: o
401.7915 	Level injecting via pump at address 0 	25
407.7645 	DATA 	Keypress: o
407.7657 	DATA 	Keypress: o
407.7667 	DATA 	Keypress: o
407.7933 	Level WAIT 	25
408.7711 	Level RINSE 	25
410.7638 	DATA 	Keypress: o
410.7755 	Level jitter 	25
413.7583 	Level finished 	25
413.7597 	DATA 	Keypress: o
413.7609 	DATA 	Keypress: o
413.7776 	Level image=tasty.jpg 	25
414.7894 	Level injecting via pump at address 1 	25
420.7641 	DATA 	Keypress: o
420.7653 	DATA 	Keypress: o
420.7665 	DATA 	Keypress: o
420.7906 	Level WAIT 	25
421.7612 	DATA 	Keypress: o
421.7690 	Level RINSE 	25
423.7639 	DATA 	Keypress: o
423.7751 	Level jitter 	25
428.7583 	Level finished 	25
428.7599 	DATA 	Keypress: o
428.7612 	DATA 	Keypress: o
428.7822 	Level image=waterlogo.jpg 	25
429.7614 	DATA 	Keypress: o
429.7771 	Level injecting via pump at address 0 	25
435.7639 	DATA 	Keypress: o
435.7652 	DATA 	Keypress: o
435.7663 	DATA 	Keypress: o
435.7785 	Level WAIT 	25
436.7729 	Level RINSE 	25
438.7645 	DATA 	Keypress: o
438.7796 	Level jitter 	25
443.7583 	Level finished 	25
443.7599 	DATA 	Keypress: o
443.7614 	DATA 	Keypress: o
443.7624 	DATA 	Keypress: o
443.7701 	Level image=waterlogo.jpg 	25
444.7641 	Level injecting via pump at address 0 	25
450.7642 	DATA 	Keypress: o
450.7655 	DATA 	Keypress: o
450.7667 	DATA 	Keypress: o
450.7798 	Level WAIT 	25
451.7614 	DATA 	Keypress: o
451.7777 	Level RINSE 	25
453.7641 	DATA 	Keypress: o
453.7672 	Level jitter 	25
462.7583 	Level finished 	25
462.7596 	DATA 	Keypress: o
462.7606 	DATA 	Keypress: o
462.7615 	DATA 	Keypress: o
462.7626 	DATA 	Keypress: o
462.7867 	Level image=tasty.jpg 	25
463.7612 	DATA 	Keypress: o
463.7643 	Level injecting via pump at address 1 	25
469.7643 	DATA 	Keypress: o
469.7656 	DATA 	Keypress: o
469.7668 	DATA 	Keypress: o
469.7800 	Level WAIT 	25
470.7776 	Level RINSE 	25
472.7644 	DATA 	Keypress: o
472.7807 	Level jitter 	25
474.7583 	Level finished 	25
474.7598 	DATA 	Keypress: o
474.7731 	Level image=waterlogo.jpg 	25
475.7614 	DATA 	Keypress: o
475.7680 	Level injecting via pump at address 0 	25
481.7645 	DATA 	Keypress: o
481.7658 	DATA 	Keypress: o
481.7668 	DATA 	Keypress: o
481.7804 	Level WAIT 	25
482.7646 	Level RINSE 	25
484.7642 	DATA 	Keypress: o
484.7696 	Level jitter 	25
487.7583 	Level finished 	25
487.7598 	DATA 	Keypress: o
487.7611 	DATA 	Keypress: o
487.7881 	Level image=waterlogo.jpg 	25
488.7663 	Level injecting via pump at address 0 	25
494.7640 	DATA 	Keypress: o
494.7655 	DATA 	Keypress: o
494.7666 	DATA 	Keypress: o
494.7816 	Level WAIT 	25
495.7618 	DATA 	Keypress: o
495.7783 	Level RINSE 	25
497.7636 	DATA 	Keypress: o
497.7689 	Level jitter 	25
502.7583 	Level finished 	25
502.7599 	DATA 	Keypress: o
502.7612 	DATA 	Keypress: o
502.7914 	Level image=tasty.jpg 	25
503.7610 	DATA 	Keypress: o
503.7703 	Level injecting via pump at address 1 	25
509.7638 	DATA 	Keypress: o
509.7651 	DATA 	Keypress: o
509.7664 	DATA 	Keypress: o
509.7724 	Level WAIT 	25
510.7835 	Level RINSE 	25
512.7643 	DATA 	Keypress: o
512.7722 	Level jitter 	25
514.7583 	Level finished 	25
514.7596 	DATA 	Keypress: o
514.7791 	Level image=tasty.jpg 	25
515.7611 	DATA 	Keypress: o
515.7734 	Level injecting via pump at address 1 	25
521.7640 	DATA 	Keypress: o
521.7656 	DATA 	Keypress: o
521.7668 	DATA 	Keypress: o
521.7751 	Level WAIT 	25
522.7673 	Level RINSE 	25
524.7631 	DATA 	Keypress: o
524.7763 	Level jitter 	25
531.7583 	Level finished 	25
531.7599 	DATA 	Keypress: o
531.7613 	DATA 	Keypress: o
531.7626 	DATA 	Keypress: o
531.7637 	DATA 	Keypress: o
531.7735 	Level image=waterlogo.jpg 	25
532.7834 	Level injecting via pump at address 0 	25
538.7636 	DATA 	Keypress: o
538.7648 	DATA 	Keypress: o
538.7657 	DATA 	Keypress: o
538.7854 	Level WAIT 	25
539.7611 	DATA 	Keypress: o
539.7797 	Level RINSE 	25
541.7639 	DATA 	Keypress: o
541.7690 	Level jitter 	25
544.7583 	Level finished 	25
544.7598 	DATA 	Keypress: o
544.7705 	Level image=tasty.jpg 	25
545.7610 	DATA 	Keypress: o
545.7815 	Level injecting via pump at address 1 	25
551.7643 	DATA 	Keypress: o
551.7658 	DATA 	Keypress: o
551.7671 	DATA 	Keypress: o
551.7841 	Level WAIT 	25
552.7783 	Level RINSE 	25
554.7639 	DATA 	Keypress: o
554.7672 	Level jitter 	25
556.7583 	Level finished 	25
556.7597 	DATA 	Keypress: o
556.7744 	Level image=waterlogo.jpg 	25
557.7612 	DATA 	Keypress: o
557.7850 	Level injecting via pump at address 0 	25
563.7644 	DATA 	Keypress: o
563.7658 	DATA 	Keypress: o
563.7670 	DATA 	Keypress: o
563.7876 	Level WAIT 	25
564.7652 	Level RINSE 	25
566.7634 	DATA 	Keypress: o
566.7876 	Level jitter 	25
574.7583 	Level finished 	25
574.7598 	DATA 	Keypress: o
574.7612 	DATA 	Keypress: o
574.7627 	DATA 	Keypress: o
574.7641 	DATA 	Keypress: o
574.7797 	Level image=tasty.jpg 	25
575.7614 	DATA 	Keypress: o
575.7736 	Level injecting via pump at address 1 	25
581.7643 	DATA 	Keypress: o
581.7655 	DATA 	Keypress: o
581.7667 	DATA 	Keypress: o
581.7754 	Level WAIT 	25
582.7698 	Level RINSE 	25
584.7649 	DATA 	Keypress: o
584.7717 	Level jitter 	25
586.7583 	Level finished 	25
586.7597 	DATA 	Keypress: o
586.7710 	Level image=waterlogo.jpg 	25
587.7611 	DATA 	Keypress: o
587.7711 	Level injecting via pump at address 0 	25
593.7642 	DATA 	Keypress: o
593.7654 	DATA 	Keypress: o
593.7667 	DATA 	Keypress: o
593.7783 	Level WAIT 	25
594.7741 	Level RINSE 	25
596.7637 	DATA 	Keypress: o
596.7793 	Level jitter 	25
603.7583 	Level finished 	25
