101.7746 	DATA 	Keypress: o
101.7756 	Level start key press 	25
103.7770 	DATA 	Keypress: o
105.7771 	DATA 	Keypress: o
107.7939 	DATA 	Keypress: o
109.7775 	DATA 	Keypress: o
110.1918 	Level image=waterlogo.jpg 	25
111.0919 	Level injecting via pump at address 0 	25
117.0802 	DATA 	Keypress: o
117.0812 	DATA 	Keypress: o
117.0821 	DATA 	Keypress: o
117.1093 	Level WAIT 	25
118.0780 	DATA 	Keypress: o
118.0925 	Level RINSE 	25
120.0884 	DATA 	Keypress: o
120.1092 	Level jitter 	25
126.0751 	Level finished 	25
126.0765 	DATA 	Keypress: o
126.0777 	DATA 	Keypress: o
126.0789 	DATA 	Keypress: o
126.1096 	Level image=tasty.jpg 	25
127.0934 	Level injecting via pump at address 1 	25
133.0803 	DATA 	Keypress: o
133.0815 	DATA 	Keypress: o
133.0828 	DATA 	Keypress: o
133.0934 	Level WAIT 	25
134.0779 	DATA 	Keypress: o
134.0936 	Level RINSE 	25
136.0795 	DATA 	Keypress: o
136.0936 	Level jitter 	25
142.0751 	Level finished 	25
142.0763 	DATA 	Keypress: o
142.0772 	DATA 	Keypress: o
142.0781 	DATA 	Keypress: o
142.1111 	Level image=tasty.jpg 	25
143.0941 	Level injecting via pump at address 1 	25
149.0802 	DATA 	Keypress: o
149.0814 	DATA 	Keypress: o
149.0826 	DATA 	Keypress: o
149.0945 	Level WAIT 	25
150.0779 	DATA 	Keypress: o
150.0946 	Level RINSE 	25
152.0802 	DATA 	Keypress: o
152.0950 	Level jitter 	25
154.0751 	Level finished 	25
154.0764 	DATA 	Keypress: o
154.1116 	Level image=waterlogo.jpg 	25
155.0949 	Level injecting via pump at address 0 	25
161.0805 	DATA 	Keypress: o
161.0816 	DATA 	Keypress: o
161.0825 	DATA 	Keypress: o
161.0953 	Level WAIT 	25
162.0775 	DATA 	Keypress: o
162.0959 	Level RINSE 	25
164.0805 	DATA 	Keypress: o
164.0956 	Level jitter 	25
170.0751 	Level finished 	25
170.0765 	DATA 	Keypress: o
170.0776 	DATA 	Keypress: o
170.0785 	DATA 	Keypress: o
170.1126 	Level image=tasty.jpg 	25
171.0960 	Level injecting via pump at address 1 	25
177.0799 	DATA 	Keypress: o
177.0810 	DATA 	Keypress: o
177.0820 	DATA 	Keypress: o
177.0969 	Level WAIT 	25
178.0779 	DATA 	Keypress: o
178.0966 	Level RINSE 	25
180.0796 	DATA 	Keypress: o
180.0966 	Level jitter 	25
185.0751 	Level finished 	25
185.0764 	DATA 	Keypress: o
185.0775 	DATA 	Keypress: o
185.0970 	Level image=waterlogo.jpg 	25
186.0775 	DATA 	Keypress: o
186.0805 	Level injecting via pump at address 0 	25
192.0798 	DATA 	Keypress: o
192.0808 	DATA 	Keypress: o
192.0818 	DATA 	Keypress: o
192.0979 	Level WAIT 	25
193.0976 	Level RINSE 	25
195.0810 	DATA 	Keypress: o
195.1144 	Level jitter 	25
200.0751 	Level finished 	25
200.0766 	DATA 	Keypress: o
200.0777 	DATA 	Keypress: o
200.0788 	DATA 	Keypress: o
200.0980 	Level image=tasty.jpg 	25
201.0981 	Level injecting via pump at address 1 	25
207.0805 	DATA 	Keypress: o
207.0816 	DATA 	Keypress: o
207.0826 	DATA 	Keypress: o
207.0989 	Level WAIT 	25
208.0775 	DATA 	Keypress: o
208.0819 	Level RINSE 	25
210.0801 	DATA 	Keypress: o
210.0987 	Level jitter 	25
216.0751 	Level finished 	25
216.0765 	DATA 	Keypress: o
216.0777 	DATA 	Keypress: o
216.0789 	DATA 	Keypress: o
216.0991 	Level image=waterlogo.jpg 	25
217.0830 	Level injecting via pump at address 0 	25
223.0804 	DATA 	Keypress: o
223.0817 	DATA 	Keypress: o
223.0828 	DATA 	Keypress: o
223.1163 	Level WAIT 	25
224.0775 	DATA 	Keypress: o
224.0830 	Level RINSE 	25
226.0804 	DATA 	Keypress: o
226.0998 	Level jitter 	25
229.0751 	Level finished 	25
229.0762 	DATA 	Keypress: o
229.1004 	Level image=tasty.jpg 	25
230.0775 	DATA 	Keypress: o
230.0835 	Level injecting via pump at address 1 	25
236.0800 	DATA 	Keypress: o
236.0812 	DATA 	Keypress: o
236.0823 	DATA 	Keypress: o
236.1006 	Level WAIT 	25
237.1006 	Level RINSE 	25
239.0801 	DATA 	Keypress: o
239.0844 	Level jitter 	25
247.0751 	Level finished 	25
247.0765 	DATA 	Keypress: o
247.0777 	DATA 	Keypress: o
247.0789 	DATA 	Keypress: o
247.0801 	DATA 	Keypress: o
247.1013 	Level image=waterlogo.jpg 	25
248.0776 	DATA 	Keypress: o
248.1015 	Level injecting via pump at address 0 	25
254.0806 	DATA 	Keypress: o
254.0818 	DATA 	Keypress: o
254.0830 	DATA 	Keypress: o
254.1021 	Level WAIT 	25
255.0851 	Level RINSE 	25
257.0795 	DATA 	Keypress: o
257.1019 	Level jitter 	25
259.0751 	Level finished 	25
259.0764 	DATA 	Keypress: o
259.1021 	Level image=tasty.jpg 	25
260.0778 	DATA 	Keypress: o
260.1022 	Level injecting via pump at address 1 	25
266.0802 	DATA 	Keypress: o
266.0812 	DATA 	Keypress: o
266.0822 	DATA 	Keypress: o
266.1029 	Level WAIT 	25
267.0860 	Level RINSE 	25
269.0805 	DATA 	Keypress: o
269.1028 	Level jitter 	25
278.0751 	Level finished 	25
278.0763 	DATA 	Keypress: o
278.0773 	DATA 	Keypress: o
278.0782 	DATA 	Keypress: o
278.0792 	DATA 	Keypress: o
278.0801 	DATA 	Keypress: o
278.1039 	Level image=waterlogo.jpg 	25
279.1036 	Level injecting via pump at address 0 	25
285.0796 	DATA 	Keypress: o
285.0806 	DATA 	Keypress: o
285.0816 	DATA 	Keypress: o
285.1038 	Level WAIT 	25
286.0775 	DATA 	Keypress: o
286.0873 	Level RINSE 	25
288.0801 	DATA 	Keypress: o
288.1044 	Level jitter 	25
290.0751 	Level finished 	25
290.0764 	DATA 	Keypress: o
290.1043 	Level image=tasty.jpg 	25
291.1044 	Level injecting via pump at address 1 	25
297.0805 	DATA 	Keypress: o
297.0816 	DATA 	Keypress: o
297.0826 	DATA 	Keypress: o
297.1047 	Level WAIT 	25
298.0775 	DATA 	Keypress: o
298.1052 	Level RINSE 	25
300.0801 	DATA 	Keypress: o
300.1048 	Level jitter 	25
303.0751 	Level finished 	25
303.0764 	DATA 	Keypress: o
303.1051 	Level image=waterlogo.jpg 	25
304.0779 	DATA 	Keypress: o
304.1052 	Level injecting via pump at address 0 	25
310.0799 	DATA 	Keypress: o
310.0809 	DATA 	Keypress: o
310.0818 	DATA 	Keypress: o
310.1059 	Level WAIT 	25
311.0890 	Level RINSE 	25
313.0801 	DATA 	Keypress: o
313.1058 	Level jitter 	25
317.0751 	Level finished 	25
317.0763 	DATA 	Keypress: o
317.0773 	DATA 	Keypress: o
317.0895 	Level image=tasty.jpg 	25
318.0775 	DATA 	Keypress: o
318.0896 	Level injecting via pump at address 1 	25
324.0797 	DATA 	Keypress: o
324.0809 	DATA 	Keypress: o
324.0821 	DATA 	Keypress: o
324.0903 	Level WAIT 	25
325.0900 	Level RINSE 	25
327.0798 	DATA 	Keypress: o
327.0901 	Level jitter 	25
328.0751 	Level finished 	25
328.0763 	DATA 	Keypress: o
328.1069 	Level image=waterlogo.jpg 	25
329.1069 	Level injecting via pump at address 0 	25
335.0804 	DATA 	Keypress: o
335.0818 	DATA 	Keypress: o
335.0830 	DATA 	Keypress: o
335.1078 	Level WAIT 	25
336.0775 	DATA 	Keypress: o
336.0907 	Level RINSE 	25
338.0805 	DATA 	Keypress: o
338.1075 	Level jitter 	25
341.0751 	Level finished 	25
341.0763 	DATA 	Keypress: o
341.1077 	Level image=tasty.jpg 	25
342.0779 	DATA 	Keypress: o
342.0912 	Level injecting via pump at address 1 	25
348.0797 	DATA 	Keypress: o
348.0807 	DATA 	Keypress: o
348.0819 	DATA 	Keypress: o
348.1087 	Level WAIT 	25
349.0917 	Level RINSE 	25
351.0801 	DATA 	Keypress: o
351.1085 	Level jitter 	25
359.0751 	Level finished 	25
359.0763 	DATA 	Keypress: o
359.0773 	DATA 	Keypress: o
359.0783 	DATA 	Keypress: o
359.0793 	DATA 	Keypress: o
359.1094 	Level image=tasty.jpg 	25
360.0779 	DATA 	Keypress: o
360.1091 	Level injecting via pump at address 1 	25
366.0797 	DATA 	Keypress: o
366.0809 	DATA 	Keypress: o
366.0820 	DATA 	Keypress: o
366.1095 	Level WAIT 	25
367.0928 	Level RINSE 	25
369.0798 	DATA 	Keypress: o
369.1100 	Level jitter 	25
373.0751 	Level finished 	25
373.0765 	DATA 	Keypress: o
373.0775 	DATA 	Keypress: o
373.0933 	Level image=waterlogo.jpg 	25
374.0776 	DATA 	Keypress: o
374.0935 	Level injecting via pump at address 0 	25
380.0807 	DATA 	Keypress: o
380.0817 	DATA 	Keypress: o
380.0827 	DATA 	Keypress: o
380.0941 	Level WAIT 	25
381.0938 	Level RINSE 	25
383.0799 	DATA 	Keypress: o
383.0939 	Level jitter 	25
386.0751 	Level finished 	25
386.0763 	DATA 	Keypress: o
386.0772 	DATA 	Keypress: o
386.0942 	Level image=tasty.jpg 	25
387.0943 	Level injecting via pump at address 1 	25
393.0801 	DATA 	Keypress: o
393.0815 	DATA 	Keypress: o
393.0826 	DATA 	Keypress: o
393.0950 	Level WAIT 	25
394.0779 	DATA 	Keypress: o
394.0948 	Level RINSE 	25
396.0802 	DATA 	Keypress: o
396.0948 	Level jitter 	25
401.0751 	Level finished 	25
401.0763 	DATA 	Keypress: o
401.0773 	DATA 	Keypress: o
401.1119 	Level image=waterlogo.jpg 	25
402.0779 	DATA 	Keypress: o
402.0954 	Level injecting via pump at address 0 	25
408.0798 	DATA 	Keypress: o
408.0807 	DATA 	Keypress: o
408.0817 	DATA 	Keypress: o
408.0961 	Level WAIT 	25
409.0958 	Level RINSE 	25
411.0799 	DATA 	Keypress: o
411.0959 	Level jitter 	25
416.0751 	Level finished 	25
416.0765 	DATA 	Keypress: o
416.0777 	DATA 	Keypress: o
416.0788 	DATA 	Keypress: o
416.1129 	Level image=waterlogo.jpg 	25
417.0797 	Level injecting via pump at address 0 	25
423.0806 	DATA 	Keypress: o
423.0819 	DATA 	Keypress: o
423.0831 	DATA 	Keypress: o
423.0971 	Level WAIT 	25
424.0780 	DATA 	Keypress: o
424.0968 	Level RINSE 	25
426.0805 	DATA 	Keypress: o
426.1136 	Level jitter 	25
435.0751 	Level finished 	25
435.0767 	DATA 	Keypress: o
435.0780 	DATA 	Keypress: o
435.0791 	DATA 	Keypress: o
435.0804 	DATA 	Keypress: o
435.1147 	Level image=tasty.jpg 	25
436.0776 	DATA 	Keypress: o
436.0977 	Level injecting via pump at address 1 	25
442.0807 	DATA 	Keypress: o
442.0820 	DATA 	Keypress: o
442.0832 	DATA 	Keypress: o
442.0980 	Level WAIT 	25
443.0981 	Level RINSE 	25
445.0805 	DATA 	Keypress: o
445.0987 	Level jitter 	25
447.0751 	Level finished 	25
447.0762 	DATA 	Keypress: o
447.0985 	Level image=waterlogo.jpg 	25
448.0778 	DATA 	Keypress: o
448.0818 	Level injecting via pump at address 0 	25
454.0799 	DATA 	Keypress: o
454.0809 	DATA 	Keypress: o
454.0818 	DATA 	Keypress: o
454.1155 	Level WAIT 	25
455.0993 	Level RINSE 	25
457.0801 	DATA 	Keypress: o
457.0991 	Level jitter 	25
460.0751 	Level finished 	25
460.0765 	DATA 	Keypress: o
460.0775 	DATA 	Keypress: o
460.0994 	Level image=waterlogo.jpg 	25
461.0827 	Level injecting via pump at address 0 	25
467.0803 	DATA 	Keypress: o
467.0815 	DATA 	Keypress: o
467.0827 	DATA 	Keypress: o
467.1002 	Level WAIT 	25
468.0779 	DATA 	Keypress: o
468.0998 	Level RINSE 	25
470.0802 	DATA 	Keypress: o
470.0833 	Level jitter 	25
475.0751 	Level finished 	25
475.0765 	DATA 	Keypress: o
475.0775 	DATA 	Keypress: o
475.1004 	Level image=tasty.jpg 	25
476.0779 	DATA 	Keypress: o
476.0837 	Level injecting via pump at address 1 	25
482.0802 	DATA 	Keypress: o
482.0813 	DATA 	Keypress: o
482.0825 	DATA 	Keypress: o
482.1012 	Level WAIT 	25
483.0842 	Level RINSE 	25
485.0804 	DATA 	Keypress: o
485.1010 	Level jitter 	25
487.0751 	Level finished 	25
487.0762 	DATA 	Keypress: o
487.1012 	Level image=tasty.jpg 	25
488.0779 	DATA 	Keypress: o
488.1013 	Level injecting via pump at address 1 	25
494.0797 	DATA 	Keypress: o
494.0808 	DATA 	Keypress: o
494.0819 	DATA 	Keypress: o
494.1020 	Level WAIT 	25
495.0850 	Level RINSE 	25
497.0796 	DATA 	Keypress: o
497.1018 	Level jitter 	25
504.0751 	Level finished 	25
504.0763 	DATA 	Keypress: o
504.0772 	DATA 	Keypress: o
504.0782 	DATA 	Keypress: o
504.0791 	DATA 	Keypress: o
504.1028 	Level image=waterlogo.jpg 	25
505.0858 	Level injecting via pump at address 0 	25
511.0797 	DATA 	Keypress: o
511.0807 	DATA 	Keypress: o
511.0816 	DATA 	Keypress: o
511.1028 	Level WAIT 	25
512.0776 	DATA 	Keypress: o
512.1029 	Level RINSE 	25
514.0796 	DATA 	Keypress: o
514.0868 	Level jitter 	25
517.0751 	Level finished 	25
517.0762 	DATA 	Keypress: o
517.0866 	Level image=tasty.jpg 	25
518.0775 	DATA 	Keypress: o
518.0867 	Level injecting via pump at address 1 	25
524.0806 	DATA 	Keypress: o
524.0816 	DATA 	Keypress: o
524.0825 	DATA 	Keypress: o
524.1041 	Level WAIT 	25
525.1038 	Level RINSE 	25
527.0799 	DATA 	Keypress: o
527.1038 	Level jitter 	25
529.0751 	Level finished 	25
529.0764 	DATA 	Keypress: o
529.1040 	Level image=waterlogo.jpg 	25
530.0774 	DATA 	Keypress: o
530.0876 	Level injecting via pump at address 0 	25
536.0806 	DATA 	Keypress: o
536.0818 	DATA 	Keypress: o
536.0828 	DATA 	Keypress: o
536.1049 	Level WAIT 	25
537.0879 	Level RINSE 	25
539.0795 	DATA 	Keypress: o
539.0881 	Level jitter 	25
547.0751 	Level finished 	25
547.0763 	DATA 	Keypress: o
547.0774 	DATA 	Keypress: o
547.0784 	DATA 	Keypress: o
547.0793 	DATA 	Keypress: o
547.1058 	Level image=tasty.jpg 	25
548.0775 	DATA 	Keypress: o
548.0887 	Level injecting via pump at address 1 	25
554.0798 	DATA 	Keypress: o
554.0809 	DATA 	Keypress: o
554.0821 	DATA 	Keypress: o
554.0891 	Level WAIT 	25
555.0892 	Level RINSE 	25
557.0812 	DATA 	Keypress: o
557.1064 	Level jitter 	25
559.0751 	Level finished 	25
559.0766 	DATA 	Keypress: o
559.1061 	Level image=waterlogo.jpg 	25
560.0775 	DATA 	Keypress: o
560.1063 	Level injecting via pump at address 0 	25
566.0797 	DATA 	Keypress: o
566.0807 	DATA 	Keypress: o
566.0817 	DATA 	Keypress: o
566.1066 	Level WAIT 	25
567.0904 	Level RINSE 	25
569.0801 	DATA 	Keypress: o
569.1068 	Level jitter 	25
576.0751 	Level finished 	25
