53.2469 	DATA 	Keypress: o
53.2477 	Level start key press 	25
55.2521 	DATA 	Keypress: o
57.2460 	DATA 	Keypress: o
59.2457 	DATA 	Keypress: o
61.2942 	DATA 	Keypress: o
61.3009 	Level image=waterlogo.jpg 	25
62.2428 	Level injecting via pump at address 0 	25
68.2336 	DATA 	Keypress: o
68.2348 	DATA 	Keypress: o
68.2364 	DATA 	Keypress: o
68.2432 	Level WAIT 	25
69.2418 	Level RINSE 	25
71.2397 	DATA 	Keypress: o
71.2438 	Level jitter 	25
73.2280 	Level finished 	25
73.2294 	DATA 	Keypress: o
73.2376 	Level image=tasty.jpg 	25
74.2309 	DATA 	Keypress: o
74.2439 	Level injecting via pump at address 1 	25
80.2333 	DATA 	Keypress: o
80.2343 	DATA 	Keypress: o
80.2353 	DATA 	Keypress: o
80.2442 	Level WAIT 	25
81.2438 	Level RINSE 	25
83.2338 	DATA 	Keypress: o
83.2436 	Level jitter 	25
85.2281 	Level finished 	25
85.2297 	DATA 	Keypress: o
85.2413 	Level image=tasty.jpg 	25
86.2310 	DATA 	Keypress: o
86.2362 	Level injecting via pump at address 0 	25
92.2326 	DATA 	Keypress: o
92.2337 	DATA 	Keypress: o
92.2347 	DATA 	Keypress: o
92.2382 	Level WAIT 	25
93.2324 	Level RINSE 	25
95.2326 	DATA 	Keypress: o
95.2378 	Level jitter 	25
100.2280 	Level finished 	25
100.2294 	DATA 	Keypress: o
100.2306 	DATA 	Keypress: o
100.2318 	DATA 	Keypress: o
100.2449 	Level image=tasty.jpg 	25
101.2399 	Level injecting via pump at address 1 	25
107.2332 	DATA 	Keypress: o
107.2343 	DATA 	Keypress: o
107.2353 	DATA 	Keypress: o
107.2422 	Level WAIT 	25
108.2306 	DATA 	Keypress: o
108.2369 	Level RINSE 	25
110.2327 	DATA 	Keypress: o
110.2428 	Level jitter 	25
116.2281 	Level finished 	25
116.2294 	DATA 	Keypress: o
116.2304 	DATA 	Keypress: o
116.2314 	DATA 	Keypress: o
116.2439 	Level image=tasty.jpg 	25
117.2393 	Level injecting via pump at address 0 	25
123.2334 	DATA 	Keypress: o
123.2348 	DATA 	Keypress: o
123.2360 	DATA 	Keypress: o
123.2406 	Level WAIT 	25
124.2310 	DATA 	Keypress: o
124.2356 	Level RINSE 	25
126.2332 	DATA 	Keypress: o
126.2419 	Level jitter 	25
128.2280 	Level finished 	25
128.2292 	DATA 	Keypress: o
128.2483 	Level image=waterlogo.jpg 	25
129.2420 	Level injecting via pump at address 0 	25
135.2333 	DATA 	Keypress: o
135.2344 	DATA 	Keypress: o
135.2354 	DATA 	Keypress: o
135.2444 	Level WAIT 	25
136.2306 	DATA 	Keypress: o
136.2390 	Level RINSE 	25
138.2337 	DATA 	Keypress: o
138.2455 	Level jitter 	25
147.2281 	Level finished 	25
147.2295 	DATA 	Keypress: o
147.2307 	DATA 	Keypress: o
147.2319 	DATA 	Keypress: o
147.2331 	DATA 	Keypress: o
147.2478 	Level image=tasty.jpg 	25
148.2304 	DATA 	Keypress: o
148.2432 	Level injecting via pump at address 0 	25
154.2327 	DATA 	Keypress: o
154.2337 	DATA 	Keypress: o
154.2346 	DATA 	Keypress: o
154.2438 	Level WAIT 	25
155.2324 	Level RINSE 	25
157.2331 	DATA 	Keypress: o
157.2443 	Level jitter 	25
158.2280 	Level finished 	25
158.2293 	DATA 	Keypress: o
158.2403 	Level image=waterlogo.jpg 	25
159.2326 	Level injecting via pump at address 0 	25
165.2334 	DATA 	Keypress: o
165.2345 	DATA 	Keypress: o
165.2354 	DATA 	Keypress: o
165.2498 	Level WAIT 	25
166.2308 	DATA 	Keypress: o
166.2340 	Level RINSE 	25
168.2332 	DATA 	Keypress: o
168.2370 	Level jitter 	25
174.2280 	Level finished 	25
174.2293 	DATA 	Keypress: o
174.2303 	DATA 	Keypress: o
174.2312 	DATA 	Keypress: o
174.2383 	Level image=tasty.jpg 	25
175.2336 	Level injecting via pump at address 0 	25
181.2340 	DATA 	Keypress: o
181.2352 	DATA 	Keypress: o
181.2365 	DATA 	Keypress: o
181.2512 	Level WAIT 	25
182.2308 	DATA 	Keypress: o
182.2352 	Level RINSE 	25
184.2341 	DATA 	Keypress: o
184.2508 	Level jitter 	25
192.2280 	Level finished 	25
192.2293 	DATA 	Keypress: o
192.2302 	DATA 	Keypress: o
192.2314 	DATA 	Keypress: o
192.2327 	DATA 	Keypress: o
192.2443 	Level image=tasty.jpg 	25
193.2349 	Level injecting via pump at address 1 	25
199.2337 	DATA 	Keypress: o
199.2351 	DATA 	Keypress: o
199.2363 	DATA 	Keypress: o
199.2396 	Level WAIT 	25
200.2309 	DATA 	Keypress: o
200.2354 	Level RINSE 	25
202.2332 	DATA 	Keypress: o
202.2369 	Level jitter 	25
207.2281 	Level finished 	25
207.2296 	DATA 	Keypress: o
207.2308 	DATA 	Keypress: o
207.2479 	Level image=tasty.jpg 	25
208.2309 	DATA 	Keypress: o
208.2366 	Level injecting via pump at address 0 	25
214.2336 	DATA 	Keypress: o
214.2349 	DATA 	Keypress: o
214.2361 	DATA 	Keypress: o
214.2442 	Level WAIT 	25
215.2368 	Level RINSE 	25
217.2335 	DATA 	Keypress: o
217.2367 	Level jitter 	25
224.2280 	Level finished 	25
224.2293 	DATA 	Keypress: o
224.2303 	DATA 	Keypress: o
224.2313 	DATA 	Keypress: o
224.2322 	DATA 	Keypress: o
224.2420 	Level image=waterlogo.jpg 	25
225.2359 	Level injecting via pump at address 0 	25
231.2337 	DATA 	Keypress: o
231.2350 	DATA 	Keypress: o
231.2362 	DATA 	Keypress: o
231.2376 	DATA 	Keypress: o
231.2548 	Level WAIT 	25
232.2328 	Level RINSE 	25
234.2336 	DATA 	Keypress: o
234.2385 	Level jitter 	25
240.2281 	Level finished 	25
240.2295 	DATA 	Keypress: o
240.2308 	DATA 	Keypress: o
240.2321 	DATA 	Keypress: o
240.2408 	Level image=waterlogo.jpg 	25
241.2348 	Level injecting via pump at address 0 	25
247.2337 	DATA 	Keypress: o
247.2350 	DATA 	Keypress: o
247.2362 	DATA 	Keypress: o
247.2377 	DATA 	Keypress: o
247.2542 	Level WAIT 	25
248.2388 	Level RINSE 	25
250.2333 	DATA 	Keypress: o
250.2379 	Level jitter 	25
252.2280 	Level finished 	25
252.2292 	DATA 	Keypress: o
252.2398 	Level image=tasty.jpg 	25
253.2382 	Level injecting via pump at address 0 	25
259.2330 	DATA 	Keypress: o
259.2341 	DATA 	Keypress: o
259.2352 	DATA 	Keypress: o
259.2397 	Level WAIT 	25
260.2309 	DATA 	Keypress: o
260.2355 	Level RINSE 	25
262.2332 	DATA 	Keypress: o
262.2398 	Level jitter 	25
269.2281 	Level finished 	25
269.2294 	DATA 	Keypress: o
269.2306 	DATA 	Keypress: o
269.2316 	DATA 	Keypress: o
269.2371 	DATA 	Keypress: o
269.2410 	Level image=tasty.jpg 	25
270.2327 	Level injecting via pump at address 1 	25
276.2338 	DATA 	Keypress: o
276.2351 	DATA 	Keypress: o
276.2366 	DATA 	Keypress: o
276.2411 	Level WAIT 	25
277.2406 	Level RINSE 	25
279.2332 	DATA 	Keypress: o
279.2422 	Level jitter 	25
287.2281 	Level finished 	25
287.2297 	DATA 	Keypress: o
287.2314 	DATA 	Keypress: o
287.2330 	DATA 	Keypress: o
287.2344 	DATA 	Keypress: o
287.2359 	DATA 	Keypress: o
287.2589 	Level image=waterlogo.jpg 	25
288.2380 	Level injecting via pump at address 0 	25
294.2339 	DATA 	Keypress: o
294.2352 	DATA 	Keypress: o
294.2364 	DATA 	Keypress: o
294.2402 	Level WAIT 	25
295.2338 	Level RINSE 	25
297.2332 	DATA 	Keypress: o
297.2347 	DATA 	Keypress: o
297.2401 	Level jitter 	25
305.2280 	Level finished 	25
305.2293 	DATA 	Keypress: o
305.2307 	DATA 	Keypress: o
305.2319 	DATA 	Keypress: o
305.2374 	DATA 	Keypress: o
305.2433 	Level image=tasty.jpg 	25
306.2428 	Level injecting via pump at address 1 	25
312.2328 	DATA 	Keypress: o
312.2338 	DATA 	Keypress: o
312.2348 	DATA 	Keypress: o
312.2437 	Level WAIT 	25
313.2388 	Level RINSE 	25
315.2339 	DATA 	Keypress: o
315.2352 	DATA 	Keypress: o
315.2442 	Level jitter 	25
317.2280 	Level finished 	25
317.2349 	Level image=tasty.jpg 	25
318.2309 	DATA 	Keypress: o
318.2439 	Level injecting via pump at address 0 	25
324.2330 	DATA 	Keypress: o
324.2341 	DATA 	Keypress: o
324.2350 	DATA 	Keypress: o
324.2438 	Level WAIT 	25
325.2432 	Level RINSE 	25
327.2327 	DATA 	Keypress: o
327.2339 	DATA 	Keypress: o
327.2448 	Level jitter 	25
331.2280 	Level finished 	25
331.2292 	DATA 	Keypress: o
331.2344 	DATA 	Keypress: o
331.2439 	Level image=tasty.jpg 	25
332.2389 	Level injecting via pump at address 1 	25
338.2341 	DATA 	Keypress: o
338.2355 	DATA 	Keypress: o
338.2369 	DATA 	Keypress: o
338.2404 	Level WAIT 	25
339.2354 	Level RINSE 	25
341.2327 	DATA 	Keypress: o
341.2338 	DATA 	Keypress: o
341.2416 	Level jitter 	25
344.2280 	Level finished 	25
344.2293 	DATA 	Keypress: o
344.2427 	Level image=tasty.jpg 	25
345.2366 	Level injecting via pump at address 0 	25
351.2335 	DATA 	Keypress: o
351.2347 	DATA 	Keypress: o
351.2357 	DATA 	Keypress: o
351.2366 	DATA 	Keypress: o
351.2462 	Level WAIT 	25
352.2338 	Level RINSE 	25
354.2326 	DATA 	Keypress: o
354.2398 	Level jitter 	25
362.2280 	Level finished 	25
362.2293 	DATA 	Keypress: o
362.2304 	DATA 	Keypress: o
362.2314 	DATA 	Keypress: o
362.2323 	DATA 	Keypress: o
362.2473 	Level image=waterlogo.jpg 	25
363.2428 	Level injecting via pump at address 0 	25
369.2337 	DATA 	Keypress: o
369.2350 	DATA 	Keypress: o
369.2362 	DATA 	Keypress: o
369.2374 	DATA 	Keypress: o
369.2438 	Level WAIT 	25
370.2389 	Level RINSE 	25
372.2332 	DATA 	Keypress: o
372.2453 	Level jitter 	25
377.2280 	Level finished 	25
377.2294 	DATA 	Keypress: o
377.2307 	DATA 	Keypress: o
377.2317 	DATA 	Keypress: o
377.2479 	Level image=tasty.jpg 	25
378.2458 	Level injecting via pump at address 1 	25
384.2327 	DATA 	Keypress: o
384.2337 	DATA 	Keypress: o
384.2347 	DATA 	Keypress: o
384.2482 	Level WAIT 	25
385.2310 	DATA 	Keypress: o
385.2428 	Level RINSE 	25
387.2336 	DATA 	Keypress: o
387.2490 	Level jitter 	25
394.2280 	Level finished 	25
394.2293 	DATA 	Keypress: o
394.2303 	DATA 	Keypress: o
394.2313 	DATA 	Keypress: o
394.2452 	Level image=tasty.jpg 	25
395.2309 	DATA 	Keypress: o
395.2398 	Level injecting via pump at address 0 	25
401.2328 	DATA 	Keypress: o
401.2339 	DATA 	Keypress: o
401.2349 	DATA 	Keypress: o
401.2415 	Level WAIT 	25
402.2337 	Level RINSE 	25
404.2324 	DATA 	Keypress: o
404.2432 	Level jitter 	25
412.2280 	Level finished 	25
412.2293 	DATA 	Keypress: o
412.2303 	DATA 	Keypress: o
412.2314 	DATA 	Keypress: o
412.2326 	DATA 	Keypress: o
412.2499 	Level image=tasty.jpg 	25
413.2306 	DATA 	Keypress: o
413.2338 	Level injecting via pump at address 0 	25
419.2338 	DATA 	Keypress: o
419.2350 	DATA 	Keypress: o
419.2362 	DATA 	Keypress: o
419.2472 	Level WAIT 	25
420.2347 	Level RINSE 	25
422.2331 	DATA 	Keypress: o
422.2478 	Level jitter 	25
429.2280 	Level finished 	25
