56.0288 	DATA 	Keypress: o
56.0296 	Level start key press 	25
58.0326 	DATA 	Keypress: o
60.0381 	DATA 	Keypress: o
62.0326 	DATA 	Keypress: o
64.0555 	DATA 	Keypress: o
64.0633 	Level image=waterlogo.jpg 	25
65.0096 	Level injecting via pump at address 0 	25
71.0021 	DATA 	Keypress: o
71.0034 	DATA 	Keypress: o
71.0046 	DATA 	Keypress: o
71.0118 	Level WAIT 	25
72.0063 	Level RINSE 	25
74.0095 	DATA 	Keypress: o
74.0125 	Level jitter 	25
80.9962 	Level finished 	25
80.9977 	DATA 	Keypress: o
80.9990 	DATA 	Keypress: o
81.0002 	DATA 	Keypress: o
81.0012 	DATA 	Keypress: o
81.0097 	Level image=tasty.jpg 	25
82.0034 	Level injecting via pump at address 0 	25
88.0017 	DATA 	Keypress: o
88.0032 	DATA 	Keypress: o
88.0045 	DATA 	Keypress: o
88.0143 	Level WAIT 	25
88.9987 	DATA 	Keypress: o
89.0155 	Level RINSE 	25
91.0018 	DATA 	Keypress: o
91.0066 	Level jitter 	25
94.9962 	Level finished 	25
94.9976 	DATA 	Keypress: o
94.9987 	DATA 	Keypress: o
95.0159 	Level image=tasty.jpg 	25
96.0135 	Level injecting via pump at address 1 	25
102.0015 	DATA 	Keypress: o
102.0026 	DATA 	Keypress: o
102.0036 	DATA 	Keypress: o
102.0158 	Level WAIT 	25
102.9987 	DATA 	Keypress: o
103.0093 	Level RINSE 	25
105.0012 	DATA 	Keypress: o
105.0153 	Level jitter 	25
105.9962 	Level finished 	25
106.0104 	Level image=tasty.jpg 	25
106.9990 	DATA 	Keypress: o
107.0055 	Level injecting via pump at address 0 	25
113.0016 	DATA 	Keypress: o
113.0027 	DATA 	Keypress: o
113.0037 	DATA 	Keypress: o
113.0075 	Level WAIT 	25
114.0020 	Level RINSE 	25
116.0014 	DATA 	Keypress: o
116.0082 	Level jitter 	25
123.9962 	Level finished 	25
123.9977 	DATA 	Keypress: o
123.9990 	DATA 	Keypress: o
124.0003 	DATA 	Keypress: o
124.0015 	DATA 	Keypress: o
124.0159 	Level image=waterlogo.jpg 	25
124.9986 	DATA 	Keypress: o
125.0104 	Level injecting via pump at address 0 	25
131.0031 	DATA 	Keypress: o
131.0046 	DATA 	Keypress: o
131.0060 	DATA 	Keypress: o
131.0126 	Level WAIT 	25
132.0007 	Level RINSE 	25
134.0014 	DATA 	Keypress: o
134.0138 	Level jitter 	25
141.9962 	Level finished 	25
141.9976 	DATA 	Keypress: o
141.9987 	DATA 	Keypress: o
141.9997 	DATA 	Keypress: o
142.0007 	DATA 	Keypress: o
142.0184 	Level image=waterlogo.jpg 	25
142.9992 	DATA 	Keypress: o
143.0024 	Level injecting via pump at address 0 	25
149.0018 	DATA 	Keypress: o
149.0032 	DATA 	Keypress: o
149.0044 	DATA 	Keypress: o
149.0178 	Level WAIT 	25
150.0030 	Level RINSE 	25
152.0020 	DATA 	Keypress: o
152.0184 	Level jitter 	25
157.9962 	Level finished 	25
157.9978 	DATA 	Keypress: o
157.9991 	DATA 	Keypress: o
158.0002 	DATA 	Keypress: o
158.0194 	Level image=tasty.jpg 	25
158.9986 	DATA 	Keypress: o
159.0033 	Level injecting via pump at address 1 	25
165.0012 	DATA 	Keypress: o
165.0024 	DATA 	Keypress: o
165.0036 	DATA 	Keypress: o
165.0166 	Level WAIT 	25
166.0037 	Level RINSE 	25
168.0033 	DATA 	Keypress: o
168.0174 	Level jitter 	25
169.9962 	Level finished 	25
169.9979 	DATA 	Keypress: o
170.0066 	Level image=tasty.jpg 	25
170.9988 	DATA 	Keypress: o
171.0045 	Level injecting via pump at address 0 	25
177.0016 	DATA 	Keypress: o
177.0029 	DATA 	Keypress: o
177.0042 	DATA 	Keypress: o
177.0197 	Level WAIT 	25
178.0044 	Level RINSE 	25
180.0014 	DATA 	Keypress: o
180.0051 	Level jitter 	25
185.9962 	Level finished 	25
185.9978 	DATA 	Keypress: o
185.9990 	DATA 	Keypress: o
186.0000 	DATA 	Keypress: o
186.0215 	Level image=waterlogo.jpg 	25
186.9991 	DATA 	Keypress: o
187.0055 	Level injecting via pump at address 0 	25
193.0046 	DATA 	Keypress: o
193.0065 	DATA 	Keypress: o
193.0077 	DATA 	Keypress: o
193.0188 	Level WAIT 	25
194.0054 	Level RINSE 	25
196.0035 	DATA 	Keypress: o
196.0193 	Level jitter 	25
197.9962 	Level finished 	25
197.9974 	DATA 	Keypress: o
198.0062 	Level image=waterlogo.jpg 	25
198.9989 	DATA 	Keypress: o
199.0034 	Level injecting via pump at address 0 	25
205.0024 	DATA 	Keypress: o
205.0041 	DATA 	Keypress: o
205.0054 	DATA 	Keypress: o
205.0219 	Level WAIT 	25
206.0067 	Level RINSE 	25
208.0013 	DATA 	Keypress: o
208.0064 	Level jitter 	25
216.9962 	Level finished 	25
216.9977 	DATA 	Keypress: o
216.9988 	DATA 	Keypress: o
216.9998 	DATA 	Keypress: o
217.0008 	DATA 	Keypress: o
217.0018 	DATA 	Keypress: o
217.0096 	Level image=tasty.jpg 	25
218.0043 	Level injecting via pump at address 1 	25
224.0015 	DATA 	Keypress: o
224.0029 	DATA 	Keypress: o
224.0042 	DATA 	Keypress: o
224.0075 	Level WAIT 	25
224.9990 	DATA 	Keypress: o
225.0074 	Level RINSE 	25
227.0019 	DATA 	Keypress: o
227.0068 	Level jitter 	25
233.9962 	Level finished 	25
233.9976 	DATA 	Keypress: o
233.9989 	DATA 	Keypress: o
234.0001 	DATA 	Keypress: o
234.0086 	Level image=tasty.jpg 	25
234.9992 	DATA 	Keypress: o
235.0086 	Level injecting via pump at address 0 	25
241.0024 	DATA 	Keypress: o
241.0040 	DATA 	Keypress: o
241.0057 	DATA 	Keypress: o
241.0095 	Level WAIT 	25
242.0091 	Level RINSE 	25
244.0008 	DATA 	Keypress: o
244.0094 	Level jitter 	25
250.9962 	Level finished 	25
250.9986 	DATA 	Keypress: o
251.0002 	DATA 	Keypress: o
251.0019 	DATA 	Keypress: o
251.0035 	DATA 	Keypress: o
251.0133 	Level image=waterlogo.jpg 	25
252.0080 	Level injecting via pump at address 0 	25
258.0018 	DATA 	Keypress: o
258.0032 	DATA 	Keypress: o
258.0045 	DATA 	Keypress: o
258.0090 	Level WAIT 	25
258.9988 	DATA 	Keypress: o
259.0044 	Level RINSE 	25
261.0024 	DATA 	Keypress: o
261.0111 	Level jitter 	25
265.9962 	Level finished 	25
265.9976 	DATA 	Keypress: o
265.9988 	DATA 	Keypress: o
266.0104 	Level image=tasty.jpg 	25
266.9988 	DATA 	Keypress: o
267.0108 	Level injecting via pump at address 0 	25
273.0025 	DATA 	Keypress: o
273.0038 	DATA 	Keypress: o
273.0050 	DATA 	Keypress: o
273.0118 	Level WAIT 	25
274.0086 	Level RINSE 	25
276.0020 	DATA 	Keypress: o
276.0107 	Level jitter 	25
276.9962 	Level finished 	25
276.9976 	DATA 	Keypress: o
277.0090 	Level image=tasty.jpg 	25
278.0038 	Level injecting via pump at address 1 	25
284.0018 	DATA 	Keypress: o
284.0031 	DATA 	Keypress: o
284.0044 	DATA 	Keypress: o
284.0126 	Level WAIT 	25
284.9986 	DATA 	Keypress: o
285.0122 	Level RINSE 	25
287.0015 	DATA 	Keypress: o
287.0071 	Level jitter 	25
289.9962 	Level finished 	25
289.9974 	DATA 	Keypress: o
290.0074 	Level image=tasty.jpg 	25
290.9986 	DATA 	Keypress: o
291.0019 	Level injecting via pump at address 0 	25
297.0015 	DATA 	Keypress: o
297.0027 	DATA 	Keypress: o
297.0040 	DATA 	Keypress: o
297.0128 	Level WAIT 	25
298.0125 	Level RINSE 	25
300.0023 	DATA 	Keypress: o
300.0127 	Level jitter 	25
301.9962 	Level finished 	25
301.9974 	DATA 	Keypress: o
302.0108 	Level image=tasty.jpg 	25
302.9992 	DATA 	Keypress: o
303.0059 	Level injecting via pump at address 1 	25
309.0021 	DATA 	Keypress: o
309.0034 	DATA 	Keypress: o
309.0047 	DATA 	Keypress: o
309.0138 	Level WAIT 	25
310.0022 	Level RINSE 	25
312.0016 	DATA 	Keypress: o
312.0084 	Level jitter 	25
313.9962 	Level finished 	25
313.9975 	DATA 	Keypress: o
314.0133 	Level image=tasty.jpg 	25
314.9997 	DATA 	Keypress: o
315.0084 	Level injecting via pump at address 0 	25
321.0016 	DATA 	Keypress: o
321.0028 	DATA 	Keypress: o
321.0039 	DATA 	Keypress: o
321.0108 	Level WAIT 	25
322.0052 	Level RINSE 	25
324.0018 	DATA 	Keypress: o
324.0114 	Level jitter 	25
324.9962 	Level finished 	25
324.9974 	DATA 	Keypress: o
325.0065 	Level image=waterlogo.jpg 	25
326.0004 	Level injecting via pump at address 0 	25
332.0025 	DATA 	Keypress: o
332.0038 	DATA 	Keypress: o
332.0050 	DATA 	Keypress: o
332.0157 	Level WAIT 	25
332.9988 	DATA 	Keypress: o
333.0141 	Level RINSE 	25
335.0013 	DATA 	Keypress: o
335.0154 	Level jitter 	25
340.9962 	Level finished 	25
340.9978 	DATA 	Keypress: o
340.9990 	DATA 	Keypress: o
341.0002 	DATA 	Keypress: o
341.0153 	Level image=tasty.jpg 	25
342.0160 	Level injecting via pump at address 1 	25
348.0016 	DATA 	Keypress: o
348.0030 	DATA 	Keypress: o
348.0040 	DATA 	Keypress: o
348.0156 	Level WAIT 	25
348.9988 	DATA 	Keypress: o
349.0124 	Level RINSE 	25
351.0019 	DATA 	Keypress: o
351.0164 	Level jitter 	25
353.9962 	Level finished 	25
353.9975 	DATA 	Keypress: o
354.0174 	Level image=tasty.jpg 	25
354.9991 	DATA 	Keypress: o
355.0145 	Level injecting via pump at address 0 	25
361.0026 	DATA 	Keypress: o
361.0038 	DATA 	Keypress: o
361.0049 	DATA 	Keypress: o
361.0164 	Level WAIT 	25
362.0005 	Level RINSE 	25
364.0016 	DATA 	Keypress: o
364.0176 	Level jitter 	25
365.9962 	Level finished 	25
365.9973 	DATA 	Keypress: o
366.0064 	Level image=tasty.jpg 	25
366.9988 	DATA 	Keypress: o
367.0022 	Level injecting via pump at address 1 	25
373.0016 	DATA 	Keypress: o
373.0029 	DATA 	Keypress: o
373.0041 	DATA 	Keypress: o
373.0174 	Level WAIT 	25
374.0019 	Level RINSE 	25
376.0008 	DATA 	Keypress: o
376.0040 	Level jitter 	25
379.9962 	Level finished 	25
379.9977 	DATA 	Keypress: o
379.9990 	DATA 	Keypress: o
380.0157 	Level image=tasty.jpg 	25
380.9994 	DATA 	Keypress: o
381.0112 	Level injecting via pump at address 0 	25
387.0019 	DATA 	Keypress: o
387.0032 	DATA 	Keypress: o
387.0044 	DATA 	Keypress: o
387.0127 	Level WAIT 	25
388.0018 	Level RINSE 	25
390.0017 	DATA 	Keypress: o
390.0137 	Level jitter 	25
396.9962 	Level finished 	25
396.9975 	DATA 	Keypress: o
396.9987 	DATA 	Keypress: o
397.0002 	DATA 	Keypress: o
397.0014 	DATA 	Keypress: o
397.0201 	Level image=tasty.jpg 	25
398.0031 	Level injecting via pump at address 0 	25
404.0018 	DATA 	Keypress: o
404.0031 	DATA 	Keypress: o
404.0043 	DATA 	Keypress: o
404.0204 	Level WAIT 	25
404.9992 	DATA 	Keypress: o
405.0036 	Level RINSE 	25
407.0015 	DATA 	Keypress: o
407.0076 	Level jitter 	25
410.9962 	Level finished 	25
