53.4482 	DATA 	Keypress: o
53.4491 	Level start key press 	25
55.4547 	DATA 	Keypress: o
57.4509 	DATA 	Keypress: o
59.4500 	DATA 	Keypress: o
61.4522 	DATA 	Keypress: o
62.3987 	Level image=waterlogo.jpg 	25
63.3319 	Level injecting via pump at address 0 	25
69.3224 	DATA 	Keypress: o
69.3237 	DATA 	Keypress: o
69.3249 	DATA 	Keypress: o
69.3368 	Level WAIT 	25
70.3192 	DATA 	Keypress: o
70.3311 	Level RINSE 	25
72.3317 	DATA 	Keypress: o
72.3369 	Level jitter 	25
74.3163 	Level finished 	25
74.3177 	DATA 	Keypress: o
74.3441 	Level image=tasty.jpg 	25
75.3210 	Level injecting via pump at address 1 	25
81.3223 	DATA 	Keypress: o
81.3236 	DATA 	Keypress: o
81.3249 	DATA 	Keypress: o
81.3330 	Level WAIT 	25
82.3192 	DATA 	Keypress: o
82.3342 	Level RINSE 	25
84.3216 	DATA 	Keypress: o
84.3404 	Level jitter 	25
86.3163 	Level finished 	25
86.3178 	DATA 	Keypress: o
86.3464 	Level image=tasty.jpg 	25
87.3409 	Level injecting via pump at address 0 	25
93.3222 	DATA 	Keypress: o
93.3237 	DATA 	Keypress: o
93.3249 	DATA 	Keypress: o
93.3340 	Level WAIT 	25
94.3192 	DATA 	Keypress: o
94.3344 	Level RINSE 	25
96.3224 	DATA 	Keypress: o
96.3434 	Level jitter 	25
101.3163 	Level finished 	25
101.3181 	DATA 	Keypress: o
101.3194 	DATA 	Keypress: o
101.3340 	Level image=tasty.jpg 	25
102.3194 	DATA 	Keypress: o
102.3451 	Level injecting via pump at address 1 	25
108.3221 	DATA 	Keypress: o
108.3234 	DATA 	Keypress: o
108.3246 	DATA 	Keypress: o
108.3471 	Level WAIT 	25
109.3248 	Level RINSE 	25
111.3222 	DATA 	Keypress: o
111.3475 	Level jitter 	25
117.3163 	Level finished 	25
117.3178 	DATA 	Keypress: o
117.3190 	DATA 	Keypress: o
117.3199 	DATA 	Keypress: o
117.3492 	Level image=tasty.jpg 	25
118.3194 	DATA 	Keypress: o
118.3277 	Level injecting via pump at address 0 	25
124.3222 	DATA 	Keypress: o
124.3235 	DATA 	Keypress: o
124.3248 	DATA 	Keypress: o
124.3457 	Level WAIT 	25
125.3238 	Level RINSE 	25
127.3219 	DATA 	Keypress: o
127.3299 	Level jitter 	25
129.3163 	Level finished 	25
129.3175 	DATA 	Keypress: o
129.3364 	Level image=waterlogo.jpg 	25
130.3192 	DATA 	Keypress: o
130.3482 	Level injecting via pump at address 0 	25
136.3227 	DATA 	Keypress: o
136.3241 	DATA 	Keypress: o
136.3252 	DATA 	Keypress: o
136.3489 	Level WAIT 	25
137.3279 	Level RINSE 	25
139.3225 	DATA 	Keypress: o
139.3336 	Level jitter 	25
148.3163 	Level finished 	25
148.3177 	DATA 	Keypress: o
148.3189 	DATA 	Keypress: o
148.3202 	DATA 	Keypress: o
148.3214 	DATA 	Keypress: o
148.3227 	DATA 	Keypress: o
148.3534 	Level image=tasty.jpg 	25
149.3317 	Level injecting via pump at address 0 	25
155.3220 	DATA 	Keypress: o
155.3233 	DATA 	Keypress: o
155.3244 	DATA 	Keypress: o
155.3322 	Level WAIT 	25
156.3191 	DATA 	Keypress: o
156.3270 	Level RINSE 	25
158.3221 	DATA 	Keypress: o
158.3339 	Level jitter 	25
159.3163 	Level finished 	25
159.3287 	Level image=waterlogo.jpg 	25
160.3191 	DATA 	Keypress: o
160.3232 	Level injecting via pump at address 0 	25
166.3219 	DATA 	Keypress: o
166.3233 	DATA 	Keypress: o
166.3245 	DATA 	Keypress: o
166.3390 	Level WAIT 	25
167.3360 	Level RINSE 	25
169.3220 	DATA 	Keypress: o
169.3254 	Level jitter 	25
175.3163 	Level finished 	25
175.3178 	DATA 	Keypress: o
175.3189 	DATA 	Keypress: o
175.3200 	DATA 	Keypress: o
175.3278 	Level image=tasty.jpg 	25
176.3191 	DATA 	Keypress: o
176.3391 	Level injecting via pump at address 0 	25
182.3232 	DATA 	Keypress: o
182.3247 	DATA 	Keypress: o
182.3260 	DATA 	Keypress: o
182.3407 	Level WAIT 	25
183.3350 	Level RINSE 	25
185.3218 	DATA 	Keypress: o
185.3408 	Level jitter 	25
193.3163 	Level finished 	25
193.3178 	DATA 	Keypress: o
193.3191 	DATA 	Keypress: o
193.3203 	DATA 	Keypress: o
193.3214 	DATA 	Keypress: o
193.3323 	Level image=tasty.jpg 	25
194.3191 	DATA 	Keypress: o
194.3270 	Level injecting via pump at address 1 	25
200.3225 	DATA 	Keypress: o
200.3242 	DATA 	Keypress: o
200.3255 	DATA 	Keypress: o
200.3287 	Level WAIT 	25
201.3400 	Level RINSE 	25
203.3214 	DATA 	Keypress: o
203.3295 	Level jitter 	25
208.3163 	Level finished 	25
208.3182 	DATA 	Keypress: o
208.3196 	DATA 	Keypress: o
208.3207 	DATA 	Keypress: o
208.3370 	Level image=tasty.jpg 	25
209.3248 	Level injecting via pump at address 0 	25
215.3221 	DATA 	Keypress: o
215.3234 	DATA 	Keypress: o
215.3248 	DATA 	Keypress: o
215.3335 	Level WAIT 	25
216.3193 	DATA 	Keypress: o
216.3279 	Level RINSE 	25
218.3222 	DATA 	Keypress: o
218.3334 	Level jitter 	25
225.3163 	Level finished 	25
225.3178 	DATA 	Keypress: o
225.3191 	DATA 	Keypress: o
225.3203 	DATA 	Keypress: o
225.3307 	Level image=waterlogo.jpg 	25
226.3194 	DATA 	Keypress: o
226.3424 	Level injecting via pump at address 0 	25
232.3222 	DATA 	Keypress: o
232.3236 	DATA 	Keypress: o
232.3249 	DATA 	Keypress: o
232.3430 	Level WAIT 	25
233.3220 	Level RINSE 	25
235.3218 	DATA 	Keypress: o
235.3449 	Level jitter 	25
241.3163 	Level finished 	25
241.3179 	DATA 	Keypress: o
241.3193 	DATA 	Keypress: o
241.3205 	DATA 	Keypress: o
241.3299 	Level image=waterlogo.jpg 	25
242.3190 	DATA 	Keypress: o
242.3403 	Level injecting via pump at address 0 	25
248.3219 	DATA 	Keypress: o
248.3232 	DATA 	Keypress: o
248.3245 	DATA 	Keypress: o
248.3424 	Level WAIT 	25
249.3209 	Level RINSE 	25
251.3215 	DATA 	Keypress: o
251.3429 	Level jitter 	25
253.3163 	Level finished 	25
253.3178 	DATA 	Keypress: o
253.3329 	Level image=tasty.jpg 	25
254.3191 	DATA 	Keypress: o
254.3270 	Level injecting via pump at address 0 	25
260.3226 	DATA 	Keypress: o
260.3240 	DATA 	Keypress: o
260.3252 	DATA 	Keypress: o
260.3460 	Level WAIT 	25
261.3410 	Level RINSE 	25
263.3218 	DATA 	Keypress: o
263.3470 	Level jitter 	25
270.3163 	Level finished 	25
270.3179 	DATA 	Keypress: o
270.3193 	DATA 	Keypress: o
270.3205 	DATA 	Keypress: o
270.3218 	DATA 	Keypress: o
270.3301 	Level image=tasty.jpg 	25
271.3374 	Level injecting via pump at address 1 	25
277.3220 	DATA 	Keypress: o
277.3235 	DATA 	Keypress: o
277.3248 	DATA 	Keypress: o
277.3390 	Level WAIT 	25
278.3194 	DATA 	Keypress: o
278.3300 	Level RINSE 	25
280.3223 	DATA 	Keypress: o
280.3405 	Level jitter 	25
288.3163 	Level finished 	25
288.3178 	DATA 	Keypress: o
288.3192 	DATA 	Keypress: o
288.3205 	DATA 	Keypress: o
288.3217 	DATA 	Keypress: o
288.3478 	Level image=waterlogo.jpg 	25
289.3269 	Level injecting via pump at address 0 	25
295.3221 	DATA 	Keypress: o
295.3234 	DATA 	Keypress: o
295.3244 	DATA 	Keypress: o
295.3454 	Level WAIT 	25
296.3189 	DATA 	Keypress: o
296.3230 	Level RINSE 	25
298.3219 	DATA 	Keypress: o
298.3449 	Level jitter 	25
306.3163 	Level finished 	25
306.3177 	DATA 	Keypress: o
306.3189 	DATA 	Keypress: o
306.3200 	DATA 	Keypress: o
306.3212 	DATA 	Keypress: o
306.3326 	Level image=tasty.jpg 	25
307.3311 	Level injecting via pump at address 1 	25
313.3222 	DATA 	Keypress: o
313.3234 	DATA 	Keypress: o
313.3246 	DATA 	Keypress: o
313.3330 	Level WAIT 	25
314.3191 	DATA 	Keypress: o
314.3280 	Level RINSE 	25
316.3228 	DATA 	Keypress: o
316.3347 	Level jitter 	25
318.3163 	Level finished 	25
318.3178 	DATA 	Keypress: o
318.3323 	Level image=tasty.jpg 	25
319.3334 	Level injecting via pump at address 0 	25
325.3221 	DATA 	Keypress: o
325.3235 	DATA 	Keypress: o
325.3248 	DATA 	Keypress: o
325.3359 	Level WAIT 	25
326.3192 	DATA 	Keypress: o
326.3320 	Level RINSE 	25
328.3219 	DATA 	Keypress: o
328.3331 	Level jitter 	25
332.3163 	Level finished 	25
332.3178 	DATA 	Keypress: o
332.3190 	DATA 	Keypress: o
332.3327 	Level image=tasty.jpg 	25
333.3279 	Level injecting via pump at address 1 	25
339.3219 	DATA 	Keypress: o
339.3232 	DATA 	Keypress: o
339.3242 	DATA 	Keypress: o
339.3302 	Level WAIT 	25
340.3191 	DATA 	Keypress: o
340.3407 	Level RINSE 	25
342.3223 	DATA 	Keypress: o
342.3470 	Level jitter 	25
345.3163 	Level finished 	25
345.3180 	DATA 	Keypress: o
345.3312 	Level image=tasty.jpg 	25
346.3188 	DATA 	Keypress: o
346.3420 	Level injecting via pump at address 0 	25
352.3214 	DATA 	Keypress: o
352.3227 	DATA 	Keypress: o
352.3239 	DATA 	Keypress: o
352.3441 	Level WAIT 	25
353.3218 	Level RINSE 	25
355.3217 	DATA 	Keypress: o
355.3281 	Level jitter 	25
363.3163 	Level finished 	25
363.3179 	DATA 	Keypress: o
363.3194 	DATA 	Keypress: o
363.3206 	DATA 	Keypress: o
363.3218 	DATA 	Keypress: o
363.3527 	Level image=waterlogo.jpg 	25
364.3194 	DATA 	Keypress: o
364.3309 	Level injecting via pump at address 0 	25
370.3215 	DATA 	Keypress: o
370.3227 	DATA 	Keypress: o
370.3239 	DATA 	Keypress: o
370.3320 	Level WAIT 	25
371.3278 	Level RINSE 	25
373.3229 	DATA 	Keypress: o
373.3341 	Level jitter 	25
378.3163 	Level finished 	25
378.3177 	DATA 	Keypress: o
378.3191 	DATA 	Keypress: o
378.3205 	DATA 	Keypress: o
378.3372 	Level image=tasty.jpg 	25
379.3351 	Level injecting via pump at address 1 	25
385.3225 	DATA 	Keypress: o
385.3238 	DATA 	Keypress: o
385.3248 	DATA 	Keypress: o
385.3373 	Level WAIT 	25
386.3189 	DATA 	Keypress: o
386.3320 	Level RINSE 	25
388.3220 	DATA 	Keypress: o
388.3381 	Level jitter 	25
395.3163 	Level finished 	25
395.3178 	DATA 	Keypress: o
395.3188 	DATA 	Keypress: o
395.3200 	DATA 	Keypress: o
395.3341 	Level image=tasty.jpg 	25
396.3192 	DATA 	Keypress: o
396.3290 	Level injecting via pump at address 0 	25
402.3220 	DATA 	Keypress: o
402.3232 	DATA 	Keypress: o
402.3245 	DATA 	Keypress: o
402.3467 	Level WAIT 	25
403.3263 	Level RINSE 	25
405.3219 	DATA 	Keypress: o
405.3313 	Level jitter 	25
413.3163 	Level finished 	25
413.3177 	DATA 	Keypress: o
413.3189 	DATA 	Keypress: o
413.3199 	DATA 	Keypress: o
413.3208 	DATA 	Keypress: o
413.3390 	Level image=tasty.jpg 	25
414.3193 	DATA 	Keypress: o
414.3335 	Level injecting via pump at address 0 	25
420.3227 	DATA 	Keypress: o
420.3239 	DATA 	Keypress: o
420.3251 	DATA 	Keypress: o
420.3364 	Level WAIT 	25
421.3301 	Level RINSE 	25
423.3222 	DATA 	Keypress: o
423.3367 	Level jitter 	25
430.3163 	Level finished 	25
