63.7632 	DATA 	Keypress: o
63.7644 	Level start key press 	25
65.7679 	DATA 	Keypress: o
67.7845 	DATA 	Keypress: o
69.7679 	DATA 	Keypress: o
71.7682 	DATA 	Keypress: o
72.3158 	Level image=waterlogo.jpg 	25
73.2163 	Level injecting via pump at address 0 	25
79.2048 	DATA 	Keypress: o
79.2063 	DATA 	Keypress: o
79.2075 	DATA 	Keypress: o
79.2329 	Level WAIT 	25
80.2020 	DATA 	Keypress: o
80.2331 	Level RINSE 	25
82.2128 	DATA 	Keypress: o
82.2332 	Level jitter 	25
88.1992 	Level finished 	25
88.2004 	DATA 	Keypress: o
88.2015 	DATA 	Keypress: o
88.2025 	DATA 	Keypress: o
88.2340 	Level image=tasty.jpg 	25
89.2171 	Level injecting via pump at address 1 	25
95.2047 	DATA 	Keypress: o
95.2060 	DATA 	Keypress: o
95.2073 	DATA 	Keypress: o
95.2341 	Level WAIT 	25
96.2016 	DATA 	Keypress: o
96.2175 	Level RINSE 	25
98.2042 	DATA 	Keypress: o
98.2180 	Level jitter 	25
104.1992 	Level finished 	25
104.2006 	DATA 	Keypress: o
104.2018 	DATA 	Keypress: o
104.2030 	DATA 	Keypress: o
104.2347 	Level image=tasty.jpg 	25
105.2182 	Level injecting via pump at address 1 	25
111.2056 	DATA 	Keypress: o
111.2069 	DATA 	Keypress: o
111.2082 	DATA 	Keypress: o
111.2356 	Level WAIT 	25
112.2029 	DATA 	Keypress: o
112.2186 	Level RINSE 	25
114.2048 	DATA 	Keypress: o
114.2353 	Level jitter 	25
116.1992 	Level finished 	25
116.2004 	DATA 	Keypress: o
116.2188 	Level image=waterlogo.jpg 	25
117.2190 	Level injecting via pump at address 0 	25
123.2052 	DATA 	Keypress: o
123.2065 	DATA 	Keypress: o
123.2077 	DATA 	Keypress: o
123.2364 	Level WAIT 	25
124.2016 	DATA 	Keypress: o
124.2194 	Level RINSE 	25
126.2046 	DATA 	Keypress: o
126.2195 	Level jitter 	25
132.1992 	Level finished 	25
132.2005 	DATA 	Keypress: o
132.2015 	DATA 	Keypress: o
132.2024 	DATA 	Keypress: o
132.2200 	Level image=tasty.jpg 	25
133.2205 	Level injecting via pump at address 1 	25
139.2037 	DATA 	Keypress: o
139.2049 	DATA 	Keypress: o
139.2059 	DATA 	Keypress: o
139.2371 	Level WAIT 	25
140.2020 	DATA 	Keypress: o
140.2205 	Level RINSE 	25
142.2045 	DATA 	Keypress: o
142.2205 	Level jitter 	25
147.1992 	Level finished 	25
147.2004 	DATA 	Keypress: o
147.2015 	DATA 	Keypress: o
147.2214 	Level image=waterlogo.jpg 	25
148.2016 	DATA 	Keypress: o
148.2212 	Level injecting via pump at address 0 	25
154.2044 	DATA 	Keypress: o
154.2055 	DATA 	Keypress: o
154.2065 	DATA 	Keypress: o
154.2214 	Level WAIT 	25
155.2215 	Level RINSE 	25
157.2045 	DATA 	Keypress: o
157.2221 	Level jitter 	25
162.1992 	Level finished 	25
162.2004 	DATA 	Keypress: o
162.2014 	DATA 	Keypress: o
162.2024 	DATA 	Keypress: o
162.2221 	Level image=tasty.jpg 	25
163.2222 	Level injecting via pump at address 1 	25
169.2043 	DATA 	Keypress: o
169.2056 	DATA 	Keypress: o
169.2068 	DATA 	Keypress: o
169.2229 	Level WAIT 	25
170.2020 	DATA 	Keypress: o
170.2225 	Level RINSE 	25
172.2037 	DATA 	Keypress: o
172.2226 	Level jitter 	25
178.1992 	Level finished 	25
178.2004 	DATA 	Keypress: o
178.2015 	DATA 	Keypress: o
178.2025 	DATA 	Keypress: o
178.2232 	Level image=waterlogo.jpg 	25
179.2237 	Level injecting via pump at address 0 	25
185.2041 	DATA 	Keypress: o
185.2052 	DATA 	Keypress: o
185.2062 	DATA 	Keypress: o
185.2235 	Level WAIT 	25
186.2021 	DATA 	Keypress: o
186.2236 	Level RINSE 	25
188.2037 	DATA 	Keypress: o
188.2237 	Level jitter 	25
191.1992 	Level finished 	25
191.2004 	DATA 	Keypress: o
191.2245 	Level image=tasty.jpg 	25
192.2019 	DATA 	Keypress: o
192.2242 	Level injecting via pump at address 1 	25
198.2053 	DATA 	Keypress: o
198.2065 	DATA 	Keypress: o
198.2077 	DATA 	Keypress: o
198.2244 	Level WAIT 	25
199.2079 	Level RINSE 	25
201.2043 	DATA 	Keypress: o
201.2251 	Level jitter 	25
209.1992 	Level finished 	25
209.2008 	DATA 	Keypress: o
209.2022 	DATA 	Keypress: o
209.2035 	DATA 	Keypress: o
209.2047 	DATA 	Keypress: o
209.2253 	Level image=waterlogo.jpg 	25
210.2016 	DATA 	Keypress: o
210.2253 	Level injecting via pump at address 0 	25
216.2047 	DATA 	Keypress: o
216.2059 	DATA 	Keypress: o
216.2069 	DATA 	Keypress: o
216.2261 	Level WAIT 	25
217.2258 	Level RINSE 	25
219.2047 	DATA 	Keypress: o
219.2259 	Level jitter 	25
221.1992 	Level finished 	25
221.2005 	DATA 	Keypress: o
221.2094 	Level image=tasty.jpg 	25
222.2019 	DATA 	Keypress: o
222.2262 	Level injecting via pump at address 1 	25
228.2037 	DATA 	Keypress: o
228.2050 	DATA 	Keypress: o
228.2062 	DATA 	Keypress: o
228.2269 	Level WAIT 	25
229.2266 	Level RINSE 	25
231.2039 	DATA 	Keypress: o
231.2267 	Level jitter 	25
240.1992 	Level finished 	25
240.2006 	DATA 	Keypress: o
240.2019 	DATA 	Keypress: o
240.2032 	DATA 	Keypress: o
240.2044 	DATA 	Keypress: o
240.2056 	DATA 	Keypress: o
240.2278 	Level image=waterlogo.jpg 	25
241.2108 	Level injecting via pump at address 0 	25
247.2047 	DATA 	Keypress: o
247.2063 	DATA 	Keypress: o
247.2076 	DATA 	Keypress: o
247.2279 	Level WAIT 	25
248.2016 	DATA 	Keypress: o
248.2280 	Level RINSE 	25
250.2048 	DATA 	Keypress: o
250.2286 	Level jitter 	25
252.1992 	Level finished 	25
252.2004 	DATA 	Keypress: o
252.2115 	Level image=tasty.jpg 	25
253.2116 	Level injecting via pump at address 1 	25
259.2045 	DATA 	Keypress: o
259.2058 	DATA 	Keypress: o
259.2070 	DATA 	Keypress: o
259.2286 	Level WAIT 	25
260.2018 	DATA 	Keypress: o
260.2292 	Level RINSE 	25
262.2036 	DATA 	Keypress: o
262.2122 	Level jitter 	25
265.1992 	Level finished 	25
265.2003 	DATA 	Keypress: o
265.2125 	Level image=waterlogo.jpg 	25
266.2020 	DATA 	Keypress: o
266.2126 	Level injecting via pump at address 0 	25
272.2047 	DATA 	Keypress: o
272.2060 	DATA 	Keypress: o
272.2072 	DATA 	Keypress: o
272.2300 	Level WAIT 	25
273.2296 	Level RINSE 	25
275.2036 	DATA 	Keypress: o
275.2132 	Level jitter 	25
279.1992 	Level finished 	25
279.2008 	DATA 	Keypress: o
279.2022 	DATA 	Keypress: o
279.2302 	Level image=tasty.jpg 	25
280.2016 	DATA 	Keypress: o
280.2135 	Level injecting via pump at address 1 	25
286.2049 	DATA 	Keypress: o
286.2063 	DATA 	Keypress: o
286.2077 	DATA 	Keypress: o
286.2309 	Level WAIT 	25
287.2140 	Level RINSE 	25
289.2044 	DATA 	Keypress: o
289.2307 	Level jitter 	25
290.1992 	Level finished 	25
290.2005 	DATA 	Keypress: o
290.2143 	Level image=waterlogo.jpg 	25
291.2143 	Level injecting via pump at address 0 	25
297.2048 	DATA 	Keypress: o
297.2060 	DATA 	Keypress: o
297.2071 	DATA 	Keypress: o
297.2316 	Level WAIT 	25
298.2020 	DATA 	Keypress: o
298.2314 	Level RINSE 	25
300.2040 	DATA 	Keypress: o
300.2148 	Level jitter 	25
303.1992 	Level finished 	25
303.2005 	DATA 	Keypress: o
303.2152 	Level image=tasty.jpg 	25
304.2017 	DATA 	Keypress: o
304.2152 	Level injecting via pump at address 1 	25
310.2046 	DATA 	Keypress: o
310.2059 	DATA 	Keypress: o
310.2072 	DATA 	Keypress: o
310.2327 	Level WAIT 	25
311.2323 	Level RINSE 	25
313.2036 	DATA 	Keypress: o
313.2157 	Level jitter 	25
321.1992 	Level finished 	25
321.2005 	DATA 	Keypress: o
321.2017 	DATA 	Keypress: o
321.2028 	DATA 	Keypress: o
321.2037 	DATA 	Keypress: o
321.2168 	Level image=tasty.jpg 	25
322.2018 	DATA 	Keypress: o
322.2164 	Level injecting via pump at address 1 	25
328.2038 	DATA 	Keypress: o
328.2049 	DATA 	Keypress: o
328.2058 	DATA 	Keypress: o
328.2167 	Level WAIT 	25
329.2169 	Level RINSE 	25
331.2038 	DATA 	Keypress: o
331.2175 	Level jitter 	25
335.1992 	Level finished 	25
335.2006 	DATA 	Keypress: o
335.2019 	DATA 	Keypress: o
335.2340 	Level image=waterlogo.jpg 	25
336.2020 	DATA 	Keypress: o
336.2341 	Level injecting via pump at address 0 	25
342.2042 	DATA 	Keypress: o
342.2052 	DATA 	Keypress: o
342.2062 	DATA 	Keypress: o
342.2348 	Level WAIT 	25
343.2178 	Level RINSE 	25
345.2044 	DATA 	Keypress: o
345.2346 	Level jitter 	25
348.1992 	Level finished 	25
348.2007 	DATA 	Keypress: o
348.2019 	DATA 	Keypress: o
348.2349 	Level image=tasty.jpg 	25
349.2183 	Level injecting via pump at address 1 	25
355.2038 	DATA 	Keypress: o
355.2050 	DATA 	Keypress: o
355.2063 	DATA 	Keypress: o
355.2190 	Level WAIT 	25
356.2023 	DATA 	Keypress: o
356.2187 	Level RINSE 	25
358.2043 	DATA 	Keypress: o
358.2188 	Level jitter 	25
363.1992 	Level finished 	25
363.2007 	DATA 	Keypress: o
363.2019 	DATA 	Keypress: o
363.2192 	Level image=waterlogo.jpg 	25
364.2019 	DATA 	Keypress: o
364.2193 	Level injecting via pump at address 0 	25
370.2048 	DATA 	Keypress: o
370.2066 	DATA 	Keypress: o
370.2075 	DATA 	Keypress: o
370.2368 	Level WAIT 	25
371.2198 	Level RINSE 	25
373.2046 	DATA 	Keypress: o
373.2199 	Level jitter 	25
378.1992 	Level finished 	25
378.2005 	DATA 	Keypress: o
378.2015 	DATA 	Keypress: o
378.2024 	DATA 	Keypress: o
378.2203 	Level image=waterlogo.jpg 	25
379.2203 	Level injecting via pump at address 0 	25
385.2048 	DATA 	Keypress: o
385.2061 	DATA 	Keypress: o
385.2074 	DATA 	Keypress: o
385.2211 	Level WAIT 	25
386.2018 	DATA 	Keypress: o
386.2208 	Level RINSE 	25
388.2042 	DATA 	Keypress: o
388.2209 	Level jitter 	25
397.1992 	Level finished 	25
397.2006 	DATA 	Keypress: o
397.2019 	DATA 	Keypress: o
397.2032 	DATA 	Keypress: o
397.2044 	DATA 	Keypress: o
397.2220 	Level image=tasty.jpg 	25
398.2017 	DATA 	Keypress: o
398.2216 	Level injecting via pump at address 1 	25
404.2047 	DATA 	Keypress: o
404.2061 	DATA 	Keypress: o
404.2074 	DATA 	Keypress: o
404.2220 	Level WAIT 	25
405.2054 	Level RINSE 	25
407.2048 	DATA 	Keypress: o
407.2227 	Level jitter 	25
409.1992 	Level finished 	25
409.2005 	DATA 	Keypress: o
409.2224 	Level image=waterlogo.jpg 	25
410.2018 	DATA 	Keypress: o
410.2225 	Level injecting via pump at address 0 	25
416.2056 	DATA 	Keypress: o
416.2070 	DATA 	Keypress: o
416.2083 	DATA 	Keypress: o
416.2228 	Level WAIT 	25
417.2234 	Level RINSE 	25
419.2046 	DATA 	Keypress: o
419.2231 	Level jitter 	25
422.1992 	Level finished 	25
422.2007 	DATA 	Keypress: o
422.2019 	DATA 	Keypress: o
422.2233 	Level image=waterlogo.jpg 	25
423.2234 	Level injecting via pump at address 0 	25
429.2041 	DATA 	Keypress: o
429.2052 	DATA 	Keypress: o
429.2062 	DATA 	Keypress: o
429.2241 	Level WAIT 	25
430.2016 	DATA 	Keypress: o
430.2073 	Level RINSE 	25
432.2042 	DATA 	Keypress: o
432.2240 	Level jitter 	25
437.1992 	Level finished 	25
437.2004 	DATA 	Keypress: o
437.2015 	DATA 	Keypress: o
437.2243 	Level image=tasty.jpg 	25
438.2020 	DATA 	Keypress: o
438.2244 	Level injecting via pump at address 1 	25
444.2047 	DATA 	Keypress: o
444.2061 	DATA 	Keypress: o
444.2073 	DATA 	Keypress: o
444.2252 	Level WAIT 	25
445.2249 	Level RINSE 	25
447.2045 	DATA 	Keypress: o
447.2250 	Level jitter 	25
449.1992 	Level finished 	25
449.2003 	DATA 	Keypress: o
449.2085 	Level image=tasty.jpg 	25
450.2018 	DATA 	Keypress: o
450.2253 	Level injecting via pump at address 1 	25
456.2046 	DATA 	Keypress: o
456.2060 	DATA 	Keypress: o
456.2073 	DATA 	Keypress: o
456.2260 	Level WAIT 	25
457.2257 	Level RINSE 	25
459.2043 	DATA 	Keypress: o
459.2258 	Level jitter 	25
466.1992 	Level finished 	25
466.2006 	DATA 	Keypress: o
466.2018 	DATA 	Keypress: o
466.2032 	DATA 	Keypress: o
466.2044 	DATA 	Keypress: o
466.2267 	Level image=waterlogo.jpg 	25
467.2264 	Level injecting via pump at address 0 	25
473.2049 	DATA 	Keypress: o
473.2062 	DATA 	Keypress: o
473.2074 	DATA 	Keypress: o
473.2267 	Level WAIT 	25
474.2020 	DATA 	Keypress: o
474.2102 	Level RINSE 	25
476.2042 	DATA 	Keypress: o
476.2275 	Level jitter 	25
479.1992 	Level finished 	25
479.2004 	DATA 	Keypress: o
479.2273 	Level image=tasty.jpg 	25
480.2015 	DATA 	Keypress: o
480.2106 	Level injecting via pump at address 1 	25
486.2049 	DATA 	Keypress: o
486.2061 	DATA 	Keypress: o
486.2074 	DATA 	Keypress: o
486.2115 	Level WAIT 	25
487.2112 	Level RINSE 	25
489.2046 	DATA 	Keypress: o
489.2279 	Level jitter 	25
491.1992 	Level finished 	25
491.2003 	DATA 	Keypress: o
491.2282 	Level image=waterlogo.jpg 	25
492.2019 	DATA 	Keypress: o
492.2282 	Level injecting via pump at address 0 	25
498.2050 	DATA 	Keypress: o
498.2065 	DATA 	Keypress: o
498.2078 	DATA 	Keypress: o
498.2289 	Level WAIT 	25
499.2119 	Level RINSE 	25
501.2041 	DATA 	Keypress: o
501.2287 	Level jitter 	25
509.1992 	Level finished 	25
509.2004 	DATA 	Keypress: o
509.2015 	DATA 	Keypress: o
509.2025 	DATA 	Keypress: o
509.2034 	DATA 	Keypress: o
509.2297 	Level image=tasty.jpg 	25
510.2020 	DATA 	Keypress: o
510.2294 	Level injecting via pump at address 1 	25
516.2051 	DATA 	Keypress: o
516.2064 	DATA 	Keypress: o
516.2076 	DATA 	Keypress: o
516.2297 	Level WAIT 	25
517.2298 	Level RINSE 	25
519.2053 	DATA 	Keypress: o
519.2304 	Level jitter 	25
521.1992 	Level finished 	25
521.2008 	DATA 	Keypress: o
521.2135 	Level image=waterlogo.jpg 	25
522.2018 	DATA 	Keypress: o
522.2136 	Level injecting via pump at address 0 	25
528.2048 	DATA 	Keypress: o
528.2062 	DATA 	Keypress: o
528.2075 	DATA 	Keypress: o
528.2305 	Level WAIT 	25
529.2311 	Level RINSE 	25
531.2051 	DATA 	Keypress: o
531.2142 	Level jitter 	25
538.1992 	Level finished 	25
