52.7976 	DATA 	Keypress: o
52.7984 	Level start key press 	25
54.7989 	DATA 	Keypress: o
56.7991 	DATA 	Keypress: o
58.7993 	DATA 	Keypress: o
60.7993 	DATA 	Keypress: o
61.4303 	Level image=waterlogo.jpg 	25
62.3308 	Level injecting via pump at address 0 	25
68.3183 	DATA 	Keypress: o
68.3193 	DATA 	Keypress: o
68.3203 	DATA 	Keypress: o
68.3308 	Level WAIT 	25
69.3161 	DATA 	Keypress: o
69.3310 	Level RINSE 	25
71.3270 	DATA 	Keypress: o
71.3476 	Level jitter 	25
77.3136 	Level finished 	25
77.3148 	DATA 	Keypress: o
77.3158 	DATA 	Keypress: o
77.3171 	DATA 	Keypress: o
77.3318 	Level image=tasty.jpg 	25
78.3315 	Level injecting via pump at address 1 	25
84.3193 	DATA 	Keypress: o
84.3207 	DATA 	Keypress: o
84.3219 	DATA 	Keypress: o
84.3319 	Level WAIT 	25
85.3160 	DATA 	Keypress: o
85.3321 	Level RINSE 	25
87.3182 	DATA 	Keypress: o
87.3325 	Level jitter 	25
93.3136 	Level finished 	25
93.3148 	DATA 	Keypress: o
93.3158 	DATA 	Keypress: o
93.3170 	DATA 	Keypress: o
93.3325 	Level image=tasty.jpg 	25
94.3327 	Level injecting via pump at address 1 	25
100.3191 	DATA 	Keypress: o
100.3204 	DATA 	Keypress: o
100.3214 	DATA 	Keypress: o
100.3335 	Level WAIT 	25
101.3161 	DATA 	Keypress: o
101.3331 	Level RINSE 	25
103.3194 	DATA 	Keypress: o
103.3332 	Level jitter 	25
105.3136 	Level finished 	25
105.3148 	DATA 	Keypress: o
105.3334 	Level image=waterlogo.jpg 	25
106.3335 	Level injecting via pump at address 0 	25
112.3193 	DATA 	Keypress: o
112.3206 	DATA 	Keypress: o
112.3218 	DATA 	Keypress: o
112.3343 	Level WAIT 	25
113.3165 	DATA 	Keypress: o
113.3340 	Level RINSE 	25
115.3192 	DATA 	Keypress: o
115.3341 	Level jitter 	25
121.3136 	Level finished 	25
121.3151 	DATA 	Keypress: o
121.3163 	DATA 	Keypress: o
121.3172 	DATA 	Keypress: o
121.3344 	Level image=tasty.jpg 	25
122.3350 	Level injecting via pump at address 1 	25
128.3185 	DATA 	Keypress: o
128.3195 	DATA 	Keypress: o
128.3206 	DATA 	Keypress: o
128.3350 	Level WAIT 	25
129.3164 	DATA 	Keypress: o
129.3351 	Level RINSE 	25
131.3199 	DATA 	Keypress: o
131.3351 	Level jitter 	25
136.3136 	Level finished 	25
136.3151 	DATA 	Keypress: o
136.3163 	DATA 	Keypress: o
136.3359 	Level image=waterlogo.jpg 	25
137.3164 	DATA 	Keypress: o
137.3356 	Level injecting via pump at address 0 	25
143.3199 	DATA 	Keypress: o
143.3213 	DATA 	Keypress: o
143.3225 	DATA 	Keypress: o
143.3360 	Level WAIT 	25
144.3361 	Level RINSE 	25
146.3184 	DATA 	Keypress: o
146.3366 	Level jitter 	25
151.3136 	Level finished 	25
151.3151 	DATA 	Keypress: o
151.3163 	DATA 	Keypress: o
151.3174 	DATA 	Keypress: o
151.3532 	Level image=tasty.jpg 	25
152.3201 	Level injecting via pump at address 1 	25
158.3192 	DATA 	Keypress: o
158.3205 	DATA 	Keypress: o
158.3217 	DATA 	Keypress: o
158.3375 	Level WAIT 	25
159.3165 	DATA 	Keypress: o
159.3371 	Level RINSE 	25
161.3182 	DATA 	Keypress: o
161.3205 	Level jitter 	25
167.3136 	Level finished 	25
167.3151 	DATA 	Keypress: o
167.3164 	DATA 	Keypress: o
167.3176 	DATA 	Keypress: o
167.3543 	Level image=waterlogo.jpg 	25
168.3383 	Level injecting via pump at address 0 	25
174.3195 	DATA 	Keypress: o
174.3208 	DATA 	Keypress: o
174.3221 	DATA 	Keypress: o
174.3381 	Level WAIT 	25
175.3171 	DATA 	Keypress: o
175.3383 	Level RINSE 	25
177.3181 	DATA 	Keypress: o
177.3383 	Level jitter 	25
180.3136 	Level finished 	25
180.3147 	DATA 	Keypress: o
180.3390 	Level image=tasty.jpg 	25
181.3166 	DATA 	Keypress: o
181.3386 	Level injecting via pump at address 1 	25
187.3198 	DATA 	Keypress: o
187.3211 	DATA 	Keypress: o
187.3222 	DATA 	Keypress: o
187.3391 	Level WAIT 	25
188.3391 	Level RINSE 	25
190.3181 	DATA 	Keypress: o
190.3396 	Level jitter 	25
198.3136 	Level finished 	25
198.3153 	DATA 	Keypress: o
198.3166 	DATA 	Keypress: o
198.3178 	DATA 	Keypress: o
198.3191 	DATA 	Keypress: o
198.3564 	Level image=waterlogo.jpg 	25
199.3165 	DATA 	Keypress: o
199.3232 	Level injecting via pump at address 0 	25
205.3198 	DATA 	Keypress: o
205.3212 	DATA 	Keypress: o
205.3225 	DATA 	Keypress: o
205.3407 	Level WAIT 	25
206.3403 	Level RINSE 	25
208.3191 	DATA 	Keypress: o
208.3238 	Level jitter 	25
210.3136 	Level finished 	25
210.3150 	DATA 	Keypress: o
210.3406 	Level image=tasty.jpg 	25
211.3161 	DATA 	Keypress: o
211.3241 	Level injecting via pump at address 1 	25
217.3203 	DATA 	Keypress: o
217.3221 	DATA 	Keypress: o
217.3238 	DATA 	Keypress: o
217.3415 	Level WAIT 	25
218.3245 	Level RINSE 	25
220.3196 	DATA 	Keypress: o
220.3413 	Level jitter 	25
229.3136 	Level finished 	25
229.3151 	DATA 	Keypress: o
229.3163 	DATA 	Keypress: o
229.3174 	DATA 	Keypress: o
229.3183 	DATA 	Keypress: o
229.3193 	DATA 	Keypress: o
229.3425 	Level image=waterlogo.jpg 	25
230.3254 	Level injecting via pump at address 0 	25
236.3191 	DATA 	Keypress: o
236.3202 	DATA 	Keypress: o
236.3212 	DATA 	Keypress: o
236.3257 	Level WAIT 	25
237.3165 	DATA 	Keypress: o
237.3258 	Level RINSE 	25
239.3187 	DATA 	Keypress: o
239.3264 	Level jitter 	25
241.3136 	Level finished 	25
241.3150 	DATA 	Keypress: o
241.3428 	Level image=tasty.jpg 	25
242.3263 	Level injecting via pump at address 1 	25
248.3193 	DATA 	Keypress: o
248.3206 	DATA 	Keypress: o
248.3218 	DATA 	Keypress: o
248.3432 	Level WAIT 	25
249.3165 	DATA 	Keypress: o
249.3270 	Level RINSE 	25
251.3190 	DATA 	Keypress: o
251.3434 	Level jitter 	25
254.3136 	Level finished 	25
254.3150 	DATA 	Keypress: o
254.3436 	Level image=waterlogo.jpg 	25
255.3161 	DATA 	Keypress: o
255.3271 	Level injecting via pump at address 0 	25
261.3193 	DATA 	Keypress: o
261.3207 	DATA 	Keypress: o
261.3219 	DATA 	Keypress: o
261.3279 	Level WAIT 	25
262.3275 	Level RINSE 	25
264.3191 	DATA 	Keypress: o
264.3276 	Level jitter 	25
268.3136 	Level finished 	25
268.3150 	DATA 	Keypress: o
268.3160 	DATA 	Keypress: o
268.3281 	Level image=tasty.jpg 	25
269.3162 	DATA 	Keypress: o
269.3447 	Level injecting via pump at address 1 	25
275.3193 	DATA 	Keypress: o
275.3206 	DATA 	Keypress: o
275.3218 	DATA 	Keypress: o
275.3455 	Level WAIT 	25
276.3452 	Level RINSE 	25
278.3191 	DATA 	Keypress: o
278.3452 	Level jitter 	25
279.3136 	Level finished 	25
279.3149 	DATA 	Keypress: o
279.3454 	Level image=waterlogo.jpg 	25
280.3288 	Level injecting via pump at address 0 	25
286.3184 	DATA 	Keypress: o
286.3195 	DATA 	Keypress: o
286.3205 	DATA 	Keypress: o
286.3297 	Level WAIT 	25
287.3165 	DATA 	Keypress: o
287.3292 	Level RINSE 	25
289.3195 	DATA 	Keypress: o
289.3294 	Level jitter 	25
292.3136 	Level finished 	25
292.3154 	DATA 	Keypress: o
292.3296 	Level image=tasty.jpg 	25
293.3165 	DATA 	Keypress: o
293.3297 	Level injecting via pump at address 1 	25
299.3187 	DATA 	Keypress: o
299.3198 	DATA 	Keypress: o
299.3208 	DATA 	Keypress: o
299.3305 	Level WAIT 	25
300.3301 	Level RINSE 	25
302.3191 	DATA 	Keypress: o
302.3302 	Level jitter 	25
310.3136 	Level finished 	25
310.3151 	DATA 	Keypress: o
310.3163 	DATA 	Keypress: o
310.3174 	DATA 	Keypress: o
310.3184 	DATA 	Keypress: o
310.3479 	Level image=tasty.jpg 	25
311.3164 	DATA 	Keypress: o
311.3311 	Level injecting via pump at address 1 	25
317.3187 	DATA 	Keypress: o
317.3197 	DATA 	Keypress: o
317.3207 	DATA 	Keypress: o
317.3313 	Level WAIT 	25
318.3314 	Level RINSE 	25
320.3191 	DATA 	Keypress: o
320.3319 	Level jitter 	25
324.3136 	Level finished 	25
324.3151 	DATA 	Keypress: o
324.3163 	DATA 	Keypress: o
324.3318 	Level image=waterlogo.jpg 	25
325.3161 	DATA 	Keypress: o
325.3320 	Level injecting via pump at address 0 	25
331.3197 	DATA 	Keypress: o
331.3208 	DATA 	Keypress: o
331.3218 	DATA 	Keypress: o
331.3327 	Level WAIT 	25
332.3323 	Level RINSE 	25
334.3202 	DATA 	Keypress: o
334.3324 	Level jitter 	25
337.3136 	Level finished 	25
337.3151 	DATA 	Keypress: o
337.3162 	DATA 	Keypress: o
337.3327 	Level image=tasty.jpg 	25
338.3328 	Level injecting via pump at address 1 	25
344.3191 	DATA 	Keypress: o
344.3203 	DATA 	Keypress: o
344.3214 	DATA 	Keypress: o
344.3503 	Level WAIT 	25
345.3160 	DATA 	Keypress: o
345.3333 	Level RINSE 	25
347.3192 	DATA 	Keypress: o
347.3334 	Level jitter 	25
352.3136 	Level finished 	25
352.3151 	DATA 	Keypress: o
352.3163 	DATA 	Keypress: o
352.3338 	Level image=waterlogo.jpg 	25
353.3164 	DATA 	Keypress: o
353.3339 	Level injecting via pump at address 0 	25
359.3194 	DATA 	Keypress: o
359.3207 	DATA 	Keypress: o
359.3220 	DATA 	Keypress: o
359.3346 	Level WAIT 	25
360.3343 	Level RINSE 	25
362.3188 	DATA 	Keypress: o
362.3344 	Level jitter 	25
367.3136 	Level finished 	25
367.3149 	DATA 	Keypress: o
367.3162 	DATA 	Keypress: o
367.3172 	DATA 	Keypress: o
367.3348 	Level image=waterlogo.jpg 	25
368.3350 	Level injecting via pump at address 0 	25
374.3188 	DATA 	Keypress: o
374.3199 	DATA 	Keypress: o
374.3208 	DATA 	Keypress: o
374.3356 	Level WAIT 	25
375.3165 	DATA 	Keypress: o
375.3354 	Level RINSE 	25
377.3190 	DATA 	Keypress: o
377.3354 	Level jitter 	25
386.3136 	Level finished 	25
386.3153 	DATA 	Keypress: o
386.3166 	DATA 	Keypress: o
386.3178 	DATA 	Keypress: o
386.3192 	DATA 	Keypress: o
386.3366 	Level image=tasty.jpg 	25
387.3161 	DATA 	Keypress: o
387.3362 	Level injecting via pump at address 1 	25
393.3197 	DATA 	Keypress: o
393.3211 	DATA 	Keypress: o
393.3222 	DATA 	Keypress: o
393.3365 	Level WAIT 	25
394.3366 	Level RINSE 	25
396.3196 	DATA 	Keypress: o
396.3373 	Level jitter 	25
398.3136 	Level finished 	25
398.3150 	DATA 	Keypress: o
398.3371 	Level image=waterlogo.jpg 	25
399.3165 	DATA 	Keypress: o
399.3371 	Level injecting via pump at address 0 	25
405.3187 	DATA 	Keypress: o
405.3200 	DATA 	Keypress: o
405.3212 	DATA 	Keypress: o
405.3373 	Level WAIT 	25
406.3379 	Level RINSE 	25
408.3193 	DATA 	Keypress: o
408.3376 	Level jitter 	25
411.3136 	Level finished 	25
411.3150 	DATA 	Keypress: o
411.3163 	DATA 	Keypress: o
411.3379 	Level image=waterlogo.jpg 	25
412.3380 	Level injecting via pump at address 0 	25
418.3182 	DATA 	Keypress: o
418.3192 	DATA 	Keypress: o
418.3202 	DATA 	Keypress: o
418.3387 	Level WAIT 	25
419.3164 	DATA 	Keypress: o
419.3384 	Level RINSE 	25
421.3195 	DATA 	Keypress: o
421.3384 	Level jitter 	25
426.3136 	Level finished 	25
426.3151 	DATA 	Keypress: o
426.3164 	DATA 	Keypress: o
426.3555 	Level image=tasty.jpg 	25
427.3166 	DATA 	Keypress: o
427.3389 	Level injecting via pump at address 1 	25
433.3184 	DATA 	Keypress: o
433.3195 	DATA 	Keypress: o
433.3207 	DATA 	Keypress: o
433.3397 	Level WAIT 	25
434.3394 	Level RINSE 	25
436.3195 	DATA 	Keypress: o
436.3395 	Level jitter 	25
438.3136 	Level finished 	25
438.3149 	DATA 	Keypress: o
438.3397 	Level image=tasty.jpg 	25
439.3165 	DATA 	Keypress: o
439.3231 	Level injecting via pump at address 1 	25
445.3191 	DATA 	Keypress: o
445.3203 	DATA 	Keypress: o
445.3216 	DATA 	Keypress: o
445.3405 	Level WAIT 	25
446.3235 	Level RINSE 	25
448.3191 	DATA 	Keypress: o
448.3237 	Level jitter 	25
455.3136 	Level finished 	25
455.3150 	DATA 	Keypress: o
455.3160 	DATA 	Keypress: o
455.3169 	DATA 	Keypress: o
455.3179 	DATA 	Keypress: o
455.3414 	Level image=waterlogo.jpg 	25
456.3410 	Level injecting via pump at address 0 	25
462.3187 	DATA 	Keypress: o
462.3200 	DATA 	Keypress: o
462.3211 	DATA 	Keypress: o
462.3413 	Level WAIT 	25
463.3163 	DATA 	Keypress: o
463.3414 	Level RINSE 	25
465.3200 	DATA 	Keypress: o
465.3419 	Level jitter 	25
468.3136 	Level finished 	25
468.3154 	DATA 	Keypress: o
468.3418 	Level image=tasty.jpg 	25
469.3164 	DATA 	Keypress: o
469.3419 	Level injecting via pump at address 1 	25
475.3197 	DATA 	Keypress: o
475.3210 	DATA 	Keypress: o
475.3222 	DATA 	Keypress: o
475.3426 	Level WAIT 	25
476.3256 	Level RINSE 	25
478.3196 	DATA 	Keypress: o
478.3424 	Level jitter 	25
480.3136 	Level finished 	25
480.3153 	DATA 	Keypress: o
480.3426 	Level image=waterlogo.jpg 	25
481.3164 	DATA 	Keypress: o
481.3427 	Level injecting via pump at address 0 	25
487.3194 	DATA 	Keypress: o
487.3208 	DATA 	Keypress: o
487.3223 	DATA 	Keypress: o
487.3435 	Level WAIT 	25
488.3431 	Level RINSE 	25
490.3185 	DATA 	Keypress: o
490.3432 	Level jitter 	25
498.3136 	Level finished 	25
498.3151 	DATA 	Keypress: o
498.3163 	DATA 	Keypress: o
498.3175 	DATA 	Keypress: o
498.3185 	DATA 	Keypress: o
498.3276 	Level image=tasty.jpg 	25
499.3164 	DATA 	Keypress: o
499.3273 	Level injecting via pump at address 1 	25
505.3188 	DATA 	Keypress: o
505.3201 	DATA 	Keypress: o
505.3214 	DATA 	Keypress: o
505.3443 	Level WAIT 	25
506.3277 	Level RINSE 	25
508.3210 	DATA 	Keypress: o
508.3283 	Level jitter 	25
510.3136 	Level finished 	25
510.3149 	DATA 	Keypress: o
510.3446 	Level image=waterlogo.jpg 	25
511.3165 	DATA 	Keypress: o
511.3281 	Level injecting via pump at address 0 	25
517.3193 	DATA 	Keypress: o
517.3205 	DATA 	Keypress: o
517.3215 	DATA 	Keypress: o
517.3284 	Level WAIT 	25
518.3290 	Level RINSE 	25
520.3191 	DATA 	Keypress: o
520.3287 	Level jitter 	25
527.3136 	Level finished 	25
