94.8626 	DATA 	Keypress: o
94.8639 	Level start key press 	25
96.8632 	DATA 	Keypress: o
98.8634 	DATA 	Keypress: o
100.8636 	DATA 	Keypress: o
102.8639 	DATA 	Keypress: o
103.3115 	Level image=waterlogo.jpg 	25
104.2120 	Level injecting via pump at address 0 	25
110.1997 	DATA 	Keypress: o
110.2007 	DATA 	Keypress: o
110.2016 	DATA 	Keypress: o
110.2123 	Level WAIT 	25
111.1974 	DATA 	Keypress: o
111.2125 	Level RINSE 	25
113.2078 	DATA 	Keypress: o
113.2127 	Level jitter 	25
119.1948 	Level finished 	25
119.1961 	DATA 	Keypress: o
119.1970 	DATA 	Keypress: o
119.1979 	DATA 	Keypress: o
119.2138 	Level image=tasty.jpg 	25
120.2135 	Level injecting via pump at address 1 	25
126.1992 	DATA 	Keypress: o
126.2002 	DATA 	Keypress: o
126.2011 	DATA 	Keypress: o
126.2142 	Level WAIT 	25
127.1975 	DATA 	Keypress: o
127.2143 	Level RINSE 	25
129.1997 	DATA 	Keypress: o
129.2150 	Level jitter 	25
135.1948 	Level finished 	25
135.1961 	DATA 	Keypress: o
135.1971 	DATA 	Keypress: o
135.1980 	DATA 	Keypress: o
135.2153 	Level image=tasty.jpg 	25
136.2154 	Level injecting via pump at address 1 	25
142.2001 	DATA 	Keypress: o
142.2015 	DATA 	Keypress: o
142.2026 	DATA 	Keypress: o
142.2165 	Level WAIT 	25
143.1976 	DATA 	Keypress: o
143.2163 	Level RINSE 	25
145.1995 	DATA 	Keypress: o
145.2165 	Level jitter 	25
147.1948 	Level finished 	25
147.1960 	DATA 	Keypress: o
147.2335 	Level image=waterlogo.jpg 	25
148.2168 	Level injecting via pump at address 0 	25
154.1996 	DATA 	Keypress: o
154.2007 	DATA 	Keypress: o
154.2016 	DATA 	Keypress: o
154.2179 	Level WAIT 	25
155.1973 	DATA 	Keypress: o
155.2176 	Level RINSE 	25
157.1998 	DATA 	Keypress: o
157.2178 	Level jitter 	25
163.1948 	Level finished 	25
163.1960 	DATA 	Keypress: o
163.1971 	DATA 	Keypress: o
163.1982 	DATA 	Keypress: o
163.2186 	Level image=tasty.jpg 	25
164.2191 	Level injecting via pump at address 1 	25
170.2002 	DATA 	Keypress: o
170.2015 	DATA 	Keypress: o
170.2027 	DATA 	Keypress: o
170.2194 	Level WAIT 	25
171.1972 	DATA 	Keypress: o
171.2195 	Level RINSE 	25
173.1998 	DATA 	Keypress: o
173.2198 	Level jitter 	25
178.1948 	Level finished 	25
178.1961 	DATA 	Keypress: o
178.1970 	DATA 	Keypress: o
178.2207 	Level image=waterlogo.jpg 	25
179.1972 	DATA 	Keypress: o
179.2038 	Level injecting via pump at address 0 	25
185.1999 	DATA 	Keypress: o
185.2011 	DATA 	Keypress: o
185.2022 	DATA 	Keypress: o
185.2211 	Level WAIT 	25
186.2213 	Level RINSE 	25
188.2001 	DATA 	Keypress: o
188.2053 	Level jitter 	25
193.1948 	Level finished 	25
193.1960 	DATA 	Keypress: o
193.1972 	DATA 	Keypress: o
193.1983 	DATA 	Keypress: o
193.2221 	Level image=tasty.jpg 	25
194.2055 	Level injecting via pump at address 1 	25
200.2000 	DATA 	Keypress: o
200.2009 	DATA 	Keypress: o
200.2019 	DATA 	Keypress: o
200.2233 	Level WAIT 	25
201.1973 	DATA 	Keypress: o
201.2063 	Level RINSE 	25
203.1998 	DATA 	Keypress: o
203.2233 	Level jitter 	25
209.1948 	Level finished 	25
209.1961 	DATA 	Keypress: o
209.1974 	DATA 	Keypress: o
209.1985 	DATA 	Keypress: o
209.2240 	Level image=waterlogo.jpg 	25
210.2079 	Level injecting via pump at address 0 	25
216.2002 	DATA 	Keypress: o
216.2014 	DATA 	Keypress: o
216.2026 	DATA 	Keypress: o
216.2080 	Level WAIT 	25
217.1974 	DATA 	Keypress: o
217.2082 	Level RINSE 	25
219.2003 	DATA 	Keypress: o
219.2084 	Level jitter 	25
222.1948 	Level finished 	25
222.1961 	DATA 	Keypress: o
222.2092 	Level image=tasty.jpg 	25
223.1976 	DATA 	Keypress: o
223.2089 	Level injecting via pump at address 1 	25
229.1997 	DATA 	Keypress: o
229.2008 	DATA 	Keypress: o
229.2018 	DATA 	Keypress: o
229.2095 	Level WAIT 	25
230.2097 	Level RINSE 	25
232.1999 	DATA 	Keypress: o
232.2102 	Level jitter 	25
240.1948 	Level finished 	25
240.1962 	DATA 	Keypress: o
240.1974 	DATA 	Keypress: o
240.1985 	DATA 	Keypress: o
240.1994 	DATA 	Keypress: o
240.2276 	Level image=waterlogo.jpg 	25
241.1974 	DATA 	Keypress: o
241.2111 	Level injecting via pump at address 0 	25
247.1999 	DATA 	Keypress: o
247.2009 	DATA 	Keypress: o
247.2018 	DATA 	Keypress: o
247.2120 	Level WAIT 	25
248.2117 	Level RINSE 	25
250.1991 	DATA 	Keypress: o
250.2119 	Level jitter 	25
252.1948 	Level finished 	25
252.1959 	DATA 	Keypress: o
252.2289 	Level image=tasty.jpg 	25
253.1974 	DATA 	Keypress: o
253.2291 	Level injecting via pump at address 1 	25
259.1996 	DATA 	Keypress: o
259.2009 	DATA 	Keypress: o
259.2020 	DATA 	Keypress: o
259.2302 	Level WAIT 	25
260.2132 	Level RINSE 	25
262.2005 	DATA 	Keypress: o
262.2301 	Level jitter 	25
271.1948 	Level finished 	25
271.1961 	DATA 	Keypress: o
271.1973 	DATA 	Keypress: o
271.1985 	DATA 	Keypress: o
271.1998 	DATA 	Keypress: o
271.2008 	DATA 	Keypress: o
271.2315 	Level image=waterlogo.jpg 	25
272.1979 	Level injecting via pump at address 0 	25
278.1992 	DATA 	Keypress: o
278.2004 	DATA 	Keypress: o
278.2016 	DATA 	Keypress: o
278.2320 	Level WAIT 	25
279.1976 	DATA 	Keypress: o
279.2154 	Level RINSE 	25
281.1996 	DATA 	Keypress: o
281.2327 	Level jitter 	25
283.1948 	Level finished 	25
283.1962 	DATA 	Keypress: o
283.2160 	Level image=tasty.jpg 	25
284.2161 	Level injecting via pump at address 1 	25
290.1999 	DATA 	Keypress: o
290.2009 	DATA 	Keypress: o
290.2018 	DATA 	Keypress: o
290.2166 	Level WAIT 	25
291.1975 	DATA 	Keypress: o
291.2172 	Level RINSE 	25
293.1996 	DATA 	Keypress: o
293.2170 	Level jitter 	25
296.1948 	Level finished 	25
296.1961 	DATA 	Keypress: o
296.2174 	Level image=waterlogo.jpg 	25
297.1972 	DATA 	Keypress: o
297.2009 	Level injecting via pump at address 0 	25
303.2006 	DATA 	Keypress: o
303.2021 	DATA 	Keypress: o
303.2032 	DATA 	Keypress: o
303.2353 	Level WAIT 	25
304.2184 	Level RINSE 	25
306.1996 	DATA 	Keypress: o
306.2185 	Level jitter 	25
310.1948 	Level finished 	25
310.1965 	DATA 	Keypress: o
310.1976 	DATA 	Keypress: o
310.2190 	Level image=tasty.jpg 	25
311.1974 	DATA 	Keypress: o
311.2192 	Level injecting via pump at address 1 	25
317.1994 	DATA 	Keypress: o
317.2004 	DATA 	Keypress: o
317.2014 	DATA 	Keypress: o
317.2202 	Level WAIT 	25
318.2199 	Level RINSE 	25
320.2002 	DATA 	Keypress: o
320.2202 	Level jitter 	25
321.1948 	Level finished 	25
321.1959 	DATA 	Keypress: o
321.2203 	Level image=waterlogo.jpg 	25
322.2039 	Level injecting via pump at address 0 	25
328.1999 	DATA 	Keypress: o
328.2009 	DATA 	Keypress: o
328.2020 	DATA 	Keypress: o
328.2215 	Level WAIT 	25
329.1976 	DATA 	Keypress: o
329.2046 	Level RINSE 	25
331.1997 	DATA 	Keypress: o
331.2214 	Level jitter 	25
334.1948 	Level finished 	25
334.1959 	DATA 	Keypress: o
334.2218 	Level image=tasty.jpg 	25
335.1979 	DATA 	Keypress: o
335.2053 	Level injecting via pump at address 1 	25
341.2001 	DATA 	Keypress: o
341.2012 	DATA 	Keypress: o
341.2021 	DATA 	Keypress: o
341.2231 	Level WAIT 	25
342.2061 	Level RINSE 	25
344.1993 	DATA 	Keypress: o
344.2063 	Level jitter 	25
352.1948 	Level finished 	25
352.1960 	DATA 	Keypress: o
352.1970 	DATA 	Keypress: o
352.1981 	DATA 	Keypress: o
352.1992 	DATA 	Keypress: o
352.2243 	Level image=tasty.jpg 	25
353.1974 	DATA 	Keypress: o
353.2074 	Level injecting via pump at address 1 	25
359.2000 	DATA 	Keypress: o
359.2011 	DATA 	Keypress: o
359.2022 	DATA 	Keypress: o
359.2247 	Level WAIT 	25
360.2082 	Level RINSE 	25
362.1992 	DATA 	Keypress: o
362.2255 	Level jitter 	25
366.1948 	Level finished 	25
366.1961 	DATA 	Keypress: o
366.1972 	DATA 	Keypress: o
366.2090 	Level image=waterlogo.jpg 	25
367.1975 	DATA 	Keypress: o
367.2091 	Level injecting via pump at address 0 	25
373.2006 	DATA 	Keypress: o
373.2019 	DATA 	Keypress: o
373.2030 	DATA 	Keypress: o
373.2268 	Level WAIT 	25
374.2098 	Level RINSE 	25
376.1998 	DATA 	Keypress: o
376.2100 	Level jitter 	25
379.1948 	Level finished 	25
379.1960 	DATA 	Keypress: o
379.1970 	DATA 	Keypress: o
379.2105 	Level image=tasty.jpg 	25
380.2107 	Level injecting via pump at address 1 	25
386.1993 	DATA 	Keypress: o
386.2003 	DATA 	Keypress: o
386.2013 	DATA 	Keypress: o
386.2283 	Level WAIT 	25
387.1972 	DATA 	Keypress: o
387.2280 	Level RINSE 	25
389.2002 	DATA 	Keypress: o
389.2115 	Level jitter 	25
394.1948 	Level finished 	25
394.1960 	DATA 	Keypress: o
394.1970 	DATA 	Keypress: o
394.2122 	Level image=waterlogo.jpg 	25
395.1976 	DATA 	Keypress: o
395.2124 	Level injecting via pump at address 0 	25
401.1999 	DATA 	Keypress: o
401.2010 	DATA 	Keypress: o
401.2022 	DATA 	Keypress: o
401.2133 	Level WAIT 	25
402.2131 	Level RINSE 	25
404.1999 	DATA 	Keypress: o
404.2133 	Level jitter 	25
409.1948 	Level finished 	25
409.1961 	DATA 	Keypress: o
409.1971 	DATA 	Keypress: o
409.1980 	DATA 	Keypress: o
409.2306 	Level image=waterlogo.jpg 	25
410.2141 	Level injecting via pump at address 0 	25
416.2000 	DATA 	Keypress: o
416.2010 	DATA 	Keypress: o
416.2020 	DATA 	Keypress: o
416.2151 	Level WAIT 	25
417.1976 	DATA 	Keypress: o
417.2149 	Level RINSE 	25
419.1998 	DATA 	Keypress: o
419.2150 	Level jitter 	25
428.1948 	Level finished 	25
428.1964 	DATA 	Keypress: o
428.1974 	DATA 	Keypress: o
428.1983 	DATA 	Keypress: o
428.1993 	DATA 	Keypress: o
428.2165 	Level image=tasty.jpg 	25
429.1972 	DATA 	Keypress: o
429.2162 	Level injecting via pump at address 1 	25
435.1996 	DATA 	Keypress: o
435.2006 	DATA 	Keypress: o
435.2016 	DATA 	Keypress: o
435.2169 	Level WAIT 	25
436.2171 	Level RINSE 	25
438.1998 	DATA 	Keypress: o
438.2177 	Level jitter 	25
440.1948 	Level finished 	25
440.1961 	DATA 	Keypress: o
440.2342 	Level image=waterlogo.jpg 	25
441.1972 	DATA 	Keypress: o
441.2177 	Level injecting via pump at address 0 	25
447.1997 	DATA 	Keypress: o
447.2008 	DATA 	Keypress: o
447.2016 	DATA 	Keypress: o
447.2183 	Level WAIT 	25
448.2188 	Level RINSE 	25
450.1997 	DATA 	Keypress: o
450.2187 	Level jitter 	25
453.1948 	Level finished 	25
453.1962 	DATA 	Keypress: o
453.1973 	DATA 	Keypress: o
453.2191 	Level image=waterlogo.jpg 	25
454.2193 	Level injecting via pump at address 0 	25
460.2003 	DATA 	Keypress: o
460.2016 	DATA 	Keypress: o
460.2028 	DATA 	Keypress: o
460.2202 	Level WAIT 	25
461.1972 	DATA 	Keypress: o
461.2200 	Level RINSE 	25
463.1996 	DATA 	Keypress: o
463.2202 	Level jitter 	25
468.1948 	Level finished 	25
468.1960 	DATA 	Keypress: o
468.1970 	DATA 	Keypress: o
468.2209 	Level image=tasty.jpg 	25
469.1973 	DATA 	Keypress: o
469.2042 	Level injecting via pump at address 1 	25
475.1993 	DATA 	Keypress: o
475.2003 	DATA 	Keypress: o
475.2012 	DATA 	Keypress: o
475.2054 	Level WAIT 	25
476.2050 	Level RINSE 	25
478.2003 	DATA 	Keypress: o
478.2054 	Level jitter 	25
480.1948 	Level finished 	25
480.1960 	DATA 	Keypress: o
480.2222 	Level image=tasty.jpg 	25
481.1972 	DATA 	Keypress: o
481.2057 	Level injecting via pump at address 1 	25
487.2001 	DATA 	Keypress: o
487.2012 	DATA 	Keypress: o
487.2022 	DATA 	Keypress: o
487.2234 	Level WAIT 	25
488.2064 	Level RINSE 	25
490.2001 	DATA 	Keypress: o
490.2233 	Level jitter 	25
497.1948 	Level finished 	25
497.1960 	DATA 	Keypress: o
497.1970 	DATA 	Keypress: o
497.1979 	DATA 	Keypress: o
497.1989 	DATA 	Keypress: o
497.2079 	Level image=waterlogo.jpg 	25
498.2076 	Level injecting via pump at address 0 	25
504.1992 	DATA 	Keypress: o
504.2005 	DATA 	Keypress: o
504.2018 	DATA 	Keypress: o
504.2249 	Level WAIT 	25
505.1975 	DATA 	Keypress: o
505.2251 	Level RINSE 	25
507.1992 	DATA 	Keypress: o
507.2092 	Level jitter 	25
510.1948 	Level finished 	25
510.1960 	DATA 	Keypress: o
510.2090 	Level image=tasty.jpg 	25
511.1974 	DATA 	Keypress: o
511.2259 	Level injecting via pump at address 1 	25
517.1997 	DATA 	Keypress: o
517.2007 	DATA 	Keypress: o
517.2017 	DATA 	Keypress: o
517.2269 	Level WAIT 	25
518.2266 	Level RINSE 	25
520.1991 	DATA 	Keypress: o
520.2102 	Level jitter 	25
522.1948 	Level finished 	25
522.1960 	DATA 	Keypress: o
522.2105 	Level image=waterlogo.jpg 	25
523.1974 	DATA 	Keypress: o
523.2106 	Level injecting via pump at address 0 	25
529.1997 	DATA 	Keypress: o
529.2007 	DATA 	Keypress: o
529.2015 	DATA 	Keypress: o
529.2116 	Level WAIT 	25
530.2114 	Level RINSE 	25
532.2001 	DATA 	Keypress: o
532.2115 	Level jitter 	25
540.1948 	Level finished 	25
540.1960 	DATA 	Keypress: o
540.1970 	DATA 	Keypress: o
540.1979 	DATA 	Keypress: o
540.1989 	DATA 	Keypress: o
540.2297 	Level image=tasty.jpg 	25
541.1975 	DATA 	Keypress: o
541.2127 	Level injecting via pump at address 1 	25
547.1999 	DATA 	Keypress: o
547.2010 	DATA 	Keypress: o
547.2022 	DATA 	Keypress: o
547.2133 	Level WAIT 	25
548.2135 	Level RINSE 	25
550.2011 	DATA 	Keypress: o
550.2141 	Level jitter 	25
552.1948 	Level finished 	25
552.1959 	DATA 	Keypress: o
552.2306 	Level image=waterlogo.jpg 	25
553.1973 	DATA 	Keypress: o
553.2141 	Level injecting via pump at address 0 	25
559.1999 	DATA 	Keypress: o
559.2009 	DATA 	Keypress: o
559.2018 	DATA 	Keypress: o
559.2147 	Level WAIT 	25
560.2153 	Level RINSE 	25
562.1991 	DATA 	Keypress: o
562.2317 	Level jitter 	25
569.1948 	Level finished 	25
