66.5832 	DATA 	Keypress: o
66.5839 	Level start key press 	25
68.5823 	DATA 	Keypress: o
70.5828 	DATA 	Keypress: o
72.5831 	DATA 	Keypress: o
74.6000 	DATA 	Keypress: o
75.0978 	Level image=waterlogo.jpg 	25
76.0479 	Level injecting via pump at address 0 	25
82.0360 	DATA 	Keypress: o
82.0371 	DATA 	Keypress: o
82.0381 	DATA 	Keypress: o
82.0489 	Level WAIT 	25
83.0339 	DATA 	Keypress: o
83.0487 	Level RINSE 	25
85.0427 	DATA 	Keypress: o
85.0489 	Level jitter 	25
94.0311 	Level finished 	25
94.0325 	DATA 	Keypress: o
94.0336 	DATA 	Keypress: o
94.0348 	DATA 	Keypress: o
94.0359 	DATA 	Keypress: o
94.0504 	Level image=waterlogo.jpg 	25
95.0339 	DATA 	Keypress: o
95.0502 	Level injecting via pump at address 0 	25
101.0363 	DATA 	Keypress: o
101.0374 	DATA 	Keypress: o
101.0386 	DATA 	Keypress: o
101.0508 	Level WAIT 	25
102.0509 	Level RINSE 	25
104.0360 	DATA 	Keypress: o
104.0515 	Level jitter 	25
109.0311 	Level finished 	25
109.0324 	DATA 	Keypress: o
109.0337 	DATA 	Keypress: o
109.0347 	DATA 	Keypress: o
109.0684 	Level image=tasty.jpg 	25
110.0519 	Level injecting via pump at address 0 	25
116.0362 	DATA 	Keypress: o
116.0374 	DATA 	Keypress: o
116.0386 	DATA 	Keypress: o
116.0530 	Level WAIT 	25
117.0338 	DATA 	Keypress: o
117.0527 	Level RINSE 	25
119.0367 	DATA 	Keypress: o
119.0529 	Level jitter 	25
120.0311 	Level finished 	25
120.0531 	Level image=tasty.jpg 	25
121.0336 	DATA 	Keypress: o
121.0532 	Level injecting via pump at address 1 	25
127.0365 	DATA 	Keypress: o
127.0376 	DATA 	Keypress: o
127.0385 	DATA 	Keypress: o
127.0542 	Level WAIT 	25
128.0373 	Level RINSE 	25
130.0355 	DATA 	Keypress: o
130.0542 	Level jitter 	25
135.0311 	Level finished 	25
135.0322 	DATA 	Keypress: o
135.0332 	DATA 	Keypress: o
135.0341 	DATA 	Keypress: o
135.0548 	Level image=tasty.jpg 	25
136.0549 	Level injecting via pump at address 0 	25
142.0366 	DATA 	Keypress: o
142.0378 	DATA 	Keypress: o
142.0389 	DATA 	Keypress: o
142.0560 	Level WAIT 	25
143.0338 	DATA 	Keypress: o
143.0559 	Level RINSE 	25
145.0354 	DATA 	Keypress: o
145.0560 	Level jitter 	25
149.0311 	Level finished 	25
149.0324 	DATA 	Keypress: o
149.0335 	DATA 	Keypress: o
149.0564 	Level image=waterlogo.jpg 	25
150.0400 	Level injecting via pump at address 0 	25
156.0364 	DATA 	Keypress: o
156.0378 	DATA 	Keypress: o
156.0389 	DATA 	Keypress: o
156.0409 	Level WAIT 	25
157.0339 	DATA 	Keypress: o
157.0575 	Level RINSE 	25
159.0367 	DATA 	Keypress: o
159.0576 	Level jitter 	25
161.0311 	Level finished 	25
161.0323 	DATA 	Keypress: o
161.0579 	Level image=tasty.jpg 	25
162.0581 	Level injecting via pump at address 0 	25
168.0363 	DATA 	Keypress: o
168.0376 	DATA 	Keypress: o
168.0388 	DATA 	Keypress: o
168.0591 	Level WAIT 	25
169.0335 	DATA 	Keypress: o
169.0421 	Level RINSE 	25
171.0364 	DATA 	Keypress: o
171.0590 	Level jitter 	25
179.0311 	Level finished 	25
179.0322 	DATA 	Keypress: o
179.0332 	DATA 	Keypress: o
179.0341 	DATA 	Keypress: o
179.0350 	DATA 	Keypress: o
179.0603 	Level image=waterlogo.jpg 	25
180.0601 	Level injecting via pump at address 0 	25
186.0364 	DATA 	Keypress: o
186.0375 	DATA 	Keypress: o
186.0390 	DATA 	Keypress: o
186.0608 	Level WAIT 	25
187.0337 	DATA 	Keypress: o
187.0610 	Level RINSE 	25
189.0364 	DATA 	Keypress: o
189.0615 	Level jitter 	25
194.0311 	Level finished 	25
194.0324 	DATA 	Keypress: o
194.0334 	DATA 	Keypress: o
194.0451 	Level image=tasty.jpg 	25
195.0339 	DATA 	Keypress: o
195.0453 	Level injecting via pump at address 1 	25
201.0365 	DATA 	Keypress: o
201.0374 	DATA 	Keypress: o
201.0383 	DATA 	Keypress: o
201.0630 	Level WAIT 	25
202.0627 	Level RINSE 	25
204.0362 	DATA 	Keypress: o
204.0462 	Level jitter 	25
206.0311 	Level finished 	25
206.0322 	DATA 	Keypress: o
206.0464 	Level image=tasty.jpg 	25
207.0338 	DATA 	Keypress: o
207.0466 	Level injecting via pump at address 0 	25
213.0364 	DATA 	Keypress: o
213.0376 	DATA 	Keypress: o
213.0386 	DATA 	Keypress: o
213.0477 	Level WAIT 	25
214.0474 	Level RINSE 	25
216.0364 	DATA 	Keypress: o
216.0476 	Level jitter 	25
219.0311 	Level finished 	25
219.0322 	DATA 	Keypress: o
219.0333 	DATA 	Keypress: o
219.0480 	Level image=waterlogo.jpg 	25
220.0481 	Level injecting via pump at address 0 	25
226.0368 	DATA 	Keypress: o
226.0380 	DATA 	Keypress: o
226.0392 	DATA 	Keypress: o
226.0492 	Level WAIT 	25
227.0339 	DATA 	Keypress: o
227.0489 	Level RINSE 	25
229.0371 	DATA 	Keypress: o
229.0491 	Level jitter 	25
237.0311 	Level finished 	25
237.0324 	DATA 	Keypress: o
237.0333 	DATA 	Keypress: o
237.0341 	DATA 	Keypress: o
237.0351 	DATA 	Keypress: o
237.0671 	Level image=tasty.jpg 	25
238.0503 	Level injecting via pump at address 0 	25
244.0365 	DATA 	Keypress: o
244.0379 	DATA 	Keypress: o
244.0392 	DATA 	Keypress: o
244.0509 	Level WAIT 	25
245.0338 	DATA 	Keypress: o
245.0511 	Level RINSE 	25
247.0354 	DATA 	Keypress: o
247.0516 	Level jitter 	25
249.0311 	Level finished 	25
249.0322 	DATA 	Keypress: o
249.0515 	Level image=tasty.jpg 	25
250.0517 	Level injecting via pump at address 1 	25
256.0360 	DATA 	Keypress: o
256.0370 	DATA 	Keypress: o
256.0380 	DATA 	Keypress: o
256.0523 	Level WAIT 	25
257.0335 	DATA 	Keypress: o
257.0528 	Level RINSE 	25
259.0355 	DATA 	Keypress: o
259.0527 	Level jitter 	25
268.0311 	Level finished 	25
268.0324 	DATA 	Keypress: o
268.0336 	DATA 	Keypress: o
268.0347 	DATA 	Keypress: o
268.0359 	DATA 	Keypress: o
268.0708 	Level image=waterlogo.jpg 	25
269.0335 	DATA 	Keypress: o
269.0540 	Level injecting via pump at address 0 	25
275.0366 	DATA 	Keypress: o
275.0376 	DATA 	Keypress: o
275.0385 	DATA 	Keypress: o
275.0545 	Level WAIT 	25
276.0546 	Level RINSE 	25
278.0362 	DATA 	Keypress: o
278.0552 	Level jitter 	25
286.0311 	Level finished 	25
286.0325 	DATA 	Keypress: o
286.0338 	DATA 	Keypress: o
286.0349 	DATA 	Keypress: o
286.0358 	DATA 	Keypress: o
286.0558 	Level image=tasty.jpg 	25
287.0338 	DATA 	Keypress: o
287.0393 	Level injecting via pump at address 0 	25
293.0366 	DATA 	Keypress: o
293.0379 	DATA 	Keypress: o
293.0392 	DATA 	Keypress: o
293.0570 	Level WAIT 	25
294.0401 	Level RINSE 	25
296.0365 	DATA 	Keypress: o
296.0570 	Level jitter 	25
298.0311 	Level finished 	25
298.0324 	DATA 	Keypress: o
298.0574 	Level image=waterlogo.jpg 	25
299.0334 	DATA 	Keypress: o
299.0575 	Level injecting via pump at address 0 	25
305.0366 	DATA 	Keypress: o
305.0381 	DATA 	Keypress: o
305.0394 	DATA 	Keypress: o
305.0584 	Level WAIT 	25
306.0416 	Level RINSE 	25
308.0365 	DATA 	Keypress: o
308.0583 	Level jitter 	25
315.0311 	Level finished 	25
315.0323 	DATA 	Keypress: o
315.0336 	DATA 	Keypress: o
315.0346 	DATA 	Keypress: o
315.0356 	DATA 	Keypress: o
315.0596 	Level image=tasty.jpg 	25
316.0427 	Level injecting via pump at address 1 	25
322.0369 	DATA 	Keypress: o
322.0379 	DATA 	Keypress: o
322.0389 	DATA 	Keypress: o
322.0600 	Level WAIT 	25
323.0339 	DATA 	Keypress: o
323.0602 	Level RINSE 	25
325.0363 	DATA 	Keypress: o
325.0441 	Level jitter 	25
330.0311 	Level finished 	25
330.0324 	DATA 	Keypress: o
330.0337 	DATA 	Keypress: o
330.0610 	Level image=tasty.jpg 	25
331.0335 	DATA 	Keypress: o
331.0444 	Level injecting via pump at address 0 	25
337.0364 	DATA 	Keypress: o
337.0376 	DATA 	Keypress: o
337.0387 	DATA 	Keypress: o
337.0456 	Level WAIT 	25
338.0453 	Level RINSE 	25
340.0360 	DATA 	Keypress: o
340.0622 	Level jitter 	25
342.0311 	Level finished 	25
342.0322 	DATA 	Keypress: o
342.0625 	Level image=tasty.jpg 	25
343.0339 	DATA 	Keypress: o
343.0626 	Level injecting via pump at address 1 	25
349.0370 	DATA 	Keypress: o
349.0381 	DATA 	Keypress: o
349.0393 	DATA 	Keypress: o
349.0636 	Level WAIT 	25
350.0467 	Level RINSE 	25
352.0365 	DATA 	Keypress: o
352.0635 	Level jitter 	25
355.0311 	Level finished 	25
355.0323 	DATA 	Keypress: o
355.0337 	DATA 	Keypress: o
355.0639 	Level image=tasty.jpg 	25
356.0474 	Level injecting via pump at address 0 	25
362.0366 	DATA 	Keypress: o
362.0378 	DATA 	Keypress: o
362.0390 	DATA 	Keypress: o
362.0484 	Level WAIT 	25
363.0336 	DATA 	Keypress: o
363.0482 	Level RINSE 	25
365.0361 	DATA 	Keypress: o
365.0651 	Level jitter 	25
367.0311 	Level finished 	25
367.0322 	DATA 	Keypress: o
367.0487 	Level image=tasty.jpg 	25
368.0655 	Level injecting via pump at address 1 	25
374.0361 	DATA 	Keypress: o
374.0373 	DATA 	Keypress: o
374.0383 	DATA 	Keypress: o
374.0665 	Level WAIT 	25
375.0338 	DATA 	Keypress: o
375.0496 	Level RINSE 	25
377.0359 	DATA 	Keypress: o
377.0664 	Level jitter 	25
381.0311 	Level finished 	25
381.0323 	DATA 	Keypress: o
381.0333 	DATA 	Keypress: o
381.0504 	Level image=tasty.jpg 	25
382.0504 	Level injecting via pump at address 0 	25
388.0363 	DATA 	Keypress: o
388.0374 	DATA 	Keypress: o
388.0384 	DATA 	Keypress: o
388.0515 	Level WAIT 	25
389.0338 	DATA 	Keypress: o
389.0512 	Level RINSE 	25
391.0363 	DATA 	Keypress: o
391.0514 	Level jitter 	25
393.0311 	Level finished 	25
393.0323 	DATA 	Keypress: o
393.0684 	Level image=tasty.jpg 	25
394.0520 	Level injecting via pump at address 1 	25
400.0366 	DATA 	Keypress: o
400.0378 	DATA 	Keypress: o
400.0390 	DATA 	Keypress: o
400.0529 	Level WAIT 	25
401.0334 	DATA 	Keypress: o
401.0527 	Level RINSE 	25
403.0361 	DATA 	Keypress: o
403.0528 	Level jitter 	25
411.0311 	Level finished 	25
411.0323 	DATA 	Keypress: o
411.0334 	DATA 	Keypress: o
411.0345 	DATA 	Keypress: o
411.0357 	DATA 	Keypress: o
411.0542 	Level image=tasty.jpg 	25
412.0373 	Level injecting via pump at address 0 	25
418.0364 	DATA 	Keypress: o
418.0374 	DATA 	Keypress: o
418.0384 	DATA 	Keypress: o
418.0713 	Level WAIT 	25
419.0337 	DATA 	Keypress: o
419.0548 	Level RINSE 	25
421.0364 	DATA 	Keypress: o
421.0554 	Level jitter 	25
428.0311 	Level finished 	25
