52.4571 	DATA 	Keypress: o
52.4579 	Level start key press 	25
54.4589 	DATA 	Keypress: o
56.4590 	DATA 	Keypress: o
58.4592 	DATA 	Keypress: o
60.4595 	DATA 	Keypress: o
60.9737 	Level image=tasty.jpg 	25
61.9238 	Level injecting via pump at address 1 	25
67.9125 	DATA 	Keypress: o
67.9138 	DATA 	Keypress: o
67.9150 	DATA 	Keypress: o
67.9247 	Level WAIT 	25
68.9104 	DATA 	Keypress: o
68.9243 	Level RINSE 	25
70.9213 	DATA 	Keypress: o
70.9410 	Level jitter 	25
79.9070 	Level finished 	25
79.9083 	DATA 	Keypress: o
79.9093 	DATA 	Keypress: o
79.9101 	DATA 	Keypress: o
79.9110 	DATA 	Keypress: o
79.9254 	Level image=waterlogo.jpg 	25
80.9097 	DATA 	Keypress: o
80.9251 	Level injecting via pump at address 0 	25
86.9125 	DATA 	Keypress: o
86.9136 	DATA 	Keypress: o
86.9145 	DATA 	Keypress: o
86.9255 	Level WAIT 	25
87.9256 	Level RINSE 	25
89.9126 	DATA 	Keypress: o
89.9260 	Level jitter 	25
93.9070 	Level finished 	25
93.9083 	DATA 	Keypress: o
93.9093 	DATA 	Keypress: o
93.9426 	Level image=tasty.jpg 	25
94.9097 	DATA 	Keypress: o
94.9261 	Level injecting via pump at address 1 	25
100.9129 	DATA 	Keypress: o
100.9143 	DATA 	Keypress: o
100.9155 	DATA 	Keypress: o
100.9436 	Level WAIT 	25
101.9265 	Level RINSE 	25
103.9122 	DATA 	Keypress: o
103.9433 	Level jitter 	25
107.9070 	Level finished 	25
107.9086 	DATA 	Keypress: o
107.9098 	DATA 	Keypress: o
107.9270 	Level image=waterlogo.jpg 	25
108.9100 	DATA 	Keypress: o
108.9270 	Level injecting via pump at address 0 	25
114.9127 	DATA 	Keypress: o
114.9140 	DATA 	Keypress: o
114.9152 	DATA 	Keypress: o
114.9277 	Level WAIT 	25
115.9275 	Level RINSE 	25
117.9126 	DATA 	Keypress: o
117.9276 	Level jitter 	25
121.9070 	Level finished 	25
121.9086 	DATA 	Keypress: o
121.9100 	DATA 	Keypress: o
121.9446 	Level image=waterlogo.jpg 	25
122.9094 	DATA 	Keypress: o
122.9280 	Level injecting via pump at address 0 	25
128.9140 	DATA 	Keypress: o
128.9156 	DATA 	Keypress: o
128.9168 	DATA 	Keypress: o
128.9454 	Level WAIT 	25
129.9284 	Level RINSE 	25
131.9122 	DATA 	Keypress: o
131.9453 	Level jitter 	25
135.9070 	Level finished 	25
135.9084 	DATA 	Keypress: o
135.9096 	DATA 	Keypress: o
135.9288 	Level image=tasty.jpg 	25
136.9098 	DATA 	Keypress: o
136.9290 	Level injecting via pump at address 1 	25
142.9121 	DATA 	Keypress: o
142.9133 	DATA 	Keypress: o
142.9143 	DATA 	Keypress: o
142.9297 	Level WAIT 	25
143.9294 	Level RINSE 	25
145.9125 	DATA 	Keypress: o
145.9295 	Level jitter 	25
151.9070 	Level finished 	25
151.9085 	DATA 	Keypress: o
151.9097 	DATA 	Keypress: o
151.9107 	DATA 	Keypress: o
151.9300 	Level image=waterlogo.jpg 	25
152.9097 	DATA 	Keypress: o
152.9305 	Level injecting via pump at address 0 	25
158.9130 	DATA 	Keypress: o
158.9145 	DATA 	Keypress: o
158.9159 	DATA 	Keypress: o
158.9304 	Level WAIT 	25
159.9305 	Level RINSE 	25
161.9122 	DATA 	Keypress: o
161.9306 	Level jitter 	25
164.9070 	Level finished 	25
164.9083 	DATA 	Keypress: o
164.9093 	DATA 	Keypress: o
164.9313 	Level image=tasty.jpg 	25
165.9310 	Level injecting via pump at address 1 	25
171.9127 	DATA 	Keypress: o
171.9141 	DATA 	Keypress: o
171.9154 	DATA 	Keypress: o
171.9313 	Level WAIT 	25
172.9094 	DATA 	Keypress: o
172.9148 	Level RINSE 	25
174.9116 	DATA 	Keypress: o
174.9319 	Level jitter 	25
177.9070 	Level finished 	25
177.9082 	DATA 	Keypress: o
177.9318 	Level image=waterlogo.jpg 	25
178.9098 	DATA 	Keypress: o
178.9318 	Level injecting via pump at address 0 	25
184.9126 	DATA 	Keypress: o
184.9137 	DATA 	Keypress: o
184.9147 	DATA 	Keypress: o
184.9327 	Level WAIT 	25
185.9157 	Level RINSE 	25
187.9122 	DATA 	Keypress: o
187.9324 	Level jitter 	25
191.9070 	Level finished 	25
191.9086 	DATA 	Keypress: o
191.9099 	DATA 	Keypress: o
191.9327 	Level image=waterlogo.jpg 	25
192.9098 	DATA 	Keypress: o
192.9328 	Level injecting via pump at address 0 	25
198.9115 	DATA 	Keypress: o
198.9127 	DATA 	Keypress: o
198.9137 	DATA 	Keypress: o
198.9337 	Level WAIT 	25
199.9333 	Level RINSE 	25
201.9116 	DATA 	Keypress: o
201.9334 	Level jitter 	25
206.9070 	Level finished 	25
206.9083 	DATA 	Keypress: o
206.9094 	DATA 	Keypress: o
206.9103 	DATA 	Keypress: o
206.9338 	Level image=tasty.jpg 	25
207.9173 	Level injecting via pump at address 1 	25
213.9125 	DATA 	Keypress: o
213.9138 	DATA 	Keypress: o
213.9150 	DATA 	Keypress: o
213.9347 	Level WAIT 	25
214.9099 	DATA 	Keypress: o
214.9343 	Level RINSE 	25
216.9123 	DATA 	Keypress: o
216.9177 	Level jitter 	25
219.9070 	Level finished 	25
219.9085 	DATA 	Keypress: o
219.9180 	Level image=waterlogo.jpg 	25
220.9095 	DATA 	Keypress: o
220.9347 	Level injecting via pump at address 0 	25
226.9115 	DATA 	Keypress: o
226.9125 	DATA 	Keypress: o
226.9135 	DATA 	Keypress: o
226.9356 	Level WAIT 	25
227.9353 	Level RINSE 	25
229.9144 	DATA 	Keypress: o
229.9353 	Level jitter 	25
237.9070 	Level finished 	25
237.9084 	DATA 	Keypress: o
237.9096 	DATA 	Keypress: o
237.9105 	DATA 	Keypress: o
237.9115 	DATA 	Keypress: o
237.9363 	Level image=tasty.jpg 	25
238.9098 	DATA 	Keypress: o
238.9193 	Level injecting via pump at address 1 	25
244.9129 	DATA 	Keypress: o
244.9145 	DATA 	Keypress: o
244.9157 	DATA 	Keypress: o
244.9197 	Level WAIT 	25
245.9198 	Level RINSE 	25
247.9116 	DATA 	Keypress: o
247.9203 	Level jitter 	25
249.9070 	Level finished 	25
249.9086 	DATA 	Keypress: o
249.9367 	Level image=tasty.jpg 	25
250.9098 	DATA 	Keypress: o
250.9203 	Level injecting via pump at address 1 	25
256.9125 	DATA 	Keypress: o
256.9135 	DATA 	Keypress: o
256.9145 	DATA 	Keypress: o
256.9372 	Level WAIT 	25
257.9210 	Level RINSE 	25
259.9129 	DATA 	Keypress: o
259.9373 	Level jitter 	25
261.9070 	Level finished 	25
261.9085 	DATA 	Keypress: o
261.9376 	Level image=waterlogo.jpg 	25
262.9098 	DATA 	Keypress: o
262.9377 	Level injecting via pump at address 0 	25
268.9125 	DATA 	Keypress: o
268.9137 	DATA 	Keypress: o
268.9149 	DATA 	Keypress: o
268.9385 	Level WAIT 	25
269.9214 	Level RINSE 	25
271.9122 	DATA 	Keypress: o
271.9383 	Level jitter 	25
274.9070 	Level finished 	25
274.9083 	DATA 	Keypress: o
274.9094 	DATA 	Keypress: o
274.9384 	Level image=tasty.jpg 	25
275.9219 	Level injecting via pump at address 1 	25
281.9130 	DATA 	Keypress: o
281.9144 	DATA 	Keypress: o
281.9156 	DATA 	Keypress: o
281.9393 	Level WAIT 	25
282.9095 	DATA 	Keypress: o
282.9223 	Level RINSE 	25
284.9127 	DATA 	Keypress: o
284.9392 	Level jitter 	25
286.9070 	Level finished 	25
286.9082 	DATA 	Keypress: o
286.9393 	Level image=waterlogo.jpg 	25
287.9394 	Level injecting via pump at address 0 	25
293.9123 	DATA 	Keypress: o
293.9133 	DATA 	Keypress: o
293.9142 	DATA 	Keypress: o
293.9401 	Level WAIT 	25
294.9098 	DATA 	Keypress: o
294.9232 	Level RINSE 	25
296.9120 	DATA 	Keypress: o
296.9400 	Level jitter 	25
297.9070 	Level finished 	25
297.9234 	Level image=tasty.jpg 	25
298.9099 	DATA 	Keypress: o
298.9235 	Level injecting via pump at address 1 	25
304.9120 	DATA 	Keypress: o
304.9133 	DATA 	Keypress: o
304.9143 	DATA 	Keypress: o
304.9242 	Level WAIT 	25
305.9239 	Level RINSE 	25
307.9123 	DATA 	Keypress: o
307.9241 	Level jitter 	25
309.9070 	Level finished 	25
309.9084 	DATA 	Keypress: o
309.9409 	Level image=waterlogo.jpg 	25
310.9105 	DATA 	Keypress: o
310.9244 	Level injecting via pump at address 0 	25
316.9119 	DATA 	Keypress: o
316.9129 	DATA 	Keypress: o
316.9139 	DATA 	Keypress: o
316.9250 	Level WAIT 	25
317.9247 	Level RINSE 	25
319.9115 	DATA 	Keypress: o
319.9248 	Level jitter 	25
325.9070 	Level finished 	25
325.9086 	DATA 	Keypress: o
325.9098 	DATA 	Keypress: o
325.9110 	DATA 	Keypress: o
325.9253 	Level image=waterlogo.jpg 	25
326.9095 	DATA 	Keypress: o
326.9258 	Level injecting via pump at address 0 	25
332.9121 	DATA 	Keypress: o
332.9133 	DATA 	Keypress: o
332.9144 	DATA 	Keypress: o
332.9257 	Level WAIT 	25
333.9258 	Level RINSE 	25
335.9122 	DATA 	Keypress: o
335.9260 	Level jitter 	25
338.9070 	Level finished 	25
338.9085 	DATA 	Keypress: o
338.9097 	DATA 	Keypress: o
338.9267 	Level image=tasty.jpg 	25
339.9264 	Level injecting via pump at address 1 	25
345.9127 	DATA 	Keypress: o
345.9142 	DATA 	Keypress: o
345.9154 	DATA 	Keypress: o
345.9267 	Level WAIT 	25
346.9096 	DATA 	Keypress: o
346.9267 	Level RINSE 	25
348.9127 	DATA 	Keypress: o
348.9273 	Level jitter 	25
356.9070 	Level finished 	25
356.9084 	DATA 	Keypress: o
356.9097 	DATA 	Keypress: o
356.9107 	DATA 	Keypress: o
356.9116 	DATA 	Keypress: o
356.9275 	Level image=waterlogo.jpg 	25
357.9275 	Level injecting via pump at address 0 	25
363.9127 	DATA 	Keypress: o
363.9140 	DATA 	Keypress: o
363.9153 	DATA 	Keypress: o
363.9283 	Level WAIT 	25
364.9096 	DATA 	Keypress: o
364.9280 	Level RINSE 	25
366.9122 	DATA 	Keypress: o
366.9282 	Level jitter 	25
371.9070 	Level finished 	25
371.9086 	DATA 	Keypress: o
371.9099 	DATA 	Keypress: o
371.9452 	Level image=tasty.jpg 	25
372.9098 	DATA 	Keypress: o
372.9286 	Level injecting via pump at address 1 	25
378.9122 	DATA 	Keypress: o
378.9132 	DATA 	Keypress: o
378.9141 	DATA 	Keypress: o
378.9293 	Level WAIT 	25
379.9290 	Level RINSE 	25
381.9127 	DATA 	Keypress: o
381.9292 	Level jitter 	25
385.9070 	Level finished 	25
385.9083 	DATA 	Keypress: o
385.9093 	DATA 	Keypress: o
385.9294 	Level image=waterlogo.jpg 	25
386.9095 	DATA 	Keypress: o
386.9296 	Level injecting via pump at address 0 	25
392.9132 	DATA 	Keypress: o
392.9147 	DATA 	Keypress: o
392.9159 	DATA 	Keypress: o
392.9303 	Level WAIT 	25
393.9300 	Level RINSE 	25
395.9123 	DATA 	Keypress: o
395.9302 	Level jitter 	25
400.9070 	Level finished 	25
400.9084 	DATA 	Keypress: o
400.9096 	DATA 	Keypress: o
400.9109 	DATA 	Keypress: o
400.9305 	Level image=tasty.jpg 	25
401.9306 	Level injecting via pump at address 1 	25
407.9119 	DATA 	Keypress: o
407.9131 	DATA 	Keypress: o
407.9141 	DATA 	Keypress: o
407.9313 	Level WAIT 	25
408.9095 	DATA 	Keypress: o
408.9310 	Level RINSE 	25
410.9119 	DATA 	Keypress: o
410.9312 	Level jitter 	25
419.9070 	Level finished 	25
419.9083 	DATA 	Keypress: o
419.9094 	DATA 	Keypress: o
419.9104 	DATA 	Keypress: o
419.9113 	DATA 	Keypress: o
419.9323 	Level image=waterlogo.jpg 	25
420.9099 	DATA 	Keypress: o
420.9319 	Level injecting via pump at address 0 	25
426.9129 	DATA 	Keypress: o
426.9143 	DATA 	Keypress: o
426.9155 	DATA 	Keypress: o
426.9323 	Level WAIT 	25
427.9323 	Level RINSE 	25
429.9126 	DATA 	Keypress: o
429.9328 	Level jitter 	25
438.9070 	Level finished 	25
438.9084 	DATA 	Keypress: o
438.9095 	DATA 	Keypress: o
438.9105 	DATA 	Keypress: o
438.9115 	DATA 	Keypress: o
438.9124 	DATA 	Keypress: o
438.9332 	Level image=tasty.jpg 	25
439.9337 	Level injecting via pump at address 1 	25
445.9128 	DATA 	Keypress: o
445.9142 	DATA 	Keypress: o
445.9154 	DATA 	Keypress: o
445.9335 	Level WAIT 	25
446.9096 	DATA 	Keypress: o
446.9336 	Level RINSE 	25
448.9115 	DATA 	Keypress: o
448.9337 	Level jitter 	25
452.9070 	Level finished 	25
452.9084 	DATA 	Keypress: o
452.9096 	DATA 	Keypress: o
452.9345 	Level image=tasty.jpg 	25
453.9176 	Level injecting via pump at address 1 	25
459.9117 	DATA 	Keypress: o
459.9127 	DATA 	Keypress: o
459.9137 	DATA 	Keypress: o
459.9179 	Level WAIT 	25
460.9100 	DATA 	Keypress: o
460.9179 	Level RINSE 	25
462.9120 	DATA 	Keypress: o
462.9351 	Level jitter 	25
465.9070 	Level finished 	25
465.9082 	DATA 	Keypress: o
465.9350 	Level image=waterlogo.jpg 	25
466.9096 	DATA 	Keypress: o
466.9184 	Level injecting via pump at address 0 	25
472.9124 	DATA 	Keypress: o
472.9137 	DATA 	Keypress: o
472.9147 	DATA 	Keypress: o
472.9358 	Level WAIT 	25
473.9188 	Level RINSE 	25
475.9125 	DATA 	Keypress: o
475.9190 	Level jitter 	25
476.9070 	Level finished 	25
476.9081 	DATA 	Keypress: o
476.9357 	Level image=tasty.jpg 	25
477.9358 	Level injecting via pump at address 1 	25
483.9126 	DATA 	Keypress: o
483.9139 	DATA 	Keypress: o
483.9152 	DATA 	Keypress: o
483.9367 	Level WAIT 	25
484.9098 	DATA 	Keypress: o
484.9196 	Level RINSE 	25
486.9122 	DATA 	Keypress: o
486.9363 	Level jitter 	25
493.9070 	Level finished 	25
493.9084 	DATA 	Keypress: o
493.9096 	DATA 	Keypress: o
493.9107 	DATA 	Keypress: o
493.9373 	Level image=waterlogo.jpg 	25
494.9098 	DATA 	Keypress: o
494.9203 	Level injecting via pump at address 0 	25
500.9121 	DATA 	Keypress: o
500.9131 	DATA 	Keypress: o
500.9140 	DATA 	Keypress: o
500.9207 	Level WAIT 	25
501.9208 	Level RINSE 	25
503.9145 	DATA 	Keypress: o
503.9213 	Level jitter 	25
504.9070 	Level finished 	25
504.9083 	DATA 	Keypress: o
504.9377 	Level image=tasty.jpg 	25
505.9377 	Level injecting via pump at address 1 	25
511.9123 	DATA 	Keypress: o
511.9135 	DATA 	Keypress: o
511.9147 	DATA 	Keypress: o
511.9382 	Level WAIT 	25
512.9104 	DATA 	Keypress: o
512.9215 	Level RINSE 	25
514.9114 	DATA 	Keypress: o
514.9387 	Level jitter 	25
520.9070 	Level finished 	25
