51.3971 	DATA 	Keypress: o
51.3981 	Level start key press 	25
53.3960 	DATA 	Keypress: o
55.4028 	DATA 	Keypress: o
57.3959 	DATA 	Keypress: o
59.4338 	DATA 	Keypress: o
59.4436 	Level image=waterlogo.jpg 	25
60.3736 	Level injecting via pump at address 0 	25
66.3652 	DATA 	Keypress: o
66.3665 	DATA 	Keypress: o
66.3676 	DATA 	Keypress: o
66.3761 	Level WAIT 	25
67.3707 	Level RINSE 	25
69.3728 	DATA 	Keypress: o
69.3761 	Level jitter 	25
71.3596 	Level finished 	25
71.3609 	DATA 	Keypress: o
71.3777 	Level image=tasty.jpg 	25
72.3625 	DATA 	Keypress: o
72.3777 	Level injecting via pump at address 1 	25
78.3644 	DATA 	Keypress: o
78.3654 	DATA 	Keypress: o
78.3664 	DATA 	Keypress: o
78.3780 	Level WAIT 	25
79.3740 	Level RINSE 	25
81.3647 	DATA 	Keypress: o
81.3786 	Level jitter 	25
83.3596 	Level finished 	25
83.3608 	DATA 	Keypress: o
83.3698 	Level image=tasty.jpg 	25
84.3622 	DATA 	Keypress: o
84.3790 	Level injecting via pump at address 0 	25
90.3656 	DATA 	Keypress: o
90.3669 	DATA 	Keypress: o
90.3682 	DATA 	Keypress: o
90.3791 	Level WAIT 	25
91.3766 	Level RINSE 	25
93.3650 	DATA 	Keypress: o
93.3786 	Level jitter 	25
98.3596 	Level finished 	25
98.3612 	DATA 	Keypress: o
98.3625 	DATA 	Keypress: o
98.3635 	DATA 	Keypress: o
98.3737 	Level image=tasty.jpg 	25
99.3687 	Level injecting via pump at address 1 	25
105.3652 	DATA 	Keypress: o
105.3665 	DATA 	Keypress: o
105.3675 	DATA 	Keypress: o
105.3802 	Level WAIT 	25
106.3625 	DATA 	Keypress: o
106.3797 	Level RINSE 	25
108.3650 	DATA 	Keypress: o
108.3706 	Level jitter 	25
114.3596 	Level finished 	25
114.3612 	DATA 	Keypress: o
114.3626 	DATA 	Keypress: o
114.3637 	DATA 	Keypress: o
114.3727 	Level image=tasty.jpg 	25
115.3641 	Level injecting via pump at address 0 	25
121.3644 	DATA 	Keypress: o
121.3656 	DATA 	Keypress: o
121.3667 	DATA 	Keypress: o
121.3809 	Level WAIT 	25
122.3621 	DATA 	Keypress: o
122.3807 	Level RINSE 	25
124.3647 	DATA 	Keypress: o
124.3703 	Level jitter 	25
126.3596 	Level finished 	25
126.3609 	DATA 	Keypress: o
126.3761 	Level image=waterlogo.jpg 	25
127.3655 	Level injecting via pump at address 0 	25
133.3648 	DATA 	Keypress: o
133.3661 	DATA 	Keypress: o
133.3674 	DATA 	Keypress: o
133.3729 	Level WAIT 	25
134.3620 	DATA 	Keypress: o
134.3652 	Level RINSE 	25
136.3651 	DATA 	Keypress: o
136.3740 	Level jitter 	25
145.3596 	Level finished 	25
145.3610 	DATA 	Keypress: o
145.3623 	DATA 	Keypress: o
145.3635 	DATA 	Keypress: o
145.3647 	DATA 	Keypress: o
145.3760 	Level image=tasty.jpg 	25
146.3625 	DATA 	Keypress: o
146.3661 	Level injecting via pump at address 0 	25
152.3650 	DATA 	Keypress: o
152.3666 	DATA 	Keypress: o
152.3677 	DATA 	Keypress: o
152.3721 	Level WAIT 	25
153.3670 	Level RINSE 	25
155.3644 	DATA 	Keypress: o
155.3726 	Level jitter 	25
156.3596 	Level finished 	25
156.3610 	DATA 	Keypress: o
156.3841 	Level image=waterlogo.jpg 	25
157.3670 	Level injecting via pump at address 0 	25
163.3653 	DATA 	Keypress: o
163.3667 	DATA 	Keypress: o
163.3679 	DATA 	Keypress: o
163.3806 	Level WAIT 	25
164.3621 	DATA 	Keypress: o
164.3676 	Level RINSE 	25
166.3643 	DATA 	Keypress: o
166.3679 	Level jitter 	25
172.3596 	Level finished 	25
172.3609 	DATA 	Keypress: o
172.3620 	DATA 	Keypress: o
172.3629 	DATA 	Keypress: o
172.3839 	Level image=tasty.jpg 	25
173.3680 	Level injecting via pump at address 0 	25
179.3649 	DATA 	Keypress: o
179.3660 	DATA 	Keypress: o
179.3670 	DATA 	Keypress: o
179.3800 	Level WAIT 	25
180.3621 	DATA 	Keypress: o
180.3687 	Level RINSE 	25
182.3647 	DATA 	Keypress: o
182.3690 	Level jitter 	25
190.3596 	Level finished 	25
190.3609 	DATA 	Keypress: o
190.3620 	DATA 	Keypress: o
190.3630 	DATA 	Keypress: o
190.3640 	DATA 	Keypress: o
190.3720 	Level image=tasty.jpg 	25
191.3670 	Level injecting via pump at address 1 	25
197.3652 	DATA 	Keypress: o
197.3666 	DATA 	Keypress: o
197.3678 	DATA 	Keypress: o
197.3846 	Level WAIT 	25
198.3625 	DATA 	Keypress: o
198.3697 	Level RINSE 	25
200.3649 	DATA 	Keypress: o
200.3698 	Level jitter 	25
205.3596 	Level finished 	25
205.3609 	DATA 	Keypress: o
205.3620 	DATA 	Keypress: o
205.3699 	Level image=tasty.jpg 	25
206.3624 	DATA 	Keypress: o
206.3709 	Level injecting via pump at address 0 	25
212.3654 	DATA 	Keypress: o
212.3667 	DATA 	Keypress: o
212.3679 	DATA 	Keypress: o
212.3718 	Level WAIT 	25
213.3676 	Level RINSE 	25
215.3646 	DATA 	Keypress: o
215.3708 	Level jitter 	25
222.3596 	Level finished 	25
222.3612 	DATA 	Keypress: o
222.3625 	DATA 	Keypress: o
222.3637 	DATA 	Keypress: o
222.3649 	DATA 	Keypress: o
222.3871 	Level image=waterlogo.jpg 	25
223.3647 	Level injecting via pump at address 0 	25
229.3644 	DATA 	Keypress: o
229.3655 	DATA 	Keypress: o
229.3665 	DATA 	Keypress: o
229.3717 	Level WAIT 	25
230.3622 	DATA 	Keypress: o
230.3716 	Level RINSE 	25
232.3650 	DATA 	Keypress: o
232.3720 	Level jitter 	25
238.3596 	Level finished 	25
238.3609 	DATA 	Keypress: o
238.3621 	DATA 	Keypress: o
238.3632 	DATA 	Keypress: o
238.3721 	Level image=waterlogo.jpg 	25
239.3640 	Level injecting via pump at address 0 	25
245.3642 	DATA 	Keypress: o
245.3652 	DATA 	Keypress: o
245.3662 	DATA 	Keypress: o
245.3730 	Level WAIT 	25
246.3623 	DATA 	Keypress: o
246.3726 	Level RINSE 	25
248.3646 	DATA 	Keypress: o
248.3726 	Level jitter 	25
250.3596 	Level finished 	25
250.3610 	DATA 	Keypress: o
250.3729 	Level image=tasty.jpg 	25
251.3670 	Level injecting via pump at address 0 	25
257.3655 	DATA 	Keypress: o
257.3669 	DATA 	Keypress: o
257.3684 	DATA 	Keypress: o
257.3740 	Level WAIT 	25
258.3625 	DATA 	Keypress: o
258.3738 	Level RINSE 	25
260.3641 	DATA 	Keypress: o
260.3695 	Level jitter 	25
267.3596 	Level finished 	25
267.3610 	DATA 	Keypress: o
267.3623 	DATA 	Keypress: o
267.3635 	DATA 	Keypress: o
267.3751 	Level image=tasty.jpg 	25
268.3623 	DATA 	Keypress: o
268.3747 	Level injecting via pump at address 1 	25
274.3650 	DATA 	Keypress: o
274.3662 	DATA 	Keypress: o
274.3673 	DATA 	Keypress: o
274.3746 	Level WAIT 	25
275.3739 	Level RINSE 	25
277.3653 	DATA 	Keypress: o
277.3750 	Level jitter 	25
285.3596 	Level finished 	25
285.3609 	DATA 	Keypress: o
285.3621 	DATA 	Keypress: o
285.3633 	DATA 	Keypress: o
285.3642 	DATA 	Keypress: o
285.3753 	Level image=waterlogo.jpg 	25
286.3622 	DATA 	Keypress: o
286.3655 	Level injecting via pump at address 0 	25
292.3642 	DATA 	Keypress: o
292.3653 	DATA 	Keypress: o
292.3662 	DATA 	Keypress: o
292.3760 	Level WAIT 	25
293.3767 	Level RINSE 	25
295.3660 	DATA 	Keypress: o
295.3766 	Level jitter 	25
303.3596 	Level finished 	25
303.3611 	DATA 	Keypress: o
303.3624 	DATA 	Keypress: o
303.3637 	DATA 	Keypress: o
303.3648 	DATA 	Keypress: o
303.3770 	Level image=tasty.jpg 	25
304.3621 	DATA 	Keypress: o
304.3707 	Level injecting via pump at address 1 	25
310.3652 	DATA 	Keypress: o
310.3667 	DATA 	Keypress: o
310.3679 	DATA 	Keypress: o
310.3724 	Level WAIT 	25
311.3674 	Level RINSE 	25
313.3656 	DATA 	Keypress: o
313.3740 	Level jitter 	25
315.3596 	Level finished 	25
315.3608 	DATA 	Keypress: o
315.3780 	Level image=tasty.jpg 	25
316.3625 	DATA 	Keypress: o
316.3750 	Level injecting via pump at address 0 	25
322.3656 	DATA 	Keypress: o
322.3669 	DATA 	Keypress: o
322.3682 	DATA 	Keypress: o
322.3756 	Level WAIT 	25
323.3711 	Level RINSE 	25
325.3644 	DATA 	Keypress: o
325.3766 	Level jitter 	25
329.3596 	Level finished 	25
329.3609 	DATA 	Keypress: o
329.3620 	DATA 	Keypress: o
329.3726 	Level image=tasty.jpg 	25
330.3621 	DATA 	Keypress: o
330.3677 	Level injecting via pump at address 1 	25
336.3647 	DATA 	Keypress: o
336.3658 	DATA 	Keypress: o
336.3670 	DATA 	Keypress: o
336.3800 	Level WAIT 	25
337.3637 	Level RINSE 	25
339.3641 	DATA 	Keypress: o
339.3696 	Level jitter 	25
342.3596 	Level finished 	25
342.3609 	DATA 	Keypress: o
342.3621 	DATA 	Keypress: o
342.3701 	Level image=tasty.jpg 	25
343.3654 	Level injecting via pump at address 0 	25
349.3655 	DATA 	Keypress: o
349.3668 	DATA 	Keypress: o
349.3684 	DATA 	Keypress: o
349.3800 	Level WAIT 	25
350.3621 	DATA 	Keypress: o
350.3787 	Level RINSE 	25
352.3651 	DATA 	Keypress: o
352.3684 	Level jitter 	25
360.3596 	Level finished 	25
360.3609 	DATA 	Keypress: o
360.3620 	DATA 	Keypress: o
360.3630 	DATA 	Keypress: o
360.3639 	DATA 	Keypress: o
360.3760 	Level image=waterlogo.jpg 	25
361.3641 	Level injecting via pump at address 0 	25
367.3652 	DATA 	Keypress: o
367.3665 	DATA 	Keypress: o
367.3677 	DATA 	Keypress: o
367.3723 	Level WAIT 	25
368.3625 	DATA 	Keypress: o
368.3667 	Level RINSE 	25
370.3656 	DATA 	Keypress: o
370.3740 	Level jitter 	25
375.3596 	Level finished 	25
375.3610 	DATA 	Keypress: o
375.3620 	DATA 	Keypress: o
375.3796 	Level image=tasty.jpg 	25
376.3625 	DATA 	Keypress: o
376.3657 	Level injecting via pump at address 1 	25
382.3645 	DATA 	Keypress: o
382.3656 	DATA 	Keypress: o
382.3667 	DATA 	Keypress: o
382.3770 	Level WAIT 	25
383.3657 	Level RINSE 	25
385.3651 	DATA 	Keypress: o
385.3776 	Level jitter 	25
392.3596 	Level finished 	25
392.3609 	DATA 	Keypress: o
392.3620 	DATA 	Keypress: o
392.3630 	DATA 	Keypress: o
392.3640 	DATA 	Keypress: o
392.3741 	Level image=tasty.jpg 	25
393.3670 	Level injecting via pump at address 0 	25
399.3641 	DATA 	Keypress: o
399.3651 	DATA 	Keypress: o
399.3662 	DATA 	Keypress: o
399.3705 	Level WAIT 	25
400.3623 	DATA 	Keypress: o
400.3666 	Level RINSE 	25
402.3640 	DATA 	Keypress: o
402.3677 	Level jitter 	25
410.3596 	Level finished 	25
410.3609 	DATA 	Keypress: o
410.3620 	DATA 	Keypress: o
410.3630 	DATA 	Keypress: o
410.3639 	DATA 	Keypress: o
410.3791 	Level image=tasty.jpg 	25
411.3676 	Level injecting via pump at address 0 	25
417.3655 	DATA 	Keypress: o
417.3668 	DATA 	Keypress: o
417.3681 	DATA 	Keypress: o
417.3750 	Level WAIT 	25
418.3621 	DATA 	Keypress: o
418.3687 	Level RINSE 	25
420.3644 	DATA 	Keypress: o
420.3686 	Level jitter 	25
427.3596 	Level finished 	25
