74.8491 	DATA 	Keypress: o
74.8500 	Level start key press 	25
76.8569 	DATA 	Keypress: o
78.8516 	DATA 	Keypress: o
80.8503 	DATA 	Keypress: o
82.8897 	DATA 	Keypress: o
82.8968 	Level image=tasty.jpg 	25
83.8468 	Level injecting via pump at address 1 	25
89.8371 	DATA 	Keypress: o
89.8381 	DATA 	Keypress: o
89.8391 	DATA 	Keypress: o
89.8482 	Level WAIT 	25
90.8479 	Level RINSE 	25
92.8455 	DATA 	Keypress: o
92.8470 	DATA 	Keypress: o
92.8537 	Level jitter 	25
101.8318 	Level finished 	25
101.8333 	DATA 	Keypress: o
101.8350 	DATA 	Keypress: o
101.8362 	DATA 	Keypress: o
101.8375 	DATA 	Keypress: o
101.8489 	Level image=waterlogo.jpg 	25
102.8482 	Level injecting via pump at address 0 	25
108.8368 	DATA 	Keypress: o
108.8379 	DATA 	Keypress: o
108.8388 	DATA 	Keypress: o
108.8495 	Level WAIT 	25
109.8344 	DATA 	Keypress: o
109.8478 	Level RINSE 	25
111.8365 	DATA 	Keypress: o
111.8491 	Level jitter 	25
115.8318 	Level finished 	25
115.8331 	DATA 	Keypress: o
115.8341 	DATA 	Keypress: o
115.8488 	Level image=tasty.jpg 	25
116.8438 	Level injecting via pump at address 1 	25
122.8371 	DATA 	Keypress: o
122.8383 	DATA 	Keypress: o
122.8394 	DATA 	Keypress: o
122.8463 	Level WAIT 	25
123.8342 	DATA 	Keypress: o
123.8408 	Level RINSE 	25
125.8369 	DATA 	Keypress: o
125.8470 	Level jitter 	25
129.8318 	Level finished 	25
129.8331 	DATA 	Keypress: o
129.8343 	DATA 	Keypress: o
129.8500 	Level image=waterlogo.jpg 	25
130.8369 	Level injecting via pump at address 0 	25
136.8374 	DATA 	Keypress: o
136.8387 	DATA 	Keypress: o
136.8397 	DATA 	Keypress: o
136.8511 	Level WAIT 	25
137.8345 	DATA 	Keypress: o
137.8498 	Level RINSE 	25
139.8369 	DATA 	Keypress: o
139.8400 	Level jitter 	25
143.8318 	Level finished 	25
143.8332 	DATA 	Keypress: o
143.8346 	DATA 	Keypress: o
143.8513 	Level image=waterlogo.jpg 	25
144.8463 	Level injecting via pump at address 0 	25
150.8370 	DATA 	Keypress: o
150.8381 	DATA 	Keypress: o
150.8391 	DATA 	Keypress: o
150.8491 	Level WAIT 	25
151.8347 	DATA 	Keypress: o
151.8430 	Level RINSE 	25
153.8363 	DATA 	Keypress: o
153.8488 	Level jitter 	25
157.8318 	Level finished 	25
157.8331 	DATA 	Keypress: o
157.8341 	DATA 	Keypress: o
157.8440 	Level image=tasty.jpg 	25
158.8362 	Level injecting via pump at address 1 	25
164.8374 	DATA 	Keypress: o
164.8388 	DATA 	Keypress: o
164.8400 	DATA 	Keypress: o
164.8532 	Level WAIT 	25
165.8342 	DATA 	Keypress: o
165.8528 	Level RINSE 	25
167.8371 	DATA 	Keypress: o
167.8416 	Level jitter 	25
173.8318 	Level finished 	25
173.8331 	DATA 	Keypress: o
173.8342 	DATA 	Keypress: o
173.8351 	DATA 	Keypress: o
173.8438 	Level image=waterlogo.jpg 	25
174.8379 	Level injecting via pump at address 0 	25
180.8368 	DATA 	Keypress: o
180.8379 	DATA 	Keypress: o
180.8389 	DATA 	Keypress: o
180.8538 	Level WAIT 	25
181.8342 	DATA 	Keypress: o
181.8376 	Level RINSE 	25
183.8372 	DATA 	Keypress: o
183.8406 	Level jitter 	25
186.8318 	Level finished 	25
186.8332 	DATA 	Keypress: o
186.8417 	Level image=tasty.jpg 	25
187.8352 	DATA 	Keypress: o
187.8528 	Level injecting via pump at address 1 	25
193.8366 	DATA 	Keypress: o
193.8378 	DATA 	Keypress: o
193.8387 	DATA 	Keypress: o
193.8550 	Level WAIT 	25
194.8386 	Level RINSE 	25
196.8370 	DATA 	Keypress: o
196.8552 	Level jitter 	25
199.8318 	Level finished 	25
199.8331 	DATA 	Keypress: o
199.8343 	DATA 	Keypress: o
199.8548 	Level image=waterlogo.jpg 	25
200.8389 	Level injecting via pump at address 0 	25
206.8374 	DATA 	Keypress: o
206.8385 	DATA 	Keypress: o
206.8395 	DATA 	Keypress: o
206.8532 	Level WAIT 	25
207.8344 	DATA 	Keypress: o
207.8388 	Level RINSE 	25
209.8370 	DATA 	Keypress: o
209.8537 	Level jitter 	25
213.8318 	Level finished 	25
213.8331 	DATA 	Keypress: o
213.8341 	DATA 	Keypress: o
213.8488 	Level image=waterlogo.jpg 	25
214.8399 	Level injecting via pump at address 0 	25
220.8382 	DATA 	Keypress: o
220.8397 	DATA 	Keypress: o
220.8412 	DATA 	Keypress: o
220.8428 	DATA 	Keypress: o
220.8466 	Level WAIT 	25
221.8401 	Level RINSE 	25
223.8367 	DATA 	Keypress: o
223.8398 	Level jitter 	25
228.8318 	Level finished 	25
228.8331 	DATA 	Keypress: o
228.8341 	DATA 	Keypress: o
228.8538 	Level image=tasty.jpg 	25
229.8342 	DATA 	Keypress: o
229.8408 	Level injecting via pump at address 1 	25
235.8375 	DATA 	Keypress: o
235.8389 	DATA 	Keypress: o
235.8401 	DATA 	Keypress: o
235.8506 	Level WAIT 	25
236.8409 	Level RINSE 	25
238.8371 	DATA 	Keypress: o
238.8409 	Level jitter 	25
241.8318 	Level finished 	25
241.8331 	DATA 	Keypress: o
241.8342 	DATA 	Keypress: o
241.8519 	Level image=waterlogo.jpg 	25
242.8415 	Level injecting via pump at address 0 	25
248.8369 	DATA 	Keypress: o
248.8381 	DATA 	Keypress: o
248.8396 	DATA 	Keypress: o
248.8409 	DATA 	Keypress: o
248.8482 	Level WAIT 	25
249.8418 	Level RINSE 	25
251.8371 	DATA 	Keypress: o
251.8428 	Level jitter 	25
259.8318 	Level finished 	25
259.8333 	DATA 	Keypress: o
259.8346 	DATA 	Keypress: o
259.8357 	DATA 	Keypress: o
259.8367 	DATA 	Keypress: o
259.8575 	Level image=tasty.jpg 	25
260.8425 	Level injecting via pump at address 1 	25
266.8374 	DATA 	Keypress: o
266.8390 	DATA 	Keypress: o
266.8403 	DATA 	Keypress: o
266.8422 	DATA 	Keypress: o
266.8527 	Level WAIT 	25
267.8430 	Level RINSE 	25
269.8364 	DATA 	Keypress: o
269.8443 	Level jitter 	25
271.8318 	Level finished 	25
271.8332 	DATA 	Keypress: o
271.8439 	Level image=tasty.jpg 	25
272.8380 	Level injecting via pump at address 1 	25
278.8373 	DATA 	Keypress: o
278.8388 	DATA 	Keypress: o
278.8400 	DATA 	Keypress: o
278.8413 	DATA 	Keypress: o
278.8568 	Level WAIT 	25
279.8442 	Level RINSE 	25
281.8373 	DATA 	Keypress: o
281.8406 	Level jitter 	25
283.8318 	Level finished 	25
283.8331 	DATA 	Keypress: o
283.8446 	Level image=waterlogo.jpg 	25
284.8416 	Level injecting via pump at address 0 	25
290.8375 	DATA 	Keypress: o
290.8392 	DATA 	Keypress: o
290.8402 	DATA 	Keypress: o
290.8412 	DATA 	Keypress: o
290.8450 	Level WAIT 	25
291.8378 	Level RINSE 	25
293.8372 	DATA 	Keypress: o
293.8438 	Level jitter 	25
296.8318 	Level finished 	25
296.8332 	DATA 	Keypress: o
296.8393 	DATA 	Keypress: o
296.8448 	Level image=tasty.jpg 	25
297.8399 	Level injecting via pump at address 1 	25
303.8369 	DATA 	Keypress: o
303.8380 	DATA 	Keypress: o
303.8390 	DATA 	Keypress: o
303.8426 	Level WAIT 	25
304.8362 	Level RINSE 	25
306.8375 	DATA 	Keypress: o
306.8388 	DATA 	Keypress: o
306.8420 	Level jitter 	25
308.8318 	Level finished 	25
308.8378 	DATA 	Keypress: o
308.8466 	Level image=waterlogo.jpg 	25
309.8430 	Level injecting via pump at address 0 	25
315.8373 	DATA 	Keypress: o
315.8385 	DATA 	Keypress: o
315.8396 	DATA 	Keypress: o
315.8452 	Level WAIT 	25
316.8396 	Level RINSE 	25
318.8372 	DATA 	Keypress: o
318.8382 	DATA 	Keypress: o
318.8457 	Level jitter 	25
319.8318 	Level finished 	25
319.8408 	Level image=tasty.jpg 	25
320.8470 	Level injecting via pump at address 1 	25
326.8374 	DATA 	Keypress: o
326.8388 	DATA 	Keypress: o
326.8400 	DATA 	Keypress: o
326.8411 	DATA 	Keypress: o
326.8481 	Level WAIT 	25
327.8469 	Level RINSE 	25
329.8364 	DATA 	Keypress: o
329.8478 	Level jitter 	25
331.8318 	Level finished 	25
331.8329 	DATA 	Keypress: o
331.8437 	Level image=waterlogo.jpg 	25
332.8383 	Level injecting via pump at address 0 	25
338.8369 	DATA 	Keypress: o
338.8382 	DATA 	Keypress: o
338.8392 	DATA 	Keypress: o
338.8403 	DATA 	Keypress: o
338.8482 	Level WAIT 	25
339.8478 	Level RINSE 	25
341.8372 	DATA 	Keypress: o
341.8416 	Level jitter 	25
347.8318 	Level finished 	25
347.8331 	DATA 	Keypress: o
347.8343 	DATA 	Keypress: o
347.8356 	DATA 	Keypress: o
347.8489 	Level image=waterlogo.jpg 	25
348.8377 	Level injecting via pump at address 0 	25
354.8368 	DATA 	Keypress: o
354.8380 	DATA 	Keypress: o
354.8390 	DATA 	Keypress: o
354.8399 	DATA 	Keypress: o
354.8488 	Level WAIT 	25
355.8491 	Level RINSE 	25
357.8368 	DATA 	Keypress: o
357.8400 	Level jitter 	25
360.8318 	Level finished 	25
360.8331 	DATA 	Keypress: o
360.8347 	DATA 	Keypress: o
360.8503 	Level image=tasty.jpg 	25
361.8359 	Level injecting via pump at address 1 	25
367.8368 	DATA 	Keypress: o
367.8380 	DATA 	Keypress: o
367.8390 	DATA 	Keypress: o
367.8497 	Level WAIT 	25
368.8343 	DATA 	Keypress: o
368.8488 	Level RINSE 	25
370.8378 	DATA 	Keypress: o
370.8512 	Level jitter 	25
378.8318 	Level finished 	25
378.8332 	DATA 	Keypress: o
378.8346 	DATA 	Keypress: o
378.8359 	DATA 	Keypress: o
378.8371 	DATA 	Keypress: o
378.8456 	Level image=waterlogo.jpg 	25
379.8408 	Level injecting via pump at address 0 	25
385.8370 	DATA 	Keypress: o
385.8380 	DATA 	Keypress: o
385.8390 	DATA 	Keypress: o
385.8428 	Level WAIT 	25
386.8344 	DATA 	Keypress: o
386.8376 	Level RINSE 	25
388.8366 	DATA 	Keypress: o
388.8438 	Level jitter 	25
393.8318 	Level finished 	25
393.8331 	DATA 	Keypress: o
393.8342 	DATA 	Keypress: o
393.8508 	Level image=tasty.jpg 	25
394.8347 	DATA 	Keypress: o
394.8451 	Level injecting via pump at address 1 	25
400.8372 	DATA 	Keypress: o
400.8382 	DATA 	Keypress: o
400.8392 	DATA 	Keypress: o
400.8472 	Level WAIT 	25
401.8361 	Level RINSE 	25
403.8369 	DATA 	Keypress: o
403.8478 	Level jitter 	25
407.8318 	Level finished 	25
407.8331 	DATA 	Keypress: o
407.8342 	DATA 	Keypress: o
407.8437 	Level image=waterlogo.jpg 	25
408.8344 	DATA 	Keypress: o
408.8378 	Level injecting via pump at address 0 	25
414.8379 	DATA 	Keypress: o
414.8392 	DATA 	Keypress: o
414.8404 	DATA 	Keypress: o
414.8542 	Level WAIT 	25
415.8375 	Level RINSE 	25
417.8363 	DATA 	Keypress: o
417.8407 	Level jitter 	25
422.8318 	Level finished 	25
422.8331 	DATA 	Keypress: o
422.8346 	DATA 	Keypress: o
422.8358 	DATA 	Keypress: o
422.8481 	Level image=tasty.jpg 	25
423.8372 	Level injecting via pump at address 1 	25
429.8370 	DATA 	Keypress: o
429.8383 	DATA 	Keypress: o
429.8393 	DATA 	Keypress: o
429.8442 	Level WAIT 	25
430.8348 	DATA 	Keypress: o
430.8380 	Level RINSE 	25
432.8362 	DATA 	Keypress: o
432.8444 	Level jitter 	25
441.8318 	Level finished 	25
441.8332 	DATA 	Keypress: o
441.8346 	DATA 	Keypress: o
441.8358 	DATA 	Keypress: o
441.8367 	DATA 	Keypress: o
441.8477 	Level image=waterlogo.jpg 	25
442.8345 	DATA 	Keypress: o
442.8388 	Level injecting via pump at address 0 	25
448.8368 	DATA 	Keypress: o
448.8380 	DATA 	Keypress: o
448.8390 	DATA 	Keypress: o
448.8434 	Level WAIT 	25
449.8388 	Level RINSE 	25
451.8377 	DATA 	Keypress: o
451.8454 	Level jitter 	25
460.8318 	Level finished 	25
460.8333 	DATA 	Keypress: o
460.8348 	DATA 	Keypress: o
460.8360 	DATA 	Keypress: o
460.8371 	DATA 	Keypress: o
460.8383 	DATA 	Keypress: o
460.8476 	Level image=tasty.jpg 	25
461.8400 	Level injecting via pump at address 1 	25
467.8370 	DATA 	Keypress: o
467.8381 	DATA 	Keypress: o
467.8391 	DATA 	Keypress: o
467.8436 	Level WAIT 	25
468.8343 	DATA 	Keypress: o
468.8388 	Level RINSE 	25
470.8377 	DATA 	Keypress: o
470.8409 	Level jitter 	25
474.8318 	Level finished 	25
474.8331 	DATA 	Keypress: o
474.8340 	DATA 	Keypress: o
474.8419 	Level image=tasty.jpg 	25
475.8408 	Level injecting via pump at address 1 	25
481.8366 	DATA 	Keypress: o
481.8378 	DATA 	Keypress: o
481.8389 	DATA 	Keypress: o
481.8528 	Level WAIT 	25
482.8347 	DATA 	Keypress: o
482.8410 	Level RINSE 	25
484.8371 	DATA 	Keypress: o
484.8421 	Level jitter 	25
487.8318 	Level finished 	25
487.8330 	DATA 	Keypress: o
487.8423 	Level image=waterlogo.jpg 	25
488.8345 	DATA 	Keypress: o
488.8426 	Level injecting via pump at address 0 	25
494.8381 	DATA 	Keypress: o
494.8395 	DATA 	Keypress: o
494.8408 	DATA 	Keypress: o
494.8518 	Level WAIT 	25
495.8423 	Level RINSE 	25
497.8368 	DATA 	Keypress: o
497.8423 	Level jitter 	25
498.8318 	Level finished 	25
498.8331 	DATA 	Keypress: o
498.8423 	Level image=tasty.jpg 	25
499.8423 	Level injecting via pump at address 1 	25
505.8368 	DATA 	Keypress: o
505.8379 	DATA 	Keypress: o
505.8389 	DATA 	Keypress: o
505.8439 	Level WAIT 	25
506.8346 	DATA 	Keypress: o
506.8378 	Level RINSE 	25
508.8363 	DATA 	Keypress: o
508.8427 	Level jitter 	25
515.8318 	Level finished 	25
515.8332 	DATA 	Keypress: o
515.8344 	DATA 	Keypress: o
515.8354 	DATA 	Keypress: o
515.8443 	Level image=waterlogo.jpg 	25
516.8343 	DATA 	Keypress: o
516.8438 	Level injecting via pump at address 0 	25
522.8376 	DATA 	Keypress: o
522.8389 	DATA 	Keypress: o
522.8402 	DATA 	Keypress: o
522.8447 	Level WAIT 	25
523.8438 	Level RINSE 	25
525.8384 	DATA 	Keypress: o
525.8452 	Level jitter 	25
526.8318 	Level finished 	25
526.8332 	DATA 	Keypress: o
526.8448 	Level image=tasty.jpg 	25
527.8442 	Level injecting via pump at address 1 	25
533.8376 	DATA 	Keypress: o
533.8390 	DATA 	Keypress: o
533.8402 	DATA 	Keypress: o
533.8448 	Level WAIT 	25
534.8344 	DATA 	Keypress: o
534.8408 	Level RINSE 	25
536.8371 	DATA 	Keypress: o
536.8452 	Level jitter 	25
542.8318 	Level finished 	25
