62.9120 	DATA 	Keypress: o
62.9131 	Level start key press 	25
64.9271 	DATA 	Keypress: o
66.9273 	DATA 	Keypress: o
68.9275 	DATA 	Keypress: o
70.9113 	DATA 	Keypress: o
71.2921 	Level image=waterlogo.jpg 	25
72.2256 	Level injecting via pump at address 0 	25
78.2139 	DATA 	Keypress: o
78.2151 	DATA 	Keypress: o
78.2161 	DATA 	Keypress: o
78.2267 	Level WAIT 	25
79.2111 	DATA 	Keypress: o
79.2264 	Level RINSE 	25
81.2225 	DATA 	Keypress: o
81.2432 	Level jitter 	25
88.2087 	Level finished 	25
88.2101 	DATA 	Keypress: o
88.2111 	DATA 	Keypress: o
88.2120 	DATA 	Keypress: o
88.2278 	Level image=tasty.jpg 	25
89.2114 	DATA 	Keypress: o
89.2275 	Level injecting via pump at address 0 	25
95.2135 	DATA 	Keypress: o
95.2148 	DATA 	Keypress: o
95.2160 	DATA 	Keypress: o
95.2282 	Level WAIT 	25
96.2283 	Level RINSE 	25
98.2130 	DATA 	Keypress: o
98.2291 	Level jitter 	25
102.2087 	Level finished 	25
102.2100 	DATA 	Keypress: o
102.2110 	DATA 	Keypress: o
102.2290 	Level image=tasty.jpg 	25
103.2111 	DATA 	Keypress: o
103.2292 	Level injecting via pump at address 1 	25
109.2136 	DATA 	Keypress: o
109.2149 	DATA 	Keypress: o
109.2159 	DATA 	Keypress: o
109.2469 	Level WAIT 	25
110.2301 	Level RINSE 	25
112.2137 	DATA 	Keypress: o
112.2303 	Level jitter 	25
113.2087 	Level finished 	25
113.2098 	DATA 	Keypress: o
113.2304 	Level image=tasty.jpg 	25
114.2305 	Level injecting via pump at address 0 	25
120.2147 	DATA 	Keypress: o
120.2160 	DATA 	Keypress: o
120.2170 	DATA 	Keypress: o
120.2315 	Level WAIT 	25
121.2111 	DATA 	Keypress: o
121.2313 	Level RINSE 	25
123.2134 	DATA 	Keypress: o
123.2315 	Level jitter 	25
131.2087 	Level finished 	25
131.2100 	DATA 	Keypress: o
131.2111 	DATA 	Keypress: o
131.2120 	DATA 	Keypress: o
131.2129 	DATA 	Keypress: o
131.2496 	Level image=waterlogo.jpg 	25
132.2326 	Level injecting via pump at address 0 	25
138.2132 	DATA 	Keypress: o
138.2144 	DATA 	Keypress: o
138.2156 	DATA 	Keypress: o
138.2333 	Level WAIT 	25
139.2117 	DATA 	Keypress: o
139.2334 	Level RINSE 	25
141.2138 	DATA 	Keypress: o
141.2341 	Level jitter 	25
149.2087 	Level finished 	25
149.2101 	DATA 	Keypress: o
149.2114 	DATA 	Keypress: o
149.2126 	DATA 	Keypress: o
149.2138 	DATA 	Keypress: o
149.2346 	Level image=waterlogo.jpg 	25
150.2182 	Level injecting via pump at address 0 	25
156.2138 	DATA 	Keypress: o
156.2149 	DATA 	Keypress: o
156.2160 	DATA 	Keypress: o
156.2357 	Level WAIT 	25
157.2111 	DATA 	Keypress: o
157.2187 	Level RINSE 	25
159.2153 	DATA 	Keypress: o
159.2357 	Level jitter 	25
165.2087 	Level finished 	25
165.2099 	DATA 	Keypress: o
165.2109 	DATA 	Keypress: o
165.2121 	DATA 	Keypress: o
165.2364 	Level image=tasty.jpg 	25
166.2204 	Level injecting via pump at address 1 	25
172.2135 	DATA 	Keypress: o
172.2147 	DATA 	Keypress: o
172.2160 	DATA 	Keypress: o
172.2205 	Level WAIT 	25
173.2112 	DATA 	Keypress: o
173.2206 	Level RINSE 	25
175.2131 	DATA 	Keypress: o
175.2209 	Level jitter 	25
177.2087 	Level finished 	25
177.2099 	DATA 	Keypress: o
177.2382 	Level image=tasty.jpg 	25
178.2214 	Level injecting via pump at address 0 	25
184.2132 	DATA 	Keypress: o
184.2142 	DATA 	Keypress: o
184.2152 	DATA 	Keypress: o
184.2387 	Level WAIT 	25
185.2115 	DATA 	Keypress: o
185.2221 	Level RINSE 	25
187.2133 	DATA 	Keypress: o
187.2393 	Level jitter 	25
193.2087 	Level finished 	25
193.2099 	DATA 	Keypress: o
193.2110 	DATA 	Keypress: o
193.2121 	DATA 	Keypress: o
193.2397 	Level image=waterlogo.jpg 	25
194.2232 	Level injecting via pump at address 0 	25
200.2140 	DATA 	Keypress: o
200.2154 	DATA 	Keypress: o
200.2166 	DATA 	Keypress: o
200.2242 	Level WAIT 	25
201.2113 	DATA 	Keypress: o
201.2240 	Level RINSE 	25
203.2133 	DATA 	Keypress: o
203.2241 	Level jitter 	25
205.2087 	Level finished 	25
205.2099 	DATA 	Keypress: o
205.2411 	Level image=waterlogo.jpg 	25
206.2246 	Level injecting via pump at address 0 	25
212.2143 	DATA 	Keypress: o
212.2155 	DATA 	Keypress: o
212.2168 	DATA 	Keypress: o
212.2424 	Level WAIT 	25
213.2112 	DATA 	Keypress: o
213.2254 	Level RINSE 	25
215.2143 	DATA 	Keypress: o
215.2423 	Level jitter 	25
224.2087 	Level finished 	25
224.2099 	DATA 	Keypress: o
224.2110 	DATA 	Keypress: o
224.2121 	DATA 	Keypress: o
224.2133 	DATA 	Keypress: o
224.2437 	Level image=tasty.jpg 	25
225.2111 	DATA 	Keypress: o
225.2268 	Level injecting via pump at address 1 	25
231.2145 	DATA 	Keypress: o
231.2159 	DATA 	Keypress: o
231.2172 	DATA 	Keypress: o
231.2274 	Level WAIT 	25
232.2276 	Level RINSE 	25
234.2141 	DATA 	Keypress: o
234.2448 	Level jitter 	25
241.2087 	Level finished 	25
241.2101 	DATA 	Keypress: o
241.2115 	DATA 	Keypress: o
241.2126 	DATA 	Keypress: o
241.2137 	DATA 	Keypress: o
241.2287 	Level image=tasty.jpg 	25
242.2288 	Level injecting via pump at address 0 	25
248.2138 	DATA 	Keypress: o
248.2150 	DATA 	Keypress: o
248.2162 	DATA 	Keypress: o
248.2299 	Level WAIT 	25
249.2111 	DATA 	Keypress: o
249.2296 	Level RINSE 	25
251.2137 	DATA 	Keypress: o
251.2298 	Level jitter 	25
258.2087 	Level finished 	25
258.2099 	DATA 	Keypress: o
258.2108 	DATA 	Keypress: o
258.2118 	DATA 	Keypress: o
258.2310 	Level image=waterlogo.jpg 	25
259.2115 	DATA 	Keypress: o
259.2141 	Level injecting via pump at address 0 	25
265.2137 	DATA 	Keypress: o
265.2147 	DATA 	Keypress: o
265.2156 	DATA 	Keypress: o
265.2480 	Level WAIT 	25
266.2317 	Level RINSE 	25
268.2140 	DATA 	Keypress: o
268.2322 	Level jitter 	25
273.2087 	Level finished 	25
273.2101 	DATA 	Keypress: o
273.2112 	DATA 	Keypress: o
273.2122 	DATA 	Keypress: o
273.2324 	Level image=tasty.jpg 	25
274.2325 	Level injecting via pump at address 0 	25
280.2145 	DATA 	Keypress: o
280.2159 	DATA 	Keypress: o
280.2170 	DATA 	Keypress: o
280.2335 	Level WAIT 	25
281.2117 	DATA 	Keypress: o
281.2166 	Level RINSE 	25
283.2141 	DATA 	Keypress: o
283.2335 	Level jitter 	25
284.2087 	Level finished 	25
284.2170 	Level image=tasty.jpg 	25
285.2113 	DATA 	Keypress: o
285.2338 	Level injecting via pump at address 1 	25
291.2145 	DATA 	Keypress: o
291.2159 	DATA 	Keypress: o
291.2172 	DATA 	Keypress: o
291.2348 	Level WAIT 	25
292.2346 	Level RINSE 	25
294.2131 	DATA 	Keypress: o
294.2181 	Level jitter 	25
297.2087 	Level finished 	25
297.2099 	DATA 	Keypress: o
297.2108 	DATA 	Keypress: o
297.2353 	Level image=tasty.jpg 	25
298.2353 	Level injecting via pump at address 0 	25
304.2139 	DATA 	Keypress: o
304.2150 	DATA 	Keypress: o
304.2161 	DATA 	Keypress: o
304.2363 	Level WAIT 	25
305.2111 	DATA 	Keypress: o
305.2361 	Level RINSE 	25
307.2140 	DATA 	Keypress: o
307.2363 	Level jitter 	25
309.2087 	Level finished 	25
309.2099 	DATA 	Keypress: o
309.2199 	Level image=tasty.jpg 	25
310.2201 	Level injecting via pump at address 1 	25
316.2142 	DATA 	Keypress: o
316.2154 	DATA 	Keypress: o
316.2166 	DATA 	Keypress: o
316.2377 	Level WAIT 	25
317.2114 	DATA 	Keypress: o
317.2375 	Level RINSE 	25
319.2140 	DATA 	Keypress: o
319.2211 	Level jitter 	25
321.2087 	Level finished 	25
321.2100 	DATA 	Keypress: o
321.2380 	Level image=tasty.jpg 	25
322.2215 	Level injecting via pump at address 0 	25
328.2133 	DATA 	Keypress: o
328.2144 	DATA 	Keypress: o
328.2154 	DATA 	Keypress: o
328.2226 	Level WAIT 	25
329.2111 	DATA 	Keypress: o
329.2222 	Level RINSE 	25
331.2142 	DATA 	Keypress: o
331.2224 	Level jitter 	25
332.2087 	Level finished 	25
332.2226 	Level image=waterlogo.jpg 	25
333.2111 	DATA 	Keypress: o
333.2394 	Level injecting via pump at address 0 	25
339.2135 	DATA 	Keypress: o
339.2145 	DATA 	Keypress: o
339.2158 	DATA 	Keypress: o
339.2405 	Level WAIT 	25
340.2403 	Level RINSE 	25
342.2135 	DATA 	Keypress: o
342.2404 	Level jitter 	25
348.2087 	Level finished 	25
348.2100 	DATA 	Keypress: o
348.2111 	DATA 	Keypress: o
348.2123 	DATA 	Keypress: o
348.2412 	Level image=tasty.jpg 	25
349.2113 	DATA 	Keypress: o
349.2417 	Level injecting via pump at address 1 	25
355.2135 	DATA 	Keypress: o
355.2145 	DATA 	Keypress: o
355.2155 	DATA 	Keypress: o
355.2419 	Level WAIT 	25
356.2254 	Level RINSE 	25
358.2130 	DATA 	Keypress: o
358.2422 	Level jitter 	25
361.2087 	Level finished 	25
361.2100 	DATA 	Keypress: o
361.2113 	DATA 	Keypress: o
361.2430 	Level image=tasty.jpg 	25
362.2261 	Level injecting via pump at address 0 	25
368.2147 	DATA 	Keypress: o
368.2160 	DATA 	Keypress: o
368.2172 	DATA 	Keypress: o
368.2436 	Level WAIT 	25
369.2114 	DATA 	Keypress: o
369.2269 	Level RINSE 	25
371.2145 	DATA 	Keypress: o
371.2441 	Level jitter 	25
373.2087 	Level finished 	25
373.2100 	DATA 	Keypress: o
373.2274 	Level image=tasty.jpg 	25
374.2275 	Level injecting via pump at address 1 	25
380.2137 	DATA 	Keypress: o
380.2147 	DATA 	Keypress: o
380.2157 	DATA 	Keypress: o
380.2449 	Level WAIT 	25
381.2116 	DATA 	Keypress: o
381.2286 	Level RINSE 	25
383.2139 	DATA 	Keypress: o
383.2285 	Level jitter 	25
387.2087 	Level finished 	25
387.2100 	DATA 	Keypress: o
387.2111 	DATA 	Keypress: o
387.2290 	Level image=tasty.jpg 	25
388.2292 	Level injecting via pump at address 0 	25
394.2133 	DATA 	Keypress: o
394.2144 	DATA 	Keypress: o
394.2153 	DATA 	Keypress: o
394.2302 	Level WAIT 	25
395.2111 	DATA 	Keypress: o
395.2299 	Level RINSE 	25
397.2141 	DATA 	Keypress: o
397.2302 	Level jitter 	25
404.2087 	Level finished 	25
404.2099 	DATA 	Keypress: o
404.2110 	DATA 	Keypress: o
404.2121 	DATA 	Keypress: o
404.2315 	Level image=tasty.jpg 	25
405.2114 	DATA 	Keypress: o
405.2313 	Level injecting via pump at address 0 	25
411.2143 	DATA 	Keypress: o
411.2157 	DATA 	Keypress: o
411.2169 	DATA 	Keypress: o
411.2318 	Level WAIT 	25
412.2153 	Level RINSE 	25
414.2137 	DATA 	Keypress: o
414.2325 	Level jitter 	25
418.2087 	Level finished 	25
