64.0059 	DATA 	Keypress: o
64.0067 	Level start key press 	25
66.0186 	DATA 	Keypress: o
68.0189 	DATA 	Keypress: o
70.0356 	DATA 	Keypress: o
72.0193 	DATA 	Keypress: o
72.3835 	Level image=waterlogo.jpg 	25
73.3172 	Level injecting via pump at address 0 	25
79.3051 	DATA 	Keypress: o
79.3064 	DATA 	Keypress: o
79.3074 	DATA 	Keypress: o
79.3348 	Level WAIT 	25
80.3028 	DATA 	Keypress: o
80.3179 	Level RINSE 	25
82.3137 	DATA 	Keypress: o
82.3348 	Level jitter 	25
89.3003 	Level finished 	25
89.3015 	DATA 	Keypress: o
89.3026 	DATA 	Keypress: o
89.3038 	DATA 	Keypress: o
89.3193 	Level image=waterlogo.jpg 	25
90.3027 	DATA 	Keypress: o
90.3191 	Level injecting via pump at address 0 	25
96.3056 	DATA 	Keypress: o
96.3071 	DATA 	Keypress: o
96.3083 	DATA 	Keypress: o
96.3197 	Level WAIT 	25
97.3199 	Level RINSE 	25
99.3055 	DATA 	Keypress: o
99.3205 	Level jitter 	25
104.3003 	Level finished 	25
104.3017 	DATA 	Keypress: o
104.3029 	DATA 	Keypress: o
104.3041 	DATA 	Keypress: o
104.3374 	Level image=tasty.jpg 	25
105.3208 	Level injecting via pump at address 1 	25
111.3060 	DATA 	Keypress: o
111.3072 	DATA 	Keypress: o
111.3083 	DATA 	Keypress: o
111.3219 	Level WAIT 	25
112.3033 	DATA 	Keypress: o
112.3217 	Level RINSE 	25
114.3058 	DATA 	Keypress: o
114.3218 	Level jitter 	25
117.3003 	Level finished 	25
117.3014 	DATA 	Keypress: o
117.3223 	Level image=tasty.jpg 	25
118.3034 	DATA 	Keypress: o
118.3223 	Level injecting via pump at address 0 	25
124.3056 	DATA 	Keypress: o
124.3066 	DATA 	Keypress: o
124.3076 	DATA 	Keypress: o
124.3234 	Level WAIT 	25
125.3231 	Level RINSE 	25
127.3048 	DATA 	Keypress: o
127.3234 	Level jitter 	25
133.3003 	Level finished 	25
133.3015 	DATA 	Keypress: o
133.3026 	DATA 	Keypress: o
133.3035 	DATA 	Keypress: o
133.3241 	Level image=tasty.jpg 	25
134.3031 	DATA 	Keypress: o
134.3246 	Level injecting via pump at address 0 	25
140.3049 	DATA 	Keypress: o
140.3059 	DATA 	Keypress: o
140.3069 	DATA 	Keypress: o
140.3249 	Level WAIT 	25
141.3250 	Level RINSE 	25
143.3051 	DATA 	Keypress: o
143.3253 	Level jitter 	25
152.3003 	Level finished 	25
152.3015 	DATA 	Keypress: o
152.3027 	DATA 	Keypress: o
152.3037 	DATA 	Keypress: o
152.3046 	DATA 	Keypress: o
152.3056 	DATA 	Keypress: o
152.3266 	Level image=tasty.jpg 	25
153.3264 	Level injecting via pump at address 1 	25
159.3052 	DATA 	Keypress: o
159.3065 	DATA 	Keypress: o
159.3077 	DATA 	Keypress: o
159.3272 	Level WAIT 	25
160.3026 	DATA 	Keypress: o
160.3273 	Level RINSE 	25
162.3058 	DATA 	Keypress: o
162.3278 	Level jitter 	25
168.3003 	Level finished 	25
168.3015 	DATA 	Keypress: o
168.3024 	DATA 	Keypress: o
168.3034 	DATA 	Keypress: o
168.3282 	Level image=tasty.jpg 	25
169.3284 	Level injecting via pump at address 0 	25
175.3052 	DATA 	Keypress: o
175.3063 	DATA 	Keypress: o
175.3073 	DATA 	Keypress: o
175.3294 	Level WAIT 	25
176.3030 	DATA 	Keypress: o
176.3124 	Level RINSE 	25
178.3052 	DATA 	Keypress: o
178.3293 	Level jitter 	25
181.3003 	Level finished 	25
181.3015 	DATA 	Keypress: o
181.3297 	Level image=tasty.jpg 	25
182.3028 	DATA 	Keypress: o
182.3298 	Level injecting via pump at address 1 	25
188.3051 	DATA 	Keypress: o
188.3062 	DATA 	Keypress: o
188.3076 	DATA 	Keypress: o
188.3310 	Level WAIT 	25
189.3140 	Level RINSE 	25
191.3052 	DATA 	Keypress: o
191.3308 	Level jitter 	25
196.3003 	Level finished 	25
196.3015 	DATA 	Keypress: o
196.3026 	DATA 	Keypress: o
196.3037 	DATA 	Keypress: o
196.3314 	Level image=tasty.jpg 	25
197.3316 	Level injecting via pump at address 0 	25
203.3058 	DATA 	Keypress: o
203.3069 	DATA 	Keypress: o
203.3079 	DATA 	Keypress: o
203.3327 	Level WAIT 	25
204.3028 	DATA 	Keypress: o
204.3157 	Level RINSE 	25
206.3057 	DATA 	Keypress: o
206.3326 	Level jitter 	25
207.3003 	Level finished 	25
207.3327 	Level image=waterlogo.jpg 	25
208.3028 	DATA 	Keypress: o
208.3162 	Level injecting via pump at address 0 	25
214.3046 	DATA 	Keypress: o
214.3057 	DATA 	Keypress: o
214.3069 	DATA 	Keypress: o
214.3173 	Level WAIT 	25
215.3170 	Level RINSE 	25
217.3052 	DATA 	Keypress: o
217.3172 	Level jitter 	25
222.3003 	Level finished 	25
222.3015 	DATA 	Keypress: o
222.3027 	DATA 	Keypress: o
222.3040 	DATA 	Keypress: o
222.3345 	Level image=waterlogo.jpg 	25
223.3180 	Level injecting via pump at address 0 	25
229.3057 	DATA 	Keypress: o
229.3068 	DATA 	Keypress: o
229.3078 	DATA 	Keypress: o
229.3190 	Level WAIT 	25
230.3028 	DATA 	Keypress: o
230.3187 	Level RINSE 	25
232.3051 	DATA 	Keypress: o
232.3358 	Level jitter 	25
235.3003 	Level finished 	25
235.3014 	DATA 	Keypress: o
235.3360 	Level image=tasty.jpg 	25
236.3028 	DATA 	Keypress: o
236.3195 	Level injecting via pump at address 0 	25
242.3051 	DATA 	Keypress: o
242.3062 	DATA 	Keypress: o
242.3072 	DATA 	Keypress: o
242.3205 	Level WAIT 	25
243.3203 	Level RINSE 	25
245.3053 	DATA 	Keypress: o
245.3204 	Level jitter 	25
251.3003 	Level finished 	25
251.3018 	DATA 	Keypress: o
251.3030 	DATA 	Keypress: o
251.3042 	DATA 	Keypress: o
251.3212 	Level image=waterlogo.jpg 	25
252.3030 	DATA 	Keypress: o
252.3218 	Level injecting via pump at address 0 	25
258.3051 	DATA 	Keypress: o
258.3063 	DATA 	Keypress: o
258.3075 	DATA 	Keypress: o
258.3220 	Level WAIT 	25
259.3222 	Level RINSE 	25
261.3052 	DATA 	Keypress: o
261.3224 	Level jitter 	25
263.3003 	Level finished 	25
263.3014 	DATA 	Keypress: o
263.3397 	Level image=waterlogo.jpg 	25
264.3025 	DATA 	Keypress: o
264.3228 	Level injecting via pump at address 0 	25
270.3060 	DATA 	Keypress: o
270.3072 	DATA 	Keypress: o
270.3081 	DATA 	Keypress: o
270.3235 	Level WAIT 	25
271.3236 	Level RINSE 	25
273.3045 	DATA 	Keypress: o
273.3241 	Level jitter 	25
281.3003 	Level finished 	25
281.3015 	DATA 	Keypress: o
281.3026 	DATA 	Keypress: o
281.3036 	DATA 	Keypress: o
281.3047 	DATA 	Keypress: o
281.3247 	Level image=tasty.jpg 	25
282.3027 	DATA 	Keypress: o
282.3082 	Level injecting via pump at address 0 	25
288.3059 	DATA 	Keypress: o
288.3076 	DATA 	Keypress: o
288.3090 	DATA 	Keypress: o
288.3426 	Level WAIT 	25
289.3090 	Level RINSE 	25
291.3052 	DATA 	Keypress: o
291.3259 	Level jitter 	25
296.3003 	Level finished 	25
296.3015 	DATA 	Keypress: o
296.3025 	DATA 	Keypress: o
296.3037 	DATA 	Keypress: o
296.3265 	Level image=waterlogo.jpg 	25
297.3267 	Level injecting via pump at address 0 	25
303.3056 	DATA 	Keypress: o
303.3068 	DATA 	Keypress: o
303.3078 	DATA 	Keypress: o
303.3276 	Level WAIT 	25
304.3029 	DATA 	Keypress: o
304.3107 	Level RINSE 	25
306.3055 	DATA 	Keypress: o
306.3275 	Level jitter 	25
311.3003 	Level finished 	25
311.3016 	DATA 	Keypress: o
311.3026 	DATA 	Keypress: o
311.3283 	Level image=tasty.jpg 	25
312.3027 	DATA 	Keypress: o
312.3284 	Level injecting via pump at address 0 	25
318.3057 	DATA 	Keypress: o
318.3069 	DATA 	Keypress: o
318.3081 	DATA 	Keypress: o
318.3294 	Level WAIT 	25
319.3292 	Level RINSE 	25
321.3053 	DATA 	Keypress: o
321.3293 	Level jitter 	25
328.3003 	Level finished 	25
328.3015 	DATA 	Keypress: o
328.3025 	DATA 	Keypress: o
328.3034 	DATA 	Keypress: o
328.3046 	DATA 	Keypress: o
328.3307 	Level image=tasty.jpg 	25
329.3137 	Level injecting via pump at address 1 	25
335.3054 	DATA 	Keypress: o
335.3067 	DATA 	Keypress: o
335.3079 	DATA 	Keypress: o
335.3310 	Level WAIT 	25
336.3031 	DATA 	Keypress: o
336.3144 	Level RINSE 	25
338.3048 	DATA 	Keypress: o
338.3317 	Level jitter 	25
342.3003 	Level finished 	25
342.3015 	DATA 	Keypress: o
342.3024 	DATA 	Keypress: o
342.3152 	Level image=tasty.jpg 	25
343.3153 	Level injecting via pump at address 0 	25
349.3060 	DATA 	Keypress: o
349.3073 	DATA 	Keypress: o
349.3084 	DATA 	Keypress: o
349.3330 	Level WAIT 	25
350.3028 	DATA 	Keypress: o
350.3328 	Level RINSE 	25
352.3052 	DATA 	Keypress: o
352.3164 	Level jitter 	25
355.3003 	Level finished 	25
355.3016 	DATA 	Keypress: o
355.3167 	Level image=tasty.jpg 	25
356.3029 	DATA 	Keypress: o
356.3168 	Level injecting via pump at address 1 	25
362.3056 	DATA 	Keypress: o
362.3068 	DATA 	Keypress: o
362.3078 	DATA 	Keypress: o
362.3346 	Level WAIT 	25
363.3343 	Level RINSE 	25
365.3049 	DATA 	Keypress: o
365.3179 	Level jitter 	25
370.3003 	Level finished 	25
370.3015 	DATA 	Keypress: o
370.3026 	DATA 	Keypress: o
370.3035 	DATA 	Keypress: o
370.3185 	Level image=tasty.jpg 	25
371.3186 	Level injecting via pump at address 0 	25
377.3048 	DATA 	Keypress: o
377.3058 	DATA 	Keypress: o
377.3067 	DATA 	Keypress: o
377.3196 	Level WAIT 	25
378.3028 	DATA 	Keypress: o
378.3194 	Level RINSE 	25
380.3059 	DATA 	Keypress: o
380.3196 	Level jitter 	25
381.3003 	Level finished 	25
381.3199 	Level image=tasty.jpg 	25
382.3030 	DATA 	Keypress: o
382.3199 	Level injecting via pump at address 1 	25
388.3048 	DATA 	Keypress: o
388.3058 	DATA 	Keypress: o
388.3068 	DATA 	Keypress: o
388.3376 	Level WAIT 	25
389.3207 	Level RINSE 	25
391.3050 	DATA 	Keypress: o
391.3376 	Level jitter 	25
400.3003 	Level finished 	25
400.3015 	DATA 	Keypress: o
400.3024 	DATA 	Keypress: o
400.3036 	DATA 	Keypress: o
400.3047 	DATA 	Keypress: o
400.3056 	DATA 	Keypress: o
400.3391 	Level image=tasty.jpg 	25
401.3054 	Level injecting via pump at address 1 	25
407.3054 	DATA 	Keypress: o
407.3065 	DATA 	Keypress: o
407.3074 	DATA 	Keypress: o
407.3228 	Level WAIT 	25
408.3027 	DATA 	Keypress: o
408.3229 	Level RINSE 	25
410.3048 	DATA 	Keypress: o
410.3069 	Level jitter 	25
419.3003 	Level finished 	25
419.3017 	DATA 	Keypress: o
419.3026 	DATA 	Keypress: o
419.3035 	DATA 	Keypress: o
419.3044 	DATA 	Keypress: o
419.3408 	Level image=tasty.jpg 	25
420.3031 	DATA 	Keypress: o
420.3248 	Level injecting via pump at address 0 	25
426.3053 	DATA 	Keypress: o
426.3064 	DATA 	Keypress: o
426.3075 	DATA 	Keypress: o
426.3250 	Level WAIT 	25
427.3251 	Level RINSE 	25
429.3048 	DATA 	Keypress: o
429.3087 	Level jitter 	25
431.3003 	Level finished 	25
