66.6340 	DATA 	Keypress: o
66.6348 	Level start key press 	25
68.6367 	DATA 	Keypress: o
70.6535 	DATA 	Keypress: o
72.6369 	DATA 	Keypress: o
74.6373 	DATA 	Keypress: o
75.1848 	Level image=waterlogo.jpg 	25
76.1015 	Level injecting via pump at address 0 	25
82.0896 	DATA 	Keypress: o
82.0907 	DATA 	Keypress: o
82.0917 	DATA 	Keypress: o
82.1190 	Level WAIT 	25
83.0876 	DATA 	Keypress: o
83.1186 	Level RINSE 	25
85.0982 	DATA 	Keypress: o
85.1188 	Level jitter 	25
94.0848 	Level finished 	25
94.0863 	DATA 	Keypress: o
94.0875 	DATA 	Keypress: o
94.0887 	DATA 	Keypress: o
94.0899 	DATA 	Keypress: o
94.1198 	Level image=waterlogo.jpg 	25
95.0873 	DATA 	Keypress: o
95.1029 	Level injecting via pump at address 0 	25
101.0901 	DATA 	Keypress: o
101.0914 	DATA 	Keypress: o
101.0926 	DATA 	Keypress: o
101.1199 	Level WAIT 	25
102.1033 	Level RINSE 	25
104.0907 	DATA 	Keypress: o
104.1205 	Level jitter 	25
109.0848 	Level finished 	25
109.0863 	DATA 	Keypress: o
109.0875 	DATA 	Keypress: o
109.0888 	DATA 	Keypress: o
109.1038 	Level image=tasty.jpg 	25
110.1039 	Level injecting via pump at address 0 	25
116.0901 	DATA 	Keypress: o
116.0911 	DATA 	Keypress: o
116.0921 	DATA 	Keypress: o
116.1046 	Level WAIT 	25
117.0872 	DATA 	Keypress: o
117.1044 	Level RINSE 	25
119.0900 	DATA 	Keypress: o
119.1044 	Level jitter 	25
120.0848 	Level finished 	25
120.1212 	Level image=tasty.jpg 	25
121.0877 	DATA 	Keypress: o
121.1046 	Level injecting via pump at address 1 	25
127.0906 	DATA 	Keypress: o
127.0920 	DATA 	Keypress: o
127.0933 	DATA 	Keypress: o
127.1056 	Level WAIT 	25
128.1051 	Level RINSE 	25
130.0903 	DATA 	Keypress: o
130.1052 	Level jitter 	25
135.0848 	Level finished 	25
135.0863 	DATA 	Keypress: o
135.0875 	DATA 	Keypress: o
135.0887 	DATA 	Keypress: o
135.1222 	Level image=tasty.jpg 	25
136.1057 	Level injecting via pump at address 0 	25
142.0895 	DATA 	Keypress: o
142.0906 	DATA 	Keypress: o
142.0915 	DATA 	Keypress: o
142.1232 	Level WAIT 	25
143.0877 	DATA 	Keypress: o
143.1061 	Level RINSE 	25
145.0893 	DATA 	Keypress: o
145.1062 	Level jitter 	25
149.0848 	Level finished 	25
149.0863 	DATA 	Keypress: o
149.0874 	DATA 	Keypress: o
149.1065 	Level image=waterlogo.jpg 	25
150.1066 	Level injecting via pump at address 0 	25
156.0909 	DATA 	Keypress: o
156.0922 	DATA 	Keypress: o
156.0934 	DATA 	Keypress: o
156.1075 	Level WAIT 	25
157.0872 	DATA 	Keypress: o
157.1071 	Level RINSE 	25
159.0898 	DATA 	Keypress: o
159.1072 	Level jitter 	25
161.0848 	Level finished 	25
161.0862 	DATA 	Keypress: o
161.1242 	Level image=tasty.jpg 	25
162.1075 	Level injecting via pump at address 0 	25
168.0904 	DATA 	Keypress: o
168.0917 	DATA 	Keypress: o
168.0930 	DATA 	Keypress: o
168.1084 	Level WAIT 	25
169.0872 	DATA 	Keypress: o
169.1080 	Level RINSE 	25
171.0900 	DATA 	Keypress: o
171.1081 	Level jitter 	25
179.0848 	Level finished 	25
179.0862 	DATA 	Keypress: o
179.0873 	DATA 	Keypress: o
179.0885 	DATA 	Keypress: o
179.0897 	DATA 	Keypress: o
179.1257 	Level image=waterlogo.jpg 	25
180.0921 	Level injecting via pump at address 0 	25
186.0904 	DATA 	Keypress: o
186.0917 	DATA 	Keypress: o
186.0930 	DATA 	Keypress: o
186.1257 	Level WAIT 	25
187.0876 	DATA 	Keypress: o
187.1092 	Level RINSE 	25
189.0897 	DATA 	Keypress: o
189.1097 	Level jitter 	25
194.0848 	Level finished 	25
194.0864 	DATA 	Keypress: o
194.0876 	DATA 	Keypress: o
194.1096 	Level image=tasty.jpg 	25
195.0876 	DATA 	Keypress: o
195.1098 	Level injecting via pump at address 1 	25
201.0907 	DATA 	Keypress: o
201.0921 	DATA 	Keypress: o
201.0931 	DATA 	Keypress: o
201.1105 	Level WAIT 	25
202.0935 	Level RINSE 	25
204.0898 	DATA 	Keypress: o
204.1103 	Level jitter 	25
206.0848 	Level finished 	25
206.0861 	DATA 	Keypress: o
206.1105 	Level image=tasty.jpg 	25
207.0876 	DATA 	Keypress: o
207.1106 	Level injecting via pump at address 0 	25
213.0904 	DATA 	Keypress: o
213.0917 	DATA 	Keypress: o
213.0930 	DATA 	Keypress: o
213.1115 	Level WAIT 	25
214.1112 	Level RINSE 	25
216.0903 	DATA 	Keypress: o
216.1111 	Level jitter 	25
219.0848 	Level finished 	25
219.0862 	DATA 	Keypress: o
219.0872 	DATA 	Keypress: o
219.1114 	Level image=waterlogo.jpg 	25
220.1115 	Level injecting via pump at address 0 	25
226.0899 	DATA 	Keypress: o
226.0912 	DATA 	Keypress: o
226.0924 	DATA 	Keypress: o
226.1123 	Level WAIT 	25
227.0876 	DATA 	Keypress: o
227.0952 	Level RINSE 	25
229.0905 	DATA 	Keypress: o
229.1121 	Level jitter 	25
237.0848 	Level finished 	25
237.0861 	DATA 	Keypress: o
237.0872 	DATA 	Keypress: o
237.0884 	DATA 	Keypress: o
237.0896 	DATA 	Keypress: o
237.1131 	Level image=tasty.jpg 	25
238.1127 	Level injecting via pump at address 0 	25
244.0906 	DATA 	Keypress: o
244.0919 	DATA 	Keypress: o
244.0930 	DATA 	Keypress: o
244.1131 	Level WAIT 	25
245.0873 	DATA 	Keypress: o
245.1132 	Level RINSE 	25
247.0903 	DATA 	Keypress: o
247.1137 	Level jitter 	25
249.0848 	Level finished 	25
249.0860 	DATA 	Keypress: o
249.0968 	Level image=tasty.jpg 	25
250.0970 	Level injecting via pump at address 1 	25
256.0906 	DATA 	Keypress: o
256.0921 	DATA 	Keypress: o
256.0936 	DATA 	Keypress: o
256.1140 	Level WAIT 	25
257.0876 	DATA 	Keypress: o
257.1145 	Level RINSE 	25
259.0902 	DATA 	Keypress: o
259.1141 	Level jitter 	25
268.0848 	Level finished 	25
268.0861 	DATA 	Keypress: o
268.0871 	DATA 	Keypress: o
268.0881 	DATA 	Keypress: o
268.0890 	DATA 	Keypress: o
268.1153 	Level image=waterlogo.jpg 	25
269.0876 	DATA 	Keypress: o
269.1149 	Level injecting via pump at address 0 	25
275.0906 	DATA 	Keypress: o
275.0919 	DATA 	Keypress: o
275.0929 	DATA 	Keypress: o
275.1153 	Level WAIT 	25
276.1153 	Level RINSE 	25
278.0895 	DATA 	Keypress: o
278.0993 	Level jitter 	25
286.0848 	Level finished 	25
286.0863 	DATA 	Keypress: o
286.0876 	DATA 	Keypress: o
286.0888 	DATA 	Keypress: o
286.0900 	DATA 	Keypress: o
286.0994 	Level image=tasty.jpg 	25
287.0872 	DATA 	Keypress: o
287.0995 	Level injecting via pump at address 0 	25
293.0901 	DATA 	Keypress: o
293.0913 	DATA 	Keypress: o
293.0922 	DATA 	Keypress: o
293.1003 	Level WAIT 	25
294.0999 	Level RINSE 	25
296.0902 	DATA 	Keypress: o
296.1001 	Level jitter 	25
298.0848 	Level finished 	25
298.0860 	DATA 	Keypress: o
298.1169 	Level image=waterlogo.jpg 	25
299.0872 	DATA 	Keypress: o
299.1003 	Level injecting via pump at address 0 	25
305.0903 	DATA 	Keypress: o
305.0916 	DATA 	Keypress: o
305.0927 	DATA 	Keypress: o
305.1011 	Level WAIT 	25
306.1007 	Level RINSE 	25
308.0905 	DATA 	Keypress: o
308.1009 	Level jitter 	25
315.0848 	Level finished 	25
315.0862 	DATA 	Keypress: o
315.0873 	DATA 	Keypress: o
315.0884 	DATA 	Keypress: o
315.0893 	DATA 	Keypress: o
315.1018 	Level image=tasty.jpg 	25
316.1014 	Level injecting via pump at address 1 	25
322.0894 	DATA 	Keypress: o
322.0906 	DATA 	Keypress: o
322.0918 	DATA 	Keypress: o
322.1184 	Level WAIT 	25
323.0873 	DATA 	Keypress: o
323.1186 	Level RINSE 	25
325.0899 	DATA 	Keypress: o
325.1025 	Level jitter 	25
330.0848 	Level finished 	25
330.0862 	DATA 	Keypress: o
330.0875 	DATA 	Keypress: o
330.1024 	Level image=tasty.jpg 	25
331.0877 	DATA 	Keypress: o
331.1025 	Level injecting via pump at address 0 	25
337.0905 	DATA 	Keypress: o
337.0919 	DATA 	Keypress: o
337.0937 	DATA 	Keypress: o
337.1033 	Level WAIT 	25
338.1030 	Level RINSE 	25
340.0895 	DATA 	Keypress: o
340.1031 	Level jitter 	25
342.0848 	Level finished 	25
342.0860 	DATA 	Keypress: o
342.1200 	Level image=tasty.jpg 	25
343.0877 	DATA 	Keypress: o
343.1033 	Level injecting via pump at address 1 	25
349.0908 	DATA 	Keypress: o
349.0921 	DATA 	Keypress: o
349.0933 	DATA 	Keypress: o
349.1041 	Level WAIT 	25
350.1038 	Level RINSE 	25
352.0900 	DATA 	Keypress: o
352.1039 	Level jitter 	25
355.0848 	Level finished 	25
355.0862 	DATA 	Keypress: o
355.0875 	DATA 	Keypress: o
355.1042 	Level image=tasty.jpg 	25
356.1042 	Level injecting via pump at address 0 	25
362.0904 	DATA 	Keypress: o
362.0917 	DATA 	Keypress: o
362.0929 	DATA 	Keypress: o
362.1050 	Level WAIT 	25
363.0882 	DATA 	Keypress: o
363.1047 	Level RINSE 	25
365.0905 	DATA 	Keypress: o
365.1048 	Level jitter 	25
367.0848 	Level finished 	25
367.0866 	DATA 	Keypress: o
367.1216 	Level image=tasty.jpg 	25
368.1052 	Level injecting via pump at address 1 	25
374.0910 	DATA 	Keypress: o
374.0927 	DATA 	Keypress: o
374.0944 	DATA 	Keypress: o
374.1056 	Level WAIT 	25
375.0878 	DATA 	Keypress: o
375.1055 	Level RINSE 	25
377.0903 	DATA 	Keypress: o
377.1056 	Level jitter 	25
381.0848 	Level finished 	25
381.0862 	DATA 	Keypress: o
381.0875 	DATA 	Keypress: o
381.1060 	Level image=tasty.jpg 	25
382.1061 	Level injecting via pump at address 0 	25
388.0905 	DATA 	Keypress: o
388.0919 	DATA 	Keypress: o
388.0933 	DATA 	Keypress: o
388.1235 	Level WAIT 	25
389.0873 	DATA 	Keypress: o
389.0898 	Level RINSE 	25
391.0899 	DATA 	Keypress: o
391.1065 	Level jitter 	25
393.0848 	Level finished 	25
393.0860 	DATA 	Keypress: o
393.1068 	Level image=tasty.jpg 	25
394.1069 	Level injecting via pump at address 1 	25
400.0907 	DATA 	Keypress: o
400.0922 	DATA 	Keypress: o
400.0934 	DATA 	Keypress: o
400.1077 	Level WAIT 	25
401.0877 	DATA 	Keypress: o
401.1073 	Level RINSE 	25
403.0898 	DATA 	Keypress: o
403.1074 	Level jitter 	25
411.0848 	Level finished 	25
411.0863 	DATA 	Keypress: o
411.0875 	DATA 	Keypress: o
411.0887 	DATA 	Keypress: o
411.0900 	DATA 	Keypress: o
411.1085 	Level image=tasty.jpg 	25
412.1082 	Level injecting via pump at address 0 	25
418.0918 	DATA 	Keypress: o
418.0932 	DATA 	Keypress: o
418.0944 	DATA 	Keypress: o
418.1084 	Level WAIT 	25
419.0877 	DATA 	Keypress: o
419.1085 	Level RINSE 	25
421.0909 	DATA 	Keypress: o
421.1090 	Level jitter 	25
428.0848 	Level finished 	25
