50.9243 	DATA 	Keypress: o
50.9251 	Level start key press 	25
52.9328 	DATA 	Keypress: o
54.9328 	DATA 	Keypress: o
56.9328 	DATA 	Keypress: o
58.9330 	DATA 	Keypress: o
59.4807 	Level image=tasty.jpg 	25
60.4146 	Level injecting via pump at address 1 	25
66.4024 	DATA 	Keypress: o
66.4035 	DATA 	Keypress: o
66.4044 	DATA 	Keypress: o
66.4311 	Level WAIT 	25
67.4003 	DATA 	Keypress: o
67.4313 	Level RINSE 	25
69.4111 	DATA 	Keypress: o
69.4314 	Level jitter 	25
78.3974 	Level finished 	25
78.3988 	DATA 	Keypress: o
78.3999 	DATA 	Keypress: o
78.4011 	DATA 	Keypress: o
78.4027 	DATA 	Keypress: o
78.4324 	Level image=waterlogo.jpg 	25
79.4001 	DATA 	Keypress: o
79.4155 	Level injecting via pump at address 0 	25
85.4038 	DATA 	Keypress: o
85.4054 	DATA 	Keypress: o
85.4070 	DATA 	Keypress: o
85.4323 	Level WAIT 	25
86.4157 	Level RINSE 	25
88.4025 	DATA 	Keypress: o
88.4161 	Level jitter 	25
92.3974 	Level finished 	25
92.3990 	DATA 	Keypress: o
92.4004 	DATA 	Keypress: o
92.4329 	Level image=tasty.jpg 	25
93.4003 	DATA 	Keypress: o
93.4163 	Level injecting via pump at address 1 	25
99.4026 	DATA 	Keypress: o
99.4039 	DATA 	Keypress: o
99.4050 	DATA 	Keypress: o
99.4169 	Level WAIT 	25
100.4167 	Level RINSE 	25
102.4025 	DATA 	Keypress: o
102.4169 	Level jitter 	25
106.3974 	Level finished 	25
106.3992 	DATA 	Keypress: o
106.4007 	DATA 	Keypress: o
106.4174 	Level image=waterlogo.jpg 	25
107.4006 	DATA 	Keypress: o
107.4175 	Level injecting via pump at address 0 	25
113.4037 	DATA 	Keypress: o
113.4050 	DATA 	Keypress: o
113.4063 	DATA 	Keypress: o
113.4349 	Level WAIT 	25
114.4178 	Level RINSE 	25
116.4032 	DATA 	Keypress: o
116.4179 	Level jitter 	25
120.3974 	Level finished 	25
120.3991 	DATA 	Keypress: o
120.4006 	DATA 	Keypress: o
120.4349 	Level image=waterlogo.jpg 	25
121.4003 	DATA 	Keypress: o
121.4184 	Level injecting via pump at address 0 	25
127.4025 	DATA 	Keypress: o
127.4036 	DATA 	Keypress: o
127.4046 	DATA 	Keypress: o
127.4190 	Level WAIT 	25
128.4188 	Level RINSE 	25
130.4024 	DATA 	Keypress: o
130.4188 	Level jitter 	25
134.3974 	Level finished 	25
134.3989 	DATA 	Keypress: o
134.4002 	DATA 	Keypress: o
134.4192 	Level image=tasty.jpg 	25
135.4000 	DATA 	Keypress: o
135.4194 	Level injecting via pump at address 1 	25
141.4020 	DATA 	Keypress: o
141.4030 	DATA 	Keypress: o
141.4041 	DATA 	Keypress: o
141.4201 	Level WAIT 	25
142.4197 	Level RINSE 	25
144.4028 	DATA 	Keypress: o
144.4199 	Level jitter 	25
150.3974 	Level finished 	25
150.3988 	DATA 	Keypress: o
150.3999 	DATA 	Keypress: o
150.4009 	DATA 	Keypress: o
150.4204 	Level image=waterlogo.jpg 	25
151.4004 	DATA 	Keypress: o
151.4210 	Level injecting via pump at address 0 	25
157.4035 	DATA 	Keypress: o
157.4048 	DATA 	Keypress: o
157.4060 	DATA 	Keypress: o
157.4207 	Level WAIT 	25
158.4042 	Level RINSE 	25
160.4018 	DATA 	Keypress: o
160.4209 	Level jitter 	25
163.3974 	Level finished 	25
163.3988 	DATA 	Keypress: o
163.4001 	DATA 	Keypress: o
163.4217 	Level image=tasty.jpg 	25
164.4046 	Level injecting via pump at address 1 	25
170.4020 	DATA 	Keypress: o
170.4031 	DATA 	Keypress: o
170.4043 	DATA 	Keypress: o
170.4217 	Level WAIT 	25
171.3998 	DATA 	Keypress: o
171.4217 	Level RINSE 	25
173.4023 	DATA 	Keypress: o
173.4222 	Level jitter 	25
176.3974 	Level finished 	25
176.3987 	DATA 	Keypress: o
176.4221 	Level image=waterlogo.jpg 	25
177.4000 	DATA 	Keypress: o
177.4055 	Level injecting via pump at address 0 	25
183.4031 	DATA 	Keypress: o
183.4044 	DATA 	Keypress: o
183.4054 	DATA 	Keypress: o
183.4230 	Level WAIT 	25
184.4227 	Level RINSE 	25
186.4020 	DATA 	Keypress: o
186.4061 	Level jitter 	25
190.3974 	Level finished 	25
190.3991 	DATA 	Keypress: o
190.4005 	DATA 	Keypress: o
190.4231 	Level image=waterlogo.jpg 	25
191.4014 	DATA 	Keypress: o
191.4232 	Level injecting via pump at address 0 	25
197.4021 	DATA 	Keypress: o
197.4034 	DATA 	Keypress: o
197.4045 	DATA 	Keypress: o
197.4239 	Level WAIT 	25
198.4236 	Level RINSE 	25
200.4031 	DATA 	Keypress: o
200.4237 	Level jitter 	25
205.3974 	Level finished 	25
205.3988 	DATA 	Keypress: o
205.3999 	DATA 	Keypress: o
205.4010 	DATA 	Keypress: o
205.4241 	Level image=tasty.jpg 	25
206.4242 	Level injecting via pump at address 1 	25
212.4026 	DATA 	Keypress: o
212.4038 	DATA 	Keypress: o
212.4050 	DATA 	Keypress: o
212.4250 	Level WAIT 	25
213.4003 	DATA 	Keypress: o
213.4246 	Level RINSE 	25
215.4030 	DATA 	Keypress: o
215.4247 	Level jitter 	25
218.3974 	Level finished 	25
218.3986 	DATA 	Keypress: o
218.4250 	Level image=waterlogo.jpg 	25
219.4002 	DATA 	Keypress: o
219.4251 	Level injecting via pump at address 0 	25
225.4021 	DATA 	Keypress: o
225.4033 	DATA 	Keypress: o
225.4042 	DATA 	Keypress: o
225.4259 	Level WAIT 	25
226.4255 	Level RINSE 	25
228.4023 	DATA 	Keypress: o
228.4257 	Level jitter 	25
236.3974 	Level finished 	25
236.3994 	DATA 	Keypress: o
236.4012 	DATA 	Keypress: o
236.4024 	DATA 	Keypress: o
236.4036 	DATA 	Keypress: o
236.4267 	Level image=tasty.jpg 	25
237.4001 	DATA 	Keypress: o
237.4097 	Level injecting via pump at address 1 	25
243.4021 	DATA 	Keypress: o
243.4032 	DATA 	Keypress: o
243.4045 	DATA 	Keypress: o
243.4267 	Level WAIT 	25
244.4268 	Level RINSE 	25
246.4031 	DATA 	Keypress: o
246.4107 	Level jitter 	25
248.3974 	Level finished 	25
248.3985 	DATA 	Keypress: o
248.4271 	Level image=tasty.jpg 	25
249.4000 	DATA 	Keypress: o
249.4105 	Level injecting via pump at address 1 	25
255.4029 	DATA 	Keypress: o
255.4043 	DATA 	Keypress: o
255.4056 	DATA 	Keypress: o
255.4108 	Level WAIT 	25
256.4113 	Level RINSE 	25
258.4028 	DATA 	Keypress: o
258.4110 	Level jitter 	25
260.3974 	Level finished 	25
260.3988 	DATA 	Keypress: o
260.4279 	Level image=waterlogo.jpg 	25
261.4001 	DATA 	Keypress: o
261.4114 	Level injecting via pump at address 0 	25
267.4034 	DATA 	Keypress: o
267.4049 	DATA 	Keypress: o
267.4061 	DATA 	Keypress: o
267.4121 	Level WAIT 	25
268.4118 	Level RINSE 	25
270.4024 	DATA 	Keypress: o
270.4287 	Level jitter 	25
273.3974 	Level finished 	25
273.3987 	DATA 	Keypress: o
273.3997 	DATA 	Keypress: o
273.4288 	Level image=tasty.jpg 	25
274.4123 	Level injecting via pump at address 1 	25
280.4027 	DATA 	Keypress: o
280.4038 	DATA 	Keypress: o
280.4050 	DATA 	Keypress: o
280.4130 	Level WAIT 	25
281.4000 	DATA 	Keypress: o
281.4126 	Level RINSE 	25
283.4037 	DATA 	Keypress: o
283.4127 	Level jitter 	25
285.3974 	Level finished 	25
285.3989 	DATA 	Keypress: o
285.4297 	Level image=waterlogo.jpg 	25
286.4131 	Level injecting via pump at address 0 	25
292.4026 	DATA 	Keypress: o
292.4036 	DATA 	Keypress: o
292.4046 	DATA 	Keypress: o
292.4138 	Level WAIT 	25
293.4003 	DATA 	Keypress: o
293.4135 	Level RINSE 	25
295.4026 	DATA 	Keypress: o
295.4304 	Level jitter 	25
296.3974 	Level finished 	25
296.4137 	Level image=tasty.jpg 	25
297.3999 	DATA 	Keypress: o
297.4138 	Level injecting via pump at address 1 	25
303.4021 	DATA 	Keypress: o
303.4031 	DATA 	Keypress: o
303.4040 	DATA 	Keypress: o
303.4313 	Level WAIT 	25
304.4309 	Level RINSE 	25
306.4025 	DATA 	Keypress: o
306.4144 	Level jitter 	25
308.3974 	Level finished 	25
308.3986 	DATA 	Keypress: o
308.4145 	Level image=waterlogo.jpg 	25
309.4000 	DATA 	Keypress: o
309.4146 	Level injecting via pump at address 0 	25
315.4025 	DATA 	Keypress: o
315.4036 	DATA 	Keypress: o
315.4046 	DATA 	Keypress: o
315.4154 	Level WAIT 	25
316.4151 	Level RINSE 	25
318.4027 	DATA 	Keypress: o
318.4152 	Level jitter 	25
324.3974 	Level finished 	25
324.3987 	DATA 	Keypress: o
324.3997 	DATA 	Keypress: o
324.4007 	DATA 	Keypress: o
324.4156 	Level image=waterlogo.jpg 	25
325.4001 	DATA 	Keypress: o
325.4161 	Level injecting via pump at address 0 	25
331.4026 	DATA 	Keypress: o
331.4036 	DATA 	Keypress: o
331.4048 	DATA 	Keypress: o
331.4161 	Level WAIT 	25
332.4162 	Level RINSE 	25
334.4035 	DATA 	Keypress: o
334.4164 	Level jitter 	25
337.3974 	Level finished 	25
337.3988 	DATA 	Keypress: o
337.4001 	DATA 	Keypress: o
337.4169 	Level image=tasty.jpg 	25
338.4166 	Level injecting via pump at address 1 	25
344.4030 	DATA 	Keypress: o
344.4043 	DATA 	Keypress: o
344.4056 	DATA 	Keypress: o
344.4336 	Level WAIT 	25
345.4004 	DATA 	Keypress: o
345.4171 	Level RINSE 	25
347.4026 	DATA 	Keypress: o
347.4177 	Level jitter 	25
355.3974 	Level finished 	25
355.3988 	DATA 	Keypress: o
355.3998 	DATA 	Keypress: o
355.4009 	DATA 	Keypress: o
355.4019 	DATA 	Keypress: o
355.4178 	Level image=waterlogo.jpg 	25
356.4179 	Level injecting via pump at address 0 	25
362.4026 	DATA 	Keypress: o
362.4037 	DATA 	Keypress: o
362.4047 	DATA 	Keypress: o
362.4187 	Level WAIT 	25
363.4000 	DATA 	Keypress: o
363.4184 	Level RINSE 	25
365.4025 	DATA 	Keypress: o
365.4184 	Level jitter 	25
370.3974 	Level finished 	25
370.3988 	DATA 	Keypress: o
370.3999 	DATA 	Keypress: o
370.4188 	Level image=tasty.jpg 	25
371.3999 	DATA 	Keypress: o
371.4189 	Level injecting via pump at address 1 	25
377.4024 	DATA 	Keypress: o
377.4034 	DATA 	Keypress: o
377.4043 	DATA 	Keypress: o
377.4198 	Level WAIT 	25
378.4195 	Level RINSE 	25
380.4028 	DATA 	Keypress: o
380.4194 	Level jitter 	25
384.3974 	Level finished 	25
384.3987 	DATA 	Keypress: o
384.3998 	DATA 	Keypress: o
384.4198 	Level image=waterlogo.jpg 	25
385.4000 	DATA 	Keypress: o
385.4199 	Level injecting via pump at address 0 	25
391.4023 	DATA 	Keypress: o
391.4034 	DATA 	Keypress: o
391.4044 	DATA 	Keypress: o
391.4208 	Level WAIT 	25
392.4036 	Level RINSE 	25
394.4028 	DATA 	Keypress: o
394.4204 	Level jitter 	25
399.3974 	Level finished 	25
399.3987 	DATA 	Keypress: o
399.4000 	DATA 	Keypress: o
399.4012 	DATA 	Keypress: o
399.4208 	Level image=tasty.jpg 	25
400.4209 	Level injecting via pump at address 1 	25
406.4026 	DATA 	Keypress: o
406.4039 	DATA 	Keypress: o
406.4050 	DATA 	Keypress: o
406.4218 	Level WAIT 	25
407.4001 	DATA 	Keypress: o
407.4215 	Level RINSE 	25
409.4029 	DATA 	Keypress: o
409.4214 	Level jitter 	25
418.3974 	Level finished 	25
418.3988 	DATA 	Keypress: o
418.3999 	DATA 	Keypress: o
418.4011 	DATA 	Keypress: o
418.4024 	DATA 	Keypress: o
418.4226 	Level image=waterlogo.jpg 	25
419.4004 	DATA 	Keypress: o
419.4223 	Level injecting via pump at address 0 	25
425.4026 	DATA 	Keypress: o
425.4036 	DATA 	Keypress: o
425.4046 	DATA 	Keypress: o
425.4225 	Level WAIT 	25
426.4227 	Level RINSE 	25
428.4026 	DATA 	Keypress: o
428.4232 	Level jitter 	25
437.3974 	Level finished 	25
437.3987 	DATA 	Keypress: o
437.3998 	DATA 	Keypress: o
437.4011 	DATA 	Keypress: o
437.4024 	DATA 	Keypress: o
437.4036 	DATA 	Keypress: o
437.4234 	Level image=tasty.jpg 	25
438.4240 	Level injecting via pump at address 1 	25
444.4026 	DATA 	Keypress: o
444.4036 	DATA 	Keypress: o
444.4046 	DATA 	Keypress: o
444.4239 	Level WAIT 	25
445.4002 	DATA 	Keypress: o
445.4074 	Level RINSE 	25
447.4030 	DATA 	Keypress: o
447.4241 	Level jitter 	25
451.3974 	Level finished 	25
451.3988 	DATA 	Keypress: o
451.4001 	DATA 	Keypress: o
451.4249 	Level image=tasty.jpg 	25
452.4078 	Level injecting via pump at address 1 	25
458.4027 	DATA 	Keypress: o
458.4039 	DATA 	Keypress: o
458.4049 	DATA 	Keypress: o
458.4248 	Level WAIT 	25
459.4003 	DATA 	Keypress: o
459.4249 	Level RINSE 	25
461.4040 	DATA 	Keypress: o
461.4255 	Level jitter 	25
464.3974 	Level finished 	25
464.3986 	DATA 	Keypress: o
464.4086 	Level image=waterlogo.jpg 	25
465.3999 	DATA 	Keypress: o
465.4255 	Level injecting via pump at address 0 	25
471.4029 	DATA 	Keypress: o
471.4041 	DATA 	Keypress: o
471.4053 	DATA 	Keypress: o
471.4261 	Level WAIT 	25
472.4258 	Level RINSE 	25
474.4028 	DATA 	Keypress: o
474.4260 	Level jitter 	25
475.3974 	Level finished 	25
475.3987 	DATA 	Keypress: o
475.4260 	Level image=tasty.jpg 	25
476.4262 	Level injecting via pump at address 1 	25
482.4028 	DATA 	Keypress: o
482.4040 	DATA 	Keypress: o
482.4051 	DATA 	Keypress: o
482.4269 	Level WAIT 	25
483.3999 	DATA 	Keypress: o
483.4099 	Level RINSE 	25
485.4029 	DATA 	Keypress: o
485.4267 	Level jitter 	25
492.3974 	Level finished 	25
492.3988 	DATA 	Keypress: o
492.4001 	DATA 	Keypress: o
492.4014 	DATA 	Keypress: o
492.4277 	Level image=waterlogo.jpg 	25
493.4002 	DATA 	Keypress: o
493.4107 	Level injecting via pump at address 0 	25
499.4030 	DATA 	Keypress: o
499.4043 	DATA 	Keypress: o
499.4055 	DATA 	Keypress: o
499.4277 	Level WAIT 	25
500.4277 	Level RINSE 	25
502.4039 	DATA 	Keypress: o
502.4117 	Level jitter 	25
503.3974 	Level finished 	25
503.3986 	DATA 	Keypress: o
503.4280 	Level image=tasty.jpg 	25
504.4281 	Level injecting via pump at address 1 	25
510.4031 	DATA 	Keypress: o
510.4044 	DATA 	Keypress: o
510.4054 	DATA 	Keypress: o
510.4284 	Level WAIT 	25
511.4000 	DATA 	Keypress: o
511.4118 	Level RINSE 	25
513.4036 	DATA 	Keypress: o
513.4291 	Level jitter 	25
519.3974 	Level finished 	25
