78.7119 	DATA 	Keypress: o
78.7126 	Level start key press 	25
80.7146 	DATA 	Keypress: o
82.7148 	DATA 	Keypress: o
84.7150 	DATA 	Keypress: o
86.7154 	DATA 	Keypress: o
87.2131 	Level image=tasty.jpg 	25
88.1469 	Level injecting via pump at address 1 	25
94.1346 	DATA 	Keypress: o
94.1358 	DATA 	Keypress: o
94.1370 	DATA 	Keypress: o
94.1472 	Level WAIT 	25
95.1320 	DATA 	Keypress: o
95.1473 	Level RINSE 	25
97.1431 	DATA 	Keypress: o
97.1475 	Level jitter 	25
106.1297 	Level finished 	25
106.1310 	DATA 	Keypress: o
106.1322 	DATA 	Keypress: o
106.1334 	DATA 	Keypress: o
106.1345 	DATA 	Keypress: o
106.1490 	Level image=waterlogo.jpg 	25
107.1321 	DATA 	Keypress: o
107.1487 	Level injecting via pump at address 0 	25
113.1343 	DATA 	Keypress: o
113.1353 	DATA 	Keypress: o
113.1363 	DATA 	Keypress: o
113.1494 	Level WAIT 	25
114.1496 	Level RINSE 	25
116.1341 	DATA 	Keypress: o
116.1502 	Level jitter 	25
120.1297 	Level finished 	25
120.1309 	DATA 	Keypress: o
120.1321 	DATA 	Keypress: o
120.1503 	Level image=tasty.jpg 	25
121.1324 	DATA 	Keypress: o
121.1504 	Level injecting via pump at address 1 	25
127.1342 	DATA 	Keypress: o
127.1351 	DATA 	Keypress: o
127.1360 	DATA 	Keypress: o
127.1515 	Level WAIT 	25
128.1345 	Level RINSE 	25
130.1349 	DATA 	Keypress: o
130.1515 	Level jitter 	25
134.1297 	Level finished 	25
134.1309 	DATA 	Keypress: o
134.1319 	DATA 	Keypress: o
134.1519 	Level image=waterlogo.jpg 	25
135.1320 	DATA 	Keypress: o
135.1520 	Level injecting via pump at address 0 	25
141.1351 	DATA 	Keypress: o
141.1364 	DATA 	Keypress: o
141.1375 	DATA 	Keypress: o
141.1531 	Level WAIT 	25
142.1529 	Level RINSE 	25
144.1341 	DATA 	Keypress: o
144.1531 	Level jitter 	25
148.1297 	Level finished 	25
148.1309 	DATA 	Keypress: o
148.1319 	DATA 	Keypress: o
148.1536 	Level image=waterlogo.jpg 	25
149.1323 	DATA 	Keypress: o
149.1537 	Level injecting via pump at address 0 	25
155.1340 	DATA 	Keypress: o
155.1350 	DATA 	Keypress: o
155.1359 	DATA 	Keypress: o
155.1547 	Level WAIT 	25
156.1378 	Level RINSE 	25
158.1340 	DATA 	Keypress: o
158.1548 	Level jitter 	25
162.1297 	Level finished 	25
162.1309 	DATA 	Keypress: o
162.1319 	DATA 	Keypress: o
162.1552 	Level image=tasty.jpg 	25
163.1324 	DATA 	Keypress: o
163.1553 	Level injecting via pump at address 1 	25
169.1340 	DATA 	Keypress: o
169.1351 	DATA 	Keypress: o
169.1361 	DATA 	Keypress: o
169.1564 	Level WAIT 	25
170.1562 	Level RINSE 	25
172.1344 	DATA 	Keypress: o
172.1396 	Level jitter 	25
178.1297 	Level finished 	25
178.1309 	DATA 	Keypress: o
178.1319 	DATA 	Keypress: o
178.1328 	DATA 	Keypress: o
178.1571 	Level image=waterlogo.jpg 	25
179.1320 	DATA 	Keypress: o
179.1409 	Level injecting via pump at address 0 	25
185.1346 	DATA 	Keypress: o
185.1356 	DATA 	Keypress: o
185.1365 	DATA 	Keypress: o
185.1578 	Level WAIT 	25
186.1580 	Level RINSE 	25
188.1346 	DATA 	Keypress: o
188.1415 	Level jitter 	25
191.1297 	Level finished 	25
191.1309 	DATA 	Keypress: o
191.1319 	DATA 	Keypress: o
191.1589 	Level image=tasty.jpg 	25
192.1421 	Level injecting via pump at address 1 	25
198.1349 	DATA 	Keypress: o
198.1359 	DATA 	Keypress: o
198.1370 	DATA 	Keypress: o
198.1594 	Level WAIT 	25
199.1322 	DATA 	Keypress: o
199.1595 	Level RINSE 	25
201.1349 	DATA 	Keypress: o
201.1601 	Level jitter 	25
204.1297 	Level finished 	25
204.1312 	DATA 	Keypress: o
204.1601 	Level image=waterlogo.jpg 	25
205.1320 	DATA 	Keypress: o
205.1602 	Level injecting via pump at address 0 	25
211.1345 	DATA 	Keypress: o
211.1356 	DATA 	Keypress: o
211.1366 	DATA 	Keypress: o
211.1614 	Level WAIT 	25
212.1444 	Level RINSE 	25
214.1351 	DATA 	Keypress: o
214.1613 	Level jitter 	25
218.1297 	Level finished 	25
218.1309 	DATA 	Keypress: o
218.1320 	DATA 	Keypress: o
218.1617 	Level image=waterlogo.jpg 	25
219.1321 	DATA 	Keypress: o
219.1452 	Level injecting via pump at address 0 	25
225.1352 	DATA 	Keypress: o
225.1363 	DATA 	Keypress: o
225.1373 	DATA 	Keypress: o
225.1462 	Level WAIT 	25
226.1460 	Level RINSE 	25
228.1342 	DATA 	Keypress: o
228.1462 	Level jitter 	25
233.1297 	Level finished 	25
233.1309 	DATA 	Keypress: o
233.1319 	DATA 	Keypress: o
233.1330 	DATA 	Keypress: o
233.1635 	Level image=tasty.jpg 	25
234.1469 	Level injecting via pump at address 1 	25
240.1348 	DATA 	Keypress: o
240.1360 	DATA 	Keypress: o
240.1372 	DATA 	Keypress: o
240.1647 	Level WAIT 	25
241.1320 	DATA 	Keypress: o
241.1478 	Level RINSE 	25
243.1345 	DATA 	Keypress: o
243.1646 	Level jitter 	25
246.1297 	Level finished 	25
246.1312 	DATA 	Keypress: o
246.1651 	Level image=waterlogo.jpg 	25
247.1325 	DATA 	Keypress: o
247.1484 	Level injecting via pump at address 0 	25
253.1348 	DATA 	Keypress: o
253.1358 	DATA 	Keypress: o
253.1367 	DATA 	Keypress: o
253.1495 	Level WAIT 	25
254.1494 	Level RINSE 	25
256.1349 	DATA 	Keypress: o
256.1495 	Level jitter 	25
264.1297 	Level finished 	25
264.1310 	DATA 	Keypress: o
264.1319 	DATA 	Keypress: o
264.1332 	DATA 	Keypress: o
264.1342 	DATA 	Keypress: o
264.1674 	Level image=tasty.jpg 	25
265.1323 	DATA 	Keypress: o
265.1505 	Level injecting via pump at address 1 	25
271.1341 	DATA 	Keypress: o
271.1351 	DATA 	Keypress: o
271.1360 	DATA 	Keypress: o
271.1679 	Level WAIT 	25
272.1513 	Level RINSE 	25
274.1347 	DATA 	Keypress: o
274.1520 	Level jitter 	25
276.1297 	Level finished 	25
276.1308 	DATA 	Keypress: o
276.1518 	Level image=tasty.jpg 	25
277.1323 	DATA 	Keypress: o
277.1519 	Level injecting via pump at address 1 	25
283.1352 	DATA 	Keypress: o
283.1364 	DATA 	Keypress: o
283.1375 	DATA 	Keypress: o
283.1526 	Level WAIT 	25
284.1365 	Level RINSE 	25
286.1343 	DATA 	Keypress: o
286.1529 	Level jitter 	25
288.1297 	Level finished 	25
288.1308 	DATA 	Keypress: o
288.1532 	Level image=waterlogo.jpg 	25
289.1323 	DATA 	Keypress: o
289.1534 	Level injecting via pump at address 0 	25
295.1348 	DATA 	Keypress: o
295.1359 	DATA 	Keypress: o
295.1368 	DATA 	Keypress: o
295.1544 	Level WAIT 	25
296.1542 	Level RINSE 	25
298.1346 	DATA 	Keypress: o
298.1545 	Level jitter 	25
301.1297 	Level finished 	25
301.1309 	DATA 	Keypress: o
301.1319 	DATA 	Keypress: o
301.1548 	Level image=tasty.jpg 	25
302.1549 	Level injecting via pump at address 1 	25
308.1353 	DATA 	Keypress: o
308.1365 	DATA 	Keypress: o
308.1377 	DATA 	Keypress: o
308.1559 	Level WAIT 	25
309.1325 	DATA 	Keypress: o
309.1390 	Level RINSE 	25
311.1351 	DATA 	Keypress: o
311.1559 	Level jitter 	25
313.1297 	Level finished 	25
313.1308 	DATA 	Keypress: o
313.1563 	Level image=waterlogo.jpg 	25
314.1564 	Level injecting via pump at address 0 	25
320.1348 	DATA 	Keypress: o
320.1359 	DATA 	Keypress: o
320.1371 	DATA 	Keypress: o
320.1573 	Level WAIT 	25
321.1323 	DATA 	Keypress: o
321.1571 	Level RINSE 	25
323.1346 	DATA 	Keypress: o
323.1573 	Level jitter 	25
324.1297 	Level finished 	25
324.1575 	Level image=tasty.jpg 	25
325.1322 	DATA 	Keypress: o
325.1410 	Level injecting via pump at address 1 	25
331.1351 	DATA 	Keypress: o
331.1362 	DATA 	Keypress: o
331.1374 	DATA 	Keypress: o
331.1420 	Level WAIT 	25
332.1417 	Level RINSE 	25
334.1340 	DATA 	Keypress: o
334.1419 	Level jitter 	25
336.1297 	Level finished 	25
336.1311 	DATA 	Keypress: o
336.1588 	Level image=waterlogo.jpg 	25
337.1327 	DATA 	Keypress: o
337.1424 	Level injecting via pump at address 0 	25
343.1351 	DATA 	Keypress: o
343.1364 	DATA 	Keypress: o
343.1374 	DATA 	Keypress: o
343.1601 	Level WAIT 	25
344.1431 	Level RINSE 	25
346.1341 	DATA 	Keypress: o
346.1599 	Level jitter 	25
352.1297 	Level finished 	25
352.1311 	DATA 	Keypress: o
352.1324 	DATA 	Keypress: o
352.1335 	DATA 	Keypress: o
352.1607 	Level image=waterlogo.jpg 	25
353.1325 	DATA 	Keypress: o
353.1446 	Level injecting via pump at address 0 	25
359.1347 	DATA 	Keypress: o
359.1357 	DATA 	Keypress: o
359.1366 	DATA 	Keypress: o
359.1448 	Level WAIT 	25
360.1450 	Level RINSE 	25
362.1343 	DATA 	Keypress: o
362.1452 	Level jitter 	25
365.1297 	Level finished 	25
365.1309 	DATA 	Keypress: o
365.1319 	DATA 	Keypress: o
365.1461 	Level image=tasty.jpg 	25
366.1458 	Level injecting via pump at address 1 	25
372.1342 	DATA 	Keypress: o
372.1352 	DATA 	Keypress: o
372.1361 	DATA 	Keypress: o
372.1463 	Level WAIT 	25
373.1321 	DATA 	Keypress: o
373.1465 	Level RINSE 	25
375.1344 	DATA 	Keypress: o
375.1471 	Level jitter 	25
383.1297 	Level finished 	25
383.1309 	DATA 	Keypress: o
383.1320 	DATA 	Keypress: o
383.1332 	DATA 	Keypress: o
383.1343 	DATA 	Keypress: o
383.1644 	Level image=waterlogo.jpg 	25
384.1478 	Level injecting via pump at address 0 	25
390.1349 	DATA 	Keypress: o
390.1361 	DATA 	Keypress: o
390.1372 	DATA 	Keypress: o
390.1488 	Level WAIT 	25
391.1325 	DATA 	Keypress: o
391.1486 	Level RINSE 	25
393.1350 	DATA 	Keypress: o
393.1489 	Level jitter 	25
398.1297 	Level finished 	25
398.1310 	DATA 	Keypress: o
398.1323 	DATA 	Keypress: o
398.1494 	Level image=tasty.jpg 	25
399.1320 	DATA 	Keypress: o
399.1496 	Level injecting via pump at address 1 	25
405.1343 	DATA 	Keypress: o
405.1354 	DATA 	Keypress: o
405.1367 	DATA 	Keypress: o
405.1673 	Level WAIT 	25
406.1504 	Level RINSE 	25
408.1339 	DATA 	Keypress: o
408.1506 	Level jitter 	25
412.1297 	Level finished 	25
412.1311 	DATA 	Keypress: o
412.1323 	DATA 	Keypress: o
412.1511 	Level image=waterlogo.jpg 	25
413.1324 	DATA 	Keypress: o
413.1512 	Level injecting via pump at address 0 	25
419.1343 	DATA 	Keypress: o
419.1354 	DATA 	Keypress: o
419.1365 	DATA 	Keypress: o
419.1522 	Level WAIT 	25
420.1520 	Level RINSE 	25
422.1347 	DATA 	Keypress: o
422.1522 	Level jitter 	25
427.1297 	Level finished 	25
427.1311 	DATA 	Keypress: o
427.1324 	DATA 	Keypress: o
427.1334 	DATA 	Keypress: o
427.1695 	Level image=tasty.jpg 	25
428.1363 	Level injecting via pump at address 1 	25
434.1347 	DATA 	Keypress: o
434.1356 	DATA 	Keypress: o
434.1364 	DATA 	Keypress: o
434.1540 	Level WAIT 	25
435.1328 	DATA 	Keypress: o
435.1537 	Level RINSE 	25
437.1347 	DATA 	Keypress: o
437.1540 	Level jitter 	25
446.1297 	Level finished 	25
446.1308 	DATA 	Keypress: o
446.1318 	DATA 	Keypress: o
446.1328 	DATA 	Keypress: o
446.1339 	DATA 	Keypress: o
446.1554 	Level image=waterlogo.jpg 	25
447.1321 	DATA 	Keypress: o
447.1552 	Level injecting via pump at address 0 	25
453.1342 	DATA 	Keypress: o
453.1352 	DATA 	Keypress: o
453.1361 	DATA 	Keypress: o
453.1559 	Level WAIT 	25
454.1560 	Level RINSE 	25
456.1350 	DATA 	Keypress: o
456.1565 	Level jitter 	25
465.1297 	Level finished 	25
465.1312 	DATA 	Keypress: o
465.1323 	DATA 	Keypress: o
465.1333 	DATA 	Keypress: o
465.1343 	DATA 	Keypress: o
465.1352 	DATA 	Keypress: o
465.1573 	Level image=tasty.jpg 	25
466.1411 	Level injecting via pump at address 1 	25
472.1341 	DATA 	Keypress: o
472.1350 	DATA 	Keypress: o
472.1360 	DATA 	Keypress: o
472.1581 	Level WAIT 	25
473.1321 	DATA 	Keypress: o
473.1582 	Level RINSE 	25
475.1350 	DATA 	Keypress: o
475.1417 	Level jitter 	25
479.1297 	Level finished 	25
479.1309 	DATA 	Keypress: o
479.1318 	DATA 	Keypress: o
479.1594 	Level image=tasty.jpg 	25
480.1591 	Level injecting via pump at address 1 	25
486.1350 	DATA 	Keypress: o
486.1363 	DATA 	Keypress: o
486.1375 	DATA 	Keypress: o
486.1597 	Level WAIT 	25
487.1323 	DATA 	Keypress: o
487.1431 	Level RINSE 	25
489.1341 	DATA 	Keypress: o
489.1604 	Level jitter 	25
492.1297 	Level finished 	25
492.1309 	DATA 	Keypress: o
492.1604 	Level image=waterlogo.jpg 	25
493.1320 	DATA 	Keypress: o
493.1439 	Level injecting via pump at address 0 	25
499.1359 	DATA 	Keypress: o
499.1372 	DATA 	Keypress: o
499.1385 	DATA 	Keypress: o
499.1615 	Level WAIT 	25
500.1446 	Level RINSE 	25
502.1344 	DATA 	Keypress: o
502.1615 	Level jitter 	25
503.1297 	Level finished 	25
503.1309 	DATA 	Keypress: o
503.1450 	Level image=tasty.jpg 	25
504.1452 	Level injecting via pump at address 1 	25
510.1341 	DATA 	Keypress: o
510.1353 	DATA 	Keypress: o
510.1364 	DATA 	Keypress: o
510.1629 	Level WAIT 	25
511.1321 	DATA 	Keypress: o
511.1627 	Level RINSE 	25
513.1346 	DATA 	Keypress: o
513.1462 	Level jitter 	25
520.1297 	Level finished 	25
520.1310 	DATA 	Keypress: o
520.1319 	DATA 	Keypress: o
520.1331 	DATA 	Keypress: o
520.1640 	Level image=waterlogo.jpg 	25
521.1320 	DATA 	Keypress: o
521.1472 	Level injecting via pump at address 0 	25
527.1340 	DATA 	Keypress: o
527.1350 	DATA 	Keypress: o
527.1359 	DATA 	Keypress: o
527.1645 	Level WAIT 	25
528.1479 	Level RINSE 	25
530.1353 	DATA 	Keypress: o
530.1652 	Level jitter 	25
531.1297 	Level finished 	25
531.1308 	DATA 	Keypress: o
531.1483 	Level image=tasty.jpg 	25
532.1484 	Level injecting via pump at address 1 	25
538.1347 	DATA 	Keypress: o
538.1359 	DATA 	Keypress: o
538.1369 	DATA 	Keypress: o
538.1490 	Level WAIT 	25
539.1321 	DATA 	Keypress: o
539.1492 	Level RINSE 	25
541.1346 	DATA 	Keypress: o
541.1498 	Level jitter 	25
547.1297 	Level finished 	25
