61.8045 	DATA 	Keypress: o
61.8056 	Level start key press 	25
63.8065 	DATA 	Keypress: o
65.8067 	DATA 	Keypress: o
67.8069 	DATA 	Keypress: o
69.8072 	DATA 	Keypress: o
70.2548 	Level image=waterlogo.jpg 	25
71.1887 	Level injecting via pump at address 0 	25
77.1761 	DATA 	Keypress: o
77.1771 	DATA 	Keypress: o
77.1780 	DATA 	Keypress: o
77.1889 	Level WAIT 	25
78.1743 	DATA 	Keypress: o
78.1891 	Level RINSE 	25
80.1857 	DATA 	Keypress: o
80.2060 	Level jitter 	25
87.1715 	Level finished 	25
87.1727 	DATA 	Keypress: o
87.1737 	DATA 	Keypress: o
87.1747 	DATA 	Keypress: o
87.1906 	Level image=tasty.jpg 	25
88.1741 	DATA 	Keypress: o
88.1904 	Level injecting via pump at address 0 	25
94.1768 	DATA 	Keypress: o
94.1781 	DATA 	Keypress: o
94.1792 	DATA 	Keypress: o
94.2077 	Level WAIT 	25
95.1911 	Level RINSE 	25
97.1762 	DATA 	Keypress: o
97.1917 	Level jitter 	25
101.1715 	Level finished 	25
101.1728 	DATA 	Keypress: o
101.1738 	DATA 	Keypress: o
101.2085 	Level image=tasty.jpg 	25
102.1743 	DATA 	Keypress: o
102.1920 	Level injecting via pump at address 1 	25
108.1766 	DATA 	Keypress: o
108.1778 	DATA 	Keypress: o
108.1789 	DATA 	Keypress: o
108.1930 	Level WAIT 	25
109.1927 	Level RINSE 	25
111.1764 	DATA 	Keypress: o
111.1930 	Level jitter 	25
112.1715 	Level finished 	25
112.1726 	DATA 	Keypress: o
112.1931 	Level image=tasty.jpg 	25
113.1931 	Level injecting via pump at address 0 	25
119.1770 	DATA 	Keypress: o
119.1781 	DATA 	Keypress: o
119.1793 	DATA 	Keypress: o
119.1943 	Level WAIT 	25
120.1740 	DATA 	Keypress: o
120.1940 	Level RINSE 	25
122.1776 	DATA 	Keypress: o
122.1942 	Level jitter 	25
130.1715 	Level finished 	25
130.1727 	DATA 	Keypress: o
130.1737 	DATA 	Keypress: o
130.1746 	DATA 	Keypress: o
130.1755 	DATA 	Keypress: o
130.1956 	Level image=waterlogo.jpg 	25
131.1954 	Level injecting via pump at address 0 	25
137.1761 	DATA 	Keypress: o
137.1772 	DATA 	Keypress: o
137.1782 	DATA 	Keypress: o
137.1960 	Level WAIT 	25
138.1741 	DATA 	Keypress: o
138.1961 	Level RINSE 	25
140.1763 	DATA 	Keypress: o
140.1967 	Level jitter 	25
148.1715 	Level finished 	25
148.1727 	DATA 	Keypress: o
148.1737 	DATA 	Keypress: o
148.1746 	DATA 	Keypress: o
148.1755 	DATA 	Keypress: o
148.1973 	Level image=waterlogo.jpg 	25
149.1807 	Level injecting via pump at address 0 	25
155.1760 	DATA 	Keypress: o
155.1771 	DATA 	Keypress: o
155.1780 	DATA 	Keypress: o
155.1984 	Level WAIT 	25
156.1743 	DATA 	Keypress: o
156.1982 	Level RINSE 	25
158.1764 	DATA 	Keypress: o
158.1817 	Level jitter 	25
164.1715 	Level finished 	25
164.1727 	DATA 	Keypress: o
164.1737 	DATA 	Keypress: o
164.1747 	DATA 	Keypress: o
164.1825 	Level image=tasty.jpg 	25
165.1831 	Level injecting via pump at address 1 	25
171.1766 	DATA 	Keypress: o
171.1777 	DATA 	Keypress: o
171.1789 	DATA 	Keypress: o
171.1999 	Level WAIT 	25
172.1744 	DATA 	Keypress: o
172.2001 	Level RINSE 	25
174.1765 	DATA 	Keypress: o
174.1836 	Level jitter 	25
176.1715 	Level finished 	25
176.1727 	DATA 	Keypress: o
176.2010 	Level image=tasty.jpg 	25
177.1840 	Level injecting via pump at address 0 	25
183.1761 	DATA 	Keypress: o
183.1772 	DATA 	Keypress: o
183.1782 	DATA 	Keypress: o
183.1847 	Level WAIT 	25
184.1743 	DATA 	Keypress: o
184.1847 	Level RINSE 	25
186.1771 	DATA 	Keypress: o
186.1854 	Level jitter 	25
192.1715 	Level finished 	25
192.1727 	DATA 	Keypress: o
192.1739 	DATA 	Keypress: o
192.1748 	DATA 	Keypress: o
192.1857 	Level image=waterlogo.jpg 	25
193.1858 	Level injecting via pump at address 0 	25
199.1764 	DATA 	Keypress: o
199.1773 	DATA 	Keypress: o
199.1782 	DATA 	Keypress: o
199.1870 	Level WAIT 	25
200.1741 	DATA 	Keypress: o
200.1868 	Level RINSE 	25
202.1769 	DATA 	Keypress: o
202.1869 	Level jitter 	25
204.1715 	Level finished 	25
204.1727 	DATA 	Keypress: o
204.2039 	Level image=waterlogo.jpg 	25
205.1873 	Level injecting via pump at address 0 	25
211.1760 	DATA 	Keypress: o
211.1770 	DATA 	Keypress: o
211.1779 	DATA 	Keypress: o
211.1883 	Level WAIT 	25
212.1743 	DATA 	Keypress: o
212.1881 	Level RINSE 	25
214.1768 	DATA 	Keypress: o
214.1884 	Level jitter 	25
223.1715 	Level finished 	25
223.1728 	DATA 	Keypress: o
223.1740 	DATA 	Keypress: o
223.1752 	DATA 	Keypress: o
223.1761 	DATA 	Keypress: o
223.2064 	Level image=tasty.jpg 	25
224.1743 	DATA 	Keypress: o
224.1895 	Level injecting via pump at address 1 	25
230.1760 	DATA 	Keypress: o
230.1770 	DATA 	Keypress: o
230.1779 	DATA 	Keypress: o
230.1901 	Level WAIT 	25
231.1902 	Level RINSE 	25
233.1768 	DATA 	Keypress: o
233.1909 	Level jitter 	25
240.1715 	Level finished 	25
240.1727 	DATA 	Keypress: o
240.1739 	DATA 	Keypress: o
240.1751 	DATA 	Keypress: o
240.1762 	DATA 	Keypress: o
240.1914 	Level image=tasty.jpg 	25
241.1916 	Level injecting via pump at address 0 	25
247.1760 	DATA 	Keypress: o
247.1773 	DATA 	Keypress: o
247.1784 	DATA 	Keypress: o
247.1926 	Level WAIT 	25
248.1743 	DATA 	Keypress: o
248.1923 	Level RINSE 	25
250.1765 	DATA 	Keypress: o
250.1924 	Level jitter 	25
257.1715 	Level finished 	25
257.1727 	DATA 	Keypress: o
257.1738 	DATA 	Keypress: o
257.1750 	DATA 	Keypress: o
257.2104 	Level image=waterlogo.jpg 	25
258.1739 	DATA 	Keypress: o
258.1936 	Level injecting via pump at address 0 	25
264.1771 	DATA 	Keypress: o
264.1783 	DATA 	Keypress: o
264.1795 	DATA 	Keypress: o
264.1941 	Level WAIT 	25
265.1942 	Level RINSE 	25
267.1765 	DATA 	Keypress: o
267.1948 	Level jitter 	25
272.1715 	Level finished 	25
272.1728 	DATA 	Keypress: o
272.1741 	DATA 	Keypress: o
272.1753 	DATA 	Keypress: o
272.1952 	Level image=tasty.jpg 	25
273.1953 	Level injecting via pump at address 0 	25
279.1771 	DATA 	Keypress: o
279.1781 	DATA 	Keypress: o
279.1790 	DATA 	Keypress: o
279.1962 	Level WAIT 	25
280.1740 	DATA 	Keypress: o
280.1794 	Level RINSE 	25
282.1760 	DATA 	Keypress: o
282.1962 	Level jitter 	25
283.1715 	Level finished 	25
283.1963 	Level image=tasty.jpg 	25
284.1741 	DATA 	Keypress: o
284.1965 	Level injecting via pump at address 1 	25
290.1761 	DATA 	Keypress: o
290.1774 	DATA 	Keypress: o
290.1783 	DATA 	Keypress: o
290.1975 	Level WAIT 	25
291.1972 	Level RINSE 	25
293.1769 	DATA 	Keypress: o
293.1974 	Level jitter 	25
296.1715 	Level finished 	25
296.1727 	DATA 	Keypress: o
296.1737 	DATA 	Keypress: o
296.1978 	Level image=tasty.jpg 	25
297.1980 	Level injecting via pump at address 0 	25
303.1765 	DATA 	Keypress: o
303.1777 	DATA 	Keypress: o
303.1789 	DATA 	Keypress: o
303.1990 	Level WAIT 	25
304.1741 	DATA 	Keypress: o
304.1988 	Level RINSE 	25
306.1768 	DATA 	Keypress: o
306.1990 	Level jitter 	25
308.1715 	Level finished 	25
308.1729 	DATA 	Keypress: o
308.1826 	Level image=tasty.jpg 	25
309.1828 	Level injecting via pump at address 1 	25
315.1759 	DATA 	Keypress: o
315.1769 	DATA 	Keypress: o
315.1778 	DATA 	Keypress: o
315.2005 	Level WAIT 	25
316.1741 	DATA 	Keypress: o
316.2003 	Level RINSE 	25
318.1768 	DATA 	Keypress: o
318.2004 	Level jitter 	25
320.1715 	Level finished 	25
320.1727 	DATA 	Keypress: o
320.1840 	Level image=tasty.jpg 	25
321.1841 	Level injecting via pump at address 0 	25
327.1770 	DATA 	Keypress: o
327.1782 	DATA 	Keypress: o
327.1794 	DATA 	Keypress: o
327.2019 	Level WAIT 	25
328.1743 	DATA 	Keypress: o
328.2016 	Level RINSE 	25
330.1766 	DATA 	Keypress: o
330.1851 	Level jitter 	25
331.1715 	Level finished 	25
331.2020 	Level image=waterlogo.jpg 	25
332.1740 	DATA 	Keypress: o
332.2021 	Level injecting via pump at address 0 	25
338.1769 	DATA 	Keypress: o
338.1779 	DATA 	Keypress: o
338.1788 	DATA 	Keypress: o
338.2032 	Level WAIT 	25
339.1863 	Level RINSE 	25
341.1759 	DATA 	Keypress: o
341.2031 	Level jitter 	25
347.1715 	Level finished 	25
347.1728 	DATA 	Keypress: o
347.1740 	DATA 	Keypress: o
347.1750 	DATA 	Keypress: o
347.2038 	Level image=tasty.jpg 	25
348.1741 	DATA 	Keypress: o
348.1877 	Level injecting via pump at address 1 	25
354.1768 	DATA 	Keypress: o
354.1778 	DATA 	Keypress: o
354.1788 	DATA 	Keypress: o
354.2046 	Level WAIT 	25
355.1881 	Level RINSE 	25
357.1765 	DATA 	Keypress: o
357.2050 	Level jitter 	25
360.1715 	Level finished 	25
360.1727 	DATA 	Keypress: o
360.1740 	DATA 	Keypress: o
360.2058 	Level image=tasty.jpg 	25
361.1888 	Level injecting via pump at address 0 	25
367.1762 	DATA 	Keypress: o
367.1773 	DATA 	Keypress: o
367.1783 	DATA 	Keypress: o
367.1894 	Level WAIT 	25
368.1743 	DATA 	Keypress: o
368.1897 	Level RINSE 	25
370.1768 	DATA 	Keypress: o
370.1902 	Level jitter 	25
372.1715 	Level finished 	25
372.1728 	DATA 	Keypress: o
372.2068 	Level image=tasty.jpg 	25
373.1902 	Level injecting via pump at address 1 	25
379.1768 	DATA 	Keypress: o
379.1779 	DATA 	Keypress: o
379.1788 	DATA 	Keypress: o
379.2075 	Level WAIT 	25
380.1739 	DATA 	Keypress: o
380.1915 	Level RINSE 	25
382.1763 	DATA 	Keypress: o
382.2078 	Level jitter 	25
386.1715 	Level finished 	25
386.1727 	DATA 	Keypress: o
386.1738 	DATA 	Keypress: o
386.1917 	Level image=tasty.jpg 	25
387.1918 	Level injecting via pump at address 0 	25
393.1760 	DATA 	Keypress: o
393.1770 	DATA 	Keypress: o
393.1779 	DATA 	Keypress: o
393.1929 	Level WAIT 	25
394.1743 	DATA 	Keypress: o
394.1926 	Level RINSE 	25
396.1761 	DATA 	Keypress: o
396.1928 	Level jitter 	25
403.1715 	Level finished 	25
403.1727 	DATA 	Keypress: o
403.1738 	DATA 	Keypress: o
403.1750 	DATA 	Keypress: o
403.1940 	Level image=tasty.jpg 	25
404.1740 	DATA 	Keypress: o
404.1938 	Level injecting via pump at address 0 	25
410.1764 	DATA 	Keypress: o
410.1774 	DATA 	Keypress: o
410.1783 	DATA 	Keypress: o
410.1944 	Level WAIT 	25
411.1779 	Level RINSE 	25
413.1759 	DATA 	Keypress: o
413.1952 	Level jitter 	25
417.1715 	Level finished 	25
