57.9747 	DATA 	Keypress: o
57.9755 	Level start key press 	25
59.9807 	DATA 	Keypress: o
61.9806 	DATA 	Keypress: o
63.9806 	DATA 	Keypress: o
65.9809 	DATA 	Keypress: o
66.4953 	Level image=waterlogo.jpg 	25
67.4287 	Level injecting via pump at address 0 	25
73.3999 	DATA 	Keypress: o
73.4009 	DATA 	Keypress: o
73.4019 	DATA 	Keypress: o
73.4295 	Level WAIT 	25
74.3979 	DATA 	Keypress: o
74.4124 	Level RINSE 	25
76.4085 	DATA 	Keypress: o
76.4293 	Level jitter 	25
83.3953 	Level finished 	25
83.3967 	DATA 	Keypress: o
83.3978 	DATA 	Keypress: o
83.3987 	DATA 	Keypress: o
83.4136 	Level image=waterlogo.jpg 	25
84.3978 	DATA 	Keypress: o
84.4133 	Level injecting via pump at address 0 	25
90.4017 	DATA 	Keypress: o
90.4033 	DATA 	Keypress: o
90.4045 	DATA 	Keypress: o
90.4134 	Level WAIT 	25
91.4136 	Level RINSE 	25
93.4004 	DATA 	Keypress: o
93.4141 	Level jitter 	25
98.3953 	Level finished 	25
98.3967 	DATA 	Keypress: o
98.3977 	DATA 	Keypress: o
98.3990 	DATA 	Keypress: o
98.4308 	Level image=tasty.jpg 	25
99.4143 	Level injecting via pump at address 1 	25
105.4011 	DATA 	Keypress: o
105.4026 	DATA 	Keypress: o
105.4037 	DATA 	Keypress: o
105.4149 	Level WAIT 	25
106.3981 	DATA 	Keypress: o
106.4146 	Level RINSE 	25
108.4003 	DATA 	Keypress: o
108.4147 	Level jitter 	25
111.3953 	Level finished 	25
111.3965 	DATA 	Keypress: o
111.4150 	Level image=tasty.jpg 	25
112.3978 	DATA 	Keypress: o
112.4151 	Level injecting via pump at address 0 	25
118.4009 	DATA 	Keypress: o
118.4022 	DATA 	Keypress: o
118.4034 	DATA 	Keypress: o
118.4159 	Level WAIT 	25
119.4155 	Level RINSE 	25
121.4003 	DATA 	Keypress: o
121.4156 	Level jitter 	25
127.3953 	Level finished 	25
127.3965 	DATA 	Keypress: o
127.3976 	DATA 	Keypress: o
127.3985 	DATA 	Keypress: o
127.4161 	Level image=tasty.jpg 	25
128.3978 	DATA 	Keypress: o
128.4167 	Level injecting via pump at address 0 	25
134.4009 	DATA 	Keypress: o
134.4021 	DATA 	Keypress: o
134.4032 	DATA 	Keypress: o
134.4165 	Level WAIT 	25
135.4167 	Level RINSE 	25
137.4006 	DATA 	Keypress: o
137.4167 	Level jitter 	25
146.3953 	Level finished 	25
146.3967 	DATA 	Keypress: o
146.3980 	DATA 	Keypress: o
146.3993 	DATA 	Keypress: o
146.4005 	DATA 	Keypress: o
146.4017 	DATA 	Keypress: o
146.4178 	Level image=tasty.jpg 	25
147.4175 	Level injecting via pump at address 1 	25
153.4014 	DATA 	Keypress: o
153.4027 	DATA 	Keypress: o
153.4039 	DATA 	Keypress: o
153.4178 	Level WAIT 	25
154.3980 	DATA 	Keypress: o
154.4180 	Level RINSE 	25
156.4004 	DATA 	Keypress: o
156.4186 	Level jitter 	25
162.3953 	Level finished 	25
162.3971 	DATA 	Keypress: o
162.3984 	DATA 	Keypress: o
162.3995 	DATA 	Keypress: o
162.4185 	Level image=tasty.jpg 	25
163.4186 	Level injecting via pump at address 0 	25
169.4008 	DATA 	Keypress: o
169.4021 	DATA 	Keypress: o
169.4034 	DATA 	Keypress: o
169.4194 	Level WAIT 	25
170.3977 	DATA 	Keypress: o
170.4191 	Level RINSE 	25
172.4001 	DATA 	Keypress: o
172.4192 	Level jitter 	25
175.3953 	Level finished 	25
175.3969 	DATA 	Keypress: o
175.4194 	Level image=tasty.jpg 	25
176.3980 	DATA 	Keypress: o
176.4195 	Level injecting via pump at address 1 	25
182.4008 	DATA 	Keypress: o
182.4019 	DATA 	Keypress: o
182.4028 	DATA 	Keypress: o
182.4203 	Level WAIT 	25
183.4034 	Level RINSE 	25
185.4011 	DATA 	Keypress: o
185.4201 	Level jitter 	25
190.3953 	Level finished 	25
190.3967 	DATA 	Keypress: o
190.3979 	DATA 	Keypress: o
190.3992 	DATA 	Keypress: o
190.4204 	Level image=tasty.jpg 	25
191.4205 	Level injecting via pump at address 0 	25
197.4022 	DATA 	Keypress: o
197.4037 	DATA 	Keypress: o
197.4049 	DATA 	Keypress: o
197.4213 	Level WAIT 	25
198.3981 	DATA 	Keypress: o
198.4210 	Level RINSE 	25
200.3999 	DATA 	Keypress: o
200.4211 	Level jitter 	25
201.3953 	Level finished 	25
201.4213 	Level image=waterlogo.jpg 	25
202.3978 	DATA 	Keypress: o
202.4046 	Level injecting via pump at address 0 	25
208.4006 	DATA 	Keypress: o
208.4017 	DATA 	Keypress: o
208.4027 	DATA 	Keypress: o
208.4221 	Level WAIT 	25
209.4217 	Level RINSE 	25
211.3998 	DATA 	Keypress: o
211.4051 	Level jitter 	25
216.3953 	Level finished 	25
216.3969 	DATA 	Keypress: o
216.3982 	DATA 	Keypress: o
216.3995 	DATA 	Keypress: o
216.4224 	Level image=waterlogo.jpg 	25
217.4056 	Level injecting via pump at address 0 	25
223.4010 	DATA 	Keypress: o
223.4023 	DATA 	Keypress: o
223.4036 	DATA 	Keypress: o
223.4231 	Level WAIT 	25
224.3979 	DATA 	Keypress: o
224.4062 	Level RINSE 	25
226.4005 	DATA 	Keypress: o
226.4229 	Level jitter 	25
229.3953 	Level finished 	25
229.3965 	DATA 	Keypress: o
229.4232 	Level image=tasty.jpg 	25
230.3978 	DATA 	Keypress: o
230.4066 	Level injecting via pump at address 0 	25
236.4007 	DATA 	Keypress: o
236.4019 	DATA 	Keypress: o
236.4031 	DATA 	Keypress: o
236.4073 	Level WAIT 	25
237.4070 	Level RINSE 	25
239.4004 	DATA 	Keypress: o
239.4072 	Level jitter 	25
245.3953 	Level finished 	25
245.3966 	DATA 	Keypress: o
245.3979 	DATA 	Keypress: o
245.3991 	DATA 	Keypress: o
245.4244 	Level image=waterlogo.jpg 	25
246.3978 	DATA 	Keypress: o
246.4081 	Level injecting via pump at address 0 	25
252.4016 	DATA 	Keypress: o
252.4030 	DATA 	Keypress: o
252.4044 	DATA 	Keypress: o
252.4247 	Level WAIT 	25
253.4081 	Level RINSE 	25
255.4000 	DATA 	Keypress: o
255.4084 	Level jitter 	25
257.3953 	Level finished 	25
257.3964 	DATA 	Keypress: o
257.4256 	Level image=waterlogo.jpg 	25
258.3979 	DATA 	Keypress: o
258.4085 	Level injecting via pump at address 0 	25
264.4010 	DATA 	Keypress: o
264.4023 	DATA 	Keypress: o
264.4033 	DATA 	Keypress: o
264.4088 	Level WAIT 	25
265.4090 	Level RINSE 	25
267.4008 	DATA 	Keypress: o
267.4096 	Level jitter 	25
275.3953 	Level finished 	25
275.3971 	DATA 	Keypress: o
275.3983 	DATA 	Keypress: o
275.3995 	DATA 	Keypress: o
275.4007 	DATA 	Keypress: o
275.4264 	Level image=tasty.jpg 	25
276.3978 	DATA 	Keypress: o
276.4264 	Level injecting via pump at address 0 	25
282.4013 	DATA 	Keypress: o
282.4027 	DATA 	Keypress: o
282.4040 	DATA 	Keypress: o
282.4271 	Level WAIT 	25
283.4103 	Level RINSE 	25
285.4003 	DATA 	Keypress: o
285.4269 	Level jitter 	25
290.3953 	Level finished 	25
290.3965 	DATA 	Keypress: o
290.3975 	DATA 	Keypress: o
290.3985 	DATA 	Keypress: o
290.4273 	Level image=waterlogo.jpg 	25
291.4107 	Level injecting via pump at address 0 	25
297.4006 	DATA 	Keypress: o
297.4017 	DATA 	Keypress: o
297.4026 	DATA 	Keypress: o
297.4283 	Level WAIT 	25
298.3977 	DATA 	Keypress: o
298.4279 	Level RINSE 	25
300.4000 	DATA 	Keypress: o
300.4280 	Level jitter 	25
305.3953 	Level finished 	25
305.3966 	DATA 	Keypress: o
305.3977 	DATA 	Keypress: o
305.4117 	Level image=tasty.jpg 	25
306.3977 	DATA 	Keypress: o
306.4118 	Level injecting via pump at address 0 	25
312.4007 	DATA 	Keypress: o
312.4020 	DATA 	Keypress: o
312.4032 	DATA 	Keypress: o
312.4293 	Level WAIT 	25
313.4123 	Level RINSE 	25
315.4010 	DATA 	Keypress: o
315.4124 	Level jitter 	25
322.3953 	Level finished 	25
322.3967 	DATA 	Keypress: o
322.3979 	DATA 	Keypress: o
322.3991 	DATA 	Keypress: o
322.4001 	DATA 	Keypress: o
322.4300 	Level image=tasty.jpg 	25
323.4297 	Level injecting via pump at address 1 	25
329.4006 	DATA 	Keypress: o
329.4018 	DATA 	Keypress: o
329.4028 	DATA 	Keypress: o
329.4300 	Level WAIT 	25
330.3983 	DATA 	Keypress: o
330.4134 	Level RINSE 	25
332.4000 	DATA 	Keypress: o
332.4307 	Level jitter 	25
336.3953 	Level finished 	25
336.3967 	DATA 	Keypress: o
336.3980 	DATA 	Keypress: o
336.4138 	Level image=tasty.jpg 	25
337.4139 	Level injecting via pump at address 0 	25
343.4014 	DATA 	Keypress: o
343.4026 	DATA 	Keypress: o
343.4037 	DATA 	Keypress: o
343.4148 	Level WAIT 	25
344.3977 	DATA 	Keypress: o
344.4144 	Level RINSE 	25
346.4006 	DATA 	Keypress: o
346.4145 	Level jitter 	25
349.3953 	Level finished 	25
349.3969 	DATA 	Keypress: o
349.4147 	Level image=tasty.jpg 	25
350.3979 	DATA 	Keypress: o
350.4149 	Level injecting via pump at address 1 	25
356.4005 	DATA 	Keypress: o
356.4017 	DATA 	Keypress: o
356.4027 	DATA 	Keypress: o
356.4157 	Level WAIT 	25
357.4154 	Level RINSE 	25
359.4004 	DATA 	Keypress: o
359.4154 	Level jitter 	25
364.3953 	Level finished 	25
364.3965 	DATA 	Keypress: o
364.3976 	DATA 	Keypress: o
364.3985 	DATA 	Keypress: o
364.4158 	Level image=tasty.jpg 	25
365.4159 	Level injecting via pump at address 0 	25
371.4008 	DATA 	Keypress: o
371.4020 	DATA 	Keypress: o
371.4033 	DATA 	Keypress: o
371.4168 	Level WAIT 	25
372.3979 	DATA 	Keypress: o
372.4164 	Level RINSE 	25
374.4006 	DATA 	Keypress: o
374.4164 	Level jitter 	25
375.3953 	Level finished 	25
375.4165 	Level image=tasty.jpg 	25
376.3978 	DATA 	Keypress: o
376.4167 	Level injecting via pump at address 1 	25
382.4004 	DATA 	Keypress: o
382.4016 	DATA 	Keypress: o
382.4026 	DATA 	Keypress: o
382.4341 	Level WAIT 	25
383.4171 	Level RINSE 	25
385.3998 	DATA 	Keypress: o
385.4173 	Level jitter 	25
394.3953 	Level finished 	25
394.3967 	DATA 	Keypress: o
394.3978 	DATA 	Keypress: o
394.3988 	DATA 	Keypress: o
394.3998 	DATA 	Keypress: o
394.4008 	DATA 	Keypress: o
394.4349 	Level image=tasty.jpg 	25
395.4014 	Level injecting via pump at address 1 	25
401.4009 	DATA 	Keypress: o
401.4020 	DATA 	Keypress: o
401.4029 	DATA 	Keypress: o
401.4350 	Level WAIT 	25
402.3979 	DATA 	Keypress: o
402.4184 	Level RINSE 	25
404.3999 	DATA 	Keypress: o
404.4189 	Level jitter 	25
413.3953 	Level finished 	25
413.3966 	DATA 	Keypress: o
413.3976 	DATA 	Keypress: o
413.3985 	DATA 	Keypress: o
413.3995 	DATA 	Keypress: o
413.4358 	Level image=tasty.jpg 	25
414.3978 	DATA 	Keypress: o
414.4030 	Level injecting via pump at address 0 	25
420.4013 	DATA 	Keypress: o
420.4026 	DATA 	Keypress: o
420.4038 	DATA 	Keypress: o
420.4196 	Level WAIT 	25
421.4197 	Level RINSE 	25
423.4008 	DATA 	Keypress: o
423.4033 	Level jitter 	25
425.3953 	Level finished 	25
