57.8447 	DATA 	Keypress: o
57.8456 	Level start key press 	25
59.8441 	DATA 	Keypress: o
61.8442 	DATA 	Keypress: o
63.8443 	DATA 	Keypress: o
65.8447 	DATA 	Keypress: o
66.4090 	Level image=waterlogo.jpg 	25
67.3596 	Level injecting via pump at address 0 	25
73.3478 	DATA 	Keypress: o
73.3491 	DATA 	Keypress: o
73.3503 	DATA 	Keypress: o
73.3764 	Level WAIT 	25
74.3447 	DATA 	Keypress: o
74.3599 	Level RINSE 	25
76.3555 	DATA 	Keypress: o
76.3767 	Level jitter 	25
83.3423 	Level finished 	25
83.3436 	DATA 	Keypress: o
83.3446 	DATA 	Keypress: o
83.3455 	DATA 	Keypress: o
83.3780 	Level image=waterlogo.jpg 	25
84.3448 	DATA 	Keypress: o
84.3610 	Level injecting via pump at address 0 	25
90.3475 	DATA 	Keypress: o
90.3488 	DATA 	Keypress: o
90.3499 	DATA 	Keypress: o
90.3782 	Level WAIT 	25
91.3619 	Level RINSE 	25
93.3483 	DATA 	Keypress: o
93.3791 	Level jitter 	25
98.3423 	Level finished 	25
98.3436 	DATA 	Keypress: o
98.3446 	DATA 	Keypress: o
98.3456 	DATA 	Keypress: o
98.3626 	Level image=tasty.jpg 	25
99.3627 	Level injecting via pump at address 1 	25
105.3475 	DATA 	Keypress: o
105.3486 	DATA 	Keypress: o
105.3496 	DATA 	Keypress: o
105.3804 	Level WAIT 	25
106.3452 	DATA 	Keypress: o
106.3636 	Level RINSE 	25
108.3471 	DATA 	Keypress: o
108.3637 	Level jitter 	25
111.3423 	Level finished 	25
111.3435 	DATA 	Keypress: o
111.3640 	Level image=tasty.jpg 	25
112.3452 	DATA 	Keypress: o
112.3475 	Level injecting via pump at address 0 	25
118.3482 	DATA 	Keypress: o
118.3496 	DATA 	Keypress: o
118.3510 	DATA 	Keypress: o
118.3819 	Level WAIT 	25
119.3650 	Level RINSE 	25
121.3475 	DATA 	Keypress: o
121.3651 	Level jitter 	25
127.3423 	Level finished 	25
127.3436 	DATA 	Keypress: o
127.3446 	DATA 	Keypress: o
127.3456 	DATA 	Keypress: o
127.3657 	Level image=tasty.jpg 	25
128.3448 	DATA 	Keypress: o
128.3498 	Level injecting via pump at address 0 	25
134.3473 	DATA 	Keypress: o
134.3486 	DATA 	Keypress: o
134.3499 	DATA 	Keypress: o
134.3666 	Level WAIT 	25
135.3667 	Level RINSE 	25
137.3477 	DATA 	Keypress: o
137.3501 	Level jitter 	25
146.3423 	Level finished 	25
146.3437 	DATA 	Keypress: o
146.3448 	DATA 	Keypress: o
146.3458 	DATA 	Keypress: o
146.3468 	DATA 	Keypress: o
146.3477 	DATA 	Keypress: o
146.3850 	Level image=tasty.jpg 	25
147.3513 	Level injecting via pump at address 1 	25
153.3470 	DATA 	Keypress: o
153.3480 	DATA 	Keypress: o
153.3490 	DATA 	Keypress: o
153.3686 	Level WAIT 	25
154.3452 	DATA 	Keypress: o
154.3688 	Level RINSE 	25
156.3477 	DATA 	Keypress: o
156.3528 	Level jitter 	25
162.3423 	Level finished 	25
162.3442 	DATA 	Keypress: o
162.3455 	DATA 	Keypress: o
162.3467 	DATA 	Keypress: o
162.3698 	Level image=tasty.jpg 	25
163.3532 	Level injecting via pump at address 0 	25
169.3478 	DATA 	Keypress: o
169.3492 	DATA 	Keypress: o
169.3506 	DATA 	Keypress: o
169.3708 	Level WAIT 	25
170.3452 	DATA 	Keypress: o
170.3705 	Level RINSE 	25
172.3476 	DATA 	Keypress: o
172.3541 	Level jitter 	25
175.3423 	Level finished 	25
175.3436 	DATA 	Keypress: o
175.3544 	Level image=tasty.jpg 	25
176.3457 	DATA 	Keypress: o
176.3713 	Level injecting via pump at address 1 	25
182.3469 	DATA 	Keypress: o
182.3480 	DATA 	Keypress: o
182.3490 	DATA 	Keypress: o
182.3722 	Level WAIT 	25
183.3720 	Level RINSE 	25
185.3478 	DATA 	Keypress: o
185.3722 	Level jitter 	25
190.3423 	Level finished 	25
190.3436 	DATA 	Keypress: o
190.3447 	DATA 	Keypress: o
190.3457 	DATA 	Keypress: o
190.3560 	Level image=tasty.jpg 	25
191.3563 	Level injecting via pump at address 0 	25
197.3482 	DATA 	Keypress: o
197.3495 	DATA 	Keypress: o
197.3506 	DATA 	Keypress: o
197.3572 	Level WAIT 	25
198.3455 	DATA 	Keypress: o
198.3569 	Level RINSE 	25
200.3474 	DATA 	Keypress: o
200.3572 	Level jitter 	25
201.3423 	Level finished 	25
201.3739 	Level image=waterlogo.jpg 	25
202.3452 	DATA 	Keypress: o
202.3741 	Level injecting via pump at address 0 	25
208.3479 	DATA 	Keypress: o
208.3491 	DATA 	Keypress: o
208.3504 	DATA 	Keypress: o
208.3751 	Level WAIT 	25
209.3581 	Level RINSE 	25
211.3478 	DATA 	Keypress: o
211.3751 	Level jitter 	25
216.3423 	Level finished 	25
216.3439 	DATA 	Keypress: o
216.3452 	DATA 	Keypress: o
216.3465 	DATA 	Keypress: o
216.3757 	Level image=waterlogo.jpg 	25
217.3592 	Level injecting via pump at address 0 	25
223.3468 	DATA 	Keypress: o
223.3479 	DATA 	Keypress: o
223.3491 	DATA 	Keypress: o
223.3768 	Level WAIT 	25
224.3451 	DATA 	Keypress: o
224.3765 	Level RINSE 	25
226.3482 	DATA 	Keypress: o
226.3600 	Level jitter 	25
229.3423 	Level finished 	25
229.3437 	DATA 	Keypress: o
229.3604 	Level image=tasty.jpg 	25
230.3448 	DATA 	Keypress: o
230.3607 	Level injecting via pump at address 0 	25
236.3486 	DATA 	Keypress: o
236.3499 	DATA 	Keypress: o
236.3511 	DATA 	Keypress: o
236.3784 	Level WAIT 	25
237.3613 	Level RINSE 	25
239.3477 	DATA 	Keypress: o
239.3615 	Level jitter 	25
245.3423 	Level finished 	25
245.3435 	DATA 	Keypress: o
245.3446 	DATA 	Keypress: o
245.3456 	DATA 	Keypress: o
245.3788 	Level image=waterlogo.jpg 	25
246.3455 	DATA 	Keypress: o
246.3795 	Level injecting via pump at address 0 	25
252.3477 	DATA 	Keypress: o
252.3490 	DATA 	Keypress: o
252.3500 	DATA 	Keypress: o
252.3796 	Level WAIT 	25
253.3630 	Level RINSE 	25
255.3476 	DATA 	Keypress: o
255.3632 	Level jitter 	25
257.3423 	Level finished 	25
257.3434 	DATA 	Keypress: o
257.3640 	Level image=waterlogo.jpg 	25
258.3452 	DATA 	Keypress: o
258.3638 	Level injecting via pump at address 0 	25
264.3478 	DATA 	Keypress: o
264.3491 	DATA 	Keypress: o
264.3501 	DATA 	Keypress: o
264.3642 	Level WAIT 	25
265.3477 	Level RINSE 	25
267.3476 	DATA 	Keypress: o
267.3649 	Level jitter 	25
275.3423 	Level finished 	25
275.3436 	DATA 	Keypress: o
275.3446 	DATA 	Keypress: o
275.3455 	DATA 	Keypress: o
275.3465 	DATA 	Keypress: o
275.3656 	Level image=tasty.jpg 	25
276.3449 	DATA 	Keypress: o
276.3656 	Level injecting via pump at address 0 	25
282.3479 	DATA 	Keypress: o
282.3492 	DATA 	Keypress: o
282.3504 	DATA 	Keypress: o
282.3667 	Level WAIT 	25
283.3664 	Level RINSE 	25
285.3473 	DATA 	Keypress: o
285.3667 	Level jitter 	25
290.3423 	Level finished 	25
290.3437 	DATA 	Keypress: o
290.3450 	DATA 	Keypress: o
290.3463 	DATA 	Keypress: o
290.3672 	Level image=waterlogo.jpg 	25
291.3673 	Level injecting via pump at address 0 	25
297.3480 	DATA 	Keypress: o
297.3493 	DATA 	Keypress: o
297.3505 	DATA 	Keypress: o
297.3684 	Level WAIT 	25
298.3448 	DATA 	Keypress: o
298.3680 	Level RINSE 	25
300.3481 	DATA 	Keypress: o
300.3683 	Level jitter 	25
305.3423 	Level finished 	25
305.3435 	DATA 	Keypress: o
305.3445 	DATA 	Keypress: o
305.3688 	Level image=tasty.jpg 	25
306.3449 	DATA 	Keypress: o
306.3523 	Level injecting via pump at address 0 	25
312.3478 	DATA 	Keypress: o
312.3491 	DATA 	Keypress: o
312.3503 	DATA 	Keypress: o
312.3700 	Level WAIT 	25
313.3531 	Level RINSE 	25
315.3474 	DATA 	Keypress: o
315.3532 	Level jitter 	25
322.3423 	Level finished 	25
322.3436 	DATA 	Keypress: o
322.3447 	DATA 	Keypress: o
322.3459 	DATA 	Keypress: o
322.3472 	DATA 	Keypress: o
322.3711 	Level image=tasty.jpg 	25
323.3709 	Level injecting via pump at address 1 	25
329.3478 	DATA 	Keypress: o
329.3491 	DATA 	Keypress: o
329.3503 	DATA 	Keypress: o
329.3715 	Level WAIT 	25
330.3452 	DATA 	Keypress: o
330.3716 	Level RINSE 	25
332.3479 	DATA 	Keypress: o
332.3722 	Level jitter 	25
336.3423 	Level finished 	25
336.3435 	DATA 	Keypress: o
336.3446 	DATA 	Keypress: o
336.3722 	Level image=tasty.jpg 	25
337.3557 	Level injecting via pump at address 0 	25
343.3482 	DATA 	Keypress: o
343.3495 	DATA 	Keypress: o
343.3508 	DATA 	Keypress: o
343.3568 	Level WAIT 	25
344.3451 	DATA 	Keypress: o
344.3564 	Level RINSE 	25
346.3480 	DATA 	Keypress: o
346.3735 	Level jitter 	25
349.3423 	Level finished 	25
349.3437 	DATA 	Keypress: o
349.3737 	Level image=tasty.jpg 	25
350.3451 	DATA 	Keypress: o
350.3572 	Level injecting via pump at address 1 	25
356.3478 	DATA 	Keypress: o
356.3491 	DATA 	Keypress: o
356.3504 	DATA 	Keypress: o
356.3583 	Level WAIT 	25
357.3580 	Level RINSE 	25
359.3481 	DATA 	Keypress: o
359.3581 	Level jitter 	25
364.3423 	Level finished 	25
364.3439 	DATA 	Keypress: o
364.3452 	DATA 	Keypress: o
364.3464 	DATA 	Keypress: o
364.3754 	Level image=tasty.jpg 	25
365.3588 	Level injecting via pump at address 0 	25
371.3475 	DATA 	Keypress: o
371.3485 	DATA 	Keypress: o
371.3495 	DATA 	Keypress: o
371.3765 	Level WAIT 	25
372.3449 	DATA 	Keypress: o
372.3597 	Level RINSE 	25
374.3472 	DATA 	Keypress: o
374.3765 	Level jitter 	25
375.3423 	Level finished 	25
375.3599 	Level image=tasty.jpg 	25
376.3449 	DATA 	Keypress: o
376.3601 	Level injecting via pump at address 1 	25
382.3479 	DATA 	Keypress: o
382.3492 	DATA 	Keypress: o
382.3504 	DATA 	Keypress: o
382.3612 	Level WAIT 	25
383.3608 	Level RINSE 	25
385.3482 	DATA 	Keypress: o
385.3610 	Level jitter 	25
394.3423 	Level finished 	25
394.3437 	DATA 	Keypress: o
394.3450 	DATA 	Keypress: o
394.3462 	DATA 	Keypress: o
394.3474 	DATA 	Keypress: o
394.3484 	DATA 	Keypress: o
394.3624 	Level image=tasty.jpg 	25
395.3621 	Level injecting via pump at address 1 	25
401.3469 	DATA 	Keypress: o
401.3480 	DATA 	Keypress: o
401.3489 	DATA 	Keypress: o
401.3628 	Level WAIT 	25
402.3453 	DATA 	Keypress: o
402.3629 	Level RINSE 	25
404.3477 	DATA 	Keypress: o
404.3637 	Level jitter 	25
413.3423 	Level finished 	25
413.3438 	DATA 	Keypress: o
413.3451 	DATA 	Keypress: o
413.3466 	DATA 	Keypress: o
413.3478 	DATA 	Keypress: o
413.3642 	Level image=tasty.jpg 	25
414.3450 	DATA 	Keypress: o
414.3648 	Level injecting via pump at address 0 	25
420.3481 	DATA 	Keypress: o
420.3495 	DATA 	Keypress: o
420.3507 	DATA 	Keypress: o
420.3648 	Level WAIT 	25
421.3483 	Level RINSE 	25
423.3482 	DATA 	Keypress: o
423.3652 	Level jitter 	25
425.3423 	Level finished 	25
