65.3513 	DATA 	Keypress: o
65.3524 	Level start key press 	25
67.3605 	DATA 	Keypress: o
69.3606 	DATA 	Keypress: o
71.3608 	DATA 	Keypress: o
73.3611 	DATA 	Keypress: o
73.8754 	Level image=waterlogo.jpg 	25
74.8259 	Level injecting via pump at address 0 	25
80.7977 	DATA 	Keypress: o
80.7988 	DATA 	Keypress: o
80.7998 	DATA 	Keypress: o
80.8262 	Level WAIT 	25
81.7950 	DATA 	Keypress: o
81.8096 	Level RINSE 	25
83.8062 	DATA 	Keypress: o
83.8265 	Level jitter 	25
85.7922 	Level finished 	25
85.7933 	DATA 	Keypress: o
85.8105 	Level image=tasty.jpg 	25
86.8102 	Level injecting via pump at address 1 	25
92.7976 	DATA 	Keypress: o
92.7989 	DATA 	Keypress: o
92.8002 	DATA 	Keypress: o
92.8275 	Level WAIT 	25
93.7950 	DATA 	Keypress: o
93.8111 	Level RINSE 	25
95.7976 	DATA 	Keypress: o
95.8116 	Level jitter 	25
97.7922 	Level finished 	25
97.7933 	DATA 	Keypress: o
97.8114 	Level image=tasty.jpg 	25
98.8115 	Level injecting via pump at address 0 	25
104.7982 	DATA 	Keypress: o
104.7996 	DATA 	Keypress: o
104.8009 	DATA 	Keypress: o
104.8122 	Level WAIT 	25
105.7951 	DATA 	Keypress: o
105.8128 	Level RINSE 	25
107.7976 	DATA 	Keypress: o
107.8125 	Level jitter 	25
112.7922 	Level finished 	25
112.7937 	DATA 	Keypress: o
112.7949 	DATA 	Keypress: o
112.8131 	Level image=tasty.jpg 	25
113.7945 	DATA 	Keypress: o
113.8132 	Level injecting via pump at address 1 	25
119.7972 	DATA 	Keypress: o
119.7983 	DATA 	Keypress: o
119.7993 	DATA 	Keypress: o
119.8143 	Level WAIT 	25
120.8140 	Level RINSE 	25
122.7978 	DATA 	Keypress: o
122.8142 	Level jitter 	25
128.7922 	Level finished 	25
128.7936 	DATA 	Keypress: o
128.7948 	DATA 	Keypress: o
128.7958 	DATA 	Keypress: o
128.8148 	Level image=tasty.jpg 	25
129.7950 	DATA 	Keypress: o
129.8154 	Level injecting via pump at address 0 	25
135.7977 	DATA 	Keypress: o
135.7991 	DATA 	Keypress: o
135.8004 	DATA 	Keypress: o
135.8156 	Level WAIT 	25
136.8158 	Level RINSE 	25
138.7966 	DATA 	Keypress: o
138.8159 	Level jitter 	25
140.7922 	Level finished 	25
140.7935 	DATA 	Keypress: o
140.8165 	Level image=waterlogo.jpg 	25
141.7950 	DATA 	Keypress: o
141.8163 	Level injecting via pump at address 0 	25
147.7974 	DATA 	Keypress: o
147.7985 	DATA 	Keypress: o
147.7995 	DATA 	Keypress: o
147.8168 	Level WAIT 	25
148.8170 	Level RINSE 	25
150.7970 	DATA 	Keypress: o
150.8177 	Level jitter 	25
159.7922 	Level finished 	25
159.7936 	DATA 	Keypress: o
159.7950 	DATA 	Keypress: o
159.7962 	DATA 	Keypress: o
159.7974 	DATA 	Keypress: o
159.7986 	DATA 	Keypress: o
159.8182 	Level image=tasty.jpg 	25
160.8187 	Level injecting via pump at address 0 	25
166.7983 	DATA 	Keypress: o
166.7995 	DATA 	Keypress: o
166.8007 	DATA 	Keypress: o
166.8190 	Level WAIT 	25
167.7948 	DATA 	Keypress: o
167.8191 	Level RINSE 	25
169.7967 	DATA 	Keypress: o
169.8193 	Level jitter 	25
170.7922 	Level finished 	25
170.8198 	Level image=waterlogo.jpg 	25
171.7945 	DATA 	Keypress: o
171.8030 	Level injecting via pump at address 0 	25
177.7976 	DATA 	Keypress: o
177.7987 	DATA 	Keypress: o
177.7997 	DATA 	Keypress: o
177.8202 	Level WAIT 	25
178.8036 	Level RINSE 	25
180.7971 	DATA 	Keypress: o
180.8210 	Level jitter 	25
186.7922 	Level finished 	25
186.7934 	DATA 	Keypress: o
186.7944 	DATA 	Keypress: o
186.7954 	DATA 	Keypress: o
186.8212 	Level image=tasty.jpg 	25
187.7945 	DATA 	Keypress: o
187.8047 	Level injecting via pump at address 0 	25
193.7979 	DATA 	Keypress: o
193.7992 	DATA 	Keypress: o
193.8002 	DATA 	Keypress: o
193.8057 	Level WAIT 	25
194.8054 	Level RINSE 	25
196.7971 	DATA 	Keypress: o
196.8055 	Level jitter 	25
204.7922 	Level finished 	25
204.7935 	DATA 	Keypress: o
204.7946 	DATA 	Keypress: o
204.7957 	DATA 	Keypress: o
204.7967 	DATA 	Keypress: o
204.8237 	Level image=tasty.jpg 	25
205.7950 	DATA 	Keypress: o
205.8233 	Level injecting via pump at address 1 	25
211.7976 	DATA 	Keypress: o
211.7990 	DATA 	Keypress: o
211.8000 	DATA 	Keypress: o
211.8240 	Level WAIT 	25
212.8073 	Level RINSE 	25
214.7977 	DATA 	Keypress: o
214.8246 	Level jitter 	25
219.7922 	Level finished 	25
219.7934 	DATA 	Keypress: o
219.7946 	DATA 	Keypress: o
219.7958 	DATA 	Keypress: o
219.8248 	Level image=tasty.jpg 	25
220.8084 	Level injecting via pump at address 0 	25
226.7977 	DATA 	Keypress: o
226.7990 	DATA 	Keypress: o
226.8001 	DATA 	Keypress: o
226.8259 	Level WAIT 	25
227.7950 	DATA 	Keypress: o
227.8257 	Level RINSE 	25
229.7980 	DATA 	Keypress: o
229.8259 	Level jitter 	25
236.7922 	Level finished 	25
236.7936 	DATA 	Keypress: o
236.7949 	DATA 	Keypress: o
236.7961 	DATA 	Keypress: o
236.8272 	Level image=waterlogo.jpg 	25
237.7948 	DATA 	Keypress: o
237.8102 	Level injecting via pump at address 0 	25
243.7978 	DATA 	Keypress: o
243.7993 	DATA 	Keypress: o
243.8006 	DATA 	Keypress: o
243.8108 	Level WAIT 	25
244.8110 	Level RINSE 	25
246.7970 	DATA 	Keypress: o
246.8116 	Level jitter 	25
252.7922 	Level finished 	25
252.7935 	DATA 	Keypress: o
252.7946 	DATA 	Keypress: o
252.7956 	DATA 	Keypress: o
252.8286 	Level image=waterlogo.jpg 	25
253.7950 	DATA 	Keypress: o
253.8120 	Level injecting via pump at address 0 	25
259.7967 	DATA 	Keypress: o
259.7978 	DATA 	Keypress: o
259.7987 	DATA 	Keypress: o
259.8130 	Level WAIT 	25
260.8128 	Level RINSE 	25
262.7972 	DATA 	Keypress: o
262.8130 	Level jitter 	25
264.7922 	Level finished 	25
264.7934 	DATA 	Keypress: o
264.8132 	Level image=tasty.jpg 	25
265.7948 	DATA 	Keypress: o
265.8134 	Level injecting via pump at address 0 	25
271.7986 	DATA 	Keypress: o
271.8001 	DATA 	Keypress: o
271.8016 	DATA 	Keypress: o
271.8144 	Level WAIT 	25
272.8141 	Level RINSE 	25
274.7976 	DATA 	Keypress: o
274.8143 	Level jitter 	25
281.7922 	Level finished 	25
281.7935 	DATA 	Keypress: o
281.7947 	DATA 	Keypress: o
281.7960 	DATA 	Keypress: o
281.7971 	DATA 	Keypress: o
281.8155 	Level image=tasty.jpg 	25
282.8153 	Level injecting via pump at address 1 	25
288.7974 	DATA 	Keypress: o
288.7985 	DATA 	Keypress: o
288.7995 	DATA 	Keypress: o
288.8159 	Level WAIT 	25
289.7946 	DATA 	Keypress: o
289.8161 	Level RINSE 	25
291.7978 	DATA 	Keypress: o
291.8167 	Level jitter 	25
299.7922 	Level finished 	25
299.7934 	DATA 	Keypress: o
299.7944 	DATA 	Keypress: o
299.7954 	DATA 	Keypress: o
299.7963 	DATA 	Keypress: o
299.8171 	Level image=waterlogo.jpg 	25
300.8172 	Level injecting via pump at address 0 	25
306.7977 	DATA 	Keypress: o
306.7991 	DATA 	Keypress: o
306.8005 	DATA 	Keypress: o
306.8183 	Level WAIT 	25
307.7946 	DATA 	Keypress: o
307.8182 	Level RINSE 	25
309.7978 	DATA 	Keypress: o
309.8182 	Level jitter 	25
317.7922 	Level finished 	25
317.7937 	DATA 	Keypress: o
317.7950 	DATA 	Keypress: o
317.7962 	DATA 	Keypress: o
317.7974 	DATA 	Keypress: o
317.8197 	Level image=tasty.jpg 	25
318.8026 	Level injecting via pump at address 1 	25
324.7978 	DATA 	Keypress: o
324.7992 	DATA 	Keypress: o
324.8009 	DATA 	Keypress: o
324.8199 	Level WAIT 	25
325.7949 	DATA 	Keypress: o
325.8034 	Level RINSE 	25
327.7977 	DATA 	Keypress: o
327.8040 	Level jitter 	25
329.7922 	Level finished 	25
329.7935 	DATA 	Keypress: o
329.8205 	Level image=tasty.jpg 	25
330.8205 	Level injecting via pump at address 0 	25
336.7973 	DATA 	Keypress: o
336.7984 	DATA 	Keypress: o
336.7993 	DATA 	Keypress: o
336.8213 	Level WAIT 	25
337.7949 	DATA 	Keypress: o
337.8052 	Level RINSE 	25
339.7969 	DATA 	Keypress: o
339.8216 	Level jitter 	25
343.7922 	Level finished 	25
343.7934 	DATA 	Keypress: o
343.7944 	DATA 	Keypress: o
343.8054 	Level image=tasty.jpg 	25
344.8056 	Level injecting via pump at address 1 	25
350.7982 	DATA 	Keypress: o
350.7998 	DATA 	Keypress: o
350.8010 	DATA 	Keypress: o
350.8233 	Level WAIT 	25
351.7951 	DATA 	Keypress: o
351.8230 	Level RINSE 	25
353.7972 	DATA 	Keypress: o
353.8065 	Level jitter 	25
356.7922 	Level finished 	25
356.7933 	DATA 	Keypress: o
356.8069 	Level image=tasty.jpg 	25
357.7945 	DATA 	Keypress: o
357.8070 	Level injecting via pump at address 0 	25
363.7974 	DATA 	Keypress: o
363.7984 	DATA 	Keypress: o
363.7994 	DATA 	Keypress: o
363.8248 	Level WAIT 	25
364.8245 	Level RINSE 	25
366.7977 	DATA 	Keypress: o
366.8079 	Level jitter 	25
374.7922 	Level finished 	25
374.7934 	DATA 	Keypress: o
374.7945 	DATA 	Keypress: o
374.7955 	DATA 	Keypress: o
374.7964 	DATA 	Keypress: o
374.8094 	Level image=waterlogo.jpg 	25
375.7951 	DATA 	Keypress: o
375.8091 	Level injecting via pump at address 0 	25
381.7967 	DATA 	Keypress: o
381.7978 	DATA 	Keypress: o
381.7988 	DATA 	Keypress: o
381.8096 	Level WAIT 	25
382.8097 	Level RINSE 	25
384.7978 	DATA 	Keypress: o
384.8104 	Level jitter 	25
389.7922 	Level finished 	25
389.7937 	DATA 	Keypress: o
389.7948 	DATA 	Keypress: o
389.7961 	DATA 	Keypress: o
389.8272 	Level image=tasty.jpg 	25
390.8107 	Level injecting via pump at address 1 	25
396.7974 	DATA 	Keypress: o
396.7986 	DATA 	Keypress: o
396.7997 	DATA 	Keypress: o
396.8117 	Level WAIT 	25
397.7946 	DATA 	Keypress: o
397.8114 	Level RINSE 	25
399.7971 	DATA 	Keypress: o
399.8116 	Level jitter 	25
406.7922 	Level finished 	25
406.7937 	DATA 	Keypress: o
406.7950 	DATA 	Keypress: o
406.7963 	DATA 	Keypress: o
406.8128 	Level image=tasty.jpg 	25
407.7945 	DATA 	Keypress: o
407.8126 	Level injecting via pump at address 0 	25
413.7976 	DATA 	Keypress: o
413.7987 	DATA 	Keypress: o
413.7996 	DATA 	Keypress: o
413.8132 	Level WAIT 	25
414.8133 	Level RINSE 	25
416.7980 	DATA 	Keypress: o
416.8140 	Level jitter 	25
424.7922 	Level finished 	25
424.7935 	DATA 	Keypress: o
424.7945 	DATA 	Keypress: o
424.7955 	DATA 	Keypress: o
424.7966 	DATA 	Keypress: o
424.8144 	Level image=tasty.jpg 	25
425.7946 	DATA 	Keypress: o
425.8146 	Level injecting via pump at address 0 	25
431.7993 	DATA 	Keypress: o
431.8009 	DATA 	Keypress: o
431.8022 	DATA 	Keypress: o
431.8155 	Level WAIT 	25
432.8154 	Level RINSE 	25
434.7972 	DATA 	Keypress: o
434.8155 	Level jitter 	25
441.7922 	Level finished 	25
