48.3027 	DATA 	Keypress: o
48.3036 	Level start key press 	25
50.3083 	DATA 	Keypress: o
52.3093 	DATA 	Keypress: o
54.3095 	DATA 	Keypress: o
56.3096 	DATA 	Keypress: o
56.7738 	Level image=waterlogo.jpg 	25
57.7077 	Level injecting via pump at address 0 	25
63.6956 	DATA 	Keypress: o
63.6968 	DATA 	Keypress: o
63.6979 	DATA 	Keypress: o
63.7076 	Level WAIT 	25
64.6933 	DATA 	Keypress: o
64.7077 	Level RINSE 	25
66.7072 	DATA 	Keypress: o
66.7244 	Level jitter 	25
73.6904 	Level finished 	25
73.6918 	DATA 	Keypress: o
73.6930 	DATA 	Keypress: o
73.6940 	DATA 	Keypress: o
73.7087 	Level image=tasty.jpg 	25
74.6929 	DATA 	Keypress: o
74.7084 	Level injecting via pump at address 0 	25
80.6958 	DATA 	Keypress: o
80.6974 	DATA 	Keypress: o
80.6987 	DATA 	Keypress: o
80.7254 	Level WAIT 	25
81.7255 	Level RINSE 	25
83.6958 	DATA 	Keypress: o
83.7095 	Level jitter 	25
87.6904 	Level finished 	25
87.6920 	DATA 	Keypress: o
87.6934 	DATA 	Keypress: o
87.7260 	Level image=tasty.jpg 	25
88.6931 	DATA 	Keypress: o
88.7093 	Level injecting via pump at address 1 	25
94.6962 	DATA 	Keypress: o
94.6975 	DATA 	Keypress: o
94.6987 	DATA 	Keypress: o
94.7101 	Level WAIT 	25
95.7098 	Level RINSE 	25
97.6961 	DATA 	Keypress: o
97.7099 	Level jitter 	25
98.6904 	Level finished 	25
98.6917 	DATA 	Keypress: o
98.7100 	Level image=tasty.jpg 	25
99.7102 	Level injecting via pump at address 0 	25
105.6963 	DATA 	Keypress: o
105.6975 	DATA 	Keypress: o
105.6985 	DATA 	Keypress: o
105.7276 	Level WAIT 	25
106.6932 	DATA 	Keypress: o
106.7272 	Level RINSE 	25
108.6958 	DATA 	Keypress: o
108.7107 	Level jitter 	25
116.6904 	Level finished 	25
116.6920 	DATA 	Keypress: o
116.6934 	DATA 	Keypress: o
116.6947 	DATA 	Keypress: o
116.6959 	DATA 	Keypress: o
116.7117 	Level image=waterlogo.jpg 	25
117.7114 	Level injecting via pump at address 0 	25
123.6963 	DATA 	Keypress: o
123.6979 	DATA 	Keypress: o
123.6993 	DATA 	Keypress: o
123.7117 	Level WAIT 	25
124.6928 	DATA 	Keypress: o
124.7118 	Level RINSE 	25
126.6958 	DATA 	Keypress: o
126.7124 	Level jitter 	25
134.6904 	Level finished 	25
134.6920 	DATA 	Keypress: o
134.6934 	DATA 	Keypress: o
134.6946 	DATA 	Keypress: o
134.6957 	DATA 	Keypress: o
134.7293 	Level image=waterlogo.jpg 	25
135.7126 	Level injecting via pump at address 0 	25
141.6963 	DATA 	Keypress: o
141.6978 	DATA 	Keypress: o
141.6990 	DATA 	Keypress: o
141.7135 	Level WAIT 	25
142.6928 	DATA 	Keypress: o
142.7132 	Level RINSE 	25
144.6963 	DATA 	Keypress: o
144.7132 	Level jitter 	25
150.6904 	Level finished 	25
150.6918 	DATA 	Keypress: o
150.6933 	DATA 	Keypress: o
150.6946 	DATA 	Keypress: o
150.7136 	Level image=tasty.jpg 	25
151.7142 	Level injecting via pump at address 1 	25
157.6969 	DATA 	Keypress: o
157.6983 	DATA 	Keypress: o
157.6996 	DATA 	Keypress: o
157.7142 	Level WAIT 	25
158.6931 	DATA 	Keypress: o
158.7142 	Level RINSE 	25
160.6955 	DATA 	Keypress: o
160.7142 	Level jitter 	25
162.6904 	Level finished 	25
162.6916 	DATA 	Keypress: o
162.7148 	Level image=tasty.jpg 	25
163.6978 	Level injecting via pump at address 0 	25
169.6958 	DATA 	Keypress: o
169.6969 	DATA 	Keypress: o
169.6978 	DATA 	Keypress: o
169.7149 	Level WAIT 	25
170.6932 	DATA 	Keypress: o
170.7150 	Level RINSE 	25
172.6956 	DATA 	Keypress: o
172.7156 	Level jitter 	25
178.6904 	Level finished 	25
178.6918 	DATA 	Keypress: o
178.6930 	DATA 	Keypress: o
178.6943 	DATA 	Keypress: o
178.7155 	Level image=waterlogo.jpg 	25
179.7156 	Level injecting via pump at address 0 	25
185.6967 	DATA 	Keypress: o
185.6979 	DATA 	Keypress: o
185.6990 	DATA 	Keypress: o
185.7165 	Level WAIT 	25
186.6931 	DATA 	Keypress: o
186.7161 	Level RINSE 	25
188.6964 	DATA 	Keypress: o
188.7162 	Level jitter 	25
190.6904 	Level finished 	25
190.6918 	DATA 	Keypress: o
190.7164 	Level image=waterlogo.jpg 	25
191.6998 	Level injecting via pump at address 0 	25
197.6960 	DATA 	Keypress: o
197.6976 	DATA 	Keypress: o
197.6989 	DATA 	Keypress: o
197.7173 	Level WAIT 	25
198.6940 	DATA 	Keypress: o
198.7170 	Level RINSE 	25
200.6959 	DATA 	Keypress: o
200.7003 	Level jitter 	25
209.6904 	Level finished 	25
209.6918 	DATA 	Keypress: o
209.6929 	DATA 	Keypress: o
209.6939 	DATA 	Keypress: o
209.6951 	DATA 	Keypress: o
209.7181 	Level image=tasty.jpg 	25
210.6931 	DATA 	Keypress: o
210.7012 	Level injecting via pump at address 1 	25
216.6958 	DATA 	Keypress: o
216.6970 	DATA 	Keypress: o
216.6983 	DATA 	Keypress: o
216.7182 	Level WAIT 	25
217.7182 	Level RINSE 	25
219.6963 	DATA 	Keypress: o
219.7021 	Level jitter 	25
226.6904 	Level finished 	25
226.6919 	DATA 	Keypress: o
226.6935 	DATA 	Keypress: o
226.6947 	DATA 	Keypress: o
226.6958 	DATA 	Keypress: o
226.7188 	Level image=tasty.jpg 	25
227.7190 	Level injecting via pump at address 0 	25
233.6963 	DATA 	Keypress: o
233.6979 	DATA 	Keypress: o
233.6992 	DATA 	Keypress: o
233.7197 	Level WAIT 	25
234.6930 	DATA 	Keypress: o
234.7027 	Level RINSE 	25
236.6967 	DATA 	Keypress: o
236.7194 	Level jitter 	25
243.6904 	Level finished 	25
243.6918 	DATA 	Keypress: o
243.6930 	DATA 	Keypress: o
243.6941 	DATA 	Keypress: o
243.7206 	Level image=waterlogo.jpg 	25
244.6928 	DATA 	Keypress: o
244.7035 	Level injecting via pump at address 0 	25
250.6965 	DATA 	Keypress: o
250.6979 	DATA 	Keypress: o
250.6992 	DATA 	Keypress: o
250.7038 	Level WAIT 	25
251.7039 	Level RINSE 	25
253.6959 	DATA 	Keypress: o
253.7045 	Level jitter 	25
258.6904 	Level finished 	25
258.6918 	DATA 	Keypress: o
258.6933 	DATA 	Keypress: o
258.6945 	DATA 	Keypress: o
258.7212 	Level image=tasty.jpg 	25
259.7045 	Level injecting via pump at address 0 	25
265.6960 	DATA 	Keypress: o
265.6973 	DATA 	Keypress: o
265.6983 	DATA 	Keypress: o
265.7219 	Level WAIT 	25
266.6930 	DATA 	Keypress: o
266.7050 	Level RINSE 	25
268.6968 	DATA 	Keypress: o
268.7217 	Level jitter 	25
269.6904 	Level finished 	25
269.7053 	Level image=tasty.jpg 	25
270.6932 	DATA 	Keypress: o
270.7053 	Level injecting via pump at address 1 	25
276.6959 	DATA 	Keypress: o
276.6972 	DATA 	Keypress: o
276.6982 	DATA 	Keypress: o
276.7227 	Level WAIT 	25
277.7223 	Level RINSE 	25
279.6949 	DATA 	Keypress: o
279.7058 	Level jitter 	25
282.6904 	Level finished 	25
282.6917 	DATA 	Keypress: o
282.6929 	DATA 	Keypress: o
282.7062 	Level image=tasty.jpg 	25
283.7062 	Level injecting via pump at address 0 	25
289.6954 	DATA 	Keypress: o
289.6967 	DATA 	Keypress: o
289.6980 	DATA 	Keypress: o
289.7237 	Level WAIT 	25
290.6928 	DATA 	Keypress: o
290.7232 	Level RINSE 	25
292.6962 	DATA 	Keypress: o
292.7234 	Level jitter 	25
294.6904 	Level finished 	25
294.6916 	DATA 	Keypress: o
294.7069 	Level image=tasty.jpg 	25
295.7070 	Level injecting via pump at address 1 	25
301.6961 	DATA 	Keypress: o
301.6975 	DATA 	Keypress: o
301.6988 	DATA 	Keypress: o
301.7245 	Level WAIT 	25
302.6933 	DATA 	Keypress: o
302.7242 	Level RINSE 	25
304.6949 	DATA 	Keypress: o
304.7075 	Level jitter 	25
306.6904 	Level finished 	25
306.6918 	DATA 	Keypress: o
306.7077 	Level image=tasty.jpg 	25
307.7078 	Level injecting via pump at address 0 	25
313.6956 	DATA 	Keypress: o
313.6968 	DATA 	Keypress: o
313.6978 	DATA 	Keypress: o
313.7086 	Level WAIT 	25
314.6928 	DATA 	Keypress: o
314.7082 	Level RINSE 	25
316.6950 	DATA 	Keypress: o
316.7084 	Level jitter 	25
317.6904 	Level finished 	25
317.7084 	Level image=waterlogo.jpg 	25
318.6934 	DATA 	Keypress: o
318.7253 	Level injecting via pump at address 0 	25
324.6962 	DATA 	Keypress: o
324.6976 	DATA 	Keypress: o
324.6989 	DATA 	Keypress: o
324.7260 	Level WAIT 	25
325.7091 	Level RINSE 	25
327.6958 	DATA 	Keypress: o
327.7258 	Level jitter 	25
333.6904 	Level finished 	25
333.6924 	DATA 	Keypress: o
333.6945 	DATA 	Keypress: o
333.6962 	DATA 	Keypress: o
333.7262 	Level image=tasty.jpg 	25
334.6928 	DATA 	Keypress: o
334.7101 	Level injecting via pump at address 1 	25
340.6959 	DATA 	Keypress: o
340.6972 	DATA 	Keypress: o
340.6983 	DATA 	Keypress: o
340.7267 	Level WAIT 	25
341.7102 	Level RINSE 	25
343.6955 	DATA 	Keypress: o
343.7269 	Level jitter 	25
346.6904 	Level finished 	25
346.6922 	DATA 	Keypress: o
346.6937 	DATA 	Keypress: o
346.7277 	Level image=tasty.jpg 	25
347.7106 	Level injecting via pump at address 0 	25
353.6956 	DATA 	Keypress: o
353.6968 	DATA 	Keypress: o
353.6979 	DATA 	Keypress: o
353.7109 	Level WAIT 	25
354.6933 	DATA 	Keypress: o
354.7111 	Level RINSE 	25
356.6953 	DATA 	Keypress: o
356.7117 	Level jitter 	25
358.6904 	Level finished 	25
358.6922 	DATA 	Keypress: o
358.7113 	Level image=tasty.jpg 	25
359.6947 	Level injecting via pump at address 1 	25
365.6963 	DATA 	Keypress: o
365.6977 	DATA 	Keypress: o
365.6992 	DATA 	Keypress: o
365.7284 	Level WAIT 	25
366.6935 	DATA 	Keypress: o
366.7123 	Level RINSE 	25
368.6963 	DATA 	Keypress: o
368.7286 	Level jitter 	25
372.6904 	Level finished 	25
372.6916 	DATA 	Keypress: o
372.6927 	DATA 	Keypress: o
372.7123 	Level image=tasty.jpg 	25
373.7124 	Level injecting via pump at address 0 	25
379.6960 	DATA 	Keypress: o
379.6973 	DATA 	Keypress: o
379.6985 	DATA 	Keypress: o
379.7131 	Level WAIT 	25
380.6932 	DATA 	Keypress: o
380.7128 	Level RINSE 	25
382.6964 	DATA 	Keypress: o
382.7129 	Level jitter 	25
389.6904 	Level finished 	25
389.6919 	DATA 	Keypress: o
389.6933 	DATA 	Keypress: o
389.6945 	DATA 	Keypress: o
389.7139 	Level image=tasty.jpg 	25
390.6932 	DATA 	Keypress: o
390.6968 	Level injecting via pump at address 0 	25
396.6957 	DATA 	Keypress: o
396.6970 	DATA 	Keypress: o
396.6980 	DATA 	Keypress: o
396.7305 	Level WAIT 	25
397.6973 	Level RINSE 	25
399.6953 	DATA 	Keypress: o
399.7147 	Level jitter 	25
403.6904 	Level finished 	25
