67.8171 	DATA 	Keypress: o
67.8180 	Level start key press 	25
69.8286 	DATA 	Keypress: o
71.8287 	DATA 	Keypress: o
73.8457 	DATA 	Keypress: o
75.8292 	DATA 	Keypress: o
76.1937 	Level image=tasty.jpg 	25
77.1437 	Level injecting via pump at address 1 	25
83.1157 	DATA 	Keypress: o
83.1170 	DATA 	Keypress: o
83.1182 	DATA 	Keypress: o
83.1447 	Level WAIT 	25
84.1130 	DATA 	Keypress: o
84.1279 	Level RINSE 	25
86.1235 	DATA 	Keypress: o
86.1447 	Level jitter 	25
95.1102 	Level finished 	25
95.1116 	DATA 	Keypress: o
95.1127 	DATA 	Keypress: o
95.1136 	DATA 	Keypress: o
95.1145 	DATA 	Keypress: o
95.1462 	Level image=waterlogo.jpg 	25
96.1126 	DATA 	Keypress: o
96.1293 	Level injecting via pump at address 0 	25
102.1152 	DATA 	Keypress: o
102.1165 	DATA 	Keypress: o
102.1179 	DATA 	Keypress: o
102.1467 	Level WAIT 	25
103.1301 	Level RINSE 	25
105.1150 	DATA 	Keypress: o
105.1474 	Level jitter 	25
109.1102 	Level finished 	25
109.1114 	DATA 	Keypress: o
109.1124 	DATA 	Keypress: o
109.1308 	Level image=tasty.jpg 	25
110.1130 	DATA 	Keypress: o
110.1309 	Level injecting via pump at address 1 	25
116.1157 	DATA 	Keypress: o
116.1168 	DATA 	Keypress: o
116.1179 	DATA 	Keypress: o
116.1319 	Level WAIT 	25
117.1317 	Level RINSE 	25
119.1152 	DATA 	Keypress: o
119.1319 	Level jitter 	25
123.1102 	Level finished 	25
123.1117 	DATA 	Keypress: o
123.1130 	DATA 	Keypress: o
123.1325 	Level image=waterlogo.jpg 	25
124.1130 	DATA 	Keypress: o
124.1160 	Level injecting via pump at address 0 	25
130.1161 	DATA 	Keypress: o
130.1173 	DATA 	Keypress: o
130.1183 	DATA 	Keypress: o
130.1503 	Level WAIT 	25
131.1333 	Level RINSE 	25
133.1159 	DATA 	Keypress: o
133.1335 	Level jitter 	25
137.1102 	Level finished 	25
137.1116 	DATA 	Keypress: o
137.1130 	DATA 	Keypress: o
137.1341 	Level image=waterlogo.jpg 	25
138.1126 	DATA 	Keypress: o
138.1342 	Level injecting via pump at address 0 	25
144.1156 	DATA 	Keypress: o
144.1169 	DATA 	Keypress: o
144.1179 	DATA 	Keypress: o
144.1353 	Level WAIT 	25
145.1350 	Level RINSE 	25
147.1158 	DATA 	Keypress: o
147.1352 	Level jitter 	25
151.1102 	Level finished 	25
151.1115 	DATA 	Keypress: o
151.1125 	DATA 	Keypress: o
151.1356 	Level image=tasty.jpg 	25
152.1126 	DATA 	Keypress: o
152.1193 	Level injecting via pump at address 1 	25
158.1152 	DATA 	Keypress: o
158.1165 	DATA 	Keypress: o
158.1176 	DATA 	Keypress: o
158.1370 	Level WAIT 	25
159.1199 	Level RINSE 	25
161.1150 	DATA 	Keypress: o
161.1368 	Level jitter 	25
167.1102 	Level finished 	25
167.1114 	DATA 	Keypress: o
167.1124 	DATA 	Keypress: o
167.1134 	DATA 	Keypress: o
167.1376 	Level image=waterlogo.jpg 	25
168.1131 	DATA 	Keypress: o
168.1215 	Level injecting via pump at address 0 	25
174.1152 	DATA 	Keypress: o
174.1164 	DATA 	Keypress: o
174.1173 	DATA 	Keypress: o
174.1217 	Level WAIT 	25
175.1218 	Level RINSE 	25
177.1147 	DATA 	Keypress: o
177.1220 	Level jitter 	25
180.1102 	Level finished 	25
180.1116 	DATA 	Keypress: o
180.1128 	DATA 	Keypress: o
180.1395 	Level image=tasty.jpg 	25
181.1227 	Level injecting via pump at address 1 	25
187.1157 	DATA 	Keypress: o
187.1170 	DATA 	Keypress: o
187.1180 	DATA 	Keypress: o
187.1400 	Level WAIT 	25
188.1130 	DATA 	Keypress: o
188.1400 	Level RINSE 	25
190.1148 	DATA 	Keypress: o
190.1240 	Level jitter 	25
193.1102 	Level finished 	25
193.1114 	DATA 	Keypress: o
193.1240 	Level image=waterlogo.jpg 	25
194.1129 	DATA 	Keypress: o
194.1241 	Level injecting via pump at address 0 	25
200.1153 	DATA 	Keypress: o
200.1165 	DATA 	Keypress: o
200.1177 	DATA 	Keypress: o
200.1419 	Level WAIT 	25
201.1248 	Level RINSE 	25
203.1153 	DATA 	Keypress: o
203.1250 	Level jitter 	25
207.1102 	Level finished 	25
207.1115 	DATA 	Keypress: o
207.1128 	DATA 	Keypress: o
207.1422 	Level image=waterlogo.jpg 	25
208.1127 	DATA 	Keypress: o
208.1424 	Level injecting via pump at address 0 	25
214.1154 	DATA 	Keypress: o
214.1165 	DATA 	Keypress: o
214.1175 	DATA 	Keypress: o
214.1435 	Level WAIT 	25
215.1265 	Level RINSE 	25
217.1149 	DATA 	Keypress: o
217.1434 	Level jitter 	25
222.1102 	Level finished 	25
222.1114 	DATA 	Keypress: o
222.1124 	DATA 	Keypress: o
222.1133 	DATA 	Keypress: o
222.1274 	Level image=tasty.jpg 	25
223.1276 	Level injecting via pump at address 1 	25
229.1146 	DATA 	Keypress: o
229.1156 	DATA 	Keypress: o
229.1166 	DATA 	Keypress: o
229.1453 	Level WAIT 	25
230.1130 	DATA 	Keypress: o
230.1282 	Level RINSE 	25
232.1156 	DATA 	Keypress: o
232.1284 	Level jitter 	25
235.1102 	Level finished 	25
235.1114 	DATA 	Keypress: o
235.1289 	Level image=waterlogo.jpg 	25
236.1127 	DATA 	Keypress: o
236.1457 	Level injecting via pump at address 0 	25
242.1147 	DATA 	Keypress: o
242.1158 	DATA 	Keypress: o
242.1170 	DATA 	Keypress: o
242.1468 	Level WAIT 	25
243.1298 	Level RINSE 	25
245.1161 	DATA 	Keypress: o
245.1468 	Level jitter 	25
253.1102 	Level finished 	25
253.1117 	DATA 	Keypress: o
253.1131 	DATA 	Keypress: o
253.1143 	DATA 	Keypress: o
253.1154 	DATA 	Keypress: o
253.1315 	Level image=tasty.jpg 	25
254.1129 	DATA 	Keypress: o
254.1312 	Level injecting via pump at address 1 	25
260.1155 	DATA 	Keypress: o
260.1167 	DATA 	Keypress: o
260.1178 	DATA 	Keypress: o
260.1318 	Level WAIT 	25
261.1319 	Level RINSE 	25
263.1151 	DATA 	Keypress: o
263.1326 	Level jitter 	25
265.1102 	Level finished 	25
265.1115 	DATA 	Keypress: o
265.1324 	Level image=tasty.jpg 	25
266.1130 	DATA 	Keypress: o
266.1326 	Level injecting via pump at address 1 	25
272.1157 	DATA 	Keypress: o
272.1169 	DATA 	Keypress: o
272.1180 	DATA 	Keypress: o
272.1332 	Level WAIT 	25
273.1336 	Level RINSE 	25
275.1159 	DATA 	Keypress: o
275.1335 	Level jitter 	25
277.1102 	Level finished 	25
277.1115 	DATA 	Keypress: o
277.1337 	Level image=waterlogo.jpg 	25
278.1130 	DATA 	Keypress: o
278.1339 	Level injecting via pump at address 0 	25
284.1150 	DATA 	Keypress: o
284.1160 	DATA 	Keypress: o
284.1170 	DATA 	Keypress: o
284.1348 	Level WAIT 	25
285.1347 	Level RINSE 	25
287.1152 	DATA 	Keypress: o
287.1350 	Level jitter 	25
290.1102 	Level finished 	25
290.1114 	DATA 	Keypress: o
290.1126 	DATA 	Keypress: o
290.1353 	Level image=tasty.jpg 	25
291.1354 	Level injecting via pump at address 1 	25
297.1162 	DATA 	Keypress: o
297.1175 	DATA 	Keypress: o
297.1188 	DATA 	Keypress: o
297.1365 	Level WAIT 	25
298.1128 	DATA 	Keypress: o
298.1363 	Level RINSE 	25
300.1156 	DATA 	Keypress: o
300.1364 	Level jitter 	25
302.1102 	Level finished 	25
302.1116 	DATA 	Keypress: o
302.1200 	Level image=waterlogo.jpg 	25
303.1202 	Level injecting via pump at address 0 	25
309.1159 	DATA 	Keypress: o
309.1174 	DATA 	Keypress: o
309.1186 	DATA 	Keypress: o
309.1380 	Level WAIT 	25
310.1130 	DATA 	Keypress: o
310.1377 	Level RINSE 	25
312.1155 	DATA 	Keypress: o
312.1380 	Level jitter 	25
313.1102 	Level finished 	25
313.1381 	Level image=tasty.jpg 	25
314.1130 	DATA 	Keypress: o
314.1381 	Level injecting via pump at address 1 	25
320.1153 	DATA 	Keypress: o
320.1167 	DATA 	Keypress: o
320.1180 	DATA 	Keypress: o
320.1392 	Level WAIT 	25
321.1223 	Level RINSE 	25
323.1155 	DATA 	Keypress: o
323.1391 	Level jitter 	25
325.1102 	Level finished 	25
325.1116 	DATA 	Keypress: o
325.1395 	Level image=waterlogo.jpg 	25
326.1132 	DATA 	Keypress: o
326.1396 	Level injecting via pump at address 0 	25
332.1165 	DATA 	Keypress: o
332.1176 	DATA 	Keypress: o
332.1186 	DATA 	Keypress: o
332.1406 	Level WAIT 	25
333.1237 	Level RINSE 	25
335.1160 	DATA 	Keypress: o
335.1405 	Level jitter 	25
341.1102 	Level finished 	25
341.1116 	DATA 	Keypress: o
341.1130 	DATA 	Keypress: o
341.1141 	DATA 	Keypress: o
341.1414 	Level image=waterlogo.jpg 	25
342.1130 	DATA 	Keypress: o
342.1419 	Level injecting via pump at address 0 	25
348.1158 	DATA 	Keypress: o
348.1173 	DATA 	Keypress: o
348.1189 	DATA 	Keypress: o
348.1420 	Level WAIT 	25
349.1255 	Level RINSE 	25
351.1147 	DATA 	Keypress: o
351.1424 	Level jitter 	25
354.1102 	Level finished 	25
354.1115 	DATA 	Keypress: o
354.1126 	DATA 	Keypress: o
354.1433 	Level image=tasty.jpg 	25
355.1263 	Level injecting via pump at address 1 	25
361.1154 	DATA 	Keypress: o
361.1166 	DATA 	Keypress: o
361.1176 	DATA 	Keypress: o
361.1436 	Level WAIT 	25
362.1130 	DATA 	Keypress: o
362.1271 	Level RINSE 	25
364.1157 	DATA 	Keypress: o
364.1444 	Level jitter 	25
372.1102 	Level finished 	25
372.1114 	DATA 	Keypress: o
372.1123 	DATA 	Keypress: o
372.1132 	DATA 	Keypress: o
372.1141 	DATA 	Keypress: o
372.1449 	Level image=waterlogo.jpg 	25
373.1283 	Level injecting via pump at address 0 	25
379.1157 	DATA 	Keypress: o
379.1172 	DATA 	Keypress: o
379.1185 	DATA 	Keypress: o
379.1461 	Level WAIT 	25
380.1126 	DATA 	Keypress: o
380.1293 	Level RINSE 	25
382.1147 	DATA 	Keypress: o
382.1294 	Level jitter 	25
387.1102 	Level finished 	25
387.1117 	DATA 	Keypress: o
387.1132 	DATA 	Keypress: o
387.1300 	Level image=tasty.jpg 	25
388.1130 	DATA 	Keypress: o
388.1302 	Level injecting via pump at address 1 	25
394.1158 	DATA 	Keypress: o
394.1171 	DATA 	Keypress: o
394.1182 	DATA 	Keypress: o
394.1313 	Level WAIT 	25
395.1310 	Level RINSE 	25
397.1155 	DATA 	Keypress: o
397.1311 	Level jitter 	25
401.1102 	Level finished 	25
401.1114 	DATA 	Keypress: o
401.1127 	DATA 	Keypress: o
401.1483 	Level image=waterlogo.jpg 	25
402.1126 	DATA 	Keypress: o
402.1318 	Level injecting via pump at address 0 	25
408.1160 	DATA 	Keypress: o
408.1172 	DATA 	Keypress: o
408.1183 	DATA 	Keypress: o
408.1329 	Level WAIT 	25
409.1327 	Level RINSE 	25
411.1153 	DATA 	Keypress: o
411.1328 	Level jitter 	25
416.1102 	Level finished 	25
416.1115 	DATA 	Keypress: o
416.1127 	DATA 	Keypress: o
416.1139 	DATA 	Keypress: o
416.1334 	Level image=tasty.jpg 	25
417.1335 	Level injecting via pump at address 1 	25
423.1154 	DATA 	Keypress: o
423.1167 	DATA 	Keypress: o
423.1178 	DATA 	Keypress: o
423.1346 	Level WAIT 	25
424.1129 	DATA 	Keypress: o
424.1176 	Level RINSE 	25
426.1157 	DATA 	Keypress: o
426.1345 	Level jitter 	25
435.1102 	Level finished 	25
435.1114 	DATA 	Keypress: o
435.1124 	DATA 	Keypress: o
435.1135 	DATA 	Keypress: o
435.1146 	DATA 	Keypress: o
435.1361 	Level image=waterlogo.jpg 	25
436.1129 	DATA 	Keypress: o
436.1191 	Level injecting via pump at address 0 	25
442.1149 	DATA 	Keypress: o
442.1162 	DATA 	Keypress: o
442.1172 	DATA 	Keypress: o
442.1364 	Level WAIT 	25
443.1198 	Level RINSE 	25
445.1155 	DATA 	Keypress: o
445.1371 	Level jitter 	25
454.1102 	Level finished 	25
454.1115 	DATA 	Keypress: o
454.1127 	DATA 	Keypress: o
454.1138 	DATA 	Keypress: o
454.1147 	DATA 	Keypress: o
454.1157 	DATA 	Keypress: o
454.1378 	Level image=tasty.jpg 	25
455.1217 	Level injecting via pump at address 1 	25
461.1155 	DATA 	Keypress: o
461.1167 	DATA 	Keypress: o
461.1177 	DATA 	Keypress: o
461.1221 	Level WAIT 	25
462.1126 	DATA 	Keypress: o
462.1221 	Level RINSE 	25
464.1154 	DATA 	Keypress: o
464.1390 	Level jitter 	25
468.1102 	Level finished 	25
468.1115 	DATA 	Keypress: o
468.1125 	DATA 	Keypress: o
468.1399 	Level image=tasty.jpg 	25
469.1229 	Level injecting via pump at address 1 	25
475.1150 	DATA 	Keypress: o
475.1164 	DATA 	Keypress: o
475.1176 	DATA 	Keypress: o
475.1402 	Level WAIT 	25
476.1138 	DATA 	Keypress: o
476.1404 	Level RINSE 	25
478.1154 	DATA 	Keypress: o
478.1411 	Level jitter 	25
481.1102 	Level finished 	25
481.1115 	DATA 	Keypress: o
481.1411 	Level image=waterlogo.jpg 	25
482.1131 	DATA 	Keypress: o
482.1412 	Level injecting via pump at address 0 	25
488.1156 	DATA 	Keypress: o
488.1166 	DATA 	Keypress: o
488.1176 	DATA 	Keypress: o
488.1421 	Level WAIT 	25
489.1252 	Level RINSE 	25
491.1152 	DATA 	Keypress: o
491.1421 	Level jitter 	25
492.1102 	Level finished 	25
492.1115 	DATA 	Keypress: o
492.1423 	Level image=tasty.jpg 	25
493.1257 	Level injecting via pump at address 1 	25
499.1161 	DATA 	Keypress: o
499.1174 	DATA 	Keypress: o
499.1185 	DATA 	Keypress: o
499.1267 	Level WAIT 	25
500.1127 	DATA 	Keypress: o
500.1266 	Level RINSE 	25
502.1151 	DATA 	Keypress: o
502.1268 	Level jitter 	25
509.1102 	Level finished 	25
509.1116 	DATA 	Keypress: o
509.1127 	DATA 	Keypress: o
509.1136 	DATA 	Keypress: o
509.1280 	Level image=waterlogo.jpg 	25
510.1127 	DATA 	Keypress: o
510.1278 	Level injecting via pump at address 0 	25
516.1154 	DATA 	Keypress: o
516.1166 	DATA 	Keypress: o
516.1176 	DATA 	Keypress: o
516.1450 	Level WAIT 	25
517.1452 	Level RINSE 	25
519.1163 	DATA 	Keypress: o
519.1292 	Level jitter 	25
520.1102 	Level finished 	25
520.1113 	DATA 	Keypress: o
520.1456 	Level image=tasty.jpg 	25
521.1291 	Level injecting via pump at address 1 	25
527.1152 	DATA 	Keypress: o
527.1165 	DATA 	Keypress: o
527.1177 	DATA 	Keypress: o
527.1297 	Level WAIT 	25
528.1126 	DATA 	Keypress: o
528.1298 	Level RINSE 	25
530.1152 	DATA 	Keypress: o
530.1305 	Level jitter 	25
536.1102 	Level finished 	25
