60.6429 	DATA 	Keypress: o
60.6437 	Level start key press 	25
62.6429 	DATA 	Keypress: o
64.6597 	DATA 	Keypress: o
66.6431 	DATA 	Keypress: o
68.6433 	DATA 	Keypress: o
69.2077 	Level image=waterlogo.jpg 	25
70.1248 	Level injecting via pump at address 0 	25
76.1131 	DATA 	Keypress: o
76.1144 	DATA 	Keypress: o
76.1156 	DATA 	Keypress: o
76.1415 	Level WAIT 	25
77.1101 	DATA 	Keypress: o
77.1416 	Level RINSE 	25
79.1209 	DATA 	Keypress: o
79.1417 	Level jitter 	25
85.1077 	Level finished 	25
85.1090 	DATA 	Keypress: o
85.1099 	DATA 	Keypress: o
85.1109 	DATA 	Keypress: o
85.1425 	Level image=tasty.jpg 	25
86.1256 	Level injecting via pump at address 1 	25
92.1124 	DATA 	Keypress: o
92.1134 	DATA 	Keypress: o
92.1143 	DATA 	Keypress: o
92.1426 	Level WAIT 	25
93.1101 	DATA 	Keypress: o
93.1260 	Level RINSE 	25
95.1122 	DATA 	Keypress: o
95.1265 	Level jitter 	25
101.1077 	Level finished 	25
101.1090 	DATA 	Keypress: o
101.1099 	DATA 	Keypress: o
101.1110 	DATA 	Keypress: o
101.1432 	Level image=tasty.jpg 	25
102.1433 	Level injecting via pump at address 1 	25
108.1124 	DATA 	Keypress: o
108.1135 	DATA 	Keypress: o
108.1147 	DATA 	Keypress: o
108.1443 	Level WAIT 	25
109.1102 	DATA 	Keypress: o
109.1271 	Level RINSE 	25
111.1122 	DATA 	Keypress: o
111.1439 	Level jitter 	25
113.1078 	Level finished 	25
113.1090 	DATA 	Keypress: o
113.1274 	Level image=waterlogo.jpg 	25
114.1275 	Level injecting via pump at address 0 	25
120.1125 	DATA 	Keypress: o
120.1136 	DATA 	Keypress: o
120.1147 	DATA 	Keypress: o
120.1449 	Level WAIT 	25
121.1100 	DATA 	Keypress: o
121.1279 	Level RINSE 	25
123.1122 	DATA 	Keypress: o
123.1280 	Level jitter 	25
129.1077 	Level finished 	25
129.1090 	DATA 	Keypress: o
129.1099 	DATA 	Keypress: o
129.1111 	DATA 	Keypress: o
129.1285 	Level image=tasty.jpg 	25
130.1291 	Level injecting via pump at address 1 	25
136.1124 	DATA 	Keypress: o
136.1134 	DATA 	Keypress: o
136.1144 	DATA 	Keypress: o
136.1457 	Level WAIT 	25
137.1101 	DATA 	Keypress: o
137.1290 	Level RINSE 	25
139.1121 	DATA 	Keypress: o
139.1292 	Level jitter 	25
144.1077 	Level finished 	25
144.1089 	DATA 	Keypress: o
144.1099 	DATA 	Keypress: o
144.1300 	Level image=waterlogo.jpg 	25
145.1105 	DATA 	Keypress: o
145.1297 	Level injecting via pump at address 0 	25
151.1128 	DATA 	Keypress: o
151.1138 	DATA 	Keypress: o
151.1148 	DATA 	Keypress: o
151.1300 	Level WAIT 	25
152.1134 	Level RINSE 	25
154.1131 	DATA 	Keypress: o
154.1306 	Level jitter 	25
159.1077 	Level finished 	25
159.1090 	DATA 	Keypress: o
159.1099 	DATA 	Keypress: o
159.1108 	DATA 	Keypress: o
159.1306 	Level image=tasty.jpg 	25
160.1307 	Level injecting via pump at address 1 	25
166.1129 	DATA 	Keypress: o
166.1140 	DATA 	Keypress: o
166.1153 	DATA 	Keypress: o
166.1314 	Level WAIT 	25
167.1101 	DATA 	Keypress: o
167.1312 	Level RINSE 	25
169.1125 	DATA 	Keypress: o
169.1312 	Level jitter 	25
175.1077 	Level finished 	25
175.1090 	DATA 	Keypress: o
175.1099 	DATA 	Keypress: o
175.1109 	DATA 	Keypress: o
175.1317 	Level image=waterlogo.jpg 	25
176.1323 	Level injecting via pump at address 0 	25
182.1127 	DATA 	Keypress: o
182.1137 	DATA 	Keypress: o
182.1146 	DATA 	Keypress: o
182.1321 	Level WAIT 	25
183.1103 	DATA 	Keypress: o
183.1322 	Level RINSE 	25
185.1122 	DATA 	Keypress: o
185.1323 	Level jitter 	25
188.1077 	Level finished 	25
188.1089 	DATA 	Keypress: o
188.1330 	Level image=tasty.jpg 	25
189.1101 	DATA 	Keypress: o
189.1327 	Level injecting via pump at address 1 	25
195.1125 	DATA 	Keypress: o
195.1135 	DATA 	Keypress: o
195.1144 	DATA 	Keypress: o
195.1330 	Level WAIT 	25
196.1164 	Level RINSE 	25
198.1127 	DATA 	Keypress: o
198.1336 	Level jitter 	25
206.1077 	Level finished 	25
206.1090 	DATA 	Keypress: o
206.1099 	DATA 	Keypress: o
206.1109 	DATA 	Keypress: o
206.1117 	DATA 	Keypress: o
206.1339 	Level image=waterlogo.jpg 	25
207.1104 	DATA 	Keypress: o
207.1340 	Level injecting via pump at address 0 	25
213.1130 	DATA 	Keypress: o
213.1141 	DATA 	Keypress: o
213.1150 	DATA 	Keypress: o
213.1346 	Level WAIT 	25
214.1344 	Level RINSE 	25
216.1124 	DATA 	Keypress: o
216.1344 	Level jitter 	25
218.1077 	Level finished 	25
218.1088 	DATA 	Keypress: o
218.1180 	Level image=tasty.jpg 	25
219.1101 	DATA 	Keypress: o
219.1348 	Level injecting via pump at address 1 	25
225.1130 	DATA 	Keypress: o
225.1140 	DATA 	Keypress: o
225.1149 	DATA 	Keypress: o
225.1355 	Level WAIT 	25
226.1352 	Level RINSE 	25
228.1132 	DATA 	Keypress: o
228.1353 	Level jitter 	25
237.1077 	Level finished 	25
237.1092 	DATA 	Keypress: o
237.1104 	DATA 	Keypress: o
237.1115 	DATA 	Keypress: o
237.1125 	DATA 	Keypress: o
237.1134 	DATA 	Keypress: o
237.1363 	Level image=waterlogo.jpg 	25
238.1360 	Level injecting via pump at address 0 	25
244.1133 	DATA 	Keypress: o
244.1144 	DATA 	Keypress: o
244.1157 	DATA 	Keypress: o
244.1364 	Level WAIT 	25
245.1102 	DATA 	Keypress: o
245.1365 	Level RINSE 	25
247.1132 	DATA 	Keypress: o
247.1371 	Level jitter 	25
249.1077 	Level finished 	25
249.1089 	DATA 	Keypress: o
249.1201 	Level image=tasty.jpg 	25
250.1202 	Level injecting via pump at address 1 	25
256.1126 	DATA 	Keypress: o
256.1136 	DATA 	Keypress: o
256.1145 	DATA 	Keypress: o
256.1372 	Level WAIT 	25
257.1102 	DATA 	Keypress: o
257.1377 	Level RINSE 	25
259.1127 	DATA 	Keypress: o
259.1208 	Level jitter 	25
262.1077 	Level finished 	25
262.1089 	DATA 	Keypress: o
262.1211 	Level image=waterlogo.jpg 	25
263.1101 	DATA 	Keypress: o
263.1212 	Level injecting via pump at address 0 	25
269.1130 	DATA 	Keypress: o
269.1142 	DATA 	Keypress: o
269.1151 	DATA 	Keypress: o
269.1385 	Level WAIT 	25
270.1382 	Level RINSE 	25
272.1127 	DATA 	Keypress: o
272.1217 	Level jitter 	25
276.1077 	Level finished 	25
276.1090 	DATA 	Keypress: o
276.1099 	DATA 	Keypress: o
276.1387 	Level image=tasty.jpg 	25
277.1102 	DATA 	Keypress: o
277.1221 	Level injecting via pump at address 1 	25
283.1125 	DATA 	Keypress: o
283.1136 	DATA 	Keypress: o
283.1146 	DATA 	Keypress: o
283.1395 	Level WAIT 	25
284.1226 	Level RINSE 	25
286.1127 	DATA 	Keypress: o
286.1393 	Level jitter 	25
287.1077 	Level finished 	25
287.1088 	DATA 	Keypress: o
287.1228 	Level image=waterlogo.jpg 	25
288.1229 	Level injecting via pump at address 0 	25
294.1129 	DATA 	Keypress: o
294.1140 	DATA 	Keypress: o
294.1149 	DATA 	Keypress: o
294.1403 	Level WAIT 	25
295.1101 	DATA 	Keypress: o
295.1400 	Level RINSE 	25
297.1129 	DATA 	Keypress: o
297.1234 	Level jitter 	25
300.1077 	Level finished 	25
300.1089 	DATA 	Keypress: o
300.1237 	Level image=tasty.jpg 	25
301.1101 	DATA 	Keypress: o
301.1404 	Level injecting via pump at address 1 	25
307.1126 	DATA 	Keypress: o
307.1138 	DATA 	Keypress: o
307.1150 	DATA 	Keypress: o
307.1412 	Level WAIT 	25
308.1409 	Level RINSE 	25
310.1128 	DATA 	Keypress: o
310.1409 	Level jitter 	25
318.1077 	Level finished 	25
318.1090 	DATA 	Keypress: o
318.1099 	DATA 	Keypress: o
318.1108 	DATA 	Keypress: o
318.1118 	DATA 	Keypress: o
318.1253 	Level image=tasty.jpg 	25
319.1107 	DATA 	Keypress: o
319.1250 	Level injecting via pump at address 1 	25
325.1128 	DATA 	Keypress: o
325.1138 	DATA 	Keypress: o
325.1147 	DATA 	Keypress: o
325.1253 	Level WAIT 	25
326.1254 	Level RINSE 	25
328.1129 	DATA 	Keypress: o
328.1260 	Level jitter 	25
332.1077 	Level finished 	25
332.1090 	DATA 	Keypress: o
332.1100 	DATA 	Keypress: o
332.1425 	Level image=waterlogo.jpg 	25
333.1101 	DATA 	Keypress: o
333.1260 	Level injecting via pump at address 0 	25
339.1131 	DATA 	Keypress: o
339.1141 	DATA 	Keypress: o
339.1153 	DATA 	Keypress: o
339.1433 	Level WAIT 	25
340.1264 	Level RINSE 	25
342.1123 	DATA 	Keypress: o
342.1432 	Level jitter 	25
345.1077 	Level finished 	25
345.1089 	DATA 	Keypress: o
345.1099 	DATA 	Keypress: o
345.1434 	Level image=tasty.jpg 	25
346.1269 	Level injecting via pump at address 1 	25
352.1132 	DATA 	Keypress: o
352.1144 	DATA 	Keypress: o
352.1156 	DATA 	Keypress: o
352.1276 	Level WAIT 	25
353.1101 	DATA 	Keypress: o
353.1273 	Level RINSE 	25
355.1130 	DATA 	Keypress: o
355.1274 	Level jitter 	25
360.1077 	Level finished 	25
360.1094 	DATA 	Keypress: o
360.1106 	DATA 	Keypress: o
360.1444 	Level image=waterlogo.jpg 	25
361.1101 	DATA 	Keypress: o
361.1280 	Level injecting via pump at address 0 	25
367.1124 	DATA 	Keypress: o
367.1134 	DATA 	Keypress: o
367.1144 	DATA 	Keypress: o
367.1453 	Level WAIT 	25
368.1283 	Level RINSE 	25
370.1130 	DATA 	Keypress: o
370.1451 	Level jitter 	25
375.1077 	Level finished 	25
375.1090 	DATA 	Keypress: o
375.1100 	DATA 	Keypress: o
375.1109 	DATA 	Keypress: o
375.1289 	Level image=waterlogo.jpg 	25
376.1290 	Level injecting via pump at address 0 	25
382.1123 	DATA 	Keypress: o
382.1133 	DATA 	Keypress: o
382.1143 	DATA 	Keypress: o
382.1296 	Level WAIT 	25
383.1101 	DATA 	Keypress: o
383.1129 	Level RINSE 	25
385.1128 	DATA 	Keypress: o
385.1295 	Level jitter 	25
394.1077 	Level finished 	25
394.1090 	DATA 	Keypress: o
394.1100 	DATA 	Keypress: o
394.1113 	DATA 	Keypress: o
394.1125 	DATA 	Keypress: o
394.1305 	Level image=tasty.jpg 	25
395.1102 	DATA 	Keypress: o
395.1302 	Level injecting via pump at address 1 	25
401.1122 	DATA 	Keypress: o
401.1132 	DATA 	Keypress: o
401.1142 	DATA 	Keypress: o
401.1306 	Level WAIT 	25
402.1140 	Level RINSE 	25
404.1126 	DATA 	Keypress: o
404.1312 	Level jitter 	25
406.1077 	Level finished 	25
406.1090 	DATA 	Keypress: o
406.1309 	Level image=waterlogo.jpg 	25
407.1106 	DATA 	Keypress: o
407.1310 	Level injecting via pump at address 0 	25
413.1139 	DATA 	Keypress: o
413.1152 	DATA 	Keypress: o
413.1164 	DATA 	Keypress: o
413.1314 	Level WAIT 	25
414.1319 	Level RINSE 	25
416.1121 	DATA 	Keypress: o
416.1316 	Level jitter 	25
419.1077 	Level finished 	25
419.1093 	DATA 	Keypress: o
419.1103 	DATA 	Keypress: o
419.1319 	Level image=waterlogo.jpg 	25
420.1319 	Level injecting via pump at address 0 	25
426.1127 	DATA 	Keypress: o
426.1137 	DATA 	Keypress: o
426.1150 	DATA 	Keypress: o
426.1327 	Level WAIT 	25
427.1101 	DATA 	Keypress: o
427.1158 	Level RINSE 	25
429.1128 	DATA 	Keypress: o
429.1325 	Level jitter 	25
434.1077 	Level finished 	25
434.1090 	DATA 	Keypress: o
434.1099 	DATA 	Keypress: o
434.1329 	Level image=tasty.jpg 	25
435.1102 	DATA 	Keypress: o
435.1330 	Level injecting via pump at address 1 	25
441.1129 	DATA 	Keypress: o
441.1141 	DATA 	Keypress: o
441.1153 	DATA 	Keypress: o
441.1337 	Level WAIT 	25
442.1334 	Level RINSE 	25
444.1131 	DATA 	Keypress: o
444.1336 	Level jitter 	25
446.1077 	Level finished 	25
446.1089 	DATA 	Keypress: o
446.1338 	Level image=tasty.jpg 	25
447.1101 	DATA 	Keypress: o
447.1339 	Level injecting via pump at address 1 	25
453.1132 	DATA 	Keypress: o
453.1145 	DATA 	Keypress: o
453.1156 	DATA 	Keypress: o
453.1345 	Level WAIT 	25
454.1342 	Level RINSE 	25
456.1126 	DATA 	Keypress: o
456.1344 	Level jitter 	25
463.1077 	Level finished 	25
463.1090 	DATA 	Keypress: o
463.1099 	DATA 	Keypress: o
463.1108 	DATA 	Keypress: o
463.1117 	DATA 	Keypress: o
463.1353 	Level image=waterlogo.jpg 	25
464.1350 	Level injecting via pump at address 0 	25
470.1125 	DATA 	Keypress: o
470.1135 	DATA 	Keypress: o
470.1146 	DATA 	Keypress: o
470.1353 	Level WAIT 	25
471.1103 	DATA 	Keypress: o
471.1188 	Level RINSE 	25
473.1127 	DATA 	Keypress: o
473.1359 	Level jitter 	25
476.1077 	Level finished 	25
476.1089 	DATA 	Keypress: o
476.1359 	Level image=tasty.jpg 	25
477.1105 	DATA 	Keypress: o
477.1192 	Level injecting via pump at address 1 	25
483.1126 	DATA 	Keypress: o
483.1135 	DATA 	Keypress: o
483.1145 	DATA 	Keypress: o
483.1200 	Level WAIT 	25
484.1197 	Level RINSE 	25
486.1130 	DATA 	Keypress: o
486.1199 	Level jitter 	25
488.1077 	Level finished 	25
488.1089 	DATA 	Keypress: o
488.1366 	Level image=waterlogo.jpg 	25
489.1102 	DATA 	Keypress: o
489.1368 	Level injecting via pump at address 0 	25
495.1129 	DATA 	Keypress: o
495.1139 	DATA 	Keypress: o
495.1151 	DATA 	Keypress: o
495.1374 	Level WAIT 	25
496.1205 	Level RINSE 	25
498.1129 	DATA 	Keypress: o
498.1373 	Level jitter 	25
506.1077 	Level finished 	25
506.1090 	DATA 	Keypress: o
506.1100 	DATA 	Keypress: o
506.1110 	DATA 	Keypress: o
506.1120 	DATA 	Keypress: o
506.1383 	Level image=tasty.jpg 	25
507.1106 	DATA 	Keypress: o
507.1380 	Level injecting via pump at address 1 	25
513.1123 	DATA 	Keypress: o
513.1134 	DATA 	Keypress: o
513.1144 	DATA 	Keypress: o
513.1383 	Level WAIT 	25
514.1217 	Level RINSE 	25
516.1131 	DATA 	Keypress: o
516.1389 	Level jitter 	25
518.1077 	Level finished 	25
518.1089 	DATA 	Keypress: o
518.1220 	Level image=waterlogo.jpg 	25
519.1100 	DATA 	Keypress: o
519.1222 	Level injecting via pump at address 0 	25
525.1123 	DATA 	Keypress: o
525.1133 	DATA 	Keypress: o
525.1143 	DATA 	Keypress: o
525.1391 	Level WAIT 	25
526.1396 	Level RINSE 	25
528.1130 	DATA 	Keypress: o
528.1227 	Level jitter 	25
535.1077 	Level finished 	25
