60.9415 	DATA 	Keypress: o
60.9425 	Level start key press 	25
62.9562 	DATA 	Keypress: o
64.9562 	DATA 	Keypress: o
66.9398 	DATA 	Keypress: o
68.9400 	DATA 	Keypress: o
69.3875 	Level image=waterlogo.jpg 	25
70.2876 	Level injecting via pump at address 0 	25
76.2765 	DATA 	Keypress: o
76.2779 	DATA 	Keypress: o
76.2792 	DATA 	Keypress: o
76.2885 	Level WAIT 	25
77.2733 	DATA 	Keypress: o
77.2880 	Level RINSE 	25
79.2842 	DATA 	Keypress: o
79.2882 	Level jitter 	25
85.2708 	Level finished 	25
85.2722 	DATA 	Keypress: o
85.2734 	DATA 	Keypress: o
85.2745 	DATA 	Keypress: o
85.2886 	Level image=tasty.jpg 	25
86.2891 	Level injecting via pump at address 1 	25
92.2754 	DATA 	Keypress: o
92.2765 	DATA 	Keypress: o
92.2777 	DATA 	Keypress: o
92.2890 	Level WAIT 	25
93.2736 	DATA 	Keypress: o
93.2891 	Level RINSE 	25
95.2760 	DATA 	Keypress: o
95.2893 	Level jitter 	25
101.2708 	Level finished 	25
101.2721 	DATA 	Keypress: o
101.2732 	DATA 	Keypress: o
101.2743 	DATA 	Keypress: o
101.2902 	Level image=tasty.jpg 	25
102.2898 	Level injecting via pump at address 1 	25
108.2763 	DATA 	Keypress: o
108.2777 	DATA 	Keypress: o
108.2789 	DATA 	Keypress: o
108.2901 	Level WAIT 	25
109.2733 	DATA 	Keypress: o
109.2902 	Level RINSE 	25
111.2757 	DATA 	Keypress: o
111.2907 	Level jitter 	25
113.2708 	Level finished 	25
113.2723 	DATA 	Keypress: o
113.3072 	Level image=waterlogo.jpg 	25
114.2906 	Level injecting via pump at address 0 	25
120.2768 	DATA 	Keypress: o
120.2782 	DATA 	Keypress: o
120.2795 	DATA 	Keypress: o
120.2910 	Level WAIT 	25
121.2738 	DATA 	Keypress: o
121.2915 	Level RINSE 	25
123.2763 	DATA 	Keypress: o
123.2911 	Level jitter 	25
129.2708 	Level finished 	25
129.2721 	DATA 	Keypress: o
129.2732 	DATA 	Keypress: o
129.2742 	DATA 	Keypress: o
129.2916 	Level image=tasty.jpg 	25
130.2918 	Level injecting via pump at address 1 	25
136.2765 	DATA 	Keypress: o
136.2778 	DATA 	Keypress: o
136.2790 	DATA 	Keypress: o
136.2925 	Level WAIT 	25
137.2737 	DATA 	Keypress: o
137.2922 	Level RINSE 	25
139.2759 	DATA 	Keypress: o
139.2922 	Level jitter 	25
144.2708 	Level finished 	25
144.2725 	DATA 	Keypress: o
144.2739 	DATA 	Keypress: o
144.3093 	Level image=waterlogo.jpg 	25
145.2740 	DATA 	Keypress: o
145.2928 	Level injecting via pump at address 0 	25
151.2765 	DATA 	Keypress: o
151.2778 	DATA 	Keypress: o
151.2791 	DATA 	Keypress: o
151.2935 	Level WAIT 	25
152.2932 	Level RINSE 	25
154.2767 	DATA 	Keypress: o
154.2933 	Level jitter 	25
159.2708 	Level finished 	25
159.2721 	DATA 	Keypress: o
159.2732 	DATA 	Keypress: o
159.2745 	DATA 	Keypress: o
159.2937 	Level image=tasty.jpg 	25
160.2771 	Level injecting via pump at address 1 	25
166.2767 	DATA 	Keypress: o
166.2781 	DATA 	Keypress: o
166.2793 	DATA 	Keypress: o
166.3113 	Level WAIT 	25
167.2737 	DATA 	Keypress: o
167.2942 	Level RINSE 	25
169.2762 	DATA 	Keypress: o
169.2943 	Level jitter 	25
175.2708 	Level finished 	25
175.2721 	DATA 	Keypress: o
175.2731 	DATA 	Keypress: o
175.2742 	DATA 	Keypress: o
175.2948 	Level image=waterlogo.jpg 	25
176.2786 	Level injecting via pump at address 0 	25
182.2756 	DATA 	Keypress: o
182.2770 	DATA 	Keypress: o
182.2780 	DATA 	Keypress: o
182.2952 	Level WAIT 	25
183.2742 	DATA 	Keypress: o
183.2953 	Level RINSE 	25
185.2770 	DATA 	Keypress: o
185.2954 	Level jitter 	25
188.2708 	Level finished 	25
188.2722 	DATA 	Keypress: o
188.2795 	Level image=tasty.jpg 	25
189.2739 	DATA 	Keypress: o
189.2958 	Level injecting via pump at address 1 	25
195.2763 	DATA 	Keypress: o
195.2774 	DATA 	Keypress: o
195.2785 	DATA 	Keypress: o
195.2961 	Level WAIT 	25
196.2963 	Level RINSE 	25
198.2771 	DATA 	Keypress: o
198.2967 	Level jitter 	25
206.2708 	Level finished 	25
206.2722 	DATA 	Keypress: o
206.2734 	DATA 	Keypress: o
206.2745 	DATA 	Keypress: o
206.2755 	DATA 	Keypress: o
206.2970 	Level image=waterlogo.jpg 	25
207.2732 	DATA 	Keypress: o
207.2804 	Level injecting via pump at address 0 	25
213.2761 	DATA 	Keypress: o
213.2773 	DATA 	Keypress: o
213.2784 	DATA 	Keypress: o
213.2813 	Level WAIT 	25
214.2809 	Level RINSE 	25
216.2763 	DATA 	Keypress: o
216.2976 	Level jitter 	25
218.2708 	Level finished 	25
218.2723 	DATA 	Keypress: o
218.2978 	Level image=tasty.jpg 	25
219.2738 	DATA 	Keypress: o
219.2980 	Level injecting via pump at address 1 	25
225.2766 	DATA 	Keypress: o
225.2780 	DATA 	Keypress: o
225.2792 	DATA 	Keypress: o
225.2986 	Level WAIT 	25
226.2816 	Level RINSE 	25
228.2765 	DATA 	Keypress: o
228.2984 	Level jitter 	25
237.2708 	Level finished 	25
237.2723 	DATA 	Keypress: o
237.2736 	DATA 	Keypress: o
237.2749 	DATA 	Keypress: o
237.2761 	DATA 	Keypress: o
237.2773 	DATA 	Keypress: o
237.2995 	Level image=waterlogo.jpg 	25
238.2825 	Level injecting via pump at address 0 	25
244.2755 	DATA 	Keypress: o
244.2767 	DATA 	Keypress: o
244.2778 	DATA 	Keypress: o
244.2995 	Level WAIT 	25
245.2735 	DATA 	Keypress: o
245.2830 	Level RINSE 	25
247.2763 	DATA 	Keypress: o
247.3002 	Level jitter 	25
249.2708 	Level finished 	25
249.2722 	DATA 	Keypress: o
249.3000 	Level image=tasty.jpg 	25
250.3001 	Level injecting via pump at address 1 	25
256.2756 	DATA 	Keypress: o
256.2766 	DATA 	Keypress: o
256.2776 	DATA 	Keypress: o
256.3003 	Level WAIT 	25
257.2737 	DATA 	Keypress: o
257.2842 	Level RINSE 	25
259.2763 	DATA 	Keypress: o
259.3005 	Level jitter 	25
262.2708 	Level finished 	25
262.2720 	DATA 	Keypress: o
262.3009 	Level image=waterlogo.jpg 	25
263.2732 	DATA 	Keypress: o
263.2842 	Level injecting via pump at address 0 	25
269.2764 	DATA 	Keypress: o
269.2777 	DATA 	Keypress: o
269.2788 	DATA 	Keypress: o
269.3017 	Level WAIT 	25
270.2847 	Level RINSE 	25
272.2762 	DATA 	Keypress: o
272.3015 	Level jitter 	25
276.2708 	Level finished 	25
276.2721 	DATA 	Keypress: o
276.2733 	DATA 	Keypress: o
276.2851 	Level image=tasty.jpg 	25
277.2744 	DATA 	Keypress: o
277.2852 	Level injecting via pump at address 1 	25
283.2769 	DATA 	Keypress: o
283.2782 	DATA 	Keypress: o
283.2794 	DATA 	Keypress: o
283.3026 	Level WAIT 	25
284.3023 	Level RINSE 	25
286.2763 	DATA 	Keypress: o
286.2858 	Level jitter 	25
287.2708 	Level finished 	25
287.2723 	DATA 	Keypress: o
287.3025 	Level image=waterlogo.jpg 	25
288.2861 	Level injecting via pump at address 0 	25
294.2766 	DATA 	Keypress: o
294.2781 	DATA 	Keypress: o
294.2793 	DATA 	Keypress: o
294.3035 	Level WAIT 	25
295.2732 	DATA 	Keypress: o
295.2864 	Level RINSE 	25
297.2758 	DATA 	Keypress: o
297.3031 	Level jitter 	25
300.2708 	Level finished 	25
300.2723 	DATA 	Keypress: o
300.3034 	Level image=tasty.jpg 	25
301.2732 	DATA 	Keypress: o
301.2870 	Level injecting via pump at address 1 	25
307.2762 	DATA 	Keypress: o
307.2775 	DATA 	Keypress: o
307.2788 	DATA 	Keypress: o
307.2876 	Level WAIT 	25
308.2873 	Level RINSE 	25
310.2754 	DATA 	Keypress: o
310.2874 	Level jitter 	25
318.2708 	Level finished 	25
318.2721 	DATA 	Keypress: o
318.2732 	DATA 	Keypress: o
318.2742 	DATA 	Keypress: o
318.2752 	DATA 	Keypress: o
318.3052 	Level image=tasty.jpg 	25
319.2738 	DATA 	Keypress: o
319.2881 	Level injecting via pump at address 1 	25
325.2764 	DATA 	Keypress: o
325.2778 	DATA 	Keypress: o
325.2790 	DATA 	Keypress: o
325.3051 	Level WAIT 	25
326.2885 	Level RINSE 	25
328.2762 	DATA 	Keypress: o
328.3057 	Level jitter 	25
332.2708 	Level finished 	25
332.2721 	DATA 	Keypress: o
332.2732 	DATA 	Keypress: o
332.2891 	Level image=waterlogo.jpg 	25
333.2738 	DATA 	Keypress: o
333.2891 	Level injecting via pump at address 0 	25
339.2760 	DATA 	Keypress: o
339.2771 	DATA 	Keypress: o
339.2782 	DATA 	Keypress: o
339.2898 	Level WAIT 	25
340.2895 	Level RINSE 	25
342.2754 	DATA 	Keypress: o
342.2896 	Level jitter 	25
345.2708 	Level finished 	25
345.2723 	DATA 	Keypress: o
345.2735 	DATA 	Keypress: o
345.2900 	Level image=tasty.jpg 	25
346.2900 	Level injecting via pump at address 1 	25
352.2764 	DATA 	Keypress: o
352.2778 	DATA 	Keypress: o
352.2790 	DATA 	Keypress: o
352.2907 	Level WAIT 	25
353.2733 	DATA 	Keypress: o
353.2904 	Level RINSE 	25
355.2756 	DATA 	Keypress: o
355.2905 	Level jitter 	25
360.2708 	Level finished 	25
360.2721 	DATA 	Keypress: o
360.2732 	DATA 	Keypress: o
360.2910 	Level image=waterlogo.jpg 	25
361.2740 	DATA 	Keypress: o
361.2911 	Level injecting via pump at address 0 	25
367.2765 	DATA 	Keypress: o
367.2778 	DATA 	Keypress: o
367.2790 	DATA 	Keypress: o
367.2917 	Level WAIT 	25
368.2914 	Level RINSE 	25
370.2765 	DATA 	Keypress: o
370.2915 	Level jitter 	25
375.2708 	Level finished 	25
375.2721 	DATA 	Keypress: o
375.2732 	DATA 	Keypress: o
375.2742 	DATA 	Keypress: o
375.3086 	Level image=waterlogo.jpg 	25
376.2921 	Level injecting via pump at address 0 	25
382.2759 	DATA 	Keypress: o
382.2770 	DATA 	Keypress: o
382.2779 	DATA 	Keypress: o
382.2928 	Level WAIT 	25
383.2738 	DATA 	Keypress: o
383.2924 	Level RINSE 	25
385.2762 	DATA 	Keypress: o
385.2926 	Level jitter 	25
394.2708 	Level finished 	25
394.2723 	DATA 	Keypress: o
394.2736 	DATA 	Keypress: o
394.2748 	DATA 	Keypress: o
394.2760 	DATA 	Keypress: o
394.2937 	Level image=tasty.jpg 	25
395.2733 	DATA 	Keypress: o
395.2933 	Level injecting via pump at address 1 	25
401.2757 	DATA 	Keypress: o
401.2767 	DATA 	Keypress: o
401.2777 	DATA 	Keypress: o
401.2937 	Level WAIT 	25
402.2938 	Level RINSE 	25
404.2761 	DATA 	Keypress: o
404.2944 	Level jitter 	25
406.2708 	Level finished 	25
406.2722 	DATA 	Keypress: o
406.2940 	Level image=waterlogo.jpg 	25
407.2735 	DATA 	Keypress: o
407.2942 	Level injecting via pump at address 0 	25
413.2767 	DATA 	Keypress: o
413.2780 	DATA 	Keypress: o
413.2792 	DATA 	Keypress: o
413.2945 	Level WAIT 	25
414.2950 	Level RINSE 	25
416.2760 	DATA 	Keypress: o
416.2947 	Level jitter 	25
419.2708 	Level finished 	25
419.2721 	DATA 	Keypress: o
419.2732 	DATA 	Keypress: o
419.2951 	Level image=waterlogo.jpg 	25
420.2951 	Level injecting via pump at address 0 	25
426.2755 	DATA 	Keypress: o
426.2766 	DATA 	Keypress: o
426.2776 	DATA 	Keypress: o
426.2958 	Level WAIT 	25
427.2734 	DATA 	Keypress: o
427.2955 	Level RINSE 	25
429.2754 	DATA 	Keypress: o
429.2956 	Level jitter 	25
434.2708 	Level finished 	25
434.2721 	DATA 	Keypress: o
434.2732 	DATA 	Keypress: o
434.2960 	Level image=tasty.jpg 	25
435.2733 	DATA 	Keypress: o
435.2794 	Level injecting via pump at address 1 	25
441.2762 	DATA 	Keypress: o
441.2775 	DATA 	Keypress: o
441.2789 	DATA 	Keypress: o
441.2969 	Level WAIT 	25
442.2966 	Level RINSE 	25
444.2768 	DATA 	Keypress: o
444.2800 	Level jitter 	25
446.2708 	Level finished 	25
446.2720 	DATA 	Keypress: o
446.2969 	Level image=tasty.jpg 	25
447.2733 	DATA 	Keypress: o
447.2803 	Level injecting via pump at address 1 	25
453.2762 	DATA 	Keypress: o
453.2774 	DATA 	Keypress: o
453.2785 	DATA 	Keypress: o
453.2977 	Level WAIT 	25
454.2808 	Level RINSE 	25
456.2762 	DATA 	Keypress: o
456.2975 	Level jitter 	25
463.2708 	Level finished 	25
463.2721 	DATA 	Keypress: o
463.2732 	DATA 	Keypress: o
463.2745 	DATA 	Keypress: o
463.2757 	DATA 	Keypress: o
463.2985 	Level image=waterlogo.jpg 	25
464.2814 	Level injecting via pump at address 0 	25
470.2762 	DATA 	Keypress: o
470.2772 	DATA 	Keypress: o
470.2783 	DATA 	Keypress: o
470.2984 	Level WAIT 	25
471.2736 	DATA 	Keypress: o
471.2985 	Level RINSE 	25
473.2755 	DATA 	Keypress: o
473.2991 	Level jitter 	25
476.2708 	Level finished 	25
476.2726 	DATA 	Keypress: o
476.2990 	Level image=tasty.jpg 	25
477.2733 	DATA 	Keypress: o
477.2991 	Level injecting via pump at address 1 	25
483.2769 	DATA 	Keypress: o
483.2783 	DATA 	Keypress: o
483.2793 	DATA 	Keypress: o
483.2998 	Level WAIT 	25
484.2994 	Level RINSE 	25
486.2756 	DATA 	Keypress: o
486.2996 	Level jitter 	25
488.2708 	Level finished 	25
488.2726 	DATA 	Keypress: o
488.2830 	Level image=waterlogo.jpg 	25
489.2737 	DATA 	Keypress: o
489.2832 	Level injecting via pump at address 0 	25
495.2762 	DATA 	Keypress: o
495.2773 	DATA 	Keypress: o
495.2784 	DATA 	Keypress: o
495.3006 	Level WAIT 	25
496.3003 	Level RINSE 	25
498.2757 	DATA 	Keypress: o
498.2837 	Level jitter 	25
506.2708 	Level finished 	25
506.2721 	DATA 	Keypress: o
506.2732 	DATA 	Keypress: o
506.2743 	DATA 	Keypress: o
506.2753 	DATA 	Keypress: o
506.3015 	Level image=tasty.jpg 	25
507.2737 	DATA 	Keypress: o
507.2844 	Level injecting via pump at address 1 	25
513.2772 	DATA 	Keypress: o
513.2786 	DATA 	Keypress: o
513.2799 	DATA 	Keypress: o
513.2847 	Level WAIT 	25
514.2849 	Level RINSE 	25
516.2784 	DATA 	Keypress: o
516.2854 	Level jitter 	25
518.2708 	Level finished 	25
518.2720 	DATA 	Keypress: o
518.3018 	Level image=waterlogo.jpg 	25
519.2738 	DATA 	Keypress: o
519.2852 	Level injecting via pump at address 0 	25
525.2765 	DATA 	Keypress: o
525.2779 	DATA 	Keypress: o
525.2792 	DATA 	Keypress: o
525.2855 	Level WAIT 	25
526.2862 	Level RINSE 	25
528.2755 	DATA 	Keypress: o
528.3024 	Level jitter 	25
535.2708 	Level finished 	25
