80.5188 	DATA 	Keypress: o
80.5195 	Level start key press 	25
82.5355 	DATA 	Keypress: o
84.5190 	DATA 	Keypress: o
86.5192 	DATA 	Keypress: o
88.5195 	DATA 	Keypress: o
89.0505 	Level image=waterlogo.jpg 	25
90.0006 	Level injecting via pump at address 0 	25
95.9893 	DATA 	Keypress: o
95.9906 	DATA 	Keypress: o
95.9917 	DATA 	Keypress: o
96.0018 	Level WAIT 	25
96.9866 	DATA 	Keypress: o
97.0015 	Level RINSE 	25
98.9970 	DATA 	Keypress: o
99.0184 	Level jitter 	25
107.9839 	Level finished 	25
107.9852 	DATA 	Keypress: o
107.9861 	DATA 	Keypress: o
107.9870 	DATA 	Keypress: o
107.9879 	DATA 	Keypress: o
108.0032 	Level image=waterlogo.jpg 	25
108.9861 	DATA 	Keypress: o
109.0029 	Level injecting via pump at address 0 	25
114.9889 	DATA 	Keypress: o
114.9899 	DATA 	Keypress: o
114.9910 	DATA 	Keypress: o
115.0035 	Level WAIT 	25
116.0037 	Level RINSE 	25
117.9890 	DATA 	Keypress: o
118.0043 	Level jitter 	25
122.9839 	Level finished 	25
122.9851 	DATA 	Keypress: o
122.9862 	DATA 	Keypress: o
122.9871 	DATA 	Keypress: o
123.0212 	Level image=tasty.jpg 	25
124.0047 	Level injecting via pump at address 0 	25
129.9891 	DATA 	Keypress: o
129.9902 	DATA 	Keypress: o
129.9912 	DATA 	Keypress: o
130.0056 	Level WAIT 	25
130.9865 	DATA 	Keypress: o
131.0055 	Level RINSE 	25
132.9884 	DATA 	Keypress: o
133.0056 	Level jitter 	25
133.9839 	Level finished 	25
134.0058 	Level image=tasty.jpg 	25
134.9866 	DATA 	Keypress: o
135.0059 	Level injecting via pump at address 1 	25
140.9889 	DATA 	Keypress: o
140.9898 	DATA 	Keypress: o
140.9908 	DATA 	Keypress: o
141.0071 	Level WAIT 	25
141.9900 	Level RINSE 	25
143.9883 	DATA 	Keypress: o
144.0069 	Level jitter 	25
148.9839 	Level finished 	25
148.9851 	DATA 	Keypress: o
148.9862 	DATA 	Keypress: o
148.9874 	DATA 	Keypress: o
149.0075 	Level image=tasty.jpg 	25
150.0077 	Level injecting via pump at address 0 	25
155.9888 	DATA 	Keypress: o
155.9900 	DATA 	Keypress: o
155.9911 	DATA 	Keypress: o
156.0086 	Level WAIT 	25
156.9864 	DATA 	Keypress: o
157.0085 	Level RINSE 	25
158.9891 	DATA 	Keypress: o
159.0087 	Level jitter 	25
162.9839 	Level finished 	25
162.9850 	DATA 	Keypress: o
162.9860 	DATA 	Keypress: o
163.0091 	Level image=waterlogo.jpg 	25
163.9927 	Level injecting via pump at address 0 	25
169.9897 	DATA 	Keypress: o
169.9910 	DATA 	Keypress: o
169.9920 	DATA 	Keypress: o
170.0104 	Level WAIT 	25
170.9866 	DATA 	Keypress: o
170.9934 	Level RINSE 	25
172.9891 	DATA 	Keypress: o
173.0103 	Level jitter 	25
174.9839 	Level finished 	25
174.9850 	DATA 	Keypress: o
175.0106 	Level image=tasty.jpg 	25
176.0107 	Level injecting via pump at address 0 	25
181.9882 	DATA 	Keypress: o
181.9893 	DATA 	Keypress: o
181.9903 	DATA 	Keypress: o
182.0118 	Level WAIT 	25
182.9865 	DATA 	Keypress: o
182.9948 	Level RINSE 	25
184.9888 	DATA 	Keypress: o
185.0117 	Level jitter 	25
192.9839 	Level finished 	25
192.9852 	DATA 	Keypress: o
192.9863 	DATA 	Keypress: o
192.9873 	DATA 	Keypress: o
192.9882 	DATA 	Keypress: o
193.0130 	Level image=waterlogo.jpg 	25
194.0128 	Level injecting via pump at address 0 	25
199.9889 	DATA 	Keypress: o
199.9901 	DATA 	Keypress: o
199.9912 	DATA 	Keypress: o
200.0134 	Level WAIT 	25
200.9864 	DATA 	Keypress: o
201.0136 	Level RINSE 	25
202.9881 	DATA 	Keypress: o
203.0142 	Level jitter 	25
207.9839 	Level finished 	25
207.9851 	DATA 	Keypress: o
207.9864 	DATA 	Keypress: o
207.9978 	Level image=tasty.jpg 	25
208.9864 	DATA 	Keypress: o
208.9980 	Level injecting via pump at address 1 	25
214.9887 	DATA 	Keypress: o
214.9897 	DATA 	Keypress: o
214.9906 	DATA 	Keypress: o
215.0156 	Level WAIT 	25
215.9987 	Level RINSE 	25
217.9888 	DATA 	Keypress: o
217.9988 	Level jitter 	25
219.9839 	Level finished 	25
219.9851 	DATA 	Keypress: o
219.9991 	Level image=tasty.jpg 	25
220.9862 	DATA 	Keypress: o
220.9994 	Level injecting via pump at address 0 	25
226.9886 	DATA 	Keypress: o
226.9898 	DATA 	Keypress: o
226.9908 	DATA 	Keypress: o
227.0004 	Level WAIT 	25
228.0000 	Level RINSE 	25
229.9888 	DATA 	Keypress: o
230.0002 	Level jitter 	25
232.9839 	Level finished 	25
232.9851 	DATA 	Keypress: o
232.9860 	DATA 	Keypress: o
233.0007 	Level image=waterlogo.jpg 	25
234.0008 	Level injecting via pump at address 0 	25
239.9882 	DATA 	Keypress: o
239.9892 	DATA 	Keypress: o
239.9901 	DATA 	Keypress: o
240.0018 	Level WAIT 	25
240.9866 	DATA 	Keypress: o
241.0016 	Level RINSE 	25
242.9892 	DATA 	Keypress: o
243.0018 	Level jitter 	25
250.9839 	Level finished 	25
250.9851 	DATA 	Keypress: o
250.9864 	DATA 	Keypress: o
250.9876 	DATA 	Keypress: o
250.9888 	DATA 	Keypress: o
251.0199 	Level image=tasty.jpg 	25
252.0030 	Level injecting via pump at address 0 	25
257.9884 	DATA 	Keypress: o
257.9898 	DATA 	Keypress: o
257.9909 	DATA 	Keypress: o
258.0035 	Level WAIT 	25
258.9866 	DATA 	Keypress: o
259.0036 	Level RINSE 	25
260.9891 	DATA 	Keypress: o
261.0043 	Level jitter 	25
262.9839 	Level finished 	25
262.9850 	DATA 	Keypress: o
263.0042 	Level image=tasty.jpg 	25
264.0044 	Level injecting via pump at address 1 	25
269.9892 	DATA 	Keypress: o
269.9904 	DATA 	Keypress: o
269.9914 	DATA 	Keypress: o
270.0050 	Level WAIT 	25
270.9861 	DATA 	Keypress: o
271.0055 	Level RINSE 	25
272.9890 	DATA 	Keypress: o
273.0219 	Level jitter 	25
281.9839 	Level finished 	25
281.9850 	DATA 	Keypress: o
281.9860 	DATA 	Keypress: o
281.9871 	DATA 	Keypress: o
281.9883 	DATA 	Keypress: o
282.0234 	Level image=waterlogo.jpg 	25
282.9865 	DATA 	Keypress: o
283.0065 	Level injecting via pump at address 0 	25
288.9894 	DATA 	Keypress: o
288.9906 	DATA 	Keypress: o
288.9915 	DATA 	Keypress: o
289.0071 	Level WAIT 	25
290.0073 	Level RINSE 	25
291.9889 	DATA 	Keypress: o
292.0079 	Level jitter 	25
299.9839 	Level finished 	25
299.9851 	DATA 	Keypress: o
299.9862 	DATA 	Keypress: o
299.9872 	DATA 	Keypress: o
299.9881 	DATA 	Keypress: o
300.0085 	Level image=tasty.jpg 	25
300.9866 	DATA 	Keypress: o
301.0086 	Level injecting via pump at address 0 	25
306.9889 	DATA 	Keypress: o
306.9903 	DATA 	Keypress: o
306.9914 	DATA 	Keypress: o
307.0097 	Level WAIT 	25
307.9927 	Level RINSE 	25
309.9881 	DATA 	Keypress: o
310.0096 	Level jitter 	25
311.9839 	Level finished 	25
311.9850 	DATA 	Keypress: o
312.0098 	Level image=waterlogo.jpg 	25
312.9863 	DATA 	Keypress: o
313.0100 	Level injecting via pump at address 0 	25
318.9890 	DATA 	Keypress: o
318.9901 	DATA 	Keypress: o
318.9914 	DATA 	Keypress: o
319.0111 	Level WAIT 	25
319.9942 	Level RINSE 	25
321.9886 	DATA 	Keypress: o
322.0110 	Level jitter 	25
328.9839 	Level finished 	25
328.9851 	DATA 	Keypress: o
328.9861 	DATA 	Keypress: o
328.9871 	DATA 	Keypress: o
328.9880 	DATA 	Keypress: o
329.0122 	Level image=tasty.jpg 	25
329.9953 	Level injecting via pump at address 1 	25
335.9887 	DATA 	Keypress: o
335.9897 	DATA 	Keypress: o
335.9906 	DATA 	Keypress: o
335.9959 	Level WAIT 	25
336.9864 	DATA 	Keypress: o
336.9961 	Level RINSE 	25
338.9888 	DATA 	Keypress: o
338.9967 	Level jitter 	25
343.9839 	Level finished 	25
343.9851 	DATA 	Keypress: o
343.9863 	DATA 	Keypress: o
344.0136 	Level image=tasty.jpg 	25
344.9866 	DATA 	Keypress: o
344.9971 	Level injecting via pump at address 0 	25
350.9882 	DATA 	Keypress: o
350.9891 	DATA 	Keypress: o
350.9902 	DATA 	Keypress: o
351.0149 	Level WAIT 	25
351.9978 	Level RINSE 	25
353.9892 	DATA 	Keypress: o
354.0148 	Level jitter 	25
355.9839 	Level finished 	25
355.9850 	DATA 	Keypress: o
356.0150 	Level image=tasty.jpg 	25
356.9863 	DATA 	Keypress: o
357.0151 	Level injecting via pump at address 1 	25
362.9895 	DATA 	Keypress: o
362.9908 	DATA 	Keypress: o
362.9920 	DATA 	Keypress: o
363.0162 	Level WAIT 	25
363.9992 	Level RINSE 	25
365.9883 	DATA 	Keypress: o
366.0161 	Level jitter 	25
368.9839 	Level finished 	25
368.9850 	DATA 	Keypress: o
368.9860 	DATA 	Keypress: o
369.0165 	Level image=tasty.jpg 	25
369.9999 	Level injecting via pump at address 0 	25
375.9892 	DATA 	Keypress: o
375.9903 	DATA 	Keypress: o
375.9915 	DATA 	Keypress: o
376.0177 	Level WAIT 	25
376.9862 	DATA 	Keypress: o
377.0008 	Level RINSE 	25
378.9883 	DATA 	Keypress: o
379.0176 	Level jitter 	25
380.9839 	Level finished 	25
380.9851 	DATA 	Keypress: o
381.0012 	Level image=tasty.jpg 	25
382.0182 	Level injecting via pump at address 1 	25
387.9882 	DATA 	Keypress: o
387.9892 	DATA 	Keypress: o
387.9902 	DATA 	Keypress: o
388.0191 	Level WAIT 	25
388.9864 	DATA 	Keypress: o
389.0022 	Level RINSE 	25
390.9885 	DATA 	Keypress: o
391.0190 	Level jitter 	25
394.9839 	Level finished 	25
394.9850 	DATA 	Keypress: o
394.9860 	DATA 	Keypress: o
395.0028 	Level image=tasty.jpg 	25
396.0030 	Level injecting via pump at address 0 	25
401.9886 	DATA 	Keypress: o
401.9896 	DATA 	Keypress: o
401.9906 	DATA 	Keypress: o
402.0041 	Level WAIT 	25
402.9865 	DATA 	Keypress: o
403.0038 	Level RINSE 	25
404.9888 	DATA 	Keypress: o
405.0041 	Level jitter 	25
406.9839 	Level finished 	25
406.9852 	DATA 	Keypress: o
407.0210 	Level image=tasty.jpg 	25
408.0044 	Level injecting via pump at address 1 	25
413.9882 	DATA 	Keypress: o
413.9893 	DATA 	Keypress: o
413.9902 	DATA 	Keypress: o
414.0055 	Level WAIT 	25
414.9864 	DATA 	Keypress: o
415.0052 	Level RINSE 	25
416.9886 	DATA 	Keypress: o
417.0054 	Level jitter 	25
424.9839 	Level finished 	25
424.9852 	DATA 	Keypress: o
424.9861 	DATA 	Keypress: o
424.9871 	DATA 	Keypress: o
424.9879 	DATA 	Keypress: o
425.0068 	Level image=tasty.jpg 	25
425.9899 	Level injecting via pump at address 0 	25
431.9892 	DATA 	Keypress: o
431.9905 	DATA 	Keypress: o
431.9915 	DATA 	Keypress: o
432.0238 	Level WAIT 	25
432.9869 	DATA 	Keypress: o
433.0073 	Level RINSE 	25
434.9892 	DATA 	Keypress: o
435.0079 	Level jitter 	25
441.9839 	Level finished 	25
