47.1596 	DATA 	Keypress: o
47.1603 	Level start key press 	25
49.1565 	DATA 	Keypress: o
51.1569 	DATA 	Keypress: o
53.1570 	DATA 	Keypress: o
55.1572 	DATA 	Keypress: o
55.6880 	Level image=tasty.jpg 	25
56.6381 	Level injecting via pump at address 1 	25
62.6268 	DATA 	Keypress: o
62.6278 	DATA 	Keypress: o
62.6290 	DATA 	Keypress: o
62.6390 	Level WAIT 	25
63.6241 	DATA 	Keypress: o
63.6386 	Level RINSE 	25
65.6338 	DATA 	Keypress: o
65.6553 	Level jitter 	25
74.6213 	Level finished 	25
74.6228 	DATA 	Keypress: o
74.6240 	DATA 	Keypress: o
74.6250 	DATA 	Keypress: o
74.6260 	DATA 	Keypress: o
74.6398 	Level image=waterlogo.jpg 	25
75.6242 	DATA 	Keypress: o
75.6394 	Level injecting via pump at address 0 	25
81.6269 	DATA 	Keypress: o
81.6283 	DATA 	Keypress: o
81.6295 	DATA 	Keypress: o
81.6397 	Level WAIT 	25
82.6398 	Level RINSE 	25
84.6267 	DATA 	Keypress: o
84.6403 	Level jitter 	25
88.6213 	Level finished 	25
88.6228 	DATA 	Keypress: o
88.6240 	DATA 	Keypress: o
88.6569 	Level image=tasty.jpg 	25
89.6239 	DATA 	Keypress: o
89.6405 	Level injecting via pump at address 1 	25
95.6269 	DATA 	Keypress: o
95.6282 	DATA 	Keypress: o
95.6295 	DATA 	Keypress: o
95.6579 	Level WAIT 	25
96.6408 	Level RINSE 	25
98.6263 	DATA 	Keypress: o
98.6576 	Level jitter 	25
102.6213 	Level finished 	25
102.6228 	DATA 	Keypress: o
102.6242 	DATA 	Keypress: o
102.6412 	Level image=waterlogo.jpg 	25
103.6237 	DATA 	Keypress: o
103.6414 	Level injecting via pump at address 0 	25
109.6268 	DATA 	Keypress: o
109.6279 	DATA 	Keypress: o
109.6290 	DATA 	Keypress: o
109.6421 	Level WAIT 	25
110.6418 	Level RINSE 	25
112.6267 	DATA 	Keypress: o
112.6419 	Level jitter 	25
116.6213 	Level finished 	25
116.6228 	DATA 	Keypress: o
116.6242 	DATA 	Keypress: o
116.6588 	Level image=waterlogo.jpg 	25
117.6238 	DATA 	Keypress: o
117.6423 	Level injecting via pump at address 0 	25
123.6277 	DATA 	Keypress: o
123.6289 	DATA 	Keypress: o
123.6299 	DATA 	Keypress: o
123.6598 	Level WAIT 	25
124.6428 	Level RINSE 	25
126.6267 	DATA 	Keypress: o
126.6428 	Level jitter 	25
130.6213 	Level finished 	25
130.6231 	DATA 	Keypress: o
130.6243 	DATA 	Keypress: o
130.6431 	Level image=tasty.jpg 	25
131.6241 	DATA 	Keypress: o
131.6433 	Level injecting via pump at address 1 	25
137.6259 	DATA 	Keypress: o
137.6269 	DATA 	Keypress: o
137.6280 	DATA 	Keypress: o
137.6440 	Level WAIT 	25
138.6437 	Level RINSE 	25
140.6273 	DATA 	Keypress: o
140.6437 	Level jitter 	25
146.6213 	Level finished 	25
146.6226 	DATA 	Keypress: o
146.6236 	DATA 	Keypress: o
146.6246 	DATA 	Keypress: o
146.6443 	Level image=waterlogo.jpg 	25
147.6241 	DATA 	Keypress: o
147.6448 	Level injecting via pump at address 0 	25
153.6267 	DATA 	Keypress: o
153.6281 	DATA 	Keypress: o
153.6294 	DATA 	Keypress: o
153.6447 	Level WAIT 	25
154.6448 	Level RINSE 	25
156.6269 	DATA 	Keypress: o
156.6449 	Level jitter 	25
159.6213 	Level finished 	25
159.6228 	DATA 	Keypress: o
159.6241 	DATA 	Keypress: o
159.6456 	Level image=tasty.jpg 	25
160.6453 	Level injecting via pump at address 1 	25
166.6260 	DATA 	Keypress: o
166.6270 	DATA 	Keypress: o
166.6280 	DATA 	Keypress: o
166.6456 	Level WAIT 	25
167.6243 	DATA 	Keypress: o
167.6290 	Level RINSE 	25
169.6277 	DATA 	Keypress: o
169.6462 	Level jitter 	25
172.6213 	Level finished 	25
172.6226 	DATA 	Keypress: o
172.6460 	Level image=waterlogo.jpg 	25
173.6239 	DATA 	Keypress: o
173.6462 	Level injecting via pump at address 0 	25
179.6275 	DATA 	Keypress: o
179.6288 	DATA 	Keypress: o
179.6300 	DATA 	Keypress: o
179.6469 	Level WAIT 	25
180.6299 	Level RINSE 	25
182.6266 	DATA 	Keypress: o
182.6467 	Level jitter 	25
186.6213 	Level finished 	25
186.6228 	DATA 	Keypress: o
186.6243 	DATA 	Keypress: o
186.6470 	Level image=waterlogo.jpg 	25
187.6242 	DATA 	Keypress: o
187.6471 	Level injecting via pump at address 0 	25
193.6260 	DATA 	Keypress: o
193.6270 	DATA 	Keypress: o
193.6280 	DATA 	Keypress: o
193.6479 	Level WAIT 	25
194.6475 	Level RINSE 	25
196.6270 	DATA 	Keypress: o
196.6477 	Level jitter 	25
201.6213 	Level finished 	25
201.6229 	DATA 	Keypress: o
201.6242 	DATA 	Keypress: o
201.6255 	DATA 	Keypress: o
201.6480 	Level image=tasty.jpg 	25
202.6316 	Level injecting via pump at address 1 	25
208.6265 	DATA 	Keypress: o
208.6276 	DATA 	Keypress: o
208.6287 	DATA 	Keypress: o
208.6489 	Level WAIT 	25
209.6240 	DATA 	Keypress: o
209.6486 	Level RINSE 	25
211.6269 	DATA 	Keypress: o
211.6320 	Level jitter 	25
214.6213 	Level finished 	25
214.6227 	DATA 	Keypress: o
214.6323 	Level image=waterlogo.jpg 	25
215.6243 	DATA 	Keypress: o
215.6324 	Level injecting via pump at address 0 	25
221.6266 	DATA 	Keypress: o
221.6276 	DATA 	Keypress: o
221.6288 	DATA 	Keypress: o
221.6500 	Level WAIT 	25
222.6495 	Level RINSE 	25
224.6269 	DATA 	Keypress: o
224.6329 	Level jitter 	25
232.6213 	Level finished 	25
232.6229 	DATA 	Keypress: o
232.6247 	DATA 	Keypress: o
232.6261 	DATA 	Keypress: o
232.6280 	DATA 	Keypress: o
232.6507 	Level image=tasty.jpg 	25
233.6240 	DATA 	Keypress: o
233.6336 	Level injecting via pump at address 1 	25
239.6271 	DATA 	Keypress: o
239.6285 	DATA 	Keypress: o
239.6297 	DATA 	Keypress: o
239.6339 	Level WAIT 	25
240.6340 	Level RINSE 	25
242.6267 	DATA 	Keypress: o
242.6347 	Level jitter 	25
244.6213 	Level finished 	25
244.6227 	DATA 	Keypress: o
244.6510 	Level image=tasty.jpg 	25
245.6239 	DATA 	Keypress: o
245.6345 	Level injecting via pump at address 1 	25
251.6270 	DATA 	Keypress: o
251.6284 	DATA 	Keypress: o
251.6297 	DATA 	Keypress: o
251.6515 	Level WAIT 	25
252.6351 	Level RINSE 	25
254.6271 	DATA 	Keypress: o
254.6516 	Level jitter 	25
256.6213 	Level finished 	25
256.6225 	DATA 	Keypress: o
256.6518 	Level image=waterlogo.jpg 	25
257.6238 	DATA 	Keypress: o
257.6519 	Level injecting via pump at address 0 	25
263.6273 	DATA 	Keypress: o
263.6287 	DATA 	Keypress: o
263.6300 	DATA 	Keypress: o
263.6528 	Level WAIT 	25
264.6357 	Level RINSE 	25
266.6260 	DATA 	Keypress: o
266.6525 	Level jitter 	25
269.6213 	Level finished 	25
269.6230 	DATA 	Keypress: o
269.6245 	DATA 	Keypress: o
269.6527 	Level image=tasty.jpg 	25
270.6362 	Level injecting via pump at address 1 	25
276.6268 	DATA 	Keypress: o
276.6281 	DATA 	Keypress: o
276.6294 	DATA 	Keypress: o
276.6537 	Level WAIT 	25
277.6242 	DATA 	Keypress: o
277.6366 	Level RINSE 	25
279.6274 	DATA 	Keypress: o
279.6535 	Level jitter 	25
281.6213 	Level finished 	25
281.6225 	DATA 	Keypress: o
281.6536 	Level image=waterlogo.jpg 	25
282.6537 	Level injecting via pump at address 0 	25
288.6269 	DATA 	Keypress: o
288.6282 	DATA 	Keypress: o
288.6295 	DATA 	Keypress: o
288.6544 	Level WAIT 	25
289.6238 	DATA 	Keypress: o
289.6374 	Level RINSE 	25
291.6264 	DATA 	Keypress: o
291.6543 	Level jitter 	25
292.6213 	Level finished 	25
292.6377 	Level image=tasty.jpg 	25
293.6242 	DATA 	Keypress: o
293.6377 	Level injecting via pump at address 1 	25
299.6271 	DATA 	Keypress: o
299.6285 	DATA 	Keypress: o
299.6298 	DATA 	Keypress: o
299.6384 	Level WAIT 	25
300.6382 	Level RINSE 	25
302.6263 	DATA 	Keypress: o
302.6384 	Level jitter 	25
304.6213 	Level finished 	25
304.6225 	DATA 	Keypress: o
304.6552 	Level image=waterlogo.jpg 	25
305.6240 	DATA 	Keypress: o
305.6386 	Level injecting via pump at address 0 	25
311.6272 	DATA 	Keypress: o
311.6286 	DATA 	Keypress: o
311.6298 	DATA 	Keypress: o
311.6394 	Level WAIT 	25
312.6391 	Level RINSE 	25
314.6267 	DATA 	Keypress: o
314.6392 	Level jitter 	25
320.6213 	Level finished 	25
320.6226 	DATA 	Keypress: o
320.6236 	DATA 	Keypress: o
320.6246 	DATA 	Keypress: o
320.6396 	Level image=waterlogo.jpg 	25
321.6238 	DATA 	Keypress: o
321.6401 	Level injecting via pump at address 0 	25
327.6269 	DATA 	Keypress: o
327.6282 	DATA 	Keypress: o
327.6292 	DATA 	Keypress: o
327.6401 	Level WAIT 	25
328.6402 	Level RINSE 	25
330.6265 	DATA 	Keypress: o
330.6403 	Level jitter 	25
333.6213 	Level finished 	25
333.6228 	DATA 	Keypress: o
333.6242 	DATA 	Keypress: o
333.6410 	Level image=tasty.jpg 	25
334.6405 	Level injecting via pump at address 1 	25
340.6269 	DATA 	Keypress: o
340.6282 	DATA 	Keypress: o
340.6295 	DATA 	Keypress: o
340.6409 	Level WAIT 	25
341.6238 	DATA 	Keypress: o
341.6411 	Level RINSE 	25
343.6270 	DATA 	Keypress: o
343.6416 	Level jitter 	25
351.6213 	Level finished 	25
351.6228 	DATA 	Keypress: o
351.6241 	DATA 	Keypress: o
351.6254 	DATA 	Keypress: o
351.6266 	DATA 	Keypress: o
351.6585 	Level image=waterlogo.jpg 	25
352.6418 	Level injecting via pump at address 0 	25
358.6269 	DATA 	Keypress: o
358.6282 	DATA 	Keypress: o
358.6296 	DATA 	Keypress: o
358.6427 	Level WAIT 	25
359.6247 	DATA 	Keypress: o
359.6423 	Level RINSE 	25
361.6265 	DATA 	Keypress: o
361.6425 	Level jitter 	25
366.6213 	Level finished 	25
366.6227 	DATA 	Keypress: o
366.6237 	DATA 	Keypress: o
366.6428 	Level image=tasty.jpg 	25
367.6241 	DATA 	Keypress: o
367.6429 	Level injecting via pump at address 1 	25
373.6276 	DATA 	Keypress: o
373.6291 	DATA 	Keypress: o
373.6305 	DATA 	Keypress: o
373.6437 	Level WAIT 	25
374.6434 	Level RINSE 	25
376.6257 	DATA 	Keypress: o
376.6434 	Level jitter 	25
380.6213 	Level finished 	25
380.6226 	DATA 	Keypress: o
380.6237 	DATA 	Keypress: o
380.6438 	Level image=waterlogo.jpg 	25
381.6248 	DATA 	Keypress: o
381.6438 	Level injecting via pump at address 0 	25
387.6276 	DATA 	Keypress: o
387.6290 	DATA 	Keypress: o
387.6302 	DATA 	Keypress: o
387.6446 	Level WAIT 	25
388.6443 	Level RINSE 	25
390.6265 	DATA 	Keypress: o
390.6445 	Level jitter 	25
395.6213 	Level finished 	25
395.6226 	DATA 	Keypress: o
395.6238 	DATA 	Keypress: o
395.6248 	DATA 	Keypress: o
395.6448 	Level image=tasty.jpg 	25
396.6449 	Level injecting via pump at address 1 	25
402.6270 	DATA 	Keypress: o
402.6282 	DATA 	Keypress: o
402.6294 	DATA 	Keypress: o
402.6457 	Level WAIT 	25
403.6242 	DATA 	Keypress: o
403.6454 	Level RINSE 	25
405.6267 	DATA 	Keypress: o
405.6455 	Level jitter 	25
414.6213 	Level finished 	25
414.6230 	DATA 	Keypress: o
414.6241 	DATA 	Keypress: o
414.6251 	DATA 	Keypress: o
414.6261 	DATA 	Keypress: o
414.6465 	Level image=waterlogo.jpg 	25
415.6237 	DATA 	Keypress: o
415.6462 	Level injecting via pump at address 0 	25
421.6269 	DATA 	Keypress: o
421.6282 	DATA 	Keypress: o
421.6294 	DATA 	Keypress: o
421.6465 	Level WAIT 	25
422.6466 	Level RINSE 	25
424.6276 	DATA 	Keypress: o
424.6472 	Level jitter 	25
433.6213 	Level finished 	25
433.6230 	DATA 	Keypress: o
433.6244 	DATA 	Keypress: o
433.6257 	DATA 	Keypress: o
433.6273 	DATA 	Keypress: o
433.6285 	DATA 	Keypress: o
433.6475 	Level image=tasty.jpg 	25
434.6481 	Level injecting via pump at address 1 	25
440.6267 	DATA 	Keypress: o
440.6277 	DATA 	Keypress: o
440.6288 	DATA 	Keypress: o
440.6478 	Level WAIT 	25
441.6242 	DATA 	Keypress: o
441.6479 	Level RINSE 	25
443.6263 	DATA 	Keypress: o
443.6481 	Level jitter 	25
447.6213 	Level finished 	25
447.6233 	DATA 	Keypress: o
447.6250 	DATA 	Keypress: o
447.6488 	Level image=tasty.jpg 	25
448.6317 	Level injecting via pump at address 1 	25
454.6268 	DATA 	Keypress: o
454.6283 	DATA 	Keypress: o
454.6296 	DATA 	Keypress: o
454.6488 	Level WAIT 	25
455.6242 	DATA 	Keypress: o
455.6323 	Level RINSE 	25
457.6266 	DATA 	Keypress: o
457.6494 	Level jitter 	25
460.6213 	Level finished 	25
460.6227 	DATA 	Keypress: o
460.6493 	Level image=waterlogo.jpg 	25
461.6242 	DATA 	Keypress: o
461.6327 	Level injecting via pump at address 0 	25
467.6272 	DATA 	Keypress: o
467.6285 	DATA 	Keypress: o
467.6297 	DATA 	Keypress: o
467.6501 	Level WAIT 	25
468.6332 	Level RINSE 	25
470.6261 	DATA 	Keypress: o
470.6333 	Level jitter 	25
471.6213 	Level finished 	25
471.6225 	DATA 	Keypress: o
471.6500 	Level image=tasty.jpg 	25
472.6501 	Level injecting via pump at address 1 	25
478.6269 	DATA 	Keypress: o
478.6283 	DATA 	Keypress: o
478.6296 	DATA 	Keypress: o
478.6509 	Level WAIT 	25
479.6239 	DATA 	Keypress: o
479.6506 	Level RINSE 	25
481.6269 	DATA 	Keypress: o
481.6506 	Level jitter 	25
488.6213 	Level finished 	25
488.6228 	DATA 	Keypress: o
488.6241 	DATA 	Keypress: o
488.6256 	DATA 	Keypress: o
488.6517 	Level image=waterlogo.jpg 	25
489.6241 	DATA 	Keypress: o
489.6346 	Level injecting via pump at address 0 	25
495.6268 	DATA 	Keypress: o
495.6281 	DATA 	Keypress: o
495.6292 	DATA 	Keypress: o
495.6349 	Level WAIT 	25
496.6350 	Level RINSE 	25
498.6281 	DATA 	Keypress: o
498.6357 	Level jitter 	25
499.6213 	Level finished 	25
499.6230 	DATA 	Keypress: o
499.6519 	Level image=tasty.jpg 	25
500.6520 	Level injecting via pump at address 1 	25
506.6261 	DATA 	Keypress: o
506.6274 	DATA 	Keypress: o
506.6286 	DATA 	Keypress: o
506.6525 	Level WAIT 	25
507.6237 	DATA 	Keypress: o
507.6526 	Level RINSE 	25
509.6268 	DATA 	Keypress: o
509.6530 	Level jitter 	25
515.6213 	Level finished 	25
