52.7306 	DATA 	Keypress: o
52.7317 	Level start key press 	25
54.7407 	DATA 	Keypress: o
56.7408 	DATA 	Keypress: o
58.7411 	DATA 	Keypress: o
60.7413 	DATA 	Keypress: o
61.2555 	Level image=waterlogo.jpg 	25
62.2060 	Level injecting via pump at address 0 	25
68.1943 	DATA 	Keypress: o
68.1957 	DATA 	Keypress: o
68.1972 	DATA 	Keypress: o
68.2225 	Level WAIT 	25
69.1917 	DATA 	Keypress: o
69.2060 	Level RINSE 	25
71.2023 	DATA 	Keypress: o
71.2228 	Level jitter 	25
78.1888 	Level finished 	25
78.1901 	DATA 	Keypress: o
78.1911 	DATA 	Keypress: o
78.1920 	DATA 	Keypress: o
78.2237 	Level image=tasty.jpg 	25
79.1916 	DATA 	Keypress: o
79.2067 	Level injecting via pump at address 0 	25
85.1943 	DATA 	Keypress: o
85.1957 	DATA 	Keypress: o
85.1976 	DATA 	Keypress: o
85.2070 	Level WAIT 	25
86.2072 	Level RINSE 	25
88.1941 	DATA 	Keypress: o
88.2077 	Level jitter 	25
92.1888 	Level finished 	25
92.1901 	DATA 	Keypress: o
92.1912 	DATA 	Keypress: o
92.2076 	Level image=tasty.jpg 	25
93.1916 	DATA 	Keypress: o
93.2077 	Level injecting via pump at address 1 	25
99.1937 	DATA 	Keypress: o
99.1949 	DATA 	Keypress: o
99.1959 	DATA 	Keypress: o
99.2252 	Level WAIT 	25
100.2081 	Level RINSE 	25
102.1939 	DATA 	Keypress: o
102.2083 	Level jitter 	25
103.1887 	Level finished 	25
103.1901 	DATA 	Keypress: o
103.2250 	Level image=tasty.jpg 	25
104.2084 	Level injecting via pump at address 0 	25
110.1937 	DATA 	Keypress: o
110.1947 	DATA 	Keypress: o
110.1957 	DATA 	Keypress: o
110.2092 	Level WAIT 	25
111.1914 	DATA 	Keypress: o
111.2090 	Level RINSE 	25
113.1939 	DATA 	Keypress: o
113.2090 	Level jitter 	25
121.1888 	Level finished 	25
121.1900 	DATA 	Keypress: o
121.1911 	DATA 	Keypress: o
121.1921 	DATA 	Keypress: o
121.1931 	DATA 	Keypress: o
121.2267 	Level image=waterlogo.jpg 	25
122.1931 	Level injecting via pump at address 0 	25
128.1941 	DATA 	Keypress: o
128.1953 	DATA 	Keypress: o
128.1963 	DATA 	Keypress: o
128.2267 	Level WAIT 	25
129.1914 	DATA 	Keypress: o
129.2101 	Level RINSE 	25
131.1940 	DATA 	Keypress: o
131.2274 	Level jitter 	25
139.1888 	Level finished 	25
139.1903 	DATA 	Keypress: o
139.1916 	DATA 	Keypress: o
139.1928 	DATA 	Keypress: o
139.1940 	DATA 	Keypress: o
139.2109 	Level image=waterlogo.jpg 	25
140.2111 	Level injecting via pump at address 0 	25
146.1942 	DATA 	Keypress: o
146.1955 	DATA 	Keypress: o
146.1967 	DATA 	Keypress: o
146.2116 	Level WAIT 	25
147.1911 	DATA 	Keypress: o
147.1948 	Level RINSE 	25
149.1947 	DATA 	Keypress: o
149.2114 	Level jitter 	25
155.1888 	Level finished 	25
155.1906 	DATA 	Keypress: o
155.1920 	DATA 	Keypress: o
155.1932 	DATA 	Keypress: o
155.2120 	Level image=tasty.jpg 	25
156.2125 	Level injecting via pump at address 1 	25
162.1935 	DATA 	Keypress: o
162.1945 	DATA 	Keypress: o
162.1955 	DATA 	Keypress: o
162.2124 	Level WAIT 	25
163.1914 	DATA 	Keypress: o
163.1959 	Level RINSE 	25
165.1941 	DATA 	Keypress: o
165.2126 	Level jitter 	25
167.1888 	Level finished 	25
167.1901 	DATA 	Keypress: o
167.2132 	Level image=tasty.jpg 	25
168.2129 	Level injecting via pump at address 0 	25
174.1937 	DATA 	Keypress: o
174.1950 	DATA 	Keypress: o
174.1960 	DATA 	Keypress: o
174.2132 	Level WAIT 	25
175.1917 	DATA 	Keypress: o
175.1966 	Level RINSE 	25
177.1934 	DATA 	Keypress: o
177.2138 	Level jitter 	25
183.1888 	Level finished 	25
183.1899 	DATA 	Keypress: o
183.1909 	DATA 	Keypress: o
183.1918 	DATA 	Keypress: o
183.2139 	Level image=waterlogo.jpg 	25
184.2141 	Level injecting via pump at address 0 	25
190.1947 	DATA 	Keypress: o
190.1962 	DATA 	Keypress: o
190.1974 	DATA 	Keypress: o
190.2147 	Level WAIT 	25
191.1915 	DATA 	Keypress: o
191.1977 	Level RINSE 	25
193.1940 	DATA 	Keypress: o
193.2145 	Level jitter 	25
195.1888 	Level finished 	25
195.1900 	DATA 	Keypress: o
195.2147 	Level image=waterlogo.jpg 	25
196.2149 	Level injecting via pump at address 0 	25
202.1942 	DATA 	Keypress: o
202.1956 	DATA 	Keypress: o
202.1970 	DATA 	Keypress: o
202.2155 	Level WAIT 	25
203.1915 	DATA 	Keypress: o
203.2153 	Level RINSE 	25
205.1947 	DATA 	Keypress: o
205.2153 	Level jitter 	25
214.1888 	Level finished 	25
214.1902 	DATA 	Keypress: o
214.1914 	DATA 	Keypress: o
214.1926 	DATA 	Keypress: o
214.1938 	DATA 	Keypress: o
214.2164 	Level image=tasty.jpg 	25
215.1916 	DATA 	Keypress: o
215.2161 	Level injecting via pump at address 1 	25
221.1936 	DATA 	Keypress: o
221.1947 	DATA 	Keypress: o
221.1959 	DATA 	Keypress: o
221.2164 	Level WAIT 	25
222.2000 	Level RINSE 	25
224.1945 	DATA 	Keypress: o
224.2171 	Level jitter 	25
231.1888 	Level finished 	25
231.1902 	DATA 	Keypress: o
231.1914 	DATA 	Keypress: o
231.1924 	DATA 	Keypress: o
231.1935 	DATA 	Keypress: o
231.2171 	Level image=tasty.jpg 	25
232.2006 	Level injecting via pump at address 0 	25
238.1944 	DATA 	Keypress: o
238.1957 	DATA 	Keypress: o
238.1967 	DATA 	Keypress: o
238.2181 	Level WAIT 	25
239.1916 	DATA 	Keypress: o
239.2178 	Level RINSE 	25
241.1941 	DATA 	Keypress: o
241.2011 	Level jitter 	25
248.1888 	Level finished 	25
248.1901 	DATA 	Keypress: o
248.1912 	DATA 	Keypress: o
248.1922 	DATA 	Keypress: o
248.2185 	Level image=waterlogo.jpg 	25
249.1915 	DATA 	Keypress: o
249.2183 	Level injecting via pump at address 0 	25
255.1946 	DATA 	Keypress: o
255.1960 	DATA 	Keypress: o
255.1974 	DATA 	Keypress: o
255.2189 	Level WAIT 	25
256.2190 	Level RINSE 	25
258.1939 	DATA 	Keypress: o
258.2195 	Level jitter 	25
263.1888 	Level finished 	25
263.1901 	DATA 	Keypress: o
263.1912 	DATA 	Keypress: o
263.1925 	DATA 	Keypress: o
263.2027 	Level image=tasty.jpg 	25
264.2029 	Level injecting via pump at address 0 	25
270.1950 	DATA 	Keypress: o
270.1963 	DATA 	Keypress: o
270.1975 	DATA 	Keypress: o
270.2204 	Level WAIT 	25
271.1916 	DATA 	Keypress: o
271.2200 	Level RINSE 	25
273.1940 	DATA 	Keypress: o
273.2033 	Level jitter 	25
274.1888 	Level finished 	25
274.2202 	Level image=tasty.jpg 	25
275.1914 	DATA 	Keypress: o
275.2036 	Level injecting via pump at address 1 	25
281.1942 	DATA 	Keypress: o
281.1955 	DATA 	Keypress: o
281.1970 	DATA 	Keypress: o
281.2210 	Level WAIT 	25
282.2040 	Level RINSE 	25
284.1934 	DATA 	Keypress: o
284.2209 	Level jitter 	25
287.1888 	Level finished 	25
287.1904 	DATA 	Keypress: o
287.1917 	DATA 	Keypress: o
287.2210 	Level image=tasty.jpg 	25
288.2044 	Level injecting via pump at address 0 	25
294.1941 	DATA 	Keypress: o
294.1953 	DATA 	Keypress: o
294.1964 	DATA 	Keypress: o
294.2053 	Level WAIT 	25
295.1916 	DATA 	Keypress: o
295.2050 	Level RINSE 	25
297.1945 	DATA 	Keypress: o
297.2050 	Level jitter 	25
299.1888 	Level finished 	25
299.1900 	DATA 	Keypress: o
299.2220 	Level image=tasty.jpg 	25
300.2053 	Level injecting via pump at address 1 	25
306.1934 	DATA 	Keypress: o
306.1944 	DATA 	Keypress: o
306.1955 	DATA 	Keypress: o
306.2227 	Level WAIT 	25
307.1916 	DATA 	Keypress: o
307.2058 	Level RINSE 	25
309.1940 	DATA 	Keypress: o
309.2225 	Level jitter 	25
311.1888 	Level finished 	25
311.1899 	DATA 	Keypress: o
311.2060 	Level image=tasty.jpg 	25
312.2229 	Level injecting via pump at address 0 	25
318.1942 	DATA 	Keypress: o
318.1956 	DATA 	Keypress: o
318.1967 	DATA 	Keypress: o
318.2235 	Level WAIT 	25
319.1913 	DATA 	Keypress: o
319.2066 	Level RINSE 	25
321.1937 	DATA 	Keypress: o
321.2233 	Level jitter 	25
322.1887 	Level finished 	25
322.2068 	Level image=waterlogo.jpg 	25
323.1913 	DATA 	Keypress: o
323.2070 	Level injecting via pump at address 0 	25
329.1941 	DATA 	Keypress: o
329.1953 	DATA 	Keypress: o
329.1965 	DATA 	Keypress: o
329.2076 	Level WAIT 	25
330.2073 	Level RINSE 	25
332.1940 	DATA 	Keypress: o
332.2074 	Level jitter 	25
338.1888 	Level finished 	25
338.1906 	DATA 	Keypress: o
338.1919 	DATA 	Keypress: o
338.1931 	DATA 	Keypress: o
338.2080 	Level image=tasty.jpg 	25
339.1912 	DATA 	Keypress: o
339.2085 	Level injecting via pump at address 1 	25
345.1943 	DATA 	Keypress: o
345.1958 	DATA 	Keypress: o
345.1970 	DATA 	Keypress: o
345.2083 	Level WAIT 	25
346.2084 	Level RINSE 	25
348.1946 	DATA 	Keypress: o
348.2084 	Level jitter 	25
351.1888 	Level finished 	25
351.1902 	DATA 	Keypress: o
351.1914 	DATA 	Keypress: o
351.2094 	Level image=tasty.jpg 	25
352.2090 	Level injecting via pump at address 0 	25
358.1940 	DATA 	Keypress: o
358.1953 	DATA 	Keypress: o
358.1966 	DATA 	Keypress: o
358.2092 	Level WAIT 	25
359.1916 	DATA 	Keypress: o
359.2093 	Level RINSE 	25
361.1942 	DATA 	Keypress: o
361.2098 	Level jitter 	25
363.1888 	Level finished 	25
363.1902 	DATA 	Keypress: o
363.2096 	Level image=tasty.jpg 	25
364.2097 	Level injecting via pump at address 1 	25
370.1936 	DATA 	Keypress: o
370.1947 	DATA 	Keypress: o
370.1959 	DATA 	Keypress: o
370.2100 	Level WAIT 	25
371.1916 	DATA 	Keypress: o
371.2106 	Level RINSE 	25
373.1941 	DATA 	Keypress: o
373.2103 	Level jitter 	25
377.1888 	Level finished 	25
377.1902 	DATA 	Keypress: o
377.1914 	DATA 	Keypress: o
377.2106 	Level image=tasty.jpg 	25
378.1940 	Level injecting via pump at address 0 	25
384.1941 	DATA 	Keypress: o
384.1953 	DATA 	Keypress: o
384.1963 	DATA 	Keypress: o
384.2282 	Level WAIT 	25
385.1916 	DATA 	Keypress: o
385.2112 	Level RINSE 	25
387.1944 	DATA 	Keypress: o
387.2280 	Level jitter 	25
394.1888 	Level finished 	25
394.1902 	DATA 	Keypress: o
394.1914 	DATA 	Keypress: o
394.1926 	DATA 	Keypress: o
394.2122 	Level image=tasty.jpg 	25
395.1916 	DATA 	Keypress: o
395.2119 	Level injecting via pump at address 0 	25
401.1946 	DATA 	Keypress: o
401.1959 	DATA 	Keypress: o
401.1971 	DATA 	Keypress: o
401.2122 	Level WAIT 	25
402.2123 	Level RINSE 	25
404.1940 	DATA 	Keypress: o
404.2129 	Level jitter 	25
408.1888 	Level finished 	25
