78.7438 	DATA 	Keypress: o
78.7446 	Level start key press 	25
80.7432 	DATA 	Keypress: o
82.7433 	DATA 	Keypress: o
84.7435 	DATA 	Keypress: o
86.7437 	DATA 	Keypress: o
87.1747 	Level image=waterlogo.jpg 	25
88.1085 	Level injecting via pump at address 0 	25
94.0803 	DATA 	Keypress: o
94.0817 	DATA 	Keypress: o
94.0829 	DATA 	Keypress: o
94.1084 	Level WAIT 	25
95.0770 	DATA 	Keypress: o
95.0918 	Level RINSE 	25
97.0875 	DATA 	Keypress: o
97.1086 	Level jitter 	25
104.0746 	Level finished 	25
104.0758 	DATA 	Keypress: o
104.0768 	DATA 	Keypress: o
104.0777 	DATA 	Keypress: o
104.0929 	Level image=waterlogo.jpg 	25
105.0769 	DATA 	Keypress: o
105.0926 	Level injecting via pump at address 0 	25
111.0804 	DATA 	Keypress: o
111.0817 	DATA 	Keypress: o
111.0829 	DATA 	Keypress: o
111.0929 	Level WAIT 	25
112.0930 	Level RINSE 	25
114.0796 	DATA 	Keypress: o
114.0936 	Level jitter 	25
119.0746 	Level finished 	25
119.0758 	DATA 	Keypress: o
119.0770 	DATA 	Keypress: o
119.0782 	DATA 	Keypress: o
119.1102 	Level image=tasty.jpg 	25
120.0936 	Level injecting via pump at address 1 	25
126.0805 	DATA 	Keypress: o
126.0819 	DATA 	Keypress: o
126.0831 	DATA 	Keypress: o
126.0944 	Level WAIT 	25
127.0774 	DATA 	Keypress: o
127.0941 	Level RINSE 	25
129.0790 	DATA 	Keypress: o
129.0942 	Level jitter 	25
132.0746 	Level finished 	25
132.0758 	DATA 	Keypress: o
132.0945 	Level image=tasty.jpg 	25
133.0774 	DATA 	Keypress: o
133.0945 	Level injecting via pump at address 0 	25
139.0794 	DATA 	Keypress: o
139.0804 	DATA 	Keypress: o
139.0814 	DATA 	Keypress: o
139.0953 	Level WAIT 	25
140.0950 	Level RINSE 	25
142.0801 	DATA 	Keypress: o
142.0951 	Level jitter 	25
148.0746 	Level finished 	25
148.0763 	DATA 	Keypress: o
148.0776 	DATA 	Keypress: o
148.0792 	DATA 	Keypress: o
148.0955 	Level image=tasty.jpg 	25
149.0775 	DATA 	Keypress: o
149.0960 	Level injecting via pump at address 0 	25
155.0802 	DATA 	Keypress: o
155.0814 	DATA 	Keypress: o
155.0825 	DATA 	Keypress: o
155.0959 	Level WAIT 	25
156.0961 	Level RINSE 	25
158.0791 	DATA 	Keypress: o
158.0962 	Level jitter 	25
167.0746 	Level finished 	25
167.0758 	DATA 	Keypress: o
167.0768 	DATA 	Keypress: o
167.0778 	DATA 	Keypress: o
167.0788 	DATA 	Keypress: o
167.0797 	DATA 	Keypress: o
167.0972 	Level image=tasty.jpg 	25
168.0969 	Level injecting via pump at address 1 	25
174.0801 	DATA 	Keypress: o
174.0819 	DATA 	Keypress: o
174.0831 	DATA 	Keypress: o
174.0974 	Level WAIT 	25
175.0774 	DATA 	Keypress: o
175.0974 	Level RINSE 	25
177.0800 	DATA 	Keypress: o
177.0979 	Level jitter 	25
183.0746 	Level finished 	25
183.0761 	DATA 	Keypress: o
183.0773 	DATA 	Keypress: o
183.0785 	DATA 	Keypress: o
183.0979 	Level image=tasty.jpg 	25
184.0980 	Level injecting via pump at address 0 	25
190.0801 	DATA 	Keypress: o
190.0814 	DATA 	Keypress: o
190.0825 	DATA 	Keypress: o
190.0989 	Level WAIT 	25
191.0771 	DATA 	Keypress: o
191.0985 	Level RINSE 	25
193.0801 	DATA 	Keypress: o
193.0986 	Level jitter 	25
196.0746 	Level finished 	25
196.0759 	DATA 	Keypress: o
196.0988 	Level image=tasty.jpg 	25
197.0769 	DATA 	Keypress: o
197.0989 	Level injecting via pump at address 1 	25
203.0801 	DATA 	Keypress: o
203.0814 	DATA 	Keypress: o
203.0826 	DATA 	Keypress: o
203.0998 	Level WAIT 	25
204.0827 	Level RINSE 	25
206.0800 	DATA 	Keypress: o
206.0994 	Level jitter 	25
211.0746 	Level finished 	25
211.0758 	DATA 	Keypress: o
211.0770 	DATA 	Keypress: o
211.0783 	DATA 	Keypress: o
211.0998 	Level image=tasty.jpg 	25
212.0999 	Level injecting via pump at address 0 	25
218.0795 	DATA 	Keypress: o
218.0806 	DATA 	Keypress: o
218.0816 	DATA 	Keypress: o
218.1008 	Level WAIT 	25
219.0775 	DATA 	Keypress: o
219.1005 	Level RINSE 	25
221.0791 	DATA 	Keypress: o
221.1005 	Level jitter 	25
222.0746 	Level finished 	25
222.1006 	Level image=waterlogo.jpg 	25
223.0770 	DATA 	Keypress: o
223.0840 	Level injecting via pump at address 0 	25
229.0802 	DATA 	Keypress: o
229.0816 	DATA 	Keypress: o
229.0828 	DATA 	Keypress: o
229.1016 	Level WAIT 	25
230.1012 	Level RINSE 	25
232.0801 	DATA 	Keypress: o
232.0846 	Level jitter 	25
237.0746 	Level finished 	25
237.0760 	DATA 	Keypress: o
237.0775 	DATA 	Keypress: o
237.0788 	DATA 	Keypress: o
237.1016 	Level image=waterlogo.jpg 	25
238.0851 	Level injecting via pump at address 0 	25
244.0802 	DATA 	Keypress: o
244.0816 	DATA 	Keypress: o
244.0827 	DATA 	Keypress: o
244.1026 	Level WAIT 	25
245.0774 	DATA 	Keypress: o
245.0855 	Level RINSE 	25
247.0804 	DATA 	Keypress: o
247.1024 	Level jitter 	25
250.0746 	Level finished 	25
250.0759 	DATA 	Keypress: o
250.1025 	Level image=tasty.jpg 	25
251.0772 	DATA 	Keypress: o
251.0860 	Level injecting via pump at address 0 	25
257.0800 	DATA 	Keypress: o
257.0813 	DATA 	Keypress: o
257.0829 	DATA 	Keypress: o
257.1034 	Level WAIT 	25
258.0865 	Level RINSE 	25
260.0802 	DATA 	Keypress: o
260.0865 	Level jitter 	25
266.0746 	Level finished 	25
266.0759 	DATA 	Keypress: o
266.0770 	DATA 	Keypress: o
266.0780 	DATA 	Keypress: o
266.0870 	Level image=waterlogo.jpg 	25
267.0770 	DATA 	Keypress: o
267.0875 	Level injecting via pump at address 0 	25
273.0800 	DATA 	Keypress: o
273.0812 	DATA 	Keypress: o
273.0822 	DATA 	Keypress: o
273.1041 	Level WAIT 	25
274.0875 	Level RINSE 	25
276.0796 	DATA 	Keypress: o
276.0877 	Level jitter 	25
278.0746 	Level finished 	25
278.0757 	DATA 	Keypress: o
278.1049 	Level image=waterlogo.jpg 	25
279.0776 	DATA 	Keypress: o
279.0879 	Level injecting via pump at address 0 	25
285.0802 	DATA 	Keypress: o
285.0814 	DATA 	Keypress: o
285.0824 	DATA 	Keypress: o
285.0883 	Level WAIT 	25
286.0885 	Level RINSE 	25
288.0801 	DATA 	Keypress: o
288.0889 	Level jitter 	25
296.0746 	Level finished 	25
296.0759 	DATA 	Keypress: o
296.0770 	DATA 	Keypress: o
296.0781 	DATA 	Keypress: o
296.0791 	DATA 	Keypress: o
296.1057 	Level image=tasty.jpg 	25
297.0777 	DATA 	Keypress: o
297.1058 	Level injecting via pump at address 0 	25
303.0800 	DATA 	Keypress: o
303.0813 	DATA 	Keypress: o
303.0825 	DATA 	Keypress: o
303.1067 	Level WAIT 	25
304.0896 	Level RINSE 	25
306.0800 	DATA 	Keypress: o
306.1064 	Level jitter 	25
311.0746 	Level finished 	25
311.0758 	DATA 	Keypress: o
311.0769 	DATA 	Keypress: o
311.0779 	DATA 	Keypress: o
311.1068 	Level image=waterlogo.jpg 	25
312.0902 	Level injecting via pump at address 0 	25
318.0805 	DATA 	Keypress: o
318.0817 	DATA 	Keypress: o
318.0827 	DATA 	Keypress: o
318.1077 	Level WAIT 	25
319.0771 	DATA 	Keypress: o
319.1074 	Level RINSE 	25
321.0793 	DATA 	Keypress: o
321.1074 	Level jitter 	25
326.0746 	Level finished 	25
326.0766 	DATA 	Keypress: o
326.0781 	DATA 	Keypress: o
326.0912 	Level image=tasty.jpg 	25
327.0774 	DATA 	Keypress: o
327.0913 	Level injecting via pump at address 0 	25
333.0802 	DATA 	Keypress: o
333.0816 	DATA 	Keypress: o
333.0828 	DATA 	Keypress: o
333.1088 	Level WAIT 	25
334.0917 	Level RINSE 	25
336.0796 	DATA 	Keypress: o
336.0918 	Level jitter 	25
343.0746 	Level finished 	25
343.0758 	DATA 	Keypress: o
343.0769 	DATA 	Keypress: o
343.0779 	DATA 	Keypress: o
343.0790 	DATA 	Keypress: o
343.1094 	Level image=tasty.jpg 	25
344.0924 	Level injecting via pump at address 1 	25
350.0797 	DATA 	Keypress: o
350.0810 	DATA 	Keypress: o
350.0822 	DATA 	Keypress: o
350.1094 	Level WAIT 	25
351.0774 	DATA 	Keypress: o
351.0928 	Level RINSE 	25
353.0804 	DATA 	Keypress: o
353.1099 	Level jitter 	25
357.0746 	Level finished 	25
357.0758 	DATA 	Keypress: o
357.0768 	DATA 	Keypress: o
357.0934 	Level image=tasty.jpg 	25
358.0934 	Level injecting via pump at address 0 	25
364.0795 	DATA 	Keypress: o
364.0805 	DATA 	Keypress: o
364.0814 	DATA 	Keypress: o
364.0941 	Level WAIT 	25
365.0773 	DATA 	Keypress: o
365.0938 	Level RINSE 	25
367.0797 	DATA 	Keypress: o
367.0939 	Level jitter 	25
370.0746 	Level finished 	25
370.0759 	DATA 	Keypress: o
370.0942 	Level image=tasty.jpg 	25
371.0773 	DATA 	Keypress: o
371.0943 	Level injecting via pump at address 1 	25
377.0808 	DATA 	Keypress: o
377.0820 	DATA 	Keypress: o
377.0831 	DATA 	Keypress: o
377.0951 	Level WAIT 	25
378.0947 	Level RINSE 	25
380.0796 	DATA 	Keypress: o
380.0948 	Level jitter 	25
385.0746 	Level finished 	25
385.0759 	DATA 	Keypress: o
385.0770 	DATA 	Keypress: o
385.0781 	DATA 	Keypress: o
385.0953 	Level image=tasty.jpg 	25
386.0954 	Level injecting via pump at address 0 	25
392.0797 	DATA 	Keypress: o
392.0810 	DATA 	Keypress: o
392.0822 	DATA 	Keypress: o
392.0961 	Level WAIT 	25
393.0775 	DATA 	Keypress: o
393.0957 	Level RINSE 	25
395.0807 	DATA 	Keypress: o
395.0959 	Level jitter 	25
396.0746 	Level finished 	25
396.0960 	Level image=tasty.jpg 	25
397.0772 	DATA 	Keypress: o
397.0961 	Level injecting via pump at address 1 	25
403.0793 	DATA 	Keypress: o
403.0805 	DATA 	Keypress: o
403.0817 	DATA 	Keypress: o
403.1136 	Level WAIT 	25
404.0965 	Level RINSE 	25
406.0800 	DATA 	Keypress: o
406.0966 	Level jitter 	25
415.0746 	Level finished 	25
415.0761 	DATA 	Keypress: o
415.0777 	DATA 	Keypress: o
415.0794 	DATA 	Keypress: o
415.0806 	DATA 	Keypress: o
415.0819 	DATA 	Keypress: o
415.1144 	Level image=tasty.jpg 	25
416.0807 	Level injecting via pump at address 1 	25
422.0801 	DATA 	Keypress: o
422.0814 	DATA 	Keypress: o
422.0826 	DATA 	Keypress: o
422.0977 	Level WAIT 	25
423.0770 	DATA 	Keypress: o
423.0978 	Level RINSE 	25
425.0799 	DATA 	Keypress: o
425.0983 	Level jitter 	25
434.0746 	Level finished 	25
434.0764 	DATA 	Keypress: o
434.0777 	DATA 	Keypress: o
434.0790 	DATA 	Keypress: o
434.0802 	DATA 	Keypress: o
434.1154 	Level image=tasty.jpg 	25
435.0774 	DATA 	Keypress: o
435.0825 	Level injecting via pump at address 0 	25
441.0797 	DATA 	Keypress: o
441.0809 	DATA 	Keypress: o
441.0822 	DATA 	Keypress: o
441.0990 	Level WAIT 	25
442.0992 	Level RINSE 	25
444.0801 	DATA 	Keypress: o
444.0826 	Level jitter 	25
446.0746 	Level finished 	25
