48.3726 	DATA 	Keypress: o
48.3732 	Level start key press 	25
50.3776 	DATA 	Keypress: o
52.3779 	DATA 	Keypress: o
54.3782 	DATA 	Keypress: o
56.3785 	DATA 	Keypress: o
56.8927 	Level image=waterlogo.jpg 	25
57.8428 	Level injecting via pump at address 0 	25
63.8316 	DATA 	Keypress: o
63.8329 	DATA 	Keypress: o
63.8339 	DATA 	Keypress: o
63.8438 	Level WAIT 	25
64.8285 	DATA 	Keypress: o
64.8436 	Level RINSE 	25
66.8386 	DATA 	Keypress: o
66.8606 	Level jitter 	25
68.8261 	Level finished 	25
68.8272 	DATA 	Keypress: o
68.8608 	Level image=tasty.jpg 	25
69.8442 	Level injecting via pump at address 1 	25
75.8313 	DATA 	Keypress: o
75.8325 	DATA 	Keypress: o
75.8337 	DATA 	Keypress: o
75.8453 	Level WAIT 	25
76.8284 	DATA 	Keypress: o
76.8451 	Level RINSE 	25
78.8311 	DATA 	Keypress: o
78.8452 	Level jitter 	25
80.8261 	Level finished 	25
80.8275 	DATA 	Keypress: o
80.8623 	Level image=tasty.jpg 	25
81.8457 	Level injecting via pump at address 0 	25
87.8317 	DATA 	Keypress: o
87.8330 	DATA 	Keypress: o
87.8342 	DATA 	Keypress: o
87.8468 	Level WAIT 	25
88.8288 	DATA 	Keypress: o
88.8465 	Level RINSE 	25
90.8320 	DATA 	Keypress: o
90.8633 	Level jitter 	25
95.8261 	Level finished 	25
95.8273 	DATA 	Keypress: o
95.8283 	DATA 	Keypress: o
95.8473 	Level image=tasty.jpg 	25
96.8288 	DATA 	Keypress: o
96.8474 	Level injecting via pump at address 1 	25
102.8319 	DATA 	Keypress: o
102.8331 	DATA 	Keypress: o
102.8342 	DATA 	Keypress: o
102.8651 	Level WAIT 	25
103.8315 	Level RINSE 	25
105.8306 	DATA 	Keypress: o
105.8485 	Level jitter 	25
111.8261 	Level finished 	25
111.8272 	DATA 	Keypress: o
111.8284 	DATA 	Keypress: o
111.8295 	DATA 	Keypress: o
111.8492 	Level image=tasty.jpg 	25
112.8290 	DATA 	Keypress: o
112.8331 	Level injecting via pump at address 0 	25
118.8313 	DATA 	Keypress: o
118.8325 	DATA 	Keypress: o
118.8336 	DATA 	Keypress: o
118.8666 	Level WAIT 	25
119.8334 	Level RINSE 	25
121.8311 	DATA 	Keypress: o
121.8503 	Level jitter 	25
123.8261 	Level finished 	25
123.8274 	DATA 	Keypress: o
123.8510 	Level image=waterlogo.jpg 	25
124.8285 	DATA 	Keypress: o
124.8507 	Level injecting via pump at address 0 	25
130.8316 	DATA 	Keypress: o
130.8328 	DATA 	Keypress: o
130.8338 	DATA 	Keypress: o
130.8513 	Level WAIT 	25
131.8348 	Level RINSE 	25
133.8311 	DATA 	Keypress: o
133.8521 	Level jitter 	25
142.8261 	Level finished 	25
142.8275 	DATA 	Keypress: o
142.8289 	DATA 	Keypress: o
142.8302 	DATA 	Keypress: o
142.8314 	DATA 	Keypress: o
142.8325 	DATA 	Keypress: o
142.8528 	Level image=tasty.jpg 	25
143.8534 	Level injecting via pump at address 0 	25
149.8328 	DATA 	Keypress: o
149.8344 	DATA 	Keypress: o
149.8357 	DATA 	Keypress: o
149.8535 	Level WAIT 	25
150.8292 	DATA 	Keypress: o
150.8370 	Level RINSE 	25
152.8308 	DATA 	Keypress: o
152.8539 	Level jitter 	25
153.8261 	Level finished 	25
153.8378 	Level image=waterlogo.jpg 	25
154.8288 	DATA 	Keypress: o
154.8542 	Level injecting via pump at address 0 	25
160.8317 	DATA 	Keypress: o
160.8331 	DATA 	Keypress: o
160.8343 	DATA 	Keypress: o
160.8549 	Level WAIT 	25
161.8550 	Level RINSE 	25
163.8312 	DATA 	Keypress: o
163.8557 	Level jitter 	25
169.8261 	Level finished 	25
169.8276 	DATA 	Keypress: o
169.8291 	DATA 	Keypress: o
169.8301 	DATA 	Keypress: o
169.8560 	Level image=tasty.jpg 	25
170.8293 	DATA 	Keypress: o
170.8561 	Level injecting via pump at address 0 	25
176.8326 	DATA 	Keypress: o
176.8340 	DATA 	Keypress: o
176.8353 	DATA 	Keypress: o
176.8571 	Level WAIT 	25
177.8569 	Level RINSE 	25
179.8311 	DATA 	Keypress: o
179.8570 	Level jitter 	25
187.8261 	Level finished 	25
187.8276 	DATA 	Keypress: o
187.8291 	DATA 	Keypress: o
187.8304 	DATA 	Keypress: o
187.8316 	DATA 	Keypress: o
187.8419 	Level image=tasty.jpg 	25
188.8289 	DATA 	Keypress: o
188.8416 	Level injecting via pump at address 1 	25
194.8314 	DATA 	Keypress: o
194.8328 	DATA 	Keypress: o
194.8339 	DATA 	Keypress: o
194.8421 	Level WAIT 	25
195.8423 	Level RINSE 	25
197.8310 	DATA 	Keypress: o
197.8428 	Level jitter 	25
202.8261 	Level finished 	25
202.8277 	DATA 	Keypress: o
202.8290 	DATA 	Keypress: o
202.8302 	DATA 	Keypress: o
202.8599 	Level image=tasty.jpg 	25
203.8432 	Level injecting via pump at address 0 	25
209.8315 	DATA 	Keypress: o
209.8328 	DATA 	Keypress: o
209.8340 	DATA 	Keypress: o
209.8442 	Level WAIT 	25
210.8291 	DATA 	Keypress: o
210.8440 	Level RINSE 	25
212.8313 	DATA 	Keypress: o
212.8443 	Level jitter 	25
219.8261 	Level finished 	25
219.8273 	DATA 	Keypress: o
219.8285 	DATA 	Keypress: o
219.8296 	DATA 	Keypress: o
219.8455 	Level image=waterlogo.jpg 	25
220.8290 	DATA 	Keypress: o
220.8452 	Level injecting via pump at address 0 	25
226.8314 	DATA 	Keypress: o
226.8325 	DATA 	Keypress: o
226.8335 	DATA 	Keypress: o
226.8459 	Level WAIT 	25
227.8461 	Level RINSE 	25
229.8307 	DATA 	Keypress: o
229.8467 	Level jitter 	25
235.8261 	Level finished 	25
235.8274 	DATA 	Keypress: o
235.8288 	DATA 	Keypress: o
235.8300 	DATA 	Keypress: o
235.8469 	Level image=waterlogo.jpg 	25
236.8288 	DATA 	Keypress: o
236.8471 	Level injecting via pump at address 0 	25
242.8316 	DATA 	Keypress: o
242.8329 	DATA 	Keypress: o
242.8342 	DATA 	Keypress: o
242.8482 	Level WAIT 	25
243.8480 	Level RINSE 	25
245.8304 	DATA 	Keypress: o
245.8482 	Level jitter 	25
247.8261 	Level finished 	25
247.8272 	DATA 	Keypress: o
247.8484 	Level image=tasty.jpg 	25
248.8285 	DATA 	Keypress: o
248.8486 	Level injecting via pump at address 0 	25
254.8317 	DATA 	Keypress: o
254.8328 	DATA 	Keypress: o
254.8338 	DATA 	Keypress: o
254.8496 	Level WAIT 	25
255.8494 	Level RINSE 	25
257.8310 	DATA 	Keypress: o
257.8496 	Level jitter 	25
264.8261 	Level finished 	25
264.8274 	DATA 	Keypress: o
264.8286 	DATA 	Keypress: o
264.8298 	DATA 	Keypress: o
264.8310 	DATA 	Keypress: o
264.8508 	Level image=tasty.jpg 	25
265.8338 	Level injecting via pump at address 1 	25
271.8312 	DATA 	Keypress: o
271.8325 	DATA 	Keypress: o
271.8335 	DATA 	Keypress: o
271.8512 	Level WAIT 	25
272.8285 	DATA 	Keypress: o
272.8346 	Level RINSE 	25
274.8311 	DATA 	Keypress: o
274.8520 	Level jitter 	25
282.8261 	Level finished 	25
282.8274 	DATA 	Keypress: o
282.8286 	DATA 	Keypress: o
282.8299 	DATA 	Keypress: o
282.8311 	DATA 	Keypress: o
282.8525 	Level image=waterlogo.jpg 	25
283.8526 	Level injecting via pump at address 0 	25
289.8322 	DATA 	Keypress: o
289.8335 	DATA 	Keypress: o
289.8346 	DATA 	Keypress: o
289.8537 	Level WAIT 	25
290.8289 	DATA 	Keypress: o
290.8367 	Level RINSE 	25
292.8317 	DATA 	Keypress: o
292.8536 	Level jitter 	25
300.8261 	Level finished 	25
300.8273 	DATA 	Keypress: o
300.8284 	DATA 	Keypress: o
300.8295 	DATA 	Keypress: o
300.8306 	DATA 	Keypress: o
300.8551 	Level image=tasty.jpg 	25
301.8549 	Level injecting via pump at address 1 	25
307.8307 	DATA 	Keypress: o
307.8318 	DATA 	Keypress: o
307.8330 	DATA 	Keypress: o
307.8554 	Level WAIT 	25
308.8286 	DATA 	Keypress: o
308.8556 	Level RINSE 	25
310.8313 	DATA 	Keypress: o
310.8561 	Level jitter 	25
312.8261 	Level finished 	25
312.8275 	DATA 	Keypress: o
312.8394 	Level image=tasty.jpg 	25
313.8395 	Level injecting via pump at address 0 	25
319.8316 	DATA 	Keypress: o
319.8329 	DATA 	Keypress: o
319.8341 	DATA 	Keypress: o
319.8568 	Level WAIT 	25
320.8288 	DATA 	Keypress: o
320.8573 	Level RINSE 	25
322.8314 	DATA 	Keypress: o
322.8405 	Level jitter 	25
326.8261 	Level finished 	25
326.8274 	DATA 	Keypress: o
326.8288 	DATA 	Keypress: o
326.8576 	Level image=tasty.jpg 	25
327.8578 	Level injecting via pump at address 1 	25
333.8322 	DATA 	Keypress: o
333.8336 	DATA 	Keypress: o
333.8349 	DATA 	Keypress: o
333.8589 	Level WAIT 	25
334.8285 	DATA 	Keypress: o
334.8419 	Level RINSE 	25
336.8312 	DATA 	Keypress: o
336.8587 	Level jitter 	25
339.8261 	Level finished 	25
339.8274 	DATA 	Keypress: o
339.8592 	Level image=tasty.jpg 	25
340.8286 	DATA 	Keypress: o
340.8427 	Level injecting via pump at address 0 	25
346.8308 	DATA 	Keypress: o
346.8320 	DATA 	Keypress: o
346.8330 	DATA 	Keypress: o
346.8437 	Level WAIT 	25
347.8434 	Level RINSE 	25
349.8309 	DATA 	Keypress: o
349.8603 	Level jitter 	25
357.8261 	Level finished 	25
357.8274 	DATA 	Keypress: o
357.8287 	DATA 	Keypress: o
357.8298 	DATA 	Keypress: o
357.8310 	DATA 	Keypress: o
357.8618 	Level image=waterlogo.jpg 	25
358.8288 	DATA 	Keypress: o
358.8448 	Level injecting via pump at address 0 	25
364.8311 	DATA 	Keypress: o
364.8322 	DATA 	Keypress: o
364.8333 	DATA 	Keypress: o
364.8620 	Level WAIT 	25
365.8455 	Level RINSE 	25
367.8306 	DATA 	Keypress: o
367.8462 	Level jitter 	25
372.8261 	Level finished 	25
372.8275 	DATA 	Keypress: o
372.8289 	DATA 	Keypress: o
372.8299 	DATA 	Keypress: o
372.8463 	Level image=tasty.jpg 	25
373.8465 	Level injecting via pump at address 1 	25
379.8313 	DATA 	Keypress: o
379.8326 	DATA 	Keypress: o
379.8336 	DATA 	Keypress: o
379.8476 	Level WAIT 	25
380.8283 	DATA 	Keypress: o
380.8473 	Level RINSE 	25
382.8310 	DATA 	Keypress: o
382.8476 	Level jitter 	25
389.8261 	Level finished 	25
389.8273 	DATA 	Keypress: o
389.8282 	DATA 	Keypress: o
389.8291 	DATA 	Keypress: o
389.8487 	Level image=tasty.jpg 	25
390.8285 	DATA 	Keypress: o
390.8318 	Level injecting via pump at address 0 	25
396.8316 	DATA 	Keypress: o
396.8331 	DATA 	Keypress: o
396.8343 	DATA 	Keypress: o
396.8492 	Level WAIT 	25
397.8493 	Level RINSE 	25
399.8310 	DATA 	Keypress: o
399.8500 	Level jitter 	25
407.8261 	Level finished 	25
407.8276 	DATA 	Keypress: o
407.8288 	DATA 	Keypress: o
407.8300 	DATA 	Keypress: o
407.8312 	DATA 	Keypress: o
407.8505 	Level image=tasty.jpg 	25
408.8287 	DATA 	Keypress: o
408.8506 	Level injecting via pump at address 0 	25
414.8322 	DATA 	Keypress: o
414.8336 	DATA 	Keypress: o
414.8348 	DATA 	Keypress: o
414.8518 	Level WAIT 	25
415.8347 	Level RINSE 	25
417.8314 	DATA 	Keypress: o
417.8515 	Level jitter 	25
424.8261 	Level finished 	25
