58.9019 	DATA 	Keypress: o
58.9032 	Level start key press 	25
60.9227 	DATA 	Keypress: o
62.9062 	DATA 	Keypress: o
64.9063 	DATA 	Keypress: o
66.9064 	DATA 	Keypress: o
67.4374 	Level image=waterlogo.jpg 	25
68.3875 	Level injecting via pump at address 0 	25
74.3758 	DATA 	Keypress: o
74.3771 	DATA 	Keypress: o
74.3781 	DATA 	Keypress: o
74.3884 	Level WAIT 	25
75.3735 	DATA 	Keypress: o
75.3881 	Level RINSE 	25
77.3838 	DATA 	Keypress: o
77.4048 	Level jitter 	25
86.3707 	Level finished 	25
86.3720 	DATA 	Keypress: o
86.3730 	DATA 	Keypress: o
86.3742 	DATA 	Keypress: o
86.3753 	DATA 	Keypress: o
86.3892 	Level image=waterlogo.jpg 	25
87.3731 	DATA 	Keypress: o
87.3889 	Level injecting via pump at address 0 	25
93.3763 	DATA 	Keypress: o
93.3775 	DATA 	Keypress: o
93.3787 	DATA 	Keypress: o
93.3892 	Level WAIT 	25
94.3893 	Level RINSE 	25
96.3753 	DATA 	Keypress: o
96.3897 	Level jitter 	25
101.3707 	Level finished 	25
101.3720 	DATA 	Keypress: o
101.3730 	DATA 	Keypress: o
101.3739 	DATA 	Keypress: o
101.4064 	Level image=tasty.jpg 	25
102.3899 	Level injecting via pump at address 0 	25
108.3756 	DATA 	Keypress: o
108.3767 	DATA 	Keypress: o
108.3779 	DATA 	Keypress: o
108.3906 	Level WAIT 	25
109.3735 	DATA 	Keypress: o
109.3903 	Level RINSE 	25
111.3752 	DATA 	Keypress: o
111.3904 	Level jitter 	25
112.3707 	Level finished 	25
112.3905 	Level image=tasty.jpg 	25
113.3731 	DATA 	Keypress: o
113.3907 	Level injecting via pump at address 1 	25
119.3761 	DATA 	Keypress: o
119.3773 	DATA 	Keypress: o
119.3783 	DATA 	Keypress: o
119.3915 	Level WAIT 	25
120.3912 	Level RINSE 	25
122.3761 	DATA 	Keypress: o
122.3912 	Level jitter 	25
127.3707 	Level finished 	25
127.3720 	DATA 	Keypress: o
127.3730 	DATA 	Keypress: o
127.3742 	DATA 	Keypress: o
127.3916 	Level image=tasty.jpg 	25
128.3917 	Level injecting via pump at address 0 	25
134.3758 	DATA 	Keypress: o
134.3768 	DATA 	Keypress: o
134.3778 	DATA 	Keypress: o
134.3925 	Level WAIT 	25
135.3731 	DATA 	Keypress: o
135.3921 	Level RINSE 	25
137.3753 	DATA 	Keypress: o
137.3922 	Level jitter 	25
141.3707 	Level finished 	25
141.3721 	DATA 	Keypress: o
141.3733 	DATA 	Keypress: o
141.3926 	Level image=waterlogo.jpg 	25
142.3761 	Level injecting via pump at address 0 	25
148.3753 	DATA 	Keypress: o
148.3763 	DATA 	Keypress: o
148.3772 	DATA 	Keypress: o
148.4101 	Level WAIT 	25
149.3732 	DATA 	Keypress: o
149.3931 	Level RINSE 	25
151.3756 	DATA 	Keypress: o
151.3932 	Level jitter 	25
153.3707 	Level finished 	25
153.3721 	DATA 	Keypress: o
153.3934 	Level image=tasty.jpg 	25
154.3935 	Level injecting via pump at address 0 	25
160.3763 	DATA 	Keypress: o
160.3776 	DATA 	Keypress: o
160.3787 	DATA 	Keypress: o
160.3943 	Level WAIT 	25
161.3735 	DATA 	Keypress: o
161.3772 	Level RINSE 	25
163.3757 	DATA 	Keypress: o
163.3941 	Level jitter 	25
171.3707 	Level finished 	25
171.3722 	DATA 	Keypress: o
171.3734 	DATA 	Keypress: o
171.3745 	DATA 	Keypress: o
171.3755 	DATA 	Keypress: o
171.3950 	Level image=waterlogo.jpg 	25
172.3947 	Level injecting via pump at address 0 	25
178.3758 	DATA 	Keypress: o
178.3768 	DATA 	Keypress: o
178.3777 	DATA 	Keypress: o
178.3951 	Level WAIT 	25
179.3735 	DATA 	Keypress: o
179.3951 	Level RINSE 	25
181.3770 	DATA 	Keypress: o
181.3956 	Level jitter 	25
186.3707 	Level finished 	25
186.3720 	DATA 	Keypress: o
186.3730 	DATA 	Keypress: o
186.3956 	Level image=tasty.jpg 	25
187.3731 	DATA 	Keypress: o
187.3957 	Level injecting via pump at address 1 	25
193.3759 	DATA 	Keypress: o
193.3772 	DATA 	Keypress: o
193.3782 	DATA 	Keypress: o
193.3965 	Level WAIT 	25
194.3962 	Level RINSE 	25
196.3761 	DATA 	Keypress: o
196.3963 	Level jitter 	25
198.3707 	Level finished 	25
198.3719 	DATA 	Keypress: o
198.3965 	Level image=tasty.jpg 	25
199.3735 	DATA 	Keypress: o
199.3966 	Level injecting via pump at address 0 	25
205.3757 	DATA 	Keypress: o
205.3768 	DATA 	Keypress: o
205.3778 	DATA 	Keypress: o
205.3974 	Level WAIT 	25
206.3971 	Level RINSE 	25
208.3760 	DATA 	Keypress: o
208.3804 	Level jitter 	25
211.3707 	Level finished 	25
211.3721 	DATA 	Keypress: o
211.3731 	DATA 	Keypress: o
211.3974 	Level image=waterlogo.jpg 	25
212.3975 	Level injecting via pump at address 0 	25
218.3762 	DATA 	Keypress: o
218.3774 	DATA 	Keypress: o
218.3784 	DATA 	Keypress: o
218.3982 	Level WAIT 	25
219.3732 	DATA 	Keypress: o
219.3980 	Level RINSE 	25
221.3764 	DATA 	Keypress: o
221.3981 	Level jitter 	25
229.3707 	Level finished 	25
229.3722 	DATA 	Keypress: o
229.3735 	DATA 	Keypress: o
229.3747 	DATA 	Keypress: o
229.3759 	DATA 	Keypress: o
229.3990 	Level image=tasty.jpg 	25
230.3821 	Level injecting via pump at address 0 	25
236.3762 	DATA 	Keypress: o
236.3774 	DATA 	Keypress: o
236.3787 	DATA 	Keypress: o
236.3991 	Level WAIT 	25
237.3731 	DATA 	Keypress: o
237.3825 	Level RINSE 	25
239.3758 	DATA 	Keypress: o
239.3830 	Level jitter 	25
241.3707 	Level finished 	25
241.3719 	DATA 	Keypress: o
241.3994 	Level image=tasty.jpg 	25
242.3828 	Level injecting via pump at address 1 	25
248.3758 	DATA 	Keypress: o
248.3772 	DATA 	Keypress: o
248.3783 	DATA 	Keypress: o
248.3832 	Level WAIT 	25
249.3737 	DATA 	Keypress: o
249.3837 	Level RINSE 	25
251.3757 	DATA 	Keypress: o
251.4001 	Level jitter 	25
260.3707 	Level finished 	25
260.3720 	DATA 	Keypress: o
260.3731 	DATA 	Keypress: o
260.3743 	DATA 	Keypress: o
260.3755 	DATA 	Keypress: o
260.4011 	Level image=waterlogo.jpg 	25
261.3735 	DATA 	Keypress: o
261.3842 	Level injecting via pump at address 0 	25
267.3762 	DATA 	Keypress: o
267.3774 	DATA 	Keypress: o
267.3786 	DATA 	Keypress: o
267.3845 	Level WAIT 	25
268.3846 	Level RINSE 	25
270.3754 	DATA 	Keypress: o
270.3851 	Level jitter 	25
278.3707 	Level finished 	25
278.3720 	DATA 	Keypress: o
278.3730 	DATA 	Keypress: o
278.3739 	DATA 	Keypress: o
278.3748 	DATA 	Keypress: o
278.4021 	Level image=tasty.jpg 	25
279.3731 	DATA 	Keypress: o
279.4022 	Level injecting via pump at address 0 	25
285.3755 	DATA 	Keypress: o
285.3765 	DATA 	Keypress: o
285.3774 	DATA 	Keypress: o
285.4028 	Level WAIT 	25
286.3859 	Level RINSE 	25
288.3757 	DATA 	Keypress: o
288.4026 	Level jitter 	25
290.3707 	Level finished 	25
290.3721 	DATA 	Keypress: o
290.4029 	Level image=waterlogo.jpg 	25
291.3735 	DATA 	Keypress: o
291.4030 	Level injecting via pump at address 0 	25
297.3755 	DATA 	Keypress: o
297.3766 	DATA 	Keypress: o
297.3777 	DATA 	Keypress: o
297.4036 	Level WAIT 	25
298.3867 	Level RINSE 	25
300.3761 	DATA 	Keypress: o
300.4035 	Level jitter 	25
307.3707 	Level finished 	25
307.3720 	DATA 	Keypress: o
307.3730 	DATA 	Keypress: o
307.3742 	DATA 	Keypress: o
307.3753 	DATA 	Keypress: o
307.4045 	Level image=tasty.jpg 	25
308.3874 	Level injecting via pump at address 1 	25
314.3753 	DATA 	Keypress: o
314.3764 	DATA 	Keypress: o
314.3774 	DATA 	Keypress: o
314.3878 	Level WAIT 	25
315.3731 	DATA 	Keypress: o
315.3879 	Level RINSE 	25
317.3758 	DATA 	Keypress: o
317.3885 	Level jitter 	25
322.3707 	Level finished 	25
322.3722 	DATA 	Keypress: o
322.3734 	DATA 	Keypress: o
322.4052 	Level image=tasty.jpg 	25
323.3732 	DATA 	Keypress: o
323.3885 	Level injecting via pump at address 0 	25
329.3758 	DATA 	Keypress: o
329.3768 	DATA 	Keypress: o
329.3779 	DATA 	Keypress: o
329.4058 	Level WAIT 	25
330.3890 	Level RINSE 	25
332.3754 	DATA 	Keypress: o
332.4057 	Level jitter 	25
334.3707 	Level finished 	25
334.3719 	DATA 	Keypress: o
334.3892 	Level image=tasty.jpg 	25
335.3735 	DATA 	Keypress: o
335.4061 	Level injecting via pump at address 1 	25
341.3763 	DATA 	Keypress: o
341.3774 	DATA 	Keypress: o
341.3784 	DATA 	Keypress: o
341.4067 	Level WAIT 	25
342.3898 	Level RINSE 	25
344.3769 	DATA 	Keypress: o
344.4065 	Level jitter 	25
347.3707 	Level finished 	25
347.3720 	DATA 	Keypress: o
347.3730 	DATA 	Keypress: o
347.4068 	Level image=tasty.jpg 	25
348.3902 	Level injecting via pump at address 0 	25
354.3759 	DATA 	Keypress: o
354.3770 	DATA 	Keypress: o
354.3779 	DATA 	Keypress: o
354.4076 	Level WAIT 	25
355.3736 	DATA 	Keypress: o
355.3907 	Level RINSE 	25
357.3752 	DATA 	Keypress: o
357.4074 	Level jitter 	25
359.3707 	Level finished 	25
359.3719 	DATA 	Keypress: o
359.3910 	Level image=tasty.jpg 	25
360.3911 	Level injecting via pump at address 1 	25
366.3758 	DATA 	Keypress: o
366.3770 	DATA 	Keypress: o
366.3781 	DATA 	Keypress: o
366.4085 	Level WAIT 	25
367.3732 	DATA 	Keypress: o
367.3915 	Level RINSE 	25
369.3761 	DATA 	Keypress: o
369.3916 	Level jitter 	25
373.3707 	Level finished 	25
373.3720 	DATA 	Keypress: o
373.3729 	DATA 	Keypress: o
373.3919 	Level image=tasty.jpg 	25
374.3921 	Level injecting via pump at address 0 	25
380.3754 	DATA 	Keypress: o
380.3764 	DATA 	Keypress: o
380.3774 	DATA 	Keypress: o
380.3927 	Level WAIT 	25
381.3736 	DATA 	Keypress: o
381.3924 	Level RINSE 	25
383.3753 	DATA 	Keypress: o
383.3925 	Level jitter 	25
385.3707 	Level finished 	25
385.3721 	DATA 	Keypress: o
385.4094 	Level image=tasty.jpg 	25
386.3928 	Level injecting via pump at address 1 	25
392.3762 	DATA 	Keypress: o
392.3775 	DATA 	Keypress: o
392.3787 	DATA 	Keypress: o
392.3935 	Level WAIT 	25
393.3736 	DATA 	Keypress: o
393.3932 	Level RINSE 	25
395.3761 	DATA 	Keypress: o
395.3934 	Level jitter 	25
403.3707 	Level finished 	25
403.3720 	DATA 	Keypress: o
403.3730 	DATA 	Keypress: o
403.3739 	DATA 	Keypress: o
403.3748 	DATA 	Keypress: o
403.3945 	Level image=tasty.jpg 	25
404.3773 	Level injecting via pump at address 0 	25
410.3764 	DATA 	Keypress: o
410.3776 	DATA 	Keypress: o
410.3787 	DATA 	Keypress: o
410.4111 	Level WAIT 	25
411.3732 	DATA 	Keypress: o
411.3945 	Level RINSE 	25
413.3755 	DATA 	Keypress: o
413.3950 	Level jitter 	25
420.3707 	Level finished 	25
