48.7751 	DATA 	Keypress: o
48.7760 	Level start key press 	25
50.7787 	DATA 	Keypress: o
52.7954 	DATA 	Keypress: o
54.7791 	DATA 	Keypress: o
56.7794 	DATA 	Keypress: o
57.2937 	Level image=waterlogo.jpg 	25
58.2439 	Level injecting via pump at address 0 	25
64.2326 	DATA 	Keypress: o
64.2339 	DATA 	Keypress: o
64.2350 	DATA 	Keypress: o
64.2616 	Level WAIT 	25
65.2300 	DATA 	Keypress: o
65.2614 	Level RINSE 	25
67.2402 	DATA 	Keypress: o
67.2616 	Level jitter 	25
69.2271 	Level finished 	25
69.2284 	DATA 	Keypress: o
69.2453 	Level image=tasty.jpg 	25
70.2454 	Level injecting via pump at address 1 	25
76.2320 	DATA 	Keypress: o
76.2332 	DATA 	Keypress: o
76.2342 	DATA 	Keypress: o
76.2464 	Level WAIT 	25
77.2297 	DATA 	Keypress: o
77.2461 	Level RINSE 	25
79.2315 	DATA 	Keypress: o
79.2464 	Level jitter 	25
81.2271 	Level finished 	25
81.2282 	DATA 	Keypress: o
81.2467 	Level image=tasty.jpg 	25
82.2469 	Level injecting via pump at address 0 	25
88.2325 	DATA 	Keypress: o
88.2339 	DATA 	Keypress: o
88.2352 	DATA 	Keypress: o
88.2477 	Level WAIT 	25
89.2301 	DATA 	Keypress: o
89.2475 	Level RINSE 	25
91.2324 	DATA 	Keypress: o
91.2477 	Level jitter 	25
96.2271 	Level finished 	25
96.2284 	DATA 	Keypress: o
96.2296 	DATA 	Keypress: o
96.2650 	Level image=tasty.jpg 	25
97.2298 	DATA 	Keypress: o
97.2486 	Level injecting via pump at address 1 	25
103.2324 	DATA 	Keypress: o
103.2336 	DATA 	Keypress: o
103.2348 	DATA 	Keypress: o
103.2496 	Level WAIT 	25
104.2493 	Level RINSE 	25
106.2322 	DATA 	Keypress: o
106.2495 	Level jitter 	25
112.2271 	Level finished 	25
112.2283 	DATA 	Keypress: o
112.2294 	DATA 	Keypress: o
112.2304 	DATA 	Keypress: o
112.2503 	Level image=tasty.jpg 	25
113.2298 	DATA 	Keypress: o
113.2508 	Level injecting via pump at address 0 	25
119.2323 	DATA 	Keypress: o
119.2333 	DATA 	Keypress: o
119.2342 	DATA 	Keypress: o
119.2510 	Level WAIT 	25
120.2512 	Level RINSE 	25
122.2329 	DATA 	Keypress: o
122.2514 	Level jitter 	25
124.2271 	Level finished 	25
124.2284 	DATA 	Keypress: o
124.2521 	Level image=waterlogo.jpg 	25
125.2299 	DATA 	Keypress: o
125.2351 	Level injecting via pump at address 0 	25
131.2328 	DATA 	Keypress: o
131.2342 	DATA 	Keypress: o
131.2354 	DATA 	Keypress: o
131.2524 	Level WAIT 	25
132.2525 	Level RINSE 	25
134.2330 	DATA 	Keypress: o
134.2365 	Level jitter 	25
143.2271 	Level finished 	25
143.2283 	DATA 	Keypress: o
143.2295 	DATA 	Keypress: o
143.2308 	DATA 	Keypress: o
143.2317 	DATA 	Keypress: o
143.2326 	DATA 	Keypress: o
143.2539 	Level image=tasty.jpg 	25
144.2377 	Level injecting via pump at address 0 	25
150.2326 	DATA 	Keypress: o
150.2340 	DATA 	Keypress: o
150.2350 	DATA 	Keypress: o
150.2546 	Level WAIT 	25
151.2296 	DATA 	Keypress: o
151.2547 	Level RINSE 	25
153.2317 	DATA 	Keypress: o
153.2383 	Level jitter 	25
154.2271 	Level finished 	25
154.2556 	Level image=waterlogo.jpg 	25
155.2295 	DATA 	Keypress: o
155.2554 	Level injecting via pump at address 0 	25
161.2319 	DATA 	Keypress: o
161.2331 	DATA 	Keypress: o
161.2341 	DATA 	Keypress: o
161.2560 	Level WAIT 	25
162.2394 	Level RINSE 	25
164.2323 	DATA 	Keypress: o
164.2567 	Level jitter 	25
170.2271 	Level finished 	25
170.2282 	DATA 	Keypress: o
170.2293 	DATA 	Keypress: o
170.2303 	DATA 	Keypress: o
170.2571 	Level image=tasty.jpg 	25
171.2296 	DATA 	Keypress: o
171.2572 	Level injecting via pump at address 0 	25
177.2326 	DATA 	Keypress: o
177.2338 	DATA 	Keypress: o
177.2349 	DATA 	Keypress: o
177.2582 	Level WAIT 	25
178.2412 	Level RINSE 	25
180.2322 	DATA 	Keypress: o
180.2582 	Level jitter 	25
188.2271 	Level finished 	25
188.2284 	DATA 	Keypress: o
188.2297 	DATA 	Keypress: o
188.2309 	DATA 	Keypress: o
188.2317 	DATA 	Keypress: o
188.2595 	Level image=tasty.jpg 	25
189.2300 	DATA 	Keypress: o
189.2592 	Level injecting via pump at address 1 	25
195.2317 	DATA 	Keypress: o
195.2327 	DATA 	Keypress: o
195.2337 	DATA 	Keypress: o
195.2599 	Level WAIT 	25
196.2600 	Level RINSE 	25
198.2321 	DATA 	Keypress: o
198.2440 	Level jitter 	25
203.2271 	Level finished 	25
203.2282 	DATA 	Keypress: o
203.2292 	DATA 	Keypress: o
203.2302 	DATA 	Keypress: o
203.2442 	Level image=tasty.jpg 	25
204.2443 	Level injecting via pump at address 0 	25
210.2317 	DATA 	Keypress: o
210.2327 	DATA 	Keypress: o
210.2336 	DATA 	Keypress: o
210.2455 	Level WAIT 	25
211.2294 	DATA 	Keypress: o
211.2451 	Level RINSE 	25
213.2328 	DATA 	Keypress: o
213.2453 	Level jitter 	25
220.2271 	Level finished 	25
220.2283 	DATA 	Keypress: o
220.2292 	DATA 	Keypress: o
220.2301 	DATA 	Keypress: o
220.2632 	Level image=waterlogo.jpg 	25
221.2295 	DATA 	Keypress: o
221.2464 	Level injecting via pump at address 0 	25
227.2321 	DATA 	Keypress: o
227.2333 	DATA 	Keypress: o
227.2345 	DATA 	Keypress: o
227.2636 	Level WAIT 	25
228.2470 	Level RINSE 	25
230.2322 	DATA 	Keypress: o
230.2644 	Level jitter 	25
236.2271 	Level finished 	25
236.2283 	DATA 	Keypress: o
236.2293 	DATA 	Keypress: o
236.2303 	DATA 	Keypress: o
236.2647 	Level image=waterlogo.jpg 	25
237.2296 	DATA 	Keypress: o
237.2483 	Level injecting via pump at address 0 	25
243.2322 	DATA 	Keypress: o
243.2331 	DATA 	Keypress: o
243.2341 	DATA 	Keypress: o
243.2659 	Level WAIT 	25
244.2490 	Level RINSE 	25
246.2320 	DATA 	Keypress: o
246.2492 	Level jitter 	25
248.2271 	Level finished 	25
248.2284 	DATA 	Keypress: o
248.2494 	Level image=tasty.jpg 	25
249.2295 	DATA 	Keypress: o
249.2496 	Level injecting via pump at address 0 	25
255.2327 	DATA 	Keypress: o
255.2337 	DATA 	Keypress: o
255.2347 	DATA 	Keypress: o
255.2506 	Level WAIT 	25
256.2337 	Level RINSE 	25
258.2323 	DATA 	Keypress: o
258.2506 	Level jitter 	25
265.2271 	Level finished 	25
265.2282 	DATA 	Keypress: o
265.2292 	DATA 	Keypress: o
265.2302 	DATA 	Keypress: o
265.2311 	DATA 	Keypress: o
265.2519 	Level image=tasty.jpg 	25
266.2517 	Level injecting via pump at address 1 	25
272.2319 	DATA 	Keypress: o
272.2332 	DATA 	Keypress: o
272.2345 	DATA 	Keypress: o
272.2523 	Level WAIT 	25
273.2294 	DATA 	Keypress: o
273.2523 	Level RINSE 	25
275.2318 	DATA 	Keypress: o
275.2529 	Level jitter 	25
283.2271 	Level finished 	25
283.2283 	DATA 	Keypress: o
283.2296 	DATA 	Keypress: o
283.2306 	DATA 	Keypress: o
283.2318 	DATA 	Keypress: o
283.2536 	Level image=waterlogo.jpg 	25
284.2370 	Level injecting via pump at address 0 	25
290.2321 	DATA 	Keypress: o
290.2332 	DATA 	Keypress: o
290.2341 	DATA 	Keypress: o
290.2381 	Level WAIT 	25
291.2295 	DATA 	Keypress: o
291.2379 	Level RINSE 	25
293.2327 	DATA 	Keypress: o
293.2380 	Level jitter 	25
301.2271 	Level finished 	25
301.2284 	DATA 	Keypress: o
301.2294 	DATA 	Keypress: o
301.2303 	DATA 	Keypress: o
301.2312 	DATA 	Keypress: o
301.2560 	Level image=tasty.jpg 	25
302.2558 	Level injecting via pump at address 1 	25
308.2320 	DATA 	Keypress: o
308.2335 	DATA 	Keypress: o
308.2344 	DATA 	Keypress: o
308.2565 	Level WAIT 	25
309.2295 	DATA 	Keypress: o
309.2399 	Level RINSE 	25
311.2329 	DATA 	Keypress: o
311.2573 	Level jitter 	25
313.2271 	Level finished 	25
313.2287 	DATA 	Keypress: o
313.2570 	Level image=tasty.jpg 	25
314.2572 	Level injecting via pump at address 0 	25
320.2322 	DATA 	Keypress: o
320.2335 	DATA 	Keypress: o
320.2346 	DATA 	Keypress: o
320.2578 	Level WAIT 	25
321.2298 	DATA 	Keypress: o
321.2584 	Level RINSE 	25
323.2324 	DATA 	Keypress: o
323.2582 	Level jitter 	25
327.2271 	Level finished 	25
327.2283 	DATA 	Keypress: o
327.2296 	DATA 	Keypress: o
327.2587 	Level image=tasty.jpg 	25
328.2421 	Level injecting via pump at address 1 	25
334.2339 	DATA 	Keypress: o
334.2352 	DATA 	Keypress: o
334.2364 	DATA 	Keypress: o
334.2432 	Level WAIT 	25
335.2296 	DATA 	Keypress: o
335.2430 	Level RINSE 	25
337.2319 	DATA 	Keypress: o
337.2431 	Level jitter 	25
340.2271 	Level finished 	25
340.2286 	DATA 	Keypress: o
340.2436 	Level image=tasty.jpg 	25
341.2298 	DATA 	Keypress: o
341.2436 	Level injecting via pump at address 0 	25
347.2316 	DATA 	Keypress: o
347.2326 	DATA 	Keypress: o
347.2336 	DATA 	Keypress: o
347.2448 	Level WAIT 	25
348.2445 	Level RINSE 	25
350.2320 	DATA 	Keypress: o
350.2447 	Level jitter 	25
358.2271 	Level finished 	25
358.2284 	DATA 	Keypress: o
358.2295 	DATA 	Keypress: o
358.2307 	DATA 	Keypress: o
358.2318 	DATA 	Keypress: o
358.2626 	Level image=waterlogo.jpg 	25
359.2296 	DATA 	Keypress: o
359.2457 	Level injecting via pump at address 0 	25
365.2320 	DATA 	Keypress: o
365.2331 	DATA 	Keypress: o
365.2341 	DATA 	Keypress: o
365.2465 	Level WAIT 	25
366.2465 	Level RINSE 	25
368.2322 	DATA 	Keypress: o
368.2472 	Level jitter 	25
373.2271 	Level finished 	25
373.2284 	DATA 	Keypress: o
373.2296 	DATA 	Keypress: o
373.2308 	DATA 	Keypress: o
373.2640 	Level image=tasty.jpg 	25
374.2475 	Level injecting via pump at address 1 	25
380.2322 	DATA 	Keypress: o
380.2334 	DATA 	Keypress: o
380.2345 	DATA 	Keypress: o
380.2652 	Level WAIT 	25
381.2295 	DATA 	Keypress: o
381.2483 	Level RINSE 	25
383.2322 	DATA 	Keypress: o
383.2485 	Level jitter 	25
390.2271 	Level finished 	25
390.2283 	DATA 	Keypress: o
390.2292 	DATA 	Keypress: o
390.2301 	DATA 	Keypress: o
390.2498 	Level image=tasty.jpg 	25
391.2294 	DATA 	Keypress: o
391.2496 	Level injecting via pump at address 0 	25
397.2317 	DATA 	Keypress: o
397.2329 	DATA 	Keypress: o
397.2339 	DATA 	Keypress: o
397.2501 	Level WAIT 	25
398.2502 	Level RINSE 	25
400.2319 	DATA 	Keypress: o
400.2508 	Level jitter 	25
408.2271 	Level finished 	25
408.2284 	DATA 	Keypress: o
408.2295 	DATA 	Keypress: o
408.2304 	DATA 	Keypress: o
408.2312 	DATA 	Keypress: o
408.2516 	Level image=tasty.jpg 	25
409.2296 	DATA 	Keypress: o
409.2349 	Level injecting via pump at address 0 	25
415.2324 	DATA 	Keypress: o
415.2336 	DATA 	Keypress: o
415.2348 	DATA 	Keypress: o
415.2526 	Level WAIT 	25
416.2523 	Level RINSE 	25
418.2320 	DATA 	Keypress: o
418.2360 	Level jitter 	25
425.2271 	Level finished 	25
