57.4140 	DATA 	Keypress: o
57.4154 	Level start key press 	25
59.4268 	DATA 	Keypress: o
61.4269 	DATA 	Keypress: o
63.4271 	DATA 	Keypress: o
65.4276 	DATA 	Keypress: o
65.9919 	Level image=waterlogo.jpg 	25
66.9087 	Level injecting via pump at address 0 	25
72.8972 	DATA 	Keypress: o
72.8986 	DATA 	Keypress: o
72.8998 	DATA 	Keypress: o
72.9263 	Level WAIT 	25
73.8943 	DATA 	Keypress: o
73.9261 	Level RINSE 	25
75.9048 	DATA 	Keypress: o
75.9263 	Level jitter 	25
81.8919 	Level finished 	25
81.8932 	DATA 	Keypress: o
81.8944 	DATA 	Keypress: o
81.8956 	DATA 	Keypress: o
81.9104 	Level image=tasty.jpg 	25
82.9109 	Level injecting via pump at address 1 	25
88.8970 	DATA 	Keypress: o
88.8980 	DATA 	Keypress: o
88.8989 	DATA 	Keypress: o
88.9112 	Level WAIT 	25
89.8947 	DATA 	Keypress: o
89.9280 	Level RINSE 	25
91.8966 	DATA 	Keypress: o
91.9115 	Level jitter 	25
97.8919 	Level finished 	25
97.8931 	DATA 	Keypress: o
97.8941 	DATA 	Keypress: o
97.8951 	DATA 	Keypress: o
97.9126 	Level image=tasty.jpg 	25
98.9124 	Level injecting via pump at address 1 	25
104.8971 	DATA 	Keypress: o
104.8983 	DATA 	Keypress: o
104.8993 	DATA 	Keypress: o
104.9297 	Level WAIT 	25
105.8943 	DATA 	Keypress: o
105.9132 	Level RINSE 	25
107.8969 	DATA 	Keypress: o
107.9139 	Level jitter 	25
109.8919 	Level finished 	25
109.8934 	DATA 	Keypress: o
109.9138 	Level image=waterlogo.jpg 	25
110.9138 	Level injecting via pump at address 0 	25
116.8981 	DATA 	Keypress: o
116.8991 	DATA 	Keypress: o
116.9000 	DATA 	Keypress: o
116.9144 	Level WAIT 	25
117.8944 	DATA 	Keypress: o
117.9150 	Level RINSE 	25
119.8970 	DATA 	Keypress: o
119.9148 	Level jitter 	25
125.8919 	Level finished 	25
125.8931 	DATA 	Keypress: o
125.8941 	DATA 	Keypress: o
125.8951 	DATA 	Keypress: o
125.9155 	Level image=tasty.jpg 	25
126.9157 	Level injecting via pump at address 1 	25
132.8971 	DATA 	Keypress: o
132.8985 	DATA 	Keypress: o
132.8998 	DATA 	Keypress: o
132.9168 	Level WAIT 	25
133.8944 	DATA 	Keypress: o
133.8999 	Level RINSE 	25
135.8971 	DATA 	Keypress: o
135.9168 	Level jitter 	25
140.8919 	Level finished 	25
140.8932 	DATA 	Keypress: o
140.8944 	DATA 	Keypress: o
140.9174 	Level image=waterlogo.jpg 	25
141.8946 	DATA 	Keypress: o
141.9175 	Level injecting via pump at address 0 	25
147.8973 	DATA 	Keypress: o
147.8985 	DATA 	Keypress: o
147.8997 	DATA 	Keypress: o
147.9185 	Level WAIT 	25
148.9183 	Level RINSE 	25
150.8970 	DATA 	Keypress: o
150.9185 	Level jitter 	25
155.8919 	Level finished 	25
155.8931 	DATA 	Keypress: o
155.8943 	DATA 	Keypress: o
155.8954 	DATA 	Keypress: o
155.9191 	Level image=tasty.jpg 	25
156.9025 	Level injecting via pump at address 1 	25
162.8969 	DATA 	Keypress: o
162.8982 	DATA 	Keypress: o
162.8993 	DATA 	Keypress: o
162.9203 	Level WAIT 	25
163.8946 	DATA 	Keypress: o
163.9200 	Level RINSE 	25
165.8966 	DATA 	Keypress: o
165.9035 	Level jitter 	25
171.8919 	Level finished 	25
171.8931 	DATA 	Keypress: o
171.8943 	DATA 	Keypress: o
171.8955 	DATA 	Keypress: o
171.9209 	Level image=waterlogo.jpg 	25
172.9049 	Level injecting via pump at address 0 	25
178.8972 	DATA 	Keypress: o
178.8984 	DATA 	Keypress: o
178.8994 	DATA 	Keypress: o
178.9218 	Level WAIT 	25
179.8942 	DATA 	Keypress: o
179.9220 	Level RINSE 	25
181.8970 	DATA 	Keypress: o
181.9221 	Level jitter 	25
184.8919 	Level finished 	25
184.8930 	DATA 	Keypress: o
184.9062 	Level image=tasty.jpg 	25
185.8946 	DATA 	Keypress: o
185.9226 	Level injecting via pump at address 1 	25
191.8971 	DATA 	Keypress: o
191.8981 	DATA 	Keypress: o
191.8990 	DATA 	Keypress: o
191.9233 	Level WAIT 	25
192.9234 	Level RINSE 	25
194.8966 	DATA 	Keypress: o
194.9241 	Level jitter 	25
202.8919 	Level finished 	25
202.8932 	DATA 	Keypress: o
202.8942 	DATA 	Keypress: o
202.8952 	DATA 	Keypress: o
202.8961 	DATA 	Keypress: o
202.9079 	Level image=waterlogo.jpg 	25
203.8948 	DATA 	Keypress: o
203.9081 	Level injecting via pump at address 0 	25
209.8977 	DATA 	Keypress: o
209.8991 	DATA 	Keypress: o
209.9003 	DATA 	Keypress: o
209.9258 	Level WAIT 	25
210.9088 	Level RINSE 	25
212.8974 	DATA 	Keypress: o
212.9090 	Level jitter 	25
214.8919 	Level finished 	25
214.8935 	DATA 	Keypress: o
214.9093 	Level image=tasty.jpg 	25
215.8946 	DATA 	Keypress: o
215.9093 	Level injecting via pump at address 1 	25
221.8975 	DATA 	Keypress: o
221.8990 	DATA 	Keypress: o
221.9003 	DATA 	Keypress: o
221.9105 	Level WAIT 	25
222.9103 	Level RINSE 	25
224.8975 	DATA 	Keypress: o
224.9105 	Level jitter 	25
233.8919 	Level finished 	25
233.8932 	DATA 	Keypress: o
233.8944 	DATA 	Keypress: o
233.8956 	DATA 	Keypress: o
233.8967 	DATA 	Keypress: o
233.8976 	DATA 	Keypress: o
233.9120 	Level image=waterlogo.jpg 	25
234.9117 	Level injecting via pump at address 0 	25
240.8967 	DATA 	Keypress: o
240.8980 	DATA 	Keypress: o
240.8991 	DATA 	Keypress: o
240.9123 	Level WAIT 	25
241.8944 	DATA 	Keypress: o
241.9125 	Level RINSE 	25
243.8969 	DATA 	Keypress: o
243.9131 	Level jitter 	25
245.8919 	Level finished 	25
245.8932 	DATA 	Keypress: o
245.9296 	Level image=tasty.jpg 	25
246.9132 	Level injecting via pump at address 1 	25
252.8970 	DATA 	Keypress: o
252.8981 	DATA 	Keypress: o
252.8991 	DATA 	Keypress: o
252.9138 	Level WAIT 	25
253.8946 	DATA 	Keypress: o
253.9143 	Level RINSE 	25
255.8967 	DATA 	Keypress: o
255.9140 	Level jitter 	25
258.8919 	Level finished 	25
258.8931 	DATA 	Keypress: o
258.9144 	Level image=waterlogo.jpg 	25
259.8942 	DATA 	Keypress: o
259.9146 	Level injecting via pump at address 0 	25
265.8973 	DATA 	Keypress: o
265.8982 	DATA 	Keypress: o
265.8992 	DATA 	Keypress: o
265.9156 	Level WAIT 	25
266.9154 	Level RINSE 	25
268.8966 	DATA 	Keypress: o
268.9156 	Level jitter 	25
272.8919 	Level finished 	25
272.8933 	DATA 	Keypress: o
272.8948 	DATA 	Keypress: o
272.9161 	Level image=tasty.jpg 	25
273.8943 	DATA 	Keypress: o
273.9163 	Level injecting via pump at address 1 	25
279.8970 	DATA 	Keypress: o
279.8983 	DATA 	Keypress: o
279.8994 	DATA 	Keypress: o
279.9172 	Level WAIT 	25
280.9003 	Level RINSE 	25
282.8965 	DATA 	Keypress: o
282.9172 	Level jitter 	25
283.8919 	Level finished 	25
283.8931 	DATA 	Keypress: o
283.9174 	Level image=waterlogo.jpg 	25
284.9175 	Level injecting via pump at address 0 	25
290.8970 	DATA 	Keypress: o
290.8980 	DATA 	Keypress: o
290.8989 	DATA 	Keypress: o
290.9186 	Level WAIT 	25
291.8944 	DATA 	Keypress: o
291.9184 	Level RINSE 	25
293.8975 	DATA 	Keypress: o
293.9185 	Level jitter 	25
296.8919 	Level finished 	25
296.8931 	DATA 	Keypress: o
296.9190 	Level image=tasty.jpg 	25
297.8943 	DATA 	Keypress: o
297.9190 	Level injecting via pump at address 1 	25
303.8971 	DATA 	Keypress: o
303.8983 	DATA 	Keypress: o
303.8994 	DATA 	Keypress: o
303.9201 	Level WAIT 	25
304.9198 	Level RINSE 	25
306.8969 	DATA 	Keypress: o
306.9201 	Level jitter 	25
314.8919 	Level finished 	25
314.8932 	DATA 	Keypress: o
314.8944 	DATA 	Keypress: o
314.8956 	DATA 	Keypress: o
314.8968 	DATA 	Keypress: o
314.9049 	Level image=tasty.jpg 	25
315.8946 	DATA 	Keypress: o
315.9046 	Level injecting via pump at address 1 	25
321.8970 	DATA 	Keypress: o
321.8982 	DATA 	Keypress: o
321.8994 	DATA 	Keypress: o
321.9218 	Level WAIT 	25
322.9052 	Level RINSE 	25
324.8969 	DATA 	Keypress: o
324.9058 	Level jitter 	25
328.8919 	Level finished 	25
328.8934 	DATA 	Keypress: o
328.8948 	DATA 	Keypress: o
328.9226 	Level image=waterlogo.jpg 	25
329.8942 	DATA 	Keypress: o
329.9228 	Level injecting via pump at address 0 	25
335.8972 	DATA 	Keypress: o
335.8983 	DATA 	Keypress: o
335.8995 	DATA 	Keypress: o
335.9239 	Level WAIT 	25
336.9069 	Level RINSE 	25
338.8970 	DATA 	Keypress: o
338.9238 	Level jitter 	25
341.8919 	Level finished 	25
341.8931 	DATA 	Keypress: o
341.8943 	DATA 	Keypress: o
341.9241 	Level image=tasty.jpg 	25
342.9077 	Level injecting via pump at address 1 	25
348.8976 	DATA 	Keypress: o
348.8989 	DATA 	Keypress: o
348.9002 	DATA 	Keypress: o
348.9254 	Level WAIT 	25
349.8947 	DATA 	Keypress: o
349.9084 	Level RINSE 	25
351.8967 	DATA 	Keypress: o
351.9253 	Level jitter 	25
356.8919 	Level finished 	25
356.8933 	DATA 	Keypress: o
356.8945 	DATA 	Keypress: o
356.9259 	Level image=waterlogo.jpg 	25
357.8942 	DATA 	Keypress: o
357.9261 	Level injecting via pump at address 0 	25
363.8971 	DATA 	Keypress: o
363.8986 	DATA 	Keypress: o
363.8998 	DATA 	Keypress: o
363.9272 	Level WAIT 	25
364.9102 	Level RINSE 	25
366.8976 	DATA 	Keypress: o
366.9270 	Level jitter 	25
371.8919 	Level finished 	25
371.8932 	DATA 	Keypress: o
371.8944 	DATA 	Keypress: o
371.8954 	DATA 	Keypress: o
371.9110 	Level image=waterlogo.jpg 	25
372.9112 	Level injecting via pump at address 0 	25
378.8968 	DATA 	Keypress: o
378.8980 	DATA 	Keypress: o
378.8991 	DATA 	Keypress: o
378.9122 	Level WAIT 	25
379.8942 	DATA 	Keypress: o
379.9119 	Level RINSE 	25
381.8965 	DATA 	Keypress: o
381.9121 	Level jitter 	25
390.8919 	Level finished 	25
390.8932 	DATA 	Keypress: o
390.8943 	DATA 	Keypress: o
390.8952 	DATA 	Keypress: o
390.8961 	DATA 	Keypress: o
390.9136 	Level image=tasty.jpg 	25
391.8946 	DATA 	Keypress: o
391.9133 	Level injecting via pump at address 1 	25
397.8971 	DATA 	Keypress: o
397.8983 	DATA 	Keypress: o
397.8993 	DATA 	Keypress: o
397.9140 	Level WAIT 	25
398.9142 	Level RINSE 	25
400.8969 	DATA 	Keypress: o
400.9148 	Level jitter 	25
402.8919 	Level finished 	25
402.8930 	DATA 	Keypress: o
402.9147 	Level image=waterlogo.jpg 	25
403.8945 	DATA 	Keypress: o
403.9148 	Level injecting via pump at address 0 	25
409.8975 	DATA 	Keypress: o
409.8987 	DATA 	Keypress: o
409.8996 	DATA 	Keypress: o
409.9153 	Level WAIT 	25
410.9159 	Level RINSE 	25
412.8972 	DATA 	Keypress: o
412.9157 	Level jitter 	25
415.8919 	Level finished 	25
415.8934 	DATA 	Keypress: o
415.8946 	DATA 	Keypress: o
415.9162 	Level image=waterlogo.jpg 	25
416.9164 	Level injecting via pump at address 0 	25
422.8977 	DATA 	Keypress: o
422.8991 	DATA 	Keypress: o
422.9005 	DATA 	Keypress: o
422.9174 	Level WAIT 	25
423.8944 	DATA 	Keypress: o
423.9003 	Level RINSE 	25
425.8974 	DATA 	Keypress: o
425.9172 	Level jitter 	25
430.8919 	Level finished 	25
430.8932 	DATA 	Keypress: o
430.8944 	DATA 	Keypress: o
430.9178 	Level image=tasty.jpg 	25
431.8944 	DATA 	Keypress: o
431.9181 	Level injecting via pump at address 1 	25
437.8978 	DATA 	Keypress: o
437.8993 	DATA 	Keypress: o
437.9006 	DATA 	Keypress: o
437.9190 	Level WAIT 	25
438.9188 	Level RINSE 	25
440.8972 	DATA 	Keypress: o
440.9190 	Level jitter 	25
442.8919 	Level finished 	25
442.8931 	DATA 	Keypress: o
442.9026 	Level image=tasty.jpg 	25
443.8943 	DATA 	Keypress: o
443.9027 	Level injecting via pump at address 1 	25
449.8967 	DATA 	Keypress: o
449.8977 	DATA 	Keypress: o
449.8986 	DATA 	Keypress: o
449.9204 	Level WAIT 	25
450.9202 	Level RINSE 	25
452.8970 	DATA 	Keypress: o
452.9037 	Level jitter 	25
459.8919 	Level finished 	25
459.8931 	DATA 	Keypress: o
459.8943 	DATA 	Keypress: o
459.8952 	DATA 	Keypress: o
459.8961 	DATA 	Keypress: o
459.9217 	Level image=waterlogo.jpg 	25
460.9215 	Level injecting via pump at address 0 	25
466.8971 	DATA 	Keypress: o
466.8983 	DATA 	Keypress: o
466.8994 	DATA 	Keypress: o
466.9220 	Level WAIT 	25
467.8945 	DATA 	Keypress: o
467.9055 	Level RINSE 	25
469.8967 	DATA 	Keypress: o
469.9228 	Level jitter 	25
472.8919 	Level finished 	25
472.8932 	DATA 	Keypress: o
472.9228 	Level image=tasty.jpg 	25
473.8946 	DATA 	Keypress: o
473.9063 	Level injecting via pump at address 1 	25
479.8971 	DATA 	Keypress: o
479.8984 	DATA 	Keypress: o
479.8995 	DATA 	Keypress: o
479.9239 	Level WAIT 	25
480.9070 	Level RINSE 	25
482.8968 	DATA 	Keypress: o
482.9239 	Level jitter 	25
484.8919 	Level finished 	25
484.8932 	DATA 	Keypress: o
484.9242 	Level image=waterlogo.jpg 	25
485.8947 	DATA 	Keypress: o
485.9244 	Level injecting via pump at address 0 	25
491.8965 	DATA 	Keypress: o
491.8975 	DATA 	Keypress: o
491.8985 	DATA 	Keypress: o
491.9254 	Level WAIT 	25
492.9084 	Level RINSE 	25
494.8964 	DATA 	Keypress: o
494.9253 	Level jitter 	25
502.8919 	Level finished 	25
502.8933 	DATA 	Keypress: o
502.8944 	DATA 	Keypress: o
502.8953 	DATA 	Keypress: o
502.8962 	DATA 	Keypress: o
502.9100 	Level image=tasty.jpg 	25
503.8945 	DATA 	Keypress: o
503.9098 	Level injecting via pump at address 1 	25
509.8966 	DATA 	Keypress: o
509.8978 	DATA 	Keypress: o
509.8988 	DATA 	Keypress: o
509.9104 	Level WAIT 	25
510.9106 	Level RINSE 	25
512.8983 	DATA 	Keypress: o
512.9112 	Level jitter 	25
514.8919 	Level finished 	25
514.8930 	DATA 	Keypress: o
514.9111 	Level image=waterlogo.jpg 	25
515.8946 	DATA 	Keypress: o
515.9112 	Level injecting via pump at address 0 	25
521.8968 	DATA 	Keypress: o
521.8981 	DATA 	Keypress: o
521.8993 	DATA 	Keypress: o
521.9118 	Level WAIT 	25
522.9123 	Level RINSE 	25
524.8968 	DATA 	Keypress: o
524.9121 	Level jitter 	25
531.8919 	Level finished 	25
