103.1240 	DATA 	Keypress: o
103.1249 	Level start key press 	25
105.1252 	DATA 	Keypress: o
107.1253 	DATA 	Keypress: o
109.1256 	DATA 	Keypress: o
111.1260 	DATA 	Keypress: o
111.6237 	Level image=waterlogo.jpg 	25
112.5575 	Level injecting via pump at address 0 	25
118.5293 	DATA 	Keypress: o
118.5306 	DATA 	Keypress: o
118.5320 	DATA 	Keypress: o
118.5578 	Level WAIT 	25
119.5264 	DATA 	Keypress: o
119.5413 	Level RINSE 	25
121.5371 	DATA 	Keypress: o
121.5581 	Level jitter 	25
127.5237 	Level finished 	25
127.5249 	DATA 	Keypress: o
127.5259 	DATA 	Keypress: o
127.5268 	DATA 	Keypress: o
127.5593 	Level image=tasty.jpg 	25
128.5423 	Level injecting via pump at address 1 	25
134.5292 	DATA 	Keypress: o
134.5302 	DATA 	Keypress: o
134.5312 	DATA 	Keypress: o
134.5431 	Level WAIT 	25
135.5261 	DATA 	Keypress: o
135.5431 	Level RINSE 	25
137.5286 	DATA 	Keypress: o
137.5604 	Level jitter 	25
143.5237 	Level finished 	25
143.5249 	DATA 	Keypress: o
143.5258 	DATA 	Keypress: o
143.5267 	DATA 	Keypress: o
143.5608 	Level image=tasty.jpg 	25
144.5442 	Level injecting via pump at address 1 	25
150.5284 	DATA 	Keypress: o
150.5294 	DATA 	Keypress: o
150.5304 	DATA 	Keypress: o
150.5453 	Level WAIT 	25
151.5260 	DATA 	Keypress: o
151.5450 	Level RINSE 	25
153.5289 	DATA 	Keypress: o
153.5452 	Level jitter 	25
155.5237 	Level finished 	25
155.5250 	DATA 	Keypress: o
155.5455 	Level image=waterlogo.jpg 	25
156.5290 	Level injecting via pump at address 0 	25
162.5293 	DATA 	Keypress: o
162.5306 	DATA 	Keypress: o
162.5317 	DATA 	Keypress: o
162.5634 	Level WAIT 	25
163.5271 	DATA 	Keypress: o
163.5465 	Level RINSE 	25
165.5287 	DATA 	Keypress: o
165.5466 	Level jitter 	25
171.5237 	Level finished 	25
171.5249 	DATA 	Keypress: o
171.5259 	DATA 	Keypress: o
171.5271 	DATA 	Keypress: o
171.5640 	Level image=tasty.jpg 	25
172.5313 	Level injecting via pump at address 1 	25
178.5281 	DATA 	Keypress: o
178.5292 	DATA 	Keypress: o
178.5302 	DATA 	Keypress: o
178.5481 	Level WAIT 	25
179.5264 	DATA 	Keypress: o
179.5483 	Level RINSE 	25
181.5287 	DATA 	Keypress: o
181.5318 	Level jitter 	25
186.5237 	Level finished 	25
186.5249 	DATA 	Keypress: o
186.5259 	DATA 	Keypress: o
186.5494 	Level image=waterlogo.jpg 	25
187.5261 	DATA 	Keypress: o
187.5492 	Level injecting via pump at address 0 	25
193.5288 	DATA 	Keypress: o
193.5299 	DATA 	Keypress: o
193.5311 	DATA 	Keypress: o
193.5498 	Level WAIT 	25
194.5333 	Level RINSE 	25
196.5290 	DATA 	Keypress: o
196.5506 	Level jitter 	25
201.5237 	Level finished 	25
201.5249 	DATA 	Keypress: o
201.5259 	DATA 	Keypress: o
201.5270 	DATA 	Keypress: o
201.5509 	Level image=tasty.jpg 	25
202.5510 	Level injecting via pump at address 1 	25
208.5287 	DATA 	Keypress: o
208.5296 	DATA 	Keypress: o
208.5306 	DATA 	Keypress: o
208.5520 	Level WAIT 	25
209.5260 	DATA 	Keypress: o
209.5351 	Level RINSE 	25
211.5287 	DATA 	Keypress: o
211.5519 	Level jitter 	25
217.5237 	Level finished 	25
217.5249 	DATA 	Keypress: o
217.5259 	DATA 	Keypress: o
217.5271 	DATA 	Keypress: o
217.5528 	Level image=waterlogo.jpg 	25
218.5533 	Level injecting via pump at address 0 	25
224.5280 	DATA 	Keypress: o
224.5290 	DATA 	Keypress: o
224.5302 	DATA 	Keypress: o
224.5534 	Level WAIT 	25
225.5260 	DATA 	Keypress: o
225.5369 	Level RINSE 	25
227.5288 	DATA 	Keypress: o
227.5538 	Level jitter 	25
230.5237 	Level finished 	25
230.5248 	DATA 	Keypress: o
230.5547 	Level image=tasty.jpg 	25
231.5260 	DATA 	Keypress: o
231.5378 	Level injecting via pump at address 1 	25
237.5295 	DATA 	Keypress: o
237.5308 	DATA 	Keypress: o
237.5320 	DATA 	Keypress: o
237.5383 	Level WAIT 	25
238.5385 	Level RINSE 	25
240.5286 	DATA 	Keypress: o
240.5557 	Level jitter 	25
248.5237 	Level finished 	25
248.5250 	DATA 	Keypress: o
248.5262 	DATA 	Keypress: o
248.5272 	DATA 	Keypress: o
248.5284 	DATA 	Keypress: o
248.5564 	Level image=waterlogo.jpg 	25
249.5263 	DATA 	Keypress: o
249.5566 	Level injecting via pump at address 0 	25
255.5292 	DATA 	Keypress: o
255.5305 	DATA 	Keypress: o
255.5315 	DATA 	Keypress: o
255.5575 	Level WAIT 	25
256.5406 	Level RINSE 	25
258.5286 	DATA 	Keypress: o
258.5574 	Level jitter 	25
260.5237 	Level finished 	25
260.5250 	DATA 	Keypress: o
260.5411 	Level image=tasty.jpg 	25
261.5260 	DATA 	Keypress: o
261.5412 	Level injecting via pump at address 1 	25
267.5291 	DATA 	Keypress: o
267.5305 	DATA 	Keypress: o
267.5316 	DATA 	Keypress: o
267.5588 	Level WAIT 	25
268.5420 	Level RINSE 	25
270.5289 	DATA 	Keypress: o
270.5422 	Level jitter 	25
279.5237 	Level finished 	25
279.5250 	DATA 	Keypress: o
279.5261 	DATA 	Keypress: o
279.5271 	DATA 	Keypress: o
279.5280 	DATA 	Keypress: o
279.5289 	DATA 	Keypress: o
279.5604 	Level image=waterlogo.jpg 	25
280.5434 	Level injecting via pump at address 0 	25
286.5280 	DATA 	Keypress: o
286.5290 	DATA 	Keypress: o
286.5299 	DATA 	Keypress: o
286.5441 	Level WAIT 	25
287.5264 	DATA 	Keypress: o
287.5443 	Level RINSE 	25
289.5289 	DATA 	Keypress: o
289.5448 	Level jitter 	25
291.5237 	Level finished 	25
291.5248 	DATA 	Keypress: o
291.5447 	Level image=tasty.jpg 	25
292.5448 	Level injecting via pump at address 1 	25
298.5287 	DATA 	Keypress: o
298.5298 	DATA 	Keypress: o
298.5309 	DATA 	Keypress: o
298.5455 	Level WAIT 	25
299.5263 	DATA 	Keypress: o
299.5461 	Level RINSE 	25
301.5285 	DATA 	Keypress: o
301.5459 	Level jitter 	25
304.5237 	Level finished 	25
304.5248 	DATA 	Keypress: o
304.5462 	Level image=waterlogo.jpg 	25
305.5261 	DATA 	Keypress: o
305.5464 	Level injecting via pump at address 0 	25
311.5290 	DATA 	Keypress: o
311.5301 	DATA 	Keypress: o
311.5310 	DATA 	Keypress: o
311.5474 	Level WAIT 	25
312.5305 	Level RINSE 	25
314.5287 	DATA 	Keypress: o
314.5474 	Level jitter 	25
318.5237 	Level finished 	25
318.5250 	DATA 	Keypress: o
318.5264 	DATA 	Keypress: o
318.5645 	Level image=tasty.jpg 	25
319.5261 	DATA 	Keypress: o
319.5480 	Level injecting via pump at address 1 	25
325.5287 	DATA 	Keypress: o
325.5298 	DATA 	Keypress: o
325.5309 	DATA 	Keypress: o
325.5490 	Level WAIT 	25
326.5487 	Level RINSE 	25
328.5281 	DATA 	Keypress: o
328.5490 	Level jitter 	25
329.5237 	Level finished 	25
329.5248 	DATA 	Keypress: o
329.5491 	Level image=waterlogo.jpg 	25
330.5493 	Level injecting via pump at address 0 	25
336.5287 	DATA 	Keypress: o
336.5297 	DATA 	Keypress: o
336.5307 	DATA 	Keypress: o
336.5503 	Level WAIT 	25
337.5260 	DATA 	Keypress: o
337.5334 	Level RINSE 	25
339.5289 	DATA 	Keypress: o
339.5502 	Level jitter 	25
342.5237 	Level finished 	25
342.5250 	DATA 	Keypress: o
342.5507 	Level image=tasty.jpg 	25
343.5261 	DATA 	Keypress: o
343.5509 	Level injecting via pump at address 1 	25
349.5282 	DATA 	Keypress: o
349.5292 	DATA 	Keypress: o
349.5302 	DATA 	Keypress: o
349.5518 	Level WAIT 	25
350.5349 	Level RINSE 	25
352.5285 	DATA 	Keypress: o
352.5517 	Level jitter 	25
360.5237 	Level finished 	25
360.5249 	DATA 	Keypress: o
360.5259 	DATA 	Keypress: o
360.5268 	DATA 	Keypress: o
360.5277 	DATA 	Keypress: o
360.5532 	Level image=tasty.jpg 	25
361.5262 	DATA 	Keypress: o
361.5530 	Level injecting via pump at address 1 	25
367.5290 	DATA 	Keypress: o
367.5302 	DATA 	Keypress: o
367.5311 	DATA 	Keypress: o
367.5535 	Level WAIT 	25
368.5369 	Level RINSE 	25
370.5280 	DATA 	Keypress: o
370.5543 	Level jitter 	25
374.5237 	Level finished 	25
374.5249 	DATA 	Keypress: o
374.5261 	DATA 	Keypress: o
374.5545 	Level image=waterlogo.jpg 	25
375.5260 	DATA 	Keypress: o
375.5379 	Level injecting via pump at address 0 	25
381.5290 	DATA 	Keypress: o
381.5302 	DATA 	Keypress: o
381.5314 	DATA 	Keypress: o
381.5389 	Level WAIT 	25
382.5386 	Level RINSE 	25
384.5281 	DATA 	Keypress: o
384.5389 	Level jitter 	25
387.5237 	Level finished 	25
387.5249 	DATA 	Keypress: o
387.5258 	DATA 	Keypress: o
387.5392 	Level image=tasty.jpg 	25
388.5393 	Level injecting via pump at address 1 	25
394.5281 	DATA 	Keypress: o
394.5291 	DATA 	Keypress: o
394.5300 	DATA 	Keypress: o
394.5404 	Level WAIT 	25
395.5260 	DATA 	Keypress: o
395.5402 	Level RINSE 	25
397.5280 	DATA 	Keypress: o
397.5404 	Level jitter 	25
402.5237 	Level finished 	25
402.5249 	DATA 	Keypress: o
402.5259 	DATA 	Keypress: o
402.5577 	Level image=waterlogo.jpg 	25
403.5260 	DATA 	Keypress: o
403.5410 	Level injecting via pump at address 0 	25
409.5287 	DATA 	Keypress: o
409.5297 	DATA 	Keypress: o
409.5307 	DATA 	Keypress: o
409.5422 	Level WAIT 	25
410.5419 	Level RINSE 	25
412.5297 	DATA 	Keypress: o
412.5421 	Level jitter 	25
417.5237 	Level finished 	25
417.5249 	DATA 	Keypress: o
417.5260 	DATA 	Keypress: o
417.5272 	DATA 	Keypress: o
417.5595 	Level image=waterlogo.jpg 	25
418.5429 	Level injecting via pump at address 0 	25
424.5283 	DATA 	Keypress: o
424.5293 	DATA 	Keypress: o
424.5303 	DATA 	Keypress: o
424.5605 	Level WAIT 	25
425.5263 	DATA 	Keypress: o
425.5437 	Level RINSE 	25
427.5280 	DATA 	Keypress: o
427.5605 	Level jitter 	25
436.5237 	Level finished 	25
436.5249 	DATA 	Keypress: o
436.5258 	DATA 	Keypress: o
436.5267 	DATA 	Keypress: o
436.5277 	DATA 	Keypress: o
436.5620 	Level image=tasty.jpg 	25
437.5262 	DATA 	Keypress: o
437.5451 	Level injecting via pump at address 1 	25
443.5291 	DATA 	Keypress: o
443.5304 	DATA 	Keypress: o
443.5315 	DATA 	Keypress: o
443.5458 	Level WAIT 	25
444.5459 	Level RINSE 	25
446.5293 	DATA 	Keypress: o
446.5632 	Level jitter 	25
448.5237 	Level finished 	25
448.5250 	DATA 	Keypress: o
448.5463 	Level image=waterlogo.jpg 	25
449.5264 	DATA 	Keypress: o
449.5464 	Level injecting via pump at address 0 	25
455.5285 	DATA 	Keypress: o
455.5294 	DATA 	Keypress: o
455.5304 	DATA 	Keypress: o
455.5471 	Level WAIT 	25
456.5310 	Level RINSE 	25
458.5280 	DATA 	Keypress: o
458.5475 	Level jitter 	25
461.5237 	Level finished 	25
461.5249 	DATA 	Keypress: o
461.5259 	DATA 	Keypress: o
461.5479 	Level image=waterlogo.jpg 	25
462.5314 	Level injecting via pump at address 0 	25
468.5286 	DATA 	Keypress: o
468.5298 	DATA 	Keypress: o
468.5310 	DATA 	Keypress: o
468.5491 	Level WAIT 	25
469.5265 	DATA 	Keypress: o
469.5488 	Level RINSE 	25
471.5287 	DATA 	Keypress: o
471.5323 	Level jitter 	25
476.5237 	Level finished 	25
476.5249 	DATA 	Keypress: o
476.5259 	DATA 	Keypress: o
476.5496 	Level image=tasty.jpg 	25
477.5265 	DATA 	Keypress: o
477.5497 	Level injecting via pump at address 1 	25
483.5287 	DATA 	Keypress: o
483.5299 	DATA 	Keypress: o
483.5311 	DATA 	Keypress: o
483.5509 	Level WAIT 	25
484.5339 	Level RINSE 	25
486.5292 	DATA 	Keypress: o
486.5509 	Level jitter 	25
488.5237 	Level finished 	25
488.5250 	DATA 	Keypress: o
488.5510 	Level image=tasty.jpg 	25
489.5263 	DATA 	Keypress: o
489.5512 	Level injecting via pump at address 1 	25
495.5283 	DATA 	Keypress: o
495.5292 	DATA 	Keypress: o
495.5304 	DATA 	Keypress: o
495.5522 	Level WAIT 	25
496.5353 	Level RINSE 	25
498.5279 	DATA 	Keypress: o
498.5522 	Level jitter 	25
505.5237 	Level finished 	25
505.5249 	DATA 	Keypress: o
505.5261 	DATA 	Keypress: o
505.5272 	DATA 	Keypress: o
505.5285 	DATA 	Keypress: o
505.5533 	Level image=waterlogo.jpg 	25
506.5364 	Level injecting via pump at address 0 	25
512.5288 	DATA 	Keypress: o
512.5298 	DATA 	Keypress: o
512.5307 	DATA 	Keypress: o
512.5371 	Level WAIT 	25
513.5260 	DATA 	Keypress: o
513.5372 	Level RINSE 	25
515.5286 	DATA 	Keypress: o
515.5379 	Level jitter 	25
518.5237 	Level finished 	25
518.5248 	DATA 	Keypress: o
518.5378 	Level image=tasty.jpg 	25
519.5262 	DATA 	Keypress: o
519.5380 	Level injecting via pump at address 1 	25
525.5295 	DATA 	Keypress: o
525.5308 	DATA 	Keypress: o
525.5319 	DATA 	Keypress: o
525.5391 	Level WAIT 	25
526.5388 	Level RINSE 	25
528.5287 	DATA 	Keypress: o
528.5390 	Level jitter 	25
530.5237 	Level finished 	25
530.5250 	DATA 	Keypress: o
530.5560 	Level image=waterlogo.jpg 	25
531.5265 	DATA 	Keypress: o
531.5393 	Level injecting via pump at address 0 	25
537.5284 	DATA 	Keypress: o
537.5294 	DATA 	Keypress: o
537.5303 	DATA 	Keypress: o
537.5405 	Level WAIT 	25
538.5403 	Level RINSE 	25
540.5282 	DATA 	Keypress: o
540.5404 	Level jitter 	25
548.5237 	Level finished 	25
548.5249 	DATA 	Keypress: o
548.5259 	DATA 	Keypress: o
548.5270 	DATA 	Keypress: o
548.5282 	DATA 	Keypress: o
548.5583 	Level image=tasty.jpg 	25
549.5260 	DATA 	Keypress: o
549.5414 	Level injecting via pump at address 1 	25
555.5281 	DATA 	Keypress: o
555.5291 	DATA 	Keypress: o
555.5300 	DATA 	Keypress: o
555.5588 	Level WAIT 	25
556.5423 	Level RINSE 	25
558.5297 	DATA 	Keypress: o
558.5596 	Level jitter 	25
560.5237 	Level finished 	25
560.5249 	DATA 	Keypress: o
560.5427 	Level image=waterlogo.jpg 	25
561.5260 	DATA 	Keypress: o
561.5429 	Level injecting via pump at address 0 	25
567.5286 	DATA 	Keypress: o
567.5298 	DATA 	Keypress: o
567.5310 	DATA 	Keypress: o
567.5602 	Level WAIT 	25
568.5442 	Level RINSE 	25
570.5290 	DATA 	Keypress: o
570.5439 	Level jitter 	25
577.5237 	Level finished 	25
