56.6637 	DATA 	Keypress: o
56.6646 	Level start key press 	25
58.6707 	DATA 	Keypress: o
60.6708 	DATA 	Keypress: o
62.6710 	DATA 	Keypress: o
64.6712 	DATA 	Keypress: o
65.0689 	Level image=waterlogo.jpg 	25
66.0195 	Level injecting via pump at address 0 	25
71.9910 	DATA 	Keypress: o
71.9921 	DATA 	Keypress: o
71.9932 	DATA 	Keypress: o
72.0197 	Level WAIT 	25
72.9885 	DATA 	Keypress: o
73.0033 	Level RINSE 	25
74.9996 	DATA 	Keypress: o
75.0201 	Level jitter 	25
81.9856 	Level finished 	25
81.9868 	DATA 	Keypress: o
81.9878 	DATA 	Keypress: o
81.9889 	DATA 	Keypress: o
82.0046 	Level image=tasty.jpg 	25
82.9879 	DATA 	Keypress: o
83.0044 	Level injecting via pump at address 0 	25
88.9911 	DATA 	Keypress: o
88.9922 	DATA 	Keypress: o
88.9934 	DATA 	Keypress: o
89.0050 	Level WAIT 	25
90.0052 	Level RINSE 	25
91.9900 	DATA 	Keypress: o
92.0058 	Level jitter 	25
95.9856 	Level finished 	25
95.9870 	DATA 	Keypress: o
95.9882 	DATA 	Keypress: o
96.0059 	Level image=tasty.jpg 	25
96.9884 	DATA 	Keypress: o
97.0061 	Level injecting via pump at address 1 	25
102.9909 	DATA 	Keypress: o
102.9921 	DATA 	Keypress: o
102.9933 	DATA 	Keypress: o
103.0237 	Level WAIT 	25
104.0068 	Level RINSE 	25
105.9913 	DATA 	Keypress: o
106.0070 	Level jitter 	25
106.9856 	Level finished 	25
106.9869 	DATA 	Keypress: o
107.0072 	Level image=tasty.jpg 	25
108.0073 	Level injecting via pump at address 0 	25
113.9913 	DATA 	Keypress: o
113.9927 	DATA 	Keypress: o
113.9939 	DATA 	Keypress: o
114.0084 	Level WAIT 	25
114.9880 	DATA 	Keypress: o
115.0082 	Level RINSE 	25
116.9910 	DATA 	Keypress: o
117.0084 	Level jitter 	25
124.9856 	Level finished 	25
124.9868 	DATA 	Keypress: o
124.9878 	DATA 	Keypress: o
124.9889 	DATA 	Keypress: o
124.9899 	DATA 	Keypress: o
125.0263 	Level image=waterlogo.jpg 	25
125.9928 	Level injecting via pump at address 0 	25
131.9908 	DATA 	Keypress: o
131.9920 	DATA 	Keypress: o
131.9932 	DATA 	Keypress: o
132.0101 	Level WAIT 	25
132.9882 	DATA 	Keypress: o
133.0102 	Level RINSE 	25
134.9901 	DATA 	Keypress: o
134.9941 	Level jitter 	25
142.9856 	Level finished 	25
142.9868 	DATA 	Keypress: o
142.9878 	DATA 	Keypress: o
142.9890 	DATA 	Keypress: o
142.9902 	DATA 	Keypress: o
143.0114 	Level image=waterlogo.jpg 	25
144.0117 	Level injecting via pump at address 0 	25
149.9910 	DATA 	Keypress: o
149.9922 	DATA 	Keypress: o
149.9932 	DATA 	Keypress: o
150.0126 	Level WAIT 	25
150.9883 	DATA 	Keypress: o
150.9957 	Level RINSE 	25
152.9913 	DATA 	Keypress: o
153.0125 	Level jitter 	25
158.9856 	Level finished 	25
158.9868 	DATA 	Keypress: o
158.9878 	DATA 	Keypress: o
158.9888 	DATA 	Keypress: o
159.0134 	Level image=tasty.jpg 	25
159.9971 	Level injecting via pump at address 1 	25
165.9918 	DATA 	Keypress: o
165.9932 	DATA 	Keypress: o
165.9947 	DATA 	Keypress: o
165.9974 	Level WAIT 	25
166.9884 	DATA 	Keypress: o
166.9975 	Level RINSE 	25
168.9906 	DATA 	Keypress: o
169.0144 	Level jitter 	25
170.9856 	Level finished 	25
170.9869 	DATA 	Keypress: o
171.0151 	Level image=tasty.jpg 	25
172.0148 	Level injecting via pump at address 0 	25
177.9907 	DATA 	Keypress: o
177.9919 	DATA 	Keypress: o
177.9929 	DATA 	Keypress: o
178.0154 	Level WAIT 	25
178.9883 	DATA 	Keypress: o
178.9989 	Level RINSE 	25
180.9906 	DATA 	Keypress: o
181.0162 	Level jitter 	25
186.9856 	Level finished 	25
186.9869 	DATA 	Keypress: o
186.9882 	DATA 	Keypress: o
186.9894 	DATA 	Keypress: o
187.0166 	Level image=waterlogo.jpg 	25
188.0001 	Level injecting via pump at address 0 	25
193.9916 	DATA 	Keypress: o
193.9928 	DATA 	Keypress: o
193.9940 	DATA 	Keypress: o
194.0177 	Level WAIT 	25
194.9884 	DATA 	Keypress: o
195.0008 	Level RINSE 	25
196.9910 	DATA 	Keypress: o
197.0176 	Level jitter 	25
198.9856 	Level finished 	25
198.9869 	DATA 	Keypress: o
199.0179 	Level image=waterlogo.jpg 	25
200.0181 	Level injecting via pump at address 0 	25
205.9903 	DATA 	Keypress: o
205.9913 	DATA 	Keypress: o
205.9922 	DATA 	Keypress: o
206.0191 	Level WAIT 	25
206.9882 	DATA 	Keypress: o
207.0022 	Level RINSE 	25
208.9905 	DATA 	Keypress: o
209.0191 	Level jitter 	25
217.9856 	Level finished 	25
217.9867 	DATA 	Keypress: o
217.9877 	DATA 	Keypress: o
217.9886 	DATA 	Keypress: o
217.9895 	DATA 	Keypress: o
218.0207 	Level image=tasty.jpg 	25
218.9881 	DATA 	Keypress: o
219.0035 	Level injecting via pump at address 1 	25
224.9907 	DATA 	Keypress: o
224.9917 	DATA 	Keypress: o
224.9927 	DATA 	Keypress: o
225.0209 	Level WAIT 	25
226.0044 	Level RINSE 	25
227.9910 	DATA 	Keypress: o
228.0217 	Level jitter 	25
234.9856 	Level finished 	25
234.9872 	DATA 	Keypress: o
234.9881 	DATA 	Keypress: o
234.9890 	DATA 	Keypress: o
234.9899 	DATA 	Keypress: o
235.0054 	Level image=tasty.jpg 	25
236.0056 	Level injecting via pump at address 0 	25
241.9903 	DATA 	Keypress: o
241.9913 	DATA 	Keypress: o
241.9921 	DATA 	Keypress: o
242.0066 	Level WAIT 	25
242.9884 	DATA 	Keypress: o
243.0064 	Level RINSE 	25
244.9909 	DATA 	Keypress: o
245.0066 	Level jitter 	25
251.9856 	Level finished 	25
251.9869 	DATA 	Keypress: o
251.9879 	DATA 	Keypress: o
251.9888 	DATA 	Keypress: o
252.0077 	Level image=waterlogo.jpg 	25
252.9883 	DATA 	Keypress: o
253.0076 	Level injecting via pump at address 0 	25
258.9908 	DATA 	Keypress: o
258.9919 	DATA 	Keypress: o
258.9929 	DATA 	Keypress: o
259.0083 	Level WAIT 	25
259.9918 	Level RINSE 	25
261.9906 	DATA 	Keypress: o
262.0090 	Level jitter 	25
266.9856 	Level finished 	25
266.9869 	DATA 	Keypress: o
266.9882 	DATA 	Keypress: o
266.9893 	DATA 	Keypress: o
267.0092 	Level image=tasty.jpg 	25
268.0094 	Level injecting via pump at address 0 	25
273.9913 	DATA 	Keypress: o
273.9924 	DATA 	Keypress: o
273.9934 	DATA 	Keypress: o
274.0104 	Level WAIT 	25
274.9881 	DATA 	Keypress: o
275.0102 	Level RINSE 	25
276.9927 	DATA 	Keypress: o
277.0104 	Level jitter 	25
277.9856 	Level finished 	25
278.0105 	Level image=tasty.jpg 	25
278.9885 	DATA 	Keypress: o
278.9941 	Level injecting via pump at address 1 	25
284.9907 	DATA 	Keypress: o
284.9917 	DATA 	Keypress: o
284.9928 	DATA 	Keypress: o
285.0118 	Level WAIT 	25
286.0116 	Level RINSE 	25
287.9903 	DATA 	Keypress: o
287.9950 	Level jitter 	25
290.9856 	Level finished 	25
290.9870 	DATA 	Keypress: o
290.9882 	DATA 	Keypress: o
291.0121 	Level image=tasty.jpg 	25
291.9956 	Level injecting via pump at address 0 	25
297.9907 	DATA 	Keypress: o
297.9918 	DATA 	Keypress: o
297.9928 	DATA 	Keypress: o
298.0133 	Level WAIT 	25
298.9882 	DATA 	Keypress: o
299.0131 	Level RINSE 	25
300.9911 	DATA 	Keypress: o
301.0132 	Level jitter 	25
302.9856 	Level finished 	25
302.9869 	DATA 	Keypress: o
303.0135 	Level image=tasty.jpg 	25
303.9969 	Level injecting via pump at address 1 	25
309.9910 	DATA 	Keypress: o
309.9922 	DATA 	Keypress: o
309.9932 	DATA 	Keypress: o
309.9981 	Level WAIT 	25
310.9887 	DATA 	Keypress: o
311.0144 	Level RINSE 	25
312.9906 	DATA 	Keypress: o
312.9979 	Level jitter 	25
314.9856 	Level finished 	25
314.9868 	DATA 	Keypress: o
315.0150 	Level image=tasty.jpg 	25
315.9984 	Level injecting via pump at address 0 	25
321.9911 	DATA 	Keypress: o
321.9924 	DATA 	Keypress: o
321.9936 	DATA 	Keypress: o
321.9994 	Level WAIT 	25
322.9885 	DATA 	Keypress: o
322.9992 	Level RINSE 	25
324.9909 	DATA 	Keypress: o
325.0160 	Level jitter 	25
325.9856 	Level finished 	25
325.9995 	Level image=waterlogo.jpg 	25
326.9881 	DATA 	Keypress: o
326.9996 	Level injecting via pump at address 0 	25
332.9918 	DATA 	Keypress: o
332.9931 	DATA 	Keypress: o
332.9943 	DATA 	Keypress: o
333.0173 	Level WAIT 	25
334.0171 	Level RINSE 	25
335.9905 	DATA 	Keypress: o
336.0007 	Level jitter 	25
341.9856 	Level finished 	25
341.9874 	DATA 	Keypress: o
341.9888 	DATA 	Keypress: o
341.9899 	DATA 	Keypress: o
342.0181 	Level image=tasty.jpg 	25
342.9884 	DATA 	Keypress: o
343.0187 	Level injecting via pump at address 1 	25
348.9906 	DATA 	Keypress: o
348.9916 	DATA 	Keypress: o
348.9926 	DATA 	Keypress: o
349.0188 	Level WAIT 	25
350.0189 	Level RINSE 	25
351.9908 	DATA 	Keypress: o
352.0191 	Level jitter 	25
354.9856 	Level finished 	25
354.9870 	DATA 	Keypress: o
354.9882 	DATA 	Keypress: o
355.0200 	Level image=tasty.jpg 	25
356.0198 	Level injecting via pump at address 0 	25
361.9899 	DATA 	Keypress: o
361.9909 	DATA 	Keypress: o
361.9918 	DATA 	Keypress: o
362.0204 	Level WAIT 	25
362.9887 	DATA 	Keypress: o
363.0039 	Level RINSE 	25
364.9909 	DATA 	Keypress: o
365.0211 	Level jitter 	25
366.9856 	Level finished 	25
366.9869 	DATA 	Keypress: o
367.0044 	Level image=tasty.jpg 	25
368.0046 	Level injecting via pump at address 1 	25
373.9914 	DATA 	Keypress: o
373.9927 	DATA 	Keypress: o
373.9938 	DATA 	Keypress: o
374.0217 	Level WAIT 	25
374.9882 	DATA 	Keypress: o
375.0223 	Level RINSE 	25
376.9907 	DATA 	Keypress: o
377.0054 	Level jitter 	25
380.9856 	Level finished 	25
380.9869 	DATA 	Keypress: o
380.9878 	DATA 	Keypress: o
381.0226 	Level image=tasty.jpg 	25
382.0062 	Level injecting via pump at address 0 	25
387.9924 	DATA 	Keypress: o
387.9938 	DATA 	Keypress: o
387.9953 	DATA 	Keypress: o
388.0071 	Level WAIT 	25
388.9885 	DATA 	Keypress: o
389.0069 	Level RINSE 	25
390.9908 	DATA 	Keypress: o
391.0071 	Level jitter 	25
397.9856 	Level finished 	25
397.9873 	DATA 	Keypress: o
397.9889 	DATA 	Keypress: o
397.9904 	DATA 	Keypress: o
398.0084 	Level image=tasty.jpg 	25
398.9884 	DATA 	Keypress: o
399.0081 	Level injecting via pump at address 0 	25
404.9909 	DATA 	Keypress: o
404.9919 	DATA 	Keypress: o
404.9928 	DATA 	Keypress: o
405.0087 	Level WAIT 	25
406.0089 	Level RINSE 	25
407.9903 	DATA 	Keypress: o
408.0096 	Level jitter 	25
411.9856 	Level finished 	25
