94.8791 	DATA 	Keypress: o
94.8801 	Level start key press 	25
96.8794 	DATA 	Keypress: o
98.8793 	DATA 	Keypress: o
100.8791 	DATA 	Keypress: o
102.8795 	DATA 	Keypress: o
103.8137 	Level image=tasty.jpg 	25
104.7596 	Level injecting via pump at address 1 	25
110.7481 	DATA 	Keypress: o
110.7493 	DATA 	Keypress: o
110.7503 	DATA 	Keypress: o
110.7605 	Level WAIT 	25
111.7447 	DATA 	Keypress: o
111.7544 	Level RINSE 	25
113.7557 	DATA 	Keypress: o
113.7613 	Level jitter 	25
122.7419 	Level finished 	25
122.7436 	DATA 	Keypress: o
122.7450 	DATA 	Keypress: o
122.7461 	DATA 	Keypress: o
122.7471 	DATA 	Keypress: o
122.7601 	Level image=waterlogo.jpg 	25
123.7449 	DATA 	Keypress: o
123.7582 	Level injecting via pump at address 0 	25
129.7478 	DATA 	Keypress: o
129.7492 	DATA 	Keypress: o
129.7510 	DATA 	Keypress: o
129.7767 	Level WAIT 	25
130.7550 	Level RINSE 	25
132.7471 	DATA 	Keypress: o
132.7607 	Level jitter 	25
136.7419 	Level finished 	25
136.7440 	DATA 	Keypress: o
136.7455 	DATA 	Keypress: o
136.7731 	Level image=tasty.jpg 	25
137.7449 	DATA 	Keypress: o
137.7512 	Level injecting via pump at address 1 	25
143.7481 	DATA 	Keypress: o
143.7495 	DATA 	Keypress: o
143.7509 	DATA 	Keypress: o
143.7614 	Level WAIT 	25
144.7479 	Level RINSE 	25
146.7478 	DATA 	Keypress: o
146.7537 	Level jitter 	25
150.7419 	Level finished 	25
150.7432 	DATA 	Keypress: o
150.7444 	DATA 	Keypress: o
150.7664 	Level image=waterlogo.jpg 	25
151.7452 	DATA 	Keypress: o
151.7610 	Level injecting via pump at address 0 	25
157.7482 	DATA 	Keypress: o
157.7495 	DATA 	Keypress: o
157.7507 	DATA 	Keypress: o
157.7623 	Level WAIT 	25
158.7569 	Level RINSE 	25
160.7477 	DATA 	Keypress: o
160.7634 	Level jitter 	25
164.7419 	Level finished 	25
164.7436 	DATA 	Keypress: o
164.7453 	DATA 	Keypress: o
164.7752 	Level image=waterlogo.jpg 	25
165.7449 	DATA 	Keypress: o
165.7540 	Level injecting via pump at address 0 	25
171.7483 	DATA 	Keypress: o
171.7501 	DATA 	Keypress: o
171.7512 	DATA 	Keypress: o
171.7561 	Level WAIT 	25
172.7493 	Level RINSE 	25
174.7481 	DATA 	Keypress: o
174.7730 	Level jitter 	25
178.7419 	Level finished 	25
178.7435 	DATA 	Keypress: o
178.7448 	DATA 	Keypress: o
178.7684 	Level image=tasty.jpg 	25
179.7448 	DATA 	Keypress: o
179.7627 	Level injecting via pump at address 1 	25
185.7481 	DATA 	Keypress: o
185.7495 	DATA 	Keypress: o
185.7510 	DATA 	Keypress: o
185.7647 	Level WAIT 	25
186.7598 	Level RINSE 	25
188.7474 	DATA 	Keypress: o
188.7644 	Level jitter 	25
194.7419 	Level finished 	25
194.7434 	DATA 	Keypress: o
194.7446 	DATA 	Keypress: o
194.7457 	DATA 	Keypress: o
194.7653 	Level image=waterlogo.jpg 	25
195.7451 	DATA 	Keypress: o
195.7625 	Level injecting via pump at address 0 	25
201.7480 	DATA 	Keypress: o
201.7498 	DATA 	Keypress: o
201.7514 	DATA 	Keypress: o
201.7630 	Level WAIT 	25
202.7580 	Level RINSE 	25
204.7475 	DATA 	Keypress: o
204.7648 	Level jitter 	25
207.7419 	Level finished 	25
207.7433 	DATA 	Keypress: o
207.7447 	DATA 	Keypress: o
207.7654 	Level image=tasty.jpg 	25
208.7608 	Level injecting via pump at address 1 	25
214.7487 	DATA 	Keypress: o
214.7501 	DATA 	Keypress: o
214.7515 	DATA 	Keypress: o
214.7780 	Level WAIT 	25
215.7448 	DATA 	Keypress: o
215.7560 	Level RINSE 	25
217.7468 	DATA 	Keypress: o
217.7632 	Level jitter 	25
220.7419 	Level finished 	25
220.7438 	DATA 	Keypress: o
220.7801 	Level image=waterlogo.jpg 	25
221.7453 	DATA 	Keypress: o
221.7586 	Level injecting via pump at address 0 	25
227.7475 	DATA 	Keypress: o
227.7487 	DATA 	Keypress: o
227.7498 	DATA 	Keypress: o
227.7611 	Level WAIT 	25
228.7551 	Level RINSE 	25
230.7473 	DATA 	Keypress: o
230.7609 	Level jitter 	25
234.7419 	Level finished 	25
234.7434 	DATA 	Keypress: o
234.7448 	DATA 	Keypress: o
234.7563 	Level image=waterlogo.jpg 	25
235.7445 	DATA 	Keypress: o
235.7508 	Level injecting via pump at address 0 	25
241.7477 	DATA 	Keypress: o
241.7491 	DATA 	Keypress: o
241.7504 	DATA 	Keypress: o
241.7694 	Level WAIT 	25
242.7479 	Level RINSE 	25
244.7475 	DATA 	Keypress: o
244.7522 	Level jitter 	25
249.7419 	Level finished 	25
249.7437 	DATA 	Keypress: o
249.7451 	DATA 	Keypress: o
249.7466 	DATA 	Keypress: o
249.7605 	Level image=tasty.jpg 	25
250.7550 	Level injecting via pump at address 1 	25
256.7477 	DATA 	Keypress: o
256.7492 	DATA 	Keypress: o
256.7506 	DATA 	Keypress: o
256.7576 	Level WAIT 	25
257.7448 	DATA 	Keypress: o
257.7680 	Level RINSE 	25
259.7473 	DATA 	Keypress: o
259.7577 	Level jitter 	25
262.7419 	Level finished 	25
262.7434 	DATA 	Keypress: o
262.7589 	Level image=waterlogo.jpg 	25
263.7449 	DATA 	Keypress: o
263.7540 	Level injecting via pump at address 0 	25
269.7472 	DATA 	Keypress: o
269.7484 	DATA 	Keypress: o
269.7495 	DATA 	Keypress: o
269.7535 	Level WAIT 	25
270.7500 	Level RINSE 	25
272.7478 	DATA 	Keypress: o
272.7539 	Level jitter 	25
280.7419 	Level finished 	25
280.7435 	DATA 	Keypress: o
280.7452 	DATA 	Keypress: o
280.7471 	DATA 	Keypress: o
280.7486 	DATA 	Keypress: o
280.7637 	Level image=tasty.jpg 	25
281.7451 	DATA 	Keypress: o
281.7591 	Level injecting via pump at address 1 	25
287.7473 	DATA 	Keypress: o
287.7488 	DATA 	Keypress: o
287.7501 	DATA 	Keypress: o
287.7549 	Level WAIT 	25
288.7722 	Level RINSE 	25
290.7473 	DATA 	Keypress: o
290.7611 	Level jitter 	25
292.7419 	Level finished 	25
292.7434 	DATA 	Keypress: o
292.7670 	Level image=tasty.jpg 	25
293.7448 	DATA 	Keypress: o
293.7628 	Level injecting via pump at address 1 	25
299.7477 	DATA 	Keypress: o
299.7489 	DATA 	Keypress: o
299.7502 	DATA 	Keypress: o
299.7641 	Level WAIT 	25
300.7583 	Level RINSE 	25
302.7485 	DATA 	Keypress: o
302.7648 	Level jitter 	25
304.7419 	Level finished 	25
304.7434 	DATA 	Keypress: o
304.7710 	Level image=waterlogo.jpg 	25
305.7449 	DATA 	Keypress: o
305.7492 	Level injecting via pump at address 0 	25
311.7474 	DATA 	Keypress: o
311.7488 	DATA 	Keypress: o
311.7501 	DATA 	Keypress: o
311.7671 	Level WAIT 	25
312.7569 	Level RINSE 	25
314.7478 	DATA 	Keypress: o
314.7512 	Level jitter 	25
317.7419 	Level finished 	25
317.7434 	DATA 	Keypress: o
317.7447 	DATA 	Keypress: o
317.7690 	Level image=tasty.jpg 	25
318.7464 	Level injecting via pump at address 1 	25
324.7480 	DATA 	Keypress: o
324.7497 	DATA 	Keypress: o
324.7509 	DATA 	Keypress: o
324.7656 	Level WAIT 	25
325.7444 	DATA 	Keypress: o
325.7573 	Level RINSE 	25
327.7479 	DATA 	Keypress: o
327.7579 	Level jitter 	25
329.7419 	Level finished 	25
329.7434 	DATA 	Keypress: o
329.7719 	Level image=waterlogo.jpg 	25
330.7498 	Level injecting via pump at address 0 	25
336.7489 	DATA 	Keypress: o
336.7506 	DATA 	Keypress: o
336.7522 	DATA 	Keypress: o
336.7694 	Level WAIT 	25
337.7448 	DATA 	Keypress: o
337.7580 	Level RINSE 	25
339.7475 	DATA 	Keypress: o
339.7530 	Level jitter 	25
340.7419 	Level finished 	25
340.7640 	Level image=tasty.jpg 	25
341.7448 	DATA 	Keypress: o
341.7587 	Level injecting via pump at address 1 	25
347.7471 	DATA 	Keypress: o
347.7484 	DATA 	Keypress: o
347.7495 	DATA 	Keypress: o
347.7589 	Level WAIT 	25
348.7550 	Level RINSE 	25
350.7468 	DATA 	Keypress: o
350.7610 	Level jitter 	25
352.7419 	Level finished 	25
352.7431 	DATA 	Keypress: o
352.7677 	Level image=waterlogo.jpg 	25
353.7447 	DATA 	Keypress: o
353.7593 	Level injecting via pump at address 0 	25
359.7484 	DATA 	Keypress: o
359.7498 	DATA 	Keypress: o
359.7511 	DATA 	Keypress: o
359.7650 	Level WAIT 	25
360.7590 	Level RINSE 	25
362.7473 	DATA 	Keypress: o
362.7644 	Level jitter 	25
368.7419 	Level finished 	25
368.7438 	DATA 	Keypress: o
368.7458 	DATA 	Keypress: o
368.7472 	DATA 	Keypress: o
368.7600 	Level image=waterlogo.jpg 	25
369.7449 	DATA 	Keypress: o
369.7613 	Level injecting via pump at address 0 	25
375.7481 	DATA 	Keypress: o
375.7497 	DATA 	Keypress: o
375.7511 	DATA 	Keypress: o
375.7629 	Level WAIT 	25
376.7580 	Level RINSE 	25
378.7473 	DATA 	Keypress: o
378.7638 	Level jitter 	25
381.7419 	Level finished 	25
381.7434 	DATA 	Keypress: o
381.7449 	DATA 	Keypress: o
381.7611 	Level image=tasty.jpg 	25
382.7590 	Level injecting via pump at address 1 	25
388.7482 	DATA 	Keypress: o
388.7495 	DATA 	Keypress: o
388.7508 	DATA 	Keypress: o
388.7772 	Level WAIT 	25
389.7448 	DATA 	Keypress: o
389.7560 	Level RINSE 	25
391.7473 	DATA 	Keypress: o
391.7631 	Level jitter 	25
399.7419 	Level finished 	25
399.7434 	DATA 	Keypress: o
399.7448 	DATA 	Keypress: o
399.7462 	DATA 	Keypress: o
399.7475 	DATA 	Keypress: o
399.7698 	Level image=waterlogo.jpg 	25
400.7476 	Level injecting via pump at address 0 	25
406.7478 	DATA 	Keypress: o
406.7496 	DATA 	Keypress: o
406.7509 	DATA 	Keypress: o
406.7666 	Level WAIT 	25
407.7450 	DATA 	Keypress: o
407.7617 	Level RINSE 	25
409.7473 	DATA 	Keypress: o
409.7677 	Level jitter 	25
414.7419 	Level finished 	25
414.7434 	DATA 	Keypress: o
414.7447 	DATA 	Keypress: o
414.7737 	Level image=tasty.jpg 	25
415.7448 	DATA 	Keypress: o
415.7529 	Level injecting via pump at address 1 	25
421.7480 	DATA 	Keypress: o
421.7494 	DATA 	Keypress: o
421.7507 	DATA 	Keypress: o
421.7541 	Level WAIT 	25
422.7477 	Level RINSE 	25
424.7480 	DATA 	Keypress: o
424.7719 	Level jitter 	25
428.7419 	Level finished 	25
428.7433 	DATA 	Keypress: o
428.7444 	DATA 	Keypress: o
428.7661 	Level image=waterlogo.jpg 	25
429.7452 	DATA 	Keypress: o
429.7612 	Level injecting via pump at address 0 	25
435.7483 	DATA 	Keypress: o
435.7496 	DATA 	Keypress: o
435.7507 	DATA 	Keypress: o
435.7634 	Level WAIT 	25
436.7577 	Level RINSE 	25
438.7466 	DATA 	Keypress: o
438.7638 	Level jitter 	25
443.7420 	Level finished 	25
443.7433 	DATA 	Keypress: o
443.7446 	DATA 	Keypress: o
443.7456 	DATA 	Keypress: o
443.7708 	Level image=tasty.jpg 	25
444.7656 	Level injecting via pump at address 1 	25
450.7476 	DATA 	Keypress: o
450.7493 	DATA 	Keypress: o
450.7506 	DATA 	Keypress: o
450.7661 	Level WAIT 	25
451.7448 	DATA 	Keypress: o
451.7621 	Level RINSE 	25
453.7475 	DATA 	Keypress: o
453.7519 	Level jitter 	25
462.7419 	Level finished 	25
462.7434 	DATA 	Keypress: o
462.7446 	DATA 	Keypress: o
462.7457 	DATA 	Keypress: o
462.7467 	DATA 	Keypress: o
462.7678 	Level image=waterlogo.jpg 	25
463.7445 	DATA 	Keypress: o
463.7491 	Level injecting via pump at address 0 	25
469.7474 	DATA 	Keypress: o
469.7485 	DATA 	Keypress: o
469.7496 	DATA 	Keypress: o
469.7837 	Level WAIT 	25
470.7463 	Level RINSE 	25
472.7485 	DATA 	Keypress: o
472.7692 	Level jitter 	25
481.7419 	Level finished 	25
481.7435 	DATA 	Keypress: o
481.7450 	DATA 	Keypress: o
481.7463 	DATA 	Keypress: o
481.7475 	DATA 	Keypress: o
481.7489 	DATA 	Keypress: o
481.7687 	Level image=tasty.jpg 	25
482.7665 	Level injecting via pump at address 1 	25
488.7479 	DATA 	Keypress: o
488.7492 	DATA 	Keypress: o
488.7504 	DATA 	Keypress: o
488.7668 	Level WAIT 	25
489.7452 	DATA 	Keypress: o
489.7615 	Level RINSE 	25
491.7479 	DATA 	Keypress: o
491.7677 	Level jitter 	25
495.7419 	Level finished 	25
495.7432 	DATA 	Keypress: o
495.7445 	DATA 	Keypress: o
495.7643 	Level image=tasty.jpg 	25
496.7579 	Level injecting via pump at address 1 	25
502.7479 	DATA 	Keypress: o
502.7493 	DATA 	Keypress: o
502.7512 	DATA 	Keypress: o
502.7599 	Level WAIT 	25
503.7452 	DATA 	Keypress: o
503.7550 	Level RINSE 	25
505.7479 	DATA 	Keypress: o
505.7609 	Level jitter 	25
508.7419 	Level finished 	25
508.7434 	DATA 	Keypress: o
508.7615 	Level image=waterlogo.jpg 	25
509.7449 	DATA 	Keypress: o
509.7536 	Level injecting via pump at address 0 	25
515.7479 	DATA 	Keypress: o
515.7491 	DATA 	Keypress: o
515.7502 	DATA 	Keypress: o
515.7538 	Level WAIT 	25
516.7702 	Level RINSE 	25
518.7484 	DATA 	Keypress: o
518.7587 	Level jitter 	25
519.7419 	Level finished 	25
519.7431 	DATA 	Keypress: o
519.7701 	Level image=tasty.jpg 	25
520.7491 	Level injecting via pump at address 1 	25
526.7475 	DATA 	Keypress: o
526.7488 	DATA 	Keypress: o
526.7500 	DATA 	Keypress: o
526.7551 	Level WAIT 	25
527.7450 	DATA 	Keypress: o
527.7624 	Level RINSE 	25
529.7473 	DATA 	Keypress: o
529.7674 	Level jitter 	25
536.7419 	Level finished 	25
536.7434 	DATA 	Keypress: o
536.7447 	DATA 	Keypress: o
536.7458 	DATA 	Keypress: o
536.7645 	Level image=waterlogo.jpg 	25
537.7448 	DATA 	Keypress: o
537.7590 	Level injecting via pump at address 0 	25
543.7484 	DATA 	Keypress: o
543.7499 	DATA 	Keypress: o
543.7512 	DATA 	Keypress: o
543.7602 	Level WAIT 	25
544.7551 	Level RINSE 	25
546.7503 	DATA 	Keypress: o
546.7615 	Level jitter 	25
547.7419 	Level finished 	25
547.7433 	DATA 	Keypress: o
547.7568 	Level image=tasty.jpg 	25
548.7680 	Level injecting via pump at address 1 	25
554.7477 	DATA 	Keypress: o
554.7491 	DATA 	Keypress: o
554.7502 	DATA 	Keypress: o
554.7696 	Level WAIT 	25
555.7450 	DATA 	Keypress: o
555.7561 	Level RINSE 	25
557.7475 	DATA 	Keypress: o
557.7701 	Level jitter 	25
563.7419 	Level finished 	25
