43.2686 	DATA 	Keypress: o
43.2695 	Level start key press 	25
45.2818 	DATA 	Keypress: o
47.2819 	DATA 	Keypress: o
49.2822 	DATA 	Keypress: o
51.2822 	DATA 	Keypress: o
51.8466 	Level image=tasty.jpg 	25
52.7972 	Level injecting via pump at address 1 	25
58.7679 	DATA 	Keypress: o
58.7689 	DATA 	Keypress: o
58.7699 	DATA 	Keypress: o
58.7970 	Level WAIT 	25
59.7657 	DATA 	Keypress: o
59.7804 	Level RINSE 	25
61.7762 	DATA 	Keypress: o
61.7973 	Level jitter 	25
70.7632 	Level finished 	25
70.7647 	DATA 	Keypress: o
70.7660 	DATA 	Keypress: o
70.7673 	DATA 	Keypress: o
70.7685 	DATA 	Keypress: o
70.7984 	Level image=waterlogo.jpg 	25
71.7656 	DATA 	Keypress: o
71.7981 	Level injecting via pump at address 0 	25
77.7686 	DATA 	Keypress: o
77.7697 	DATA 	Keypress: o
77.7706 	DATA 	Keypress: o
77.7983 	Level WAIT 	25
78.7818 	Level RINSE 	25
80.7679 	DATA 	Keypress: o
80.7990 	Level jitter 	25
84.7632 	Level finished 	25
84.7646 	DATA 	Keypress: o
84.7659 	DATA 	Keypress: o
84.7822 	Level image=tasty.jpg 	25
85.7659 	DATA 	Keypress: o
85.7823 	Level injecting via pump at address 1 	25
91.7687 	DATA 	Keypress: o
91.7701 	DATA 	Keypress: o
91.7714 	DATA 	Keypress: o
91.7831 	Level WAIT 	25
92.7828 	Level RINSE 	25
94.7687 	DATA 	Keypress: o
94.7829 	Level jitter 	25
98.7632 	Level finished 	25
98.7650 	DATA 	Keypress: o
98.7665 	DATA 	Keypress: o
98.7999 	Level image=waterlogo.jpg 	25
99.7657 	DATA 	Keypress: o
99.7832 	Level injecting via pump at address 0 	25
105.7680 	DATA 	Keypress: o
105.7691 	DATA 	Keypress: o
105.7704 	DATA 	Keypress: o
105.8007 	Level WAIT 	25
106.7837 	Level RINSE 	25
108.7688 	DATA 	Keypress: o
108.8004 	Level jitter 	25
112.7632 	Level finished 	25
112.7649 	DATA 	Keypress: o
112.7662 	DATA 	Keypress: o
112.7841 	Level image=waterlogo.jpg 	25
113.7665 	DATA 	Keypress: o
113.7842 	Level injecting via pump at address 0 	25
119.7683 	DATA 	Keypress: o
119.7696 	DATA 	Keypress: o
119.7709 	DATA 	Keypress: o
119.7850 	Level WAIT 	25
120.7847 	Level RINSE 	25
122.7687 	DATA 	Keypress: o
122.7848 	Level jitter 	25
126.7632 	Level finished 	25
126.7645 	DATA 	Keypress: o
126.7658 	DATA 	Keypress: o
126.7851 	Level image=tasty.jpg 	25
127.7660 	DATA 	Keypress: o
127.7852 	Level injecting via pump at address 1 	25
133.7689 	DATA 	Keypress: o
133.7702 	DATA 	Keypress: o
133.7715 	DATA 	Keypress: o
133.8026 	Level WAIT 	25
134.7690 	Level RINSE 	25
136.7686 	DATA 	Keypress: o
136.7858 	Level jitter 	25
142.7632 	Level finished 	25
142.7645 	DATA 	Keypress: o
142.7655 	DATA 	Keypress: o
142.7665 	DATA 	Keypress: o
142.7862 	Level image=waterlogo.jpg 	25
143.7659 	DATA 	Keypress: o
143.7701 	Level injecting via pump at address 0 	25
149.7687 	DATA 	Keypress: o
149.7700 	DATA 	Keypress: o
149.7712 	DATA 	Keypress: o
149.8033 	Level WAIT 	25
150.7868 	Level RINSE 	25
152.7685 	DATA 	Keypress: o
152.7869 	Level jitter 	25
155.7632 	Level finished 	25
155.7646 	DATA 	Keypress: o
155.7659 	DATA 	Keypress: o
155.8042 	Level image=tasty.jpg 	25
156.7705 	Level injecting via pump at address 1 	25
162.7693 	DATA 	Keypress: o
162.7707 	DATA 	Keypress: o
162.7718 	DATA 	Keypress: o
162.7875 	Level WAIT 	25
163.7657 	DATA 	Keypress: o
163.7876 	Level RINSE 	25
165.7690 	DATA 	Keypress: o
165.7882 	Level jitter 	25
168.7632 	Level finished 	25
168.7644 	DATA 	Keypress: o
168.7880 	Level image=waterlogo.jpg 	25
169.7661 	DATA 	Keypress: o
169.7881 	Level injecting via pump at address 0 	25
175.7682 	DATA 	Keypress: o
175.7693 	DATA 	Keypress: o
175.7702 	DATA 	Keypress: o
175.7887 	Level WAIT 	25
176.7885 	Level RINSE 	25
178.7684 	DATA 	Keypress: o
178.7886 	Level jitter 	25
182.7632 	Level finished 	25
182.7646 	DATA 	Keypress: o
182.7659 	DATA 	Keypress: o
182.7890 	Level image=waterlogo.jpg 	25
183.7659 	DATA 	Keypress: o
183.7891 	Level injecting via pump at address 0 	25
189.7685 	DATA 	Keypress: o
189.7696 	DATA 	Keypress: o
189.7706 	DATA 	Keypress: o
189.7897 	Level WAIT 	25
190.7729 	Level RINSE 	25
192.7684 	DATA 	Keypress: o
192.7896 	Level jitter 	25
197.7632 	Level finished 	25
197.7646 	DATA 	Keypress: o
197.7657 	DATA 	Keypress: o
197.7666 	DATA 	Keypress: o
197.7901 	Level image=tasty.jpg 	25
198.7901 	Level injecting via pump at address 1 	25
204.7687 	DATA 	Keypress: o
204.7701 	DATA 	Keypress: o
204.7713 	DATA 	Keypress: o
204.7908 	Level WAIT 	25
205.7661 	DATA 	Keypress: o
205.7905 	Level RINSE 	25
207.7693 	DATA 	Keypress: o
207.7906 	Level jitter 	25
210.7632 	Level finished 	25
210.7650 	DATA 	Keypress: o
210.7910 	Level image=waterlogo.jpg 	25
211.7662 	DATA 	Keypress: o
211.7911 	Level injecting via pump at address 0 	25
217.7680 	DATA 	Keypress: o
217.7690 	DATA 	Keypress: o
217.7700 	DATA 	Keypress: o
217.7917 	Level WAIT 	25
218.7748 	Level RINSE 	25
220.7682 	DATA 	Keypress: o
220.7915 	Level jitter 	25
228.7632 	Level finished 	25
228.7645 	DATA 	Keypress: o
228.7655 	DATA 	Keypress: o
228.7665 	DATA 	Keypress: o
228.7675 	DATA 	Keypress: o
228.7926 	Level image=tasty.jpg 	25
229.7656 	DATA 	Keypress: o
229.7922 	Level injecting via pump at address 1 	25
235.7686 	DATA 	Keypress: o
235.7698 	DATA 	Keypress: o
235.7710 	DATA 	Keypress: o
235.7926 	Level WAIT 	25
236.7927 	Level RINSE 	25
238.7687 	DATA 	Keypress: o
238.7932 	Level jitter 	25
240.7632 	Level finished 	25
240.7643 	DATA 	Keypress: o
240.7762 	Level image=tasty.jpg 	25
241.7656 	DATA 	Keypress: o
241.7763 	Level injecting via pump at address 1 	25
247.7685 	DATA 	Keypress: o
247.7695 	DATA 	Keypress: o
247.7705 	DATA 	Keypress: o
247.7934 	Level WAIT 	25
248.7939 	Level RINSE 	25
250.7679 	DATA 	Keypress: o
250.7769 	Level jitter 	25
252.7632 	Level finished 	25
252.7646 	DATA 	Keypress: o
252.7939 	Level image=waterlogo.jpg 	25
253.7659 	DATA 	Keypress: o
253.7772 	Level injecting via pump at address 0 	25
259.7689 	DATA 	Keypress: o
259.7703 	DATA 	Keypress: o
259.7716 	DATA 	Keypress: o
259.7779 	Level WAIT 	25
260.7777 	Level RINSE 	25
262.7683 	DATA 	Keypress: o
262.7778 	Level jitter 	25
265.7632 	Level finished 	25
265.7644 	DATA 	Keypress: o
265.7655 	DATA 	Keypress: o
265.7780 	Level image=tasty.jpg 	25
266.7781 	Level injecting via pump at address 1 	25
272.7686 	DATA 	Keypress: o
272.7699 	DATA 	Keypress: o
272.7709 	DATA 	Keypress: o
272.7955 	Level WAIT 	25
273.7657 	DATA 	Keypress: o
273.7952 	Level RINSE 	25
275.7690 	DATA 	Keypress: o
275.7787 	Level jitter 	25
277.7632 	Level finished 	25
277.7646 	DATA 	Keypress: o
277.7788 	Level image=waterlogo.jpg 	25
278.7790 	Level injecting via pump at address 0 	25
284.7692 	DATA 	Keypress: o
284.7705 	DATA 	Keypress: o
284.7717 	DATA 	Keypress: o
284.7797 	Level WAIT 	25
285.7661 	DATA 	Keypress: o
285.7794 	Level RINSE 	25
287.7678 	DATA 	Keypress: o
287.7795 	Level jitter 	25
288.7632 	Level finished 	25
288.7796 	Level image=tasty.jpg 	25
289.7660 	DATA 	Keypress: o
289.7964 	Level injecting via pump at address 1 	25
295.7688 	DATA 	Keypress: o
295.7701 	DATA 	Keypress: o
295.7713 	DATA 	Keypress: o
295.7972 	Level WAIT 	25
296.7801 	Level RINSE 	25
298.7685 	DATA 	Keypress: o
298.7970 	Level jitter 	25
300.7632 	Level finished 	25
300.7646 	DATA 	Keypress: o
300.7804 	Level image=waterlogo.jpg 	25
301.7656 	DATA 	Keypress: o
301.7805 	Level injecting via pump at address 0 	25
307.7687 	DATA 	Keypress: o
307.7700 	DATA 	Keypress: o
307.7710 	DATA 	Keypress: o
307.7980 	Level WAIT 	25
308.7977 	Level RINSE 	25
310.7676 	DATA 	Keypress: o
310.7810 	Level jitter 	25
316.7632 	Level finished 	25
316.7647 	DATA 	Keypress: o
316.7661 	DATA 	Keypress: o
316.7671 	DATA 	Keypress: o
316.7982 	Level image=waterlogo.jpg 	25
317.7657 	DATA 	Keypress: o
317.7821 	Level injecting via pump at address 0 	25
323.7680 	DATA 	Keypress: o
323.7690 	DATA 	Keypress: o
323.7700 	DATA 	Keypress: o
323.7987 	Level WAIT 	25
324.7821 	Level RINSE 	25
326.7682 	DATA 	Keypress: o
326.7822 	Level jitter 	25
329.7632 	Level finished 	25
329.7646 	DATA 	Keypress: o
329.7659 	DATA 	Keypress: o
329.7995 	Level image=tasty.jpg 	25
330.7825 	Level injecting via pump at address 1 	25
336.7677 	DATA 	Keypress: o
336.7690 	DATA 	Keypress: o
336.7702 	DATA 	Keypress: o
336.7995 	Level WAIT 	25
337.7661 	DATA 	Keypress: o
337.7830 	Level RINSE 	25
339.7679 	DATA 	Keypress: o
339.8002 	Level jitter 	25
347.7632 	Level finished 	25
347.7645 	DATA 	Keypress: o
347.7656 	DATA 	Keypress: o
347.7666 	DATA 	Keypress: o
347.7675 	DATA 	Keypress: o
347.7837 	Level image=waterlogo.jpg 	25
348.7838 	Level injecting via pump at address 0 	25
354.7684 	DATA 	Keypress: o
354.7695 	DATA 	Keypress: o
354.7708 	DATA 	Keypress: o
354.7845 	Level WAIT 	25
355.7656 	DATA 	Keypress: o
355.7675 	Level RINSE 	25
357.7693 	DATA 	Keypress: o
357.7843 	Level jitter 	25
362.7632 	Level finished 	25
362.7647 	DATA 	Keypress: o
362.7660 	DATA 	Keypress: o
362.7847 	Level image=tasty.jpg 	25
363.7657 	DATA 	Keypress: o
363.7849 	Level injecting via pump at address 1 	25
369.7688 	DATA 	Keypress: o
369.7701 	DATA 	Keypress: o
369.7713 	DATA 	Keypress: o
369.7856 	Level WAIT 	25
370.7852 	Level RINSE 	25
372.7684 	DATA 	Keypress: o
372.7853 	Level jitter 	25
376.7632 	Level finished 	25
376.7645 	DATA 	Keypress: o
376.7657 	DATA 	Keypress: o
376.7857 	Level image=waterlogo.jpg 	25
377.7657 	DATA 	Keypress: o
377.7691 	Level injecting via pump at address 0 	25
383.7687 	DATA 	Keypress: o
383.7698 	DATA 	Keypress: o
383.7708 	DATA 	Keypress: o
383.8033 	Level WAIT 	25
384.7862 	Level RINSE 	25
386.7684 	DATA 	Keypress: o
386.7863 	Level jitter 	25
391.7632 	Level finished 	25
391.7645 	DATA 	Keypress: o
391.7656 	DATA 	Keypress: o
391.7665 	DATA 	Keypress: o
391.7867 	Level image=tasty.jpg 	25
392.7869 	Level injecting via pump at address 1 	25
398.7688 	DATA 	Keypress: o
398.7701 	DATA 	Keypress: o
398.7716 	DATA 	Keypress: o
398.7876 	Level WAIT 	25
399.7656 	DATA 	Keypress: o
399.7705 	Level RINSE 	25
401.7679 	DATA 	Keypress: o
401.7873 	Level jitter 	25
410.7632 	Level finished 	25
410.7646 	DATA 	Keypress: o
410.7657 	DATA 	Keypress: o
410.7666 	DATA 	Keypress: o
410.7676 	DATA 	Keypress: o
410.7884 	Level image=waterlogo.jpg 	25
411.7656 	DATA 	Keypress: o
411.7881 	Level injecting via pump at address 0 	25
417.7683 	DATA 	Keypress: o
417.7694 	DATA 	Keypress: o
417.7703 	DATA 	Keypress: o
417.7884 	Level WAIT 	25
418.7720 	Level RINSE 	25
420.7680 	DATA 	Keypress: o
420.7892 	Level jitter 	25
429.7632 	Level finished 	25
429.7645 	DATA 	Keypress: o
429.7655 	DATA 	Keypress: o
429.7665 	DATA 	Keypress: o
429.7675 	DATA 	Keypress: o
429.7685 	DATA 	Keypress: o
429.7893 	Level image=tasty.jpg 	25
430.7733 	Level injecting via pump at address 1 	25
436.7685 	DATA 	Keypress: o
436.7695 	DATA 	Keypress: o
436.7705 	DATA 	Keypress: o
436.7898 	Level WAIT 	25
437.7659 	DATA 	Keypress: o
437.7732 	Level RINSE 	25
439.7683 	DATA 	Keypress: o
439.7900 	Level jitter 	25
443.7632 	Level finished 	25
443.7647 	DATA 	Keypress: o
443.7660 	DATA 	Keypress: o
443.7907 	Level image=tasty.jpg 	25
444.7903 	Level injecting via pump at address 1 	25
450.7687 	DATA 	Keypress: o
450.7700 	DATA 	Keypress: o
450.7712 	DATA 	Keypress: o
450.7907 	Level WAIT 	25
451.7664 	DATA 	Keypress: o
451.7909 	Level RINSE 	25
453.7691 	DATA 	Keypress: o
453.7914 	Level jitter 	25
456.7632 	Level finished 	25
456.7644 	DATA 	Keypress: o
456.7912 	Level image=waterlogo.jpg 	25
457.7657 	DATA 	Keypress: o
457.7913 	Level injecting via pump at address 0 	25
463.7688 	DATA 	Keypress: o
463.7701 	DATA 	Keypress: o
463.7712 	DATA 	Keypress: o
463.7921 	Level WAIT 	25
464.7917 	Level RINSE 	25
466.7682 	DATA 	Keypress: o
466.7919 	Level jitter 	25
467.7632 	Level finished 	25
467.7644 	DATA 	Keypress: o
467.7920 	Level image=tasty.jpg 	25
468.7753 	Level injecting via pump at address 1 	25
474.7685 	DATA 	Keypress: o
474.7698 	DATA 	Keypress: o
474.7710 	DATA 	Keypress: o
474.7763 	Level WAIT 	25
475.7661 	DATA 	Keypress: o
475.7759 	Level RINSE 	25
477.7682 	DATA 	Keypress: o
477.7760 	Level jitter 	25
484.7632 	Level finished 	25
484.7647 	DATA 	Keypress: o
484.7660 	DATA 	Keypress: o
484.7672 	DATA 	Keypress: o
484.7935 	Level image=waterlogo.jpg 	25
485.7661 	DATA 	Keypress: o
485.7932 	Level injecting via pump at address 0 	25
491.7689 	DATA 	Keypress: o
491.7702 	DATA 	Keypress: o
491.7715 	DATA 	Keypress: o
491.7935 	Level WAIT 	25
492.7937 	Level RINSE 	25
494.7691 	DATA 	Keypress: o
494.7943 	Level jitter 	25
495.7632 	Level finished 	25
495.7643 	DATA 	Keypress: o
495.7940 	Level image=tasty.jpg 	25
496.7773 	Level injecting via pump at address 1 	25
502.7682 	DATA 	Keypress: o
502.7693 	DATA 	Keypress: o
502.7703 	DATA 	Keypress: o
502.7777 	Level WAIT 	25
503.7660 	DATA 	Keypress: o
503.7778 	Level RINSE 	25
505.7685 	DATA 	Keypress: o
505.7784 	Level jitter 	25
511.7632 	Level finished 	25
