52.9753 	DATA 	Keypress: o
52.9763 	Level start key press 	25
54.9904 	DATA 	Keypress: o
56.9740 	DATA 	Keypress: o
58.9742 	DATA 	Keypress: o
60.9743 	DATA 	Keypress: o
61.5385 	Level image=tasty.jpg 	25
62.4886 	Level injecting via pump at address 1 	25
68.4774 	DATA 	Keypress: o
68.4788 	DATA 	Keypress: o
68.4802 	DATA 	Keypress: o
68.5060 	Level WAIT 	25
69.4743 	DATA 	Keypress: o
69.5057 	Level RINSE 	25
71.4862 	DATA 	Keypress: o
71.5058 	Level jitter 	25
80.4718 	Level finished 	25
80.4732 	DATA 	Keypress: o
80.4742 	DATA 	Keypress: o
80.4751 	DATA 	Keypress: o
80.4761 	DATA 	Keypress: o
80.5069 	Level image=waterlogo.jpg 	25
81.4746 	DATA 	Keypress: o
81.4900 	Level injecting via pump at address 0 	25
87.4772 	DATA 	Keypress: o
87.4786 	DATA 	Keypress: o
87.4797 	DATA 	Keypress: o
87.5069 	Level WAIT 	25
88.5070 	Level RINSE 	25
90.4763 	DATA 	Keypress: o
90.4909 	Level jitter 	25
94.4718 	Level finished 	25
94.4731 	DATA 	Keypress: o
94.4741 	DATA 	Keypress: o
94.5074 	Level image=tasty.jpg 	25
95.4747 	DATA 	Keypress: o
95.4910 	Level injecting via pump at address 1 	25
101.4771 	DATA 	Keypress: o
101.4783 	DATA 	Keypress: o
101.4795 	DATA 	Keypress: o
101.4916 	Level WAIT 	25
102.4913 	Level RINSE 	25
104.4772 	DATA 	Keypress: o
104.4914 	Level jitter 	25
108.4718 	Level finished 	25
108.4731 	DATA 	Keypress: o
108.4741 	DATA 	Keypress: o
108.4917 	Level image=waterlogo.jpg 	25
109.4744 	DATA 	Keypress: o
109.4917 	Level injecting via pump at address 0 	25
115.4776 	DATA 	Keypress: o
115.4788 	DATA 	Keypress: o
115.4801 	DATA 	Keypress: o
115.5093 	Level WAIT 	25
116.4922 	Level RINSE 	25
118.4772 	DATA 	Keypress: o
118.4924 	Level jitter 	25
122.4718 	Level finished 	25
122.4731 	DATA 	Keypress: o
122.4741 	DATA 	Keypress: o
122.5093 	Level image=waterlogo.jpg 	25
123.4748 	DATA 	Keypress: o
123.4928 	Level injecting via pump at address 0 	25
129.4775 	DATA 	Keypress: o
129.4789 	DATA 	Keypress: o
129.4801 	DATA 	Keypress: o
129.4936 	Level WAIT 	25
130.4932 	Level RINSE 	25
132.4772 	DATA 	Keypress: o
132.4933 	Level jitter 	25
136.4718 	Level finished 	25
136.4733 	DATA 	Keypress: o
136.4745 	DATA 	Keypress: o
136.4936 	Level image=tasty.jpg 	25
137.4748 	DATA 	Keypress: o
137.4937 	Level injecting via pump at address 1 	25
143.4771 	DATA 	Keypress: o
143.4786 	DATA 	Keypress: o
143.4800 	DATA 	Keypress: o
143.4945 	Level WAIT 	25
144.4942 	Level RINSE 	25
146.4765 	DATA 	Keypress: o
146.4943 	Level jitter 	25
152.4718 	Level finished 	25
152.4734 	DATA 	Keypress: o
152.4750 	DATA 	Keypress: o
152.4761 	DATA 	Keypress: o
152.4948 	Level image=waterlogo.jpg 	25
153.4746 	DATA 	Keypress: o
153.4954 	Level injecting via pump at address 0 	25
159.4772 	DATA 	Keypress: o
159.4785 	DATA 	Keypress: o
159.4797 	DATA 	Keypress: o
159.4952 	Level WAIT 	25
160.4786 	Level RINSE 	25
162.4771 	DATA 	Keypress: o
162.4953 	Level jitter 	25
165.4718 	Level finished 	25
165.4731 	DATA 	Keypress: o
165.4741 	DATA 	Keypress: o
165.4961 	Level image=tasty.jpg 	25
166.4958 	Level injecting via pump at address 1 	25
172.4771 	DATA 	Keypress: o
172.4784 	DATA 	Keypress: o
172.4796 	DATA 	Keypress: o
172.5127 	Level WAIT 	25
173.4746 	DATA 	Keypress: o
173.4962 	Level RINSE 	25
175.4771 	DATA 	Keypress: o
175.4967 	Level jitter 	25
178.4718 	Level finished 	25
178.4730 	DATA 	Keypress: o
178.4966 	Level image=waterlogo.jpg 	25
179.4742 	DATA 	Keypress: o
179.4801 	Level injecting via pump at address 0 	25
185.4789 	DATA 	Keypress: o
185.4802 	DATA 	Keypress: o
185.4814 	DATA 	Keypress: o
185.4975 	Level WAIT 	25
186.4971 	Level RINSE 	25
188.4771 	DATA 	Keypress: o
188.4805 	Level jitter 	25
192.4718 	Level finished 	25
192.4731 	DATA 	Keypress: o
192.4741 	DATA 	Keypress: o
192.4975 	Level image=waterlogo.jpg 	25
193.4744 	DATA 	Keypress: o
193.4976 	Level injecting via pump at address 0 	25
199.4765 	DATA 	Keypress: o
199.4775 	DATA 	Keypress: o
199.4785 	DATA 	Keypress: o
199.4985 	Level WAIT 	25
200.4980 	Level RINSE 	25
202.4771 	DATA 	Keypress: o
202.4982 	Level jitter 	25
207.4718 	Level finished 	25
207.4731 	DATA 	Keypress: o
207.4743 	DATA 	Keypress: o
207.4755 	DATA 	Keypress: o
207.4985 	Level image=tasty.jpg 	25
208.4821 	Level injecting via pump at address 1 	25
214.4774 	DATA 	Keypress: o
214.4788 	DATA 	Keypress: o
214.4802 	DATA 	Keypress: o
214.4994 	Level WAIT 	25
215.4747 	DATA 	Keypress: o
215.4991 	Level RINSE 	25
217.4775 	DATA 	Keypress: o
217.4992 	Level jitter 	25
220.4718 	Level finished 	25
220.4732 	DATA 	Keypress: o
220.4994 	Level image=waterlogo.jpg 	25
221.4745 	DATA 	Keypress: o
221.4996 	Level injecting via pump at address 0 	25
227.4768 	DATA 	Keypress: o
227.4778 	DATA 	Keypress: o
227.4787 	DATA 	Keypress: o
227.5004 	Level WAIT 	25
228.5001 	Level RINSE 	25
230.4763 	DATA 	Keypress: o
230.5001 	Level jitter 	25
238.4718 	Level finished 	25
238.4732 	DATA 	Keypress: o
238.4746 	DATA 	Keypress: o
238.4759 	DATA 	Keypress: o
238.4770 	DATA 	Keypress: o
238.5011 	Level image=tasty.jpg 	25
239.4742 	DATA 	Keypress: o
239.4841 	Level injecting via pump at address 1 	25
245.4770 	DATA 	Keypress: o
245.4783 	DATA 	Keypress: o
245.4796 	DATA 	Keypress: o
245.5011 	Level WAIT 	25
246.5012 	Level RINSE 	25
248.4776 	DATA 	Keypress: o
248.4851 	Level jitter 	25
250.4718 	Level finished 	25
250.4732 	DATA 	Keypress: o
250.5015 	Level image=tasty.jpg 	25
251.4747 	DATA 	Keypress: o
251.4851 	Level injecting via pump at address 1 	25
257.4779 	DATA 	Keypress: o
257.4792 	DATA 	Keypress: o
257.4804 	DATA 	Keypress: o
257.4853 	Level WAIT 	25
258.4858 	Level RINSE 	25
260.4766 	DATA 	Keypress: o
260.4855 	Level jitter 	25
262.4718 	Level finished 	25
262.4730 	DATA 	Keypress: o
262.5024 	Level image=waterlogo.jpg 	25
263.4753 	DATA 	Keypress: o
263.4858 	Level injecting via pump at address 0 	25
269.4775 	DATA 	Keypress: o
269.4789 	DATA 	Keypress: o
269.4801 	DATA 	Keypress: o
269.5033 	Level WAIT 	25
270.4862 	Level RINSE 	25
272.4763 	DATA 	Keypress: o
272.5031 	Level jitter 	25
275.4718 	Level finished 	25
275.4733 	DATA 	Keypress: o
275.4747 	DATA 	Keypress: o
275.5032 	Level image=tasty.jpg 	25
276.4867 	Level injecting via pump at address 1 	25
282.4765 	DATA 	Keypress: o
282.4776 	DATA 	Keypress: o
282.4786 	DATA 	Keypress: o
282.4874 	Level WAIT 	25
283.4747 	DATA 	Keypress: o
283.4871 	Level RINSE 	25
285.4768 	DATA 	Keypress: o
285.4872 	Level jitter 	25
287.4718 	Level finished 	25
287.4730 	DATA 	Keypress: o
287.5041 	Level image=waterlogo.jpg 	25
288.4875 	Level injecting via pump at address 0 	25
294.4766 	DATA 	Keypress: o
294.4778 	DATA 	Keypress: o
294.4791 	DATA 	Keypress: o
294.4883 	Level WAIT 	25
295.4746 	DATA 	Keypress: o
295.4881 	Level RINSE 	25
297.4773 	DATA 	Keypress: o
297.5048 	Level jitter 	25
298.4718 	Level finished 	25
298.4882 	Level image=tasty.jpg 	25
299.4743 	DATA 	Keypress: o
299.4882 	Level injecting via pump at address 1 	25
305.4768 	DATA 	Keypress: o
305.4781 	DATA 	Keypress: o
305.4793 	DATA 	Keypress: o
305.5057 	Level WAIT 	25
306.4887 	Level RINSE 	25
308.4771 	DATA 	Keypress: o
308.4889 	Level jitter 	25
310.4718 	Level finished 	25
310.4732 	DATA 	Keypress: o
310.4891 	Level image=waterlogo.jpg 	25
311.4742 	DATA 	Keypress: o
311.4891 	Level injecting via pump at address 0 	25
317.4788 	DATA 	Keypress: o
317.4801 	DATA 	Keypress: o
317.4813 	DATA 	Keypress: o
317.4898 	Level WAIT 	25
318.4895 	Level RINSE 	25
320.4775 	DATA 	Keypress: o
320.4897 	Level jitter 	25
326.4718 	Level finished 	25
326.4732 	DATA 	Keypress: o
326.4745 	DATA 	Keypress: o
326.4756 	DATA 	Keypress: o
326.4901 	Level image=waterlogo.jpg 	25
327.4747 	DATA 	Keypress: o
327.4906 	Level injecting via pump at address 0 	25
333.4772 	DATA 	Keypress: o
333.4784 	DATA 	Keypress: o
333.4796 	DATA 	Keypress: o
333.4905 	Level WAIT 	25
334.4906 	Level RINSE 	25
336.4768 	DATA 	Keypress: o
336.4907 	Level jitter 	25
339.4718 	Level finished 	25
339.4732 	DATA 	Keypress: o
339.4747 	DATA 	Keypress: o
339.4915 	Level image=tasty.jpg 	25
340.4911 	Level injecting via pump at address 1 	25
346.4783 	DATA 	Keypress: o
346.4797 	DATA 	Keypress: o
346.4810 	DATA 	Keypress: o
346.5081 	Level WAIT 	25
347.4749 	DATA 	Keypress: o
347.5082 	Level RINSE 	25
349.4776 	DATA 	Keypress: o
349.4922 	Level jitter 	25
357.4718 	Level finished 	25
357.4732 	DATA 	Keypress: o
357.4744 	DATA 	Keypress: o
357.4753 	DATA 	Keypress: o
357.4763 	DATA 	Keypress: o
357.4922 	Level image=waterlogo.jpg 	25
358.4924 	Level injecting via pump at address 0 	25
364.4781 	DATA 	Keypress: o
364.4796 	DATA 	Keypress: o
364.4811 	DATA 	Keypress: o
364.4932 	Level WAIT 	25
365.4744 	DATA 	Keypress: o
365.4928 	Level RINSE 	25
367.4766 	DATA 	Keypress: o
367.4930 	Level jitter 	25
372.4718 	Level finished 	25
372.4733 	DATA 	Keypress: o
372.4745 	DATA 	Keypress: o
372.4933 	Level image=tasty.jpg 	25
373.4744 	DATA 	Keypress: o
373.4934 	Level injecting via pump at address 1 	25
379.4768 	DATA 	Keypress: o
379.4780 	DATA 	Keypress: o
379.4792 	DATA 	Keypress: o
379.4942 	Level WAIT 	25
380.4939 	Level RINSE 	25
382.4771 	DATA 	Keypress: o
382.4940 	Level jitter 	25
386.4718 	Level finished 	25
386.4733 	DATA 	Keypress: o
386.4748 	DATA 	Keypress: o
386.4942 	Level image=waterlogo.jpg 	25
387.4747 	DATA 	Keypress: o
387.4943 	Level injecting via pump at address 0 	25
393.4767 	DATA 	Keypress: o
393.4778 	DATA 	Keypress: o
393.4787 	DATA 	Keypress: o
393.4951 	Level WAIT 	25
394.4781 	Level RINSE 	25
396.4766 	DATA 	Keypress: o
396.4950 	Level jitter 	25
401.4718 	Level finished 	25
401.4732 	DATA 	Keypress: o
401.4743 	DATA 	Keypress: o
401.4753 	DATA 	Keypress: o
401.4953 	Level image=tasty.jpg 	25
402.4954 	Level injecting via pump at address 1 	25
408.4773 	DATA 	Keypress: o
408.4786 	DATA 	Keypress: o
408.4799 	DATA 	Keypress: o
408.4962 	Level WAIT 	25
409.4743 	DATA 	Keypress: o
409.4959 	Level RINSE 	25
411.4764 	DATA 	Keypress: o
411.4960 	Level jitter 	25
420.4718 	Level finished 	25
420.4732 	DATA 	Keypress: o
420.4745 	DATA 	Keypress: o
420.4757 	DATA 	Keypress: o
420.4768 	DATA 	Keypress: o
420.4970 	Level image=waterlogo.jpg 	25
421.4742 	DATA 	Keypress: o
421.4967 	Level injecting via pump at address 0 	25
427.4774 	DATA 	Keypress: o
427.4787 	DATA 	Keypress: o
427.4799 	DATA 	Keypress: o
427.4970 	Level WAIT 	25
428.4971 	Level RINSE 	25
430.4772 	DATA 	Keypress: o
430.4977 	Level jitter 	25
439.4718 	Level finished 	25
439.4731 	DATA 	Keypress: o
439.4743 	DATA 	Keypress: o
439.4755 	DATA 	Keypress: o
439.4768 	DATA 	Keypress: o
439.4780 	DATA 	Keypress: o
439.4980 	Level image=tasty.jpg 	25
440.4985 	Level injecting via pump at address 1 	25
446.4772 	DATA 	Keypress: o
446.4786 	DATA 	Keypress: o
446.4798 	DATA 	Keypress: o
446.4983 	Level WAIT 	25
447.4747 	DATA 	Keypress: o
447.4819 	Level RINSE 	25
449.4772 	DATA 	Keypress: o
449.4985 	Level jitter 	25
453.4718 	Level finished 	25
453.4733 	DATA 	Keypress: o
453.4744 	DATA 	Keypress: o
453.4994 	Level image=tasty.jpg 	25
454.4822 	Level injecting via pump at address 1 	25
460.4774 	DATA 	Keypress: o
460.4788 	DATA 	Keypress: o
460.4800 	DATA 	Keypress: o
460.4993 	Level WAIT 	25
461.4753 	DATA 	Keypress: o
461.4994 	Level RINSE 	25
463.4772 	DATA 	Keypress: o
463.4833 	Level jitter 	25
466.4718 	Level finished 	25
466.4731 	DATA 	Keypress: o
466.4831 	Level image=waterlogo.jpg 	25
467.4742 	DATA 	Keypress: o
467.4832 	Level injecting via pump at address 0 	25
473.4777 	DATA 	Keypress: o
473.4790 	DATA 	Keypress: o
473.4801 	DATA 	Keypress: o
473.5006 	Level WAIT 	25
474.5003 	Level RINSE 	25
476.4767 	DATA 	Keypress: o
476.4838 	Level jitter 	25
477.4718 	Level finished 	25
477.4732 	DATA 	Keypress: o
477.5005 	Level image=tasty.jpg 	25
478.5006 	Level injecting via pump at address 1 	25
484.4769 	DATA 	Keypress: o
484.4782 	DATA 	Keypress: o
484.4793 	DATA 	Keypress: o
484.5015 	Level WAIT 	25
485.4743 	DATA 	Keypress: o
485.4844 	Level RINSE 	25
487.4774 	DATA 	Keypress: o
487.5011 	Level jitter 	25
494.4718 	Level finished 	25
494.4734 	DATA 	Keypress: o
494.4748 	DATA 	Keypress: o
494.4761 	DATA 	Keypress: o
494.4855 	Level image=waterlogo.jpg 	25
495.4742 	DATA 	Keypress: o
495.4851 	Level injecting via pump at address 0 	25
501.4768 	DATA 	Keypress: o
501.4783 	DATA 	Keypress: o
501.4797 	DATA 	Keypress: o
501.5022 	Level WAIT 	25
502.4855 	Level RINSE 	25
504.4784 	DATA 	Keypress: o
504.4862 	Level jitter 	25
505.4718 	Level finished 	25
505.4735 	DATA 	Keypress: o
505.5024 	Level image=tasty.jpg 	25
506.5026 	Level injecting via pump at address 1 	25
512.4774 	DATA 	Keypress: o
512.4788 	DATA 	Keypress: o
512.4799 	DATA 	Keypress: o
512.5030 	Level WAIT 	25
513.4742 	DATA 	Keypress: o
513.4863 	Level RINSE 	25
515.4773 	DATA 	Keypress: o
515.5035 	Level jitter 	25
521.4718 	Level finished 	25
