58.8585 	DATA 	Keypress: o
58.8594 	Level start key press 	25
60.8642 	DATA 	Keypress: o
62.8643 	DATA 	Keypress: o
64.8645 	DATA 	Keypress: o
66.8647 	DATA 	Keypress: o
67.3956 	Level image=waterlogo.jpg 	25
68.3461 	Level injecting via pump at address 0 	25
74.3334 	DATA 	Keypress: o
74.3344 	DATA 	Keypress: o
74.3356 	DATA 	Keypress: o
74.3461 	Level WAIT 	25
75.3315 	DATA 	Keypress: o
75.3462 	Level RINSE 	25
77.3422 	DATA 	Keypress: o
77.3630 	Level jitter 	25
79.3290 	Level finished 	25
79.3303 	DATA 	Keypress: o
79.3469 	Level image=tasty.jpg 	25
80.3465 	Level injecting via pump at address 1 	25
86.3334 	DATA 	Keypress: o
86.3345 	DATA 	Keypress: o
86.3355 	DATA 	Keypress: o
86.3469 	Level WAIT 	25
87.3314 	DATA 	Keypress: o
87.3470 	Level RINSE 	25
89.3334 	DATA 	Keypress: o
89.3476 	Level jitter 	25
91.3290 	Level finished 	25
91.3301 	DATA 	Keypress: o
91.3640 	Level image=tasty.jpg 	25
92.3474 	Level injecting via pump at address 0 	25
98.3340 	DATA 	Keypress: o
98.3350 	DATA 	Keypress: o
98.3359 	DATA 	Keypress: o
98.3477 	Level WAIT 	25
99.3321 	DATA 	Keypress: o
99.3482 	Level RINSE 	25
101.3342 	DATA 	Keypress: o
101.3479 	Level jitter 	25
106.3290 	Level finished 	25
106.3301 	DATA 	Keypress: o
106.3312 	DATA 	Keypress: o
106.3650 	Level image=tasty.jpg 	25
107.3320 	DATA 	Keypress: o
107.3484 	Level injecting via pump at address 1 	25
113.3344 	DATA 	Keypress: o
113.3354 	DATA 	Keypress: o
113.3365 	DATA 	Keypress: o
113.3659 	Level WAIT 	25
114.3489 	Level RINSE 	25
116.3339 	DATA 	Keypress: o
116.3657 	Level jitter 	25
122.3290 	Level finished 	25
122.3302 	DATA 	Keypress: o
122.3315 	DATA 	Keypress: o
122.3327 	DATA 	Keypress: o
122.3661 	Level image=tasty.jpg 	25
123.3317 	DATA 	Keypress: o
123.3499 	Level injecting via pump at address 0 	25
129.3341 	DATA 	Keypress: o
129.3351 	DATA 	Keypress: o
129.3363 	DATA 	Keypress: o
129.3499 	Level WAIT 	25
130.3500 	Level RINSE 	25
132.3343 	DATA 	Keypress: o
132.3501 	Level jitter 	25
134.3290 	Level finished 	25
134.3301 	DATA 	Keypress: o
134.3507 	Level image=waterlogo.jpg 	25
135.3317 	DATA 	Keypress: o
135.3336 	Level injecting via pump at address 0 	25
141.3339 	DATA 	Keypress: o
141.3349 	DATA 	Keypress: o
141.3358 	DATA 	Keypress: o
141.3674 	Level WAIT 	25
142.3508 	Level RINSE 	25
144.3345 	DATA 	Keypress: o
144.3513 	Level jitter 	25
153.3290 	Level finished 	25
153.3301 	DATA 	Keypress: o
153.3311 	DATA 	Keypress: o
153.3323 	DATA 	Keypress: o
153.3333 	DATA 	Keypress: o
153.3343 	DATA 	Keypress: o
153.3683 	Level image=tasty.jpg 	25
154.3354 	Level injecting via pump at address 0 	25
160.3344 	DATA 	Keypress: o
160.3356 	DATA 	Keypress: o
160.3368 	DATA 	Keypress: o
160.3521 	Level WAIT 	25
161.3313 	DATA 	Keypress: o
161.3521 	Level RINSE 	25
163.3339 	DATA 	Keypress: o
163.3524 	Level jitter 	25
164.3290 	Level finished 	25
164.3528 	Level image=waterlogo.jpg 	25
165.3317 	DATA 	Keypress: o
165.3524 	Level injecting via pump at address 0 	25
171.3340 	DATA 	Keypress: o
171.3350 	DATA 	Keypress: o
171.3362 	DATA 	Keypress: o
171.3528 	Level WAIT 	25
172.3529 	Level RINSE 	25
174.3333 	DATA 	Keypress: o
174.3534 	Level jitter 	25
180.3290 	Level finished 	25
180.3301 	DATA 	Keypress: o
180.3311 	DATA 	Keypress: o
180.3322 	DATA 	Keypress: o
180.3534 	Level image=tasty.jpg 	25
181.3317 	DATA 	Keypress: o
181.3535 	Level injecting via pump at address 0 	25
187.3343 	DATA 	Keypress: o
187.3356 	DATA 	Keypress: o
187.3368 	DATA 	Keypress: o
187.3543 	Level WAIT 	25
188.3373 	Level RINSE 	25
190.3340 	DATA 	Keypress: o
190.3541 	Level jitter 	25
198.3290 	Level finished 	25
198.3302 	DATA 	Keypress: o
198.3316 	DATA 	Keypress: o
198.3331 	DATA 	Keypress: o
198.3341 	DATA 	Keypress: o
198.3551 	Level image=tasty.jpg 	25
199.3318 	DATA 	Keypress: o
199.3548 	Level injecting via pump at address 1 	25
205.3336 	DATA 	Keypress: o
205.3347 	DATA 	Keypress: o
205.3357 	DATA 	Keypress: o
205.3552 	Level WAIT 	25
206.3553 	Level RINSE 	25
208.3334 	DATA 	Keypress: o
208.3558 	Level jitter 	25
213.3290 	Level finished 	25
213.3301 	DATA 	Keypress: o
213.3313 	DATA 	Keypress: o
213.3324 	DATA 	Keypress: o
213.3391 	Level image=tasty.jpg 	25
214.3392 	Level injecting via pump at address 0 	25
220.3343 	DATA 	Keypress: o
220.3354 	DATA 	Keypress: o
220.3364 	DATA 	Keypress: o
220.3566 	Level WAIT 	25
221.3316 	DATA 	Keypress: o
221.3563 	Level RINSE 	25
223.3351 	DATA 	Keypress: o
223.3564 	Level jitter 	25
230.3290 	Level finished 	25
230.3303 	DATA 	Keypress: o
230.3315 	DATA 	Keypress: o
230.3325 	DATA 	Keypress: o
230.3573 	Level image=waterlogo.jpg 	25
231.3313 	DATA 	Keypress: o
231.3570 	Level injecting via pump at address 0 	25
237.3335 	DATA 	Keypress: o
237.3345 	DATA 	Keypress: o
237.3354 	DATA 	Keypress: o
237.3574 	Level WAIT 	25
238.3407 	Level RINSE 	25
240.3336 	DATA 	Keypress: o
240.3580 	Level jitter 	25
246.3290 	Level finished 	25
246.3302 	DATA 	Keypress: o
246.3313 	DATA 	Keypress: o
246.3322 	DATA 	Keypress: o
246.3580 	Level image=waterlogo.jpg 	25
247.3317 	DATA 	Keypress: o
247.3581 	Level injecting via pump at address 0 	25
253.3340 	DATA 	Keypress: o
253.3351 	DATA 	Keypress: o
253.3360 	DATA 	Keypress: o
253.3588 	Level WAIT 	25
254.3419 	Level RINSE 	25
256.3334 	DATA 	Keypress: o
256.3586 	Level jitter 	25
258.3290 	Level finished 	25
258.3302 	DATA 	Keypress: o
258.3588 	Level image=tasty.jpg 	25
259.3318 	DATA 	Keypress: o
259.3589 	Level injecting via pump at address 0 	25
265.3336 	DATA 	Keypress: o
265.3346 	DATA 	Keypress: o
265.3356 	DATA 	Keypress: o
265.3597 	Level WAIT 	25
266.3427 	Level RINSE 	25
268.3340 	DATA 	Keypress: o
268.3595 	Level jitter 	25
275.3290 	Level finished 	25
275.3302 	DATA 	Keypress: o
275.3313 	DATA 	Keypress: o
275.3324 	DATA 	Keypress: o
275.3334 	DATA 	Keypress: o
275.3605 	Level image=tasty.jpg 	25
276.3434 	Level injecting via pump at address 1 	25
282.3344 	DATA 	Keypress: o
282.3355 	DATA 	Keypress: o
282.3365 	DATA 	Keypress: o
282.3438 	Level WAIT 	25
283.3317 	DATA 	Keypress: o
283.3439 	Level RINSE 	25
285.3335 	DATA 	Keypress: o
285.3444 	Level jitter 	25
293.3290 	Level finished 	25
293.3302 	DATA 	Keypress: o
293.3311 	DATA 	Keypress: o
293.3320 	DATA 	Keypress: o
293.3330 	DATA 	Keypress: o
293.3613 	Level image=waterlogo.jpg 	25
294.3614 	Level injecting via pump at address 0 	25
300.3335 	DATA 	Keypress: o
300.3345 	DATA 	Keypress: o
300.3356 	DATA 	Keypress: o
300.3621 	Level WAIT 	25
301.3317 	DATA 	Keypress: o
301.3452 	Level RINSE 	25
303.3348 	DATA 	Keypress: o
303.3619 	Level jitter 	25
311.3290 	Level finished 	25
311.3304 	DATA 	Keypress: o
311.3317 	DATA 	Keypress: o
311.3329 	DATA 	Keypress: o
311.3340 	DATA 	Keypress: o
311.3629 	Level image=tasty.jpg 	25
312.3459 	Level injecting via pump at address 1 	25
318.3340 	DATA 	Keypress: o
318.3350 	DATA 	Keypress: o
318.3359 	DATA 	Keypress: o
318.3629 	Level WAIT 	25
319.3314 	DATA 	Keypress: o
319.3630 	Level RINSE 	25
321.3343 	DATA 	Keypress: o
321.3468 	Level jitter 	25
323.3290 	Level finished 	25
323.3301 	DATA 	Keypress: o
323.3467 	Level image=tasty.jpg 	25
324.3467 	Level injecting via pump at address 0 	25
330.3340 	DATA 	Keypress: o
330.3352 	DATA 	Keypress: o
330.3361 	DATA 	Keypress: o
330.3471 	Level WAIT 	25
331.3318 	DATA 	Keypress: o
331.3477 	Level RINSE 	25
333.3347 	DATA 	Keypress: o
333.3473 	Level jitter 	25
337.3290 	Level finished 	25
337.3305 	DATA 	Keypress: o
337.3317 	DATA 	Keypress: o
337.3643 	Level image=tasty.jpg 	25
338.3477 	Level injecting via pump at address 1 	25
344.3346 	DATA 	Keypress: o
344.3358 	DATA 	Keypress: o
344.3369 	DATA 	Keypress: o
344.3485 	Level WAIT 	25
345.3320 	DATA 	Keypress: o
345.3482 	Level RINSE 	25
347.3341 	DATA 	Keypress: o
347.3649 	Level jitter 	25
350.3290 	Level finished 	25
350.3303 	DATA 	Keypress: o
350.3652 	Level image=tasty.jpg 	25
351.3313 	DATA 	Keypress: o
351.3486 	Level injecting via pump at address 0 	25
357.3334 	DATA 	Keypress: o
357.3345 	DATA 	Keypress: o
357.3357 	DATA 	Keypress: o
357.3494 	Level WAIT 	25
358.3491 	Level RINSE 	25
360.3343 	DATA 	Keypress: o
360.3492 	Level jitter 	25
368.3290 	Level finished 	25
368.3304 	DATA 	Keypress: o
368.3314 	DATA 	Keypress: o
368.3324 	DATA 	Keypress: o
368.3334 	DATA 	Keypress: o
368.3668 	Level image=waterlogo.jpg 	25
369.3313 	DATA 	Keypress: o
369.3333 	Level injecting via pump at address 0 	25
375.3345 	DATA 	Keypress: o
375.3356 	DATA 	Keypress: o
375.3366 	DATA 	Keypress: o
375.3668 	Level WAIT 	25
376.3504 	Level RINSE 	25
378.3339 	DATA 	Keypress: o
378.3508 	Level jitter 	25
383.3290 	Level finished 	25
383.3303 	DATA 	Keypress: o
383.3316 	DATA 	Keypress: o
383.3327 	DATA 	Keypress: o
383.3507 	Level image=tasty.jpg 	25
384.3509 	Level injecting via pump at address 1 	25
390.3340 	DATA 	Keypress: o
390.3350 	DATA 	Keypress: o
390.3359 	DATA 	Keypress: o
390.3518 	Level WAIT 	25
391.3313 	DATA 	Keypress: o
391.3347 	Level RINSE 	25
393.3341 	DATA 	Keypress: o
393.3515 	Level jitter 	25
400.3290 	Level finished 	25
400.3303 	DATA 	Keypress: o
400.3315 	DATA 	Keypress: o
400.3327 	DATA 	Keypress: o
400.3690 	Level image=tasty.jpg 	25
401.3313 	DATA 	Keypress: o
401.3521 	Level injecting via pump at address 0 	25
407.3344 	DATA 	Keypress: o
407.3356 	DATA 	Keypress: o
407.3368 	DATA 	Keypress: o
407.3524 	Level WAIT 	25
408.3525 	Level RINSE 	25
410.3339 	DATA 	Keypress: o
410.3530 	Level jitter 	25
418.3290 	Level finished 	25
418.3301 	DATA 	Keypress: o
418.3312 	DATA 	Keypress: o
418.3321 	DATA 	Keypress: o
418.3331 	DATA 	Keypress: o
418.3532 	Level image=tasty.jpg 	25
419.3317 	DATA 	Keypress: o
419.3366 	Level injecting via pump at address 0 	25
425.3346 	DATA 	Keypress: o
425.3356 	DATA 	Keypress: o
425.3365 	DATA 	Keypress: o
425.3708 	Level WAIT 	25
426.3371 	Level RINSE 	25
428.3335 	DATA 	Keypress: o
428.3538 	Level jitter 	25
435.3290 	Level finished 	25
