70.5533 	DATA 	Keypress: o
70.5542 	Level start key press 	25
72.5596 	DATA 	Keypress: o
74.5597 	DATA 	Keypress: o
76.5598 	DATA 	Keypress: o
78.5600 	DATA 	Keypress: o
79.1409 	Level image=waterlogo.jpg 	25
80.0414 	Level injecting via pump at address 0 	25
86.0298 	DATA 	Keypress: o
86.0310 	DATA 	Keypress: o
86.0323 	DATA 	Keypress: o
86.0413 	Level WAIT 	25
87.0271 	DATA 	Keypress: o
87.0415 	Level RINSE 	25
89.0377 	DATA 	Keypress: o
89.0582 	Level jitter 	25
95.0242 	Level finished 	25
95.0256 	DATA 	Keypress: o
95.0266 	DATA 	Keypress: o
95.0275 	DATA 	Keypress: o
95.0424 	Level image=tasty.jpg 	25
96.0421 	Level injecting via pump at address 1 	25
102.0298 	DATA 	Keypress: o
102.0311 	DATA 	Keypress: o
102.0324 	DATA 	Keypress: o
102.0591 	Level WAIT 	25
103.0270 	DATA 	Keypress: o
103.0592 	Level RINSE 	25
105.0288 	DATA 	Keypress: o
105.0431 	Level jitter 	25
111.0242 	Level finished 	25
111.0255 	DATA 	Keypress: o
111.0265 	DATA 	Keypress: o
111.0274 	DATA 	Keypress: o
111.0431 	Level image=tasty.jpg 	25
112.0431 	Level injecting via pump at address 1 	25
118.0289 	DATA 	Keypress: o
118.0300 	DATA 	Keypress: o
118.0310 	DATA 	Keypress: o
118.0607 	Level WAIT 	25
119.0270 	DATA 	Keypress: o
119.0603 	Level RINSE 	25
121.0297 	DATA 	Keypress: o
121.0437 	Level jitter 	25
123.0242 	Level finished 	25
123.0254 	DATA 	Keypress: o
123.0439 	Level image=waterlogo.jpg 	25
124.0440 	Level injecting via pump at address 0 	25
130.0300 	DATA 	Keypress: o
130.0312 	DATA 	Keypress: o
130.0322 	DATA 	Keypress: o
130.0448 	Level WAIT 	25
131.0267 	DATA 	Keypress: o
131.0445 	Level RINSE 	25
133.0296 	DATA 	Keypress: o
133.0445 	Level jitter 	25
139.0242 	Level finished 	25
139.0257 	DATA 	Keypress: o
139.0270 	DATA 	Keypress: o
139.0281 	DATA 	Keypress: o
139.0450 	Level image=tasty.jpg 	25
140.0455 	Level injecting via pump at address 1 	25
146.0302 	DATA 	Keypress: o
146.0316 	DATA 	Keypress: o
146.0328 	DATA 	Keypress: o
146.0455 	Level WAIT 	25
147.0272 	DATA 	Keypress: o
147.0456 	Level RINSE 	25
149.0299 	DATA 	Keypress: o
149.0456 	Level jitter 	25
154.0242 	Level finished 	25
154.0257 	DATA 	Keypress: o
154.0270 	DATA 	Keypress: o
154.0465 	Level image=waterlogo.jpg 	25
155.0270 	DATA 	Keypress: o
155.0461 	Level injecting via pump at address 0 	25
161.0298 	DATA 	Keypress: o
161.0313 	DATA 	Keypress: o
161.0326 	DATA 	Keypress: o
161.0466 	Level WAIT 	25
162.0466 	Level RINSE 	25
164.0296 	DATA 	Keypress: o
164.0471 	Level jitter 	25
169.0242 	Level finished 	25
169.0255 	DATA 	Keypress: o
169.0265 	DATA 	Keypress: o
169.0275 	DATA 	Keypress: o
169.0470 	Level image=tasty.jpg 	25
170.0472 	Level injecting via pump at address 1 	25
176.0293 	DATA 	Keypress: o
176.0308 	DATA 	Keypress: o
176.0321 	DATA 	Keypress: o
176.0479 	Level WAIT 	25
177.0270 	DATA 	Keypress: o
177.0476 	Level RINSE 	25
179.0292 	DATA 	Keypress: o
179.0477 	Level jitter 	25
185.0242 	Level finished 	25
185.0255 	DATA 	Keypress: o
185.0265 	DATA 	Keypress: o
185.0275 	DATA 	Keypress: o
185.0481 	Level image=waterlogo.jpg 	25
186.0488 	Level injecting via pump at address 0 	25
192.0288 	DATA 	Keypress: o
192.0299 	DATA 	Keypress: o
192.0309 	DATA 	Keypress: o
192.0486 	Level WAIT 	25
193.0267 	DATA 	Keypress: o
193.0487 	Level RINSE 	25
195.0293 	DATA 	Keypress: o
195.0488 	Level jitter 	25
198.0242 	Level finished 	25
198.0255 	DATA 	Keypress: o
198.0495 	Level image=tasty.jpg 	25
199.0269 	DATA 	Keypress: o
199.0492 	Level injecting via pump at address 1 	25
205.0299 	DATA 	Keypress: o
205.0311 	DATA 	Keypress: o
205.0322 	DATA 	Keypress: o
205.0496 	Level WAIT 	25
206.0496 	Level RINSE 	25
208.0300 	DATA 	Keypress: o
208.0501 	Level jitter 	25
216.0242 	Level finished 	25
216.0255 	DATA 	Keypress: o
216.0265 	DATA 	Keypress: o
216.0275 	DATA 	Keypress: o
216.0288 	DATA 	Keypress: o
216.0504 	Level image=waterlogo.jpg 	25
217.0269 	DATA 	Keypress: o
217.0505 	Level injecting via pump at address 0 	25
223.0290 	DATA 	Keypress: o
223.0302 	DATA 	Keypress: o
223.0315 	DATA 	Keypress: o
223.0512 	Level WAIT 	25
224.0509 	Level RINSE 	25
226.0302 	DATA 	Keypress: o
226.0510 	Level jitter 	25
228.0242 	Level finished 	25
228.0259 	DATA 	Keypress: o
228.0511 	Level image=tasty.jpg 	25
229.0279 	DATA 	Keypress: o
229.0346 	Level injecting via pump at address 1 	25
235.0301 	DATA 	Keypress: o
235.0314 	DATA 	Keypress: o
235.0325 	DATA 	Keypress: o
235.0520 	Level WAIT 	25
236.0517 	Level RINSE 	25
238.0307 	DATA 	Keypress: o
238.0351 	Level jitter 	25
247.0242 	Level finished 	25
247.0257 	DATA 	Keypress: o
247.0269 	DATA 	Keypress: o
247.0288 	DATA 	Keypress: o
247.0300 	DATA 	Keypress: o
247.0312 	DATA 	Keypress: o
247.0530 	Level image=waterlogo.jpg 	25
248.0359 	Level injecting via pump at address 0 	25
254.0302 	DATA 	Keypress: o
254.0318 	DATA 	Keypress: o
254.0331 	DATA 	Keypress: o
254.0528 	Level WAIT 	25
255.0269 	DATA 	Keypress: o
255.0530 	Level RINSE 	25
257.0293 	DATA 	Keypress: o
257.0370 	Level jitter 	25
259.0242 	Level finished 	25
259.0256 	DATA 	Keypress: o
259.0533 	Level image=tasty.jpg 	25
260.0367 	Level injecting via pump at address 1 	25
266.0288 	DATA 	Keypress: o
266.0300 	DATA 	Keypress: o
266.0311 	DATA 	Keypress: o
266.0370 	Level WAIT 	25
267.0270 	DATA 	Keypress: o
267.0376 	Level RINSE 	25
269.0297 	DATA 	Keypress: o
269.0373 	Level jitter 	25
272.0242 	Level finished 	25
272.0255 	DATA 	Keypress: o
272.0376 	Level image=waterlogo.jpg 	25
273.0270 	DATA 	Keypress: o
273.0376 	Level injecting via pump at address 0 	25
279.0295 	DATA 	Keypress: o
279.0306 	DATA 	Keypress: o
279.0316 	DATA 	Keypress: o
279.0383 	Level WAIT 	25
280.0380 	Level RINSE 	25
282.0290 	DATA 	Keypress: o
282.0382 	Level jitter 	25
286.0242 	Level finished 	25
286.0257 	DATA 	Keypress: o
286.0271 	DATA 	Keypress: o
286.0551 	Level image=tasty.jpg 	25
287.0266 	DATA 	Keypress: o
287.0553 	Level injecting via pump at address 1 	25
293.0289 	DATA 	Keypress: o
293.0301 	DATA 	Keypress: o
293.0311 	DATA 	Keypress: o
293.0560 	Level WAIT 	25
294.0390 	Level RINSE 	25
296.0298 	DATA 	Keypress: o
296.0558 	Level jitter 	25
297.0242 	Level finished 	25
297.0255 	DATA 	Keypress: o
297.0393 	Level image=waterlogo.jpg 	25
298.0394 	Level injecting via pump at address 0 	25
304.0289 	DATA 	Keypress: o
304.0299 	DATA 	Keypress: o
304.0309 	DATA 	Keypress: o
304.0401 	Level WAIT 	25
305.0268 	DATA 	Keypress: o
305.0398 	Level RINSE 	25
307.0304 	DATA 	Keypress: o
307.0399 	Level jitter 	25
310.0242 	Level finished 	25
310.0256 	DATA 	Keypress: o
310.0401 	Level image=tasty.jpg 	25
311.0271 	DATA 	Keypress: o
311.0402 	Level injecting via pump at address 1 	25
317.0288 	DATA 	Keypress: o
317.0299 	DATA 	Keypress: o
317.0309 	DATA 	Keypress: o
317.0410 	Level WAIT 	25
318.0407 	Level RINSE 	25
320.0290 	DATA 	Keypress: o
320.0408 	Level jitter 	25
328.0242 	Level finished 	25
328.0257 	DATA 	Keypress: o
328.0271 	DATA 	Keypress: o
328.0282 	DATA 	Keypress: o
328.0293 	DATA 	Keypress: o
328.0584 	Level image=tasty.jpg 	25
329.0270 	DATA 	Keypress: o
329.0414 	Level injecting via pump at address 1 	25
335.0293 	DATA 	Keypress: o
335.0306 	DATA 	Keypress: o
335.0319 	DATA 	Keypress: o
335.0418 	Level WAIT 	25
336.0419 	Level RINSE 	25
338.0288 	DATA 	Keypress: o
338.0424 	Level jitter 	25
342.0242 	Level finished 	25
342.0256 	DATA 	Keypress: o
342.0269 	DATA 	Keypress: o
342.0424 	Level image=waterlogo.jpg 	25
343.0266 	DATA 	Keypress: o
343.0425 	Level injecting via pump at address 0 	25
349.0301 	DATA 	Keypress: o
349.0312 	DATA 	Keypress: o
349.0322 	DATA 	Keypress: o
349.0600 	Level WAIT 	25
350.0428 	Level RINSE 	25
352.0293 	DATA 	Keypress: o
352.0430 	Level jitter 	25
355.0242 	Level finished 	25
355.0258 	DATA 	Keypress: o
355.0271 	DATA 	Keypress: o
355.0599 	Level image=tasty.jpg 	25
356.0434 	Level injecting via pump at address 1 	25
362.0297 	DATA 	Keypress: o
362.0309 	DATA 	Keypress: o
362.0319 	DATA 	Keypress: o
362.0608 	Level WAIT 	25
363.0271 	DATA 	Keypress: o
363.0437 	Level RINSE 	25
365.0294 	DATA 	Keypress: o
365.0606 	Level jitter 	25
370.0242 	Level finished 	25
370.0257 	DATA 	Keypress: o
370.0270 	DATA 	Keypress: o
370.0443 	Level image=waterlogo.jpg 	25
371.0267 	DATA 	Keypress: o
371.0445 	Level injecting via pump at address 0 	25
377.0295 	DATA 	Keypress: o
377.0305 	DATA 	Keypress: o
377.0315 	DATA 	Keypress: o
377.0451 	Level WAIT 	25
378.0448 	Level RINSE 	25
380.0296 	DATA 	Keypress: o
380.0449 	Level jitter 	25
385.0242 	Level finished 	25
385.0255 	DATA 	Keypress: o
385.0266 	DATA 	Keypress: o
385.0276 	DATA 	Keypress: o
385.0453 	Level image=waterlogo.jpg 	25
386.0455 	Level injecting via pump at address 0 	25
392.0305 	DATA 	Keypress: o
392.0318 	DATA 	Keypress: o
392.0330 	DATA 	Keypress: o
392.0461 	Level WAIT 	25
393.0268 	DATA 	Keypress: o
393.0458 	Level RINSE 	25
395.0297 	DATA 	Keypress: o
395.0459 	Level jitter 	25
404.0242 	Level finished 	25
404.0257 	DATA 	Keypress: o
404.0268 	DATA 	Keypress: o
404.0279 	DATA 	Keypress: o
404.0289 	DATA 	Keypress: o
404.0470 	Level image=tasty.jpg 	25
405.0266 	DATA 	Keypress: o
405.0467 	Level injecting via pump at address 1 	25
411.0289 	DATA 	Keypress: o
411.0301 	DATA 	Keypress: o
411.0311 	DATA 	Keypress: o
411.0470 	Level WAIT 	25
412.0472 	Level RINSE 	25
414.0291 	DATA 	Keypress: o
414.0478 	Level jitter 	25
416.0242 	Level finished 	25
416.0256 	DATA 	Keypress: o
416.0475 	Level image=waterlogo.jpg 	25
417.0270 	DATA 	Keypress: o
417.0476 	Level injecting via pump at address 0 	25
423.0292 	DATA 	Keypress: o
423.0302 	DATA 	Keypress: o
423.0312 	DATA 	Keypress: o
423.0479 	Level WAIT 	25
424.0484 	Level RINSE 	25
426.0297 	DATA 	Keypress: o
426.0481 	Level jitter 	25
429.0242 	Level finished 	25
429.0255 	DATA 	Keypress: o
429.0265 	DATA 	Keypress: o
429.0484 	Level image=waterlogo.jpg 	25
430.0485 	Level injecting via pump at address 0 	25
436.0301 	DATA 	Keypress: o
436.0316 	DATA 	Keypress: o
436.0333 	DATA 	Keypress: o
436.0491 	Level WAIT 	25
437.0271 	DATA 	Keypress: o
437.0489 	Level RINSE 	25
439.0295 	DATA 	Keypress: o
439.0490 	Level jitter 	25
444.0242 	Level finished 	25
444.0257 	DATA 	Keypress: o
444.0269 	DATA 	Keypress: o
444.0495 	Level image=tasty.jpg 	25
445.0270 	DATA 	Keypress: o
445.0496 	Level injecting via pump at address 1 	25
451.0288 	DATA 	Keypress: o
451.0299 	DATA 	Keypress: o
451.0310 	DATA 	Keypress: o
451.0502 	Level WAIT 	25
452.0499 	Level RINSE 	25
454.0296 	DATA 	Keypress: o
454.0500 	Level jitter 	25
456.0242 	Level finished 	25
456.0256 	DATA 	Keypress: o
456.0502 	Level image=tasty.jpg 	25
457.0270 	DATA 	Keypress: o
457.0336 	Level injecting via pump at address 1 	25
463.0298 	DATA 	Keypress: o
463.0310 	DATA 	Keypress: o
463.0322 	DATA 	Keypress: o
463.0510 	Level WAIT 	25
464.0507 	Level RINSE 	25
466.0295 	DATA 	Keypress: o
466.0342 	Level jitter 	25
473.0242 	Level finished 	25
473.0258 	DATA 	Keypress: o
473.0272 	DATA 	Keypress: o
473.0286 	DATA 	Keypress: o
473.0296 	DATA 	Keypress: o
473.0519 	Level image=waterlogo.jpg 	25
474.0516 	Level injecting via pump at address 0 	25
480.0291 	DATA 	Keypress: o
480.0302 	DATA 	Keypress: o
480.0312 	DATA 	Keypress: o
480.0518 	Level WAIT 	25
481.0270 	DATA 	Keypress: o
481.0519 	Level RINSE 	25
483.0297 	DATA 	Keypress: o
483.0524 	Level jitter 	25
486.0242 	Level finished 	25
486.0255 	DATA 	Keypress: o
486.0523 	Level image=tasty.jpg 	25
487.0270 	DATA 	Keypress: o
487.0525 	Level injecting via pump at address 1 	25
493.0296 	DATA 	Keypress: o
493.0308 	DATA 	Keypress: o
493.0318 	DATA 	Keypress: o
493.0531 	Level WAIT 	25
494.0361 	Level RINSE 	25
496.0295 	DATA 	Keypress: o
496.0529 	Level jitter 	25
498.0242 	Level finished 	25
498.0258 	DATA 	Keypress: o
498.0531 	Level image=waterlogo.jpg 	25
499.0270 	DATA 	Keypress: o
499.0532 	Level injecting via pump at address 0 	25
505.0297 	DATA 	Keypress: o
505.0308 	DATA 	Keypress: o
505.0319 	DATA 	Keypress: o
505.0539 	Level WAIT 	25
506.0370 	Level RINSE 	25
508.0293 	DATA 	Keypress: o
508.0537 	Level jitter 	25
516.0242 	Level finished 	25
516.0257 	DATA 	Keypress: o
516.0271 	DATA 	Keypress: o
516.0282 	DATA 	Keypress: o
516.0292 	DATA 	Keypress: o
516.0548 	Level image=tasty.jpg 	25
517.0267 	DATA 	Keypress: o
517.0378 	Level injecting via pump at address 1 	25
523.0299 	DATA 	Keypress: o
523.0312 	DATA 	Keypress: o
523.0325 	DATA 	Keypress: o
523.0548 	Level WAIT 	25
524.0549 	Level RINSE 	25
526.0301 	DATA 	Keypress: o
526.0554 	Level jitter 	25
528.0242 	Level finished 	25
528.0253 	DATA 	Keypress: o
528.0386 	Level image=waterlogo.jpg 	25
529.0271 	DATA 	Keypress: o
529.0386 	Level injecting via pump at address 0 	25
535.0297 	DATA 	Keypress: o
535.0309 	DATA 	Keypress: o
535.0320 	DATA 	Keypress: o
535.0389 	Level WAIT 	25
536.0394 	Level RINSE 	25
538.0297 	DATA 	Keypress: o
538.0392 	Level jitter 	25
545.0242 	Level finished 	25
