67.5872 	DATA 	Keypress: o
67.5878 	Level start key press 	25
69.5868 	DATA 	Keypress: o
71.5868 	DATA 	Keypress: o
73.5870 	DATA 	Keypress: o
75.5871 	DATA 	Keypress: o
76.1183 	Level image=waterlogo.jpg 	25
77.0354 	Level injecting via pump at address 0 	25
83.0245 	DATA 	Keypress: o
83.0260 	DATA 	Keypress: o
83.0272 	DATA 	Keypress: o
83.0520 	Level WAIT 	25
84.0209 	DATA 	Keypress: o
84.0521 	Level RINSE 	25
86.0315 	DATA 	Keypress: o
86.0523 	Level jitter 	25
93.0183 	Level finished 	25
93.0195 	DATA 	Keypress: o
93.0206 	DATA 	Keypress: o
93.0218 	DATA 	Keypress: o
93.0531 	Level image=tasty.jpg 	25
94.0208 	DATA 	Keypress: o
94.0362 	Level injecting via pump at address 0 	25
100.0228 	DATA 	Keypress: o
100.0241 	DATA 	Keypress: o
100.0254 	DATA 	Keypress: o
100.0365 	Level WAIT 	25
101.0366 	Level RINSE 	25
103.0235 	DATA 	Keypress: o
103.0371 	Level jitter 	25
107.0183 	Level finished 	25
107.0197 	DATA 	Keypress: o
107.0208 	DATA 	Keypress: o
107.0371 	Level image=tasty.jpg 	25
108.0209 	DATA 	Keypress: o
108.0371 	Level injecting via pump at address 1 	25
114.0229 	DATA 	Keypress: o
114.0242 	DATA 	Keypress: o
114.0254 	DATA 	Keypress: o
114.0379 	Level WAIT 	25
115.0376 	Level RINSE 	25
117.0237 	DATA 	Keypress: o
117.0377 	Level jitter 	25
118.0183 	Level finished 	25
118.0195 	DATA 	Keypress: o
118.0544 	Level image=tasty.jpg 	25
119.0379 	Level injecting via pump at address 0 	25
125.0237 	DATA 	Keypress: o
125.0248 	DATA 	Keypress: o
125.0260 	DATA 	Keypress: o
125.0387 	Level WAIT 	25
126.0207 	DATA 	Keypress: o
126.0384 	Level RINSE 	25
128.0236 	DATA 	Keypress: o
128.0384 	Level jitter 	25
136.0183 	Level finished 	25
136.0199 	DATA 	Keypress: o
136.0213 	DATA 	Keypress: o
136.0225 	DATA 	Keypress: o
136.0237 	DATA 	Keypress: o
136.0561 	Level image=waterlogo.jpg 	25
137.0391 	Level injecting via pump at address 0 	25
143.0232 	DATA 	Keypress: o
143.0246 	DATA 	Keypress: o
143.0260 	DATA 	Keypress: o
143.0562 	Level WAIT 	25
144.0213 	DATA 	Keypress: o
144.0396 	Level RINSE 	25
146.0230 	DATA 	Keypress: o
146.0401 	Level jitter 	25
154.0183 	Level finished 	25
154.0196 	DATA 	Keypress: o
154.0208 	DATA 	Keypress: o
154.0218 	DATA 	Keypress: o
154.0228 	DATA 	Keypress: o
154.0403 	Level image=waterlogo.jpg 	25
155.0404 	Level injecting via pump at address 0 	25
161.0237 	DATA 	Keypress: o
161.0250 	DATA 	Keypress: o
161.0262 	DATA 	Keypress: o
161.0412 	Level WAIT 	25
162.0208 	DATA 	Keypress: o
162.0408 	Level RINSE 	25
164.0231 	DATA 	Keypress: o
164.0409 	Level jitter 	25
170.0183 	Level finished 	25
170.0197 	DATA 	Keypress: o
170.0208 	DATA 	Keypress: o
170.0218 	DATA 	Keypress: o
170.0414 	Level image=tasty.jpg 	25
171.0419 	Level injecting via pump at address 1 	25
177.0245 	DATA 	Keypress: o
177.0262 	DATA 	Keypress: o
177.0274 	DATA 	Keypress: o
177.0585 	Level WAIT 	25
178.0207 	DATA 	Keypress: o
178.0253 	Level RINSE 	25
180.0229 	DATA 	Keypress: o
180.0420 	Level jitter 	25
182.0183 	Level finished 	25
182.0195 	DATA 	Keypress: o
182.0428 	Level image=tasty.jpg 	25
183.0424 	Level injecting via pump at address 0 	25
189.0230 	DATA 	Keypress: o
189.0240 	DATA 	Keypress: o
189.0251 	DATA 	Keypress: o
189.0426 	Level WAIT 	25
190.0207 	DATA 	Keypress: o
190.0427 	Level RINSE 	25
192.0232 	DATA 	Keypress: o
192.0433 	Level jitter 	25
198.0183 	Level finished 	25
198.0196 	DATA 	Keypress: o
198.0209 	DATA 	Keypress: o
198.0221 	DATA 	Keypress: o
198.0434 	Level image=waterlogo.jpg 	25
199.0434 	Level injecting via pump at address 0 	25
205.0238 	DATA 	Keypress: o
205.0251 	DATA 	Keypress: o
205.0262 	DATA 	Keypress: o
205.0441 	Level WAIT 	25
206.0213 	DATA 	Keypress: o
206.0273 	Level RINSE 	25
208.0233 	DATA 	Keypress: o
208.0440 	Level jitter 	25
210.0183 	Level finished 	25
210.0195 	DATA 	Keypress: o
210.0442 	Level image=waterlogo.jpg 	25
211.0443 	Level injecting via pump at address 0 	25
217.0238 	DATA 	Keypress: o
217.0251 	DATA 	Keypress: o
217.0264 	DATA 	Keypress: o
217.0451 	Level WAIT 	25
218.0212 	DATA 	Keypress: o
218.0447 	Level RINSE 	25
220.0239 	DATA 	Keypress: o
220.0448 	Level jitter 	25
229.0183 	Level finished 	25
229.0197 	DATA 	Keypress: o
229.0209 	DATA 	Keypress: o
229.0221 	DATA 	Keypress: o
229.0233 	DATA 	Keypress: o
229.0458 	Level image=tasty.jpg 	25
230.0217 	DATA 	Keypress: o
230.0456 	Level injecting via pump at address 1 	25
236.0238 	DATA 	Keypress: o
236.0251 	DATA 	Keypress: o
236.0264 	DATA 	Keypress: o
236.0458 	Level WAIT 	25
237.0294 	Level RINSE 	25
239.0232 	DATA 	Keypress: o
239.0466 	Level jitter 	25
246.0183 	Level finished 	25
246.0195 	DATA 	Keypress: o
246.0205 	DATA 	Keypress: o
246.0215 	DATA 	Keypress: o
246.0224 	DATA 	Keypress: o
246.0466 	Level image=tasty.jpg 	25
247.0300 	Level injecting via pump at address 0 	25
253.0234 	DATA 	Keypress: o
253.0247 	DATA 	Keypress: o
253.0259 	DATA 	Keypress: o
253.0308 	Level WAIT 	25
254.0216 	DATA 	Keypress: o
254.0471 	Level RINSE 	25
256.0233 	DATA 	Keypress: o
256.0306 	Level jitter 	25
263.0183 	Level finished 	25
263.0197 	DATA 	Keypress: o
263.0209 	DATA 	Keypress: o
263.0221 	DATA 	Keypress: o
263.0482 	Level image=waterlogo.jpg 	25
264.0211 	DATA 	Keypress: o
264.0479 	Level injecting via pump at address 0 	25
270.0239 	DATA 	Keypress: o
270.0252 	DATA 	Keypress: o
270.0265 	DATA 	Keypress: o
270.0483 	Level WAIT 	25
271.0484 	Level RINSE 	25
273.0234 	DATA 	Keypress: o
273.0488 	Level jitter 	25
278.0183 	Level finished 	25
278.0197 	DATA 	Keypress: o
278.0210 	DATA 	Keypress: o
278.0222 	DATA 	Keypress: o
278.0321 	Level image=tasty.jpg 	25
279.0324 	Level injecting via pump at address 0 	25
285.0246 	DATA 	Keypress: o
285.0260 	DATA 	Keypress: o
285.0273 	DATA 	Keypress: o
285.0498 	Level WAIT 	25
286.0209 	DATA 	Keypress: o
286.0494 	Level RINSE 	25
288.0236 	DATA 	Keypress: o
288.0328 	Level jitter 	25
289.0183 	Level finished 	25
289.0495 	Level image=tasty.jpg 	25
290.0210 	DATA 	Keypress: o
290.0330 	Level injecting via pump at address 1 	25
296.0235 	DATA 	Keypress: o
296.0247 	DATA 	Keypress: o
296.0257 	DATA 	Keypress: o
296.0505 	Level WAIT 	25
297.0334 	Level RINSE 	25
299.0233 	DATA 	Keypress: o
299.0503 	Level jitter 	25
302.0183 	Level finished 	25
302.0195 	DATA 	Keypress: o
302.0205 	DATA 	Keypress: o
302.0505 	Level image=tasty.jpg 	25
303.0339 	Level injecting via pump at address 0 	25
309.0234 	DATA 	Keypress: o
309.0244 	DATA 	Keypress: o
309.0254 	DATA 	Keypress: o
309.0348 	Level WAIT 	25
310.0213 	DATA 	Keypress: o
310.0345 	Level RINSE 	25
312.0242 	DATA 	Keypress: o
312.0344 	Level jitter 	25
314.0183 	Level finished 	25
314.0194 	DATA 	Keypress: o
314.0514 	Level image=tasty.jpg 	25
315.0347 	Level injecting via pump at address 1 	25
321.0244 	DATA 	Keypress: o
321.0258 	DATA 	Keypress: o
321.0271 	DATA 	Keypress: o
321.0521 	Level WAIT 	25
322.0207 	DATA 	Keypress: o
322.0353 	Level RINSE 	25
324.0237 	DATA 	Keypress: o
324.0520 	Level jitter 	25
326.0183 	Level finished 	25
326.0199 	DATA 	Keypress: o
326.0355 	Level image=tasty.jpg 	25
327.0355 	Level injecting via pump at address 0 	25
333.0228 	DATA 	Keypress: o
333.0239 	DATA 	Keypress: o
333.0249 	DATA 	Keypress: o
333.0530 	Level WAIT 	25
334.0211 	DATA 	Keypress: o
334.0360 	Level RINSE 	25
336.0233 	DATA 	Keypress: o
336.0528 	Level jitter 	25
337.0183 	Level finished 	25
337.0363 	Level image=waterlogo.jpg 	25
338.0215 	DATA 	Keypress: o
338.0364 	Level injecting via pump at address 0 	25
344.0237 	DATA 	Keypress: o
344.0250 	DATA 	Keypress: o
344.0262 	DATA 	Keypress: o
344.0370 	Level WAIT 	25
345.0367 	Level RINSE 	25
347.0232 	DATA 	Keypress: o
347.0368 	Level jitter 	25
353.0183 	Level finished 	25
353.0196 	DATA 	Keypress: o
353.0209 	DATA 	Keypress: o
353.0220 	DATA 	Keypress: o
353.0374 	Level image=tasty.jpg 	25
354.0208 	DATA 	Keypress: o
354.0378 	Level injecting via pump at address 1 	25
360.0230 	DATA 	Keypress: o
360.0240 	DATA 	Keypress: o
360.0250 	DATA 	Keypress: o
360.0377 	Level WAIT 	25
361.0379 	Level RINSE 	25
363.0233 	DATA 	Keypress: o
363.0380 	Level jitter 	25
366.0183 	Level finished 	25
366.0195 	DATA 	Keypress: o
366.0205 	DATA 	Keypress: o
366.0388 	Level image=tasty.jpg 	25
367.0384 	Level injecting via pump at address 0 	25
373.0244 	DATA 	Keypress: o
373.0258 	DATA 	Keypress: o
373.0270 	DATA 	Keypress: o
373.0387 	Level WAIT 	25
374.0211 	DATA 	Keypress: o
374.0387 	Level RINSE 	25
376.0239 	DATA 	Keypress: o
376.0393 	Level jitter 	25
378.0183 	Level finished 	25
378.0195 	DATA 	Keypress: o
378.0391 	Level image=tasty.jpg 	25
379.0392 	Level injecting via pump at address 1 	25
385.0237 	DATA 	Keypress: o
385.0251 	DATA 	Keypress: o
385.0264 	DATA 	Keypress: o
385.0395 	Level WAIT 	25
386.0208 	DATA 	Keypress: o
386.0400 	Level RINSE 	25
388.0233 	DATA 	Keypress: o
388.0397 	Level jitter 	25
392.0183 	Level finished 	25
392.0195 	DATA 	Keypress: o
392.0205 	DATA 	Keypress: o
392.0400 	Level image=tasty.jpg 	25
393.0234 	Level injecting via pump at address 0 	25
399.0234 	DATA 	Keypress: o
399.0247 	DATA 	Keypress: o
399.0260 	DATA 	Keypress: o
399.0576 	Level WAIT 	25
400.0208 	DATA 	Keypress: o
400.0405 	Level RINSE 	25
402.0233 	DATA 	Keypress: o
402.0407 	Level jitter 	25
409.0183 	Level finished 	25
409.0195 	DATA 	Keypress: o
409.0205 	DATA 	Keypress: o
409.0215 	DATA 	Keypress: o
409.0417 	Level image=tasty.jpg 	25
410.0211 	DATA 	Keypress: o
410.0412 	Level injecting via pump at address 0 	25
416.0235 	DATA 	Keypress: o
416.0245 	DATA 	Keypress: o
416.0255 	DATA 	Keypress: o
416.0416 	Level WAIT 	25
417.0416 	Level RINSE 	25
419.0236 	DATA 	Keypress: o
419.0422 	Level jitter 	25
423.0183 	Level finished 	25
