61.7209 	DATA 	Keypress: o
61.7217 	Level start key press 	25
63.7236 	DATA 	Keypress: o
65.7238 	DATA 	Keypress: o
67.7241 	DATA 	Keypress: o
69.7242 	DATA 	Keypress: o
70.1221 	Level image=waterlogo.jpg 	25
71.0558 	Level injecting via pump at address 0 	25
77.0429 	DATA 	Keypress: o
77.0441 	DATA 	Keypress: o
77.0453 	DATA 	Keypress: o
77.0561 	Level WAIT 	25
78.0411 	DATA 	Keypress: o
78.0563 	Level RINSE 	25
80.0523 	DATA 	Keypress: o
80.0565 	Level jitter 	25
87.0385 	Level finished 	25
87.0398 	DATA 	Keypress: o
87.0407 	DATA 	Keypress: o
87.0416 	DATA 	Keypress: o
87.0576 	Level image=tasty.jpg 	25
88.0423 	DATA 	Keypress: o
88.0574 	Level injecting via pump at address 0 	25
94.0428 	DATA 	Keypress: o
94.0438 	DATA 	Keypress: o
94.0450 	DATA 	Keypress: o
94.0581 	Level WAIT 	25
95.0583 	Level RINSE 	25
97.0453 	DATA 	Keypress: o
97.0588 	Level jitter 	25
101.0385 	Level finished 	25
101.0399 	DATA 	Keypress: o
101.0411 	DATA 	Keypress: o
101.0756 	Level image=tasty.jpg 	25
102.0409 	DATA 	Keypress: o
102.0591 	Level injecting via pump at address 1 	25
108.0432 	DATA 	Keypress: o
108.0443 	DATA 	Keypress: o
108.0453 	DATA 	Keypress: o
108.0602 	Level WAIT 	25
109.0599 	Level RINSE 	25
111.0430 	DATA 	Keypress: o
111.0600 	Level jitter 	25
112.0385 	Level finished 	25
112.0396 	DATA 	Keypress: o
112.0602 	Level image=tasty.jpg 	25
113.0604 	Level injecting via pump at address 0 	25
119.0439 	DATA 	Keypress: o
119.0451 	DATA 	Keypress: o
119.0460 	DATA 	Keypress: o
119.0614 	Level WAIT 	25
120.0411 	DATA 	Keypress: o
120.0612 	Level RINSE 	25
122.0431 	DATA 	Keypress: o
122.0614 	Level jitter 	25
130.0385 	Level finished 	25
130.0399 	DATA 	Keypress: o
130.0412 	DATA 	Keypress: o
130.0424 	DATA 	Keypress: o
130.0435 	DATA 	Keypress: o
130.0627 	Level image=waterlogo.jpg 	25
131.0624 	Level injecting via pump at address 0 	25
137.0439 	DATA 	Keypress: o
137.0452 	DATA 	Keypress: o
137.0464 	DATA 	Keypress: o
137.0631 	Level WAIT 	25
138.0412 	DATA 	Keypress: o
138.0633 	Level RINSE 	25
140.0440 	DATA 	Keypress: o
140.0638 	Level jitter 	25
148.0385 	Level finished 	25
148.0398 	DATA 	Keypress: o
148.0407 	DATA 	Keypress: o
148.0418 	DATA 	Keypress: o
148.0430 	DATA 	Keypress: o
148.0811 	Level image=waterlogo.jpg 	25
149.0479 	Level injecting via pump at address 0 	25
155.0429 	DATA 	Keypress: o
155.0439 	DATA 	Keypress: o
155.0448 	DATA 	Keypress: o
155.0489 	Level WAIT 	25
156.0415 	DATA 	Keypress: o
156.0653 	Level RINSE 	25
158.0438 	DATA 	Keypress: o
158.0488 	Level jitter 	25
164.0385 	Level finished 	25
164.0397 	DATA 	Keypress: o
164.0408 	DATA 	Keypress: o
164.0417 	DATA 	Keypress: o
164.0663 	Level image=tasty.jpg 	25
165.0501 	Level injecting via pump at address 1 	25
171.0437 	DATA 	Keypress: o
171.0449 	DATA 	Keypress: o
171.0459 	DATA 	Keypress: o
171.0671 	Level WAIT 	25
172.0412 	DATA 	Keypress: o
172.0672 	Level RINSE 	25
174.0436 	DATA 	Keypress: o
174.0507 	Level jitter 	25
176.0385 	Level finished 	25
176.0397 	DATA 	Keypress: o
176.0681 	Level image=tasty.jpg 	25
177.0513 	Level injecting via pump at address 0 	25
183.0439 	DATA 	Keypress: o
183.0455 	DATA 	Keypress: o
183.0469 	DATA 	Keypress: o
183.0518 	Level WAIT 	25
184.0412 	DATA 	Keypress: o
184.0520 	Level RINSE 	25
186.0430 	DATA 	Keypress: o
186.0525 	Level jitter 	25
192.0385 	Level finished 	25
192.0399 	DATA 	Keypress: o
192.0408 	DATA 	Keypress: o
192.0417 	DATA 	Keypress: o
192.0696 	Level image=waterlogo.jpg 	25
193.0531 	Level injecting via pump at address 0 	25
199.0440 	DATA 	Keypress: o
199.0452 	DATA 	Keypress: o
199.0464 	DATA 	Keypress: o
199.0540 	Level WAIT 	25
200.0412 	DATA 	Keypress: o
200.0538 	Level RINSE 	25
202.0451 	DATA 	Keypress: o
202.0540 	Level jitter 	25
204.0385 	Level finished 	25
204.0397 	DATA 	Keypress: o
204.0710 	Level image=waterlogo.jpg 	25
205.0545 	Level injecting via pump at address 0 	25
211.0436 	DATA 	Keypress: o
211.0448 	DATA 	Keypress: o
211.0460 	DATA 	Keypress: o
211.0555 	Level WAIT 	25
212.0410 	DATA 	Keypress: o
212.0552 	Level RINSE 	25
214.0437 	DATA 	Keypress: o
214.0554 	Level jitter 	25
223.0385 	Level finished 	25
223.0398 	DATA 	Keypress: o
223.0407 	DATA 	Keypress: o
223.0418 	DATA 	Keypress: o
223.0429 	DATA 	Keypress: o
223.0736 	Level image=tasty.jpg 	25
224.0411 	DATA 	Keypress: o
224.0566 	Level injecting via pump at address 1 	25
230.0432 	DATA 	Keypress: o
230.0444 	DATA 	Keypress: o
230.0457 	DATA 	Keypress: o
230.0573 	Level WAIT 	25
231.0575 	Level RINSE 	25
233.0432 	DATA 	Keypress: o
233.0581 	Level jitter 	25
240.0385 	Level finished 	25
240.0397 	DATA 	Keypress: o
240.0408 	DATA 	Keypress: o
240.0419 	DATA 	Keypress: o
240.0429 	DATA 	Keypress: o
240.0585 	Level image=tasty.jpg 	25
241.0586 	Level injecting via pump at address 0 	25
247.0449 	DATA 	Keypress: o
247.0464 	DATA 	Keypress: o
247.0476 	DATA 	Keypress: o
247.0597 	Level WAIT 	25
248.0409 	DATA 	Keypress: o
248.0595 	Level RINSE 	25
250.0437 	DATA 	Keypress: o
250.0597 	Level jitter 	25
257.0385 	Level finished 	25
257.0397 	DATA 	Keypress: o
257.0407 	DATA 	Keypress: o
257.0418 	DATA 	Keypress: o
257.0775 	Level image=waterlogo.jpg 	25
258.0412 	DATA 	Keypress: o
258.0606 	Level injecting via pump at address 0 	25
264.0435 	DATA 	Keypress: o
264.0446 	DATA 	Keypress: o
264.0455 	DATA 	Keypress: o
264.0614 	Level WAIT 	25
265.0615 	Level RINSE 	25
267.0432 	DATA 	Keypress: o
267.0620 	Level jitter 	25
272.0385 	Level finished 	25
272.0398 	DATA 	Keypress: o
272.0410 	DATA 	Keypress: o
272.0421 	DATA 	Keypress: o
272.0622 	Level image=tasty.jpg 	25
273.0624 	Level injecting via pump at address 0 	25
279.0441 	DATA 	Keypress: o
279.0452 	DATA 	Keypress: o
279.0461 	DATA 	Keypress: o
279.0635 	Level WAIT 	25
280.0413 	DATA 	Keypress: o
280.0464 	Level RINSE 	25
282.0432 	DATA 	Keypress: o
282.0633 	Level jitter 	25
283.0385 	Level finished 	25
283.0468 	Level image=tasty.jpg 	25
284.0413 	DATA 	Keypress: o
284.0636 	Level injecting via pump at address 1 	25
290.0430 	DATA 	Keypress: o
290.0440 	DATA 	Keypress: o
290.0452 	DATA 	Keypress: o
290.0648 	Level WAIT 	25
291.0645 	Level RINSE 	25
293.0442 	DATA 	Keypress: o
293.0648 	Level jitter 	25
296.0385 	Level finished 	25
296.0398 	DATA 	Keypress: o
296.0407 	DATA 	Keypress: o
296.0650 	Level image=tasty.jpg 	25
297.0652 	Level injecting via pump at address 0 	25
303.0438 	DATA 	Keypress: o
303.0449 	DATA 	Keypress: o
303.0459 	DATA 	Keypress: o
303.0662 	Level WAIT 	25
304.0410 	DATA 	Keypress: o
304.0660 	Level RINSE 	25
306.0434 	DATA 	Keypress: o
306.0662 	Level jitter 	25
308.0385 	Level finished 	25
308.0397 	DATA 	Keypress: o
308.0498 	Level image=tasty.jpg 	25
309.0499 	Level injecting via pump at address 1 	25
315.0437 	DATA 	Keypress: o
315.0448 	DATA 	Keypress: o
315.0459 	DATA 	Keypress: o
315.0676 	Level WAIT 	25
316.0415 	DATA 	Keypress: o
316.0674 	Level RINSE 	25
318.0434 	DATA 	Keypress: o
318.0510 	Level jitter 	25
320.0385 	Level finished 	25
320.0397 	DATA 	Keypress: o
320.0679 	Level image=tasty.jpg 	25
321.0513 	Level injecting via pump at address 0 	25
327.0431 	DATA 	Keypress: o
327.0444 	DATA 	Keypress: o
327.0454 	DATA 	Keypress: o
327.0523 	Level WAIT 	25
328.0410 	DATA 	Keypress: o
328.0521 	Level RINSE 	25
330.0434 	DATA 	Keypress: o
330.0523 	Level jitter 	25
331.0385 	Level finished 	25
331.0692 	Level image=waterlogo.jpg 	25
332.0416 	DATA 	Keypress: o
332.0693 	Level injecting via pump at address 0 	25
338.0439 	DATA 	Keypress: o
338.0449 	DATA 	Keypress: o
338.0458 	DATA 	Keypress: o
338.0703 	Level WAIT 	25
339.0534 	Level RINSE 	25
341.0434 	DATA 	Keypress: o
341.0703 	Level jitter 	25
347.0385 	Level finished 	25
347.0397 	DATA 	Keypress: o
347.0408 	DATA 	Keypress: o
347.0418 	DATA 	Keypress: o
347.0711 	Level image=tasty.jpg 	25
348.0413 	DATA 	Keypress: o
348.0716 	Level injecting via pump at address 1 	25
354.0437 	DATA 	Keypress: o
354.0448 	DATA 	Keypress: o
354.0459 	DATA 	Keypress: o
354.0718 	Level WAIT 	25
355.0552 	Level RINSE 	25
357.0430 	DATA 	Keypress: o
357.0721 	Level jitter 	25
360.0385 	Level finished 	25
360.0400 	DATA 	Keypress: o
360.0413 	DATA 	Keypress: o
360.0729 	Level image=tasty.jpg 	25
361.0561 	Level injecting via pump at address 0 	25
367.0440 	DATA 	Keypress: o
367.0452 	DATA 	Keypress: o
367.0464 	DATA 	Keypress: o
367.0566 	Level WAIT 	25
368.0409 	DATA 	Keypress: o
368.0568 	Level RINSE 	25
370.0439 	DATA 	Keypress: o
370.0741 	Level jitter 	25
372.0385 	Level finished 	25
372.0398 	DATA 	Keypress: o
372.0573 	Level image=tasty.jpg 	25
373.0575 	Level injecting via pump at address 1 	25
379.0431 	DATA 	Keypress: o
379.0442 	DATA 	Keypress: o
379.0451 	DATA 	Keypress: o
379.0748 	Level WAIT 	25
380.0412 	DATA 	Keypress: o
380.0586 	Level RINSE 	25
382.0434 	DATA 	Keypress: o
382.0750 	Level jitter 	25
386.0385 	Level finished 	25
386.0397 	DATA 	Keypress: o
386.0407 	DATA 	Keypress: o
386.0590 	Level image=tasty.jpg 	25
387.0591 	Level injecting via pump at address 0 	25
393.0433 	DATA 	Keypress: o
393.0445 	DATA 	Keypress: o
393.0457 	DATA 	Keypress: o
393.0601 	Level WAIT 	25
394.0409 	DATA 	Keypress: o
394.0598 	Level RINSE 	25
396.0434 	DATA 	Keypress: o
396.0601 	Level jitter 	25
403.0385 	Level finished 	25
403.0398 	DATA 	Keypress: o
403.0411 	DATA 	Keypress: o
403.0420 	DATA 	Keypress: o
403.0614 	Level image=tasty.jpg 	25
404.0414 	DATA 	Keypress: o
404.0611 	Level injecting via pump at address 0 	25
410.0439 	DATA 	Keypress: o
410.0452 	DATA 	Keypress: o
410.0464 	DATA 	Keypress: o
410.0616 	Level WAIT 	25
411.0451 	Level RINSE 	25
413.0433 	DATA 	Keypress: o
413.0624 	Level jitter 	25
417.0385 	Level finished 	25
