48.1072 	DATA 	Keypress: o
48.1083 	Level start key press 	25
50.1191 	DATA 	Keypress: o
52.1192 	DATA 	Keypress: o
54.1193 	DATA 	Keypress: o
56.1196 	DATA 	Keypress: o
56.6506 	Level image=waterlogo.jpg 	25
57.6011 	Level injecting via pump at address 0 	25
63.5887 	DATA 	Keypress: o
63.5899 	DATA 	Keypress: o
63.5909 	DATA 	Keypress: o
63.6177 	Level WAIT 	25
64.5865 	DATA 	Keypress: o
64.6177 	Level RINSE 	25
66.5963 	DATA 	Keypress: o
66.6178 	Level jitter 	25
68.5838 	Level finished 	25
68.5851 	DATA 	Keypress: o
68.6019 	Level image=tasty.jpg 	25
69.6015 	Level injecting via pump at address 1 	25
75.5894 	DATA 	Keypress: o
75.5907 	DATA 	Keypress: o
75.5919 	DATA 	Keypress: o
75.6017 	Level WAIT 	25
76.5871 	DATA 	Keypress: o
76.6019 	Level RINSE 	25
78.5888 	DATA 	Keypress: o
78.6024 	Level jitter 	25
80.5838 	Level finished 	25
80.5851 	DATA 	Keypress: o
80.6021 	Level image=tasty.jpg 	25
81.6022 	Level injecting via pump at address 0 	25
87.5892 	DATA 	Keypress: o
87.5904 	DATA 	Keypress: o
87.5914 	DATA 	Keypress: o
87.6027 	Level WAIT 	25
88.5865 	DATA 	Keypress: o
88.6031 	Level RINSE 	25
90.5886 	DATA 	Keypress: o
90.6028 	Level jitter 	25
95.5838 	Level finished 	25
95.5853 	DATA 	Keypress: o
95.5864 	DATA 	Keypress: o
95.6198 	Level image=tasty.jpg 	25
96.5870 	DATA 	Keypress: o
96.6033 	Level injecting via pump at address 1 	25
102.5896 	DATA 	Keypress: o
102.5908 	DATA 	Keypress: o
102.5920 	DATA 	Keypress: o
102.6040 	Level WAIT 	25
103.6037 	Level RINSE 	25
105.5900 	DATA 	Keypress: o
105.6039 	Level jitter 	25
111.5838 	Level finished 	25
111.5851 	DATA 	Keypress: o
111.5862 	DATA 	Keypress: o
111.5871 	DATA 	Keypress: o
111.6043 	Level image=tasty.jpg 	25
112.5862 	DATA 	Keypress: o
112.6049 	Level injecting via pump at address 0 	25
118.5896 	DATA 	Keypress: o
118.5908 	DATA 	Keypress: o
118.5921 	DATA 	Keypress: o
118.6047 	Level WAIT 	25
119.6048 	Level RINSE 	25
121.5892 	DATA 	Keypress: o
121.6049 	Level jitter 	25
123.5838 	Level finished 	25
123.5851 	DATA 	Keypress: o
123.6222 	Level image=waterlogo.jpg 	25
124.5867 	DATA 	Keypress: o
124.6052 	Level injecting via pump at address 0 	25
130.5892 	DATA 	Keypress: o
130.5906 	DATA 	Keypress: o
130.5916 	DATA 	Keypress: o
130.6057 	Level WAIT 	25
131.6057 	Level RINSE 	25
133.5894 	DATA 	Keypress: o
133.6062 	Level jitter 	25
142.5838 	Level finished 	25
142.5851 	DATA 	Keypress: o
142.5862 	DATA 	Keypress: o
142.5874 	DATA 	Keypress: o
142.5886 	DATA 	Keypress: o
142.5896 	DATA 	Keypress: o
142.6231 	Level image=tasty.jpg 	25
143.6071 	Level injecting via pump at address 0 	25
149.5889 	DATA 	Keypress: o
149.5901 	DATA 	Keypress: o
149.5913 	DATA 	Keypress: o
149.6069 	Level WAIT 	25
150.5864 	DATA 	Keypress: o
150.6070 	Level RINSE 	25
152.5890 	DATA 	Keypress: o
152.6071 	Level jitter 	25
153.5838 	Level finished 	25
153.6076 	Level image=waterlogo.jpg 	25
154.5864 	DATA 	Keypress: o
154.6073 	Level injecting via pump at address 0 	25
160.5891 	DATA 	Keypress: o
160.5903 	DATA 	Keypress: o
160.5915 	DATA 	Keypress: o
160.6077 	Level WAIT 	25
161.5910 	Level RINSE 	25
163.5888 	DATA 	Keypress: o
163.6082 	Level jitter 	25
169.5838 	Level finished 	25
169.5851 	DATA 	Keypress: o
169.5862 	DATA 	Keypress: o
169.5874 	DATA 	Keypress: o
169.6083 	Level image=tasty.jpg 	25
170.5870 	DATA 	Keypress: o
170.6084 	Level injecting via pump at address 0 	25
176.5893 	DATA 	Keypress: o
176.5904 	DATA 	Keypress: o
176.5916 	DATA 	Keypress: o
176.6092 	Level WAIT 	25
177.5922 	Level RINSE 	25
179.5885 	DATA 	Keypress: o
179.6089 	Level jitter 	25
187.5838 	Level finished 	25
187.5851 	DATA 	Keypress: o
187.5862 	DATA 	Keypress: o
187.5874 	DATA 	Keypress: o
187.5887 	DATA 	Keypress: o
187.6101 	Level image=tasty.jpg 	25
188.5863 	DATA 	Keypress: o
188.6097 	Level injecting via pump at address 1 	25
194.5894 	DATA 	Keypress: o
194.5907 	DATA 	Keypress: o
194.5919 	DATA 	Keypress: o
194.6099 	Level WAIT 	25
195.6101 	Level RINSE 	25
197.5891 	DATA 	Keypress: o
197.6106 	Level jitter 	25
202.5838 	Level finished 	25
202.5852 	DATA 	Keypress: o
202.5863 	DATA 	Keypress: o
202.5873 	DATA 	Keypress: o
202.6107 	Level image=tasty.jpg 	25
203.6107 	Level injecting via pump at address 0 	25
209.5886 	DATA 	Keypress: o
209.5897 	DATA 	Keypress: o
209.5907 	DATA 	Keypress: o
209.6114 	Level WAIT 	25
210.5867 	DATA 	Keypress: o
210.6111 	Level RINSE 	25
212.5891 	DATA 	Keypress: o
212.6112 	Level jitter 	25
219.5838 	Level finished 	25
219.5850 	DATA 	Keypress: o
219.5860 	DATA 	Keypress: o
219.5871 	DATA 	Keypress: o
219.6121 	Level image=waterlogo.jpg 	25
220.5866 	DATA 	Keypress: o
220.6119 	Level injecting via pump at address 0 	25
226.5887 	DATA 	Keypress: o
226.5897 	DATA 	Keypress: o
226.5906 	DATA 	Keypress: o
226.6122 	Level WAIT 	25
227.5956 	Level RINSE 	25
229.5885 	DATA 	Keypress: o
229.6129 	Level jitter 	25
235.5838 	Level finished 	25
235.5852 	DATA 	Keypress: o
235.5865 	DATA 	Keypress: o
235.5878 	DATA 	Keypress: o
235.6128 	Level image=waterlogo.jpg 	25
236.5863 	DATA 	Keypress: o
236.5963 	Level injecting via pump at address 0 	25
242.5886 	DATA 	Keypress: o
242.5896 	DATA 	Keypress: o
242.5906 	DATA 	Keypress: o
242.6138 	Level WAIT 	25
243.5967 	Level RINSE 	25
245.5886 	DATA 	Keypress: o
245.6136 	Level jitter 	25
247.5838 	Level finished 	25
247.5850 	DATA 	Keypress: o
247.6137 	Level image=tasty.jpg 	25
248.5867 	DATA 	Keypress: o
248.6138 	Level injecting via pump at address 0 	25
254.5900 	DATA 	Keypress: o
254.5913 	DATA 	Keypress: o
254.5926 	DATA 	Keypress: o
254.6145 	Level WAIT 	25
255.5976 	Level RINSE 	25
257.5891 	DATA 	Keypress: o
257.6144 	Level jitter 	25
264.5838 	Level finished 	25
264.5850 	DATA 	Keypress: o
264.5861 	DATA 	Keypress: o
264.5871 	DATA 	Keypress: o
264.5881 	DATA 	Keypress: o
264.5986 	Level image=tasty.jpg 	25
265.5983 	Level injecting via pump at address 1 	25
271.5892 	DATA 	Keypress: o
271.5906 	DATA 	Keypress: o
271.5918 	DATA 	Keypress: o
271.5987 	Level WAIT 	25
272.5867 	DATA 	Keypress: o
272.5987 	Level RINSE 	25
274.5889 	DATA 	Keypress: o
274.5992 	Level jitter 	25
282.5838 	Level finished 	25
282.5852 	DATA 	Keypress: o
282.5865 	DATA 	Keypress: o
282.5877 	DATA 	Keypress: o
282.5889 	DATA 	Keypress: o
282.6161 	Level image=waterlogo.jpg 	25
283.5996 	Level injecting via pump at address 0 	25
289.5896 	DATA 	Keypress: o
289.5909 	DATA 	Keypress: o
289.5921 	DATA 	Keypress: o
289.6003 	Level WAIT 	25
290.5869 	DATA 	Keypress: o
290.6001 	Level RINSE 	25
292.5898 	DATA 	Keypress: o
292.6000 	Level jitter 	25
300.5838 	Level finished 	25
300.5854 	DATA 	Keypress: o
300.5868 	DATA 	Keypress: o
300.5880 	DATA 	Keypress: o
300.5892 	DATA 	Keypress: o
300.6178 	Level image=tasty.jpg 	25
301.6175 	Level injecting via pump at address 1 	25
307.5895 	DATA 	Keypress: o
307.5909 	DATA 	Keypress: o
307.5921 	DATA 	Keypress: o
307.6178 	Level WAIT 	25
308.5863 	DATA 	Keypress: o
308.6012 	Level RINSE 	25
310.5886 	DATA 	Keypress: o
310.6184 	Level jitter 	25
312.5838 	Level finished 	25
312.5852 	DATA 	Keypress: o
312.6016 	Level image=tasty.jpg 	25
313.6017 	Level injecting via pump at address 0 	25
319.5896 	DATA 	Keypress: o
319.5910 	DATA 	Keypress: o
319.5922 	DATA 	Keypress: o
319.6187 	Level WAIT 	25
320.5868 	DATA 	Keypress: o
320.6191 	Level RINSE 	25
322.5890 	DATA 	Keypress: o
322.6021 	Level jitter 	25
326.5838 	Level finished 	25
326.5852 	DATA 	Keypress: o
326.5865 	DATA 	Keypress: o
326.6191 	Level image=tasty.jpg 	25
327.6026 	Level injecting via pump at address 1 	25
333.5899 	DATA 	Keypress: o
333.5912 	DATA 	Keypress: o
333.5925 	DATA 	Keypress: o
333.6033 	Level WAIT 	25
334.5863 	DATA 	Keypress: o
334.6030 	Level RINSE 	25
336.5886 	DATA 	Keypress: o
336.6031 	Level jitter 	25
339.5838 	Level finished 	25
339.5850 	DATA 	Keypress: o
339.6034 	Level image=tasty.jpg 	25
340.5873 	DATA 	Keypress: o
340.6035 	Level injecting via pump at address 0 	25
346.5893 	DATA 	Keypress: o
346.5906 	DATA 	Keypress: o
346.5918 	DATA 	Keypress: o
346.6043 	Level WAIT 	25
347.6039 	Level RINSE 	25
349.5884 	DATA 	Keypress: o
349.6040 	Level jitter 	25
357.5838 	Level finished 	25
357.5852 	DATA 	Keypress: o
357.5865 	DATA 	Keypress: o
357.5877 	DATA 	Keypress: o
357.5889 	DATA 	Keypress: o
357.6217 	Level image=waterlogo.jpg 	25
358.5870 	DATA 	Keypress: o
358.6047 	Level injecting via pump at address 0 	25
364.5891 	DATA 	Keypress: o
364.5904 	DATA 	Keypress: o
364.5916 	DATA 	Keypress: o
364.6050 	Level WAIT 	25
365.6051 	Level RINSE 	25
367.5892 	DATA 	Keypress: o
367.6057 	Level jitter 	25
372.5838 	Level finished 	25
372.5851 	DATA 	Keypress: o
372.5862 	DATA 	Keypress: o
372.5874 	DATA 	Keypress: o
372.6057 	Level image=tasty.jpg 	25
373.6057 	Level injecting via pump at address 1 	25
379.5893 	DATA 	Keypress: o
379.5906 	DATA 	Keypress: o
379.5917 	DATA 	Keypress: o
379.6232 	Level WAIT 	25
380.5867 	DATA 	Keypress: o
380.6062 	Level RINSE 	25
382.5890 	DATA 	Keypress: o
382.6063 	Level jitter 	25
389.5838 	Level finished 	25
389.5852 	DATA 	Keypress: o
389.5865 	DATA 	Keypress: o
389.5877 	DATA 	Keypress: o
389.6072 	Level image=tasty.jpg 	25
390.5868 	DATA 	Keypress: o
390.6069 	Level injecting via pump at address 0 	25
396.5891 	DATA 	Keypress: o
396.5901 	DATA 	Keypress: o
396.5911 	DATA 	Keypress: o
396.6072 	Level WAIT 	25
397.6074 	Level RINSE 	25
399.5892 	DATA 	Keypress: o
399.6079 	Level jitter 	25
407.5838 	Level finished 	25
407.5851 	DATA 	Keypress: o
407.5861 	DATA 	Keypress: o
407.5871 	DATA 	Keypress: o
407.5882 	DATA 	Keypress: o
407.6247 	Level image=tasty.jpg 	25
408.5867 	DATA 	Keypress: o
408.5916 	Level injecting via pump at address 0 	25
414.5898 	DATA 	Keypress: o
414.5910 	DATA 	Keypress: o
414.5922 	DATA 	Keypress: o
414.6090 	Level WAIT 	25
415.6087 	Level RINSE 	25
417.5886 	DATA 	Keypress: o
417.5920 	Level jitter 	25
424.5838 	Level finished 	25
