46.3941 	DATA 	Keypress: o
46.3951 	Level start key press 	25
48.3979 	DATA 	Keypress: o
50.3978 	DATA 	Keypress: o
52.3978 	DATA 	Keypress: o
54.3981 	DATA 	Keypress: o
54.7790 	Level image=tasty.jpg 	25
55.6958 	Level injecting via pump at address 1 	25
61.6847 	DATA 	Keypress: o
61.6860 	DATA 	Keypress: o
61.6872 	DATA 	Keypress: o
61.7132 	Level WAIT 	25
62.6815 	DATA 	Keypress: o
62.6962 	Level RINSE 	25
64.6924 	DATA 	Keypress: o
64.7130 	Level jitter 	25
73.6790 	Level finished 	25
73.6805 	DATA 	Keypress: o
73.6819 	DATA 	Keypress: o
73.6832 	DATA 	Keypress: o
73.6844 	DATA 	Keypress: o
73.7142 	Level image=waterlogo.jpg 	25
74.6815 	DATA 	Keypress: o
74.6971 	Level injecting via pump at address 0 	25
80.6844 	DATA 	Keypress: o
80.6859 	DATA 	Keypress: o
80.6872 	DATA 	Keypress: o
80.6975 	Level WAIT 	25
81.6976 	Level RINSE 	25
83.6840 	DATA 	Keypress: o
83.7147 	Level jitter 	25
87.6790 	Level finished 	25
87.6802 	DATA 	Keypress: o
87.6812 	DATA 	Keypress: o
87.6980 	Level image=tasty.jpg 	25
88.6819 	DATA 	Keypress: o
88.6980 	Level injecting via pump at address 1 	25
94.6849 	DATA 	Keypress: o
94.6861 	DATA 	Keypress: o
94.6871 	DATA 	Keypress: o
94.6989 	Level WAIT 	25
95.6986 	Level RINSE 	25
97.6843 	DATA 	Keypress: o
97.6987 	Level jitter 	25
101.6790 	Level finished 	25
101.6805 	DATA 	Keypress: o
101.6819 	DATA 	Keypress: o
101.7157 	Level image=waterlogo.jpg 	25
102.6818 	DATA 	Keypress: o
102.6990 	Level injecting via pump at address 0 	25
108.6838 	DATA 	Keypress: o
108.6849 	DATA 	Keypress: o
108.6859 	DATA 	Keypress: o
108.7164 	Level WAIT 	25
109.6995 	Level RINSE 	25
111.6843 	DATA 	Keypress: o
111.7162 	Level jitter 	25
115.6790 	Level finished 	25
115.6807 	DATA 	Keypress: o
115.6820 	DATA 	Keypress: o
115.6999 	Level image=waterlogo.jpg 	25
116.6818 	DATA 	Keypress: o
116.7000 	Level injecting via pump at address 0 	25
122.6848 	DATA 	Keypress: o
122.6861 	DATA 	Keypress: o
122.6874 	DATA 	Keypress: o
122.7007 	Level WAIT 	25
123.7004 	Level RINSE 	25
125.6843 	DATA 	Keypress: o
125.7006 	Level jitter 	25
129.6790 	Level finished 	25
129.6803 	DATA 	Keypress: o
129.6813 	DATA 	Keypress: o
129.7008 	Level image=tasty.jpg 	25
130.6817 	DATA 	Keypress: o
130.7010 	Level injecting via pump at address 1 	25
136.6842 	DATA 	Keypress: o
136.6857 	DATA 	Keypress: o
136.6873 	DATA 	Keypress: o
136.7184 	Level WAIT 	25
137.7014 	Level RINSE 	25
139.6848 	DATA 	Keypress: o
139.7181 	Level jitter 	25
145.6790 	Level finished 	25
145.6802 	DATA 	Keypress: o
145.6814 	DATA 	Keypress: o
145.6824 	DATA 	Keypress: o
145.7187 	Level image=waterlogo.jpg 	25
146.6821 	DATA 	Keypress: o
146.7024 	Level injecting via pump at address 0 	25
152.6842 	DATA 	Keypress: o
152.6853 	DATA 	Keypress: o
152.6867 	DATA 	Keypress: o
152.7023 	Level WAIT 	25
153.7026 	Level RINSE 	25
155.6836 	DATA 	Keypress: o
155.6859 	Level jitter 	25
158.6790 	Level finished 	25
158.6802 	DATA 	Keypress: o
158.6813 	DATA 	Keypress: o
158.7033 	Level image=tasty.jpg 	25
159.7030 	Level injecting via pump at address 1 	25
165.6844 	DATA 	Keypress: o
165.6858 	DATA 	Keypress: o
165.6870 	DATA 	Keypress: o
165.7033 	Level WAIT 	25
166.6818 	DATA 	Keypress: o
166.7034 	Level RINSE 	25
168.6841 	DATA 	Keypress: o
168.7038 	Level jitter 	25
171.6790 	Level finished 	25
171.6803 	DATA 	Keypress: o
171.7037 	Level image=waterlogo.jpg 	25
172.6826 	DATA 	Keypress: o
172.7039 	Level injecting via pump at address 0 	25
178.6847 	DATA 	Keypress: o
178.6860 	DATA 	Keypress: o
178.6873 	DATA 	Keypress: o
178.7046 	Level WAIT 	25
179.7043 	Level RINSE 	25
181.6845 	DATA 	Keypress: o
181.7044 	Level jitter 	25
185.6790 	Level finished 	25
185.6803 	DATA 	Keypress: o
185.6813 	DATA 	Keypress: o
185.7047 	Level image=waterlogo.jpg 	25
186.6817 	DATA 	Keypress: o
186.7048 	Level injecting via pump at address 0 	25
192.6839 	DATA 	Keypress: o
192.6850 	DATA 	Keypress: o
192.6862 	DATA 	Keypress: o
192.7056 	Level WAIT 	25
193.6887 	Level RINSE 	25
195.6844 	DATA 	Keypress: o
195.7054 	Level jitter 	25
200.6790 	Level finished 	25
200.6804 	DATA 	Keypress: o
200.6817 	DATA 	Keypress: o
200.6829 	DATA 	Keypress: o
200.7057 	Level image=tasty.jpg 	25
201.7058 	Level injecting via pump at address 1 	25
207.6845 	DATA 	Keypress: o
207.6858 	DATA 	Keypress: o
207.6870 	DATA 	Keypress: o
207.7066 	Level WAIT 	25
208.6818 	DATA 	Keypress: o
208.6897 	Level RINSE 	25
210.6851 	DATA 	Keypress: o
210.7064 	Level jitter 	25
213.6790 	Level finished 	25
213.6804 	DATA 	Keypress: o
213.7068 	Level image=waterlogo.jpg 	25
214.6818 	DATA 	Keypress: o
214.7067 	Level injecting via pump at address 0 	25
220.6846 	DATA 	Keypress: o
220.6859 	DATA 	Keypress: o
220.6871 	DATA 	Keypress: o
220.7075 	Level WAIT 	25
221.6906 	Level RINSE 	25
223.6836 	DATA 	Keypress: o
223.7073 	Level jitter 	25
231.6790 	Level finished 	25
231.6804 	DATA 	Keypress: o
231.6817 	DATA 	Keypress: o
231.6830 	DATA 	Keypress: o
231.6842 	DATA 	Keypress: o
231.7083 	Level image=tasty.jpg 	25
232.6814 	DATA 	Keypress: o
232.7080 	Level injecting via pump at address 1 	25
238.6841 	DATA 	Keypress: o
238.6855 	DATA 	Keypress: o
238.6869 	DATA 	Keypress: o
238.7084 	Level WAIT 	25
239.7085 	Level RINSE 	25
241.6840 	DATA 	Keypress: o
241.7090 	Level jitter 	25
243.6790 	Level finished 	25
243.6803 	DATA 	Keypress: o
243.6920 	Level image=tasty.jpg 	25
244.6817 	DATA 	Keypress: o
244.7088 	Level injecting via pump at address 1 	25
250.6850 	DATA 	Keypress: o
250.6864 	DATA 	Keypress: o
250.6876 	DATA 	Keypress: o
250.7091 	Level WAIT 	25
251.7097 	Level RINSE 	25
253.6844 	DATA 	Keypress: o
253.7093 	Level jitter 	25
255.6790 	Level finished 	25
255.6803 	DATA 	Keypress: o
255.6929 	Level image=waterlogo.jpg 	25
256.6818 	DATA 	Keypress: o
256.6930 	Level injecting via pump at address 0 	25
262.6844 	DATA 	Keypress: o
262.6857 	DATA 	Keypress: o
262.6869 	DATA 	Keypress: o
262.7104 	Level WAIT 	25
263.6934 	Level RINSE 	25
265.6844 	DATA 	Keypress: o
265.6936 	Level jitter 	25
268.6790 	Level finished 	25
268.6802 	DATA 	Keypress: o
268.6814 	DATA 	Keypress: o
268.6938 	Level image=tasty.jpg 	25
269.6938 	Level injecting via pump at address 1 	25
275.6837 	DATA 	Keypress: o
275.6848 	DATA 	Keypress: o
275.6858 	DATA 	Keypress: o
275.7113 	Level WAIT 	25
276.6819 	DATA 	Keypress: o
276.7110 	Level RINSE 	25
278.6853 	DATA 	Keypress: o
278.7111 	Level jitter 	25
280.6790 	Level finished 	25
280.6803 	DATA 	Keypress: o
280.6947 	Level image=waterlogo.jpg 	25
281.6947 	Level injecting via pump at address 0 	25
287.6845 	DATA 	Keypress: o
287.6858 	DATA 	Keypress: o
287.6870 	DATA 	Keypress: o
287.6954 	Level WAIT 	25
288.6818 	DATA 	Keypress: o
288.6951 	Level RINSE 	25
290.6840 	DATA 	Keypress: o
290.6952 	Level jitter 	25
291.6790 	Level finished 	25
291.6954 	Level image=tasty.jpg 	25
292.6817 	DATA 	Keypress: o
292.7121 	Level injecting via pump at address 1 	25
298.6842 	DATA 	Keypress: o
298.6855 	DATA 	Keypress: o
298.6867 	DATA 	Keypress: o
298.7129 	Level WAIT 	25
299.6958 	Level RINSE 	25
301.6844 	DATA 	Keypress: o
301.7127 	Level jitter 	25
303.6790 	Level finished 	25
303.6803 	DATA 	Keypress: o
303.6962 	Level image=waterlogo.jpg 	25
304.6818 	DATA 	Keypress: o
304.7130 	Level injecting via pump at address 0 	25
310.6851 	DATA 	Keypress: o
310.6865 	DATA 	Keypress: o
310.6878 	DATA 	Keypress: o
310.7137 	Level WAIT 	25
311.6967 	Level RINSE 	25
313.6845 	DATA 	Keypress: o
313.7136 	Level jitter 	25
319.6790 	Level finished 	25
319.6804 	DATA 	Keypress: o
319.6817 	DATA 	Keypress: o
319.6827 	DATA 	Keypress: o
319.7140 	Level image=waterlogo.jpg 	25
320.6816 	DATA 	Keypress: o
320.7144 	Level injecting via pump at address 0 	25
326.6845 	DATA 	Keypress: o
326.6858 	DATA 	Keypress: o
326.6870 	DATA 	Keypress: o
326.7144 	Level WAIT 	25
327.6978 	Level RINSE 	25
329.6834 	DATA 	Keypress: o
329.7147 	Level jitter 	25
332.6790 	Level finished 	25
332.6802 	DATA 	Keypress: o
332.6814 	DATA 	Keypress: o
332.7152 	Level image=tasty.jpg 	25
333.6983 	Level injecting via pump at address 1 	25
339.6846 	DATA 	Keypress: o
339.6859 	DATA 	Keypress: o
339.6871 	DATA 	Keypress: o
339.6987 	Level WAIT 	25
340.6813 	DATA 	Keypress: o
340.6987 	Level RINSE 	25
342.6847 	DATA 	Keypress: o
342.7161 	Level jitter 	25
350.6790 	Level finished 	25
350.6804 	DATA 	Keypress: o
350.6817 	DATA 	Keypress: o
350.6829 	DATA 	Keypress: o
350.6841 	DATA 	Keypress: o
350.7160 	Level image=waterlogo.jpg 	25
351.6996 	Level injecting via pump at address 0 	25
357.6837 	DATA 	Keypress: o
357.6847 	DATA 	Keypress: o
357.6857 	DATA 	Keypress: o
357.7170 	Level WAIT 	25
358.6818 	DATA 	Keypress: o
358.7000 	Level RINSE 	25
360.6848 	DATA 	Keypress: o
360.7001 	Level jitter 	25
365.6790 	Level finished 	25
365.6806 	DATA 	Keypress: o
365.6819 	DATA 	Keypress: o
365.7005 	Level image=tasty.jpg 	25
366.6818 	DATA 	Keypress: o
366.7007 	Level injecting via pump at address 1 	25
372.6844 	DATA 	Keypress: o
372.6855 	DATA 	Keypress: o
372.6864 	DATA 	Keypress: o
372.7013 	Level WAIT 	25
373.7010 	Level RINSE 	25
375.6834 	DATA 	Keypress: o
375.7011 	Level jitter 	25
379.6790 	Level finished 	25
379.6804 	DATA 	Keypress: o
379.6817 	DATA 	Keypress: o
379.7181 	Level image=waterlogo.jpg 	25
380.6815 	DATA 	Keypress: o
380.7015 	Level injecting via pump at address 0 	25
386.6854 	DATA 	Keypress: o
386.6868 	DATA 	Keypress: o
386.6884 	DATA 	Keypress: o
386.7023 	Level WAIT 	25
387.7020 	Level RINSE 	25
389.6846 	DATA 	Keypress: o
389.7020 	Level jitter 	25
394.6790 	Level finished 	25
394.6806 	DATA 	Keypress: o
394.6818 	DATA 	Keypress: o
394.6828 	DATA 	Keypress: o
394.7025 	Level image=tasty.jpg 	25
395.7027 	Level injecting via pump at address 1 	25
401.6847 	DATA 	Keypress: o
401.6862 	DATA 	Keypress: o
401.6874 	DATA 	Keypress: o
401.7201 	Level WAIT 	25
402.6820 	DATA 	Keypress: o
402.7030 	Level RINSE 	25
404.6836 	DATA 	Keypress: o
404.7031 	Level jitter 	25
413.6790 	Level finished 	25
413.6802 	DATA 	Keypress: o
413.6813 	DATA 	Keypress: o
413.6823 	DATA 	Keypress: o
413.6833 	DATA 	Keypress: o
413.7042 	Level image=waterlogo.jpg 	25
414.6815 	DATA 	Keypress: o
414.6872 	Level injecting via pump at address 0 	25
420.6835 	DATA 	Keypress: o
420.6846 	DATA 	Keypress: o
420.6857 	DATA 	Keypress: o
420.7042 	Level WAIT 	25
421.6878 	Level RINSE 	25
423.6839 	DATA 	Keypress: o
423.7049 	Level jitter 	25
432.6790 	Level finished 	25
432.6804 	DATA 	Keypress: o
432.6817 	DATA 	Keypress: o
432.6829 	DATA 	Keypress: o
432.6841 	DATA 	Keypress: o
432.6853 	DATA 	Keypress: o
432.7217 	Level image=tasty.jpg 	25
433.6890 	Level injecting via pump at address 1 	25
439.6851 	DATA 	Keypress: o
439.6866 	DATA 	Keypress: o
439.6883 	DATA 	Keypress: o
439.7056 	Level WAIT 	25
440.6814 	DATA 	Keypress: o
440.7057 	Level RINSE 	25
442.6843 	DATA 	Keypress: o
442.6890 	Level jitter 	25
446.6790 	Level finished 	25
446.6803 	DATA 	Keypress: o
446.6813 	DATA 	Keypress: o
446.7064 	Level image=tasty.jpg 	25
447.7061 	Level injecting via pump at address 1 	25
453.6841 	DATA 	Keypress: o
453.6856 	DATA 	Keypress: o
453.6868 	DATA 	Keypress: o
453.7066 	Level WAIT 	25
454.6821 	DATA 	Keypress: o
454.7066 	Level RINSE 	25
456.6847 	DATA 	Keypress: o
456.7070 	Level jitter 	25
459.6790 	Level finished 	25
459.6802 	DATA 	Keypress: o
459.7069 	Level image=waterlogo.jpg 	25
460.6819 	DATA 	Keypress: o
460.7070 	Level injecting via pump at address 0 	25
466.6847 	DATA 	Keypress: o
466.6858 	DATA 	Keypress: o
466.6870 	DATA 	Keypress: o
466.7079 	Level WAIT 	25
467.6908 	Level RINSE 	25
469.6842 	DATA 	Keypress: o
469.7077 	Level jitter 	25
470.6790 	Level finished 	25
470.6805 	DATA 	Keypress: o
470.7077 	Level image=tasty.jpg 	25
471.6911 	Level injecting via pump at address 1 	25
477.6844 	DATA 	Keypress: o
477.6859 	DATA 	Keypress: o
477.6871 	DATA 	Keypress: o
477.7086 	Level WAIT 	25
478.6819 	DATA 	Keypress: o
478.7083 	Level RINSE 	25
480.6846 	DATA 	Keypress: o
480.6917 	Level jitter 	25
487.6790 	Level finished 	25
487.6804 	DATA 	Keypress: o
487.6816 	DATA 	Keypress: o
487.6828 	DATA 	Keypress: o
487.7093 	Level image=waterlogo.jpg 	25
488.6817 	DATA 	Keypress: o
488.7090 	Level injecting via pump at address 0 	25
494.6842 	DATA 	Keypress: o
494.6855 	DATA 	Keypress: o
494.6867 	DATA 	Keypress: o
494.7093 	Level WAIT 	25
495.6927 	Level RINSE 	25
497.6856 	DATA 	Keypress: o
497.7100 	Level jitter 	25
498.6790 	Level finished 	25
498.6803 	DATA 	Keypress: o
498.7097 	Level image=tasty.jpg 	25
499.6930 	Level injecting via pump at address 1 	25
505.6852 	DATA 	Keypress: o
505.6865 	DATA 	Keypress: o
505.6877 	DATA 	Keypress: o
505.6934 	Level WAIT 	25
506.6817 	DATA 	Keypress: o
506.6936 	Level RINSE 	25
508.6837 	DATA 	Keypress: o
508.6941 	Level jitter 	25
514.6790 	Level finished 	25
