52.1962 	DATA 	Keypress: o
52.1970 	Level start key press 	25
54.2016 	DATA 	Keypress: o
56.2017 	DATA 	Keypress: o
58.2020 	DATA 	Keypress: o
60.2023 	DATA 	Keypress: o
60.6166 	Level image=tasty.jpg 	25
61.5501 	Level injecting via pump at address 1 	25
67.5381 	DATA 	Keypress: o
67.5392 	DATA 	Keypress: o
67.5402 	DATA 	Keypress: o
67.5510 	Level WAIT 	25
68.5358 	DATA 	Keypress: o
68.5508 	Level RINSE 	25
70.5462 	DATA 	Keypress: o
70.5510 	Level jitter 	25
79.5332 	Level finished 	25
79.5344 	DATA 	Keypress: o
79.5354 	DATA 	Keypress: o
79.5363 	DATA 	Keypress: o
79.5372 	DATA 	Keypress: o
79.5693 	Level image=waterlogo.jpg 	25
80.5357 	DATA 	Keypress: o
80.5522 	Level injecting via pump at address 0 	25
86.5383 	DATA 	Keypress: o
86.5394 	DATA 	Keypress: o
86.5406 	DATA 	Keypress: o
86.5529 	Level WAIT 	25
87.5531 	Level RINSE 	25
89.5386 	DATA 	Keypress: o
89.5538 	Level jitter 	25
93.5332 	Level finished 	25
93.5345 	DATA 	Keypress: o
93.5355 	DATA 	Keypress: o
93.5537 	Level image=tasty.jpg 	25
94.5355 	DATA 	Keypress: o
94.5539 	Level injecting via pump at address 1 	25
100.5382 	DATA 	Keypress: o
100.5394 	DATA 	Keypress: o
100.5406 	DATA 	Keypress: o
100.5549 	Level WAIT 	25
101.5380 	Level RINSE 	25
103.5377 	DATA 	Keypress: o
103.5550 	Level jitter 	25
107.5332 	Level finished 	25
107.5344 	DATA 	Keypress: o
107.5355 	DATA 	Keypress: o
107.5722 	Level image=waterlogo.jpg 	25
108.5355 	DATA 	Keypress: o
108.5555 	Level injecting via pump at address 0 	25
114.5382 	DATA 	Keypress: o
114.5395 	DATA 	Keypress: o
114.5404 	DATA 	Keypress: o
114.5566 	Level WAIT 	25
115.5563 	Level RINSE 	25
117.5380 	DATA 	Keypress: o
117.5566 	Level jitter 	25
121.5332 	Level finished 	25
121.5344 	DATA 	Keypress: o
121.5356 	DATA 	Keypress: o
121.5570 	Level image=waterlogo.jpg 	25
122.5357 	DATA 	Keypress: o
122.5572 	Level injecting via pump at address 0 	25
128.5383 	DATA 	Keypress: o
128.5394 	DATA 	Keypress: o
128.5407 	DATA 	Keypress: o
128.5582 	Level WAIT 	25
129.5580 	Level RINSE 	25
131.5376 	DATA 	Keypress: o
131.5582 	Level jitter 	25
135.5332 	Level finished 	25
135.5345 	DATA 	Keypress: o
135.5356 	DATA 	Keypress: o
135.5586 	Level image=tasty.jpg 	25
136.5358 	DATA 	Keypress: o
136.5421 	Level injecting via pump at address 1 	25
142.5388 	DATA 	Keypress: o
142.5401 	DATA 	Keypress: o
142.5412 	DATA 	Keypress: o
142.5598 	Level WAIT 	25
143.5596 	Level RINSE 	25
145.5384 	DATA 	Keypress: o
145.5431 	Level jitter 	25
151.5332 	Level finished 	25
151.5344 	DATA 	Keypress: o
151.5354 	DATA 	Keypress: o
151.5363 	DATA 	Keypress: o
151.5439 	Level image=waterlogo.jpg 	25
152.5355 	DATA 	Keypress: o
152.5444 	Level injecting via pump at address 0 	25
158.5380 	DATA 	Keypress: o
158.5390 	DATA 	Keypress: o
158.5399 	DATA 	Keypress: o
158.5613 	Level WAIT 	25
159.5615 	Level RINSE 	25
161.5375 	DATA 	Keypress: o
161.5450 	Level jitter 	25
164.5332 	Level finished 	25
164.5344 	DATA 	Keypress: o
164.5354 	DATA 	Keypress: o
164.5458 	Level image=tasty.jpg 	25
165.5455 	Level injecting via pump at address 1 	25
171.5386 	DATA 	Keypress: o
171.5398 	DATA 	Keypress: o
171.5410 	DATA 	Keypress: o
171.5629 	Level WAIT 	25
172.5357 	DATA 	Keypress: o
172.5630 	Level RINSE 	25
174.5381 	DATA 	Keypress: o
174.5470 	Level jitter 	25
177.5332 	Level finished 	25
177.5345 	DATA 	Keypress: o
177.5637 	Level image=waterlogo.jpg 	25
178.5356 	DATA 	Keypress: o
178.5637 	Level injecting via pump at address 0 	25
184.5389 	DATA 	Keypress: o
184.5401 	DATA 	Keypress: o
184.5413 	DATA 	Keypress: o
184.5647 	Level WAIT 	25
185.5645 	Level RINSE 	25
187.5377 	DATA 	Keypress: o
187.5647 	Level jitter 	25
191.5332 	Level finished 	25
191.5344 	DATA 	Keypress: o
191.5354 	DATA 	Keypress: o
191.5653 	Level image=waterlogo.jpg 	25
192.5355 	DATA 	Keypress: o
192.5487 	Level injecting via pump at address 0 	25
198.5383 	DATA 	Keypress: o
198.5393 	DATA 	Keypress: o
198.5405 	DATA 	Keypress: o
198.5498 	Level WAIT 	25
199.5496 	Level RINSE 	25
201.5382 	DATA 	Keypress: o
201.5497 	Level jitter 	25
206.5332 	Level finished 	25
206.5344 	DATA 	Keypress: o
206.5355 	DATA 	Keypress: o
206.5364 	DATA 	Keypress: o
206.5670 	Level image=tasty.jpg 	25
207.5671 	Level injecting via pump at address 1 	25
213.5385 	DATA 	Keypress: o
213.5397 	DATA 	Keypress: o
213.5409 	DATA 	Keypress: o
213.5681 	Level WAIT 	25
214.5358 	DATA 	Keypress: o
214.5513 	Level RINSE 	25
216.5386 	DATA 	Keypress: o
216.5681 	Level jitter 	25
219.5332 	Level finished 	25
219.5346 	DATA 	Keypress: o
219.5686 	Level image=waterlogo.jpg 	25
220.5360 	DATA 	Keypress: o
220.5520 	Level injecting via pump at address 0 	25
226.5380 	DATA 	Keypress: o
226.5390 	DATA 	Keypress: o
226.5399 	DATA 	Keypress: o
226.5530 	Level WAIT 	25
227.5528 	Level RINSE 	25
229.5377 	DATA 	Keypress: o
229.5530 	Level jitter 	25
237.5332 	Level finished 	25
237.5346 	DATA 	Keypress: o
237.5361 	DATA 	Keypress: o
237.5373 	DATA 	Keypress: o
237.5385 	DATA 	Keypress: o
237.5543 	Level image=tasty.jpg 	25
238.5359 	DATA 	Keypress: o
238.5541 	Level injecting via pump at address 1 	25
244.5383 	DATA 	Keypress: o
244.5392 	DATA 	Keypress: o
244.5402 	DATA 	Keypress: o
244.5713 	Level WAIT 	25
245.5381 	Level RINSE 	25
247.5374 	DATA 	Keypress: o
247.5554 	Level jitter 	25
249.5332 	Level finished 	25
249.5343 	DATA 	Keypress: o
249.5553 	Level image=tasty.jpg 	25
250.5356 	DATA 	Keypress: o
250.5555 	Level injecting via pump at address 1 	25
256.5382 	DATA 	Keypress: o
256.5393 	DATA 	Keypress: o
256.5402 	DATA 	Keypress: o
256.5561 	Level WAIT 	25
257.5567 	Level RINSE 	25
259.5381 	DATA 	Keypress: o
259.5565 	Level jitter 	25
261.5332 	Level finished 	25
261.5345 	DATA 	Keypress: o
261.5567 	Level image=waterlogo.jpg 	25
262.5357 	DATA 	Keypress: o
262.5569 	Level injecting via pump at address 0 	25
268.5378 	DATA 	Keypress: o
268.5389 	DATA 	Keypress: o
268.5400 	DATA 	Keypress: o
268.5579 	Level WAIT 	25
269.5576 	Level RINSE 	25
271.5380 	DATA 	Keypress: o
271.5579 	Level jitter 	25
274.5332 	Level finished 	25
274.5344 	DATA 	Keypress: o
274.5354 	DATA 	Keypress: o
274.5582 	Level image=tasty.jpg 	25
275.5584 	Level injecting via pump at address 1 	25
281.5378 	DATA 	Keypress: o
281.5389 	DATA 	Keypress: o
281.5399 	DATA 	Keypress: o
281.5594 	Level WAIT 	25
282.5357 	DATA 	Keypress: o
282.5425 	Level RINSE 	25
284.5385 	DATA 	Keypress: o
284.5594 	Level jitter 	25
286.5332 	Level finished 	25
286.5345 	DATA 	Keypress: o
286.5597 	Level image=waterlogo.jpg 	25
287.5599 	Level injecting via pump at address 0 	25
293.5386 	DATA 	Keypress: o
293.5398 	DATA 	Keypress: o
293.5410 	DATA 	Keypress: o
293.5608 	Level WAIT 	25
294.5358 	DATA 	Keypress: o
294.5605 	Level RINSE 	25
296.5386 	DATA 	Keypress: o
296.5607 	Level jitter 	25
297.5332 	Level finished 	25
297.5609 	Level image=tasty.jpg 	25
298.5356 	DATA 	Keypress: o
298.5444 	Level injecting via pump at address 1 	25
304.5382 	DATA 	Keypress: o
304.5394 	DATA 	Keypress: o
304.5406 	DATA 	Keypress: o
304.5454 	Level WAIT 	25
305.5452 	Level RINSE 	25
307.5385 	DATA 	Keypress: o
307.5453 	Level jitter 	25
309.5332 	Level finished 	25
309.5345 	DATA 	Keypress: o
309.5623 	Level image=waterlogo.jpg 	25
310.5357 	DATA 	Keypress: o
310.5624 	Level injecting via pump at address 0 	25
316.5379 	DATA 	Keypress: o
316.5391 	DATA 	Keypress: o
316.5400 	DATA 	Keypress: o
316.5637 	Level WAIT 	25
317.5465 	Level RINSE 	25
319.5381 	DATA 	Keypress: o
319.5634 	Level jitter 	25
325.5332 	Level finished 	25
325.5344 	DATA 	Keypress: o
325.5354 	DATA 	Keypress: o
325.5363 	DATA 	Keypress: o
325.5642 	Level image=waterlogo.jpg 	25
326.5359 	DATA 	Keypress: o
326.5481 	Level injecting via pump at address 0 	25
332.5388 	DATA 	Keypress: o
332.5401 	DATA 	Keypress: o
332.5413 	DATA 	Keypress: o
332.5483 	Level WAIT 	25
333.5484 	Level RINSE 	25
335.5381 	DATA 	Keypress: o
335.5654 	Level jitter 	25
338.5332 	Level finished 	25
338.5344 	DATA 	Keypress: o
338.5355 	DATA 	Keypress: o
338.5661 	Level image=tasty.jpg 	25
339.5493 	Level injecting via pump at address 1 	25
345.5379 	DATA 	Keypress: o
345.5390 	DATA 	Keypress: o
345.5400 	DATA 	Keypress: o
345.5498 	Level WAIT 	25
346.5356 	DATA 	Keypress: o
346.5499 	Level RINSE 	25
348.5387 	DATA 	Keypress: o
348.5505 	Level jitter 	25
356.5332 	Level finished 	25
356.5344 	DATA 	Keypress: o
356.5354 	DATA 	Keypress: o
356.5366 	DATA 	Keypress: o
356.5377 	DATA 	Keypress: o
356.5678 	Level image=waterlogo.jpg 	25
357.5513 	Level injecting via pump at address 0 	25
363.5385 	DATA 	Keypress: o
363.5395 	DATA 	Keypress: o
363.5404 	DATA 	Keypress: o
363.5690 	Level WAIT 	25
364.5361 	DATA 	Keypress: o
364.5521 	Level RINSE 	25
366.5380 	DATA 	Keypress: o
366.5689 	Level jitter 	25
371.5332 	Level finished 	25
371.5344 	DATA 	Keypress: o
371.5354 	DATA 	Keypress: o
371.5529 	Level image=tasty.jpg 	25
372.5360 	DATA 	Keypress: o
372.5530 	Level injecting via pump at address 1 	25
378.5382 	DATA 	Keypress: o
378.5394 	DATA 	Keypress: o
378.5406 	DATA 	Keypress: o
378.5707 	Level WAIT 	25
379.5538 	Level RINSE 	25
381.5380 	DATA 	Keypress: o
381.5540 	Level jitter 	25
385.5332 	Level finished 	25
385.5346 	DATA 	Keypress: o
385.5357 	DATA 	Keypress: o
385.5545 	Level image=waterlogo.jpg 	25
386.5360 	DATA 	Keypress: o
386.5546 	Level injecting via pump at address 0 	25
392.5387 	DATA 	Keypress: o
392.5400 	DATA 	Keypress: o
392.5409 	DATA 	Keypress: o
392.5557 	Level WAIT 	25
393.5555 	Level RINSE 	25
395.5377 	DATA 	Keypress: o
395.5557 	Level jitter 	25
400.5332 	Level finished 	25
400.5344 	DATA 	Keypress: o
400.5354 	DATA 	Keypress: o
400.5366 	DATA 	Keypress: o
400.5563 	Level image=tasty.jpg 	25
401.5397 	Level injecting via pump at address 1 	25
407.5386 	DATA 	Keypress: o
407.5400 	DATA 	Keypress: o
407.5413 	DATA 	Keypress: o
407.5574 	Level WAIT 	25
408.5356 	DATA 	Keypress: o
408.5572 	Level RINSE 	25
410.5386 	DATA 	Keypress: o
410.5407 	Level jitter 	25
419.5332 	Level finished 	25
419.5345 	DATA 	Keypress: o
419.5357 	DATA 	Keypress: o
419.5369 	DATA 	Keypress: o
419.5382 	DATA 	Keypress: o
419.5756 	Level image=waterlogo.jpg 	25
420.5356 	DATA 	Keypress: o
420.5420 	Level injecting via pump at address 0 	25
426.5387 	DATA 	Keypress: o
426.5402 	DATA 	Keypress: o
426.5414 	DATA 	Keypress: o
426.5594 	Level WAIT 	25
427.5596 	Level RINSE 	25
429.5384 	DATA 	Keypress: o
429.5433 	Level jitter 	25
438.5332 	Level finished 	25
438.5344 	DATA 	Keypress: o
438.5354 	DATA 	Keypress: o
438.5363 	DATA 	Keypress: o
438.5373 	DATA 	Keypress: o
438.5383 	DATA 	Keypress: o
438.5607 	Level image=tasty.jpg 	25
439.5446 	Level injecting via pump at address 1 	25
445.5386 	DATA 	Keypress: o
445.5400 	DATA 	Keypress: o
445.5416 	DATA 	Keypress: o
445.5615 	Level WAIT 	25
446.5358 	DATA 	Keypress: o
446.5616 	Level RINSE 	25
448.5376 	DATA 	Keypress: o
448.5452 	Level jitter 	25
452.5332 	Level finished 	25
452.5343 	DATA 	Keypress: o
452.5353 	DATA 	Keypress: o
452.5628 	Level image=tasty.jpg 	25
453.5625 	Level injecting via pump at address 1 	25
459.5384 	DATA 	Keypress: o
459.5396 	DATA 	Keypress: o
459.5407 	DATA 	Keypress: o
459.5632 	Level WAIT 	25
460.5356 	DATA 	Keypress: o
460.5466 	Level RINSE 	25
462.5379 	DATA 	Keypress: o
462.5638 	Level jitter 	25
465.5332 	Level finished 	25
465.5344 	DATA 	Keypress: o
465.5639 	Level image=waterlogo.jpg 	25
466.5358 	DATA 	Keypress: o
466.5640 	Level injecting via pump at address 0 	25
472.5390 	DATA 	Keypress: o
472.5402 	DATA 	Keypress: o
472.5415 	DATA 	Keypress: o
472.5650 	Level WAIT 	25
473.5481 	Level RINSE 	25
475.5383 	DATA 	Keypress: o
475.5650 	Level jitter 	25
476.5332 	Level finished 	25
476.5344 	DATA 	Keypress: o
476.5485 	Level image=tasty.jpg 	25
477.5486 	Level injecting via pump at address 1 	25
483.5384 	DATA 	Keypress: o
483.5396 	DATA 	Keypress: o
483.5406 	DATA 	Keypress: o
483.5497 	Level WAIT 	25
484.5358 	DATA 	Keypress: o
484.5494 	Level RINSE 	25
486.5379 	DATA 	Keypress: o
486.5496 	Level jitter 	25
493.5332 	Level finished 	25
493.5344 	DATA 	Keypress: o
493.5353 	DATA 	Keypress: o
493.5363 	DATA 	Keypress: o
493.5675 	Level image=waterlogo.jpg 	25
494.5360 	DATA 	Keypress: o
494.5673 	Level injecting via pump at address 0 	25
500.5384 	DATA 	Keypress: o
500.5394 	DATA 	Keypress: o
500.5405 	DATA 	Keypress: o
500.5680 	Level WAIT 	25
501.5514 	Level RINSE 	25
503.5392 	DATA 	Keypress: o
503.5686 	Level jitter 	25
504.5332 	Level finished 	25
504.5343 	DATA 	Keypress: o
504.5517 	Level image=tasty.jpg 	25
505.5519 	Level injecting via pump at address 1 	25
511.5378 	DATA 	Keypress: o
511.5388 	DATA 	Keypress: o
511.5398 	DATA 	Keypress: o
511.5525 	Level WAIT 	25
512.5356 	DATA 	Keypress: o
512.5527 	Level RINSE 	25
514.5386 	DATA 	Keypress: o
514.5533 	Level jitter 	25
520.5332 	Level finished 	25
