48.8232 	DATA 	Keypress: o
48.8240 	Level start key press 	25
50.8282 	DATA 	Keypress: o
52.8331 	DATA 	Keypress: o
54.8271 	DATA 	Keypress: o
56.8613 	DATA 	Keypress: o
56.8749 	Level image=waterlogo.jpg 	25
57.8049 	Level injecting via pump at address 0 	25
63.7962 	DATA 	Keypress: o
63.7973 	DATA 	Keypress: o
63.7983 	DATA 	Keypress: o
63.8072 	Level WAIT 	25
64.8008 	Level RINSE 	25
66.8030 	DATA 	Keypress: o
66.8072 	Level jitter 	25
68.7909 	Level finished 	25
68.7921 	DATA 	Keypress: o
68.8089 	Level image=tasty.jpg 	25
69.7936 	DATA 	Keypress: o
69.8079 	Level injecting via pump at address 1 	25
75.7958 	DATA 	Keypress: o
75.7970 	DATA 	Keypress: o
75.7982 	DATA 	Keypress: o
75.8093 	Level WAIT 	25
76.8049 	Level RINSE 	25
78.7962 	DATA 	Keypress: o
78.8099 	Level jitter 	25
80.7909 	Level finished 	25
80.7922 	DATA 	Keypress: o
80.8011 	Level image=tasty.jpg 	25
81.7940 	DATA 	Keypress: o
81.8100 	Level injecting via pump at address 0 	25
87.7969 	DATA 	Keypress: o
87.7983 	DATA 	Keypress: o
87.7996 	DATA 	Keypress: o
87.8105 	Level WAIT 	25
88.8079 	Level RINSE 	25
90.7960 	DATA 	Keypress: o
90.8098 	Level jitter 	25
95.7909 	Level finished 	25
95.7922 	DATA 	Keypress: o
95.7932 	DATA 	Keypress: o
95.7942 	DATA 	Keypress: o
95.8048 	Level image=tasty.jpg 	25
96.7997 	Level injecting via pump at address 1 	25
102.7962 	DATA 	Keypress: o
102.7972 	DATA 	Keypress: o
102.7983 	DATA 	Keypress: o
102.8021 	Level WAIT 	25
103.7934 	DATA 	Keypress: o
103.8108 	Level RINSE 	25
105.7960 	DATA 	Keypress: o
105.8015 	Level jitter 	25
111.7909 	Level finished 	25
111.7926 	DATA 	Keypress: o
111.7936 	DATA 	Keypress: o
111.7947 	DATA 	Keypress: o
111.8042 	Level image=tasty.jpg 	25
112.7960 	Level injecting via pump at address 0 	25
118.7963 	DATA 	Keypress: o
118.7977 	DATA 	Keypress: o
118.7989 	DATA 	Keypress: o
118.8118 	Level WAIT 	25
119.7934 	DATA 	Keypress: o
119.8119 	Level RINSE 	25
121.7965 	DATA 	Keypress: o
121.8008 	Level jitter 	25
123.7909 	Level finished 	25
123.7921 	DATA 	Keypress: o
123.8073 	Level image=waterlogo.jpg 	25
124.7966 	Level injecting via pump at address 0 	25
130.7967 	DATA 	Keypress: o
130.7980 	DATA 	Keypress: o
130.7992 	DATA 	Keypress: o
130.8038 	Level WAIT 	25
131.7938 	DATA 	Keypress: o
131.7969 	Level RINSE 	25
133.7967 	DATA 	Keypress: o
133.8042 	Level jitter 	25
142.7909 	Level finished 	25
142.7923 	DATA 	Keypress: o
142.7933 	DATA 	Keypress: o
142.7943 	DATA 	Keypress: o
142.7953 	DATA 	Keypress: o
142.8069 	Level image=tasty.jpg 	25
143.7938 	DATA 	Keypress: o
143.7973 	Level injecting via pump at address 0 	25
149.7972 	DATA 	Keypress: o
149.7987 	DATA 	Keypress: o
149.8002 	DATA 	Keypress: o
149.8038 	Level WAIT 	25
150.7978 	Level RINSE 	25
152.7964 	DATA 	Keypress: o
152.8038 	Level jitter 	25
153.7909 	Level finished 	25
153.7921 	DATA 	Keypress: o
153.8153 	Level image=waterlogo.jpg 	25
154.7977 	Level injecting via pump at address 0 	25
160.7963 	DATA 	Keypress: o
160.7976 	DATA 	Keypress: o
160.7989 	DATA 	Keypress: o
160.8118 	Level WAIT 	25
161.7941 	DATA 	Keypress: o
161.7986 	Level RINSE 	25
163.7956 	DATA 	Keypress: o
163.7992 	Level jitter 	25
169.7909 	Level finished 	25
169.7923 	DATA 	Keypress: o
169.7933 	DATA 	Keypress: o
169.7942 	DATA 	Keypress: o
169.8149 	Level image=tasty.jpg 	25
170.7998 	Level injecting via pump at address 0 	25
176.7968 	DATA 	Keypress: o
176.7981 	DATA 	Keypress: o
176.7991 	DATA 	Keypress: o
176.8112 	Level WAIT 	25
177.7941 	DATA 	Keypress: o
177.7998 	Level RINSE 	25
179.7962 	DATA 	Keypress: o
179.7997 	Level jitter 	25
187.7909 	Level finished 	25
187.7921 	DATA 	Keypress: o
187.7933 	DATA 	Keypress: o
187.7945 	DATA 	Keypress: o
187.7957 	DATA 	Keypress: o
187.8173 	Level image=tasty.jpg 	25
188.7976 	Level injecting via pump at address 1 	25
194.7970 	DATA 	Keypress: o
194.7983 	DATA 	Keypress: o
194.7995 	DATA 	Keypress: o
194.8160 	Level WAIT 	25
195.7937 	DATA 	Keypress: o
195.8009 	Level RINSE 	25
197.7964 	DATA 	Keypress: o
197.8012 	Level jitter 	25
202.7909 	Level finished 	25
202.7923 	DATA 	Keypress: o
202.7936 	DATA 	Keypress: o
202.8017 	Level image=tasty.jpg 	25
203.7933 	DATA 	Keypress: o
203.8020 	Level injecting via pump at address 0 	25
209.7960 	DATA 	Keypress: o
209.7971 	DATA 	Keypress: o
209.7981 	DATA 	Keypress: o
209.8020 	Level WAIT 	25
210.7989 	Level RINSE 	25
212.7967 	DATA 	Keypress: o
212.8019 	Level jitter 	25
219.7909 	Level finished 	25
219.7922 	DATA 	Keypress: o
219.7935 	DATA 	Keypress: o
219.7948 	DATA 	Keypress: o
219.7960 	DATA 	Keypress: o
219.8183 	Level image=waterlogo.jpg 	25
220.7962 	Level injecting via pump at address 0 	25
226.7968 	DATA 	Keypress: o
226.7982 	DATA 	Keypress: o
226.7996 	DATA 	Keypress: o
226.8029 	Level WAIT 	25
227.7934 	DATA 	Keypress: o
227.8031 	Level RINSE 	25
229.7956 	DATA 	Keypress: o
229.7992 	Level jitter 	25
235.7909 	Level finished 	25
235.7923 	DATA 	Keypress: o
235.7936 	DATA 	Keypress: o
235.7946 	DATA 	Keypress: o
235.8038 	Level image=waterlogo.jpg 	25
236.8043 	Level injecting via pump at address 0 	25
242.7969 	DATA 	Keypress: o
242.7982 	DATA 	Keypress: o
242.7994 	DATA 	Keypress: o
242.8043 	Level WAIT 	25
243.7938 	DATA 	Keypress: o
243.8043 	Level RINSE 	25
245.7954 	DATA 	Keypress: o
245.8038 	Level jitter 	25
247.7909 	Level finished 	25
247.7921 	DATA 	Keypress: o
247.8038 	Level image=tasty.jpg 	25
248.7977 	Level injecting via pump at address 0 	25
254.7972 	DATA 	Keypress: o
254.7985 	DATA 	Keypress: o
254.7997 	DATA 	Keypress: o
254.8052 	Level WAIT 	25
255.7937 	DATA 	Keypress: o
255.8049 	Level RINSE 	25
257.7966 	DATA 	Keypress: o
257.8008 	Level jitter 	25
264.7909 	Level finished 	25
264.7923 	DATA 	Keypress: o
264.7935 	DATA 	Keypress: o
264.7947 	DATA 	Keypress: o
264.8063 	Level image=tasty.jpg 	25
265.7933 	DATA 	Keypress: o
265.8059 	Level injecting via pump at address 1 	25
271.7976 	DATA 	Keypress: o
271.7991 	DATA 	Keypress: o
271.8007 	DATA 	Keypress: o
271.8068 	Level WAIT 	25
272.8048 	Level RINSE 	25
274.7960 	DATA 	Keypress: o
274.8062 	Level jitter 	25
282.7909 	Level finished 	25
282.7922 	DATA 	Keypress: o
282.7933 	DATA 	Keypress: o
282.7946 	DATA 	Keypress: o
282.7958 	DATA 	Keypress: o
282.8069 	Level image=waterlogo.jpg 	25
283.7939 	DATA 	Keypress: o
283.7972 	Level injecting via pump at address 0 	25
289.7960 	DATA 	Keypress: o
289.7971 	DATA 	Keypress: o
289.7981 	DATA 	Keypress: o
289.8072 	Level WAIT 	25
290.8079 	Level RINSE 	25
292.7960 	DATA 	Keypress: o
292.7992 	Level jitter 	25
300.7909 	Level finished 	25
300.7922 	DATA 	Keypress: o
300.7933 	DATA 	Keypress: o
300.7943 	DATA 	Keypress: o
300.7953 	DATA 	Keypress: o
300.8073 	Level image=tasty.jpg 	25
301.7939 	DATA 	Keypress: o
301.8022 	Level injecting via pump at address 1 	25
307.7963 	DATA 	Keypress: o
307.7976 	DATA 	Keypress: o
307.7988 	DATA 	Keypress: o
307.8034 	Level WAIT 	25
308.7989 	Level RINSE 	25
310.7956 	DATA 	Keypress: o
310.8053 	Level jitter 	25
312.7909 	Level finished 	25
312.7922 	DATA 	Keypress: o
312.8088 	Level image=tasty.jpg 	25
313.7938 	DATA 	Keypress: o
313.8052 	Level injecting via pump at address 0 	25
319.7964 	DATA 	Keypress: o
319.7977 	DATA 	Keypress: o
319.7987 	DATA 	Keypress: o
319.8069 	Level WAIT 	25
320.8023 	Level RINSE 	25
322.7960 	DATA 	Keypress: o
322.8078 	Level jitter 	25
326.7909 	Level finished 	25
326.7926 	DATA 	Keypress: o
326.7939 	DATA 	Keypress: o
326.8030 	Level image=tasty.jpg 	25
327.7934 	DATA 	Keypress: o
327.7979 	Level injecting via pump at address 1 	25
333.7972 	DATA 	Keypress: o
333.7986 	DATA 	Keypress: o
333.7998 	DATA 	Keypress: o
333.8112 	Level WAIT 	25
334.7954 	Level RINSE 	25
336.7965 	DATA 	Keypress: o
336.8009 	Level jitter 	25
339.7909 	Level finished 	25
339.7923 	DATA 	Keypress: o
339.7936 	DATA 	Keypress: o
339.8018 	Level image=tasty.jpg 	25
340.7967 	Level injecting via pump at address 0 	25
346.7970 	DATA 	Keypress: o
346.7990 	DATA 	Keypress: o
346.8009 	DATA 	Keypress: o
346.8121 	Level WAIT 	25
347.7937 	DATA 	Keypress: o
347.8099 	Level RINSE 	25
349.7964 	DATA 	Keypress: o
349.8119 	Level jitter 	25
357.7909 	Level finished 	25
357.7922 	DATA 	Keypress: o
357.7932 	DATA 	Keypress: o
357.7942 	DATA 	Keypress: o
357.7951 	DATA 	Keypress: o
357.8073 	Level image=waterlogo.jpg 	25
358.7956 	Level injecting via pump at address 0 	25
364.7959 	DATA 	Keypress: o
364.7970 	DATA 	Keypress: o
364.7981 	DATA 	Keypress: o
364.8038 	Level WAIT 	25
365.7933 	DATA 	Keypress: o
365.7967 	Level RINSE 	25
367.7979 	DATA 	Keypress: o
367.8040 	Level jitter 	25
372.7909 	Level finished 	25
372.7922 	DATA 	Keypress: o
372.7932 	DATA 	Keypress: o
372.8106 	Level image=tasty.jpg 	25
373.7936 	DATA 	Keypress: o
373.7969 	Level injecting via pump at address 1 	25
379.7958 	DATA 	Keypress: o
379.7969 	DATA 	Keypress: o
379.7979 	DATA 	Keypress: o
379.8083 	Level WAIT 	25
380.7968 	Level RINSE 	25
382.7953 	DATA 	Keypress: o
382.8080 	Level jitter 	25
389.7909 	Level finished 	25
389.7924 	DATA 	Keypress: o
389.7938 	DATA 	Keypress: o
389.7951 	DATA 	Keypress: o
389.7963 	DATA 	Keypress: o
389.8055 	Level image=tasty.jpg 	25
390.7975 	Level injecting via pump at address 0 	25
396.7971 	DATA 	Keypress: o
396.7983 	DATA 	Keypress: o
396.7996 	DATA 	Keypress: o
396.8148 	Level WAIT 	25
397.7937 	DATA 	Keypress: o
397.7980 	Level RINSE 	25
399.7964 	DATA 	Keypress: o
399.8023 	Level jitter 	25
407.7909 	Level finished 	25
407.7923 	DATA 	Keypress: o
407.7934 	DATA 	Keypress: o
407.7944 	DATA 	Keypress: o
407.7953 	DATA 	Keypress: o
407.8099 	Level image=tasty.jpg 	25
408.7988 	Level injecting via pump at address 0 	25
414.7964 	DATA 	Keypress: o
414.7977 	DATA 	Keypress: o
414.7987 	DATA 	Keypress: o
414.8064 	Level WAIT 	25
415.7937 	DATA 	Keypress: o
415.7989 	Level RINSE 	25
417.7961 	DATA 	Keypress: o
417.7998 	Level jitter 	25
424.7909 	Level finished 	25
