49.3313 	DATA 	Keypress: o
49.3321 	Level start key press 	25
51.3376 	DATA 	Keypress: o
53.3377 	DATA 	Keypress: o
55.3379 	DATA 	Keypress: o
57.3384 	DATA 	Keypress: o
57.8694 	Level image=tasty.jpg 	25
58.8195 	Level injecting via pump at address 1 	25
64.8082 	DATA 	Keypress: o
64.8096 	DATA 	Keypress: o
64.8108 	DATA 	Keypress: o
64.8371 	Level WAIT 	25
65.8053 	DATA 	Keypress: o
65.8369 	Level RINSE 	25
67.8170 	DATA 	Keypress: o
67.8371 	Level jitter 	25
76.8027 	Level finished 	25
76.8038 	DATA 	Keypress: o
76.8050 	DATA 	Keypress: o
76.8061 	DATA 	Keypress: o
76.8073 	DATA 	Keypress: o
76.8387 	Level image=waterlogo.jpg 	25
77.8051 	DATA 	Keypress: o
77.8217 	Level injecting via pump at address 0 	25
83.8075 	DATA 	Keypress: o
83.8086 	DATA 	Keypress: o
83.8096 	DATA 	Keypress: o
83.8224 	Level WAIT 	25
84.8225 	Level RINSE 	25
86.8075 	DATA 	Keypress: o
86.8232 	Level jitter 	25
90.8027 	Level finished 	25
90.8040 	DATA 	Keypress: o
90.8051 	DATA 	Keypress: o
90.8399 	Level image=tasty.jpg 	25
91.8056 	DATA 	Keypress: o
91.8233 	Level injecting via pump at address 1 	25
97.8078 	DATA 	Keypress: o
97.8092 	DATA 	Keypress: o
97.8104 	DATA 	Keypress: o
97.8244 	Level WAIT 	25
98.8242 	Level RINSE 	25
100.8076 	DATA 	Keypress: o
100.8244 	Level jitter 	25
104.8027 	Level finished 	25
104.8040 	DATA 	Keypress: o
104.8052 	DATA 	Keypress: o
104.8248 	Level image=waterlogo.jpg 	25
105.8054 	DATA 	Keypress: o
105.8249 	Level injecting via pump at address 0 	25
111.8087 	DATA 	Keypress: o
111.8103 	DATA 	Keypress: o
111.8116 	DATA 	Keypress: o
111.8260 	Level WAIT 	25
112.8258 	Level RINSE 	25
114.8077 	DATA 	Keypress: o
114.8261 	Level jitter 	25
118.8027 	Level finished 	25
118.8038 	DATA 	Keypress: o
118.8048 	DATA 	Keypress: o
118.8265 	Level image=waterlogo.jpg 	25
119.8051 	DATA 	Keypress: o
119.8099 	Level injecting via pump at address 0 	25
125.8081 	DATA 	Keypress: o
125.8093 	DATA 	Keypress: o
125.8104 	DATA 	Keypress: o
125.8277 	Level WAIT 	25
126.8274 	Level RINSE 	25
128.8070 	DATA 	Keypress: o
128.8109 	Level jitter 	25
132.8027 	Level finished 	25
132.8042 	DATA 	Keypress: o
132.8055 	DATA 	Keypress: o
132.8281 	Level image=tasty.jpg 	25
133.8054 	DATA 	Keypress: o
133.8282 	Level injecting via pump at address 1 	25
139.8079 	DATA 	Keypress: o
139.8092 	DATA 	Keypress: o
139.8104 	DATA 	Keypress: o
139.8293 	Level WAIT 	25
140.8291 	Level RINSE 	25
142.8087 	DATA 	Keypress: o
142.8293 	Level jitter 	25
148.8027 	Level finished 	25
148.8041 	DATA 	Keypress: o
148.8054 	DATA 	Keypress: o
148.8065 	DATA 	Keypress: o
148.8300 	Level image=waterlogo.jpg 	25
149.8051 	DATA 	Keypress: o
149.8305 	Level injecting via pump at address 0 	25
155.8082 	DATA 	Keypress: o
155.8095 	DATA 	Keypress: o
155.8109 	DATA 	Keypress: o
155.8308 	Level WAIT 	25
156.8142 	Level RINSE 	25
158.8076 	DATA 	Keypress: o
158.8312 	Level jitter 	25
161.8027 	Level finished 	25
161.8039 	DATA 	Keypress: o
161.8053 	DATA 	Keypress: o
161.8319 	Level image=tasty.jpg 	25
162.8316 	Level injecting via pump at address 1 	25
168.8082 	DATA 	Keypress: o
168.8095 	DATA 	Keypress: o
168.8114 	DATA 	Keypress: o
168.8323 	Level WAIT 	25
169.8051 	DATA 	Keypress: o
169.8158 	Level RINSE 	25
171.8075 	DATA 	Keypress: o
171.8331 	Level jitter 	25
174.8026 	Level finished 	25
174.8040 	DATA 	Keypress: o
174.8331 	Level image=waterlogo.jpg 	25
175.8051 	DATA 	Keypress: o
175.8165 	Level injecting via pump at address 0 	25
181.8086 	DATA 	Keypress: o
181.8099 	DATA 	Keypress: o
181.8110 	DATA 	Keypress: o
181.8176 	Level WAIT 	25
182.8174 	Level RINSE 	25
184.8076 	DATA 	Keypress: o
184.8175 	Level jitter 	25
188.8027 	Level finished 	25
188.8039 	DATA 	Keypress: o
188.8050 	DATA 	Keypress: o
188.8180 	Level image=waterlogo.jpg 	25
189.8052 	DATA 	Keypress: o
189.8181 	Level injecting via pump at address 0 	25
195.8085 	DATA 	Keypress: o
195.8098 	DATA 	Keypress: o
195.8111 	DATA 	Keypress: o
195.8358 	Level WAIT 	25
196.8355 	Level RINSE 	25
198.8084 	DATA 	Keypress: o
198.8191 	Level jitter 	25
203.8027 	Level finished 	25
203.8038 	DATA 	Keypress: o
203.8048 	DATA 	Keypress: o
203.8058 	DATA 	Keypress: o
203.8197 	Level image=tasty.jpg 	25
204.8199 	Level injecting via pump at address 1 	25
210.8079 	DATA 	Keypress: o
210.8090 	DATA 	Keypress: o
210.8101 	DATA 	Keypress: o
210.8210 	Level WAIT 	25
211.8054 	DATA 	Keypress: o
211.8208 	Level RINSE 	25
213.8088 	DATA 	Keypress: o
213.8209 	Level jitter 	25
216.8027 	Level finished 	25
216.8040 	DATA 	Keypress: o
216.8213 	Level image=waterlogo.jpg 	25
217.8050 	DATA 	Keypress: o
217.8214 	Level injecting via pump at address 0 	25
223.8081 	DATA 	Keypress: o
223.8094 	DATA 	Keypress: o
223.8105 	DATA 	Keypress: o
223.8225 	Level WAIT 	25
224.8222 	Level RINSE 	25
226.8075 	DATA 	Keypress: o
226.8225 	Level jitter 	25
234.8027 	Level finished 	25
234.8041 	DATA 	Keypress: o
234.8055 	DATA 	Keypress: o
234.8068 	DATA 	Keypress: o
234.8080 	DATA 	Keypress: o
234.8238 	Level image=tasty.jpg 	25
235.8055 	DATA 	Keypress: o
235.8235 	Level injecting via pump at address 1 	25
241.8083 	DATA 	Keypress: o
241.8095 	DATA 	Keypress: o
241.8106 	DATA 	Keypress: o
241.8243 	Level WAIT 	25
242.8243 	Level RINSE 	25
244.8078 	DATA 	Keypress: o
244.8250 	Level jitter 	25
246.8026 	Level finished 	25
246.8037 	DATA 	Keypress: o
246.8248 	Level image=tasty.jpg 	25
247.8053 	DATA 	Keypress: o
247.8249 	Level injecting via pump at address 1 	25
253.8085 	DATA 	Keypress: o
253.8099 	DATA 	Keypress: o
253.8111 	DATA 	Keypress: o
253.8256 	Level WAIT 	25
254.8262 	Level RINSE 	25
256.8076 	DATA 	Keypress: o
256.8259 	Level jitter 	25
258.8027 	Level finished 	25
258.8038 	DATA 	Keypress: o
258.8261 	Level image=waterlogo.jpg 	25
259.8057 	DATA 	Keypress: o
259.8097 	Level injecting via pump at address 0 	25
265.8081 	DATA 	Keypress: o
265.8093 	DATA 	Keypress: o
265.8103 	DATA 	Keypress: o
265.8441 	Level WAIT 	25
266.8105 	Level RINSE 	25
268.8080 	DATA 	Keypress: o
268.8274 	Level jitter 	25
271.8026 	Level finished 	25
271.8038 	DATA 	Keypress: o
271.8051 	DATA 	Keypress: o
271.8277 	Level image=tasty.jpg 	25
272.8112 	Level injecting via pump at address 1 	25
278.8080 	DATA 	Keypress: o
278.8092 	DATA 	Keypress: o
278.8102 	DATA 	Keypress: o
278.8289 	Level WAIT 	25
279.8051 	DATA 	Keypress: o
279.8286 	Level RINSE 	25
281.8081 	DATA 	Keypress: o
281.8122 	Level jitter 	25
283.8026 	Level finished 	25
283.8039 	DATA 	Keypress: o
283.8292 	Level image=waterlogo.jpg 	25
284.8126 	Level injecting via pump at address 0 	25
290.8084 	DATA 	Keypress: o
290.8098 	DATA 	Keypress: o
290.8110 	DATA 	Keypress: o
290.8303 	Level WAIT 	25
291.8052 	DATA 	Keypress: o
291.8134 	Level RINSE 	25
293.8081 	DATA 	Keypress: o
293.8302 	Level jitter 	25
294.8027 	Level finished 	25
294.8138 	Level image=tasty.jpg 	25
295.8049 	DATA 	Keypress: o
295.8306 	Level injecting via pump at address 1 	25
301.8081 	DATA 	Keypress: o
301.8093 	DATA 	Keypress: o
301.8102 	DATA 	Keypress: o
301.8315 	Level WAIT 	25
302.8313 	Level RINSE 	25
304.8080 	DATA 	Keypress: o
304.8315 	Level jitter 	25
306.8026 	Level finished 	25
306.8038 	DATA 	Keypress: o
306.8152 	Level image=waterlogo.jpg 	25
307.8050 	DATA 	Keypress: o
307.8154 	Level injecting via pump at address 0 	25
313.8082 	DATA 	Keypress: o
313.8094 	DATA 	Keypress: o
313.8105 	DATA 	Keypress: o
313.8330 	Level WAIT 	25
314.8328 	Level RINSE 	25
316.8076 	DATA 	Keypress: o
316.8162 	Level jitter 	25
322.8027 	Level finished 	25
322.8038 	DATA 	Keypress: o
322.8049 	DATA 	Keypress: o
322.8061 	DATA 	Keypress: o
322.8171 	Level image=waterlogo.jpg 	25
323.8057 	DATA 	Keypress: o
323.8177 	Level injecting via pump at address 0 	25
329.8080 	DATA 	Keypress: o
329.8092 	DATA 	Keypress: o
329.8102 	DATA 	Keypress: o
329.8345 	Level WAIT 	25
330.8346 	Level RINSE 	25
332.8074 	DATA 	Keypress: o
332.8182 	Level jitter 	25
335.8027 	Level finished 	25
335.8040 	DATA 	Keypress: o
335.8052 	DATA 	Keypress: o
335.8190 	Level image=tasty.jpg 	25
336.8188 	Level injecting via pump at address 1 	25
342.8081 	DATA 	Keypress: o
342.8093 	DATA 	Keypress: o
342.8104 	DATA 	Keypress: o
342.8361 	Level WAIT 	25
343.8054 	DATA 	Keypress: o
343.8362 	Level RINSE 	25
345.8083 	DATA 	Keypress: o
345.8368 	Level jitter 	25
353.8027 	Level finished 	25
353.8038 	DATA 	Keypress: o
353.8049 	DATA 	Keypress: o
353.8059 	DATA 	Keypress: o
353.8070 	DATA 	Keypress: o
353.8207 	Level image=waterlogo.jpg 	25
354.8208 	Level injecting via pump at address 0 	25
360.8084 	DATA 	Keypress: o
360.8096 	DATA 	Keypress: o
360.8108 	DATA 	Keypress: o
360.8217 	Level WAIT 	25
361.8055 	DATA 	Keypress: o
361.8215 	Level RINSE 	25
363.8080 	DATA 	Keypress: o
363.8217 	Level jitter 	25
368.8027 	Level finished 	25
368.8041 	DATA 	Keypress: o
368.8053 	DATA 	Keypress: o
368.8391 	Level image=tasty.jpg 	25
369.8053 	DATA 	Keypress: o
369.8225 	Level injecting via pump at address 1 	25
375.8080 	DATA 	Keypress: o
375.8094 	DATA 	Keypress: o
375.8106 	DATA 	Keypress: o
375.8237 	Level WAIT 	25
376.8233 	Level RINSE 	25
378.8080 	DATA 	Keypress: o
378.8235 	Level jitter 	25
382.8027 	Level finished 	25
382.8041 	DATA 	Keypress: o
382.8054 	DATA 	Keypress: o
382.8241 	Level image=waterlogo.jpg 	25
383.8054 	DATA 	Keypress: o
383.8242 	Level injecting via pump at address 0 	25
389.8086 	DATA 	Keypress: o
389.8100 	DATA 	Keypress: o
389.8112 	DATA 	Keypress: o
389.8252 	Level WAIT 	25
390.8084 	Level RINSE 	25
392.8078 	DATA 	Keypress: o
392.8252 	Level jitter 	25
397.8026 	Level finished 	25
397.8040 	DATA 	Keypress: o
397.8053 	DATA 	Keypress: o
397.8065 	DATA 	Keypress: o
397.8258 	Level image=tasty.jpg 	25
398.8259 	Level injecting via pump at address 1 	25
404.8086 	DATA 	Keypress: o
404.8100 	DATA 	Keypress: o
404.8113 	DATA 	Keypress: o
404.8270 	Level WAIT 	25
405.8055 	DATA 	Keypress: o
405.8267 	Level RINSE 	25
407.8077 	DATA 	Keypress: o
407.8270 	Level jitter 	25
416.8027 	Level finished 	25
416.8042 	DATA 	Keypress: o
416.8057 	DATA 	Keypress: o
416.8069 	DATA 	Keypress: o
416.8083 	DATA 	Keypress: o
416.8284 	Level image=waterlogo.jpg 	25
417.8053 	DATA 	Keypress: o
417.8281 	Level injecting via pump at address 0 	25
423.8084 	DATA 	Keypress: o
423.8097 	DATA 	Keypress: o
423.8110 	DATA 	Keypress: o
423.8289 	Level WAIT 	25
424.8291 	Level RINSE 	25
426.8081 	DATA 	Keypress: o
426.8295 	Level jitter 	25
435.8027 	Level finished 	25
435.8040 	DATA 	Keypress: o
435.8052 	DATA 	Keypress: o
435.8062 	DATA 	Keypress: o
435.8073 	DATA 	Keypress: o
435.8083 	DATA 	Keypress: o
435.8303 	Level image=tasty.jpg 	25
436.8309 	Level injecting via pump at address 1 	25
442.8082 	DATA 	Keypress: o
442.8095 	DATA 	Keypress: o
442.8107 	DATA 	Keypress: o
442.8310 	Level WAIT 	25
443.8055 	DATA 	Keypress: o
443.8145 	Level RINSE 	25
445.8078 	DATA 	Keypress: o
445.8314 	Level jitter 	25
449.8026 	Level finished 	25
449.8038 	DATA 	Keypress: o
449.8048 	DATA 	Keypress: o
449.8324 	Level image=tasty.jpg 	25
450.8154 	Level injecting via pump at address 1 	25
456.8081 	DATA 	Keypress: o
456.8095 	DATA 	Keypress: o
456.8108 	DATA 	Keypress: o
456.8160 	Level WAIT 	25
457.8055 	DATA 	Keypress: o
457.8161 	Level RINSE 	25
459.8070 	DATA 	Keypress: o
459.8168 	Level jitter 	25
462.8027 	Level finished 	25
462.8039 	DATA 	Keypress: o
462.8168 	Level image=waterlogo.jpg 	25
463.8054 	DATA 	Keypress: o
463.8170 	Level injecting via pump at address 0 	25
469.8087 	DATA 	Keypress: o
469.8099 	DATA 	Keypress: o
469.8112 	DATA 	Keypress: o
469.8347 	Level WAIT 	25
470.8177 	Level RINSE 	25
472.8073 	DATA 	Keypress: o
472.8179 	Level jitter 	25
473.8027 	Level finished 	25
473.8037 	DATA 	Keypress: o
473.8347 	Level image=tasty.jpg 	25
474.8348 	Level injecting via pump at address 1 	25
480.8085 	DATA 	Keypress: o
480.8099 	DATA 	Keypress: o
480.8110 	DATA 	Keypress: o
480.8359 	Level WAIT 	25
481.8055 	DATA 	Keypress: o
481.8189 	Level RINSE 	25
483.8080 	DATA 	Keypress: o
483.8359 	Level jitter 	25
490.8027 	Level finished 	25
490.8042 	DATA 	Keypress: o
490.8055 	DATA 	Keypress: o
490.8068 	DATA 	Keypress: o
490.8205 	Level image=waterlogo.jpg 	25
491.8054 	DATA 	Keypress: o
491.8203 	Level injecting via pump at address 0 	25
497.8086 	DATA 	Keypress: o
497.8100 	DATA 	Keypress: o
497.8113 	DATA 	Keypress: o
497.8208 	Level WAIT 	25
498.8209 	Level RINSE 	25
500.8096 	DATA 	Keypress: o
500.8216 	Level jitter 	25
501.8027 	Level finished 	25
501.8039 	DATA 	Keypress: o
501.8213 	Level image=tasty.jpg 	25
502.8215 	Level injecting via pump at address 1 	25
508.8077 	DATA 	Keypress: o
508.8090 	DATA 	Keypress: o
508.8100 	DATA 	Keypress: o
508.8388 	Level WAIT 	25
509.8055 	DATA 	Keypress: o
509.8222 	Level RINSE 	25
511.8077 	DATA 	Keypress: o
511.8228 	Level jitter 	25
517.8027 	Level finished 	25
