43.3677 	DATA 	Keypress: o
43.3684 	Level start key press 	25
45.3669 	DATA 	Keypress: o
47.3671 	DATA 	Keypress: o
49.3674 	DATA 	Keypress: o
51.3842 	DATA 	Keypress: o
51.8820 	Level image=waterlogo.jpg 	25
52.8322 	Level injecting via pump at address 0 	25
58.8205 	DATA 	Keypress: o
58.8215 	DATA 	Keypress: o
58.8224 	DATA 	Keypress: o
58.8332 	Level WAIT 	25
59.8178 	DATA 	Keypress: o
59.8330 	Level RINSE 	25
61.8287 	DATA 	Keypress: o
61.8499 	Level jitter 	25
63.8154 	Level finished 	25
63.8167 	DATA 	Keypress: o
63.8501 	Level image=tasty.jpg 	25
64.8336 	Level injecting via pump at address 1 	25
70.8200 	DATA 	Keypress: o
70.8210 	DATA 	Keypress: o
70.8219 	DATA 	Keypress: o
70.8346 	Level WAIT 	25
71.8178 	DATA 	Keypress: o
71.8345 	Level RINSE 	25
73.8208 	DATA 	Keypress: o
73.8345 	Level jitter 	25
75.8154 	Level finished 	25
75.8167 	DATA 	Keypress: o
75.8516 	Level image=tasty.jpg 	25
76.8350 	Level injecting via pump at address 0 	25
82.8205 	DATA 	Keypress: o
82.8215 	DATA 	Keypress: o
82.8224 	DATA 	Keypress: o
82.8361 	Level WAIT 	25
83.8182 	DATA 	Keypress: o
83.8358 	Level RINSE 	25
85.8208 	DATA 	Keypress: o
85.8361 	Level jitter 	25
90.8154 	Level finished 	25
90.8169 	DATA 	Keypress: o
90.8178 	DATA 	Keypress: o
90.8367 	Level image=tasty.jpg 	25
91.8180 	DATA 	Keypress: o
91.8367 	Level injecting via pump at address 1 	25
97.8203 	DATA 	Keypress: o
97.8214 	DATA 	Keypress: o
97.8224 	DATA 	Keypress: o
97.8544 	Level WAIT 	25
98.8376 	Level RINSE 	25
100.8204 	DATA 	Keypress: o
100.8378 	Level jitter 	25
106.8154 	Level finished 	25
106.8167 	DATA 	Keypress: o
106.8180 	DATA 	Keypress: o
106.8191 	DATA 	Keypress: o
106.8385 	Level image=tasty.jpg 	25
107.8182 	DATA 	Keypress: o
107.8224 	Level injecting via pump at address 0 	25
113.8204 	DATA 	Keypress: o
113.8214 	DATA 	Keypress: o
113.8223 	DATA 	Keypress: o
113.8393 	Level WAIT 	25
114.8395 	Level RINSE 	25
116.8205 	DATA 	Keypress: o
116.8396 	Level jitter 	25
118.8154 	Level finished 	25
118.8166 	DATA 	Keypress: o
118.8402 	Level image=waterlogo.jpg 	25
119.8179 	DATA 	Keypress: o
119.8400 	Level injecting via pump at address 0 	25
125.8203 	DATA 	Keypress: o
125.8213 	DATA 	Keypress: o
125.8223 	DATA 	Keypress: o
125.8407 	Level WAIT 	25
126.8241 	Level RINSE 	25
128.8211 	DATA 	Keypress: o
128.8415 	Level jitter 	25
137.8154 	Level finished 	25
137.8167 	DATA 	Keypress: o
137.8178 	DATA 	Keypress: o
137.8187 	DATA 	Keypress: o
137.8197 	DATA 	Keypress: o
137.8207 	DATA 	Keypress: o
137.8421 	Level image=tasty.jpg 	25
138.8260 	Level injecting via pump at address 0 	25
144.8199 	DATA 	Keypress: o
144.8209 	DATA 	Keypress: o
144.8218 	DATA 	Keypress: o
144.8429 	Level WAIT 	25
145.8179 	DATA 	Keypress: o
145.8263 	Level RINSE 	25
147.8208 	DATA 	Keypress: o
147.8432 	Level jitter 	25
148.8154 	Level finished 	25
148.8271 	Level image=waterlogo.jpg 	25
149.8182 	DATA 	Keypress: o
149.8435 	Level injecting via pump at address 0 	25
155.8205 	DATA 	Keypress: o
155.8215 	DATA 	Keypress: o
155.8224 	DATA 	Keypress: o
155.8442 	Level WAIT 	25
156.8444 	Level RINSE 	25
158.8211 	DATA 	Keypress: o
158.8450 	Level jitter 	25
164.8154 	Level finished 	25
164.8166 	DATA 	Keypress: o
164.8176 	DATA 	Keypress: o
164.8185 	DATA 	Keypress: o
164.8453 	Level image=tasty.jpg 	25
165.8179 	DATA 	Keypress: o
165.8454 	Level injecting via pump at address 0 	25
171.8203 	DATA 	Keypress: o
171.8214 	DATA 	Keypress: o
171.8226 	DATA 	Keypress: o
171.8465 	Level WAIT 	25
172.8463 	Level RINSE 	25
174.8211 	DATA 	Keypress: o
174.8464 	Level jitter 	25
182.8154 	Level finished 	25
182.8167 	DATA 	Keypress: o
182.8178 	DATA 	Keypress: o
182.8187 	DATA 	Keypress: o
182.8196 	DATA 	Keypress: o
182.8312 	Level image=tasty.jpg 	25
183.8181 	DATA 	Keypress: o
183.8309 	Level injecting via pump at address 1 	25
189.8205 	DATA 	Keypress: o
189.8217 	DATA 	Keypress: o
189.8228 	DATA 	Keypress: o
189.8315 	Level WAIT 	25
190.8316 	Level RINSE 	25
192.8198 	DATA 	Keypress: o
192.8323 	Level jitter 	25
197.8154 	Level finished 	25
197.8167 	DATA 	Keypress: o
197.8180 	DATA 	Keypress: o
197.8189 	DATA 	Keypress: o
197.8491 	Level image=tasty.jpg 	25
198.8326 	Level injecting via pump at address 0 	25
204.8204 	DATA 	Keypress: o
204.8216 	DATA 	Keypress: o
204.8228 	DATA 	Keypress: o
204.8336 	Level WAIT 	25
205.8179 	DATA 	Keypress: o
205.8334 	Level RINSE 	25
207.8212 	DATA 	Keypress: o
207.8337 	Level jitter 	25
214.8154 	Level finished 	25
214.8167 	DATA 	Keypress: o
214.8178 	DATA 	Keypress: o
214.8187 	DATA 	Keypress: o
214.8348 	Level image=waterlogo.jpg 	25
215.8180 	DATA 	Keypress: o
215.8346 	Level injecting via pump at address 0 	25
221.8209 	DATA 	Keypress: o
221.8219 	DATA 	Keypress: o
221.8228 	DATA 	Keypress: o
221.8352 	Level WAIT 	25
222.8354 	Level RINSE 	25
224.8204 	DATA 	Keypress: o
224.8360 	Level jitter 	25
230.8154 	Level finished 	25
230.8166 	DATA 	Keypress: o
230.8177 	DATA 	Keypress: o
230.8187 	DATA 	Keypress: o
230.8363 	Level image=waterlogo.jpg 	25
231.8179 	DATA 	Keypress: o
231.8365 	Level injecting via pump at address 0 	25
237.8204 	DATA 	Keypress: o
237.8216 	DATA 	Keypress: o
237.8228 	DATA 	Keypress: o
237.8376 	Level WAIT 	25
238.8206 	Level RINSE 	25
240.8208 	DATA 	Keypress: o
240.8376 	Level jitter 	25
242.8154 	Level finished 	25
242.8168 	DATA 	Keypress: o
242.8377 	Level image=tasty.jpg 	25
243.8182 	DATA 	Keypress: o
243.8379 	Level injecting via pump at address 0 	25
249.8205 	DATA 	Keypress: o
249.8215 	DATA 	Keypress: o
249.8226 	DATA 	Keypress: o
249.8390 	Level WAIT 	25
250.8387 	Level RINSE 	25
252.8206 	DATA 	Keypress: o
252.8389 	Level jitter 	25
259.8154 	Level finished 	25
259.8166 	DATA 	Keypress: o
259.8176 	DATA 	Keypress: o
259.8185 	DATA 	Keypress: o
259.8194 	DATA 	Keypress: o
259.8402 	Level image=tasty.jpg 	25
260.8232 	Level injecting via pump at address 1 	25
266.8207 	DATA 	Keypress: o
266.8221 	DATA 	Keypress: o
266.8232 	DATA 	Keypress: o
266.8406 	Level WAIT 	25
267.8182 	DATA 	Keypress: o
267.8407 	Level RINSE 	25
269.8198 	DATA 	Keypress: o
269.8414 	Level jitter 	25
277.8154 	Level finished 	25
277.8168 	DATA 	Keypress: o
277.8180 	DATA 	Keypress: o
277.8192 	DATA 	Keypress: o
277.8204 	DATA 	Keypress: o
277.8418 	Level image=waterlogo.jpg 	25
278.8420 	Level injecting via pump at address 0 	25
284.8206 	DATA 	Keypress: o
284.8216 	DATA 	Keypress: o
284.8225 	DATA 	Keypress: o
284.8431 	Level WAIT 	25
285.8182 	DATA 	Keypress: o
285.8261 	Level RINSE 	25
287.8208 	DATA 	Keypress: o
287.8430 	Level jitter 	25
295.8154 	Level finished 	25
295.8167 	DATA 	Keypress: o
295.8176 	DATA 	Keypress: o
295.8187 	DATA 	Keypress: o
295.8198 	DATA 	Keypress: o
295.8444 	Level image=tasty.jpg 	25
296.8442 	Level injecting via pump at address 1 	25
302.8207 	DATA 	Keypress: o
302.8223 	DATA 	Keypress: o
302.8237 	DATA 	Keypress: o
302.8447 	Level WAIT 	25
303.8178 	DATA 	Keypress: o
303.8449 	Level RINSE 	25
305.8204 	DATA 	Keypress: o
305.8455 	Level jitter 	25
307.8154 	Level finished 	25
307.8166 	DATA 	Keypress: o
307.8288 	Level image=tasty.jpg 	25
308.8289 	Level injecting via pump at address 0 	25
314.8206 	DATA 	Keypress: o
314.8218 	DATA 	Keypress: o
314.8231 	DATA 	Keypress: o
314.8462 	Level WAIT 	25
315.8187 	DATA 	Keypress: o
315.8467 	Level RINSE 	25
317.8206 	DATA 	Keypress: o
317.8298 	Level jitter 	25
321.8154 	Level finished 	25
321.8167 	DATA 	Keypress: o
321.8176 	DATA 	Keypress: o
321.8470 	Level image=tasty.jpg 	25
322.8472 	Level injecting via pump at address 1 	25
328.8209 	DATA 	Keypress: o
328.8220 	DATA 	Keypress: o
328.8230 	DATA 	Keypress: o
328.8482 	Level WAIT 	25
329.8179 	DATA 	Keypress: o
329.8313 	Level RINSE 	25
331.8208 	DATA 	Keypress: o
331.8481 	Level jitter 	25
334.8154 	Level finished 	25
334.8166 	DATA 	Keypress: o
334.8485 	Level image=tasty.jpg 	25
335.8182 	DATA 	Keypress: o
335.8321 	Level injecting via pump at address 0 	25
341.8205 	DATA 	Keypress: o
341.8216 	DATA 	Keypress: o
341.8229 	DATA 	Keypress: o
341.8330 	Level WAIT 	25
342.8328 	Level RINSE 	25
344.8204 	DATA 	Keypress: o
344.8330 	Level jitter 	25
352.8154 	Level finished 	25
352.8167 	DATA 	Keypress: o
352.8176 	DATA 	Keypress: o
352.8187 	DATA 	Keypress: o
352.8198 	DATA 	Keypress: o
352.8512 	Level image=waterlogo.jpg 	25
353.8182 	DATA 	Keypress: o
353.8509 	Level injecting via pump at address 0 	25
359.8212 	DATA 	Keypress: o
359.8225 	DATA 	Keypress: o
359.8240 	DATA 	Keypress: o
359.8514 	Level WAIT 	25
360.8349 	Level RINSE 	25
362.8205 	DATA 	Keypress: o
362.8355 	Level jitter 	25
367.8154 	Level finished 	25
367.8167 	DATA 	Keypress: o
367.8177 	DATA 	Keypress: o
367.8185 	DATA 	Keypress: o
367.8358 	Level image=tasty.jpg 	25
368.8359 	Level injecting via pump at address 1 	25
374.8201 	DATA 	Keypress: o
374.8211 	DATA 	Keypress: o
374.8221 	DATA 	Keypress: o
374.8369 	Level WAIT 	25
375.8183 	DATA 	Keypress: o
375.8367 	Level RINSE 	25
377.8204 	DATA 	Keypress: o
377.8369 	Level jitter 	25
384.8154 	Level finished 	25
384.8167 	DATA 	Keypress: o
384.8176 	DATA 	Keypress: o
384.8187 	DATA 	Keypress: o
384.8549 	Level image=tasty.jpg 	25
385.8180 	DATA 	Keypress: o
385.8379 	Level injecting via pump at address 0 	25
391.8207 	DATA 	Keypress: o
391.8219 	DATA 	Keypress: o
391.8228 	DATA 	Keypress: o
391.8385 	Level WAIT 	25
392.8387 	Level RINSE 	25
394.8206 	DATA 	Keypress: o
394.8394 	Level jitter 	25
402.8154 	Level finished 	25
402.8167 	DATA 	Keypress: o
402.8178 	DATA 	Keypress: o
402.8190 	DATA 	Keypress: o
402.8202 	DATA 	Keypress: o
402.8399 	Level image=tasty.jpg 	25
403.8178 	DATA 	Keypress: o
403.8400 	Level injecting via pump at address 0 	25
409.8209 	DATA 	Keypress: o
409.8218 	DATA 	Keypress: o
409.8228 	DATA 	Keypress: o
409.8411 	Level WAIT 	25
410.8241 	Level RINSE 	25
412.8205 	DATA 	Keypress: o
412.8410 	Level jitter 	25
419.8154 	Level finished 	25
