53.2421 	DATA 	Keypress: o
53.2428 	Level start key press 	25
55.2506 	DATA 	Keypress: o
57.2403 	DATA 	Keypress: o
59.2508 	DATA 	Keypress: o
61.2735 	DATA 	Keypress: o
61.2791 	Level image=waterlogo.jpg 	25
62.2287 	Level injecting via pump at address 0 	25
68.2179 	DATA 	Keypress: o
68.2191 	DATA 	Keypress: o
68.2203 	DATA 	Keypress: o
68.2303 	Level WAIT 	25
69.2263 	Level RINSE 	25
71.2267 	DATA 	Keypress: o
71.2299 	Level jitter 	25
80.2129 	Level finished 	25
80.2141 	DATA 	Keypress: o
80.2151 	DATA 	Keypress: o
80.2160 	DATA 	Keypress: o
80.2171 	DATA 	Keypress: o
80.2180 	DATA 	Keypress: o
80.2325 	Level image=waterlogo.jpg 	25
81.2297 	Level injecting via pump at address 0 	25
87.2183 	DATA 	Keypress: o
87.2197 	DATA 	Keypress: o
87.2209 	DATA 	Keypress: o
87.2318 	Level WAIT 	25
88.2157 	DATA 	Keypress: o
88.2271 	Level RINSE 	25
90.2178 	DATA 	Keypress: o
90.2334 	Level jitter 	25
95.2129 	Level finished 	25
95.2141 	DATA 	Keypress: o
95.2151 	DATA 	Keypress: o
95.2232 	Level image=tasty.jpg 	25
96.2152 	DATA 	Keypress: o
96.2183 	Level injecting via pump at address 0 	25
102.2183 	DATA 	Keypress: o
102.2196 	DATA 	Keypress: o
102.2207 	DATA 	Keypress: o
102.2339 	Level WAIT 	25
103.2172 	Level RINSE 	25
105.2178 	DATA 	Keypress: o
105.2210 	Level jitter 	25
106.2129 	Level finished 	25
106.2142 	DATA 	Keypress: o
106.2329 	Level image=tasty.jpg 	25
107.2187 	Level injecting via pump at address 1 	25
113.2177 	DATA 	Keypress: o
113.2189 	DATA 	Keypress: o
113.2198 	DATA 	Keypress: o
113.2295 	Level WAIT 	25
114.2154 	DATA 	Keypress: o
114.2186 	Level RINSE 	25
116.2177 	DATA 	Keypress: o
116.2302 	Level jitter 	25
121.2129 	Level finished 	25
121.2141 	DATA 	Keypress: o
121.2152 	DATA 	Keypress: o
121.2366 	Level image=tasty.jpg 	25
122.2156 	DATA 	Keypress: o
122.2203 	Level injecting via pump at address 0 	25
128.2179 	DATA 	Keypress: o
128.2191 	DATA 	Keypress: o
128.2202 	DATA 	Keypress: o
128.2341 	Level WAIT 	25
129.2209 	Level RINSE 	25
131.2178 	DATA 	Keypress: o
131.2209 	Level jitter 	25
135.2129 	Level finished 	25
135.2141 	DATA 	Keypress: o
135.2151 	DATA 	Keypress: o
135.2312 	Level image=waterlogo.jpg 	25
136.2156 	DATA 	Keypress: o
136.2212 	Level injecting via pump at address 0 	25
142.2175 	DATA 	Keypress: o
142.2186 	DATA 	Keypress: o
142.2196 	DATA 	Keypress: o
142.2276 	Level WAIT 	25
143.2225 	Level RINSE 	25
145.2182 	DATA 	Keypress: o
145.2226 	Level jitter 	25
147.2129 	Level finished 	25
147.2140 	DATA 	Keypress: o
147.2222 	Level image=tasty.jpg 	25
148.2154 	DATA 	Keypress: o
148.2228 	Level injecting via pump at address 0 	25
154.2183 	DATA 	Keypress: o
154.2196 	DATA 	Keypress: o
154.2208 	DATA 	Keypress: o
154.2244 	Level WAIT 	25
155.2231 	Level RINSE 	25
157.2173 	DATA 	Keypress: o
157.2240 	Level jitter 	25
165.2129 	Level finished 	25
165.2141 	DATA 	Keypress: o
165.2151 	DATA 	Keypress: o
165.2162 	DATA 	Keypress: o
165.2173 	DATA 	Keypress: o
165.2253 	Level image=waterlogo.jpg 	25
166.2157 	DATA 	Keypress: o
166.2189 	Level injecting via pump at address 0 	25
172.2180 	DATA 	Keypress: o
172.2193 	DATA 	Keypress: o
172.2205 	DATA 	Keypress: o
172.2260 	Level WAIT 	25
173.2251 	Level RINSE 	25
175.2178 	DATA 	Keypress: o
175.2224 	Level jitter 	25
180.2129 	Level finished 	25
180.2141 	DATA 	Keypress: o
180.2152 	DATA 	Keypress: o
180.2161 	DATA 	Keypress: o
180.2263 	Level image=tasty.jpg 	25
181.2246 	Level injecting via pump at address 1 	25
187.2177 	DATA 	Keypress: o
187.2187 	DATA 	Keypress: o
187.2196 	DATA 	Keypress: o
187.2263 	Level WAIT 	25
188.2157 	DATA 	Keypress: o
188.2209 	Level RINSE 	25
190.2180 	DATA 	Keypress: o
190.2268 	Level jitter 	25
192.2129 	Level finished 	25
192.2142 	DATA 	Keypress: o
192.2281 	Level image=tasty.jpg 	25
193.2279 	Level injecting via pump at address 0 	25
199.2177 	DATA 	Keypress: o
199.2190 	DATA 	Keypress: o
199.2199 	DATA 	Keypress: o
199.2285 	Level WAIT 	25
200.2155 	DATA 	Keypress: o
200.2245 	Level RINSE 	25
202.2178 	DATA 	Keypress: o
202.2293 	Level jitter 	25
205.2129 	Level finished 	25
205.2142 	DATA 	Keypress: o
205.2297 	Level image=waterlogo.jpg 	25
206.2157 	DATA 	Keypress: o
206.2266 	Level injecting via pump at address 0 	25
212.2184 	DATA 	Keypress: o
212.2197 	DATA 	Keypress: o
212.2208 	DATA 	Keypress: o
212.2291 	Level WAIT 	25
213.2239 	Level RINSE 	25
215.2182 	DATA 	Keypress: o
215.2300 	Level jitter 	25
223.2129 	Level finished 	25
223.2144 	DATA 	Keypress: o
223.2157 	DATA 	Keypress: o
223.2168 	DATA 	Keypress: o
223.2180 	DATA 	Keypress: o
223.2317 	Level image=tasty.jpg 	25
224.2157 	DATA 	Keypress: o
224.2314 	Level injecting via pump at address 0 	25
230.2182 	DATA 	Keypress: o
230.2194 	DATA 	Keypress: o
230.2205 	DATA 	Keypress: o
230.2327 	Level WAIT 	25
231.2298 	Level RINSE 	25
233.2183 	DATA 	Keypress: o
233.2332 	Level jitter 	25
235.2129 	Level finished 	25
235.2140 	DATA 	Keypress: o
235.2257 	Level image=tasty.jpg 	25
236.2157 	DATA 	Keypress: o
236.2200 	Level injecting via pump at address 1 	25
242.2178 	DATA 	Keypress: o
242.2190 	DATA 	Keypress: o
242.2199 	DATA 	Keypress: o
242.2332 	Level WAIT 	25
243.2177 	Level RINSE 	25
245.2173 	DATA 	Keypress: o
245.2234 	Level jitter 	25
254.2129 	Level finished 	25
254.2141 	DATA 	Keypress: o
254.2152 	DATA 	Keypress: o
254.2162 	DATA 	Keypress: o
254.2171 	DATA 	Keypress: o
254.2181 	DATA 	Keypress: o
254.2262 	Level image=waterlogo.jpg 	25
255.2182 	Level injecting via pump at address 0 	25
261.2189 	DATA 	Keypress: o
261.2201 	DATA 	Keypress: o
261.2211 	DATA 	Keypress: o
261.2361 	Level WAIT 	25
262.2153 	DATA 	Keypress: o
262.2194 	Level RINSE 	25
264.2186 	DATA 	Keypress: o
264.2246 	Level jitter 	25
272.2129 	Level finished 	25
272.2142 	DATA 	Keypress: o
272.2157 	DATA 	Keypress: o
272.2169 	DATA 	Keypress: o
272.2181 	DATA 	Keypress: o
272.2316 	Level image=tasty.jpg 	25
273.2208 	Level injecting via pump at address 0 	25
279.2177 	DATA 	Keypress: o
279.2187 	DATA 	Keypress: o
279.2196 	DATA 	Keypress: o
279.2294 	Level WAIT 	25
280.2157 	DATA 	Keypress: o
280.2210 	Level RINSE 	25
282.2185 	DATA 	Keypress: o
282.2219 	Level jitter 	25
284.2129 	Level finished 	25
284.2142 	DATA 	Keypress: o
284.2226 	Level image=waterlogo.jpg 	25
285.2216 	Level injecting via pump at address 0 	25
291.2186 	DATA 	Keypress: o
291.2199 	DATA 	Keypress: o
291.2211 	DATA 	Keypress: o
291.2330 	Level WAIT 	25
292.2155 	DATA 	Keypress: o
292.2227 	Level RINSE 	25
294.2187 	DATA 	Keypress: o
294.2234 	Level jitter 	25
301.2129 	Level finished 	25
301.2141 	DATA 	Keypress: o
301.2153 	DATA 	Keypress: o
301.2163 	DATA 	Keypress: o
301.2248 	Level image=tasty.jpg 	25
302.2154 	DATA 	Keypress: o
302.2240 	Level injecting via pump at address 1 	25
308.2174 	DATA 	Keypress: o
308.2183 	DATA 	Keypress: o
308.2192 	DATA 	Keypress: o
308.2245 	Level WAIT 	25
309.2215 	Level RINSE 	25
311.2181 	DATA 	Keypress: o
311.2259 	Level jitter 	25
316.2129 	Level finished 	25
316.2141 	DATA 	Keypress: o
316.2152 	DATA 	Keypress: o
316.2163 	DATA 	Keypress: o
316.2257 	Level image=tasty.jpg 	25
317.2259 	Level injecting via pump at address 0 	25
323.2181 	DATA 	Keypress: o
323.2192 	DATA 	Keypress: o
323.2201 	DATA 	Keypress: o
323.2265 	Level WAIT 	25
324.2155 	DATA 	Keypress: o
324.2262 	Level RINSE 	25
326.2181 	DATA 	Keypress: o
326.2272 	Level jitter 	25
328.2129 	Level finished 	25
328.2142 	DATA 	Keypress: o
328.2232 	Level image=tasty.jpg 	25
329.2175 	Level injecting via pump at address 1 	25
335.2186 	DATA 	Keypress: o
335.2198 	DATA 	Keypress: o
335.2209 	DATA 	Keypress: o
335.2280 	Level WAIT 	25
336.2156 	DATA 	Keypress: o
336.2278 	Level RINSE 	25
338.2180 	DATA 	Keypress: o
338.2278 	Level jitter 	25
341.2129 	Level finished 	25
341.2140 	DATA 	Keypress: o
341.2209 	Level image=tasty.jpg 	25
342.2154 	DATA 	Keypress: o
342.2291 	Level injecting via pump at address 0 	25
348.2180 	DATA 	Keypress: o
348.2191 	DATA 	Keypress: o
348.2200 	DATA 	Keypress: o
348.2297 	Level WAIT 	25
349.2293 	Level RINSE 	25
351.2179 	DATA 	Keypress: o
351.2301 	Level jitter 	25
353.2129 	Level finished 	25
353.2140 	DATA 	Keypress: o
353.2258 	Level image=tasty.jpg 	25
354.2152 	DATA 	Keypress: o
354.2206 	Level injecting via pump at address 1 	25
360.2181 	DATA 	Keypress: o
360.2193 	DATA 	Keypress: o
360.2204 	DATA 	Keypress: o
360.2312 	Level WAIT 	25
361.2173 	Level RINSE 	25
363.2175 	DATA 	Keypress: o
363.2229 	Level jitter 	25
367.2129 	Level finished 	25
367.2141 	DATA 	Keypress: o
367.2151 	DATA 	Keypress: o
367.2312 	Level image=tasty.jpg 	25
368.2153 	DATA 	Keypress: o
368.2306 	Level injecting via pump at address 0 	25
374.2173 	DATA 	Keypress: o
374.2183 	DATA 	Keypress: o
374.2192 	DATA 	Keypress: o
374.2329 	Level WAIT 	25
375.2274 	Level RINSE 	25
377.2172 	DATA 	Keypress: o
377.2327 	Level jitter 	25
379.2129 	Level finished 	25
379.2140 	DATA 	Keypress: o
379.2226 	Level image=tasty.jpg 	25
380.2156 	DATA 	Keypress: o
380.2328 	Level injecting via pump at address 1 	25
386.2180 	DATA 	Keypress: o
386.2190 	DATA 	Keypress: o
386.2200 	DATA 	Keypress: o
386.2347 	Level WAIT 	25
387.2171 	Level RINSE 	25
389.2176 	DATA 	Keypress: o
389.2210 	Level jitter 	25
397.2129 	Level finished 	25
397.2140 	DATA 	Keypress: o
397.2151 	DATA 	Keypress: o
397.2163 	DATA 	Keypress: o
397.2174 	DATA 	Keypress: o
397.2290 	Level image=tasty.jpg 	25
398.2156 	DATA 	Keypress: o
398.2189 	Level injecting via pump at address 0 	25
404.2175 	DATA 	Keypress: o
404.2186 	DATA 	Keypress: o
404.2197 	DATA 	Keypress: o
404.2260 	Level WAIT 	25
405.2191 	Level RINSE 	25
407.2174 	DATA 	Keypress: o
407.2275 	Level jitter 	25
414.2129 	Level finished 	25
