55.5692 	DATA 	Keypress: o
55.5700 	Level start key press 	25
57.5748 	DATA 	Keypress: o
59.5748 	DATA 	Keypress: o
61.5746 	DATA 	Keypress: o
63.5750 	DATA 	Keypress: o
64.1227 	Level image=waterlogo.jpg 	25
65.0561 	Level injecting via pump at address 0 	25
71.0448 	DATA 	Keypress: o
71.0460 	DATA 	Keypress: o
71.0472 	DATA 	Keypress: o
71.0734 	Level WAIT 	25
72.0424 	DATA 	Keypress: o
72.0733 	Level RINSE 	25
74.0543 	DATA 	Keypress: o
74.0734 	Level jitter 	25
83.0394 	Level finished 	25
83.0408 	DATA 	Keypress: o
83.0421 	DATA 	Keypress: o
83.0432 	DATA 	Keypress: o
83.0444 	DATA 	Keypress: o
83.0743 	Level image=waterlogo.jpg 	25
84.0422 	DATA 	Keypress: o
84.0575 	Level injecting via pump at address 0 	25
90.0442 	DATA 	Keypress: o
90.0452 	DATA 	Keypress: o
90.0462 	DATA 	Keypress: o
90.0746 	Level WAIT 	25
91.0746 	Level RINSE 	25
93.0438 	DATA 	Keypress: o
93.0584 	Level jitter 	25
98.0394 	Level finished 	25
98.0408 	DATA 	Keypress: o
98.0421 	DATA 	Keypress: o
98.0431 	DATA 	Keypress: o
98.0585 	Level image=tasty.jpg 	25
99.0586 	Level injecting via pump at address 0 	25
105.0448 	DATA 	Keypress: o
105.0465 	DATA 	Keypress: o
105.0478 	DATA 	Keypress: o
105.0592 	Level WAIT 	25
106.0426 	DATA 	Keypress: o
106.0589 	Level RINSE 	25
108.0452 	DATA 	Keypress: o
108.0589 	Level jitter 	25
109.0394 	Level finished 	25
109.0591 	Level image=tasty.jpg 	25
110.0417 	DATA 	Keypress: o
110.0593 	Level injecting via pump at address 1 	25
116.0460 	DATA 	Keypress: o
116.0478 	DATA 	Keypress: o
116.0490 	DATA 	Keypress: o
116.0766 	Level WAIT 	25
117.0597 	Level RINSE 	25
119.0449 	DATA 	Keypress: o
119.0766 	Level jitter 	25
124.0394 	Level finished 	25
124.0407 	DATA 	Keypress: o
124.0418 	DATA 	Keypress: o
124.0429 	DATA 	Keypress: o
124.0601 	Level image=tasty.jpg 	25
125.0603 	Level injecting via pump at address 0 	25
131.0449 	DATA 	Keypress: o
131.0462 	DATA 	Keypress: o
131.0475 	DATA 	Keypress: o
131.0778 	Level WAIT 	25
132.0420 	DATA 	Keypress: o
132.0607 	Level RINSE 	25
134.0445 	DATA 	Keypress: o
134.0608 	Level jitter 	25
138.0394 	Level finished 	25
138.0407 	DATA 	Keypress: o
138.0422 	DATA 	Keypress: o
138.0611 	Level image=waterlogo.jpg 	25
139.0613 	Level injecting via pump at address 0 	25
145.0448 	DATA 	Keypress: o
145.0461 	DATA 	Keypress: o
145.0473 	DATA 	Keypress: o
145.0620 	Level WAIT 	25
146.0418 	DATA 	Keypress: o
146.0616 	Level RINSE 	25
148.0459 	DATA 	Keypress: o
148.0618 	Level jitter 	25
150.0394 	Level finished 	25
150.0408 	DATA 	Keypress: o
150.0786 	Level image=tasty.jpg 	25
151.0621 	Level injecting via pump at address 0 	25
157.0449 	DATA 	Keypress: o
157.0461 	DATA 	Keypress: o
157.0472 	DATA 	Keypress: o
157.0629 	Level WAIT 	25
158.0420 	DATA 	Keypress: o
158.0626 	Level RINSE 	25
160.0442 	DATA 	Keypress: o
160.0627 	Level jitter 	25
168.0394 	Level finished 	25
168.0407 	DATA 	Keypress: o
168.0420 	DATA 	Keypress: o
168.0430 	DATA 	Keypress: o
168.0440 	DATA 	Keypress: o
168.0637 	Level image=waterlogo.jpg 	25
169.0633 	Level injecting via pump at address 0 	25
175.0446 	DATA 	Keypress: o
175.0457 	DATA 	Keypress: o
175.0470 	DATA 	Keypress: o
175.0636 	Level WAIT 	25
176.0419 	DATA 	Keypress: o
176.0471 	Level RINSE 	25
178.0449 	DATA 	Keypress: o
178.0643 	Level jitter 	25
183.0394 	Level finished 	25
183.0412 	DATA 	Keypress: o
183.0423 	DATA 	Keypress: o
183.0642 	Level image=tasty.jpg 	25
184.0422 	DATA 	Keypress: o
184.0643 	Level injecting via pump at address 1 	25
190.0451 	DATA 	Keypress: o
190.0463 	DATA 	Keypress: o
190.0476 	DATA 	Keypress: o
190.0650 	Level WAIT 	25
191.0481 	Level RINSE 	25
193.0451 	DATA 	Keypress: o
193.0649 	Level jitter 	25
195.0394 	Level finished 	25
195.0407 	DATA 	Keypress: o
195.0651 	Level image=tasty.jpg 	25
196.0420 	DATA 	Keypress: o
196.0652 	Level injecting via pump at address 0 	25
202.0442 	DATA 	Keypress: o
202.0452 	DATA 	Keypress: o
202.0462 	DATA 	Keypress: o
202.0660 	Level WAIT 	25
203.0656 	Level RINSE 	25
205.0445 	DATA 	Keypress: o
205.0657 	Level jitter 	25
208.0394 	Level finished 	25
208.0411 	DATA 	Keypress: o
208.0424 	DATA 	Keypress: o
208.0660 	Level image=waterlogo.jpg 	25
209.0661 	Level injecting via pump at address 0 	25
215.0450 	DATA 	Keypress: o
215.0462 	DATA 	Keypress: o
215.0473 	DATA 	Keypress: o
215.0670 	Level WAIT 	25
216.0419 	DATA 	Keypress: o
216.0499 	Level RINSE 	25
218.0448 	DATA 	Keypress: o
218.0666 	Level jitter 	25
226.0394 	Level finished 	25
226.0409 	DATA 	Keypress: o
226.0426 	DATA 	Keypress: o
226.0438 	DATA 	Keypress: o
226.0450 	DATA 	Keypress: o
226.0677 	Level image=tasty.jpg 	25
227.0674 	Level injecting via pump at address 0 	25
233.0453 	DATA 	Keypress: o
233.0467 	DATA 	Keypress: o
233.0480 	DATA 	Keypress: o
233.0676 	Level WAIT 	25
234.0427 	DATA 	Keypress: o
234.0678 	Level RINSE 	25
236.0441 	DATA 	Keypress: o
236.0683 	Level jitter 	25
238.0394 	Level finished 	25
238.0407 	DATA 	Keypress: o
238.0515 	Level image=tasty.jpg 	25
239.0516 	Level injecting via pump at address 1 	25
245.0440 	DATA 	Keypress: o
245.0452 	DATA 	Keypress: o
245.0465 	DATA 	Keypress: o
245.0684 	Level WAIT 	25
246.0420 	DATA 	Keypress: o
246.0690 	Level RINSE 	25
248.0451 	DATA 	Keypress: o
248.0520 	Level jitter 	25
257.0394 	Level finished 	25
257.0410 	DATA 	Keypress: o
257.0425 	DATA 	Keypress: o
257.0436 	DATA 	Keypress: o
257.0446 	DATA 	Keypress: o
257.0698 	Level image=waterlogo.jpg 	25
258.0424 	DATA 	Keypress: o
258.0528 	Level injecting via pump at address 0 	25
264.0458 	DATA 	Keypress: o
264.0471 	DATA 	Keypress: o
264.0481 	DATA 	Keypress: o
264.0698 	Level WAIT 	25
265.0699 	Level RINSE 	25
267.0440 	DATA 	Keypress: o
267.0538 	Level jitter 	25
275.0394 	Level finished 	25
275.0411 	DATA 	Keypress: o
275.0428 	DATA 	Keypress: o
275.0440 	DATA 	Keypress: o
275.0453 	DATA 	Keypress: o
275.0705 	Level image=tasty.jpg 	25
276.0420 	DATA 	Keypress: o
276.0540 	Level injecting via pump at address 0 	25
282.0450 	DATA 	Keypress: o
282.0464 	DATA 	Keypress: o
282.0475 	DATA 	Keypress: o
282.0548 	Level WAIT 	25
283.0545 	Level RINSE 	25
285.0446 	DATA 	Keypress: o
285.0546 	Level jitter 	25
287.0394 	Level finished 	25
287.0406 	DATA 	Keypress: o
287.0715 	Level image=waterlogo.jpg 	25
288.0426 	DATA 	Keypress: o
288.0549 	Level injecting via pump at address 0 	25
294.0446 	DATA 	Keypress: o
294.0458 	DATA 	Keypress: o
294.0468 	DATA 	Keypress: o
294.0557 	Level WAIT 	25
295.0553 	Level RINSE 	25
297.0452 	DATA 	Keypress: o
297.0720 	Level jitter 	25
304.0394 	Level finished 	25
304.0407 	DATA 	Keypress: o
304.0420 	DATA 	Keypress: o
304.0432 	DATA 	Keypress: o
304.0447 	DATA 	Keypress: o
304.0564 	Level image=tasty.jpg 	25
305.0560 	Level injecting via pump at address 1 	25
311.0441 	DATA 	Keypress: o
311.0454 	DATA 	Keypress: o
311.0464 	DATA 	Keypress: o
311.0563 	Level WAIT 	25
312.0421 	DATA 	Keypress: o
312.0731 	Level RINSE 	25
314.0447 	DATA 	Keypress: o
314.0570 	Level jitter 	25
319.0394 	Level finished 	25
319.0408 	DATA 	Keypress: o
319.0424 	DATA 	Keypress: o
319.0570 	Level image=tasty.jpg 	25
320.0422 	DATA 	Keypress: o
320.0571 	Level injecting via pump at address 0 	25
326.0447 	DATA 	Keypress: o
326.0460 	DATA 	Keypress: o
326.0472 	DATA 	Keypress: o
326.0579 	Level WAIT 	25
327.0575 	Level RINSE 	25
329.0448 	DATA 	Keypress: o
329.0576 	Level jitter 	25
331.0394 	Level finished 	25
331.0405 	DATA 	Keypress: o
331.0746 	Level image=tasty.jpg 	25
332.0418 	DATA 	Keypress: o
332.0579 	Level injecting via pump at address 1 	25
338.0457 	DATA 	Keypress: o
338.0472 	DATA 	Keypress: o
338.0485 	DATA 	Keypress: o
338.0587 	Level WAIT 	25
339.0583 	Level RINSE 	25
341.0450 	DATA 	Keypress: o
341.0585 	Level jitter 	25
344.0394 	Level finished 	25
344.0407 	DATA 	Keypress: o
344.0418 	DATA 	Keypress: o
344.0587 	Level image=tasty.jpg 	25
345.0588 	Level injecting via pump at address 0 	25
351.0453 	DATA 	Keypress: o
351.0468 	DATA 	Keypress: o
351.0479 	DATA 	Keypress: o
351.0596 	Level WAIT 	25
352.0422 	DATA 	Keypress: o
352.0593 	Level RINSE 	25
354.0447 	DATA 	Keypress: o
354.0594 	Level jitter 	25
356.0394 	Level finished 	25
356.0407 	DATA 	Keypress: o
356.0762 	Level image=tasty.jpg 	25
357.0596 	Level injecting via pump at address 1 	25
363.0446 	DATA 	Keypress: o
363.0458 	DATA 	Keypress: o
363.0469 	DATA 	Keypress: o
363.0604 	Level WAIT 	25
364.0422 	DATA 	Keypress: o
364.0600 	Level RINSE 	25
366.0452 	DATA 	Keypress: o
366.0602 	Level jitter 	25
370.0394 	Level finished 	25
370.0410 	DATA 	Keypress: o
370.0426 	DATA 	Keypress: o
370.0606 	Level image=tasty.jpg 	25
371.0606 	Level injecting via pump at address 0 	25
377.0445 	DATA 	Keypress: o
377.0456 	DATA 	Keypress: o
377.0465 	DATA 	Keypress: o
377.0613 	Level WAIT 	25
378.0418 	DATA 	Keypress: o
378.0610 	Level RINSE 	25
380.0449 	DATA 	Keypress: o
380.0611 	Level jitter 	25
382.0394 	Level finished 	25
382.0408 	DATA 	Keypress: o
382.0613 	Level image=tasty.jpg 	25
383.0615 	Level injecting via pump at address 1 	25
389.0454 	DATA 	Keypress: o
389.0468 	DATA 	Keypress: o
389.0481 	DATA 	Keypress: o
389.0620 	Level WAIT 	25
390.0420 	DATA 	Keypress: o
390.0619 	Level RINSE 	25
392.0450 	DATA 	Keypress: o
392.0619 	Level jitter 	25
400.0394 	Level finished 	25
400.0409 	DATA 	Keypress: o
400.0423 	DATA 	Keypress: o
400.0436 	DATA 	Keypress: o
400.0448 	DATA 	Keypress: o
400.0630 	Level image=tasty.jpg 	25
401.0627 	Level injecting via pump at address 0 	25
407.0451 	DATA 	Keypress: o
407.0465 	DATA 	Keypress: o
407.0477 	DATA 	Keypress: o
407.0630 	Level WAIT 	25
408.0423 	DATA 	Keypress: o
408.0631 	Level RINSE 	25
410.0449 	DATA 	Keypress: o
410.0637 	Level jitter 	25
417.0394 	Level finished 	25
