68.5888 	DATA 	Keypress: o
68.5901 	Level start key press 	25
70.5880 	DATA 	Keypress: o
72.5880 	DATA 	Keypress: o
74.5884 	DATA 	Keypress: o
76.5885 	DATA 	Keypress: o
77.1527 	Level image=waterlogo.jpg 	25
78.0699 	Level injecting via pump at address 0 	25
84.0578 	DATA 	Keypress: o
84.0588 	DATA 	Keypress: o
84.0597 	DATA 	Keypress: o
84.0698 	Level WAIT 	25
85.0554 	DATA 	Keypress: o
85.0700 	Level RINSE 	25
87.0658 	DATA 	Keypress: o
87.0867 	Level jitter 	25
93.0527 	Level finished 	25
93.0539 	DATA 	Keypress: o
93.0548 	DATA 	Keypress: o
93.0558 	DATA 	Keypress: o
93.0709 	Level image=tasty.jpg 	25
94.0706 	Level injecting via pump at address 1 	25
100.0570 	DATA 	Keypress: o
100.0580 	DATA 	Keypress: o
100.0592 	DATA 	Keypress: o
100.0710 	Level WAIT 	25
101.0551 	DATA 	Keypress: o
101.0877 	Level RINSE 	25
103.0574 	DATA 	Keypress: o
103.0716 	Level jitter 	25
109.0527 	Level finished 	25
109.0539 	DATA 	Keypress: o
109.0548 	DATA 	Keypress: o
109.0558 	DATA 	Keypress: o
109.0716 	Level image=tasty.jpg 	25
110.0717 	Level injecting via pump at address 1 	25
116.0572 	DATA 	Keypress: o
116.0582 	DATA 	Keypress: o
116.0591 	DATA 	Keypress: o
116.0891 	Level WAIT 	25
117.0553 	DATA 	Keypress: o
117.0723 	Level RINSE 	25
119.0577 	DATA 	Keypress: o
119.0723 	Level jitter 	25
121.0527 	Level finished 	25
121.0538 	DATA 	Keypress: o
121.0724 	Level image=waterlogo.jpg 	25
122.0725 	Level injecting via pump at address 0 	25
128.0574 	DATA 	Keypress: o
128.0584 	DATA 	Keypress: o
128.0593 	DATA 	Keypress: o
128.0733 	Level WAIT 	25
129.0554 	DATA 	Keypress: o
129.0730 	Level RINSE 	25
131.0577 	DATA 	Keypress: o
131.0731 	Level jitter 	25
137.0527 	Level finished 	25
137.0539 	DATA 	Keypress: o
137.0548 	DATA 	Keypress: o
137.0557 	DATA 	Keypress: o
137.0736 	Level image=tasty.jpg 	25
138.0740 	Level injecting via pump at address 1 	25
144.0578 	DATA 	Keypress: o
144.0589 	DATA 	Keypress: o
144.0598 	DATA 	Keypress: o
144.0740 	Level WAIT 	25
145.0551 	DATA 	Keypress: o
145.0742 	Level RINSE 	25
147.0577 	DATA 	Keypress: o
147.0743 	Level jitter 	25
152.0527 	Level finished 	25
152.0539 	DATA 	Keypress: o
152.0549 	DATA 	Keypress: o
152.0750 	Level image=waterlogo.jpg 	25
153.0557 	DATA 	Keypress: o
153.0747 	Level injecting via pump at address 0 	25
159.0580 	DATA 	Keypress: o
159.0594 	DATA 	Keypress: o
159.0606 	DATA 	Keypress: o
159.0751 	Level WAIT 	25
160.0752 	Level RINSE 	25
162.0580 	DATA 	Keypress: o
162.0757 	Level jitter 	25
167.0527 	Level finished 	25
167.0539 	DATA 	Keypress: o
167.0551 	DATA 	Keypress: o
167.0563 	DATA 	Keypress: o
167.0756 	Level image=tasty.jpg 	25
168.0757 	Level injecting via pump at address 1 	25
174.0574 	DATA 	Keypress: o
174.0586 	DATA 	Keypress: o
174.0598 	DATA 	Keypress: o
174.0765 	Level WAIT 	25
175.0554 	DATA 	Keypress: o
175.0763 	Level RINSE 	25
177.0577 	DATA 	Keypress: o
177.0763 	Level jitter 	25
183.0527 	Level finished 	25
183.0541 	DATA 	Keypress: o
183.0553 	DATA 	Keypress: o
183.0564 	DATA 	Keypress: o
183.0767 	Level image=waterlogo.jpg 	25
184.0772 	Level injecting via pump at address 0 	25
190.0571 	DATA 	Keypress: o
190.0581 	DATA 	Keypress: o
190.0590 	DATA 	Keypress: o
190.0773 	Level WAIT 	25
191.0552 	DATA 	Keypress: o
191.0773 	Level RINSE 	25
193.0576 	DATA 	Keypress: o
193.0774 	Level jitter 	25
196.0527 	Level finished 	25
196.0538 	DATA 	Keypress: o
196.0780 	Level image=tasty.jpg 	25
197.0554 	DATA 	Keypress: o
197.0777 	Level injecting via pump at address 1 	25
203.0575 	DATA 	Keypress: o
203.0589 	DATA 	Keypress: o
203.0603 	DATA 	Keypress: o
203.0781 	Level WAIT 	25
204.0783 	Level RINSE 	25
206.0577 	DATA 	Keypress: o
206.0787 	Level jitter 	25
214.0527 	Level finished 	25
214.0539 	DATA 	Keypress: o
214.0551 	DATA 	Keypress: o
214.0563 	DATA 	Keypress: o
214.0574 	DATA 	Keypress: o
214.0788 	Level image=waterlogo.jpg 	25
215.0551 	DATA 	Keypress: o
215.0789 	Level injecting via pump at address 0 	25
221.0570 	DATA 	Keypress: o
221.0580 	DATA 	Keypress: o
221.0589 	DATA 	Keypress: o
221.0798 	Level WAIT 	25
222.0794 	Level RINSE 	25
224.0579 	DATA 	Keypress: o
224.0795 	Level jitter 	25
226.0527 	Level finished 	25
226.0539 	DATA 	Keypress: o
226.0797 	Level image=tasty.jpg 	25
227.0554 	DATA 	Keypress: o
227.0631 	Level injecting via pump at address 1 	25
233.0574 	DATA 	Keypress: o
233.0583 	DATA 	Keypress: o
233.0592 	DATA 	Keypress: o
233.0806 	Level WAIT 	25
234.0803 	Level RINSE 	25
236.0578 	DATA 	Keypress: o
236.0637 	Level jitter 	25
245.0527 	Level finished 	25
245.0539 	DATA 	Keypress: o
245.0551 	DATA 	Keypress: o
245.0563 	DATA 	Keypress: o
245.0574 	DATA 	Keypress: o
245.0583 	DATA 	Keypress: o
245.0814 	Level image=waterlogo.jpg 	25
246.0644 	Level injecting via pump at address 0 	25
252.0581 	DATA 	Keypress: o
252.0593 	DATA 	Keypress: o
252.0605 	DATA 	Keypress: o
252.0814 	Level WAIT 	25
253.0551 	DATA 	Keypress: o
253.0816 	Level RINSE 	25
255.0577 	DATA 	Keypress: o
255.0655 	Level jitter 	25
257.0527 	Level finished 	25
257.0538 	DATA 	Keypress: o
257.0818 	Level image=tasty.jpg 	25
258.0653 	Level injecting via pump at address 1 	25
264.0570 	DATA 	Keypress: o
264.0582 	DATA 	Keypress: o
264.0593 	DATA 	Keypress: o
264.0656 	Level WAIT 	25
265.0552 	DATA 	Keypress: o
265.0661 	Level RINSE 	25
267.0573 	DATA 	Keypress: o
267.0658 	Level jitter 	25
270.0527 	Level finished 	25
270.0539 	DATA 	Keypress: o
270.0661 	Level image=waterlogo.jpg 	25
271.0552 	DATA 	Keypress: o
271.0662 	Level injecting via pump at address 0 	25
277.0585 	DATA 	Keypress: o
277.0597 	DATA 	Keypress: o
277.0610 	DATA 	Keypress: o
277.0837 	Level WAIT 	25
278.0666 	Level RINSE 	25
280.0581 	DATA 	Keypress: o
280.0667 	Level jitter 	25
284.0527 	Level finished 	25
284.0539 	DATA 	Keypress: o
284.0551 	DATA 	Keypress: o
284.0837 	Level image=tasty.jpg 	25
285.0555 	DATA 	Keypress: o
285.0837 	Level injecting via pump at address 1 	25
291.0570 	DATA 	Keypress: o
291.0583 	DATA 	Keypress: o
291.0593 	DATA 	Keypress: o
291.0846 	Level WAIT 	25
292.0675 	Level RINSE 	25
294.0577 	DATA 	Keypress: o
294.0843 	Level jitter 	25
295.0527 	Level finished 	25
295.0538 	DATA 	Keypress: o
295.0678 	Level image=waterlogo.jpg 	25
296.0679 	Level injecting via pump at address 0 	25
302.0578 	DATA 	Keypress: o
302.0587 	DATA 	Keypress: o
302.0596 	DATA 	Keypress: o
302.0688 	Level WAIT 	25
303.0554 	DATA 	Keypress: o
303.0684 	Level RINSE 	25
305.0580 	DATA 	Keypress: o
305.0685 	Level jitter 	25
308.0527 	Level finished 	25
308.0538 	DATA 	Keypress: o
308.0687 	Level image=tasty.jpg 	25
309.0554 	DATA 	Keypress: o
309.0688 	Level injecting via pump at address 1 	25
315.0578 	DATA 	Keypress: o
315.0588 	DATA 	Keypress: o
315.0598 	DATA 	Keypress: o
315.0696 	Level WAIT 	25
316.0693 	Level RINSE 	25
318.0581 	DATA 	Keypress: o
318.0693 	Level jitter 	25
326.0527 	Level finished 	25
326.0539 	DATA 	Keypress: o
326.0549 	DATA 	Keypress: o
326.0558 	DATA 	Keypress: o
326.0568 	DATA 	Keypress: o
326.0703 	Level image=tasty.jpg 	25
327.0554 	DATA 	Keypress: o
327.0701 	Level injecting via pump at address 1 	25
333.0572 	DATA 	Keypress: o
333.0584 	DATA 	Keypress: o
333.0595 	DATA 	Keypress: o
333.0704 	Level WAIT 	25
334.0705 	Level RINSE 	25
336.0576 	DATA 	Keypress: o
336.0710 	Level jitter 	25
340.0527 	Level finished 	25
340.0540 	DATA 	Keypress: o
340.0553 	DATA 	Keypress: o
340.0709 	Level image=waterlogo.jpg 	25
341.0552 	DATA 	Keypress: o
341.0710 	Level injecting via pump at address 0 	25
347.0581 	DATA 	Keypress: o
347.0593 	DATA 	Keypress: o
347.0605 	DATA 	Keypress: o
347.0885 	Level WAIT 	25
348.0713 	Level RINSE 	25
350.0569 	DATA 	Keypress: o
350.0715 	Level jitter 	25
353.0527 	Level finished 	25
353.0540 	DATA 	Keypress: o
353.0551 	DATA 	Keypress: o
353.0718 	Level image=tasty.jpg 	25
354.0719 	Level injecting via pump at address 1 	25
360.0581 	DATA 	Keypress: o
360.0593 	DATA 	Keypress: o
360.0604 	DATA 	Keypress: o
360.0893 	Level WAIT 	25
361.0552 	DATA 	Keypress: o
361.0724 	Level RINSE 	25
363.0571 	DATA 	Keypress: o
363.0892 	Level jitter 	25
368.0527 	Level finished 	25
368.0540 	DATA 	Keypress: o
368.0552 	DATA 	Keypress: o
368.0728 	Level image=waterlogo.jpg 	25
369.0551 	DATA 	Keypress: o
369.0729 	Level injecting via pump at address 0 	25
375.0570 	DATA 	Keypress: o
375.0580 	DATA 	Keypress: o
375.0590 	DATA 	Keypress: o
375.0737 	Level WAIT 	25
376.0567 	Level RINSE 	25
378.0585 	DATA 	Keypress: o
378.0735 	Level jitter 	25
383.0527 	Level finished 	25
383.0539 	DATA 	Keypress: o
383.0551 	DATA 	Keypress: o
383.0562 	DATA 	Keypress: o
383.0738 	Level image=waterlogo.jpg 	25
384.0739 	Level injecting via pump at address 0 	25
390.0572 	DATA 	Keypress: o
390.0582 	DATA 	Keypress: o
390.0591 	DATA 	Keypress: o
390.0747 	Level WAIT 	25
391.0554 	DATA 	Keypress: o
391.0744 	Level RINSE 	25
393.0574 	DATA 	Keypress: o
393.0745 	Level jitter 	25
402.0527 	Level finished 	25
402.0540 	DATA 	Keypress: o
402.0553 	DATA 	Keypress: o
402.0564 	DATA 	Keypress: o
402.0575 	DATA 	Keypress: o
402.0757 	Level image=tasty.jpg 	25
403.0557 	DATA 	Keypress: o
403.0754 	Level injecting via pump at address 1 	25
409.0577 	DATA 	Keypress: o
409.0588 	DATA 	Keypress: o
409.0599 	DATA 	Keypress: o
409.0756 	Level WAIT 	25
410.0757 	Level RINSE 	25
412.0576 	DATA 	Keypress: o
412.0762 	Level jitter 	25
414.0527 	Level finished 	25
414.0538 	DATA 	Keypress: o
414.0760 	Level image=waterlogo.jpg 	25
415.0555 	DATA 	Keypress: o
415.0761 	Level injecting via pump at address 0 	25
421.0580 	DATA 	Keypress: o
421.0589 	DATA 	Keypress: o
421.0599 	DATA 	Keypress: o
421.0763 	Level WAIT 	25
422.0769 	Level RINSE 	25
424.0577 	DATA 	Keypress: o
424.0766 	Level jitter 	25
427.0527 	Level finished 	25
427.0539 	DATA 	Keypress: o
427.0549 	DATA 	Keypress: o
427.0769 	Level image=waterlogo.jpg 	25
428.0770 	Level injecting via pump at address 0 	25
434.0575 	DATA 	Keypress: o
434.0586 	DATA 	Keypress: o
434.0596 	DATA 	Keypress: o
434.0777 	Level WAIT 	25
435.0556 	DATA 	Keypress: o
435.0774 	Level RINSE 	25
437.0580 	DATA 	Keypress: o
437.0776 	Level jitter 	25
442.0527 	Level finished 	25
442.0539 	DATA 	Keypress: o
442.0548 	DATA 	Keypress: o
442.0779 	Level image=tasty.jpg 	25
443.0555 	DATA 	Keypress: o
443.0781 	Level injecting via pump at address 1 	25
449.0570 	DATA 	Keypress: o
449.0580 	DATA 	Keypress: o
449.0589 	DATA 	Keypress: o
449.0788 	Level WAIT 	25
450.0785 	Level RINSE 	25
452.0573 	DATA 	Keypress: o
452.0786 	Level jitter 	25
454.0527 	Level finished 	25
454.0540 	DATA 	Keypress: o
454.0621 	Level image=tasty.jpg 	25
455.0554 	DATA 	Keypress: o
455.0788 	Level injecting via pump at address 1 	25
461.0580 	DATA 	Keypress: o
461.0593 	DATA 	Keypress: o
461.0603 	DATA 	Keypress: o
461.0797 	Level WAIT 	25
462.0794 	Level RINSE 	25
464.0576 	DATA 	Keypress: o
464.0627 	Level jitter 	25
471.0527 	Level finished 	25
471.0539 	DATA 	Keypress: o
471.0550 	DATA 	Keypress: o
471.0562 	DATA 	Keypress: o
471.0573 	DATA 	Keypress: o
471.0803 	Level image=waterlogo.jpg 	25
472.0800 	Level injecting via pump at address 0 	25
478.0578 	DATA 	Keypress: o
478.0590 	DATA 	Keypress: o
478.0601 	DATA 	Keypress: o
478.0804 	Level WAIT 	25
479.0552 	DATA 	Keypress: o
479.0637 	Level RINSE 	25
481.0574 	DATA 	Keypress: o
481.0810 	Level jitter 	25
484.0527 	Level finished 	25
484.0538 	DATA 	Keypress: o
484.0808 	Level image=tasty.jpg 	25
485.0554 	DATA 	Keypress: o
485.0809 	Level injecting via pump at address 1 	25
491.0580 	DATA 	Keypress: o
491.0590 	DATA 	Keypress: o
491.0600 	DATA 	Keypress: o
491.0817 	Level WAIT 	25
492.0647 	Level RINSE 	25
494.0579 	DATA 	Keypress: o
494.0814 	Level jitter 	25
496.0527 	Level finished 	25
496.0538 	DATA 	Keypress: o
496.0816 	Level image=waterlogo.jpg 	25
497.0551 	DATA 	Keypress: o
497.0817 	Level injecting via pump at address 0 	25
503.0578 	DATA 	Keypress: o
503.0588 	DATA 	Keypress: o
503.0597 	DATA 	Keypress: o
503.0825 	Level WAIT 	25
504.0655 	Level RINSE 	25
506.0577 	DATA 	Keypress: o
506.0823 	Level jitter 	25
514.0527 	Level finished 	25
514.0539 	DATA 	Keypress: o
514.0549 	DATA 	Keypress: o
514.0559 	DATA 	Keypress: o
514.0570 	DATA 	Keypress: o
514.0833 	Level image=tasty.jpg 	25
515.0558 	DATA 	Keypress: o
515.0830 	Level injecting via pump at address 1 	25
521.0571 	DATA 	Keypress: o
521.0581 	DATA 	Keypress: o
521.0590 	DATA 	Keypress: o
521.0833 	Level WAIT 	25
522.0834 	Level RINSE 	25
524.0594 	DATA 	Keypress: o
524.0839 	Level jitter 	25
526.0527 	Level finished 	25
526.0538 	DATA 	Keypress: o
526.0671 	Level image=waterlogo.jpg 	25
527.0558 	DATA 	Keypress: o
527.0672 	Level injecting via pump at address 0 	25
533.0579 	DATA 	Keypress: o
533.0590 	DATA 	Keypress: o
533.0601 	DATA 	Keypress: o
533.0675 	Level WAIT 	25
534.0680 	Level RINSE 	25
536.0576 	DATA 	Keypress: o
536.0677 	Level jitter 	25
543.0527 	Level finished 	25
