47.6032 	DATA 	Keypress: o
47.6042 	Level start key press 	25
49.6107 	DATA 	Keypress: o
51.6106 	DATA 	Keypress: o
53.6110 	DATA 	Keypress: o
55.6113 	DATA 	Keypress: o
55.9921 	Level image=waterlogo.jpg 	25
56.9424 	Level injecting via pump at address 0 	25
62.9148 	DATA 	Keypress: o
62.9164 	DATA 	Keypress: o
62.9181 	DATA 	Keypress: o
62.9434 	Level WAIT 	25
63.9112 	DATA 	Keypress: o
63.9264 	Level RINSE 	25
65.9223 	DATA 	Keypress: o
65.9433 	Level jitter 	25
72.9089 	Level finished 	25
72.9105 	DATA 	Keypress: o
72.9120 	DATA 	Keypress: o
72.9134 	DATA 	Keypress: o
72.9280 	Level image=waterlogo.jpg 	25
73.9116 	DATA 	Keypress: o
73.9276 	Level injecting via pump at address 0 	25
79.9140 	DATA 	Keypress: o
79.9153 	DATA 	Keypress: o
79.9163 	DATA 	Keypress: o
79.9283 	Level WAIT 	25
80.9283 	Level RINSE 	25
82.9138 	DATA 	Keypress: o
82.9289 	Level jitter 	25
87.9089 	Level finished 	25
87.9106 	DATA 	Keypress: o
87.9120 	DATA 	Keypress: o
87.9132 	DATA 	Keypress: o
87.9459 	Level image=tasty.jpg 	25
88.9293 	Level injecting via pump at address 1 	25
94.9134 	DATA 	Keypress: o
94.9146 	DATA 	Keypress: o
94.9156 	DATA 	Keypress: o
94.9303 	Level WAIT 	25
95.9116 	DATA 	Keypress: o
95.9301 	Level RINSE 	25
97.9145 	DATA 	Keypress: o
97.9303 	Level jitter 	25
100.9089 	Level finished 	25
100.9103 	DATA 	Keypress: o
100.9306 	Level image=tasty.jpg 	25
101.9121 	DATA 	Keypress: o
101.9308 	Level injecting via pump at address 0 	25
107.9137 	DATA 	Keypress: o
107.9150 	DATA 	Keypress: o
107.9162 	DATA 	Keypress: o
107.9319 	Level WAIT 	25
108.9316 	Level RINSE 	25
110.9133 	DATA 	Keypress: o
110.9317 	Level jitter 	25
116.9089 	Level finished 	25
116.9101 	DATA 	Keypress: o
116.9113 	DATA 	Keypress: o
116.9125 	DATA 	Keypress: o
116.9325 	Level image=tasty.jpg 	25
117.9113 	DATA 	Keypress: o
117.9332 	Level injecting via pump at address 0 	25
123.9147 	DATA 	Keypress: o
123.9161 	DATA 	Keypress: o
123.9173 	DATA 	Keypress: o
123.9333 	Level WAIT 	25
124.9334 	Level RINSE 	25
126.9142 	DATA 	Keypress: o
126.9336 	Level jitter 	25
135.9089 	Level finished 	25
135.9103 	DATA 	Keypress: o
135.9115 	DATA 	Keypress: o
135.9126 	DATA 	Keypress: o
135.9135 	DATA 	Keypress: o
135.9145 	DATA 	Keypress: o
135.9353 	Level image=tasty.jpg 	25
136.9348 	Level injecting via pump at address 1 	25
142.9136 	DATA 	Keypress: o
142.9146 	DATA 	Keypress: o
142.9156 	DATA 	Keypress: o
142.9354 	Level WAIT 	25
143.9117 	DATA 	Keypress: o
143.9356 	Level RINSE 	25
145.9139 	DATA 	Keypress: o
145.9362 	Level jitter 	25
151.9089 	Level finished 	25
151.9103 	DATA 	Keypress: o
151.9116 	DATA 	Keypress: o
151.9128 	DATA 	Keypress: o
151.9365 	Level image=tasty.jpg 	25
152.9367 	Level injecting via pump at address 0 	25
158.9133 	DATA 	Keypress: o
158.9143 	DATA 	Keypress: o
158.9153 	DATA 	Keypress: o
158.9376 	Level WAIT 	25
159.9117 	DATA 	Keypress: o
159.9373 	Level RINSE 	25
161.9139 	DATA 	Keypress: o
161.9376 	Level jitter 	25
164.9089 	Level finished 	25
164.9102 	DATA 	Keypress: o
164.9381 	Level image=tasty.jpg 	25
165.9121 	DATA 	Keypress: o
165.9381 	Level injecting via pump at address 1 	25
171.9144 	DATA 	Keypress: o
171.9156 	DATA 	Keypress: o
171.9167 	DATA 	Keypress: o
171.9392 	Level WAIT 	25
172.9223 	Level RINSE 	25
174.9142 	DATA 	Keypress: o
174.9391 	Level jitter 	25
179.9089 	Level finished 	25
179.9102 	DATA 	Keypress: o
179.9115 	DATA 	Keypress: o
179.9127 	DATA 	Keypress: o
179.9397 	Level image=tasty.jpg 	25
180.9231 	Level injecting via pump at address 0 	25
186.9145 	DATA 	Keypress: o
186.9156 	DATA 	Keypress: o
186.9166 	DATA 	Keypress: o
186.9409 	Level WAIT 	25
187.9114 	DATA 	Keypress: o
187.9406 	Level RINSE 	25
189.9143 	DATA 	Keypress: o
189.9408 	Level jitter 	25
190.9089 	Level finished 	25
190.9410 	Level image=waterlogo.jpg 	25
191.9119 	DATA 	Keypress: o
191.9244 	Level injecting via pump at address 0 	25
197.9144 	DATA 	Keypress: o
197.9158 	DATA 	Keypress: o
197.9171 	DATA 	Keypress: o
197.9254 	Level WAIT 	25
198.9252 	Level RINSE 	25
200.9139 	DATA 	Keypress: o
200.9253 	Level jitter 	25
205.9089 	Level finished 	25
205.9101 	DATA 	Keypress: o
205.9113 	DATA 	Keypress: o
205.9125 	DATA 	Keypress: o
205.9427 	Level image=waterlogo.jpg 	25
206.9261 	Level injecting via pump at address 0 	25
212.9145 	DATA 	Keypress: o
212.9159 	DATA 	Keypress: o
212.9173 	DATA 	Keypress: o
212.9438 	Level WAIT 	25
213.9113 	DATA 	Keypress: o
213.9269 	Level RINSE 	25
215.9143 	DATA 	Keypress: o
215.9437 	Level jitter 	25
218.9089 	Level finished 	25
218.9100 	DATA 	Keypress: o
218.9441 	Level image=tasty.jpg 	25
219.9112 	DATA 	Keypress: o
219.9276 	Level injecting via pump at address 0 	25
225.9145 	DATA 	Keypress: o
225.9158 	DATA 	Keypress: o
225.9170 	DATA 	Keypress: o
225.9286 	Level WAIT 	25
226.9283 	Level RINSE 	25
228.9134 	DATA 	Keypress: o
228.9285 	Level jitter 	25
234.9089 	Level finished 	25
234.9103 	DATA 	Keypress: o
234.9115 	DATA 	Keypress: o
234.9125 	DATA 	Keypress: o
234.9292 	Level image=waterlogo.jpg 	25
235.9112 	DATA 	Keypress: o
235.9298 	Level injecting via pump at address 0 	25
241.9144 	DATA 	Keypress: o
241.9157 	DATA 	Keypress: o
241.9170 	DATA 	Keypress: o
241.9301 	Level WAIT 	25
242.9302 	Level RINSE 	25
244.9146 	DATA 	Keypress: o
244.9304 	Level jitter 	25
246.9089 	Level finished 	25
246.9102 	DATA 	Keypress: o
246.9477 	Level image=waterlogo.jpg 	25
247.9113 	DATA 	Keypress: o
247.9307 	Level injecting via pump at address 0 	25
253.9137 	DATA 	Keypress: o
253.9147 	DATA 	Keypress: o
253.9157 	DATA 	Keypress: o
253.9313 	Level WAIT 	25
254.9315 	Level RINSE 	25
256.9137 	DATA 	Keypress: o
256.9322 	Level jitter 	25
264.9089 	Level finished 	25
264.9101 	DATA 	Keypress: o
264.9111 	DATA 	Keypress: o
264.9122 	DATA 	Keypress: o
264.9135 	DATA 	Keypress: o
264.9327 	Level image=tasty.jpg 	25
265.9116 	DATA 	Keypress: o
265.9328 	Level injecting via pump at address 0 	25
271.9145 	DATA 	Keypress: o
271.9160 	DATA 	Keypress: o
271.9172 	DATA 	Keypress: o
271.9339 	Level WAIT 	25
272.9169 	Level RINSE 	25
274.9143 	DATA 	Keypress: o
274.9339 	Level jitter 	25
279.9089 	Level finished 	25
279.9101 	DATA 	Keypress: o
279.9111 	DATA 	Keypress: o
279.9121 	DATA 	Keypress: o
279.9344 	Level image=waterlogo.jpg 	25
280.9345 	Level injecting via pump at address 0 	25
286.9143 	DATA 	Keypress: o
286.9156 	DATA 	Keypress: o
286.9168 	DATA 	Keypress: o
286.9356 	Level WAIT 	25
287.9118 	DATA 	Keypress: o
287.9354 	Level RINSE 	25
289.9137 	DATA 	Keypress: o
289.9356 	Level jitter 	25
294.9089 	Level finished 	25
294.9103 	DATA 	Keypress: o
294.9119 	DATA 	Keypress: o
294.9361 	Level image=tasty.jpg 	25
295.9116 	DATA 	Keypress: o
295.9362 	Level injecting via pump at address 0 	25
301.9145 	DATA 	Keypress: o
301.9161 	DATA 	Keypress: o
301.9176 	DATA 	Keypress: o
301.9373 	Level WAIT 	25
302.9370 	Level RINSE 	25
304.9144 	DATA 	Keypress: o
304.9373 	Level jitter 	25
311.9089 	Level finished 	25
311.9102 	DATA 	Keypress: o
311.9117 	DATA 	Keypress: o
311.9130 	DATA 	Keypress: o
311.9141 	DATA 	Keypress: o
311.9385 	Level image=tasty.jpg 	25
312.9214 	Level injecting via pump at address 1 	25
318.9141 	DATA 	Keypress: o
318.9157 	DATA 	Keypress: o
318.9169 	DATA 	Keypress: o
318.9388 	Level WAIT 	25
319.9116 	DATA 	Keypress: o
319.9222 	Level RINSE 	25
321.9142 	DATA 	Keypress: o
321.9396 	Level jitter 	25
325.9089 	Level finished 	25
325.9103 	DATA 	Keypress: o
325.9114 	DATA 	Keypress: o
325.9230 	Level image=tasty.jpg 	25
326.9232 	Level injecting via pump at address 0 	25
332.9146 	DATA 	Keypress: o
332.9160 	DATA 	Keypress: o
332.9172 	DATA 	Keypress: o
332.9409 	Level WAIT 	25
333.9118 	DATA 	Keypress: o
333.9406 	Level RINSE 	25
335.9139 	DATA 	Keypress: o
335.9240 	Level jitter 	25
338.9089 	Level finished 	25
338.9102 	DATA 	Keypress: o
338.9245 	Level image=tasty.jpg 	25
339.9117 	DATA 	Keypress: o
339.9245 	Level injecting via pump at address 1 	25
345.9144 	DATA 	Keypress: o
345.9157 	DATA 	Keypress: o
345.9170 	DATA 	Keypress: o
345.9423 	Level WAIT 	25
346.9420 	Level RINSE 	25
348.9143 	DATA 	Keypress: o
348.9255 	Level jitter 	25
353.9089 	Level finished 	25
353.9103 	DATA 	Keypress: o
353.9116 	DATA 	Keypress: o
353.9129 	DATA 	Keypress: o
353.9261 	Level image=tasty.jpg 	25
354.9263 	Level injecting via pump at address 0 	25
360.9142 	DATA 	Keypress: o
360.9153 	DATA 	Keypress: o
360.9163 	DATA 	Keypress: o
360.9273 	Level WAIT 	25
361.9118 	DATA 	Keypress: o
361.9270 	Level RINSE 	25
363.9143 	DATA 	Keypress: o
363.9272 	Level jitter 	25
364.9089 	Level finished 	25
364.9274 	Level image=tasty.jpg 	25
365.9112 	DATA 	Keypress: o
365.9442 	Level injecting via pump at address 1 	25
371.9145 	DATA 	Keypress: o
371.9158 	DATA 	Keypress: o
371.9172 	DATA 	Keypress: o
371.9452 	Level WAIT 	25
372.9282 	Level RINSE 	25
374.9138 	DATA 	Keypress: o
374.9451 	Level jitter 	25
383.9089 	Level finished 	25
383.9105 	DATA 	Keypress: o
383.9120 	DATA 	Keypress: o
383.9137 	DATA 	Keypress: o
383.9153 	DATA 	Keypress: o
383.9167 	DATA 	Keypress: o
383.9466 	Level image=tasty.jpg 	25
384.9129 	Level injecting via pump at address 1 	25
390.9145 	DATA 	Keypress: o
390.9160 	DATA 	Keypress: o
390.9172 	DATA 	Keypress: o
390.9302 	Level WAIT 	25
391.9118 	DATA 	Keypress: o
391.9304 	Level RINSE 	25
393.9139 	DATA 	Keypress: o
393.9477 	Level jitter 	25
402.9089 	Level finished 	25
402.9102 	DATA 	Keypress: o
402.9114 	DATA 	Keypress: o
402.9127 	DATA 	Keypress: o
402.9139 	DATA 	Keypress: o
402.9483 	Level image=tasty.jpg 	25
403.9113 	DATA 	Keypress: o
403.9322 	Level injecting via pump at address 0 	25
409.9148 	DATA 	Keypress: o
409.9162 	DATA 	Keypress: o
409.9174 	DATA 	Keypress: o
409.9325 	Level WAIT 	25
410.9326 	Level RINSE 	25
412.9134 	DATA 	Keypress: o
412.9161 	Level jitter 	25
414.9089 	Level finished 	25
