55.9972 	DATA 	Keypress: o
55.9980 	Level start key press 	25
58.0004 	DATA 	Keypress: o
60.0170 	DATA 	Keypress: o
62.0006 	DATA 	Keypress: o
64.0009 	DATA 	Keypress: o
64.5654 	Level image=waterlogo.jpg 	25
65.4992 	Level injecting via pump at address 0 	25
71.4878 	DATA 	Keypress: o
71.4892 	DATA 	Keypress: o
71.4905 	DATA 	Keypress: o
71.5161 	Level WAIT 	25
72.4845 	DATA 	Keypress: o
72.5162 	Level RINSE 	25
74.4956 	DATA 	Keypress: o
74.5164 	Level jitter 	25
81.4819 	Level finished 	25
81.4834 	DATA 	Keypress: o
81.4846 	DATA 	Keypress: o
81.4856 	DATA 	Keypress: o
81.5177 	Level image=tasty.jpg 	25
82.4847 	DATA 	Keypress: o
82.5008 	Level injecting via pump at address 0 	25
88.4880 	DATA 	Keypress: o
88.4893 	DATA 	Keypress: o
88.4906 	DATA 	Keypress: o
88.5015 	Level WAIT 	25
89.5016 	Level RINSE 	25
91.4867 	DATA 	Keypress: o
91.5022 	Level jitter 	25
95.4819 	Level finished 	25
95.4834 	DATA 	Keypress: o
95.4846 	DATA 	Keypress: o
95.5023 	Level image=tasty.jpg 	25
96.4843 	DATA 	Keypress: o
96.5024 	Level injecting via pump at address 1 	25
102.4874 	DATA 	Keypress: o
102.4886 	DATA 	Keypress: o
102.4898 	DATA 	Keypress: o
102.5035 	Level WAIT 	25
103.5033 	Level RINSE 	25
105.4871 	DATA 	Keypress: o
105.5034 	Level jitter 	25
106.4819 	Level finished 	25
106.4831 	DATA 	Keypress: o
106.5036 	Level image=tasty.jpg 	25
107.5037 	Level injecting via pump at address 0 	25
113.4873 	DATA 	Keypress: o
113.4886 	DATA 	Keypress: o
113.4902 	DATA 	Keypress: o
113.5046 	Level WAIT 	25
114.4847 	DATA 	Keypress: o
114.5046 	Level RINSE 	25
116.4872 	DATA 	Keypress: o
116.5048 	Level jitter 	25
124.4819 	Level finished 	25
124.4831 	DATA 	Keypress: o
124.4841 	DATA 	Keypress: o
124.4853 	DATA 	Keypress: o
124.4864 	DATA 	Keypress: o
124.5060 	Level image=waterlogo.jpg 	25
125.5058 	Level injecting via pump at address 0 	25
131.4869 	DATA 	Keypress: o
131.4881 	DATA 	Keypress: o
131.4893 	DATA 	Keypress: o
131.5065 	Level WAIT 	25
132.4843 	DATA 	Keypress: o
132.4899 	Level RINSE 	25
134.4875 	DATA 	Keypress: o
134.5072 	Level jitter 	25
142.4819 	Level finished 	25
142.4834 	DATA 	Keypress: o
142.4847 	DATA 	Keypress: o
142.4859 	DATA 	Keypress: o
142.4870 	DATA 	Keypress: o
142.5078 	Level image=waterlogo.jpg 	25
143.5079 	Level injecting via pump at address 0 	25
149.4880 	DATA 	Keypress: o
149.4893 	DATA 	Keypress: o
149.4903 	DATA 	Keypress: o
149.5089 	Level WAIT 	25
150.4847 	DATA 	Keypress: o
150.5087 	Level RINSE 	25
152.4878 	DATA 	Keypress: o
152.5089 	Level jitter 	25
158.4819 	Level finished 	25
158.4832 	DATA 	Keypress: o
158.4845 	DATA 	Keypress: o
158.4857 	DATA 	Keypress: o
158.5097 	Level image=tasty.jpg 	25
159.5103 	Level injecting via pump at address 1 	25
165.4875 	DATA 	Keypress: o
165.4890 	DATA 	Keypress: o
165.4901 	DATA 	Keypress: o
165.5104 	Level WAIT 	25
166.4846 	DATA 	Keypress: o
166.4939 	Level RINSE 	25
168.4866 	DATA 	Keypress: o
168.5107 	Level jitter 	25
170.4819 	Level finished 	25
170.4832 	DATA 	Keypress: o
170.4949 	Level image=tasty.jpg 	25
171.5112 	Level injecting via pump at address 0 	25
177.4873 	DATA 	Keypress: o
177.4886 	DATA 	Keypress: o
177.4900 	DATA 	Keypress: o
177.5119 	Level WAIT 	25
178.4845 	DATA 	Keypress: o
178.5120 	Level RINSE 	25
180.4866 	DATA 	Keypress: o
180.5126 	Level jitter 	25
186.4819 	Level finished 	25
186.4833 	DATA 	Keypress: o
186.4842 	DATA 	Keypress: o
186.4854 	DATA 	Keypress: o
186.5130 	Level image=waterlogo.jpg 	25
187.5131 	Level injecting via pump at address 0 	25
193.4881 	DATA 	Keypress: o
193.4895 	DATA 	Keypress: o
193.4906 	DATA 	Keypress: o
193.5141 	Level WAIT 	25
194.4848 	DATA 	Keypress: o
194.4972 	Level RINSE 	25
196.4871 	DATA 	Keypress: o
196.5140 	Level jitter 	25
198.4819 	Level finished 	25
198.4832 	DATA 	Keypress: o
198.4977 	Level image=waterlogo.jpg 	25
199.4979 	Level injecting via pump at address 0 	25
205.4874 	DATA 	Keypress: o
205.4887 	DATA 	Keypress: o
205.4899 	DATA 	Keypress: o
205.5156 	Level WAIT 	25
206.4843 	DATA 	Keypress: o
206.5153 	Level RINSE 	25
208.4866 	DATA 	Keypress: o
208.4988 	Level jitter 	25
217.4819 	Level finished 	25
217.4833 	DATA 	Keypress: o
217.4844 	DATA 	Keypress: o
217.4853 	DATA 	Keypress: o
217.4862 	DATA 	Keypress: o
217.5004 	Level image=tasty.jpg 	25
218.4845 	DATA 	Keypress: o
218.5001 	Level injecting via pump at address 1 	25
224.4877 	DATA 	Keypress: o
224.4891 	DATA 	Keypress: o
224.4903 	DATA 	Keypress: o
224.5173 	Level WAIT 	25
225.5008 	Level RINSE 	25
227.4875 	DATA 	Keypress: o
227.5015 	Level jitter 	25
234.4819 	Level finished 	25
234.4834 	DATA 	Keypress: o
234.4847 	DATA 	Keypress: o
234.4858 	DATA 	Keypress: o
234.4870 	DATA 	Keypress: o
234.5186 	Level image=tasty.jpg 	25
235.5020 	Level injecting via pump at address 0 	25
241.4875 	DATA 	Keypress: o
241.4888 	DATA 	Keypress: o
241.4900 	DATA 	Keypress: o
241.5031 	Level WAIT 	25
242.4844 	DATA 	Keypress: o
242.5028 	Level RINSE 	25
244.4868 	DATA 	Keypress: o
244.5031 	Level jitter 	25
251.4819 	Level finished 	25
251.4831 	DATA 	Keypress: o
251.4841 	DATA 	Keypress: o
251.4851 	DATA 	Keypress: o
251.5043 	Level image=waterlogo.jpg 	25
252.4848 	DATA 	Keypress: o
252.5040 	Level injecting via pump at address 0 	25
258.4880 	DATA 	Keypress: o
258.4893 	DATA 	Keypress: o
258.4904 	DATA 	Keypress: o
258.5048 	Level WAIT 	25
259.5049 	Level RINSE 	25
261.4869 	DATA 	Keypress: o
261.5054 	Level jitter 	25
266.4819 	Level finished 	25
266.4832 	DATA 	Keypress: o
266.4842 	DATA 	Keypress: o
266.4851 	DATA 	Keypress: o
266.5057 	Level image=tasty.jpg 	25
267.5058 	Level injecting via pump at address 0 	25
273.4884 	DATA 	Keypress: o
273.4898 	DATA 	Keypress: o
273.4909 	DATA 	Keypress: o
273.5069 	Level WAIT 	25
274.4846 	DATA 	Keypress: o
274.5066 	Level RINSE 	25
276.4870 	DATA 	Keypress: o
276.5069 	Level jitter 	25
277.4819 	Level finished 	25
277.5070 	Level image=tasty.jpg 	25
278.4847 	DATA 	Keypress: o
278.5071 	Level injecting via pump at address 1 	25
284.4873 	DATA 	Keypress: o
284.4886 	DATA 	Keypress: o
284.4897 	DATA 	Keypress: o
284.5082 	Level WAIT 	25
285.4912 	Level RINSE 	25
287.4867 	DATA 	Keypress: o
287.5082 	Level jitter 	25
290.4819 	Level finished 	25
290.4831 	DATA 	Keypress: o
290.4841 	DATA 	Keypress: o
290.5085 	Level image=tasty.jpg 	25
291.4920 	Level injecting via pump at address 0 	25
297.4869 	DATA 	Keypress: o
297.4881 	DATA 	Keypress: o
297.4891 	DATA 	Keypress: o
297.4931 	Level WAIT 	25
298.4845 	DATA 	Keypress: o
298.4928 	Level RINSE 	25
300.4876 	DATA 	Keypress: o
300.4929 	Level jitter 	25
302.4819 	Level finished 	25
302.4831 	DATA 	Keypress: o
302.5100 	Level image=tasty.jpg 	25
303.5100 	Level injecting via pump at address 1 	25
309.4876 	DATA 	Keypress: o
309.4888 	DATA 	Keypress: o
309.4900 	DATA 	Keypress: o
309.5111 	Level WAIT 	25
310.4847 	DATA 	Keypress: o
310.4941 	Level RINSE 	25
312.4864 	DATA 	Keypress: o
312.5110 	Level jitter 	25
314.4819 	Level finished 	25
314.4831 	DATA 	Keypress: o
314.5114 	Level image=tasty.jpg 	25
315.5114 	Level injecting via pump at address 0 	25
321.4870 	DATA 	Keypress: o
321.4882 	DATA 	Keypress: o
321.4892 	DATA 	Keypress: o
321.5125 	Level WAIT 	25
322.4844 	DATA 	Keypress: o
322.4956 	Level RINSE 	25
324.4871 	DATA 	Keypress: o
324.5125 	Level jitter 	25
325.4819 	Level finished 	25
325.4960 	Level image=waterlogo.jpg 	25
326.4844 	DATA 	Keypress: o
326.4962 	Level injecting via pump at address 0 	25
332.4872 	DATA 	Keypress: o
332.4885 	DATA 	Keypress: o
332.4895 	DATA 	Keypress: o
332.4971 	Level WAIT 	25
333.4968 	Level RINSE 	25
335.4875 	DATA 	Keypress: o
335.4970 	Level jitter 	25
341.4819 	Level finished 	25
341.4832 	DATA 	Keypress: o
341.4843 	DATA 	Keypress: o
341.4853 	DATA 	Keypress: o
341.4978 	Level image=tasty.jpg 	25
342.4844 	DATA 	Keypress: o
342.4983 	Level injecting via pump at address 1 	25
348.4868 	DATA 	Keypress: o
348.4882 	DATA 	Keypress: o
348.4892 	DATA 	Keypress: o
348.4986 	Level WAIT 	25
349.4987 	Level RINSE 	25
351.4871 	DATA 	Keypress: o
351.4989 	Level jitter 	25
354.4819 	Level finished 	25
354.4831 	DATA 	Keypress: o
354.4841 	DATA 	Keypress: o
354.4998 	Level image=tasty.jpg 	25
355.4995 	Level injecting via pump at address 0 	25
361.4875 	DATA 	Keypress: o
361.4887 	DATA 	Keypress: o
361.4897 	DATA 	Keypress: o
361.5168 	Level WAIT 	25
362.4843 	DATA 	Keypress: o
362.5002 	Level RINSE 	25
364.4874 	DATA 	Keypress: o
364.5008 	Level jitter 	25
366.4819 	Level finished 	25
366.4833 	DATA 	Keypress: o
366.5007 	Level image=tasty.jpg 	25
367.5009 	Level injecting via pump at address 1 	25
373.4868 	DATA 	Keypress: o
373.4880 	DATA 	Keypress: o
373.4890 	DATA 	Keypress: o
373.5015 	Level WAIT 	25
374.4844 	DATA 	Keypress: o
374.5020 	Level RINSE 	25
376.4877 	DATA 	Keypress: o
376.5018 	Level jitter 	25
380.4819 	Level finished 	25
380.4832 	DATA 	Keypress: o
380.4845 	DATA 	Keypress: o
380.5023 	Level image=tasty.jpg 	25
381.5025 	Level injecting via pump at address 0 	25
387.4870 	DATA 	Keypress: o
387.4880 	DATA 	Keypress: o
387.4890 	DATA 	Keypress: o
387.5201 	Level WAIT 	25
388.4847 	DATA 	Keypress: o
388.5033 	Level RINSE 	25
390.4872 	DATA 	Keypress: o
390.5035 	Level jitter 	25
397.4819 	Level finished 	25
397.4833 	DATA 	Keypress: o
397.4845 	DATA 	Keypress: o
397.4855 	DATA 	Keypress: o
397.5048 	Level image=tasty.jpg 	25
398.4848 	DATA 	Keypress: o
398.5045 	Level injecting via pump at address 0 	25
404.4881 	DATA 	Keypress: o
404.4894 	DATA 	Keypress: o
404.4906 	DATA 	Keypress: o
404.5051 	Level WAIT 	25
405.5052 	Level RINSE 	25
407.4873 	DATA 	Keypress: o
407.5059 	Level jitter 	25
411.4819 	Level finished 	25
