60.8775 	DATA 	Keypress: o
60.8781 	Level start key press 	25
62.8831 	DATA 	Keypress: o
64.8831 	DATA 	Keypress: o
66.8834 	DATA 	Keypress: o
68.8837 	DATA 	Keypress: o
69.3978 	Level image=tasty.jpg 	25
70.3484 	Level injecting via pump at address 1 	25
76.3359 	DATA 	Keypress: o
76.3368 	DATA 	Keypress: o
76.3377 	DATA 	Keypress: o
76.3650 	Level WAIT 	25
77.3340 	DATA 	Keypress: o
77.3651 	Level RINSE 	25
79.3445 	DATA 	Keypress: o
79.3652 	Level jitter 	25
88.3312 	Level finished 	25
88.3328 	DATA 	Keypress: o
88.3342 	DATA 	Keypress: o
88.3353 	DATA 	Keypress: o
88.3365 	DATA 	Keypress: o
88.3662 	Level image=waterlogo.jpg 	25
89.3341 	DATA 	Keypress: o
89.3493 	Level injecting via pump at address 0 	25
95.3356 	DATA 	Keypress: o
95.3370 	DATA 	Keypress: o
95.3381 	DATA 	Keypress: o
95.3663 	Level WAIT 	25
96.3496 	Level RINSE 	25
98.3364 	DATA 	Keypress: o
98.3502 	Level jitter 	25
102.3312 	Level finished 	25
102.3326 	DATA 	Keypress: o
102.3339 	DATA 	Keypress: o
102.3668 	Level image=tasty.jpg 	25
103.3340 	DATA 	Keypress: o
103.3503 	Level injecting via pump at address 1 	25
109.3362 	DATA 	Keypress: o
109.3372 	DATA 	Keypress: o
109.3381 	DATA 	Keypress: o
109.3509 	Level WAIT 	25
110.3507 	Level RINSE 	25
112.3362 	DATA 	Keypress: o
112.3508 	Level jitter 	25
116.3312 	Level finished 	25
116.3327 	DATA 	Keypress: o
116.3338 	DATA 	Keypress: o
116.3511 	Level image=waterlogo.jpg 	25
117.3340 	DATA 	Keypress: o
117.3513 	Level injecting via pump at address 0 	25
123.3366 	DATA 	Keypress: o
123.3378 	DATA 	Keypress: o
123.3388 	DATA 	Keypress: o
123.3519 	Level WAIT 	25
124.3517 	Level RINSE 	25
126.3365 	DATA 	Keypress: o
126.3518 	Level jitter 	25
130.3312 	Level finished 	25
130.3325 	DATA 	Keypress: o
130.3338 	DATA 	Keypress: o
130.3688 	Level image=waterlogo.jpg 	25
131.3340 	DATA 	Keypress: o
131.3522 	Level injecting via pump at address 0 	25
137.3363 	DATA 	Keypress: o
137.3373 	DATA 	Keypress: o
137.3383 	DATA 	Keypress: o
137.3529 	Level WAIT 	25
138.3526 	Level RINSE 	25
140.3364 	DATA 	Keypress: o
140.3528 	Level jitter 	25
144.3312 	Level finished 	25
144.3325 	DATA 	Keypress: o
144.3338 	DATA 	Keypress: o
144.3531 	Level image=tasty.jpg 	25
145.3336 	DATA 	Keypress: o
145.3532 	Level injecting via pump at address 1 	25
151.3366 	DATA 	Keypress: o
151.3378 	DATA 	Keypress: o
151.3388 	DATA 	Keypress: o
151.3539 	Level WAIT 	25
152.3536 	Level RINSE 	25
154.3367 	DATA 	Keypress: o
154.3537 	Level jitter 	25
160.3312 	Level finished 	25
160.3327 	DATA 	Keypress: o
160.3341 	DATA 	Keypress: o
160.3353 	DATA 	Keypress: o
160.3541 	Level image=waterlogo.jpg 	25
161.3340 	DATA 	Keypress: o
161.3547 	Level injecting via pump at address 0 	25
167.3362 	DATA 	Keypress: o
167.3373 	DATA 	Keypress: o
167.3384 	DATA 	Keypress: o
167.3546 	Level WAIT 	25
168.3380 	Level RINSE 	25
170.3362 	DATA 	Keypress: o
170.3548 	Level jitter 	25
173.3312 	Level finished 	25
173.3326 	DATA 	Keypress: o
173.3338 	DATA 	Keypress: o
173.3554 	Level image=tasty.jpg 	25
174.3552 	Level injecting via pump at address 1 	25
180.3365 	DATA 	Keypress: o
180.3378 	DATA 	Keypress: o
180.3389 	DATA 	Keypress: o
180.3722 	Level WAIT 	25
181.3340 	DATA 	Keypress: o
181.3556 	Level RINSE 	25
183.3362 	DATA 	Keypress: o
183.3561 	Level jitter 	25
186.3312 	Level finished 	25
186.3326 	DATA 	Keypress: o
186.3559 	Level image=waterlogo.jpg 	25
187.3340 	DATA 	Keypress: o
187.3395 	Level injecting via pump at address 0 	25
193.3367 	DATA 	Keypress: o
193.3377 	DATA 	Keypress: o
193.3387 	DATA 	Keypress: o
193.3569 	Level WAIT 	25
194.3566 	Level RINSE 	25
196.3362 	DATA 	Keypress: o
196.3399 	Level jitter 	25
200.3312 	Level finished 	25
200.3326 	DATA 	Keypress: o
200.3337 	DATA 	Keypress: o
200.3569 	Level image=waterlogo.jpg 	25
201.3340 	DATA 	Keypress: o
201.3570 	Level injecting via pump at address 0 	25
207.3362 	DATA 	Keypress: o
207.3372 	DATA 	Keypress: o
207.3382 	DATA 	Keypress: o
207.3578 	Level WAIT 	25
208.3576 	Level RINSE 	25
210.3359 	DATA 	Keypress: o
210.3576 	Level jitter 	25
215.3312 	Level finished 	25
215.3325 	DATA 	Keypress: o
215.3335 	DATA 	Keypress: o
215.3345 	DATA 	Keypress: o
215.3580 	Level image=tasty.jpg 	25
216.3415 	Level injecting via pump at address 1 	25
222.3359 	DATA 	Keypress: o
222.3369 	DATA 	Keypress: o
222.3378 	DATA 	Keypress: o
222.3589 	Level WAIT 	25
223.3340 	DATA 	Keypress: o
223.3586 	Level RINSE 	25
225.3365 	DATA 	Keypress: o
225.3587 	Level jitter 	25
228.3312 	Level finished 	25
228.3325 	DATA 	Keypress: o
228.3588 	Level image=waterlogo.jpg 	25
229.3339 	DATA 	Keypress: o
229.3589 	Level injecting via pump at address 0 	25
235.3363 	DATA 	Keypress: o
235.3375 	DATA 	Keypress: o
235.3387 	DATA 	Keypress: o
235.3598 	Level WAIT 	25
236.3595 	Level RINSE 	25
238.3371 	DATA 	Keypress: o
238.3595 	Level jitter 	25
246.3312 	Level finished 	25
246.3325 	DATA 	Keypress: o
246.3335 	DATA 	Keypress: o
246.3344 	DATA 	Keypress: o
246.3353 	DATA 	Keypress: o
246.3439 	Level image=tasty.jpg 	25
247.3336 	DATA 	Keypress: o
247.3436 	Level injecting via pump at address 1 	25
253.3364 	DATA 	Keypress: o
253.3377 	DATA 	Keypress: o
253.3388 	DATA 	Keypress: o
253.3606 	Level WAIT 	25
254.3606 	Level RINSE 	25
256.3360 	DATA 	Keypress: o
256.3444 	Level jitter 	25
258.3312 	Level finished 	25
258.3325 	DATA 	Keypress: o
258.3609 	Level image=tasty.jpg 	25
259.3340 	DATA 	Keypress: o
259.3444 	Level injecting via pump at address 1 	25
265.3369 	DATA 	Keypress: o
265.3381 	DATA 	Keypress: o
265.3393 	DATA 	Keypress: o
265.3447 	Level WAIT 	25
266.3452 	Level RINSE 	25
268.3365 	DATA 	Keypress: o
268.3449 	Level jitter 	25
270.3312 	Level finished 	25
270.3323 	DATA 	Keypress: o
270.3617 	Level image=waterlogo.jpg 	25
271.3340 	DATA 	Keypress: o
271.3452 	Level injecting via pump at address 0 	25
277.3367 	DATA 	Keypress: o
277.3382 	DATA 	Keypress: o
277.3394 	DATA 	Keypress: o
277.3459 	Level WAIT 	25
278.3456 	Level RINSE 	25
280.3360 	DATA 	Keypress: o
280.3625 	Level jitter 	25
283.3312 	Level finished 	25
283.3325 	DATA 	Keypress: o
283.3335 	DATA 	Keypress: o
283.3626 	Level image=tasty.jpg 	25
284.3461 	Level injecting via pump at address 1 	25
290.3367 	DATA 	Keypress: o
290.3379 	DATA 	Keypress: o
290.3390 	DATA 	Keypress: o
290.3470 	Level WAIT 	25
291.3337 	DATA 	Keypress: o
291.3466 	Level RINSE 	25
293.3361 	DATA 	Keypress: o
293.3466 	Level jitter 	25
295.3312 	Level finished 	25
295.3324 	DATA 	Keypress: o
295.3636 	Level image=waterlogo.jpg 	25
296.3469 	Level injecting via pump at address 0 	25
302.3366 	DATA 	Keypress: o
302.3378 	DATA 	Keypress: o
302.3389 	DATA 	Keypress: o
302.3477 	Level WAIT 	25
303.3340 	DATA 	Keypress: o
303.3475 	Level RINSE 	25
305.3358 	DATA 	Keypress: o
305.3641 	Level jitter 	25
306.3312 	Level finished 	25
306.3476 	Level image=tasty.jpg 	25
307.3336 	DATA 	Keypress: o
307.3476 	Level injecting via pump at address 1 	25
313.3364 	DATA 	Keypress: o
313.3374 	DATA 	Keypress: o
313.3383 	DATA 	Keypress: o
313.3650 	Level WAIT 	25
314.3481 	Level RINSE 	25
316.3358 	DATA 	Keypress: o
316.3482 	Level jitter 	25
318.3312 	Level finished 	25
318.3325 	DATA 	Keypress: o
318.3485 	Level image=waterlogo.jpg 	25
319.3340 	DATA 	Keypress: o
319.3486 	Level injecting via pump at address 0 	25
325.3366 	DATA 	Keypress: o
325.3379 	DATA 	Keypress: o
325.3391 	DATA 	Keypress: o
325.3493 	Level WAIT 	25
326.3489 	Level RINSE 	25
328.3362 	DATA 	Keypress: o
328.3490 	Level jitter 	25
334.3312 	Level finished 	25
334.3326 	DATA 	Keypress: o
334.3338 	DATA 	Keypress: o
334.3350 	DATA 	Keypress: o
334.3496 	Level image=waterlogo.jpg 	25
335.3337 	DATA 	Keypress: o
335.3500 	Level injecting via pump at address 0 	25
341.3367 	DATA 	Keypress: o
341.3379 	DATA 	Keypress: o
341.3391 	DATA 	Keypress: o
341.3499 	Level WAIT 	25
342.3500 	Level RINSE 	25
344.3366 	DATA 	Keypress: o
344.3502 	Level jitter 	25
347.3312 	Level finished 	25
347.3325 	DATA 	Keypress: o
347.3335 	DATA 	Keypress: o
347.3509 	Level image=tasty.jpg 	25
348.3506 	Level injecting via pump at address 1 	25
354.3364 	DATA 	Keypress: o
354.3377 	DATA 	Keypress: o
354.3388 	DATA 	Keypress: o
354.3675 	Level WAIT 	25
355.3341 	DATA 	Keypress: o
355.3509 	Level RINSE 	25
357.3366 	DATA 	Keypress: o
357.3515 	Level jitter 	25
365.3312 	Level finished 	25
365.3325 	DATA 	Keypress: o
365.3335 	DATA 	Keypress: o
365.3343 	DATA 	Keypress: o
365.3352 	DATA 	Keypress: o
365.3516 	Level image=waterlogo.jpg 	25
366.3518 	Level injecting via pump at address 0 	25
372.3368 	DATA 	Keypress: o
372.3380 	DATA 	Keypress: o
372.3391 	DATA 	Keypress: o
372.3525 	Level WAIT 	25
373.3337 	DATA 	Keypress: o
373.3522 	Level RINSE 	25
375.3362 	DATA 	Keypress: o
375.3523 	Level jitter 	25
380.3312 	Level finished 	25
380.3325 	DATA 	Keypress: o
380.3335 	DATA 	Keypress: o
380.3527 	Level image=tasty.jpg 	25
381.3335 	DATA 	Keypress: o
381.3527 	Level injecting via pump at address 1 	25
387.3363 	DATA 	Keypress: o
387.3375 	DATA 	Keypress: o
387.3386 	DATA 	Keypress: o
387.3536 	Level WAIT 	25
388.3533 	Level RINSE 	25
390.3362 	DATA 	Keypress: o
390.3534 	Level jitter 	25
394.3312 	Level finished 	25
394.3325 	DATA 	Keypress: o
394.3336 	DATA 	Keypress: o
394.3536 	Level image=waterlogo.jpg 	25
395.3340 	DATA 	Keypress: o
395.3537 	Level injecting via pump at address 0 	25
401.3362 	DATA 	Keypress: o
401.3372 	DATA 	Keypress: o
401.3382 	DATA 	Keypress: o
401.3545 	Level WAIT 	25
402.3376 	Level RINSE 	25
404.3362 	DATA 	Keypress: o
404.3543 	Level jitter 	25
409.3312 	Level finished 	25
409.3325 	DATA 	Keypress: o
409.3335 	DATA 	Keypress: o
409.3346 	DATA 	Keypress: o
409.3547 	Level image=tasty.jpg 	25
410.3548 	Level injecting via pump at address 1 	25
416.3360 	DATA 	Keypress: o
416.3370 	DATA 	Keypress: o
416.3380 	DATA 	Keypress: o
416.3556 	Level WAIT 	25
417.3340 	DATA 	Keypress: o
417.3552 	Level RINSE 	25
419.3362 	DATA 	Keypress: o
419.3554 	Level jitter 	25
428.3312 	Level finished 	25
428.3326 	DATA 	Keypress: o
428.3337 	DATA 	Keypress: o
428.3348 	DATA 	Keypress: o
428.3357 	DATA 	Keypress: o
428.3564 	Level image=waterlogo.jpg 	25
429.3340 	DATA 	Keypress: o
429.3561 	Level injecting via pump at address 0 	25
435.3363 	DATA 	Keypress: o
435.3373 	DATA 	Keypress: o
435.3382 	DATA 	Keypress: o
435.3565 	Level WAIT 	25
436.3566 	Level RINSE 	25
438.3368 	DATA 	Keypress: o
438.3570 	Level jitter 	25
447.3312 	Level finished 	25
447.3325 	DATA 	Keypress: o
447.3334 	DATA 	Keypress: o
447.3343 	DATA 	Keypress: o
447.3352 	DATA 	Keypress: o
447.3362 	DATA 	Keypress: o
447.3573 	Level image=tasty.jpg 	25
448.3579 	Level injecting via pump at address 1 	25
454.3362 	DATA 	Keypress: o
454.3372 	DATA 	Keypress: o
454.3381 	DATA 	Keypress: o
454.3578 	Level WAIT 	25
455.3341 	DATA 	Keypress: o
455.3412 	Level RINSE 	25
457.3362 	DATA 	Keypress: o
457.3580 	Level jitter 	25
461.3312 	Level finished 	25
461.3325 	DATA 	Keypress: o
461.3334 	DATA 	Keypress: o
461.3588 	Level image=tasty.jpg 	25
462.3417 	Level injecting via pump at address 1 	25
468.3362 	DATA 	Keypress: o
468.3374 	DATA 	Keypress: o
468.3383 	DATA 	Keypress: o
468.3587 	Level WAIT 	25
469.3336 	DATA 	Keypress: o
469.3588 	Level RINSE 	25
471.3365 	DATA 	Keypress: o
471.3427 	Level jitter 	25
474.3312 	Level finished 	25
474.3324 	DATA 	Keypress: o
474.3426 	Level image=waterlogo.jpg 	25
475.3336 	DATA 	Keypress: o
475.3426 	Level injecting via pump at address 0 	25
481.3367 	DATA 	Keypress: o
481.3378 	DATA 	Keypress: o
481.3390 	DATA 	Keypress: o
481.3600 	Level WAIT 	25
482.3597 	Level RINSE 	25
484.3357 	DATA 	Keypress: o
484.3432 	Level jitter 	25
485.3312 	Level finished 	25
485.3325 	DATA 	Keypress: o
485.3599 	Level image=tasty.jpg 	25
486.3600 	Level injecting via pump at address 1 	25
492.3365 	DATA 	Keypress: o
492.3377 	DATA 	Keypress: o
492.3389 	DATA 	Keypress: o
492.3609 	Level WAIT 	25
493.3340 	DATA 	Keypress: o
493.3438 	Level RINSE 	25
495.3363 	DATA 	Keypress: o
495.3605 	Level jitter 	25
502.3312 	Level finished 	25
502.3326 	DATA 	Keypress: o
502.3338 	DATA 	Keypress: o
502.3350 	DATA 	Keypress: o
502.3449 	Level image=waterlogo.jpg 	25
503.3338 	DATA 	Keypress: o
503.3446 	Level injecting via pump at address 0 	25
509.3363 	DATA 	Keypress: o
509.3375 	DATA 	Keypress: o
509.3386 	DATA 	Keypress: o
509.3615 	Level WAIT 	25
510.3449 	Level RINSE 	25
512.3371 	DATA 	Keypress: o
512.3455 	Level jitter 	25
513.3312 	Level finished 	25
513.3325 	DATA 	Keypress: o
513.3619 	Level image=tasty.jpg 	25
514.3619 	Level injecting via pump at address 1 	25
520.3362 	DATA 	Keypress: o
520.3373 	DATA 	Keypress: o
520.3383 	DATA 	Keypress: o
520.3623 	Level WAIT 	25
521.3340 	DATA 	Keypress: o
521.3457 	Level RINSE 	25
523.3363 	DATA 	Keypress: o
523.3629 	Level jitter 	25
529.3312 	Level finished 	25
