47.5311 	DATA 	Keypress: o
47.5321 	Level start key press 	25
49.5420 	DATA 	Keypress: o
51.5419 	DATA 	Keypress: o
53.5420 	DATA 	Keypress: o
55.5417 	DATA 	Keypress: o
56.1230 	Level image=waterlogo.jpg 	25
57.0732 	Level injecting via pump at address 0 	25
63.0448 	DATA 	Keypress: o
63.0459 	DATA 	Keypress: o
63.0470 	DATA 	Keypress: o
63.0741 	Level WAIT 	25
64.0426 	DATA 	Keypress: o
64.0570 	Level RINSE 	25
66.0525 	DATA 	Keypress: o
66.0738 	Level jitter 	25
73.0397 	Level finished 	25
73.0413 	DATA 	Keypress: o
73.0426 	DATA 	Keypress: o
73.0437 	DATA 	Keypress: o
73.0581 	Level image=tasty.jpg 	25
74.0422 	DATA 	Keypress: o
74.0577 	Level injecting via pump at address 0 	25
80.0453 	DATA 	Keypress: o
80.0467 	DATA 	Keypress: o
80.0480 	DATA 	Keypress: o
80.0580 	Level WAIT 	25
81.0581 	Level RINSE 	25
83.0458 	DATA 	Keypress: o
83.0587 	Level jitter 	25
87.0397 	Level finished 	25
87.0416 	DATA 	Keypress: o
87.0436 	DATA 	Keypress: o
87.0752 	Level image=tasty.jpg 	25
88.0422 	DATA 	Keypress: o
88.0587 	Level injecting via pump at address 1 	25
94.0453 	DATA 	Keypress: o
94.0465 	DATA 	Keypress: o
94.0477 	DATA 	Keypress: o
94.0761 	Level WAIT 	25
95.0591 	Level RINSE 	25
97.0452 	DATA 	Keypress: o
97.0592 	Level jitter 	25
98.0397 	Level finished 	25
98.0409 	DATA 	Keypress: o
98.0594 	Level image=tasty.jpg 	25
99.0595 	Level injecting via pump at address 0 	25
105.0445 	DATA 	Keypress: o
105.0456 	DATA 	Keypress: o
105.0466 	DATA 	Keypress: o
105.0602 	Level WAIT 	25
106.0426 	DATA 	Keypress: o
106.0600 	Level RINSE 	25
108.0447 	DATA 	Keypress: o
108.0600 	Level jitter 	25
116.0397 	Level finished 	25
116.0410 	DATA 	Keypress: o
116.0422 	DATA 	Keypress: o
116.0434 	DATA 	Keypress: o
116.0446 	DATA 	Keypress: o
116.0777 	Level image=waterlogo.jpg 	25
117.0608 	Level injecting via pump at address 0 	25
123.0442 	DATA 	Keypress: o
123.0455 	DATA 	Keypress: o
123.0470 	DATA 	Keypress: o
123.0610 	Level WAIT 	25
124.0426 	DATA 	Keypress: o
124.0611 	Level RINSE 	25
126.0450 	DATA 	Keypress: o
126.0617 	Level jitter 	25
134.0397 	Level finished 	25
134.0416 	DATA 	Keypress: o
134.0430 	DATA 	Keypress: o
134.0442 	DATA 	Keypress: o
134.0454 	DATA 	Keypress: o
134.0786 	Level image=waterlogo.jpg 	25
135.0619 	Level injecting via pump at address 0 	25
141.0443 	DATA 	Keypress: o
141.0454 	DATA 	Keypress: o
141.0464 	DATA 	Keypress: o
141.0628 	Level WAIT 	25
142.0422 	DATA 	Keypress: o
142.0624 	Level RINSE 	25
144.0456 	DATA 	Keypress: o
144.0626 	Level jitter 	25
150.0397 	Level finished 	25
150.0410 	DATA 	Keypress: o
150.0420 	DATA 	Keypress: o
150.0430 	DATA 	Keypress: o
150.0630 	Level image=tasty.jpg 	25
151.0469 	Level injecting via pump at address 1 	25
157.0447 	DATA 	Keypress: o
157.0460 	DATA 	Keypress: o
157.0470 	DATA 	Keypress: o
157.0799 	Level WAIT 	25
158.0423 	DATA 	Keypress: o
158.0636 	Level RINSE 	25
160.0450 	DATA 	Keypress: o
160.0636 	Level jitter 	25
162.0397 	Level finished 	25
162.0409 	DATA 	Keypress: o
162.0642 	Level image=tasty.jpg 	25
163.0638 	Level injecting via pump at address 0 	25
169.0443 	DATA 	Keypress: o
169.0456 	DATA 	Keypress: o
169.0467 	DATA 	Keypress: o
169.0642 	Level WAIT 	25
170.0421 	DATA 	Keypress: o
170.0477 	Level RINSE 	25
172.0443 	DATA 	Keypress: o
172.0649 	Level jitter 	25
178.0397 	Level finished 	25
178.0411 	DATA 	Keypress: o
178.0426 	DATA 	Keypress: o
178.0439 	DATA 	Keypress: o
178.0649 	Level image=waterlogo.jpg 	25
179.0483 	Level injecting via pump at address 0 	25
185.0456 	DATA 	Keypress: o
185.0471 	DATA 	Keypress: o
185.0484 	DATA 	Keypress: o
185.0824 	Level WAIT 	25
186.0424 	DATA 	Keypress: o
186.0487 	Level RINSE 	25
188.0444 	DATA 	Keypress: o
188.0656 	Level jitter 	25
190.0397 	Level finished 	25
190.0410 	DATA 	Keypress: o
190.0657 	Level image=waterlogo.jpg 	25
191.0658 	Level injecting via pump at address 0 	25
197.0448 	DATA 	Keypress: o
197.0462 	DATA 	Keypress: o
197.0477 	DATA 	Keypress: o
197.0666 	Level WAIT 	25
198.0426 	DATA 	Keypress: o
198.0496 	Level RINSE 	25
200.0460 	DATA 	Keypress: o
200.0663 	Level jitter 	25
209.0397 	Level finished 	25
209.0411 	DATA 	Keypress: o
209.0424 	DATA 	Keypress: o
209.0437 	DATA 	Keypress: o
209.0449 	DATA 	Keypress: o
209.0673 	Level image=tasty.jpg 	25
210.0426 	DATA 	Keypress: o
210.0671 	Level injecting via pump at address 1 	25
216.0454 	DATA 	Keypress: o
216.0469 	DATA 	Keypress: o
216.0481 	DATA 	Keypress: o
216.0675 	Level WAIT 	25
217.0509 	Level RINSE 	25
219.0459 	DATA 	Keypress: o
219.0680 	Level jitter 	25
226.0397 	Level finished 	25
226.0411 	DATA 	Keypress: o
226.0421 	DATA 	Keypress: o
226.0430 	DATA 	Keypress: o
226.0440 	DATA 	Keypress: o
226.0516 	Level image=tasty.jpg 	25
227.0517 	Level injecting via pump at address 0 	25
233.0453 	DATA 	Keypress: o
233.0466 	DATA 	Keypress: o
233.0479 	DATA 	Keypress: o
233.0691 	Level WAIT 	25
234.0424 	DATA 	Keypress: o
234.0687 	Level RINSE 	25
236.0447 	DATA 	Keypress: o
236.0522 	Level jitter 	25
243.0397 	Level finished 	25
243.0412 	DATA 	Keypress: o
243.0425 	DATA 	Keypress: o
243.0437 	DATA 	Keypress: o
243.0698 	Level image=waterlogo.jpg 	25
244.0425 	DATA 	Keypress: o
244.0695 	Level injecting via pump at address 0 	25
250.0452 	DATA 	Keypress: o
250.0466 	DATA 	Keypress: o
250.0478 	DATA 	Keypress: o
250.0698 	Level WAIT 	25
251.0532 	Level RINSE 	25
253.0443 	DATA 	Keypress: o
253.0704 	Level jitter 	25
258.0397 	Level finished 	25
258.0411 	DATA 	Keypress: o
258.0421 	DATA 	Keypress: o
258.0431 	DATA 	Keypress: o
258.0704 	Level image=tasty.jpg 	25
259.0538 	Level injecting via pump at address 0 	25
265.0462 	DATA 	Keypress: o
265.0474 	DATA 	Keypress: o
265.0485 	DATA 	Keypress: o
265.0712 	Level WAIT 	25
266.0426 	DATA 	Keypress: o
266.0709 	Level RINSE 	25
268.0441 	DATA 	Keypress: o
268.0544 	Level jitter 	25
269.0397 	Level finished 	25
269.0712 	Level image=tasty.jpg 	25
270.0422 	DATA 	Keypress: o
270.0547 	Level injecting via pump at address 1 	25
276.0453 	DATA 	Keypress: o
276.0468 	DATA 	Keypress: o
276.0483 	DATA 	Keypress: o
276.0555 	Level WAIT 	25
277.0550 	Level RINSE 	25
279.0451 	DATA 	Keypress: o
279.0551 	Level jitter 	25
282.0397 	Level finished 	25
282.0412 	DATA 	Keypress: o
282.0426 	DATA 	Keypress: o
282.0553 	Level image=tasty.jpg 	25
283.0555 	Level injecting via pump at address 0 	25
289.0453 	DATA 	Keypress: o
289.0466 	DATA 	Keypress: o
289.0478 	DATA 	Keypress: o
289.0563 	Level WAIT 	25
290.0426 	DATA 	Keypress: o
290.0560 	Level RINSE 	25
292.0456 	DATA 	Keypress: o
292.0560 	Level jitter 	25
294.0397 	Level finished 	25
294.0409 	DATA 	Keypress: o
294.0729 	Level image=tasty.jpg 	25
295.0562 	Level injecting via pump at address 1 	25
301.0453 	DATA 	Keypress: o
301.0468 	DATA 	Keypress: o
301.0479 	DATA 	Keypress: o
301.0571 	Level WAIT 	25
302.0423 	DATA 	Keypress: o
302.0567 	Level RINSE 	25
304.0451 	DATA 	Keypress: o
304.0569 	Level jitter 	25
306.0397 	Level finished 	25
306.0409 	DATA 	Keypress: o
306.0737 	Level image=tasty.jpg 	25
307.0571 	Level injecting via pump at address 0 	25
313.0448 	DATA 	Keypress: o
313.0462 	DATA 	Keypress: o
313.0474 	DATA 	Keypress: o
313.0745 	Level WAIT 	25
314.0421 	DATA 	Keypress: o
314.0577 	Level RINSE 	25
316.0447 	DATA 	Keypress: o
316.0744 	Level jitter 	25
317.0397 	Level finished 	25
317.0578 	Level image=waterlogo.jpg 	25
318.0426 	DATA 	Keypress: o
318.0579 	Level injecting via pump at address 0 	25
324.0451 	DATA 	Keypress: o
324.0464 	DATA 	Keypress: o
324.0477 	DATA 	Keypress: o
324.0587 	Level WAIT 	25
325.0584 	Level RINSE 	25
327.0448 	DATA 	Keypress: o
327.0585 	Level jitter 	25
333.0397 	Level finished 	25
333.0411 	DATA 	Keypress: o
333.0424 	DATA 	Keypress: o
333.0437 	DATA 	Keypress: o
333.0589 	Level image=tasty.jpg 	25
334.0426 	DATA 	Keypress: o
334.0594 	Level injecting via pump at address 1 	25
340.0453 	DATA 	Keypress: o
340.0467 	DATA 	Keypress: o
340.0481 	DATA 	Keypress: o
340.0760 	Level WAIT 	25
341.0595 	Level RINSE 	25
343.0455 	DATA 	Keypress: o
343.0596 	Level jitter 	25
346.0397 	Level finished 	25
346.0410 	DATA 	Keypress: o
346.0421 	DATA 	Keypress: o
346.0602 	Level image=tasty.jpg 	25
347.0599 	Level injecting via pump at address 0 	25
353.0449 	DATA 	Keypress: o
353.0466 	DATA 	Keypress: o
353.0478 	DATA 	Keypress: o
353.0769 	Level WAIT 	25
354.0429 	DATA 	Keypress: o
354.0604 	Level RINSE 	25
356.0446 	DATA 	Keypress: o
356.0610 	Level jitter 	25
358.0397 	Level finished 	25
358.0411 	DATA 	Keypress: o
358.0607 	Level image=tasty.jpg 	25
359.0608 	Level injecting via pump at address 1 	25
365.0454 	DATA 	Keypress: o
365.0467 	DATA 	Keypress: o
365.0482 	DATA 	Keypress: o
365.0610 	Level WAIT 	25
366.0430 	DATA 	Keypress: o
366.0616 	Level RINSE 	25
368.0453 	DATA 	Keypress: o
368.0613 	Level jitter 	25
372.0397 	Level finished 	25
372.0410 	DATA 	Keypress: o
372.0420 	DATA 	Keypress: o
372.0782 	Level image=tasty.jpg 	25
373.0450 	Level injecting via pump at address 0 	25
379.0449 	DATA 	Keypress: o
379.0460 	DATA 	Keypress: o
379.0470 	DATA 	Keypress: o
379.0624 	Level WAIT 	25
380.0426 	DATA 	Keypress: o
380.0621 	Level RINSE 	25
382.0454 	DATA 	Keypress: o
382.0622 	Level jitter 	25
389.0397 	Level finished 	25
389.0411 	DATA 	Keypress: o
389.0424 	DATA 	Keypress: o
389.0437 	DATA 	Keypress: o
389.0633 	Level image=tasty.jpg 	25
390.0423 	DATA 	Keypress: o
390.0628 	Level injecting via pump at address 0 	25
396.0454 	DATA 	Keypress: o
396.0468 	DATA 	Keypress: o
396.0479 	DATA 	Keypress: o
396.0632 	Level WAIT 	25
397.0633 	Level RINSE 	25
399.0447 	DATA 	Keypress: o
399.0639 	Level jitter 	25
403.0397 	Level finished 	25
