60.4715 	DATA 	Keypress: o
60.4725 	Level start key press 	25
62.4898 	DATA 	Keypress: o
64.4734 	DATA 	Keypress: o
66.4735 	DATA 	Keypress: o
68.4907 	DATA 	Keypress: o
69.0048 	Level image=tasty.jpg 	25
69.9388 	Level injecting via pump at address 1 	25
75.9270 	DATA 	Keypress: o
75.9283 	DATA 	Keypress: o
75.9295 	DATA 	Keypress: o
75.9388 	Level WAIT 	25
76.9243 	DATA 	Keypress: o
76.9391 	Level RINSE 	25
78.9337 	DATA 	Keypress: o
78.9559 	Level jitter 	25
87.9215 	Level finished 	25
87.9227 	DATA 	Keypress: o
87.9237 	DATA 	Keypress: o
87.9247 	DATA 	Keypress: o
87.9256 	DATA 	Keypress: o
87.9406 	Level image=waterlogo.jpg 	25
88.9244 	DATA 	Keypress: o
88.9404 	Level injecting via pump at address 0 	25
94.9272 	DATA 	Keypress: o
94.9285 	DATA 	Keypress: o
94.9299 	DATA 	Keypress: o
94.9410 	Level WAIT 	25
95.9411 	Level RINSE 	25
97.9259 	DATA 	Keypress: o
97.9418 	Level jitter 	25
101.9215 	Level finished 	25
101.9229 	DATA 	Keypress: o
101.9242 	DATA 	Keypress: o
101.9418 	Level image=tasty.jpg 	25
102.9243 	DATA 	Keypress: o
102.9420 	Level injecting via pump at address 1 	25
108.9269 	DATA 	Keypress: o
108.9282 	DATA 	Keypress: o
108.9293 	DATA 	Keypress: o
108.9596 	Level WAIT 	25
109.9426 	Level RINSE 	25
111.9259 	DATA 	Keypress: o
111.9428 	Level jitter 	25
115.9215 	Level finished 	25
115.9229 	DATA 	Keypress: o
115.9242 	DATA 	Keypress: o
115.9434 	Level image=waterlogo.jpg 	25
116.9239 	DATA 	Keypress: o
116.9435 	Level injecting via pump at address 0 	25
122.9274 	DATA 	Keypress: o
122.9287 	DATA 	Keypress: o
122.9299 	DATA 	Keypress: o
122.9444 	Level WAIT 	25
123.9441 	Level RINSE 	25
125.9260 	DATA 	Keypress: o
125.9444 	Level jitter 	25
129.9215 	Level finished 	25
129.9229 	DATA 	Keypress: o
129.9242 	DATA 	Keypress: o
129.9449 	Level image=waterlogo.jpg 	25
130.9242 	DATA 	Keypress: o
130.9451 	Level injecting via pump at address 0 	25
136.9265 	DATA 	Keypress: o
136.9278 	DATA 	Keypress: o
136.9290 	DATA 	Keypress: o
136.9460 	Level WAIT 	25
137.9291 	Level RINSE 	25
139.9265 	DATA 	Keypress: o
139.9459 	Level jitter 	25
143.9215 	Level finished 	25
143.9227 	DATA 	Keypress: o
143.9238 	DATA 	Keypress: o
143.9464 	Level image=tasty.jpg 	25
144.9238 	DATA 	Keypress: o
144.9467 	Level injecting via pump at address 1 	25
150.9270 	DATA 	Keypress: o
150.9283 	DATA 	Keypress: o
150.9295 	DATA 	Keypress: o
150.9475 	Level WAIT 	25
151.9472 	Level RINSE 	25
153.9271 	DATA 	Keypress: o
153.9474 	Level jitter 	25
159.9215 	Level finished 	25
159.9227 	DATA 	Keypress: o
159.9239 	DATA 	Keypress: o
159.9252 	DATA 	Keypress: o
159.9482 	Level image=waterlogo.jpg 	25
160.9241 	DATA 	Keypress: o
160.9487 	Level injecting via pump at address 0 	25
166.9271 	DATA 	Keypress: o
166.9285 	DATA 	Keypress: o
166.9295 	DATA 	Keypress: o
166.9489 	Level WAIT 	25
167.9490 	Level RINSE 	25
169.9265 	DATA 	Keypress: o
169.9492 	Level jitter 	25
172.9215 	Level finished 	25
172.9227 	DATA 	Keypress: o
172.9238 	DATA 	Keypress: o
172.9501 	Level image=tasty.jpg 	25
173.9498 	Level injecting via pump at address 1 	25
179.9271 	DATA 	Keypress: o
179.9284 	DATA 	Keypress: o
179.9296 	DATA 	Keypress: o
179.9503 	Level WAIT 	25
180.9243 	DATA 	Keypress: o
180.9505 	Level RINSE 	25
182.9265 	DATA 	Keypress: o
182.9511 	Level jitter 	25
185.9215 	Level finished 	25
185.9228 	DATA 	Keypress: o
185.9510 	Level image=waterlogo.jpg 	25
186.9241 	DATA 	Keypress: o
186.9513 	Level injecting via pump at address 0 	25
192.9263 	DATA 	Keypress: o
192.9276 	DATA 	Keypress: o
192.9289 	DATA 	Keypress: o
192.9522 	Level WAIT 	25
193.9352 	Level RINSE 	25
195.9270 	DATA 	Keypress: o
195.9520 	Level jitter 	25
199.9215 	Level finished 	25
199.9227 	DATA 	Keypress: o
199.9238 	DATA 	Keypress: o
199.9359 	Level image=waterlogo.jpg 	25
200.9238 	DATA 	Keypress: o
200.9360 	Level injecting via pump at address 0 	25
206.9273 	DATA 	Keypress: o
206.9288 	DATA 	Keypress: o
206.9302 	DATA 	Keypress: o
206.9370 	Level WAIT 	25
207.9367 	Level RINSE 	25
209.9268 	DATA 	Keypress: o
209.9370 	Level jitter 	25
214.9215 	Level finished 	25
214.9227 	DATA 	Keypress: o
214.9237 	DATA 	Keypress: o
214.9247 	DATA 	Keypress: o
214.9543 	Level image=tasty.jpg 	25
215.9376 	Level injecting via pump at address 1 	25
221.9269 	DATA 	Keypress: o
221.9282 	DATA 	Keypress: o
221.9294 	DATA 	Keypress: o
221.9387 	Level WAIT 	25
222.9239 	DATA 	Keypress: o
222.9384 	Level RINSE 	25
224.9279 	DATA 	Keypress: o
224.9386 	Level jitter 	25
227.9215 	Level finished 	25
227.9228 	DATA 	Keypress: o
227.9390 	Level image=waterlogo.jpg 	25
228.9242 	DATA 	Keypress: o
228.9391 	Level injecting via pump at address 0 	25
234.9267 	DATA 	Keypress: o
234.9278 	DATA 	Keypress: o
234.9288 	DATA 	Keypress: o
234.9401 	Level WAIT 	25
235.9398 	Level RINSE 	25
237.9266 	DATA 	Keypress: o
237.9400 	Level jitter 	25
245.9215 	Level finished 	25
245.9228 	DATA 	Keypress: o
245.9238 	DATA 	Keypress: o
245.9248 	DATA 	Keypress: o
245.9260 	DATA 	Keypress: o
245.9581 	Level image=tasty.jpg 	25
246.9239 	DATA 	Keypress: o
246.9411 	Level injecting via pump at address 1 	25
252.9261 	DATA 	Keypress: o
252.9272 	DATA 	Keypress: o
252.9281 	DATA 	Keypress: o
252.9417 	Level WAIT 	25
253.9419 	Level RINSE 	25
255.9266 	DATA 	Keypress: o
255.9591 	Level jitter 	25
257.9215 	Level finished 	25
257.9226 	DATA 	Keypress: o
257.9422 	Level image=tasty.jpg 	25
258.9241 	DATA 	Keypress: o
258.9425 	Level injecting via pump at address 1 	25
264.9274 	DATA 	Keypress: o
264.9287 	DATA 	Keypress: o
264.9299 	DATA 	Keypress: o
264.9597 	Level WAIT 	25
265.9436 	Level RINSE 	25
267.9264 	DATA 	Keypress: o
267.9433 	Level jitter 	25
269.9215 	Level finished 	25
269.9227 	DATA 	Keypress: o
269.9437 	Level image=waterlogo.jpg 	25
270.9242 	DATA 	Keypress: o
270.9438 	Level injecting via pump at address 0 	25
276.9269 	DATA 	Keypress: o
276.9280 	DATA 	Keypress: o
276.9290 	DATA 	Keypress: o
276.9448 	Level WAIT 	25
277.9278 	Level RINSE 	25
279.9264 	DATA 	Keypress: o
279.9446 	Level jitter 	25
282.9215 	Level finished 	25
282.9228 	DATA 	Keypress: o
282.9240 	DATA 	Keypress: o
282.9451 	Level image=tasty.jpg 	25
283.9452 	Level injecting via pump at address 1 	25
289.9261 	DATA 	Keypress: o
289.9273 	DATA 	Keypress: o
289.9285 	DATA 	Keypress: o
289.9462 	Level WAIT 	25
290.9239 	DATA 	Keypress: o
290.9293 	Level RINSE 	25
292.9268 	DATA 	Keypress: o
292.9461 	Level jitter 	25
294.9215 	Level finished 	25
294.9227 	DATA 	Keypress: o
294.9463 	Level image=waterlogo.jpg 	25
295.9465 	Level injecting via pump at address 0 	25
301.9262 	DATA 	Keypress: o
301.9273 	DATA 	Keypress: o
301.9283 	DATA 	Keypress: o
301.9475 	Level WAIT 	25
302.9242 	DATA 	Keypress: o
302.9306 	Level RINSE 	25
304.9262 	DATA 	Keypress: o
304.9474 	Level jitter 	25
305.9215 	Level finished 	25
305.9475 	Level image=tasty.jpg 	25
306.9246 	DATA 	Keypress: o
306.9477 	Level injecting via pump at address 1 	25
312.9270 	DATA 	Keypress: o
312.9283 	DATA 	Keypress: o
312.9296 	DATA 	Keypress: o
312.9489 	Level WAIT 	25
313.9485 	Level RINSE 	25
315.9269 	DATA 	Keypress: o
315.9319 	Level jitter 	25
317.9215 	Level finished 	25
317.9227 	DATA 	Keypress: o
317.9489 	Level image=waterlogo.jpg 	25
318.9244 	DATA 	Keypress: o
318.9323 	Level injecting via pump at address 0 	25
324.9281 	DATA 	Keypress: o
324.9294 	DATA 	Keypress: o
324.9306 	DATA 	Keypress: o
324.9501 	Level WAIT 	25
325.9330 	Level RINSE 	25
327.9270 	DATA 	Keypress: o
327.9332 	Level jitter 	25
333.9215 	Level finished 	25
333.9230 	DATA 	Keypress: o
333.9244 	DATA 	Keypress: o
333.9257 	DATA 	Keypress: o
333.9505 	Level image=waterlogo.jpg 	25
334.9241 	DATA 	Keypress: o
334.9346 	Level injecting via pump at address 0 	25
340.9273 	DATA 	Keypress: o
340.9286 	DATA 	Keypress: o
340.9299 	DATA 	Keypress: o
340.9514 	Level WAIT 	25
341.9348 	Level RINSE 	25
343.9260 	DATA 	Keypress: o
343.9350 	Level jitter 	25
346.9215 	Level finished 	25
346.9230 	DATA 	Keypress: o
346.9243 	DATA 	Keypress: o
346.9358 	Level image=tasty.jpg 	25
347.9355 	Level injecting via pump at address 1 	25
353.9275 	DATA 	Keypress: o
353.9288 	DATA 	Keypress: o
353.9300 	DATA 	Keypress: o
353.9528 	Level WAIT 	25
354.9241 	DATA 	Keypress: o
354.9530 	Level RINSE 	25
356.9267 	DATA 	Keypress: o
356.9369 	Level jitter 	25
364.9215 	Level finished 	25
364.9228 	DATA 	Keypress: o
364.9239 	DATA 	Keypress: o
364.9251 	DATA 	Keypress: o
364.9263 	DATA 	Keypress: o
364.9541 	Level image=waterlogo.jpg 	25
365.9376 	Level injecting via pump at address 0 	25
371.9268 	DATA 	Keypress: o
371.9279 	DATA 	Keypress: o
371.9291 	DATA 	Keypress: o
371.9385 	Level WAIT 	25
372.9243 	DATA 	Keypress: o
372.9381 	Level RINSE 	25
374.9268 	DATA 	Keypress: o
374.9384 	Level jitter 	25
379.9215 	Level finished 	25
379.9231 	DATA 	Keypress: o
379.9244 	DATA 	Keypress: o
379.9556 	Level image=tasty.jpg 	25
380.9239 	DATA 	Keypress: o
380.9393 	Level injecting via pump at address 1 	25
386.9270 	DATA 	Keypress: o
386.9284 	DATA 	Keypress: o
386.9297 	DATA 	Keypress: o
386.9570 	Level WAIT 	25
387.9399 	Level RINSE 	25
389.9269 	DATA 	Keypress: o
389.9567 	Level jitter 	25
393.9215 	Level finished 	25
393.9229 	DATA 	Keypress: o
393.9243 	DATA 	Keypress: o
393.9406 	Level image=waterlogo.jpg 	25
394.9242 	DATA 	Keypress: o
394.9408 	Level injecting via pump at address 0 	25
400.9267 	DATA 	Keypress: o
400.9278 	DATA 	Keypress: o
400.9288 	DATA 	Keypress: o
400.9417 	Level WAIT 	25
401.9414 	Level RINSE 	25
403.9267 	DATA 	Keypress: o
403.9416 	Level jitter 	25
408.9215 	Level finished 	25
408.9228 	DATA 	Keypress: o
408.9241 	DATA 	Keypress: o
408.9255 	DATA 	Keypress: o
408.9422 	Level image=tasty.jpg 	25
409.9424 	Level injecting via pump at address 1 	25
415.9273 	DATA 	Keypress: o
415.9286 	DATA 	Keypress: o
415.9298 	DATA 	Keypress: o
415.9433 	Level WAIT 	25
416.9243 	DATA 	Keypress: o
416.9430 	Level RINSE 	25
418.9266 	DATA 	Keypress: o
418.9433 	Level jitter 	25
427.9215 	Level finished 	25
427.9227 	DATA 	Keypress: o
427.9237 	DATA 	Keypress: o
427.9248 	DATA 	Keypress: o
427.9263 	DATA 	Keypress: o
427.9447 	Level image=waterlogo.jpg 	25
428.9239 	DATA 	Keypress: o
428.9444 	Level injecting via pump at address 0 	25
434.9262 	DATA 	Keypress: o
434.9275 	DATA 	Keypress: o
434.9287 	DATA 	Keypress: o
434.9450 	Level WAIT 	25
435.9452 	Level RINSE 	25
437.9262 	DATA 	Keypress: o
437.9458 	Level jitter 	25
446.9215 	Level finished 	25
446.9228 	DATA 	Keypress: o
446.9239 	DATA 	Keypress: o
446.9248 	DATA 	Keypress: o
446.9258 	DATA 	Keypress: o
446.9267 	DATA 	Keypress: o
446.9464 	Level image=tasty.jpg 	25
447.9469 	Level injecting via pump at address 1 	25
453.9263 	DATA 	Keypress: o
453.9274 	DATA 	Keypress: o
453.9284 	DATA 	Keypress: o
453.9472 	Level WAIT 	25
454.9238 	DATA 	Keypress: o
454.9473 	Level RINSE 	25
456.9264 	DATA 	Keypress: o
456.9474 	Level jitter 	25
460.9215 	Level finished 	25
460.9229 	DATA 	Keypress: o
460.9240 	DATA 	Keypress: o
460.9483 	Level image=tasty.jpg 	25
461.9480 	Level injecting via pump at address 1 	25
467.9266 	DATA 	Keypress: o
467.9276 	DATA 	Keypress: o
467.9285 	DATA 	Keypress: o
467.9487 	Level WAIT 	25
468.9244 	DATA 	Keypress: o
468.9320 	Level RINSE 	25
470.9263 	DATA 	Keypress: o
470.9494 	Level jitter 	25
473.9215 	Level finished 	25
473.9228 	DATA 	Keypress: o
473.9493 	Level image=waterlogo.jpg 	25
474.9242 	DATA 	Keypress: o
474.9328 	Level injecting via pump at address 0 	25
480.9267 	DATA 	Keypress: o
480.9278 	DATA 	Keypress: o
480.9288 	DATA 	Keypress: o
480.9337 	Level WAIT 	25
481.9335 	Level RINSE 	25
483.9265 	DATA 	Keypress: o
483.9337 	Level jitter 	25
484.9215 	Level finished 	25
484.9226 	DATA 	Keypress: o
484.9338 	Level image=tasty.jpg 	25
485.9506 	Level injecting via pump at address 1 	25
491.9269 	DATA 	Keypress: o
491.9281 	DATA 	Keypress: o
491.9294 	DATA 	Keypress: o
491.9517 	Level WAIT 	25
492.9243 	DATA 	Keypress: o
492.9514 	Level RINSE 	25
494.9276 	DATA 	Keypress: o
494.9516 	Level jitter 	25
501.9215 	Level finished 	25
501.9229 	DATA 	Keypress: o
501.9243 	DATA 	Keypress: o
501.9255 	DATA 	Keypress: o
501.9529 	Level image=waterlogo.jpg 	25
502.9241 	DATA 	Keypress: o
502.9358 	Level injecting via pump at address 0 	25
508.9271 	DATA 	Keypress: o
508.9284 	DATA 	Keypress: o
508.9296 	DATA 	Keypress: o
508.9364 	Level WAIT 	25
509.9366 	Level RINSE 	25
511.9270 	DATA 	Keypress: o
511.9372 	Level jitter 	25
512.9215 	Level finished 	25
512.9228 	DATA 	Keypress: o
512.9369 	Level image=tasty.jpg 	25
513.9371 	Level injecting via pump at address 1 	25
519.9264 	DATA 	Keypress: o
519.9275 	DATA 	Keypress: o
519.9285 	DATA 	Keypress: o
519.9544 	Level WAIT 	25
520.9243 	DATA 	Keypress: o
520.9545 	Level RINSE 	25
522.9264 	DATA 	Keypress: o
522.9384 	Level jitter 	25
528.9215 	Level finished 	25
