56.5330 	DATA 	Keypress: o
56.5341 	Level start key press 	25
58.5364 	DATA 	Keypress: o
60.5368 	DATA 	Keypress: o
62.5369 	DATA 	Keypress: o
64.5372 	DATA 	Keypress: o
64.9348 	Level image=waterlogo.jpg 	25
65.8686 	Level injecting via pump at address 0 	25
71.8568 	DATA 	Keypress: o
71.8580 	DATA 	Keypress: o
71.8591 	DATA 	Keypress: o
71.8688 	Level WAIT 	25
72.8538 	DATA 	Keypress: o
72.8690 	Level RINSE 	25
74.8648 	DATA 	Keypress: o
74.8693 	Level jitter 	25
83.8514 	Level finished 	25
83.8526 	DATA 	Keypress: o
83.8536 	DATA 	Keypress: o
83.8545 	DATA 	Keypress: o
83.8554 	DATA 	Keypress: o
83.8874 	Level image=waterlogo.jpg 	25
84.8542 	DATA 	Keypress: o
84.8705 	Level injecting via pump at address 0 	25
90.8573 	DATA 	Keypress: o
90.8587 	DATA 	Keypress: o
90.8599 	DATA 	Keypress: o
90.8712 	Level WAIT 	25
91.8713 	Level RINSE 	25
93.8558 	DATA 	Keypress: o
93.8718 	Level jitter 	25
98.8514 	Level finished 	25
98.8530 	DATA 	Keypress: o
98.8542 	DATA 	Keypress: o
98.8554 	DATA 	Keypress: o
98.8888 	Level image=tasty.jpg 	25
99.8557 	Level injecting via pump at address 0 	25
105.8566 	DATA 	Keypress: o
105.8577 	DATA 	Keypress: o
105.8589 	DATA 	Keypress: o
105.8899 	Level WAIT 	25
106.8541 	DATA 	Keypress: o
106.8731 	Level RINSE 	25
108.8559 	DATA 	Keypress: o
108.8733 	Level jitter 	25
109.8514 	Level finished 	25
109.8734 	Level image=tasty.jpg 	25
110.8540 	DATA 	Keypress: o
110.8735 	Level injecting via pump at address 1 	25
116.8562 	DATA 	Keypress: o
116.8572 	DATA 	Keypress: o
116.8582 	DATA 	Keypress: o
116.8746 	Level WAIT 	25
117.8744 	Level RINSE 	25
119.8569 	DATA 	Keypress: o
119.8746 	Level jitter 	25
124.8514 	Level finished 	25
124.8527 	DATA 	Keypress: o
124.8538 	DATA 	Keypress: o
124.8547 	DATA 	Keypress: o
124.8751 	Level image=tasty.jpg 	25
125.8753 	Level injecting via pump at address 0 	25
131.8572 	DATA 	Keypress: o
131.8586 	DATA 	Keypress: o
131.8599 	DATA 	Keypress: o
131.8764 	Level WAIT 	25
132.8540 	DATA 	Keypress: o
132.8761 	Level RINSE 	25
134.8568 	DATA 	Keypress: o
134.8764 	Level jitter 	25
138.8514 	Level finished 	25
138.8527 	DATA 	Keypress: o
138.8537 	DATA 	Keypress: o
138.8769 	Level image=waterlogo.jpg 	25
139.8770 	Level injecting via pump at address 0 	25
145.8559 	DATA 	Keypress: o
145.8570 	DATA 	Keypress: o
145.8580 	DATA 	Keypress: o
145.8780 	Level WAIT 	25
146.8539 	DATA 	Keypress: o
146.8611 	Level RINSE 	25
148.8562 	DATA 	Keypress: o
148.8780 	Level jitter 	25
150.8514 	Level finished 	25
150.8526 	DATA 	Keypress: o
150.8782 	Level image=tasty.jpg 	25
151.8783 	Level injecting via pump at address 0 	25
157.8562 	DATA 	Keypress: o
157.8575 	DATA 	Keypress: o
157.8584 	DATA 	Keypress: o
157.8794 	Level WAIT 	25
158.8542 	DATA 	Keypress: o
158.8791 	Level RINSE 	25
160.8564 	DATA 	Keypress: o
160.8794 	Level jitter 	25
168.8514 	Level finished 	25
168.8527 	DATA 	Keypress: o
168.8540 	DATA 	Keypress: o
168.8550 	DATA 	Keypress: o
168.8559 	DATA 	Keypress: o
168.8807 	Level image=waterlogo.jpg 	25
169.8638 	Level injecting via pump at address 0 	25
175.8562 	DATA 	Keypress: o
175.8574 	DATA 	Keypress: o
175.8584 	DATA 	Keypress: o
175.8812 	Level WAIT 	25
176.8538 	DATA 	Keypress: o
176.8813 	Level RINSE 	25
178.8559 	DATA 	Keypress: o
178.8651 	Level jitter 	25
183.8514 	Level finished 	25
183.8527 	DATA 	Keypress: o
183.8536 	DATA 	Keypress: o
183.8820 	Level image=tasty.jpg 	25
184.8542 	DATA 	Keypress: o
184.8656 	Level injecting via pump at address 1 	25
190.8578 	DATA 	Keypress: o
190.8592 	DATA 	Keypress: o
190.8604 	DATA 	Keypress: o
190.8666 	Level WAIT 	25
191.8664 	Level RINSE 	25
193.8564 	DATA 	Keypress: o
193.8665 	Level jitter 	25
195.8514 	Level finished 	25
195.8527 	DATA 	Keypress: o
195.8835 	Level image=tasty.jpg 	25
196.8543 	DATA 	Keypress: o
196.8670 	Level injecting via pump at address 0 	25
202.8570 	DATA 	Keypress: o
202.8584 	DATA 	Keypress: o
202.8598 	DATA 	Keypress: o
202.8680 	Level WAIT 	25
203.8677 	Level RINSE 	25
205.8565 	DATA 	Keypress: o
205.8679 	Level jitter 	25
208.8514 	Level finished 	25
208.8525 	DATA 	Keypress: o
208.8535 	DATA 	Keypress: o
208.8850 	Level image=waterlogo.jpg 	25
209.8685 	Level injecting via pump at address 0 	25
215.8570 	DATA 	Keypress: o
215.8583 	DATA 	Keypress: o
215.8593 	DATA 	Keypress: o
215.8695 	Level WAIT 	25
216.8546 	DATA 	Keypress: o
216.8693 	Level RINSE 	25
218.8572 	DATA 	Keypress: o
218.8695 	Level jitter 	25
226.8514 	Level finished 	25
226.8528 	DATA 	Keypress: o
226.8540 	DATA 	Keypress: o
226.8550 	DATA 	Keypress: o
226.8561 	DATA 	Keypress: o
226.8876 	Level image=tasty.jpg 	25
227.8706 	Level injecting via pump at address 0 	25
233.8565 	DATA 	Keypress: o
233.8577 	DATA 	Keypress: o
233.8589 	DATA 	Keypress: o
233.8879 	Level WAIT 	25
234.8543 	DATA 	Keypress: o
234.8713 	Level RINSE 	25
236.8567 	DATA 	Keypress: o
236.8887 	Level jitter 	25
238.8514 	Level finished 	25
238.8527 	DATA 	Keypress: o
238.8718 	Level image=tasty.jpg 	25
239.8719 	Level injecting via pump at address 1 	25
245.8572 	DATA 	Keypress: o
245.8586 	DATA 	Keypress: o
245.8598 	DATA 	Keypress: o
245.8893 	Level WAIT 	25
246.8538 	DATA 	Keypress: o
246.8732 	Level RINSE 	25
248.8564 	DATA 	Keypress: o
248.8730 	Level jitter 	25
257.8514 	Level finished 	25
257.8529 	DATA 	Keypress: o
257.8544 	DATA 	Keypress: o
257.8556 	DATA 	Keypress: o
257.8568 	DATA 	Keypress: o
257.8911 	Level image=waterlogo.jpg 	25
258.8542 	DATA 	Keypress: o
258.8575 	Level injecting via pump at address 0 	25
264.8568 	DATA 	Keypress: o
264.8581 	DATA 	Keypress: o
264.8591 	DATA 	Keypress: o
264.8916 	Level WAIT 	25
265.8583 	Level RINSE 	25
267.8564 	DATA 	Keypress: o
267.8756 	Level jitter 	25
275.8514 	Level finished 	25
275.8529 	DATA 	Keypress: o
275.8544 	DATA 	Keypress: o
275.8556 	DATA 	Keypress: o
275.8567 	DATA 	Keypress: o
275.8763 	Level image=tasty.jpg 	25
276.8539 	DATA 	Keypress: o
276.8763 	Level injecting via pump at address 0 	25
282.8571 	DATA 	Keypress: o
282.8583 	DATA 	Keypress: o
282.8593 	DATA 	Keypress: o
282.8774 	Level WAIT 	25
283.8606 	Level RINSE 	25
285.8568 	DATA 	Keypress: o
285.8773 	Level jitter 	25
287.8514 	Level finished 	25
287.8525 	DATA 	Keypress: o
287.8777 	Level image=waterlogo.jpg 	25
288.8542 	DATA 	Keypress: o
288.8778 	Level injecting via pump at address 0 	25
294.8568 	DATA 	Keypress: o
294.8581 	DATA 	Keypress: o
294.8593 	DATA 	Keypress: o
294.8788 	Level WAIT 	25
295.8785 	Level RINSE 	25
297.8566 	DATA 	Keypress: o
297.8787 	Level jitter 	25
304.8514 	Level finished 	25
304.8528 	DATA 	Keypress: o
304.8540 	DATA 	Keypress: o
304.8554 	DATA 	Keypress: o
304.8566 	DATA 	Keypress: o
304.8799 	Level image=tasty.jpg 	25
305.8630 	Level injecting via pump at address 1 	25
311.8573 	DATA 	Keypress: o
311.8587 	DATA 	Keypress: o
311.8600 	DATA 	Keypress: o
311.8803 	Level WAIT 	25
312.8543 	DATA 	Keypress: o
312.8639 	Level RINSE 	25
314.8563 	DATA 	Keypress: o
314.8812 	Level jitter 	25
319.8514 	Level finished 	25
319.8528 	DATA 	Keypress: o
319.8541 	DATA 	Keypress: o
319.8814 	Level image=tasty.jpg 	25
320.8541 	DATA 	Keypress: o
320.8815 	Level injecting via pump at address 0 	25
326.8568 	DATA 	Keypress: o
326.8578 	DATA 	Keypress: o
326.8587 	DATA 	Keypress: o
326.8825 	Level WAIT 	25
327.8657 	Level RINSE 	25
329.8564 	DATA 	Keypress: o
329.8825 	Level jitter 	25
331.8514 	Level finished 	25
331.8527 	DATA 	Keypress: o
331.8661 	Level image=tasty.jpg 	25
332.8542 	DATA 	Keypress: o
332.8830 	Level injecting via pump at address 1 	25
338.8567 	DATA 	Keypress: o
338.8580 	DATA 	Keypress: o
338.8593 	DATA 	Keypress: o
338.8839 	Level WAIT 	25
339.8837 	Level RINSE 	25
341.8567 	DATA 	Keypress: o
341.8839 	Level jitter 	25
344.8514 	Level finished 	25
344.8526 	DATA 	Keypress: o
344.8536 	DATA 	Keypress: o
344.8843 	Level image=tasty.jpg 	25
345.8845 	Level injecting via pump at address 0 	25
351.8574 	DATA 	Keypress: o
351.8588 	DATA 	Keypress: o
351.8600 	DATA 	Keypress: o
351.8855 	Level WAIT 	25
352.8543 	DATA 	Keypress: o
352.8685 	Level RINSE 	25
354.8563 	DATA 	Keypress: o
354.8854 	Level jitter 	25
356.8514 	Level finished 	25
356.8526 	DATA 	Keypress: o
356.8692 	Level image=tasty.jpg 	25
357.8692 	Level injecting via pump at address 1 	25
363.8566 	DATA 	Keypress: o
363.8579 	DATA 	Keypress: o
363.8589 	DATA 	Keypress: o
363.8869 	Level WAIT 	25
364.8542 	DATA 	Keypress: o
364.8866 	Level RINSE 	25
366.8569 	DATA 	Keypress: o
366.8701 	Level jitter 	25
370.8514 	Level finished 	25
370.8530 	DATA 	Keypress: o
370.8542 	DATA 	Keypress: o
370.8873 	Level image=tasty.jpg 	25
371.8709 	Level injecting via pump at address 0 	25
377.8578 	DATA 	Keypress: o
377.8590 	DATA 	Keypress: o
377.8601 	DATA 	Keypress: o
377.8719 	Level WAIT 	25
378.8545 	DATA 	Keypress: o
378.8716 	Level RINSE 	25
380.8573 	DATA 	Keypress: o
380.8718 	Level jitter 	25
382.8514 	Level finished 	25
382.8528 	DATA 	Keypress: o
382.8721 	Level image=tasty.jpg 	25
383.8555 	Level injecting via pump at address 1 	25
389.8572 	DATA 	Keypress: o
389.8590 	DATA 	Keypress: o
389.8604 	DATA 	Keypress: o
389.8900 	Level WAIT 	25
390.8538 	DATA 	Keypress: o
390.8730 	Level RINSE 	25
392.8569 	DATA 	Keypress: o
392.8898 	Level jitter 	25
400.8514 	Level finished 	25
400.8528 	DATA 	Keypress: o
400.8542 	DATA 	Keypress: o
400.8553 	DATA 	Keypress: o
400.8565 	DATA 	Keypress: o
400.8748 	Level image=tasty.jpg 	25
401.8743 	Level injecting via pump at address 0 	25
407.8572 	DATA 	Keypress: o
407.8584 	DATA 	Keypress: o
407.8595 	DATA 	Keypress: o
407.8750 	Level WAIT 	25
408.8540 	DATA 	Keypress: o
408.8586 	Level RINSE 	25
410.8559 	DATA 	Keypress: o
410.8757 	Level jitter 	25
417.8514 	Level finished 	25
