154.5279 	DATA 	Keypress: o
154.5285 	Level start key press 	25
156.5291 	DATA 	Keypress: o
158.5298 	DATA 	Keypress: o
160.5300 	DATA 	Keypress: o
162.5300 	DATA 	Keypress: o
163.0611 	Level image=waterlogo.jpg 	25
164.0112 	Level injecting via pump at address 0 	25
169.9997 	DATA 	Keypress: o
170.0007 	DATA 	Keypress: o
170.0017 	DATA 	Keypress: o
170.0121 	Level WAIT 	25
170.9974 	DATA 	Keypress: o
171.0117 	Level RINSE 	25
173.0089 	DATA 	Keypress: o
173.0285 	Level jitter 	25
174.9944 	Level finished 	25
174.9957 	DATA 	Keypress: o
175.0120 	Level image=tasty.jpg 	25
176.0120 	Level injecting via pump at address 1 	25
182.0000 	DATA 	Keypress: o
182.0013 	DATA 	Keypress: o
182.0024 	DATA 	Keypress: o
182.0128 	Level WAIT 	25
182.9974 	DATA 	Keypress: o
183.0125 	Level RINSE 	25
184.9998 	DATA 	Keypress: o
185.0127 	Level jitter 	25
186.9944 	Level finished 	25
186.9958 	DATA 	Keypress: o
187.0295 	Level image=tasty.jpg 	25
188.0129 	Level injecting via pump at address 0 	25
194.0000 	DATA 	Keypress: o
194.0013 	DATA 	Keypress: o
194.0025 	DATA 	Keypress: o
194.0137 	Level WAIT 	25
194.9973 	DATA 	Keypress: o
195.0133 	Level RINSE 	25
196.9998 	DATA 	Keypress: o
197.0134 	Level jitter 	25
201.9944 	Level finished 	25
201.9961 	DATA 	Keypress: o
201.9974 	DATA 	Keypress: o
202.0305 	Level image=tasty.jpg 	25
202.9974 	DATA 	Keypress: o
203.0139 	Level injecting via pump at address 1 	25
209.0002 	DATA 	Keypress: o
209.0014 	DATA 	Keypress: o
209.0025 	DATA 	Keypress: o
209.0313 	Level WAIT 	25
210.0143 	Level RINSE 	25
211.9994 	DATA 	Keypress: o
212.0311 	Level jitter 	25
217.9944 	Level finished 	25
217.9958 	DATA 	Keypress: o
217.9970 	DATA 	Keypress: o
217.9980 	DATA 	Keypress: o
218.0317 	Level image=tasty.jpg 	25
218.9969 	DATA 	Keypress: o
219.0154 	Level injecting via pump at address 0 	25
225.0012 	DATA 	Keypress: o
225.0029 	DATA 	Keypress: o
225.0041 	DATA 	Keypress: o
225.0153 	Level WAIT 	25
226.0154 	Level RINSE 	25
227.9998 	DATA 	Keypress: o
228.0157 	Level jitter 	25
229.9944 	Level finished 	25
229.9958 	DATA 	Keypress: o
230.0162 	Level image=waterlogo.jpg 	25
230.9971 	DATA 	Keypress: o
231.0158 	Level injecting via pump at address 0 	25
236.9990 	DATA 	Keypress: o
237.0009 	DATA 	Keypress: o
237.0022 	DATA 	Keypress: o
237.0328 	Level WAIT 	25
238.0163 	Level RINSE 	25
240.0000 	DATA 	Keypress: o
240.0168 	Level jitter 	25
248.9944 	Level finished 	25
248.9958 	DATA 	Keypress: o
248.9971 	DATA 	Keypress: o
248.9982 	DATA 	Keypress: o
248.9992 	DATA 	Keypress: o
249.0001 	DATA 	Keypress: o
249.0338 	Level image=tasty.jpg 	25
250.0009 	Level injecting via pump at address 0 	25
255.9999 	DATA 	Keypress: o
256.0010 	DATA 	Keypress: o
256.0021 	DATA 	Keypress: o
256.0174 	Level WAIT 	25
256.9971 	DATA 	Keypress: o
257.0177 	Level RINSE 	25
258.9991 	DATA 	Keypress: o
259.0178 	Level jitter 	25
259.9944 	Level finished 	25
260.0182 	Level image=waterlogo.jpg 	25
260.9970 	DATA 	Keypress: o
261.0179 	Level injecting via pump at address 0 	25
266.9991 	DATA 	Keypress: o
267.0002 	DATA 	Keypress: o
267.0014 	DATA 	Keypress: o
267.0182 	Level WAIT 	25
268.0183 	Level RINSE 	25
269.9990 	DATA 	Keypress: o
270.0189 	Level jitter 	25
275.9944 	Level finished 	25
275.9959 	DATA 	Keypress: o
275.9974 	DATA 	Keypress: o
275.9987 	DATA 	Keypress: o
276.0189 	Level image=tasty.jpg 	25
276.9973 	DATA 	Keypress: o
277.0190 	Level injecting via pump at address 0 	25
282.9999 	DATA 	Keypress: o
283.0009 	DATA 	Keypress: o
283.0018 	DATA 	Keypress: o
283.0198 	Level WAIT 	25
284.0195 	Level RINSE 	25
285.9993 	DATA 	Keypress: o
286.0196 	Level jitter 	25
293.9944 	Level finished 	25
293.9957 	DATA 	Keypress: o
293.9970 	DATA 	Keypress: o
293.9982 	DATA 	Keypress: o
293.9992 	DATA 	Keypress: o
294.0204 	Level image=tasty.jpg 	25
294.9971 	DATA 	Keypress: o
295.0202 	Level injecting via pump at address 1 	25
300.9997 	DATA 	Keypress: o
301.0007 	DATA 	Keypress: o
301.0019 	DATA 	Keypress: o
301.0206 	Level WAIT 	25
302.0207 	Level RINSE 	25
303.9994 	DATA 	Keypress: o
304.0212 	Level jitter 	25
308.9944 	Level finished 	25
308.9958 	DATA 	Keypress: o
308.9971 	DATA 	Keypress: o
308.9981 	DATA 	Keypress: o
309.0212 	Level image=tasty.jpg 	25
310.0047 	Level injecting via pump at address 0 	25
315.9999 	DATA 	Keypress: o
316.0010 	DATA 	Keypress: o
316.0021 	DATA 	Keypress: o
316.0221 	Level WAIT 	25
316.9968 	DATA 	Keypress: o
317.0218 	Level RINSE 	25
318.9994 	DATA 	Keypress: o
319.0052 	Level jitter 	25
325.9944 	Level finished 	25
325.9958 	DATA 	Keypress: o
325.9970 	DATA 	Keypress: o
325.9982 	DATA 	Keypress: o
326.0227 	Level image=waterlogo.jpg 	25
326.9972 	DATA 	Keypress: o
327.0225 	Level injecting via pump at address 0 	25
332.9995 	DATA 	Keypress: o
333.0005 	DATA 	Keypress: o
333.0015 	DATA 	Keypress: o
333.0228 	Level WAIT 	25
334.0229 	Level RINSE 	25
335.9992 	DATA 	Keypress: o
336.0234 	Level jitter 	25
341.9944 	Level finished 	25
341.9957 	DATA 	Keypress: o
341.9968 	DATA 	Keypress: o
341.9977 	DATA 	Keypress: o
342.0235 	Level image=waterlogo.jpg 	25
342.9972 	DATA 	Keypress: o
343.0237 	Level injecting via pump at address 0 	25
348.9994 	DATA 	Keypress: o
349.0006 	DATA 	Keypress: o
349.0017 	DATA 	Keypress: o
349.0243 	Level WAIT 	25
350.0073 	Level RINSE 	25
351.9994 	DATA 	Keypress: o
352.0241 	Level jitter 	25
353.9944 	Level finished 	25
353.9955 	DATA 	Keypress: o
354.0077 	Level image=tasty.jpg 	25
354.9972 	DATA 	Keypress: o
355.0244 	Level injecting via pump at address 0 	25
360.9999 	DATA 	Keypress: o
361.0010 	DATA 	Keypress: o
361.0020 	DATA 	Keypress: o
361.0251 	Level WAIT 	25
362.0248 	Level RINSE 	25
363.9989 	DATA 	Keypress: o
364.0250 	Level jitter 	25
370.9944 	Level finished 	25
370.9958 	DATA 	Keypress: o
370.9971 	DATA 	Keypress: o
370.9981 	DATA 	Keypress: o
370.9991 	DATA 	Keypress: o
371.0259 	Level image=tasty.jpg 	25
372.0089 	Level injecting via pump at address 1 	25
377.9998 	DATA 	Keypress: o
378.0010 	DATA 	Keypress: o
378.0020 	DATA 	Keypress: o
378.0092 	Level WAIT 	25
378.9972 	DATA 	Keypress: o
379.0093 	Level RINSE 	25
380.9994 	DATA 	Keypress: o
381.0099 	Level jitter 	25
388.9944 	Level finished 	25
388.9958 	DATA 	Keypress: o
388.9970 	DATA 	Keypress: o
388.9980 	DATA 	Keypress: o
388.9990 	DATA 	Keypress: o
389.0268 	Level image=waterlogo.jpg 	25
390.0268 	Level injecting via pump at address 0 	25
396.0000 	DATA 	Keypress: o
396.0015 	DATA 	Keypress: o
396.0027 	DATA 	Keypress: o
396.0275 	Level WAIT 	25
396.9971 	DATA 	Keypress: o
397.0107 	Level RINSE 	25
399.0001 	DATA 	Keypress: o
399.0274 	Level jitter 	25
406.9944 	Level finished 	25
406.9957 	DATA 	Keypress: o
406.9966 	DATA 	Keypress: o
406.9979 	DATA 	Keypress: o
406.9993 	DATA 	Keypress: o
407.0283 	Level image=tasty.jpg 	25
408.0114 	Level injecting via pump at address 1 	25
413.9996 	DATA 	Keypress: o
414.0006 	DATA 	Keypress: o
414.0015 	DATA 	Keypress: o
414.0284 	Level WAIT 	25
414.9972 	DATA 	Keypress: o
415.0286 	Level RINSE 	25
416.9996 	DATA 	Keypress: o
417.0123 	Level jitter 	25
418.9944 	Level finished 	25
418.9957 	DATA 	Keypress: o
419.0121 	Level image=tasty.jpg 	25
420.0122 	Level injecting via pump at address 0 	25
425.9995 	DATA 	Keypress: o
426.0008 	DATA 	Keypress: o
426.0019 	DATA 	Keypress: o
426.0126 	Level WAIT 	25
426.9972 	DATA 	Keypress: o
427.0131 	Level RINSE 	25
429.0000 	DATA 	Keypress: o
429.0128 	Level jitter 	25
432.9944 	Level finished 	25
432.9958 	DATA 	Keypress: o
432.9968 	DATA 	Keypress: o
433.0298 	Level image=tasty.jpg 	25
434.0131 	Level injecting via pump at address 1 	25
440.0007 	DATA 	Keypress: o
440.0021 	DATA 	Keypress: o
440.0033 	DATA 	Keypress: o
440.0305 	Level WAIT 	25
440.9973 	DATA 	Keypress: o
441.0137 	Level RINSE 	25
442.9996 	DATA 	Keypress: o
443.0304 	Level jitter 	25
445.9944 	Level finished 	25
445.9958 	DATA 	Keypress: o
446.0307 	Level image=tasty.jpg 	25
446.9972 	DATA 	Keypress: o
447.0140 	Level injecting via pump at address 0 	25
453.0003 	DATA 	Keypress: o
453.0018 	DATA 	Keypress: o
453.0030 	DATA 	Keypress: o
453.0149 	Level WAIT 	25
454.0145 	Level RINSE 	25
455.9997 	DATA 	Keypress: o
456.0147 	Level jitter 	25
463.9944 	Level finished 	25
463.9958 	DATA 	Keypress: o
463.9968 	DATA 	Keypress: o
463.9978 	DATA 	Keypress: o
463.9987 	DATA 	Keypress: o
464.0323 	Level image=waterlogo.jpg 	25
464.9968 	DATA 	Keypress: o
465.0153 	Level injecting via pump at address 0 	25
470.9999 	DATA 	Keypress: o
471.0010 	DATA 	Keypress: o
471.0021 	DATA 	Keypress: o
471.0323 	Level WAIT 	25
472.0157 	Level RINSE 	25
473.9999 	DATA 	Keypress: o
474.0162 	Level jitter 	25
478.9944 	Level finished 	25
478.9959 	DATA 	Keypress: o
478.9973 	DATA 	Keypress: o
478.9984 	DATA 	Keypress: o
479.0162 	Level image=tasty.jpg 	25
480.0163 	Level injecting via pump at address 1 	25
485.9997 	DATA 	Keypress: o
486.0007 	DATA 	Keypress: o
486.0016 	DATA 	Keypress: o
486.0171 	Level WAIT 	25
486.9972 	DATA 	Keypress: o
487.0001 	Level RINSE 	25
489.0002 	DATA 	Keypress: o
489.0169 	Level jitter 	25
495.9944 	Level finished 	25
495.9958 	DATA 	Keypress: o
495.9970 	DATA 	Keypress: o
495.9980 	DATA 	Keypress: o
496.0344 	Level image=tasty.jpg 	25
496.9970 	DATA 	Keypress: o
497.0175 	Level injecting via pump at address 0 	25
503.0000 	DATA 	Keypress: o
503.0012 	DATA 	Keypress: o
503.0022 	DATA 	Keypress: o
503.0178 	Level WAIT 	25
504.0180 	Level RINSE 	25
505.9999 	DATA 	Keypress: o
506.0184 	Level jitter 	25
513.9944 	Level finished 	25
513.9958 	DATA 	Keypress: o
513.9969 	DATA 	Keypress: o
513.9978 	DATA 	Keypress: o
513.9987 	DATA 	Keypress: o
514.0188 	Level image=tasty.jpg 	25
514.9968 	DATA 	Keypress: o
515.0188 	Level injecting via pump at address 0 	25
521.0003 	DATA 	Keypress: o
521.0015 	DATA 	Keypress: o
521.0025 	DATA 	Keypress: o
521.0195 	Level WAIT 	25
522.0026 	Level RINSE 	25
523.9994 	DATA 	Keypress: o
524.0193 	Level jitter 	25
530.9944 	Level finished 	25
