50.2827 	DATA 	Keypress: o
50.2837 	Level start key press 	25
52.2858 	DATA 	Keypress: o
54.2858 	DATA 	Keypress: o
56.2860 	DATA 	Keypress: o
58.2861 	DATA 	Keypress: o
58.7004 	Level image=waterlogo.jpg 	25
59.6339 	Level injecting via pump at address 0 	25
65.6218 	DATA 	Keypress: o
65.6229 	DATA 	Keypress: o
65.6238 	DATA 	Keypress: o
65.6347 	Level WAIT 	25
66.6197 	DATA 	Keypress: o
66.6345 	Level RINSE 	25
68.6310 	DATA 	Keypress: o
68.6345 	Level jitter 	25
77.6172 	Level finished 	25
77.6187 	DATA 	Keypress: o
77.6198 	DATA 	Keypress: o
77.6210 	DATA 	Keypress: o
77.6221 	DATA 	Keypress: o
77.6522 	Level image=waterlogo.jpg 	25
78.6196 	DATA 	Keypress: o
78.6353 	Level injecting via pump at address 0 	25
84.6226 	DATA 	Keypress: o
84.6238 	DATA 	Keypress: o
84.6250 	DATA 	Keypress: o
84.6356 	Level WAIT 	25
85.6357 	Level RINSE 	25
87.6214 	DATA 	Keypress: o
87.6362 	Level jitter 	25
92.6172 	Level finished 	25
92.6186 	DATA 	Keypress: o
92.6198 	DATA 	Keypress: o
92.6213 	DATA 	Keypress: o
92.6528 	Level image=tasty.jpg 	25
93.6363 	Level injecting via pump at address 0 	25
99.6229 	DATA 	Keypress: o
99.6243 	DATA 	Keypress: o
99.6256 	DATA 	Keypress: o
99.6538 	Level WAIT 	25
100.6200 	DATA 	Keypress: o
100.6368 	Level RINSE 	25
102.6225 	DATA 	Keypress: o
102.6535 	Level jitter 	25
103.6172 	Level finished 	25
103.6369 	Level image=tasty.jpg 	25
104.6198 	DATA 	Keypress: o
104.6370 	Level injecting via pump at address 1 	25
110.6229 	DATA 	Keypress: o
110.6242 	DATA 	Keypress: o
110.6254 	DATA 	Keypress: o
110.6378 	Level WAIT 	25
111.6375 	Level RINSE 	25
113.6222 	DATA 	Keypress: o
113.6376 	Level jitter 	25
118.6172 	Level finished 	25
118.6187 	DATA 	Keypress: o
118.6199 	DATA 	Keypress: o
118.6210 	DATA 	Keypress: o
118.6379 	Level image=tasty.jpg 	25
119.6380 	Level injecting via pump at address 0 	25
125.6227 	DATA 	Keypress: o
125.6239 	DATA 	Keypress: o
125.6251 	DATA 	Keypress: o
125.6388 	Level WAIT 	25
126.6209 	DATA 	Keypress: o
126.6385 	Level RINSE 	25
128.6221 	DATA 	Keypress: o
128.6386 	Level jitter 	25
132.6172 	Level finished 	25
132.6186 	DATA 	Keypress: o
132.6196 	DATA 	Keypress: o
132.6389 	Level image=waterlogo.jpg 	25
133.6390 	Level injecting via pump at address 0 	25
139.6226 	DATA 	Keypress: o
139.6238 	DATA 	Keypress: o
139.6250 	DATA 	Keypress: o
139.6565 	Level WAIT 	25
140.6200 	DATA 	Keypress: o
140.6395 	Level RINSE 	25
142.6226 	DATA 	Keypress: o
142.6396 	Level jitter 	25
144.6172 	Level finished 	25
144.6185 	DATA 	Keypress: o
144.6398 	Level image=tasty.jpg 	25
145.6399 	Level injecting via pump at address 0 	25
151.6226 	DATA 	Keypress: o
151.6238 	DATA 	Keypress: o
151.6248 	DATA 	Keypress: o
151.6407 	Level WAIT 	25
152.6202 	DATA 	Keypress: o
152.6404 	Level RINSE 	25
154.6219 	DATA 	Keypress: o
154.6405 	Level jitter 	25
162.6172 	Level finished 	25
162.6186 	DATA 	Keypress: o
162.6196 	DATA 	Keypress: o
162.6206 	DATA 	Keypress: o
162.6216 	DATA 	Keypress: o
162.6414 	Level image=waterlogo.jpg 	25
163.6411 	Level injecting via pump at address 0 	25
169.6228 	DATA 	Keypress: o
169.6241 	DATA 	Keypress: o
169.6253 	DATA 	Keypress: o
169.6415 	Level WAIT 	25
170.6198 	DATA 	Keypress: o
170.6415 	Level RINSE 	25
172.6217 	DATA 	Keypress: o
172.6421 	Level jitter 	25
177.6172 	Level finished 	25
177.6186 	DATA 	Keypress: o
177.6198 	DATA 	Keypress: o
177.6421 	Level image=tasty.jpg 	25
178.6199 	DATA 	Keypress: o
178.6421 	Level injecting via pump at address 1 	25
184.6225 	DATA 	Keypress: o
184.6235 	DATA 	Keypress: o
184.6245 	DATA 	Keypress: o
184.6428 	Level WAIT 	25
185.6426 	Level RINSE 	25
187.6235 	DATA 	Keypress: o
187.6427 	Level jitter 	25
189.6172 	Level finished 	25
189.6184 	DATA 	Keypress: o
189.6429 	Level image=tasty.jpg 	25
190.6200 	DATA 	Keypress: o
190.6263 	Level injecting via pump at address 0 	25
196.6225 	DATA 	Keypress: o
196.6237 	DATA 	Keypress: o
196.6249 	DATA 	Keypress: o
196.6438 	Level WAIT 	25
197.6267 	Level RINSE 	25
199.6219 	DATA 	Keypress: o
199.6268 	Level jitter 	25
202.6172 	Level finished 	25
202.6185 	DATA 	Keypress: o
202.6194 	DATA 	Keypress: o
202.6437 	Level image=waterlogo.jpg 	25
203.6272 	Level injecting via pump at address 0 	25
209.6228 	DATA 	Keypress: o
209.6242 	DATA 	Keypress: o
209.6255 	DATA 	Keypress: o
209.6447 	Level WAIT 	25
210.6196 	DATA 	Keypress: o
210.6444 	Level RINSE 	25
212.6220 	DATA 	Keypress: o
212.6277 	Level jitter 	25
220.6172 	Level finished 	25
220.6186 	DATA 	Keypress: o
220.6198 	DATA 	Keypress: o
220.6208 	DATA 	Keypress: o
220.6218 	DATA 	Keypress: o
220.6454 	Level image=tasty.jpg 	25
221.6285 	Level injecting via pump at address 0 	25
227.6243 	DATA 	Keypress: o
227.6256 	DATA 	Keypress: o
227.6267 	DATA 	Keypress: o
227.6454 	Level WAIT 	25
228.6202 	DATA 	Keypress: o
228.6289 	Level RINSE 	25
230.6222 	DATA 	Keypress: o
230.6460 	Level jitter 	25
232.6172 	Level finished 	25
232.6183 	DATA 	Keypress: o
232.6458 	Level image=tasty.jpg 	25
233.6459 	Level injecting via pump at address 1 	25
239.6228 	DATA 	Keypress: o
239.6242 	DATA 	Keypress: o
239.6255 	DATA 	Keypress: o
239.6463 	Level WAIT 	25
240.6199 	DATA 	Keypress: o
240.6301 	Level RINSE 	25
242.6221 	DATA 	Keypress: o
242.6465 	Level jitter 	25
251.6172 	Level finished 	25
251.6187 	DATA 	Keypress: o
251.6200 	DATA 	Keypress: o
251.6211 	DATA 	Keypress: o
251.6221 	DATA 	Keypress: o
251.6476 	Level image=waterlogo.jpg 	25
252.6196 	DATA 	Keypress: o
252.6473 	Level injecting via pump at address 0 	25
258.6225 	DATA 	Keypress: o
258.6237 	DATA 	Keypress: o
258.6247 	DATA 	Keypress: o
258.6476 	Level WAIT 	25
259.6310 	Level RINSE 	25
261.6221 	DATA 	Keypress: o
261.6481 	Level jitter 	25
269.6172 	Level finished 	25
269.6187 	DATA 	Keypress: o
269.6201 	DATA 	Keypress: o
269.6214 	DATA 	Keypress: o
269.6226 	DATA 	Keypress: o
269.6485 	Level image=tasty.jpg 	25
270.6199 	DATA 	Keypress: o
270.6485 	Level injecting via pump at address 0 	25
276.6220 	DATA 	Keypress: o
276.6230 	DATA 	Keypress: o
276.6239 	DATA 	Keypress: o
276.6492 	Level WAIT 	25
277.6323 	Level RINSE 	25
279.6221 	DATA 	Keypress: o
279.6490 	Level jitter 	25
281.6172 	Level finished 	25
281.6182 	DATA 	Keypress: o
281.6325 	Level image=waterlogo.jpg 	25
282.6196 	DATA 	Keypress: o
282.6326 	Level injecting via pump at address 0 	25
288.6222 	DATA 	Keypress: o
288.6237 	DATA 	Keypress: o
288.6248 	DATA 	Keypress: o
288.6501 	Level WAIT 	25
289.6498 	Level RINSE 	25
291.6226 	DATA 	Keypress: o
291.6332 	Level jitter 	25
298.6172 	Level finished 	25
298.6186 	DATA 	Keypress: o
298.6199 	DATA 	Keypress: o
298.6212 	DATA 	Keypress: o
298.6227 	DATA 	Keypress: o
298.6509 	Level image=tasty.jpg 	25
299.6338 	Level injecting via pump at address 1 	25
305.6222 	DATA 	Keypress: o
305.6232 	DATA 	Keypress: o
305.6242 	DATA 	Keypress: o
305.6508 	Level WAIT 	25
306.6196 	DATA 	Keypress: o
306.6343 	Level RINSE 	25
308.6240 	DATA 	Keypress: o
308.6515 	Level jitter 	25
313.6172 	Level finished 	25
313.6187 	DATA 	Keypress: o
313.6200 	DATA 	Keypress: o
313.6515 	Level image=tasty.jpg 	25
314.6196 	DATA 	Keypress: o
314.6515 	Level injecting via pump at address 0 	25
320.6226 	DATA 	Keypress: o
320.6240 	DATA 	Keypress: o
320.6253 	DATA 	Keypress: o
320.6522 	Level WAIT 	25
321.6354 	Level RINSE 	25
323.6220 	DATA 	Keypress: o
323.6521 	Level jitter 	25
325.6172 	Level finished 	25
325.6184 	DATA 	Keypress: o
325.6356 	Level image=tasty.jpg 	25
326.6199 	DATA 	Keypress: o
326.6358 	Level injecting via pump at address 1 	25
332.6229 	DATA 	Keypress: o
332.6241 	DATA 	Keypress: o
332.6251 	DATA 	Keypress: o
332.6531 	Level WAIT 	25
333.6362 	Level RINSE 	25
335.6224 	DATA 	Keypress: o
335.6363 	Level jitter 	25
338.6172 	Level finished 	25
338.6189 	DATA 	Keypress: o
338.6206 	DATA 	Keypress: o
338.6532 	Level image=tasty.jpg 	25
339.6366 	Level injecting via pump at address 0 	25
345.6226 	DATA 	Keypress: o
345.6239 	DATA 	Keypress: o
345.6251 	DATA 	Keypress: o
345.6540 	Level WAIT 	25
346.6200 	DATA 	Keypress: o
346.6370 	Level RINSE 	25
348.6235 	DATA 	Keypress: o
348.6538 	Level jitter 	25
350.6172 	Level finished 	25
350.6186 	DATA 	Keypress: o
350.6374 	Level image=tasty.jpg 	25
351.6375 	Level injecting via pump at address 1 	25
357.6222 	DATA 	Keypress: o
357.6232 	DATA 	Keypress: o
357.6241 	DATA 	Keypress: o
357.6381 	Level WAIT 	25
358.6205 	DATA 	Keypress: o
358.6545 	Level RINSE 	25
360.6228 	DATA 	Keypress: o
360.6379 	Level jitter 	25
364.6172 	Level finished 	25
364.6185 	DATA 	Keypress: o
364.6196 	DATA 	Keypress: o
364.6550 	Level image=tasty.jpg 	25
365.6384 	Level injecting via pump at address 0 	25
371.6228 	DATA 	Keypress: o
371.6241 	DATA 	Keypress: o
371.6251 	DATA 	Keypress: o
371.6391 	Level WAIT 	25
372.6199 	DATA 	Keypress: o
372.6388 	Level RINSE 	25
374.6229 	DATA 	Keypress: o
374.6389 	Level jitter 	25
376.6172 	Level finished 	25
376.6185 	DATA 	Keypress: o
376.6391 	Level image=tasty.jpg 	25
377.6225 	Level injecting via pump at address 1 	25
383.6226 	DATA 	Keypress: o
383.6238 	DATA 	Keypress: o
383.6248 	DATA 	Keypress: o
383.6567 	Level WAIT 	25
384.6201 	DATA 	Keypress: o
384.6397 	Level RINSE 	25
386.6225 	DATA 	Keypress: o
386.6397 	Level jitter 	25
394.6172 	Level finished 	25
394.6186 	DATA 	Keypress: o
394.6196 	DATA 	Keypress: o
394.6206 	DATA 	Keypress: o
394.6215 	DATA 	Keypress: o
394.6409 	Level image=tasty.jpg 	25
395.6405 	Level injecting via pump at address 0 	25
401.6226 	DATA 	Keypress: o
401.6238 	DATA 	Keypress: o
401.6248 	DATA 	Keypress: o
401.6408 	Level WAIT 	25
402.6196 	DATA 	Keypress: o
402.6242 	Level RINSE 	25
404.6218 	DATA 	Keypress: o
404.6414 	Level jitter 	25
411.6172 	Level finished 	25
