88.3724 	DATA 	Keypress: o
88.3731 	Level start key press 	25
90.3744 	DATA 	Keypress: o
92.3745 	DATA 	Keypress: o
94.3748 	DATA 	Keypress: o
96.3749 	DATA 	Keypress: o
96.8892 	Level image=tasty.jpg 	25
97.8231 	Level injecting via pump at address 1 	25
103.8110 	DATA 	Keypress: o
103.8121 	DATA 	Keypress: o
103.8133 	DATA 	Keypress: o
103.8397 	Level WAIT 	25
104.8084 	DATA 	Keypress: o
104.8398 	Level RINSE 	25
106.8186 	DATA 	Keypress: o
106.8399 	Level jitter 	25
115.8058 	Level finished 	25
115.8070 	DATA 	Keypress: o
115.8080 	DATA 	Keypress: o
115.8089 	DATA 	Keypress: o
115.8098 	DATA 	Keypress: o
115.8242 	Level image=waterlogo.jpg 	25
116.8081 	DATA 	Keypress: o
116.8240 	Level injecting via pump at address 0 	25
122.8110 	DATA 	Keypress: o
122.8123 	DATA 	Keypress: o
122.8137 	DATA 	Keypress: o
122.8410 	Level WAIT 	25
123.8244 	Level RINSE 	25
125.8104 	DATA 	Keypress: o
125.8250 	Level jitter 	25
129.8058 	Level finished 	25
129.8070 	DATA 	Keypress: o
129.8080 	DATA 	Keypress: o
129.8415 	Level image=tasty.jpg 	25
130.8084 	DATA 	Keypress: o
130.8249 	Level injecting via pump at address 1 	25
136.8103 	DATA 	Keypress: o
136.8116 	DATA 	Keypress: o
136.8129 	DATA 	Keypress: o
136.8257 	Level WAIT 	25
137.8254 	Level RINSE 	25
139.8111 	DATA 	Keypress: o
139.8255 	Level jitter 	25
143.8058 	Level finished 	25
143.8070 	DATA 	Keypress: o
143.8080 	DATA 	Keypress: o
143.8258 	Level image=waterlogo.jpg 	25
144.8081 	DATA 	Keypress: o
144.8259 	Level injecting via pump at address 0 	25
150.8105 	DATA 	Keypress: o
150.8115 	DATA 	Keypress: o
150.8124 	DATA 	Keypress: o
150.8266 	Level WAIT 	25
151.8264 	Level RINSE 	25
153.8107 	DATA 	Keypress: o
153.8265 	Level jitter 	25
157.8058 	Level finished 	25
157.8070 	DATA 	Keypress: o
157.8081 	DATA 	Keypress: o
157.8435 	Level image=waterlogo.jpg 	25
158.8084 	DATA 	Keypress: o
158.8268 	Level injecting via pump at address 0 	25
164.8102 	DATA 	Keypress: o
164.8113 	DATA 	Keypress: o
164.8122 	DATA 	Keypress: o
164.8277 	Level WAIT 	25
165.8273 	Level RINSE 	25
167.8101 	DATA 	Keypress: o
167.8274 	Level jitter 	25
171.8058 	Level finished 	25
171.8071 	DATA 	Keypress: o
171.8083 	DATA 	Keypress: o
171.8277 	Level image=tasty.jpg 	25
172.8081 	DATA 	Keypress: o
172.8278 	Level injecting via pump at address 1 	25
178.8109 	DATA 	Keypress: o
178.8119 	DATA 	Keypress: o
178.8128 	DATA 	Keypress: o
178.8286 	Level WAIT 	25
179.8283 	Level RINSE 	25
181.8105 	DATA 	Keypress: o
181.8284 	Level jitter 	25
187.8058 	Level finished 	25
187.8071 	DATA 	Keypress: o
187.8082 	DATA 	Keypress: o
187.8093 	DATA 	Keypress: o
187.8288 	Level image=waterlogo.jpg 	25
188.8083 	DATA 	Keypress: o
188.8293 	Level injecting via pump at address 0 	25
194.8103 	DATA 	Keypress: o
194.8116 	DATA 	Keypress: o
194.8130 	DATA 	Keypress: o
194.8293 	Level WAIT 	25
195.8127 	Level RINSE 	25
197.8109 	DATA 	Keypress: o
197.8295 	Level jitter 	25
200.8058 	Level finished 	25
200.8071 	DATA 	Keypress: o
200.8082 	DATA 	Keypress: o
200.8301 	Level image=tasty.jpg 	25
201.8298 	Level injecting via pump at address 1 	25
207.8103 	DATA 	Keypress: o
207.8115 	DATA 	Keypress: o
207.8129 	DATA 	Keypress: o
207.8302 	Level WAIT 	25
208.8083 	DATA 	Keypress: o
208.8137 	Level RINSE 	25
210.8111 	DATA 	Keypress: o
210.8309 	Level jitter 	25
213.8058 	Level finished 	25
213.8070 	DATA 	Keypress: o
213.8307 	Level image=waterlogo.jpg 	25
214.8084 	DATA 	Keypress: o
214.8141 	Level injecting via pump at address 0 	25
220.8106 	DATA 	Keypress: o
220.8118 	DATA 	Keypress: o
220.8133 	DATA 	Keypress: o
220.8315 	Level WAIT 	25
221.8145 	Level RINSE 	25
223.8103 	DATA 	Keypress: o
223.8313 	Level jitter 	25
227.8058 	Level finished 	25
227.8071 	DATA 	Keypress: o
227.8082 	DATA 	Keypress: o
227.8317 	Level image=waterlogo.jpg 	25
228.8085 	DATA 	Keypress: o
228.8317 	Level injecting via pump at address 0 	25
234.8108 	DATA 	Keypress: o
234.8119 	DATA 	Keypress: o
234.8131 	DATA 	Keypress: o
234.8324 	Level WAIT 	25
235.8321 	Level RINSE 	25
237.8108 	DATA 	Keypress: o
237.8322 	Level jitter 	25
242.8058 	Level finished 	25
242.8071 	DATA 	Keypress: o
242.8081 	DATA 	Keypress: o
242.8090 	DATA 	Keypress: o
242.8160 	Level image=tasty.jpg 	25
243.8160 	Level injecting via pump at address 1 	25
249.8109 	DATA 	Keypress: o
249.8119 	DATA 	Keypress: o
249.8130 	DATA 	Keypress: o
249.8335 	Level WAIT 	25
250.8086 	DATA 	Keypress: o
250.8332 	Level RINSE 	25
252.8115 	DATA 	Keypress: o
252.8333 	Level jitter 	25
255.8058 	Level finished 	25
255.8071 	DATA 	Keypress: o
255.8336 	Level image=waterlogo.jpg 	25
256.8081 	DATA 	Keypress: o
256.8337 	Level injecting via pump at address 0 	25
262.8112 	DATA 	Keypress: o
262.8126 	DATA 	Keypress: o
262.8138 	DATA 	Keypress: o
262.8344 	Level WAIT 	25
263.8341 	Level RINSE 	25
265.8103 	DATA 	Keypress: o
265.8341 	Level jitter 	25
273.8059 	Level finished 	25
273.8072 	DATA 	Keypress: o
273.8083 	DATA 	Keypress: o
273.8093 	DATA 	Keypress: o
273.8104 	DATA 	Keypress: o
273.8185 	Level image=tasty.jpg 	25
274.8086 	DATA 	Keypress: o
274.8182 	Level injecting via pump at address 1 	25
280.8111 	DATA 	Keypress: o
280.8123 	DATA 	Keypress: o
280.8133 	DATA 	Keypress: o
280.8352 	Level WAIT 	25
281.8188 	Level RINSE 	25
283.8104 	DATA 	Keypress: o
283.8191 	Level jitter 	25
285.8058 	Level finished 	25
285.8070 	DATA 	Keypress: o
285.8357 	Level image=tasty.jpg 	25
286.8085 	DATA 	Keypress: o
286.8190 	Level injecting via pump at address 1 	25
292.8104 	DATA 	Keypress: o
292.8114 	DATA 	Keypress: o
292.8124 	DATA 	Keypress: o
292.8194 	Level WAIT 	25
293.8199 	Level RINSE 	25
295.8111 	DATA 	Keypress: o
295.8197 	Level jitter 	25
297.8058 	Level finished 	25
297.8069 	DATA 	Keypress: o
297.8365 	Level image=waterlogo.jpg 	25
298.8084 	DATA 	Keypress: o
298.8199 	Level injecting via pump at address 0 	25
304.8108 	DATA 	Keypress: o
304.8120 	DATA 	Keypress: o
304.8132 	DATA 	Keypress: o
304.8373 	Level WAIT 	25
305.8203 	Level RINSE 	25
307.8108 	DATA 	Keypress: o
307.8371 	Level jitter 	25
310.8058 	Level finished 	25
310.8071 	DATA 	Keypress: o
310.8083 	DATA 	Keypress: o
310.8373 	Level image=tasty.jpg 	25
311.8207 	Level injecting via pump at address 1 	25
317.8111 	DATA 	Keypress: o
317.8124 	DATA 	Keypress: o
317.8136 	DATA 	Keypress: o
317.8215 	Level WAIT 	25
318.8084 	DATA 	Keypress: o
318.8212 	Level RINSE 	25
320.8113 	DATA 	Keypress: o
320.8213 	Level jitter 	25
322.8058 	Level finished 	25
322.8070 	DATA 	Keypress: o
322.8381 	Level image=waterlogo.jpg 	25
323.8217 	Level injecting via pump at address 0 	25
329.8111 	DATA 	Keypress: o
329.8122 	DATA 	Keypress: o
329.8133 	DATA 	Keypress: o
329.8391 	Level WAIT 	25
330.8087 	DATA 	Keypress: o
330.8220 	Level RINSE 	25
332.8102 	DATA 	Keypress: o
332.8388 	Level jitter 	25
333.8058 	Level finished 	25
333.8222 	Level image=tasty.jpg 	25
334.8088 	DATA 	Keypress: o
334.8223 	Level injecting via pump at address 1 	25
340.8110 	DATA 	Keypress: o
340.8123 	DATA 	Keypress: o
340.8137 	DATA 	Keypress: o
340.8398 	Level WAIT 	25
341.8228 	Level RINSE 	25
343.8101 	DATA 	Keypress: o
343.8229 	Level jitter 	25
345.8058 	Level finished 	25
345.8072 	DATA 	Keypress: o
345.8231 	Level image=waterlogo.jpg 	25
346.8087 	DATA 	Keypress: o
346.8231 	Level injecting via pump at address 0 	25
352.8113 	DATA 	Keypress: o
352.8125 	DATA 	Keypress: o
352.8135 	DATA 	Keypress: o
352.8240 	Level WAIT 	25
353.8237 	Level RINSE 	25
355.8111 	DATA 	Keypress: o
355.8237 	Level jitter 	25
361.8058 	Level finished 	25
361.8071 	DATA 	Keypress: o
361.8082 	DATA 	Keypress: o
361.8094 	DATA 	Keypress: o
361.8242 	Level image=waterlogo.jpg 	25
362.8083 	DATA 	Keypress: o
362.8247 	Level injecting via pump at address 0 	25
368.8103 	DATA 	Keypress: o
368.8114 	DATA 	Keypress: o
368.8127 	DATA 	Keypress: o
368.8246 	Level WAIT 	25
369.8247 	Level RINSE 	25
371.8108 	DATA 	Keypress: o
371.8248 	Level jitter 	25
374.8058 	Level finished 	25
374.8070 	DATA 	Keypress: o
374.8081 	DATA 	Keypress: o
374.8255 	Level image=tasty.jpg 	25
375.8251 	Level injecting via pump at address 1 	25
381.8103 	DATA 	Keypress: o
381.8115 	DATA 	Keypress: o
381.8127 	DATA 	Keypress: o
381.8255 	Level WAIT 	25
382.8083 	DATA 	Keypress: o
382.8257 	Level RINSE 	25
384.8110 	DATA 	Keypress: o
384.8261 	Level jitter 	25
392.8058 	Level finished 	25
392.8070 	DATA 	Keypress: o
392.8082 	DATA 	Keypress: o
392.8093 	DATA 	Keypress: o
392.8104 	DATA 	Keypress: o
392.8263 	Level image=waterlogo.jpg 	25
393.8264 	Level injecting via pump at address 0 	25
399.8110 	DATA 	Keypress: o
399.8123 	DATA 	Keypress: o
399.8134 	DATA 	Keypress: o
399.8272 	Level WAIT 	25
400.8082 	DATA 	Keypress: o
400.8269 	Level RINSE 	25
402.8112 	DATA 	Keypress: o
402.8269 	Level jitter 	25
407.8058 	Level finished 	25
407.8071 	DATA 	Keypress: o
407.8081 	DATA 	Keypress: o
407.8440 	Level image=tasty.jpg 	25
408.8086 	DATA 	Keypress: o
408.8273 	Level injecting via pump at address 1 	25
414.8113 	DATA 	Keypress: o
414.8127 	DATA 	Keypress: o
414.8138 	DATA 	Keypress: o
414.8283 	Level WAIT 	25
415.8279 	Level RINSE 	25
417.8111 	DATA 	Keypress: o
417.8280 	Level jitter 	25
421.8058 	Level finished 	25
421.8070 	DATA 	Keypress: o
421.8080 	DATA 	Keypress: o
421.8283 	Level image=waterlogo.jpg 	25
422.8084 	DATA 	Keypress: o
422.8284 	Level injecting via pump at address 0 	25
428.8107 	DATA 	Keypress: o
428.8117 	DATA 	Keypress: o
428.8127 	DATA 	Keypress: o
428.8291 	Level WAIT 	25
429.8122 	Level RINSE 	25
431.8110 	DATA 	Keypress: o
431.8290 	Level jitter 	25
436.8058 	Level finished 	25
436.8070 	DATA 	Keypress: o
436.8080 	DATA 	Keypress: o
436.8090 	DATA 	Keypress: o
436.8293 	Level image=tasty.jpg 	25
437.8295 	Level injecting via pump at address 1 	25
443.8112 	DATA 	Keypress: o
443.8126 	DATA 	Keypress: o
443.8138 	DATA 	Keypress: o
443.8302 	Level WAIT 	25
444.8087 	DATA 	Keypress: o
444.8299 	Level RINSE 	25
446.8113 	DATA 	Keypress: o
446.8300 	Level jitter 	25
455.8058 	Level finished 	25
455.8074 	DATA 	Keypress: o
455.8088 	DATA 	Keypress: o
455.8100 	DATA 	Keypress: o
455.8109 	DATA 	Keypress: o
455.8311 	Level image=waterlogo.jpg 	25
456.8081 	DATA 	Keypress: o
456.8308 	Level injecting via pump at address 0 	25
462.8103 	DATA 	Keypress: o
462.8115 	DATA 	Keypress: o
462.8129 	DATA 	Keypress: o
462.8311 	Level WAIT 	25
463.8312 	Level RINSE 	25
465.8115 	DATA 	Keypress: o
465.8317 	Level jitter 	25
474.8058 	Level finished 	25
474.8070 	DATA 	Keypress: o
474.8080 	DATA 	Keypress: o
474.8090 	DATA 	Keypress: o
474.8099 	DATA 	Keypress: o
474.8108 	DATA 	Keypress: o
474.8320 	Level image=tasty.jpg 	25
475.8325 	Level injecting via pump at address 1 	25
481.8105 	DATA 	Keypress: o
481.8118 	DATA 	Keypress: o
481.8128 	DATA 	Keypress: o
481.8324 	Level WAIT 	25
482.8085 	DATA 	Keypress: o
482.8326 	Level RINSE 	25
484.8106 	DATA 	Keypress: o
484.8327 	Level jitter 	25
488.8058 	Level finished 	25
488.8070 	DATA 	Keypress: o
488.8082 	DATA 	Keypress: o
488.8333 	Level image=tasty.jpg 	25
489.8163 	Level injecting via pump at address 1 	25
495.8110 	DATA 	Keypress: o
495.8123 	DATA 	Keypress: o
495.8135 	DATA 	Keypress: o
495.8334 	Level WAIT 	25
496.8082 	DATA 	Keypress: o
496.8335 	Level RINSE 	25
498.8102 	DATA 	Keypress: o
498.8173 	Level jitter 	25
501.8058 	Level finished 	25
501.8070 	DATA 	Keypress: o
501.8172 	Level image=waterlogo.jpg 	25
502.8083 	DATA 	Keypress: o
502.8172 	Level injecting via pump at address 0 	25
508.8108 	DATA 	Keypress: o
508.8118 	DATA 	Keypress: o
508.8128 	DATA 	Keypress: o
508.8347 	Level WAIT 	25
509.8344 	Level RINSE 	25
511.8101 	DATA 	Keypress: o
511.8178 	Level jitter 	25
512.8058 	Level finished 	25
512.8069 	DATA 	Keypress: o
512.8347 	Level image=tasty.jpg 	25
513.8348 	Level injecting via pump at address 1 	25
519.8108 	DATA 	Keypress: o
519.8118 	DATA 	Keypress: o
519.8128 	DATA 	Keypress: o
519.8355 	Level WAIT 	25
520.8090 	DATA 	Keypress: o
520.8185 	Level RINSE 	25
522.8112 	DATA 	Keypress: o
522.8352 	Level jitter 	25
529.8058 	Level finished 	25
529.8070 	DATA 	Keypress: o
529.8080 	DATA 	Keypress: o
529.8089 	DATA 	Keypress: o
529.8195 	Level image=waterlogo.jpg 	25
530.8082 	DATA 	Keypress: o
530.8192 	Level injecting via pump at address 0 	25
536.8109 	DATA 	Keypress: o
536.8123 	DATA 	Keypress: o
536.8132 	DATA 	Keypress: o
536.8196 	Level WAIT 	25
537.8197 	Level RINSE 	25
539.8119 	DATA 	Keypress: o
539.8201 	Level jitter 	25
540.8058 	Level finished 	25
540.8070 	DATA 	Keypress: o
540.8367 	Level image=tasty.jpg 	25
541.8367 	Level injecting via pump at address 1 	25
547.8102 	DATA 	Keypress: o
547.8114 	DATA 	Keypress: o
547.8126 	DATA 	Keypress: o
547.8370 	Level WAIT 	25
548.8091 	DATA 	Keypress: o
548.8204 	Level RINSE 	25
550.8109 	DATA 	Keypress: o
550.8376 	Level jitter 	25
556.8058 	Level finished 	25
