55.5241 	DATA 	Keypress: o
55.5250 	Level start key press 	25
57.5287 	DATA 	Keypress: o
59.5286 	DATA 	Keypress: o
61.5287 	DATA 	Keypress: o
63.5291 	DATA 	Keypress: o
63.9932 	Level image=waterlogo.jpg 	25
64.9272 	Level injecting via pump at address 0 	25
70.9159 	DATA 	Keypress: o
70.9172 	DATA 	Keypress: o
70.9184 	DATA 	Keypress: o
70.9270 	Level WAIT 	25
71.9126 	DATA 	Keypress: o
71.9271 	Level RINSE 	25
73.9240 	DATA 	Keypress: o
73.9439 	Level jitter 	25
80.9099 	Level finished 	25
80.9113 	DATA 	Keypress: o
80.9125 	DATA 	Keypress: o
80.9138 	DATA 	Keypress: o
80.9282 	Level image=waterlogo.jpg 	25
81.9128 	DATA 	Keypress: o
81.9279 	Level injecting via pump at address 0 	25
87.9146 	DATA 	Keypress: o
87.9157 	DATA 	Keypress: o
87.9169 	DATA 	Keypress: o
87.9448 	Level WAIT 	25
88.9283 	Level RINSE 	25
90.9144 	DATA 	Keypress: o
90.9288 	Level jitter 	25
95.9099 	Level finished 	25
95.9113 	DATA 	Keypress: o
95.9126 	DATA 	Keypress: o
95.9138 	DATA 	Keypress: o
95.9288 	Level image=tasty.jpg 	25
96.9289 	Level injecting via pump at address 1 	25
102.9156 	DATA 	Keypress: o
102.9170 	DATA 	Keypress: o
102.9182 	DATA 	Keypress: o
102.9296 	Level WAIT 	25
103.9123 	DATA 	Keypress: o
103.9293 	Level RINSE 	25
105.9152 	DATA 	Keypress: o
105.9294 	Level jitter 	25
108.9099 	Level finished 	25
108.9115 	DATA 	Keypress: o
108.9298 	Level image=tasty.jpg 	25
109.9125 	DATA 	Keypress: o
109.9299 	Level injecting via pump at address 0 	25
115.9149 	DATA 	Keypress: o
115.9160 	DATA 	Keypress: o
115.9171 	DATA 	Keypress: o
115.9305 	Level WAIT 	25
116.9302 	Level RINSE 	25
118.9149 	DATA 	Keypress: o
118.9303 	Level jitter 	25
124.9099 	Level finished 	25
124.9111 	DATA 	Keypress: o
124.9122 	DATA 	Keypress: o
124.9132 	DATA 	Keypress: o
124.9308 	Level image=tasty.jpg 	25
125.9124 	DATA 	Keypress: o
125.9313 	Level injecting via pump at address 0 	25
131.9152 	DATA 	Keypress: o
131.9165 	DATA 	Keypress: o
131.9178 	DATA 	Keypress: o
131.9479 	Level WAIT 	25
132.9147 	Level RINSE 	25
134.9155 	DATA 	Keypress: o
134.9315 	Level jitter 	25
143.9099 	Level finished 	25
143.9113 	DATA 	Keypress: o
143.9126 	DATA 	Keypress: o
143.9139 	DATA 	Keypress: o
143.9151 	DATA 	Keypress: o
143.9163 	DATA 	Keypress: o
143.9493 	Level image=tasty.jpg 	25
144.9322 	Level injecting via pump at address 1 	25
150.9155 	DATA 	Keypress: o
150.9169 	DATA 	Keypress: o
150.9183 	DATA 	Keypress: o
150.9492 	Level WAIT 	25
151.9129 	DATA 	Keypress: o
151.9328 	Level RINSE 	25
153.9153 	DATA 	Keypress: o
153.9332 	Level jitter 	25
159.9099 	Level finished 	25
159.9113 	DATA 	Keypress: o
159.9124 	DATA 	Keypress: o
159.9133 	DATA 	Keypress: o
159.9332 	Level image=tasty.jpg 	25
160.9168 	Level injecting via pump at address 0 	25
166.9156 	DATA 	Keypress: o
166.9170 	DATA 	Keypress: o
166.9184 	DATA 	Keypress: o
166.9507 	Level WAIT 	25
167.9125 	DATA 	Keypress: o
167.9338 	Level RINSE 	25
169.9154 	DATA 	Keypress: o
169.9338 	Level jitter 	25
172.9099 	Level finished 	25
172.9110 	DATA 	Keypress: o
172.9341 	Level image=tasty.jpg 	25
173.9125 	DATA 	Keypress: o
173.9175 	Level injecting via pump at address 1 	25
179.9152 	DATA 	Keypress: o
179.9166 	DATA 	Keypress: o
179.9179 	DATA 	Keypress: o
179.9350 	Level WAIT 	25
180.9348 	Level RINSE 	25
182.9151 	DATA 	Keypress: o
182.9181 	Level jitter 	25
187.9099 	Level finished 	25
187.9114 	DATA 	Keypress: o
187.9127 	DATA 	Keypress: o
187.9139 	DATA 	Keypress: o
187.9351 	Level image=tasty.jpg 	25
188.9185 	Level injecting via pump at address 0 	25
194.9155 	DATA 	Keypress: o
194.9169 	DATA 	Keypress: o
194.9180 	DATA 	Keypress: o
194.9360 	Level WAIT 	25
195.9125 	DATA 	Keypress: o
195.9190 	Level RINSE 	25
197.9156 	DATA 	Keypress: o
197.9358 	Level jitter 	25
198.9099 	Level finished 	25
198.9359 	Level image=waterlogo.jpg 	25
199.9126 	DATA 	Keypress: o
199.9360 	Level injecting via pump at address 0 	25
205.9152 	DATA 	Keypress: o
205.9166 	DATA 	Keypress: o
205.9178 	DATA 	Keypress: o
205.9367 	Level WAIT 	25
206.9365 	Level RINSE 	25
208.9146 	DATA 	Keypress: o
208.9366 	Level jitter 	25
213.9099 	Level finished 	25
213.9113 	DATA 	Keypress: o
213.9126 	DATA 	Keypress: o
213.9138 	DATA 	Keypress: o
213.9370 	Level image=waterlogo.jpg 	25
214.9203 	Level injecting via pump at address 0 	25
220.9154 	DATA 	Keypress: o
220.9168 	DATA 	Keypress: o
220.9180 	DATA 	Keypress: o
220.9378 	Level WAIT 	25
221.9127 	DATA 	Keypress: o
221.9374 	Level RINSE 	25
223.9146 	DATA 	Keypress: o
223.9209 	Level jitter 	25
226.9099 	Level finished 	25
226.9115 	DATA 	Keypress: o
226.9211 	Level image=tasty.jpg 	25
227.9124 	DATA 	Keypress: o
227.9379 	Level injecting via pump at address 0 	25
233.9155 	DATA 	Keypress: o
233.9169 	DATA 	Keypress: o
233.9183 	DATA 	Keypress: o
233.9387 	Level WAIT 	25
234.9383 	Level RINSE 	25
236.9152 	DATA 	Keypress: o
236.9384 	Level jitter 	25
242.9099 	Level finished 	25
242.9115 	DATA 	Keypress: o
242.9126 	DATA 	Keypress: o
242.9136 	DATA 	Keypress: o
242.9389 	Level image=waterlogo.jpg 	25
243.9123 	DATA 	Keypress: o
243.9394 	Level injecting via pump at address 0 	25
249.9158 	DATA 	Keypress: o
249.9171 	DATA 	Keypress: o
249.9184 	DATA 	Keypress: o
249.9393 	Level WAIT 	25
250.9394 	Level RINSE 	25
252.9143 	DATA 	Keypress: o
252.9395 	Level jitter 	25
254.9099 	Level finished 	25
254.9110 	DATA 	Keypress: o
254.9235 	Level image=waterlogo.jpg 	25
255.9129 	DATA 	Keypress: o
255.9232 	Level injecting via pump at address 0 	25
261.9165 	DATA 	Keypress: o
261.9180 	DATA 	Keypress: o
261.9193 	DATA 	Keypress: o
261.9402 	Level WAIT 	25
262.9403 	Level RINSE 	25
264.9152 	DATA 	Keypress: o
264.9243 	Level jitter 	25
272.9099 	Level finished 	25
272.9113 	DATA 	Keypress: o
272.9125 	DATA 	Keypress: o
272.9135 	DATA 	Keypress: o
272.9145 	DATA 	Keypress: o
272.9410 	Level image=tasty.jpg 	25
273.9123 	DATA 	Keypress: o
273.9244 	Level injecting via pump at address 0 	25
279.9152 	DATA 	Keypress: o
279.9167 	DATA 	Keypress: o
279.9179 	DATA 	Keypress: o
279.9252 	Level WAIT 	25
280.9248 	Level RINSE 	25
282.9152 	DATA 	Keypress: o
282.9249 	Level jitter 	25
287.9098 	Level finished 	25
287.9111 	DATA 	Keypress: o
287.9121 	DATA 	Keypress: o
287.9132 	DATA 	Keypress: o
287.9420 	Level image=waterlogo.jpg 	25
288.9254 	Level injecting via pump at address 0 	25
294.9152 	DATA 	Keypress: o
294.9165 	DATA 	Keypress: o
294.9177 	DATA 	Keypress: o
294.9430 	Level WAIT 	25
295.9127 	DATA 	Keypress: o
295.9259 	Level RINSE 	25
297.9152 	DATA 	Keypress: o
297.9427 	Level jitter 	25
302.9099 	Level finished 	25
302.9111 	DATA 	Keypress: o
302.9121 	DATA 	Keypress: o
302.9431 	Level image=tasty.jpg 	25
303.9125 	DATA 	Keypress: o
303.9431 	Level injecting via pump at address 0 	25
309.9154 	DATA 	Keypress: o
309.9166 	DATA 	Keypress: o
309.9179 	DATA 	Keypress: o
309.9440 	Level WAIT 	25
310.9269 	Level RINSE 	25
312.9144 	DATA 	Keypress: o
312.9438 	Level jitter 	25
319.9099 	Level finished 	25
319.9111 	DATA 	Keypress: o
319.9123 	DATA 	Keypress: o
319.9135 	DATA 	Keypress: o
319.9148 	DATA 	Keypress: o
319.9447 	Level image=tasty.jpg 	25
320.9278 	Level injecting via pump at address 1 	25
326.9155 	DATA 	Keypress: o
326.9169 	DATA 	Keypress: o
326.9180 	DATA 	Keypress: o
326.9280 	Level WAIT 	25
327.9124 	DATA 	Keypress: o
327.9281 	Level RINSE 	25
329.9150 	DATA 	Keypress: o
329.9286 	Level jitter 	25
333.9098 	Level finished 	25
333.9111 	DATA 	Keypress: o
333.9121 	DATA 	Keypress: o
333.9286 	Level image=tasty.jpg 	25
334.9287 	Level injecting via pump at address 0 	25
340.9159 	DATA 	Keypress: o
340.9171 	DATA 	Keypress: o
340.9184 	DATA 	Keypress: o
340.9462 	Level WAIT 	25
341.9124 	DATA 	Keypress: o
341.9290 	Level RINSE 	25
343.9147 	DATA 	Keypress: o
343.9292 	Level jitter 	25
346.9099 	Level finished 	25
346.9110 	DATA 	Keypress: o
346.9294 	Level image=tasty.jpg 	25
347.9125 	DATA 	Keypress: o
347.9462 	Level injecting via pump at address 1 	25
353.9154 	DATA 	Keypress: o
353.9172 	DATA 	Keypress: o
353.9186 	DATA 	Keypress: o
353.9470 	Level WAIT 	25
354.9300 	Level RINSE 	25
356.9150 	DATA 	Keypress: o
356.9468 	Level jitter 	25
361.9099 	Level finished 	25
361.9113 	DATA 	Keypress: o
361.9126 	DATA 	Keypress: o
361.9139 	DATA 	Keypress: o
361.9305 	Level image=tasty.jpg 	25
362.9306 	Level injecting via pump at address 0 	25
368.9154 	DATA 	Keypress: o
368.9168 	DATA 	Keypress: o
368.9180 	DATA 	Keypress: o
368.9481 	Level WAIT 	25
369.9125 	DATA 	Keypress: o
369.9143 	Level RINSE 	25
371.9154 	DATA 	Keypress: o
371.9311 	Level jitter 	25
372.9098 	Level finished 	25
372.9312 	Level image=tasty.jpg 	25
373.9127 	DATA 	Keypress: o
373.9313 	Level injecting via pump at address 1 	25
379.9155 	DATA 	Keypress: o
379.9169 	DATA 	Keypress: o
379.9181 	DATA 	Keypress: o
379.9322 	Level WAIT 	25
380.9319 	Level RINSE 	25
382.9148 	DATA 	Keypress: o
382.9319 	Level jitter 	25
391.9099 	Level finished 	25
391.9113 	DATA 	Keypress: o
391.9126 	DATA 	Keypress: o
391.9139 	DATA 	Keypress: o
391.9151 	DATA 	Keypress: o
391.9163 	DATA 	Keypress: o
391.9330 	Level image=tasty.jpg 	25
392.9327 	Level injecting via pump at address 1 	25
398.9154 	DATA 	Keypress: o
398.9167 	DATA 	Keypress: o
398.9180 	DATA 	Keypress: o
398.9329 	Level WAIT 	25
399.9122 	DATA 	Keypress: o
399.9330 	Level RINSE 	25
401.9151 	DATA 	Keypress: o
401.9335 	Level jitter 	25
410.9099 	Level finished 	25
410.9111 	DATA 	Keypress: o
410.9123 	DATA 	Keypress: o
410.9136 	DATA 	Keypress: o
410.9148 	DATA 	Keypress: o
410.9339 	Level image=tasty.jpg 	25
411.9127 	DATA 	Keypress: o
411.9343 	Level injecting via pump at address 0 	25
417.9161 	DATA 	Keypress: o
417.9172 	DATA 	Keypress: o
417.9182 	DATA 	Keypress: o
417.9343 	Level WAIT 	25
418.9344 	Level RINSE 	25
420.9144 	DATA 	Keypress: o
420.9345 	Level jitter 	25
422.9099 	Level finished 	25
