59.0521 	DATA 	Keypress: o
59.0529 	Level start key press 	25
61.0539 	DATA 	Keypress: o
63.0541 	DATA 	Keypress: o
65.0542 	DATA 	Keypress: o
67.0543 	DATA 	Keypress: o
67.5020 	Level image=waterlogo.jpg 	25
68.4192 	Level injecting via pump at address 0 	25
74.4076 	DATA 	Keypress: o
74.4091 	DATA 	Keypress: o
74.4103 	DATA 	Keypress: o
74.4191 	Level WAIT 	25
75.4048 	DATA 	Keypress: o
75.4191 	Level RINSE 	25
77.4154 	DATA 	Keypress: o
77.4192 	Level jitter 	25
84.4020 	Level finished 	25
84.4034 	DATA 	Keypress: o
84.4049 	DATA 	Keypress: o
84.4061 	DATA 	Keypress: o
84.4202 	Level image=tasty.jpg 	25
85.4045 	DATA 	Keypress: o
85.4200 	Level injecting via pump at address 0 	25
91.4077 	DATA 	Keypress: o
91.4089 	DATA 	Keypress: o
91.4101 	DATA 	Keypress: o
91.4370 	Level WAIT 	25
92.4203 	Level RINSE 	25
94.4066 	DATA 	Keypress: o
94.4209 	Level jitter 	25
98.4020 	Level finished 	25
98.4034 	DATA 	Keypress: o
98.4045 	DATA 	Keypress: o
98.4374 	Level image=tasty.jpg 	25
99.4046 	DATA 	Keypress: o
99.4210 	Level injecting via pump at address 1 	25
105.4074 	DATA 	Keypress: o
105.4084 	DATA 	Keypress: o
105.4094 	DATA 	Keypress: o
105.4216 	Level WAIT 	25
106.4213 	Level RINSE 	25
108.4067 	DATA 	Keypress: o
108.4214 	Level jitter 	25
109.4020 	Level finished 	25
109.4033 	DATA 	Keypress: o
109.4215 	Level image=tasty.jpg 	25
110.4216 	Level injecting via pump at address 0 	25
116.4075 	DATA 	Keypress: o
116.4085 	DATA 	Keypress: o
116.4095 	DATA 	Keypress: o
116.4224 	Level WAIT 	25
117.4043 	DATA 	Keypress: o
117.4221 	Level RINSE 	25
119.4070 	DATA 	Keypress: o
119.4222 	Level jitter 	25
127.4020 	Level finished 	25
127.4037 	DATA 	Keypress: o
127.4050 	DATA 	Keypress: o
127.4060 	DATA 	Keypress: o
127.4069 	DATA 	Keypress: o
127.4233 	Level image=waterlogo.jpg 	25
128.4230 	Level injecting via pump at address 0 	25
134.4071 	DATA 	Keypress: o
134.4087 	DATA 	Keypress: o
134.4099 	DATA 	Keypress: o
134.4232 	Level WAIT 	25
135.4049 	DATA 	Keypress: o
135.4233 	Level RINSE 	25
137.4071 	DATA 	Keypress: o
137.4238 	Level jitter 	25
145.4020 	Level finished 	25
145.4035 	DATA 	Keypress: o
145.4047 	DATA 	Keypress: o
145.4057 	DATA 	Keypress: o
145.4066 	DATA 	Keypress: o
145.4407 	Level image=waterlogo.jpg 	25
146.4241 	Level injecting via pump at address 0 	25
152.4075 	DATA 	Keypress: o
152.4090 	DATA 	Keypress: o
152.4102 	DATA 	Keypress: o
152.4248 	Level WAIT 	25
153.4043 	DATA 	Keypress: o
153.4245 	Level RINSE 	25
155.4077 	DATA 	Keypress: o
155.4247 	Level jitter 	25
161.4020 	Level finished 	25
161.4032 	DATA 	Keypress: o
161.4042 	DATA 	Keypress: o
161.4052 	DATA 	Keypress: o
161.4251 	Level image=tasty.jpg 	25
162.4256 	Level injecting via pump at address 1 	25
168.4073 	DATA 	Keypress: o
168.4085 	DATA 	Keypress: o
168.4097 	DATA 	Keypress: o
168.4256 	Level WAIT 	25
169.4046 	DATA 	Keypress: o
169.4257 	Level RINSE 	25
171.4075 	DATA 	Keypress: o
171.4258 	Level jitter 	25
173.4020 	Level finished 	25
173.4032 	DATA 	Keypress: o
173.4264 	Level image=tasty.jpg 	25
174.4093 	Level injecting via pump at address 0 	25
180.4074 	DATA 	Keypress: o
180.4088 	DATA 	Keypress: o
180.4099 	DATA 	Keypress: o
180.4264 	Level WAIT 	25
181.4049 	DATA 	Keypress: o
181.4265 	Level RINSE 	25
183.4071 	DATA 	Keypress: o
183.4105 	Level jitter 	25
189.4020 	Level finished 	25
189.4034 	DATA 	Keypress: o
189.4046 	DATA 	Keypress: o
189.4059 	DATA 	Keypress: o
189.4270 	Level image=waterlogo.jpg 	25
190.4105 	Level injecting via pump at address 0 	25
196.4077 	DATA 	Keypress: o
196.4091 	DATA 	Keypress: o
196.4104 	DATA 	Keypress: o
196.4279 	Level WAIT 	25
197.4044 	DATA 	Keypress: o
197.4276 	Level RINSE 	25
199.4070 	DATA 	Keypress: o
199.4277 	Level jitter 	25
201.4020 	Level finished 	25
201.4033 	DATA 	Keypress: o
201.4280 	Level image=waterlogo.jpg 	25
202.4113 	Level injecting via pump at address 0 	25
208.4074 	DATA 	Keypress: o
208.4086 	DATA 	Keypress: o
208.4099 	DATA 	Keypress: o
208.4288 	Level WAIT 	25
209.4044 	DATA 	Keypress: o
209.4284 	Level RINSE 	25
211.4073 	DATA 	Keypress: o
211.4120 	Level jitter 	25
220.4020 	Level finished 	25
220.4034 	DATA 	Keypress: o
220.4046 	DATA 	Keypress: o
220.4056 	DATA 	Keypress: o
220.4066 	DATA 	Keypress: o
220.4296 	Level image=tasty.jpg 	25
221.4049 	DATA 	Keypress: o
221.4126 	Level injecting via pump at address 1 	25
227.4076 	DATA 	Keypress: o
227.4089 	DATA 	Keypress: o
227.4102 	DATA 	Keypress: o
227.4297 	Level WAIT 	25
228.4130 	Level RINSE 	25
230.4086 	DATA 	Keypress: o
230.4136 	Level jitter 	25
237.4020 	Level finished 	25
237.4032 	DATA 	Keypress: o
237.4043 	DATA 	Keypress: o
237.4053 	DATA 	Keypress: o
237.4064 	DATA 	Keypress: o
237.4304 	Level image=tasty.jpg 	25
238.4304 	Level injecting via pump at address 0 	25
244.4075 	DATA 	Keypress: o
244.4087 	DATA 	Keypress: o
244.4100 	DATA 	Keypress: o
244.4313 	Level WAIT 	25
245.4048 	DATA 	Keypress: o
245.4310 	Level RINSE 	25
247.4075 	DATA 	Keypress: o
247.4310 	Level jitter 	25
254.4020 	Level finished 	25
254.4033 	DATA 	Keypress: o
254.4046 	DATA 	Keypress: o
254.4058 	DATA 	Keypress: o
254.4320 	Level image=waterlogo.jpg 	25
255.4049 	DATA 	Keypress: o
255.4150 	Level injecting via pump at address 0 	25
261.4074 	DATA 	Keypress: o
261.4087 	DATA 	Keypress: o
261.4099 	DATA 	Keypress: o
261.4153 	Level WAIT 	25
262.4154 	Level RINSE 	25
264.4074 	DATA 	Keypress: o
264.4159 	Level jitter 	25
269.4020 	Level finished 	25
269.4036 	DATA 	Keypress: o
269.4047 	DATA 	Keypress: o
269.4061 	DATA 	Keypress: o
269.4325 	Level image=tasty.jpg 	25
270.4327 	Level injecting via pump at address 0 	25
276.4073 	DATA 	Keypress: o
276.4084 	DATA 	Keypress: o
276.4094 	DATA 	Keypress: o
276.4334 	Level WAIT 	25
277.4044 	DATA 	Keypress: o
277.4164 	Level RINSE 	25
279.4074 	DATA 	Keypress: o
279.4332 	Level jitter 	25
280.4020 	Level finished 	25
280.4167 	Level image=tasty.jpg 	25
281.4051 	DATA 	Keypress: o
281.4167 	Level injecting via pump at address 1 	25
287.4067 	DATA 	Keypress: o
287.4081 	DATA 	Keypress: o
287.4092 	DATA 	Keypress: o
287.4343 	Level WAIT 	25
288.4172 	Level RINSE 	25
290.4076 	DATA 	Keypress: o
290.4173 	Level jitter 	25
293.4020 	Level finished 	25
293.4034 	DATA 	Keypress: o
293.4047 	DATA 	Keypress: o
293.4176 	Level image=tasty.jpg 	25
294.4177 	Level injecting via pump at address 0 	25
300.4077 	DATA 	Keypress: o
300.4088 	DATA 	Keypress: o
300.4097 	DATA 	Keypress: o
300.4351 	Level WAIT 	25
301.4044 	DATA 	Keypress: o
301.4349 	Level RINSE 	25
303.4073 	DATA 	Keypress: o
303.4182 	Level jitter 	25
305.4020 	Level finished 	25
305.4033 	DATA 	Keypress: o
305.4184 	Level image=tasty.jpg 	25
306.4185 	Level injecting via pump at address 1 	25
312.4074 	DATA 	Keypress: o
312.4089 	DATA 	Keypress: o
312.4100 	DATA 	Keypress: o
312.4194 	Level WAIT 	25
313.4046 	DATA 	Keypress: o
313.4190 	Level RINSE 	25
315.4071 	DATA 	Keypress: o
315.4190 	Level jitter 	25
317.4020 	Level finished 	25
317.4031 	DATA 	Keypress: o
317.4192 	Level image=tasty.jpg 	25
318.4193 	Level injecting via pump at address 0 	25
324.4070 	DATA 	Keypress: o
324.4083 	DATA 	Keypress: o
324.4096 	DATA 	Keypress: o
324.4202 	Level WAIT 	25
325.4050 	DATA 	Keypress: o
325.4198 	Level RINSE 	25
327.4065 	DATA 	Keypress: o
327.4200 	Level jitter 	25
328.4020 	Level finished 	25
328.4200 	Level image=waterlogo.jpg 	25
329.4044 	DATA 	Keypress: o
329.4368 	Level injecting via pump at address 0 	25
335.4078 	DATA 	Keypress: o
335.4092 	DATA 	Keypress: o
335.4104 	DATA 	Keypress: o
335.4375 	Level WAIT 	25
336.4205 	Level RINSE 	25
338.4064 	DATA 	Keypress: o
338.4207 	Level jitter 	25
344.4020 	Level finished 	25
344.4034 	DATA 	Keypress: o
344.4049 	DATA 	Keypress: o
344.4061 	DATA 	Keypress: o
344.4378 	Level image=tasty.jpg 	25
345.4045 	DATA 	Keypress: o
345.4384 	Level injecting via pump at address 1 	25
351.4076 	DATA 	Keypress: o
351.4090 	DATA 	Keypress: o
351.4100 	DATA 	Keypress: o
351.4381 	Level WAIT 	25
352.4216 	Level RINSE 	25
354.4074 	DATA 	Keypress: o
354.4383 	Level jitter 	25
357.4020 	Level finished 	25
357.4032 	DATA 	Keypress: o
357.4043 	DATA 	Keypress: o
357.4392 	Level image=tasty.jpg 	25
358.4221 	Level injecting via pump at address 0 	25
364.4078 	DATA 	Keypress: o
364.4091 	DATA 	Keypress: o
364.4105 	DATA 	Keypress: o
364.4224 	Level WAIT 	25
365.4049 	DATA 	Keypress: o
365.4225 	Level RINSE 	25
367.4081 	DATA 	Keypress: o
367.4231 	Level jitter 	25
369.4020 	Level finished 	25
369.4034 	DATA 	Keypress: o
369.4229 	Level image=tasty.jpg 	25
370.4230 	Level injecting via pump at address 1 	25
376.4069 	DATA 	Keypress: o
376.4082 	DATA 	Keypress: o
376.4094 	DATA 	Keypress: o
376.4400 	Level WAIT 	25
377.4049 	DATA 	Keypress: o
377.4237 	Level RINSE 	25
379.4064 	DATA 	Keypress: o
379.4234 	Level jitter 	25
383.4020 	Level finished 	25
383.4033 	DATA 	Keypress: o
383.4043 	DATA 	Keypress: o
383.4238 	Level image=tasty.jpg 	25
384.4240 	Level injecting via pump at address 0 	25
390.4080 	DATA 	Keypress: o
390.4094 	DATA 	Keypress: o
390.4109 	DATA 	Keypress: o
390.4246 	Level WAIT 	25
391.4049 	DATA 	Keypress: o
391.4243 	Level RINSE 	25
393.4079 	DATA 	Keypress: o
393.4244 	Level jitter 	25
400.4020 	Level finished 	25
400.4032 	DATA 	Keypress: o
400.4042 	DATA 	Keypress: o
400.4052 	DATA 	Keypress: o
400.4254 	Level image=tasty.jpg 	25
401.4044 	DATA 	Keypress: o
401.4250 	Level injecting via pump at address 0 	25
407.4077 	DATA 	Keypress: o
407.4090 	DATA 	Keypress: o
407.4100 	DATA 	Keypress: o
407.4420 	Level WAIT 	25
408.4089 	Level RINSE 	25
410.4065 	DATA 	Keypress: o
410.4261 	Level jitter 	25
414.4020 	Level finished 	25
