52.8273 	DATA 	Keypress: o
52.8282 	Level start key press 	25
54.8355 	DATA 	Keypress: o
56.8355 	DATA 	Keypress: o
58.8358 	DATA 	Keypress: o
60.8360 	DATA 	Keypress: o
61.4002 	Level image=waterlogo.jpg 	25
62.3670 	Level injecting via pump at address 0 	25
68.3391 	DATA 	Keypress: o
68.3401 	DATA 	Keypress: o
68.3410 	DATA 	Keypress: o
68.3678 	Level WAIT 	25
69.3370 	DATA 	Keypress: o
69.3509 	Level RINSE 	25
71.3483 	DATA 	Keypress: o
71.3676 	Level jitter 	25
77.3336 	Level finished 	25
77.3350 	DATA 	Keypress: o
77.3362 	DATA 	Keypress: o
77.3374 	DATA 	Keypress: o
77.3680 	Level image=tasty.jpg 	25
78.3518 	Level injecting via pump at address 1 	25
84.3386 	DATA 	Keypress: o
84.3399 	DATA 	Keypress: o
84.3414 	DATA 	Keypress: o
84.3684 	Level WAIT 	25
85.3365 	DATA 	Keypress: o
85.3519 	Level RINSE 	25
87.3395 	DATA 	Keypress: o
87.3687 	Level jitter 	25
93.3336 	Level finished 	25
93.3352 	DATA 	Keypress: o
93.3366 	DATA 	Keypress: o
93.3379 	DATA 	Keypress: o
93.3695 	Level image=tasty.jpg 	25
94.3526 	Level injecting via pump at address 1 	25
100.3391 	DATA 	Keypress: o
100.3402 	DATA 	Keypress: o
100.3411 	DATA 	Keypress: o
100.3529 	Level WAIT 	25
101.3360 	DATA 	Keypress: o
101.3530 	Level RINSE 	25
103.3389 	DATA 	Keypress: o
103.3535 	Level jitter 	25
105.3336 	Level finished 	25
105.3348 	DATA 	Keypress: o
105.3532 	Level image=waterlogo.jpg 	25
106.3701 	Level injecting via pump at address 0 	25
112.3394 	DATA 	Keypress: o
112.3408 	DATA 	Keypress: o
112.3420 	DATA 	Keypress: o
112.3704 	Level WAIT 	25
113.3365 	DATA 	Keypress: o
113.3543 	Level RINSE 	25
115.3382 	DATA 	Keypress: o
115.3706 	Level jitter 	25
121.3336 	Level finished 	25
121.3351 	DATA 	Keypress: o
121.3363 	DATA 	Keypress: o
121.3375 	DATA 	Keypress: o
121.3711 	Level image=tasty.jpg 	25
122.3545 	Level injecting via pump at address 1 	25
128.3389 	DATA 	Keypress: o
128.3402 	DATA 	Keypress: o
128.3414 	DATA 	Keypress: o
128.3553 	Level WAIT 	25
129.3362 	DATA 	Keypress: o
129.3549 	Level RINSE 	25
131.3386 	DATA 	Keypress: o
131.3550 	Level jitter 	25
136.3336 	Level finished 	25
136.3350 	DATA 	Keypress: o
136.3362 	DATA 	Keypress: o
136.3554 	Level image=waterlogo.jpg 	25
137.3364 	DATA 	Keypress: o
137.3556 	Level injecting via pump at address 0 	25
143.3391 	DATA 	Keypress: o
143.3401 	DATA 	Keypress: o
143.3411 	DATA 	Keypress: o
143.3730 	Level WAIT 	25
144.3393 	Level RINSE 	25
146.3390 	DATA 	Keypress: o
146.3561 	Level jitter 	25
151.3336 	Level finished 	25
151.3351 	DATA 	Keypress: o
151.3365 	DATA 	Keypress: o
151.3378 	DATA 	Keypress: o
151.3564 	Level image=tasty.jpg 	25
152.3566 	Level injecting via pump at address 1 	25
158.3388 	DATA 	Keypress: o
158.3399 	DATA 	Keypress: o
158.3408 	DATA 	Keypress: o
158.3573 	Level WAIT 	25
159.3369 	DATA 	Keypress: o
159.3570 	Level RINSE 	25
161.3391 	DATA 	Keypress: o
161.3571 	Level jitter 	25
167.3336 	Level finished 	25
167.3350 	DATA 	Keypress: o
167.3362 	DATA 	Keypress: o
167.3372 	DATA 	Keypress: o
167.3576 	Level image=waterlogo.jpg 	25
168.3582 	Level injecting via pump at address 0 	25
174.3384 	DATA 	Keypress: o
174.3394 	DATA 	Keypress: o
174.3404 	DATA 	Keypress: o
174.3580 	Level WAIT 	25
175.3365 	DATA 	Keypress: o
175.3414 	Level RINSE 	25
177.3387 	DATA 	Keypress: o
177.3582 	Level jitter 	25
180.3336 	Level finished 	25
180.3350 	DATA 	Keypress: o
180.3589 	Level image=tasty.jpg 	25
181.3369 	DATA 	Keypress: o
181.3418 	Level injecting via pump at address 1 	25
187.3399 	DATA 	Keypress: o
187.3412 	DATA 	Keypress: o
187.3425 	DATA 	Keypress: o
187.3755 	Level WAIT 	25
188.3422 	Level RINSE 	25
190.3382 	DATA 	Keypress: o
190.3595 	Level jitter 	25
198.3336 	Level finished 	25
198.3351 	DATA 	Keypress: o
198.3363 	DATA 	Keypress: o
198.3373 	DATA 	Keypress: o
198.3383 	DATA 	Keypress: o
198.3598 	Level image=waterlogo.jpg 	25
199.3369 	DATA 	Keypress: o
199.3598 	Level injecting via pump at address 0 	25
205.3391 	DATA 	Keypress: o
205.3403 	DATA 	Keypress: o
205.3413 	DATA 	Keypress: o
205.3605 	Level WAIT 	25
206.3435 	Level RINSE 	25
208.3394 	DATA 	Keypress: o
208.3603 	Level jitter 	25
210.3336 	Level finished 	25
210.3348 	DATA 	Keypress: o
210.3606 	Level image=tasty.jpg 	25
211.3365 	DATA 	Keypress: o
211.3607 	Level injecting via pump at address 1 	25
217.3389 	DATA 	Keypress: o
217.3400 	DATA 	Keypress: o
217.3409 	DATA 	Keypress: o
217.3614 	Level WAIT 	25
218.3610 	Level RINSE 	25
220.3395 	DATA 	Keypress: o
220.3612 	Level jitter 	25
229.3336 	Level finished 	25
229.3351 	DATA 	Keypress: o
229.3364 	DATA 	Keypress: o
229.3376 	DATA 	Keypress: o
229.3388 	DATA 	Keypress: o
229.3399 	DATA 	Keypress: o
229.3623 	Level image=waterlogo.jpg 	25
230.3619 	Level injecting via pump at address 0 	25
236.3391 	DATA 	Keypress: o
236.3410 	DATA 	Keypress: o
236.3425 	DATA 	Keypress: o
236.3623 	Level WAIT 	25
237.3364 	DATA 	Keypress: o
237.3624 	Level RINSE 	25
239.3387 	DATA 	Keypress: o
239.3630 	Level jitter 	25
241.3336 	Level finished 	25
241.3350 	DATA 	Keypress: o
241.3460 	Level image=tasty.jpg 	25
242.3461 	Level injecting via pump at address 1 	25
248.3392 	DATA 	Keypress: o
248.3404 	DATA 	Keypress: o
248.3418 	DATA 	Keypress: o
248.3631 	Level WAIT 	25
249.3362 	DATA 	Keypress: o
249.3636 	Level RINSE 	25
251.3391 	DATA 	Keypress: o
251.3633 	Level jitter 	25
254.3336 	Level finished 	25
254.3350 	DATA 	Keypress: o
254.3636 	Level image=waterlogo.jpg 	25
255.3371 	DATA 	Keypress: o
255.3638 	Level injecting via pump at address 0 	25
261.3389 	DATA 	Keypress: o
261.3399 	DATA 	Keypress: o
261.3408 	DATA 	Keypress: o
261.3644 	Level WAIT 	25
262.3641 	Level RINSE 	25
264.3388 	DATA 	Keypress: o
264.3642 	Level jitter 	25
268.3336 	Level finished 	25
268.3349 	DATA 	Keypress: o
268.3359 	DATA 	Keypress: o
268.3646 	Level image=tasty.jpg 	25
269.3364 	DATA 	Keypress: o
269.3480 	Level injecting via pump at address 1 	25
275.3394 	DATA 	Keypress: o
275.3411 	DATA 	Keypress: o
275.3428 	DATA 	Keypress: o
275.3487 	Level WAIT 	25
276.3484 	Level RINSE 	25
278.3391 	DATA 	Keypress: o
278.3485 	Level jitter 	25
279.3336 	Level finished 	25
279.3349 	DATA 	Keypress: o
279.3653 	Level image=waterlogo.jpg 	25
280.3488 	Level injecting via pump at address 0 	25
286.3393 	DATA 	Keypress: o
286.3410 	DATA 	Keypress: o
286.3424 	DATA 	Keypress: o
286.3663 	Level WAIT 	25
287.3365 	DATA 	Keypress: o
287.3659 	Level RINSE 	25
289.3403 	DATA 	Keypress: o
289.3659 	Level jitter 	25
292.3336 	Level finished 	25
292.3351 	DATA 	Keypress: o
292.3662 	Level image=tasty.jpg 	25
293.3360 	DATA 	Keypress: o
293.3662 	Level injecting via pump at address 1 	25
299.3388 	DATA 	Keypress: o
299.3398 	DATA 	Keypress: o
299.3408 	DATA 	Keypress: o
299.3671 	Level WAIT 	25
300.3500 	Level RINSE 	25
302.3388 	DATA 	Keypress: o
302.3668 	Level jitter 	25
310.3336 	Level finished 	25
310.3352 	DATA 	Keypress: o
310.3365 	DATA 	Keypress: o
310.3378 	DATA 	Keypress: o
310.3390 	DATA 	Keypress: o
310.3679 	Level image=tasty.jpg 	25
311.3364 	DATA 	Keypress: o
311.3509 	Level injecting via pump at address 1 	25
317.3396 	DATA 	Keypress: o
317.3409 	DATA 	Keypress: o
317.3421 	DATA 	Keypress: o
317.3678 	Level WAIT 	25
318.3680 	Level RINSE 	25
320.3390 	DATA 	Keypress: o
320.3517 	Level jitter 	25
324.3336 	Level finished 	25
324.3351 	DATA 	Keypress: o
324.3364 	DATA 	Keypress: o
324.3684 	Level image=waterlogo.jpg 	25
325.3366 	DATA 	Keypress: o
325.3519 	Level injecting via pump at address 0 	25
331.3387 	DATA 	Keypress: o
331.3398 	DATA 	Keypress: o
331.3408 	DATA 	Keypress: o
331.3526 	Level WAIT 	25
332.3522 	Level RINSE 	25
334.3386 	DATA 	Keypress: o
334.3524 	Level jitter 	25
337.3336 	Level finished 	25
337.3351 	DATA 	Keypress: o
337.3363 	DATA 	Keypress: o
337.3527 	Level image=tasty.jpg 	25
338.3528 	Level injecting via pump at address 1 	25
344.3388 	DATA 	Keypress: o
344.3400 	DATA 	Keypress: o
344.3411 	DATA 	Keypress: o
344.3535 	Level WAIT 	25
345.3361 	DATA 	Keypress: o
345.3532 	Level RINSE 	25
347.3390 	DATA 	Keypress: o
347.3533 	Level jitter 	25
352.3336 	Level finished 	25
352.3349 	DATA 	Keypress: o
352.3359 	DATA 	Keypress: o
352.3703 	Level image=waterlogo.jpg 	25
353.3362 	DATA 	Keypress: o
353.3539 	Level injecting via pump at address 0 	25
359.3393 	DATA 	Keypress: o
359.3405 	DATA 	Keypress: o
359.3416 	DATA 	Keypress: o
359.3545 	Level WAIT 	25
360.3542 	Level RINSE 	25
362.3392 	DATA 	Keypress: o
362.3543 	Level jitter 	25
367.3336 	Level finished 	25
367.3350 	DATA 	Keypress: o
367.3363 	DATA 	Keypress: o
367.3375 	DATA 	Keypress: o
367.3713 	Level image=waterlogo.jpg 	25
368.3549 	Level injecting via pump at address 0 	25
374.3388 	DATA 	Keypress: o
374.3398 	DATA 	Keypress: o
374.3408 	DATA 	Keypress: o
374.3722 	Level WAIT 	25
375.3361 	DATA 	Keypress: o
375.3552 	Level RINSE 	25
377.3394 	DATA 	Keypress: o
377.3554 	Level jitter 	25
386.3336 	Level finished 	25
386.3351 	DATA 	Keypress: o
386.3364 	DATA 	Keypress: o
386.3374 	DATA 	Keypress: o
386.3386 	DATA 	Keypress: o
386.3732 	Level image=tasty.jpg 	25
387.3360 	DATA 	Keypress: o
387.3394 	Level injecting via pump at address 1 	25
393.3392 	DATA 	Keypress: o
393.3405 	DATA 	Keypress: o
393.3417 	DATA 	Keypress: o
393.3731 	Level WAIT 	25
394.3566 	Level RINSE 	25
396.3389 	DATA 	Keypress: o
396.3572 	Level jitter 	25
398.3336 	Level finished 	25
398.3350 	DATA 	Keypress: o
398.3569 	Level image=waterlogo.jpg 	25
399.3364 	DATA 	Keypress: o
399.3569 	Level injecting via pump at address 0 	25
405.3399 	DATA 	Keypress: o
405.3410 	DATA 	Keypress: o
405.3421 	DATA 	Keypress: o
405.3573 	Level WAIT 	25
406.3412 	Level RINSE 	25
408.3388 	DATA 	Keypress: o
408.3575 	Level jitter 	25
411.3336 	Level finished 	25
411.3356 	DATA 	Keypress: o
411.3369 	DATA 	Keypress: o
411.3578 	Level image=waterlogo.jpg 	25
412.3411 	Level injecting via pump at address 0 	25
418.3394 	DATA 	Keypress: o
418.3408 	DATA 	Keypress: o
418.3420 	DATA 	Keypress: o
418.3752 	Level WAIT 	25
419.3365 	DATA 	Keypress: o
419.3582 	Level RINSE 	25
421.3391 	DATA 	Keypress: o
421.3584 	Level jitter 	25
426.3336 	Level finished 	25
426.3349 	DATA 	Keypress: o
426.3359 	DATA 	Keypress: o
426.3588 	Level image=tasty.jpg 	25
427.3361 	DATA 	Keypress: o
427.3589 	Level injecting via pump at address 1 	25
433.3390 	DATA 	Keypress: o
433.3401 	DATA 	Keypress: o
433.3412 	DATA 	Keypress: o
433.3596 	Level WAIT 	25
434.3427 	Level RINSE 	25
436.3394 	DATA 	Keypress: o
436.3594 	Level jitter 	25
438.3336 	Level finished 	25
438.3352 	DATA 	Keypress: o
438.3598 	Level image=tasty.jpg 	25
439.3364 	DATA 	Keypress: o
439.3598 	Level injecting via pump at address 1 	25
445.3394 	DATA 	Keypress: o
445.3404 	DATA 	Keypress: o
445.3415 	DATA 	Keypress: o
445.3605 	Level WAIT 	25
446.3601 	Level RINSE 	25
448.3389 	DATA 	Keypress: o
448.3602 	Level jitter 	25
455.3336 	Level finished 	25
455.3349 	DATA 	Keypress: o
455.3359 	DATA 	Keypress: o
455.3369 	DATA 	Keypress: o
455.3379 	DATA 	Keypress: o
455.3613 	Level image=waterlogo.jpg 	25
456.3442 	Level injecting via pump at address 0 	25
462.3392 	DATA 	Keypress: o
462.3405 	DATA 	Keypress: o
462.3417 	DATA 	Keypress: o
462.3446 	Level WAIT 	25
463.3365 	DATA 	Keypress: o
463.3447 	Level RINSE 	25
465.3390 	DATA 	Keypress: o
465.3450 	Level jitter 	25
468.3336 	Level finished 	25
468.3351 	DATA 	Keypress: o
468.3617 	Level image=tasty.jpg 	25
469.3364 	DATA 	Keypress: o
469.3451 	Level injecting via pump at address 1 	25
475.3398 	DATA 	Keypress: o
475.3413 	DATA 	Keypress: o
475.3427 	DATA 	Keypress: o
475.3625 	Level WAIT 	25
476.3456 	Level RINSE 	25
478.3389 	DATA 	Keypress: o
478.3457 	Level jitter 	25
480.3336 	Level finished 	25
480.3350 	DATA 	Keypress: o
480.3625 	Level image=waterlogo.jpg 	25
481.3365 	DATA 	Keypress: o
481.3459 	Level injecting via pump at address 0 	25
487.3391 	DATA 	Keypress: o
487.3404 	DATA 	Keypress: o
487.3417 	DATA 	Keypress: o
487.3467 	Level WAIT 	25
488.3464 	Level RINSE 	25
490.3387 	DATA 	Keypress: o
490.3464 	Level jitter 	25
498.3336 	Level finished 	25
498.3349 	DATA 	Keypress: o
498.3360 	DATA 	Keypress: o
498.3370 	DATA 	Keypress: o
498.3381 	DATA 	Keypress: o
498.3643 	Level image=tasty.jpg 	25
499.3362 	DATA 	Keypress: o
499.3639 	Level injecting via pump at address 1 	25
505.3388 	DATA 	Keypress: o
505.3398 	DATA 	Keypress: o
505.3408 	DATA 	Keypress: o
505.3641 	Level WAIT 	25
506.3476 	Level RINSE 	25
508.3395 	DATA 	Keypress: o
508.3648 	Level jitter 	25
510.3336 	Level finished 	25
510.3351 	DATA 	Keypress: o
510.3646 	Level image=waterlogo.jpg 	25
511.3362 	DATA 	Keypress: o
511.3647 	Level injecting via pump at address 0 	25
517.3382 	DATA 	Keypress: o
517.3393 	DATA 	Keypress: o
517.3405 	DATA 	Keypress: o
517.3650 	Level WAIT 	25
518.3489 	Level RINSE 	25
520.3386 	DATA 	Keypress: o
520.3652 	Level jitter 	25
527.3336 	Level finished 	25
