106.9173 	DATA 	Keypress: o
106.9181 	Level start key press 	25
108.9186 	DATA 	Keypress: o
110.9161 	DATA 	Keypress: o
112.9197 	DATA 	Keypress: o
114.9936 	DATA 	Keypress: o
114.9980 	Level image=waterlogo.jpg 	25
115.9046 	Level injecting via pump at address 0 	25
121.9036 	DATA 	Keypress: o
121.9049 	DATA 	Keypress: o
121.9061 	DATA 	Keypress: o
121.9153 	Level WAIT 	25
122.9147 	Level RINSE 	25
124.9113 	DATA 	Keypress: o
124.9126 	DATA 	Keypress: o
124.9241 	Level jitter 	25
130.8982 	Level finished 	25
130.8997 	DATA 	Keypress: o
130.9009 	DATA 	Keypress: o
130.9162 	Level image=tasty.jpg 	25
131.9005 	DATA 	Keypress: o
131.9049 	Level injecting via pump at address 1 	25
137.9036 	DATA 	Keypress: o
137.9048 	DATA 	Keypress: o
137.9060 	DATA 	Keypress: o
137.9167 	Level WAIT 	25
138.9167 	Level RINSE 	25
140.9024 	DATA 	Keypress: o
140.9068 	Level jitter 	25
146.8982 	Level finished 	25
146.8994 	DATA 	Keypress: o
146.9005 	DATA 	Keypress: o
146.9014 	DATA 	Keypress: o
146.9103 	Level image=tasty.jpg 	25
147.9010 	DATA 	Keypress: o
147.9183 	Level injecting via pump at address 1 	25
153.9032 	DATA 	Keypress: o
153.9044 	DATA 	Keypress: o
153.9055 	DATA 	Keypress: o
153.9185 	Level WAIT 	25
154.9024 	Level RINSE 	25
156.9026 	DATA 	Keypress: o
156.9072 	Level jitter 	25
158.8982 	Level finished 	25
158.8993 	DATA 	Keypress: o
158.9128 	Level image=waterlogo.jpg 	25
159.9010 	DATA 	Keypress: o
159.9079 	Level injecting via pump at address 0 	25
165.9031 	DATA 	Keypress: o
165.9042 	DATA 	Keypress: o
165.9053 	DATA 	Keypress: o
165.9099 	Level WAIT 	25
166.9044 	Level RINSE 	25
168.9034 	DATA 	Keypress: o
168.9111 	Level jitter 	25
174.8982 	Level finished 	25
174.8994 	DATA 	Keypress: o
174.9004 	DATA 	Keypress: o
174.9014 	DATA 	Keypress: o
174.9125 	Level image=tasty.jpg 	25
175.9007 	DATA 	Keypress: o
175.9049 	Level injecting via pump at address 1 	25
181.9035 	DATA 	Keypress: o
181.9048 	DATA 	Keypress: o
181.9062 	DATA 	Keypress: o
181.9100 	Level WAIT 	25
182.9050 	Level RINSE 	25
184.9036 	DATA 	Keypress: o
184.9100 	Level jitter 	25
189.8982 	Level finished 	25
189.8994 	DATA 	Keypress: o
189.9004 	DATA 	Keypress: o
189.9013 	DATA 	Keypress: o
189.9173 	Level image=waterlogo.jpg 	25
190.9064 	Level injecting via pump at address 0 	25
196.9036 	DATA 	Keypress: o
196.9048 	DATA 	Keypress: o
196.9059 	DATA 	Keypress: o
196.9142 	Level WAIT 	25
197.9012 	DATA 	Keypress: o
197.9066 	Level RINSE 	25
199.9041 	DATA 	Keypress: o
199.9073 	Level jitter 	25
204.8982 	Level finished 	25
204.8994 	DATA 	Keypress: o
204.9004 	DATA 	Keypress: o
204.9085 	Level image=tasty.jpg 	25
205.9012 	DATA 	Keypress: o
205.9079 	Level injecting via pump at address 1 	25
211.9031 	DATA 	Keypress: o
211.9042 	DATA 	Keypress: o
211.9052 	DATA 	Keypress: o
211.9086 	Level WAIT 	25
212.9096 	Level RINSE 	25
214.9034 	DATA 	Keypress: o
214.9089 	Level jitter 	25
220.8982 	Level finished 	25
220.8996 	DATA 	Keypress: o
220.9007 	DATA 	Keypress: o
220.9016 	DATA 	Keypress: o
220.9095 	Level image=waterlogo.jpg 	25
221.9006 	DATA 	Keypress: o
221.9102 	Level injecting via pump at address 0 	25
227.9033 	DATA 	Keypress: o
227.9045 	DATA 	Keypress: o
227.9057 	DATA 	Keypress: o
227.9111 	Level WAIT 	25
228.9113 	Level RINSE 	25
230.9034 	DATA 	Keypress: o
230.9112 	Level jitter 	25
233.8982 	Level finished 	25
233.8994 	DATA 	Keypress: o
233.9004 	DATA 	Keypress: o
233.9118 	Level image=tasty.jpg 	25
234.9114 	Level injecting via pump at address 1 	25
240.9043 	DATA 	Keypress: o
240.9056 	DATA 	Keypress: o
240.9067 	DATA 	Keypress: o
240.9125 	Level WAIT 	25
241.9008 	DATA 	Keypress: o
241.9127 	Level RINSE 	25
243.9029 	DATA 	Keypress: o
243.9135 	Level jitter 	25
251.8982 	Level finished 	25
251.8994 	DATA 	Keypress: o
251.9005 	DATA 	Keypress: o
251.9017 	DATA 	Keypress: o
251.9028 	DATA 	Keypress: o
251.9105 	Level image=waterlogo.jpg 	25
252.9053 	Level injecting via pump at address 0 	25
258.9027 	DATA 	Keypress: o
258.9037 	DATA 	Keypress: o
258.9047 	DATA 	Keypress: o
258.9081 	Level WAIT 	25
259.9010 	DATA 	Keypress: o
259.9146 	Level RINSE 	25
261.9035 	DATA 	Keypress: o
261.9087 	Level jitter 	25
263.8982 	Level finished 	25
263.8993 	DATA 	Keypress: o
263.9150 	Level image=tasty.jpg 	25
264.9089 	Level injecting via pump at address 1 	25
270.9042 	DATA 	Keypress: o
270.9055 	DATA 	Keypress: o
270.9069 	DATA 	Keypress: o
270.9115 	Level WAIT 	25
271.9010 	DATA 	Keypress: o
271.9062 	Level RINSE 	25
273.9041 	DATA 	Keypress: o
273.9123 	Level jitter 	25
282.8982 	Level finished 	25
282.8994 	DATA 	Keypress: o
282.9006 	DATA 	Keypress: o
282.9017 	DATA 	Keypress: o
282.9026 	DATA 	Keypress: o
282.9157 	Level image=waterlogo.jpg 	25
283.9009 	DATA 	Keypress: o
283.9098 	Level injecting via pump at address 0 	25
289.9037 	DATA 	Keypress: o
289.9051 	DATA 	Keypress: o
289.9063 	DATA 	Keypress: o
289.9119 	Level WAIT 	25
290.9071 	Level RINSE 	25
292.9032 	DATA 	Keypress: o
292.9134 	Level jitter 	25
294.8982 	Level finished 	25
294.8993 	DATA 	Keypress: o
294.9181 	Level image=tasty.jpg 	25
295.9013 	DATA 	Keypress: o
295.9144 	Level injecting via pump at address 1 	25
301.9032 	DATA 	Keypress: o
301.9044 	DATA 	Keypress: o
301.9053 	DATA 	Keypress: o
301.9156 	Level WAIT 	25
302.9028 	Level RINSE 	25
304.9033 	DATA 	Keypress: o
304.9177 	Level jitter 	25
307.8982 	Level finished 	25
307.8994 	DATA 	Keypress: o
307.9004 	DATA 	Keypress: o
307.9180 	Level image=waterlogo.jpg 	25
308.9038 	Level injecting via pump at address 0 	25
314.9037 	DATA 	Keypress: o
314.9050 	DATA 	Keypress: o
314.9062 	DATA 	Keypress: o
314.9147 	Level WAIT 	25
315.9011 	DATA 	Keypress: o
315.9043 	Level RINSE 	25
317.9036 	DATA 	Keypress: o
317.9154 	Level jitter 	25
321.8982 	Level finished 	25
321.8995 	DATA 	Keypress: o
321.9004 	DATA 	Keypress: o
321.9117 	Level image=tasty.jpg 	25
322.9047 	Level injecting via pump at address 1 	25
328.9036 	DATA 	Keypress: o
328.9049 	DATA 	Keypress: o
328.9060 	DATA 	Keypress: o
328.9223 	Level WAIT 	25
329.9010 	DATA 	Keypress: o
329.9062 	Level RINSE 	25
331.9034 	DATA 	Keypress: o
331.9066 	Level jitter 	25
332.8982 	Level finished 	25
332.9059 	Level image=waterlogo.jpg 	25
333.9009 	DATA 	Keypress: o
333.9062 	Level injecting via pump at address 0 	25
339.9033 	DATA 	Keypress: o
339.9045 	DATA 	Keypress: o
339.9054 	DATA 	Keypress: o
339.9181 	Level WAIT 	25
340.9076 	Level RINSE 	25
342.9043 	DATA 	Keypress: o
342.9076 	Level jitter 	25
345.8982 	Level finished 	25
345.8995 	DATA 	Keypress: o
345.9006 	DATA 	Keypress: o
345.9074 	Level image=tasty.jpg 	25
346.9079 	Level injecting via pump at address 1 	25
352.9037 	DATA 	Keypress: o
352.9050 	DATA 	Keypress: o
352.9062 	DATA 	Keypress: o
352.9172 	Level WAIT 	25
353.9007 	DATA 	Keypress: o
353.9092 	Level RINSE 	25
355.9027 	DATA 	Keypress: o
355.9092 	Level jitter 	25
363.8982 	Level finished 	25
363.8996 	DATA 	Keypress: o
363.9009 	DATA 	Keypress: o
363.9020 	DATA 	Keypress: o
363.9032 	DATA 	Keypress: o
363.9108 	Level image=tasty.jpg 	25
364.9037 	Level injecting via pump at address 1 	25
370.9034 	DATA 	Keypress: o
370.9045 	DATA 	Keypress: o
370.9055 	DATA 	Keypress: o
370.9110 	Level WAIT 	25
371.9012 	DATA 	Keypress: o
371.9110 	Level RINSE 	25
373.9033 	DATA 	Keypress: o
373.9068 	Level jitter 	25
377.8982 	Level finished 	25
377.8994 	DATA 	Keypress: o
377.9005 	DATA 	Keypress: o
377.9112 	Level image=waterlogo.jpg 	25
378.9114 	Level injecting via pump at address 0 	25
384.9038 	DATA 	Keypress: o
384.9051 	DATA 	Keypress: o
384.9063 	DATA 	Keypress: o
384.9129 	Level WAIT 	25
385.9010 	DATA 	Keypress: o
385.9109 	Level RINSE 	25
387.9036 	DATA 	Keypress: o
387.9128 	Level jitter 	25
390.8982 	Level finished 	25
390.8997 	DATA 	Keypress: o
390.9129 	Level image=tasty.jpg 	25
391.9007 	DATA 	Keypress: o
391.9131 	Level injecting via pump at address 1 	25
397.9039 	DATA 	Keypress: o
397.9052 	DATA 	Keypress: o
397.9064 	DATA 	Keypress: o
397.9145 	Level WAIT 	25
398.9093 	Level RINSE 	25
400.9029 	DATA 	Keypress: o
400.9136 	Level jitter 	25
405.8982 	Level finished 	25
405.8995 	DATA 	Keypress: o
405.9005 	DATA 	Keypress: o
405.9014 	DATA 	Keypress: o
405.9146 	Level image=waterlogo.jpg 	25
406.9152 	Level injecting via pump at address 0 	25
412.9035 	DATA 	Keypress: o
412.9047 	DATA 	Keypress: o
412.9059 	DATA 	Keypress: o
412.9160 	Level WAIT 	25
413.9009 	DATA 	Keypress: o
413.9140 	Level RINSE 	25
415.9030 	DATA 	Keypress: o
415.9161 	Level jitter 	25
420.8982 	Level finished 	25
420.8995 	DATA 	Keypress: o
420.9007 	DATA 	Keypress: o
420.9113 	Level image=waterlogo.jpg 	25
421.9010 	DATA 	Keypress: o
421.9065 	Level injecting via pump at address 0 	25
427.9032 	DATA 	Keypress: o
427.9041 	DATA 	Keypress: o
427.9051 	DATA 	Keypress: o
427.9088 	Level WAIT 	25
428.9025 	Level RINSE 	25
430.9027 	DATA 	Keypress: o
430.9088 	Level jitter 	25
439.8982 	Level finished 	25
439.8997 	DATA 	Keypress: o
439.9009 	DATA 	Keypress: o
439.9020 	DATA 	Keypress: o
439.9029 	DATA 	Keypress: o
439.9038 	DATA 	Keypress: o
439.9126 	Level image=tasty.jpg 	25
440.9025 	Level injecting via pump at address 1 	25
446.9029 	DATA 	Keypress: o
446.9040 	DATA 	Keypress: o
446.9050 	DATA 	Keypress: o
446.9082 	Level WAIT 	25
447.9006 	DATA 	Keypress: o
447.9036 	Level RINSE 	25
449.9028 	DATA 	Keypress: o
449.9106 	Level jitter 	25
451.8982 	Level finished 	25
451.8995 	DATA 	Keypress: o
451.9159 	Level image=waterlogo.jpg 	25
452.9039 	Level injecting via pump at address 0 	25
458.9033 	DATA 	Keypress: o
458.9043 	DATA 	Keypress: o
458.9052 	DATA 	Keypress: o
458.9124 	Level WAIT 	25
459.9008 	DATA 	Keypress: o
459.9044 	Level RINSE 	25
461.9026 	DATA 	Keypress: o
461.9133 	Level jitter 	25
464.8982 	Level finished 	25
464.8993 	DATA 	Keypress: o
464.9147 	Level image=waterlogo.jpg 	25
465.9006 	DATA 	Keypress: o
465.9058 	Level injecting via pump at address 0 	25
471.9034 	DATA 	Keypress: o
471.9047 	DATA 	Keypress: o
471.9059 	DATA 	Keypress: o
471.9116 	Level WAIT 	25
472.9059 	Level RINSE 	25
474.9027 	DATA 	Keypress: o
474.9058 	Level jitter 	25
479.8982 	Level finished 	25
479.8994 	DATA 	Keypress: o
479.9004 	DATA 	Keypress: o
479.9014 	DATA 	Keypress: o
479.9195 	Level image=tasty.jpg 	25
480.9072 	Level injecting via pump at address 1 	25
486.9026 	DATA 	Keypress: o
486.9038 	DATA 	Keypress: o
486.9047 	DATA 	Keypress: o
486.9084 	Level WAIT 	25
487.9012 	DATA 	Keypress: o
487.9076 	Level RINSE 	25
489.9033 	DATA 	Keypress: o
489.9075 	Level jitter 	25
491.8982 	Level finished 	25
491.8993 	DATA 	Keypress: o
491.9073 	Level image=tasty.jpg 	25
492.9023 	Level injecting via pump at address 1 	25
498.9031 	DATA 	Keypress: o
498.9041 	DATA 	Keypress: o
498.9050 	DATA 	Keypress: o
498.9096 	Level WAIT 	25
499.9009 	DATA 	Keypress: o
499.9093 	Level RINSE 	25
501.9028 	DATA 	Keypress: o
501.9092 	Level jitter 	25
508.8982 	Level finished 	25
508.8995 	DATA 	Keypress: o
508.9005 	DATA 	Keypress: o
508.9015 	DATA 	Keypress: o
508.9108 	Level image=waterlogo.jpg 	25
509.9006 	DATA 	Keypress: o
509.9109 	Level injecting via pump at address 0 	25
515.9034 	DATA 	Keypress: o
515.9045 	DATA 	Keypress: o
515.9055 	DATA 	Keypress: o
515.9109 	Level WAIT 	25
516.9102 	Level RINSE 	25
518.9031 	DATA 	Keypress: o
518.9113 	Level jitter 	25
521.8982 	Level finished 	25
521.8996 	DATA 	Keypress: o
521.9009 	DATA 	Keypress: o
521.9122 	Level image=tasty.jpg 	25
522.9115 	Level injecting via pump at address 1 	25
528.9036 	DATA 	Keypress: o
528.9047 	DATA 	Keypress: o
528.9057 	DATA 	Keypress: o
528.9128 	Level WAIT 	25
529.9010 	DATA 	Keypress: o
529.9086 	Level RINSE 	25
531.9030 	DATA 	Keypress: o
531.9126 	Level jitter 	25
533.8982 	Level finished 	25
533.8994 	DATA 	Keypress: o
533.9130 	Level image=waterlogo.jpg 	25
534.9131 	Level injecting via pump at address 0 	25
540.9028 	DATA 	Keypress: o
540.9038 	DATA 	Keypress: o
540.9047 	DATA 	Keypress: o
540.9145 	Level WAIT 	25
541.9006 	DATA 	Keypress: o
541.9121 	Level RINSE 	25
543.9028 	DATA 	Keypress: o
543.9146 	Level jitter 	25
551.8982 	Level finished 	25
551.8994 	DATA 	Keypress: o
551.9004 	DATA 	Keypress: o
551.9017 	DATA 	Keypress: o
551.9028 	DATA 	Keypress: o
551.9104 	Level image=tasty.jpg 	25
552.9047 	Level injecting via pump at address 1 	25
558.9034 	DATA 	Keypress: o
558.9044 	DATA 	Keypress: o
558.9055 	DATA 	Keypress: o
558.9163 	Level WAIT 	25
559.9010 	DATA 	Keypress: o
559.9160 	Level RINSE 	25
561.9040 	DATA 	Keypress: o
561.9087 	Level jitter 	25
563.8982 	Level finished 	25
563.8994 	DATA 	Keypress: o
563.9142 	Level image=waterlogo.jpg 	25
564.9093 	Level injecting via pump at address 0 	25
570.9027 	DATA 	Keypress: o
570.9038 	DATA 	Keypress: o
570.9048 	DATA 	Keypress: o
570.9115 	Level WAIT 	25
571.9006 	DATA 	Keypress: o
571.9059 	Level RINSE 	25
573.9027 	DATA 	Keypress: o
573.9119 	Level jitter 	25
580.8982 	Level finished 	25
