91.7933 	DATA 	Keypress: o
91.7943 	Level start key press 	25
93.8032 	DATA 	Keypress: o
95.8031 	DATA 	Keypress: o
97.8036 	DATA 	Keypress: o
99.8038 	DATA 	Keypress: o
100.3348 	Level image=tasty.jpg 	25
101.2848 	Level injecting via pump at address 1 	25
107.2736 	DATA 	Keypress: o
107.2750 	DATA 	Keypress: o
107.2762 	DATA 	Keypress: o
107.3026 	Level WAIT 	25
108.2712 	DATA 	Keypress: o
108.3023 	Level RINSE 	25
110.2802 	DATA 	Keypress: o
110.3025 	Level jitter 	25
119.2680 	Level finished 	25
119.2695 	DATA 	Keypress: o
119.2708 	DATA 	Keypress: o
119.2720 	DATA 	Keypress: o
119.2732 	DATA 	Keypress: o
119.2874 	Level image=waterlogo.jpg 	25
120.2704 	DATA 	Keypress: o
120.2871 	Level injecting via pump at address 0 	25
126.2737 	DATA 	Keypress: o
126.2751 	DATA 	Keypress: o
126.2762 	DATA 	Keypress: o
126.2877 	Level WAIT 	25
127.2879 	Level RINSE 	25
129.2724 	DATA 	Keypress: o
129.2885 	Level jitter 	25
133.2680 	Level finished 	25
133.2693 	DATA 	Keypress: o
133.2705 	DATA 	Keypress: o
133.3052 	Level image=tasty.jpg 	25
134.2706 	DATA 	Keypress: o
134.2887 	Level injecting via pump at address 1 	25
140.2736 	DATA 	Keypress: o
140.2749 	DATA 	Keypress: o
140.2761 	DATA 	Keypress: o
140.2898 	Level WAIT 	25
141.2895 	Level RINSE 	25
143.2731 	DATA 	Keypress: o
143.2897 	Level jitter 	25
147.2680 	Level finished 	25
147.2696 	DATA 	Keypress: o
147.2711 	DATA 	Keypress: o
147.2902 	Level image=waterlogo.jpg 	25
148.2712 	DATA 	Keypress: o
148.2903 	Level injecting via pump at address 0 	25
154.2731 	DATA 	Keypress: o
154.2741 	DATA 	Keypress: o
154.2750 	DATA 	Keypress: o
154.2915 	Level WAIT 	25
155.2911 	Level RINSE 	25
157.2731 	DATA 	Keypress: o
157.2913 	Level jitter 	25
161.2680 	Level finished 	25
161.2693 	DATA 	Keypress: o
161.2702 	DATA 	Keypress: o
161.2919 	Level image=waterlogo.jpg 	25
162.2709 	DATA 	Keypress: o
162.2755 	Level injecting via pump at address 0 	25
168.2728 	DATA 	Keypress: o
168.2738 	DATA 	Keypress: o
168.2748 	DATA 	Keypress: o
168.2931 	Level WAIT 	25
169.2928 	Level RINSE 	25
171.2734 	DATA 	Keypress: o
171.2763 	Level jitter 	25
175.2680 	Level finished 	25
175.2695 	DATA 	Keypress: o
175.2708 	DATA 	Keypress: o
175.2935 	Level image=tasty.jpg 	25
176.2706 	DATA 	Keypress: o
176.2936 	Level injecting via pump at address 1 	25
182.2732 	DATA 	Keypress: o
182.2744 	DATA 	Keypress: o
182.2755 	DATA 	Keypress: o
182.2948 	Level WAIT 	25
183.2945 	Level RINSE 	25
185.2730 	DATA 	Keypress: o
185.2946 	Level jitter 	25
191.2680 	Level finished 	25
191.2695 	DATA 	Keypress: o
191.2709 	DATA 	Keypress: o
191.2720 	DATA 	Keypress: o
191.2953 	Level image=waterlogo.jpg 	25
192.2704 	DATA 	Keypress: o
192.2959 	Level injecting via pump at address 0 	25
198.2731 	DATA 	Keypress: o
198.2743 	DATA 	Keypress: o
198.2753 	DATA 	Keypress: o
198.2961 	Level WAIT 	25
199.2963 	Level RINSE 	25
201.2726 	DATA 	Keypress: o
201.2965 	Level jitter 	25
204.2680 	Level finished 	25
204.2693 	DATA 	Keypress: o
204.2703 	DATA 	Keypress: o
204.2973 	Level image=tasty.jpg 	25
205.2970 	Level injecting via pump at address 1 	25
211.2740 	DATA 	Keypress: o
211.2754 	DATA 	Keypress: o
211.2765 	DATA 	Keypress: o
211.2978 	Level WAIT 	25
212.2709 	DATA 	Keypress: o
212.2811 	Level RINSE 	25
214.2727 	DATA 	Keypress: o
214.2984 	Level jitter 	25
217.2680 	Level finished 	25
217.2692 	DATA 	Keypress: o
217.2984 	Level image=waterlogo.jpg 	25
218.2706 	DATA 	Keypress: o
218.2819 	Level injecting via pump at address 0 	25
224.2737 	DATA 	Keypress: o
224.2749 	DATA 	Keypress: o
224.2759 	DATA 	Keypress: o
224.2996 	Level WAIT 	25
225.2826 	Level RINSE 	25
227.2725 	DATA 	Keypress: o
227.2996 	Level jitter 	25
231.2680 	Level finished 	25
231.2693 	DATA 	Keypress: o
231.2703 	DATA 	Keypress: o
231.2834 	Level image=waterlogo.jpg 	25
232.2705 	DATA 	Keypress: o
232.2836 	Level injecting via pump at address 0 	25
238.2728 	DATA 	Keypress: o
238.2740 	DATA 	Keypress: o
238.2749 	DATA 	Keypress: o
238.3013 	Level WAIT 	25
239.2843 	Level RINSE 	25
241.2728 	DATA 	Keypress: o
241.2845 	Level jitter 	25
246.2680 	Level finished 	25
246.2696 	DATA 	Keypress: o
246.2710 	DATA 	Keypress: o
246.2721 	DATA 	Keypress: o
246.2851 	Level image=tasty.jpg 	25
247.2853 	Level injecting via pump at address 1 	25
253.2738 	DATA 	Keypress: o
253.2751 	DATA 	Keypress: o
253.2763 	DATA 	Keypress: o
253.2863 	Level WAIT 	25
254.2705 	DATA 	Keypress: o
254.2860 	Level RINSE 	25
256.2737 	DATA 	Keypress: o
256.2862 	Level jitter 	25
259.2680 	Level finished 	25
259.2692 	DATA 	Keypress: o
259.2866 	Level image=waterlogo.jpg 	25
260.2705 	DATA 	Keypress: o
260.2868 	Level injecting via pump at address 0 	25
266.2732 	DATA 	Keypress: o
266.2746 	DATA 	Keypress: o
266.2757 	DATA 	Keypress: o
266.2878 	Level WAIT 	25
267.2876 	Level RINSE 	25
269.2726 	DATA 	Keypress: o
269.2878 	Level jitter 	25
277.2680 	Level finished 	25
277.2694 	DATA 	Keypress: o
277.2707 	DATA 	Keypress: o
277.2719 	DATA 	Keypress: o
277.2731 	DATA 	Keypress: o
277.3058 	Level image=tasty.jpg 	25
278.2708 	DATA 	Keypress: o
278.2890 	Level injecting via pump at address 1 	25
284.2734 	DATA 	Keypress: o
284.2747 	DATA 	Keypress: o
284.2759 	DATA 	Keypress: o
284.2895 	Level WAIT 	25
285.2897 	Level RINSE 	25
287.2736 	DATA 	Keypress: o
287.2903 	Level jitter 	25
289.2680 	Level finished 	25
289.2691 	DATA 	Keypress: o
289.2901 	Level image=tasty.jpg 	25
290.2708 	DATA 	Keypress: o
290.2902 	Level injecting via pump at address 1 	25
296.2741 	DATA 	Keypress: o
296.2755 	DATA 	Keypress: o
296.2770 	DATA 	Keypress: o
296.2909 	Level WAIT 	25
297.2914 	Level RINSE 	25
299.2726 	DATA 	Keypress: o
299.2747 	Level jitter 	25
301.2680 	Level finished 	25
301.2693 	DATA 	Keypress: o
301.2915 	Level image=waterlogo.jpg 	25
302.2705 	DATA 	Keypress: o
302.2917 	Level injecting via pump at address 0 	25
308.2732 	DATA 	Keypress: o
308.2744 	DATA 	Keypress: o
308.2754 	DATA 	Keypress: o
308.2928 	Level WAIT 	25
309.2758 	Level RINSE 	25
311.2728 	DATA 	Keypress: o
311.2927 	Level jitter 	25
314.2680 	Level finished 	25
314.2693 	DATA 	Keypress: o
314.2705 	DATA 	Keypress: o
314.2931 	Level image=tasty.jpg 	25
315.2766 	Level injecting via pump at address 1 	25
321.2734 	DATA 	Keypress: o
321.2746 	DATA 	Keypress: o
321.2756 	DATA 	Keypress: o
321.2943 	Level WAIT 	25
322.2705 	DATA 	Keypress: o
322.2941 	Level RINSE 	25
324.2728 	DATA 	Keypress: o
324.2775 	Level jitter 	25
326.2680 	Level finished 	25
326.2692 	DATA 	Keypress: o
326.2945 	Level image=waterlogo.jpg 	25
327.2779 	Level injecting via pump at address 0 	25
333.2737 	DATA 	Keypress: o
333.2751 	DATA 	Keypress: o
333.2761 	DATA 	Keypress: o
333.2957 	Level WAIT 	25
334.2706 	DATA 	Keypress: o
334.2788 	Level RINSE 	25
336.2731 	DATA 	Keypress: o
336.2957 	Level jitter 	25
337.2680 	Level finished 	25
337.2791 	Level image=tasty.jpg 	25
338.2709 	DATA 	Keypress: o
338.2960 	Level injecting via pump at address 1 	25
344.2734 	DATA 	Keypress: o
344.2747 	DATA 	Keypress: o
344.2760 	DATA 	Keypress: o
344.2969 	Level WAIT 	25
345.2967 	Level RINSE 	25
347.2730 	DATA 	Keypress: o
347.2969 	Level jitter 	25
349.2680 	Level finished 	25
349.2692 	DATA 	Keypress: o
349.2805 	Level image=waterlogo.jpg 	25
350.2708 	DATA 	Keypress: o
350.2806 	Level injecting via pump at address 0 	25
356.2739 	DATA 	Keypress: o
356.2752 	DATA 	Keypress: o
356.2764 	DATA 	Keypress: o
356.2984 	Level WAIT 	25
357.2815 	Level RINSE 	25
359.2725 	DATA 	Keypress: o
359.2816 	Level jitter 	25
365.2680 	Level finished 	25
365.2694 	DATA 	Keypress: o
365.2706 	DATA 	Keypress: o
365.2716 	DATA 	Keypress: o
365.2824 	Level image=waterlogo.jpg 	25
366.2705 	DATA 	Keypress: o
366.2829 	Level injecting via pump at address 0 	25
372.2733 	DATA 	Keypress: o
372.2746 	DATA 	Keypress: o
372.2759 	DATA 	Keypress: o
372.2998 	Level WAIT 	25
373.2833 	Level RINSE 	25
375.2731 	DATA 	Keypress: o
375.2836 	Level jitter 	25
378.2680 	Level finished 	25
378.2694 	DATA 	Keypress: o
378.2707 	DATA 	Keypress: o
378.2843 	Level image=tasty.jpg 	25
379.2840 	Level injecting via pump at address 1 	25
385.2734 	DATA 	Keypress: o
385.2747 	DATA 	Keypress: o
385.2758 	DATA 	Keypress: o
385.3013 	Level WAIT 	25
386.2706 	DATA 	Keypress: o
386.3014 	Level RINSE 	25
388.2732 	DATA 	Keypress: o
388.2855 	Level jitter 	25
396.2680 	Level finished 	25
396.2693 	DATA 	Keypress: o
396.2705 	DATA 	Keypress: o
396.2717 	DATA 	Keypress: o
396.2729 	DATA 	Keypress: o
396.2860 	Level image=waterlogo.jpg 	25
397.2861 	Level injecting via pump at address 0 	25
403.2734 	DATA 	Keypress: o
403.2750 	DATA 	Keypress: o
403.2761 	DATA 	Keypress: o
403.2872 	Level WAIT 	25
404.2707 	DATA 	Keypress: o
404.2870 	Level RINSE 	25
406.2733 	DATA 	Keypress: o
406.2871 	Level jitter 	25
411.2680 	Level finished 	25
411.2695 	DATA 	Keypress: o
411.2708 	DATA 	Keypress: o
411.3044 	Level image=tasty.jpg 	25
412.2708 	DATA 	Keypress: o
412.2879 	Level injecting via pump at address 1 	25
418.2737 	DATA 	Keypress: o
418.2749 	DATA 	Keypress: o
418.2759 	DATA 	Keypress: o
418.2890 	Level WAIT 	25
419.2887 	Level RINSE 	25
421.2730 	DATA 	Keypress: o
421.2889 	Level jitter 	25
425.2680 	Level finished 	25
425.2694 	DATA 	Keypress: o
425.2707 	DATA 	Keypress: o
425.2894 	Level image=waterlogo.jpg 	25
426.2705 	DATA 	Keypress: o
426.2895 	Level injecting via pump at address 0 	25
432.2739 	DATA 	Keypress: o
432.2753 	DATA 	Keypress: o
432.2764 	DATA 	Keypress: o
432.2906 	Level WAIT 	25
433.2904 	Level RINSE 	25
435.2728 	DATA 	Keypress: o
435.2905 	Level jitter 	25
440.2680 	Level finished 	25
440.2694 	DATA 	Keypress: o
440.2708 	DATA 	Keypress: o
440.2720 	DATA 	Keypress: o
440.2911 	Level image=tasty.jpg 	25
441.2913 	Level injecting via pump at address 1 	25
447.2732 	DATA 	Keypress: o
447.2746 	DATA 	Keypress: o
447.2758 	DATA 	Keypress: o
447.2924 	Level WAIT 	25
448.2705 	DATA 	Keypress: o
448.2922 	Level RINSE 	25
450.2734 	DATA 	Keypress: o
450.2923 	Level jitter 	25
459.2680 	Level finished 	25
459.2693 	DATA 	Keypress: o
459.2707 	DATA 	Keypress: o
459.2718 	DATA 	Keypress: o
459.2729 	DATA 	Keypress: o
459.2938 	Level image=waterlogo.jpg 	25
460.2705 	DATA 	Keypress: o
460.2936 	Level injecting via pump at address 0 	25
466.2733 	DATA 	Keypress: o
466.2744 	DATA 	Keypress: o
466.2754 	DATA 	Keypress: o
466.2942 	Level WAIT 	25
467.2943 	Level RINSE 	25
469.2727 	DATA 	Keypress: o
469.2949 	Level jitter 	25
478.2680 	Level finished 	25
478.2693 	DATA 	Keypress: o
478.2708 	DATA 	Keypress: o
478.2720 	DATA 	Keypress: o
478.2732 	DATA 	Keypress: o
478.2744 	DATA 	Keypress: o
478.2956 	Level image=tasty.jpg 	25
479.2961 	Level injecting via pump at address 1 	25
485.2730 	DATA 	Keypress: o
485.2742 	DATA 	Keypress: o
485.2754 	DATA 	Keypress: o
485.2964 	Level WAIT 	25
486.2705 	DATA 	Keypress: o
486.2965 	Level RINSE 	25
488.2729 	DATA 	Keypress: o
488.2967 	Level jitter 	25
492.2680 	Level finished 	25
492.2693 	DATA 	Keypress: o
492.2705 	DATA 	Keypress: o
492.2977 	Level image=tasty.jpg 	25
493.2807 	Level injecting via pump at address 1 	25
499.2736 	DATA 	Keypress: o
499.2749 	DATA 	Keypress: o
499.2761 	DATA 	Keypress: o
499.2813 	Level WAIT 	25
500.2705 	DATA 	Keypress: o
500.2815 	Level RINSE 	25
502.2731 	DATA 	Keypress: o
502.2821 	Level jitter 	25
505.2680 	Level finished 	25
505.2692 	DATA 	Keypress: o
505.2821 	Level image=waterlogo.jpg 	25
506.2706 	DATA 	Keypress: o
506.2822 	Level injecting via pump at address 0 	25
512.2737 	DATA 	Keypress: o
512.2747 	DATA 	Keypress: o
512.2757 	DATA 	Keypress: o
512.2833 	Level WAIT 	25
513.2830 	Level RINSE 	25
515.2726 	DATA 	Keypress: o
515.2833 	Level jitter 	25
516.2680 	Level finished 	25
516.2693 	DATA 	Keypress: o
516.3001 	Level image=tasty.jpg 	25
517.3002 	Level injecting via pump at address 1 	25
523.2734 	DATA 	Keypress: o
523.2745 	DATA 	Keypress: o
523.2754 	DATA 	Keypress: o
523.3012 	Level WAIT 	25
524.2705 	DATA 	Keypress: o
524.2843 	Level RINSE 	25
526.2731 	DATA 	Keypress: o
526.3011 	Level jitter 	25
533.2680 	Level finished 	25
533.2695 	DATA 	Keypress: o
533.2707 	DATA 	Keypress: o
533.2718 	DATA 	Keypress: o
533.2857 	Level image=waterlogo.jpg 	25
534.2707 	DATA 	Keypress: o
534.2855 	Level injecting via pump at address 0 	25
540.2735 	DATA 	Keypress: o
540.2749 	DATA 	Keypress: o
540.2761 	DATA 	Keypress: o
540.2861 	Level WAIT 	25
541.2863 	Level RINSE 	25
543.2744 	DATA 	Keypress: o
543.2869 	Level jitter 	25
544.2680 	Level finished 	25
544.2692 	DATA 	Keypress: o
544.2867 	Level image=tasty.jpg 	25
545.2869 	Level injecting via pump at address 1 	25
551.2735 	DATA 	Keypress: o
551.2749 	DATA 	Keypress: o
551.2762 	DATA 	Keypress: o
551.3041 	Level WAIT 	25
552.2704 	DATA 	Keypress: o
552.2875 	Level RINSE 	25
554.2726 	DATA 	Keypress: o
554.2882 	Level jitter 	25
560.2680 	Level finished 	25
